Memory used: 1.29297
Loading 32-bit binary file: pnnl.bin, numvertices: 2361670, numEdges: 191402826
File read time: 2.47074
Before allocating graph
Allocated graph: 0x1641550
Processing edges for vertex: 0, range(0, 166)
Processing edges for vertex: 100000, range(58444108, 58444133)
Processing edges for vertex: 200000, range(84376057, 84376362)
Processing edges for vertex: 300000, range(106069163, 106069503)
Processing edges for vertex: 400000, range(122097114, 122097513)
Processing edges for vertex: 500000, range(135096418, 135096483)
Processing edges for vertex: 600000, range(146097008, 146097061)
Processing edges for vertex: 700000, range(155415410, 155415531)
Processing edges for vertex: 800000, range(162595900, 162595989)
Processing edges for vertex: 900000, range(168508374, 168508464)
Processing edges for vertex: 1000000, range(173203321, 173203442)
Processing edges for vertex: 1100000, range(176935100, 176935110)
Processing edges for vertex: 1200000, range(179876260, 179876270)
Processing edges for vertex: 1300000, range(182240081, 182240092)
Processing edges for vertex: 1400000, range(184224513, 184224521)
Processing edges for vertex: 1500000, range(185795161, 185795170)
Processing edges for vertex: 1600000, range(187104124, 187104130)
Processing edges for vertex: 1700000, range(188148455, 188148461)
Processing edges for vertex: 1800000, range(188997836, 188997842)
Processing edges for vertex: 1900000, range(189691532, 189691535)
Processing edges for vertex: 2000000, range(190254658, 190254660)
Processing edges for vertex: 2100000, range(190705814, 190705822)
Processing edges for vertex: 2200000, range(191052755, 191052764)
Processing edges for vertex: 2300000, range(191302662, 191302663)
Graph populate time: 12.5769
Total I/O time: 15.0476
Running on: 16 threads
Loaded graph from file: pnnl.bin
Memory used: 2949.09
Maximum degree for the graph: 5520
Iteration: 0, conflicts: 33
Iteration: 1, conflicts: 3
Iteration: 2, conflicts: 1
Iteration: 3, conflicts: 0
Total number of colors used: 1190
Total number of conflicts overall: 0
Number of rounds: 4
SUCCESS: No conflicts found
Coloring time: 0.958025
Memory used: 2949.09
Number of reordered colors: 1014
End position for large colors: 0, node count: 550559, largest: 550559
Node count cutoff: 472334
e_xx: 1.2299e+08, a2_x: 6.08116e+11, currMod: 0.642554
e_xx: 1.6532e+08, a2_x: 5.85478e+11, currMod: 0.863711
e_xx: 1.72279e+08, a2_x: 5.76397e+11, currMod: 0.900069
e_xx: 1.74932e+08, a2_x: 5.5048e+11, currMod: 0.913933
e_xx: 1.76234e+08, a2_x: 5.34077e+11, currMod: 0.920734
currMod: 0.913933, prevMod: -1
Louvain time: 10.1793
numClusters: 204061, time: 0.188986
Next phase: 2
Memory used: 2949.09
End Structure 1296896 204061 vs 2796148
Build next level time: 6.21794
Iteration time: 16.5913
Memory used: 2949.09
e_xx: 1.5808e+08, a2_x: 5.34015e+11, currMod: 0.912464
e_xx: 1.66714e+08, a2_x: 3.22048e+11, currMod: 0.96231
e_xx: 1.68252e+08, a2_x: 2.62322e+11, currMod: 0.971188
e_xx: 1.68644e+08, a2_x: 2.15656e+11, currMod: 0.973453
e_xx: 1.68779e+08, a2_x: 2.21592e+11, currMod: 0.974233
e_xx: 1.68884e+08, a2_x: 2.13213e+11, currMod: 0.974843
e_xx: 1.68931e+08, a2_x: 2.37546e+11, currMod: 0.975113
e_xx: 1.68972e+08, a2_x: 2.18284e+11, currMod: 0.97535
e_xx: 1.68983e+08, a2_x: 2.45799e+11, currMod: 0.975413
e_xx: 1.69007e+08, a2_x: 2.12996e+11, currMod: 0.975552
e_xx: 1.69004e+08, a2_x: 2.38412e+11, currMod: 0.975535
currMod: 0.975552, prevMod: 0.913933
Louvain time: 3.6521
numClusters: 43829, time: 0.024711
Next phase: 3
Memory used: 2949.09
End Structure 381243 43829 vs 806312
Build next level time: 0.364171
Iteration time: 4.04186
Memory used: 2949.09
e_xx: 1.69007e+08, a2_x: 2.13407e+11, currMod: 0.97552
e_xx: 1.69819e+08, a2_x: 7.50259e+10, currMod: 0.980214
e_xx: 1.69921e+08, a2_x: 3.25129e+10, currMod: 0.9808
e_xx: 1.69958e+08, a2_x: 6.66432e+10, currMod: 0.981015
e_xx: 1.6996e+08, a2_x: 7.49238e+10, currMod: 0.981025
e_xx: 1.69963e+08, a2_x: 7.93074e+10, currMod: 0.981042
e_xx: 1.69968e+08, a2_x: 8.76289e+10, currMod: 0.981072
e_xx: 1.69965e+08, a2_x: 7.87599e+10, currMod: 0.981054
currMod: 0.981072, prevMod: 0.975552
Louvain time: 1.20542
numClusters: 24241, time: 0.007567
Next phase: 4
Memory used: 2949.09
End Structure 151702 24241 vs 327645
Build next level time: 0.084894
Iteration time: 1.29849
Memory used: 2949.09
e_xx: 1.69968e+08, a2_x: 8.63412e+10, currMod: 0.981065
e_xx: 1.70041e+08, a2_x: 4.18606e+10, currMod: 0.981485
e_xx: 1.70044e+08, a2_x: 1.72378e+10, currMod: 0.981505
e_xx: 1.70046e+08, a2_x: 2.47034e+10, currMod: 0.981514
e_xx: 1.70045e+08, a2_x: 2.80777e+10, currMod: 0.98151
currMod: 0.981514, prevMod: 0.981072
Louvain time: 0.39654
numClusters: 22185, time: 0.005319
Next phase: 5
Memory used: 2949.09
End Structure 86036 22185 vs 194257
Build next level time: 0.048925
Iteration time: 0.451182
Memory used: 2949.09
e_xx: 1.70046e+08, a2_x: 2.25549e+10, currMod: 0.981513
e_xx: 1.70048e+08, a2_x: 2.15144e+10, currMod: 0.981527
e_xx: 1.70048e+08, a2_x: 1.87088e+10, currMod: 0.981526
currMod: 0.981527, prevMod: 0.981514
Louvain time: 0.154729
numClusters: 22071, time: 0.004927
Next phase: 6
Memory used: 2949.09
End Structure 79260 22071 vs 180591
Build next level time: 0.041182
Iteration time: 0.201119
Memory used: 2949.09
e_xx: 1.70048e+08, a2_x: 2.22107e+10, currMod: 0.981527
e_xx: 1.70048e+08, a2_x: 1.62629e+10, currMod: 0.981528
currMod: 0.981527, prevMod: 0.981527
Louvain time: 0.08983
numClusters: 22071, time: 0.004913
Maximum degree for the graph: 564
Iteration: 0, conflicts: 0
Total number of colors used: 173
Total number of conflicts overall: 0
Number of rounds: 1
SUCCESS: No conflicts found
Number of reordered colors: 169
End position for large colors: 0, node count: 21608, largest: 21608
Node count cutoff: 4415
e_xx: 1.70048e+08, a2_x: 2.12168e+10, currMod: 0.981528
End Structure 75190 22042 vs 172422
currMod: 0.981527, prevMod: 0.981527
numClusters: 22042
Total iteration time: 22.5839

Loop 0 <line-37> - Time 0.000915 Total energy consumed 0.069870 Ave. Power Level 76.361240
	-------- Loop 0 (sock 1 consumed 0.050490, avg temp 40.500000, final temp 40 ) ------
	-------- Loop 0 (sock 2 consumed 0.019380, avg temp 36.000000, final temp 36 ) ------
Loop 1 <line-54> - Time 0.000388 Total energy consumed 0.000000 Ave. Power Level 0.000000
	-------- Loop 1 (sock 1 consumed 0.000000, avg temp 40.500000, final temp 40 ) ------
	-------- Loop 1 (sock 2 consumed 0.000000, avg temp 35.000000, final temp 36 ) ------
Loop 2 <line-76> - Time 0.000444 Total energy consumed 0.000000 Ave. Power Level 0.000000
	-------- Loop 2 (sock 1 consumed 0.000000, avg temp 40.500000, final temp 40 ) ------
	-------- Loop 2 (sock 2 consumed 0.000000, avg temp 35.000000, final temp 36 ) ------
Loop 3 <line-170> - Time 0.545710 Total energy consumed 27.255525 Ave. Power Level 49.945058
	-------- Loop 3 (sock 1 consumed 14.519850, avg temp 40.800000, final temp 40 ) ------
	-------- Loop 3 (sock 2 consumed 12.735675, avg temp 34.400000, final temp 36 ) ------
Loop 4 <line-192> - Time 0.000333 Total energy consumed 0.000000 Ave. Power Level 0.000000
	-------- Loop 4 (sock 1 consumed 0.000000, avg temp 40.500000, final temp 40 ) ------
	-------- Loop 4 (sock 2 consumed 0.000000, avg temp 35.000000, final temp 36 ) ------
Loop 5 <line-222> - Time 0.237951 Total energy consumed 11.567925 Ave. Power Level 48.614711
	-------- Loop 5 (sock 1 consumed 5.029215, avg temp 40.000000, final temp 40 ) ------
	-------- Loop 5 (sock 2 consumed 6.538710, avg temp 35.500000, final temp 36 ) ------
Loop 6 <line-115> - Time 0.002110 Total energy consumed 0.064890 Ave. Power Level 30.759240
	-------- Loop 6 (sock 1 consumed 0.045735, avg temp 40.333333, final temp 40 ) ------
	-------- Loop 6 (sock 2 consumed 0.019155, avg temp 35.833333, final temp 36 ) ------
Loop 7 <line-334> - Time 0.506546 Total energy consumed 22.120800 Ave. Power Level 43.669840
	-------- Loop 7 (sock 1 consumed 11.231670, avg temp 40.428571, final temp 40 ) ------
	-------- Loop 7 (sock 2 consumed 10.889130, avg temp 35.857143, final temp 36 ) ------
Loop 8 <line-353> - Time 0.000476 Total energy consumed 0.000000 Ave. Power Level 0.000000
	-------- Loop 8 (sock 1 consumed 0.000000, avg temp 40.428571, final temp 40 ) ------
	-------- Loop 8 (sock 2 consumed 0.000000, avg temp 35.857143, final temp 36 ) ------
Loop 9 <line-375> - Time 0.000890 Total energy consumed 0.000000 Ave. Power Level 0.000000
	-------- Loop 9 (sock 1 consumed 0.000000, avg temp 40.428571, final temp 40 ) ------
	-------- Loop 9 (sock 2 consumed 0.000000, avg temp 35.857143, final temp 36 ) ------
Loop 10 <line-85> - Time 0.213007 Total energy consumed 14.862795 Ave. Power Level 69.776147
	-------- Loop 10 (sock 1 consumed 7.482390, avg temp 40.750000, final temp 40 ) ------
	-------- Loop 10 (sock 2 consumed 7.380405, avg temp 36.000000, final temp 36 ) ------
Loop 11 <line-131> - Time 0.004170 Total energy consumed 0.259170 Ave. Power Level 62.152748
	-------- Loop 11 (sock 1 consumed 0.148845, avg temp 41.000000, final temp 40 ) ------
	-------- Loop 11 (sock 2 consumed 0.110325, avg temp 36.000000, final temp 36 ) ------
Loop 12 <line-167> - Time 0.180492 Total energy consumed 13.198185 Ave. Power Level 73.123543
	-------- Loop 12 (sock 1 consumed 6.684180, avg temp 41.000000, final temp 41 ) ------
	-------- Loop 12 (sock 2 consumed 6.514005, avg temp 36.000000, final temp 36 ) ------
Loop 13 <line-213> - Time 5.980902 Total energy consumed 434.545350 Ave. Power Level 72.655488
	-------- Loop 13 (sock 1 consumed 220.848480, avg temp 42.666667, final temp 41 ) ------
	-------- Loop 13 (sock 2 consumed 213.696870, avg temp 37.166667, final temp 37 ) ------
Loop 14 <line-99> - Time 6.343953 Total energy consumed 301.218870 Ave. Power Level 47.481260
	-------- Loop 14 (sock 1 consumed 152.724180, avg temp 40.500000, final temp 40 ) ------
	-------- Loop 14 (sock 2 consumed 148.494690, avg temp 36.000000, final temp 36 ) ------
Loop 15 <line-160> - Time 0.122485 Total energy consumed 6.383220 Ave. Power Level 52.114215
	-------- Loop 15 (sock 1 consumed 3.179490, avg temp 40.666667, final temp 41 ) ------
	-------- Loop 15 (sock 2 consumed 3.203730, avg temp 36.000000, final temp 36 ) ------
Loop 16 <line-269> - Time 5.471695 Total energy consumed 236.960985 Ave. Power Level 43.306690
	-------- Loop 16 (sock 1 consumed 117.265485, avg temp 40.034483, final temp 40 ) ------
	-------- Loop 16 (sock 2 consumed 119.695500, avg temp 35.931034, final temp 36 ) ------
Loop 17 <line-300> - Time 0.002724 Total energy consumed 0.000000 Ave. Power Level 0.000000
	-------- Loop 17 (sock 1 consumed 0.000000, avg temp 40.041667, final temp 40 ) ------
	-------- Loop 17 (sock 2 consumed 0.000000, avg temp 35.875000, final temp 36 ) ------
Loop 18 <line-147> - Time 0.000421 Total energy consumed 0.000000 Ave. Power Level 0.000000
	-------- Loop 18 (sock 1 consumed 0.000000, avg temp 40.000000, final temp 40 ) ------
	-------- Loop 18 (sock 2 consumed 0.000000, avg temp 36.000000, final temp 36 ) ------
Application(EnergyStat) - Time 38.753297 Total energy consumed 1874.421315 Ave. Power Level 48.368048 Final Temperature socket 1 : 41  socket 2 : 36 
