Memory used: 1.28906
Loading 32-bit binary file: pnnl.bin, numvertices: 2361670, numEdges: 191402826
File read time: 2.45265
Before allocating graph
Allocated graph: 0x12fb550
Processing edges for vertex: 0, range(0, 166)
Processing edges for vertex: 100000, range(58444108, 58444133)
Processing edges for vertex: 200000, range(84376057, 84376362)
Processing edges for vertex: 300000, range(106069163, 106069503)
Processing edges for vertex: 400000, range(122097114, 122097513)
Processing edges for vertex: 500000, range(135096418, 135096483)
Processing edges for vertex: 600000, range(146097008, 146097061)
Processing edges for vertex: 700000, range(155415410, 155415531)
Processing edges for vertex: 800000, range(162595900, 162595989)
Processing edges for vertex: 900000, range(168508374, 168508464)
Processing edges for vertex: 1000000, range(173203321, 173203442)
Processing edges for vertex: 1100000, range(176935100, 176935110)
Processing edges for vertex: 1200000, range(179876260, 179876270)
Processing edges for vertex: 1300000, range(182240081, 182240092)
Processing edges for vertex: 1400000, range(184224513, 184224521)
Processing edges for vertex: 1500000, range(185795161, 185795170)
Processing edges for vertex: 1600000, range(187104124, 187104130)
Processing edges for vertex: 1700000, range(188148455, 188148461)
Processing edges for vertex: 1800000, range(188997836, 188997842)
Processing edges for vertex: 1900000, range(189691532, 189691535)
Processing edges for vertex: 2000000, range(190254658, 190254660)
Processing edges for vertex: 2100000, range(190705814, 190705822)
Processing edges for vertex: 2200000, range(191052755, 191052764)
Processing edges for vertex: 2300000, range(191302662, 191302663)
Graph populate time: 12.5872
Total I/O time: 15.0399
Running on: 16 threads
Loaded graph from file: pnnl.bin
Memory used: 2949.09
Maximum degree for the graph: 5520
Iteration: 0, conflicts: 31
Iteration: 1, conflicts: 2
Iteration: 2, conflicts: 0
Total number of colors used: 1196
Total number of conflicts overall: 0
Number of rounds: 3
SUCCESS: No conflicts found
Coloring time: 0.992686
Memory used: 2949.09
Number of reordered colors: 1030
End position for large colors: 0, node count: 550469, largest: 550469
Node count cutoff: 472334
e_xx: 1.16085e+08, a2_x: 6.13463e+11, currMod: 0.606481
e_xx: 1.58192e+08, a2_x: 5.94544e+11, currMod: 0.826472
e_xx: 1.65893e+08, a2_x: 5.3552e+11, currMod: 0.866709
e_xx: 1.6883e+08, a2_x: 5.46628e+11, currMod: 0.882051
e_xx: 1.70081e+08, a2_x: 5.15692e+11, currMod: 0.88859
currMod: 0.882051, prevMod: -1
Louvain time: 10.2981
numClusters: 203942, time: 0.169707
Next phase: 2
Memory used: 2949.09
End Structure 1272535 203942 vs 2747123
Build next level time: 4.97165
Iteration time: 15.4447
Memory used: 2949.09
e_xx: 1.70081e+08, a2_x: 5.15692e+11, currMod: 0.88859
e_xx: 1.79907e+08, a2_x: 3.54359e+11, currMod: 0.93993
e_xx: 1.86075e+08, a2_x: 2.86274e+11, currMod: 0.972155
e_xx: 1.82824e+08, a2_x: 2.61068e+11, currMod: 0.955171
currMod: 0.972155, prevMod: 0.882051
Louvain time: 1.51381
numClusters: 68592, time: 0.032022
Next phase: 3
Memory used: 2949.09
End Structure 701521 68592 vs 1471579
Build next level time: 0.265794
Iteration time: 1.81246
Memory used: 2949.09
e_xx: 1.86074e+08, a2_x: 2.84425e+11, currMod: 0.972189
e_xx: 1.87492e+08, a2_x: 1.24323e+11, currMod: 0.979599
e_xx: 1.8775e+08, a2_x: 5.82729e+10, currMod: 0.98095
e_xx: 1.87828e+08, a2_x: 1.07725e+11, currMod: 0.981358
e_xx: 1.87846e+08, a2_x: 9.25515e+10, currMod: 0.981449
e_xx: 1.87853e+08, a2_x: 7.36082e+10, currMod: 0.981487
e_xx: 1.87853e+08, a2_x: 8.26792e+10, currMod: 0.981488
currMod: 0.981487, prevMod: 0.972155
Louvain time: 1.51107
numClusters: 25677, time: 0.009383
Next phase: 4
Memory used: 2949.09
End Structure 188659 25677 vs 402995
Build next level time: 0.151664
Iteration time: 1.67265
Memory used: 2949.09
e_xx: 1.87853e+08, a2_x: 7.33513e+10, currMod: 0.981457
e_xx: 1.88085e+08, a2_x: -6.20277e+09, currMod: 0.982674
e_xx: 1.88107e+08, a2_x: -2.13345e+10, currMod: 0.982788
e_xx: 1.88109e+08, a2_x: -1.25222e+10, currMod: 0.982797
e_xx: 1.88108e+08, a2_x: -3.62925e+10, currMod: 0.982795
currMod: 0.982797, prevMod: 0.981487
Louvain time: 0.437457
numClusters: 22238, time: 0.005542
Next phase: 5
Memory used: 2949.09
End Structure 92316 22238 vs 206870
Build next level time: 0.050447
Iteration time: 0.493895
Memory used: 2949.09
e_xx: 1.88109e+08, a2_x: -1.07496e+10, currMod: 0.982793
e_xx: 1.88129e+08, a2_x: -1.60056e+10, currMod: 0.9829
e_xx: 1.88128e+08, a2_x: -1.29039e+10, currMod: 0.982893
currMod: 0.9829, prevMod: 0.982797
Louvain time: 0.159276
numClusters: 22012, time: 0.004934
Next phase: 6
Memory used: 2949.09
End Structure 77661 22012 vs 177334
Build next level time: 0.035935
Iteration time: 0.200415
Memory used: 2949.09
e_xx: 1.88129e+08, a2_x: -1.91685e+10, currMod: 0.9829
e_xx: 1.8813e+08, a2_x: -2.44373e+10, currMod: 0.982902
e_xx: 1.8813e+08, a2_x: -2.42191e+10, currMod: 0.982902
currMod: 0.982902, prevMod: 0.9829
Louvain time: 0.131924
numClusters: 21977, time: 0.004896
Next phase: 7
Memory used: 2949.09
End Structure 75451 21977 vs 172879
Build next level time: 0.035313
Iteration time: 0.172406
Memory used: 2949.09
e_xx: 1.8813e+08, a2_x: -2.15641e+10, currMod: 0.982902
e_xx: 1.8813e+08, a2_x: -2.58616e+10, currMod: 0.982902
currMod: 0.982902, prevMod: 0.982902
Louvain time: 0.085977
numClusters: 21977, time: 0.00489
Maximum degree for the graph: 472
Iteration: 0, conflicts: 0
Total number of colors used: 184
Total number of conflicts overall: 0
Number of rounds: 1
SUCCESS: No conflicts found
Number of reordered colors: 181
End position for large colors: 0, node count: 21547, largest: 21547
Node count cutoff: 4396
e_xx: 1.8813e+08, a2_x: -2.06926e+10, currMod: 0.982904
e_xx: 1.88135e+08, a2_x: -1.14651e+10, currMod: 0.982932
e_xx: 1.88167e+08, a2_x: -6.38475e+09, currMod: 0.983096
e_xx: 1.88424e+08, a2_x: 8.01723e+09, currMod: 0.984437
e_xx: 1.88419e+08, a2_x: 7.17155e+09, currMod: 0.984412
End Structure 19250 21752 vs 60252
currMod: 0.984437, prevMod: 0.982902
numClusters: 21752
Total iteration time: 19.7965

Loop 0 <line-37> - Time 0.002252 Total energy consumed 0.125205 Ave. Power Level 55.609198
	-------- Loop 0 (sock 1 consumed 0.080160, avg temp 40.000000, final temp 40 ) ------
	-------- Loop 0 (sock 2 consumed 0.045045, avg temp 36.000000, final temp 36 ) ------
Loop 1 <line-54> - Time 0.000387 Total energy consumed 0.000000 Ave. Power Level 0.000000
	-------- Loop 1 (sock 1 consumed 0.000000, avg temp 40.500000, final temp 40 ) ------
	-------- Loop 1 (sock 2 consumed 0.000000, avg temp 35.500000, final temp 36 ) ------
Loop 2 <line-76> - Time 0.000406 Total energy consumed 0.000000 Ave. Power Level 0.000000
	-------- Loop 2 (sock 1 consumed 0.000000, avg temp 40.500000, final temp 40 ) ------
	-------- Loop 2 (sock 2 consumed 0.000000, avg temp 35.500000, final temp 36 ) ------
Loop 3 <line-170> - Time 0.586273 Total energy consumed 28.676520 Ave. Power Level 48.913286
	-------- Loop 3 (sock 1 consumed 14.607735, avg temp 40.000000, final temp 40 ) ------
	-------- Loop 3 (sock 2 consumed 14.068785, avg temp 36.000000, final temp 36 ) ------
Loop 4 <line-192> - Time 0.000344 Total energy consumed 0.000000 Ave. Power Level 0.000000
	-------- Loop 4 (sock 1 consumed 0.000000, avg temp 40.000000, final temp 40 ) ------
	-------- Loop 4 (sock 2 consumed 0.000000, avg temp 36.000000, final temp 36 ) ------
Loop 5 <line-222> - Time 0.232726 Total energy consumed 11.464065 Ave. Power Level 49.259832
	-------- Loop 5 (sock 1 consumed 5.327055, avg temp 40.000000, final temp 40 ) ------
	-------- Loop 5 (sock 2 consumed 6.137010, avg temp 36.000000, final temp 36 ) ------
Loop 6 <line-115> - Time 0.002383 Total energy consumed 0.063705 Ave. Power Level 26.734299
	-------- Loop 6 (sock 1 consumed 0.044460, avg temp 40.142857, final temp 41 ) ------
	-------- Loop 6 (sock 2 consumed 0.019245, avg temp 35.285714, final temp 35 ) ------
Loop 7 <line-334> - Time 0.488696 Total energy consumed 21.920205 Ave. Power Level 44.854491
	-------- Loop 7 (sock 1 consumed 11.466495, avg temp 40.250000, final temp 41 ) ------
	-------- Loop 7 (sock 2 consumed 10.453710, avg temp 35.500000, final temp 36 ) ------
Loop 8 <line-353> - Time 0.000547 Total energy consumed 0.000000 Ave. Power Level 0.000000
	-------- Loop 8 (sock 1 consumed 0.000000, avg temp 40.250000, final temp 41 ) ------
	-------- Loop 8 (sock 2 consumed 0.000000, avg temp 35.500000, final temp 36 ) ------
Loop 9 <line-375> - Time 0.001134 Total energy consumed 0.070290 Ave. Power Level 61.965220
	-------- Loop 9 (sock 1 consumed 0.035520, avg temp 40.500000, final temp 41 ) ------
	-------- Loop 9 (sock 2 consumed 0.034770, avg temp 35.500000, final temp 36 ) ------
Loop 10 <line-85> - Time 0.211304 Total energy consumed 15.006660 Ave. Power Level 71.019199
	-------- Loop 10 (sock 1 consumed 7.535685, avg temp 40.750000, final temp 41 ) ------
	-------- Loop 10 (sock 2 consumed 7.470975, avg temp 36.000000, final temp 36 ) ------
Loop 11 <line-131> - Time 0.004312 Total energy consumed 0.364830 Ave. Power Level 84.613898
	-------- Loop 11 (sock 1 consumed 0.184095, avg temp 40.500000, final temp 40 ) ------
	-------- Loop 11 (sock 2 consumed 0.180735, avg temp 36.000000, final temp 36 ) ------
Loop 12 <line-167> - Time 0.294595 Total energy consumed 20.669190 Ave. Power Level 70.161262
	-------- Loop 12 (sock 1 consumed 10.489980, avg temp 41.500000, final temp 41 ) ------
	-------- Loop 12 (sock 2 consumed 10.179210, avg temp 36.000000, final temp 36 ) ------
Loop 13 <line-213> - Time 6.102613 Total energy consumed 442.321695 Ave. Power Level 72.480705
	-------- Loop 13 (sock 1 consumed 225.209025, avg temp 41.800000, final temp 41 ) ------
	-------- Loop 13 (sock 2 consumed 217.112670, avg temp 36.900000, final temp 36 ) ------
Loop 14 <line-99> - Time 5.041441 Total energy consumed 236.097615 Ave. Power Level 46.831375
	-------- Loop 14 (sock 1 consumed 121.273065, avg temp 40.428571, final temp 40 ) ------
	-------- Loop 14 (sock 2 consumed 114.824550, avg temp 35.428571, final temp 36 ) ------
Loop 15 <line-160> - Time 0.129183 Total energy consumed 7.117560 Ave. Power Level 55.096710
	-------- Loop 15 (sock 1 consumed 3.597405, avg temp 40.428571, final temp 41 ) ------
	-------- Loop 15 (sock 2 consumed 3.520155, avg temp 35.714286, final temp 36 ) ------
Loop 16 <line-269> - Time 3.809868 Total energy consumed 164.758080 Ave. Power Level 43.245091
	-------- Loop 16 (sock 1 consumed 80.438535, avg temp 40.000000, final temp 40 ) ------
	-------- Loop 16 (sock 2 consumed 84.319545, avg temp 35.500000, final temp 36 ) ------
Loop 17 <line-300> - Time 0.001497 Total energy consumed 0.000000 Ave. Power Level 0.000000
	-------- Loop 17 (sock 1 consumed 0.000000, avg temp 40.000000, final temp 40 ) ------
	-------- Loop 17 (sock 2 consumed 0.000000, avg temp 35.500000, final temp 35 ) ------
Loop 18 <line-147> - Time 0.000437 Total energy consumed 0.000000 Ave. Power Level 0.000000
	-------- Loop 18 (sock 1 consumed 0.000000, avg temp 40.000000, final temp 40 ) ------
	-------- Loop 18 (sock 2 consumed 0.000000, avg temp 36.000000, final temp 36 ) ------
Application(EnergyStat) - Time 35.983862 Total energy consumed 1756.121265 Ave. Power Level 48.803024 Final Temperature socket 1 : 40  socket 2 : 36 
