Memory used: 1.29297
Loading 32-bit binary file: pnnl.bin, numvertices: 2361670, numEdges: 191402826
File read time: 2.41766
Before allocating graph
Allocated graph: 0x1204550
Processing edges for vertex: 0, range(0, 166)
Processing edges for vertex: 100000, range(58444108, 58444133)
Processing edges for vertex: 200000, range(84376057, 84376362)
Processing edges for vertex: 300000, range(106069163, 106069503)
Processing edges for vertex: 400000, range(122097114, 122097513)
Processing edges for vertex: 500000, range(135096418, 135096483)
Processing edges for vertex: 600000, range(146097008, 146097061)
Processing edges for vertex: 700000, range(155415410, 155415531)
Processing edges for vertex: 800000, range(162595900, 162595989)
Processing edges for vertex: 900000, range(168508374, 168508464)
Processing edges for vertex: 1000000, range(173203321, 173203442)
Processing edges for vertex: 1100000, range(176935100, 176935110)
Processing edges for vertex: 1200000, range(179876260, 179876270)
Processing edges for vertex: 1300000, range(182240081, 182240092)
Processing edges for vertex: 1400000, range(184224513, 184224521)
Processing edges for vertex: 1500000, range(185795161, 185795170)
Processing edges for vertex: 1600000, range(187104124, 187104130)
Processing edges for vertex: 1700000, range(188148455, 188148461)
Processing edges for vertex: 1800000, range(188997836, 188997842)
Processing edges for vertex: 1900000, range(189691532, 189691535)
Processing edges for vertex: 2000000, range(190254658, 190254660)
Processing edges for vertex: 2100000, range(190705814, 190705822)
Processing edges for vertex: 2200000, range(191052755, 191052764)
Processing edges for vertex: 2300000, range(191302662, 191302663)
Graph populate time: 12.5683
Total I/O time: 14.986
Running on: 16 threads
Loaded graph from file: pnnl.bin
Memory used: 2949.09
Maximum degree for the graph: 5520
Iteration: 0, conflicts: 29
Iteration: 1, conflicts: 3
Iteration: 2, conflicts: 0
Total number of colors used: 1195
Total number of conflicts overall: 0
Number of rounds: 3
SUCCESS: No conflicts found
Coloring time: 0.931954
Memory used: 2949.09
Number of reordered colors: 1031
End position for large colors: 0, node count: 550529, largest: 550529
Node count cutoff: 472334
e_xx: 1.12885e+08, a2_x: 5.86475e+11, currMod: 0.58976
e_xx: 1.56713e+08, a2_x: 6.43149e+11, currMod: 0.818744
e_xx: 1.64223e+08, a2_x: 5.62202e+11, currMod: 0.857979
e_xx: 1.6726e+08, a2_x: 5.68756e+11, currMod: 0.873846
e_xx: 1.68827e+08, a2_x: 5.18371e+11, currMod: 0.882037
currMod: 0.873846, prevMod: -1
Louvain time: 10.4915
numClusters: 202288, time: 0.170182
Next phase: 2
Memory used: 2949.09
End Structure 1223386 202288 vs 2646884
Build next level time: 5.22679
Iteration time: 15.8938
Memory used: 2949.09
e_xx: 1.68827e+08, a2_x: 5.18371e+11, currMod: 0.882037
e_xx: 1.8042e+08, a2_x: 2.88145e+11, currMod: 0.942612
e_xx: 1.86193e+08, a2_x: 2.79699e+11, currMod: 0.972773
e_xx: 1.82918e+08, a2_x: 2.67546e+11, currMod: 0.955665
currMod: 0.972773, prevMod: 0.873846
Louvain time: 1.43939
numClusters: 66430, time: 0.031909
Next phase: 3
Memory used: 2949.09
End Structure 641159 66430 vs 1348682
Build next level time: 0.288379
Iteration time: 1.76067
Memory used: 2949.09
e_xx: 1.86193e+08, a2_x: 2.80938e+11, currMod: 0.972804
e_xx: 1.87525e+08, a2_x: 1.01656e+11, currMod: 0.979769
e_xx: 1.87713e+08, a2_x: 8.92771e+10, currMod: 0.980756
e_xx: 1.87819e+08, a2_x: 9.73701e+10, currMod: 0.981306
e_xx: 1.8778e+08, a2_x: 6.94669e+10, currMod: 0.981103
currMod: 0.981306, prevMod: 0.972773
Louvain time: 1.08495
numClusters: 26541, time: 0.009491
Next phase: 4
Memory used: 2949.09
End Structure 191114 26541 vs 408767
Build next level time: 0.136439
Iteration time: 1.23139
Memory used: 2949.09
e_xx: 1.87819e+08, a2_x: 9.70225e+10, currMod: 0.98128
e_xx: 1.88118e+08, a2_x: 8.71819e+10, currMod: 0.982841
e_xx: 1.8813e+08, a2_x: 5.33465e+10, currMod: 0.982906
e_xx: 1.88133e+08, a2_x: 5.72436e+10, currMod: 0.98292
e_xx: 1.88133e+08, a2_x: 2.91883e+10, currMod: 0.982923
e_xx: 1.88136e+08, a2_x: 5.35195e+10, currMod: 0.982937
e_xx: 1.88133e+08, a2_x: 2.12347e+10, currMod: 0.982924
currMod: 0.982937, prevMod: 0.981306
Louvain time: 0.6109
numClusters: 22200, time: 0.00567
Next phase: 5
Memory used: 2949.09
End Structure 89392 22200 vs 200984
Build next level time: 0.054355
Iteration time: 0.671451
Memory used: 2949.09
e_xx: 1.88136e+08, a2_x: 5.37967e+10, currMod: 0.982932
e_xx: 1.88143e+08, a2_x: 4.9471e+08, currMod: 0.982971
e_xx: 1.88143e+08, a2_x: 7.51173e+09, currMod: 0.982971
currMod: 0.982971, prevMod: 0.982937
Louvain time: 0.151306
numClusters: 22013, time: 0.004935
Next phase: 6
Memory used: 2949.09
End Structure 77760 22013 vs 177533
Build next level time: 0.035927
Iteration time: 0.192471
Memory used: 2949.09
e_xx: 1.88143e+08, a2_x: 2.87308e+09, currMod: 0.982971
e_xx: 1.88143e+08, a2_x: 6.67367e+09, currMod: 0.982974
e_xx: 1.88143e+08, a2_x: 6.74881e+09, currMod: 0.982974
currMod: 0.982974, prevMod: 0.982971
Louvain time: 0.129358
numClusters: 21973, time: 0.004892
Next phase: 7
Memory used: 2949.09
End Structure 74300 21973 vs 170573
Build next level time: 0.036469
Iteration time: 0.171008
Memory used: 2949.09
e_xx: 1.88143e+08, a2_x: 6.67367e+09, currMod: 0.982974
e_xx: 1.88143e+08, a2_x: 8.52069e+09, currMod: 0.982974
currMod: 0.982974, prevMod: 0.982974
Louvain time: 0.083632
numClusters: 21973, time: 0.004876
Maximum degree for the graph: 466
Iteration: 0, conflicts: 0
Total number of colors used: 183
Total number of conflicts overall: 0
Number of rounds: 1
SUCCESS: No conflicts found
Number of reordered colors: 183
End position for large colors: 0, node count: 21548, largest: 21548
Node count cutoff: 4395
e_xx: 1.88143e+08, a2_x: 8.52069e+09, currMod: 0.982974
End Structure 74004 21969 vs 169977
currMod: 0.982974, prevMod: 0.982974
numClusters: 21969
Total iteration time: 19.9207

Loop 0 <line-37> - Time 0.000816 Total energy consumed 0.000000 Ave. Power Level 0.000000
	-------- Loop 0 (sock 1 consumed 0.000000, avg temp 40.000000, final temp 40 ) ------
	-------- Loop 0 (sock 2 consumed 0.000000, avg temp 35.000000, final temp 35 ) ------
Loop 1 <line-54> - Time 0.000398 Total energy consumed 0.000000 Ave. Power Level 0.000000
	-------- Loop 1 (sock 1 consumed 0.000000, avg temp 40.000000, final temp 41 ) ------
	-------- Loop 1 (sock 2 consumed 0.000000, avg temp 34.500000, final temp 34 ) ------
Loop 2 <line-76> - Time 0.000384 Total energy consumed 0.000000 Ave. Power Level 0.000000
	-------- Loop 2 (sock 1 consumed 0.000000, avg temp 40.000000, final temp 41 ) ------
	-------- Loop 2 (sock 2 consumed 0.000000, avg temp 34.500000, final temp 34 ) ------
Loop 3 <line-170> - Time 0.547697 Total energy consumed 27.317640 Ave. Power Level 49.877283
	-------- Loop 3 (sock 1 consumed 14.678760, avg temp 40.000000, final temp 40 ) ------
	-------- Loop 3 (sock 2 consumed 12.638880, avg temp 35.000000, final temp 35 ) ------
Loop 4 <line-192> - Time 0.000349 Total energy consumed 0.000000 Ave. Power Level 0.000000
	-------- Loop 4 (sock 1 consumed 0.000000, avg temp 40.000000, final temp 40 ) ------
	-------- Loop 4 (sock 2 consumed 0.000000, avg temp 35.000000, final temp 35 ) ------
Loop 5 <line-222> - Time 0.210557 Total energy consumed 10.801680 Ave. Power Level 51.300601
	-------- Loop 5 (sock 1 consumed 5.562810, avg temp 39.500000, final temp 40 ) ------
	-------- Loop 5 (sock 2 consumed 5.238870, avg temp 35.500000, final temp 35 ) ------
Loop 6 <line-115> - Time 0.002315 Total energy consumed 0.082755 Ave. Power Level 35.745262
	-------- Loop 6 (sock 1 consumed 0.044310, avg temp 40.000000, final temp 40 ) ------
	-------- Loop 6 (sock 2 consumed 0.038445, avg temp 35.285714, final temp 35 ) ------
Loop 7 <line-334> - Time 0.489303 Total energy consumed 21.936150 Ave. Power Level 44.831438
	-------- Loop 7 (sock 1 consumed 11.743770, avg temp 40.125000, final temp 41 ) ------
	-------- Loop 7 (sock 2 consumed 10.192380, avg temp 35.250000, final temp 35 ) ------
Loop 8 <line-353> - Time 0.000533 Total energy consumed 0.000000 Ave. Power Level 0.000000
	-------- Loop 8 (sock 1 consumed 0.000000, avg temp 40.125000, final temp 41 ) ------
	-------- Loop 8 (sock 2 consumed 0.000000, avg temp 35.250000, final temp 35 ) ------
Loop 9 <line-375> - Time 0.000975 Total energy consumed 0.000000 Ave. Power Level 0.000000
	-------- Loop 9 (sock 1 consumed 0.000000, avg temp 40.125000, final temp 41 ) ------
	-------- Loop 9 (sock 2 consumed 0.000000, avg temp 35.250000, final temp 35 ) ------
Loop 10 <line-85> - Time 0.209101 Total energy consumed 14.752725 Ave. Power Level 70.553192
	-------- Loop 10 (sock 1 consumed 7.437915, avg temp 40.750000, final temp 41 ) ------
	-------- Loop 10 (sock 2 consumed 7.314810, avg temp 35.500000, final temp 35 ) ------
Loop 11 <line-131> - Time 0.004285 Total energy consumed 0.258150 Ave. Power Level 60.248893
	-------- Loop 11 (sock 1 consumed 0.148695, avg temp 41.000000, final temp 41 ) ------
	-------- Loop 11 (sock 2 consumed 0.109455, avg temp 35.500000, final temp 35 ) ------
Loop 12 <line-167> - Time 0.292857 Total energy consumed 20.441970 Ave. Power Level 69.801958
	-------- Loop 12 (sock 1 consumed 10.370055, avg temp 40.500000, final temp 40 ) ------
	-------- Loop 12 (sock 2 consumed 10.071915, avg temp 35.000000, final temp 35 ) ------
Loop 13 <line-213> - Time 6.177811 Total energy consumed 445.562580 Ave. Power Level 72.123046
	-------- Loop 13 (sock 1 consumed 226.388610, avg temp 42.166667, final temp 41 ) ------
	-------- Loop 13 (sock 2 consumed 219.173970, avg temp 36.833333, final temp 36 ) ------
Loop 14 <line-99> - Time 5.332893 Total energy consumed 250.908915 Ave. Power Level 47.049306
	-------- Loop 14 (sock 1 consumed 121.548645, avg temp 40.714286, final temp 41 ) ------
	-------- Loop 14 (sock 2 consumed 129.360270, avg temp 35.142857, final temp 36 ) ------
Loop 15 <line-160> - Time 0.135519 Total energy consumed 7.286820 Ave. Power Level 53.769566
	-------- Loop 15 (sock 1 consumed 3.547290, avg temp 40.571429, final temp 41 ) ------
	-------- Loop 15 (sock 2 consumed 3.739530, avg temp 35.714286, final temp 36 ) ------
Loop 16 <line-269> - Time 3.471540 Total energy consumed 150.278715 Ave. Power Level 43.288775
	-------- Loop 16 (sock 1 consumed 74.094810, avg temp 39.958333, final temp 40 ) ------
	-------- Loop 16 (sock 2 consumed 76.183905, avg temp 34.958333, final temp 34 ) ------
Loop 17 <line-300> - Time 0.001300 Total energy consumed 0.000000 Ave. Power Level 0.000000
	-------- Loop 17 (sock 1 consumed 0.000000, avg temp 39.833333, final temp 40 ) ------
	-------- Loop 17 (sock 2 consumed 0.000000, avg temp 35.055556, final temp 35 ) ------
Loop 18 <line-147> - Time 0.000424 Total energy consumed 0.000000 Ave. Power Level 0.000000
	-------- Loop 18 (sock 1 consumed 0.000000, avg temp 40.000000, final temp 40 ) ------
	-------- Loop 18 (sock 2 consumed 0.000000, avg temp 35.000000, final temp 35 ) ------
Application(EnergyStat) - Time 35.988156 Total energy consumed 1761.702270 Ave. Power Level 48.952279 Final Temperature socket 1 : 40  socket 2 : 35 
