Memory used: 1.29688
Loading 32-bit binary file: pnnl.bin, numvertices: 2361670, numEdges: 191402826
File read time: 2.47867
Before allocating graph
Allocated graph: 0x21fc550
Processing edges for vertex: 0, range(0, 166)
Processing edges for vertex: 100000, range(58444108, 58444133)
Processing edges for vertex: 200000, range(84376057, 84376362)
Processing edges for vertex: 300000, range(106069163, 106069503)
Processing edges for vertex: 400000, range(122097114, 122097513)
Processing edges for vertex: 500000, range(135096418, 135096483)
Processing edges for vertex: 600000, range(146097008, 146097061)
Processing edges for vertex: 700000, range(155415410, 155415531)
Processing edges for vertex: 800000, range(162595900, 162595989)
Processing edges for vertex: 900000, range(168508374, 168508464)
Processing edges for vertex: 1000000, range(173203321, 173203442)
Processing edges for vertex: 1100000, range(176935100, 176935110)
Processing edges for vertex: 1200000, range(179876260, 179876270)
Processing edges for vertex: 1300000, range(182240081, 182240092)
Processing edges for vertex: 1400000, range(184224513, 184224521)
Processing edges for vertex: 1500000, range(185795161, 185795170)
Processing edges for vertex: 1600000, range(187104124, 187104130)
Processing edges for vertex: 1700000, range(188148455, 188148461)
Processing edges for vertex: 1800000, range(188997836, 188997842)
Processing edges for vertex: 1900000, range(189691532, 189691535)
Processing edges for vertex: 2000000, range(190254658, 190254660)
Processing edges for vertex: 2100000, range(190705814, 190705822)
Processing edges for vertex: 2200000, range(191052755, 191052764)
Processing edges for vertex: 2300000, range(191302662, 191302663)
Graph populate time: 12.5809
Total I/O time: 15.0596
Running on: 16 threads
Loaded graph from file: pnnl.bin
Memory used: 2949.1
Maximum degree for the graph: 5520
Iteration: 0, conflicts: 57
Iteration: 1, conflicts: 15
Iteration: 2, conflicts: 5
Iteration: 3, conflicts: 3
Iteration: 4, conflicts: 2
Iteration: 5, conflicts: 1
Iteration: 6, conflicts: 0
Total number of colors used: 1192
Total number of conflicts overall: 0
Number of rounds: 7
SUCCESS: No conflicts found
Coloring time: 0.953922
Memory used: 2949.1
Number of reordered colors: 1011
End position for large colors: 0, node count: 550498, largest: 550498
Node count cutoff: 472334
e_xx: 1.16883e+08, a2_x: 6.74497e+11, currMod: 0.610648
e_xx: 1.63626e+08, a2_x: 5.73857e+11, currMod: 0.854863
e_xx: 1.7101e+08, a2_x: 5.38434e+11, currMod: 0.893441
e_xx: 1.73815e+08, a2_x: 5.40665e+11, currMod: 0.908094
e_xx: 1.75324e+08, a2_x: 5.07616e+11, currMod: 0.91598
currMod: 0.908094, prevMod: -1
Louvain time: 10.2662
numClusters: 204352, time: 0.170631
Next phase: 2
Memory used: 2949.1
End Structure 1278048 204352 vs 2758441
Build next level time: 5.45092
Iteration time: 15.8927
Memory used: 2949.1
e_xx: 1.59383e+08, a2_x: 5.0754e+11, currMod: 0.90838
e_xx: 1.69114e+08, a2_x: 3.42832e+11, currMod: 0.963844
e_xx: 1.70107e+08, a2_x: 2.97916e+11, currMod: 0.969508
e_xx: 1.70423e+08, a2_x: 2.65017e+11, currMod: 0.971311
e_xx: 1.70515e+08, a2_x: 2.32481e+11, currMod: 0.971834
e_xx: 1.70604e+08, a2_x: 2.65399e+11, currMod: 0.972343
e_xx: 1.70596e+08, a2_x: 2.43916e+11, currMod: 0.972298
currMod: 0.972343, prevMod: 0.908094
Louvain time: 2.58759
numClusters: 54515, time: 0.025354
Next phase: 3
Memory used: 2949.1
End Structure 554752 54515 vs 1164000
Build next level time: 0.281839
Iteration time: 2.89585
Memory used: 2949.1
e_xx: 1.70604e+08, a2_x: 2.64422e+11, currMod: 0.972322
e_xx: 1.71713e+08, a2_x: 1.21236e+11, currMod: 0.978648
e_xx: 1.71895e+08, a2_x: 1.3683e+11, currMod: 0.979684
e_xx: 1.71959e+08, a2_x: 8.58408e+10, currMod: 0.980048
e_xx: 1.71967e+08, a2_x: 7.22889e+10, currMod: 0.980093
e_xx: 1.7198e+08, a2_x: 8.41526e+10, currMod: 0.980167
e_xx: 1.71974e+08, a2_x: 7.07062e+10, currMod: 0.980133
currMod: 0.980167, prevMod: 0.972343
Louvain time: 1.25463
numClusters: 25134, time: 0.008513
Next phase: 4
Memory used: 2949.1
End Structure 171904 25134 vs 368942
Build next level time: 0.122237
Iteration time: 1.38597
Memory used: 2949.1
e_xx: 1.7198e+08, a2_x: 8.38297e+10, currMod: 0.980153
e_xx: 1.72223e+08, a2_x: 1.02582e+10, currMod: 0.98154
e_xx: 1.72231e+08, a2_x: 1.11244e+10, currMod: 0.981589
e_xx: 1.72233e+08, a2_x: -7.86248e+09, currMod: 0.981598
e_xx: 1.72232e+08, a2_x: -2.34995e+09, currMod: 0.981596
currMod: 0.981598, prevMod: 0.980167
Louvain time: 0.427563
numClusters: 22172, time: 0.005459
Next phase: 5
Memory used: 2949.1
End Structure 90649 22172 vs 203470
Build next level time: 0.045684
Iteration time: 0.479238
Memory used: 2949.1
e_xx: 1.72233e+08, a2_x: -7.58969e+09, currMod: 0.981596
e_xx: 1.72268e+08, a2_x: 1.3615e+08, currMod: 0.981797
e_xx: 1.7227e+08, a2_x: -1.29318e+10, currMod: 0.981809
e_xx: 1.72269e+08, a2_x: -1.51005e+10, currMod: 0.981802
currMod: 0.981809, prevMod: 0.981598
Louvain time: 0.201407
numClusters: 21973, time: 0.004935
Next phase: 6
Memory used: 2949.1
End Structure 72695 21973 vs 167363
Build next level time: 0.040345
Iteration time: 0.246993
Memory used: 2949.1
e_xx: 1.7227e+08, a2_x: -1.13975e+10, currMod: 0.981808
e_xx: 1.7227e+08, a2_x: -9.64697e+09, currMod: 0.981809
currMod: 0.981809, prevMod: 0.981809
Louvain time: 0.084345
numClusters: 21973, time: 0.004862
Maximum degree for the graph: 465
Iteration: 0, conflicts: 0
Total number of colors used: 177
Total number of conflicts overall: 0
Number of rounds: 1
SUCCESS: No conflicts found
Number of reordered colors: 176
End position for large colors: 0, node count: 21552, largest: 21552
Node count cutoff: 4395
e_xx: 1.72305e+08, a2_x: -2.40976e+10, currMod: 0.982007
e_xx: 1.72302e+08, a2_x: -2.13872e+10, currMod: 0.981989
End Structure 39451 21837 vs 100739
currMod: 0.982007, prevMod: 0.981809
numClusters: 21837
Total iteration time: 20.9008

Loop 0 <line-37> - Time 0.000781 Total energy consumed 0.000000 Ave. Power Level 0.000000
	-------- Loop 0 (sock 1 consumed 0.000000, avg temp 41.000000, final temp 42 ) ------
	-------- Loop 0 (sock 2 consumed 0.000000, avg temp 35.000000, final temp 36 ) ------
Loop 1 <line-54> - Time 0.000391 Total energy consumed 0.000000 Ave. Power Level 0.000000
	-------- Loop 1 (sock 1 consumed 0.000000, avg temp 40.500000, final temp 41 ) ------
	-------- Loop 1 (sock 2 consumed 0.000000, avg temp 34.500000, final temp 36 ) ------
Loop 2 <line-76> - Time 0.000399 Total energy consumed 0.000000 Ave. Power Level 0.000000
	-------- Loop 2 (sock 1 consumed 0.000000, avg temp 40.500000, final temp 41 ) ------
	-------- Loop 2 (sock 2 consumed 0.000000, avg temp 34.500000, final temp 36 ) ------
Loop 3 <line-170> - Time 0.548685 Total energy consumed 27.705900 Ave. Power Level 50.495092
	-------- Loop 3 (sock 1 consumed 14.910345, avg temp 40.125000, final temp 41 ) ------
	-------- Loop 3 (sock 2 consumed 12.795555, avg temp 36.000000, final temp 36 ) ------
Loop 4 <line-192> - Time 0.000340 Total energy consumed 0.000000 Ave. Power Level 0.000000
	-------- Loop 4 (sock 1 consumed 0.000000, avg temp 40.500000, final temp 41 ) ------
	-------- Loop 4 (sock 2 consumed 0.000000, avg temp 36.000000, final temp 36 ) ------
Loop 5 <line-222> - Time 0.232438 Total energy consumed 11.441490 Ave. Power Level 49.223802
	-------- Loop 5 (sock 1 consumed 5.197485, avg temp 40.500000, final temp 41 ) ------
	-------- Loop 5 (sock 2 consumed 6.244005, avg temp 35.500000, final temp 36 ) ------
Loop 6 <line-115> - Time 0.002215 Total energy consumed 0.103455 Ave. Power Level 46.715552
	-------- Loop 6 (sock 1 consumed 0.044565, avg temp 40.666667, final temp 41 ) ------
	-------- Loop 6 (sock 2 consumed 0.058890, avg temp 35.166667, final temp 35 ) ------
Loop 7 <line-334> - Time 0.508174 Total energy consumed 23.123505 Ave. Power Level 45.503157
	-------- Loop 7 (sock 1 consumed 11.558130, avg temp 41.000000, final temp 42 ) ------
	-------- Loop 7 (sock 2 consumed 11.565375, avg temp 35.571429, final temp 36 ) ------
Loop 8 <line-353> - Time 0.000471 Total energy consumed 0.000000 Ave. Power Level 0.000000
	-------- Loop 8 (sock 1 consumed 0.000000, avg temp 41.000000, final temp 42 ) ------
	-------- Loop 8 (sock 2 consumed 0.000000, avg temp 35.571429, final temp 36 ) ------
Loop 9 <line-375> - Time 0.000947 Total energy consumed 0.000000 Ave. Power Level 0.000000
	-------- Loop 9 (sock 1 consumed 0.000000, avg temp 41.000000, final temp 42 ) ------
	-------- Loop 9 (sock 2 consumed 0.000000, avg temp 35.571429, final temp 36 ) ------
Loop 10 <line-85> - Time 0.209215 Total energy consumed 14.808255 Ave. Power Level 70.780207
	-------- Loop 10 (sock 1 consumed 7.479960, avg temp 41.500000, final temp 42 ) ------
	-------- Loop 10 (sock 2 consumed 7.328295, avg temp 36.000000, final temp 36 ) ------
Loop 11 <line-131> - Time 0.004136 Total energy consumed 0.291750 Ave. Power Level 70.542801
	-------- Loop 11 (sock 1 consumed 0.148140, avg temp 41.500000, final temp 41 ) ------
	-------- Loop 11 (sock 2 consumed 0.143610, avg temp 36.000000, final temp 36 ) ------
Loop 12 <line-167> - Time 0.193321 Total energy consumed 13.453965 Ave. Power Level 69.593957
	-------- Loop 12 (sock 1 consumed 6.789615, avg temp 41.000000, final temp 41 ) ------
	-------- Loop 12 (sock 2 consumed 6.664350, avg temp 36.000000, final temp 36 ) ------
Loop 13 <line-213> - Time 6.064998 Total energy consumed 438.568065 Ave. Power Level 72.311328
	-------- Loop 13 (sock 1 consumed 223.721385, avg temp 42.142857, final temp 42 ) ------
	-------- Loop 13 (sock 2 consumed 214.846680, avg temp 36.714286, final temp 36 ) ------
Loop 14 <line-99> - Time 5.523882 Total energy consumed 258.775500 Ave. Power Level 46.846670
	-------- Loop 14 (sock 1 consumed 134.240385, avg temp 40.666667, final temp 41 ) ------
	-------- Loop 14 (sock 2 consumed 124.535115, avg temp 35.000000, final temp 35 ) ------
Loop 15 <line-160> - Time 0.117076 Total energy consumed 6.336630 Ave. Power Level 54.124081
	-------- Loop 15 (sock 1 consumed 3.243870, avg temp 41.000000, final temp 41 ) ------
	-------- Loop 15 (sock 2 consumed 3.092760, avg temp 35.500000, final temp 36 ) ------
Loop 16 <line-269> - Time 4.528042 Total energy consumed 194.762295 Ave. Power Level 43.012473
	-------- Loop 16 (sock 1 consumed 94.995480, avg temp 40.440000, final temp 42 ) ------
	-------- Loop 16 (sock 2 consumed 99.766815, avg temp 35.520000, final temp 35 ) ------
Loop 17 <line-300> - Time 0.002110 Total energy consumed 0.040005 Ave. Power Level 18.958206
	-------- Loop 17 (sock 1 consumed 0.018540, avg temp 40.200000, final temp 41 ) ------
	-------- Loop 17 (sock 2 consumed 0.021465, avg temp 35.650000, final temp 35 ) ------
Loop 18 <line-147> - Time 0.000435 Total energy consumed 0.000000 Ave. Power Level 0.000000
	-------- Loop 18 (sock 1 consumed 0.000000, avg temp 42.000000, final temp 42 ) ------
	-------- Loop 18 (sock 2 consumed 0.000000, avg temp 36.000000, final temp 36 ) ------
Application(EnergyStat) - Time 37.059354 Total energy consumed 1797.500760 Ave. Power Level 48.503294 Final Temperature socket 1 : 41  socket 2 : 36 
