Memory used: 1.29297
Loading 32-bit binary file: pnnl.bin, numvertices: 2361670, numEdges: 191402826
File read time: 2.47398
Before allocating graph
Allocated graph: 0xfbf550
Processing edges for vertex: 0, range(0, 166)
Processing edges for vertex: 100000, range(58444108, 58444133)
Processing edges for vertex: 200000, range(84376057, 84376362)
Processing edges for vertex: 300000, range(106069163, 106069503)
Processing edges for vertex: 400000, range(122097114, 122097513)
Processing edges for vertex: 500000, range(135096418, 135096483)
Processing edges for vertex: 600000, range(146097008, 146097061)
Processing edges for vertex: 700000, range(155415410, 155415531)
Processing edges for vertex: 800000, range(162595900, 162595989)
Processing edges for vertex: 900000, range(168508374, 168508464)
Processing edges for vertex: 1000000, range(173203321, 173203442)
Processing edges for vertex: 1100000, range(176935100, 176935110)
Processing edges for vertex: 1200000, range(179876260, 179876270)
Processing edges for vertex: 1300000, range(182240081, 182240092)
Processing edges for vertex: 1400000, range(184224513, 184224521)
Processing edges for vertex: 1500000, range(185795161, 185795170)
Processing edges for vertex: 1600000, range(187104124, 187104130)
Processing edges for vertex: 1700000, range(188148455, 188148461)
Processing edges for vertex: 1800000, range(188997836, 188997842)
Processing edges for vertex: 1900000, range(189691532, 189691535)
Processing edges for vertex: 2000000, range(190254658, 190254660)
Processing edges for vertex: 2100000, range(190705814, 190705822)
Processing edges for vertex: 2200000, range(191052755, 191052764)
Processing edges for vertex: 2300000, range(191302662, 191302663)
Graph populate time: 12.5651
Total I/O time: 15.0392
Running on: 16 threads
Loaded graph from file: pnnl.bin
Memory used: 2949.09
Maximum degree for the graph: 5520
Iteration: 0, conflicts: 90
Iteration: 1, conflicts: 36
Iteration: 2, conflicts: 26
Iteration: 3, conflicts: 18
Iteration: 4, conflicts: 12
Iteration: 5, conflicts: 7
Iteration: 6, conflicts: 4
Iteration: 7, conflicts: 3
Iteration: 8, conflicts: 2
Iteration: 9, conflicts: 1
Iteration: 10, conflicts: 0
Total number of colors used: 1194
Total number of conflicts overall: 0
Number of rounds: 11
SUCCESS: No conflicts found
Coloring time: 0.9572
Memory used: 2949.09
Number of reordered colors: 1016
End position for large colors: 0, node count: 550537, largest: 550537
Node count cutoff: 472334
e_xx: 1.21878e+08, a2_x: 6.82866e+11, currMod: 0.636742
e_xx: 1.64807e+08, a2_x: 6.03547e+11, currMod: 0.861034
e_xx: 1.72035e+08, a2_x: 5.90189e+11, currMod: 0.898793
e_xx: 1.74959e+08, a2_x: 5.51026e+11, currMod: 0.914075
e_xx: 1.76327e+08, a2_x: 5.50871e+11, currMod: 0.92122
currMod: 0.914075, prevMod: -1
Louvain time: 10.2386
numClusters: 203016, time: 0.167788
Next phase: 2
Memory used: 2949.09
End Structure 1257124 203016 vs 2715457
Build next level time: 6.03219
Iteration time: 16.4435
Memory used: 2949.09
e_xx: 1.58124e+08, a2_x: 5.47694e+11, currMod: 0.912976
e_xx: 1.66776e+08, a2_x: 3.4551e+11, currMod: 0.96294
e_xx: 1.68084e+08, a2_x: 2.54018e+11, currMod: 0.970497
e_xx: 1.68579e+08, a2_x: 2.98813e+11, currMod: 0.973351
e_xx: 1.6867e+08, a2_x: 2.78455e+11, currMod: 0.973881
e_xx: 1.6883e+08, a2_x: 2.76254e+11, currMod: 0.974804
e_xx: 1.68816e+08, a2_x: 2.657e+11, currMod: 0.974723
currMod: 0.974804, prevMod: 0.914075
Louvain time: 2.41854
numClusters: 50123, time: 0.024648
Next phase: 3
Memory used: 2949.09
End Structure 441380 50123 vs 932871
Build next level time: 0.311672
Iteration time: 2.75591
Memory used: 2949.09
e_xx: 1.6883e+08, a2_x: 2.76073e+11, currMod: 0.974775
e_xx: 1.69701e+08, a2_x: 7.46538e+10, currMod: 0.97981
e_xx: 1.69788e+08, a2_x: 6.6562e+10, currMod: 0.980316
e_xx: 1.69859e+08, a2_x: 6.59409e+10, currMod: 0.980722
e_xx: 1.69837e+08, a2_x: 5.31202e+10, currMod: 0.980599
currMod: 0.980722, prevMod: 0.974804
Louvain time: 0.793094
numClusters: 24729, time: 0.008279
Next phase: 4
Memory used: 2949.09
End Structure 159423 24729 vs 343575
Build next level time: 0.114292
Iteration time: 0.916205
Memory used: 2949.09
e_xx: 1.69859e+08, a2_x: 6.30116e+10, currMod: 0.980711
e_xx: 1.6996e+08, a2_x: 3.55777e+10, currMod: 0.981296
e_xx: 1.69969e+08, a2_x: 6.85743e+10, currMod: 0.98135
e_xx: 1.69967e+08, a2_x: 6.14941e+10, currMod: 0.981338
currMod: 0.98135, prevMod: 0.980722
Louvain time: 0.333802
numClusters: 22270, time: 0.00541
Next phase: 5
Memory used: 2949.09
End Structure 96096 22270 vs 214462
Build next level time: 0.049568
Iteration time: 0.389334
Memory used: 2949.09
e_xx: 1.69969e+08, a2_x: 6.84128e+10, currMod: 0.981349
e_xx: 1.69971e+08, a2_x: 3.36061e+10, currMod: 0.981362
e_xx: 1.69971e+08, a2_x: 2.73252e+10, currMod: 0.981361
currMod: 0.981362, prevMod: 0.98135
Louvain time: 0.168115
numClusters: 22079, time: 0.004985
Next phase: 6
Memory used: 2949.09
End Structure 87559 22079 vs 197197
Build next level time: 0.044265
Iteration time: 0.21769
Memory used: 2949.09
e_xx: 1.69971e+08, a2_x: 3.5362e+10, currMod: 0.981362
e_xx: 1.69971e+08, a2_x: 4.13551e+10, currMod: 0.981362
currMod: 0.981362, prevMod: 0.981362
Louvain time: 0.099364
numClusters: 22079, time: 0.004916
Maximum degree for the graph: 569
Iteration: 0, conflicts: 0
Total number of colors used: 183
Total number of conflicts overall: 0
Number of rounds: 1
SUCCESS: No conflicts found
Number of reordered colors: 180
End position for large colors: 0, node count: 21588, largest: 21588
Node count cutoff: 4416
e_xx: 1.69989e+08, a2_x: 2.79021e+10, currMod: 0.981466
e_xx: 1.70083e+08, a2_x: 1.63663e+09, currMod: 0.982005
e_xx: 1.70079e+08, a2_x: 1.72756e+08, currMod: 0.981986
End Structure 31638 21847 vs 85123
currMod: 0.982005, prevMod: 0.981362
numClusters: 21847
Total iteration time: 20.7227

Loop 0 <line-37> - Time 0.000803 Total energy consumed 0.000000 Ave. Power Level 0.000000
	-------- Loop 0 (sock 1 consumed 0.000000, avg temp 40.000000, final temp 40 ) ------
	-------- Loop 0 (sock 2 consumed 0.000000, avg temp 35.500000, final temp 36 ) ------
Loop 1 <line-54> - Time 0.000409 Total energy consumed 0.000000 Ave. Power Level 0.000000
	-------- Loop 1 (sock 1 consumed 0.000000, avg temp 39.500000, final temp 40 ) ------
	-------- Loop 1 (sock 2 consumed 0.000000, avg temp 36.000000, final temp 36 ) ------
Loop 2 <line-76> - Time 0.000379 Total energy consumed 0.000000 Ave. Power Level 0.000000
	-------- Loop 2 (sock 1 consumed 0.000000, avg temp 39.500000, final temp 40 ) ------
	-------- Loop 2 (sock 2 consumed 0.000000, avg temp 36.000000, final temp 36 ) ------
Loop 3 <line-170> - Time 0.551321 Total energy consumed 27.410100 Ave. Power Level 49.717110
	-------- Loop 3 (sock 1 consumed 14.353485, avg temp 40.000000, final temp 40 ) ------
	-------- Loop 3 (sock 2 consumed 13.056615, avg temp 36.000000, final temp 36 ) ------
Loop 4 <line-192> - Time 0.000359 Total energy consumed 0.000000 Ave. Power Level 0.000000
	-------- Loop 4 (sock 1 consumed 0.000000, avg temp 40.000000, final temp 40 ) ------
	-------- Loop 4 (sock 2 consumed 0.000000, avg temp 36.000000, final temp 36 ) ------
Loop 5 <line-222> - Time 0.233042 Total energy consumed 11.499180 Ave. Power Level 49.343912
	-------- Loop 5 (sock 1 consumed 5.184060, avg temp 39.500000, final temp 40 ) ------
	-------- Loop 5 (sock 2 consumed 6.315120, avg temp 36.000000, final temp 36 ) ------
Loop 6 <line-115> - Time 0.002210 Total energy consumed 0.123705 Ave. Power Level 55.987527
	-------- Loop 6 (sock 1 consumed 0.066105, avg temp 39.500000, final temp 40 ) ------
	-------- Loop 6 (sock 2 consumed 0.057600, avg temp 35.500000, final temp 35 ) ------
Loop 7 <line-334> - Time 0.485361 Total energy consumed 21.778245 Ave. Power Level 44.870203
	-------- Loop 7 (sock 1 consumed 11.324445, avg temp 39.714286, final temp 40 ) ------
	-------- Loop 7 (sock 2 consumed 10.453800, avg temp 35.714286, final temp 36 ) ------
Loop 8 <line-353> - Time 0.000607 Total energy consumed 0.000000 Ave. Power Level 0.000000
	-------- Loop 8 (sock 1 consumed 0.000000, avg temp 39.714286, final temp 40 ) ------
	-------- Loop 8 (sock 2 consumed 0.000000, avg temp 35.714286, final temp 36 ) ------
Loop 9 <line-375> - Time 0.000959 Total energy consumed 0.000000 Ave. Power Level 0.000000
	-------- Loop 9 (sock 1 consumed 0.000000, avg temp 39.714286, final temp 40 ) ------
	-------- Loop 9 (sock 2 consumed 0.000000, avg temp 35.714286, final temp 36 ) ------
Loop 10 <line-85> - Time 0.210720 Total energy consumed 14.846955 Ave. Power Level 70.458364
	-------- Loop 10 (sock 1 consumed 7.500900, avg temp 40.250000, final temp 40 ) ------
	-------- Loop 10 (sock 2 consumed 7.346055, avg temp 36.500000, final temp 36 ) ------
Loop 11 <line-131> - Time 0.004432 Total energy consumed 0.366090 Ave. Power Level 82.599167
	-------- Loop 11 (sock 1 consumed 0.185940, avg temp 40.000000, final temp 40 ) ------
	-------- Loop 11 (sock 2 consumed 0.180150, avg temp 36.500000, final temp 36 ) ------
Loop 12 <line-167> - Time 0.294247 Total energy consumed 21.116415 Ave. Power Level 71.764302
	-------- Loop 12 (sock 1 consumed 10.717365, avg temp 40.000000, final temp 40 ) ------
	-------- Loop 12 (sock 2 consumed 10.399050, avg temp 35.500000, final temp 35 ) ------
Loop 13 <line-213> - Time 5.935565 Total energy consumed 431.561445 Ave. Power Level 72.707726
	-------- Loop 13 (sock 1 consumed 219.717435, avg temp 40.750000, final temp 40 ) ------
	-------- Loop 13 (sock 2 consumed 211.844010, avg temp 37.250000, final temp 36 ) ------
Loop 14 <line-99> - Time 6.153519 Total energy consumed 290.298795 Ave. Power Level 47.176065
	-------- Loop 14 (sock 1 consumed 142.787460, avg temp 40.333333, final temp 39 ) ------
	-------- Loop 14 (sock 2 consumed 147.511335, avg temp 35.833333, final temp 36 ) ------
Loop 15 <line-160> - Time 0.120124 Total energy consumed 5.951595 Ave. Power Level 49.545617
	-------- Loop 15 (sock 1 consumed 2.970645, avg temp 40.166667, final temp 40 ) ------
	-------- Loop 15 (sock 2 consumed 2.980950, avg temp 35.500000, final temp 35 ) ------
Loop 16 <line-269> - Time 3.787055 Total energy consumed 164.602665 Ave. Power Level 43.464556
	-------- Loop 16 (sock 1 consumed 81.457035, avg temp 39.666667, final temp 40 ) ------
	-------- Loop 16 (sock 2 consumed 83.145630, avg temp 35.285714, final temp 35 ) ------
Loop 17 <line-300> - Time 0.001809 Total energy consumed 0.000000 Ave. Power Level 0.000000
	-------- Loop 17 (sock 1 consumed 0.000000, avg temp 39.562500, final temp 40 ) ------
	-------- Loop 17 (sock 2 consumed 0.000000, avg temp 35.375000, final temp 35 ) ------
Loop 18 <line-147> - Time 0.000434 Total energy consumed 0.000000 Ave. Power Level 0.000000
	-------- Loop 18 (sock 1 consumed 0.000000, avg temp 40.000000, final temp 40 ) ------
	-------- Loop 18 (sock 2 consumed 0.000000, avg temp 36.000000, final temp 36 ) ------
Application(EnergyStat) - Time 36.887636 Total energy consumed 1794.774765 Ave. Power Level 48.655185 Final Temperature socket 1 : 40  socket 2 : 36 
