Memory used: 1.29297
Loading 32-bit binary file: pnnl.bin, numvertices: 2361670, numEdges: 191402826
File read time: 2.47514
Before allocating graph
Allocated graph: 0xbbf550
Processing edges for vertex: 0, range(0, 166)
Processing edges for vertex: 100000, range(58444108, 58444133)
Processing edges for vertex: 200000, range(84376057, 84376362)
Processing edges for vertex: 300000, range(106069163, 106069503)
Processing edges for vertex: 400000, range(122097114, 122097513)
Processing edges for vertex: 500000, range(135096418, 135096483)
Processing edges for vertex: 600000, range(146097008, 146097061)
Processing edges for vertex: 700000, range(155415410, 155415531)
Processing edges for vertex: 800000, range(162595900, 162595989)
Processing edges for vertex: 900000, range(168508374, 168508464)
Processing edges for vertex: 1000000, range(173203321, 173203442)
Processing edges for vertex: 1100000, range(176935100, 176935110)
Processing edges for vertex: 1200000, range(179876260, 179876270)
Processing edges for vertex: 1300000, range(182240081, 182240092)
Processing edges for vertex: 1400000, range(184224513, 184224521)
Processing edges for vertex: 1500000, range(185795161, 185795170)
Processing edges for vertex: 1600000, range(187104124, 187104130)
Processing edges for vertex: 1700000, range(188148455, 188148461)
Processing edges for vertex: 1800000, range(188997836, 188997842)
Processing edges for vertex: 1900000, range(189691532, 189691535)
Processing edges for vertex: 2000000, range(190254658, 190254660)
Processing edges for vertex: 2100000, range(190705814, 190705822)
Processing edges for vertex: 2200000, range(191052755, 191052764)
Processing edges for vertex: 2300000, range(191302662, 191302663)
Graph populate time: 12.5688
Total I/O time: 15.044
Running on: 16 threads
Loaded graph from file: pnnl.bin
Memory used: 2949.09
Maximum degree for the graph: 5520
Iteration: 0, conflicts: 37
Iteration: 1, conflicts: 7
Iteration: 2, conflicts: 3
Iteration: 3, conflicts: 2
Iteration: 4, conflicts: 1
Iteration: 5, conflicts: 0
Total number of colors used: 1195
Total number of conflicts overall: 0
Number of rounds: 6
SUCCESS: No conflicts found
Coloring time: 1.01401
Memory used: 2949.09
Number of reordered colors: 1011
End position for large colors: 0, node count: 550607, largest: 550607
Node count cutoff: 472334
e_xx: 1.17115e+08, a2_x: 6.27495e+11, currMod: 0.611862
e_xx: 1.58544e+08, a2_x: 6.58021e+11, currMod: 0.828311
e_xx: 1.6548e+08, a2_x: 5.55836e+11, currMod: 0.86455
e_xx: 1.68342e+08, a2_x: 5.74304e+11, currMod: 0.8795
e_xx: 1.7006e+08, a2_x: 5.21813e+11, currMod: 0.88848
currMod: 0.8795, prevMod: -1
Louvain time: 10.3885
numClusters: 204665, time: 0.190275
Next phase: 2
Memory used: 2949.09
End Structure 1307962 204665 vs 2818789
Build next level time: 5.2869
Iteration time: 15.8707
Memory used: 2949.09
e_xx: 1.67109e+08, a2_x: 5.19321e+11, currMod: 0.886761
e_xx: 1.79311e+08, a2_x: 3.71274e+11, currMod: 0.951518
e_xx: 1.81938e+08, a2_x: 2.46354e+11, currMod: 0.965458
e_xx: 1.82313e+08, a2_x: 2.69143e+11, currMod: 0.967448
e_xx: 1.82451e+08, a2_x: 2.45284e+11, currMod: 0.968185
e_xx: 1.82566e+08, a2_x: 2.66388e+11, currMod: 0.968792
e_xx: 1.82602e+08, a2_x: 2.48374e+11, currMod: 0.968984
e_xx: 1.82665e+08, a2_x: 2.72047e+11, currMod: 0.969315
e_xx: 1.82659e+08, a2_x: 2.5238e+11, currMod: 0.969288
currMod: 0.969315, prevMod: 0.8795
Louvain time: 3.13826
numClusters: 46533, time: 0.026164
Next phase: 3
Memory used: 2949.09
End Structure 408624 46533 vs 863771
Build next level time: 0.391344
Iteration time: 3.55665
Memory used: 2949.09
e_xx: 1.82664e+08, a2_x: 2.72851e+11, currMod: 0.969299
e_xx: 1.84963e+08, a2_x: 6.87979e+10, currMod: 0.981504
e_xx: 1.85074e+08, a2_x: 6.77688e+10, currMod: 0.982091
e_xx: 1.85112e+08, a2_x: 5.50663e+10, currMod: 0.982293
e_xx: 1.85104e+08, a2_x: 9.39851e+10, currMod: 0.982247
currMod: 0.982293, prevMod: 0.969315
Louvain time: 0.777652
numClusters: 24610, time: 0.007918
Next phase: 4
Memory used: 2949.09
End Structure 155708 24610 vs 336026
Build next level time: 0.101867
Iteration time: 0.887954
Memory used: 2949.09
e_xx: 1.85112e+08, a2_x: 5.31705e+10, currMod: 0.982281
e_xx: 1.85172e+08, a2_x: 2.12644e+10, currMod: 0.9826
e_xx: 1.85179e+08, a2_x: -2.16667e+10, currMod: 0.982637
e_xx: 1.85178e+08, a2_x: -4.49264e+10, currMod: 0.982636
currMod: 0.982637, prevMod: 0.982293
Louvain time: 0.335474
numClusters: 22258, time: 0.005371
Next phase: 5
Memory used: 2949.09
End Structure 95834 22258 vs 213926
Build next level time: 0.053207
Iteration time: 0.394483
Memory used: 2949.09
e_xx: 1.85179e+08, a2_x: -2.19881e+10, currMod: 0.982635
e_xx: 1.85182e+08, a2_x: -2.93748e+10, currMod: 0.982655
e_xx: 1.85182e+08, a2_x: -1.06973e+10, currMod: 0.982654
currMod: 0.982655, prevMod: 0.982637
Louvain time: 0.165624
numClusters: 22085, time: 0.004935
Next phase: 6
Memory used: 2949.09
End Structure 85549 22085 vs 193183
Build next level time: 0.043597
Iteration time: 0.214438
Memory used: 2949.09
e_xx: 1.85182e+08, a2_x: -2.68287e+10, currMod: 0.982654
e_xx: 1.85183e+08, a2_x: -2.9023e+10, currMod: 0.982656
e_xx: 1.85183e+08, a2_x: -2.95037e+10, currMod: 0.982656
currMod: 0.982656, prevMod: 0.982655
Louvain time: 0.150263
numClusters: 22050, time: 0.004941
Next phase: 7
Memory used: 2949.09
End Structure 83018 22050 vs 188086
Build next level time: 0.038081
Iteration time: 0.193566
Memory used: 2949.09
e_xx: 1.85183e+08, a2_x: -3.22948e+10, currMod: 0.982656
e_xx: 1.85183e+08, a2_x: -3.16351e+10, currMod: 0.982656
currMod: 0.982656, prevMod: 0.982656
Louvain time: 0.095231
numClusters: 22050, time: 0.004889
Maximum degree for the graph: 537
Iteration: 0, conflicts: 0
Total number of colors used: 178
Total number of conflicts overall: 0
Number of rounds: 1
SUCCESS: No conflicts found
Number of reordered colors: 176
End position for large colors: 0, node count: 21589, largest: 21589
Node count cutoff: 4410
e_xx: 1.85183e+08, a2_x: -3.16351e+10, currMod: 0.982656
End Structure 82951 22048 vs 187950
currMod: 0.982656, prevMod: 0.982656
numClusters: 22048
Total iteration time: 21.1178

Loop 0 <line-37> - Time 0.000917 Total energy consumed 0.041385 Ave. Power Level 45.136424
	-------- Loop 0 (sock 1 consumed 0.021960, avg temp 39.500000, final temp 40 ) ------
	-------- Loop 0 (sock 2 consumed 0.019425, avg temp 34.500000, final temp 35 ) ------
Loop 1 <line-54> - Time 0.000392 Total energy consumed 0.000000 Ave. Power Level 0.000000
	-------- Loop 1 (sock 1 consumed 0.000000, avg temp 40.000000, final temp 40 ) ------
	-------- Loop 1 (sock 2 consumed 0.000000, avg temp 34.500000, final temp 35 ) ------
Loop 2 <line-76> - Time 0.000403 Total energy consumed 0.000000 Ave. Power Level 0.000000
	-------- Loop 2 (sock 1 consumed 0.000000, avg temp 40.000000, final temp 40 ) ------
	-------- Loop 2 (sock 2 consumed 0.000000, avg temp 34.500000, final temp 35 ) ------
Loop 3 <line-170> - Time 0.609402 Total energy consumed 29.395440 Ave. Power Level 48.236547
	-------- Loop 3 (sock 1 consumed 14.330625, avg temp 39.142857, final temp 40 ) ------
	-------- Loop 3 (sock 2 consumed 15.064815, avg temp 35.857143, final temp 35 ) ------
Loop 4 <line-192> - Time 0.000339 Total energy consumed 0.000000 Ave. Power Level 0.000000
	-------- Loop 4 (sock 1 consumed 0.000000, avg temp 39.500000, final temp 40 ) ------
	-------- Loop 4 (sock 2 consumed 0.000000, avg temp 35.500000, final temp 35 ) ------
Loop 5 <line-222> - Time 0.231142 Total energy consumed 11.326800 Ave. Power Level 49.003574
	-------- Loop 5 (sock 1 consumed 5.292765, avg temp 40.000000, final temp 40 ) ------
	-------- Loop 5 (sock 2 consumed 6.034035, avg temp 34.000000, final temp 35 ) ------
Loop 6 <line-115> - Time 0.002308 Total energy consumed 0.000000 Ave. Power Level 0.000000
	-------- Loop 6 (sock 1 consumed 0.000000, avg temp 40.285714, final temp 41 ) ------
	-------- Loop 6 (sock 2 consumed 0.000000, avg temp 34.285714, final temp 33 ) ------
Loop 7 <line-334> - Time 0.503779 Total energy consumed 23.061600 Ave. Power Level 45.777242
	-------- Loop 7 (sock 1 consumed 12.184815, avg temp 40.500000, final temp 41 ) ------
	-------- Loop 7 (sock 2 consumed 10.876785, avg temp 34.375000, final temp 34 ) ------
Loop 8 <line-353> - Time 0.000486 Total energy consumed 0.000000 Ave. Power Level 0.000000
	-------- Loop 8 (sock 1 consumed 0.000000, avg temp 40.500000, final temp 41 ) ------
	-------- Loop 8 (sock 2 consumed 0.000000, avg temp 34.375000, final temp 34 ) ------
Loop 9 <line-375> - Time 0.000976 Total energy consumed 0.000000 Ave. Power Level 0.000000
	-------- Loop 9 (sock 1 consumed 0.000000, avg temp 40.500000, final temp 41 ) ------
	-------- Loop 9 (sock 2 consumed 0.000000, avg temp 34.375000, final temp 34 ) ------
Loop 10 <line-85> - Time 0.203479 Total energy consumed 14.281830 Ave. Power Level 70.188173
	-------- Loop 10 (sock 1 consumed 7.240875, avg temp 41.000000, final temp 41 ) ------
	-------- Loop 10 (sock 2 consumed 7.040955, avg temp 34.750000, final temp 35 ) ------
Loop 11 <line-131> - Time 0.004378 Total energy consumed 0.363330 Ave. Power Level 82.989040
	-------- Loop 11 (sock 1 consumed 0.184155, avg temp 41.500000, final temp 41 ) ------
	-------- Loop 11 (sock 2 consumed 0.179175, avg temp 35.500000, final temp 35 ) ------
Loop 12 <line-167> - Time 0.289689 Total energy consumed 20.352255 Ave. Power Level 70.255493
	-------- Loop 12 (sock 1 consumed 10.343115, avg temp 41.000000, final temp 41 ) ------
	-------- Loop 12 (sock 2 consumed 10.009140, avg temp 35.500000, final temp 35 ) ------
Loop 13 <line-213> - Time 6.111709 Total energy consumed 440.261505 Ave. Power Level 72.035748
	-------- Loop 13 (sock 1 consumed 223.582245, avg temp 42.333333, final temp 41 ) ------
	-------- Loop 13 (sock 2 consumed 216.679260, avg temp 35.833333, final temp 34 ) ------
Loop 14 <line-99> - Time 5.458807 Total energy consumed 257.472075 Ave. Power Level 47.166365
	-------- Loop 14 (sock 1 consumed 128.206725, avg temp 40.857143, final temp 40 ) ------
	-------- Loop 14 (sock 2 consumed 129.265350, avg temp 34.428571, final temp 34 ) ------
Loop 15 <line-160> - Time 0.148078 Total energy consumed 7.708095 Ave. Power Level 52.054269
	-------- Loop 15 (sock 1 consumed 3.774240, avg temp 40.571429, final temp 40 ) ------
	-------- Loop 15 (sock 2 consumed 3.933855, avg temp 34.857143, final temp 35 ) ------
Loop 16 <line-269> - Time 4.634222 Total energy consumed 199.885005 Ave. Power Level 43.132374
	-------- Loop 16 (sock 1 consumed 96.675390, avg temp 40.038462, final temp 40 ) ------
	-------- Loop 16 (sock 2 consumed 103.209615, avg temp 34.692308, final temp 34 ) ------
Loop 17 <line-300> - Time 0.002378 Total energy consumed 0.039885 Ave. Power Level 16.772470
	-------- Loop 17 (sock 1 consumed 0.018600, avg temp 39.900000, final temp 40 ) ------
	-------- Loop 17 (sock 2 consumed 0.021285, avg temp 34.700000, final temp 35 ) ------
Loop 18 <line-147> - Time 0.000432 Total energy consumed 0.000000 Ave. Power Level 0.000000
	-------- Loop 18 (sock 1 consumed 0.000000, avg temp 40.000000, final temp 40 ) ------
	-------- Loop 18 (sock 2 consumed 0.000000, avg temp 35.000000, final temp 35 ) ------
Application(EnergyStat) - Time 37.350772 Total energy consumed 1809.128790 Ave. Power Level 48.436181 Final Temperature socket 1 : 40  socket 2 : 33 
