Memory used: 1.29297
Loading 32-bit binary file: pnnl.bin, numvertices: 2361670, numEdges: 191402826
File read time: 2.46809
Before allocating graph
Allocated graph: 0x15ce550
Processing edges for vertex: 0, range(0, 166)
Processing edges for vertex: 100000, range(58444108, 58444133)
Processing edges for vertex: 200000, range(84376057, 84376362)
Processing edges for vertex: 300000, range(106069163, 106069503)
Processing edges for vertex: 400000, range(122097114, 122097513)
Processing edges for vertex: 500000, range(135096418, 135096483)
Processing edges for vertex: 600000, range(146097008, 146097061)
Processing edges for vertex: 700000, range(155415410, 155415531)
Processing edges for vertex: 800000, range(162595900, 162595989)
Processing edges for vertex: 900000, range(168508374, 168508464)
Processing edges for vertex: 1000000, range(173203321, 173203442)
Processing edges for vertex: 1100000, range(176935100, 176935110)
Processing edges for vertex: 1200000, range(179876260, 179876270)
Processing edges for vertex: 1300000, range(182240081, 182240092)
Processing edges for vertex: 1400000, range(184224513, 184224521)
Processing edges for vertex: 1500000, range(185795161, 185795170)
Processing edges for vertex: 1600000, range(187104124, 187104130)
Processing edges for vertex: 1700000, range(188148455, 188148461)
Processing edges for vertex: 1800000, range(188997836, 188997842)
Processing edges for vertex: 1900000, range(189691532, 189691535)
Processing edges for vertex: 2000000, range(190254658, 190254660)
Processing edges for vertex: 2100000, range(190705814, 190705822)
Processing edges for vertex: 2200000, range(191052755, 191052764)
Processing edges for vertex: 2300000, range(191302662, 191302663)
Graph populate time: 12.569
Total I/O time: 15.0371
Running on: 16 threads
Loaded graph from file: pnnl.bin
Memory used: 2949.09
Maximum degree for the graph: 5520
Iteration: 0, conflicts: 46
Iteration: 1, conflicts: 15
Iteration: 2, conflicts: 9
Iteration: 3, conflicts: 6
Iteration: 4, conflicts: 4
Iteration: 5, conflicts: 2
Iteration: 6, conflicts: 1
Iteration: 7, conflicts: 0
Total number of colors used: 1195
Total number of conflicts overall: 0
Number of rounds: 8
SUCCESS: No conflicts found
Coloring time: 0.942567
Memory used: 2949.09
Number of reordered colors: 1021
End position for large colors: 0, node count: 550285, largest: 550285
Node count cutoff: 472334
e_xx: 1.20988e+08, a2_x: 6.77431e+11, currMod: 0.632095
e_xx: 1.62806e+08, a2_x: 5.82455e+11, currMod: 0.850579
e_xx: 1.69119e+08, a2_x: 5.58039e+11, currMod: 0.88356
e_xx: 1.71758e+08, a2_x: 5.15826e+11, currMod: 0.897351
e_xx: 1.73155e+08, a2_x: 5.50868e+11, currMod: 0.904647
currMod: 0.897351, prevMod: -1
Louvain time: 10.4963
numClusters: 203819, time: 0.190101
Next phase: 2
Memory used: 2949.09
End Structure 1288270 203819 vs 2778690
Build next level time: 5.94727
Iteration time: 16.6387
Memory used: 2949.09
e_xx: 1.68802e+08, a2_x: 5.52112e+11, currMod: 0.902455
e_xx: 1.79264e+08, a2_x: 3.30442e+11, currMod: 0.958392
e_xx: 1.80781e+08, a2_x: 2.72804e+11, currMod: 0.966506
e_xx: 1.81992e+08, a2_x: 2.99256e+11, currMod: 0.972978
e_xx: 1.82157e+08, a2_x: 2.99798e+11, currMod: 0.973859
e_xx: 1.82297e+08, a2_x: 3.08019e+11, currMod: 0.974609
e_xx: 1.8233e+08, a2_x: 2.87796e+11, currMod: 0.974787
e_xx: 1.82409e+08, a2_x: 3.03727e+11, currMod: 0.975208
e_xx: 1.82399e+08, a2_x: 2.59909e+11, currMod: 0.975157
currMod: 0.975208, prevMod: 0.897351
Louvain time: 3.22085
numClusters: 53498, time: 0.027149
Next phase: 3
Memory used: 2949.09
End Structure 537102 53498 vs 1127696
Build next level time: 0.301284
Iteration time: 3.55015
Memory used: 2949.09
e_xx: 1.82408e+08, a2_x: 3.01114e+11, currMod: 0.975203
e_xx: 1.8337e+08, a2_x: 9.49567e+10, currMod: 0.980352
e_xx: 1.83441e+08, a2_x: 1.0045e+11, currMod: 0.980733
e_xx: 1.83542e+08, a2_x: 4.01652e+10, currMod: 0.981271
e_xx: 1.83467e+08, a2_x: 4.8568e+10, currMod: 0.98087
currMod: 0.981271, prevMod: 0.975208
Louvain time: 0.916776
numClusters: 25761, time: 0.008688
Next phase: 4
Memory used: 2949.09
End Structure 176336 25761 vs 378432
Build next level time: 0.113008
Iteration time: 1.039
Memory used: 2949.09
e_xx: 1.83542e+08, a2_x: 4.05434e+10, currMod: 0.98125
e_xx: 1.83809e+08, a2_x: 1.34607e+09, currMod: 0.982679
e_xx: 1.83824e+08, a2_x: -5.32644e+09, currMod: 0.98276
e_xx: 1.83825e+08, a2_x: -5.27699e+09, currMod: 0.982766
e_xx: 1.83828e+08, a2_x: -2.01936e+09, currMod: 0.982784
e_xx: 1.83825e+08, a2_x: 1.76076e+09, currMod: 0.982766
currMod: 0.982784, prevMod: 0.981271
Louvain time: 0.482019
numClusters: 22144, time: 0.005598
Next phase: 5
Memory used: 2949.09
End Structure 86528 22144 vs 195200
Build next level time: 0.052442
Iteration time: 0.54051
Memory used: 2949.09
e_xx: 1.83828e+08, a2_x: 8.08772e+08, currMod: 0.98278
e_xx: 1.83832e+08, a2_x: -1.87869e+10, currMod: 0.982803
e_xx: 1.83832e+08, a2_x: -8.86107e+09, currMod: 0.982802
currMod: 0.982803, prevMod: 0.982784
Louvain time: 0.156821
numClusters: 21995, time: 0.004899
Next phase: 6
Memory used: 2949.09
End Structure 77176 21995 vs 176347
Build next level time: 0.036087
Iteration time: 0.198176
Memory used: 2949.09
e_xx: 1.83832e+08, a2_x: -2.08047e+10, currMod: 0.982802
e_xx: 1.83833e+08, a2_x: -2.18665e+10, currMod: 0.982803
currMod: 0.982803, prevMod: 0.982803
Louvain time: 0.086829
numClusters: 21995, time: 0.004907
Maximum degree for the graph: 491
Iteration: 0, conflicts: 0
Total number of colors used: 180
Total number of conflicts overall: 0
Number of rounds: 1
SUCCESS: No conflicts found
Number of reordered colors: 179
End position for large colors: 0, node count: 21552, largest: 21552
Node count cutoff: 4399
e_xx: 1.85872e+08, a2_x: -1.34443e+10, currMod: 0.993705
e_xx: 1.85918e+08, a2_x: -1.34076e+10, currMod: 0.993952
e_xx: 1.86564e+08, a2_x: -4.2534e+09, currMod: 0.997404
e_xx: 1.86269e+08, a2_x: -4.35479e+08, currMod: 0.995826
End Structure 838 21587 vs 23263
currMod: 0.997404, prevMod: 0.982803
numClusters: 21587
Total iteration time: 21.9666

Loop 0 <line-37> - Time 0.000917 Total energy consumed 0.066090 Ave. Power Level 72.056101
	-------- Loop 0 (sock 1 consumed 0.046770, avg temp 40.500000, final temp 41 ) ------
	-------- Loop 0 (sock 2 consumed 0.019320, avg temp 34.500000, final temp 36 ) ------
Loop 1 <line-54> - Time 0.000398 Total energy consumed 0.000000 Ave. Power Level 0.000000
	-------- Loop 1 (sock 1 consumed 0.000000, avg temp 40.000000, final temp 40 ) ------
	-------- Loop 1 (sock 2 consumed 0.000000, avg temp 34.000000, final temp 35 ) ------
Loop 2 <line-76> - Time 0.000400 Total energy consumed 0.000000 Ave. Power Level 0.000000
	-------- Loop 2 (sock 1 consumed 0.000000, avg temp 40.000000, final temp 40 ) ------
	-------- Loop 2 (sock 2 consumed 0.000000, avg temp 34.000000, final temp 35 ) ------
Loop 3 <line-170> - Time 0.551205 Total energy consumed 27.557790 Ave. Power Level 49.995518
	-------- Loop 3 (sock 1 consumed 14.663985, avg temp 40.888889, final temp 40 ) ------
	-------- Loop 3 (sock 2 consumed 12.893805, avg temp 34.222222, final temp 36 ) ------
Loop 4 <line-192> - Time 0.000340 Total energy consumed 0.000000 Ave. Power Level 0.000000
	-------- Loop 4 (sock 1 consumed 0.000000, avg temp 40.500000, final temp 40 ) ------
	-------- Loop 4 (sock 2 consumed 0.000000, avg temp 35.000000, final temp 36 ) ------
Loop 5 <line-222> - Time 0.217727 Total energy consumed 10.668930 Ave. Power Level 49.001440
	-------- Loop 5 (sock 1 consumed 5.509125, avg temp 40.500000, final temp 40 ) ------
	-------- Loop 5 (sock 2 consumed 5.159805, avg temp 35.000000, final temp 36 ) ------
Loop 6 <line-115> - Time 0.002189 Total energy consumed 0.041175 Ave. Power Level 18.810921
	-------- Loop 6 (sock 1 consumed 0.021915, avg temp 40.000000, final temp 41 ) ------
	-------- Loop 6 (sock 2 consumed 0.019260, avg temp 35.000000, final temp 36 ) ------
Loop 7 <line-334> - Time 0.503174 Total energy consumed 22.638375 Ave. Power Level 44.991188
	-------- Loop 7 (sock 1 consumed 11.713560, avg temp 40.285714, final temp 41 ) ------
	-------- Loop 7 (sock 2 consumed 10.924815, avg temp 35.285714, final temp 36 ) ------
Loop 8 <line-353> - Time 0.000458 Total energy consumed 0.000000 Ave. Power Level 0.000000
	-------- Loop 8 (sock 1 consumed 0.000000, avg temp 40.285714, final temp 41 ) ------
	-------- Loop 8 (sock 2 consumed 0.000000, avg temp 35.285714, final temp 36 ) ------
Loop 9 <line-375> - Time 0.000921 Total energy consumed 0.000000 Ave. Power Level 0.000000
	-------- Loop 9 (sock 1 consumed 0.000000, avg temp 40.285714, final temp 41 ) ------
	-------- Loop 9 (sock 2 consumed 0.000000, avg temp 35.285714, final temp 36 ) ------
Loop 10 <line-85> - Time 0.208058 Total energy consumed 14.626200 Ave. Power Level 70.298524
	-------- Loop 10 (sock 1 consumed 7.379430, avg temp 41.250000, final temp 41 ) ------
	-------- Loop 10 (sock 2 consumed 7.246770, avg temp 36.000000, final temp 36 ) ------
Loop 11 <line-131> - Time 0.004196 Total energy consumed 0.258030 Ave. Power Level 61.496948
	-------- Loop 11 (sock 1 consumed 0.113100, avg temp 41.000000, final temp 41 ) ------
	-------- Loop 11 (sock 2 consumed 0.144930, avg temp 35.500000, final temp 36 ) ------
Loop 12 <line-167> - Time 0.287196 Total energy consumed 20.082510 Ave. Power Level 69.926106
	-------- Loop 12 (sock 1 consumed 10.189350, avg temp 41.000000, final temp 41 ) ------
	-------- Loop 12 (sock 2 consumed 9.893160, avg temp 36.000000, final temp 36 ) ------
Loop 13 <line-213> - Time 6.229321 Total energy consumed 451.270335 Ave. Power Level 72.442947
	-------- Loop 13 (sock 1 consumed 229.557240, avg temp 42.000000, final temp 41 ) ------
	-------- Loop 13 (sock 2 consumed 221.713095, avg temp 36.888889, final temp 36 ) ------
Loop 14 <line-99> - Time 6.005027 Total energy consumed 278.972460 Ave. Power Level 46.456489
	-------- Loop 14 (sock 1 consumed 137.194515, avg temp 40.000000, final temp 41 ) ------
	-------- Loop 14 (sock 2 consumed 141.777945, avg temp 35.833333, final temp 36 ) ------
Loop 15 <line-160> - Time 0.125293 Total energy consumed 6.629340 Ave. Power Level 52.910751
	-------- Loop 15 (sock 1 consumed 3.284565, avg temp 40.333333, final temp 41 ) ------
	-------- Loop 15 (sock 2 consumed 3.344775, avg temp 36.000000, final temp 36 ) ------
Loop 16 <line-269> - Time 4.835709 Total energy consumed 209.058810 Ave. Power Level 43.232299
	-------- Loop 16 (sock 1 consumed 102.348300, avg temp 39.960000, final temp 40 ) ------
	-------- Loop 16 (sock 2 consumed 106.710510, avg temp 35.400000, final temp 36 ) ------
Loop 17 <line-300> - Time 0.002255 Total energy consumed 0.000000 Ave. Power Level 0.000000
	-------- Loop 17 (sock 1 consumed 0.000000, avg temp 40.050000, final temp 40 ) ------
	-------- Loop 17 (sock 2 consumed 0.000000, avg temp 35.400000, final temp 36 ) ------
Loop 18 <line-147> - Time 0.000433 Total energy consumed 0.000000 Ave. Power Level 0.000000
	-------- Loop 18 (sock 1 consumed 0.000000, avg temp 41.000000, final temp 41 ) ------
	-------- Loop 18 (sock 2 consumed 0.000000, avg temp 36.000000, final temp 36 ) ------
Application(EnergyStat) - Time 38.094181 Total energy consumed 1848.985845 Ave. Power Level 48.537226 Final Temperature socket 1 : 40  socket 2 : 36 
