Memory used: 1.29297
Loading 32-bit binary file: pnnl.bin, numvertices: 2361670, numEdges: 191402826
File read time: 2.47014
Before allocating graph
Allocated graph: 0x2205550
Processing edges for vertex: 0, range(0, 166)
Processing edges for vertex: 100000, range(58444108, 58444133)
Processing edges for vertex: 200000, range(84376057, 84376362)
Processing edges for vertex: 300000, range(106069163, 106069503)
Processing edges for vertex: 400000, range(122097114, 122097513)
Processing edges for vertex: 500000, range(135096418, 135096483)
Processing edges for vertex: 600000, range(146097008, 146097061)
Processing edges for vertex: 700000, range(155415410, 155415531)
Processing edges for vertex: 800000, range(162595900, 162595989)
Processing edges for vertex: 900000, range(168508374, 168508464)
Processing edges for vertex: 1000000, range(173203321, 173203442)
Processing edges for vertex: 1100000, range(176935100, 176935110)
Processing edges for vertex: 1200000, range(179876260, 179876270)
Processing edges for vertex: 1300000, range(182240081, 182240092)
Processing edges for vertex: 1400000, range(184224513, 184224521)
Processing edges for vertex: 1500000, range(185795161, 185795170)
Processing edges for vertex: 1600000, range(187104124, 187104130)
Processing edges for vertex: 1700000, range(188148455, 188148461)
Processing edges for vertex: 1800000, range(188997836, 188997842)
Processing edges for vertex: 1900000, range(189691532, 189691535)
Processing edges for vertex: 2000000, range(190254658, 190254660)
Processing edges for vertex: 2100000, range(190705814, 190705822)
Processing edges for vertex: 2200000, range(191052755, 191052764)
Processing edges for vertex: 2300000, range(191302662, 191302663)
Graph populate time: 12.5711
Total I/O time: 15.0413
Running on: 16 threads
Loaded graph from file: pnnl.bin
Memory used: 2949.09
Maximum degree for the graph: 5520
Iteration: 0, conflicts: 45
Iteration: 1, conflicts: 6
Iteration: 2, conflicts: 2
Iteration: 3, conflicts: 0
Total number of colors used: 1197
Total number of conflicts overall: 0
Number of rounds: 4
SUCCESS: No conflicts found
Coloring time: 0.989761
Memory used: 2949.09
Number of reordered colors: 1012
End position for large colors: 0, node count: 550553, largest: 550553
Node count cutoff: 472334
e_xx: 1.17562e+08, a2_x: 5.9081e+11, currMod: 0.614195
e_xx: 1.65029e+08, a2_x: 5.90312e+11, currMod: 0.86219
e_xx: 1.72362e+08, a2_x: 5.57379e+11, currMod: 0.900503
e_xx: 1.75066e+08, a2_x: 5.4379e+11, currMod: 0.914631
e_xx: 1.76339e+08, a2_x: 5.30561e+11, currMod: 0.921285
currMod: 0.914631, prevMod: -1
Louvain time: 10.2932
numClusters: 203538, time: 0.188158
Next phase: 2
Memory used: 2949.09
End Structure 1275076 203538 vs 2751923
Build next level time: 6.39948
Iteration time: 16.8858
Memory used: 2949.09
e_xx: 1.56903e+08, a2_x: 5.31506e+11, currMod: 0.912426
e_xx: 1.65439e+08, a2_x: 3.1555e+11, currMod: 0.962072
e_xx: 1.66975e+08, a2_x: 2.94108e+11, currMod: 0.971008
e_xx: 1.67362e+08, a2_x: 2.7387e+11, currMod: 0.973259
e_xx: 1.67445e+08, a2_x: 2.69038e+11, currMod: 0.973738
e_xx: 1.67604e+08, a2_x: 2.70542e+11, currMod: 0.974664
e_xx: 1.67582e+08, a2_x: 2.94963e+11, currMod: 0.974539
currMod: 0.974664, prevMod: 0.914631
Louvain time: 2.41128
numClusters: 50701, time: 0.025672
Next phase: 3
Memory used: 2949.09
End Structure 460502 50701 vs 971693
Build next level time: 0.348819
Iteration time: 2.7869
Memory used: 2949.09
e_xx: 1.67604e+08, a2_x: 2.67161e+11, currMod: 0.974636
e_xx: 1.68462e+08, a2_x: 1.3182e+11, currMod: 0.979632
e_xx: 1.68554e+08, a2_x: 8.00203e+10, currMod: 0.980167
e_xx: 1.68611e+08, a2_x: 6.47287e+10, currMod: 0.980502
e_xx: 1.68581e+08, a2_x: 7.69662e+10, currMod: 0.980328
currMod: 0.980502, prevMod: 0.974664
Louvain time: 0.824379
numClusters: 24833, time: 0.008271
Next phase: 4
Memory used: 2949.09
End Structure 161020 24833 vs 346873
Build next level time: 0.121877
Iteration time: 0.955052
Memory used: 2949.09
e_xx: 1.68611e+08, a2_x: 6.63695e+10, currMod: 0.98049
e_xx: 1.68749e+08, a2_x: 3.95545e+10, currMod: 0.981292
e_xx: 1.68765e+08, a2_x: 3.72137e+10, currMod: 0.981384
e_xx: 1.68766e+08, a2_x: 4.43137e+09, currMod: 0.981391
e_xx: 1.68766e+08, a2_x: 3.35445e+10, currMod: 0.981389
currMod: 0.981391, prevMod: 0.980502
Louvain time: 0.408061
numClusters: 22198, time: 0.005402
Next phase: 5
Memory used: 2949.09
End Structure 89697 22198 vs 201592
Build next level time: 0.050026
Iteration time: 0.463956
Memory used: 2949.09
e_xx: 1.68766e+08, a2_x: 5.95703e+09, currMod: 0.981389
e_xx: 1.6877e+08, a2_x: 1.3941e+10, currMod: 0.981414
e_xx: 1.6877e+08, a2_x: 1.90169e+10, currMod: 0.981414
currMod: 0.981414, prevMod: 0.981391
Louvain time: 0.149351
numClusters: 22037, time: 0.004945
Next phase: 6
Memory used: 2949.09
End Structure 79620 22037 vs 181277
Build next level time: 0.037175
Iteration time: 0.191748
Memory used: 2949.09
e_xx: 1.6877e+08, a2_x: 1.43522e+10, currMod: 0.981414
e_xx: 1.6877e+08, a2_x: 1.48274e+10, currMod: 0.981415
currMod: 0.981414, prevMod: 0.981414
Louvain time: 0.101886
numClusters: 22037, time: 0.004882
Maximum degree for the graph: 526
Iteration: 0, conflicts: 0
Total number of colors used: 173
Total number of conflicts overall: 0
Number of rounds: 1
SUCCESS: No conflicts found
Number of reordered colors: 171
End position for large colors: 0, node count: 21581, largest: 21581
Node count cutoff: 4408
e_xx: 1.71592e+08, a2_x: 8.13354e+09, currMod: 0.997826
e_xx: 1.71598e+08, a2_x: 9.76847e+09, currMod: 0.997861
e_xx: 1.7158e+08, a2_x: 8.97493e+09, currMod: 0.997756
End Structure 792 21606 vs 23190
currMod: 0.997861, prevMod: 0.981414
numClusters: 21606
Total iteration time: 21.2835

Loop 0 <line-37> - Time 0.000776 Total energy consumed 0.041520 Ave. Power Level 53.489714
	-------- Loop 0 (sock 1 consumed 0.022290, avg temp 40.500000, final temp 41 ) ------
	-------- Loop 0 (sock 2 consumed 0.019230, avg temp 35.500000, final temp 36 ) ------
Loop 1 <line-54> - Time 0.000388 Total energy consumed 0.000000 Ave. Power Level 0.000000
	-------- Loop 1 (sock 1 consumed 0.000000, avg temp 40.000000, final temp 41 ) ------
	-------- Loop 1 (sock 2 consumed 0.000000, avg temp 34.500000, final temp 35 ) ------
Loop 2 <line-76> - Time 0.000371 Total energy consumed 0.000000 Ave. Power Level 0.000000
	-------- Loop 2 (sock 1 consumed 0.000000, avg temp 40.000000, final temp 41 ) ------
	-------- Loop 2 (sock 2 consumed 0.000000, avg temp 34.500000, final temp 35 ) ------
Loop 3 <line-170> - Time 0.574302 Total energy consumed 28.291065 Ave. Power Level 49.261610
	-------- Loop 3 (sock 1 consumed 14.666385, avg temp 40.200000, final temp 41 ) ------
	-------- Loop 3 (sock 2 consumed 13.624680, avg temp 35.000000, final temp 35 ) ------
Loop 4 <line-192> - Time 0.000353 Total energy consumed 0.000000 Ave. Power Level 0.000000
	-------- Loop 4 (sock 1 consumed 0.000000, avg temp 40.500000, final temp 41 ) ------
	-------- Loop 4 (sock 2 consumed 0.000000, avg temp 35.000000, final temp 35 ) ------
Loop 5 <line-222> - Time 0.241259 Total energy consumed 11.685570 Ave. Power Level 48.435762
	-------- Loop 5 (sock 1 consumed 5.364840, avg temp 40.500000, final temp 41 ) ------
	-------- Loop 5 (sock 2 consumed 6.320730, avg temp 35.500000, final temp 35 ) ------
Loop 6 <line-115> - Time 0.002187 Total energy consumed 0.067650 Ave. Power Level 30.925969
	-------- Loop 6 (sock 1 consumed 0.048330, avg temp 40.833333, final temp 42 ) ------
	-------- Loop 6 (sock 2 consumed 0.019320, avg temp 35.000000, final temp 35 ) ------
Loop 7 <line-334> - Time 0.504112 Total energy consumed 22.553940 Ave. Power Level 44.739910
	-------- Loop 7 (sock 1 consumed 11.950770, avg temp 41.285714, final temp 41 ) ------
	-------- Loop 7 (sock 2 consumed 10.603170, avg temp 35.000000, final temp 35 ) ------
Loop 8 <line-353> - Time 0.000441 Total energy consumed 0.000000 Ave. Power Level 0.000000
	-------- Loop 8 (sock 1 consumed 0.000000, avg temp 41.285714, final temp 41 ) ------
	-------- Loop 8 (sock 2 consumed 0.000000, avg temp 35.000000, final temp 35 ) ------
Loop 9 <line-375> - Time 0.000940 Total energy consumed 0.000000 Ave. Power Level 0.000000
	-------- Loop 9 (sock 1 consumed 0.000000, avg temp 41.285714, final temp 41 ) ------
	-------- Loop 9 (sock 2 consumed 0.000000, avg temp 35.000000, final temp 35 ) ------
Loop 10 <line-85> - Time 0.207569 Total energy consumed 14.587950 Ave. Power Level 70.279869
	-------- Loop 10 (sock 1 consumed 7.387515, avg temp 41.000000, final temp 41 ) ------
	-------- Loop 10 (sock 2 consumed 7.200435, avg temp 35.250000, final temp 36 ) ------
Loop 11 <line-131> - Time 0.004175 Total energy consumed 0.291465 Ave. Power Level 69.804954
	-------- Loop 11 (sock 1 consumed 0.147975, avg temp 41.000000, final temp 41 ) ------
	-------- Loop 11 (sock 2 consumed 0.143490, avg temp 35.000000, final temp 35 ) ------
Loop 12 <line-167> - Time 0.272879 Total energy consumed 19.136205 Ave. Power Level 70.127034
	-------- Loop 12 (sock 1 consumed 9.680670, avg temp 41.000000, final temp 41 ) ------
	-------- Loop 12 (sock 2 consumed 9.455535, avg temp 35.000000, final temp 35 ) ------
Loop 13 <line-213> - Time 5.988426 Total energy consumed 433.755525 Ave. Power Level 72.432310
	-------- Loop 13 (sock 1 consumed 221.684835, avg temp 42.000000, final temp 41 ) ------
	-------- Loop 13 (sock 2 consumed 212.070690, avg temp 36.875000, final temp 36 ) ------
Loop 14 <line-99> - Time 6.517953 Total energy consumed 306.007095 Ave. Power Level 46.948341
	-------- Loop 14 (sock 1 consumed 154.275390, avg temp 40.833333, final temp 41 ) ------
	-------- Loop 14 (sock 2 consumed 151.731705, avg temp 35.833333, final temp 36 ) ------
Loop 15 <line-160> - Time 0.121685 Total energy consumed 6.383025 Ave. Power Level 52.455124
	-------- Loop 15 (sock 1 consumed 3.133695, avg temp 41.000000, final temp 41 ) ------
	-------- Loop 15 (sock 2 consumed 3.249330, avg temp 35.666667, final temp 36 ) ------
Loop 16 <line-269> - Time 3.859946 Total energy consumed 167.932110 Ave. Power Level 43.506339
	-------- Loop 16 (sock 1 consumed 84.770055, avg temp 40.409091, final temp 40 ) ------
	-------- Loop 16 (sock 2 consumed 83.162055, avg temp 34.636364, final temp 35 ) ------
Loop 17 <line-300> - Time 0.004065 Total energy consumed 0.169155 Ave. Power Level 41.617532
	-------- Loop 17 (sock 1 consumed 0.070485, avg temp 40.470588, final temp 40 ) ------
	-------- Loop 17 (sock 2 consumed 0.098670, avg temp 34.647059, final temp 36 ) ------
Loop 18 <line-147> - Time 0.000491 Total energy consumed 0.071520 Ave. Power Level 145.777408
	-------- Loop 18 (sock 1 consumed 0.024090, avg temp 41.000000, final temp 41 ) ------
	-------- Loop 18 (sock 2 consumed 0.047430, avg temp 36.000000, final temp 36 ) ------
Application(EnergyStat) - Time 37.474013 Total energy consumed 1817.898645 Ave. Power Level 48.510914 Final Temperature socket 1 : 41  socket 2 : 36 
