Memory used: 1.28906
Loading 32-bit binary file: pnnl.bin, numvertices: 2361670, numEdges: 191402826
File read time: 1.87915
Before allocating graph
Allocated graph: 0x7a0550
Processing edges for vertex: 0, range(0, 166)
Processing edges for vertex: 100000, range(58444108, 58444133)
Processing edges for vertex: 200000, range(84376057, 84376362)
Processing edges for vertex: 300000, range(106069163, 106069503)
Processing edges for vertex: 400000, range(122097114, 122097513)
Processing edges for vertex: 500000, range(135096418, 135096483)
Processing edges for vertex: 600000, range(146097008, 146097061)
Processing edges for vertex: 700000, range(155415410, 155415531)
Processing edges for vertex: 800000, range(162595900, 162595989)
Processing edges for vertex: 900000, range(168508374, 168508464)
Processing edges for vertex: 1000000, range(173203321, 173203442)
Processing edges for vertex: 1100000, range(176935100, 176935110)
Processing edges for vertex: 1200000, range(179876260, 179876270)
Processing edges for vertex: 1300000, range(182240081, 182240092)
Processing edges for vertex: 1400000, range(184224513, 184224521)
Processing edges for vertex: 1500000, range(185795161, 185795170)
Processing edges for vertex: 1600000, range(187104124, 187104130)
Processing edges for vertex: 1700000, range(188148455, 188148461)
Processing edges for vertex: 1800000, range(188997836, 188997842)
Processing edges for vertex: 1900000, range(189691532, 189691535)
Processing edges for vertex: 2000000, range(190254658, 190254660)
Processing edges for vertex: 2100000, range(190705814, 190705822)
Processing edges for vertex: 2200000, range(191052755, 191052764)
Processing edges for vertex: 2300000, range(191302662, 191302663)
Graph populate time: 9.13405
Total I/O time: 11.0132
Running on: 16 threads
Loaded graph from file: pnnl.bin
Memory used: 2949.09
Maximum degree for the graph: 5520
Iteration: 0, conflicts: 27
Iteration: 1, conflicts: 4
Iteration: 2, conflicts: 2
Iteration: 3, conflicts: 1
Iteration: 4, conflicts: 0
Total number of colors used: 1199
Total number of conflicts overall: 0
Number of rounds: 5
SUCCESS: No conflicts found
Coloring time: 0.764233
Memory used: 2949.09
Number of reordered colors: 1016
End position for large colors: 0, node count: 550856, largest: 550856
Node count cutoff: 472334
e_xx: 1.13707e+08, a2_x: 6.5483e+11, currMod: 0.594055
e_xx: 1.58365e+08, a2_x: 5.84818e+11, currMod: 0.827373
e_xx: 1.67779e+08, a2_x: 5.69261e+11, currMod: 0.876561
e_xx: 1.71307e+08, a2_x: 5.93327e+11, currMod: 0.894989
e_xx: 1.72901e+08, a2_x: 5.71905e+11, currMod: 0.903322
currMod: 0.894989, prevMod: -1
Louvain time: 8.79967
numClusters: 202659, time: 0.119837
Next phase: 2
Memory used: 2949.09
End Structure 1243997 202659 vs 2688643
Build next level time: 3.52031
Iteration time: 12.4444
Memory used: 2949.09
e_xx: 1.69813e+08, a2_x: 5.74337e+11, currMod: 0.901758
e_xx: 1.80541e+08, a2_x: 3.44122e+11, currMod: 0.958737
e_xx: 1.83381e+08, a2_x: 2.62816e+11, currMod: 0.973818
e_xx: 1.8373e+08, a2_x: 2.55889e+11, currMod: 0.975672
e_xx: 1.83788e+08, a2_x: 2.48601e+11, currMod: 0.975982
e_xx: 1.8393e+08, a2_x: 2.42377e+11, currMod: 0.976734
e_xx: 1.83893e+08, a2_x: 2.3767e+11, currMod: 0.976538
currMod: 0.976734, prevMod: 0.894989
Louvain time: 1.95994
numClusters: 52880, time: 0.018555
Next phase: 3
Memory used: 2949.09
End Structure 506826 52880 vs 1066521
Build next level time: 0.215773
Iteration time: 2.19502
Memory used: 2949.09
e_xx: 1.83929e+08, a2_x: 2.42385e+11, currMod: 0.976732
e_xx: 1.84714e+08, a2_x: 6.98765e+10, currMod: 0.980903
e_xx: 1.84771e+08, a2_x: 5.06825e+10, currMod: 0.981208
e_xx: 1.84875e+08, a2_x: 3.49061e+10, currMod: 0.98176
e_xx: 1.84805e+08, a2_x: 7.76637e+10, currMod: 0.981386
currMod: 0.98176, prevMod: 0.976734
Louvain time: 0.628567
numClusters: 25396, time: 0.005949
Next phase: 4
Memory used: 2949.09
End Structure 169578 25396 vs 364552
Build next level time: 0.091952
Iteration time: 0.727004
Memory used: 2949.09
e_xx: 1.84875e+08, a2_x: 3.70125e+10, currMod: 0.98174
e_xx: 1.85099e+08, a2_x: 1.71704e+09, currMod: 0.982931
e_xx: 1.85079e+08, a2_x: 2.10301e+10, currMod: 0.982824
currMod: 0.982931, prevMod: 0.98176
Louvain time: 0.176463
numClusters: 22578, time: 0.003825
Next phase: 5
Memory used: 2949.09
End Structure 101844 22578 vs 226266
Build next level time: 0.03983
Iteration time: 0.220536
Memory used: 2949.09
e_xx: 1.85099e+08, a2_x: -1.27839e+09, currMod: 0.982929
e_xx: 1.85115e+08, a2_x: -1.66146e+10, currMod: 0.983014
e_xx: 1.8512e+08, a2_x: 9.58447e+09, currMod: 0.983037
e_xx: 1.85119e+08, a2_x: -1.83114e+10, currMod: 0.983038
currMod: 0.983037, prevMod: 0.982931
Louvain time: 0.154022
numClusters: 22025, time: 0.003504
Next phase: 6
Memory used: 2949.09
End Structure 75305 22025 vs 172635
Build next level time: 0.029799
Iteration time: 0.187542
Memory used: 2949.09
e_xx: 1.8512e+08, a2_x: 1.24881e+10, currMod: 0.983037
e_xx: 1.8512e+08, a2_x: -1.01728e+09, currMod: 0.983039
e_xx: 1.8512e+08, a2_x: -4.88537e+09, currMod: 0.983039
currMod: 0.983039, prevMod: 0.983037
Louvain time: 0.092173
numClusters: 21971, time: 0.003425
Next phase: 7
Memory used: 2949.09
End Structure 72497 21971 vs 166965
Build next level time: 0.024038
Iteration time: 0.119864
Memory used: 2949.09
e_xx: 1.8512e+08, a2_x: -1.31198e+09, currMod: 0.983039
e_xx: 1.8512e+08, a2_x: -4.34154e+08, currMod: 0.983039
currMod: 0.983039, prevMod: 0.983039
Louvain time: 0.056117
numClusters: 21971, time: 0.003375
Maximum degree for the graph: 465
Iteration: 0, conflicts: 0
Total number of colors used: 185
Total number of conflicts overall: 0
Number of rounds: 1
SUCCESS: No conflicts found
Number of reordered colors: 183
End position for large colors: 0, node count: 21548, largest: 21548
Node count cutoff: 4395
e_xx: 1.8512e+08, a2_x: -4.34154e+08, currMod: 0.983039
End Structure 72300 21968 vs 166568
currMod: 0.983039, prevMod: 0.983039
numClusters: 21968
Total iteration time: 15.8943

Loop 0 <line-37> - Time 0.000672 Total energy consumed 0.050940 Ave. Power Level 75.828848
	-------- Loop 0 (sock 1 consumed 0.029040, avg temp 45.000000, final temp 45 ) ------
	-------- Loop 0 (sock 2 consumed 0.021900, avg temp 38.000000, final temp 39 ) ------
Loop 1 <line-54> - Time 0.000324 Total energy consumed 0.000000 Ave. Power Level 0.000000
	-------- Loop 1 (sock 1 consumed 0.000000, avg temp 45.000000, final temp 45 ) ------
	-------- Loop 1 (sock 2 consumed 0.000000, avg temp 38.000000, final temp 39 ) ------
Loop 2 <line-76> - Time 0.000307 Total energy consumed 0.000000 Ave. Power Level 0.000000
	-------- Loop 2 (sock 1 consumed 0.000000, avg temp 45.000000, final temp 45 ) ------
	-------- Loop 2 (sock 2 consumed 0.000000, avg temp 38.000000, final temp 39 ) ------
Loop 3 <line-170> - Time 0.487581 Total energy consumed 30.350685 Ave. Power Level 62.247495
	-------- Loop 3 (sock 1 consumed 15.748515, avg temp 44.166667, final temp 45 ) ------
	-------- Loop 3 (sock 2 consumed 14.602170, avg temp 38.166667, final temp 39 ) ------
Loop 4 <line-192> - Time 0.000360 Total energy consumed 0.051300 Ave. Power Level 142.323282
	-------- Loop 4 (sock 1 consumed 0.020625, avg temp 44.500000, final temp 45 ) ------
	-------- Loop 4 (sock 2 consumed 0.030675, avg temp 38.500000, final temp 39 ) ------
Loop 5 <line-222> - Time 0.154872 Total energy consumed 10.280835 Ave. Power Level 66.382750
	-------- Loop 5 (sock 1 consumed 4.491300, avg temp 45.000000, final temp 46 ) ------
	-------- Loop 5 (sock 2 consumed 5.789535, avg temp 39.000000, final temp 40 ) ------
Loop 6 <line-115> - Time 0.002025 Total energy consumed 0.000000 Ave. Power Level 0.000000
	-------- Loop 6 (sock 1 consumed 0.000000, avg temp 44.571429, final temp 45 ) ------
	-------- Loop 6 (sock 2 consumed 0.000000, avg temp 38.857143, final temp 39 ) ------
Loop 7 <line-334> - Time 0.347259 Total energy consumed 20.189850 Ave. Power Level 58.140656
	-------- Loop 7 (sock 1 consumed 9.441180, avg temp 44.875000, final temp 46 ) ------
	-------- Loop 7 (sock 2 consumed 10.748670, avg temp 39.250000, final temp 40 ) ------
Loop 8 <line-353> - Time 0.000526 Total energy consumed 0.000000 Ave. Power Level 0.000000
	-------- Loop 8 (sock 1 consumed 0.000000, avg temp 44.875000, final temp 46 ) ------
	-------- Loop 8 (sock 2 consumed 0.000000, avg temp 39.250000, final temp 40 ) ------
Loop 9 <line-375> - Time 0.000764 Total energy consumed 0.000000 Ave. Power Level 0.000000
	-------- Loop 9 (sock 1 consumed 0.000000, avg temp 44.875000, final temp 46 ) ------
	-------- Loop 9 (sock 2 consumed 0.000000, avg temp 39.250000, final temp 40 ) ------
Loop 10 <line-85> - Time 0.144494 Total energy consumed 15.216780 Ave. Power Level 105.310581
	-------- Loop 10 (sock 1 consumed 7.729665, avg temp 45.000000, final temp 45 ) ------
	-------- Loop 10 (sock 2 consumed 7.487115, avg temp 39.750000, final temp 40 ) ------
Loop 11 <line-131> - Time 0.002803 Total energy consumed 0.268665 Ave. Power Level 95.847278
	-------- Loop 11 (sock 1 consumed 0.111945, avg temp 45.000000, final temp 45 ) ------
	-------- Loop 11 (sock 2 consumed 0.156720, avg temp 40.000000, final temp 40 ) ------
Loop 12 <line-167> - Time 0.177329 Total energy consumed 18.526215 Ave. Power Level 104.473771
	-------- Loop 12 (sock 1 consumed 9.396660, avg temp 46.000000, final temp 46 ) ------
	-------- Loop 12 (sock 2 consumed 9.129555, avg temp 40.000000, final temp 40 ) ------
Loop 13 <line-213> - Time 5.793425 Total energy consumed 564.246825 Ave. Power Level 97.394339
	-------- Loop 13 (sock 1 consumed 285.531075, avg temp 47.166667, final temp 46 ) ------
	-------- Loop 13 (sock 2 consumed 278.715750, avg temp 40.166667, final temp 39 ) ------
Loop 14 <line-99> - Time 3.589060 Total energy consumed 223.244025 Ave. Power Level 62.201255
	-------- Loop 14 (sock 1 consumed 115.913700, avg temp 45.714286, final temp 45 ) ------
	-------- Loop 14 (sock 2 consumed 107.330325, avg temp 38.571429, final temp 39 ) ------
Loop 15 <line-160> - Time 0.099404 Total energy consumed 6.561015 Ave. Power Level 66.003757
	-------- Loop 15 (sock 1 consumed 3.274410, avg temp 45.571429, final temp 45 ) ------
	-------- Loop 15 (sock 2 consumed 3.286605, avg temp 39.285714, final temp 39 ) ------
Loop 16 <line-269> - Time 3.047311 Total energy consumed 171.890445 Ave. Power Level 56.407245
	-------- Loop 16 (sock 1 consumed 84.080925, avg temp 44.458333, final temp 44 ) ------
	-------- Loop 16 (sock 2 consumed 87.809520, avg temp 39.125000, final temp 38 ) ------
Loop 17 <line-300> - Time 0.001451 Total energy consumed 0.000000 Ave. Power Level 0.000000
	-------- Loop 17 (sock 1 consumed 0.000000, avg temp 44.388889, final temp 45 ) ------
	-------- Loop 17 (sock 2 consumed 0.000000, avg temp 39.166667, final temp 40 ) ------
Loop 18 <line-147> - Time 0.000396 Total energy consumed 0.000000 Ave. Power Level 0.000000
	-------- Loop 18 (sock 1 consumed 0.000000, avg temp 45.000000, final temp 45 ) ------
	-------- Loop 18 (sock 2 consumed 0.000000, avg temp 39.000000, final temp 39 ) ------
Application(EnergyStat) - Time 27.786510 Total energy consumed 1778.368935 Ave. Power Level 64.001163 Final Temperature socket 1 : 46  socket 2 : 39 
