Memory used: 1.29297
Loading 32-bit binary file: pnnl.bin, numvertices: 2361670, numEdges: 191402826
File read time: 1.93726
Before allocating graph
Allocated graph: 0x168f550
Processing edges for vertex: 0, range(0, 166)
Processing edges for vertex: 100000, range(58444108, 58444133)
Processing edges for vertex: 200000, range(84376057, 84376362)
Processing edges for vertex: 300000, range(106069163, 106069503)
Processing edges for vertex: 400000, range(122097114, 122097513)
Processing edges for vertex: 500000, range(135096418, 135096483)
Processing edges for vertex: 600000, range(146097008, 146097061)
Processing edges for vertex: 700000, range(155415410, 155415531)
Processing edges for vertex: 800000, range(162595900, 162595989)
Processing edges for vertex: 900000, range(168508374, 168508464)
Processing edges for vertex: 1000000, range(173203321, 173203442)
Processing edges for vertex: 1100000, range(176935100, 176935110)
Processing edges for vertex: 1200000, range(179876260, 179876270)
Processing edges for vertex: 1300000, range(182240081, 182240092)
Processing edges for vertex: 1400000, range(184224513, 184224521)
Processing edges for vertex: 1500000, range(185795161, 185795170)
Processing edges for vertex: 1600000, range(187104124, 187104130)
Processing edges for vertex: 1700000, range(188148455, 188148461)
Processing edges for vertex: 1800000, range(188997836, 188997842)
Processing edges for vertex: 1900000, range(189691532, 189691535)
Processing edges for vertex: 2000000, range(190254658, 190254660)
Processing edges for vertex: 2100000, range(190705814, 190705822)
Processing edges for vertex: 2200000, range(191052755, 191052764)
Processing edges for vertex: 2300000, range(191302662, 191302663)
Graph populate time: 8.9024
Total I/O time: 10.8397
Running on: 16 threads
Loaded graph from file: pnnl.bin
Memory used: 2949.09
Maximum degree for the graph: 5520
Iteration: 0, conflicts: 35
Iteration: 1, conflicts: 4
Iteration: 2, conflicts: 1
Iteration: 3, conflicts: 0
Total number of colors used: 1197
Total number of conflicts overall: 0
Number of rounds: 4
SUCCESS: No conflicts found
Coloring time: 0.718743
Memory used: 2949.09
Number of reordered colors: 1014
End position for large colors: 0, node count: 550383, largest: 550383
Node count cutoff: 472334
e_xx: 1.11613e+08, a2_x: 6.36549e+11, currMod: 0.583116
e_xx: 1.55599e+08, a2_x: 6.04953e+11, currMod: 0.812922
e_xx: 1.63665e+08, a2_x: 6.04665e+11, currMod: 0.855067
e_xx: 1.67322e+08, a2_x: 5.05976e+11, currMod: 0.874173
e_xx: 1.69074e+08, a2_x: 5.38598e+11, currMod: 0.883329
currMod: 0.874173, prevMod: -1
Louvain time: 7.32323
numClusters: 204538, time: 0.132678
Next phase: 2
Memory used: 2949.09
End Structure 1314986 204538 vs 2832702
Build next level time: 3.64749
Iteration time: 11.1077
Memory used: 2949.09
e_xx: 1.69074e+08, a2_x: 5.38598e+11, currMod: 0.883329
e_xx: 1.79925e+08, a2_x: 3.10305e+11, currMod: 0.940026
e_xx: 1.86179e+08, a2_x: 2.96387e+11, currMod: 0.9727
e_xx: 1.8283e+08, a2_x: 2.7878e+11, currMod: 0.955202
currMod: 0.9727, prevMod: 0.874173
Louvain time: 1.12081
numClusters: 70025, time: 0.024117
Next phase: 3
Memory used: 2949.09
End Structure 785883 70025 vs 1641737
Build next level time: 0.226738
Iteration time: 1.37241
Memory used: 2949.09
e_xx: 1.86179e+08, a2_x: 2.97564e+11, currMod: 0.972734
e_xx: 1.87422e+08, a2_x: 1.19921e+11, currMod: 0.979234
e_xx: 1.87719e+08, a2_x: 1.2166e+11, currMod: 0.980787
e_xx: 1.87806e+08, a2_x: 9.43914e+10, currMod: 0.981244
e_xx: 1.87845e+08, a2_x: 9.80476e+10, currMod: 0.981448
e_xx: 1.8786e+08, a2_x: 1.13254e+11, currMod: 0.981523
e_xx: 1.87863e+08, a2_x: 1.08674e+11, currMod: 0.981541
e_xx: 1.87867e+08, a2_x: 1.05866e+11, currMod: 0.98156
e_xx: 1.87866e+08, a2_x: 1.06705e+11, currMod: 0.981556
currMod: 0.98156, prevMod: 0.9727
Louvain time: 1.37553
numClusters: 25595, time: 0.006862
Next phase: 4
Memory used: 2949.09
End Structure 191671 25595 vs 408937
Build next level time: 0.112901
Iteration time: 1.49577
Memory used: 2949.09
e_xx: 1.87867e+08, a2_x: 1.02506e+11, currMod: 0.98153
e_xx: 1.88071e+08, a2_x: 1.32196e+10, currMod: 0.9826
e_xx: 1.88078e+08, a2_x: 1.26029e+10, currMod: 0.982637
e_xx: 1.88085e+08, a2_x: 1.13199e+09, currMod: 0.98267
e_xx: 1.88084e+08, a2_x: -7.19781e+09, currMod: 0.982667
currMod: 0.98267, prevMod: 0.98156
Louvain time: 0.303976
numClusters: 22247, time: 0.003926
Next phase: 5
Memory used: 2949.09
End Structure 93022 22247 vs 208291
Build next level time: 0.040162
Iteration time: 0.348498
Memory used: 2949.09
e_xx: 1.88085e+08, a2_x: 8.70008e+08, currMod: 0.982667
e_xx: 1.88093e+08, a2_x: -1.56019e+10, currMod: 0.98271
e_xx: 1.88093e+08, a2_x: -1.45539e+10, currMod: 0.982713
e_xx: 1.88094e+08, a2_x: -1.42568e+10, currMod: 0.982713
currMod: 0.982713, prevMod: 0.98267
Louvain time: 0.150394
numClusters: 21980, time: 0.003434
Next phase: 6
Memory used: 2949.09
End Structure 73891 21980 vs 169762
Build next level time: 0.029095
Iteration time: 0.187675
Memory used: 2949.09
e_xx: 1.88093e+08, a2_x: -1.40581e+10, currMod: 0.982712
e_xx: 1.88094e+08, a2_x: -1.71828e+10, currMod: 0.982714
e_xx: 1.88094e+08, a2_x: -1.57984e+10, currMod: 0.982713
currMod: 0.982714, prevMod: 0.982713
Louvain time: 0.085802
numClusters: 21965, time: 0.003393
Next phase: 7
Memory used: 2949.09
End Structure 72476 21965 vs 166917
Build next level time: 0.02275
Iteration time: 0.112128
Memory used: 2949.09
e_xx: 1.88094e+08, a2_x: -1.68634e+10, currMod: 0.982714
e_xx: 1.88094e+08, a2_x: -1.68634e+10, currMod: 0.982714
currMod: 0.982714, prevMod: 0.982714
Louvain time: 0.057001
numClusters: 21965, time: 0.003398
Maximum degree for the graph: 461
Iteration: 0, conflicts: 0
Total number of colors used: 189
Total number of conflicts overall: 0
Number of rounds: 1
SUCCESS: No conflicts found
Number of reordered colors: 185
End position for large colors: 0, node count: 21546, largest: 21546
Node count cutoff: 4393
e_xx: 1.88094e+08, a2_x: -1.68634e+10, currMod: 0.982714
End Structure 72476 21965 vs 166917
currMod: 0.982714, prevMod: 0.982714
numClusters: 21965
Total iteration time: 14.6242

Loop 0 <line-37> - Time 0.000688 Total energy consumed 0.054975 Ave. Power Level 79.871624
	-------- Loop 0 (sock 1 consumed 0.033420, avg temp 44.000000, final temp 44 ) ------
	-------- Loop 0 (sock 2 consumed 0.021555, avg temp 38.500000, final temp 40 ) ------
Loop 1 <line-54> - Time 0.000330 Total energy consumed 0.000000 Ave. Power Level 0.000000
	-------- Loop 1 (sock 1 consumed 0.000000, avg temp 45.000000, final temp 45 ) ------
	-------- Loop 1 (sock 2 consumed 0.000000, avg temp 38.000000, final temp 39 ) ------
Loop 2 <line-76> - Time 0.000310 Total energy consumed 0.000000 Ave. Power Level 0.000000
	-------- Loop 2 (sock 1 consumed 0.000000, avg temp 45.000000, final temp 45 ) ------
	-------- Loop 2 (sock 2 consumed 0.000000, avg temp 38.000000, final temp 39 ) ------
Loop 3 <line-170> - Time 0.432606 Total energy consumed 27.610095 Ave. Power Level 63.822668
	-------- Loop 3 (sock 1 consumed 13.760685, avg temp 44.400000, final temp 44 ) ------
	-------- Loop 3 (sock 2 consumed 13.849410, avg temp 38.200000, final temp 39 ) ------
Loop 4 <line-192> - Time 0.000257 Total energy consumed 0.000000 Ave. Power Level 0.000000
	-------- Loop 4 (sock 1 consumed 0.000000, avg temp 44.500000, final temp 44 ) ------
	-------- Loop 4 (sock 2 consumed 0.000000, avg temp 38.500000, final temp 39 ) ------
Loop 5 <line-222> - Time 0.162731 Total energy consumed 10.556265 Ave. Power Level 64.869250
	-------- Loop 5 (sock 1 consumed 5.163240, avg temp 44.000000, final temp 44 ) ------
	-------- Loop 5 (sock 2 consumed 5.393025, avg temp 38.500000, final temp 39 ) ------
Loop 6 <line-115> - Time 0.006658 Total energy consumed 0.597000 Ave. Power Level 89.665530
	-------- Loop 6 (sock 1 consumed 0.287130, avg temp 45.142857, final temp 45 ) ------
	-------- Loop 6 (sock 2 consumed 0.309870, avg temp 39.000000, final temp 39 ) ------
Loop 7 <line-334> - Time 0.360075 Total energy consumed 20.892555 Ave. Power Level 58.022859
	-------- Loop 7 (sock 1 consumed 11.101575, avg temp 45.375000, final temp 45 ) ------
	-------- Loop 7 (sock 2 consumed 9.790980, avg temp 39.000000, final temp 39 ) ------
Loop 8 <line-353> - Time 0.004983 Total energy consumed 0.450735 Ave. Power Level 90.461734
	-------- Loop 8 (sock 1 consumed 0.194910, avg temp 45.250000, final temp 45 ) ------
	-------- Loop 8 (sock 2 consumed 0.255825, avg temp 38.875000, final temp 39 ) ------
Loop 9 <line-375> - Time 0.005221 Total energy consumed 0.448230 Ave. Power Level 85.858030
	-------- Loop 9 (sock 1 consumed 0.243750, avg temp 45.375000, final temp 45 ) ------
	-------- Loop 9 (sock 2 consumed 0.204480, avg temp 38.875000, final temp 39 ) ------
Loop 10 <line-85> - Time 0.141757 Total energy consumed 14.814945 Ave. Power Level 104.509798
	-------- Loop 10 (sock 1 consumed 7.539900, avg temp 45.750000, final temp 45 ) ------
	-------- Loop 10 (sock 2 consumed 7.275045, avg temp 39.250000, final temp 40 ) ------
Loop 11 <line-131> - Time 0.002976 Total energy consumed 0.276090 Ave. Power Level 92.785833
	-------- Loop 11 (sock 1 consumed 0.168240, avg temp 45.500000, final temp 45 ) ------
	-------- Loop 11 (sock 2 consumed 0.107850, avg temp 39.500000, final temp 39 ) ------
Loop 12 <line-167> - Time 0.188572 Total energy consumed 19.738680 Ave. Power Level 104.674468
	-------- Loop 12 (sock 1 consumed 10.049430, avg temp 46.000000, final temp 45 ) ------
	-------- Loop 12 (sock 2 consumed 9.689250, avg temp 40.000000, final temp 40 ) ------
Loop 13 <line-213> - Time 4.312198 Total energy consumed 466.193820 Ave. Power Level 108.110478
	-------- Loop 13 (sock 1 consumed 235.721730, avg temp 48.166667, final temp 45 ) ------
	-------- Loop 13 (sock 2 consumed 230.472090, avg temp 42.333333, final temp 40 ) ------
Loop 14 <line-99> - Time 3.685414 Total energy consumed 229.185600 Ave. Power Level 62.187207
	-------- Loop 14 (sock 1 consumed 108.377145, avg temp 45.142857, final temp 45 ) ------
	-------- Loop 14 (sock 2 consumed 120.808455, avg temp 39.000000, final temp 39 ) ------
Loop 15 <line-160> - Time 0.119063 Total energy consumed 8.051940 Ave. Power Level 67.627483
	-------- Loop 15 (sock 1 consumed 4.024335, avg temp 44.857143, final temp 45 ) ------
	-------- Loop 15 (sock 2 consumed 4.027605, avg temp 39.142857, final temp 39 ) ------
Loop 16 <line-269> - Time 3.061068 Total energy consumed 164.758650 Ave. Power Level 53.823917
	-------- Loop 16 (sock 1 consumed 75.841380, avg temp 44.370370, final temp 44 ) ------
	-------- Loop 16 (sock 2 consumed 88.917270, avg temp 38.740741, final temp 40 ) ------
Loop 17 <line-300> - Time 0.001468 Total energy consumed 0.049515 Ave. Power Level 33.738895
	-------- Loop 17 (sock 1 consumed 0.027795, avg temp 44.428571, final temp 44 ) ------
	-------- Loop 17 (sock 2 consumed 0.021720, avg temp 38.666667, final temp 39 ) ------
Loop 18 <line-147> - Time 0.000370 Total energy consumed 0.000000 Ave. Power Level 0.000000
	-------- Loop 18 (sock 1 consumed 0.000000, avg temp 44.000000, final temp 44 ) ------
	-------- Loop 18 (sock 2 consumed 0.000000, avg temp 40.000000, final temp 40 ) ------
Application(EnergyStat) - Time 26.292820 Total energy consumed 1677.166380 Ave. Power Level 63.787998 Final Temperature socket 1 : 45  socket 2 : 39 
