Memory used: 1.29297
Loading 32-bit binary file: pnnl.bin, numvertices: 2361670, numEdges: 191402826
File read time: 1.85865
Before allocating graph
Allocated graph: 0xa23550
Processing edges for vertex: 0, range(0, 166)
Processing edges for vertex: 100000, range(58444108, 58444133)
Processing edges for vertex: 200000, range(84376057, 84376362)
Processing edges for vertex: 300000, range(106069163, 106069503)
Processing edges for vertex: 400000, range(122097114, 122097513)
Processing edges for vertex: 500000, range(135096418, 135096483)
Processing edges for vertex: 600000, range(146097008, 146097061)
Processing edges for vertex: 700000, range(155415410, 155415531)
Processing edges for vertex: 800000, range(162595900, 162595989)
Processing edges for vertex: 900000, range(168508374, 168508464)
Processing edges for vertex: 1000000, range(173203321, 173203442)
Processing edges for vertex: 1100000, range(176935100, 176935110)
Processing edges for vertex: 1200000, range(179876260, 179876270)
Processing edges for vertex: 1300000, range(182240081, 182240092)
Processing edges for vertex: 1400000, range(184224513, 184224521)
Processing edges for vertex: 1500000, range(185795161, 185795170)
Processing edges for vertex: 1600000, range(187104124, 187104130)
Processing edges for vertex: 1700000, range(188148455, 188148461)
Processing edges for vertex: 1800000, range(188997836, 188997842)
Processing edges for vertex: 1900000, range(189691532, 189691535)
Processing edges for vertex: 2000000, range(190254658, 190254660)
Processing edges for vertex: 2100000, range(190705814, 190705822)
Processing edges for vertex: 2200000, range(191052755, 191052764)
Processing edges for vertex: 2300000, range(191302662, 191302663)
Graph populate time: 8.87832
Total I/O time: 10.737
Running on: 16 threads
Loaded graph from file: pnnl.bin
Memory used: 2949.09
Maximum degree for the graph: 5520
Iteration: 0, conflicts: 37
Iteration: 1, conflicts: 2
Iteration: 2, conflicts: 0
Total number of colors used: 1187
Total number of conflicts overall: 0
Number of rounds: 3
SUCCESS: No conflicts found
Coloring time: 0.679384
Memory used: 2949.09
Number of reordered colors: 1020
End position for large colors: 0, node count: 550368, largest: 550368
Node count cutoff: 472334
e_xx: 1.2393e+08, a2_x: 5.91397e+11, currMod: 0.647466
e_xx: 1.65408e+08, a2_x: 5.7269e+11, currMod: 0.864171
e_xx: 1.72198e+08, a2_x: 5.26999e+11, currMod: 0.899648
e_xx: 1.74796e+08, a2_x: 5.39372e+11, currMod: 0.913224
e_xx: 1.76005e+08, a2_x: 5.27209e+11, currMod: 0.919541
currMod: 0.913224, prevMod: -1
Louvain time: 7.2695
numClusters: 203831, time: 0.119722
Next phase: 2
Memory used: 2949.09
End Structure 1283142 203831 vs 2768333
Build next level time: 4.12706
Iteration time: 11.5211
Memory used: 2949.09
e_xx: 1.56775e+08, a2_x: 5.26367e+11, currMod: 0.910592
e_xx: 1.65543e+08, a2_x: 3.07904e+11, currMod: 0.961532
e_xx: 1.66966e+08, a2_x: 2.46285e+11, currMod: 0.969798
e_xx: 1.67357e+08, a2_x: 2.57929e+11, currMod: 0.972067
e_xx: 1.67446e+08, a2_x: 2.75477e+11, currMod: 0.972584
e_xx: 1.67545e+08, a2_x: 2.56681e+11, currMod: 0.973157
e_xx: 1.67542e+08, a2_x: 2.7828e+11, currMod: 0.973144
currMod: 0.973157, prevMod: 0.913224
Louvain time: 1.72431
numClusters: 53953, time: 0.01796
Next phase: 3
Memory used: 2949.09
End Structure 529376 53953 vs 1112692
Build next level time: 0.220333
Iteration time: 1.96368
Memory used: 2949.09
e_xx: 1.67544e+08, a2_x: 2.57492e+11, currMod: 0.97313
e_xx: 1.68486e+08, a2_x: 1.25247e+11, currMod: 0.978604
e_xx: 1.68536e+08, a2_x: 1.20782e+11, currMod: 0.978895
e_xx: 1.68668e+08, a2_x: 1.06932e+11, currMod: 0.979662
e_xx: 1.68578e+08, a2_x: 9.7229e+10, currMod: 0.97914
currMod: 0.979662, prevMod: 0.973157
Louvain time: 0.641507
numClusters: 25848, time: 0.005971
Next phase: 4
Memory used: 2949.09
End Structure 182789 25848 vs 391425
Build next level time: 0.088013
Iteration time: 0.736
Memory used: 2949.09
e_xx: 1.68668e+08, a2_x: 1.04315e+11, currMod: 0.979649
e_xx: 1.68904e+08, a2_x: 4.623e+10, currMod: 0.981018
e_xx: 1.68934e+08, a2_x: 2.66483e+10, currMod: 0.981197
e_xx: 1.68939e+08, a2_x: 1.49605e+10, currMod: 0.981225
e_xx: 1.68935e+08, a2_x: 3.48398e+10, currMod: 0.981202
currMod: 0.981225, prevMod: 0.979662
Louvain time: 0.299331
numClusters: 22188, time: 0.004489
Next phase: 5
Memory used: 2949.09
End Structure 94268 22188 vs 210724
Build next level time: 0.037502
Iteration time: 0.341745
Memory used: 2949.09
e_xx: 1.68939e+08, a2_x: 1.77859e+10, currMod: 0.981223
e_xx: 1.68945e+08, a2_x: 2.39926e+10, currMod: 0.981259
e_xx: 1.68945e+08, a2_x: 3.18538e+10, currMod: 0.981259
currMod: 0.981259, prevMod: 0.981225
Louvain time: 0.10916
numClusters: 22029, time: 0.00346
Next phase: 6
Memory used: 2949.09
End Structure 84196 22029 vs 190421
Build next level time: 0.027837
Iteration time: 0.140757
Memory used: 2949.09
e_xx: 1.68945e+08, a2_x: 2.39926e+10, currMod: 0.981259
e_xx: 1.68946e+08, a2_x: 2.67727e+10, currMod: 0.98126
e_xx: 1.68946e+08, a2_x: 2.704e+10, currMod: 0.98126
currMod: 0.98126, prevMod: 0.981259
Louvain time: 0.099507
numClusters: 21994, time: 0.00343
Next phase: 7
Memory used: 2949.09
End Structure 81595 21994 vs 185184
Build next level time: 0.029582
Iteration time: 0.132818
Memory used: 2949.09
e_xx: 1.68946e+08, a2_x: 2.67727e+10, currMod: 0.98126
e_xx: 1.68946e+08, a2_x: 2.80736e+10, currMod: 0.98126
currMod: 0.98126, prevMod: 0.98126
Louvain time: 0.064077
numClusters: 21994, time: 0.003855
Maximum degree for the graph: 490
Iteration: 0, conflicts: 0
Total number of colors used: 178
Total number of conflicts overall: 0
Number of rounds: 1
SUCCESS: No conflicts found
Number of reordered colors: 177
End position for large colors: 0, node count: 21540, largest: 21540
Node count cutoff: 4399
e_xx: 1.68946e+08, a2_x: 2.80736e+10, currMod: 0.98126
End Structure 81375 21992 vs 184742
currMod: 0.98126, prevMod: 0.98126
numClusters: 21992
Total iteration time: 14.8361

Loop 0 <line-37> - Time 0.000631 Total energy consumed 0.051285 Ave. Power Level 81.323181
	-------- Loop 0 (sock 1 consumed 0.029670, avg temp 44.500000, final temp 45 ) ------
	-------- Loop 0 (sock 2 consumed 0.021615, avg temp 38.000000, final temp 39 ) ------
Loop 1 <line-54> - Time 0.000343 Total energy consumed 0.000000 Ave. Power Level 0.000000
	-------- Loop 1 (sock 1 consumed 0.000000, avg temp 44.500000, final temp 45 ) ------
	-------- Loop 1 (sock 2 consumed 0.000000, avg temp 38.500000, final temp 39 ) ------
Loop 2 <line-76> - Time 0.000369 Total energy consumed 0.000000 Ave. Power Level 0.000000
	-------- Loop 2 (sock 1 consumed 0.000000, avg temp 44.500000, final temp 45 ) ------
	-------- Loop 2 (sock 2 consumed 0.000000, avg temp 38.500000, final temp 39 ) ------
Loop 3 <line-170> - Time 0.404881 Total energy consumed 26.516685 Ave. Power Level 65.492589
	-------- Loop 3 (sock 1 consumed 14.068230, avg temp 47.500000, final temp 46 ) ------
	-------- Loop 3 (sock 2 consumed 12.448455, avg temp 37.500000, final temp 39 ) ------
Loop 4 <line-192> - Time 0.000267 Total energy consumed 0.000000 Ave. Power Level 0.000000
	-------- Loop 4 (sock 1 consumed 0.000000, avg temp 47.000000, final temp 46 ) ------
	-------- Loop 4 (sock 2 consumed 0.000000, avg temp 38.000000, final temp 39 ) ------
Loop 5 <line-222> - Time 0.152032 Total energy consumed 10.320240 Ave. Power Level 67.881919
	-------- Loop 5 (sock 1 consumed 5.587470, avg temp 45.500000, final temp 46 ) ------
	-------- Loop 5 (sock 2 consumed 4.732770, avg temp 38.500000, final temp 40 ) ------
Loop 6 <line-115> - Time 0.002363 Total energy consumed 0.098310 Ave. Power Level 41.604967
	-------- Loop 6 (sock 1 consumed 0.041460, avg temp 44.714286, final temp 45 ) ------
	-------- Loop 6 (sock 2 consumed 0.056850, avg temp 39.142857, final temp 39 ) ------
Loop 7 <line-334> - Time 0.356178 Total energy consumed 20.535630 Ave. Power Level 57.655517
	-------- Loop 7 (sock 1 consumed 10.057260, avg temp 44.750000, final temp 46 ) ------
	-------- Loop 7 (sock 2 consumed 10.478370, avg temp 39.500000, final temp 39 ) ------
Loop 8 <line-353> - Time 0.000517 Total energy consumed 0.000000 Ave. Power Level 0.000000
	-------- Loop 8 (sock 1 consumed 0.000000, avg temp 44.750000, final temp 46 ) ------
	-------- Loop 8 (sock 2 consumed 0.000000, avg temp 39.500000, final temp 39 ) ------
Loop 9 <line-375> - Time 0.000770 Total energy consumed 0.000000 Ave. Power Level 0.000000
	-------- Loop 9 (sock 1 consumed 0.000000, avg temp 44.750000, final temp 46 ) ------
	-------- Loop 9 (sock 2 consumed 0.000000, avg temp 39.500000, final temp 39 ) ------
Loop 10 <line-85> - Time 0.141740 Total energy consumed 14.936670 Ave. Power Level 105.380409
	-------- Loop 10 (sock 1 consumed 7.537920, avg temp 46.250000, final temp 47 ) ------
	-------- Loop 10 (sock 2 consumed 7.398750, avg temp 39.000000, final temp 39 ) ------
Loop 11 <line-131> - Time 0.002975 Total energy consumed 0.432075 Ave. Power Level 145.252187
	-------- Loop 11 (sock 1 consumed 0.219510, avg temp 46.000000, final temp 46 ) ------
	-------- Loop 11 (sock 2 consumed 0.212565, avg temp 39.000000, final temp 39 ) ------
Loop 12 <line-167> - Time 0.167345 Total energy consumed 17.248950 Ave. Power Level 103.074431
	-------- Loop 12 (sock 1 consumed 8.773785, avg temp 46.500000, final temp 46 ) ------
	-------- Loop 12 (sock 2 consumed 8.475165, avg temp 39.000000, final temp 39 ) ------
Loop 13 <line-213> - Time 4.255103 Total energy consumed 458.329680 Ave. Power Level 107.712951
	-------- Loop 13 (sock 1 consumed 233.263920, avg temp 48.000000, final temp 46 ) ------
	-------- Loop 13 (sock 2 consumed 225.065760, avg temp 41.666667, final temp 40 ) ------
Loop 14 <line-99> - Time 4.177987 Total energy consumed 256.405500 Ave. Power Level 61.370590
	-------- Loop 14 (sock 1 consumed 131.062440, avg temp 44.714286, final temp 44 ) ------
	-------- Loop 14 (sock 2 consumed 125.343060, avg temp 39.714286, final temp 39 ) ------
Loop 15 <line-160> - Time 0.101989 Total energy consumed 7.344315 Ave. Power Level 72.010589
	-------- Loop 15 (sock 1 consumed 3.712935, avg temp 45.142857, final temp 45 ) ------
	-------- Loop 15 (sock 2 consumed 3.631380, avg temp 39.428571, final temp 40 ) ------
Loop 16 <line-269> - Time 2.916628 Total energy consumed 157.845780 Ave. Power Level 54.119279
	-------- Loop 16 (sock 1 consumed 74.983545, avg temp 44.760000, final temp 45 ) ------
	-------- Loop 16 (sock 2 consumed 82.862235, avg temp 38.520000, final temp 38 ) ------
Loop 17 <line-300> - Time 0.001578 Total energy consumed 0.000000 Ave. Power Level 0.000000
	-------- Loop 17 (sock 1 consumed 0.000000, avg temp 44.842105, final temp 45 ) ------
	-------- Loop 17 (sock 2 consumed 0.000000, avg temp 38.526316, final temp 38 ) ------
Loop 18 <line-147> - Time 0.000411 Total energy consumed 0.000000 Ave. Power Level 0.000000
	-------- Loop 18 (sock 1 consumed 0.000000, avg temp 45.000000, final temp 45 ) ------
	-------- Loop 18 (sock 2 consumed 0.000000, avg temp 39.000000, final temp 39 ) ------
Application(EnergyStat) - Time 26.374909 Total energy consumed 1676.694150 Ave. Power Level 63.571561 Final Temperature socket 1 : 44  socket 2 : 39 
