Memory used: 1.28906
Loading 32-bit binary file: pnnl.bin, numvertices: 2361670, numEdges: 191402826
File read time: 1.94344
Before allocating graph
Allocated graph: 0xc47550
Processing edges for vertex: 0, range(0, 166)
Processing edges for vertex: 100000, range(58444108, 58444133)
Processing edges for vertex: 200000, range(84376057, 84376362)
Processing edges for vertex: 300000, range(106069163, 106069503)
Processing edges for vertex: 400000, range(122097114, 122097513)
Processing edges for vertex: 500000, range(135096418, 135096483)
Processing edges for vertex: 600000, range(146097008, 146097061)
Processing edges for vertex: 700000, range(155415410, 155415531)
Processing edges for vertex: 800000, range(162595900, 162595989)
Processing edges for vertex: 900000, range(168508374, 168508464)
Processing edges for vertex: 1000000, range(173203321, 173203442)
Processing edges for vertex: 1100000, range(176935100, 176935110)
Processing edges for vertex: 1200000, range(179876260, 179876270)
Processing edges for vertex: 1300000, range(182240081, 182240092)
Processing edges for vertex: 1400000, range(184224513, 184224521)
Processing edges for vertex: 1500000, range(185795161, 185795170)
Processing edges for vertex: 1600000, range(187104124, 187104130)
Processing edges for vertex: 1700000, range(188148455, 188148461)
Processing edges for vertex: 1800000, range(188997836, 188997842)
Processing edges for vertex: 1900000, range(189691532, 189691535)
Processing edges for vertex: 2000000, range(190254658, 190254660)
Processing edges for vertex: 2100000, range(190705814, 190705822)
Processing edges for vertex: 2200000, range(191052755, 191052764)
Processing edges for vertex: 2300000, range(191302662, 191302663)
Graph populate time: 9.03958
Total I/O time: 10.9831
Running on: 16 threads
Loaded graph from file: pnnl.bin
Memory used: 2949.09
Maximum degree for the graph: 5520
Iteration: 0, conflicts: 47
Iteration: 1, conflicts: 13
Iteration: 2, conflicts: 8
Iteration: 3, conflicts: 7
Iteration: 4, conflicts: 6
Iteration: 5, conflicts: 5
Iteration: 6, conflicts: 4
Iteration: 7, conflicts: 3
Iteration: 8, conflicts: 2
Iteration: 9, conflicts: 1
Iteration: 10, conflicts: 0
Total number of colors used: 1192
Total number of conflicts overall: 0
Number of rounds: 11
SUCCESS: No conflicts found
Coloring time: 0.717388
Memory used: 2949.09
Number of reordered colors: 1013
End position for large colors: 0, node count: 550411, largest: 550411
Node count cutoff: 472334
e_xx: 1.20239e+08, a2_x: 6.79384e+11, currMod: 0.628181
e_xx: 1.63135e+08, a2_x: 6.13224e+11, currMod: 0.852293
e_xx: 1.70291e+08, a2_x: 5.74172e+11, currMod: 0.889682
e_xx: 1.73233e+08, a2_x: 5.82871e+11, currMod: 0.905052
e_xx: 1.74743e+08, a2_x: 5.84462e+11, currMod: 0.912941
currMod: 0.905052, prevMod: -1
Louvain time: 7.21298
numClusters: 204444, time: 0.119394
Next phase: 2
Memory used: 2949.09
End Structure 1298726 204444 vs 2800129
Build next level time: 4.20294
Iteration time: 11.5402
Memory used: 2949.09
e_xx: 1.58317e+08, a2_x: 5.85773e+11, currMod: 0.904802
e_xx: 1.68327e+08, a2_x: 3.28791e+11, currMod: 0.96202
e_xx: 1.69674e+08, a2_x: 3.49434e+11, currMod: 0.969718
e_xx: 1.70102e+08, a2_x: 2.98926e+11, currMod: 0.972165
e_xx: 1.70226e+08, a2_x: 3.12238e+11, currMod: 0.972876
e_xx: 1.70386e+08, a2_x: 3.02582e+11, currMod: 0.973788
e_xx: 1.70333e+08, a2_x: 3.16331e+11, currMod: 0.973487
currMod: 0.973788, prevMod: 0.905052
Louvain time: 1.7896
numClusters: 55560, time: 0.017776
Next phase: 3
Memory used: 2949.09
End Structure 562928 55560 vs 1181407
Build next level time: 0.200868
Iteration time: 2.00897
Memory used: 2949.09
e_xx: 1.70386e+08, a2_x: 3.02017e+11, currMod: 0.973766
e_xx: 1.71308e+08, a2_x: 7.01716e+10, currMod: 0.979043
e_xx: 1.71341e+08, a2_x: 9.46213e+10, currMod: 0.97923
e_xx: 1.71441e+08, a2_x: 7.43327e+10, currMod: 0.979804
e_xx: 1.71381e+08, a2_x: 7.40053e+10, currMod: 0.979459
currMod: 0.979804, prevMod: 0.973788
Louvain time: 0.717536
numClusters: 26086, time: 0.00614
Next phase: 4
Memory used: 2949.09
End Structure 186350 26086 vs 398786
Build next level time: 0.098312
Iteration time: 0.822456
Memory used: 2949.09
e_xx: 1.71441e+08, a2_x: 7.60994e+10, currMod: 0.979791
e_xx: 1.71665e+08, a2_x: 7.62198e+10, currMod: 0.981068
e_xx: 1.71751e+08, a2_x: 6.36681e+10, currMod: 0.981565
e_xx: 1.71708e+08, a2_x: 5.81411e+10, currMod: 0.981315
currMod: 0.981565, prevMod: 0.979804
Louvain time: 0.240178
numClusters: 22292, time: 0.003881
Next phase: 5
Memory used: 2949.09
End Structure 98299 22292 vs 218890
Build next level time: 0.037588
Iteration time: 0.282109
Memory used: 2949.09
e_xx: 1.71751e+08, a2_x: 6.06071e+10, currMod: 0.981563
e_xx: 1.71756e+08, a2_x: 6.04915e+10, currMod: 0.981592
e_xx: 1.71756e+08, a2_x: 6.43337e+10, currMod: 0.981591
currMod: 0.981592, prevMod: 0.981565
Louvain time: 0.113414
numClusters: 22048, time: 0.003447
Next phase: 6
Memory used: 2949.09
End Structure 86839 22048 vs 195726
Build next level time: 0.030653
Iteration time: 0.147741
Memory used: 2949.09
e_xx: 1.71756e+08, a2_x: 6.20886e+10, currMod: 0.981592
e_xx: 1.71757e+08, a2_x: 5.34133e+10, currMod: 0.981593
e_xx: 1.71757e+08, a2_x: 5.37895e+10, currMod: 0.981594
currMod: 0.981593, prevMod: 0.981592
Louvain time: 0.105526
numClusters: 21998, time: 0.003411
Next phase: 7
Memory used: 2949.09
End Structure 84026 21998 vs 190050
Build next level time: 0.03139
Iteration time: 0.140549
Memory used: 2949.09
e_xx: 1.71757e+08, a2_x: 5.43528e+10, currMod: 0.981593
e_xx: 1.71757e+08, a2_x: 5.34118e+10, currMod: 0.981593
currMod: 0.981593, prevMod: 0.981593
Louvain time: 0.071953
numClusters: 21998, time: 0.003393
Maximum degree for the graph: 496
Iteration: 0, conflicts: 0
Total number of colors used: 178
Total number of conflicts overall: 0
Number of rounds: 1
SUCCESS: No conflicts found
Number of reordered colors: 175
End position for large colors: 0, node count: 21535, largest: 21535
Node count cutoff: 4400
e_xx: 1.71757e+08, a2_x: 5.34118e+10, currMod: 0.981593
End Structure 83644 21993 vs 189281
currMod: 0.981593, prevMod: 0.981593
numClusters: 21993
Total iteration time: 14.942

Loop 0 <line-37> - Time 0.000616 Total energy consumed 0.000000 Ave. Power Level 0.000000
	-------- Loop 0 (sock 1 consumed 0.000000, avg temp 45.000000, final temp 45 ) ------
	-------- Loop 0 (sock 2 consumed 0.000000, avg temp 38.500000, final temp 40 ) ------
Loop 1 <line-54> - Time 0.001298 Total energy consumed 0.108120 Ave. Power Level 83.273322
	-------- Loop 1 (sock 1 consumed 0.039435, avg temp 45.000000, final temp 45 ) ------
	-------- Loop 1 (sock 2 consumed 0.068685, avg temp 39.000000, final temp 40 ) ------
Loop 2 <line-76> - Time 0.000300 Total energy consumed 0.000000 Ave. Power Level 0.000000
	-------- Loop 2 (sock 1 consumed 0.000000, avg temp 45.000000, final temp 45 ) ------
	-------- Loop 2 (sock 2 consumed 0.000000, avg temp 39.000000, final temp 40 ) ------
Loop 3 <line-170> - Time 0.428769 Total energy consumed 27.532020 Ave. Power Level 64.211810
	-------- Loop 3 (sock 1 consumed 14.172330, avg temp 45.000000, final temp 45 ) ------
	-------- Loop 3 (sock 2 consumed 13.359690, avg temp 38.166667, final temp 40 ) ------
Loop 4 <line-192> - Time 0.000240 Total energy consumed 0.000000 Ave. Power Level 0.000000
	-------- Loop 4 (sock 1 consumed 0.000000, avg temp 45.000000, final temp 45 ) ------
	-------- Loop 4 (sock 2 consumed 0.000000, avg temp 39.000000, final temp 40 ) ------
Loop 5 <line-222> - Time 0.165130 Total energy consumed 10.714305 Ave. Power Level 64.884159
	-------- Loop 5 (sock 1 consumed 5.541525, avg temp 45.000000, final temp 45 ) ------
	-------- Loop 5 (sock 2 consumed 5.172780, avg temp 38.500000, final temp 40 ) ------
Loop 6 <line-115> - Time 0.002009 Total energy consumed 0.049725 Ave. Power Level 24.749925
	-------- Loop 6 (sock 1 consumed 0.028080, avg temp 45.142857, final temp 45 ) ------
	-------- Loop 6 (sock 2 consumed 0.021645, avg temp 38.285714, final temp 39 ) ------
Loop 7 <line-334> - Time 0.348059 Total energy consumed 20.283195 Ave. Power Level 58.275227
	-------- Loop 7 (sock 1 consumed 9.644940, avg temp 45.500000, final temp 46 ) ------
	-------- Loop 7 (sock 2 consumed 10.638255, avg temp 38.875000, final temp 40 ) ------
Loop 8 <line-353> - Time 0.000569 Total energy consumed 0.052050 Ave. Power Level 91.530002
	-------- Loop 8 (sock 1 consumed 0.028095, avg temp 45.500000, final temp 46 ) ------
	-------- Loop 8 (sock 2 consumed 0.023955, avg temp 38.875000, final temp 40 ) ------
Loop 9 <line-375> - Time 0.000775 Total energy consumed 0.000000 Ave. Power Level 0.000000
	-------- Loop 9 (sock 1 consumed 0.000000, avg temp 45.500000, final temp 46 ) ------
	-------- Loop 9 (sock 2 consumed 0.000000, avg temp 38.875000, final temp 40 ) ------
Loop 10 <line-85> - Time 0.148078 Total energy consumed 15.602760 Ave. Power Level 105.368677
	-------- Loop 10 (sock 1 consumed 7.939755, avg temp 46.000000, final temp 45 ) ------
	-------- Loop 10 (sock 2 consumed 7.663005, avg temp 39.500000, final temp 40 ) ------
Loop 11 <line-131> - Time 0.002749 Total energy consumed 0.272130 Ave. Power Level 98.996034
	-------- Loop 11 (sock 1 consumed 0.112065, avg temp 46.000000, final temp 46 ) ------
	-------- Loop 11 (sock 2 consumed 0.160065, avg temp 39.500000, final temp 40 ) ------
Loop 12 <line-167> - Time 0.125886 Total energy consumed 13.097400 Ave. Power Level 104.041436
	-------- Loop 12 (sock 1 consumed 6.661380, avg temp 46.000000, final temp 46 ) ------
	-------- Loop 12 (sock 2 consumed 6.436020, avg temp 39.500000, final temp 40 ) ------
Loop 13 <line-213> - Time 4.220249 Total energy consumed 458.131785 Ave. Power Level 108.555626
	-------- Loop 13 (sock 1 consumed 232.529685, avg temp 48.666667, final temp 47 ) ------
	-------- Loop 13 (sock 2 consumed 225.602100, avg temp 42.000000, final temp 40 ) ------
Loop 14 <line-99> - Time 4.242836 Total energy consumed 264.894345 Ave. Power Level 62.433322
	-------- Loop 14 (sock 1 consumed 133.567965, avg temp 45.857143, final temp 45 ) ------
	-------- Loop 14 (sock 2 consumed 131.326380, avg temp 39.000000, final temp 39 ) ------
Loop 15 <line-160> - Time 0.114074 Total energy consumed 7.843050 Ave. Power Level 68.754228
	-------- Loop 15 (sock 1 consumed 3.798390, avg temp 45.571429, final temp 46 ) ------
	-------- Loop 15 (sock 2 consumed 4.044660, avg temp 39.285714, final temp 39 ) ------
Loop 16 <line-269> - Time 3.015870 Total energy consumed 161.799360 Ave. Power Level 53.649316
	-------- Loop 16 (sock 1 consumed 72.808680, avg temp 44.541667, final temp 44 ) ------
	-------- Loop 16 (sock 2 consumed 88.990680, avg temp 39.000000, final temp 41 ) ------
Loop 17 <line-300> - Time 0.001570 Total energy consumed 0.000000 Ave. Power Level 0.000000
	-------- Loop 17 (sock 1 consumed 0.000000, avg temp 44.611111, final temp 44 ) ------
	-------- Loop 17 (sock 2 consumed 0.000000, avg temp 38.833333, final temp 39 ) ------
Loop 18 <line-147> - Time 0.000426 Total energy consumed 0.066195 Ave. Power Level 155.544694
	-------- Loop 18 (sock 1 consumed 0.033735, avg temp 45.000000, final temp 45 ) ------
	-------- Loop 18 (sock 2 consumed 0.032460, avg temp 40.000000, final temp 40 ) ------
Application(EnergyStat) - Time 26.768745 Total energy consumed 1695.695055 Ave. Power Level 63.346080 Final Temperature socket 1 : 46  socket 2 : 39 
