Memory used: 1.28906
Loading 32-bit binary file: pnnl.bin, numvertices: 2361670, numEdges: 191402826
File read time: 1.86342
Before allocating graph
Allocated graph: 0x19a0550
Processing edges for vertex: 0, range(0, 166)
Processing edges for vertex: 100000, range(58444108, 58444133)
Processing edges for vertex: 200000, range(84376057, 84376362)
Processing edges for vertex: 300000, range(106069163, 106069503)
Processing edges for vertex: 400000, range(122097114, 122097513)
Processing edges for vertex: 500000, range(135096418, 135096483)
Processing edges for vertex: 600000, range(146097008, 146097061)
Processing edges for vertex: 700000, range(155415410, 155415531)
Processing edges for vertex: 800000, range(162595900, 162595989)
Processing edges for vertex: 900000, range(168508374, 168508464)
Processing edges for vertex: 1000000, range(173203321, 173203442)
Processing edges for vertex: 1100000, range(176935100, 176935110)
Processing edges for vertex: 1200000, range(179876260, 179876270)
Processing edges for vertex: 1300000, range(182240081, 182240092)
Processing edges for vertex: 1400000, range(184224513, 184224521)
Processing edges for vertex: 1500000, range(185795161, 185795170)
Processing edges for vertex: 1600000, range(187104124, 187104130)
Processing edges for vertex: 1700000, range(188148455, 188148461)
Processing edges for vertex: 1800000, range(188997836, 188997842)
Processing edges for vertex: 1900000, range(189691532, 189691535)
Processing edges for vertex: 2000000, range(190254658, 190254660)
Processing edges for vertex: 2100000, range(190705814, 190705822)
Processing edges for vertex: 2200000, range(191052755, 191052764)
Processing edges for vertex: 2300000, range(191302662, 191302663)
Graph populate time: 9.19367
Total I/O time: 11.0571
Running on: 16 threads
Loaded graph from file: pnnl.bin
Memory used: 2949.09
Maximum degree for the graph: 5520
Iteration: 0, conflicts: 48
Iteration: 1, conflicts: 12
Iteration: 2, conflicts: 8
Iteration: 3, conflicts: 6
Iteration: 4, conflicts: 4
Iteration: 5, conflicts: 3
Iteration: 6, conflicts: 2
Iteration: 7, conflicts: 1
Iteration: 8, conflicts: 0
Total number of colors used: 1195
Total number of conflicts overall: 0
Number of rounds: 9
SUCCESS: No conflicts found
Coloring time: 0.76502
Memory used: 2949.09
Number of reordered colors: 1013
End position for large colors: 0, node count: 550363, largest: 550363
Node count cutoff: 472334
e_xx: 1.14158e+08, a2_x: 6.13054e+11, currMod: 0.596412
e_xx: 1.5876e+08, a2_x: 5.6224e+11, currMod: 0.829438
e_xx: 1.66252e+08, a2_x: 6.14188e+11, currMod: 0.868581
e_xx: 1.69118e+08, a2_x: 5.64807e+11, currMod: 0.883555
e_xx: 1.70699e+08, a2_x: 4.88238e+11, currMod: 0.89182
currMod: 0.883555, prevMod: -1
Louvain time: 7.16692
numClusters: 202489, time: 0.120302
Next phase: 2
Memory used: 2949.09
End Structure 1224273 202489 vs 2648889
Build next level time: 3.82091
Iteration time: 11.112
Memory used: 2949.09
e_xx: 1.65621e+08, a2_x: 4.89623e+11, currMod: 0.8889
e_xx: 1.78467e+08, a2_x: 3.49293e+11, currMod: 0.957845
e_xx: 1.80375e+08, a2_x: 2.69052e+11, currMod: 0.968089
e_xx: 1.81194e+08, a2_x: 2.29182e+11, currMod: 0.972486
e_xx: 1.80773e+08, a2_x: 2.5986e+11, currMod: 0.97023
currMod: 0.972486, prevMod: 0.883555
Louvain time: 1.20159
numClusters: 56676, time: 0.018811
Next phase: 3
Memory used: 2949.09
End Structure 512577 56676 vs 1081805
Build next level time: 0.216653
Iteration time: 1.43766
Memory used: 2949.09
e_xx: 1.81194e+08, a2_x: 2.32749e+11, currMod: 0.972479
e_xx: 1.82783e+08, a2_x: 1.29834e+11, currMod: 0.981014
e_xx: 1.82913e+08, a2_x: 1.22947e+11, currMod: 0.981709
e_xx: 1.82977e+08, a2_x: 9.04323e+10, currMod: 0.982056
e_xx: 1.82946e+08, a2_x: 1.00634e+11, currMod: 0.981886
currMod: 0.982056, prevMod: 0.972486
Louvain time: 0.618531
numClusters: 24890, time: 0.005758
Next phase: 4
Memory used: 2949.09
End Structure 158989 24890 vs 342868
Build next level time: 0.087565
Iteration time: 0.712332
Memory used: 2949.09
e_xx: 1.82977e+08, a2_x: 8.71813e+10, currMod: 0.982037
e_xx: 1.83103e+08, a2_x: 5.61858e+09, currMod: 0.982713
e_xx: 1.8311e+08, a2_x: 1.34724e+10, currMod: 0.98275
e_xx: 1.83113e+08, a2_x: 6.53819e+09, currMod: 0.982768
e_xx: 1.83117e+08, a2_x: 1.4911e+10, currMod: 0.982786
e_xx: 1.83114e+08, a2_x: 1.22049e+10, currMod: 0.982774
currMod: 0.982786, prevMod: 0.982056
Louvain time: 0.332226
numClusters: 22154, time: 0.003791
Next phase: 5
Memory used: 2949.09
End Structure 83811 22154 vs 189776
Build next level time: 0.030761
Iteration time: 0.367232
Memory used: 2949.09
e_xx: 1.83117e+08, a2_x: 1.66725e+10, currMod: 0.982783
e_xx: 1.8314e+08, a2_x: 1.36762e+10, currMod: 0.982911
e_xx: 1.83141e+08, a2_x: 1.52311e+10, currMod: 0.982911
currMod: 0.982911, prevMod: 0.982786
Louvain time: 0.102249
numClusters: 22019, time: 0.00343
Next phase: 6
Memory used: 2949.09
End Structure 75509 22019 vs 173037
Build next level time: 0.028217
Iteration time: 0.13413
Memory used: 2949.09
e_xx: 1.8314e+08, a2_x: 1.53486e+10, currMod: 0.98291
e_xx: 1.83141e+08, a2_x: 1.14206e+10, currMod: 0.982911
currMod: 0.982911, prevMod: 0.982911
Louvain time: 0.063929
numClusters: 22019, time: 0.003408
Maximum degree for the graph: 507
Iteration: 0, conflicts: 0
Total number of colors used: 175
Total number of conflicts overall: 0
Number of rounds: 1
SUCCESS: No conflicts found
Number of reordered colors: 175
End position for large colors: 0, node count: 21573, largest: 21573
Node count cutoff: 4404
e_xx: 1.83141e+08, a2_x: -4.23269e+08, currMod: 0.982912
e_xx: 1.83141e+08, a2_x: 2.59423e+09, currMod: 0.982915
e_xx: 1.84141e+08, a2_x: 1.30469e+10, currMod: 0.98828
e_xx: 1.84113e+08, a2_x: 1.06948e+10, currMod: 0.988133
End Structure 2227 21632 vs 26086
currMod: 0.98828, prevMod: 0.982911
numClusters: 21632
Total iteration time: 13.7633

Loop 0 <line-37> - Time 0.000653 Total energy consumed 0.048270 Ave. Power Level 73.955250
	-------- Loop 0 (sock 1 consumed 0.027705, avg temp 47.000000, final temp 46 ) ------
	-------- Loop 0 (sock 2 consumed 0.020565, avg temp 38.000000, final temp 39 ) ------
Loop 1 <line-54> - Time 0.000339 Total energy consumed 0.000000 Ave. Power Level 0.000000
	-------- Loop 1 (sock 1 consumed 0.000000, avg temp 47.000000, final temp 46 ) ------
	-------- Loop 1 (sock 2 consumed 0.000000, avg temp 38.500000, final temp 39 ) ------
Loop 2 <line-76> - Time 0.000338 Total energy consumed 0.000000 Ave. Power Level 0.000000
	-------- Loop 2 (sock 1 consumed 0.000000, avg temp 47.000000, final temp 46 ) ------
	-------- Loop 2 (sock 2 consumed 0.000000, avg temp 38.500000, final temp 39 ) ------
Loop 3 <line-170> - Time 0.462714 Total energy consumed 29.031015 Ave. Power Level 62.740706
	-------- Loop 3 (sock 1 consumed 13.343760, avg temp 45.100000, final temp 46 ) ------
	-------- Loop 3 (sock 2 consumed 15.687255, avg temp 37.200000, final temp 39 ) ------
Loop 4 <line-192> - Time 0.000354 Total energy consumed 0.080460 Ave. Power Level 227.543962
	-------- Loop 4 (sock 1 consumed 0.053025, avg temp 45.500000, final temp 46 ) ------
	-------- Loop 4 (sock 2 consumed 0.027435, avg temp 38.500000, final temp 39 ) ------
Loop 5 <line-222> - Time 0.176826 Total energy consumed 11.303475 Ave. Power Level 63.924197
	-------- Loop 5 (sock 1 consumed 4.720515, avg temp 45.000000, final temp 46 ) ------
	-------- Loop 5 (sock 2 consumed 6.582960, avg temp 38.500000, final temp 39 ) ------
Loop 6 <line-115> - Time 0.001884 Total energy consumed 0.050520 Ave. Power Level 26.808200
	-------- Loop 6 (sock 1 consumed 0.027960, avg temp 45.166667, final temp 45 ) ------
	-------- Loop 6 (sock 2 consumed 0.022560, avg temp 38.666667, final temp 39 ) ------
Loop 7 <line-334> - Time 0.354094 Total energy consumed 20.105235 Ave. Power Level 56.779317
	-------- Loop 7 (sock 1 consumed 9.726225, avg temp 45.000000, final temp 45 ) ------
	-------- Loop 7 (sock 2 consumed 10.379010, avg temp 38.857143, final temp 39 ) ------
Loop 8 <line-353> - Time 0.000471 Total energy consumed 0.000000 Ave. Power Level 0.000000
	-------- Loop 8 (sock 1 consumed 0.000000, avg temp 45.000000, final temp 45 ) ------
	-------- Loop 8 (sock 2 consumed 0.000000, avg temp 38.857143, final temp 39 ) ------
Loop 9 <line-375> - Time 0.000733 Total energy consumed 0.000000 Ave. Power Level 0.000000
	-------- Loop 9 (sock 1 consumed 0.000000, avg temp 45.000000, final temp 45 ) ------
	-------- Loop 9 (sock 2 consumed 0.000000, avg temp 38.857143, final temp 39 ) ------
Loop 10 <line-85> - Time 0.145820 Total energy consumed 15.256800 Ave. Power Level 104.627540
	-------- Loop 10 (sock 1 consumed 7.722780, avg temp 46.500000, final temp 46 ) ------
	-------- Loop 10 (sock 2 consumed 7.534020, avg temp 39.750000, final temp 40 ) ------
Loop 11 <line-131> - Time 0.002803 Total energy consumed 0.271560 Ave. Power Level 96.893665
	-------- Loop 11 (sock 1 consumed 0.165885, avg temp 47.000000, final temp 46 ) ------
	-------- Loop 11 (sock 2 consumed 0.105675, avg temp 40.000000, final temp 40 ) ------
Loop 12 <line-167> - Time 0.193539 Total energy consumed 20.173050 Ave. Power Level 104.232215
	-------- Loop 12 (sock 1 consumed 10.296195, avg temp 46.500000, final temp 46 ) ------
	-------- Loop 12 (sock 2 consumed 9.876855, avg temp 40.000000, final temp 40 ) ------
Loop 13 <line-213> - Time 4.170704 Total energy consumed 455.038980 Ave. Power Level 109.103632
	-------- Loop 13 (sock 1 consumed 232.168275, avg temp 48.000000, final temp 47 ) ------
	-------- Loop 13 (sock 2 consumed 222.870705, avg temp 41.222222, final temp 40 ) ------
Loop 14 <line-99> - Time 3.873903 Total energy consumed 245.036310 Ave. Power Level 63.253090
	-------- Loop 14 (sock 1 consumed 124.286955, avg temp 45.500000, final temp 46 ) ------
	-------- Loop 14 (sock 2 consumed 120.749355, avg temp 38.333333, final temp 39 ) ------
Loop 15 <line-160> - Time 0.086303 Total energy consumed 5.958435 Ave. Power Level 69.040595
	-------- Loop 15 (sock 1 consumed 3.044820, avg temp 45.833333, final temp 46 ) ------
	-------- Loop 15 (sock 2 consumed 2.913615, avg temp 38.833333, final temp 39 ) ------
Loop 16 <line-269> - Time 2.300223 Total energy consumed 124.388430 Ave. Power Level 54.076675
	-------- Loop 16 (sock 1 consumed 58.480080, avg temp 44.809524, final temp 45 ) ------
	-------- Loop 16 (sock 2 consumed 65.908350, avg temp 38.380952, final temp 39 ) ------
Loop 17 <line-300> - Time 0.001163 Total energy consumed 0.000000 Ave. Power Level 0.000000
	-------- Loop 17 (sock 1 consumed 0.000000, avg temp 44.875000, final temp 45 ) ------
	-------- Loop 17 (sock 2 consumed 0.000000, avg temp 38.437500, final temp 39 ) ------
Loop 18 <line-147> - Time 0.000413 Total energy consumed 0.000000 Ave. Power Level 0.000000
	-------- Loop 18 (sock 1 consumed 0.000000, avg temp 46.000000, final temp 46 ) ------
	-------- Loop 18 (sock 2 consumed 0.000000, avg temp 39.000000, final temp 39 ) ------
Application(EnergyStat) - Time 25.691711 Total energy consumed 1639.141485 Ave. Power Level 63.800402 Final Temperature socket 1 : 46  socket 2 : 40 
