Memory used: 1.29297
Loading 32-bit binary file: pnnl.bin, numvertices: 2361670, numEdges: 191402826
File read time: 1.86567
Before allocating graph
Allocated graph: 0x1b23550
Processing edges for vertex: 0, range(0, 166)
Processing edges for vertex: 100000, range(58444108, 58444133)
Processing edges for vertex: 200000, range(84376057, 84376362)
Processing edges for vertex: 300000, range(106069163, 106069503)
Processing edges for vertex: 400000, range(122097114, 122097513)
Processing edges for vertex: 500000, range(135096418, 135096483)
Processing edges for vertex: 600000, range(146097008, 146097061)
Processing edges for vertex: 700000, range(155415410, 155415531)
Processing edges for vertex: 800000, range(162595900, 162595989)
Processing edges for vertex: 900000, range(168508374, 168508464)
Processing edges for vertex: 1000000, range(173203321, 173203442)
Processing edges for vertex: 1100000, range(176935100, 176935110)
Processing edges for vertex: 1200000, range(179876260, 179876270)
Processing edges for vertex: 1300000, range(182240081, 182240092)
Processing edges for vertex: 1400000, range(184224513, 184224521)
Processing edges for vertex: 1500000, range(185795161, 185795170)
Processing edges for vertex: 1600000, range(187104124, 187104130)
Processing edges for vertex: 1700000, range(188148455, 188148461)
Processing edges for vertex: 1800000, range(188997836, 188997842)
Processing edges for vertex: 1900000, range(189691532, 189691535)
Processing edges for vertex: 2000000, range(190254658, 190254660)
Processing edges for vertex: 2100000, range(190705814, 190705822)
Processing edges for vertex: 2200000, range(191052755, 191052764)
Processing edges for vertex: 2300000, range(191302662, 191302663)
Graph populate time: 8.87548
Total I/O time: 10.7412
Running on: 16 threads
Loaded graph from file: pnnl.bin
Memory used: 2949.09
Maximum degree for the graph: 5520
Iteration: 0, conflicts: 32
Iteration: 1, conflicts: 0
Total number of colors used: 1194
Total number of conflicts overall: 0
Number of rounds: 2
SUCCESS: No conflicts found
Coloring time: 0.677103
Memory used: 2949.09
Number of reordered colors: 1023
End position for large colors: 0, node count: 550257, largest: 550257
Node count cutoff: 472334
e_xx: 1.18041e+08, a2_x: 6.43429e+11, currMod: 0.616698
e_xx: 1.60866e+08, a2_x: 6.16129e+11, currMod: 0.84044
e_xx: 1.67591e+08, a2_x: 5.26135e+11, currMod: 0.87558
e_xx: 1.704e+08, a2_x: 5.54539e+11, currMod: 0.890256
e_xx: 1.72e+08, a2_x: 5.18162e+11, currMod: 0.898614
currMod: 0.890256, prevMod: -1
Louvain time: 7.23206
numClusters: 204237, time: 0.129527
Next phase: 2
Memory used: 2949.09
End Structure 1305124 204237 vs 2812767
Build next level time: 3.63522
Iteration time: 11.0009
Memory used: 2949.09
e_xx: 1.66332e+08, a2_x: 5.15567e+11, currMod: 0.895547
e_xx: 1.79283e+08, a2_x: 3.33502e+11, currMod: 0.965281
e_xx: 1.80646e+08, a2_x: 2.91188e+11, currMod: 0.972622
e_xx: 1.8094e+08, a2_x: 2.35331e+11, currMod: 0.974208
e_xx: 1.81068e+08, a2_x: 3.07178e+11, currMod: 0.974892
e_xx: 1.81158e+08, a2_x: 2.52201e+11, currMod: 0.975378
e_xx: 1.8118e+08, a2_x: 2.9376e+11, currMod: 0.975495
e_xx: 1.81222e+08, a2_x: 2.72315e+11, currMod: 0.975721
e_xx: 1.81224e+08, a2_x: 2.88895e+11, currMod: 0.975734
e_xx: 1.81259e+08, a2_x: 2.61346e+11, currMod: 0.975923
e_xx: 1.81255e+08, a2_x: 2.76093e+11, currMod: 0.975898
currMod: 0.975923, prevMod: 0.890256
Louvain time: 2.73361
numClusters: 51126, time: 0.01898
Next phase: 3
Memory used: 2949.09
End Structure 498447 51126 vs 1048009
Build next level time: 0.224567
Iteration time: 2.97786
Memory used: 2949.09
e_xx: 1.81258e+08, a2_x: 2.64054e+11, currMod: 0.975915
e_xx: 1.82101e+08, a2_x: 1.46307e+11, currMod: 0.980456
e_xx: 1.821e+08, a2_x: 9.90249e+10, currMod: 0.980451
currMod: 0.980456, prevMod: 0.975923
Louvain time: 0.385833
numClusters: 31402, time: 0.007438
Next phase: 4
Memory used: 2949.09
End Structure 254649 31402 vs 540700
Build next level time: 0.0877
Iteration time: 0.481432
Memory used: 2949.09
e_xx: 1.82101e+08, a2_x: 1.49513e+11, currMod: 0.980443
e_xx: 1.82454e+08, a2_x: 5.06817e+10, currMod: 0.982346
e_xx: 1.82504e+08, a2_x: 6.69433e+10, currMod: 0.982616
e_xx: 1.82509e+08, a2_x: 2.64805e+10, currMod: 0.982642
e_xx: 1.8251e+08, a2_x: 5.01045e+10, currMod: 0.982648
e_xx: 1.8251e+08, a2_x: 2.74671e+10, currMod: 0.982647
currMod: 0.982648, prevMod: 0.980456
Louvain time: 0.41838
numClusters: 22383, time: 0.00423
Next phase: 5
Memory used: 2949.09
End Structure 97994 22383 vs 218371
Build next level time: 0.047705
Iteration time: 0.470761
Memory used: 2949.09
e_xx: 1.8251e+08, a2_x: 4.73123e+10, currMod: 0.982639
e_xx: 1.82519e+08, a2_x: 4.33771e+09, currMod: 0.982691
e_xx: 1.8252e+08, a2_x: 5.78039e+09, currMod: 0.982696
e_xx: 1.82522e+08, a2_x: -1.47959e+09, currMod: 0.982705
e_xx: 1.82521e+08, a2_x: 1.25916e+09, currMod: 0.982698
currMod: 0.982705, prevMod: 0.982648
Louvain time: 0.182719
numClusters: 21966, time: 0.003468
Next phase: 6
Memory used: 2949.09
End Structure 64324 21966 vs 150614
Build next level time: 0.023513
Iteration time: 0.20999
Memory used: 2949.09
e_xx: 1.82522e+08, a2_x: -2.20924e+09, currMod: 0.982705
e_xx: 1.82522e+08, a2_x: -5.65453e+08, currMod: 0.982706
currMod: 0.982705, prevMod: 0.982705
Louvain time: 0.049839
numClusters: 21966, time: 0.003431
Maximum degree for the graph: 454
Iteration: 0, conflicts: 0
Total number of colors used: 171
Total number of conflicts overall: 0
Number of rounds: 1
SUCCESS: No conflicts found
Number of reordered colors: 169
End position for large colors: 0, node count: 21561, largest: 21561
Node count cutoff: 4394
e_xx: 1.82528e+08, a2_x: -1.90648e+09, currMod: 0.98274
e_xx: 1.82536e+08, a2_x: -6.88143e+09, currMod: 0.982783
e_xx: 1.83344e+08, a2_x: 1.13964e+10, currMod: 0.987133
e_xx: 1.83827e+08, a2_x: 5.49269e+08, currMod: 0.989732
e_xx: 1.85013e+08, a2_x: -5.80534e+09, currMod: 0.99612
e_xx: 1.85545e+08, a2_x: 7.32565e+09, currMod: 0.998978
e_xx: 1.85327e+08, a2_x: 8.55317e+09, currMod: 0.997806
End Structure 288 21573 vs 22149
currMod: 0.998978, prevMod: 0.982705
numClusters: 21573
Total iteration time: 15.141

Loop 0 <line-37> - Time 0.000614 Total energy consumed 0.000000 Ave. Power Level 0.000000
	-------- Loop 0 (sock 1 consumed 0.000000, avg temp 45.500000, final temp 45 ) ------
	-------- Loop 0 (sock 2 consumed 0.000000, avg temp 39.000000, final temp 40 ) ------
Loop 1 <line-54> - Time 0.000328 Total energy consumed 0.000000 Ave. Power Level 0.000000
	-------- Loop 1 (sock 1 consumed 0.000000, avg temp 45.500000, final temp 45 ) ------
	-------- Loop 1 (sock 2 consumed 0.000000, avg temp 38.500000, final temp 40 ) ------
Loop 2 <line-76> - Time 0.000335 Total energy consumed 0.000000 Ave. Power Level 0.000000
	-------- Loop 2 (sock 1 consumed 0.000000, avg temp 45.500000, final temp 45 ) ------
	-------- Loop 2 (sock 2 consumed 0.000000, avg temp 38.500000, final temp 40 ) ------
Loop 3 <line-170> - Time 0.403875 Total energy consumed 26.411055 Ave. Power Level 65.394183
	-------- Loop 3 (sock 1 consumed 14.139015, avg temp 47.000000, final temp 47 ) ------
	-------- Loop 3 (sock 2 consumed 12.272040, avg temp 38.666667, final temp 40 ) ------
Loop 4 <line-192> - Time 0.000262 Total energy consumed 0.000000 Ave. Power Level 0.000000
	-------- Loop 4 (sock 1 consumed 0.000000, avg temp 47.000000, final temp 47 ) ------
	-------- Loop 4 (sock 2 consumed 0.000000, avg temp 39.000000, final temp 40 ) ------
Loop 5 <line-222> - Time 0.150547 Total energy consumed 10.219650 Ave. Power Level 67.883490
	-------- Loop 5 (sock 1 consumed 5.055015, avg temp 46.000000, final temp 47 ) ------
	-------- Loop 5 (sock 2 consumed 5.164635, avg temp 39.500000, final temp 40 ) ------
Loop 6 <line-115> - Time 0.002075 Total energy consumed 0.078240 Ave. Power Level 37.708877
	-------- Loop 6 (sock 1 consumed 0.056340, avg temp 45.500000, final temp 46 ) ------
	-------- Loop 6 (sock 2 consumed 0.021900, avg temp 39.666667, final temp 40 ) ------
Loop 7 <line-334> - Time 0.355347 Total energy consumed 20.328465 Ave. Power Level 57.207339
	-------- Loop 7 (sock 1 consumed 10.011900, avg temp 45.714286, final temp 47 ) ------
	-------- Loop 7 (sock 2 consumed 10.316565, avg temp 39.857143, final temp 40 ) ------
Loop 8 <line-353> - Time 0.000425 Total energy consumed 0.000000 Ave. Power Level 0.000000
	-------- Loop 8 (sock 1 consumed 0.000000, avg temp 45.714286, final temp 47 ) ------
	-------- Loop 8 (sock 2 consumed 0.000000, avg temp 39.857143, final temp 40 ) ------
Loop 9 <line-375> - Time 0.000857 Total energy consumed 0.106050 Ave. Power Level 123.726423
	-------- Loop 9 (sock 1 consumed 0.054360, avg temp 45.571429, final temp 46 ) ------
	-------- Loop 9 (sock 2 consumed 0.051690, avg temp 39.857143, final temp 40 ) ------
Loop 10 <line-85> - Time 0.150206 Total energy consumed 15.626505 Ave. Power Level 104.033525
	-------- Loop 10 (sock 1 consumed 7.933425, avg temp 46.500000, final temp 46 ) ------
	-------- Loop 10 (sock 2 consumed 7.693080, avg temp 40.000000, final temp 40 ) ------
Loop 11 <line-131> - Time 0.002969 Total energy consumed 0.434430 Ave. Power Level 146.314060
	-------- Loop 11 (sock 1 consumed 0.221205, avg temp 46.500000, final temp 46 ) ------
	-------- Loop 11 (sock 2 consumed 0.213225, avg temp 40.000000, final temp 40 ) ------
Loop 12 <line-167> - Time 0.196036 Total energy consumed 20.574495 Ave. Power Level 104.952433
	-------- Loop 12 (sock 1 consumed 10.541730, avg temp 46.500000, final temp 46 ) ------
	-------- Loop 12 (sock 2 consumed 10.032765, avg temp 40.500000, final temp 40 ) ------
Loop 13 <line-213> - Time 4.183541 Total energy consumed 454.373160 Ave. Power Level 108.609714
	-------- Loop 13 (sock 1 consumed 232.122330, avg temp 47.666667, final temp 47 ) ------
	-------- Loop 13 (sock 2 consumed 222.250830, avg temp 41.500000, final temp 40 ) ------
Loop 14 <line-99> - Time 3.657598 Total energy consumed 227.989395 Ave. Power Level 62.333094
	-------- Loop 14 (sock 1 consumed 104.127945, avg temp 46.333333, final temp 47 ) ------
	-------- Loop 14 (sock 2 consumed 123.861450, avg temp 40.000000, final temp 40 ) ------
Loop 15 <line-160> - Time 0.103289 Total energy consumed 6.853260 Ave. Power Level 66.350522
	-------- Loop 15 (sock 1 consumed 3.363960, avg temp 45.666667, final temp 47 ) ------
	-------- Loop 15 (sock 2 consumed 3.489300, avg temp 39.833333, final temp 40 ) ------
Loop 16 <line-269> - Time 3.749383 Total energy consumed 203.170980 Ave. Power Level 54.187844
	-------- Loop 16 (sock 1 consumed 99.085965, avg temp 45.148148, final temp 45 ) ------
	-------- Loop 16 (sock 2 consumed 104.085015, avg temp 39.370370, final temp 39 ) ------
Loop 17 <line-300> - Time 0.002274 Total energy consumed 0.027480 Ave. Power Level 12.084725
	-------- Loop 17 (sock 1 consumed 0.000000, avg temp 45.181818, final temp 45 ) ------
	-------- Loop 17 (sock 2 consumed 0.027480, avg temp 39.227273, final temp 39 ) ------
Loop 18 <line-147> - Time 0.000374 Total energy consumed 0.000000 Ave. Power Level 0.000000
	-------- Loop 18 (sock 1 consumed 0.000000, avg temp 45.000000, final temp 45 ) ------
	-------- Loop 18 (sock 2 consumed 0.000000, avg temp 40.000000, final temp 40 ) ------
Application(EnergyStat) - Time 26.657682 Total energy consumed 1693.233810 Ave. Power Level 63.517668 Final Temperature socket 1 : 47  socket 2 : 40 
