This is pdfTeX, Version 3.1415926-1.40.10 (TeX Live 2009/Debian) (format=pdflatex 2012.9.5)  29 OCT 2013 15:12
entering extended mode
 %&-line parsing enabled.
**EAT
(./EAT.tex
LaTeX2e <2009/09/24>
Babel <v3.8l> and hyphenation patterns for english, usenglishmax, dumylang, noh
yphenation, loaded.
(./sig-alternate.cls (/usr/share/texmf-texlive/tex/latex/graphics/epsfig.sty
Package: epsfig 1999/02/16 v1.7a (e)psfig emulation (SPQR)

(/usr/share/texmf-texlive/tex/latex/graphics/graphicx.sty
Package: graphicx 1999/02/16 v1.0f Enhanced LaTeX Graphics (DPC,SPQR)

(/usr/share/texmf-texlive/tex/latex/graphics/keyval.sty
Package: keyval 1999/03/16 v1.13 key=value parser (DPC)
\KV@toks@=\toks14
)
(/usr/share/texmf-texlive/tex/latex/graphics/graphics.sty
Package: graphics 2009/02/05 v1.0o Standard LaTeX Graphics (DPC,SPQR)

(/usr/share/texmf-texlive/tex/latex/graphics/trig.sty
Package: trig 1999/03/16 v1.09 sin cos tan (DPC)
)
(/etc/texmf/tex/latex/config/graphics.cfg
File: graphics.cfg 2009/08/28 v1.8 graphics configuration of TeX Live
)
Package graphics Info: Driver file: pdftex.def on input line 91.

(/usr/share/texmf-texlive/tex/latex/pdftex-def/pdftex.def
File: pdftex.def 2010/03/12 v0.04p Graphics/color for pdfTeX
\Gread@gobject=\count79
))
\Gin@req@height=\dimen102
\Gin@req@width=\dimen103
)
\epsfxsize=\dimen104
\epsfysize=\dimen105
)
(/usr/share/texmf-texlive/tex/latex/amsfonts/amssymb.sty
Package: amssymb 2009/06/22 v3.00

(/usr/share/texmf-texlive/tex/latex/amsfonts/amsfonts.sty
Package: amsfonts 2009/06/22 v3.00 Basic AMSFonts support
\@emptytoks=\toks15
\symAMSa=\mathgroup4
\symAMSb=\mathgroup5
LaTeX Font Info:    Overwriting math alphabet `\mathfrak' in version `bold'
(Font)                  U/euf/m/n --> U/euf/b/n on input line 96.
))
(/usr/share/texmf-texlive/tex/latex/amsmath/amsmath.sty
Package: amsmath 2000/07/18 v2.13 AMS math features
\@mathmargin=\skip41

For additional information on amsmath, use the `?' option.
(/usr/share/texmf-texlive/tex/latex/amsmath/amstext.sty
Package: amstext 2000/06/29 v2.01

(/usr/share/texmf-texlive/tex/latex/amsmath/amsgen.sty
File: amsgen.sty 1999/11/30 v2.0
\@emptytoks=\toks16
\ex@=\dimen106
))
(/usr/share/texmf-texlive/tex/latex/amsmath/amsbsy.sty
Package: amsbsy 1999/11/29 v1.2d
\pmbraise@=\dimen107
)
(/usr/share/texmf-texlive/tex/latex/amsmath/amsopn.sty
Package: amsopn 1999/12/14 v2.01 operator names
)
\inf@bad=\count80
LaTeX Info: Redefining \frac on input line 211.
\uproot@=\count81
\leftroot@=\count82
LaTeX Info: Redefining \overline on input line 307.
\classnum@=\count83
\DOTSCASE@=\count84
LaTeX Info: Redefining \ldots on input line 379.
LaTeX Info: Redefining \dots on input line 382.
LaTeX Info: Redefining \cdots on input line 467.
\Mathstrutbox@=\box26
\strutbox@=\box27
\big@size=\dimen108
LaTeX Font Info:    Redeclaring font encoding OML on input line 567.
LaTeX Font Info:    Redeclaring font encoding OMS on input line 568.
\macc@depth=\count85
\c@MaxMatrixCols=\count86
\dotsspace@=\muskip10
\c@parentequation=\count87
\dspbrk@lvl=\count88
\tag@help=\toks17
\row@=\count89
\column@=\count90
\maxfields@=\count91
\andhelp@=\toks18
\eqnshift@=\dimen109
\alignsep@=\dimen110
\tagshift@=\dimen111
\tagwidth@=\dimen112
\totwidth@=\dimen113
\lineht@=\dimen114
\@envbody=\toks19
\multlinegap=\skip42
\multlinetaggap=\skip43
\mathdisplay@stack=\toks20
LaTeX Info: Redefining \[ on input line 2666.
LaTeX Info: Redefining \] on input line 2667.
)
Document Class 'sig-alternate' <23rd. May '12>. Modified by G.K.M. Tobin/Gerry 
Murray
Based in part upon document Style `acmconf' <22 May 89>. Hacked 4/91 by
shivers@cs.cmu.edu, 4/93 by theobald@cs.mcgill.ca
Excerpts were taken from (Journal Style) 'esub2acm.cls'.
****** Bugs/comments/suggestions/technicalities to Gerry Murray -- murray@hq.ac
m.org ******
Questions on the style, SIGS policies, etc. to Adrienne Griscti griscti@acm.org

\footheight=\dimen115
\@maxsep=\dimen116
\@dblmaxsep=\dimen117
\aucount=\count92
\originalaucount=\count93
\auwidth=\dimen118
\auskip=\dimen119
\auskipcount=\count94
\auskip=\dimen120
\allauboxes=\dimen121
\addauthors=\toks21
\addauflag=\count95
\subtitletext=\toks22
\savesection=\count96
\sectioncntr=\count97
\c@figure=\count98
\c@table=\count99
\titleboxnotes=\toks23
\titleboxnoteflag=\count100
Document Class: sig-alternate 2012/05/23 - V2.5 - based on acmproc.cls V1.3 <No
v. 30 '99>
(/usr/share/texmf-texlive/tex/latex/base/latexsym.sty
Package: latexsym 1998/08/17 v2.2e Standard LaTeX package (lasy symbols)
\symlasy=\mathgroup6
LaTeX Font Info:    Overwriting symbol font `lasy' in version `bold'
(Font)                  U/lasy/m/n --> U/lasy/b/n on input line 47.
)
\@acmtitlebox=\box28
\titlenotecount=\count101
\tntoks=\toks24
\tntokstwo=\toks25
\tntoksthree=\toks26
\tntoksfour=\toks27
\tntoksfive=\toks28
\catcount=\count102
\copyrightnotice=\toks29
\conf=\toks30
\confinfo=\toks31
\c@part=\count103
\c@section=\count104
\c@subsection=\count105
\c@subsubsection=\count106
\c@paragraph=\count107

Using 'Abbrev' bibliography style
LaTeX Info: Redefining \cite on input line 1211.
\bibindent=\dimen122
\colcntr=\count108
\saveb@x=\box29
\copyrtyr=\toks32
\acmcopyr=\toks33
\boilerplate=\toks34
\copyrightetc=\toks35
(/usr/share/texmf-texlive/tex/latex/base/fontenc.sty
Package: fontenc 2005/09/27 v1.99g Standard LaTeX package

(/usr/share/texmf-texlive/tex/latex/base/t1enc.def
File: t1enc.def 2005/09/27 v1.99g Standard LaTeX file
LaTeX Font Info:    Redeclaring font encoding T1 on input line 43.
)
LaTeX Font Info:    Try loading font information for T1+aer on input line 100.

(/usr/share/texmf-texlive/tex/latex/ae/t1aer.fd
File: t1aer.fd 1997/11/16 Font definitions for T1/aer.
)))
(/usr/share/texmf-texlive/tex/latex/graphics/color.sty
Package: color 2005/11/14 v1.0j Standard LaTeX Color (DPC)

(/etc/texmf/tex/latex/config/color.cfg
File: color.cfg 2007/01/18 v1.5 color configuration of teTeX/TeXLive
)
Package color Info: Driver file: pdftex.def on input line 130.
)
(/usr/share/texmf-texlive/tex/latex/ltxmisc/url.sty
\Urlmuskip=\muskip11
Package: url 2006/04/12  ver 3.3  Verb mode for urls, etc.
)
(/usr/share/texmf-texlive/tex/latex/hyperref/hyperref.sty
Package: hyperref 2009/10/09 v6.79a Hypertext links for LaTeX

(/usr/share/texmf-texlive/tex/generic/oberdiek/ifpdf.sty
Package: ifpdf 2009/04/10 v2.0 Provides the ifpdf switch (HO)
Package ifpdf Info: pdfTeX in pdf mode detected.
)
(/usr/share/texmf-texlive/tex/generic/oberdiek/ifvtex.sty
Package: ifvtex 2008/11/04 v1.4 Switches for detecting VTeX and its modes (HO)
Package ifvtex Info: VTeX not detected.
)
(/usr/share/texmf-texlive/tex/generic/ifxetex/ifxetex.sty
Package: ifxetex 2009/01/23 v0.5 Provides ifxetex conditional
)
(/usr/share/texmf-texlive/tex/latex/oberdiek/hycolor.sty
Package: hycolor 2009/10/02 v1.5 Code for color options of hyperref/bookmark (H
O)

(/usr/share/texmf-texlive/tex/latex/oberdiek/xcolor-patch.sty
Package: xcolor-patch 2009/10/02 xcolor patch
))
\@linkdim=\dimen123
\Hy@linkcounter=\count109
\Hy@pagecounter=\count110

(/usr/share/texmf-texlive/tex/latex/hyperref/pd1enc.def
File: pd1enc.def 2009/10/09 v6.79a Hyperref: PDFDocEncoding definition (HO)
)
(/usr/share/texmf-texlive/tex/generic/oberdiek/etexcmds.sty
Package: etexcmds 2007/12/12 v1.2 Prefix for e-TeX command names (HO)

(/usr/share/texmf-texlive/tex/generic/oberdiek/infwarerr.sty
Package: infwarerr 2007/09/09 v1.2 Providing info/warning/message (HO)
)
Package etexcmds Info: Could not find \expanded.
(etexcmds)             That can mean that you are not using pdfTeX 1.50 or
(etexcmds)             that some package has redefined \expanded.
(etexcmds)             In the latter case, load this package earlier.
)

Package hyperref Warning: Height of page (\paperheight) is invalid (0.0pt),
(hyperref)                using 11in.

(/usr/share/texmf-texlive/tex/latex/latexconfig/hyperref.cfg
File: hyperref.cfg 2002/06/06 v1.2 hyperref configuration of TeXLive
)
(/usr/share/texmf-texlive/tex/latex/oberdiek/kvoptions.sty
Package: kvoptions 2009/08/13 v3.4 Keyval support for LaTeX options (HO)

(/usr/share/texmf-texlive/tex/generic/oberdiek/kvsetkeys.sty
Package: kvsetkeys 2009/07/30 v1.5 Key value parser with default handler suppor
t (HO)
))
Package hyperref Info: Hyper figures OFF on input line 2975.
Package hyperref Info: Link nesting OFF on input line 2980.
Package hyperref Info: Hyper index ON on input line 2983.
Package hyperref Info: Plain pages OFF on input line 2990.
Package hyperref Info: Backreferencing OFF on input line 2995.

Implicit mode ON; LaTeX internals redefined
Package hyperref Info: Bookmarks ON on input line 3191.
LaTeX Info: Redefining \url on input line 3428.
(/usr/share/texmf-texlive/tex/generic/oberdiek/bitset.sty
Package: bitset 2007/09/28 v1.0 Data type bit set (HO)

(/usr/share/texmf-texlive/tex/generic/oberdiek/intcalc.sty
Package: intcalc 2007/09/27 v1.1 Expandable integer calculations (HO)
)
(/usr/share/texmf-texlive/tex/generic/oberdiek/bigintcalc.sty
Package: bigintcalc 2007/11/11 v1.1 Expandable big integer calculations (HO)

(/usr/share/texmf-texlive/tex/generic/oberdiek/pdftexcmds.sty
Package: pdftexcmds 2009/09/23 v0.6 LuaTeX support for pdfTeX utility functions
 (HO)

(/usr/share/texmf-texlive/tex/generic/oberdiek/ifluatex.sty
Package: ifluatex 2009/04/17 v1.2 Provides the ifluatex switch (HO)
Package ifluatex Info: LuaTeX not detected.
)
(/usr/share/texmf-texlive/tex/generic/oberdiek/ltxcmds.sty
Package: ltxcmds 2009/08/05 v1.0 Some LaTeX kernel commands for general use (HO
)
)
Package pdftexcmds Info: LuaTeX not detected.
Package pdftexcmds Info: \pdf@primitive is available.
Package pdftexcmds Info: \pdf@ifprimitive is available.
)))
\Fld@menulength=\count111
\Field@Width=\dimen124
\Fld@charsize=\dimen125
\Field@toks=\toks36
Package hyperref Info: Hyper figures OFF on input line 4377.
Package hyperref Info: Link nesting OFF on input line 4382.
Package hyperref Info: Hyper index ON on input line 4385.
Package hyperref Info: backreferencing OFF on input line 4392.
Package hyperref Info: Link coloring OFF on input line 4397.
Package hyperref Info: Link coloring with OCG OFF on input line 4402.
Package hyperref Info: PDF/A mode OFF on input line 4407.

(/usr/share/texmf-texlive/tex/generic/oberdiek/atbegshi.sty
Package: atbegshi 2008/07/31 v1.9 At begin shipout hook (HO)
)

Package hyperref Warning: Option `pdfpagelabels' is turned off
(hyperref)                because \thepage is undefined.

\c@Item=\count112
\c@Hfootnote=\count113
)
*hyperref using default driver hpdftex*
(/usr/share/texmf-texlive/tex/latex/hyperref/hpdftex.def
File: hpdftex.def 2009/10/09 v6.79a Hyperref driver for pdfTeX
\Fld@listcount=\count114
)
(/usr/share/texmf-texlive/tex/latex/subfigure/subfigure.sty
Package: subfigure 2002/03/15 v2.1.5 subfigure package
\subfigtopskip=\skip44
\subfigcapskip=\skip45
\subfigcaptopadj=\dimen126
\subfigbottomskip=\skip46
\subfigcapmargin=\dimen127
\subfiglabelskip=\skip47
\c@subfigure=\count115
\c@lofdepth=\count116
\c@subtable=\count117
\c@lotdepth=\count118

****************************************
* Local config file subfigure.cfg used *
****************************************
(/usr/share/texmf-texlive/tex/latex/subfigure/subfigure.cfg)
\subfig@top=\skip48
\subfig@bottom=\skip49
) (./EAT.aux)
\openout1 = `EAT.aux'.

LaTeX Font Info:    Checking defaults for OML/cmm/m/it on input line 64.
LaTeX Font Info:    ... okay on input line 64.
LaTeX Font Info:    Checking defaults for T1/cmr/m/n on input line 64.
LaTeX Font Info:    ... okay on input line 64.
LaTeX Font Info:    Checking defaults for OT1/cmr/m/n on input line 64.
LaTeX Font Info:    ... okay on input line 64.
LaTeX Font Info:    Checking defaults for OMS/cmsy/m/n on input line 64.
LaTeX Font Info:    ... okay on input line 64.
LaTeX Font Info:    Checking defaults for OMX/cmex/m/n on input line 64.
LaTeX Font Info:    ... okay on input line 64.
LaTeX Font Info:    Checking defaults for U/cmr/m/n on input line 64.
LaTeX Font Info:    ... okay on input line 64.
LaTeX Font Info:    Checking defaults for PD1/pdf/m/n on input line 64.
LaTeX Font Info:    ... okay on input line 64.

(/usr/share/texmf-texlive/tex/context/base/supp-pdf.mkii
[Loading MPS to PDF converter (version 2006.09.02).]
\scratchcounter=\count119
\scratchdimen=\dimen128
\scratchbox=\box30
\nofMPsegments=\count120
\nofMParguments=\count121
\everyMPshowfont=\toks37
\MPscratchCnt=\count122
\MPscratchDim=\dimen129
\MPnumerator=\count123
\everyMPtoPDFconversion=\toks38
)
Package hyperref Info: Link coloring OFF on input line 64.
 (/usr/share/texmf-texlive/tex/latex/hyperref/nameref.sty
Package: nameref 2007/05/29 v2.31 Cross-referencing by name of section

(/usr/share/texmf-texlive/tex/latex/oberdiek/refcount.sty
Package: refcount 2008/08/11 v3.1 Data extraction from references (HO)
)
\c@section@level=\count124
)
LaTeX Info: Redefining \ref on input line 64.
LaTeX Info: Redefining \pageref on input line 64.
 (./EAT.out)
(./EAT.out)
\@outlinefile=\write3
\openout3 = `EAT.out'.

\AtBeginShipoutBox=\box31
LaTeX Font Info:    Try loading font information for U+msa on input line 181.
 (/usr/share/texmf-texlive/tex/latex/amsfonts/umsa.fd
File: umsa.fd 2009/06/22 v3.00 AMS symbols A
)
LaTeX Font Info:    Try loading font information for U+msb on input line 181.

(/usr/share/texmf-texlive/tex/latex/amsfonts/umsb.fd
File: umsb.fd 2009/06/22 v3.00 AMS symbols B
)
LaTeX Font Info:    Try loading font information for U+lasy on input line 181.

(/usr/share/texmf-texlive/tex/latex/base/ulasy.fd
File: ulasy.fd 1998/08/17 v2.2e LaTeX symbol font definitions
) (./abstract.tex)
(./introduction.tex
Overfull \hbox (1.91557pt too wide) in paragraph at lines 30--38
\T1/aer/m/n/9 mea-sure-ment of ex-e-cu-tion time and en-ergy con-sump-tion with

 []

)
Overfull \hbox (11.49348pt too wide) in paragraph at lines 188--188
[]\secfnt ENERGY MEASUREMENT-AND-TUNING
 []

(./tools.tex [1{/var/lib/texmf/fonts/map/pdftex/updmap/pdftex.map}


]
Overfull \hbox (10.86067pt too wide) in paragraph at lines 76--83
[]\T1/aer/m/n/9 PolyOpt (a Poly-he-dral Op-ti-mizer for the ROSE com-piler)[[]1
6[]]
 []

)
Overfull \hbox (15.83603pt too wide) in paragraph at lines 192--192
[]\secfnt BENCHMARKS FOR EN-ERGY MEA-SURE-
 []

(./benchmarks.texpdfTeX warning (ext4): destination with the same identifier (n
ame{page.}) has been already used, duplicate ignored
<to be read again> 
                   \relax 
l.29 
      [2] <workflow.pdf, id=153, 621.32124pt x 342.27875pt>
File: workflow.pdf Graphic file (type pdf)
 <use workflow.pdf>
Overfull \hbox (5.71754pt too wide) in paragraph at lines 32--34
[][] 
 []


Overfull \hbox (6.30714pt too wide) in paragraph at lines 39--47
\T1/aer/m/n/9 via an in-di-rect ref-er-ence pat-tern[[]7[]]. In or-der to make 
LULESH
 []


Overfull \hbox (8.73695pt too wide) in paragraph at lines 97--105
\T1/aer/m/n/9 lo-cal-ity and par-al-lelism us-ing loop fu-sion (smart-fuse/maxf
use),
 []


Overfull \hbox (14.20833pt too wide) in paragraph at lines 97--105
\T1/aer/m/n/9 vari-ant. The orig-i-nal se-quen-tial C im-ple-men-ta-tion had Op
enMP
 []

) (./setup.tex) (./results.texpdfTeX warning (ext4): destination with the same 
identifier (name{page.}) has been already used, duplicate ignored
<to be read again> 
                   \relax 
l.9 T
     he first experiments verify the relationship between execution time and...
[3 <./workflow.pdf>]

pdfTeX warning: pdflatex (file ./Covariance.pdf): PDF inclusion: found PDF vers
ion <1.5>, but at most version <1.4> allowed
<Covariance.pdf, id=175, 361.35pt x 216.81pt>
File: Covariance.pdf Graphic file (type pdf)
 <use Covariance.pdf>
Overfull \hbox (12.94499pt too wide) in paragraph at lines 64--69
[][] 
 []



pdfTeX warning: pdflatex (file ./2mm.pdf): PDF inclusion: found PDF version <1.
5>, but at most version <1.4> allowed
<2mm.pdf, id=177, 361.35pt x 216.81pt>
File: 2mm.pdf Graphic file (type pdf)
 <use 2mm.pdf>
Overfull \hbox (12.94499pt too wide) in paragraph at lines 74--78
[][] 
 []



pdfTeX warning: pdflatex (file ./lulesh-correlation.pdf): PDF inclusion: found 
PDF version <1.5>, but at most version <1.4> allowed
<lulesh-correlation.pdf, id=180, 361.35pt x 216.81pt>
File: lulesh-correlation.pdf Graphic file (type pdf)

<use lulesh-correlation.pdf>
Overfull \hbox (12.94499pt too wide) in paragraph at lines 91--94
[][] 
 []



pdfTeX warning: pdflatex (file ./Sandy-Brdr2d.pdf): PDF inclusion: found PDF ve
rsion <1.5>, but at most version <1.4> allowed
<Sandy-Brdr2d.pdf, id=183, 361.35pt x 216.81pt>
File: Sandy-Brdr2d.pdf Graphic file (type pdf)
 <use Sandy-Brdr2d.pdf>

pdfTeX warning: pdflatex (file ./MIC-Brdr2d.pdf): PDF inclusion: found PDF vers
ion <1.5>, but at most version <1.4> allowed
<MIC-Brdr2d.pdf, id=185, 361.35pt x 216.81pt>
File: MIC-Brdr2d.pdf Graphic file (type pdf)
 <use MIC-Brdr2d.pdf>pdfTeX warning (ext4): destination with the same identifie
r (name{page.}) has been already used, duplicate ignored
<to be read again> 
                   \relax 
l.133 
       [4 <./Covariance.pdf> <./2mm.pdf> <./lulesh-correlation.pdf>]
Overfull \hbox (6.15373pt too wide) in paragraph at lines 148--148
[]\secfnt Polyhedral Op-ti-miza-tion Re-sults on the Re-
 []



pdfTeX warning: pdflatex (file ./speedup.pdf): PDF inclusion: found PDF version
 <1.5>, but at most version <1.4> allowed
<speedup.pdf, id=225, 262.9825pt x 180.675pt>
File: speedup.pdf Graphic file (type pdf)
 <use speedup.pdf>

pdfTeX warning: pdflatex (file ./Speedup-over-sequential.pdf): PDF inclusion: f
ound PDF version <1.5>, but at most version <1.4> allowed
<Speedup-over-sequential.pdf, id=229, 262.9825pt x 180.675pt>
File: Speedup-over-sequential.pdf Graphic file (type pdf)

<use Speedup-over-sequential.pdf>

pdfTeX warning: pdflatex (file ./MIC-Speedups.pdf): PDF inclusion: found PDF ve
rsion <1.5>, but at most version <1.4> allowed
<MIC-Speedups.pdf, id=231, 262.9825pt x 180.675pt>
File: MIC-Speedups.pdf Graphic file (type pdf)
 <use MIC-Speedups.pdf>)pdfTeX warning (ext4): destination with the same identi
fier (name{page.}) has been already used, duplicate ignored
<to be read again> 
                   \relax 
l.203 
       [5 <./Sandy-Brdr2d.pdf> <./MIC-Brdr2d.pdf> <./speedup.pdf>]
(./related.tex
Overfull \hbox (11.44623pt too wide) in paragraph at lines 2--2
[]\secfnt Benchmarks for Poly-he-dral Frame-work and
 []

)
Overfull \hbox (2.66078pt too wide) in paragraph at lines 28--207
[]\T1/aer/m/n/9 To im-prove per-for-mance, peo-ple have de-vel-oped tech-niques

 []

(./conclusion.tex) (./EAT.bbl
Overfull \hbox (8.65573pt too wide) in paragraph at lines 216--1
[]\T1/aer/m/n/9 This work is sup-ported by the DOE XPress (DE-SC0008704)
 []

pdfTeX warning (ext4): destination with the same identifier (name{page.}) has b
een already used, duplicate ignored
<to be read again> 
                   \relax 
l.1 \begin{thebibliography}{10}
                                [6 <./Speedup-over-sequential.pdf> <./MIC-Speed
ups.pdf>]
LaTeX Font Info:    Try loading font information for T1+aett on input line 41.
 (/usr/share/texmf-texlive/tex/latex/ae/t1aett.fd
File: t1aett.fd 1997/11/16 Font definitions for T1/aett.
))pdfTeX warning (ext4): destination with the same identifier (name{page.}) has
 been already used, duplicate ignored
<to be read again> 
                   \relax 
l.236 \balancecolumns
                      [7] (./EAT.aux) ) 
Here is how much of TeX's memory you used:
 5768 strings out of 495061
 78842 string characters out of 1182622
 161260 words of memory out of 3000000
 8729 multiletter control sequences out of 15000+50000
 52530 words of font info for 71 fonts, out of 3000000 for 9000
 28 hyphenation exceptions out of 8191
 39i,11n,37p,458b,351s stack positions out of 5000i,500n,10000p,200000b,50000s
{/usr/share/texmf-texlive/fonts/enc/dvip
s/base/8r.enc}</usr/share/texmf-texlive/fonts/type1/public/amsfonts/cm/cmbx9.pf
b></usr/share/texmf-texlive/fonts/type1/public/amsfonts/cm/cmbxti10.pfb></usr/s
hare/texmf-texlive/fonts/type1/public/amsfonts/cm/cmmi6.pfb></usr/share/texmf-t
exlive/fonts/type1/public/amsfonts/cm/cmmi9.pfb></usr/share/texmf-texlive/fonts
/type1/public/amsfonts/cm/cmr9.pfb></usr/share/texmf-texlive/fonts/type1/public
/amsfonts/cm/cmsy9.pfb></usr/share/texmf-texlive/fonts/type1/public/amsfonts/cm
/cmti9.pfb></usr/share/texmf-texlive/fonts/type1/public/amsfonts/cm/cmtt9.pfb><
/usr/share/texmf-texlive/fonts/type1/urw/helvetic/uhvb8a.pfb></usr/share/texmf-
texlive/fonts/type1/urw/helvetic/uhvr8a.pfb></usr/share/texmf-texlive/fonts/typ
e1/urw/times/utmb8a.pfb></usr/share/texmf-texlive/fonts/type1/urw/times/utmr8a.
pfb></usr/share/texmf-texlive/fonts/type1/urw/times/utmri8a.pfb>
Output written on EAT.pdf (7 pages, 491488 bytes).
PDF statistics:
 450 PDF objects out of 1000 (max. 8388607)
 60 named destinations out of 1000 (max. 500000)
 238 words of extra memory for PDF output out of 10000 (max. 10000000)

