Memory used: 1.29688
Loading 32-bit binary file: pnnl.bin, numvertices: 2361670, numEdges: 191402826
File read time: 3.60405
Before allocating graph
Allocated graph: 0xc94550
Processing edges for vertex: 0, range(0, 166)
Processing edges for vertex: 100000, range(58444108, 58444133)
Processing edges for vertex: 200000, range(84376057, 84376362)
Processing edges for vertex: 300000, range(106069163, 106069503)
Processing edges for vertex: 400000, range(122097114, 122097513)
Processing edges for vertex: 500000, range(135096418, 135096483)
Processing edges for vertex: 600000, range(146097008, 146097061)
Processing edges for vertex: 700000, range(155415410, 155415531)
Processing edges for vertex: 800000, range(162595900, 162595989)
Processing edges for vertex: 900000, range(168508374, 168508464)
Processing edges for vertex: 1000000, range(173203321, 173203442)
Processing edges for vertex: 1100000, range(176935100, 176935110)
Processing edges for vertex: 1200000, range(179876260, 179876270)
Processing edges for vertex: 1300000, range(182240081, 182240092)
Processing edges for vertex: 1400000, range(184224513, 184224521)
Processing edges for vertex: 1500000, range(185795161, 185795170)
Processing edges for vertex: 1600000, range(187104124, 187104130)
Processing edges for vertex: 1700000, range(188148455, 188148461)
Processing edges for vertex: 1800000, range(188997836, 188997842)
Processing edges for vertex: 1900000, range(189691532, 189691535)
Processing edges for vertex: 2000000, range(190254658, 190254660)
Processing edges for vertex: 2100000, range(190705814, 190705822)
Processing edges for vertex: 2200000, range(191052755, 191052764)
Processing edges for vertex: 2300000, range(191302662, 191302663)
Graph populate time: 19.2938
Total I/O time: 22.8979
Running on: 16 threads
Loaded graph from file: pnnl.bin
Memory used: 2949.1
Maximum degree for the graph: 5520
Iteration: 0, conflicts: 34
Iteration: 1, conflicts: 6
Iteration: 2, conflicts: 3
Iteration: 3, conflicts: 0
Total number of colors used: 1196
Total number of conflicts overall: 0
Number of rounds: 4
SUCCESS: No conflicts found
Coloring time: 1.52524
Memory used: 2949.1
Number of reordered colors: 1021
End position for large colors: 0, node count: 550626, largest: 550626
Node count cutoff: 472334
e_xx: 1.22726e+08, a2_x: 6.96288e+11, currMod: 0.641176
e_xx: 1.66782e+08, a2_x: 5.97301e+11, currMod: 0.871348
e_xx: 1.73431e+08, a2_x: 5.58233e+11, currMod: 0.906089
e_xx: 1.76087e+08, a2_x: 5.50619e+11, currMod: 0.919968
e_xx: 1.773e+08, a2_x: 5.12609e+11, currMod: 0.926302
currMod: 0.919968, prevMod: -1
Louvain time: 16.1408
numClusters: 204078, time: 0.291921
Next phase: 2
Memory used: 2949.1
End Structure 1290227 204078 vs 2782711
Build next level time: 7.77981
Iteration time: 24.2196
Memory used: 2949.1
e_xx: 1.57807e+08, a2_x: 5.09978e+11, currMod: 0.917984
e_xx: 1.65642e+08, a2_x: 3.19054e+11, currMod: 0.963564
e_xx: 1.66664e+08, a2_x: 2.57142e+11, currMod: 0.969514
e_xx: 1.66976e+08, a2_x: 2.90824e+11, currMod: 0.971328
e_xx: 1.67058e+08, a2_x: 2.84322e+11, currMod: 0.971806
e_xx: 1.67183e+08, a2_x: 2.89296e+11, currMod: 0.972533
e_xx: 1.67187e+08, a2_x: 2.85277e+11, currMod: 0.972556
e_xx: 1.67255e+08, a2_x: 2.84164e+11, currMod: 0.972951
e_xx: 1.67226e+08, a2_x: 2.60483e+11, currMod: 0.972783
currMod: 0.972951, prevMod: 0.919968
Louvain time: 4.93715
numClusters: 51920, time: 0.04218
Next phase: 3
Memory used: 2949.1
End Structure 512443 51920 vs 1076797
Build next level time: 0.430052
Iteration time: 5.4108
Memory used: 2949.1
e_xx: 1.67255e+08, a2_x: 2.84326e+11, currMod: 0.972924
e_xx: 1.68238e+08, a2_x: 9.33656e+10, currMod: 0.978647
e_xx: 1.68301e+08, a2_x: 7.45004e+10, currMod: 0.979018
e_xx: 1.68394e+08, a2_x: 7.88263e+10, currMod: 0.979555
e_xx: 1.68314e+08, a2_x: 9.6608e+10, currMod: 0.979089
currMod: 0.979555, prevMod: 0.972951
Louvain time: 1.40882
numClusters: 25703, time: 0.01347
Next phase: 4
Memory used: 2949.1
End Structure 180939 25703 vs 387581
Build next level time: 0.172697
Iteration time: 1.59567
Memory used: 2949.1
e_xx: 1.68394e+08, a2_x: 7.9534e+10, currMod: 0.979543
e_xx: 1.68675e+08, a2_x: -6.6802e+09, currMod: 0.981179
e_xx: 1.68724e+08, a2_x: 2.29068e+10, currMod: 0.981463
e_xx: 1.6869e+08, a2_x: 9.15267e+09, currMod: 0.981268
currMod: 0.981463, prevMod: 0.979555
Louvain time: 0.58482
numClusters: 22259, time: 0.008785
Next phase: 5
Memory used: 2949.1
End Structure 98148 22259 vs 218555
Build next level time: 0.083492
Iteration time: 0.677723
Memory used: 2949.1
e_xx: 1.68724e+08, a2_x: 2.05507e+10, currMod: 0.981461
e_xx: 1.6873e+08, a2_x: 1.69653e+10, currMod: 0.981497
e_xx: 1.68729e+08, a2_x: 1.6524e+10, currMod: 0.981491
currMod: 0.981497, prevMod: 0.981463
Louvain time: 0.282865
numClusters: 22058, time: 0.008033
Next phase: 6
Memory used: 2949.1
End Structure 86950 22058 vs 195958
Build next level time: 0.070355
Iteration time: 0.361703
Memory used: 2949.1
e_xx: 1.6873e+08, a2_x: 1.77843e+10, currMod: 0.981496
e_xx: 1.6873e+08, a2_x: 2.1023e+10, currMod: 0.981498
e_xx: 1.6873e+08, a2_x: 3.07331e+10, currMod: 0.981498
currMod: 0.981498, prevMod: 0.981497
Louvain time: 0.229522
numClusters: 22006, time: 0.007794
Next phase: 7
Memory used: 2949.1
End Structure 82587 22006 vs 187180
Build next level time: 0.059682
Iteration time: 0.297436
Memory used: 2949.1
e_xx: 1.6873e+08, a2_x: 2.0204e+10, currMod: 0.981498
e_xx: 1.6873e+08, a2_x: 2.29305e+10, currMod: 0.981498
currMod: 0.981498, prevMod: 0.981498
Louvain time: 0.169441
numClusters: 22006, time: 0.007985
Maximum degree for the graph: 504
Iteration: 0, conflicts: 0
Total number of colors used: 179
Total number of conflicts overall: 0
Number of rounds: 1
SUCCESS: No conflicts found
Number of reordered colors: 177
End position for large colors: 0, node count: 21547, largest: 21547
Node count cutoff: 4402
e_xx: 1.70375e+08, a2_x: 5.67266e+08, currMod: 0.991067
e_xx: 1.70363e+08, a2_x: -1.12617e+10, currMod: 0.990998
End Structure 18761 21769 vs 59291
currMod: 0.991067, prevMod: 0.981498
numClusters: 21769
Total iteration time: 32.563

Loop 0 <line-37> - Time 0.001124 Total energy consumed 0.035730 Ave. Power Level 31.793263
	-------- Loop 0 (sock 1 consumed 0.000000, avg temp 36.500000, final temp 37 ) ------
	-------- Loop 0 (sock 2 consumed 0.035730, avg temp 32.500000, final temp 32 ) ------
Loop 1 <line-54> - Time 0.000663 Total energy consumed 0.000000 Ave. Power Level 0.000000
	-------- Loop 1 (sock 1 consumed 0.000000, avg temp 36.500000, final temp 37 ) ------
	-------- Loop 1 (sock 2 consumed 0.000000, avg temp 32.500000, final temp 33 ) ------
Loop 2 <line-76> - Time 0.000561 Total energy consumed 0.000000 Ave. Power Level 0.000000
	-------- Loop 2 (sock 1 consumed 0.000000, avg temp 36.500000, final temp 37 ) ------
	-------- Loop 2 (sock 2 consumed 0.000000, avg temp 32.500000, final temp 33 ) ------
Loop 3 <line-170> - Time 0.917795 Total energy consumed 38.072400 Ave. Power Level 41.482479
	-------- Loop 3 (sock 1 consumed 18.680745, avg temp 36.800000, final temp 36 ) ------
	-------- Loop 3 (sock 2 consumed 19.391655, avg temp 33.000000, final temp 33 ) ------
Loop 4 <line-192> - Time 0.000538 Total energy consumed 0.000000 Ave. Power Level 0.000000
	-------- Loop 4 (sock 1 consumed 0.000000, avg temp 36.500000, final temp 36 ) ------
	-------- Loop 4 (sock 2 consumed 0.000000, avg temp 33.000000, final temp 33 ) ------
Loop 5 <line-222> - Time 0.340335 Total energy consumed 14.268315 Ave. Power Level 41.924348
	-------- Loop 5 (sock 1 consumed 6.985395, avg temp 36.500000, final temp 37 ) ------
	-------- Loop 5 (sock 2 consumed 7.282920, avg temp 32.500000, final temp 33 ) ------
Loop 6 <line-115> - Time 0.003077 Total energy consumed 0.053835 Ave. Power Level 17.493828
	-------- Loop 6 (sock 1 consumed 0.000000, avg temp 36.857143, final temp 37 ) ------
	-------- Loop 6 (sock 2 consumed 0.053835, avg temp 32.428571, final temp 33 ) ------
Loop 7 <line-334> - Time 0.788063 Total energy consumed 30.656325 Ave. Power Level 38.900847
	-------- Loop 7 (sock 1 consumed 15.225915, avg temp 36.750000, final temp 36 ) ------
	-------- Loop 7 (sock 2 consumed 15.430410, avg temp 32.625000, final temp 33 ) ------
Loop 8 <line-353> - Time 0.001194 Total energy consumed 0.000000 Ave. Power Level 0.000000
	-------- Loop 8 (sock 1 consumed 0.000000, avg temp 36.750000, final temp 36 ) ------
	-------- Loop 8 (sock 2 consumed 0.000000, avg temp 32.625000, final temp 33 ) ------
Loop 9 <line-375> - Time 0.001287 Total energy consumed 0.000000 Ave. Power Level 0.000000
	-------- Loop 9 (sock 1 consumed 0.000000, avg temp 36.750000, final temp 36 ) ------
	-------- Loop 9 (sock 2 consumed 0.000000, avg temp 32.625000, final temp 33 ) ------
Loop 10 <line-85> - Time 0.281320 Total energy consumed 15.690135 Ave. Power Level 55.773218
	-------- Loop 10 (sock 1 consumed 7.948875, avg temp 37.250000, final temp 37 ) ------
	-------- Loop 10 (sock 2 consumed 7.741260, avg temp 32.750000, final temp 33 ) ------
Loop 11 <line-131> - Time 0.007126 Total energy consumed 0.396465 Ave. Power Level 55.637128
	-------- Loop 11 (sock 1 consumed 0.201375, avg temp 37.000000, final temp 37 ) ------
	-------- Loop 11 (sock 2 consumed 0.195090, avg temp 33.000000, final temp 33 ) ------
Loop 12 <line-167> - Time 0.400335 Total energy consumed 21.950265 Ave. Power Level 54.829773
	-------- Loop 12 (sock 1 consumed 11.132580, avg temp 37.500000, final temp 37 ) ------
	-------- Loop 12 (sock 2 consumed 10.817685, avg temp 32.500000, final temp 33 ) ------
Loop 13 <line-213> - Time 9.540516 Total energy consumed 530.743665 Ave. Power Level 55.630498
	-------- Loop 13 (sock 1 consumed 269.303085, avg temp 37.857143, final temp 38 ) ------
	-------- Loop 13 (sock 2 consumed 261.440580, avg temp 33.857143, final temp 33 ) ------
Loop 14 <line-99> - Time 7.938081 Total energy consumed 319.200120 Ave. Power Level 40.211247
	-------- Loop 14 (sock 1 consumed 158.565060, avg temp 37.000000, final temp 38 ) ------
	-------- Loop 14 (sock 2 consumed 160.635060, avg temp 32.571429, final temp 33 ) ------
Loop 15 <line-160> - Time 0.182641 Total energy consumed 8.423085 Ave. Power Level 46.118168
	-------- Loop 15 (sock 1 consumed 4.272690, avg temp 37.142857, final temp 38 ) ------
	-------- Loop 15 (sock 2 consumed 4.150395, avg temp 32.714286, final temp 32 ) ------
Loop 16 <line-269> - Time 7.567960 Total energy consumed 291.314340 Ave. Power Level 38.493115
	-------- Loop 16 (sock 1 consumed 144.761610, avg temp 36.576923, final temp 36 ) ------
	-------- Loop 16 (sock 2 consumed 146.552730, avg temp 32.423077, final temp 33 ) ------
Loop 17 <line-300> - Time 0.003276 Total energy consumed 0.000000 Ave. Power Level 0.000000
	-------- Loop 17 (sock 1 consumed 0.000000, avg temp 36.600000, final temp 37 ) ------
	-------- Loop 17 (sock 2 consumed 0.000000, avg temp 32.450000, final temp 33 ) ------
Loop 18 <line-147> - Time 0.000700 Total energy consumed 0.055620 Ave. Power Level 79.430931
	-------- Loop 18 (sock 1 consumed 0.018705, avg temp 37.000000, final temp 37 ) ------
	-------- Loop 18 (sock 2 consumed 0.036915, avg temp 32.000000, final temp 32 ) ------
Application(EnergyStat) - Time 57.250324 Total energy consumed 2375.829345 Ave. Power Level 41.498968 Final Temperature socket 1 : 37  socket 2 : 33 
