Memory used: 1.29297
Loading 32-bit binary file: pnnl.bin, numvertices: 2361670, numEdges: 191402826
File read time: 3.6086
Before allocating graph
Allocated graph: 0x19b1550
Processing edges for vertex: 0, range(0, 166)
Processing edges for vertex: 100000, range(58444108, 58444133)
Processing edges for vertex: 200000, range(84376057, 84376362)
Processing edges for vertex: 300000, range(106069163, 106069503)
Processing edges for vertex: 400000, range(122097114, 122097513)
Processing edges for vertex: 500000, range(135096418, 135096483)
Processing edges for vertex: 600000, range(146097008, 146097061)
Processing edges for vertex: 700000, range(155415410, 155415531)
Processing edges for vertex: 800000, range(162595900, 162595989)
Processing edges for vertex: 900000, range(168508374, 168508464)
Processing edges for vertex: 1000000, range(173203321, 173203442)
Processing edges for vertex: 1100000, range(176935100, 176935110)
Processing edges for vertex: 1200000, range(179876260, 179876270)
Processing edges for vertex: 1300000, range(182240081, 182240092)
Processing edges for vertex: 1400000, range(184224513, 184224521)
Processing edges for vertex: 1500000, range(185795161, 185795170)
Processing edges for vertex: 1600000, range(187104124, 187104130)
Processing edges for vertex: 1700000, range(188148455, 188148461)
Processing edges for vertex: 1800000, range(188997836, 188997842)
Processing edges for vertex: 1900000, range(189691532, 189691535)
Processing edges for vertex: 2000000, range(190254658, 190254660)
Processing edges for vertex: 2100000, range(190705814, 190705822)
Processing edges for vertex: 2200000, range(191052755, 191052764)
Processing edges for vertex: 2300000, range(191302662, 191302663)
Graph populate time: 19.2732
Total I/O time: 22.8818
Running on: 16 threads
Loaded graph from file: pnnl.bin
Memory used: 2949.09
Maximum degree for the graph: 5520
Iteration: 0, conflicts: 22
Iteration: 1, conflicts: 2
Iteration: 2, conflicts: 1
Iteration: 3, conflicts: 0
Total number of colors used: 1192
Total number of conflicts overall: 0
Number of rounds: 4
SUCCESS: No conflicts found
Coloring time: 1.46103
Memory used: 2949.09
Number of reordered colors: 1007
End position for large colors: 0, node count: 550628, largest: 550628
Node count cutoff: 472334
e_xx: 1.18465e+08, a2_x: 6.76269e+11, currMod: 0.618912
e_xx: 1.62206e+08, a2_x: 5.61225e+11, currMod: 0.847444
e_xx: 1.68624e+08, a2_x: 5.17939e+11, currMod: 0.880977
e_xx: 1.70977e+08, a2_x: 4.90076e+11, currMod: 0.893268
e_xx: 1.72148e+08, a2_x: 5.21458e+11, currMod: 0.899385
currMod: 0.893268, prevMod: -1
Louvain time: 15.354
numClusters: 200756, time: 0.289582
Next phase: 2
Memory used: 2949.09
End Structure 1187515 200756 vs 2573835
Build next level time: 7.05607
Iteration time: 22.7069
Memory used: 2949.09
e_xx: 1.68041e+08, a2_x: 5.19484e+11, currMod: 0.897204
e_xx: 1.79723e+08, a2_x: 3.32396e+11, currMod: 0.959583
e_xx: 1.82212e+08, a2_x: 2.93604e+11, currMod: 0.972877
e_xx: 1.8258e+08, a2_x: 2.65569e+11, currMod: 0.974838
e_xx: 1.82616e+08, a2_x: 2.76187e+11, currMod: 0.975031
e_xx: 1.82746e+08, a2_x: 2.74309e+11, currMod: 0.975725
e_xx: 1.82684e+08, a2_x: 2.64133e+11, currMod: 0.975394
currMod: 0.975725, prevMod: 0.893268
Louvain time: 3.52862
numClusters: 50577, time: 0.039265
Next phase: 3
Memory used: 2949.09
End Structure 452011 50577 vs 954587
Build next level time: 0.407552
Iteration time: 3.97652
Memory used: 2949.09
e_xx: 1.82745e+08, a2_x: 2.74604e+11, currMod: 0.975718
e_xx: 1.83811e+08, a2_x: 9.82649e+10, currMod: 0.981413
e_xx: 1.83927e+08, a2_x: 8.0878e+10, currMod: 0.982032
e_xx: 1.83956e+08, a2_x: 5.25119e+10, currMod: 0.982191
e_xx: 1.83958e+08, a2_x: 6.37998e+10, currMod: 0.982197
e_xx: 1.83961e+08, a2_x: 3.68358e+10, currMod: 0.982214
e_xx: 1.83961e+08, a2_x: 4.99078e+10, currMod: 0.982216
e_xx: 1.83961e+08, a2_x: 4.03887e+10, currMod: 0.982219
e_xx: 1.83961e+08, a2_x: 5.6828e+10, currMod: 0.982217
currMod: 0.982219, prevMod: 0.975725
Louvain time: 2.33059
numClusters: 24262, time: 0.012586
Next phase: 4
Memory used: 2949.09
End Structure 150112 24262 vs 324486
Build next level time: 0.171092
Iteration time: 2.5149
Memory used: 2949.09
e_xx: 1.83961e+08, a2_x: 4.16624e+10, currMod: 0.982201
e_xx: 1.84084e+08, a2_x: 9.03189e+08, currMod: 0.982857
e_xx: 1.84121e+08, a2_x: 1.69189e+10, currMod: 0.983052
e_xx: 1.84126e+08, a2_x: 8.66077e+09, currMod: 0.983079
e_xx: 1.84127e+08, a2_x: 2.36416e+10, currMod: 0.983084
e_xx: 1.84126e+08, a2_x: 2.9287e+10, currMod: 0.98308
currMod: 0.983084, prevMod: 0.982219
Louvain time: 0.696389
numClusters: 22128, time: 0.008325
Next phase: 5
Memory used: 2949.09
End Structure 81721 22128 vs 185570
Build next level time: 0.069216
Iteration time: 0.77456
Memory used: 2949.09
e_xx: 1.84127e+08, a2_x: 2.39381e+10, currMod: 0.983081
e_xx: 1.8413e+08, a2_x: 1.21425e+10, currMod: 0.983097
e_xx: 1.84129e+08, a2_x: 3.16775e+09, currMod: 0.983096
currMod: 0.983097, prevMod: 0.983084
Louvain time: 0.214763
numClusters: 22016, time: 0.007596
Next phase: 6
Memory used: 2949.09
End Structure 74929 22016 vs 171874
Build next level time: 0.055698
Iteration time: 0.278611
Memory used: 2949.09
e_xx: 1.8413e+08, a2_x: 1.18573e+10, currMod: 0.983097
e_xx: 1.8413e+08, a2_x: 1.78197e+10, currMod: 0.983097
currMod: 0.983097, prevMod: 0.983097
Louvain time: 0.156723
numClusters: 22016, time: 0.007614
Maximum degree for the graph: 496
Iteration: 0, conflicts: 0
Total number of colors used: 180
Total number of conflicts overall: 0
Number of rounds: 1
SUCCESS: No conflicts found
Number of reordered colors: 179
End position for large colors: 0, node count: 21578, largest: 21578
Node count cutoff: 4404
e_xx: 1.84147e+08, a2_x: -1.9431e+10, currMod: 0.983192
e_xx: 1.84188e+08, a2_x: -1.5695e+10, currMod: 0.983411
e_xx: 1.84423e+08, a2_x: -1.23635e+10, currMod: 0.984664
e_xx: 1.84434e+08, a2_x: -7.78729e+09, currMod: 0.984723
e_xx: 1.84438e+08, a2_x: -8.87891e+09, currMod: 0.984744
e_xx: 1.84437e+08, a2_x: -6.33713e+09, currMod: 0.984737
End Structure 15744 21757 vs 53245
currMod: 0.984744, prevMod: 0.983097
numClusters: 21757
Total iteration time: 30.2515

Loop 0 <line-37> - Time 0.001277 Total energy consumed 0.077205 Ave. Power Level 60.465018
	-------- Loop 0 (sock 1 consumed 0.039735, avg temp 37.000000, final temp 37 ) ------
	-------- Loop 0 (sock 2 consumed 0.037470, avg temp 32.000000, final temp 32 ) ------
Loop 1 <line-54> - Time 0.000486 Total energy consumed 0.000000 Ave. Power Level 0.000000
	-------- Loop 1 (sock 1 consumed 0.000000, avg temp 37.000000, final temp 37 ) ------
	-------- Loop 1 (sock 2 consumed 0.000000, avg temp 32.000000, final temp 32 ) ------
Loop 2 <line-76> - Time 0.000566 Total energy consumed 0.000000 Ave. Power Level 0.000000
	-------- Loop 2 (sock 1 consumed 0.000000, avg temp 37.000000, final temp 37 ) ------
	-------- Loop 2 (sock 2 consumed 0.000000, avg temp 32.000000, final temp 32 ) ------
Loop 3 <line-170> - Time 0.859658 Total energy consumed 35.945625 Ave. Power Level 41.813880
	-------- Loop 3 (sock 1 consumed 18.508140, avg temp 37.000000, final temp 37 ) ------
	-------- Loop 3 (sock 2 consumed 17.437485, avg temp 32.000000, final temp 32 ) ------
Loop 4 <line-192> - Time 0.000554 Total energy consumed 0.000000 Ave. Power Level 0.000000
	-------- Loop 4 (sock 1 consumed 0.000000, avg temp 37.000000, final temp 37 ) ------
	-------- Loop 4 (sock 2 consumed 0.000000, avg temp 32.000000, final temp 32 ) ------
Loop 5 <line-222> - Time 0.335279 Total energy consumed 13.948485 Ave. Power Level 41.602614
	-------- Loop 5 (sock 1 consumed 7.348515, avg temp 37.000000, final temp 37 ) ------
	-------- Loop 5 (sock 2 consumed 6.599970, avg temp 32.000000, final temp 32 ) ------
Loop 6 <line-115> - Time 0.002996 Total energy consumed 0.168990 Ave. Power Level 56.405414
	-------- Loop 6 (sock 1 consumed 0.096870, avg temp 37.000000, final temp 37 ) ------
	-------- Loop 6 (sock 2 consumed 0.072120, avg temp 32.333333, final temp 32 ) ------
Loop 7 <line-334> - Time 0.782769 Total energy consumed 30.524115 Ave. Power Level 38.995062
	-------- Loop 7 (sock 1 consumed 15.508680, avg temp 37.285714, final temp 37 ) ------
	-------- Loop 7 (sock 2 consumed 15.015435, avg temp 32.428571, final temp 32 ) ------
Loop 8 <line-353> - Time 0.000602 Total energy consumed 0.000000 Ave. Power Level 0.000000
	-------- Loop 8 (sock 1 consumed 0.000000, avg temp 37.285714, final temp 37 ) ------
	-------- Loop 8 (sock 2 consumed 0.000000, avg temp 32.428571, final temp 32 ) ------
Loop 9 <line-375> - Time 0.001300 Total energy consumed 0.000000 Ave. Power Level 0.000000
	-------- Loop 9 (sock 1 consumed 0.000000, avg temp 37.285714, final temp 37 ) ------
	-------- Loop 9 (sock 2 consumed 0.000000, avg temp 32.428571, final temp 32 ) ------
Loop 10 <line-85> - Time 0.293861 Total energy consumed 16.738950 Ave. Power Level 56.962118
	-------- Loop 10 (sock 1 consumed 8.463870, avg temp 37.750000, final temp 38 ) ------
	-------- Loop 10 (sock 2 consumed 8.275080, avg temp 32.250000, final temp 32 ) ------
Loop 11 <line-131> - Time 0.006961 Total energy consumed 0.367500 Ave. Power Level 52.797787
	-------- Loop 11 (sock 1 consumed 0.172800, avg temp 37.500000, final temp 37 ) ------
	-------- Loop 11 (sock 2 consumed 0.194700, avg temp 32.000000, final temp 32 ) ------
Loop 12 <line-167> - Time 0.254239 Total energy consumed 13.934175 Ave. Power Level 54.807316
	-------- Loop 12 (sock 1 consumed 7.058535, avg temp 37.000000, final temp 37 ) ------
	-------- Loop 12 (sock 2 consumed 6.875640, avg temp 32.500000, final temp 33 ) ------
Loop 13 <line-213> - Time 9.096646 Total energy consumed 510.337995 Ave. Power Level 56.101778
	-------- Loop 13 (sock 1 consumed 259.175610, avg temp 38.090909, final temp 38 ) ------
	-------- Loop 13 (sock 2 consumed 251.162385, avg temp 33.000000, final temp 33 ) ------
Loop 14 <line-99> - Time 7.179834 Total energy consumed 290.797695 Ave. Power Level 40.502011
	-------- Loop 14 (sock 1 consumed 148.301520, avg temp 37.500000, final temp 37 ) ------
	-------- Loop 14 (sock 2 consumed 142.496175, avg temp 32.666667, final temp 33 ) ------
Loop 15 <line-160> - Time 0.162898 Total energy consumed 7.357140 Ave. Power Level 45.164205
	-------- Loop 15 (sock 1 consumed 3.690615, avg temp 37.666667, final temp 37 ) ------
	-------- Loop 15 (sock 2 consumed 3.666525, avg temp 32.666667, final temp 32 ) ------
Loop 16 <line-269> - Time 6.886962 Total energy consumed 264.507735 Ave. Power Level 38.407027
	-------- Loop 16 (sock 1 consumed 130.143060, avg temp 37.111111, final temp 37 ) ------
	-------- Loop 16 (sock 2 consumed 134.364675, avg temp 32.370370, final temp 32 ) ------
Loop 17 <line-300> - Time 0.002795 Total energy consumed 0.000000 Ave. Power Level 0.000000
	-------- Loop 17 (sock 1 consumed 0.000000, avg temp 37.136364, final temp 37 ) ------
	-------- Loop 17 (sock 2 consumed 0.000000, avg temp 32.318182, final temp 32 ) ------
Loop 18 <line-147> - Time 0.000590 Total energy consumed 0.037185 Ave. Power Level 63.044551
	-------- Loop 18 (sock 1 consumed 0.018870, avg temp 37.000000, final temp 37 ) ------
	-------- Loop 18 (sock 2 consumed 0.018315, avg temp 32.000000, final temp 32 ) ------
Application(EnergyStat) - Time 54.865855 Total energy consumed 2281.298310 Ave. Power Level 41.579563 Final Temperature socket 1 : 38  socket 2 : 32 
