Memory used: 1.29297
Loading 32-bit binary file: pnnl.bin, numvertices: 2361670, numEdges: 191402826
File read time: 3.60511
Before allocating graph
Allocated graph: 0x144e550
Processing edges for vertex: 0, range(0, 166)
Processing edges for vertex: 100000, range(58444108, 58444133)
Processing edges for vertex: 200000, range(84376057, 84376362)
Processing edges for vertex: 300000, range(106069163, 106069503)
Processing edges for vertex: 400000, range(122097114, 122097513)
Processing edges for vertex: 500000, range(135096418, 135096483)
Processing edges for vertex: 600000, range(146097008, 146097061)
Processing edges for vertex: 700000, range(155415410, 155415531)
Processing edges for vertex: 800000, range(162595900, 162595989)
Processing edges for vertex: 900000, range(168508374, 168508464)
Processing edges for vertex: 1000000, range(173203321, 173203442)
Processing edges for vertex: 1100000, range(176935100, 176935110)
Processing edges for vertex: 1200000, range(179876260, 179876270)
Processing edges for vertex: 1300000, range(182240081, 182240092)
Processing edges for vertex: 1400000, range(184224513, 184224521)
Processing edges for vertex: 1500000, range(185795161, 185795170)
Processing edges for vertex: 1600000, range(187104124, 187104130)
Processing edges for vertex: 1700000, range(188148455, 188148461)
Processing edges for vertex: 1800000, range(188997836, 188997842)
Processing edges for vertex: 1900000, range(189691532, 189691535)
Processing edges for vertex: 2000000, range(190254658, 190254660)
Processing edges for vertex: 2100000, range(190705814, 190705822)
Processing edges for vertex: 2200000, range(191052755, 191052764)
Processing edges for vertex: 2300000, range(191302662, 191302663)
Graph populate time: 19.2924
Total I/O time: 22.8976
Running on: 16 threads
Loaded graph from file: pnnl.bin
Memory used: 2949.09
Maximum degree for the graph: 5520
Iteration: 0, conflicts: 34
Iteration: 1, conflicts: 7
Iteration: 2, conflicts: 2
Iteration: 3, conflicts: 0
Total number of colors used: 1192
Total number of conflicts overall: 0
Number of rounds: 4
SUCCESS: No conflicts found
Coloring time: 1.48189
Memory used: 2949.09
Number of reordered colors: 1025
End position for large colors: 0, node count: 550651, largest: 550651
Node count cutoff: 472334
e_xx: 1.15925e+08, a2_x: 6.6784e+11, currMod: 0.605643
e_xx: 1.5895e+08, a2_x: 5.81096e+11, currMod: 0.830431
e_xx: 1.66438e+08, a2_x: 5.10406e+11, currMod: 0.869553
e_xx: 1.69103e+08, a2_x: 5.40038e+11, currMod: 0.883476
e_xx: 1.70475e+08, a2_x: 5.29333e+11, currMod: 0.890648
currMod: 0.883476, prevMod: -1
Louvain time: 15.4638
numClusters: 202151, time: 0.291095
Next phase: 2
Memory used: 2949.09
End Structure 1245944 202151 vs 2692189
Build next level time: 7.20488
Iteration time: 22.9674
Memory used: 2949.09
e_xx: 1.66845e+08, a2_x: 5.29473e+11, currMod: 0.888558
e_xx: 1.78716e+08, a2_x: 3.40532e+11, currMod: 0.951787
e_xx: 1.77657e+08, a2_x: 2.46615e+11, currMod: 0.946149
currMod: 0.951787, prevMod: 0.883476
Louvain time: 1.7976
numClusters: 96176, time: 0.056808
Next phase: 3
Memory used: 2949.09
End Structure 839037 96176 vs 1774107
Build next level time: 0.42031
Iteration time: 2.27598
Memory used: 2949.09
e_xx: 1.78716e+08, a2_x: 3.39131e+11, currMod: 0.951783
e_xx: 1.82582e+08, a2_x: 1.83128e+11, currMod: 0.972377
e_xx: 1.83957e+08, a2_x: 1.97479e+11, currMod: 0.979697
e_xx: 1.84103e+08, a2_x: 1.55433e+11, currMod: 0.980478
e_xx: 1.8411e+08, a2_x: 1.62121e+11, currMod: 0.980514
e_xx: 1.84153e+08, a2_x: 1.50231e+11, currMod: 0.980741
e_xx: 1.84136e+08, a2_x: 1.71874e+11, currMod: 0.980651
currMod: 0.980741, prevMod: 0.951787
Louvain time: 2.66276
numClusters: 27649, time: 0.018228
Next phase: 4
Memory used: 2949.09
End Structure 221506 27649 vs 470660
Build next level time: 0.354347
Iteration time: 3.03595
Memory used: 2949.09
e_xx: 1.84153e+08, a2_x: 1.48461e+11, currMod: 0.980723
e_xx: 1.84417e+08, a2_x: 1.05258e+11, currMod: 0.982132
e_xx: 1.84436e+08, a2_x: 5.87023e+10, currMod: 0.982234
e_xx: 1.84426e+08, a2_x: 7.29976e+10, currMod: 0.982182
currMod: 0.982234, prevMod: 0.980741
Louvain time: 0.688198
numClusters: 22720, time: 0.009108
Next phase: 5
Memory used: 2949.09
End Structure 108528 22720 vs 239776
Build next level time: 0.093837
Iteration time: 0.791797
Memory used: 2949.09
e_xx: 1.84436e+08, a2_x: 5.97757e+10, currMod: 0.98223
e_xx: 1.84482e+08, a2_x: 8.42153e+10, currMod: 0.982475
e_xx: 1.84483e+08, a2_x: 7.05748e+10, currMod: 0.982479
e_xx: 1.84483e+08, a2_x: 6.39398e+10, currMod: 0.982481
e_xx: 1.84486e+08, a2_x: 6.65391e+10, currMod: 0.982497
e_xx: 1.84485e+08, a2_x: 6.71687e+10, currMod: 0.982491
currMod: 0.982497, prevMod: 0.982234
Louvain time: 0.540433
numClusters: 22011, time: 0.007826
Next phase: 6
Memory used: 2949.09
End Structure 64226 22011 vs 150463
Build next level time: 0.057606
Iteration time: 0.606277
Memory used: 2949.09
e_xx: 1.84486e+08, a2_x: 6.47001e+10, currMod: 0.982496
e_xx: 1.84487e+08, a2_x: 6.83388e+10, currMod: 0.9825
e_xx: 1.84487e+08, a2_x: 6.40405e+10, currMod: 0.9825
currMod: 0.9825, prevMod: 0.982497
Louvain time: 0.165174
numClusters: 21976, time: 0.007587
Next phase: 7
Memory used: 2949.09
End Structure 61442 21976 vs 144860
Build next level time: 0.049817
Iteration time: 0.223223
Memory used: 2949.09
e_xx: 1.84487e+08, a2_x: 6.80481e+10, currMod: 0.9825
e_xx: 1.84487e+08, a2_x: 6.86608e+10, currMod: 0.9825
currMod: 0.9825, prevMod: 0.9825
Louvain time: 0.112575
numClusters: 21976, time: 0.00759
Maximum degree for the graph: 469
Iteration: 0, conflicts: 0
Total number of colors used: 176
Total number of conflicts overall: 0
Number of rounds: 1
SUCCESS: No conflicts found
Number of reordered colors: 176
End position for large colors: 0, node count: 21588, largest: 21588
Node count cutoff: 4396
e_xx: 1.84487e+08, a2_x: 6.86608e+10, currMod: 0.9825
End Structure 61308 21973 vs 144589
currMod: 0.9825, prevMod: 0.9825
numClusters: 21973
Total iteration time: 29.9006

Loop 0 <line-37> - Time 0.001104 Total energy consumed 0.000000 Ave. Power Level 0.000000
	-------- Loop 0 (sock 1 consumed 0.000000, avg temp 36.500000, final temp 37 ) ------
	-------- Loop 0 (sock 2 consumed 0.000000, avg temp 32.500000, final temp 32 ) ------
Loop 1 <line-54> - Time 0.000591 Total energy consumed 0.000000 Ave. Power Level 0.000000
	-------- Loop 1 (sock 1 consumed 0.000000, avg temp 36.500000, final temp 37 ) ------
	-------- Loop 1 (sock 2 consumed 0.000000, avg temp 32.000000, final temp 32 ) ------
Loop 2 <line-76> - Time 0.000532 Total energy consumed 0.000000 Ave. Power Level 0.000000
	-------- Loop 2 (sock 1 consumed 0.000000, avg temp 36.500000, final temp 37 ) ------
	-------- Loop 2 (sock 2 consumed 0.000000, avg temp 32.000000, final temp 32 ) ------
Loop 3 <line-170> - Time 0.892915 Total energy consumed 37.307160 Ave. Power Level 41.781330
	-------- Loop 3 (sock 1 consumed 18.195465, avg temp 37.000000, final temp 37 ) ------
	-------- Loop 3 (sock 2 consumed 19.111695, avg temp 33.000000, final temp 33 ) ------
Loop 4 <line-192> - Time 0.000530 Total energy consumed 0.000000 Ave. Power Level 0.000000
	-------- Loop 4 (sock 1 consumed 0.000000, avg temp 37.000000, final temp 37 ) ------
	-------- Loop 4 (sock 2 consumed 0.000000, avg temp 33.000000, final temp 33 ) ------
Loop 5 <line-222> - Time 0.318478 Total energy consumed 13.565880 Ave. Power Level 42.596032
	-------- Loop 5 (sock 1 consumed 6.881250, avg temp 36.500000, final temp 37 ) ------
	-------- Loop 5 (sock 2 consumed 6.684630, avg temp 32.500000, final temp 33 ) ------
Loop 6 <line-115> - Time 0.003159 Total energy consumed 0.037395 Ave. Power Level 11.838922
	-------- Loop 6 (sock 1 consumed 0.019335, avg temp 36.571429, final temp 37 ) ------
	-------- Loop 6 (sock 2 consumed 0.018060, avg temp 32.285714, final temp 32 ) ------
Loop 7 <line-334> - Time 0.787538 Total energy consumed 30.566310 Ave. Power Level 38.812487
	-------- Loop 7 (sock 1 consumed 15.729210, avg temp 36.750000, final temp 37 ) ------
	-------- Loop 7 (sock 2 consumed 14.837100, avg temp 32.500000, final temp 33 ) ------
Loop 8 <line-353> - Time 0.000658 Total energy consumed 0.000000 Ave. Power Level 0.000000
	-------- Loop 8 (sock 1 consumed 0.000000, avg temp 36.750000, final temp 37 ) ------
	-------- Loop 8 (sock 2 consumed 0.000000, avg temp 32.500000, final temp 33 ) ------
Loop 9 <line-375> - Time 0.001449 Total energy consumed 0.000000 Ave. Power Level 0.000000
	-------- Loop 9 (sock 1 consumed 0.000000, avg temp 36.750000, final temp 37 ) ------
	-------- Loop 9 (sock 2 consumed 0.000000, avg temp 32.500000, final temp 33 ) ------
Loop 10 <line-85> - Time 0.295750 Total energy consumed 16.444560 Ave. Power Level 55.602868
	-------- Loop 10 (sock 1 consumed 8.324970, avg temp 36.750000, final temp 37 ) ------
	-------- Loop 10 (sock 2 consumed 8.119590, avg temp 32.500000, final temp 33 ) ------
Loop 11 <line-131> - Time 0.007191 Total energy consumed 0.423465 Ave. Power Level 58.891903
	-------- Loop 11 (sock 1 consumed 0.201030, avg temp 37.000000, final temp 37 ) ------
	-------- Loop 11 (sock 2 consumed 0.222435, avg temp 32.500000, final temp 32 ) ------
Loop 12 <line-167> - Time 0.255420 Total energy consumed 14.059575 Ave. Power Level 55.044902
	-------- Loop 12 (sock 1 consumed 7.126740, avg temp 37.000000, final temp 37 ) ------
	-------- Loop 12 (sock 2 consumed 6.932835, avg temp 33.000000, final temp 33 ) ------
Loop 13 <line-213> - Time 9.187399 Total energy consumed 514.827045 Ave. Power Level 56.036210
	-------- Loop 13 (sock 1 consumed 261.851325, avg temp 38.000000, final temp 37 ) ------
	-------- Loop 13 (sock 2 consumed 252.975720, avg temp 34.333333, final temp 33 ) ------
Loop 14 <line-99> - Time 7.460008 Total energy consumed 301.239015 Ave. Power Level 40.380520
	-------- Loop 14 (sock 1 consumed 150.356310, avg temp 36.714286, final temp 37 ) ------
	-------- Loop 14 (sock 2 consumed 150.882705, avg temp 32.571429, final temp 32 ) ------
Loop 15 <line-160> - Time 0.214750 Total energy consumed 9.639240 Ave. Power Level 44.885889
	-------- Loop 15 (sock 1 consumed 4.848810, avg temp 37.142857, final temp 37 ) ------
	-------- Loop 15 (sock 2 consumed 4.790430, avg temp 32.857143, final temp 33 ) ------
Loop 16 <line-269> - Time 5.919311 Total energy consumed 227.484570 Ave. Power Level 38.430922
	-------- Loop 16 (sock 1 consumed 112.450545, avg temp 36.560000, final temp 37 ) ------
	-------- Loop 16 (sock 2 consumed 115.034025, avg temp 32.520000, final temp 32 ) ------
Loop 17 <line-300> - Time 0.002171 Total energy consumed 0.000000 Ave. Power Level 0.000000
	-------- Loop 17 (sock 1 consumed 0.000000, avg temp 36.578947, final temp 37 ) ------
	-------- Loop 17 (sock 2 consumed 0.000000, avg temp 32.578947, final temp 34 ) ------
Loop 18 <line-147> - Time 0.000565 Total energy consumed 0.037245 Ave. Power Level 65.875931
	-------- Loop 18 (sock 1 consumed 0.019230, avg temp 37.000000, final temp 37 ) ------
	-------- Loop 18 (sock 2 consumed 0.018015, avg temp 32.000000, final temp 32 ) ------
Application(EnergyStat) - Time 54.494433 Total energy consumed 2266.408020 Ave. Power Level 41.589716 Final Temperature socket 1 : 36  socket 2 : 33 
