Memory used: 1.28906
Loading 32-bit binary file: pnnl.bin, numvertices: 2361670, numEdges: 191402826
File read time: 3.74433
Before allocating graph
Allocated graph: 0x9b3550
Processing edges for vertex: 0, range(0, 166)
Processing edges for vertex: 100000, range(58444108, 58444133)
Processing edges for vertex: 200000, range(84376057, 84376362)
Processing edges for vertex: 300000, range(106069163, 106069503)
Processing edges for vertex: 400000, range(122097114, 122097513)
Processing edges for vertex: 500000, range(135096418, 135096483)
Processing edges for vertex: 600000, range(146097008, 146097061)
Processing edges for vertex: 700000, range(155415410, 155415531)
Processing edges for vertex: 800000, range(162595900, 162595989)
Processing edges for vertex: 900000, range(168508374, 168508464)
Processing edges for vertex: 1000000, range(173203321, 173203442)
Processing edges for vertex: 1100000, range(176935100, 176935110)
Processing edges for vertex: 1200000, range(179876260, 179876270)
Processing edges for vertex: 1300000, range(182240081, 182240092)
Processing edges for vertex: 1400000, range(184224513, 184224521)
Processing edges for vertex: 1500000, range(185795161, 185795170)
Processing edges for vertex: 1600000, range(187104124, 187104130)
Processing edges for vertex: 1700000, range(188148455, 188148461)
Processing edges for vertex: 1800000, range(188997836, 188997842)
Processing edges for vertex: 1900000, range(189691532, 189691535)
Processing edges for vertex: 2000000, range(190254658, 190254660)
Processing edges for vertex: 2100000, range(190705814, 190705822)
Processing edges for vertex: 2200000, range(191052755, 191052764)
Processing edges for vertex: 2300000, range(191302662, 191302663)
Graph populate time: 19.4817
Total I/O time: 23.2261
Running on: 16 threads
Loaded graph from file: pnnl.bin
Memory used: 2949.09
Maximum degree for the graph: 5520
Iteration: 0, conflicts: 44
Iteration: 1, conflicts: 5
Iteration: 2, conflicts: 1
Iteration: 3, conflicts: 0
Total number of colors used: 1196
Total number of conflicts overall: 0
Number of rounds: 4
SUCCESS: No conflicts found
Coloring time: 1.5194
Memory used: 2949.09
Number of reordered colors: 1020
End position for large colors: 0, node count: 550638, largest: 550638
Node count cutoff: 472334
e_xx: 1.19414e+08, a2_x: 5.9693e+11, currMod: 0.623871
e_xx: 1.61761e+08, a2_x: 6.36074e+11, currMod: 0.845118
e_xx: 1.68466e+08, a2_x: 6.1016e+11, currMod: 0.880147
e_xx: 1.71214e+08, a2_x: 5.67296e+11, currMod: 0.894509
e_xx: 1.72761e+08, a2_x: 5.42879e+11, currMod: 0.902591
currMod: 0.894509, prevMod: -1
Louvain time: 17.4334
numClusters: 202540, time: 0.289871
Next phase: 2
Memory used: 2949.09
End Structure 1258880 202540 vs 2718476
Build next level time: 7.67469
Iteration time: 25.4063
Memory used: 2949.09
e_xx: 1.69281e+08, a2_x: 5.42871e+11, currMod: 0.900811
e_xx: 1.80145e+08, a2_x: 3.64824e+11, currMod: 0.958628
e_xx: 1.82903e+08, a2_x: 3.08686e+11, currMod: 0.973308
e_xx: 1.83187e+08, a2_x: 2.89392e+11, currMod: 0.97482
e_xx: 1.83285e+08, a2_x: 3.06567e+11, currMod: 0.97534
e_xx: 1.83337e+08, a2_x: 2.87913e+11, currMod: 0.975614
e_xx: 1.83368e+08, a2_x: 3.15571e+11, currMod: 0.975778
e_xx: 1.83384e+08, a2_x: 2.83933e+11, currMod: 0.975869
e_xx: 1.83399e+08, a2_x: 3.13426e+11, currMod: 0.975947
e_xx: 1.83402e+08, a2_x: 2.82102e+11, currMod: 0.975963
e_xx: 1.83411e+08, a2_x: 3.04297e+11, currMod: 0.976012
e_xx: 1.83415e+08, a2_x: 2.80402e+11, currMod: 0.976033
e_xx: 1.83422e+08, a2_x: 3.01368e+11, currMod: 0.976071
e_xx: 1.8342e+08, a2_x: 2.79337e+11, currMod: 0.976057
currMod: 0.976071, prevMod: 0.894509
Louvain time: 7.70892
numClusters: 48750, time: 0.038293
Next phase: 3
Memory used: 2949.09
End Structure 447974 48750 vs 944685
Build next level time: 0.457642
Iteration time: 8.20586
Memory used: 2949.09
e_xx: 1.83422e+08, a2_x: 3.00909e+11, currMod: 0.976063
e_xx: 1.84387e+08, a2_x: 8.73076e+10, currMod: 0.981203
e_xx: 1.84545e+08, a2_x: 4.37299e+10, currMod: 0.982047
e_xx: 1.84588e+08, a2_x: 5.43904e+10, currMod: 0.982276
e_xx: 1.84581e+08, a2_x: 3.47107e+10, currMod: 0.98224
currMod: 0.982276, prevMod: 0.976071
Louvain time: 1.38289
numClusters: 24889, time: 0.012511
Next phase: 4
Memory used: 2949.09
End Structure 161692 24889 vs 348273
Build next level time: 0.159091
Iteration time: 1.5551
Memory used: 2949.09
e_xx: 1.84588e+08, a2_x: 5.29363e+10, currMod: 0.98226
e_xx: 1.84684e+08, a2_x: 5.36159e+10, currMod: 0.982772
e_xx: 1.84689e+08, a2_x: 5.15942e+10, currMod: 0.982799
e_xx: 1.84689e+08, a2_x: 5.37083e+10, currMod: 0.982799
currMod: 0.982799, prevMod: 0.982276
Louvain time: 0.529632
numClusters: 22254, time: 0.008392
Next phase: 5
Memory used: 2949.09
End Structure 91753 22254 vs 205760
Build next level time: 0.076984
Iteration time: 0.615508
Memory used: 2949.09
e_xx: 1.84689e+08, a2_x: 5.51777e+10, currMod: 0.982796
e_xx: 1.84692e+08, a2_x: 5.06155e+10, currMod: 0.982811
e_xx: 1.84692e+08, a2_x: 5.9276e+10, currMod: 0.982809
currMod: 0.982811, prevMod: 0.982799
Louvain time: 0.272969
numClusters: 22060, time: 0.007609
Next phase: 6
Memory used: 2949.09
End Structure 82867 22060 vs 187794
Build next level time: 0.062401
Iteration time: 0.34341
Memory used: 2949.09
e_xx: 1.84692e+08, a2_x: 4.95311e+10, currMod: 0.98281
e_xx: 1.84692e+08, a2_x: 5.02537e+10, currMod: 0.982812
currMod: 0.982811, prevMod: 0.982811
Louvain time: 0.152777
numClusters: 22060, time: 0.007587
Maximum degree for the graph: 547
Iteration: 0, conflicts: 0
Total number of colors used: 182
Total number of conflicts overall: 0
Number of rounds: 1
SUCCESS: No conflicts found
Number of reordered colors: 177
End position for large colors: 0, node count: 21579, largest: 21579
Node count cutoff: 4412
e_xx: 1.875e+08, a2_x: 1.09787e+10, currMod: 0.997754
e_xx: 1.87495e+08, a2_x: 4.7126e+09, currMod: 0.997727
End Structure 939 21618 vs 23496
currMod: 0.997754, prevMod: 0.982811
numClusters: 21618
Total iteration time: 36.1262

Loop 0 <line-37> - Time 0.001142 Total energy consumed 0.037380 Ave. Power Level 32.726174
	-------- Loop 0 (sock 1 consumed 0.019365, avg temp 36.500000, final temp 36 ) ------
	-------- Loop 0 (sock 2 consumed 0.018015, avg temp 33.000000, final temp 33 ) ------
Loop 1 <line-54> - Time 0.000504 Total energy consumed 0.000000 Ave. Power Level 0.000000
	-------- Loop 1 (sock 1 consumed 0.000000, avg temp 36.000000, final temp 36 ) ------
	-------- Loop 1 (sock 2 consumed 0.000000, avg temp 33.000000, final temp 33 ) ------
Loop 2 <line-76> - Time 0.000522 Total energy consumed 0.000000 Ave. Power Level 0.000000
	-------- Loop 2 (sock 1 consumed 0.000000, avg temp 36.000000, final temp 36 ) ------
	-------- Loop 2 (sock 2 consumed 0.000000, avg temp 33.000000, final temp 33 ) ------
Loop 3 <line-170> - Time 0.931867 Total energy consumed 38.872665 Ave. Power Level 41.714800
	-------- Loop 3 (sock 1 consumed 19.889955, avg temp 36.000000, final temp 36 ) ------
	-------- Loop 3 (sock 2 consumed 18.982710, avg temp 32.200000, final temp 33 ) ------
Loop 4 <line-192> - Time 0.000527 Total energy consumed 0.000000 Ave. Power Level 0.000000
	-------- Loop 4 (sock 1 consumed 0.000000, avg temp 36.000000, final temp 36 ) ------
	-------- Loop 4 (sock 2 consumed 0.000000, avg temp 32.500000, final temp 33 ) ------
Loop 5 <line-222> - Time 0.321891 Total energy consumed 13.782690 Ave. Power Level 42.817921
	-------- Loop 5 (sock 1 consumed 6.499845, avg temp 36.000000, final temp 36 ) ------
	-------- Loop 5 (sock 2 consumed 7.282845, avg temp 32.500000, final temp 33 ) ------
Loop 6 <line-115> - Time 0.002523 Total energy consumed 0.000000 Ave. Power Level 0.000000
	-------- Loop 6 (sock 1 consumed 0.000000, avg temp 36.166667, final temp 36 ) ------
	-------- Loop 6 (sock 2 consumed 0.000000, avg temp 32.833333, final temp 33 ) ------
Loop 7 <line-334> - Time 0.774524 Total energy consumed 30.080670 Ave. Power Level 38.837602
	-------- Loop 7 (sock 1 consumed 15.036270, avg temp 36.428571, final temp 36 ) ------
	-------- Loop 7 (sock 2 consumed 15.044400, avg temp 32.857143, final temp 33 ) ------
Loop 8 <line-353> - Time 0.000618 Total energy consumed 0.019200 Ave. Power Level 31.078170
	-------- Loop 8 (sock 1 consumed 0.019200, avg temp 36.428571, final temp 36 ) ------
	-------- Loop 8 (sock 2 consumed 0.000000, avg temp 32.857143, final temp 33 ) ------
Loop 9 <line-375> - Time 0.001287 Total energy consumed 0.000000 Ave. Power Level 0.000000
	-------- Loop 9 (sock 1 consumed 0.000000, avg temp 36.428571, final temp 36 ) ------
	-------- Loop 9 (sock 2 consumed 0.000000, avg temp 32.857143, final temp 33 ) ------
Loop 10 <line-85> - Time 0.292180 Total energy consumed 16.105425 Ave. Power Level 55.121652
	-------- Loop 10 (sock 1 consumed 8.126535, avg temp 36.500000, final temp 36 ) ------
	-------- Loop 10 (sock 2 consumed 7.978890, avg temp 33.250000, final temp 33 ) ------
Loop 11 <line-131> - Time 0.006860 Total energy consumed 0.366975 Ave. Power Level 53.495296
	-------- Loop 11 (sock 1 consumed 0.200010, avg temp 37.000000, final temp 36 ) ------
	-------- Loop 11 (sock 2 consumed 0.166965, avg temp 33.000000, final temp 33 ) ------
Loop 12 <line-167> - Time 0.397658 Total energy consumed 22.429830 Ave. Power Level 56.404875
	-------- Loop 12 (sock 1 consumed 11.384460, avg temp 37.000000, final temp 37 ) ------
	-------- Loop 12 (sock 2 consumed 11.045370, avg temp 33.500000, final temp 34 ) ------
Loop 13 <line-213> - Time 10.517378 Total energy consumed 581.865750 Ave. Power Level 55.324223
	-------- Loop 13 (sock 1 consumed 292.622505, avg temp 37.428571, final temp 37 ) ------
	-------- Loop 13 (sock 2 consumed 289.243245, avg temp 35.000000, final temp 35 ) ------
Loop 14 <line-99> - Time 7.828501 Total energy consumed 316.239780 Ave. Power Level 40.395956
	-------- Loop 14 (sock 1 consumed 156.231180, avg temp 36.833333, final temp 37 ) ------
	-------- Loop 14 (sock 2 consumed 160.008600, avg temp 32.833333, final temp 34 ) ------
Loop 15 <line-160> - Time 0.171773 Total energy consumed 7.523475 Ave. Power Level 43.798936
	-------- Loop 15 (sock 1 consumed 3.793635, avg temp 36.500000, final temp 37 ) ------
	-------- Loop 15 (sock 2 consumed 3.729840, avg temp 33.166667, final temp 34 ) ------
Loop 16 <line-269> - Time 9.992341 Total energy consumed 389.841180 Ave. Power Level 39.013997
	-------- Loop 16 (sock 1 consumed 195.997425, avg temp 36.428571, final temp 36 ) ------
	-------- Loop 16 (sock 2 consumed 193.843755, avg temp 32.750000, final temp 35 ) ------
Loop 17 <line-300> - Time 0.011119 Total energy consumed 0.567300 Ave. Power Level 51.021450
	-------- Loop 17 (sock 1 consumed 0.292560, avg temp 36.478261, final temp 36 ) ------
	-------- Loop 17 (sock 2 consumed 0.274740, avg temp 32.652174, final temp 33 ) ------
Loop 18 <line-147> - Time 0.000578 Total energy consumed 0.074355 Ave. Power Level 128.640978
	-------- Loop 18 (sock 1 consumed 0.038355, avg temp 36.000000, final temp 36 ) ------
	-------- Loop 18 (sock 2 consumed 0.036000, avg temp 33.000000, final temp 33 ) ------
Application(EnergyStat) - Time 61.109762 Total energy consumed 2545.598730 Ave. Power Level 41.656172 Final Temperature socket 1 : 36  socket 2 : 34 
