Memory used: 1.29297
Loading 32-bit binary file: pnnl.bin, numvertices: 2361670, numEdges: 191402826
File read time: 3.60353
Before allocating graph
Allocated graph: 0x260a550
Processing edges for vertex: 0, range(0, 166)
Processing edges for vertex: 100000, range(58444108, 58444133)
Processing edges for vertex: 200000, range(84376057, 84376362)
Processing edges for vertex: 300000, range(106069163, 106069503)
Processing edges for vertex: 400000, range(122097114, 122097513)
Processing edges for vertex: 500000, range(135096418, 135096483)
Processing edges for vertex: 600000, range(146097008, 146097061)
Processing edges for vertex: 700000, range(155415410, 155415531)
Processing edges for vertex: 800000, range(162595900, 162595989)
Processing edges for vertex: 900000, range(168508374, 168508464)
Processing edges for vertex: 1000000, range(173203321, 173203442)
Processing edges for vertex: 1100000, range(176935100, 176935110)
Processing edges for vertex: 1200000, range(179876260, 179876270)
Processing edges for vertex: 1300000, range(182240081, 182240092)
Processing edges for vertex: 1400000, range(184224513, 184224521)
Processing edges for vertex: 1500000, range(185795161, 185795170)
Processing edges for vertex: 1600000, range(187104124, 187104130)
Processing edges for vertex: 1700000, range(188148455, 188148461)
Processing edges for vertex: 1800000, range(188997836, 188997842)
Processing edges for vertex: 1900000, range(189691532, 189691535)
Processing edges for vertex: 2000000, range(190254658, 190254660)
Processing edges for vertex: 2100000, range(190705814, 190705822)
Processing edges for vertex: 2200000, range(191052755, 191052764)
Processing edges for vertex: 2300000, range(191302662, 191302663)
Graph populate time: 19.2782
Total I/O time: 22.8817
Running on: 16 threads
Loaded graph from file: pnnl.bin
Memory used: 2949.09
Maximum degree for the graph: 5520
Iteration: 0, conflicts: 43
Iteration: 1, conflicts: 5
Iteration: 2, conflicts: 1
Iteration: 3, conflicts: 0
Total number of colors used: 1199
Total number of conflicts overall: 0
Number of rounds: 4
SUCCESS: No conflicts found
Coloring time: 1.52531
Memory used: 2949.09
Number of reordered colors: 1020
End position for large colors: 0, node count: 550500, largest: 550500
Node count cutoff: 472334
e_xx: 1.1936e+08, a2_x: 6.01147e+11, currMod: 0.623591
e_xx: 1.61091e+08, a2_x: 5.94598e+11, currMod: 0.841615
e_xx: 1.67186e+08, a2_x: 5.49059e+11, currMod: 0.873461
e_xx: 1.69728e+08, a2_x: 5.32947e+11, currMod: 0.886744
e_xx: 1.71138e+08, a2_x: 5.25566e+11, currMod: 0.894112
currMod: 0.886744, prevMod: -1
Louvain time: 15.7877
numClusters: 203115, time: 0.291118
Next phase: 2
Memory used: 2949.09
End Structure 1246545 203115 vs 2694219
Build next level time: 7.38336
Iteration time: 23.4694
Memory used: 2949.09
e_xx: 1.64785e+08, a2_x: 5.25691e+11, currMod: 0.890506
e_xx: 1.78092e+08, a2_x: 3.58923e+11, currMod: 0.962421
e_xx: 1.78961e+08, a2_x: 2.68572e+11, currMod: 0.967119
e_xx: 1.79866e+08, a2_x: 3.20451e+11, currMod: 0.97201
e_xx: 1.79468e+08, a2_x: 2.60006e+11, currMod: 0.969863
currMod: 0.97201, prevMod: 0.886744
Louvain time: 2.81901
numClusters: 59054, time: 0.043799
Next phase: 3
Memory used: 2949.09
End Structure 586276 59054 vs 1231585
Build next level time: 0.389094
Iteration time: 3.25323
Memory used: 2949.09
e_xx: 1.79866e+08, a2_x: 3.20264e+11, currMod: 0.971995
e_xx: 1.8133e+08, a2_x: 1.25884e+11, currMod: 0.979914
e_xx: 1.81487e+08, a2_x: 1.05185e+11, currMod: 0.980763
e_xx: 1.81535e+08, a2_x: 7.17904e+10, currMod: 0.981023
e_xx: 1.81516e+08, a2_x: 6.44559e+10, currMod: 0.98092
currMod: 0.981023, prevMod: 0.97201
Louvain time: 1.61198
numClusters: 26075, time: 0.014209
Next phase: 4
Memory used: 2949.09
End Structure 187953 26075 vs 401981
Build next level time: 0.201628
Iteration time: 1.82845
Memory used: 2949.09
e_xx: 1.81535e+08, a2_x: 7.41223e+10, currMod: 0.981009
e_xx: 1.81787e+08, a2_x: 4.05383e+10, currMod: 0.982371
e_xx: 1.8184e+08, a2_x: 1.67049e+10, currMod: 0.982659
e_xx: 1.81836e+08, a2_x: 6.43306e+09, currMod: 0.982636
currMod: 0.982659, prevMod: 0.981023
Louvain time: 0.542349
numClusters: 22340, time: 0.008738
Next phase: 5
Memory used: 2949.09
End Structure 97699 22340 vs 217738
Build next level time: 0.086973
Iteration time: 0.63866
Memory used: 2949.09
e_xx: 1.8184e+08, a2_x: 1.3238e+10, currMod: 0.982657
e_xx: 1.81845e+08, a2_x: 2.3094e+10, currMod: 0.982685
e_xx: 1.81846e+08, a2_x: 6.14197e+09, currMod: 0.98269
e_xx: 1.81847e+08, a2_x: 9.88128e+09, currMod: 0.982694
e_xx: 1.81848e+08, a2_x: 8.28442e+09, currMod: 0.982699
e_xx: 1.81848e+08, a2_x: -3.45367e+08, currMod: 0.982698
currMod: 0.982699, prevMod: 0.982659
Louvain time: 0.51625
numClusters: 21975, time: 0.007741
Next phase: 6
Memory used: 2949.09
End Structure 70244 21975 vs 162463
Build next level time: 0.060015
Iteration time: 0.584427
Memory used: 2949.09
e_xx: 1.81848e+08, a2_x: 1.17767e+10, currMod: 0.982699
e_xx: 1.81848e+08, a2_x: 8.64219e+09, currMod: 0.982699
currMod: 0.982699, prevMod: 0.982699
Louvain time: 0.122499
numClusters: 21975, time: 0.007613
Maximum degree for the graph: 469
Iteration: 0, conflicts: 0
Total number of colors used: 176
Total number of conflicts overall: 0
Number of rounds: 1
SUCCESS: No conflicts found
Number of reordered colors: 173
End position for large colors: 0, node count: 21559, largest: 21559
Node count cutoff: 4395
e_xx: 1.84207e+08, a2_x: 2.04212e+10, currMod: 0.995446
e_xx: 1.84218e+08, a2_x: 7.6539e+09, currMod: 0.995508
e_xx: 1.84408e+08, a2_x: 4.40041e+09, currMod: 0.996533
e_xx: 1.84816e+08, a2_x: 7.54823e+09, currMod: 0.998741
e_xx: 1.84788e+08, a2_x: 1.03822e+10, currMod: 0.998585
End Structure 481 21582 vs 22544
currMod: 0.998741, prevMod: 0.982699
numClusters: 21582
Total iteration time: 29.7742

Loop 0 <line-37> - Time 0.001249 Total energy consumed 0.057405 Ave. Power Level 45.962204
	-------- Loop 0 (sock 1 consumed 0.039270, avg temp 36.500000, final temp 37 ) ------
	-------- Loop 0 (sock 2 consumed 0.018135, avg temp 31.500000, final temp 32 ) ------
Loop 1 <line-54> - Time 0.000437 Total energy consumed 0.000000 Ave. Power Level 0.000000
	-------- Loop 1 (sock 1 consumed 0.000000, avg temp 37.000000, final temp 37 ) ------
	-------- Loop 1 (sock 2 consumed 0.000000, avg temp 32.000000, final temp 32 ) ------
Loop 2 <line-76> - Time 0.000521 Total energy consumed 0.000000 Ave. Power Level 0.000000
	-------- Loop 2 (sock 1 consumed 0.000000, avg temp 37.000000, final temp 37 ) ------
	-------- Loop 2 (sock 2 consumed 0.000000, avg temp 32.000000, final temp 32 ) ------
Loop 3 <line-170> - Time 0.916779 Total energy consumed 37.939905 Ave. Power Level 41.383912
	-------- Loop 3 (sock 1 consumed 18.806190, avg temp 36.200000, final temp 37 ) ------
	-------- Loop 3 (sock 2 consumed 19.133715, avg temp 32.000000, final temp 32 ) ------
Loop 4 <line-192> - Time 0.000521 Total energy consumed 0.000000 Ave. Power Level 0.000000
	-------- Loop 4 (sock 1 consumed 0.000000, avg temp 36.500000, final temp 37 ) ------
	-------- Loop 4 (sock 2 consumed 0.000000, avg temp 32.000000, final temp 32 ) ------
Loop 5 <line-222> - Time 0.340669 Total energy consumed 14.290635 Ave. Power Level 41.948752
	-------- Loop 5 (sock 1 consumed 6.744225, avg temp 36.500000, final temp 37 ) ------
	-------- Loop 5 (sock 2 consumed 7.546410, avg temp 32.000000, final temp 32 ) ------
Loop 6 <line-115> - Time 0.002609 Total energy consumed 0.000000 Ave. Power Level 0.000000
	-------- Loop 6 (sock 1 consumed 0.000000, avg temp 37.000000, final temp 37 ) ------
	-------- Loop 6 (sock 2 consumed 0.000000, avg temp 32.333333, final temp 32 ) ------
Loop 7 <line-334> - Time 0.783126 Total energy consumed 30.676020 Ave. Power Level 39.171220
	-------- Loop 7 (sock 1 consumed 15.832275, avg temp 36.714286, final temp 37 ) ------
	-------- Loop 7 (sock 2 consumed 14.843745, avg temp 32.285714, final temp 32 ) ------
Loop 8 <line-353> - Time 0.000681 Total energy consumed 0.000000 Ave. Power Level 0.000000
	-------- Loop 8 (sock 1 consumed 0.000000, avg temp 36.714286, final temp 37 ) ------
	-------- Loop 8 (sock 2 consumed 0.000000, avg temp 32.285714, final temp 32 ) ------
Loop 9 <line-375> - Time 0.001278 Total energy consumed 0.000000 Ave. Power Level 0.000000
	-------- Loop 9 (sock 1 consumed 0.000000, avg temp 36.714286, final temp 37 ) ------
	-------- Loop 9 (sock 2 consumed 0.000000, avg temp 32.285714, final temp 32 ) ------
Loop 10 <line-85> - Time 0.286364 Total energy consumed 15.813060 Ave. Power Level 55.220201
	-------- Loop 10 (sock 1 consumed 7.997100, avg temp 37.000000, final temp 37 ) ------
	-------- Loop 10 (sock 2 consumed 7.815960, avg temp 32.000000, final temp 32 ) ------
Loop 11 <line-131> - Time 0.007303 Total energy consumed 0.396675 Ave. Power Level 54.316972
	-------- Loop 11 (sock 1 consumed 0.201360, avg temp 37.000000, final temp 37 ) ------
	-------- Loop 11 (sock 2 consumed 0.195315, avg temp 32.000000, final temp 32 ) ------
Loop 12 <line-167> - Time 0.348641 Total energy consumed 19.722420 Ave. Power Level 56.569430
	-------- Loop 12 (sock 1 consumed 9.987720, avg temp 37.500000, final temp 38 ) ------
	-------- Loop 12 (sock 2 consumed 9.734700, avg temp 32.500000, final temp 33 ) ------
Loop 13 <line-213> - Time 9.377836 Total energy consumed 522.654555 Ave. Power Level 55.732960
	-------- Loop 13 (sock 1 consumed 265.970220, avg temp 37.700000, final temp 38 ) ------
	-------- Loop 13 (sock 2 consumed 256.684335, avg temp 33.100000, final temp 32 ) ------
Loop 14 <line-99> - Time 7.476396 Total energy consumed 299.656230 Ave. Power Level 40.080307
	-------- Loop 14 (sock 1 consumed 147.843270, avg temp 36.833333, final temp 37 ) ------
	-------- Loop 14 (sock 2 consumed 151.812960, avg temp 32.333333, final temp 32 ) ------
Loop 15 <line-160> - Time 0.185978 Total energy consumed 8.331825 Ave. Power Level 44.800017
	-------- Loop 15 (sock 1 consumed 4.162095, avg temp 37.000000, final temp 38 ) ------
	-------- Loop 15 (sock 2 consumed 4.169730, avg temp 32.833333, final temp 33 ) ------
Loop 16 <line-269> - Time 5.571662 Total energy consumed 213.924210 Ave. Power Level 38.395047
	-------- Loop 16 (sock 1 consumed 105.752805, avg temp 36.681818, final temp 36 ) ------
	-------- Loop 16 (sock 2 consumed 108.171405, avg temp 32.363636, final temp 32 ) ------
Loop 17 <line-300> - Time 0.002157 Total energy consumed 0.000000 Ave. Power Level 0.000000
	-------- Loop 17 (sock 1 consumed 0.000000, avg temp 36.705882, final temp 37 ) ------
	-------- Loop 17 (sock 2 consumed 0.000000, avg temp 32.470588, final temp 33 ) ------
Loop 18 <line-147> - Time 0.000489 Total energy consumed 0.000000 Ave. Power Level 0.000000
	-------- Loop 18 (sock 1 consumed 0.000000, avg temp 37.000000, final temp 37 ) ------
	-------- Loop 18 (sock 2 consumed 0.000000, avg temp 32.000000, final temp 32 ) ------
Application(EnergyStat) - Time 54.395439 Total energy consumed 2263.072590 Ave. Power Level 41.604087 Final Temperature socket 1 : 37  socket 2 : 33 
