Memory used: 1.29297
Loading 32-bit binary file: pnnl.bin, numvertices: 2361670, numEdges: 191402826
File read time: 3.60527
Before allocating graph
Allocated graph: 0x160a550
Processing edges for vertex: 0, range(0, 166)
Processing edges for vertex: 100000, range(58444108, 58444133)
Processing edges for vertex: 200000, range(84376057, 84376362)
Processing edges for vertex: 300000, range(106069163, 106069503)
Processing edges for vertex: 400000, range(122097114, 122097513)
Processing edges for vertex: 500000, range(135096418, 135096483)
Processing edges for vertex: 600000, range(146097008, 146097061)
Processing edges for vertex: 700000, range(155415410, 155415531)
Processing edges for vertex: 800000, range(162595900, 162595989)
Processing edges for vertex: 900000, range(168508374, 168508464)
Processing edges for vertex: 1000000, range(173203321, 173203442)
Processing edges for vertex: 1100000, range(176935100, 176935110)
Processing edges for vertex: 1200000, range(179876260, 179876270)
Processing edges for vertex: 1300000, range(182240081, 182240092)
Processing edges for vertex: 1400000, range(184224513, 184224521)
Processing edges for vertex: 1500000, range(185795161, 185795170)
Processing edges for vertex: 1600000, range(187104124, 187104130)
Processing edges for vertex: 1700000, range(188148455, 188148461)
Processing edges for vertex: 1800000, range(188997836, 188997842)
Processing edges for vertex: 1900000, range(189691532, 189691535)
Processing edges for vertex: 2000000, range(190254658, 190254660)
Processing edges for vertex: 2100000, range(190705814, 190705822)
Processing edges for vertex: 2200000, range(191052755, 191052764)
Processing edges for vertex: 2300000, range(191302662, 191302663)
Graph populate time: 19.2829
Total I/O time: 22.8882
Running on: 16 threads
Loaded graph from file: pnnl.bin
Memory used: 2949.09
Maximum degree for the graph: 5520
Iteration: 0, conflicts: 53
Iteration: 1, conflicts: 10
Iteration: 2, conflicts: 5
Iteration: 3, conflicts: 0
Total number of colors used: 1199
Total number of conflicts overall: 0
Number of rounds: 4
SUCCESS: No conflicts found
Coloring time: 1.50129
Memory used: 2949.09
Number of reordered colors: 995
End position for large colors: 0, node count: 550520, largest: 550520
Node count cutoff: 472334
e_xx: 1.21547e+08, a2_x: 5.87102e+11, currMod: 0.635017
e_xx: 1.65619e+08, a2_x: 5.91377e+11, currMod: 0.865274
e_xx: 1.72731e+08, a2_x: 5.5135e+11, currMod: 0.902434
e_xx: 1.75479e+08, a2_x: 5.12777e+11, currMod: 0.916788
e_xx: 1.76791e+08, a2_x: 5.19539e+11, currMod: 0.923645
currMod: 0.916788, prevMod: -1
Louvain time: 15.8306
numClusters: 204507, time: 0.291645
Next phase: 2
Memory used: 2949.09
End Structure 1305835 204507 vs 2814341
Build next level time: 7.8225
Iteration time: 23.9523
Memory used: 2949.09
e_xx: 1.57702e+08, a2_x: 5.20799e+11, currMod: 0.915224
e_xx: 1.65911e+08, a2_x: 3.09191e+11, currMod: 0.962875
e_xx: 1.66957e+08, a2_x: 2.66761e+11, currMod: 0.968945
e_xx: 1.67269e+08, a2_x: 2.75538e+11, currMod: 0.970757
e_xx: 1.67346e+08, a2_x: 2.66587e+11, currMod: 0.971204
e_xx: 1.6744e+08, a2_x: 2.77813e+11, currMod: 0.971748
e_xx: 1.67438e+08, a2_x: 2.65473e+11, currMod: 0.971738
currMod: 0.971748, prevMod: 0.916788
Louvain time: 3.9791
numClusters: 54890, time: 0.042244
Next phase: 3
Memory used: 2949.09
End Structure 556173 54890 vs 1167218
Build next level time: 0.430204
Iteration time: 4.45269
Memory used: 2949.09
e_xx: 1.6744e+08, a2_x: 2.75795e+11, currMod: 0.971722
e_xx: 1.68632e+08, a2_x: 1.14912e+11, currMod: 0.978645
e_xx: 1.687e+08, a2_x: 7.46008e+10, currMod: 0.979043
e_xx: 1.6881e+08, a2_x: 6.66139e+10, currMod: 0.979678
e_xx: 1.68742e+08, a2_x: 6.99255e+10, currMod: 0.979287
currMod: 0.979678, prevMod: 0.971748
Louvain time: 1.44916
numClusters: 25978, time: 0.013768
Next phase: 4
Memory used: 2949.09
End Structure 185765 25978 vs 397508
Build next level time: 0.174773
Iteration time: 1.63833
Memory used: 2949.09
e_xx: 1.6881e+08, a2_x: 6.88368e+10, currMod: 0.979664
e_xx: 1.6901e+08, a2_x: 1.60917e+10, currMod: 0.980829
e_xx: 1.69007e+08, a2_x: 2.07104e+10, currMod: 0.980809
currMod: 0.980829, prevMod: 0.979678
Louvain time: 0.41091
numClusters: 22699, time: 0.008717
Next phase: 5
Memory used: 2949.09
End Structure 110569 22699 vs 243837
Build next level time: 0.092271
Iteration time: 0.512478
Memory used: 2949.09
e_xx: 1.6901e+08, a2_x: 1.32235e+10, currMod: 0.980827
e_xx: 1.69045e+08, a2_x: 1.58976e+09, currMod: 0.98103
e_xx: 1.69047e+08, a2_x: 6.61619e+09, currMod: 0.981044
e_xx: 1.69048e+08, a2_x: 7.41424e+09, currMod: 0.981044
currMod: 0.981044, prevMod: 0.980829
Louvain time: 0.395696
numClusters: 22040, time: 0.007822
Next phase: 6
Memory used: 2949.09
End Structure 79111 22040 vs 180262
Build next level time: 0.068881
Iteration time: 0.472807
Memory used: 2949.09
e_xx: 1.69047e+08, a2_x: 9.94453e+09, currMod: 0.981043
e_xx: 1.69048e+08, a2_x: 9.4147e+09, currMod: 0.981046
e_xx: 1.69048e+08, a2_x: 2.01831e+09, currMod: 0.981046
currMod: 0.981046, prevMod: 0.981044
Louvain time: 0.21626
numClusters: 21983, time: 0.007596
Next phase: 7
Memory used: 2949.09
End Structure 76148 21983 vs 174279
Build next level time: 0.055039
Iteration time: 0.279294
Memory used: 2949.09
e_xx: 1.69048e+08, a2_x: 9.24828e+09, currMod: 0.981046
e_xx: 1.69048e+08, a2_x: 7.66972e+09, currMod: 0.981046
currMod: 0.981046, prevMod: 0.981046
Louvain time: 0.133015
numClusters: 21983, time: 0.00757
Maximum degree for the graph: 477
Iteration: 0, conflicts: 0
Total number of colors used: 174
Total number of conflicts overall: 0
Number of rounds: 1
SUCCESS: No conflicts found
Number of reordered colors: 171
End position for large colors: 0, node count: 21542, largest: 21542
Node count cutoff: 4397
e_xx: 1.69048e+08, a2_x: 5.48656e+09, currMod: 0.981048
e_xx: 1.691e+08, a2_x: 2.74757e+10, currMod: 0.98135
e_xx: 1.69097e+08, a2_x: 3.04448e+10, currMod: 0.981333
End Structure 47605 21887 vs 117097
currMod: 0.98135, prevMod: 0.981046
numClusters: 21887
Total iteration time: 31.3079

Loop 0 <line-37> - Time 0.001096 Total energy consumed 0.057240 Ave. Power Level 52.220798
	-------- Loop 0 (sock 1 consumed 0.039390, avg temp 36.500000, final temp 37 ) ------
	-------- Loop 0 (sock 2 consumed 0.017850, avg temp 32.500000, final temp 33 ) ------
Loop 1 <line-54> - Time 0.000473 Total energy consumed 0.000000 Ave. Power Level 0.000000
	-------- Loop 1 (sock 1 consumed 0.000000, avg temp 36.500000, final temp 37 ) ------
	-------- Loop 1 (sock 2 consumed 0.000000, avg temp 32.500000, final temp 33 ) ------
Loop 2 <line-76> - Time 0.000540 Total energy consumed 0.000000 Ave. Power Level 0.000000
	-------- Loop 2 (sock 1 consumed 0.000000, avg temp 36.500000, final temp 37 ) ------
	-------- Loop 2 (sock 2 consumed 0.000000, avg temp 32.500000, final temp 33 ) ------
Loop 3 <line-170> - Time 0.879881 Total energy consumed 36.577605 Ave. Power Level 41.571070
	-------- Loop 3 (sock 1 consumed 19.038360, avg temp 37.000000, final temp 37 ) ------
	-------- Loop 3 (sock 2 consumed 17.539245, avg temp 32.200000, final temp 33 ) ------
Loop 4 <line-192> - Time 0.000498 Total energy consumed 0.000000 Ave. Power Level 0.000000
	-------- Loop 4 (sock 1 consumed 0.000000, avg temp 37.000000, final temp 37 ) ------
	-------- Loop 4 (sock 2 consumed 0.000000, avg temp 32.500000, final temp 33 ) ------
Loop 5 <line-222> - Time 0.354374 Total energy consumed 14.665200 Ave. Power Level 41.383414
	-------- Loop 5 (sock 1 consumed 7.130190, avg temp 36.500000, final temp 37 ) ------
	-------- Loop 5 (sock 2 consumed 7.535010, avg temp 33.000000, final temp 33 ) ------
Loop 6 <line-115> - Time 0.002933 Total energy consumed 0.000000 Ave. Power Level 0.000000
	-------- Loop 6 (sock 1 consumed 0.000000, avg temp 36.857143, final temp 37 ) ------
	-------- Loop 6 (sock 2 consumed 0.000000, avg temp 33.142857, final temp 34 ) ------
Loop 7 <line-334> - Time 0.750712 Total energy consumed 29.440620 Ave. Power Level 39.216956
	-------- Loop 7 (sock 1 consumed 15.386715, avg temp 36.625000, final temp 37 ) ------
	-------- Loop 7 (sock 2 consumed 14.053905, avg temp 33.000000, final temp 33 ) ------
Loop 8 <line-353> - Time 0.000667 Total energy consumed 0.000000 Ave. Power Level 0.000000
	-------- Loop 8 (sock 1 consumed 0.000000, avg temp 36.625000, final temp 37 ) ------
	-------- Loop 8 (sock 2 consumed 0.000000, avg temp 33.000000, final temp 33 ) ------
Loop 9 <line-375> - Time 0.001338 Total energy consumed 0.000000 Ave. Power Level 0.000000
	-------- Loop 9 (sock 1 consumed 0.000000, avg temp 36.625000, final temp 37 ) ------
	-------- Loop 9 (sock 2 consumed 0.000000, avg temp 33.000000, final temp 33 ) ------
Loop 10 <line-85> - Time 0.291946 Total energy consumed 16.102290 Ave. Power Level 55.154972
	-------- Loop 10 (sock 1 consumed 8.122035, avg temp 36.750000, final temp 37 ) ------
	-------- Loop 10 (sock 2 consumed 7.980255, avg temp 33.000000, final temp 33 ) ------
Loop 11 <line-131> - Time 0.007114 Total energy consumed 0.422340 Ave. Power Level 59.370758
	-------- Loop 11 (sock 1 consumed 0.200400, avg temp 37.000000, final temp 37 ) ------
	-------- Loop 11 (sock 2 consumed 0.221940, avg temp 33.000000, final temp 33 ) ------
Loop 12 <line-167> - Time 0.350751 Total energy consumed 19.046580 Ave. Power Level 54.302216
	-------- Loop 12 (sock 1 consumed 9.643185, avg temp 36.500000, final temp 37 ) ------
	-------- Loop 12 (sock 2 consumed 9.403395, avg temp 33.000000, final temp 33 ) ------
Loop 13 <line-213> - Time 9.268150 Total energy consumed 518.571405 Ave. Power Level 55.951986
	-------- Loop 13 (sock 1 consumed 262.631925, avg temp 37.625000, final temp 37 ) ------
	-------- Loop 13 (sock 2 consumed 255.939480, avg temp 34.250000, final temp 34 ) ------
Loop 14 <line-99> - Time 8.003831 Total energy consumed 324.896970 Ave. Power Level 40.592685
	-------- Loop 14 (sock 1 consumed 166.535610, avg temp 36.714286, final temp 37 ) ------
	-------- Loop 14 (sock 2 consumed 158.361360, avg temp 33.000000, final temp 34 ) ------
Loop 15 <line-160> - Time 0.185955 Total energy consumed 8.422245 Ave. Power Level 45.291897
	-------- Loop 15 (sock 1 consumed 4.246155, avg temp 36.714286, final temp 37 ) ------
	-------- Loop 15 (sock 2 consumed 4.176090, avg temp 33.285714, final temp 34 ) ------
Loop 16 <line-269> - Time 6.539670 Total energy consumed 252.856410 Ave. Power Level 38.665011
	-------- Loop 16 (sock 1 consumed 127.270050, avg temp 36.666667, final temp 37 ) ------
	-------- Loop 16 (sock 2 consumed 125.586360, avg temp 33.208333, final temp 33 ) ------
Loop 17 <line-300> - Time 0.002419 Total energy consumed 0.000000 Ave. Power Level 0.000000
	-------- Loop 17 (sock 1 consumed 0.000000, avg temp 36.611111, final temp 37 ) ------
	-------- Loop 17 (sock 2 consumed 0.000000, avg temp 33.166667, final temp 34 ) ------
Loop 18 <line-147> - Time 0.000498 Total energy consumed 0.000000 Ave. Power Level 0.000000
	-------- Loop 18 (sock 1 consumed 0.000000, avg temp 37.000000, final temp 37 ) ------
	-------- Loop 18 (sock 2 consumed 0.000000, avg temp 33.000000, final temp 33 ) ------
Application(EnergyStat) - Time 55.939312 Total energy consumed 2326.089525 Ave. Power Level 41.582377 Final Temperature socket 1 : 36  socket 2 : 33 
