Memory used: 1.29297
Loading 32-bit binary file: pnnl.bin, numvertices: 2361670, numEdges: 191402826
File read time: 3.61311
Before allocating graph
Allocated graph: 0xb4e550
Processing edges for vertex: 0, range(0, 166)
Processing edges for vertex: 100000, range(58444108, 58444133)
Processing edges for vertex: 200000, range(84376057, 84376362)
Processing edges for vertex: 300000, range(106069163, 106069503)
Processing edges for vertex: 400000, range(122097114, 122097513)
Processing edges for vertex: 500000, range(135096418, 135096483)
Processing edges for vertex: 600000, range(146097008, 146097061)
Processing edges for vertex: 700000, range(155415410, 155415531)
Processing edges for vertex: 800000, range(162595900, 162595989)
Processing edges for vertex: 900000, range(168508374, 168508464)
Processing edges for vertex: 1000000, range(173203321, 173203442)
Processing edges for vertex: 1100000, range(176935100, 176935110)
Processing edges for vertex: 1200000, range(179876260, 179876270)
Processing edges for vertex: 1300000, range(182240081, 182240092)
Processing edges for vertex: 1400000, range(184224513, 184224521)
Processing edges for vertex: 1500000, range(185795161, 185795170)
Processing edges for vertex: 1600000, range(187104124, 187104130)
Processing edges for vertex: 1700000, range(188148455, 188148461)
Processing edges for vertex: 1800000, range(188997836, 188997842)
Processing edges for vertex: 1900000, range(189691532, 189691535)
Processing edges for vertex: 2000000, range(190254658, 190254660)
Processing edges for vertex: 2100000, range(190705814, 190705822)
Processing edges for vertex: 2200000, range(191052755, 191052764)
Processing edges for vertex: 2300000, range(191302662, 191302663)
Graph populate time: 19.3072
Total I/O time: 22.9204
Running on: 16 threads
Loaded graph from file: pnnl.bin
Memory used: 2949.1
Maximum degree for the graph: 5520
Iteration: 0, conflicts: 30
Iteration: 1, conflicts: 7
Iteration: 2, conflicts: 2
Iteration: 3, conflicts: 0
Total number of colors used: 1190
Total number of conflicts overall: 0
Number of rounds: 4
SUCCESS: No conflicts found
Coloring time: 1.43162
Memory used: 2949.1
Number of reordered colors: 1019
End position for large colors: 0, node count: 550595, largest: 550595
Node count cutoff: 472334
e_xx: 1.18282e+08, a2_x: 5.78358e+11, currMod: 0.61796
e_xx: 1.64029e+08, a2_x: 5.46375e+11, currMod: 0.856968
e_xx: 1.70056e+08, a2_x: 5.22821e+11, currMod: 0.888458
e_xx: 1.72666e+08, a2_x: 5.43448e+11, currMod: 0.902095
e_xx: 1.73917e+08, a2_x: 5.28564e+11, currMod: 0.908629
currMod: 0.902095, prevMod: -1
Louvain time: 15.5272
numClusters: 202052, time: 0.290907
Next phase: 2
Memory used: 2949.1
End Structure 1236249 202052 vs 2672708
Build next level time: 7.54803
Iteration time: 23.3739
Memory used: 2949.1
e_xx: 1.66252e+08, a2_x: 5.2864e+11, currMod: 0.904848
e_xx: 1.77086e+08, a2_x: 3.6024e+11, currMod: 0.963819
e_xx: 1.78723e+08, a2_x: 2.52097e+11, currMod: 0.972734
e_xx: 1.79154e+08, a2_x: 2.53499e+11, currMod: 0.975077
e_xx: 1.79243e+08, a2_x: 2.69868e+11, currMod: 0.975561
e_xx: 1.79342e+08, a2_x: 2.61995e+11, currMod: 0.9761
e_xx: 1.79336e+08, a2_x: 2.64108e+11, currMod: 0.97607
currMod: 0.9761, prevMod: 0.902095
Louvain time: 3.5881
numClusters: 47655, time: 0.037208
Next phase: 3
Memory used: 2949.1
End Structure 408552 47655 vs 864751
Build next level time: 0.483132
Iteration time: 4.10971
Memory used: 2949.1
e_xx: 1.79342e+08, a2_x: 2.62238e+11, currMod: 0.976076
e_xx: 1.80236e+08, a2_x: 1.07289e+11, currMod: 0.98095
e_xx: 1.80339e+08, a2_x: 6.37862e+10, currMod: 0.981511
e_xx: 1.80421e+08, a2_x: 8.32348e+10, currMod: 0.981954
e_xx: 1.80388e+08, a2_x: 8.32999e+10, currMod: 0.981774
currMod: 0.981954, prevMod: 0.9761
Louvain time: 1.21216
numClusters: 24579, time: 0.012501
Next phase: 4
Memory used: 2949.1
End Structure 151765 24579 vs 328108
Build next level time: 0.163281
Iteration time: 1.38858
Memory used: 2949.1
e_xx: 1.80421e+08, a2_x: 8.24847e+10, currMod: 0.981945
e_xx: 1.80524e+08, a2_x: 5.59576e+10, currMod: 0.982509
e_xx: 1.80533e+08, a2_x: 6.62846e+10, currMod: 0.982558
e_xx: 1.80536e+08, a2_x: 4.01328e+10, currMod: 0.982575
e_xx: 1.80535e+08, a2_x: 3.3316e+10, currMod: 0.982571
currMod: 0.982575, prevMod: 0.981954
Louvain time: 0.616602
numClusters: 22183, time: 0.008379
Next phase: 5
Memory used: 2949.1
End Structure 85846 22183 vs 193875
Build next level time: 0.070216
Iteration time: 0.695754
Memory used: 2949.1
e_xx: 1.80536e+08, a2_x: 3.88729e+10, currMod: 0.982574
e_xx: 1.80539e+08, a2_x: 2.07994e+10, currMod: 0.98259
e_xx: 1.80539e+08, a2_x: 2.91222e+10, currMod: 0.982588
currMod: 0.98259, prevMod: 0.982575
Louvain time: 0.244969
numClusters: 22048, time: 0.00768
Next phase: 6
Memory used: 2949.1
End Structure 78162 22048 vs 178372
Build next level time: 0.057705
Iteration time: 0.310837
Memory used: 2949.1
e_xx: 1.80539e+08, a2_x: 2.10578e+10, currMod: 0.982589
e_xx: 1.80539e+08, a2_x: 2.29836e+10, currMod: 0.982591
e_xx: 1.80539e+08, a2_x: 2.66349e+10, currMod: 0.98259
currMod: 0.982591, prevMod: 0.98259
Louvain time: 0.214108
numClusters: 22022, time: 0.007671
Next phase: 7
Memory used: 2949.1
End Structure 75882 22022 vs 173786
Build next level time: 0.059004
Iteration time: 0.281188
Memory used: 2949.1
e_xx: 1.80539e+08, a2_x: 2.35003e+10, currMod: 0.982591
e_xx: 1.80539e+08, a2_x: 1.95448e+10, currMod: 0.982591
currMod: 0.982591, prevMod: 0.982591
Louvain time: 0.152971
numClusters: 22022, time: 0.007611
Maximum degree for the graph: 506
Iteration: 0, conflicts: 0
Total number of colors used: 177
Total number of conflicts overall: 0
Number of rounds: 1
SUCCESS: No conflicts found
Number of reordered colors: 177
End position for large colors: 0, node count: 21583, largest: 21583
Node count cutoff: 4405
e_xx: 1.80549e+08, a2_x: 8.33835e+09, currMod: 0.982645
e_xx: 1.80549e+08, a2_x: 3.69211e+09, currMod: 0.982647
e_xx: 1.80568e+08, a2_x: 1.73768e+10, currMod: 0.982746
e_xx: 1.80778e+08, a2_x: 2.94184e+10, currMod: 0.98389
e_xx: 1.82957e+08, a2_x: 1.53452e+10, currMod: 0.995748
e_xx: 1.8293e+08, a2_x: 1.26784e+10, currMod: 0.995604
End Structure 4248 21682 vs 30178
currMod: 0.995748, prevMod: 0.982591
numClusters: 21682
Total iteration time: 30.1599

Loop 0 <line-37> - Time 0.001087 Total energy consumed 0.037860 Ave. Power Level 34.842532
	-------- Loop 0 (sock 1 consumed 0.019785, avg temp 36.500000, final temp 37 ) ------
	-------- Loop 0 (sock 2 consumed 0.018075, avg temp 33.000000, final temp 33 ) ------
Loop 1 <line-54> - Time 0.000707 Total energy consumed 0.054105 Ave. Power Level 76.504965
	-------- Loop 1 (sock 1 consumed 0.027210, avg temp 36.500000, final temp 37 ) ------
	-------- Loop 1 (sock 2 consumed 0.026895, avg temp 32.500000, final temp 33 ) ------
Loop 2 <line-76> - Time 0.000577 Total energy consumed 0.000000 Ave. Power Level 0.000000
	-------- Loop 2 (sock 1 consumed 0.000000, avg temp 36.500000, final temp 37 ) ------
	-------- Loop 2 (sock 2 consumed 0.000000, avg temp 32.500000, final temp 33 ) ------
Loop 3 <line-170> - Time 0.825613 Total energy consumed 34.788045 Ave. Power Level 42.136027
	-------- Loop 3 (sock 1 consumed 18.412815, avg temp 37.000000, final temp 37 ) ------
	-------- Loop 3 (sock 2 consumed 16.375230, avg temp 32.200000, final temp 33 ) ------
Loop 4 <line-192> - Time 0.000523 Total energy consumed 0.000000 Ave. Power Level 0.000000
	-------- Loop 4 (sock 1 consumed 0.000000, avg temp 37.000000, final temp 37 ) ------
	-------- Loop 4 (sock 2 consumed 0.000000, avg temp 32.500000, final temp 33 ) ------
Loop 5 <line-222> - Time 0.339980 Total energy consumed 14.453280 Ave. Power Level 42.512088
	-------- Loop 5 (sock 1 consumed 6.851295, avg temp 37.000000, final temp 37 ) ------
	-------- Loop 5 (sock 2 consumed 7.601985, avg temp 33.000000, final temp 33 ) ------
Loop 6 <line-115> - Time 0.003165 Total energy consumed 0.037260 Ave. Power Level 11.771876
	-------- Loop 6 (sock 1 consumed 0.019485, avg temp 36.571429, final temp 37 ) ------
	-------- Loop 6 (sock 2 consumed 0.017775, avg temp 32.714286, final temp 33 ) ------
Loop 7 <line-334> - Time 0.748878 Total energy consumed 29.573700 Ave. Power Level 39.490668
	-------- Loop 7 (sock 1 consumed 15.178950, avg temp 36.625000, final temp 38 ) ------
	-------- Loop 7 (sock 2 consumed 14.394750, avg temp 32.750000, final temp 33 ) ------
Loop 8 <line-353> - Time 0.000745 Total energy consumed 0.000000 Ave. Power Level 0.000000
	-------- Loop 8 (sock 1 consumed 0.000000, avg temp 36.625000, final temp 38 ) ------
	-------- Loop 8 (sock 2 consumed 0.000000, avg temp 32.750000, final temp 33 ) ------
Loop 9 <line-375> - Time 0.001462 Total energy consumed 0.000000 Ave. Power Level 0.000000
	-------- Loop 9 (sock 1 consumed 0.000000, avg temp 36.625000, final temp 38 ) ------
	-------- Loop 9 (sock 2 consumed 0.000000, avg temp 32.875000, final temp 33 ) ------
Loop 10 <line-85> - Time 0.283962 Total energy consumed 15.705000 Ave. Power Level 55.306772
	-------- Loop 10 (sock 1 consumed 7.930125, avg temp 37.000000, final temp 37 ) ------
	-------- Loop 10 (sock 2 consumed 7.774875, avg temp 33.000000, final temp 33 ) ------
Loop 11 <line-131> - Time 0.006871 Total energy consumed 0.396585 Ave. Power Level 57.720496
	-------- Loop 11 (sock 1 consumed 0.200940, avg temp 36.500000, final temp 36 ) ------
	-------- Loop 11 (sock 2 consumed 0.195645, avg temp 33.000000, final temp 33 ) ------
Loop 12 <line-167> - Time 0.204517 Total energy consumed 11.279040 Ave. Power Level 55.149680
	-------- Loop 12 (sock 1 consumed 5.711520, avg temp 37.000000, final temp 36 ) ------
	-------- Loop 12 (sock 2 consumed 5.567520, avg temp 33.000000, final temp 33 ) ------
Loop 13 <line-213> - Time 9.185203 Total energy consumed 515.604435 Ave. Power Level 56.134244
	-------- Loop 13 (sock 1 consumed 261.011535, avg temp 37.454545, final temp 38 ) ------
	-------- Loop 13 (sock 2 consumed 254.592900, avg temp 34.181818, final temp 34 ) ------
Loop 14 <line-99> - Time 7.780650 Total energy consumed 315.898485 Ave. Power Level 40.600527
	-------- Loop 14 (sock 1 consumed 159.569145, avg temp 36.428571, final temp 37 ) ------
	-------- Loop 14 (sock 2 consumed 156.329340, avg temp 32.714286, final temp 34 ) ------
Loop 15 <line-160> - Time 0.167941 Total energy consumed 7.700040 Ave. Power Level 45.849615
	-------- Loop 15 (sock 1 consumed 3.915585, avg temp 36.857143, final temp 37 ) ------
	-------- Loop 15 (sock 2 consumed 3.784455, avg temp 33.142857, final temp 34 ) ------
Loop 16 <line-269> - Time 5.985636 Total energy consumed 230.266260 Ave. Power Level 38.469807
	-------- Loop 16 (sock 1 consumed 114.991785, avg temp 36.640000, final temp 37 ) ------
	-------- Loop 16 (sock 2 consumed 115.274475, avg temp 32.760000, final temp 33 ) ------
Loop 17 <line-300> - Time 0.002734 Total energy consumed 0.054105 Ave. Power Level 19.792943
	-------- Loop 17 (sock 1 consumed 0.035280, avg temp 36.578947, final temp 38 ) ------
	-------- Loop 17 (sock 2 consumed 0.018825, avg temp 32.736842, final temp 32 ) ------
Loop 18 <line-147> - Time 0.000701 Total energy consumed 0.056415 Ave. Power Level 80.459065
	-------- Loop 18 (sock 1 consumed 0.019050, avg temp 37.000000, final temp 37 ) ------
	-------- Loop 18 (sock 2 consumed 0.037365, avg temp 33.000000, final temp 33 ) ------
Application(EnergyStat) - Time 54.777613 Total energy consumed 2278.145220 Ave. Power Level 41.588983 Final Temperature socket 1 : 37  socket 2 : 33 
