Memory used: 1.32031
Loading 32-bit binary file: pnnl.bin, numvertices: 2361670, numEdges: 191402826
File read time: 2.22659
Before allocating graph
Allocated graph: 0x1067570
Processing edges for vertex: 0, range(0, 166)
Processing edges for vertex: 100000, range(58444108, 58444133)
Processing edges for vertex: 200000, range(84376057, 84376362)
Processing edges for vertex: 300000, range(106069163, 106069503)
Processing edges for vertex: 400000, range(122097114, 122097513)
Processing edges for vertex: 500000, range(135096418, 135096483)
Processing edges for vertex: 600000, range(146097008, 146097061)
Processing edges for vertex: 700000, range(155415410, 155415531)
Processing edges for vertex: 800000, range(162595900, 162595989)
Processing edges for vertex: 900000, range(168508374, 168508464)
Processing edges for vertex: 1000000, range(173203321, 173203442)
Processing edges for vertex: 1100000, range(176935100, 176935110)
Processing edges for vertex: 1200000, range(179876260, 179876270)
Processing edges for vertex: 1300000, range(182240081, 182240092)
Processing edges for vertex: 1400000, range(184224513, 184224521)
Processing edges for vertex: 1500000, range(185795161, 185795170)
Processing edges for vertex: 1600000, range(187104124, 187104130)
Processing edges for vertex: 1700000, range(188148455, 188148461)
Processing edges for vertex: 1800000, range(188997836, 188997842)
Processing edges for vertex: 1900000, range(189691532, 189691535)
Processing edges for vertex: 2000000, range(190254658, 190254660)
Processing edges for vertex: 2100000, range(190705814, 190705822)
Processing edges for vertex: 2200000, range(191052755, 191052764)
Processing edges for vertex: 2300000, range(191302662, 191302663)
Graph populate time: 11.1491
Total I/O time: 13.3757

Regional(EnergyStat) - Time 13.380578 Total energy consumed 580.675995 Ave. Power Level 43.396929 
Running on: 4 threads
Loaded graph from file: pnnl.bin
Memory used: 2949.12
Maximum degree for the graph: 5520
Iteration: 0, conflicts: 2
Iteration: 1, conflicts: 0
Total number of colors used: 1182
Total number of conflicts overall: 0
Number of rounds: 2
SUCCESS: No conflicts found
Coloring time: 1.8116
Memory used: 2949.12
Number of reordered colors: 1007
End position for large colors: 0, node count: 551279, largest: 551279
Node count cutoff: 472334
e_xx: 1.28711e+08, a2_x: 6.85714e+11, currMod: 0.672444
e_xx: 1.67972e+08, a2_x: 5.91332e+11, currMod: 0.877566
e_xx: 1.7388e+08, a2_x: 5.28281e+11, currMod: 0.908438
e_xx: 1.76231e+08, a2_x: 5.20251e+11, currMod: 0.920719
e_xx: 1.77469e+08, a2_x: 4.91834e+11, currMod: 0.92719
currMod: 0.920719, prevMod: -1
Louvain time: 26.7105
numClusters: 202875, time: 0.151472
Next phase: 2
Memory used: 2949.12
End Structure 1257560 202875 vs 2716061
Build next level time: 7.43689
Iteration time: 34.3048
Memory used: 2949.12
e_xx: 1.56623e+08, a2_x: 4.91705e+11, currMod: 0.918332
e_xx: 1.64331e+08, a2_x: 3.28614e+11, currMod: 0.963532
e_xx: 1.65348e+08, a2_x: 3.04379e+11, currMod: 0.969492
e_xx: 1.65644e+08, a2_x: 2.36491e+11, currMod: 0.971229
e_xx: 1.657e+08, a2_x: 2.70659e+11, currMod: 0.971559
e_xx: 1.65783e+08, a2_x: 2.29417e+11, currMod: 0.972045
e_xx: 1.65771e+08, a2_x: 2.56089e+11, currMod: 0.971977
currMod: 0.972045, prevMod: 0.920719
Louvain time: 3.05191
numClusters: 52049, time: 0.021455
Next phase: 3
Memory used: 2949.12
End Structure 503112 52049 vs 1058264
Build next level time: 0.282843
Iteration time: 3.35732
Memory used: 2949.12
e_xx: 1.65783e+08, a2_x: 2.32094e+11, currMod: 0.972014
e_xx: 1.66707e+08, a2_x: 7.20815e+10, currMod: 0.977442
e_xx: 1.66752e+08, a2_x: 5.53137e+10, currMod: 0.977704
e_xx: 1.66874e+08, a2_x: 6.59514e+10, currMod: 0.978419
e_xx: 1.66778e+08, a2_x: 2.88203e+10, currMod: 0.977858
currMod: 0.978419, prevMod: 0.972045
Louvain time: 0.92989
numClusters: 25596, time: 0.006755
Next phase: 4
Memory used: 2949.12
End Structure 178106 25596 vs 381808
Build next level time: 0.090589
Iteration time: 1.02817
Memory used: 2949.12
e_xx: 1.66874e+08, a2_x: 6.28689e+10, currMod: 0.978407
e_xx: 1.6711e+08, a2_x: 2.19108e+10, currMod: 0.97979
e_xx: 1.67159e+08, a2_x: 1.28079e+10, currMod: 0.980077
e_xx: 1.67158e+08, a2_x: 1.33232e+10, currMod: 0.980076
currMod: 0.980077, prevMod: 0.978419
Louvain time: 0.31323
numClusters: 22258, time: 0.004308
Next phase: 5
Memory used: 2949.12
End Structure 97291 22258 vs 216840
Build next level time: 0.048876
Iteration time: 0.36731
Memory used: 2949.12
e_xx: 1.67159e+08, a2_x: 1.35055e+10, currMod: 0.980075
e_xx: 1.67162e+08, a2_x: -1.45708e+09, currMod: 0.980094
e_xx: 1.67162e+08, a2_x: 1.30738e+10, currMod: 0.980097
e_xx: 1.67162e+08, a2_x: -1.04407e+08, currMod: 0.980096
currMod: 0.980097, prevMod: 0.980077
Louvain time: 0.181911
numClusters: 22003, time: 0.003832
Next phase: 6
Memory used: 2949.12
End Structure 79717 22003 vs 181437
Build next level time: 0.035306
Iteration time: 0.221939
Memory used: 2949.12
e_xx: 1.67162e+08, a2_x: 1.61198e+10, currMod: 0.980097
e_xx: 1.67163e+08, a2_x: 1.94338e+10, currMod: 0.980099
e_xx: 1.67163e+08, a2_x: 1.95894e+10, currMod: 0.980099
currMod: 0.980099, prevMod: 0.980097
Louvain time: 0.113046
numClusters: 21989, time: 0.003829
Next phase: 7
Memory used: 2949.12
End Structure 78695 21989 vs 179379
Build next level time: 0.033725
Iteration time: 0.151483
Memory used: 2949.12
e_xx: 1.67163e+08, a2_x: 1.54511e+10, currMod: 0.980099
e_xx: 1.67163e+08, a2_x: 1.64459e+10, currMod: 0.980099
currMod: 0.980099, prevMod: 0.980099
Louvain time: 0.075088
numClusters: 21989, time: 0.003787
Maximum degree for the graph: 481
Iteration: 0, conflicts: 0
Total number of colors used: 179
Total number of conflicts overall: 0
Number of rounds: 1
SUCCESS: No conflicts found
Number of reordered colors: 177
End position for large colors: 0, node count: 21550, largest: 21550
Node count cutoff: 4398
e_xx: 1.67163e+08, a2_x: 1.64459e+10, currMod: 0.980099
End Structure 78547 21988 vs 179082
currMod: 0.980099, prevMod: 0.980099
numClusters: 21988
Total iteration time: 39.431

Loop 0 <line-37> - Time 0.000972 Total energy consumed 0.044280 Ave. Power Level 45.575858
	-------- Loop 0 (sock 1 consumed 0.024165, avg temp 44.000000, final temp 44 ) ------
	-------- Loop 0 (sock 2 consumed 0.020115, avg temp 36.000000, final temp 36 ) ------
Loop 1 <line-54> - Time 0.000515 Total energy consumed 0.000000 Ave. Power Level 0.000000
	-------- Loop 1 (sock 1 consumed 0.000000, avg temp 44.000000, final temp 44 ) ------
	-------- Loop 1 (sock 2 consumed 0.000000, avg temp 36.000000, final temp 36 ) ------
Loop 2 <line-76> - Time 0.001528 Total energy consumed 0.126645 Ave. Power Level 82.865228
	-------- Loop 2 (sock 1 consumed 0.057945, avg temp 44.000000, final temp 44 ) ------
	-------- Loop 2 (sock 2 consumed 0.068700, avg temp 36.000000, final temp 36 ) ------
Loop 3 <line-170> - Time 1.224677 Total energy consumed 56.258595 Ave. Power Level 45.937501
	-------- Loop 3 (sock 1 consumed 30.583725, avg temp 43.000000, final temp 43 ) ------
	-------- Loop 3 (sock 2 consumed 25.674870, avg temp 36.000000, final temp 36 ) ------
Loop 4 <line-192> - Time 0.000286 Total energy consumed 0.064260 Ave. Power Level 224.679816
	-------- Loop 4 (sock 1 consumed 0.023595, avg temp 43.500000, final temp 43 ) ------
	-------- Loop 4 (sock 2 consumed 0.040665, avg temp 36.000000, final temp 36 ) ------
Loop 5 <line-222> - Time 0.463295 Total energy consumed 21.133260 Ave. Power Level 45.615117
	-------- Loop 5 (sock 1 consumed 11.587260, avg temp 43.500000, final temp 44 ) ------
	-------- Loop 5 (sock 2 consumed 9.546000, avg temp 36.000000, final temp 36 ) ------
Loop 6 <line-116> - Time 0.005839 Total energy consumed 0.290595 Ave. Power Level 49.768238
	-------- Loop 6 (sock 1 consumed 0.156660, avg temp 43.142857, final temp 43 ) ------
	-------- Loop 6 (sock 2 consumed 0.133935, avg temp 36.285714, final temp 36 ) ------
Loop 7 <line-334> - Time 0.955013 Total energy consumed 42.175290 Ave. Power Level 44.161997
	-------- Loop 7 (sock 1 consumed 22.709625, avg temp 43.500000, final temp 44 ) ------
	-------- Loop 7 (sock 2 consumed 19.465665, avg temp 36.250000, final temp 37 ) ------
Loop 8 <line-353> - Time 0.000522 Total energy consumed 0.043230 Ave. Power Level 82.824660
	-------- Loop 8 (sock 1 consumed 0.023445, avg temp 43.500000, final temp 44 ) ------
	-------- Loop 8 (sock 2 consumed 0.019785, avg temp 36.250000, final temp 37 ) ------
Loop 9 <line-375> - Time 0.001274 Total energy consumed 0.055860 Ave. Power Level 43.835453
	-------- Loop 9 (sock 1 consumed 0.031950, avg temp 43.500000, final temp 44 ) ------
	-------- Loop 9 (sock 2 consumed 0.023910, avg temp 36.250000, final temp 37 ) ------
Loop 10 <line-85> - Time 0.134921 Total energy consumed 6.949575 Ave. Power Level 51.508322
	-------- Loop 10 (sock 1 consumed 3.777810, avg temp 43.500000, final temp 43 ) ------
	-------- Loop 10 (sock 2 consumed 3.171765, avg temp 36.000000, final temp 36 ) ------
Loop 11 <line-131> - Time 0.011367 Total energy consumed 0.578670 Ave. Power Level 50.906570
	-------- Loop 11 (sock 1 consumed 0.318090, avg temp 43.000000, final temp 43 ) ------
	-------- Loop 11 (sock 2 consumed 0.260580, avg temp 36.000000, final temp 36 ) ------
Loop 12 <line-167> - Time 0.119680 Total energy consumed 6.178770 Ave. Power Level 51.627534
	-------- Loop 12 (sock 1 consumed 3.341460, avg temp 43.500000, final temp 43 ) ------
	-------- Loop 12 (sock 2 consumed 2.837310, avg temp 36.000000, final temp 36 ) ------
Loop 13 <line-213> - Time 18.778503 Total energy consumed 960.949305 Ave. Power Level 51.172838
	-------- Loop 13 (sock 1 consumed 493.064715, avg temp 44.333333, final temp 44 ) ------
	-------- Loop 13 (sock 2 consumed 467.884590, avg temp 37.166667, final temp 36 ) ------
Loop 14 <line-99> - Time 7.471765 Total energy consumed 333.279840 Ave. Power Level 44.605236
	-------- Loop 14 (sock 1 consumed 165.364995, avg temp 42.285714, final temp 42 ) ------
	-------- Loop 14 (sock 2 consumed 167.914845, avg temp 36.571429, final temp 37 ) ------
Loop 15 <line-160> - Time 0.175588 Total energy consumed 8.017260 Ave. Power Level 45.659514
	-------- Loop 15 (sock 1 consumed 4.256475, avg temp 43.142857, final temp 43 ) ------
	-------- Loop 15 (sock 2 consumed 3.760785, avg temp 36.714286, final temp 37 ) ------
Loop 16 <line-269> - Time 4.633204 Total energy consumed 201.735555 Ave. Power Level 43.541261
	-------- Loop 16 (sock 1 consumed 105.481965, avg temp 43.400000, final temp 43 ) ------
	-------- Loop 16 (sock 2 consumed 96.253590, avg temp 36.360000, final temp 37 ) ------
Loop 17 <line-300> - Time 0.003646 Total energy consumed 0.066405 Ave. Power Level 18.211672
	-------- Loop 17 (sock 1 consumed 0.022275, avg temp 43.421053, final temp 42 ) ------
	-------- Loop 17 (sock 2 consumed 0.044130, avg temp 36.315789, final temp 37 ) ------
Loop 18 <line-148> - Time 0.000823 Total energy consumed 0.044250 Ave. Power Level 53.798738
	-------- Loop 18 (sock 1 consumed 0.019725, avg temp 44.000000, final temp 44 ) ------
	-------- Loop 18 (sock 2 consumed 0.024525, avg temp 36.000000, final temp 36 ) ------
Application(EnergyStat) - Time 54.763059 Total energy consumed 2539.875630 Ave. Power Level 46.379360 Final Temperature socket 1 : 42  socket 2 : 36 
	 ParallelApplication(EnergyStat) - Time 33.983419 Total energy consumed 1637.991645 Ave. Power Level 48.199731
Memory used: 1.32031
Loading 32-bit binary file: pnnl.bin, numvertices: 2361670, numEdges: 191402826
File read time: 2.23903
Before allocating graph
Allocated graph: 0x1105570
Processing edges for vertex: 0, range(0, 166)
Processing edges for vertex: 100000, range(58444108, 58444133)
Processing edges for vertex: 200000, range(84376057, 84376362)
Processing edges for vertex: 300000, range(106069163, 106069503)
Processing edges for vertex: 400000, range(122097114, 122097513)
Processing edges for vertex: 500000, range(135096418, 135096483)
Processing edges for vertex: 600000, range(146097008, 146097061)
Processing edges for vertex: 700000, range(155415410, 155415531)
Processing edges for vertex: 800000, range(162595900, 162595989)
Processing edges for vertex: 900000, range(168508374, 168508464)
Processing edges for vertex: 1000000, range(173203321, 173203442)
Processing edges for vertex: 1100000, range(176935100, 176935110)
Processing edges for vertex: 1200000, range(179876260, 179876270)
Processing edges for vertex: 1300000, range(182240081, 182240092)
Processing edges for vertex: 1400000, range(184224513, 184224521)
Processing edges for vertex: 1500000, range(185795161, 185795170)
Processing edges for vertex: 1600000, range(187104124, 187104130)
Processing edges for vertex: 1700000, range(188148455, 188148461)
Processing edges for vertex: 1800000, range(188997836, 188997842)
Processing edges for vertex: 1900000, range(189691532, 189691535)
Processing edges for vertex: 2000000, range(190254658, 190254660)
Processing edges for vertex: 2100000, range(190705814, 190705822)
Processing edges for vertex: 2200000, range(191052755, 191052764)
Processing edges for vertex: 2300000, range(191302662, 191302663)
Graph populate time: 11.2372
Total I/O time: 13.4763

Regional(EnergyStat) - Time 13.480508 Total energy consumed 581.240115 Ave. Power Level 43.117078 
Running on: 4 threads
Loaded graph from file: pnnl.bin
Memory used: 2949.12
Maximum degree for the graph: 5520
Iteration: 0, conflicts: 4
Iteration: 1, conflicts: 0
Total number of colors used: 1179
Total number of conflicts overall: 0
Number of rounds: 2
SUCCESS: No conflicts found
Coloring time: 1.80275
Memory used: 2949.12
Number of reordered colors: 1011
End position for large colors: 0, node count: 551382, largest: 551382
Node count cutoff: 472334
e_xx: 1.28664e+08, a2_x: 6.26931e+11, currMod: 0.672197
e_xx: 1.68418e+08, a2_x: 5.90516e+11, currMod: 0.879897
e_xx: 1.7444e+08, a2_x: 5.34118e+11, currMod: 0.911363
e_xx: 1.76825e+08, a2_x: 5.12068e+11, currMod: 0.923823
e_xx: 1.77883e+08, a2_x: 5.0572e+11, currMod: 0.92935
currMod: 0.923823, prevMod: -1
Louvain time: 27.1551
numClusters: 203068, time: 0.178415
Next phase: 2
Memory used: 2949.12
End Structure 1278645 203068 vs 2758513
Build next level time: 8.33053
Iteration time: 35.6704
Memory used: 2949.12
e_xx: 1.54929e+08, a2_x: 5.07348e+11, currMod: 0.919765
e_xx: 1.61888e+08, a2_x: 3.57148e+11, currMod: 0.961084
e_xx: 1.63226e+08, a2_x: 3.09954e+11, currMod: 0.969032
e_xx: 1.6363e+08, a2_x: 2.83309e+11, currMod: 0.971426
e_xx: 1.63718e+08, a2_x: 2.99158e+11, currMod: 0.971952
e_xx: 1.6386e+08, a2_x: 2.47822e+11, currMod: 0.972794
e_xx: 1.63863e+08, a2_x: 2.83553e+11, currMod: 0.972811
e_xx: 1.63967e+08, a2_x: 2.5054e+11, currMod: 0.973432
e_xx: 1.63963e+08, a2_x: 2.87788e+11, currMod: 0.973403
currMod: 0.973432, prevMod: 0.923823
Louvain time: 3.71489
numClusters: 46794, time: 0.021026
Next phase: 3
Memory used: 2949.12
End Structure 416282 46794 vs 879353
Build next level time: 0.270792
Iteration time: 4.00786
Memory used: 2949.12
e_xx: 1.63967e+08, a2_x: 2.49881e+11, currMod: 0.973396
e_xx: 1.64929e+08, a2_x: 8.12099e+10, currMod: 0.979115
e_xx: 1.65004e+08, a2_x: 6.70269e+10, currMod: 0.979556
e_xx: 1.65044e+08, a2_x: 3.34483e+10, currMod: 0.979794
e_xx: 1.65025e+08, a2_x: 2.65663e+10, currMod: 0.979686
currMod: 0.979794, prevMod: 0.973432
Louvain time: 0.796061
numClusters: 24569, time: 0.006137
Next phase: 4
Memory used: 2949.12
End Structure 159200 24569 vs 342969
Build next level time: 0.092933
Iteration time: 0.896068
Memory used: 2949.12
e_xx: 1.65044e+08, a2_x: 3.07144e+10, currMod: 0.979784
e_xx: 1.6514e+08, a2_x: -3.27569e+10, currMod: 0.980359
e_xx: 1.65156e+08, a2_x: -2.30795e+10, currMod: 0.980456
e_xx: 1.65156e+08, a2_x: -1.86978e+10, currMod: 0.980454
currMod: 0.980456, prevMod: 0.979794
Louvain time: 0.281072
numClusters: 22248, time: 0.004178
Next phase: 5
Memory used: 2949.12
End Structure 95633 22248 vs 213514
Build next level time: 0.04084
Iteration time: 0.326987
Memory used: 2949.12
e_xx: 1.65156e+08, a2_x: -2.31659e+10, currMod: 0.980455
e_xx: 1.65162e+08, a2_x: -1.83101e+10, currMod: 0.980486
e_xx: 1.65161e+08, a2_x: -1.77871e+10, currMod: 0.980481
currMod: 0.980486, prevMod: 0.980456
Louvain time: 0.136144
numClusters: 22081, time: 0.003829
Next phase: 6
Memory used: 2949.12
End Structure 87152 22081 vs 196385
Build next level time: 0.033041
Iteration time: 0.173892
Memory used: 2949.12
e_xx: 1.65162e+08, a2_x: -1.81729e+10, currMod: 0.980486
e_xx: 1.65162e+08, a2_x: -7.12301e+09, currMod: 0.980486
currMod: 0.980486, prevMod: 0.980486
Louvain time: 0.086417
numClusters: 22081, time: 0.003789
Maximum degree for the graph: 567
Iteration: 0, conflicts: 0
Total number of colors used: 180
Total number of conflicts overall: 0
Number of rounds: 1
SUCCESS: No conflicts found
Number of reordered colors: 175
End position for large colors: 0, node count: 21593, largest: 21593
Node count cutoff: 4417
e_xx: 1.65358e+08, a2_x: 1.05975e+09, currMod: 0.98165
e_xx: 1.65379e+08, a2_x: -1.44776e+10, currMod: 0.981778
e_xx: 1.6537e+08, a2_x: -1.47924e+10, currMod: 0.981722
End Structure 19717 21794 vs 61228
currMod: 0.981778, prevMod: 0.980486
numClusters: 21794
Total iteration time: 41.0752

Loop 0 <line-37> - Time 0.000990 Total energy consumed 0.042870 Ave. Power Level 43.312743
	-------- Loop 0 (sock 1 consumed 0.019215, avg temp 42.500000, final temp 43 ) ------
	-------- Loop 0 (sock 2 consumed 0.023655, avg temp 36.500000, final temp 36 ) ------
Loop 1 <line-54> - Time 0.000511 Total energy consumed 0.042300 Ave. Power Level 82.786155
	-------- Loop 1 (sock 1 consumed 0.018975, avg temp 42.500000, final temp 43 ) ------
	-------- Loop 1 (sock 2 consumed 0.023325, avg temp 37.000000, final temp 37 ) ------
Loop 2 <line-76> - Time 0.001524 Total energy consumed 0.074235 Ave. Power Level 48.722299
	-------- Loop 2 (sock 1 consumed 0.046980, avg temp 42.500000, final temp 43 ) ------
	-------- Loop 2 (sock 2 consumed 0.027255, avg temp 36.500000, final temp 37 ) ------
Loop 3 <line-170> - Time 1.188732 Total energy consumed 53.176725 Ave. Power Level 44.733987
	-------- Loop 3 (sock 1 consumed 24.169005, avg temp 42.333333, final temp 43 ) ------
	-------- Loop 3 (sock 2 consumed 29.007720, avg temp 36.666667, final temp 36 ) ------
Loop 4 <line-192> - Time 0.000274 Total energy consumed 0.000000 Ave. Power Level 0.000000
	-------- Loop 4 (sock 1 consumed 0.000000, avg temp 42.500000, final temp 43 ) ------
	-------- Loop 4 (sock 2 consumed 0.000000, avg temp 36.500000, final temp 36 ) ------
Loop 5 <line-222> - Time 0.489351 Total energy consumed 22.207950 Ave. Power Level 45.382498
	-------- Loop 5 (sock 1 consumed 11.984805, avg temp 43.000000, final temp 43 ) ------
	-------- Loop 5 (sock 2 consumed 10.223145, avg temp 36.000000, final temp 36 ) ------
Loop 6 <line-116> - Time 0.005082 Total energy consumed 0.206790 Ave. Power Level 40.694012
	-------- Loop 6 (sock 1 consumed 0.122895, avg temp 42.833333, final temp 43 ) ------
	-------- Loop 6 (sock 2 consumed 0.083895, avg temp 35.833333, final temp 36 ) ------
Loop 7 <line-334> - Time 0.960243 Total energy consumed 40.768185 Ave. Power Level 42.456125
	-------- Loop 7 (sock 1 consumed 18.275130, avg temp 42.714286, final temp 43 ) ------
	-------- Loop 7 (sock 2 consumed 22.493055, avg temp 36.142857, final temp 36 ) ------
Loop 8 <line-353> - Time 0.000549 Total energy consumed 0.000000 Ave. Power Level 0.000000
	-------- Loop 8 (sock 1 consumed 0.000000, avg temp 42.714286, final temp 43 ) ------
	-------- Loop 8 (sock 2 consumed 0.000000, avg temp 36.142857, final temp 36 ) ------
Loop 9 <line-375> - Time 0.001299 Total energy consumed 0.084150 Ave. Power Level 64.762004
	-------- Loop 9 (sock 1 consumed 0.025860, avg temp 42.714286, final temp 43 ) ------
	-------- Loop 9 (sock 2 consumed 0.058290, avg temp 36.000000, final temp 36 ) ------
Loop 10 <line-85> - Time 0.143852 Total energy consumed 7.221555 Ave. Power Level 50.201331
	-------- Loop 10 (sock 1 consumed 3.622830, avg temp 42.750000, final temp 43 ) ------
	-------- Loop 10 (sock 2 consumed 3.598725, avg temp 37.000000, final temp 37 ) ------
Loop 11 <line-131> - Time 0.011284 Total energy consumed 0.542625 Ave. Power Level 48.087511
	-------- Loop 11 (sock 1 consumed 0.258495, avg temp 43.000000, final temp 43 ) ------
	-------- Loop 11 (sock 2 consumed 0.284130, avg temp 37.000000, final temp 37 ) ------
Loop 12 <line-167> - Time 0.198668 Total energy consumed 10.022820 Ave. Power Level 50.450113
	-------- Loop 12 (sock 1 consumed 5.009205, avg temp 43.500000, final temp 44 ) ------
	-------- Loop 12 (sock 2 consumed 5.013615, avg temp 37.000000, final temp 37 ) ------
Loop 13 <line-213> - Time 18.969373 Total energy consumed 963.241560 Ave. Power Level 50.778777
	-------- Loop 13 (sock 1 consumed 490.353525, avg temp 43.875000, final temp 44 ) ------
	-------- Loop 13 (sock 2 consumed 472.888035, avg temp 37.125000, final temp 37 ) ------
Loop 14 <line-99> - Time 8.318194 Total energy consumed 363.195840 Ave. Power Level 43.662825
	-------- Loop 14 (sock 1 consumed 184.879725, avg temp 42.500000, final temp 43 ) ------
	-------- Loop 14 (sock 2 consumed 178.316115, avg temp 36.166667, final temp 37 ) ------
Loop 15 <line-160> - Time 0.167667 Total energy consumed 7.666650 Ave. Power Level 45.725378
	-------- Loop 15 (sock 1 consumed 4.003260, avg temp 42.666667, final temp 43 ) ------
	-------- Loop 15 (sock 2 consumed 3.663390, avg temp 36.000000, final temp 36 ) ------
Loop 16 <line-269> - Time 4.984281 Total energy consumed 220.604160 Ave. Power Level 44.259979
	-------- Loop 16 (sock 1 consumed 115.452750, avg temp 42.521739, final temp 42 ) ------
	-------- Loop 16 (sock 2 consumed 105.151410, avg temp 36.086957, final temp 36 ) ------
Loop 17 <line-300> - Time 0.004088 Total energy consumed 0.042450 Ave. Power Level 10.385070
	-------- Loop 17 (sock 1 consumed 0.018660, avg temp 42.666667, final temp 43 ) ------
	-------- Loop 17 (sock 2 consumed 0.023790, avg temp 36.055556, final temp 36 ) ------
Loop 18 <line-148> - Time 0.000845 Total energy consumed 0.068775 Ave. Power Level 81.365497
	-------- Loop 18 (sock 1 consumed 0.026160, avg temp 43.000000, final temp 43 ) ------
	-------- Loop 18 (sock 2 consumed 0.042615, avg temp 36.000000, final temp 36 ) ------
Application(EnergyStat) - Time 56.520395 Total energy consumed 2599.103145 Ave. Power Level 45.985226 Final Temperature socket 1 : 43  socket 2 : 36 
	 ParallelApplication(EnergyStat) - Time 35.446805 Total energy consumed 1689.209640 Ave. Power Level 47.654778
Memory used: 1.32031
Loading 32-bit binary file: pnnl.bin, numvertices: 2361670, numEdges: 191402826
File read time: 2.21532
Before allocating graph
Allocated graph: 0x13b4570
Processing edges for vertex: 0, range(0, 166)
Processing edges for vertex: 100000, range(58444108, 58444133)
Processing edges for vertex: 200000, range(84376057, 84376362)
Processing edges for vertex: 300000, range(106069163, 106069503)
Processing edges for vertex: 400000, range(122097114, 122097513)
Processing edges for vertex: 500000, range(135096418, 135096483)
Processing edges for vertex: 600000, range(146097008, 146097061)
Processing edges for vertex: 700000, range(155415410, 155415531)
Processing edges for vertex: 800000, range(162595900, 162595989)
Processing edges for vertex: 900000, range(168508374, 168508464)
Processing edges for vertex: 1000000, range(173203321, 173203442)
Processing edges for vertex: 1100000, range(176935100, 176935110)
Processing edges for vertex: 1200000, range(179876260, 179876270)
Processing edges for vertex: 1300000, range(182240081, 182240092)
Processing edges for vertex: 1400000, range(184224513, 184224521)
Processing edges for vertex: 1500000, range(185795161, 185795170)
Processing edges for vertex: 1600000, range(187104124, 187104130)
Processing edges for vertex: 1700000, range(188148455, 188148461)
Processing edges for vertex: 1800000, range(188997836, 188997842)
Processing edges for vertex: 1900000, range(189691532, 189691535)
Processing edges for vertex: 2000000, range(190254658, 190254660)
Processing edges for vertex: 2100000, range(190705814, 190705822)
Processing edges for vertex: 2200000, range(191052755, 191052764)
Processing edges for vertex: 2300000, range(191302662, 191302663)
Graph populate time: 10.818
Total I/O time: 13.0334

Regional(EnergyStat) - Time 13.037676 Total energy consumed 567.229230 Ave. Power Level 43.506928 
Running on: 4 threads
Loaded graph from file: pnnl.bin
Memory used: 2949.12
Maximum degree for the graph: 5520
Iteration: 0, conflicts: 4
Iteration: 1, conflicts: 0
Total number of colors used: 1182
Total number of conflicts overall: 0
Number of rounds: 2
SUCCESS: No conflicts found
Coloring time: 1.70825
Memory used: 2949.12
Number of reordered colors: 1000
End position for large colors: 0, node count: 551230, largest: 551230
Node count cutoff: 472334
e_xx: 1.30131e+08, a2_x: 6.67856e+11, currMod: 0.679865
e_xx: 1.69168e+08, a2_x: 5.76568e+11, currMod: 0.883817
e_xx: 1.74994e+08, a2_x: 5.08711e+11, currMod: 0.914259
e_xx: 1.77212e+08, a2_x: 4.99811e+11, currMod: 0.925845
e_xx: 1.7828e+08, a2_x: 4.99627e+11, currMod: 0.931427
currMod: 0.925845, prevMod: -1
Louvain time: 26.0929
numClusters: 203087, time: 0.154347
Next phase: 2
Memory used: 2949.12
End Structure 1267014 203087 vs 2735158
Build next level time: 7.70906
Iteration time: 33.9623
Memory used: 2949.12
e_xx: 1.55144e+08, a2_x: 4.991e+11, currMod: 0.922041
e_xx: 1.61857e+08, a2_x: 3.45305e+11, currMod: 0.961939
e_xx: 1.63084e+08, a2_x: 3.07154e+11, currMod: 0.969233
e_xx: 1.63429e+08, a2_x: 2.54406e+11, currMod: 0.971286
e_xx: 1.63474e+08, a2_x: 3.06921e+11, currMod: 0.971556
e_xx: 1.63596e+08, a2_x: 2.85644e+11, currMod: 0.972276
e_xx: 1.63592e+08, a2_x: 3.19208e+11, currMod: 0.972253
currMod: 0.972276, prevMod: 0.925845
Louvain time: 3.01091
numClusters: 52480, time: 0.020964
Next phase: 3
Memory used: 2949.12
End Structure 499173 52480 vs 1050806
Build next level time: 0.327963
Iteration time: 3.36097
Memory used: 2949.12
e_xx: 1.63595e+08, a2_x: 2.86625e+11, currMod: 0.972243
e_xx: 1.64696e+08, a2_x: 9.40157e+10, currMod: 0.978792
e_xx: 1.64899e+08, a2_x: 7.63747e+10, currMod: 0.980001
e_xx: 1.64937e+08, a2_x: 5.22969e+10, currMod: 0.980222
e_xx: 1.64932e+08, a2_x: 6.23617e+10, currMod: 0.980193
currMod: 0.980222, prevMod: 0.972276
Louvain time: 0.899277
numClusters: 24992, time: 0.00665
Next phase: 4
Memory used: 2949.12
End Structure 168323 24992 vs 361638
Build next level time: 0.093758
Iteration time: 1.0006
Memory used: 2949.12
e_xx: 1.64936e+08, a2_x: 5.04229e+10, currMod: 0.980209
e_xx: 1.6505e+08, a2_x: 2.10449e+10, currMod: 0.980883
e_xx: 1.65056e+08, a2_x: 4.33402e+10, currMod: 0.980917
e_xx: 1.65056e+08, a2_x: 6.53897e+10, currMod: 0.980918
currMod: 0.980917, prevMod: 0.980222
Louvain time: 0.2987
numClusters: 22289, time: 0.004228
Next phase: 5
Memory used: 2949.12
End Structure 99885 22289 vs 222059
Build next level time: 0.042116
Iteration time: 0.345921
Memory used: 2949.12
e_xx: 1.65056e+08, a2_x: 4.63269e+10, currMod: 0.980916
e_xx: 1.65058e+08, a2_x: 5.87551e+10, currMod: 0.980929
e_xx: 1.65066e+08, a2_x: 4.65964e+10, currMod: 0.980975
e_xx: 1.65059e+08, a2_x: 5.35743e+10, currMod: 0.980934
currMod: 0.980975, prevMod: 0.980917
Louvain time: 0.183613
numClusters: 22032, time: 0.003837
Next phase: 6
Memory used: 2949.12
End Structure 78587 22032 vs 179206
Build next level time: 0.03148
Iteration time: 0.219804
Memory used: 2949.12
e_xx: 1.65066e+08, a2_x: 4.37578e+10, currMod: 0.980975
e_xx: 1.65066e+08, a2_x: 4.68736e+10, currMod: 0.980975
currMod: 0.980975, prevMod: 0.980975
Louvain time: 0.074812
numClusters: 22032, time: 0.003788
Maximum degree for the graph: 519
Iteration: 0, conflicts: 0
Total number of colors used: 171
Total number of conflicts overall: 0
Number of rounds: 1
SUCCESS: No conflicts found
Number of reordered colors: 167
End position for large colors: 0, node count: 21577, largest: 21577
Node count cutoff: 4407
e_xx: 1.65068e+08, a2_x: 3.63283e+10, currMod: 0.98099
e_xx: 1.67536e+08, a2_x: 4.43094e+09, currMod: 0.995657
e_xx: 1.67555e+08, a2_x: 1.40414e+09, currMod: 0.995773
e_xx: 1.6754e+08, a2_x: 3.74641e+09, currMod: 0.995683
End Structure 3985 21680 vs 29650
currMod: 0.995773, prevMod: 0.980975
numClusters: 21680
Total iteration time: 38.8896

Loop 0 <line-37> - Time 0.000984 Total energy consumed 0.020055 Ave. Power Level 20.376252
	-------- Loop 0 (sock 1 consumed 0.000000, avg temp 41.500000, final temp 41 ) ------
	-------- Loop 0 (sock 2 consumed 0.020055, avg temp 36.500000, final temp 37 ) ------
Loop 1 <line-54> - Time 0.000516 Total energy consumed 0.043275 Ave. Power Level 83.852141
	-------- Loop 1 (sock 1 consumed 0.023430, avg temp 42.000000, final temp 42 ) ------
	-------- Loop 1 (sock 2 consumed 0.019845, avg temp 36.000000, final temp 36 ) ------
Loop 2 <line-76> - Time 0.001525 Total energy consumed 0.054645 Ave. Power Level 35.842376
	-------- Loop 2 (sock 1 consumed 0.032745, avg temp 42.000000, final temp 42 ) ------
	-------- Loop 2 (sock 2 consumed 0.021900, avg temp 36.000000, final temp 36 ) ------
Loop 3 <line-170> - Time 1.153973 Total energy consumed 53.111940 Ave. Power Level 46.025270
	-------- Loop 3 (sock 1 consumed 29.165040, avg temp 42.666667, final temp 42 ) ------
	-------- Loop 3 (sock 2 consumed 23.946900, avg temp 36.000000, final temp 36 ) ------
Loop 4 <line-192> - Time 0.000288 Total energy consumed 0.000000 Ave. Power Level 0.000000
	-------- Loop 4 (sock 1 consumed 0.000000, avg temp 42.500000, final temp 42 ) ------
	-------- Loop 4 (sock 2 consumed 0.000000, avg temp 36.000000, final temp 36 ) ------
Loop 5 <line-222> - Time 0.428368 Total energy consumed 19.697715 Ave. Power Level 45.983179
	-------- Loop 5 (sock 1 consumed 10.938885, avg temp 42.000000, final temp 42 ) ------
	-------- Loop 5 (sock 2 consumed 8.758830, avg temp 36.000000, final temp 36 ) ------
Loop 6 <line-116> - Time 0.005030 Total energy consumed 0.280575 Ave. Power Level 55.781183
	-------- Loop 6 (sock 1 consumed 0.116925, avg temp 41.500000, final temp 41 ) ------
	-------- Loop 6 (sock 2 consumed 0.163650, avg temp 36.166667, final temp 37 ) ------
Loop 7 <line-334> - Time 0.936357 Total energy consumed 41.198265 Ave. Power Level 43.998447
	-------- Loop 7 (sock 1 consumed 22.361040, avg temp 41.428571, final temp 42 ) ------
	-------- Loop 7 (sock 2 consumed 18.837225, avg temp 36.285714, final temp 37 ) ------
Loop 8 <line-353> - Time 0.000538 Total energy consumed 0.067965 Ave. Power Level 126.276655
	-------- Loop 8 (sock 1 consumed 0.023190, avg temp 41.428571, final temp 42 ) ------
	-------- Loop 8 (sock 2 consumed 0.044775, avg temp 36.571429, final temp 37 ) ------
Loop 9 <line-375> - Time 0.001246 Total energy consumed 0.055365 Ave. Power Level 44.427522
	-------- Loop 9 (sock 1 consumed 0.031560, avg temp 41.428571, final temp 42 ) ------
	-------- Loop 9 (sock 2 consumed 0.023805, avg temp 36.428571, final temp 37 ) ------
Loop 10 <line-85> - Time 0.136664 Total energy consumed 7.044555 Ave. Power Level 51.546505
	-------- Loop 10 (sock 1 consumed 3.858585, avg temp 41.750000, final temp 41 ) ------
	-------- Loop 10 (sock 2 consumed 3.185970, avg temp 36.500000, final temp 37 ) ------
Loop 11 <line-131> - Time 0.011524 Total energy consumed 0.630345 Ave. Power Level 54.697145
	-------- Loop 11 (sock 1 consumed 0.344505, avg temp 42.000000, final temp 42 ) ------
	-------- Loop 11 (sock 2 consumed 0.285840, avg temp 36.500000, final temp 37 ) ------
Loop 12 <line-167> - Time 0.120061 Total energy consumed 6.275340 Ave. Power Level 52.267828
	-------- Loop 12 (sock 1 consumed 3.401370, avg temp 42.000000, final temp 41 ) ------
	-------- Loop 12 (sock 2 consumed 2.873970, avg temp 36.000000, final temp 36 ) ------
Loop 13 <line-213> - Time 18.336387 Total energy consumed 952.089585 Ave. Power Level 51.923509
	-------- Loop 13 (sock 1 consumed 504.689400, avg temp 42.666667, final temp 42 ) ------
	-------- Loop 13 (sock 2 consumed 447.400185, avg temp 37.111111, final temp 37 ) ------
Loop 14 <line-99> - Time 7.732468 Total energy consumed 337.035555 Ave. Power Level 43.587061
	-------- Loop 14 (sock 1 consumed 157.061265, avg temp 41.500000, final temp 42 ) ------
	-------- Loop 14 (sock 2 consumed 179.974290, avg temp 36.500000, final temp 36 ) ------
Loop 15 <line-160> - Time 0.168649 Total energy consumed 7.928280 Ave. Power Level 47.010531
	-------- Loop 15 (sock 1 consumed 3.659355, avg temp 41.500000, final temp 42 ) ------
	-------- Loop 15 (sock 2 consumed 4.268925, avg temp 36.166667, final temp 36 ) ------
Loop 16 <line-269> - Time 4.437785 Total energy consumed 198.039255 Ave. Power Level 44.625701
	-------- Loop 16 (sock 1 consumed 93.660915, avg temp 41.590909, final temp 41 ) ------
	-------- Loop 16 (sock 2 consumed 104.378340, avg temp 36.454545, final temp 36 ) ------
Loop 17 <line-300> - Time 0.003283 Total energy consumed 0.130725 Ave. Power Level 39.813646
	-------- Loop 17 (sock 1 consumed 0.065265, avg temp 41.764706, final temp 42 ) ------
	-------- Loop 17 (sock 2 consumed 0.065460, avg temp 36.411765, final temp 37 ) ------
Loop 18 <line-148> - Time 0.000821 Total energy consumed 0.047670 Ave. Power Level 58.088880
	-------- Loop 18 (sock 1 consumed 0.022440, avg temp 41.000000, final temp 41 ) ------
	-------- Loop 18 (sock 2 consumed 0.025230, avg temp 37.000000, final temp 37 ) ------
Application(EnergyStat) - Time 53.785237 Total energy consumed 2510.184660 Ave. Power Level 46.670514 Final Temperature socket 1 : 41  socket 2 : 36 
	 ParallelApplication(EnergyStat) - Time 33.476469 Total energy consumed 1623.751110 Ave. Power Level 48.504253
Memory used: 1.32031
Loading 32-bit binary file: pnnl.bin, numvertices: 2361670, numEdges: 191402826
File read time: 2.21871
Before allocating graph
Allocated graph: 0x1560570
Processing edges for vertex: 0, range(0, 166)
Processing edges for vertex: 100000, range(58444108, 58444133)
Processing edges for vertex: 200000, range(84376057, 84376362)
Processing edges for vertex: 300000, range(106069163, 106069503)
Processing edges for vertex: 400000, range(122097114, 122097513)
Processing edges for vertex: 500000, range(135096418, 135096483)
Processing edges for vertex: 600000, range(146097008, 146097061)
Processing edges for vertex: 700000, range(155415410, 155415531)
Processing edges for vertex: 800000, range(162595900, 162595989)
Processing edges for vertex: 900000, range(168508374, 168508464)
Processing edges for vertex: 1000000, range(173203321, 173203442)
Processing edges for vertex: 1100000, range(176935100, 176935110)
Processing edges for vertex: 1200000, range(179876260, 179876270)
Processing edges for vertex: 1300000, range(182240081, 182240092)
Processing edges for vertex: 1400000, range(184224513, 184224521)
Processing edges for vertex: 1500000, range(185795161, 185795170)
Processing edges for vertex: 1600000, range(187104124, 187104130)
Processing edges for vertex: 1700000, range(188148455, 188148461)
Processing edges for vertex: 1800000, range(188997836, 188997842)
Processing edges for vertex: 1900000, range(189691532, 189691535)
Processing edges for vertex: 2000000, range(190254658, 190254660)
Processing edges for vertex: 2100000, range(190705814, 190705822)
Processing edges for vertex: 2200000, range(191052755, 191052764)
Processing edges for vertex: 2300000, range(191302662, 191302663)
Graph populate time: 11.3057
Total I/O time: 13.5245

Regional(EnergyStat) - Time 13.529190 Total energy consumed 587.285685 Ave. Power Level 43.408783 
Running on: 4 threads
Loaded graph from file: pnnl.bin
Memory used: 2949.12
Maximum degree for the graph: 5520
Iteration: 0, conflicts: 2
Iteration: 1, conflicts: 0
Total number of colors used: 1182
Total number of conflicts overall: 0
Number of rounds: 2
SUCCESS: No conflicts found
Coloring time: 1.8922
Memory used: 2949.12
Number of reordered colors: 1004
End position for large colors: 0, node count: 551366, largest: 551366
Node count cutoff: 472334
e_xx: 1.24876e+08, a2_x: 6.2409e+11, currMod: 0.652408
e_xx: 1.66387e+08, a2_x: 5.59331e+11, currMod: 0.869289
e_xx: 1.72819e+08, a2_x: 5.35075e+11, currMod: 0.902892
e_xx: 1.75458e+08, a2_x: 4.50735e+11, currMod: 0.916681
e_xx: 1.76736e+08, a2_x: 4.7586e+11, currMod: 0.92336
currMod: 0.916681, prevMod: -1
Louvain time: 26.1297
numClusters: 202670, time: 0.151205
Next phase: 2
Memory used: 2949.12
End Structure 1260592 202670 vs 2721874
Build next level time: 7.44112
Iteration time: 33.7279
Memory used: 2949.12
e_xx: 1.58489e+08, a2_x: 4.73264e+11, currMod: 0.915318
e_xx: 1.66465e+08, a2_x: 3.29531e+11, currMod: 0.961386
e_xx: 1.6809e+08, a2_x: 3.07067e+11, currMod: 0.970768
e_xx: 1.68514e+08, a2_x: 2.66553e+11, currMod: 0.973221
e_xx: 1.68599e+08, a2_x: 2.8105e+11, currMod: 0.973712
e_xx: 1.68722e+08, a2_x: 2.65858e+11, currMod: 0.974424
e_xx: 1.68709e+08, a2_x: 2.70969e+11, currMod: 0.974347
currMod: 0.974424, prevMod: 0.916681
Louvain time: 2.89826
numClusters: 48478, time: 0.021253
Next phase: 3
Memory used: 2949.12
End Structure 424589 48478 vs 897645
Build next level time: 0.270425
Iteration time: 3.19102
Memory used: 2949.12
e_xx: 1.68722e+08, a2_x: 2.69394e+11, currMod: 0.974397
e_xx: 1.69636e+08, a2_x: 9.75551e+10, currMod: 0.97968
e_xx: 1.69799e+08, a2_x: 8.43246e+10, currMod: 0.980622
e_xx: 1.69837e+08, a2_x: 5.16116e+10, currMod: 0.98084
e_xx: 1.69829e+08, a2_x: 5.83903e+10, currMod: 0.980796
currMod: 0.98084, prevMod: 0.974424
Louvain time: 0.811537
numClusters: 24592, time: 0.006453
Next phase: 4
Memory used: 2949.12
End Structure 158601 24592 vs 341794
Build next level time: 0.107562
Iteration time: 0.926437
Memory used: 2949.12
e_xx: 1.69837e+08, a2_x: 5.10826e+10, currMod: 0.980831
e_xx: 1.69917e+08, a2_x: 5.83791e+10, currMod: 0.981294
e_xx: 1.6992e+08, a2_x: 5.05746e+10, currMod: 0.98131
e_xx: 1.69921e+08, a2_x: 6.16561e+10, currMod: 0.981315
e_xx: 1.6992e+08, a2_x: 5.86172e+10, currMod: 0.981313
currMod: 0.981315, prevMod: 0.98084
Louvain time: 0.356814
numClusters: 22203, time: 0.004295
Next phase: 5
Memory used: 2949.12
End Structure 93836 22203 vs 209875
Build next level time: 0.041165
Iteration time: 0.403139
Memory used: 2949.12
e_xx: 1.69921e+08, a2_x: 6.31364e+10, currMod: 0.981314
e_xx: 1.69924e+08, a2_x: 4.98907e+10, currMod: 0.981337
e_xx: 1.69924e+08, a2_x: 5.56011e+10, currMod: 0.981333
currMod: 0.981337, prevMod: 0.981315
Louvain time: 0.132937
numClusters: 22070, time: 0.003908
Next phase: 6
Memory used: 2949.12
End Structure 84766 22070 vs 191602
Build next level time: 0.032881
Iteration time: 0.170621
Memory used: 2949.12
e_xx: 1.69924e+08, a2_x: 5.07588e+10, currMod: 0.981337
e_xx: 1.69925e+08, a2_x: 5.10837e+10, currMod: 0.981337
currMod: 0.981337, prevMod: 0.981337
Louvain time: 0.079864
numClusters: 22070, time: 0.00392
Maximum degree for the graph: 562
Iteration: 0, conflicts: 0
Total number of colors used: 179
Total number of conflicts overall: 0
Number of rounds: 1
SUCCESS: No conflicts found
Number of reordered colors: 177
End position for large colors: 0, node count: 21594, largest: 21594
Node count cutoff: 4414
e_xx: 1.69969e+08, a2_x: 4.18515e+10, currMod: 0.981595
e_xx: 1.69973e+08, a2_x: 4.41559e+10, currMod: 0.981617
e_xx: 1.70026e+08, a2_x: 2.65856e+10, currMod: 0.981921
e_xx: 1.70641e+08, a2_x: 1.62887e+10, currMod: 0.985476
e_xx: 1.70609e+08, a2_x: 1.87004e+10, currMod: 0.98529
End Structure 5352 21694 vs 32398
currMod: 0.985476, prevMod: 0.981337
numClusters: 21694
Total iteration time: 38.4191

Loop 0 <line-37> - Time 0.000973 Total energy consumed 0.059685 Ave. Power Level 61.339132
	-------- Loop 0 (sock 1 consumed 0.036405, avg temp 41.000000, final temp 41 ) ------
	-------- Loop 0 (sock 2 consumed 0.023280, avg temp 36.500000, final temp 37 ) ------
Loop 1 <line-54> - Time 0.000591 Total energy consumed 0.042405 Ave. Power Level 71.709287
	-------- Loop 1 (sock 1 consumed 0.018990, avg temp 41.000000, final temp 41 ) ------
	-------- Loop 1 (sock 2 consumed 0.023415, avg temp 37.500000, final temp 38 ) ------
Loop 2 <line-76> - Time 0.001635 Total energy consumed 0.101130 Ave. Power Level 61.834528
	-------- Loop 2 (sock 1 consumed 0.048885, avg temp 41.000000, final temp 41 ) ------
	-------- Loop 2 (sock 2 consumed 0.052245, avg temp 37.500000, final temp 38 ) ------
Loop 3 <line-170> - Time 1.290268 Total energy consumed 57.123450 Ave. Power Level 44.272552
	-------- Loop 3 (sock 1 consumed 26.399610, avg temp 41.333333, final temp 42 ) ------
	-------- Loop 3 (sock 2 consumed 30.723840, avg temp 38.000000, final temp 38 ) ------
Loop 4 <line-192> - Time 0.000286 Total energy consumed 0.000000 Ave. Power Level 0.000000
	-------- Loop 4 (sock 1 consumed 0.000000, avg temp 41.500000, final temp 42 ) ------
	-------- Loop 4 (sock 2 consumed 0.000000, avg temp 38.000000, final temp 38 ) ------
Loop 5 <line-222> - Time 0.457292 Total energy consumed 20.754255 Ave. Power Level 45.385090
	-------- Loop 5 (sock 1 consumed 11.076705, avg temp 42.000000, final temp 42 ) ------
	-------- Loop 5 (sock 2 consumed 9.677550, avg temp 37.000000, final temp 38 ) ------
Loop 6 <line-116> - Time 0.005033 Total energy consumed 0.087780 Ave. Power Level 17.439806
	-------- Loop 6 (sock 1 consumed 0.040080, avg temp 41.500000, final temp 41 ) ------
	-------- Loop 6 (sock 2 consumed 0.047700, avg temp 37.333333, final temp 37 ) ------
Loop 7 <line-334> - Time 0.976266 Total energy consumed 42.089670 Ave. Power Level 43.112914
	-------- Loop 7 (sock 1 consumed 19.095195, avg temp 41.714286, final temp 42 ) ------
	-------- Loop 7 (sock 2 consumed 22.994475, avg temp 37.285714, final temp 37 ) ------
Loop 8 <line-353> - Time 0.000585 Total energy consumed 0.000000 Ave. Power Level 0.000000
	-------- Loop 8 (sock 1 consumed 0.000000, avg temp 41.714286, final temp 42 ) ------
	-------- Loop 8 (sock 2 consumed 0.000000, avg temp 37.285714, final temp 37 ) ------
Loop 9 <line-375> - Time 0.001320 Total energy consumed 0.106800 Ave. Power Level 80.903513
	-------- Loop 9 (sock 1 consumed 0.025305, avg temp 41.714286, final temp 42 ) ------
	-------- Loop 9 (sock 2 consumed 0.081495, avg temp 37.142857, final temp 37 ) ------
Loop 10 <line-85> - Time 0.135230 Total energy consumed 6.885120 Ave. Power Level 50.914145
	-------- Loop 10 (sock 1 consumed 3.459855, avg temp 41.500000, final temp 41 ) ------
	-------- Loop 10 (sock 2 consumed 3.425265, avg temp 37.250000, final temp 38 ) ------
Loop 11 <line-131> - Time 0.011369 Total energy consumed 0.565680 Ave. Power Level 49.757248
	-------- Loop 11 (sock 1 consumed 0.283470, avg temp 41.500000, final temp 41 ) ------
	-------- Loop 11 (sock 2 consumed 0.282210, avg temp 37.000000, final temp 37 ) ------
Loop 12 <line-167> - Time 0.143472 Total energy consumed 7.241190 Ave. Power Level 50.471146
	-------- Loop 12 (sock 1 consumed 3.613845, avg temp 41.500000, final temp 41 ) ------
	-------- Loop 12 (sock 2 consumed 3.627345, avg temp 37.000000, final temp 37 ) ------
Loop 13 <line-213> - Time 18.389957 Total energy consumed 946.652880 Ave. Power Level 51.476624
	-------- Loop 13 (sock 1 consumed 477.205320, avg temp 42.100000, final temp 41 ) ------
	-------- Loop 13 (sock 2 consumed 469.447560, avg temp 37.300000, final temp 37 ) ------
Loop 14 <line-99> - Time 7.425699 Total energy consumed 329.845350 Ave. Power Level 44.419437
	-------- Loop 14 (sock 1 consumed 151.542735, avg temp 41.000000, final temp 41 ) ------
	-------- Loop 14 (sock 2 consumed 178.302615, avg temp 37.333333, final temp 37 ) ------
Loop 15 <line-160> - Time 0.171553 Total energy consumed 7.856010 Ave. Power Level 45.793364
	-------- Loop 15 (sock 1 consumed 3.801900, avg temp 41.000000, final temp 41 ) ------
	-------- Loop 15 (sock 2 consumed 4.054110, avg temp 37.333333, final temp 38 ) ------
Loop 16 <line-269> - Time 4.249919 Total energy consumed 186.328695 Ave. Power Level 43.842882
	-------- Loop 16 (sock 1 consumed 95.974845, avg temp 41.636364, final temp 41 ) ------
	-------- Loop 16 (sock 2 consumed 90.353850, avg temp 36.681818, final temp 36 ) ------
Loop 17 <line-300> - Time 0.003521 Total energy consumed 0.041565 Ave. Power Level 11.804600
	-------- Loop 17 (sock 1 consumed 0.021930, avg temp 41.882353, final temp 41 ) ------
	-------- Loop 17 (sock 2 consumed 0.019635, avg temp 36.647059, final temp 36 ) ------
Loop 18 <line-148> - Time 0.000832 Total energy consumed 0.000000 Ave. Power Level 0.000000
	-------- Loop 18 (sock 1 consumed 0.000000, avg temp 41.000000, final temp 41 ) ------
	-------- Loop 18 (sock 2 consumed 0.000000, avg temp 37.000000, final temp 37 ) ------
Application(EnergyStat) - Time 54.012115 Total energy consumed 2511.909615 Ave. Power Level 46.506411 Final Temperature socket 1 : 42  socket 2 : 38 
	 ParallelApplication(EnergyStat) - Time 33.265801 Total energy consumed 1605.781665 Ave. Power Level 48.271245
Memory used: 1.32422
Loading 32-bit binary file: pnnl.bin, numvertices: 2361670, numEdges: 191402826
File read time: 2.20258
Before allocating graph
Allocated graph: 0x70e570
Processing edges for vertex: 0, range(0, 166)
Processing edges for vertex: 100000, range(58444108, 58444133)
Processing edges for vertex: 200000, range(84376057, 84376362)
Processing edges for vertex: 300000, range(106069163, 106069503)
Processing edges for vertex: 400000, range(122097114, 122097513)
Processing edges for vertex: 500000, range(135096418, 135096483)
Processing edges for vertex: 600000, range(146097008, 146097061)
Processing edges for vertex: 700000, range(155415410, 155415531)
Processing edges for vertex: 800000, range(162595900, 162595989)
Processing edges for vertex: 900000, range(168508374, 168508464)
Processing edges for vertex: 1000000, range(173203321, 173203442)
Processing edges for vertex: 1100000, range(176935100, 176935110)
Processing edges for vertex: 1200000, range(179876260, 179876270)
Processing edges for vertex: 1300000, range(182240081, 182240092)
Processing edges for vertex: 1400000, range(184224513, 184224521)
Processing edges for vertex: 1500000, range(185795161, 185795170)
Processing edges for vertex: 1600000, range(187104124, 187104130)
Processing edges for vertex: 1700000, range(188148455, 188148461)
Processing edges for vertex: 1800000, range(188997836, 188997842)
Processing edges for vertex: 1900000, range(189691532, 189691535)
Processing edges for vertex: 2000000, range(190254658, 190254660)
Processing edges for vertex: 2100000, range(190705814, 190705822)
Processing edges for vertex: 2200000, range(191052755, 191052764)
Processing edges for vertex: 2300000, range(191302662, 191302663)
Graph populate time: 11.218
Total I/O time: 13.4207

Regional(EnergyStat) - Time 13.425843 Total energy consumed 581.259450 Ave. Power Level 43.294075 
Running on: 4 threads
Loaded graph from file: pnnl.bin
Memory used: 2949.12
Maximum degree for the graph: 5520
Iteration: 0, conflicts: 7
Iteration: 1, conflicts: 3
Iteration: 2, conflicts: 2
Iteration: 3, conflicts: 1
Iteration: 4, conflicts: 0
Total number of colors used: 1182
Total number of conflicts overall: 0
Number of rounds: 5
SUCCESS: No conflicts found
Coloring time: 1.80113
Memory used: 2949.12
Number of reordered colors: 1015
End position for large colors: 0, node count: 551379, largest: 551379
Node count cutoff: 472334
e_xx: 1.22707e+08, a2_x: 5.72646e+11, currMod: 0.641075
e_xx: 1.6511e+08, a2_x: 5.75843e+11, currMod: 0.862613
e_xx: 1.71829e+08, a2_x: 6.02502e+11, currMod: 0.897719
e_xx: 1.74335e+08, a2_x: 4.94056e+11, currMod: 0.910815
e_xx: 1.75551e+08, a2_x: 5.18739e+11, currMod: 0.917168
currMod: 0.910815, prevMod: -1
Louvain time: 26.3838
numClusters: 203283, time: 0.137242
Next phase: 2
Memory used: 2949.12
End Structure 1289256 203283 vs 2779937
Build next level time: 7.65871
Iteration time: 34.1853
Memory used: 2949.12
e_xx: 1.58299e+08, a2_x: 5.19282e+11, currMod: 0.908996
e_xx: 1.67534e+08, a2_x: 3.62186e+11, currMod: 0.962037
e_xx: 1.68894e+08, a2_x: 3.19782e+11, currMod: 0.969846
e_xx: 1.69293e+08, a2_x: 3.15611e+11, currMod: 0.972137
e_xx: 1.69348e+08, a2_x: 3.13151e+11, currMod: 0.972452
e_xx: 1.6949e+08, a2_x: 2.87645e+11, currMod: 0.973269
e_xx: 1.69481e+08, a2_x: 2.96567e+11, currMod: 0.973217
currMod: 0.973269, prevMod: 0.910815
Louvain time: 3.08067
numClusters: 52915, time: 0.021163
Next phase: 3
Memory used: 2949.12
End Structure 512056 52915 vs 1077012
Build next level time: 0.29694
Iteration time: 3.40015
Memory used: 2949.12
e_xx: 1.6949e+08, a2_x: 2.87768e+11, currMod: 0.973245
e_xx: 1.70529e+08, a2_x: 5.6453e+10, currMod: 0.97922
e_xx: 1.70677e+08, a2_x: 6.64957e+10, currMod: 0.980071
e_xx: 1.70719e+08, a2_x: 4.78663e+10, currMod: 0.980313
e_xx: 1.70711e+08, a2_x: 6.40433e+10, currMod: 0.980267
currMod: 0.980313, prevMod: 0.973269
Louvain time: 0.921852
numClusters: 24982, time: 0.006691
Next phase: 4
Memory used: 2949.12
End Structure 169684 24982 vs 364350
Build next level time: 0.106111
Iteration time: 1.03556
Memory used: 2949.12
e_xx: 1.70719e+08, a2_x: 4.87221e+10, currMod: 0.9803
e_xx: 1.70855e+08, a2_x: 3.44256e+10, currMod: 0.981081
e_xx: 1.7087e+08, a2_x: 6.80644e+10, currMod: 0.981166
e_xx: 1.70879e+08, a2_x: 5.59717e+10, currMod: 0.981217
e_xx: 1.70878e+08, a2_x: 6.48022e+10, currMod: 0.981213
currMod: 0.981217, prevMod: 0.980313
Louvain time: 0.372241
numClusters: 22181, time: 0.004365
Next phase: 5
Memory used: 2949.12
End Structure 93076 22181 vs 208333
Build next level time: 0.04788
Iteration time: 0.425346
Memory used: 2949.12
e_xx: 1.70879e+08, a2_x: 5.59661e+10, currMod: 0.981215
e_xx: 1.70882e+08, a2_x: 3.5239e+10, currMod: 0.981234
e_xx: 1.70886e+08, a2_x: 2.39508e+10, currMod: 0.981256
e_xx: 1.70884e+08, a2_x: 2.33953e+10, currMod: 0.981245
currMod: 0.981256, prevMod: 0.981217
Louvain time: 0.17178
numClusters: 21994, time: 0.003914
Next phase: 6
Memory used: 2949.12
End Structure 74300 21994 vs 170594
Build next level time: 0.02991
Iteration time: 0.206485
Memory used: 2949.12
e_xx: 1.70886e+08, a2_x: 2.43136e+10, currMod: 0.981256
e_xx: 1.70886e+08, a2_x: 2.56887e+10, currMod: 0.981257
e_xx: 1.70886e+08, a2_x: 2.59867e+10, currMod: 0.981257
currMod: 0.981257, prevMod: 0.981256
Louvain time: 0.10473
numClusters: 21972, time: 0.003949
Next phase: 7
Memory used: 2949.12
End Structure 71103 21972 vs 164178
Build next level time: 0.027181
Iteration time: 0.136729
Memory used: 2949.12
e_xx: 1.70886e+08, a2_x: 2.56887e+10, currMod: 0.981257
e_xx: 1.70886e+08, a2_x: 2.56887e+10, currMod: 0.981257
currMod: 0.981257, prevMod: 0.981257
Louvain time: 0.066574
numClusters: 21972, time: 0.003914
Maximum degree for the graph: 463
Iteration: 0, conflicts: 0
Total number of colors used: 177
Total number of conflicts overall: 0
Number of rounds: 1
SUCCESS: No conflicts found
Number of reordered colors: 176
End position for large colors: 0, node count: 21553, largest: 21553
Node count cutoff: 4395
e_xx: 1.70886e+08, a2_x: 2.56887e+10, currMod: 0.981257
End Structure 71103 21972 vs 164178
currMod: 0.981257, prevMod: 0.981257
numClusters: 21972
Total iteration time: 39.3896

Loop 0 <line-37> - Time 0.001000 Total energy consumed 0.043800 Ave. Power Level 43.820376
	-------- Loop 0 (sock 1 consumed 0.024015, avg temp 41.500000, final temp 42 ) ------
	-------- Loop 0 (sock 2 consumed 0.019785, avg temp 36.000000, final temp 36 ) ------
Loop 1 <line-54> - Time 0.000528 Total energy consumed 0.000000 Ave. Power Level 0.000000
	-------- Loop 1 (sock 1 consumed 0.000000, avg temp 41.500000, final temp 42 ) ------
	-------- Loop 1 (sock 2 consumed 0.000000, avg temp 35.500000, final temp 35 ) ------
Loop 2 <line-76> - Time 0.001521 Total energy consumed 0.047760 Ave. Power Level 31.391169
	-------- Loop 2 (sock 1 consumed 0.027075, avg temp 42.000000, final temp 42 ) ------
	-------- Loop 2 (sock 2 consumed 0.020685, avg temp 35.500000, final temp 35 ) ------
Loop 3 <line-170> - Time 1.220343 Total energy consumed 55.953045 Ave. Power Level 45.850243
	-------- Loop 3 (sock 1 consumed 29.575365, avg temp 42.000000, final temp 42 ) ------
	-------- Loop 3 (sock 2 consumed 26.377680, avg temp 36.000000, final temp 36 ) ------
Loop 4 <line-192> - Time 0.000304 Total energy consumed 0.067170 Ave. Power Level 221.311394
	-------- Loop 4 (sock 1 consumed 0.046995, avg temp 42.500000, final temp 42 ) ------
	-------- Loop 4 (sock 2 consumed 0.020175, avg temp 36.000000, final temp 36 ) ------
Loop 5 <line-222> - Time 0.459517 Total energy consumed 21.037035 Ave. Power Level 45.780770
	-------- Loop 5 (sock 1 consumed 11.029500, avg temp 42.000000, final temp 42 ) ------
	-------- Loop 5 (sock 2 consumed 10.007535, avg temp 36.000000, final temp 36 ) ------
Loop 6 <line-116> - Time 0.005753 Total energy consumed 0.129975 Ave. Power Level 22.594493
	-------- Loop 6 (sock 1 consumed 0.069615, avg temp 42.714286, final temp 43 ) ------
	-------- Loop 6 (sock 2 consumed 0.060360, avg temp 36.000000, final temp 36 ) ------
Loop 7 <line-334> - Time 0.953536 Total energy consumed 42.116310 Ave. Power Level 44.168568
	-------- Loop 7 (sock 1 consumed 22.106745, avg temp 42.375000, final temp 42 ) ------
	-------- Loop 7 (sock 2 consumed 20.009565, avg temp 35.875000, final temp 36 ) ------
Loop 8 <line-353> - Time 0.000542 Total energy consumed 0.000000 Ave. Power Level 0.000000
	-------- Loop 8 (sock 1 consumed 0.000000, avg temp 42.375000, final temp 42 ) ------
	-------- Loop 8 (sock 2 consumed 0.000000, avg temp 35.875000, final temp 36 ) ------
Loop 9 <line-375> - Time 0.001336 Total energy consumed 0.000000 Ave. Power Level 0.000000
	-------- Loop 9 (sock 1 consumed 0.000000, avg temp 42.375000, final temp 42 ) ------
	-------- Loop 9 (sock 2 consumed 0.000000, avg temp 35.875000, final temp 36 ) ------
Loop 10 <line-85> - Time 0.139200 Total energy consumed 7.178325 Ave. Power Level 51.568556
	-------- Loop 10 (sock 1 consumed 3.549090, avg temp 42.000000, final temp 42 ) ------
	-------- Loop 10 (sock 2 consumed 3.629235, avg temp 36.000000, final temp 36 ) ------
Loop 11 <line-131> - Time 0.011499 Total energy consumed 0.576210 Ave. Power Level 50.110900
	-------- Loop 11 (sock 1 consumed 0.284025, avg temp 41.500000, final temp 42 ) ------
	-------- Loop 11 (sock 2 consumed 0.292185, avg temp 36.500000, final temp 36 ) ------
Loop 12 <line-167> - Time 0.152195 Total energy consumed 7.908990 Ave. Power Level 51.966323
	-------- Loop 12 (sock 1 consumed 3.914280, avg temp 42.000000, final temp 42 ) ------
	-------- Loop 12 (sock 2 consumed 3.994710, avg temp 36.000000, final temp 36 ) ------
Loop 13 <line-213> - Time 18.609217 Total energy consumed 965.335935 Ave. Power Level 51.874075
	-------- Loop 13 (sock 1 consumed 491.452350, avg temp 43.333333, final temp 43 ) ------
	-------- Loop 13 (sock 2 consumed 473.883585, avg temp 36.166667, final temp 36 ) ------
Loop 14 <line-99> - Time 7.691505 Total energy consumed 337.256655 Ave. Power Level 43.847942
	-------- Loop 14 (sock 1 consumed 176.941740, avg temp 43.142857, final temp 43 ) ------
	-------- Loop 14 (sock 2 consumed 160.314915, avg temp 35.714286, final temp 36 ) ------
Loop 15 <line-160> - Time 0.187447 Total energy consumed 8.487990 Ave. Power Level 45.281991
	-------- Loop 15 (sock 1 consumed 4.245960, avg temp 42.571429, final temp 43 ) ------
	-------- Loop 15 (sock 2 consumed 4.242030, avg temp 35.857143, final temp 36 ) ------
Loop 16 <line-269> - Time 4.686296 Total energy consumed 206.833950 Ave. Power Level 44.135910
	-------- Loop 16 (sock 1 consumed 103.913505, avg temp 42.192308, final temp 42 ) ------
	-------- Loop 16 (sock 2 consumed 102.920445, avg temp 35.769231, final temp 36 ) ------
Loop 17 <line-300> - Time 0.003389 Total energy consumed 0.237675 Ave. Power Level 70.140310
	-------- Loop 17 (sock 1 consumed 0.133890, avg temp 42.150000, final temp 42 ) ------
	-------- Loop 17 (sock 2 consumed 0.103785, avg temp 35.750000, final temp 35 ) ------
Loop 18 <line-148> - Time 0.000834 Total energy consumed 0.000000 Ave. Power Level 0.000000
	-------- Loop 18 (sock 1 consumed 0.000000, avg temp 42.000000, final temp 42 ) ------
	-------- Loop 18 (sock 2 consumed 0.000000, avg temp 36.000000, final temp 36 ) ------
Application(EnergyStat) - Time 54.742694 Total energy consumed 2550.383550 Ave. Power Level 46.588565 Final Temperature socket 1 : 42  socket 2 : 36 
	 ParallelApplication(EnergyStat) - Time 34.125960 Total energy consumed 1653.210825 Ave. Power Level 48.444376
