Memory used: 1.32031
Loading 32-bit binary file: pnnl.bin, numvertices: 2361670, numEdges: 191402826
File read time: 2.70523
Before allocating graph
Allocated graph: 0x2595570
Processing edges for vertex: 0, range(0, 166)
Processing edges for vertex: 100000, range(58444108, 58444133)
Processing edges for vertex: 200000, range(84376057, 84376362)
Processing edges for vertex: 300000, range(106069163, 106069503)
Processing edges for vertex: 400000, range(122097114, 122097513)
Processing edges for vertex: 500000, range(135096418, 135096483)
Processing edges for vertex: 600000, range(146097008, 146097061)
Processing edges for vertex: 700000, range(155415410, 155415531)
Processing edges for vertex: 800000, range(162595900, 162595989)
Processing edges for vertex: 900000, range(168508374, 168508464)
Processing edges for vertex: 1000000, range(173203321, 173203442)
Processing edges for vertex: 1100000, range(176935100, 176935110)
Processing edges for vertex: 1200000, range(179876260, 179876270)
Processing edges for vertex: 1300000, range(182240081, 182240092)
Processing edges for vertex: 1400000, range(184224513, 184224521)
Processing edges for vertex: 1500000, range(185795161, 185795170)
Processing edges for vertex: 1600000, range(187104124, 187104130)
Processing edges for vertex: 1700000, range(188148455, 188148461)
Processing edges for vertex: 1800000, range(188997836, 188997842)
Processing edges for vertex: 1900000, range(189691532, 189691535)
Processing edges for vertex: 2000000, range(190254658, 190254660)
Processing edges for vertex: 2100000, range(190705814, 190705822)
Processing edges for vertex: 2200000, range(191052755, 191052764)
Processing edges for vertex: 2300000, range(191302662, 191302663)
Graph populate time: 13.9218
Total I/O time: 16.627

Regional(EnergyStat) - Time 16.632589 Total energy consumed 653.201400 Ave. Power Level 39.272382 
Running on: 3 threads
Loaded graph from file: pnnl.bin
Memory used: 2949.12
Maximum degree for the graph: 5520
Iteration: 0, conflicts: 0
Total number of colors used: 1180
Total number of conflicts overall: 0
Number of rounds: 1
SUCCESS: No conflicts found
Coloring time: 2.52983
Memory used: 2949.12
Number of reordered colors: 1004
End position for large colors: 0, node count: 551563, largest: 551563
Node count cutoff: 472334
e_xx: 1.29081e+08, a2_x: 5.72974e+11, currMod: 0.674379
e_xx: 1.68745e+08, a2_x: 5.57171e+11, currMod: 0.881605
e_xx: 1.74376e+08, a2_x: 5.76981e+11, currMod: 0.911027
e_xx: 1.76463e+08, a2_x: 5.81267e+11, currMod: 0.921931
e_xx: 1.77515e+08, a2_x: 5.55255e+11, currMod: 0.927426
currMod: 0.921931, prevMod: -1
Louvain time: 41.6205
numClusters: 205308, time: 0.170567
Next phase: 2
Memory used: 2949.12
End Structure 1322545 205308 vs 2848580
Build next level time: 11.4487
Iteration time: 53.247
Memory used: 2949.12
e_xx: 1.547e+08, a2_x: 5.56056e+11, currMod: 0.917646
e_xx: 1.61814e+08, a2_x: 3.33192e+11, currMod: 0.959848
e_xx: 1.63342e+08, a2_x: 3.54561e+11, currMod: 0.968912
e_xx: 1.63681e+08, a2_x: 2.77787e+11, currMod: 0.970928
e_xx: 1.63792e+08, a2_x: 3.26573e+11, currMod: 0.971586
e_xx: 1.63893e+08, a2_x: 2.60618e+11, currMod: 0.972184
e_xx: 1.63916e+08, a2_x: 2.8875e+11, currMod: 0.97232
e_xx: 1.63969e+08, a2_x: 2.4141e+11, currMod: 0.972638
e_xx: 1.63964e+08, a2_x: 2.92792e+11, currMod: 0.972603
currMod: 0.972638, prevMod: 0.921931
Louvain time: 5.75052
numClusters: 53833, time: 0.027656
Next phase: 3
Memory used: 2949.12
End Structure 549788 53833 vs 1153404
Build next level time: 0.419708
Iteration time: 6.19968
Memory used: 2949.12
e_xx: 1.63969e+08, a2_x: 2.42482e+11, currMod: 0.972609
e_xx: 1.64877e+08, a2_x: 7.73694e+10, currMod: 0.978001
e_xx: 1.64956e+08, a2_x: 5.9675e+10, currMod: 0.978469
e_xx: 1.65044e+08, a2_x: 5.72913e+10, currMod: 0.978993
e_xx: 1.64982e+08, a2_x: 2.99551e+10, currMod: 0.978626
currMod: 0.978993, prevMod: 0.972638
Louvain time: 1.34814
numClusters: 26021, time: 0.008763
Next phase: 4
Memory used: 2949.12
End Structure 186964 26021 vs 399949
Build next level time: 0.126085
Iteration time: 1.48438
Memory used: 2949.12
e_xx: 1.65044e+08, a2_x: 5.90178e+10, currMod: 0.978978
e_xx: 1.65249e+08, a2_x: -9.48443e+09, currMod: 0.980195
e_xx: 1.65298e+08, a2_x: 1.01652e+10, currMod: 0.980487
e_xx: 1.65299e+08, a2_x: 2.5214e+10, currMod: 0.980493
e_xx: 1.653e+08, a2_x: 2.09298e+10, currMod: 0.980498
e_xx: 1.653e+08, a2_x: 1.63077e+10, currMod: 0.980496
currMod: 0.980498, prevMod: 0.978993
Louvain time: 0.631375
numClusters: 22175, time: 0.005573
Next phase: 5
Memory used: 2949.12
End Structure 92300 22175 vs 206775
Build next level time: 0.053315
Iteration time: 0.691618
Memory used: 2949.12
e_xx: 1.653e+08, a2_x: 2.20432e+10, currMod: 0.980496
e_xx: 1.65302e+08, a2_x: 9.18689e+09, currMod: 0.980511
e_xx: 1.65303e+08, a2_x: 1.2333e+10, currMod: 0.980511
currMod: 0.980511, prevMod: 0.980498
Louvain time: 0.172203
numClusters: 22023, time: 0.004893
Next phase: 6
Memory used: 2949.12
End Structure 83309 22023 vs 188641
Build next level time: 0.040009
Iteration time: 0.218449
Memory used: 2949.12
e_xx: 1.65302e+08, a2_x: 5.8526e+09, currMod: 0.980511
e_xx: 1.65303e+08, a2_x: 8.6916e+08, currMod: 0.980511
currMod: 0.980511, prevMod: 0.980511
Louvain time: 0.106508
numClusters: 22023, time: 0.004845
Maximum degree for the graph: 516
Iteration: 0, conflicts: 0
Total number of colors used: 176
Total number of conflicts overall: 0
Number of rounds: 1
SUCCESS: No conflicts found
Number of reordered colors: 176
End position for large colors: 0, node count: 21558, largest: 21558
Node count cutoff: 4405
e_xx: 1.6742e+08, a2_x: -1.22468e+10, currMod: 0.993074
e_xx: 1.67607e+08, a2_x: -5.7318e+09, currMod: 0.994183
e_xx: 1.67829e+08, a2_x: 4.73953e+09, currMod: 0.995496
e_xx: 1.67864e+08, a2_x: -5.97234e+09, currMod: 0.995706
e_xx: 1.6798e+08, a2_x: -6.48577e+09, currMod: 0.996392
e_xx: 1.67983e+08, a2_x: -6.65478e+09, currMod: 0.996413
e_xx: 1.6801e+08, a2_x: -1.11094e+10, currMod: 0.996568
e_xx: 1.68037e+08, a2_x: -2.47027e+09, currMod: 0.996729
e_xx: 1.6805e+08, a2_x: -9.8825e+09, currMod: 0.996808
e_xx: 1.68107e+08, a2_x: -1.11676e+10, currMod: 0.997148
e_xx: 1.6812e+08, a2_x: -1.35017e+10, currMod: 0.997226
e_xx: 1.68217e+08, a2_x: -2.27947e+09, currMod: 0.997797
e_xx: 1.68227e+08, a2_x: -5.58065e+09, currMod: 0.997855
e_xx: 1.68223e+08, a2_x: -3.96976e+09, currMod: 0.997835
End Structure 522 21579 vs 22623
currMod: 0.997855, prevMod: 0.980511
numClusters: 21579
Total iteration time: 61.8412

Loop 0 <line-37> - Time 0.001425 Total energy consumed 0.081000 Ave. Power Level 56.852039
	-------- Loop 0 (sock 1 consumed 0.037065, avg temp 40.000000, final temp 40 ) ------
	-------- Loop 0 (sock 2 consumed 0.043935, avg temp 35.500000, final temp 35 ) ------
Loop 1 <line-54> - Time 0.000705 Total energy consumed 0.000000 Ave. Power Level 0.000000
	-------- Loop 1 (sock 1 consumed 0.000000, avg temp 40.500000, final temp 40 ) ------
	-------- Loop 1 (sock 2 consumed 0.000000, avg temp 35.000000, final temp 35 ) ------
Loop 2 <line-76> - Time 0.002579 Total energy consumed 0.088365 Ave. Power Level 34.258578
	-------- Loop 2 (sock 1 consumed 0.040305, avg temp 40.000000, final temp 40 ) ------
	-------- Loop 2 (sock 2 consumed 0.048060, avg temp 35.000000, final temp 35 ) ------
Loop 3 <line-170> - Time 1.728636 Total energy consumed 69.377190 Ave. Power Level 40.134056
	-------- Loop 3 (sock 1 consumed 32.435865, avg temp 40.000000, final temp 40 ) ------
	-------- Loop 3 (sock 2 consumed 36.941325, avg temp 34.500000, final temp 35 ) ------
Loop 4 <line-192> - Time 0.000461 Total energy consumed 0.057510 Ave. Power Level 124.688063
	-------- Loop 4 (sock 1 consumed 0.036540, avg temp 39.500000, final temp 40 ) ------
	-------- Loop 4 (sock 2 consumed 0.020970, avg temp 34.000000, final temp 35 ) ------
Loop 5 <line-222> - Time 0.646338 Total energy consumed 25.884315 Ave. Power Level 40.047617
	-------- Loop 5 (sock 1 consumed 11.988045, avg temp 40.000000, final temp 40 ) ------
	-------- Loop 5 (sock 2 consumed 13.896270, avg temp 34.500000, final temp 35 ) ------
Loop 6 <line-116> - Time 0.007689 Total energy consumed 0.301065 Ave. Power Level 39.154574
	-------- Loop 6 (sock 1 consumed 0.170445, avg temp 39.833333, final temp 40 ) ------
	-------- Loop 6 (sock 2 consumed 0.130620, avg temp 34.500000, final temp 35 ) ------
Loop 7 <line-334> - Time 1.353501 Total energy consumed 53.014140 Ave. Power Level 39.168152
	-------- Loop 7 (sock 1 consumed 24.953370, avg temp 39.857143, final temp 39 ) ------
	-------- Loop 7 (sock 2 consumed 28.060770, avg temp 34.571429, final temp 35 ) ------
Loop 8 <line-353> - Time 0.000635 Total energy consumed 0.000000 Ave. Power Level 0.000000
	-------- Loop 8 (sock 1 consumed 0.000000, avg temp 39.857143, final temp 39 ) ------
	-------- Loop 8 (sock 2 consumed 0.000000, avg temp 34.571429, final temp 35 ) ------
Loop 9 <line-375> - Time 0.001962 Total energy consumed 0.086505 Ave. Power Level 44.092439
	-------- Loop 9 (sock 1 consumed 0.061845, avg temp 39.857143, final temp 39 ) ------
	-------- Loop 9 (sock 2 consumed 0.024660, avg temp 34.428571, final temp 35 ) ------
Loop 10 <line-85> - Time 0.247049 Total energy consumed 10.480200 Ave. Power Level 42.421545
	-------- Loop 10 (sock 1 consumed 4.979085, avg temp 40.000000, final temp 40 ) ------
	-------- Loop 10 (sock 2 consumed 5.501115, avg temp 34.250000, final temp 35 ) ------
Loop 11 <line-131> - Time 0.019073 Total energy consumed 0.815265 Ave. Power Level 42.743736
	-------- Loop 11 (sock 1 consumed 0.385695, avg temp 40.000000, final temp 40 ) ------
	-------- Loop 11 (sock 2 consumed 0.429570, avg temp 34.000000, final temp 35 ) ------
Loop 12 <line-167> - Time 0.187831 Total energy consumed 8.059770 Ave. Power Level 42.909760
	-------- Loop 12 (sock 1 consumed 3.786720, avg temp 40.500000, final temp 41 ) ------
	-------- Loop 12 (sock 2 consumed 4.273050, avg temp 33.500000, final temp 34 ) ------
Loop 13 <line-213> - Time 30.670458 Total energy consumed 1311.943740 Ave. Power Level 42.775486
	-------- Loop 13 (sock 1 consumed 622.540740, avg temp 40.684211, final temp 41 ) ------
	-------- Loop 13 (sock 2 consumed 689.403000, avg temp 34.421053, final temp 35 ) ------
Loop 14 <line-99> - Time 11.513495 Total energy consumed 455.487360 Ave. Power Level 39.561173
	-------- Loop 14 (sock 1 consumed 231.789405, avg temp 40.166667, final temp 41 ) ------
	-------- Loop 14 (sock 2 consumed 223.697955, avg temp 34.333333, final temp 33 ) ------
Loop 15 <line-160> - Time 0.229997 Total energy consumed 9.232920 Ave. Power Level 40.143640
	-------- Loop 15 (sock 1 consumed 4.430235, avg temp 40.333333, final temp 41 ) ------
	-------- Loop 15 (sock 2 consumed 4.802685, avg temp 34.333333, final temp 33 ) ------
Loop 16 <line-269> - Time 7.963806 Total energy consumed 312.656835 Ave. Power Level 39.259723
	-------- Loop 16 (sock 1 consumed 149.007435, avg temp 40.240000, final temp 39 ) ------
	-------- Loop 16 (sock 2 consumed 163.649400, avg temp 34.600000, final temp 35 ) ------
Loop 17 <line-300> - Time 0.006799 Total energy consumed 0.216750 Ave. Power Level 31.881306
	-------- Loop 17 (sock 1 consumed 0.075675, avg temp 40.250000, final temp 41 ) ------
	-------- Loop 17 (sock 2 consumed 0.141075, avg temp 34.500000, final temp 35 ) ------
Loop 18 <line-148> - Time 0.001294 Total energy consumed 0.040575 Ave. Power Level 31.347466
	-------- Loop 18 (sock 1 consumed 0.019245, avg temp 40.000000, final temp 40 ) ------
	-------- Loop 18 (sock 2 consumed 0.021330, avg temp 35.000000, final temp 35 ) ------
Application(EnergyStat) - Time 81.319820 Total energy consumed 3309.525690 Ave. Power Level 40.697651 Final Temperature socket 1 : 42  socket 2 : 35 
	 ParallelApplication(EnergyStat) - Time 54.583734 Total energy consumed 2257.823505 Ave. Power Level 41.364402
Memory used: 1.32031
Loading 32-bit binary file: pnnl.bin, numvertices: 2361670, numEdges: 191402826
File read time: 2.6583
Before allocating graph
Allocated graph: 0x1fc5570
Processing edges for vertex: 0, range(0, 166)
Processing edges for vertex: 100000, range(58444108, 58444133)
Processing edges for vertex: 200000, range(84376057, 84376362)
Processing edges for vertex: 300000, range(106069163, 106069503)
Processing edges for vertex: 400000, range(122097114, 122097513)
Processing edges for vertex: 500000, range(135096418, 135096483)
Processing edges for vertex: 600000, range(146097008, 146097061)
Processing edges for vertex: 700000, range(155415410, 155415531)
Processing edges for vertex: 800000, range(162595900, 162595989)
Processing edges for vertex: 900000, range(168508374, 168508464)
Processing edges for vertex: 1000000, range(173203321, 173203442)
Processing edges for vertex: 1100000, range(176935100, 176935110)
Processing edges for vertex: 1200000, range(179876260, 179876270)
Processing edges for vertex: 1300000, range(182240081, 182240092)
Processing edges for vertex: 1400000, range(184224513, 184224521)
Processing edges for vertex: 1500000, range(185795161, 185795170)
Processing edges for vertex: 1600000, range(187104124, 187104130)
Processing edges for vertex: 1700000, range(188148455, 188148461)
Processing edges for vertex: 1800000, range(188997836, 188997842)
Processing edges for vertex: 1900000, range(189691532, 189691535)
Processing edges for vertex: 2000000, range(190254658, 190254660)
Processing edges for vertex: 2100000, range(190705814, 190705822)
Processing edges for vertex: 2200000, range(191052755, 191052764)
Processing edges for vertex: 2300000, range(191302662, 191302663)
Graph populate time: 13.9302
Total I/O time: 16.5885

Regional(EnergyStat) - Time 16.593973 Total energy consumed 651.723840 Ave. Power Level 39.274732 
Running on: 3 threads
Loaded graph from file: pnnl.bin
Memory used: 2949.12
Maximum degree for the graph: 5520
Iteration: 0, conflicts: 0
Total number of colors used: 1181
Total number of conflicts overall: 0
Number of rounds: 1
SUCCESS: No conflicts found
Coloring time: 2.42101
Memory used: 2949.12
Number of reordered colors: 996
End position for large colors: 0, node count: 551478, largest: 551478
Node count cutoff: 472334
e_xx: 1.20075e+08, a2_x: 6.11737e+11, currMod: 0.627327
e_xx: 1.61728e+08, a2_x: 5.58561e+11, currMod: 0.844947
e_xx: 1.68734e+08, a2_x: 5.49406e+11, currMod: 0.881547
e_xx: 1.71601e+08, a2_x: 5.60388e+11, currMod: 0.896528
e_xx: 1.72959e+08, a2_x: 5.87302e+11, currMod: 0.903621
currMod: 0.896528, prevMod: -1
Louvain time: 42.528
numClusters: 205138, time: 0.170604
Next phase: 2
Memory used: 2949.12
End Structure 1318891 205138 vs 2841064
Build next level time: 10.8938
Iteration time: 53.5992
Memory used: 2949.12
e_xx: 1.6663e+08, a2_x: 5.84949e+11, currMod: 0.900354
e_xx: 1.77248e+08, a2_x: 3.47993e+11, currMod: 0.957737
e_xx: 1.79882e+08, a2_x: 3.24804e+11, currMod: 0.971966
e_xx: 1.80161e+08, a2_x: 2.89317e+11, currMod: 0.973475
e_xx: 1.80315e+08, a2_x: 3.05893e+11, currMod: 0.974306
e_xx: 1.80422e+08, a2_x: 2.46247e+11, currMod: 0.974889
e_xx: 1.80474e+08, a2_x: 2.88453e+11, currMod: 0.975166
e_xx: 1.80508e+08, a2_x: 2.65532e+11, currMod: 0.975356
e_xx: 1.80527e+08, a2_x: 2.92621e+11, currMod: 0.975454
e_xx: 1.80546e+08, a2_x: 2.71078e+11, currMod: 0.975556
e_xx: 1.80553e+08, a2_x: 2.82115e+11, currMod: 0.975594
e_xx: 1.80568e+08, a2_x: 2.70926e+11, currMod: 0.975674
e_xx: 1.80573e+08, a2_x: 2.78298e+11, currMod: 0.975703
e_xx: 1.80589e+08, a2_x: 2.61465e+11, currMod: 0.975788
e_xx: 1.80589e+08, a2_x: 2.82514e+11, currMod: 0.97579
e_xx: 1.80599e+08, a2_x: 2.70629e+11, currMod: 0.975845
e_xx: 1.80601e+08, a2_x: 3.01219e+11, currMod: 0.975854
e_xx: 1.80607e+08, a2_x: 2.68375e+11, currMod: 0.975889
e_xx: 1.80604e+08, a2_x: 2.93734e+11, currMod: 0.975874
currMod: 0.975889, prevMod: 0.896528
Louvain time: 11.2878
numClusters: 49255, time: 0.025581
Next phase: 3
Memory used: 2949.12
End Structure 475488 49255 vs 1000223
Build next level time: 0.3591
Iteration time: 11.6742
Memory used: 2949.12
e_xx: 1.80607e+08, a2_x: 2.68109e+11, currMod: 0.975879
e_xx: 1.8153e+08, a2_x: 4.84919e+10, currMod: 0.980871
e_xx: 1.81581e+08, a2_x: 1.01956e+11, currMod: 0.981149
e_xx: 1.81683e+08, a2_x: 7.74731e+10, currMod: 0.981701
e_xx: 1.81604e+08, a2_x: 5.61375e+10, currMod: 0.981272
currMod: 0.981701, prevMod: 0.975889
Louvain time: 1.21514
numClusters: 25439, time: 0.008494
Next phase: 4
Memory used: 2949.12
End Structure 168204 25439 vs 361847
Build next level time: 0.112747
Iteration time: 1.33778
Memory used: 2949.12
e_xx: 1.81683e+08, a2_x: 7.47566e+10, currMod: 0.981684
e_xx: 1.8186e+08, a2_x: 3.0794e+10, currMod: 0.982641
e_xx: 1.81874e+08, a2_x: 3.66691e+10, currMod: 0.982715
e_xx: 1.81876e+08, a2_x: 4.94081e+10, currMod: 0.982723
e_xx: 1.81875e+08, a2_x: 4.79029e+10, currMod: 0.98272
currMod: 0.982723, prevMod: 0.981701
Louvain time: 0.495673
numClusters: 22180, time: 0.005461
Next phase: 5
Memory used: 2949.12
End Structure 87408 22180 vs 196996
Build next level time: 0.049452
Iteration time: 0.551948
Memory used: 2949.12
e_xx: 1.81876e+08, a2_x: 5.13174e+10, currMod: 0.982718
e_xx: 1.81888e+08, a2_x: 5.46669e+10, currMod: 0.982786
e_xx: 1.81888e+08, a2_x: 4.64237e+10, currMod: 0.982786
currMod: 0.982786, prevMod: 0.982723
Louvain time: 0.167515
numClusters: 22017, time: 0.004862
Next phase: 6
Memory used: 2949.12
End Structure 77416 22017 vs 176849
Build next level time: 0.03779
Iteration time: 0.21152
Memory used: 2949.12
e_xx: 1.81888e+08, a2_x: 5.57467e+10, currMod: 0.982786
e_xx: 1.81888e+08, a2_x: 5.82112e+10, currMod: 0.982786
currMod: 0.982786, prevMod: 0.982786
Louvain time: 0.103858
numClusters: 22017, time: 0.004848
Maximum degree for the graph: 503
Iteration: 0, conflicts: 0
Total number of colors used: 177
Total number of conflicts overall: 0
Number of rounds: 1
SUCCESS: No conflicts found
Number of reordered colors: 171
End position for large colors: 0, node count: 21567, largest: 21567
Node count cutoff: 4404
e_xx: 1.81888e+08, a2_x: 5.79359e+10, currMod: 0.982786
End Structure 76241 21991 vs 174473
currMod: 0.982786, prevMod: 0.982786
numClusters: 21991
Total iteration time: 67.3747

Loop 0 <line-37> - Time 0.001440 Total energy consumed 0.059250 Ave. Power Level 41.155379
	-------- Loop 0 (sock 1 consumed 0.037140, avg temp 40.500000, final temp 41 ) ------
	-------- Loop 0 (sock 2 consumed 0.022110, avg temp 34.500000, final temp 34 ) ------
Loop 1 <line-54> - Time 0.000722 Total energy consumed 0.039750 Ave. Power Level 55.064096
	-------- Loop 1 (sock 1 consumed 0.018015, avg temp 40.000000, final temp 40 ) ------
	-------- Loop 1 (sock 2 consumed 0.021735, avg temp 34.000000, final temp 34 ) ------
Loop 2 <line-76> - Time 0.002573 Total energy consumed 0.110535 Ave. Power Level 42.959413
	-------- Loop 2 (sock 1 consumed 0.060480, avg temp 40.000000, final temp 40 ) ------
	-------- Loop 2 (sock 2 consumed 0.050055, avg temp 34.000000, final temp 34 ) ------
Loop 3 <line-170> - Time 1.656520 Total energy consumed 66.671130 Ave. Power Level 40.247715
	-------- Loop 3 (sock 1 consumed 30.742995, avg temp 40.000000, final temp 41 ) ------
	-------- Loop 3 (sock 2 consumed 35.928135, avg temp 35.000000, final temp 35 ) ------
Loop 4 <line-192> - Time 0.000448 Total energy consumed 0.079470 Ave. Power Level 177.448202
	-------- Loop 4 (sock 1 consumed 0.036600, avg temp 40.500000, final temp 41 ) ------
	-------- Loop 4 (sock 2 consumed 0.042870, avg temp 35.000000, final temp 35 ) ------
Loop 5 <line-222> - Time 0.607849 Total energy consumed 24.379875 Ave. Power Level 40.108419
	-------- Loop 5 (sock 1 consumed 11.196585, avg temp 40.000000, final temp 41 ) ------
	-------- Loop 5 (sock 2 consumed 13.183290, avg temp 34.500000, final temp 35 ) ------
Loop 6 <line-116> - Time 0.007709 Total energy consumed 0.309255 Ave. Power Level 40.116749
	-------- Loop 6 (sock 1 consumed 0.136710, avg temp 39.833333, final temp 40 ) ------
	-------- Loop 6 (sock 2 consumed 0.172545, avg temp 34.333333, final temp 35 ) ------
Loop 7 <line-334> - Time 1.331278 Total energy consumed 52.039290 Ave. Power Level 39.089719
	-------- Loop 7 (sock 1 consumed 24.109650, avg temp 40.285714, final temp 40 ) ------
	-------- Loop 7 (sock 2 consumed 27.929640, avg temp 34.428571, final temp 34 ) ------
Loop 8 <line-353> - Time 0.000680 Total energy consumed 0.038895 Ave. Power Level 57.179694
	-------- Loop 8 (sock 1 consumed 0.018060, avg temp 40.285714, final temp 40 ) ------
	-------- Loop 8 (sock 2 consumed 0.020835, avg temp 34.285714, final temp 34 ) ------
Loop 9 <line-375> - Time 0.001939 Total energy consumed 0.046080 Ave. Power Level 23.765869
	-------- Loop 9 (sock 1 consumed 0.020685, avg temp 40.142857, final temp 40 ) ------
	-------- Loop 9 (sock 2 consumed 0.025395, avg temp 34.571429, final temp 34 ) ------
Loop 10 <line-85> - Time 0.248735 Total energy consumed 10.440960 Ave. Power Level 41.976259
	-------- Loop 10 (sock 1 consumed 4.947825, avg temp 40.250000, final temp 41 ) ------
	-------- Loop 10 (sock 2 consumed 5.493135, avg temp 34.250000, final temp 34 ) ------
Loop 11 <line-131> - Time 0.019103 Total energy consumed 0.835785 Ave. Power Level 43.751695
	-------- Loop 11 (sock 1 consumed 0.408015, avg temp 40.500000, final temp 41 ) ------
	-------- Loop 11 (sock 2 consumed 0.427770, avg temp 34.000000, final temp 34 ) ------
Loop 12 <line-167> - Time 0.180411 Total energy consumed 7.601370 Ave. Power Level 42.133743
	-------- Loop 12 (sock 1 consumed 3.600780, avg temp 40.000000, final temp 40 ) ------
	-------- Loop 12 (sock 2 consumed 4.000590, avg temp 34.500000, final temp 34 ) ------
Loop 13 <line-213> - Time 31.490197 Total energy consumed 1333.675800 Ave. Power Level 42.352094
	-------- Loop 13 (sock 1 consumed 658.474290, avg temp 41.166667, final temp 41 ) ------
	-------- Loop 13 (sock 2 consumed 675.201510, avg temp 34.833333, final temp 34 ) ------
Loop 14 <line-99> - Time 10.931630 Total energy consumed 430.552050 Ave. Power Level 39.385896
	-------- Loop 14 (sock 1 consumed 219.828495, avg temp 40.000000, final temp 40 ) ------
	-------- Loop 14 (sock 2 consumed 210.723555, avg temp 34.333333, final temp 34 ) ------
Loop 15 <line-160> - Time 0.205007 Total energy consumed 8.230065 Ave. Power Level 40.145228
	-------- Loop 15 (sock 1 consumed 4.190190, avg temp 40.333333, final temp 40 ) ------
	-------- Loop 15 (sock 2 consumed 4.039875, avg temp 34.166667, final temp 34 ) ------
Loop 16 <line-269> - Time 13.217430 Total energy consumed 516.735585 Ave. Power Level 39.095013
	-------- Loop 16 (sock 1 consumed 250.633305, avg temp 40.147059, final temp 41 ) ------
	-------- Loop 16 (sock 2 consumed 266.102280, avg temp 34.500000, final temp 34 ) ------
Loop 17 <line-300> - Time 0.013796 Total energy consumed 0.670665 Ave. Power Level 48.614128
	-------- Loop 17 (sock 1 consumed 0.296775, avg temp 40.172414, final temp 40 ) ------
	-------- Loop 17 (sock 2 consumed 0.373890, avg temp 34.689655, final temp 33 ) ------
Loop 18 <line-148> - Time 0.001292 Total energy consumed 0.060210 Ave. Power Level 46.594486
	-------- Loop 18 (sock 1 consumed 0.038595, avg temp 41.000000, final temp 41 ) ------
	-------- Loop 18 (sock 2 consumed 0.021615, avg temp 34.000000, final temp 34 ) ------
Application(EnergyStat) - Time 86.580209 Total energy consumed 3499.571415 Ave. Power Level 40.419992 Final Temperature socket 1 : 40  socket 2 : 33 
	 ParallelApplication(EnergyStat) - Time 59.918759 Total energy consumed 2452.576020 Ave. Power Level 40.931689
Memory used: 1.32031
Loading 32-bit binary file: pnnl.bin, numvertices: 2361670, numEdges: 191402826
File read time: 2.66815
Before allocating graph
Allocated graph: 0x112e570
Processing edges for vertex: 0, range(0, 166)
Processing edges for vertex: 100000, range(58444108, 58444133)
Processing edges for vertex: 200000, range(84376057, 84376362)
Processing edges for vertex: 300000, range(106069163, 106069503)
Processing edges for vertex: 400000, range(122097114, 122097513)
Processing edges for vertex: 500000, range(135096418, 135096483)
Processing edges for vertex: 600000, range(146097008, 146097061)
Processing edges for vertex: 700000, range(155415410, 155415531)
Processing edges for vertex: 800000, range(162595900, 162595989)
Processing edges for vertex: 900000, range(168508374, 168508464)
Processing edges for vertex: 1000000, range(173203321, 173203442)
Processing edges for vertex: 1100000, range(176935100, 176935110)
Processing edges for vertex: 1200000, range(179876260, 179876270)
Processing edges for vertex: 1300000, range(182240081, 182240092)
Processing edges for vertex: 1400000, range(184224513, 184224521)
Processing edges for vertex: 1500000, range(185795161, 185795170)
Processing edges for vertex: 1600000, range(187104124, 187104130)
Processing edges for vertex: 1700000, range(188148455, 188148461)
Processing edges for vertex: 1800000, range(188997836, 188997842)
Processing edges for vertex: 1900000, range(189691532, 189691535)
Processing edges for vertex: 2000000, range(190254658, 190254660)
Processing edges for vertex: 2100000, range(190705814, 190705822)
Processing edges for vertex: 2200000, range(191052755, 191052764)
Processing edges for vertex: 2300000, range(191302662, 191302663)
Graph populate time: 13.9718
Total I/O time: 16.64

Regional(EnergyStat) - Time 16.646117 Total energy consumed 655.579455 Ave. Power Level 39.383327 
Running on: 3 threads
Loaded graph from file: pnnl.bin
Memory used: 2949.12
Maximum degree for the graph: 5520
Iteration: 0, conflicts: 1
Iteration: 1, conflicts: 0
Total number of colors used: 1183
Total number of conflicts overall: 0
Number of rounds: 2
SUCCESS: No conflicts found
Coloring time: 2.53659
Memory used: 2949.12
Number of reordered colors: 1020
End position for large colors: 0, node count: 551504, largest: 551504
Node count cutoff: 472334
e_xx: 1.25552e+08, a2_x: 5.53179e+11, currMod: 0.655942
e_xx: 1.67013e+08, a2_x: 5.72543e+11, currMod: 0.872558
e_xx: 1.73062e+08, a2_x: 5.79331e+11, currMod: 0.904164
e_xx: 1.75412e+08, a2_x: 5.68611e+11, currMod: 0.916439
e_xx: 1.76567e+08, a2_x: 5.55845e+11, currMod: 0.922475
currMod: 0.916439, prevMod: -1
Louvain time: 42.2748
numClusters: 205232, time: 0.204265
Next phase: 2
Memory used: 2949.12
End Structure 1327557 205232 vs 2858554
Build next level time: 10.9471
Iteration time: 53.4331
Memory used: 2949.12
e_xx: 1.57105e+08, a2_x: 5.56146e+11, currMod: 0.913737
e_xx: 1.65086e+08, a2_x: 2.60257e+11, currMod: 0.960167
e_xx: 1.66692e+08, a2_x: 2.53693e+11, currMod: 0.969507
e_xx: 1.67066e+08, a2_x: 2.66141e+11, currMod: 0.971687
e_xx: 1.67186e+08, a2_x: 2.76082e+11, currMod: 0.972381
e_xx: 1.6728e+08, a2_x: 2.45136e+11, currMod: 0.972931
e_xx: 1.67282e+08, a2_x: 2.62158e+11, currMod: 0.972941
e_xx: 1.67341e+08, a2_x: 2.48163e+11, currMod: 0.973284
e_xx: 1.6732e+08, a2_x: 2.55944e+11, currMod: 0.973164
currMod: 0.973284, prevMod: 0.916439
Louvain time: 5.82953
numClusters: 54827, time: 0.030303
Next phase: 3
Memory used: 2949.12
End Structure 586329 54827 vs 1227475
Build next level time: 0.44358
Iteration time: 6.30533
Memory used: 2949.12
e_xx: 1.67341e+08, a2_x: 2.45976e+11, currMod: 0.973259
e_xx: 1.68196e+08, a2_x: 8.76161e+10, currMod: 0.978241
e_xx: 1.68369e+08, a2_x: 5.84512e+10, currMod: 0.979245
e_xx: 1.6841e+08, a2_x: 6.38787e+10, currMod: 0.979485
e_xx: 1.68411e+08, a2_x: 8.12644e+10, currMod: 0.979492
e_xx: 1.68421e+08, a2_x: 6.77768e+10, currMod: 0.97955
e_xx: 1.68416e+08, a2_x: 8.26347e+10, currMod: 0.979521
currMod: 0.97955, prevMod: 0.973284
Louvain time: 1.93166
numClusters: 25408, time: 0.009293
Next phase: 4
Memory used: 2949.12
End Structure 181749 25408 vs 388906
Build next level time: 0.132691
Iteration time: 2.07503
Memory used: 2949.12
e_xx: 1.68421e+08, a2_x: 6.95917e+10, currMod: 0.979535
e_xx: 1.68657e+08, a2_x: 8.74428e+09, currMod: 0.980909
e_xx: 1.68688e+08, a2_x: 2.23098e+10, currMod: 0.981085
e_xx: 1.68689e+08, a2_x: 3.64572e+10, currMod: 0.981093
e_xx: 1.68689e+08, a2_x: 1.43977e+10, currMod: 0.981096
e_xx: 1.68689e+08, a2_x: 4.79702e+10, currMod: 0.981095
currMod: 0.981096, prevMod: 0.97955
Louvain time: 0.621262
numClusters: 22153, time: 0.005991
Next phase: 5
Memory used: 2949.12
End Structure 88327 22153 vs 198807
Build next level time: 0.05271
Iteration time: 0.681317
Memory used: 2949.12
e_xx: 1.68689e+08, a2_x: 1.5265e+10, currMod: 0.981094
e_xx: 1.68692e+08, a2_x: 1.29095e+10, currMod: 0.981112
e_xx: 1.68692e+08, a2_x: -1.35992e+09, currMod: 0.981111
currMod: 0.981112, prevMod: 0.981096
Louvain time: 0.164461
numClusters: 22016, time: 0.005309
Next phase: 6
Memory used: 2949.12
End Structure 80142 22016 vs 182300
Build next level time: 0.038983
Iteration time: 0.210115
Memory used: 2949.12
e_xx: 1.68692e+08, a2_x: 1.3237e+10, currMod: 0.981112
e_xx: 1.68693e+08, a2_x: 9.8904e+09, currMod: 0.981112
currMod: 0.981112, prevMod: 0.981112
Louvain time: 0.098889
numClusters: 22016, time: 0.005252
Maximum degree for the graph: 504
Iteration: 0, conflicts: 0
Total number of colors used: 174
Total number of conflicts overall: 0
Number of rounds: 1
SUCCESS: No conflicts found
Number of reordered colors: 172
End position for large colors: 0, node count: 21558, largest: 21558
Node count cutoff: 4404
e_xx: 1.68724e+08, a2_x: 2.00327e+10, currMod: 0.981295
e_xx: 1.71505e+08, a2_x: 1.45209e+10, currMod: 0.997472
e_xx: 1.71613e+08, a2_x: 7.27474e+09, currMod: 0.998096
e_xx: 1.71555e+08, a2_x: 7.34414e+09, currMod: 0.997763
End Structure 727 21586 vs 23040
currMod: 0.998096, prevMod: 0.981112
numClusters: 21586
Total iteration time: 62.7049

Loop 0 <line-37> - Time 0.001431 Total energy consumed 0.039900 Ave. Power Level 27.890415
	-------- Loop 0 (sock 1 consumed 0.021285, avg temp 40.500000, final temp 40 ) ------
	-------- Loop 0 (sock 2 consumed 0.018615, avg temp 34.000000, final temp 34 ) ------
Loop 1 <line-54> - Time 0.000712 Total energy consumed 0.058680 Ave. Power Level 82.363443
	-------- Loop 1 (sock 1 consumed 0.021255, avg temp 40.000000, final temp 40 ) ------
	-------- Loop 1 (sock 2 consumed 0.037425, avg temp 33.500000, final temp 34 ) ------
Loop 2 <line-76> - Time 0.002578 Total energy consumed 0.090615 Ave. Power Level 35.150527
	-------- Loop 2 (sock 1 consumed 0.047910, avg temp 40.000000, final temp 40 ) ------
	-------- Loop 2 (sock 2 consumed 0.042705, avg temp 34.000000, final temp 34 ) ------
Loop 3 <line-170> - Time 1.732902 Total energy consumed 69.716625 Ave. Power Level 40.231139
	-------- Loop 3 (sock 1 consumed 36.262005, avg temp 40.000000, final temp 40 ) ------
	-------- Loop 3 (sock 2 consumed 33.454620, avg temp 34.666667, final temp 35 ) ------
Loop 4 <line-192> - Time 0.000468 Total energy consumed 0.000000 Ave. Power Level 0.000000
	-------- Loop 4 (sock 1 consumed 0.000000, avg temp 40.000000, final temp 40 ) ------
	-------- Loop 4 (sock 2 consumed 0.000000, avg temp 34.500000, final temp 35 ) ------
Loop 5 <line-222> - Time 0.646306 Total energy consumed 25.940925 Ave. Power Level 40.137195
	-------- Loop 5 (sock 1 consumed 13.327200, avg temp 39.500000, final temp 40 ) ------
	-------- Loop 5 (sock 2 consumed 12.613725, avg temp 35.000000, final temp 35 ) ------
Loop 6 <line-116> - Time 0.007879 Total energy consumed 0.261315 Ave. Power Level 33.164348
	-------- Loop 6 (sock 1 consumed 0.114285, avg temp 40.166667, final temp 40 ) ------
	-------- Loop 6 (sock 2 consumed 0.147030, avg temp 34.333333, final temp 34 ) ------
Loop 7 <line-334> - Time 1.332858 Total energy consumed 52.383570 Ave. Power Level 39.301679
	-------- Loop 7 (sock 1 consumed 24.395700, avg temp 40.000000, final temp 40 ) ------
	-------- Loop 7 (sock 2 consumed 27.987870, avg temp 34.000000, final temp 34 ) ------
Loop 8 <line-353> - Time 0.000694 Total energy consumed 0.000000 Ave. Power Level 0.000000
	-------- Loop 8 (sock 1 consumed 0.000000, avg temp 40.000000, final temp 40 ) ------
	-------- Loop 8 (sock 2 consumed 0.000000, avg temp 34.000000, final temp 34 ) ------
Loop 9 <line-375> - Time 0.002040 Total energy consumed 0.084315 Ave. Power Level 41.321463
	-------- Loop 9 (sock 1 consumed 0.040590, avg temp 39.857143, final temp 40 ) ------
	-------- Loop 9 (sock 2 consumed 0.043725, avg temp 34.000000, final temp 34 ) ------
Loop 10 <line-85> - Time 0.247086 Total energy consumed 10.433100 Ave. Power Level 42.224506
	-------- Loop 10 (sock 1 consumed 4.950570, avg temp 40.000000, final temp 40 ) ------
	-------- Loop 10 (sock 2 consumed 5.482530, avg temp 34.250000, final temp 34 ) ------
Loop 11 <line-131> - Time 0.019293 Total energy consumed 0.876540 Ave. Power Level 45.432284
	-------- Loop 11 (sock 1 consumed 0.407520, avg temp 40.000000, final temp 40 ) ------
	-------- Loop 11 (sock 2 consumed 0.469020, avg temp 34.000000, final temp 34 ) ------
Loop 12 <line-167> - Time 0.151173 Total energy consumed 6.378930 Ave. Power Level 42.196266
	-------- Loop 12 (sock 1 consumed 3.042450, avg temp 40.000000, final temp 40 ) ------
	-------- Loop 12 (sock 2 consumed 3.336480, avg temp 34.000000, final temp 33 ) ------
Loop 13 <line-213> - Time 31.217666 Total energy consumed 1325.037555 Ave. Power Level 42.445119
	-------- Loop 13 (sock 1 consumed 665.949810, avg temp 40.666667, final temp 41 ) ------
	-------- Loop 13 (sock 2 consumed 659.087745, avg temp 34.555556, final temp 34 ) ------
Loop 14 <line-99> - Time 11.029548 Total energy consumed 433.758300 Ave. Power Level 39.326935
	-------- Loop 14 (sock 1 consumed 222.241050, avg temp 39.833333, final temp 40 ) ------
	-------- Loop 14 (sock 2 consumed 211.517250, avg temp 33.666667, final temp 33 ) ------
Loop 15 <line-160> - Time 0.230040 Total energy consumed 9.176565 Ave. Power Level 39.891182
	-------- Loop 15 (sock 1 consumed 4.812405, avg temp 40.166667, final temp 40 ) ------
	-------- Loop 15 (sock 2 consumed 4.364160, avg temp 33.666667, final temp 33 ) ------
Loop 16 <line-269> - Time 8.600022 Total energy consumed 336.851490 Ave. Power Level 39.168680
	-------- Loop 16 (sock 1 consumed 169.026225, avg temp 40.111111, final temp 39 ) ------
	-------- Loop 16 (sock 2 consumed 167.825265, avg temp 33.740741, final temp 34 ) ------
Loop 17 <line-300> - Time 0.006737 Total energy consumed 0.220515 Ave. Power Level 32.731603
	-------- Loop 17 (sock 1 consumed 0.141915, avg temp 40.181818, final temp 40 ) ------
	-------- Loop 17 (sock 2 consumed 0.078600, avg temp 33.772727, final temp 35 ) ------
Loop 18 <line-148> - Time 0.001232 Total energy consumed 0.060135 Ave. Power Level 48.811828
	-------- Loop 18 (sock 1 consumed 0.039105, avg temp 40.000000, final temp 40 ) ------
	-------- Loop 18 (sock 2 consumed 0.021030, avg temp 34.000000, final temp 34 ) ------
Application(EnergyStat) - Time 82.090896 Total energy consumed 3329.626110 Ave. Power Level 40.560236 Final Temperature socket 1 : 40  socket 2 : 33 
	 ParallelApplication(EnergyStat) - Time 55.230667 Total energy consumed 2271.369075 Ave. Power Level 41.125143
Memory used: 1.32422
Loading 32-bit binary file: pnnl.bin, numvertices: 2361670, numEdges: 191402826
File read time: 2.62979
Before allocating graph
Allocated graph: 0xbbb570
Processing edges for vertex: 0, range(0, 166)
Processing edges for vertex: 100000, range(58444108, 58444133)
Processing edges for vertex: 200000, range(84376057, 84376362)
Processing edges for vertex: 300000, range(106069163, 106069503)
Processing edges for vertex: 400000, range(122097114, 122097513)
Processing edges for vertex: 500000, range(135096418, 135096483)
Processing edges for vertex: 600000, range(146097008, 146097061)
Processing edges for vertex: 700000, range(155415410, 155415531)
Processing edges for vertex: 800000, range(162595900, 162595989)
Processing edges for vertex: 900000, range(168508374, 168508464)
Processing edges for vertex: 1000000, range(173203321, 173203442)
Processing edges for vertex: 1100000, range(176935100, 176935110)
Processing edges for vertex: 1200000, range(179876260, 179876270)
Processing edges for vertex: 1300000, range(182240081, 182240092)
Processing edges for vertex: 1400000, range(184224513, 184224521)
Processing edges for vertex: 1500000, range(185795161, 185795170)
Processing edges for vertex: 1600000, range(187104124, 187104130)
Processing edges for vertex: 1700000, range(188148455, 188148461)
Processing edges for vertex: 1800000, range(188997836, 188997842)
Processing edges for vertex: 1900000, range(189691532, 189691535)
Processing edges for vertex: 2000000, range(190254658, 190254660)
Processing edges for vertex: 2100000, range(190705814, 190705822)
Processing edges for vertex: 2200000, range(191052755, 191052764)
Processing edges for vertex: 2300000, range(191302662, 191302663)
Graph populate time: 13.9342
Total I/O time: 16.564

Regional(EnergyStat) - Time 16.570060 Total energy consumed 650.751420 Ave. Power Level 39.272725 
Running on: 3 threads
Loaded graph from file: pnnl.bin
Memory used: 2949.12
Maximum degree for the graph: 5520
Iteration: 0, conflicts: 2
Iteration: 1, conflicts: 0
Total number of colors used: 1183
Total number of conflicts overall: 0
Number of rounds: 2
SUCCESS: No conflicts found
Coloring time: 2.54226
Memory used: 2949.12
Number of reordered colors: 1018
End position for large colors: 0, node count: 551502, largest: 551502
Node count cutoff: 472334
e_xx: 1.26084e+08, a2_x: 6.26603e+11, currMod: 0.658719
e_xx: 1.6711e+08, a2_x: 5.53652e+11, currMod: 0.873063
e_xx: 1.73136e+08, a2_x: 5.9377e+11, currMod: 0.904549
e_xx: 1.75331e+08, a2_x: 5.35669e+11, currMod: 0.916018
e_xx: 1.76378e+08, a2_x: 5.22169e+11, currMod: 0.921488
currMod: 0.916018, prevMod: -1
Louvain time: 42.5737
numClusters: 204936, time: 0.196168
Next phase: 2
Memory used: 2949.12
End Structure 1323707 204936 vs 2850572
Build next level time: 10.9623
Iteration time: 53.739
Memory used: 2949.12
e_xx: 1.56943e+08, a2_x: 5.19744e+11, currMod: 0.912653
e_xx: 1.65139e+08, a2_x: 3.76636e+11, currMod: 0.96032
e_xx: 1.66663e+08, a2_x: 2.66202e+11, currMod: 0.969183
e_xx: 1.66996e+08, a2_x: 2.60423e+11, currMod: 0.97112
e_xx: 1.67106e+08, a2_x: 2.65884e+11, currMod: 0.97176
e_xx: 1.67154e+08, a2_x: 2.16182e+11, currMod: 0.972043
e_xx: 1.67182e+08, a2_x: 2.66956e+11, currMod: 0.9722
e_xx: 1.67205e+08, a2_x: 2.44193e+11, currMod: 0.972335
e_xx: 1.67222e+08, a2_x: 2.69901e+11, currMod: 0.972436
e_xx: 1.67236e+08, a2_x: 2.27989e+11, currMod: 0.972516
e_xx: 1.67245e+08, a2_x: 2.59446e+11, currMod: 0.972571
e_xx: 1.67251e+08, a2_x: 2.26873e+11, currMod: 0.972607
e_xx: 1.67255e+08, a2_x: 2.60587e+11, currMod: 0.97263
e_xx: 1.6726e+08, a2_x: 2.24386e+11, currMod: 0.972658
e_xx: 1.67264e+08, a2_x: 2.53196e+11, currMod: 0.97268
e_xx: 1.67268e+08, a2_x: 2.25772e+11, currMod: 0.972704
e_xx: 1.6727e+08, a2_x: 2.53253e+11, currMod: 0.972716
e_xx: 1.67273e+08, a2_x: 2.21389e+11, currMod: 0.972733
e_xx: 1.67274e+08, a2_x: 2.46755e+11, currMod: 0.972735
e_xx: 1.67276e+08, a2_x: 2.23492e+11, currMod: 0.97275
e_xx: 1.67276e+08, a2_x: 2.48298e+11, currMod: 0.972749
currMod: 0.97275, prevMod: 0.916018
Louvain time: 12.3588
numClusters: 49761, time: 0.026073
Next phase: 3
Memory used: 2949.12
End Structure 501528 49761 vs 1052811
Build next level time: 0.375693
Iteration time: 12.7623
Memory used: 2949.12
e_xx: 1.67276e+08, a2_x: 2.21966e+11, currMod: 0.972721
e_xx: 1.68301e+08, a2_x: 6.53024e+10, currMod: 0.978689
e_xx: 1.68396e+08, a2_x: 7.30801e+10, currMod: 0.979243
e_xx: 1.68495e+08, a2_x: 6.45846e+10, currMod: 0.979819
e_xx: 1.6843e+08, a2_x: 6.39672e+10, currMod: 0.97944
currMod: 0.979819, prevMod: 0.97275
Louvain time: 1.29226
numClusters: 25668, time: 0.008611
Next phase: 4
Memory used: 2949.12
End Structure 181254 25668 vs 388176
Build next level time: 0.121748
Iteration time: 1.42397
Memory used: 2949.12
e_xx: 1.68495e+08, a2_x: 6.6104e+10, currMod: 0.979808
e_xx: 1.68688e+08, a2_x: 5.89342e+09, currMod: 0.980931
e_xx: 1.68713e+08, a2_x: 2.89908e+09, currMod: 0.981078
e_xx: 1.68716e+08, a2_x: 2.0634e+10, currMod: 0.981091
e_xx: 1.68715e+08, a2_x: -1.38242e+10, currMod: 0.981086
currMod: 0.981091, prevMod: 0.979819
Louvain time: 0.50774
numClusters: 22192, time: 0.005545
Next phase: 5
Memory used: 2949.12
End Structure 94396 22192 vs 210984
Build next level time: 0.054852
Iteration time: 0.569431
Memory used: 2949.12
e_xx: 1.68716e+08, a2_x: 1.91962e+10, currMod: 0.981089
e_xx: 1.68719e+08, a2_x: 1.8783e+10, currMod: 0.981109
e_xx: 1.6872e+08, a2_x: 9.48435e+09, currMod: 0.981111
e_xx: 1.68721e+08, a2_x: -1.92384e+09, currMod: 0.981121
e_xx: 1.68721e+08, a2_x: 9.87996e+09, currMod: 0.981118
currMod: 0.981121, prevMod: 0.981091
Louvain time: 0.284087
numClusters: 21985, time: 0.004876
Next phase: 6
Memory used: 2949.12
End Structure 74586 21985 vs 171157
Build next level time: 0.038732
Iteration time: 0.328968
Memory used: 2949.12
e_xx: 1.68721e+08, a2_x: 2.07917e+08, currMod: 0.98112
e_xx: 1.68721e+08, a2_x: -1.66887e+09, currMod: 0.981121
currMod: 0.981121, prevMod: 0.981121
Louvain time: 0.09127
numClusters: 21985, time: 0.004822
Maximum degree for the graph: 480
Iteration: 0, conflicts: 0
Total number of colors used: 177
Total number of conflicts overall: 0
Number of rounds: 1
SUCCESS: No conflicts found
Number of reordered colors: 175
End position for large colors: 0, node count: 21552, largest: 21552
Node count cutoff: 4397
e_xx: 1.68846e+08, a2_x: -1.75496e+10, currMod: 0.981849
e_xx: 1.71564e+08, a2_x: 2.62263e+09, currMod: 0.997652
e_xx: 1.71612e+08, a2_x: -5.67238e+09, currMod: 0.997933
e_xx: 1.71658e+08, a2_x: -5.19121e+08, currMod: 0.998198
e_xx: 1.71738e+08, a2_x: -2.68578e+09, currMod: 0.998662
e_xx: 1.71753e+08, a2_x: -1.83303e+09, currMod: 0.998752
e_xx: 1.71791e+08, a2_x: 2.23202e+08, currMod: 0.998975
e_xx: 1.71903e+08, a2_x: -3.11005e+09, currMod: 0.999624
e_xx: 1.71861e+08, a2_x: -4.62543e+09, currMod: 0.999377
End Structure 120 21554 vs 21794
currMod: 0.999624, prevMod: 0.981121
numClusters: 21554
Total iteration time: 68.8237

Loop 0 <line-37> - Time 0.001428 Total energy consumed 0.039435 Ave. Power Level 27.609843
	-------- Loop 0 (sock 1 consumed 0.018045, avg temp 39.500000, final temp 40 ) ------
	-------- Loop 0 (sock 2 consumed 0.021390, avg temp 34.000000, final temp 34 ) ------
Loop 1 <line-54> - Time 0.000701 Total energy consumed 0.099030 Ave. Power Level 141.173552
	-------- Loop 1 (sock 1 consumed 0.077985, avg temp 40.000000, final temp 41 ) ------
	-------- Loop 1 (sock 2 consumed 0.021045, avg temp 34.000000, final temp 34 ) ------
Loop 2 <line-76> - Time 0.002599 Total energy consumed 0.134160 Ave. Power Level 51.612943
	-------- Loop 2 (sock 1 consumed 0.042090, avg temp 40.500000, final temp 41 ) ------
	-------- Loop 2 (sock 2 consumed 0.092070, avg temp 34.500000, final temp 34 ) ------
Loop 3 <line-170> - Time 1.739126 Total energy consumed 69.979725 Ave. Power Level 40.238449
	-------- Loop 3 (sock 1 consumed 35.302170, avg temp 40.000000, final temp 40 ) ------
	-------- Loop 3 (sock 2 consumed 34.677555, avg temp 34.666667, final temp 34 ) ------
Loop 4 <line-192> - Time 0.000466 Total energy consumed 0.000000 Ave. Power Level 0.000000
	-------- Loop 4 (sock 1 consumed 0.000000, avg temp 40.000000, final temp 40 ) ------
	-------- Loop 4 (sock 2 consumed 0.000000, avg temp 34.500000, final temp 34 ) ------
Loop 5 <line-222> - Time 0.645533 Total energy consumed 25.833420 Ave. Power Level 40.018746
	-------- Loop 5 (sock 1 consumed 12.175500, avg temp 40.000000, final temp 40 ) ------
	-------- Loop 5 (sock 2 consumed 13.657920, avg temp 33.500000, final temp 34 ) ------
Loop 6 <line-116> - Time 0.007525 Total energy consumed 0.320100 Ave. Power Level 42.535758
	-------- Loop 6 (sock 1 consumed 0.135945, avg temp 39.833333, final temp 40 ) ------
	-------- Loop 6 (sock 2 consumed 0.184155, avg temp 33.666667, final temp 33 ) ------
Loop 7 <line-334> - Time 1.335588 Total energy consumed 52.159140 Ave. Power Level 39.053318
	-------- Loop 7 (sock 1 consumed 27.309870, avg temp 40.142857, final temp 40 ) ------
	-------- Loop 7 (sock 2 consumed 24.849270, avg temp 34.000000, final temp 34 ) ------
Loop 8 <line-353> - Time 0.000667 Total energy consumed 0.038880 Ave. Power Level 58.308251
	-------- Loop 8 (sock 1 consumed 0.020340, avg temp 40.142857, final temp 40 ) ------
	-------- Loop 8 (sock 2 consumed 0.018540, avg temp 34.142857, final temp 34 ) ------
Loop 9 <line-375> - Time 0.002121 Total energy consumed 0.090120 Ave. Power Level 42.494902
	-------- Loop 9 (sock 1 consumed 0.047925, avg temp 40.142857, final temp 40 ) ------
	-------- Loop 9 (sock 2 consumed 0.042195, avg temp 34.142857, final temp 34 ) ------
Loop 10 <line-85> - Time 0.249412 Total energy consumed 10.271805 Ave. Power Level 41.184059
	-------- Loop 10 (sock 1 consumed 5.238345, avg temp 40.750000, final temp 41 ) ------
	-------- Loop 10 (sock 2 consumed 5.033460, avg temp 34.000000, final temp 34 ) ------
Loop 11 <line-131> - Time 0.020026 Total energy consumed 0.886260 Ave. Power Level 44.255384
	-------- Loop 11 (sock 1 consumed 0.450990, avg temp 41.000000, final temp 41 ) ------
	-------- Loop 11 (sock 2 consumed 0.435270, avg temp 33.500000, final temp 34 ) ------
Loop 12 <line-167> - Time 0.147010 Total energy consumed 6.100215 Ave. Power Level 41.495139
	-------- Loop 12 (sock 1 consumed 3.103335, avg temp 40.000000, final temp 40 ) ------
	-------- Loop 12 (sock 2 consumed 2.996880, avg temp 33.500000, final temp 34 ) ------
Loop 13 <line-213> - Time 31.462199 Total energy consumed 1329.075180 Ave. Power Level 42.243556
	-------- Loop 13 (sock 1 consumed 661.848510, avg temp 40.714286, final temp 40 ) ------
	-------- Loop 13 (sock 2 consumed 667.226670, avg temp 34.500000, final temp 34 ) ------
Loop 14 <line-99> - Time 10.953841 Total energy consumed 429.516060 Ave. Power Level 39.211457
	-------- Loop 14 (sock 1 consumed 206.938155, avg temp 39.666667, final temp 41 ) ------
	-------- Loop 14 (sock 2 consumed 222.577905, avg temp 34.166667, final temp 33 ) ------
Loop 15 <line-160> - Time 0.225731 Total energy consumed 9.083130 Ave. Power Level 40.238729
	-------- Loop 15 (sock 1 consumed 4.317000, avg temp 39.666667, final temp 41 ) ------
	-------- Loop 15 (sock 2 consumed 4.766130, avg temp 34.000000, final temp 33 ) ------
Loop 16 <line-269> - Time 14.480257 Total energy consumed 567.749580 Ave. Power Level 39.208530
	-------- Loop 16 (sock 1 consumed 278.459745, avg temp 40.157895, final temp 40 ) ------
	-------- Loop 16 (sock 2 consumed 289.289835, avg temp 34.657895, final temp 35 ) ------
Loop 17 <line-300> - Time 0.014833 Total energy consumed 0.754665 Ave. Power Level 50.876818
	-------- Loop 17 (sock 1 consumed 0.426045, avg temp 40.090909, final temp 40 ) ------
	-------- Loop 17 (sock 2 consumed 0.328620, avg temp 34.666667, final temp 35 ) ------
Loop 18 <line-148> - Time 0.001306 Total energy consumed 0.060630 Ave. Power Level 46.422810
	-------- Loop 18 (sock 1 consumed 0.018570, avg temp 40.000000, final temp 40 ) ------
	-------- Loop 18 (sock 2 consumed 0.042060, avg temp 34.000000, final temp 34 ) ------
Application(EnergyStat) - Time 88.171926 Total energy consumed 3555.068475 Ave. Power Level 40.319733 Final Temperature socket 1 : 41  socket 2 : 33 
	 ParallelApplication(EnergyStat) - Time 61.290371 Total energy consumed 2502.191535 Ave. Power Level 40.825198
Memory used: 1.32422
Loading 32-bit binary file: pnnl.bin, numvertices: 2361670, numEdges: 191402826
File read time: 2.65306
Before allocating graph
Allocated graph: 0x9af570
Processing edges for vertex: 0, range(0, 166)
Processing edges for vertex: 100000, range(58444108, 58444133)
Processing edges for vertex: 200000, range(84376057, 84376362)
Processing edges for vertex: 300000, range(106069163, 106069503)
Processing edges for vertex: 400000, range(122097114, 122097513)
Processing edges for vertex: 500000, range(135096418, 135096483)
Processing edges for vertex: 600000, range(146097008, 146097061)
Processing edges for vertex: 700000, range(155415410, 155415531)
Processing edges for vertex: 800000, range(162595900, 162595989)
Processing edges for vertex: 900000, range(168508374, 168508464)
Processing edges for vertex: 1000000, range(173203321, 173203442)
Processing edges for vertex: 1100000, range(176935100, 176935110)
Processing edges for vertex: 1200000, range(179876260, 179876270)
Processing edges for vertex: 1300000, range(182240081, 182240092)
Processing edges for vertex: 1400000, range(184224513, 184224521)
Processing edges for vertex: 1500000, range(185795161, 185795170)
Processing edges for vertex: 1600000, range(187104124, 187104130)
Processing edges for vertex: 1700000, range(188148455, 188148461)
Processing edges for vertex: 1800000, range(188997836, 188997842)
Processing edges for vertex: 1900000, range(189691532, 189691535)
Processing edges for vertex: 2000000, range(190254658, 190254660)
Processing edges for vertex: 2100000, range(190705814, 190705822)
Processing edges for vertex: 2200000, range(191052755, 191052764)
Processing edges for vertex: 2300000, range(191302662, 191302663)
Graph populate time: 13.9272
Total I/O time: 16.5803

Regional(EnergyStat) - Time 16.585512 Total energy consumed 653.245485 Ave. Power Level 39.386513 
Running on: 3 threads
Loaded graph from file: pnnl.bin
Memory used: 2949.12
Maximum degree for the graph: 5520
Iteration: 0, conflicts: 1
Iteration: 1, conflicts: 0
Total number of colors used: 1179
Total number of conflicts overall: 0
Number of rounds: 2
SUCCESS: No conflicts found
Coloring time: 2.45504
Memory used: 2949.12
Number of reordered colors: 1007
End position for large colors: 0, node count: 551495, largest: 551495
Node count cutoff: 472334
e_xx: 1.28367e+08, a2_x: 5.75601e+11, currMod: 0.670646
e_xx: 1.68157e+08, a2_x: 5.51976e+11, currMod: 0.878535
e_xx: 1.7384e+08, a2_x: 5.29718e+11, currMod: 0.908229
e_xx: 1.75929e+08, a2_x: 5.26317e+11, currMod: 0.919141
e_xx: 1.76999e+08, a2_x: 5.6224e+11, currMod: 0.924729
currMod: 0.919141, prevMod: -1
Louvain time: 43.2267
numClusters: 204730, time: 0.195042
Next phase: 2
Memory used: 2949.12
End Structure 1295284 204730 vs 2793402
Build next level time: 10.8551
Iteration time: 54.2836
Memory used: 2949.12
e_xx: 1.54198e+08, a2_x: 5.63434e+11, currMod: 0.914591
e_xx: 1.61774e+08, a2_x: 3.22874e+11, currMod: 0.959537
e_xx: 1.63205e+08, a2_x: 3.26185e+11, currMod: 0.968025
e_xx: 1.63621e+08, a2_x: 2.79371e+11, currMod: 0.97049
e_xx: 1.63694e+08, a2_x: 3.14414e+11, currMod: 0.970921
e_xx: 1.63829e+08, a2_x: 2.81837e+11, currMod: 0.971726
e_xx: 1.63804e+08, a2_x: 3.31469e+11, currMod: 0.971574
currMod: 0.971726, prevMod: 0.919141
Louvain time: 4.65127
numClusters: 56690, time: 0.029087
Next phase: 3
Memory used: 2949.12
End Structure 602366 56690 vs 1261412
Build next level time: 0.456301
Iteration time: 5.13837
Memory used: 2949.12
e_xx: 1.63829e+08, a2_x: 2.79729e+11, currMod: 0.971698
e_xx: 1.64883e+08, a2_x: 6.82099e+10, currMod: 0.977959
e_xx: 1.65026e+08, a2_x: 9.74801e+10, currMod: 0.978804
e_xx: 1.65077e+08, a2_x: 5.00175e+10, currMod: 0.97911
e_xx: 1.65068e+08, a2_x: 4.89085e+10, currMod: 0.979055
currMod: 0.97911, prevMod: 0.971726
Louvain time: 1.51393
numClusters: 26455, time: 0.009208
Next phase: 4
Memory used: 2949.12
End Structure 202890 26455 vs 432235
Build next level time: 0.161494
Iteration time: 1.68595
Memory used: 2949.12
e_xx: 1.65077e+08, a2_x: 5.23311e+10, currMod: 0.979095
e_xx: 1.65271e+08, a2_x: 9.67419e+09, currMod: 0.980242
e_xx: 1.65344e+08, a2_x: 6.74991e+09, currMod: 0.980679
e_xx: 1.653e+08, a2_x: 3.37701e+10, currMod: 0.980418
currMod: 0.980679, prevMod: 0.97911
Louvain time: 0.479635
numClusters: 22339, time: 0.005673
Next phase: 5
Memory used: 2949.12
End Structure 104329 22339 vs 230997
Build next level time: 0.059845
Iteration time: 0.546448
Memory used: 2949.12
e_xx: 1.65344e+08, a2_x: 3.26358e+09, currMod: 0.980676
e_xx: 1.6535e+08, a2_x: -2.16483e+09, currMod: 0.980712
e_xx: 1.65352e+08, a2_x: 9.69834e+09, currMod: 0.98072
e_xx: 1.65353e+08, a2_x: -1.90717e+10, currMod: 0.98073
e_xx: 1.65355e+08, a2_x: -7.42345e+09, currMod: 0.980739
e_xx: 1.65357e+08, a2_x: 2.64795e+07, currMod: 0.980754
e_xx: 1.65371e+08, a2_x: -1.14124e+10, currMod: 0.980835
e_xx: 1.6536e+08, a2_x: -4.36045e+09, currMod: 0.980773
currMod: 0.980835, prevMod: 0.980679
Louvain time: 0.485668
numClusters: 21918, time: 0.004943
Next phase: 6
Memory used: 2949.12
End Structure 53384 21918 vs 128686
Build next level time: 0.037173
Iteration time: 0.529076
Memory used: 2949.12
e_xx: 1.65371e+08, a2_x: -9.4268e+09, currMod: 0.980834
e_xx: 1.65371e+08, a2_x: -9.49595e+09, currMod: 0.980837
e_xx: 1.65371e+08, a2_x: -9.67042e+09, currMod: 0.980837
currMod: 0.980837, prevMod: 0.980835
Louvain time: 0.106297
numClusters: 21893, time: 0.00482
Next phase: 7
Memory used: 2949.12
End Structure 52258 21893 vs 126409
Build next level time: 0.027777
Iteration time: 0.140175
Memory used: 2949.12
e_xx: 1.65371e+08, a2_x: -9.22207e+09, currMod: 0.980837
e_xx: 1.65371e+08, a2_x: -9.01432e+09, currMod: 0.980837
currMod: 0.980837, prevMod: 0.980837
Louvain time: 0.072925
numClusters: 21893, time: 0.004853
Maximum degree for the graph: 396
Iteration: 0, conflicts: 0
Total number of colors used: 151
Total number of conflicts overall: 0
Number of rounds: 1
SUCCESS: No conflicts found
Number of reordered colors: 150
End position for large colors: 0, node count: 21524, largest: 21524
Node count cutoff: 4379
e_xx: 1.65371e+08, a2_x: -9.01432e+09, currMod: 0.980837
End Structure 52207 21892 vs 126306
currMod: 0.980837, prevMod: 0.980837
numClusters: 21892
Total iteration time: 62.3237

Loop 0 <line-37> - Time 0.001432 Total energy consumed 0.061395 Ave. Power Level 42.883246
	-------- Loop 0 (sock 1 consumed 0.018030, avg temp 40.500000, final temp 41 ) ------
	-------- Loop 0 (sock 2 consumed 0.043365, avg temp 35.000000, final temp 34 ) ------
Loop 1 <line-54> - Time 0.000697 Total energy consumed 0.000000 Ave. Power Level 0.000000
	-------- Loop 1 (sock 1 consumed 0.000000, avg temp 39.500000, final temp 40 ) ------
	-------- Loop 1 (sock 2 consumed 0.000000, avg temp 34.500000, final temp 34 ) ------
Loop 2 <line-76> - Time 0.002576 Total energy consumed 0.110850 Ave. Power Level 43.032701
	-------- Loop 2 (sock 1 consumed 0.040170, avg temp 39.500000, final temp 40 ) ------
	-------- Loop 2 (sock 2 consumed 0.070680, avg temp 34.500000, final temp 34 ) ------
Loop 3 <line-170> - Time 1.689031 Total energy consumed 68.022645 Ave. Power Level 40.273167
	-------- Loop 3 (sock 1 consumed 31.999515, avg temp 41.000000, final temp 41 ) ------
	-------- Loop 3 (sock 2 consumed 36.023130, avg temp 34.666667, final temp 34 ) ------
Loop 4 <line-192> - Time 0.000490 Total energy consumed 0.000000 Ave. Power Level 0.000000
	-------- Loop 4 (sock 1 consumed 0.000000, avg temp 41.000000, final temp 41 ) ------
	-------- Loop 4 (sock 2 consumed 0.000000, avg temp 34.500000, final temp 34 ) ------
Loop 5 <line-222> - Time 0.608703 Total energy consumed 24.371460 Ave. Power Level 40.038331
	-------- Loop 5 (sock 1 consumed 11.338245, avg temp 40.500000, final temp 41 ) ------
	-------- Loop 5 (sock 2 consumed 13.033215, avg temp 34.500000, final temp 34 ) ------
Loop 6 <line-116> - Time 0.008724 Total energy consumed 0.365505 Ave. Power Level 41.896987
	-------- Loop 6 (sock 1 consumed 0.155025, avg temp 40.428571, final temp 40 ) ------
	-------- Loop 6 (sock 2 consumed 0.210480, avg temp 34.142857, final temp 34 ) ------
Loop 7 <line-334> - Time 1.356231 Total energy consumed 53.023965 Ave. Power Level 39.096558
	-------- Loop 7 (sock 1 consumed 27.545835, avg temp 40.375000, final temp 41 ) ------
	-------- Loop 7 (sock 2 consumed 25.478130, avg temp 34.250000, final temp 35 ) ------
Loop 8 <line-353> - Time 0.000639 Total energy consumed 0.059700 Ave. Power Level 93.383826
	-------- Loop 8 (sock 1 consumed 0.040875, avg temp 40.375000, final temp 41 ) ------
	-------- Loop 8 (sock 2 consumed 0.018825, avg temp 34.375000, final temp 35 ) ------
Loop 9 <line-375> - Time 0.002097 Total energy consumed 0.045000 Ave. Power Level 21.459698
	-------- Loop 9 (sock 1 consumed 0.023940, avg temp 40.500000, final temp 41 ) ------
	-------- Loop 9 (sock 2 consumed 0.021060, avg temp 34.250000, final temp 35 ) ------
Loop 10 <line-85> - Time 0.240003 Total energy consumed 10.079025 Ave. Power Level 41.995443
	-------- Loop 10 (sock 1 consumed 5.134890, avg temp 41.000000, final temp 41 ) ------
	-------- Loop 10 (sock 2 consumed 4.944135, avg temp 34.250000, final temp 34 ) ------
Loop 11 <line-131> - Time 0.019729 Total energy consumed 0.843630 Ave. Power Level 42.760884
	-------- Loop 11 (sock 1 consumed 0.429765, avg temp 41.000000, final temp 41 ) ------
	-------- Loop 11 (sock 2 consumed 0.413865, avg temp 34.000000, final temp 34 ) ------
Loop 12 <line-167> - Time 0.184074 Total energy consumed 7.680135 Ave. Power Level 41.723053
	-------- Loop 12 (sock 1 consumed 3.908325, avg temp 41.000000, final temp 41 ) ------
	-------- Loop 12 (sock 2 consumed 3.771810, avg temp 33.500000, final temp 33 ) ------
Loop 13 <line-213> - Time 31.687062 Total energy consumed 1334.580735 Ave. Power Level 42.117528
	-------- Loop 13 (sock 1 consumed 671.660010, avg temp 41.166667, final temp 41 ) ------
	-------- Loop 13 (sock 2 consumed 662.920725, avg temp 34.333333, final temp 33 ) ------
Loop 14 <line-99> - Time 10.911336 Total energy consumed 431.122785 Ave. Power Level 39.511457
	-------- Loop 14 (sock 1 consumed 219.504600, avg temp 40.285714, final temp 41 ) ------
	-------- Loop 14 (sock 2 consumed 211.618185, avg temp 34.142857, final temp 33 ) ------
Loop 15 <line-160> - Time 0.271916 Total energy consumed 10.926945 Ave. Power Level 40.185047
	-------- Loop 15 (sock 1 consumed 5.272785, avg temp 40.714286, final temp 40 ) ------
	-------- Loop 15 (sock 2 consumed 5.654160, avg temp 33.857143, final temp 34 ) ------
Loop 16 <line-269> - Time 7.264694 Total energy consumed 283.068750 Ave. Power Level 38.964993
	-------- Loop 16 (sock 1 consumed 137.940435, avg temp 40.413793, final temp 41 ) ------
	-------- Loop 16 (sock 2 consumed 145.128315, avg temp 34.000000, final temp 33 ) ------
Loop 17 <line-300> - Time 0.005723 Total energy consumed 0.240945 Ave. Power Level 42.097625
	-------- Loop 17 (sock 1 consumed 0.092400, avg temp 40.304348, final temp 41 ) ------
	-------- Loop 17 (sock 2 consumed 0.148545, avg temp 34.173913, final temp 34 ) ------
Loop 18 <line-148> - Time 0.001290 Total energy consumed 0.065025 Ave. Power Level 50.388696
	-------- Loop 18 (sock 1 consumed 0.018960, avg temp 41.000000, final temp 41 ) ------
	-------- Loop 18 (sock 2 consumed 0.046065, avg temp 34.000000, final temp 34 ) ------
Application(EnergyStat) - Time 81.511539 Total energy consumed 3293.783925 Ave. Power Level 40.408805 Final Temperature socket 1 : 40  socket 2 : 34 
	 ParallelApplication(EnergyStat) - Time 54.256448 Total energy consumed 2224.668495 Ave. Power Level 41.002841
