Memory used: 1.32422
Loading 32-bit binary file: pnnl.bin, numvertices: 2361670, numEdges: 191402826
File read time: 1.69799
Before allocating graph
Allocated graph: 0x21c6570
Processing edges for vertex: 0, range(0, 166)
Processing edges for vertex: 100000, range(58444108, 58444133)
Processing edges for vertex: 200000, range(84376057, 84376362)
Processing edges for vertex: 300000, range(106069163, 106069503)
Processing edges for vertex: 400000, range(122097114, 122097513)
Processing edges for vertex: 500000, range(135096418, 135096483)
Processing edges for vertex: 600000, range(146097008, 146097061)
Processing edges for vertex: 700000, range(155415410, 155415531)
Processing edges for vertex: 800000, range(162595900, 162595989)
Processing edges for vertex: 900000, range(168508374, 168508464)
Processing edges for vertex: 1000000, range(173203321, 173203442)
Processing edges for vertex: 1100000, range(176935100, 176935110)
Processing edges for vertex: 1200000, range(179876260, 179876270)
Processing edges for vertex: 1300000, range(182240081, 182240092)
Processing edges for vertex: 1400000, range(184224513, 184224521)
Processing edges for vertex: 1500000, range(185795161, 185795170)
Processing edges for vertex: 1600000, range(187104124, 187104130)
Processing edges for vertex: 1700000, range(188148455, 188148461)
Processing edges for vertex: 1800000, range(188997836, 188997842)
Processing edges for vertex: 1900000, range(189691532, 189691535)
Processing edges for vertex: 2000000, range(190254658, 190254660)
Processing edges for vertex: 2100000, range(190705814, 190705822)
Processing edges for vertex: 2200000, range(191052755, 191052764)
Processing edges for vertex: 2300000, range(191302662, 191302663)
Graph populate time: 7.96248
Total I/O time: 9.66053

Regional(EnergyStat) - Time 9.664902 Total energy consumed 515.940405 Ave. Power Level 53.382891 
Running on: 13 threads
Loaded graph from file: pnnl.bin
Memory used: 2949.12
Maximum degree for the graph: 5520
Iteration: 0, conflicts: 17
Iteration: 1, conflicts: 3
Iteration: 2, conflicts: 1
Iteration: 3, conflicts: 0
Total number of colors used: 1188
Total number of conflicts overall: 0
Number of rounds: 4
SUCCESS: No conflicts found
Coloring time: 0.750609
Memory used: 2949.12
Number of reordered colors: 1015
End position for large colors: 0, node count: 550448, largest: 550448
Node count cutoff: 472334
e_xx: 1.21583e+08, a2_x: 6.06081e+11, currMod: 0.635202
e_xx: 1.64879e+08, a2_x: 5.59376e+11, currMod: 0.861409
e_xx: 1.72069e+08, a2_x: 5.37893e+11, currMod: 0.898975
e_xx: 1.74853e+08, a2_x: 5.29763e+11, currMod: 0.91352
e_xx: 1.76053e+08, a2_x: 5.34175e+11, currMod: 0.919791
currMod: 0.91352, prevMod: -1
Louvain time: 7.51613
numClusters: 203394, time: 0.109528
Next phase: 2
Memory used: 2949.12
End Structure 1284571 203394 vs 2770739
Build next level time: 3.43335
Iteration time: 11.0638
Memory used: 2949.12
e_xx: 1.57813e+08, a2_x: 5.35481e+11, currMod: 0.911377
e_xx: 1.66543e+08, a2_x: 3.1859e+11, currMod: 0.961804
e_xx: 1.68069e+08, a2_x: 2.7863e+11, currMod: 0.970616
e_xx: 1.68426e+08, a2_x: 3.05197e+11, currMod: 0.972682
e_xx: 1.68541e+08, a2_x: 3.08887e+11, currMod: 0.973343
e_xx: 1.68625e+08, a2_x: 3.02013e+11, currMod: 0.973826
e_xx: 1.68649e+08, a2_x: 3.07705e+11, currMod: 0.973969
e_xx: 1.6869e+08, a2_x: 3.05521e+11, currMod: 0.974206
e_xx: 1.68695e+08, a2_x: 3.00183e+11, currMod: 0.974231
e_xx: 1.6872e+08, a2_x: 2.99156e+11, currMod: 0.974379
e_xx: 1.68709e+08, a2_x: 2.95935e+11, currMod: 0.974312
currMod: 0.974379, prevMod: 0.91352
Louvain time: 2.22526
numClusters: 43598, time: 0.014701
Next phase: 3
Memory used: 2949.12
End Structure 378945 43598 vs 801486
Build next level time: 0.247057
Iteration time: 2.48768
Memory used: 2949.12
e_xx: 1.6872e+08, a2_x: 2.98294e+11, currMod: 0.974348
e_xx: 1.69621e+08, a2_x: 8.12645e+10, currMod: 0.979555
e_xx: 1.69757e+08, a2_x: 6.81029e+10, currMod: 0.980345
e_xx: 1.69782e+08, a2_x: 3.40741e+10, currMod: 0.98049
e_xx: 1.69787e+08, a2_x: 7.45259e+10, currMod: 0.980516
e_xx: 1.69785e+08, a2_x: 3.99099e+10, currMod: 0.980506
currMod: 0.980516, prevMod: 0.974379
Louvain time: 0.530009
numClusters: 24257, time: 0.004428
Next phase: 4
Memory used: 2949.12
End Structure 152649 24257 vs 329555
Build next level time: 0.055668
Iteration time: 0.590566
Memory used: 2949.12
e_xx: 1.69787e+08, a2_x: 7.49871e+10, currMod: 0.980508
e_xx: 1.69887e+08, a2_x: 3.40274e+10, currMod: 0.981087
e_xx: 1.6989e+08, a2_x: -1.36763e+10, currMod: 0.981107
e_xx: 1.69889e+08, a2_x: 1.22548e+10, currMod: 0.981102
currMod: 0.981107, prevMod: 0.980516
Louvain time: 0.18463
numClusters: 22249, time: 0.002982
Next phase: 5
Memory used: 2949.12
End Structure 92118 22249 vs 206485
Build next level time: 0.028359
Iteration time: 0.216239
Memory used: 2949.12
e_xx: 1.6989e+08, a2_x: -1.18211e+10, currMod: 0.981106
e_xx: 1.69892e+08, a2_x: -7.10157e+09, currMod: 0.981117
e_xx: 1.69897e+08, a2_x: -2.1897e+10, currMod: 0.981144
e_xx: 1.69893e+08, a2_x: -3.18682e+10, currMod: 0.981123
currMod: 0.981144, prevMod: 0.981107
Louvain time: 0.118036
numClusters: 22026, time: 0.002737
Next phase: 6
Memory used: 2949.12
End Structure 71686 22026 vs 165398
Build next level time: 0.021189
Iteration time: 0.142155
Memory used: 2949.12
e_xx: 1.69897e+08, a2_x: -2.12906e+10, currMod: 0.981144
e_xx: 1.69897e+08, a2_x: -1.46768e+10, currMod: 0.981147
e_xx: 1.69897e+08, a2_x: -2.03012e+10, currMod: 0.981145
currMod: 0.981147, prevMod: 0.981144
Louvain time: 0.071195
numClusters: 21999, time: 0.00273
Next phase: 7
Memory used: 2949.12
End Structure 67718 21999 vs 157435
Build next level time: 0.019617
Iteration time: 0.093728
Memory used: 2949.12
e_xx: 1.69897e+08, a2_x: -1.43303e+10, currMod: 0.981147
e_xx: 1.69897e+08, a2_x: -1.64803e+10, currMod: 0.981147
currMod: 0.981147, prevMod: 0.981147
Louvain time: 0.045427
numClusters: 21999, time: 0.002729
Maximum degree for the graph: 490
Iteration: 0, conflicts: 0
Total number of colors used: 164
Total number of conflicts overall: 0
Number of rounds: 1
SUCCESS: No conflicts found
Number of reordered colors: 161
End position for large colors: 0, node count: 21582, largest: 21582
Node count cutoff: 4400
e_xx: 1.69898e+08, a2_x: -2.39591e+10, currMod: 0.981151
e_xx: 1.69898e+08, a2_x: -2.41472e+10, currMod: 0.98115
End Structure 63508 21979 vs 148995
currMod: 0.981151, prevMod: 0.981147
numClusters: 21979
Total iteration time: 14.5942

Loop 0 <line-37> - Time 0.000725 Total energy consumed 0.083760 Ave. Power Level 115.465737
	-------- Loop 0 (sock 1 consumed 0.051300, avg temp 49.500000, final temp 50 ) ------
	-------- Loop 0 (sock 2 consumed 0.032460, avg temp 41.000000, final temp 42 ) ------
Loop 1 <line-54> - Time 0.000401 Total energy consumed 0.000000 Ave. Power Level 0.000000
	-------- Loop 1 (sock 1 consumed 0.000000, avg temp 49.500000, final temp 50 ) ------
	-------- Loop 1 (sock 2 consumed 0.000000, avg temp 41.000000, final temp 42 ) ------
Loop 2 <line-76> - Time 0.000374 Total energy consumed 0.000000 Ave. Power Level 0.000000
	-------- Loop 2 (sock 1 consumed 0.000000, avg temp 49.500000, final temp 50 ) ------
	-------- Loop 2 (sock 2 consumed 0.000000, avg temp 41.000000, final temp 42 ) ------
Loop 3 <line-170> - Time 0.485241 Total energy consumed 31.562640 Ave. Power Level 65.045288
	-------- Loop 3 (sock 1 consumed 13.617165, avg temp 49.200000, final temp 50 ) ------
	-------- Loop 3 (sock 2 consumed 17.945475, avg temp 43.400000, final temp 41 ) ------
Loop 4 <line-192> - Time 0.000255 Total energy consumed 0.000000 Ave. Power Level 0.000000
	-------- Loop 4 (sock 1 consumed 0.000000, avg temp 49.500000, final temp 50 ) ------
	-------- Loop 4 (sock 2 consumed 0.000000, avg temp 42.500000, final temp 41 ) ------
Loop 5 <line-222> - Time 0.174851 Total energy consumed 11.695785 Ave. Power Level 66.890092
	-------- Loop 5 (sock 1 consumed 7.077900, avg temp 49.500000, final temp 50 ) ------
	-------- Loop 5 (sock 2 consumed 4.617885, avg temp 41.000000, final temp 41 ) ------
Loop 6 <line-116> - Time 0.001793 Total energy consumed 0.109380 Ave. Power Level 61.018708
	-------- Loop 6 (sock 1 consumed 0.043770, avg temp 49.428571, final temp 50 ) ------
	-------- Loop 6 (sock 2 consumed 0.065610, avg temp 41.428571, final temp 42 ) ------
Loop 7 <line-334> - Time 0.383894 Total energy consumed 23.217555 Ave. Power Level 60.479071
	-------- Loop 7 (sock 1 consumed 9.764505, avg temp 49.375000, final temp 50 ) ------
	-------- Loop 7 (sock 2 consumed 13.453050, avg temp 41.625000, final temp 42 ) ------
Loop 8 <line-353> - Time 0.000439 Total energy consumed 0.052560 Ave. Power Level 119.848411
	-------- Loop 8 (sock 1 consumed 0.021510, avg temp 49.250000, final temp 50 ) ------
	-------- Loop 8 (sock 2 consumed 0.031050, avg temp 41.500000, final temp 42 ) ------
Loop 9 <line-375> - Time 0.000639 Total energy consumed 0.000000 Ave. Power Level 0.000000
	-------- Loop 9 (sock 1 consumed 0.000000, avg temp 49.250000, final temp 50 ) ------
	-------- Loop 9 (sock 2 consumed 0.000000, avg temp 41.625000, final temp 42 ) ------
Loop 10 <line-85> - Time 0.111496 Total energy consumed 11.920110 Ave. Power Level 106.910996
	-------- Loop 10 (sock 1 consumed 5.805495, avg temp 49.250000, final temp 49 ) ------
	-------- Loop 10 (sock 2 consumed 6.114615, avg temp 42.750000, final temp 43 ) ------
Loop 11 <line-131> - Time 0.002592 Total energy consumed 0.224670 Ave. Power Level 86.664098
	-------- Loop 11 (sock 1 consumed 0.108480, avg temp 49.500000, final temp 50 ) ------
	-------- Loop 11 (sock 2 consumed 0.116190, avg temp 42.500000, final temp 42 ) ------
Loop 12 <line-167> - Time 0.174910 Total energy consumed 18.822690 Ave. Power Level 107.613391
	-------- Loop 12 (sock 1 consumed 9.228735, avg temp 49.500000, final temp 49 ) ------
	-------- Loop 12 (sock 2 consumed 9.593955, avg temp 43.000000, final temp 43 ) ------
Loop 13 <line-213> - Time 4.275480 Total energy consumed 479.380245 Ave. Power Level 112.123131
	-------- Loop 13 (sock 1 consumed 234.894000, avg temp 51.142857, final temp 50 ) ------
	-------- Loop 13 (sock 2 consumed 244.486245, avg temp 45.142857, final temp 43 ) ------
Loop 14 <line-99> - Time 3.479785 Total energy consumed 233.790120 Ave. Power Level 67.185215
	-------- Loop 14 (sock 1 consumed 99.661905, avg temp 49.428571, final temp 50 ) ------
	-------- Loop 14 (sock 2 consumed 134.128215, avg temp 41.285714, final temp 42 ) ------
Loop 15 <line-160> - Time 0.092916 Total energy consumed 6.598005 Ave. Power Level 71.010310
	-------- Loop 15 (sock 1 consumed 3.147135, avg temp 49.714286, final temp 50 ) ------
	-------- Loop 15 (sock 2 consumed 3.450870, avg temp 42.000000, final temp 42 ) ------
Loop 16 <line-269> - Time 3.155882 Total energy consumed 184.294665 Ave. Power Level 58.397203
	-------- Loop 16 (sock 1 consumed 94.388595, avg temp 49.500000, final temp 50 ) ------
	-------- Loop 16 (sock 2 consumed 89.906070, avg temp 41.433333, final temp 41 ) ------
Loop 17 <line-300> - Time 0.001910 Total energy consumed 0.022605 Ave. Power Level 11.836944
	-------- Loop 17 (sock 1 consumed 0.000000, avg temp 49.500000, final temp 51 ) ------
	-------- Loop 17 (sock 2 consumed 0.022605, avg temp 41.458333, final temp 41 ) ------
Loop 18 <line-148> - Time 0.000426 Total energy consumed 0.099795 Ave. Power Level 234.491752
	-------- Loop 18 (sock 1 consumed 0.043425, avg temp 50.000000, final temp 50 ) ------
	-------- Loop 18 (sock 2 consumed 0.056370, avg temp 42.000000, final temp 42 ) ------
Application(EnergyStat) - Time 25.099144 Total energy consumed 1707.276840 Ave. Power Level 68.021317 Final Temperature socket 1 : 51  socket 2 : 42 
	 ParallelApplication(EnergyStat) - Time 12.344009 Total energy consumed 1001.874585 Ave. Power Level 81.162820
Memory used: 1.32031
Loading 32-bit binary file: pnnl.bin, numvertices: 2361670, numEdges: 191402826
File read time: 1.69453
Before allocating graph
Allocated graph: 0xd3d570
Processing edges for vertex: 0, range(0, 166)
Processing edges for vertex: 100000, range(58444108, 58444133)
Processing edges for vertex: 200000, range(84376057, 84376362)
Processing edges for vertex: 300000, range(106069163, 106069503)
Processing edges for vertex: 400000, range(122097114, 122097513)
Processing edges for vertex: 500000, range(135096418, 135096483)
Processing edges for vertex: 600000, range(146097008, 146097061)
Processing edges for vertex: 700000, range(155415410, 155415531)
Processing edges for vertex: 800000, range(162595900, 162595989)
Processing edges for vertex: 900000, range(168508374, 168508464)
Processing edges for vertex: 1000000, range(173203321, 173203442)
Processing edges for vertex: 1100000, range(176935100, 176935110)
Processing edges for vertex: 1200000, range(179876260, 179876270)
Processing edges for vertex: 1300000, range(182240081, 182240092)
Processing edges for vertex: 1400000, range(184224513, 184224521)
Processing edges for vertex: 1500000, range(185795161, 185795170)
Processing edges for vertex: 1600000, range(187104124, 187104130)
Processing edges for vertex: 1700000, range(188148455, 188148461)
Processing edges for vertex: 1800000, range(188997836, 188997842)
Processing edges for vertex: 1900000, range(189691532, 189691535)
Processing edges for vertex: 2000000, range(190254658, 190254660)
Processing edges for vertex: 2100000, range(190705814, 190705822)
Processing edges for vertex: 2200000, range(191052755, 191052764)
Processing edges for vertex: 2300000, range(191302662, 191302663)
Graph populate time: 8.05694
Total I/O time: 9.75152

Regional(EnergyStat) - Time 9.755652 Total energy consumed 523.386000 Ave. Power Level 53.649514 
Running on: 13 threads
Loaded graph from file: pnnl.bin
Memory used: 2949.12
Maximum degree for the graph: 5520
Iteration: 0, conflicts: 31
Iteration: 1, conflicts: 9
Iteration: 2, conflicts: 4
Iteration: 3, conflicts: 1
Iteration: 4, conflicts: 0
Total number of colors used: 1192
Total number of conflicts overall: 0
Number of rounds: 5
SUCCESS: No conflicts found
Coloring time: 0.810448
Memory used: 2949.12
Number of reordered colors: 1021
End position for large colors: 0, node count: 550578, largest: 550578
Node count cutoff: 472334
e_xx: 1.19969e+08, a2_x: 6.43154e+11, currMod: 0.626769
e_xx: 1.65298e+08, a2_x: 6.0912e+11, currMod: 0.863597
e_xx: 1.72524e+08, a2_x: 5.58767e+11, currMod: 0.901351
e_xx: 1.75279e+08, a2_x: 5.2511e+11, currMod: 0.915744
e_xx: 1.76667e+08, a2_x: 5.13648e+11, currMod: 0.922996
currMod: 0.915744, prevMod: -1
Louvain time: 9.25448
numClusters: 203466, time: 0.096119
Next phase: 2
Memory used: 2949.12
End Structure 1283289 203466 vs 2768164
Build next level time: 3.50258
Iteration time: 12.8577
Memory used: 2949.12
e_xx: 1.573e+08, a2_x: 5.13842e+11, currMod: 0.914365
e_xx: 1.65355e+08, a2_x: 2.79575e+11, currMod: 0.961196
e_xx: 1.66785e+08, a2_x: 3.1301e+11, currMod: 0.96951
e_xx: 1.67109e+08, a2_x: 2.82287e+11, currMod: 0.971391
e_xx: 1.67159e+08, a2_x: 3.27596e+11, currMod: 0.971685
e_xx: 1.67265e+08, a2_x: 2.92714e+11, currMod: 0.972297
e_xx: 1.6725e+08, a2_x: 3.20106e+11, currMod: 0.97221
currMod: 0.972297, prevMod: 0.915744
Louvain time: 1.74252
numClusters: 54935, time: 0.015406
Next phase: 3
Memory used: 2949.12
End Structure 562929 54935 vs 1180783
Build next level time: 0.196244
Iteration time: 1.95484
Memory used: 2949.12
e_xx: 1.67264e+08, a2_x: 2.92109e+11, currMod: 0.972271
e_xx: 1.68251e+08, a2_x: 7.51185e+10, currMod: 0.978011
e_xx: 1.68405e+08, a2_x: 5.62285e+10, currMod: 0.978912
e_xx: 1.68496e+08, a2_x: 5.84354e+10, currMod: 0.97944
e_xx: 1.68453e+08, a2_x: 3.97924e+10, currMod: 0.97919
currMod: 0.97944, prevMod: 0.972297
Louvain time: 0.686501
numClusters: 26185, time: 0.005087
Next phase: 4
Memory used: 2949.12
End Structure 194998 26185 vs 416181
Build next level time: 0.073281
Iteration time: 0.76531
Memory used: 2949.12
e_xx: 1.68496e+08, a2_x: 5.90738e+10, currMod: 0.979427
e_xx: 1.6877e+08, a2_x: 1.28929e+10, currMod: 0.981018
e_xx: 1.68743e+08, a2_x: 1.04894e+10, currMod: 0.980861
currMod: 0.981018, prevMod: 0.97944
Louvain time: 0.163422
numClusters: 22776, time: 0.003141
Next phase: 5
Memory used: 2949.12
End Structure 111461 22776 vs 245698
Build next level time: 0.04169
Iteration time: 0.208647
Memory used: 2949.12
e_xx: 1.6877e+08, a2_x: 1.29802e+10, currMod: 0.981016
e_xx: 1.68785e+08, a2_x: 2.21938e+10, currMod: 0.981105
e_xx: 1.68787e+08, a2_x: 1.72317e+10, currMod: 0.981117
e_xx: 1.68788e+08, a2_x: -1.19467e+10, currMod: 0.981124
e_xx: 1.68792e+08, a2_x: 3.99703e+10, currMod: 0.981144
e_xx: 1.6879e+08, a2_x: 2.19269e+10, currMod: 0.981135
currMod: 0.981144, prevMod: 0.981018
Louvain time: 0.200775
numClusters: 21953, time: 0.00283
Next phase: 6
Memory used: 2949.12
End Structure 59040 21953 vs 140033
Build next level time: 0.023049
Iteration time: 0.226902
Memory used: 2949.12
e_xx: 1.68792e+08, a2_x: 3.83065e+10, currMod: 0.981144
e_xx: 1.68793e+08, a2_x: 4.56235e+10, currMod: 0.981149
e_xx: 1.68793e+08, a2_x: 4.56235e+10, currMod: 0.981149
currMod: 0.981149, prevMod: 0.981144
Louvain time: 0.058094
numClusters: 21915, time: 0.002722
Next phase: 7
Memory used: 2949.12
End Structure 56730 21915 vs 135375
Build next level time: 0.017261
Iteration time: 0.078261
Memory used: 2949.12
e_xx: 1.68793e+08, a2_x: 4.5459e+10, currMod: 0.981149
e_xx: 1.68793e+08, a2_x: 4.5459e+10, currMod: 0.981149
currMod: 0.981149, prevMod: 0.981149
Louvain time: 0.037934
numClusters: 21915, time: 0.00271
Maximum degree for the graph: 409
Iteration: 0, conflicts: 0
Total number of colors used: 164
Total number of conflicts overall: 0
Number of rounds: 1
SUCCESS: No conflicts found
Number of reordered colors: 163
End position for large colors: 0, node count: 21545, largest: 21545
Node count cutoff: 4383
e_xx: 1.68793e+08, a2_x: 4.5459e+10, currMod: 0.981149
End Structure 56730 21915 vs 135375
currMod: 0.981149, prevMod: 0.981149
numClusters: 21915
Total iteration time: 16.0917

Loop 0 <line-37> - Time 0.000627 Total energy consumed 0.053895 Ave. Power Level 86.019086
	-------- Loop 0 (sock 1 consumed 0.021465, avg temp 48.500000, final temp 49 ) ------
	-------- Loop 0 (sock 2 consumed 0.032430, avg temp 41.500000, final temp 43 ) ------
Loop 1 <line-54> - Time 0.000391 Total energy consumed 0.000000 Ave. Power Level 0.000000
	-------- Loop 1 (sock 1 consumed 0.000000, avg temp 49.000000, final temp 49 ) ------
	-------- Loop 1 (sock 2 consumed 0.000000, avg temp 41.000000, final temp 42 ) ------
Loop 2 <line-76> - Time 0.000374 Total energy consumed 0.000000 Ave. Power Level 0.000000
	-------- Loop 2 (sock 1 consumed 0.000000, avg temp 49.000000, final temp 49 ) ------
	-------- Loop 2 (sock 2 consumed 0.000000, avg temp 41.000000, final temp 42 ) ------
Loop 3 <line-170> - Time 0.537362 Total energy consumed 36.016710 Ave. Power Level 67.025028
	-------- Loop 3 (sock 1 consumed 16.054185, avg temp 48.166667, final temp 49 ) ------
	-------- Loop 3 (sock 2 consumed 19.962525, avg temp 40.333333, final temp 42 ) ------
Loop 4 <line-192> - Time 0.000187 Total energy consumed 0.000000 Ave. Power Level 0.000000
	-------- Loop 4 (sock 1 consumed 0.000000, avg temp 48.500000, final temp 49 ) ------
	-------- Loop 4 (sock 2 consumed 0.000000, avg temp 41.000000, final temp 42 ) ------
Loop 5 <line-222> - Time 0.183412 Total energy consumed 12.653100 Ave. Power Level 68.987162
	-------- Loop 5 (sock 1 consumed 5.931075, avg temp 49.000000, final temp 49 ) ------
	-------- Loop 5 (sock 2 consumed 6.722025, avg temp 41.000000, final temp 42 ) ------
Loop 6 <line-116> - Time 0.001869 Total energy consumed 0.154845 Ave. Power Level 82.840917
	-------- Loop 6 (sock 1 consumed 0.098880, avg temp 49.000000, final temp 49 ) ------
	-------- Loop 6 (sock 2 consumed 0.055965, avg temp 41.428571, final temp 43 ) ------
Loop 7 <line-334> - Time 0.384649 Total energy consumed 23.152785 Ave. Power Level 60.191966
	-------- Loop 7 (sock 1 consumed 9.953010, avg temp 49.000000, final temp 49 ) ------
	-------- Loop 7 (sock 2 consumed 13.199775, avg temp 41.500000, final temp 42 ) ------
Loop 8 <line-353> - Time 0.000500 Total energy consumed 0.052440 Ave. Power Level 104.834711
	-------- Loop 8 (sock 1 consumed 0.021690, avg temp 48.875000, final temp 49 ) ------
	-------- Loop 8 (sock 2 consumed 0.030750, avg temp 41.375000, final temp 42 ) ------
Loop 9 <line-375> - Time 0.000654 Total energy consumed 0.053175 Ave. Power Level 81.339676
	-------- Loop 9 (sock 1 consumed 0.021450, avg temp 49.000000, final temp 49 ) ------
	-------- Loop 9 (sock 2 consumed 0.031725, avg temp 41.500000, final temp 42 ) ------
Loop 10 <line-85> - Time 0.113251 Total energy consumed 11.822145 Ave. Power Level 104.388699
	-------- Loop 10 (sock 1 consumed 5.758020, avg temp 49.500000, final temp 50 ) ------
	-------- Loop 10 (sock 2 consumed 6.064125, avg temp 42.250000, final temp 42 ) ------
Loop 11 <line-131> - Time 0.002612 Total energy consumed 0.389715 Ave. Power Level 149.186454
	-------- Loop 11 (sock 1 consumed 0.161175, avg temp 49.500000, final temp 50 ) ------
	-------- Loop 11 (sock 2 consumed 0.228540, avg temp 42.000000, final temp 42 ) ------
Loop 12 <line-167> - Time 0.177467 Total energy consumed 19.139445 Ave. Power Level 107.847980
	-------- Loop 12 (sock 1 consumed 9.352575, avg temp 49.500000, final temp 49 ) ------
	-------- Loop 12 (sock 2 consumed 9.786870, avg temp 43.000000, final temp 43 ) ------
Loop 13 <line-213> - Time 6.021499 Total energy consumed 612.129585 Ave. Power Level 101.657346
	-------- Loop 13 (sock 1 consumed 299.001855, avg temp 49.666667, final temp 49 ) ------
	-------- Loop 13 (sock 2 consumed 313.127730, avg temp 42.166667, final temp 43 ) ------
Loop 14 <line-99> - Time 3.527749 Total energy consumed 227.202420 Ave. Power Level 64.404356
	-------- Loop 14 (sock 1 consumed 93.316365, avg temp 49.000000, final temp 50 ) ------
	-------- Loop 14 (sock 2 consumed 133.886055, avg temp 41.285714, final temp 42 ) ------
Loop 15 <line-160> - Time 0.093267 Total energy consumed 6.880755 Ave. Power Level 73.774544
	-------- Loop 15 (sock 1 consumed 3.128385, avg temp 49.000000, final temp 49 ) ------
	-------- Loop 15 (sock 2 consumed 3.752370, avg temp 42.000000, final temp 43 ) ------
Loop 16 <line-269> - Time 2.870343 Total energy consumed 176.439120 Ave. Power Level 61.469707
	-------- Loop 16 (sock 1 consumed 86.037555, avg temp 49.000000, final temp 49 ) ------
	-------- Loop 16 (sock 2 consumed 90.401565, avg temp 41.615385, final temp 41 ) ------
Loop 17 <line-300> - Time 0.001408 Total energy consumed 0.158955 Ave. Power Level 112.891851
	-------- Loop 17 (sock 1 consumed 0.062640, avg temp 48.950000, final temp 49 ) ------
	-------- Loop 17 (sock 2 consumed 0.096315, avg temp 41.800000, final temp 40 ) ------
Loop 18 <line-148> - Time 0.000377 Total energy consumed 0.000000 Ave. Power Level 0.000000
	-------- Loop 18 (sock 1 consumed 0.000000, avg temp 49.000000, final temp 49 ) ------
	-------- Loop 18 (sock 2 consumed 0.000000, avg temp 43.000000, final temp 43 ) ------
Application(EnergyStat) - Time 26.736202 Total energy consumed 1840.888875 Ave. Power Level 68.853791 Final Temperature socket 1 : 49  socket 2 : 43 
	 ParallelApplication(EnergyStat) - Time 13.917999 Total energy consumed 1126.299090 Ave. Power Level 80.923922
Memory used: 1.32031
Loading 32-bit binary file: pnnl.bin, numvertices: 2361670, numEdges: 191402826
File read time: 1.7014
Before allocating graph
Allocated graph: 0x2002570
Processing edges for vertex: 0, range(0, 166)
Processing edges for vertex: 100000, range(58444108, 58444133)
Processing edges for vertex: 200000, range(84376057, 84376362)
Processing edges for vertex: 300000, range(106069163, 106069503)
Processing edges for vertex: 400000, range(122097114, 122097513)
Processing edges for vertex: 500000, range(135096418, 135096483)
Processing edges for vertex: 600000, range(146097008, 146097061)
Processing edges for vertex: 700000, range(155415410, 155415531)
Processing edges for vertex: 800000, range(162595900, 162595989)
Processing edges for vertex: 900000, range(168508374, 168508464)
Processing edges for vertex: 1000000, range(173203321, 173203442)
Processing edges for vertex: 1100000, range(176935100, 176935110)
Processing edges for vertex: 1200000, range(179876260, 179876270)
Processing edges for vertex: 1300000, range(182240081, 182240092)
Processing edges for vertex: 1400000, range(184224513, 184224521)
Processing edges for vertex: 1500000, range(185795161, 185795170)
Processing edges for vertex: 1600000, range(187104124, 187104130)
Processing edges for vertex: 1700000, range(188148455, 188148461)
Processing edges for vertex: 1800000, range(188997836, 188997842)
Processing edges for vertex: 1900000, range(189691532, 189691535)
Processing edges for vertex: 2000000, range(190254658, 190254660)
Processing edges for vertex: 2100000, range(190705814, 190705822)
Processing edges for vertex: 2200000, range(191052755, 191052764)
Processing edges for vertex: 2300000, range(191302662, 191302663)
Graph populate time: 7.92992
Total I/O time: 9.63137

Regional(EnergyStat) - Time 9.634915 Total energy consumed 515.670450 Ave. Power Level 53.521015 
Running on: 13 threads
Loaded graph from file: pnnl.bin
Memory used: 2949.12
Maximum degree for the graph: 5520
Iteration: 0, conflicts: 25
Iteration: 1, conflicts: 2
Iteration: 2, conflicts: 0
Total number of colors used: 1183
Total number of conflicts overall: 0
Number of rounds: 3
SUCCESS: No conflicts found
Coloring time: 0.701565
Memory used: 2949.12
Number of reordered colors: 997
End position for large colors: 0, node count: 550453, largest: 550453
Node count cutoff: 472334
e_xx: 1.28633e+08, a2_x: 6.09341e+11, currMod: 0.672035
e_xx: 1.68292e+08, a2_x: 6.08452e+11, currMod: 0.879237
e_xx: 1.74341e+08, a2_x: 5.68316e+11, currMod: 0.910842
e_xx: 1.76745e+08, a2_x: 4.88023e+11, currMod: 0.923406
e_xx: 1.78006e+08, a2_x: 5.02615e+11, currMod: 0.929994
currMod: 0.923406, prevMod: -1
Louvain time: 7.58968
numClusters: 200421, time: 0.096889
Next phase: 2
Memory used: 2949.12
End Structure 1181787 200421 vs 2562049
Build next level time: 7.74616
Iteration time: 15.4374
Memory used: 2949.12
e_xx: 1.55211e+08, a2_x: 5.02721e+11, currMod: 0.92057
e_xx: 1.62369e+08, a2_x: 3.30305e+11, currMod: 0.963036
e_xx: 1.63752e+08, a2_x: 2.69872e+11, currMod: 0.971239
e_xx: 1.64035e+08, a2_x: 2.48826e+11, currMod: 0.97292
e_xx: 1.64073e+08, a2_x: 2.74564e+11, currMod: 0.973144
e_xx: 1.64144e+08, a2_x: 2.54906e+11, currMod: 0.973567
e_xx: 1.64132e+08, a2_x: 2.68836e+11, currMod: 0.973491
currMod: 0.973567, prevMod: 0.923406
Louvain time: 1.4278
numClusters: 50661, time: 0.014262
Next phase: 3
Memory used: 2949.12
End Structure 467898 50661 vs 986442
Build next level time: 0.176335
Iteration time: 1.6193
Memory used: 2949.12
e_xx: 1.64144e+08, a2_x: 2.54624e+11, currMod: 0.973536
e_xx: 1.65025e+08, a2_x: 7.36554e+10, currMod: 0.978764
e_xx: 1.65049e+08, a2_x: 7.32607e+10, currMod: 0.978909
e_xx: 1.65176e+08, a2_x: 3.67311e+10, currMod: 0.979661
e_xx: 1.65074e+08, a2_x: 6.30786e+10, currMod: 0.979056
currMod: 0.979661, prevMod: 0.973567
Louvain time: 0.506601
numClusters: 25298, time: 0.004755
Next phase: 4
Memory used: 2949.12
End Structure 170504 25298 vs 366305
Build next level time: 0.066123
Iteration time: 0.578024
Memory used: 2949.12
e_xx: 1.65176e+08, a2_x: 3.52007e+10, currMod: 0.979648
e_xx: 1.65336e+08, a2_x: 3.77763e+09, currMod: 0.980601
e_xx: 1.65365e+08, a2_x: 2.41788e+10, currMod: 0.98077
e_xx: 1.65364e+08, a2_x: 1.15927e+10, currMod: 0.980768
currMod: 0.98077, prevMod: 0.979661
Louvain time: 0.198358
numClusters: 22273, time: 0.003103
Next phase: 5
Memory used: 2949.12
End Structure 98575 22273 vs 219423
Build next level time: 0.030432
Iteration time: 0.232341
Memory used: 2949.12
e_xx: 1.65365e+08, a2_x: 2.35359e+10, currMod: 0.980768
e_xx: 1.65368e+08, a2_x: 6.79311e+09, currMod: 0.980791
e_xx: 1.65368e+08, a2_x: 1.38533e+10, currMod: 0.98079
currMod: 0.980791, prevMod: 0.98077
Louvain time: 0.097454
numClusters: 22070, time: 0.00276
Next phase: 6
Memory used: 2949.12
End Structure 89345 22070 vs 200760
Build next level time: 0.023627
Iteration time: 0.124158
Memory used: 2949.12
e_xx: 1.65368e+08, a2_x: 7.75224e+09, currMod: 0.980791
e_xx: 1.65369e+08, a2_x: 2.29908e+10, currMod: 0.980793
e_xx: 1.65369e+08, a2_x: 2.53572e+10, currMod: 0.980795
e_xx: 1.65369e+08, a2_x: 1.75724e+10, currMod: 0.980794
currMod: 0.980795, prevMod: 0.980791
Louvain time: 0.117892
numClusters: 22025, time: 0.002756
Next phase: 7
Memory used: 2949.12
End Structure 85503 22025 vs 193031
Build next level time: 0.022673
Iteration time: 0.143541
Memory used: 2949.12
e_xx: 1.65369e+08, a2_x: 2.59053e+10, currMod: 0.980794
e_xx: 1.65369e+08, a2_x: 2.62952e+10, currMod: 0.980794
currMod: 0.980795, prevMod: 0.980795
Louvain time: 0.056413
numClusters: 22025, time: 0.002737
Maximum degree for the graph: 512
Iteration: 0, conflicts: 0
Total number of colors used: 176
Total number of conflicts overall: 0
Number of rounds: 1
SUCCESS: No conflicts found
Number of reordered colors: 175
End position for large colors: 0, node count: 21561, largest: 21561
Node count cutoff: 4405
e_xx: 1.6537e+08, a2_x: 2.35433e+10, currMod: 0.980799
e_xx: 1.6537e+08, a2_x: 2.43042e+10, currMod: 0.980799
End Structure 78015 21991 vs 178021
currMod: 0.980799, prevMod: 0.980795
numClusters: 21991
Total iteration time: 18.1348

Loop 0 <line-37> - Time 0.000678 Total energy consumed 0.054060 Ave. Power Level 79.717112
	-------- Loop 0 (sock 1 consumed 0.031380, avg temp 49.500000, final temp 49 ) ------
	-------- Loop 0 (sock 2 consumed 0.022680, avg temp 40.500000, final temp 41 ) ------
Loop 1 <line-54> - Time 0.000411 Total energy consumed 0.080505 Ave. Power Level 195.991314
	-------- Loop 1 (sock 1 consumed 0.030870, avg temp 50.000000, final temp 49 ) ------
	-------- Loop 1 (sock 2 consumed 0.049635, avg temp 40.500000, final temp 41 ) ------
Loop 2 <line-76> - Time 0.000416 Total energy consumed 0.000000 Ave. Power Level 0.000000
	-------- Loop 2 (sock 1 consumed 0.000000, avg temp 50.000000, final temp 49 ) ------
	-------- Loop 2 (sock 2 consumed 0.000000, avg temp 40.500000, final temp 41 ) ------
Loop 3 <line-170> - Time 0.443286 Total energy consumed 30.589620 Ave. Power Level 69.006441
	-------- Loop 3 (sock 1 consumed 18.007935, avg temp 49.000000, final temp 49 ) ------
	-------- Loop 3 (sock 2 consumed 12.581685, avg temp 41.000000, final temp 41 ) ------
Loop 4 <line-192> - Time 0.000167 Total energy consumed 0.000000 Ave. Power Level 0.000000
	-------- Loop 4 (sock 1 consumed 0.000000, avg temp 49.000000, final temp 49 ) ------
	-------- Loop 4 (sock 2 consumed 0.000000, avg temp 41.000000, final temp 41 ) ------
Loop 5 <line-222> - Time 0.168309 Total energy consumed 11.680890 Ave. Power Level 69.401655
	-------- Loop 5 (sock 1 consumed 6.373845, avg temp 49.000000, final temp 49 ) ------
	-------- Loop 5 (sock 2 consumed 5.307045, avg temp 40.500000, final temp 41 ) ------
Loop 6 <line-116> - Time 0.002427 Total energy consumed 0.272550 Ave. Power Level 112.321257
	-------- Loop 6 (sock 1 consumed 0.123705, avg temp 49.000000, final temp 49 ) ------
	-------- Loop 6 (sock 2 consumed 0.148845, avg temp 40.857143, final temp 41 ) ------
Loop 7 <line-334> - Time 0.375790 Total energy consumed 22.882290 Ave. Power Level 60.891185
	-------- Loop 7 (sock 1 consumed 13.183845, avg temp 49.125000, final temp 49 ) ------
	-------- Loop 7 (sock 2 consumed 9.698445, avg temp 41.125000, final temp 41 ) ------
Loop 8 <line-353> - Time 0.000551 Total energy consumed 0.073350 Ave. Power Level 133.112417
	-------- Loop 8 (sock 1 consumed 0.030270, avg temp 49.125000, final temp 49 ) ------
	-------- Loop 8 (sock 2 consumed 0.043080, avg temp 41.125000, final temp 41 ) ------
Loop 9 <line-375> - Time 0.000626 Total energy consumed 0.000000 Ave. Power Level 0.000000
	-------- Loop 9 (sock 1 consumed 0.000000, avg temp 49.125000, final temp 49 ) ------
	-------- Loop 9 (sock 2 consumed 0.000000, avg temp 41.125000, final temp 41 ) ------
Loop 10 <line-85> - Time 0.112763 Total energy consumed 12.135300 Ave. Power Level 107.618156
	-------- Loop 10 (sock 1 consumed 6.283035, avg temp 49.500000, final temp 49 ) ------
	-------- Loop 10 (sock 2 consumed 5.852265, avg temp 40.750000, final temp 41 ) ------
Loop 11 <line-131> - Time 0.002584 Total energy consumed 0.283605 Ave. Power Level 109.772949
	-------- Loop 11 (sock 1 consumed 0.175950, avg temp 49.000000, final temp 49 ) ------
	-------- Loop 11 (sock 2 consumed 0.107655, avg temp 40.500000, final temp 41 ) ------
Loop 12 <line-167> - Time 0.147665 Total energy consumed 16.309440 Ave. Power Level 110.449247
	-------- Loop 12 (sock 1 consumed 8.439165, avg temp 49.000000, final temp 48 ) ------
	-------- Loop 12 (sock 2 consumed 7.870275, avg temp 41.500000, final temp 42 ) ------
Loop 13 <line-213> - Time 4.344335 Total energy consumed 490.875510 Ave. Power Level 112.992097
	-------- Loop 13 (sock 1 consumed 256.811145, avg temp 50.571429, final temp 49 ) ------
	-------- Loop 13 (sock 2 consumed 234.064365, avg temp 42.142857, final temp 43 ) ------
Loop 14 <line-99> - Time 7.780534 Total energy consumed 523.275960 Ave. Power Level 67.254506
	-------- Loop 14 (sock 1 consumed 267.939660, avg temp 48.571429, final temp 48 ) ------
	-------- Loop 14 (sock 2 consumed 255.336300, avg temp 40.857143, final temp 41 ) ------
Loop 15 <line-160> - Time 0.082532 Total energy consumed 6.277845 Ave. Power Level 76.065308
	-------- Loop 15 (sock 1 consumed 2.897415, avg temp 49.142857, final temp 49 ) ------
	-------- Loop 15 (sock 2 consumed 3.380430, avg temp 41.428571, final temp 42 ) ------
Loop 16 <line-269> - Time 2.386084 Total energy consumed 138.884835 Ave. Power Level 58.206183
	-------- Loop 16 (sock 1 consumed 64.371090, avg temp 48.760000, final temp 49 ) ------
	-------- Loop 16 (sock 2 consumed 74.513745, avg temp 40.520000, final temp 40 ) ------
Loop 17 <line-300> - Time 0.001369 Total energy consumed 0.083535 Ave. Power Level 61.000367
	-------- Loop 17 (sock 1 consumed 0.021450, avg temp 48.894737, final temp 49 ) ------
	-------- Loop 17 (sock 2 consumed 0.062085, avg temp 40.684211, final temp 40 ) ------
Loop 18 <line-148> - Time 0.000468 Total energy consumed 0.127230 Ave. Power Level 272.044988
	-------- Loop 18 (sock 1 consumed 0.083655, avg temp 49.000000, final temp 49 ) ------
	-------- Loop 18 (sock 2 consumed 0.043575, avg temp 41.000000, final temp 41 ) ------
Application(EnergyStat) - Time 28.570186 Total energy consumed 1960.292820 Ave. Power Level 68.613233 Final Temperature socket 1 : 48  socket 2 : 41 
	 ParallelApplication(EnergyStat) - Time 15.850993 Total energy consumed 1253.886525 Ave. Power Level 79.104604
Memory used: 1.32031
Loading 32-bit binary file: pnnl.bin, numvertices: 2361670, numEdges: 191402826
File read time: 1.70555
Before allocating graph
Allocated graph: 0x819570
Processing edges for vertex: 0, range(0, 166)
Processing edges for vertex: 100000, range(58444108, 58444133)
Processing edges for vertex: 200000, range(84376057, 84376362)
Processing edges for vertex: 300000, range(106069163, 106069503)
Processing edges for vertex: 400000, range(122097114, 122097513)
Processing edges for vertex: 500000, range(135096418, 135096483)
Processing edges for vertex: 600000, range(146097008, 146097061)
Processing edges for vertex: 700000, range(155415410, 155415531)
Processing edges for vertex: 800000, range(162595900, 162595989)
Processing edges for vertex: 900000, range(168508374, 168508464)
Processing edges for vertex: 1000000, range(173203321, 173203442)
Processing edges for vertex: 1100000, range(176935100, 176935110)
Processing edges for vertex: 1200000, range(179876260, 179876270)
Processing edges for vertex: 1300000, range(182240081, 182240092)
Processing edges for vertex: 1400000, range(184224513, 184224521)
Processing edges for vertex: 1500000, range(185795161, 185795170)
Processing edges for vertex: 1600000, range(187104124, 187104130)
Processing edges for vertex: 1700000, range(188148455, 188148461)
Processing edges for vertex: 1800000, range(188997836, 188997842)
Processing edges for vertex: 1900000, range(189691532, 189691535)
Processing edges for vertex: 2000000, range(190254658, 190254660)
Processing edges for vertex: 2100000, range(190705814, 190705822)
Processing edges for vertex: 2200000, range(191052755, 191052764)
Processing edges for vertex: 2300000, range(191302662, 191302663)
Graph populate time: 8.01857
Total I/O time: 9.72416

Regional(EnergyStat) - Time 9.728335 Total energy consumed 518.337180 Ave. Power Level 53.281181 
Running on: 13 threads
Loaded graph from file: pnnl.bin
Memory used: 2949.12
Maximum degree for the graph: 5520
Iteration: 0, conflicts: 32
Iteration: 1, conflicts: 4
Iteration: 2, conflicts: 1
Iteration: 3, conflicts: 0
Total number of colors used: 1185
Total number of conflicts overall: 0
Number of rounds: 4
SUCCESS: No conflicts found
Coloring time: 0.73805
Memory used: 2949.12
Number of reordered colors: 986
End position for large colors: 0, node count: 550577, largest: 550577
Node count cutoff: 472334
e_xx: 1.19407e+08, a2_x: 6.07662e+11, currMod: 0.623836
e_xx: 1.63334e+08, a2_x: 5.35565e+11, currMod: 0.853337
e_xx: 1.70315e+08, a2_x: 5.39254e+11, currMod: 0.889809
e_xx: 1.7259e+08, a2_x: 4.89091e+11, currMod: 0.901696
e_xx: 1.73486e+08, a2_x: 4.92612e+11, currMod: 0.90638
currMod: 0.901696, prevMod: -1
Louvain time: 7.46907
numClusters: 200859, time: 0.10749
Next phase: 2
Memory used: 2949.12
End Structure 1199215 200859 vs 2597337
Build next level time: 3.76076
Iteration time: 11.3421
Memory used: 2949.12
e_xx: 1.67104e+08, a2_x: 4.92686e+11, currMod: 0.903181
e_xx: 1.78583e+08, a2_x: 3.13494e+11, currMod: 0.965233
e_xx: 1.79952e+08, a2_x: 2.73779e+11, currMod: 0.972632
e_xx: 1.80317e+08, a2_x: 2.25951e+11, currMod: 0.974607
e_xx: 1.80319e+08, a2_x: 2.49137e+11, currMod: 0.974619
e_xx: 1.80436e+08, a2_x: 2.15286e+11, currMod: 0.975251
e_xx: 1.80382e+08, a2_x: 2.54502e+11, currMod: 0.974955
currMod: 0.975251, prevMod: 0.901696
Louvain time: 1.46167
numClusters: 52413, time: 0.01528
Next phase: 3
Memory used: 2949.12
End Structure 504197 52413 vs 1060790
Build next level time: 0.181659
Iteration time: 1.65934
Memory used: 2949.12
e_xx: 1.80436e+08, a2_x: 2.11362e+11, currMod: 0.975232
e_xx: 1.81321e+08, a2_x: 9.07502e+10, currMod: 0.980017
e_xx: 1.81508e+08, a2_x: 4.32999e+10, currMod: 0.981034
e_xx: 1.8154e+08, a2_x: 2.80167e+10, currMod: 0.981205
e_xx: 1.81556e+08, a2_x: 5.89739e+10, currMod: 0.981292
e_xx: 1.81557e+08, a2_x: 1.68739e+10, currMod: 0.981295
e_xx: 1.8156e+08, a2_x: 5.21108e+10, currMod: 0.981312
e_xx: 1.81557e+08, a2_x: 2.07041e+10, currMod: 0.981299
currMod: 0.981312, prevMod: 0.975251
Louvain time: 0.796964
numClusters: 24849, time: 0.004674
Next phase: 4
Memory used: 2949.12
End Structure 168474 24849 vs 361797
Build next level time: 0.070074
Iteration time: 0.872179
Memory used: 2949.12
e_xx: 1.8156e+08, a2_x: 5.23717e+10, currMod: 0.9813
e_xx: 1.81769e+08, a2_x: 4.96191e+09, currMod: 0.982432
e_xx: 1.8182e+08, a2_x: -1.10869e+10, currMod: 0.98271
e_xx: 1.81821e+08, a2_x: -2.59342e+10, currMod: 0.982712
e_xx: 1.81822e+08, a2_x: 1.9764e+07, currMod: 0.982717
e_xx: 1.81821e+08, a2_x: -3.04419e+10, currMod: 0.982714
currMod: 0.982717, prevMod: 0.981312
Louvain time: 0.27804
numClusters: 22124, time: 0.003029
Next phase: 5
Memory used: 2949.12
End Structure 80730 22124 vs 183584
Build next level time: 0.030907
Iteration time: 0.312352
Memory used: 2949.12
e_xx: 1.81822e+08, a2_x: 8.56127e+08, currMod: 0.982715
e_xx: 1.81826e+08, a2_x: -5.73082e+09, currMod: 0.982737
e_xx: 1.81827e+08, a2_x: -2.11396e+08, currMod: 0.982743
e_xx: 1.81826e+08, a2_x: -3.90227e+09, currMod: 0.982737
currMod: 0.982743, prevMod: 0.982717
Louvain time: 0.100595
numClusters: 21955, time: 0.002725
Next phase: 6
Memory used: 2949.12
End Structure 66038 21955 vs 154031
Build next level time: 0.021781
Iteration time: 0.125325
Memory used: 2949.12
e_xx: 1.81827e+08, a2_x: -1.01742e+09, currMod: 0.982743
e_xx: 1.81828e+08, a2_x: -1.11697e+10, currMod: 0.982748
e_xx: 1.81828e+08, a2_x: -4.76031e+09, currMod: 0.982747
currMod: 0.982748, prevMod: 0.982743
Louvain time: 0.062883
numClusters: 21942, time: 0.002715
Next phase: 7
Memory used: 2949.12
End Structure 63933 21942 vs 149808
Build next level time: 0.021091
Iteration time: 0.086875
Memory used: 2949.12
e_xx: 1.81828e+08, a2_x: -1.0095e+10, currMod: 0.982748
e_xx: 1.81828e+08, a2_x: -1.0095e+10, currMod: 0.982748
currMod: 0.982748, prevMod: 0.982748
Louvain time: 0.040828
numClusters: 21942, time: 0.002706
Maximum degree for the graph: 437
Iteration: 0, conflicts: 0
Total number of colors used: 181
Total number of conflicts overall: 0
Number of rounds: 1
SUCCESS: No conflicts found
Number of reordered colors: 179
End position for large colors: 0, node count: 21555, largest: 21555
Node count cutoff: 4389
e_xx: 1.81828e+08, a2_x: -1.0095e+10, currMod: 0.982748
End Structure 63933 21942 vs 149808
currMod: 0.982748, prevMod: 0.982748
numClusters: 21942
Total iteration time: 14.3981

Loop 0 <line-37> - Time 0.000658 Total energy consumed 0.000000 Ave. Power Level 0.000000
	-------- Loop 0 (sock 1 consumed 0.000000, avg temp 49.000000, final temp 49 ) ------
	-------- Loop 0 (sock 2 consumed 0.000000, avg temp 40.000000, final temp 40 ) ------
Loop 1 <line-54> - Time 0.000374 Total energy consumed 0.000000 Ave. Power Level 0.000000
	-------- Loop 1 (sock 1 consumed 0.000000, avg temp 49.000000, final temp 49 ) ------
	-------- Loop 1 (sock 2 consumed 0.000000, avg temp 40.000000, final temp 40 ) ------
Loop 2 <line-76> - Time 0.000408 Total energy consumed 0.000000 Ave. Power Level 0.000000
	-------- Loop 2 (sock 1 consumed 0.000000, avg temp 49.000000, final temp 49 ) ------
	-------- Loop 2 (sock 2 consumed 0.000000, avg temp 40.000000, final temp 40 ) ------
Loop 3 <line-170> - Time 0.474829 Total energy consumed 32.258520 Ave. Power Level 67.937073
	-------- Loop 3 (sock 1 consumed 18.052035, avg temp 49.000000, final temp 49 ) ------
	-------- Loop 3 (sock 2 consumed 14.206485, avg temp 40.000000, final temp 40 ) ------
Loop 4 <line-192> - Time 0.000186 Total energy consumed 0.057060 Ave. Power Level 306.873185
	-------- Loop 4 (sock 1 consumed 0.033900, avg temp 49.000000, final temp 49 ) ------
	-------- Loop 4 (sock 2 consumed 0.023160, avg temp 40.000000, final temp 40 ) ------
Loop 5 <line-222> - Time 0.172614 Total energy consumed 11.797410 Ave. Power Level 68.345486
	-------- Loop 5 (sock 1 consumed 5.013825, avg temp 49.000000, final temp 49 ) ------
	-------- Loop 5 (sock 2 consumed 6.783585, avg temp 40.000000, final temp 40 ) ------
Loop 6 <line-116> - Time 0.001983 Total energy consumed 0.151170 Ave. Power Level 76.237209
	-------- Loop 6 (sock 1 consumed 0.061125, avg temp 49.285714, final temp 49 ) ------
	-------- Loop 6 (sock 2 consumed 0.090045, avg temp 40.571429, final temp 40 ) ------
Loop 7 <line-334> - Time 0.385526 Total energy consumed 23.375160 Ave. Power Level 60.631824
	-------- Loop 7 (sock 1 consumed 13.725150, avg temp 49.375000, final temp 49 ) ------
	-------- Loop 7 (sock 2 consumed 9.650010, avg temp 40.375000, final temp 40 ) ------
Loop 8 <line-353> - Time 0.000487 Total energy consumed 0.000000 Ave. Power Level 0.000000
	-------- Loop 8 (sock 1 consumed 0.000000, avg temp 49.375000, final temp 49 ) ------
	-------- Loop 8 (sock 2 consumed 0.000000, avg temp 40.375000, final temp 40 ) ------
Loop 9 <line-375> - Time 0.000658 Total energy consumed 0.000000 Ave. Power Level 0.000000
	-------- Loop 9 (sock 1 consumed 0.000000, avg temp 49.375000, final temp 49 ) ------
	-------- Loop 9 (sock 2 consumed 0.000000, avg temp 40.250000, final temp 40 ) ------
Loop 10 <line-85> - Time 0.110528 Total energy consumed 11.963700 Ave. Power Level 108.241060
	-------- Loop 10 (sock 1 consumed 6.135465, avg temp 49.000000, final temp 49 ) ------
	-------- Loop 10 (sock 2 consumed 5.828235, avg temp 40.250000, final temp 40 ) ------
Loop 11 <line-131> - Time 0.002578 Total energy consumed 0.283530 Ave. Power Level 109.960089
	-------- Loop 11 (sock 1 consumed 0.176025, avg temp 49.000000, final temp 49 ) ------
	-------- Loop 11 (sock 2 consumed 0.107505, avg temp 40.000000, final temp 40 ) ------
Loop 12 <line-167> - Time 0.122572 Total energy consumed 13.397250 Ave. Power Level 109.300943
	-------- Loop 12 (sock 1 consumed 6.968115, avg temp 50.000000, final temp 49 ) ------
	-------- Loop 12 (sock 2 consumed 6.429135, avg temp 40.000000, final temp 40 ) ------
Loop 13 <line-213> - Time 4.296222 Total energy consumed 487.950630 Ave. Power Level 113.576685
	-------- Loop 13 (sock 1 consumed 252.472245, avg temp 50.500000, final temp 49 ) ------
	-------- Loop 13 (sock 2 consumed 235.478385, avg temp 42.500000, final temp 41 ) ------
Loop 14 <line-99> - Time 3.745926 Total energy consumed 250.431240 Ave. Power Level 66.854296
	-------- Loop 14 (sock 1 consumed 135.952410, avg temp 49.142857, final temp 48 ) ------
	-------- Loop 14 (sock 2 consumed 114.478830, avg temp 40.714286, final temp 41 ) ------
Loop 15 <line-160> - Time 0.091512 Total energy consumed 6.897150 Ave. Power Level 75.368978
	-------- Loop 15 (sock 1 consumed 3.709815, avg temp 49.142857, final temp 49 ) ------
	-------- Loop 15 (sock 2 consumed 3.187335, avg temp 40.428571, final temp 41 ) ------
Loop 16 <line-269> - Time 2.722785 Total energy consumed 159.767340 Ave. Power Level 58.677922
	-------- Loop 16 (sock 1 consumed 77.811555, avg temp 49.133333, final temp 49 ) ------
	-------- Loop 16 (sock 2 consumed 81.955785, avg temp 40.333333, final temp 41 ) ------
Loop 17 <line-300> - Time 0.001425 Total energy consumed 0.021435 Ave. Power Level 15.040364
	-------- Loop 17 (sock 1 consumed 0.000000, avg temp 49.166667, final temp 49 ) ------
	-------- Loop 17 (sock 2 consumed 0.021435, avg temp 40.416667, final temp 41 ) ------
Loop 18 <line-148> - Time 0.000354 Total energy consumed 0.000000 Ave. Power Level 0.000000
	-------- Loop 18 (sock 1 consumed 0.000000, avg temp 49.000000, final temp 49 ) ------
	-------- Loop 18 (sock 2 consumed 0.000000, avg temp 40.000000, final temp 40 ) ------
Application(EnergyStat) - Time 24.946302 Total energy consumed 1708.146225 Ave. Power Level 68.472922 Final Temperature socket 1 : 49  socket 2 : 41 
	 ParallelApplication(EnergyStat) - Time 12.131625 Total energy consumed 998.351595 Ave. Power Level 82.293310
Memory used: 1.32031
Loading 32-bit binary file: pnnl.bin, numvertices: 2361670, numEdges: 191402826
File read time: 1.69308
Before allocating graph
Allocated graph: 0xfac570
Processing edges for vertex: 0, range(0, 166)
Processing edges for vertex: 100000, range(58444108, 58444133)
Processing edges for vertex: 200000, range(84376057, 84376362)
Processing edges for vertex: 300000, range(106069163, 106069503)
Processing edges for vertex: 400000, range(122097114, 122097513)
Processing edges for vertex: 500000, range(135096418, 135096483)
Processing edges for vertex: 600000, range(146097008, 146097061)
Processing edges for vertex: 700000, range(155415410, 155415531)
Processing edges for vertex: 800000, range(162595900, 162595989)
Processing edges for vertex: 900000, range(168508374, 168508464)
Processing edges for vertex: 1000000, range(173203321, 173203442)
Processing edges for vertex: 1100000, range(176935100, 176935110)
Processing edges for vertex: 1200000, range(179876260, 179876270)
Processing edges for vertex: 1300000, range(182240081, 182240092)
Processing edges for vertex: 1400000, range(184224513, 184224521)
Processing edges for vertex: 1500000, range(185795161, 185795170)
Processing edges for vertex: 1600000, range(187104124, 187104130)
Processing edges for vertex: 1700000, range(188148455, 188148461)
Processing edges for vertex: 1800000, range(188997836, 188997842)
Processing edges for vertex: 1900000, range(189691532, 189691535)
Processing edges for vertex: 2000000, range(190254658, 190254660)
Processing edges for vertex: 2100000, range(190705814, 190705822)
Processing edges for vertex: 2200000, range(191052755, 191052764)
Processing edges for vertex: 2300000, range(191302662, 191302663)
Graph populate time: 8.11301
Total I/O time: 9.80612

Regional(EnergyStat) - Time 9.809445 Total energy consumed 524.256210 Ave. Power Level 53.444024 
Running on: 13 threads
Loaded graph from file: pnnl.bin
Memory used: 2949.12
Maximum degree for the graph: 5520
Iteration: 0, conflicts: 19
Iteration: 1, conflicts: 2
Iteration: 2, conflicts: 1
Iteration: 3, conflicts: 0
Total number of colors used: 1184
Total number of conflicts overall: 0
Number of rounds: 4
SUCCESS: No conflicts found
Coloring time: 0.723921
Memory used: 2949.12
Number of reordered colors: 1028
End position for large colors: 0, node count: 550367, largest: 550367
Node count cutoff: 472334
e_xx: 1.23597e+08, a2_x: 5.56733e+11, currMod: 0.645726
e_xx: 1.66479e+08, a2_x: 5.90063e+11, currMod: 0.869765
e_xx: 1.72344e+08, a2_x: 5.39458e+11, currMod: 0.900412
e_xx: 1.74782e+08, a2_x: 5.03034e+11, currMod: 0.913152
e_xx: 1.76045e+08, a2_x: 4.82666e+11, currMod: 0.919748
currMod: 0.913152, prevMod: -1
Louvain time: 7.5717
numClusters: 203954, time: 0.109806
Next phase: 2
Memory used: 2949.12
End Structure 1298453 203954 vs 2799167
Build next level time: 3.90735
Iteration time: 11.5937
Memory used: 2949.12
e_xx: 1.57756e+08, a2_x: 4.83233e+11, currMod: 0.911304
e_xx: 1.66277e+08, a2_x: 3.14841e+11, currMod: 0.960532
e_xx: 1.67871e+08, a2_x: 2.81656e+11, currMod: 0.969741
e_xx: 1.68295e+08, a2_x: 2.35631e+11, currMod: 0.972194
e_xx: 1.68457e+08, a2_x: 2.69766e+11, currMod: 0.973128
e_xx: 1.6855e+08, a2_x: 2.42184e+11, currMod: 0.973666
e_xx: 1.68571e+08, a2_x: 2.63119e+11, currMod: 0.973784
e_xx: 1.68619e+08, a2_x: 2.22469e+11, currMod: 0.974065
e_xx: 1.6862e+08, a2_x: 2.59679e+11, currMod: 0.974067
e_xx: 1.68656e+08, a2_x: 2.35917e+11, currMod: 0.974278
e_xx: 1.68645e+08, a2_x: 2.63176e+11, currMod: 0.97421
currMod: 0.974278, prevMod: 0.913152
Louvain time: 2.43621
numClusters: 50769, time: 0.016137
Next phase: 3
Memory used: 2949.12
End Structure 490436 50769 vs 1031633
Build next level time: 0.200969
Iteration time: 2.65437
Memory used: 2949.12
e_xx: 1.68656e+08, a2_x: 2.36275e+11, currMod: 0.974253
e_xx: 1.69525e+08, a2_x: 8.91635e+10, currMod: 0.979277
e_xx: 1.69574e+08, a2_x: 9.03602e+10, currMod: 0.979558
e_xx: 1.69688e+08, a2_x: 6.9122e+10, currMod: 0.980222
e_xx: 1.69613e+08, a2_x: 1.23402e+11, currMod: 0.979786
currMod: 0.980222, prevMod: 0.974278
Louvain time: 0.528333
numClusters: 25581, time: 0.004881
Next phase: 4
Memory used: 2949.12
End Structure 170465 25581 vs 366510
Build next level time: 0.071217
Iteration time: 0.604963
Memory used: 2949.12
e_xx: 1.69688e+08, a2_x: 7.04187e+10, currMod: 0.980211
e_xx: 1.69871e+08, a2_x: 2.95874e+10, currMod: 0.981267
e_xx: 1.69893e+08, a2_x: 1.31263e+10, currMod: 0.981394
e_xx: 1.69893e+08, a2_x: 5.84976e+09, currMod: 0.981397
e_xx: 1.69895e+08, a2_x: 2.06059e+10, currMod: 0.981408
e_xx: 1.69894e+08, a2_x: 1.63894e+10, currMod: 0.981398
currMod: 0.981408, prevMod: 0.980222
Louvain time: 0.282907
numClusters: 22132, time: 0.00319
Next phase: 5
Memory used: 2949.12
End Structure 83632 22132 vs 189396
Build next level time: 0.029361
Iteration time: 0.315884
Memory used: 2949.12
e_xx: 1.69895e+08, a2_x: 1.74474e+10, currMod: 0.981406
e_xx: 1.69899e+08, a2_x: 2.58106e+10, currMod: 0.981425
e_xx: 1.69899e+08, a2_x: 2.06116e+10, currMod: 0.981425
currMod: 0.981425, prevMod: 0.981408
Louvain time: 0.082999
numClusters: 22004, time: 0.002801
Next phase: 6
Memory used: 2949.12
End Structure 76283 22004 vs 174570
Build next level time: 0.021705
Iteration time: 0.1078
Memory used: 2949.12
e_xx: 1.69899e+08, a2_x: 2.70223e+10, currMod: 0.981424
e_xx: 1.69899e+08, a2_x: 2.92488e+10, currMod: 0.981425
currMod: 0.981425, prevMod: 0.981425
Louvain time: 0.050343
numClusters: 22004, time: 0.0028
Maximum degree for the graph: 493
Iteration: 0, conflicts: 0
Total number of colors used: 177
Total number of conflicts overall: 0
Number of rounds: 1
SUCCESS: No conflicts found
Number of reordered colors: 175
End position for large colors: 0, node count: 21556, largest: 21556
Node count cutoff: 4401
e_xx: 1.69927e+08, a2_x: 1.72049e+10, currMod: 0.981586
e_xx: 1.6993e+08, a2_x: 1.96695e+10, currMod: 0.981604
e_xx: 1.7017e+08, a2_x: 8.18218e+09, currMod: 0.98299
e_xx: 1.70233e+08, a2_x: 1.22983e+10, currMod: 0.983357
e_xx: 1.70224e+08, a2_x: 2.11136e+10, currMod: 0.983303
End Structure 11355 21703 vs 44413
currMod: 0.983357, prevMod: 0.981425
numClusters: 21703
Total iteration time: 15.2767

Loop 0 <line-37> - Time 0.000655 Total energy consumed 0.035955 Ave. Power Level 54.875871
	-------- Loop 0 (sock 1 consumed 0.035955, avg temp 48.500000, final temp 49 ) ------
	-------- Loop 0 (sock 2 consumed 0.000000, avg temp 41.000000, final temp 41 ) ------
Loop 1 <line-54> - Time 0.000407 Total energy consumed 0.000000 Ave. Power Level 0.000000
	-------- Loop 1 (sock 1 consumed 0.000000, avg temp 48.500000, final temp 49 ) ------
	-------- Loop 1 (sock 2 consumed 0.000000, avg temp 40.000000, final temp 40 ) ------
Loop 2 <line-76> - Time 0.000418 Total energy consumed 0.000000 Ave. Power Level 0.000000
	-------- Loop 2 (sock 1 consumed 0.000000, avg temp 48.500000, final temp 49 ) ------
	-------- Loop 2 (sock 2 consumed 0.000000, avg temp 40.000000, final temp 40 ) ------
Loop 3 <line-170> - Time 0.437556 Total energy consumed 29.740920 Ave. Power Level 67.970489
	-------- Loop 3 (sock 1 consumed 12.506925, avg temp 49.000000, final temp 49 ) ------
	-------- Loop 3 (sock 2 consumed 17.233995, avg temp 40.000000, final temp 40 ) ------
Loop 4 <line-192> - Time 0.000227 Total energy consumed 0.000000 Ave. Power Level 0.000000
	-------- Loop 4 (sock 1 consumed 0.000000, avg temp 49.000000, final temp 49 ) ------
	-------- Loop 4 (sock 2 consumed 0.000000, avg temp 40.000000, final temp 40 ) ------
Loop 5 <line-222> - Time 0.194826 Total energy consumed 12.849495 Ave. Power Level 65.953636
	-------- Loop 5 (sock 1 consumed 7.411590, avg temp 49.000000, final temp 49 ) ------
	-------- Loop 5 (sock 2 consumed 5.437905, avg temp 40.000000, final temp 40 ) ------
Loop 6 <line-116> - Time 0.002218 Total energy consumed 0.155610 Ave. Power Level 70.149988
	-------- Loop 6 (sock 1 consumed 0.078570, avg temp 50.666667, final temp 51 ) ------
	-------- Loop 6 (sock 2 consumed 0.077040, avg temp 40.166667, final temp 40 ) ------
Loop 7 <line-334> - Time 0.376142 Total energy consumed 22.376700 Ave. Power Level 59.489959
	-------- Loop 7 (sock 1 consumed 8.716290, avg temp 50.285714, final temp 49 ) ------
	-------- Loop 7 (sock 2 consumed 13.660410, avg temp 40.142857, final temp 40 ) ------
Loop 8 <line-353> - Time 0.000491 Total energy consumed 0.000000 Ave. Power Level 0.000000
	-------- Loop 8 (sock 1 consumed 0.000000, avg temp 50.285714, final temp 49 ) ------
	-------- Loop 8 (sock 2 consumed 0.000000, avg temp 40.142857, final temp 40 ) ------
Loop 9 <line-375> - Time 0.000640 Total energy consumed 0.000000 Ave. Power Level 0.000000
	-------- Loop 9 (sock 1 consumed 0.000000, avg temp 50.285714, final temp 49 ) ------
	-------- Loop 9 (sock 2 consumed 0.000000, avg temp 40.142857, final temp 40 ) ------
Loop 10 <line-85> - Time 0.116013 Total energy consumed 12.082590 Ave. Power Level 104.148432
	-------- Loop 10 (sock 1 consumed 5.901795, avg temp 49.250000, final temp 50 ) ------
	-------- Loop 10 (sock 2 consumed 6.180795, avg temp 41.000000, final temp 40 ) ------
Loop 11 <line-131> - Time 0.002589 Total energy consumed 0.441885 Ave. Power Level 170.664552
	-------- Loop 11 (sock 1 consumed 0.216570, avg temp 49.500000, final temp 50 ) ------
	-------- Loop 11 (sock 2 consumed 0.225315, avg temp 41.500000, final temp 40 ) ------
Loop 12 <line-167> - Time 0.148892 Total energy consumed 16.074135 Ave. Power Level 107.958429
	-------- Loop 12 (sock 1 consumed 7.855155, avg temp 49.500000, final temp 49 ) ------
	-------- Loop 12 (sock 2 consumed 8.218980, avg temp 41.000000, final temp 40 ) ------
Loop 13 <line-213> - Time 4.369095 Total energy consumed 483.811605 Ave. Power Level 110.734966
	-------- Loop 13 (sock 1 consumed 234.380220, avg temp 50.100000, final temp 50 ) ------
	-------- Loop 13 (sock 2 consumed 249.431385, avg temp 43.100000, final temp 41 ) ------
Loop 14 <line-99> - Time 3.900321 Total energy consumed 250.474380 Ave. Power Level 64.218917
	-------- Loop 14 (sock 1 consumed 116.887890, avg temp 50.666667, final temp 50 ) ------
	-------- Loop 14 (sock 2 consumed 133.586490, avg temp 40.333333, final temp 41 ) ------
Loop 15 <line-160> - Time 0.090399 Total energy consumed 6.498405 Ave. Power Level 71.885506
	-------- Loop 15 (sock 1 consumed 3.318285, avg temp 49.833333, final temp 50 ) ------
	-------- Loop 15 (sock 2 consumed 3.180120, avg temp 40.166667, final temp 40 ) ------
Loop 16 <line-269> - Time 3.361620 Total energy consumed 193.962690 Ave. Power Level 57.699165
	-------- Loop 16 (sock 1 consumed 99.365415, avg temp 49.481481, final temp 48 ) ------
	-------- Loop 16 (sock 2 consumed 94.597275, avg temp 40.259259, final temp 41 ) ------
Loop 17 <line-300> - Time 0.002102 Total energy consumed 0.205215 Ave. Power Level 97.637042
	-------- Loop 17 (sock 1 consumed 0.120090, avg temp 49.772727, final temp 49 ) ------
	-------- Loop 17 (sock 2 consumed 0.085125, avg temp 40.227273, final temp 41 ) ------
Loop 18 <line-148> - Time 0.000463 Total energy consumed 0.000000 Ave. Power Level 0.000000
	-------- Loop 18 (sock 1 consumed 0.000000, avg temp 49.000000, final temp 49 ) ------
	-------- Loop 18 (sock 2 consumed 0.000000, avg temp 41.000000, final temp 41 ) ------
Application(EnergyStat) - Time 25.903886 Total energy consumed 1742.053485 Ave. Power Level 67.250663 Final Temperature socket 1 : 50  socket 2 : 41 
	 ParallelApplication(EnergyStat) - Time 13.005075 Total energy consumed 1028.709585 Ave. Power Level 79.100625
