Memory used: 1.32422
Loading 32-bit binary file: pnnl.bin, numvertices: 2361670, numEdges: 191402826
File read time: 2.68359
Before allocating graph
Allocated graph: 0x111e570
Processing edges for vertex: 0, range(0, 166)
Processing edges for vertex: 100000, range(58444108, 58444133)
Processing edges for vertex: 200000, range(84376057, 84376362)
Processing edges for vertex: 300000, range(106069163, 106069503)
Processing edges for vertex: 400000, range(122097114, 122097513)
Processing edges for vertex: 500000, range(135096418, 135096483)
Processing edges for vertex: 600000, range(146097008, 146097061)
Processing edges for vertex: 700000, range(155415410, 155415531)
Processing edges for vertex: 800000, range(162595900, 162595989)
Processing edges for vertex: 900000, range(168508374, 168508464)
Processing edges for vertex: 1000000, range(173203321, 173203442)
Processing edges for vertex: 1100000, range(176935100, 176935110)
Processing edges for vertex: 1200000, range(179876260, 179876270)
Processing edges for vertex: 1300000, range(182240081, 182240092)
Processing edges for vertex: 1400000, range(184224513, 184224521)
Processing edges for vertex: 1500000, range(185795161, 185795170)
Processing edges for vertex: 1600000, range(187104124, 187104130)
Processing edges for vertex: 1700000, range(188148455, 188148461)
Processing edges for vertex: 1800000, range(188997836, 188997842)
Processing edges for vertex: 1900000, range(189691532, 189691535)
Processing edges for vertex: 2000000, range(190254658, 190254660)
Processing edges for vertex: 2100000, range(190705814, 190705822)
Processing edges for vertex: 2200000, range(191052755, 191052764)
Processing edges for vertex: 2300000, range(191302662, 191302663)
Graph populate time: 13.9838
Total I/O time: 16.6675

Regional(EnergyStat) - Time 16.673206 Total energy consumed 656.038245 Ave. Power Level 39.346856 
Running on: 2 threads
Loaded graph from file: pnnl.bin
Memory used: 2949.12
Maximum degree for the graph: 5520
Iteration: 0, conflicts: 0
Total number of colors used: 1183
Total number of conflicts overall: 0
Number of rounds: 1
SUCCESS: No conflicts found
Coloring time: 2.93851
Memory used: 2949.12
Number of reordered colors: 1021
End position for large colors: 0, node count: 552384, largest: 552384
Node count cutoff: 472334
e_xx: 1.2915e+08, a2_x: 5.86281e+11, currMod: 0.67474
e_xx: 1.68046e+08, a2_x: 5.62711e+11, currMod: 0.877953
e_xx: 1.73866e+08, a2_x: 5.35042e+11, currMod: 0.908365
e_xx: 1.76004e+08, a2_x: 4.99948e+11, currMod: 0.919533
e_xx: 1.76987e+08, a2_x: 5.26627e+11, currMod: 0.924669
currMod: 0.919533, prevMod: -1
Louvain time: 57.7791
numClusters: 205258, time: 0.171798
Next phase: 2
Memory used: 2949.12
End Structure 1319036 205258 vs 2841610
Build next level time: 13.1315
Iteration time: 71.0906
Memory used: 2949.12
e_xx: 1.54196e+08, a2_x: 5.27044e+11, currMod: 0.914528
e_xx: 1.61654e+08, a2_x: 2.88053e+11, currMod: 0.958767
e_xx: 1.63035e+08, a2_x: 3.08543e+11, currMod: 0.96696
e_xx: 1.6337e+08, a2_x: 2.43302e+11, currMod: 0.96895
e_xx: 1.63475e+08, a2_x: 2.93086e+11, currMod: 0.969571
e_xx: 1.63547e+08, a2_x: 2.68224e+11, currMod: 0.969999
e_xx: 1.63569e+08, a2_x: 3.10571e+11, currMod: 0.970124
e_xx: 1.63604e+08, a2_x: 2.87541e+11, currMod: 0.970334
e_xx: 1.63608e+08, a2_x: 3.0719e+11, currMod: 0.970355
e_xx: 1.63628e+08, a2_x: 2.84206e+11, currMod: 0.970477
e_xx: 1.63626e+08, a2_x: 2.98618e+11, currMod: 0.970464
currMod: 0.970477, prevMod: 0.919533
Louvain time: 7.56675
numClusters: 50079, time: 0.026038
Next phase: 3
Memory used: 2949.12
End Structure 494014 50079 vs 1038103
Build next level time: 0.413168
Iteration time: 8.00786
Memory used: 2949.12
e_xx: 1.63628e+08, a2_x: 2.84319e+11, currMod: 0.970444
e_xx: 1.65018e+08, a2_x: 1.20588e+11, currMod: 0.978693
e_xx: 1.65059e+08, a2_x: 1.17239e+11, currMod: 0.978935
e_xx: 1.65178e+08, a2_x: 8.6023e+10, currMod: 0.979643
e_xx: 1.65092e+08, a2_x: 1.16207e+11, currMod: 0.979134
currMod: 0.979643, prevMod: 0.970477
Louvain time: 1.32899
numClusters: 25508, time: 0.008495
Next phase: 4
Memory used: 2949.12
End Structure 179385 25508 vs 384277
Build next level time: 0.122034
Iteration time: 1.46147
Memory used: 2949.12
e_xx: 1.65178e+08, a2_x: 8.77207e+10, currMod: 0.979632
e_xx: 1.654e+08, a2_x: 3.3973e+10, currMod: 0.980949
e_xx: 1.65418e+08, a2_x: 1.24683e+10, currMod: 0.981062
e_xx: 1.6542e+08, a2_x: 3.40206e+09, currMod: 0.981069
e_xx: 1.6542e+08, a2_x: 3.07549e+10, currMod: 0.981072
e_xx: 1.65421e+08, a2_x: 5.73254e+09, currMod: 0.981075
e_xx: 1.6542e+08, a2_x: 2.25442e+10, currMod: 0.981073
currMod: 0.981075, prevMod: 0.979643
Louvain time: 0.712728
numClusters: 22149, time: 0.005499
Next phase: 5
Memory used: 2949.12
End Structure 87938 22149 vs 198025
Build next level time: 0.051527
Iteration time: 0.771645
Memory used: 2949.12
e_xx: 1.65421e+08, a2_x: 5.13269e+09, currMod: 0.981073
e_xx: 1.65424e+08, a2_x: -1.31899e+10, currMod: 0.981094
e_xx: 1.65424e+08, a2_x: -1.65958e+10, currMod: 0.981093
currMod: 0.981094, prevMod: 0.981075
Louvain time: 0.166926
numClusters: 22022, time: 0.0049
Next phase: 6
Memory used: 2949.12
End Structure 80010 22022 vs 182042
Build next level time: 0.039026
Iteration time: 0.212737
Memory used: 2949.12
e_xx: 1.65424e+08, a2_x: -1.31899e+10, currMod: 0.981094
e_xx: 1.65424e+08, a2_x: -1.50961e+10, currMod: 0.981094
currMod: 0.981094, prevMod: 0.981094
Louvain time: 0.102608
numClusters: 22022, time: 0.004857
Maximum degree for the graph: 512
Iteration: 0, conflicts: 0
Total number of colors used: 176
Total number of conflicts overall: 0
Number of rounds: 1
SUCCESS: No conflicts found
Number of reordered colors: 168
End position for large colors: 0, node count: 21560, largest: 21560
Node count cutoff: 4405
e_xx: 1.65428e+08, a2_x: -1.11618e+10, currMod: 0.981115
e_xx: 1.65614e+08, a2_x: -1.36905e+10, currMod: 0.98222
e_xx: 1.65621e+08, a2_x: -1.21752e+10, currMod: 0.98226
e_xx: 1.66071e+08, a2_x: -8.33943e+09, currMod: 0.984929
e_xx: 1.66798e+08, a2_x: -9.69727e+09, currMod: 0.989244
e_xx: 1.68178e+08, a2_x: -2.06552e+09, currMod: 0.997426
e_xx: 1.68123e+08, a2_x: -1.5014e+08, currMod: 0.997099
End Structure 1394 21606 vs 24394
currMod: 0.997426, prevMod: 0.981094
numClusters: 21606
Total iteration time: 81.5443

Loop 0 <line-37> - Time 0.002043 Total energy consumed 0.059850 Ave. Power Level 29.294638
	-------- Loop 0 (sock 1 consumed 0.021210, avg temp 40.500000, final temp 40 ) ------
	-------- Loop 0 (sock 2 consumed 0.038640, avg temp 34.000000, final temp 33 ) ------
Loop 1 <line-54> - Time 0.000973 Total energy consumed 0.000000 Ave. Power Level 0.000000
	-------- Loop 1 (sock 1 consumed 0.000000, avg temp 40.000000, final temp 40 ) ------
	-------- Loop 1 (sock 2 consumed 0.000000, avg temp 34.000000, final temp 35 ) ------
Loop 2 <line-76> - Time 0.003862 Total energy consumed 0.168135 Ave. Power Level 43.535902
	-------- Loop 2 (sock 1 consumed 0.084480, avg temp 39.500000, final temp 40 ) ------
	-------- Loop 2 (sock 2 consumed 0.083655, avg temp 34.500000, final temp 35 ) ------
Loop 3 <line-170> - Time 2.038457 Total energy consumed 80.973990 Ave. Power Level 39.723170
	-------- Loop 3 (sock 1 consumed 41.708445, avg temp 40.000000, final temp 40 ) ------
	-------- Loop 3 (sock 2 consumed 39.265545, avg temp 34.500000, final temp 34 ) ------
Loop 4 <line-192> - Time 0.000668 Total energy consumed 0.000000 Ave. Power Level 0.000000
	-------- Loop 4 (sock 1 consumed 0.000000, avg temp 40.000000, final temp 40 ) ------
	-------- Loop 4 (sock 2 consumed 0.000000, avg temp 34.500000, final temp 34 ) ------
Loop 5 <line-222> - Time 0.743961 Total energy consumed 29.570010 Ave. Power Level 39.746719
	-------- Loop 5 (sock 1 consumed 15.398100, avg temp 40.500000, final temp 40 ) ------
	-------- Loop 5 (sock 2 consumed 14.171910, avg temp 34.000000, final temp 34 ) ------
Loop 6 <line-116> - Time 0.010599 Total energy consumed 0.384825 Ave. Power Level 36.305999
	-------- Loop 6 (sock 1 consumed 0.177930, avg temp 40.333333, final temp 40 ) ------
	-------- Loop 6 (sock 2 consumed 0.206895, avg temp 34.000000, final temp 34 ) ------
Loop 7 <line-334> - Time 1.500826 Total energy consumed 58.512720 Ave. Power Level 38.987003
	-------- Loop 7 (sock 1 consumed 30.307965, avg temp 40.000000, final temp 40 ) ------
	-------- Loop 7 (sock 2 consumed 28.204755, avg temp 34.142857, final temp 34 ) ------
Loop 8 <line-353> - Time 0.000858 Total energy consumed 0.058230 Ave. Power Level 67.855033
	-------- Loop 8 (sock 1 consumed 0.020385, avg temp 40.000000, final temp 40 ) ------
	-------- Loop 8 (sock 2 consumed 0.037845, avg temp 34.000000, final temp 34 ) ------
Loop 9 <line-375> - Time 0.002962 Total energy consumed 0.108450 Ave. Power Level 36.616111
	-------- Loop 9 (sock 1 consumed 0.044895, avg temp 40.000000, final temp 40 ) ------
	-------- Loop 9 (sock 2 consumed 0.063555, avg temp 34.142857, final temp 34 ) ------
Loop 10 <line-85> - Time 0.173436 Total energy consumed 7.009635 Ave. Power Level 40.416231
	-------- Loop 10 (sock 1 consumed 3.476805, avg temp 40.250000, final temp 40 ) ------
	-------- Loop 10 (sock 2 consumed 3.532830, avg temp 34.500000, final temp 35 ) ------
Loop 11 <line-131> - Time 0.028061 Total energy consumed 1.143555 Ave. Power Level 40.752578
	-------- Loop 11 (sock 1 consumed 0.568440, avg temp 40.000000, final temp 40 ) ------
	-------- Loop 11 (sock 2 consumed 0.575115, avg temp 34.500000, final temp 34 ) ------
Loop 12 <line-167> - Time 0.125802 Total energy consumed 5.167440 Ave. Power Level 41.075995
	-------- Loop 12 (sock 1 consumed 2.584740, avg temp 40.500000, final temp 40 ) ------
	-------- Loop 12 (sock 2 consumed 2.582700, avg temp 35.000000, final temp 35 ) ------
Loop 13 <line-213> - Time 45.727508 Total energy consumed 1861.961790 Ave. Power Level 40.718637
	-------- Loop 13 (sock 1 consumed 929.202300, avg temp 40.166667, final temp 40 ) ------
	-------- Loop 13 (sock 2 consumed 932.759490, avg temp 33.833333, final temp 34 ) ------
Loop 14 <line-99> - Time 13.131033 Total energy consumed 511.628055 Ave. Power Level 38.963275
	-------- Loop 14 (sock 1 consumed 263.362620, avg temp 39.833333, final temp 40 ) ------
	-------- Loop 14 (sock 2 consumed 248.265435, avg temp 34.000000, final temp 34 ) ------
Loop 15 <line-160> - Time 0.259146 Total energy consumed 10.244655 Ave. Power Level 39.532430
	-------- Loop 15 (sock 1 consumed 4.900590, avg temp 39.833333, final temp 40 ) ------
	-------- Loop 15 (sock 2 consumed 5.344065, avg temp 33.833333, final temp 34 ) ------
Loop 16 <line-269> - Time 9.827102 Total energy consumed 382.246650 Ave. Power Level 38.897188
	-------- Loop 16 (sock 1 consumed 192.717585, avg temp 40.285714, final temp 40 ) ------
	-------- Loop 16 (sock 2 consumed 189.529065, avg temp 33.964286, final temp 34 ) ------
Loop 17 <line-300> - Time 0.009397 Total energy consumed 0.404265 Ave. Power Level 43.020453
	-------- Loop 17 (sock 1 consumed 0.225465, avg temp 40.304348, final temp 40 ) ------
	-------- Loop 17 (sock 2 consumed 0.178800, avg temp 33.956522, final temp 34 ) ------
Loop 18 <line-148> - Time 0.001826 Total energy consumed 0.039855 Ave. Power Level 21.824006
	-------- Loop 18 (sock 1 consumed 0.018780, avg temp 40.000000, final temp 40 ) ------
	-------- Loop 18 (sock 2 consumed 0.021075, avg temp 33.000000, final temp 33 ) ------
Application(EnergyStat) - Time 101.456655 Total energy consumed 4043.405940 Ave. Power Level 39.853531 Final Temperature socket 1 : 40  socket 2 : 33 
	 ParallelApplication(EnergyStat) - Time 73.588521 Total energy consumed 2949.682110 Ave. Power Level 40.083454
Memory used: 1.32031
Loading 32-bit binary file: pnnl.bin, numvertices: 2361670, numEdges: 191402826
File read time: 2.67708
Before allocating graph
Allocated graph: 0x21aa570
Processing edges for vertex: 0, range(0, 166)
Processing edges for vertex: 100000, range(58444108, 58444133)
Processing edges for vertex: 200000, range(84376057, 84376362)
Processing edges for vertex: 300000, range(106069163, 106069503)
Processing edges for vertex: 400000, range(122097114, 122097513)
Processing edges for vertex: 500000, range(135096418, 135096483)
Processing edges for vertex: 600000, range(146097008, 146097061)
Processing edges for vertex: 700000, range(155415410, 155415531)
Processing edges for vertex: 800000, range(162595900, 162595989)
Processing edges for vertex: 900000, range(168508374, 168508464)
Processing edges for vertex: 1000000, range(173203321, 173203442)
Processing edges for vertex: 1100000, range(176935100, 176935110)
Processing edges for vertex: 1200000, range(179876260, 179876270)
Processing edges for vertex: 1300000, range(182240081, 182240092)
Processing edges for vertex: 1400000, range(184224513, 184224521)
Processing edges for vertex: 1500000, range(185795161, 185795170)
Processing edges for vertex: 1600000, range(187104124, 187104130)
Processing edges for vertex: 1700000, range(188148455, 188148461)
Processing edges for vertex: 1800000, range(188997836, 188997842)
Processing edges for vertex: 1900000, range(189691532, 189691535)
Processing edges for vertex: 2000000, range(190254658, 190254660)
Processing edges for vertex: 2100000, range(190705814, 190705822)
Processing edges for vertex: 2200000, range(191052755, 191052764)
Processing edges for vertex: 2300000, range(191302662, 191302663)
Graph populate time: 14.0301
Total I/O time: 16.7073

Regional(EnergyStat) - Time 16.712449 Total energy consumed 656.508510 Ave. Power Level 39.282603 
Running on: 2 threads
Loaded graph from file: pnnl.bin
Memory used: 2949.12
Maximum degree for the graph: 5520
Iteration: 0, conflicts: 0
Total number of colors used: 1182
Total number of conflicts overall: 0
Number of rounds: 1
SUCCESS: No conflicts found
Coloring time: 2.93047
Memory used: 2949.12
Number of reordered colors: 1032
End position for large colors: 0, node count: 552377, largest: 552377
Node count cutoff: 472334
e_xx: 1.29665e+08, a2_x: 6.31879e+11, currMod: 0.677426
e_xx: 1.68139e+08, a2_x: 5.9055e+11, currMod: 0.87844
e_xx: 1.73852e+08, a2_x: 5.45786e+11, currMod: 0.908288
e_xx: 1.76058e+08, a2_x: 5.18654e+11, currMod: 0.919814
e_xx: 1.77081e+08, a2_x: 5.01297e+11, currMod: 0.925158
currMod: 0.919814, prevMod: -1
Louvain time: 57.6152
numClusters: 205469, time: 0.172004
Next phase: 2
Memory used: 2949.12
End Structure 1323330 205469 vs 2850415
Build next level time: 11.9574
Iteration time: 69.7524
Memory used: 2949.12
e_xx: 1.53784e+08, a2_x: 4.98488e+11, currMod: 0.91483
e_xx: 1.61178e+08, a2_x: 2.92694e+11, currMod: 0.958826
e_xx: 1.62328e+08, a2_x: 3.07059e+11, currMod: 0.965665
e_xx: 1.62569e+08, a2_x: 2.67722e+11, currMod: 0.967102
e_xx: 1.62598e+08, a2_x: 2.7609e+11, currMod: 0.967276
e_xx: 1.62666e+08, a2_x: 2.40555e+11, currMod: 0.96768
e_xx: 1.62654e+08, a2_x: 2.69828e+11, currMod: 0.967606
currMod: 0.96768, prevMod: 0.919814
Louvain time: 5.28428
numClusters: 58637, time: 0.02905
Next phase: 3
Memory used: 2949.12
End Structure 687521 58637 vs 1433666
Build next level time: 0.546828
Iteration time: 5.86252
Memory used: 2949.12
e_xx: 1.62666e+08, a2_x: 2.42977e+11, currMod: 0.967651
e_xx: 1.64223e+08, a2_x: 1.29549e+11, currMod: 0.976919
e_xx: 1.64419e+08, a2_x: 1.15629e+11, currMod: 0.978085
e_xx: 1.64519e+08, a2_x: 9.15684e+10, currMod: 0.978679
e_xx: 1.6451e+08, a2_x: 9.44384e+10, currMod: 0.978625
currMod: 0.978679, prevMod: 0.96768
Louvain time: 1.79859
numClusters: 26864, time: 0.009203
Next phase: 4
Memory used: 2949.12
End Structure 216105 26864 vs 459073
Build next level time: 0.158584
Iteration time: 1.96836
Memory used: 2949.12
e_xx: 1.64519e+08, a2_x: 8.82063e+10, currMod: 0.978664
e_xx: 1.64789e+08, a2_x: 1.81751e+10, currMod: 0.980276
e_xx: 1.64799e+08, a2_x: 3.34388e+10, currMod: 0.98033
e_xx: 1.64801e+08, a2_x: 9.79189e+09, currMod: 0.980345
e_xx: 1.64802e+08, a2_x: 2.5529e+10, currMod: 0.980349
e_xx: 1.64801e+08, a2_x: -1.64917e+08, currMod: 0.980346
currMod: 0.980349, prevMod: 0.978679
Louvain time: 0.732318
numClusters: 22209, time: 0.005599
Next phase: 5
Memory used: 2949.12
End Structure 92894 22209 vs 207997
Build next level time: 0.059609
Iteration time: 0.799638
Memory used: 2949.12
e_xx: 1.64802e+08, a2_x: 2.89694e+10, currMod: 0.980345
e_xx: 1.64807e+08, a2_x: 2.85163e+10, currMod: 0.980375
e_xx: 1.64806e+08, a2_x: 1.89783e+10, currMod: 0.980373
currMod: 0.980375, prevMod: 0.980349
Louvain time: 0.176908
numClusters: 22017, time: 0.004846
Next phase: 6
Memory used: 2949.12
End Structure 81229 22017 vs 184475
Build next level time: 0.04086
Iteration time: 0.224732
Memory used: 2949.12
e_xx: 1.64807e+08, a2_x: 2.49109e+10, currMod: 0.980375
e_xx: 1.64807e+08, a2_x: 2.26694e+10, currMod: 0.980378
e_xx: 1.64807e+08, a2_x: 1.48471e+10, currMod: 0.980378
currMod: 0.980378, prevMod: 0.980375
Louvain time: 0.155288
numClusters: 21990, time: 0.004826
Next phase: 7
Memory used: 2949.12
End Structure 78144 21990 vs 178278
Build next level time: 0.037633
Iteration time: 0.19984
Memory used: 2949.12
e_xx: 1.64807e+08, a2_x: 2.26694e+10, currMod: 0.980378
e_xx: 1.64807e+08, a2_x: 1.81799e+10, currMod: 0.980378
currMod: 0.980378, prevMod: 0.980378
Louvain time: 0.101628
numClusters: 21990, time: 0.004822
Maximum degree for the graph: 486
Iteration: 0, conflicts: 0
Total number of colors used: 188
Total number of conflicts overall: 0
Number of rounds: 1
SUCCESS: No conflicts found
Number of reordered colors: 188
End position for large colors: 0, node count: 21553, largest: 21553
Node count cutoff: 4398
e_xx: 1.66785e+08, a2_x: 2.05163e+10, currMod: 0.992142
e_xx: 1.66783e+08, a2_x: 2.14718e+10, currMod: 0.99213
End Structure 14265 21750 vs 50280
currMod: 0.992142, prevMod: 0.980378
numClusters: 21750
Total iteration time: 78.8074

Loop 0 <line-37> - Time 0.002022 Total energy consumed 0.120990 Ave. Power Level 59.844994
	-------- Loop 0 (sock 1 consumed 0.057135, avg temp 41.000000, final temp 42 ) ------
	-------- Loop 0 (sock 2 consumed 0.063855, avg temp 32.500000, final temp 33 ) ------
Loop 1 <line-54> - Time 0.001015 Total energy consumed 0.039330 Ave. Power Level 38.747051
	-------- Loop 1 (sock 1 consumed 0.018210, avg temp 40.500000, final temp 41 ) ------
	-------- Loop 1 (sock 2 consumed 0.021120, avg temp 32.500000, final temp 33 ) ------
Loop 2 <line-76> - Time 0.003854 Total energy consumed 0.167970 Ave. Power Level 43.586027
	-------- Loop 2 (sock 1 consumed 0.081270, avg temp 40.500000, final temp 41 ) ------
	-------- Loop 2 (sock 2 consumed 0.086700, avg temp 32.500000, final temp 33 ) ------
Loop 3 <line-170> - Time 2.021912 Total energy consumed 80.112570 Ave. Power Level 39.622182
	-------- Loop 3 (sock 1 consumed 37.861980, avg temp 40.000000, final temp 41 ) ------
	-------- Loop 3 (sock 2 consumed 42.250590, avg temp 33.000000, final temp 34 ) ------
Loop 4 <line-192> - Time 0.000631 Total energy consumed 0.000000 Ave. Power Level 0.000000
	-------- Loop 4 (sock 1 consumed 0.000000, avg temp 40.000000, final temp 41 ) ------
	-------- Loop 4 (sock 2 consumed 0.000000, avg temp 33.000000, final temp 34 ) ------
Loop 5 <line-222> - Time 0.751582 Total energy consumed 29.830650 Ave. Power Level 39.690459
	-------- Loop 5 (sock 1 consumed 15.668310, avg temp 40.500000, final temp 41 ) ------
	-------- Loop 5 (sock 2 consumed 14.162340, avg temp 33.500000, final temp 33 ) ------
Loop 6 <line-116> - Time 0.013702 Total energy consumed 0.557190 Ave. Power Level 40.664861
	-------- Loop 6 (sock 1 consumed 0.286680, avg temp 40.571429, final temp 41 ) ------
	-------- Loop 6 (sock 2 consumed 0.270510, avg temp 33.571429, final temp 34 ) ------
Loop 7 <line-334> - Time 1.501556 Total energy consumed 58.284195 Ave. Power Level 38.815870
	-------- Loop 7 (sock 1 consumed 27.343425, avg temp 40.375000, final temp 41 ) ------
	-------- Loop 7 (sock 2 consumed 30.940770, avg temp 32.875000, final temp 33 ) ------
Loop 8 <line-353> - Time 0.000813 Total energy consumed 0.057690 Ave. Power Level 70.943528
	-------- Loop 8 (sock 1 consumed 0.036720, avg temp 40.375000, final temp 41 ) ------
	-------- Loop 8 (sock 2 consumed 0.020970, avg temp 32.875000, final temp 33 ) ------
Loop 9 <line-375> - Time 0.003078 Total energy consumed 0.169410 Ave. Power Level 55.036572
	-------- Loop 9 (sock 1 consumed 0.079950, avg temp 40.500000, final temp 41 ) ------
	-------- Loop 9 (sock 2 consumed 0.089460, avg temp 33.125000, final temp 33 ) ------
Loop 10 <line-85> - Time 0.166588 Total energy consumed 6.752505 Ave. Power Level 40.534176
	-------- Loop 10 (sock 1 consumed 3.322860, avg temp 40.250000, final temp 41 ) ------
	-------- Loop 10 (sock 2 consumed 3.429645, avg temp 33.250000, final temp 33 ) ------
Loop 11 <line-131> - Time 0.028019 Total energy consumed 1.147110 Ave. Power Level 40.940481
	-------- Loop 11 (sock 1 consumed 0.565710, avg temp 40.500000, final temp 41 ) ------
	-------- Loop 11 (sock 2 consumed 0.581400, avg temp 33.000000, final temp 33 ) ------
Loop 12 <line-167> - Time 0.116989 Total energy consumed 4.815645 Ave. Power Level 41.163341
	-------- Loop 12 (sock 1 consumed 2.367240, avg temp 40.000000, final temp 41 ) ------
	-------- Loop 12 (sock 2 consumed 2.448405, avg temp 33.000000, final temp 33 ) ------
Loop 13 <line-213> - Time 45.378073 Total energy consumed 1848.487500 Ave. Power Level 40.735258
	-------- Loop 13 (sock 1 consumed 933.367275, avg temp 41.285714, final temp 41 ) ------
	-------- Loop 13 (sock 2 consumed 915.120225, avg temp 33.428571, final temp 34 ) ------
Loop 14 <line-99> - Time 12.079650 Total energy consumed 470.645145 Ave. Power Level 38.961821
	-------- Loop 14 (sock 1 consumed 247.105245, avg temp 40.428571, final temp 41 ) ------
	-------- Loop 14 (sock 2 consumed 223.539900, avg temp 32.857143, final temp 33 ) ------
Loop 15 <line-160> - Time 0.300983 Total energy consumed 11.713710 Ave. Power Level 38.918180
	-------- Loop 15 (sock 1 consumed 5.716095, avg temp 40.714286, final temp 41 ) ------
	-------- Loop 15 (sock 2 consumed 5.997615, avg temp 33.000000, final temp 33 ) ------
Loop 16 <line-269> - Time 8.195925 Total energy consumed 317.980260 Ave. Power Level 38.797361
	-------- Loop 16 (sock 1 consumed 157.249125, avg temp 40.730769, final temp 41 ) ------
	-------- Loop 16 (sock 2 consumed 160.731135, avg temp 32.923077, final temp 33 ) ------
Loop 17 <line-300> - Time 0.007768 Total energy consumed 0.214050 Ave. Power Level 27.554678
	-------- Loop 17 (sock 1 consumed 0.110475, avg temp 40.550000, final temp 41 ) ------
	-------- Loop 17 (sock 2 consumed 0.103575, avg temp 32.900000, final temp 33 ) ------
Loop 18 <line-148> - Time 0.002035 Total energy consumed 0.079680 Ave. Power Level 39.151040
	-------- Loop 18 (sock 1 consumed 0.041820, avg temp 42.000000, final temp 42 ) ------
	-------- Loop 18 (sock 2 consumed 0.037860, avg temp 33.000000, final temp 33 ) ------
Application(EnergyStat) - Time 98.651284 Total energy consumed 3929.830980 Ave. Power Level 39.835579 Final Temperature socket 1 : 41  socket 2 : 34 
	 ParallelApplication(EnergyStat) - Time 70.576195 Total energy consumed 2831.175600 Ave. Power Level 40.115164
Memory used: 1.32031
Loading 32-bit binary file: pnnl.bin, numvertices: 2361670, numEdges: 191402826
File read time: 2.67049
Before allocating graph
Allocated graph: 0x1b36570
Processing edges for vertex: 0, range(0, 166)
Processing edges for vertex: 100000, range(58444108, 58444133)
Processing edges for vertex: 200000, range(84376057, 84376362)
Processing edges for vertex: 300000, range(106069163, 106069503)
Processing edges for vertex: 400000, range(122097114, 122097513)
Processing edges for vertex: 500000, range(135096418, 135096483)
Processing edges for vertex: 600000, range(146097008, 146097061)
Processing edges for vertex: 700000, range(155415410, 155415531)
Processing edges for vertex: 800000, range(162595900, 162595989)
Processing edges for vertex: 900000, range(168508374, 168508464)
Processing edges for vertex: 1000000, range(173203321, 173203442)
Processing edges for vertex: 1100000, range(176935100, 176935110)
Processing edges for vertex: 1200000, range(179876260, 179876270)
Processing edges for vertex: 1300000, range(182240081, 182240092)
Processing edges for vertex: 1400000, range(184224513, 184224521)
Processing edges for vertex: 1500000, range(185795161, 185795170)
Processing edges for vertex: 1600000, range(187104124, 187104130)
Processing edges for vertex: 1700000, range(188148455, 188148461)
Processing edges for vertex: 1800000, range(188997836, 188997842)
Processing edges for vertex: 1900000, range(189691532, 189691535)
Processing edges for vertex: 2000000, range(190254658, 190254660)
Processing edges for vertex: 2100000, range(190705814, 190705822)
Processing edges for vertex: 2200000, range(191052755, 191052764)
Processing edges for vertex: 2300000, range(191302662, 191302663)
Graph populate time: 13.9752
Total I/O time: 16.6458

Regional(EnergyStat) - Time 16.651521 Total energy consumed 655.110870 Ave. Power Level 39.342405 
Running on: 2 threads
Loaded graph from file: pnnl.bin
Memory used: 2949.12
Maximum degree for the graph: 5520
Iteration: 0, conflicts: 0
Total number of colors used: 1182
Total number of conflicts overall: 0
Number of rounds: 1
SUCCESS: No conflicts found
Coloring time: 2.88587
Memory used: 2949.12
Number of reordered colors: 1020
End position for large colors: 0, node count: 552373, largest: 552373
Node count cutoff: 472334
e_xx: 1.28113e+08, a2_x: 6.20337e+11, currMod: 0.669319
e_xx: 1.67589e+08, a2_x: 6.13216e+11, currMod: 0.875565
e_xx: 1.73843e+08, a2_x: 5.45684e+11, currMod: 0.908242
e_xx: 1.76445e+08, a2_x: 5.36044e+11, currMod: 0.921838
e_xx: 1.77499e+08, a2_x: 5.11879e+11, currMod: 0.927343
currMod: 0.921838, prevMod: -1
Louvain time: 57.1815
numClusters: 205591, time: 0.171176
Next phase: 2
Memory used: 2949.12
End Structure 1327581 205591 vs 2858986
Build next level time: 12.6149
Iteration time: 69.9757
Memory used: 2949.12
e_xx: 1.5474e+08, a2_x: 5.08865e+11, currMod: 0.91758
e_xx: 1.61817e+08, a2_x: 2.93779e+11, currMod: 0.95955
e_xx: 1.62997e+08, a2_x: 2.94463e+11, currMod: 0.966551
e_xx: 1.63245e+08, a2_x: 2.86611e+11, currMod: 0.968019
e_xx: 1.63321e+08, a2_x: 2.75684e+11, currMod: 0.968471
e_xx: 1.6339e+08, a2_x: 2.63206e+11, currMod: 0.96888
e_xx: 1.63402e+08, a2_x: 2.71304e+11, currMod: 0.968953
e_xx: 1.63445e+08, a2_x: 2.7405e+11, currMod: 0.969206
e_xx: 1.63436e+08, a2_x: 2.6165e+11, currMod: 0.969153
currMod: 0.969206, prevMod: 0.921838
Louvain time: 6.9694
numClusters: 57049, time: 0.029151
Next phase: 3
Memory used: 2949.12
End Structure 651928 57049 vs 1360889
Build next level time: 0.528234
Iteration time: 7.52909
Memory used: 2949.12
e_xx: 1.63445e+08, a2_x: 2.75727e+11, currMod: 0.969177
e_xx: 1.64779e+08, a2_x: 1.74665e+11, currMod: 0.977094
e_xx: 1.64992e+08, a2_x: 1.33321e+11, currMod: 0.978357
e_xx: 1.65058e+08, a2_x: 1.16917e+11, currMod: 0.978749
e_xx: 1.65106e+08, a2_x: 1.20332e+11, currMod: 0.979033
e_xx: 1.6512e+08, a2_x: 1.28679e+11, currMod: 0.979118
e_xx: 1.65123e+08, a2_x: 1.12566e+11, currMod: 0.979131
e_xx: 1.65127e+08, a2_x: 1.14224e+11, currMod: 0.97916
e_xx: 1.65126e+08, a2_x: 1.14848e+11, currMod: 0.979153
currMod: 0.97916, prevMod: 0.969206
Louvain time: 3.00454
numClusters: 25463, time: 0.008905
Next phase: 4
Memory used: 2949.12
End Structure 193894 25463 vs 413251
Build next level time: 0.143763
Iteration time: 3.15918
Memory used: 2949.12
e_xx: 1.65127e+08, a2_x: 1.1086e+11, currMod: 0.979144
e_xx: 1.65348e+08, a2_x: 3.04289e+10, currMod: 0.980455
e_xx: 1.65364e+08, a2_x: 1.85508e+10, currMod: 0.980551
e_xx: 1.65366e+08, a2_x: 1.81056e+10, currMod: 0.980559
e_xx: 1.65368e+08, a2_x: 2.08617e+09, currMod: 0.980575
e_xx: 1.65366e+08, a2_x: 1.36676e+09, currMod: 0.980563
currMod: 0.980575, prevMod: 0.97916
Louvain time: 0.673329
numClusters: 22143, time: 0.005481
Next phase: 5
Memory used: 2949.12
End Structure 85810 22143 vs 193763
Build next level time: 0.0519
Iteration time: 0.732625
Memory used: 2949.12
e_xx: 1.65368e+08, a2_x: 5.50556e+09, currMod: 0.980573
e_xx: 1.65371e+08, a2_x: -7.30071e+08, currMod: 0.98059
e_xx: 1.65371e+08, a2_x: 2.46311e+09, currMod: 0.980588
currMod: 0.98059, prevMod: 0.980575
Louvain time: 0.168074
numClusters: 21994, time: 0.004884
Next phase: 6
Memory used: 2949.12
End Structure 76665 21994 vs 175324
Build next level time: 0.038026
Iteration time: 0.212872
Memory used: 2949.12
e_xx: 1.65371e+08, a2_x: -4.61329e+09, currMod: 0.98059
e_xx: 1.65371e+08, a2_x: -7.22534e+09, currMod: 0.98059
currMod: 0.98059, prevMod: 0.98059
Louvain time: 0.102731
numClusters: 21994, time: 0.004881
Maximum degree for the graph: 492
Iteration: 0, conflicts: 0
Total number of colors used: 181
Total number of conflicts overall: 0
Number of rounds: 1
SUCCESS: No conflicts found
Number of reordered colors: 180
End position for large colors: 0, node count: 21556, largest: 21556
Node count cutoff: 4399
e_xx: 1.65372e+08, a2_x: -1.0979e+10, currMod: 0.980595
e_xx: 1.65749e+08, a2_x: -7.23849e+09, currMod: 0.982835
e_xx: 1.66387e+08, a2_x: -3.26533e+09, currMod: 0.986616
e_xx: 1.66422e+08, a2_x: -1.26033e+09, currMod: 0.986821
e_xx: 1.66908e+08, a2_x: -1.54056e+10, currMod: 0.989706
e_xx: 1.66925e+08, a2_x: -1.33732e+10, currMod: 0.989805
e_xx: 1.67285e+08, a2_x: -5.78524e+09, currMod: 0.991941
e_xx: 1.68427e+08, a2_x: 8.18592e+09, currMod: 0.998714
e_xx: 1.68441e+08, a2_x: 1.10306e+10, currMod: 0.998791
e_xx: 1.68441e+08, a2_x: 1.1693e+10, currMod: 0.998792
End Structure 252 21567 vs 22071
currMod: 0.998791, prevMod: 0.98059
numClusters: 21567
Total iteration time: 81.6095

Loop 0 <line-37> - Time 0.002003 Total energy consumed 0.058935 Ave. Power Level 29.426288
	-------- Loop 0 (sock 1 consumed 0.020895, avg temp 40.500000, final temp 40 ) ------
	-------- Loop 0 (sock 2 consumed 0.038040, avg temp 33.500000, final temp 34 ) ------
Loop 1 <line-54> - Time 0.000980 Total energy consumed 0.000000 Ave. Power Level 0.000000
	-------- Loop 1 (sock 1 consumed 0.000000, avg temp 40.500000, final temp 40 ) ------
	-------- Loop 1 (sock 2 consumed 0.000000, avg temp 33.500000, final temp 34 ) ------
Loop 2 <line-76> - Time 0.003873 Total energy consumed 0.227085 Ave. Power Level 58.625365
	-------- Loop 2 (sock 1 consumed 0.104805, avg temp 40.000000, final temp 40 ) ------
	-------- Loop 2 (sock 2 consumed 0.122280, avg temp 33.500000, final temp 34 ) ------
Loop 3 <line-170> - Time 1.956167 Total energy consumed 77.657790 Ave. Power Level 39.698952
	-------- Loop 3 (sock 1 consumed 40.409325, avg temp 40.000000, final temp 40 ) ------
	-------- Loop 3 (sock 2 consumed 37.248465, avg temp 33.000000, final temp 33 ) ------
Loop 4 <line-192> - Time 0.000749 Total energy consumed 0.000000 Ave. Power Level 0.000000
	-------- Loop 4 (sock 1 consumed 0.000000, avg temp 40.000000, final temp 40 ) ------
	-------- Loop 4 (sock 2 consumed 0.000000, avg temp 33.500000, final temp 33 ) ------
Loop 5 <line-222> - Time 0.772688 Total energy consumed 30.622080 Ave. Power Level 39.630579
	-------- Loop 5 (sock 1 consumed 14.378640, avg temp 40.000000, final temp 40 ) ------
	-------- Loop 5 (sock 2 consumed 16.243440, avg temp 33.500000, final temp 33 ) ------
Loop 6 <line-116> - Time 0.011017 Total energy consumed 0.458475 Ave. Power Level 41.615299
	-------- Loop 6 (sock 1 consumed 0.228870, avg temp 39.833333, final temp 40 ) ------
	-------- Loop 6 (sock 2 consumed 0.229605, avg temp 33.166667, final temp 33 ) ------
Loop 7 <line-334> - Time 1.482087 Total energy consumed 57.801480 Ave. Power Level 39.000062
	-------- Loop 7 (sock 1 consumed 30.190005, avg temp 40.142857, final temp 40 ) ------
	-------- Loop 7 (sock 2 consumed 27.611475, avg temp 33.285714, final temp 33 ) ------
Loop 8 <line-353> - Time 0.000767 Total energy consumed 0.038700 Ave. Power Level 50.463363
	-------- Loop 8 (sock 1 consumed 0.020130, avg temp 40.142857, final temp 40 ) ------
	-------- Loop 8 (sock 2 consumed 0.018570, avg temp 33.285714, final temp 33 ) ------
Loop 9 <line-375> - Time 0.003041 Total energy consumed 0.087750 Ave. Power Level 28.859265
	-------- Loop 9 (sock 1 consumed 0.045180, avg temp 40.142857, final temp 40 ) ------
	-------- Loop 9 (sock 2 consumed 0.042570, avg temp 33.142857, final temp 33 ) ------
Loop 10 <line-85> - Time 0.173196 Total energy consumed 7.055295 Ave. Power Level 40.735874
	-------- Loop 10 (sock 1 consumed 3.495420, avg temp 40.250000, final temp 40 ) ------
	-------- Loop 10 (sock 2 consumed 3.559875, avg temp 33.500000, final temp 34 ) ------
Loop 11 <line-131> - Time 0.028048 Total energy consumed 1.145850 Ave. Power Level 40.852487
	-------- Loop 11 (sock 1 consumed 0.568620, avg temp 40.000000, final temp 40 ) ------
	-------- Loop 11 (sock 2 consumed 0.577230, avg temp 33.500000, final temp 33 ) ------
Loop 12 <line-167> - Time 0.123524 Total energy consumed 5.041695 Ave. Power Level 40.815532
	-------- Loop 12 (sock 1 consumed 2.521815, avg temp 40.500000, final temp 41 ) ------
	-------- Loop 12 (sock 2 consumed 2.519880, avg temp 34.500000, final temp 34 ) ------
Loop 13 <line-213> - Time 44.974808 Total energy consumed 1826.631270 Ave. Power Level 40.614543
	-------- Loop 13 (sock 1 consumed 921.798825, avg temp 40.866667, final temp 41 ) ------
	-------- Loop 13 (sock 2 consumed 904.832445, avg temp 33.333333, final temp 33 ) ------
Loop 14 <line-99> - Time 12.671980 Total energy consumed 493.044945 Ave. Power Level 38.908279
	-------- Loop 14 (sock 1 consumed 258.477180, avg temp 39.833333, final temp 41 ) ------
	-------- Loop 14 (sock 2 consumed 234.567765, avg temp 33.500000, final temp 34 ) ------
Loop 15 <line-160> - Time 0.285114 Total energy consumed 11.326035 Ave. Power Level 39.724601
	-------- Loop 15 (sock 1 consumed 5.367990, avg temp 40.166667, final temp 40 ) ------
	-------- Loop 15 (sock 2 consumed 5.958045, avg temp 33.000000, final temp 34 ) ------
Loop 16 <line-269> - Time 10.863275 Total energy consumed 420.304980 Ave. Power Level 38.690449
	-------- Loop 16 (sock 1 consumed 206.856015, avg temp 40.551724, final temp 40 ) ------
	-------- Loop 16 (sock 2 consumed 213.448965, avg temp 33.310345, final temp 34 ) ------
Loop 17 <line-300> - Time 0.011005 Total energy consumed 0.354645 Ave. Power Level 32.225604
	-------- Loop 17 (sock 1 consumed 0.175980, avg temp 40.458333, final temp 40 ) ------
	-------- Loop 17 (sock 2 consumed 0.178665, avg temp 33.375000, final temp 33 ) ------
Loop 18 <line-148> - Time 0.001827 Total energy consumed 0.039270 Ave. Power Level 21.499949
	-------- Loop 18 (sock 1 consumed 0.018465, avg temp 40.000000, final temp 40 ) ------
	-------- Loop 18 (sock 2 consumed 0.020805, avg temp 33.000000, final temp 33 ) ------
Application(EnergyStat) - Time 101.477848 Total energy consumed 4030.369125 Ave. Power Level 39.716738 Final Temperature socket 1 : 41  socket 2 : 34 
	 ParallelApplication(EnergyStat) - Time 73.366149 Total energy consumed 2931.896280 Ave. Power Level 39.962521
Memory used: 1.32031
Loading 32-bit binary file: pnnl.bin, numvertices: 2361670, numEdges: 191402826
File read time: 2.68237
Before allocating graph
Allocated graph: 0xaf6570
Processing edges for vertex: 0, range(0, 166)
Processing edges for vertex: 100000, range(58444108, 58444133)
Processing edges for vertex: 200000, range(84376057, 84376362)
Processing edges for vertex: 300000, range(106069163, 106069503)
Processing edges for vertex: 400000, range(122097114, 122097513)
Processing edges for vertex: 500000, range(135096418, 135096483)
Processing edges for vertex: 600000, range(146097008, 146097061)
Processing edges for vertex: 700000, range(155415410, 155415531)
Processing edges for vertex: 800000, range(162595900, 162595989)
Processing edges for vertex: 900000, range(168508374, 168508464)
Processing edges for vertex: 1000000, range(173203321, 173203442)
Processing edges for vertex: 1100000, range(176935100, 176935110)
Processing edges for vertex: 1200000, range(179876260, 179876270)
Processing edges for vertex: 1300000, range(182240081, 182240092)
Processing edges for vertex: 1400000, range(184224513, 184224521)
Processing edges for vertex: 1500000, range(185795161, 185795170)
Processing edges for vertex: 1600000, range(187104124, 187104130)
Processing edges for vertex: 1700000, range(188148455, 188148461)
Processing edges for vertex: 1800000, range(188997836, 188997842)
Processing edges for vertex: 1900000, range(189691532, 189691535)
Processing edges for vertex: 2000000, range(190254658, 190254660)
Processing edges for vertex: 2100000, range(190705814, 190705822)
Processing edges for vertex: 2200000, range(191052755, 191052764)
Processing edges for vertex: 2300000, range(191302662, 191302663)
Graph populate time: 14.0499
Total I/O time: 16.7323

Regional(EnergyStat) - Time 16.738329 Total energy consumed 658.874580 Ave. Power Level 39.363222 
Running on: 2 threads
Loaded graph from file: pnnl.bin
Memory used: 2949.12
Maximum degree for the graph: 5520
Iteration: 0, conflicts: 0
Total number of colors used: 1182
Total number of conflicts overall: 0
Number of rounds: 1
SUCCESS: No conflicts found
Coloring time: 2.81701
Memory used: 2949.12
Number of reordered colors: 1028
End position for large colors: 0, node count: 552372, largest: 552372
Node count cutoff: 472334
e_xx: 1.28486e+08, a2_x: 5.79376e+11, currMod: 0.671268
e_xx: 1.68228e+08, a2_x: 6.14816e+11, currMod: 0.878906
e_xx: 1.74207e+08, a2_x: 5.29612e+11, currMod: 0.910147
e_xx: 1.76433e+08, a2_x: 5.35928e+11, currMod: 0.921774
e_xx: 1.77382e+08, a2_x: 5.1736e+11, currMod: 0.926734
currMod: 0.921774, prevMod: -1
Louvain time: 58.1049
numClusters: 205288, time: 0.171513
Next phase: 2
Memory used: 2949.12
End Structure 1317139 205288 vs 2837800
Build next level time: 11.744
Iteration time: 70.0273
Memory used: 2949.12
e_xx: 1.54597e+08, a2_x: 5.15593e+11, currMod: 0.916874
e_xx: 1.61713e+08, a2_x: 2.97358e+11, currMod: 0.959088
e_xx: 1.62995e+08, a2_x: 2.96762e+11, currMod: 0.966689
e_xx: 1.63286e+08, a2_x: 2.67711e+11, currMod: 0.968413
e_xx: 1.63336e+08, a2_x: 2.63595e+11, currMod: 0.968711
e_xx: 1.63421e+08, a2_x: 2.85367e+11, currMod: 0.969218
e_xx: 1.63415e+08, a2_x: 2.79106e+11, currMod: 0.96918
currMod: 0.969218, prevMod: 0.921774
Louvain time: 5.09578
numClusters: 55872, time: 0.028151
Next phase: 3
Memory used: 2949.12
End Structure 598906 55872 vs 1253670
Build next level time: 0.483269
Iteration time: 5.60912
Memory used: 2949.12
e_xx: 1.63421e+08, a2_x: 2.82849e+11, currMod: 0.969189
e_xx: 1.64858e+08, a2_x: 1.17513e+11, currMod: 0.977714
e_xx: 1.64988e+08, a2_x: 1.22339e+11, currMod: 0.978487
e_xx: 1.65088e+08, a2_x: 1.12625e+11, currMod: 0.979078
e_xx: 1.65034e+08, a2_x: 1.19082e+11, currMod: 0.978762
currMod: 0.979078, prevMod: 0.969218
Louvain time: 1.60275
numClusters: 26265, time: 0.00901
Next phase: 4
Memory used: 2949.12
End Structure 197847 26265 vs 421958
Build next level time: 0.142944
Iteration time: 1.75667
Memory used: 2949.12
e_xx: 1.65088e+08, a2_x: 1.13206e+11, currMod: 0.979064
e_xx: 1.65346e+08, a2_x: 4.93377e+10, currMod: 0.980599
e_xx: 1.65359e+08, a2_x: 5.26968e+10, currMod: 0.980678
e_xx: 1.6536e+08, a2_x: 6.4013e+10, currMod: 0.980684
e_xx: 1.6536e+08, a2_x: 6.3949e+10, currMod: 0.98068
currMod: 0.980684, prevMod: 0.979078
Louvain time: 0.573506
numClusters: 22199, time: 0.005583
Next phase: 5
Memory used: 2949.12
End Structure 96437 22199 vs 215073
Build next level time: 0.0558
Iteration time: 0.636781
Memory used: 2949.12
e_xx: 1.6536e+08, a2_x: 6.48922e+10, currMod: 0.980681
e_xx: 1.65363e+08, a2_x: 5.45136e+10, currMod: 0.980695
e_xx: 1.65364e+08, a2_x: 4.98233e+10, currMod: 0.980702
e_xx: 1.65364e+08, a2_x: 4.13955e+10, currMod: 0.980702
currMod: 0.980702, prevMod: 0.980684
Louvain time: 0.245546
numClusters: 22002, time: 0.004885
Next phase: 6
Memory used: 2949.12
End Structure 82737 22002 vs 187476
Build next level time: 0.045605
Iteration time: 0.297927
Memory used: 2949.12
e_xx: 1.65364e+08, a2_x: 5.051e+10, currMod: 0.980702
e_xx: 1.65364e+08, a2_x: 4.57962e+10, currMod: 0.980704
e_xx: 1.65364e+08, a2_x: 3.85032e+10, currMod: 0.980704
currMod: 0.980704, prevMod: 0.980702
Louvain time: 0.160447
numClusters: 21981, time: 0.004852
Next phase: 7
Memory used: 2949.12
End Structure 78629 21981 vs 179239
Build next level time: 0.042834
Iteration time: 0.210026
Memory used: 2949.12
e_xx: 1.65364e+08, a2_x: 4.53842e+10, currMod: 0.980704
e_xx: 1.65364e+08, a2_x: 4.53842e+10, currMod: 0.980704
currMod: 0.980704, prevMod: 0.980704
Louvain time: 0.104412
numClusters: 21981, time: 0.004874
Maximum degree for the graph: 483
Iteration: 0, conflicts: 0
Total number of colors used: 181
Total number of conflicts overall: 0
Number of rounds: 1
SUCCESS: No conflicts found
Number of reordered colors: 178
End position for large colors: 0, node count: 21539, largest: 21539
Node count cutoff: 4397
e_xx: 1.65364e+08, a2_x: 4.53842e+10, currMod: 0.980704
End Structure 78629 21981 vs 179239
currMod: 0.980704, prevMod: 0.980704
numClusters: 21981
Total iteration time: 78.5378

Loop 0 <line-37> - Time 0.002021 Total energy consumed 0.059040 Ave. Power Level 29.218089
	-------- Loop 0 (sock 1 consumed 0.021135, avg temp 40.500000, final temp 41 ) ------
	-------- Loop 0 (sock 2 consumed 0.037905, avg temp 33.000000, final temp 33 ) ------
Loop 1 <line-54> - Time 0.001003 Total energy consumed 0.000000 Ave. Power Level 0.000000
	-------- Loop 1 (sock 1 consumed 0.000000, avg temp 40.000000, final temp 41 ) ------
	-------- Loop 1 (sock 2 consumed 0.000000, avg temp 33.000000, final temp 33 ) ------
Loop 2 <line-76> - Time 0.003844 Total energy consumed 0.168795 Ave. Power Level 43.909428
	-------- Loop 2 (sock 1 consumed 0.086430, avg temp 40.500000, final temp 41 ) ------
	-------- Loop 2 (sock 2 consumed 0.082365, avg temp 32.500000, final temp 33 ) ------
Loop 3 <line-170> - Time 1.959511 Total energy consumed 77.779590 Ave. Power Level 39.693376
	-------- Loop 3 (sock 1 consumed 40.461015, avg temp 40.000000, final temp 40 ) ------
	-------- Loop 3 (sock 2 consumed 37.318575, avg temp 33.000000, final temp 33 ) ------
Loop 4 <line-192> - Time 0.000634 Total energy consumed 0.061215 Ave. Power Level 96.479214
	-------- Loop 4 (sock 1 consumed 0.022830, avg temp 40.000000, final temp 40 ) ------
	-------- Loop 4 (sock 2 consumed 0.038385, avg temp 33.000000, final temp 33 ) ------
Loop 5 <line-222> - Time 0.702872 Total energy consumed 27.835755 Ave. Power Level 39.602884
	-------- Loop 5 (sock 1 consumed 14.662725, avg temp 40.000000, final temp 40 ) ------
	-------- Loop 5 (sock 2 consumed 13.173030, avg temp 33.000000, final temp 33 ) ------
Loop 6 <line-116> - Time 0.012444 Total energy consumed 0.419385 Ave. Power Level 33.702513
	-------- Loop 6 (sock 1 consumed 0.194130, avg temp 39.857143, final temp 39 ) ------
	-------- Loop 6 (sock 2 consumed 0.225255, avg temp 33.000000, final temp 33 ) ------
Loop 7 <line-334> - Time 1.483482 Total energy consumed 57.743970 Ave. Power Level 38.924620
	-------- Loop 7 (sock 1 consumed 30.124590, avg temp 40.250000, final temp 40 ) ------
	-------- Loop 7 (sock 2 consumed 27.619380, avg temp 33.500000, final temp 33 ) ------
Loop 8 <line-353> - Time 0.000793 Total energy consumed 0.000000 Ave. Power Level 0.000000
	-------- Loop 8 (sock 1 consumed 0.000000, avg temp 40.250000, final temp 40 ) ------
	-------- Loop 8 (sock 2 consumed 0.000000, avg temp 33.500000, final temp 33 ) ------
Loop 9 <line-375> - Time 0.003001 Total energy consumed 0.108015 Ave. Power Level 35.987714
	-------- Loop 9 (sock 1 consumed 0.045345, avg temp 40.125000, final temp 40 ) ------
	-------- Loop 9 (sock 2 consumed 0.062670, avg temp 33.375000, final temp 33 ) ------
Loop 10 <line-85> - Time 0.173579 Total energy consumed 7.174350 Ave. Power Level 41.331802
	-------- Loop 10 (sock 1 consumed 3.575310, avg temp 40.250000, final temp 40 ) ------
	-------- Loop 10 (sock 2 consumed 3.599040, avg temp 33.250000, final temp 33 ) ------
Loop 11 <line-131> - Time 0.028064 Total energy consumed 1.146240 Ave. Power Level 40.843973
	-------- Loop 11 (sock 1 consumed 0.568845, avg temp 40.000000, final temp 41 ) ------
	-------- Loop 11 (sock 2 consumed 0.577395, avg temp 33.500000, final temp 33 ) ------
Loop 12 <line-167> - Time 0.126524 Total energy consumed 5.105685 Ave. Power Level 40.353500
	-------- Loop 12 (sock 1 consumed 2.541225, avg temp 39.500000, final temp 40 ) ------
	-------- Loop 12 (sock 2 consumed 2.564460, avg temp 33.000000, final temp 33 ) ------
Loop 13 <line-213> - Time 45.944423 Total energy consumed 1876.796820 Ave. Power Level 40.849284
	-------- Loop 13 (sock 1 consumed 917.804925, avg temp 40.000000, final temp 40 ) ------
	-------- Loop 13 (sock 2 consumed 958.991895, avg temp 34.000000, final temp 33 ) ------
Loop 14 <line-99> - Time 11.916477 Total energy consumed 464.049525 Ave. Power Level 38.941839
	-------- Loop 14 (sock 1 consumed 242.992080, avg temp 39.714286, final temp 40 ) ------
	-------- Loop 14 (sock 2 consumed 221.057445, avg temp 33.428571, final temp 33 ) ------
Loop 15 <line-160> - Time 0.248718 Total energy consumed 9.834465 Ave. Power Level 39.540622
	-------- Loop 15 (sock 1 consumed 5.014785, avg temp 40.142857, final temp 40 ) ------
	-------- Loop 15 (sock 2 consumed 4.819680, avg temp 33.571429, final temp 33 ) ------
Loop 16 <line-269> - Time 7.730322 Total energy consumed 300.285270 Ave. Power Level 38.845118
	-------- Loop 16 (sock 1 consumed 147.030750, avg temp 40.384615, final temp 41 ) ------
	-------- Loop 16 (sock 2 consumed 153.254520, avg temp 33.076923, final temp 33 ) ------
Loop 17 <line-300> - Time 0.007373 Total energy consumed 0.215250 Ave. Power Level 29.194045
	-------- Loop 17 (sock 1 consumed 0.094545, avg temp 40.450000, final temp 41 ) ------
	-------- Loop 17 (sock 2 consumed 0.120705, avg temp 33.050000, final temp 33 ) ------
Loop 18 <line-148> - Time 0.001824 Total energy consumed 0.099345 Ave. Power Level 54.461878
	-------- Loop 18 (sock 1 consumed 0.037395, avg temp 41.000000, final temp 41 ) ------
	-------- Loop 18 (sock 2 consumed 0.061950, avg temp 33.000000, final temp 33 ) ------
Application(EnergyStat) - Time 98.295818 Total energy consumed 3926.134545 Ave. Power Level 39.942030 Final Temperature socket 1 : 40  socket 2 : 33 
	 ParallelApplication(EnergyStat) - Time 70.346910 Total energy consumed 2828.882715 Ave. Power Level 40.213319
Memory used: 1.32031
Loading 32-bit binary file: pnnl.bin, numvertices: 2361670, numEdges: 191402826
File read time: 2.68689
Before allocating graph
Allocated graph: 0x1655570
Processing edges for vertex: 0, range(0, 166)
Processing edges for vertex: 100000, range(58444108, 58444133)
Processing edges for vertex: 200000, range(84376057, 84376362)
Processing edges for vertex: 300000, range(106069163, 106069503)
Processing edges for vertex: 400000, range(122097114, 122097513)
Processing edges for vertex: 500000, range(135096418, 135096483)
Processing edges for vertex: 600000, range(146097008, 146097061)
Processing edges for vertex: 700000, range(155415410, 155415531)
Processing edges for vertex: 800000, range(162595900, 162595989)
Processing edges for vertex: 900000, range(168508374, 168508464)
Processing edges for vertex: 1000000, range(173203321, 173203442)
Processing edges for vertex: 1100000, range(176935100, 176935110)
Processing edges for vertex: 1200000, range(179876260, 179876270)
Processing edges for vertex: 1300000, range(182240081, 182240092)
Processing edges for vertex: 1400000, range(184224513, 184224521)
Processing edges for vertex: 1500000, range(185795161, 185795170)
Processing edges for vertex: 1600000, range(187104124, 187104130)
Processing edges for vertex: 1700000, range(188148455, 188148461)
Processing edges for vertex: 1800000, range(188997836, 188997842)
Processing edges for vertex: 1900000, range(189691532, 189691535)
Processing edges for vertex: 2000000, range(190254658, 190254660)
Processing edges for vertex: 2100000, range(190705814, 190705822)
Processing edges for vertex: 2200000, range(191052755, 191052764)
Processing edges for vertex: 2300000, range(191302662, 191302663)
Graph populate time: 14.0063
Total I/O time: 16.6933

Regional(EnergyStat) - Time 16.698813 Total energy consumed 657.448425 Ave. Power Level 39.370967 
Running on: 2 threads
Loaded graph from file: pnnl.bin
Memory used: 2949.12
Maximum degree for the graph: 5520
Iteration: 0, conflicts: 0
Total number of colors used: 1183
Total number of conflicts overall: 0
Number of rounds: 1
SUCCESS: No conflicts found
Coloring time: 3.00623
Memory used: 2949.12
Number of reordered colors: 1027
End position for large colors: 0, node count: 552378, largest: 552378
Node count cutoff: 472334
e_xx: 1.18551e+08, a2_x: 6.20458e+11, currMod: 0.619361
e_xx: 1.60251e+08, a2_x: 6.10225e+11, currMod: 0.837229
e_xx: 1.67084e+08, a2_x: 5.42017e+11, currMod: 0.872929
e_xx: 1.69799e+08, a2_x: 5.40612e+11, currMod: 0.887113
e_xx: 1.71202e+08, a2_x: 5.28952e+11, currMod: 0.894445
currMod: 0.887113, prevMod: -1
Louvain time: 58.2658
numClusters: 205323, time: 0.181247
Next phase: 2
Memory used: 2949.12
End Structure 1328775 205323 vs 2861113
Build next level time: 12.3475
Iteration time: 70.8023
Memory used: 2949.12
e_xx: 1.62004e+08, a2_x: 5.29452e+11, currMod: 0.889146
e_xx: 1.73433e+08, a2_x: 3.53356e+11, currMod: 0.951879
e_xx: 1.76454e+08, a2_x: 2.99269e+11, currMod: 0.968463
e_xx: 1.76731e+08, a2_x: 2.6193e+11, currMod: 0.969984
e_xx: 1.7684e+08, a2_x: 2.65835e+11, currMod: 0.97058
e_xx: 1.76947e+08, a2_x: 2.36715e+11, currMod: 0.971171
e_xx: 1.76963e+08, a2_x: 2.36443e+11, currMod: 0.971259
e_xx: 1.77019e+08, a2_x: 2.44978e+11, currMod: 0.971564
e_xx: 1.77008e+08, a2_x: 2.34166e+11, currMod: 0.971506
currMod: 0.971564, prevMod: 0.887113
Louvain time: 6.41094
numClusters: 54509, time: 0.02745
Next phase: 3
Memory used: 2949.12
End Structure 573705 54509 vs 1201908
Build next level time: 0.454292
Iteration time: 6.89504
Memory used: 2949.12
e_xx: 1.77019e+08, a2_x: 2.43014e+11, currMod: 0.971545
e_xx: 1.78505e+08, a2_x: 1.64672e+11, currMod: 0.979706
e_xx: 1.78644e+08, a2_x: 9.84207e+10, currMod: 0.980472
e_xx: 1.7871e+08, a2_x: 6.61192e+10, currMod: 0.980833
e_xx: 1.78697e+08, a2_x: 8.97389e+10, currMod: 0.980763
currMod: 0.980833, prevMod: 0.971564
Louvain time: 1.51843
numClusters: 26109, time: 0.008891
Next phase: 4
Memory used: 2949.12
End Structure 195538 26109 vs 417185
Build next level time: 0.151411
Iteration time: 1.68068
Memory used: 2949.12
e_xx: 1.7871e+08, a2_x: 6.79095e+10, currMod: 0.980821
e_xx: 1.78946e+08, a2_x: 3.38763e+10, currMod: 0.98212
e_xx: 1.78961e+08, a2_x: 1.31178e+09, currMod: 0.982203
e_xx: 1.78962e+08, a2_x: 1.24816e+10, currMod: 0.982204
currMod: 0.982203, prevMod: 0.980833
Louvain time: 0.443703
numClusters: 22285, time: 0.005569
Next phase: 5
Memory used: 2949.12
End Structure 97094 22285 vs 216473
Build next level time: 0.056517
Iteration time: 0.507684
Memory used: 2949.12
e_xx: 1.78961e+08, a2_x: -1.85097e+09, currMod: 0.982201
e_xx: 1.78967e+08, a2_x: -1.29252e+10, currMod: 0.982233
e_xx: 1.78965e+08, a2_x: -6.74266e+09, currMod: 0.982221
currMod: 0.982233, prevMod: 0.982203
Louvain time: 0.181209
numClusters: 22056, time: 0.0049
Next phase: 6
Memory used: 2949.12
End Structure 85174 22056 vs 192404
Build next level time: 0.042112
Iteration time: 0.230146
Memory used: 2949.12
e_xx: 1.78967e+08, a2_x: -1.24338e+10, currMod: 0.982233
e_xx: 1.78968e+08, a2_x: -1.52535e+10, currMod: 0.982235
e_xx: 1.78968e+08, a2_x: -7.54261e+09, currMod: 0.982235
currMod: 0.982235, prevMod: 0.982233
Louvain time: 0.163222
numClusters: 22005, time: 0.004831
Next phase: 7
Memory used: 2949.12
End Structure 81656 22005 vs 185317
Build next level time: 0.044509
Iteration time: 0.21448
Memory used: 2949.12
e_xx: 1.78968e+08, a2_x: -1.47622e+10, currMod: 0.982235
e_xx: 1.78968e+08, a2_x: -1.1212e+10, currMod: 0.982235
currMod: 0.982235, prevMod: 0.982235
Louvain time: 0.103509
numClusters: 22005, time: 0.004864
Maximum degree for the graph: 502
Iteration: 0, conflicts: 0
Total number of colors used: 185
Total number of conflicts overall: 0
Number of rounds: 1
SUCCESS: No conflicts found
Number of reordered colors: 184
End position for large colors: 0, node count: 21551, largest: 21551
Node count cutoff: 4401
e_xx: 1.78995e+08, a2_x: 2.62846e+09, currMod: 0.982387
e_xx: 1.78996e+08, a2_x: 4.74768e+09, currMod: 0.982393
e_xx: 1.79392e+08, a2_x: 6.02369e+09, currMod: 0.984565
e_xx: 1.79382e+08, a2_x: -9.81924e+08, currMod: 0.984506
End Structure 12080 21712 vs 45872
currMod: 0.984565, prevMod: 0.982235
numClusters: 21712
Total iteration time: 80.3304

Loop 0 <line-37> - Time 0.002008 Total energy consumed 0.039750 Ave. Power Level 19.797355
	-------- Loop 0 (sock 1 consumed 0.018645, avg temp 40.000000, final temp 40 ) ------
	-------- Loop 0 (sock 2 consumed 0.021105, avg temp 33.500000, final temp 34 ) ------
Loop 1 <line-54> - Time 0.000999 Total energy consumed 0.039465 Ave. Power Level 39.506838
	-------- Loop 1 (sock 1 consumed 0.017910, avg temp 40.000000, final temp 40 ) ------
	-------- Loop 1 (sock 2 consumed 0.021555, avg temp 33.500000, final temp 34 ) ------
Loop 2 <line-76> - Time 0.003858 Total energy consumed 0.168720 Ave. Power Level 43.731869
	-------- Loop 2 (sock 1 consumed 0.082230, avg temp 40.000000, final temp 40 ) ------
	-------- Loop 2 (sock 2 consumed 0.086490, avg temp 33.000000, final temp 34 ) ------
Loop 3 <line-170> - Time 2.062648 Total energy consumed 81.673560 Ave. Power Level 39.596469
	-------- Loop 3 (sock 1 consumed 39.022515, avg temp 39.500000, final temp 39 ) ------
	-------- Loop 3 (sock 2 consumed 42.651045, avg temp 33.500000, final temp 34 ) ------
Loop 4 <line-192> - Time 0.000730 Total energy consumed 0.000000 Ave. Power Level 0.000000
	-------- Loop 4 (sock 1 consumed 0.000000, avg temp 39.500000, final temp 39 ) ------
	-------- Loop 4 (sock 2 consumed 0.000000, avg temp 33.500000, final temp 34 ) ------
Loop 5 <line-222> - Time 0.786498 Total energy consumed 30.646995 Ave. Power Level 38.966412
	-------- Loop 5 (sock 1 consumed 16.107045, avg temp 40.500000, final temp 40 ) ------
	-------- Loop 5 (sock 2 consumed 14.539950, avg temp 34.000000, final temp 35 ) ------
Loop 6 <line-116> - Time 0.013152 Total energy consumed 0.587520 Ave. Power Level 44.673102
	-------- Loop 6 (sock 1 consumed 0.252570, avg temp 39.714286, final temp 39 ) ------
	-------- Loop 6 (sock 2 consumed 0.334950, avg temp 33.285714, final temp 33 ) ------
Loop 7 <line-334> - Time 1.483534 Total energy consumed 57.612300 Ave. Power Level 38.834505
	-------- Loop 7 (sock 1 consumed 30.249300, avg temp 39.750000, final temp 40 ) ------
	-------- Loop 7 (sock 2 consumed 27.363000, avg temp 33.500000, final temp 33 ) ------
Loop 8 <line-353> - Time 0.001004 Total energy consumed 0.038895 Ave. Power Level 38.735372
	-------- Loop 8 (sock 1 consumed 0.020265, avg temp 39.750000, final temp 40 ) ------
	-------- Loop 8 (sock 2 consumed 0.018630, avg temp 33.500000, final temp 33 ) ------
Loop 9 <line-375> - Time 0.002873 Total energy consumed 0.167685 Ave. Power Level 58.375817
	-------- Loop 9 (sock 1 consumed 0.091290, avg temp 40.000000, final temp 40 ) ------
	-------- Loop 9 (sock 2 consumed 0.076395, avg temp 33.500000, final temp 33 ) ------
Loop 10 <line-85> - Time 0.142039 Total energy consumed 5.635875 Ave. Power Level 39.678397
	-------- Loop 10 (sock 1 consumed 3.030990, avg temp 40.000000, final temp 39 ) ------
	-------- Loop 10 (sock 2 consumed 2.604885, avg temp 33.000000, final temp 33 ) ------
Loop 11 <line-131> - Time 0.029995 Total energy consumed 1.215225 Ave. Power Level 40.514799
	-------- Loop 11 (sock 1 consumed 0.643200, avg temp 40.000000, final temp 39 ) ------
	-------- Loop 11 (sock 2 consumed 0.572025, avg temp 33.000000, final temp 33 ) ------
Loop 12 <line-167> - Time 0.075196 Total energy consumed 2.996400 Ave. Power Level 39.848024
	-------- Loop 12 (sock 1 consumed 1.585335, avg temp 40.000000, final temp 39 ) ------
	-------- Loop 12 (sock 2 consumed 1.411065, avg temp 33.500000, final temp 34 ) ------
Loop 13 <line-213> - Time 46.315058 Total energy consumed 1881.664920 Ave. Power Level 40.627498
	-------- Loop 13 (sock 1 consumed 942.701595, avg temp 39.666667, final temp 39 ) ------
	-------- Loop 13 (sock 2 consumed 938.963325, avg temp 33.555556, final temp 34 ) ------
Loop 14 <line-99> - Time 12.388711 Total energy consumed 476.394285 Ave. Power Level 38.453903
	-------- Loop 14 (sock 1 consumed 245.828895, avg temp 39.714286, final temp 40 ) ------
	-------- Loop 14 (sock 2 consumed 230.565390, avg temp 33.571429, final temp 34 ) ------
Loop 15 <line-160> - Time 0.286702 Total energy consumed 11.393655 Ave. Power Level 39.740387
	-------- Loop 15 (sock 1 consumed 5.498835, avg temp 39.857143, final temp 41 ) ------
	-------- Loop 15 (sock 2 consumed 5.894820, avg temp 33.571429, final temp 35 ) ------
Loop 16 <line-269> - Time 8.767682 Total energy consumed 344.121825 Ave. Power Level 39.248894
	-------- Loop 16 (sock 1 consumed 170.934105, avg temp 39.500000, final temp 40 ) ------
	-------- Loop 16 (sock 2 consumed 173.187720, avg temp 33.538462, final temp 34 ) ------
Loop 17 <line-300> - Time 0.009469 Total energy consumed 0.359430 Ave. Power Level 37.959375
	-------- Loop 17 (sock 1 consumed 0.179805, avg temp 39.600000, final temp 40 ) ------
	-------- Loop 17 (sock 2 consumed 0.179625, avg temp 33.500000, final temp 33 ) ------
Loop 18 <line-148> - Time 0.001853 Total energy consumed 0.079845 Ave. Power Level 43.101005
	-------- Loop 18 (sock 1 consumed 0.037650, avg temp 40.000000, final temp 40 ) ------
	-------- Loop 18 (sock 2 consumed 0.042195, avg temp 34.000000, final temp 34 ) ------
Application(EnergyStat) - Time 100.298099 Total energy consumed 3989.531520 Ave. Power Level 39.776741 Final Temperature socket 1 : 40  socket 2 : 35 
	 ParallelApplication(EnergyStat) - Time 72.374006 Total energy consumed 2894.836350 Ave. Power Level 39.998288
