Memory used: 1.32031
Loading 32-bit binary file: pnnl.bin, numvertices: 2361670, numEdges: 191402826
File read time: 2.88354
Before allocating graph
Allocated graph: 0x1e5e570
Processing edges for vertex: 0, range(0, 166)
Processing edges for vertex: 100000, range(58444108, 58444133)
Processing edges for vertex: 200000, range(84376057, 84376362)
Processing edges for vertex: 300000, range(106069163, 106069503)
Processing edges for vertex: 400000, range(122097114, 122097513)
Processing edges for vertex: 500000, range(135096418, 135096483)
Processing edges for vertex: 600000, range(146097008, 146097061)
Processing edges for vertex: 700000, range(155415410, 155415531)
Processing edges for vertex: 800000, range(162595900, 162595989)
Processing edges for vertex: 900000, range(168508374, 168508464)
Processing edges for vertex: 1000000, range(173203321, 173203442)
Processing edges for vertex: 1100000, range(176935100, 176935110)
Processing edges for vertex: 1200000, range(179876260, 179876270)
Processing edges for vertex: 1300000, range(182240081, 182240092)
Processing edges for vertex: 1400000, range(184224513, 184224521)
Processing edges for vertex: 1500000, range(185795161, 185795170)
Processing edges for vertex: 1600000, range(187104124, 187104130)
Processing edges for vertex: 1700000, range(188148455, 188148461)
Processing edges for vertex: 1800000, range(188997836, 188997842)
Processing edges for vertex: 1900000, range(189691532, 189691535)
Processing edges for vertex: 2000000, range(190254658, 190254660)
Processing edges for vertex: 2100000, range(190705814, 190705822)
Processing edges for vertex: 2200000, range(191052755, 191052764)
Processing edges for vertex: 2300000, range(191302662, 191302663)
Graph populate time: 15.0071
Total I/O time: 17.8907

Regional(EnergyStat) - Time 17.896722 Total energy consumed 689.302770 Ave. Power Level 38.515588 
Running on: 13 threads
Loaded graph from file: pnnl.bin
Memory used: 2949.12
Maximum degree for the graph: 5520
Iteration: 0, conflicts: 18
Iteration: 1, conflicts: 0
Total number of colors used: 1187
Total number of conflicts overall: 0
Number of rounds: 2
SUCCESS: No conflicts found
Coloring time: 1.29959
Memory used: 2949.12
Number of reordered colors: 1011
End position for large colors: 0, node count: 550475, largest: 550475
Node count cutoff: 472334
e_xx: 1.2689e+08, a2_x: 6.81176e+11, currMod: 0.66293
e_xx: 1.6679e+08, a2_x: 5.66766e+11, currMod: 0.871394
e_xx: 1.7277e+08, a2_x: 5.33816e+11, currMod: 0.902634
e_xx: 1.75188e+08, a2_x: 5.2216e+11, currMod: 0.915272
e_xx: 1.76367e+08, a2_x: 5.07977e+11, currMod: 0.92143
currMod: 0.915272, prevMod: -1
Louvain time: 14.1999
numClusters: 202434, time: 0.206551
Next phase: 2
Memory used: 2949.12
End Structure 1237744 202434 vs 2675924
Build next level time: 6.23953
Iteration time: 20.6522
Memory used: 2949.12
e_xx: 1.57955e+08, a2_x: 5.07226e+11, currMod: 0.913104
e_xx: 1.66171e+08, a2_x: 3.37874e+11, currMod: 0.960609
e_xx: 1.6736e+08, a2_x: 3.12729e+11, currMod: 0.967482
e_xx: 1.67594e+08, a2_x: 2.6347e+11, currMod: 0.968835
e_xx: 1.67648e+08, a2_x: 2.83771e+11, currMod: 0.969147
e_xx: 1.67714e+08, a2_x: 2.62404e+11, currMod: 0.969527
e_xx: 1.67711e+08, a2_x: 2.79165e+11, currMod: 0.969512
currMod: 0.969527, prevMod: 0.915272
Louvain time: 2.85804
numClusters: 51560, time: 0.028389
Next phase: 3
Memory used: 2949.12
End Structure 488819 51560 vs 1029189
Build next level time: 0.296036
Iteration time: 3.18331
Memory used: 2949.12
e_xx: 1.67713e+08, a2_x: 2.65227e+11, currMod: 0.9695
e_xx: 1.69401e+08, a2_x: 1.11556e+11, currMod: 0.979261
e_xx: 1.69429e+08, a2_x: 4.33133e+10, currMod: 0.979426
e_xx: 1.69543e+08, a2_x: 8.0042e+10, currMod: 0.980086
e_xx: 1.69459e+08, a2_x: 6.33434e+10, currMod: 0.979598
currMod: 0.980086, prevMod: 0.969527
Louvain time: 0.993815
numClusters: 25439, time: 0.009058
Next phase: 4
Memory used: 2949.12
End Structure 173395 25439 vs 372229
Build next level time: 0.132084
Iteration time: 1.13553
Memory used: 2949.12
e_xx: 1.69543e+08, a2_x: 7.9334e+10, currMod: 0.980073
e_xx: 1.69739e+08, a2_x: 3.88862e+10, currMod: 0.981206
e_xx: 1.69811e+08, a2_x: 2.88401e+10, currMod: 0.98162
e_xx: 1.69813e+08, a2_x: 5.52691e+10, currMod: 0.981634
e_xx: 1.69813e+08, a2_x: 3.27267e+10, currMod: 0.981635
e_xx: 1.69813e+08, a2_x: 4.26593e+10, currMod: 0.981635
currMod: 0.981635, prevMod: 0.980086
Louvain time: 0.560743
numClusters: 22153, time: 0.00594
Next phase: 5
Memory used: 2949.12
End Structure 91052 22153 vs 204257
Build next level time: 0.055449
Iteration time: 0.622638
Memory used: 2949.12
e_xx: 1.69813e+08, a2_x: 3.16192e+10, currMod: 0.981633
e_xx: 1.69817e+08, a2_x: 1.46686e+10, currMod: 0.981657
e_xx: 1.69817e+08, a2_x: 1.44531e+10, currMod: 0.981655
currMod: 0.981657, prevMod: 0.981635
Louvain time: 0.168897
numClusters: 22022, time: 0.005255
Next phase: 6
Memory used: 2949.12
End Structure 81450 22022 vs 184922
Build next level time: 0.043524
Iteration time: 0.217965
Memory used: 2949.12
e_xx: 1.69817e+08, a2_x: 1.5881e+10, currMod: 0.981657
e_xx: 1.69817e+08, a2_x: 1.69339e+10, currMod: 0.981658
currMod: 0.981657, prevMod: 0.981657
Louvain time: 0.102246
numClusters: 22022, time: 0.005252
Maximum degree for the graph: 513
Iteration: 0, conflicts: 0
Total number of colors used: 178
Total number of conflicts overall: 0
Number of rounds: 1
SUCCESS: No conflicts found
Number of reordered colors: 177
End position for large colors: 0, node count: 21563, largest: 21563
Node count cutoff: 4405
e_xx: 1.72572e+08, a2_x: 1.06231e+10, currMod: 0.99758
e_xx: 1.72555e+08, a2_x: 6.73725e+09, currMod: 0.997482
End Structure 1066 21603 vs 23735
currMod: 0.99758, prevMod: 0.981657
numClusters: 21603
Total iteration time: 25.8117

Loop 0 <line-37> - Time 0.001008 Total energy consumed 0.061680 Ave. Power Level 61.198855
	-------- Loop 0 (sock 1 consumed 0.043500, avg temp 41.000000, final temp 41 ) ------
	-------- Loop 0 (sock 2 consumed 0.018180, avg temp 35.000000, final temp 35 ) ------
Loop 1 <line-54> - Time 0.000622 Total energy consumed 0.000000 Ave. Power Level 0.000000
	-------- Loop 1 (sock 1 consumed 0.000000, avg temp 40.500000, final temp 40 ) ------
	-------- Loop 1 (sock 2 consumed 0.000000, avg temp 35.000000, final temp 35 ) ------
Loop 2 <line-76> - Time 0.000691 Total energy consumed 0.062715 Ave. Power Level 90.760557
	-------- Loop 2 (sock 1 consumed 0.020280, avg temp 40.500000, final temp 40 ) ------
	-------- Loop 2 (sock 2 consumed 0.042435, avg temp 35.500000, final temp 35 ) ------
Loop 3 <line-170> - Time 0.805092 Total energy consumed 35.321325 Ave. Power Level 43.872432
	-------- Loop 3 (sock 1 consumed 18.305445, avg temp 41.000000, final temp 41 ) ------
	-------- Loop 3 (sock 2 consumed 17.015880, avg temp 35.000000, final temp 35 ) ------
Loop 4 <line-192> - Time 0.000264 Total energy consumed 0.000000 Ave. Power Level 0.000000
	-------- Loop 4 (sock 1 consumed 0.000000, avg temp 41.000000, final temp 41 ) ------
	-------- Loop 4 (sock 2 consumed 0.000000, avg temp 35.000000, final temp 35 ) ------
Loop 5 <line-222> - Time 0.326751 Total energy consumed 14.102130 Ave. Power Level 43.158607
	-------- Loop 5 (sock 1 consumed 6.895515, avg temp 41.000000, final temp 41 ) ------
	-------- Loop 5 (sock 2 consumed 7.206615, avg temp 35.500000, final temp 36 ) ------
Loop 6 <line-116> - Time 0.002211 Total energy consumed 0.102960 Ave. Power Level 46.559520
	-------- Loop 6 (sock 1 consumed 0.084330, avg temp 40.666667, final temp 41 ) ------
	-------- Loop 6 (sock 2 consumed 0.018630, avg temp 35.333333, final temp 35 ) ------
Loop 7 <line-334> - Time 0.713774 Total energy consumed 29.341785 Ave. Power Level 41.107935
	-------- Loop 7 (sock 1 consumed 15.643350, avg temp 41.142857, final temp 41 ) ------
	-------- Loop 7 (sock 2 consumed 13.698435, avg temp 35.285714, final temp 36 ) ------
Loop 8 <line-353> - Time 0.000560 Total energy consumed 0.060270 Ave. Power Level 107.542998
	-------- Loop 8 (sock 1 consumed 0.041850, avg temp 41.142857, final temp 41 ) ------
	-------- Loop 8 (sock 2 consumed 0.018420, avg temp 35.285714, final temp 36 ) ------
Loop 9 <line-375> - Time 0.000872 Total energy consumed 0.020025 Ave. Power Level 22.955183
	-------- Loop 9 (sock 1 consumed 0.000000, avg temp 41.142857, final temp 41 ) ------
	-------- Loop 9 (sock 2 consumed 0.020025, avg temp 35.285714, final temp 36 ) ------
Loop 10 <line-85> - Time 0.216867 Total energy consumed 12.133890 Ave. Power Level 55.950755
	-------- Loop 10 (sock 1 consumed 6.206925, avg temp 40.750000, final temp 40 ) ------
	-------- Loop 10 (sock 2 consumed 5.926965, avg temp 35.250000, final temp 35 ) ------
Loop 11 <line-131> - Time 0.004862 Total energy consumed 0.321420 Ave. Power Level 66.105960
	-------- Loop 11 (sock 1 consumed 0.180000, avg temp 41.500000, final temp 41 ) ------
	-------- Loop 11 (sock 2 consumed 0.141420, avg temp 35.500000, final temp 35 ) ------
Loop 12 <line-167> - Time 0.371644 Total energy consumed 21.113040 Ave. Power Level 56.809808
	-------- Loop 12 (sock 1 consumed 10.852110, avg temp 41.000000, final temp 41 ) ------
	-------- Loop 12 (sock 2 consumed 10.260930, avg temp 35.500000, final temp 35 ) ------
Loop 13 <line-213> - Time 8.027302 Total energy consumed 465.439080 Ave. Power Level 57.982010
	-------- Loop 13 (sock 1 consumed 239.934270, avg temp 41.142857, final temp 41 ) ------
	-------- Loop 13 (sock 2 consumed 225.504810, avg temp 35.857143, final temp 35 ) ------
Loop 14 <line-99> - Time 6.266951 Total energy consumed 265.051845 Ave. Power Level 42.293590
	-------- Loop 14 (sock 1 consumed 135.389175, avg temp 40.333333, final temp 40 ) ------
	-------- Loop 14 (sock 2 consumed 129.662670, avg temp 35.500000, final temp 36 ) ------
Loop 15 <line-160> - Time 0.142778 Total energy consumed 6.422910 Ave. Power Level 44.985197
	-------- Loop 15 (sock 1 consumed 3.256470, avg temp 40.500000, final temp 40 ) ------
	-------- Loop 15 (sock 2 consumed 3.166440, avg temp 35.333333, final temp 36 ) ------
Loop 16 <line-269> - Time 4.652109 Total energy consumed 184.763985 Ave. Power Level 39.716175
	-------- Loop 16 (sock 1 consumed 90.615225, avg temp 40.391304, final temp 40 ) ------
	-------- Loop 16 (sock 2 consumed 94.148760, avg temp 35.173913, final temp 35 ) ------
Loop 17 <line-300> - Time 0.002062 Total energy consumed 0.213720 Ave. Power Level 103.668764
	-------- Loop 17 (sock 1 consumed 0.115200, avg temp 40.500000, final temp 41 ) ------
	-------- Loop 17 (sock 2 consumed 0.098520, avg temp 35.166667, final temp 35 ) ------
Loop 18 <line-148> - Time 0.000425 Total energy consumed 0.000000 Ave. Power Level 0.000000
	-------- Loop 18 (sock 1 consumed 0.000000, avg temp 41.000000, final temp 41 ) ------
	-------- Loop 18 (sock 2 consumed 0.000000, avg temp 35.000000, final temp 35 ) ------
Application(EnergyStat) - Time 45.168564 Total energy consumed 1958.069940 Ave. Power Level 43.350281 Final Temperature socket 1 : 41  socket 2 : 36 
	 ParallelApplication(EnergyStat) - Time 21.536846 Total energy consumed 1034.532780 Ave. Power Level 48.035481
Memory used: 1.32031
Loading 32-bit binary file: pnnl.bin, numvertices: 2361670, numEdges: 191402826
File read time: 2.8587
Before allocating graph
Allocated graph: 0x1513570
Processing edges for vertex: 0, range(0, 166)
Processing edges for vertex: 100000, range(58444108, 58444133)
Processing edges for vertex: 200000, range(84376057, 84376362)
Processing edges for vertex: 300000, range(106069163, 106069503)
Processing edges for vertex: 400000, range(122097114, 122097513)
Processing edges for vertex: 500000, range(135096418, 135096483)
Processing edges for vertex: 600000, range(146097008, 146097061)
Processing edges for vertex: 700000, range(155415410, 155415531)
Processing edges for vertex: 800000, range(162595900, 162595989)
Processing edges for vertex: 900000, range(168508374, 168508464)
Processing edges for vertex: 1000000, range(173203321, 173203442)
Processing edges for vertex: 1100000, range(176935100, 176935110)
Processing edges for vertex: 1200000, range(179876260, 179876270)
Processing edges for vertex: 1300000, range(182240081, 182240092)
Processing edges for vertex: 1400000, range(184224513, 184224521)
Processing edges for vertex: 1500000, range(185795161, 185795170)
Processing edges for vertex: 1600000, range(187104124, 187104130)
Processing edges for vertex: 1700000, range(188148455, 188148461)
Processing edges for vertex: 1800000, range(188997836, 188997842)
Processing edges for vertex: 1900000, range(189691532, 189691535)
Processing edges for vertex: 2000000, range(190254658, 190254660)
Processing edges for vertex: 2100000, range(190705814, 190705822)
Processing edges for vertex: 2200000, range(191052755, 191052764)
Processing edges for vertex: 2300000, range(191302662, 191302663)
Graph populate time: 14.8351
Total I/O time: 17.6939

Regional(EnergyStat) - Time 17.699804 Total energy consumed 679.807035 Ave. Power Level 38.407602 
Running on: 13 threads
Loaded graph from file: pnnl.bin
Memory used: 2949.12
Maximum degree for the graph: 5520
Iteration: 0, conflicts: 22
Iteration: 1, conflicts: 1
Iteration: 2, conflicts: 0
Total number of colors used: 1182
Total number of conflicts overall: 0
Number of rounds: 3
SUCCESS: No conflicts found
Coloring time: 1.27368
Memory used: 2949.12
Number of reordered colors: 1009
End position for large colors: 0, node count: 550567, largest: 550567
Node count cutoff: 472334
e_xx: 1.27645e+08, a2_x: 6.13071e+11, currMod: 0.666873
e_xx: 1.67139e+08, a2_x: 5.8697e+11, currMod: 0.873214
e_xx: 1.73129e+08, a2_x: 5.52525e+11, currMod: 0.904513
e_xx: 1.7541e+08, a2_x: 4.92895e+11, currMod: 0.916428
e_xx: 1.76501e+08, a2_x: 5.13178e+11, currMod: 0.922128
currMod: 0.916428, prevMod: -1
Louvain time: 14.1825
numClusters: 203737, time: 0.183895
Next phase: 2
Memory used: 2949.12
End Structure 1298041 203737 vs 2798083
Build next level time: 6.33538
Iteration time: 20.708
Memory used: 2949.12
e_xx: 1.57507e+08, a2_x: 5.14068e+11, currMod: 0.913587
e_xx: 1.65621e+08, a2_x: 3.82085e+11, currMod: 0.960654
e_xx: 1.67028e+08, a2_x: 2.94744e+11, currMod: 0.968821
e_xx: 1.67396e+08, a2_x: 2.75524e+11, currMod: 0.970958
e_xx: 1.67515e+08, a2_x: 3.02836e+11, currMod: 0.971642
e_xx: 1.67585e+08, a2_x: 2.73086e+11, currMod: 0.97205
e_xx: 1.67605e+08, a2_x: 3.04679e+11, currMod: 0.972165
e_xx: 1.67645e+08, a2_x: 2.78802e+11, currMod: 0.9724
e_xx: 1.6765e+08, a2_x: 2.87728e+11, currMod: 0.972431
e_xx: 1.67676e+08, a2_x: 2.76538e+11, currMod: 0.972581
e_xx: 1.67675e+08, a2_x: 2.93804e+11, currMod: 0.972571
currMod: 0.972581, prevMod: 0.916428
Louvain time: 4.56831
numClusters: 50107, time: 0.02632
Next phase: 3
Memory used: 2949.12
End Structure 485117 50107 vs 1020330
Build next level time: 0.332543
Iteration time: 4.92876
Memory used: 2949.12
e_xx: 1.67676e+08, a2_x: 2.76082e+11, currMod: 0.972552
e_xx: 1.68736e+08, a2_x: 1.21919e+11, currMod: 0.978706
e_xx: 1.68793e+08, a2_x: 9.62895e+10, currMod: 0.979034
e_xx: 1.68786e+08, a2_x: 7.96743e+10, currMod: 0.978998
currMod: 0.979034, prevMod: 0.972581
Louvain time: 0.829483
numClusters: 26462, time: 0.009273
Next phase: 4
Memory used: 2949.12
End Structure 195603 26462 vs 417667
Build next level time: 0.12676
Iteration time: 0.966257
Memory used: 2949.12
e_xx: 1.68793e+08, a2_x: 9.56421e+10, currMod: 0.979023
e_xx: 1.69151e+08, a2_x: 4.46065e+10, currMod: 0.981101
e_xx: 1.69186e+08, a2_x: 8.97257e+07, currMod: 0.981308
e_xx: 1.69158e+08, a2_x: 3.22036e+10, currMod: 0.981143
currMod: 0.981308, prevMod: 0.979034
Louvain time: 0.41182
numClusters: 22352, time: 0.006077
Next phase: 5
Memory used: 2949.12
End Structure 105462 22352 vs 233276
Build next level time: 0.06971
Iteration time: 0.488228
Memory used: 2949.12
e_xx: 1.69186e+08, a2_x: -1.16386e+08, currMod: 0.981305
e_xx: 1.69208e+08, a2_x: 2.9946e+09, currMod: 0.981436
e_xx: 1.69207e+08, a2_x: 2.40807e+10, currMod: 0.981426
currMod: 0.981436, prevMod: 0.981308
Louvain time: 0.19795
numClusters: 22079, time: 0.005316
Next phase: 6
Memory used: 2949.12
End Structure 90399 22079 vs 202877
Build next level time: 0.046487
Iteration time: 0.250187
Memory used: 2949.12
e_xx: 1.69208e+08, a2_x: 4.67519e+09, currMod: 0.981436
e_xx: 1.69209e+08, a2_x: 1.31086e+10, currMod: 0.981438
e_xx: 1.69209e+08, a2_x: 1.18166e+10, currMod: 0.981438
currMod: 0.981438, prevMod: 0.981436
Louvain time: 0.169946
numClusters: 22019, time: 0.005275
Next phase: 7
Memory used: 2949.12
End Structure 87051 22019 vs 196121
Build next level time: 0.047395
Iteration time: 0.223075
Memory used: 2949.12
e_xx: 1.69209e+08, a2_x: 9.99006e+09, currMod: 0.981438
e_xx: 1.69209e+08, a2_x: 1.02641e+10, currMod: 0.981438
currMod: 0.981438, prevMod: 0.981438
Louvain time: 0.109479
numClusters: 22019, time: 0.005253
Maximum degree for the graph: 518
Iteration: 0, conflicts: 0
Total number of colors used: 183
Total number of conflicts overall: 0
Number of rounds: 1
SUCCESS: No conflicts found
Number of reordered colors: 180
End position for large colors: 0, node count: 21546, largest: 21546
Node count cutoff: 4404
e_xx: 1.69211e+08, a2_x: 7.1377e+09, currMod: 0.98145
e_xx: 1.69211e+08, a2_x: 5.8713e+09, currMod: 0.981448
End Structure 74992 21967 vs 171951
currMod: 0.98145, prevMod: 0.981438
numClusters: 21967
Total iteration time: 27.5645

Loop 0 <line-37> - Time 0.000894 Total energy consumed 0.018390 Ave. Power Level 20.566375
	-------- Loop 0 (sock 1 consumed 0.000000, avg temp 40.500000, final temp 40 ) ------
	-------- Loop 0 (sock 2 consumed 0.018390, avg temp 35.000000, final temp 36 ) ------
Loop 1 <line-54> - Time 0.000491 Total energy consumed 0.038625 Ave. Power Level 78.735262
	-------- Loop 1 (sock 1 consumed 0.020415, avg temp 40.500000, final temp 40 ) ------
	-------- Loop 1 (sock 2 consumed 0.018210, avg temp 35.500000, final temp 36 ) ------
Loop 2 <line-76> - Time 0.000695 Total energy consumed 0.000000 Ave. Power Level 0.000000
	-------- Loop 2 (sock 1 consumed 0.000000, avg temp 40.500000, final temp 40 ) ------
	-------- Loop 2 (sock 2 consumed 0.000000, avg temp 35.500000, final temp 36 ) ------
Loop 3 <line-170> - Time 0.804760 Total energy consumed 35.300775 Ave. Power Level 43.864987
	-------- Loop 3 (sock 1 consumed 18.723600, avg temp 40.750000, final temp 40 ) ------
	-------- Loop 3 (sock 2 consumed 16.577175, avg temp 36.000000, final temp 36 ) ------
Loop 4 <line-192> - Time 0.000261 Total energy consumed 0.000000 Ave. Power Level 0.000000
	-------- Loop 4 (sock 1 consumed 0.000000, avg temp 40.500000, final temp 40 ) ------
	-------- Loop 4 (sock 2 consumed 0.000000, avg temp 36.000000, final temp 36 ) ------
Loop 5 <line-222> - Time 0.302985 Total energy consumed 13.186005 Ave. Power Level 43.520390
	-------- Loop 5 (sock 1 consumed 6.941760, avg temp 40.000000, final temp 40 ) ------
	-------- Loop 5 (sock 2 consumed 6.244245, avg temp 35.500000, final temp 36 ) ------
Loop 6 <line-116> - Time 0.003347 Total energy consumed 0.097560 Ave. Power Level 29.148186
	-------- Loop 6 (sock 1 consumed 0.036090, avg temp 40.142857, final temp 41 ) ------
	-------- Loop 6 (sock 2 consumed 0.061470, avg temp 35.285714, final temp 35 ) ------
Loop 7 <line-334> - Time 0.714333 Total energy consumed 29.453565 Ave. Power Level 41.232263
	-------- Loop 7 (sock 1 consumed 15.301140, avg temp 40.125000, final temp 40 ) ------
	-------- Loop 7 (sock 2 consumed 14.152425, avg temp 35.375000, final temp 36 ) ------
Loop 8 <line-353> - Time 0.000597 Total energy consumed 0.000000 Ave. Power Level 0.000000
	-------- Loop 8 (sock 1 consumed 0.000000, avg temp 40.125000, final temp 40 ) ------
	-------- Loop 8 (sock 2 consumed 0.000000, avg temp 35.375000, final temp 36 ) ------
Loop 9 <line-375> - Time 0.000887 Total energy consumed 0.173145 Ave. Power Level 195.109446
	-------- Loop 9 (sock 1 consumed 0.117060, avg temp 40.125000, final temp 40 ) ------
	-------- Loop 9 (sock 2 consumed 0.056085, avg temp 35.250000, final temp 36 ) ------
Loop 10 <line-85> - Time 0.215317 Total energy consumed 12.060705 Ave. Power Level 56.013745
	-------- Loop 10 (sock 1 consumed 6.166350, avg temp 40.500000, final temp 40 ) ------
	-------- Loop 10 (sock 2 consumed 5.894355, avg temp 35.250000, final temp 36 ) ------
Loop 11 <line-131> - Time 0.004867 Total energy consumed 0.233385 Ave. Power Level 47.949986
	-------- Loop 11 (sock 1 consumed 0.120360, avg temp 40.000000, final temp 40 ) ------
	-------- Loop 11 (sock 2 consumed 0.113025, avg temp 35.500000, final temp 36 ) ------
Loop 12 <line-167> - Time 0.279711 Total energy consumed 15.726555 Ave. Power Level 56.224204
	-------- Loop 12 (sock 1 consumed 8.080770, avg temp 40.500000, final temp 40 ) ------
	-------- Loop 12 (sock 2 consumed 7.645785, avg temp 36.000000, final temp 36 ) ------
Loop 13 <line-213> - Time 8.088202 Total energy consumed 469.840710 Ave. Power Level 58.089633
	-------- Loop 13 (sock 1 consumed 243.299670, avg temp 40.571429, final temp 40 ) ------
	-------- Loop 13 (sock 2 consumed 226.541040, avg temp 35.857143, final temp 36 ) ------
Loop 14 <line-99> - Time 6.407303 Total energy consumed 270.741960 Ave. Power Level 42.255215
	-------- Loop 14 (sock 1 consumed 137.296665, avg temp 40.571429, final temp 40 ) ------
	-------- Loop 14 (sock 2 consumed 133.445295, avg temp 35.428571, final temp 35 ) ------
Loop 15 <line-160> - Time 0.162936 Total energy consumed 7.444575 Ave. Power Level 45.690086
	-------- Loop 15 (sock 1 consumed 3.734715, avg temp 40.142857, final temp 40 ) ------
	-------- Loop 15 (sock 2 consumed 3.709860, avg temp 35.857143, final temp 36 ) ------
Loop 16 <line-269> - Time 6.250472 Total energy consumed 248.528640 Ave. Power Level 39.761577
	-------- Loop 16 (sock 1 consumed 120.266760, avg temp 40.333333, final temp 40 ) ------
	-------- Loop 16 (sock 2 consumed 128.261880, avg temp 35.407407, final temp 35 ) ------
Loop 17 <line-300> - Time 0.003044 Total energy consumed 0.095340 Ave. Power Level 31.323584
	-------- Loop 17 (sock 1 consumed 0.056820, avg temp 40.380952, final temp 40 ) ------
	-------- Loop 17 (sock 2 consumed 0.038520, avg temp 35.333333, final temp 35 ) ------
Loop 18 <line-148> - Time 0.000510 Total energy consumed 0.000000 Ave. Power Level 0.000000
	-------- Loop 18 (sock 1 consumed 0.000000, avg temp 40.000000, final temp 40 ) ------
	-------- Loop 18 (sock 2 consumed 0.000000, avg temp 36.000000, final temp 36 ) ------
Application(EnergyStat) - Time 46.727759 Total energy consumed 2018.658450 Ave. Power Level 43.200412 Final Temperature socket 1 : 40  socket 2 : 35 
	 ParallelApplication(EnergyStat) - Time 23.241613 Total energy consumed 1102.939935 Ave. Power Level 47.455396
Memory used: 1.32031
Loading 32-bit binary file: pnnl.bin, numvertices: 2361670, numEdges: 191402826
File read time: 2.94616
Before allocating graph
Allocated graph: 0x181e570
Processing edges for vertex: 0, range(0, 166)
Processing edges for vertex: 100000, range(58444108, 58444133)
Processing edges for vertex: 200000, range(84376057, 84376362)
Processing edges for vertex: 300000, range(106069163, 106069503)
Processing edges for vertex: 400000, range(122097114, 122097513)
Processing edges for vertex: 500000, range(135096418, 135096483)
Processing edges for vertex: 600000, range(146097008, 146097061)
Processing edges for vertex: 700000, range(155415410, 155415531)
Processing edges for vertex: 800000, range(162595900, 162595989)
Processing edges for vertex: 900000, range(168508374, 168508464)
Processing edges for vertex: 1000000, range(173203321, 173203442)
Processing edges for vertex: 1100000, range(176935100, 176935110)
Processing edges for vertex: 1200000, range(179876260, 179876270)
Processing edges for vertex: 1300000, range(182240081, 182240092)
Processing edges for vertex: 1400000, range(184224513, 184224521)
Processing edges for vertex: 1500000, range(185795161, 185795170)
Processing edges for vertex: 1600000, range(187104124, 187104130)
Processing edges for vertex: 1700000, range(188148455, 188148461)
Processing edges for vertex: 1800000, range(188997836, 188997842)
Processing edges for vertex: 1900000, range(189691532, 189691535)
Processing edges for vertex: 2000000, range(190254658, 190254660)
Processing edges for vertex: 2100000, range(190705814, 190705822)
Processing edges for vertex: 2200000, range(191052755, 191052764)
Processing edges for vertex: 2300000, range(191302662, 191302663)
Graph populate time: 15.1047
Total I/O time: 18.0509

Regional(EnergyStat) - Time 18.057080 Total energy consumed 692.195010 Ave. Power Level 38.333718 
Running on: 13 threads
Loaded graph from file: pnnl.bin
Memory used: 2949.12
Maximum degree for the graph: 5520
Iteration: 0, conflicts: 39
Iteration: 1, conflicts: 5
Iteration: 2, conflicts: 1
Iteration: 3, conflicts: 0
Total number of colors used: 1191
Total number of conflicts overall: 0
Number of rounds: 4
SUCCESS: No conflicts found
Coloring time: 1.3988
Memory used: 2949.12
Number of reordered colors: 1019
End position for large colors: 0, node count: 550616, largest: 550616
Node count cutoff: 472334
e_xx: 1.24532e+08, a2_x: 6.72825e+11, currMod: 0.650611
e_xx: 1.67466e+08, a2_x: 6.18441e+11, currMod: 0.874923
e_xx: 1.73951e+08, a2_x: 6.02382e+11, currMod: 0.908805
e_xx: 1.76701e+08, a2_x: 5.49316e+11, currMod: 0.923174
e_xx: 1.77944e+08, a2_x: 5.48456e+11, currMod: 0.929667
currMod: 0.923174, prevMod: -1
Louvain time: 14.2566
numClusters: 201754, time: 0.209008
Next phase: 2
Memory used: 2949.12
End Structure 1211627 201754 vs 2623056
Build next level time: 6.4234
Iteration time: 20.8958
Memory used: 2949.12
e_xx: 1.5521e+08, a2_x: 5.51544e+11, currMod: 0.920226
e_xx: 1.62298e+08, a2_x: 3.27251e+11, currMod: 0.962261
e_xx: 1.63659e+08, a2_x: 3.26868e+11, currMod: 0.97033
e_xx: 1.64048e+08, a2_x: 3.02538e+11, currMod: 0.972636
e_xx: 1.64107e+08, a2_x: 2.91954e+11, currMod: 0.972985
e_xx: 1.64222e+08, a2_x: 2.82798e+11, currMod: 0.973669
e_xx: 1.64191e+08, a2_x: 2.99026e+11, currMod: 0.973485
currMod: 0.973669, prevMod: 0.923174
Louvain time: 2.80862
numClusters: 52038, time: 0.028138
Next phase: 3
Memory used: 2949.12
End Structure 490335 52038 vs 1032698
Build next level time: 0.340617
Iteration time: 3.17812
Memory used: 2949.12
e_xx: 1.64222e+08, a2_x: 2.84103e+11, currMod: 0.973639
e_xx: 1.65067e+08, a2_x: 1.15885e+11, currMod: 0.978657
e_xx: 1.65133e+08, a2_x: 5.00517e+10, currMod: 0.979048
e_xx: 1.65244e+08, a2_x: 4.94532e+10, currMod: 0.979705
e_xx: 1.65147e+08, a2_x: 6.88026e+10, currMod: 0.979129
currMod: 0.979705, prevMod: 0.973669
Louvain time: 0.992834
numClusters: 25322, time: 0.009091
Next phase: 4
Memory used: 2949.12
End Structure 172516 25322 vs 370354
Build next level time: 0.12571
Iteration time: 1.12818
Memory used: 2949.12
e_xx: 1.65244e+08, a2_x: 4.86379e+10, currMod: 0.979693
e_xx: 1.65447e+08, a2_x: 3.26034e+10, currMod: 0.980902
e_xx: 1.65482e+08, a2_x: 5.12238e+10, currMod: 0.981108
e_xx: 1.65482e+08, a2_x: 3.03425e+10, currMod: 0.98111
e_xx: 1.65484e+08, a2_x: 3.13777e+10, currMod: 0.981117
e_xx: 1.65483e+08, a2_x: 2.14124e+10, currMod: 0.981113
currMod: 0.981117, prevMod: 0.979705
Louvain time: 0.564895
numClusters: 22166, time: 0.005933
Next phase: 5
Memory used: 2949.12
End Structure 88416 22166 vs 198998
Build next level time: 0.054513
Iteration time: 0.625812
Memory used: 2949.12
e_xx: 1.65484e+08, a2_x: 2.89452e+10, currMod: 0.981115
e_xx: 1.65488e+08, a2_x: 1.84045e+10, currMod: 0.981138
e_xx: 1.65487e+08, a2_x: 1.7272e+10, currMod: 0.981133
currMod: 0.981138, prevMod: 0.981117
Louvain time: 0.16364
numClusters: 22027, time: 0.005269
Next phase: 6
Memory used: 2949.12
End Structure 79199 22027 vs 180425
Build next level time: 0.046816
Iteration time: 0.216063
Memory used: 2949.12
e_xx: 1.65488e+08, a2_x: 1.99173e+10, currMod: 0.981138
e_xx: 1.65488e+08, a2_x: 2.09012e+10, currMod: 0.981139
currMod: 0.981138, prevMod: 0.981138
Louvain time: 0.099105
numClusters: 22027, time: 0.005247
Maximum degree for the graph: 513
Iteration: 0, conflicts: 0
Total number of colors used: 182
Total number of conflicts overall: 0
Number of rounds: 1
SUCCESS: No conflicts found
Number of reordered colors: 180
End position for large colors: 0, node count: 21572, largest: 21572
Node count cutoff: 4406
e_xx: 1.65494e+08, a2_x: 1.85944e+10, currMod: 0.981177
e_xx: 1.66609e+08, a2_x: 2.22969e+10, currMod: 0.987785
e_xx: 1.66587e+08, a2_x: 2.56278e+10, currMod: 0.987654
End Structure 3330 21651 vs 28311
currMod: 0.987785, prevMod: 0.981138
numClusters: 21651
Total iteration time: 26.044

Loop 0 <line-37> - Time 0.002116 Total energy consumed 0.039300 Ave. Power Level 18.570418
	-------- Loop 0 (sock 1 consumed 0.018645, avg temp 40.000000, final temp 40 ) ------
	-------- Loop 0 (sock 2 consumed 0.020655, avg temp 35.500000, final temp 36 ) ------
Loop 1 <line-54> - Time 0.000472 Total energy consumed 0.000000 Ave. Power Level 0.000000
	-------- Loop 1 (sock 1 consumed 0.000000, avg temp 40.000000, final temp 40 ) ------
	-------- Loop 1 (sock 2 consumed 0.000000, avg temp 35.000000, final temp 35 ) ------
Loop 2 <line-76> - Time 0.000687 Total energy consumed 0.000000 Ave. Power Level 0.000000
	-------- Loop 2 (sock 1 consumed 0.000000, avg temp 40.000000, final temp 40 ) ------
	-------- Loop 2 (sock 2 consumed 0.000000, avg temp 35.000000, final temp 35 ) ------
Loop 3 <line-170> - Time 0.839320 Total energy consumed 36.036225 Ave. Power Level 42.935029
	-------- Loop 3 (sock 1 consumed 17.109885, avg temp 39.800000, final temp 39 ) ------
	-------- Loop 3 (sock 2 consumed 18.926340, avg temp 35.200000, final temp 36 ) ------
Loop 4 <line-192> - Time 0.000266 Total energy consumed 0.000000 Ave. Power Level 0.000000
	-------- Loop 4 (sock 1 consumed 0.000000, avg temp 39.500000, final temp 39 ) ------
	-------- Loop 4 (sock 2 consumed 0.000000, avg temp 35.500000, final temp 36 ) ------
Loop 5 <line-222> - Time 0.390163 Total energy consumed 16.249770 Ave. Power Level 41.648700
	-------- Loop 5 (sock 1 consumed 8.178375, avg temp 40.000000, final temp 39 ) ------
	-------- Loop 5 (sock 2 consumed 8.071395, avg temp 36.500000, final temp 37 ) ------
Loop 6 <line-116> - Time 0.002243 Total energy consumed 0.000000 Ave. Power Level 0.000000
	-------- Loop 6 (sock 1 consumed 0.000000, avg temp 39.833333, final temp 40 ) ------
	-------- Loop 6 (sock 2 consumed 0.000000, avg temp 35.500000, final temp 35 ) ------
Loop 7 <line-334> - Time 0.720914 Total energy consumed 29.124510 Ave. Power Level 40.399431
	-------- Loop 7 (sock 1 consumed 13.918560, avg temp 39.571429, final temp 39 ) ------
	-------- Loop 7 (sock 2 consumed 15.205950, avg temp 36.142857, final temp 37 ) ------
Loop 8 <line-353> - Time 0.000533 Total energy consumed 0.000000 Ave. Power Level 0.000000
	-------- Loop 8 (sock 1 consumed 0.000000, avg temp 39.571429, final temp 39 ) ------
	-------- Loop 8 (sock 2 consumed 0.000000, avg temp 36.142857, final temp 37 ) ------
Loop 9 <line-375> - Time 0.000871 Total energy consumed 0.000000 Ave. Power Level 0.000000
	-------- Loop 9 (sock 1 consumed 0.000000, avg temp 39.571429, final temp 39 ) ------
	-------- Loop 9 (sock 2 consumed 0.000000, avg temp 36.142857, final temp 37 ) ------
Loop 10 <line-85> - Time 0.221521 Total energy consumed 12.495810 Ave. Power Level 56.409258
	-------- Loop 10 (sock 1 consumed 6.137250, avg temp 40.250000, final temp 40 ) ------
	-------- Loop 10 (sock 2 consumed 6.358560, avg temp 36.000000, final temp 36 ) ------
Loop 11 <line-131> - Time 0.004899 Total energy consumed 0.289395 Ave. Power Level 59.071717
	-------- Loop 11 (sock 1 consumed 0.142065, avg temp 40.000000, final temp 40 ) ------
	-------- Loop 11 (sock 2 consumed 0.147330, avg temp 36.000000, final temp 36 ) ------
Loop 12 <line-167> - Time 0.338615 Total energy consumed 19.038960 Ave. Power Level 56.225993
	-------- Loop 12 (sock 1 consumed 9.317940, avg temp 40.500000, final temp 40 ) ------
	-------- Loop 12 (sock 2 consumed 9.721020, avg temp 36.000000, final temp 36 ) ------
Loop 13 <line-213> - Time 8.100150 Total energy consumed 463.057320 Ave. Power Level 57.166512
	-------- Loop 13 (sock 1 consumed 227.169210, avg temp 40.375000, final temp 40 ) ------
	-------- Loop 13 (sock 2 consumed 235.888110, avg temp 36.750000, final temp 36 ) ------
Loop 14 <line-99> - Time 6.486181 Total energy consumed 270.916185 Ave. Power Level 41.768214
	-------- Loop 14 (sock 1 consumed 129.617250, avg temp 39.666667, final temp 39 ) ------
	-------- Loop 14 (sock 2 consumed 141.298935, avg temp 35.500000, final temp 36 ) ------
Loop 15 <line-160> - Time 0.144072 Total energy consumed 6.585000 Ave. Power Level 45.706430
	-------- Loop 15 (sock 1 consumed 3.249105, avg temp 40.000000, final temp 39 ) ------
	-------- Loop 15 (sock 2 consumed 3.335895, avg temp 35.833333, final temp 36 ) ------
Loop 16 <line-269> - Time 4.598219 Total energy consumed 183.056505 Ave. Power Level 39.810308
	-------- Loop 16 (sock 1 consumed 91.529160, avg temp 39.869565, final temp 40 ) ------
	-------- Loop 16 (sock 2 consumed 91.527345, avg temp 35.565217, final temp 36 ) ------
Loop 17 <line-300> - Time 0.001939 Total energy consumed 0.118275 Ave. Power Level 61.002593
	-------- Loop 17 (sock 1 consumed 0.061560, avg temp 39.833333, final temp 40 ) ------
	-------- Loop 17 (sock 2 consumed 0.056715, avg temp 35.666667, final temp 35 ) ------
Loop 18 <line-148> - Time 0.000455 Total energy consumed 0.017775 Ave. Power Level 39.036249
	-------- Loop 18 (sock 1 consumed 0.017775, avg temp 40.000000, final temp 40 ) ------
	-------- Loop 18 (sock 2 consumed 0.000000, avg temp 36.000000, final temp 36 ) ------
Application(EnergyStat) - Time 45.664739 Total energy consumed 1963.735155 Ave. Power Level 43.003315 Final Temperature socket 1 : 39  socket 2 : 37 
	 ParallelApplication(EnergyStat) - Time 21.853633 Total energy consumed 1037.025030 Ave. Power Level 47.453209
Memory used: 1.32031
Loading 32-bit binary file: pnnl.bin, numvertices: 2361670, numEdges: 191402826
File read time: 2.87433
Before allocating graph
Allocated graph: 0x1a77570
Processing edges for vertex: 0, range(0, 166)
Processing edges for vertex: 100000, range(58444108, 58444133)
Processing edges for vertex: 200000, range(84376057, 84376362)
Processing edges for vertex: 300000, range(106069163, 106069503)
Processing edges for vertex: 400000, range(122097114, 122097513)
Processing edges for vertex: 500000, range(135096418, 135096483)
Processing edges for vertex: 600000, range(146097008, 146097061)
Processing edges for vertex: 700000, range(155415410, 155415531)
Processing edges for vertex: 800000, range(162595900, 162595989)
Processing edges for vertex: 900000, range(168508374, 168508464)
Processing edges for vertex: 1000000, range(173203321, 173203442)
Processing edges for vertex: 1100000, range(176935100, 176935110)
Processing edges for vertex: 1200000, range(179876260, 179876270)
Processing edges for vertex: 1300000, range(182240081, 182240092)
Processing edges for vertex: 1400000, range(184224513, 184224521)
Processing edges for vertex: 1500000, range(185795161, 185795170)
Processing edges for vertex: 1600000, range(187104124, 187104130)
Processing edges for vertex: 1700000, range(188148455, 188148461)
Processing edges for vertex: 1800000, range(188997836, 188997842)
Processing edges for vertex: 1900000, range(189691532, 189691535)
Processing edges for vertex: 2000000, range(190254658, 190254660)
Processing edges for vertex: 2100000, range(190705814, 190705822)
Processing edges for vertex: 2200000, range(191052755, 191052764)
Processing edges for vertex: 2300000, range(191302662, 191302663)
Graph populate time: 14.7973
Total I/O time: 17.6717

Regional(EnergyStat) - Time 17.677570 Total energy consumed 678.052875 Ave. Power Level 38.356679 
Running on: 13 threads
Loaded graph from file: pnnl.bin
Memory used: 2949.12
Maximum degree for the graph: 5520
Iteration: 0, conflicts: 41
Iteration: 1, conflicts: 5
Iteration: 2, conflicts: 3
Iteration: 3, conflicts: 1
Iteration: 4, conflicts: 0
Total number of colors used: 1185
Total number of conflicts overall: 0
Number of rounds: 5
SUCCESS: No conflicts found
Coloring time: 1.31794
Memory used: 2949.12
Number of reordered colors: 1007
End position for large colors: 0, node count: 550182, largest: 550182
Node count cutoff: 472334
e_xx: 1.27157e+08, a2_x: 6.04357e+11, currMod: 0.664328
e_xx: 1.67208e+08, a2_x: 5.60001e+11, currMod: 0.873579
e_xx: 1.73448e+08, a2_x: 5.38485e+11, currMod: 0.906177
e_xx: 1.76005e+08, a2_x: 5.24993e+11, currMod: 0.919536
e_xx: 1.77344e+08, a2_x: 4.85626e+11, currMod: 0.926536
currMod: 0.919536, prevMod: -1
Louvain time: 14.0685
numClusters: 201747, time: 0.184907
Next phase: 2
Memory used: 2949.12
End Structure 1213968 201747 vs 2627582
Build next level time: 6.32149
Iteration time: 20.5814
Memory used: 2949.12
e_xx: 1.56822e+08, a2_x: 4.86212e+11, currMod: 0.917753
e_xx: 1.64284e+08, a2_x: 2.95384e+11, currMod: 0.961431
e_xx: 1.65757e+08, a2_x: 3.15628e+11, currMod: 0.970047
e_xx: 1.66187e+08, a2_x: 2.66111e+11, currMod: 0.972569
e_xx: 1.66229e+08, a2_x: 2.43899e+11, currMod: 0.972815
e_xx: 1.66335e+08, a2_x: 2.67193e+11, currMod: 0.973433
e_xx: 1.66287e+08, a2_x: 2.48784e+11, currMod: 0.973156
currMod: 0.973433, prevMod: 0.919536
Louvain time: 2.80368
numClusters: 51538, time: 0.027811
Next phase: 3
Memory used: 2949.12
End Structure 484688 51538 vs 1020899
Build next level time: 0.312766
Iteration time: 3.1453
Memory used: 2949.12
e_xx: 1.66335e+08, a2_x: 2.68742e+11, currMod: 0.973402
e_xx: 1.67304e+08, a2_x: 1.10329e+11, currMod: 0.979082
e_xx: 1.67471e+08, a2_x: 9.45993e+10, currMod: 0.980058
e_xx: 1.67542e+08, a2_x: 9.93732e+10, currMod: 0.980472
e_xx: 1.67548e+08, a2_x: 8.06062e+10, currMod: 0.980508
e_xx: 1.67554e+08, a2_x: 7.57963e+10, currMod: 0.980543
e_xx: 1.67552e+08, a2_x: 7.92582e+10, currMod: 0.98053
currMod: 0.980543, prevMod: 0.973433
Louvain time: 1.31829
numClusters: 24431, time: 0.008764
Next phase: 4
Memory used: 2949.12
End Structure 159790 24431 vs 344011
Build next level time: 0.140577
Iteration time: 1.4682
Memory used: 2949.12
e_xx: 1.67554e+08, a2_x: 7.77828e+10, currMod: 0.980531
e_xx: 1.6761e+08, a2_x: 6.14737e+09, currMod: 0.980861
e_xx: 1.67611e+08, a2_x: 1.85218e+10, currMod: 0.980868
e_xx: 1.67612e+08, a2_x: 2.53785e+10, currMod: 0.980874
e_xx: 1.67612e+08, a2_x: 3.40723e+10, currMod: 0.980875
e_xx: 1.67612e+08, a2_x: 2.34443e+10, currMod: 0.980875
currMod: 0.980875, prevMod: 0.980543
Louvain time: 0.537497
numClusters: 22123, time: 0.005774
Next phase: 5
Memory used: 2949.12
End Structure 84231 22123 vs 190585
Build next level time: 0.056418
Iteration time: 0.600213
Memory used: 2949.12
e_xx: 1.67612e+08, a2_x: 3.50562e+10, currMod: 0.980874
e_xx: 1.67616e+08, a2_x: 1.77289e+10, currMod: 0.980894
e_xx: 1.67616e+08, a2_x: 1.94634e+10, currMod: 0.980895
currMod: 0.980894, prevMod: 0.980875
Louvain time: 0.158339
numClusters: 22012, time: 0.005253
Next phase: 6
Memory used: 2949.12
End Structure 77321 22012 vs 176654
Build next level time: 0.044547
Iteration time: 0.208459
Memory used: 2949.12
e_xx: 1.67616e+08, a2_x: 1.79624e+10, currMod: 0.980894
e_xx: 1.67616e+08, a2_x: 1.52766e+10, currMod: 0.980895
currMod: 0.980894, prevMod: 0.980894
Louvain time: 0.098913
numClusters: 22012, time: 0.005224
Maximum degree for the graph: 499
Iteration: 0, conflicts: 0
Total number of colors used: 181
Total number of conflicts overall: 0
Number of rounds: 1
SUCCESS: No conflicts found
Number of reordered colors: 178
End position for large colors: 0, node count: 21567, largest: 21567
Node count cutoff: 4403
e_xx: 1.67616e+08, a2_x: 1.48213e+10, currMod: 0.980897
e_xx: 1.67616e+08, a2_x: 6.22998e+09, currMod: 0.980897
End Structure 70313 21971 vs 162597
currMod: 0.980897, prevMod: 0.980894
numClusters: 21971
Total iteration time: 26.0035

Loop 0 <line-37> - Time 0.001134 Total energy consumed 0.040125 Ave. Power Level 35.380197
	-------- Loop 0 (sock 1 consumed 0.017805, avg temp 39.000000, final temp 39 ) ------
	-------- Loop 0 (sock 2 consumed 0.022320, avg temp 36.000000, final temp 36 ) ------
Loop 1 <line-54> - Time 0.000471 Total energy consumed 0.000000 Ave. Power Level 0.000000
	-------- Loop 1 (sock 1 consumed 0.000000, avg temp 39.500000, final temp 40 ) ------
	-------- Loop 1 (sock 2 consumed 0.000000, avg temp 35.500000, final temp 36 ) ------
Loop 2 <line-76> - Time 0.000684 Total energy consumed 0.000000 Ave. Power Level 0.000000
	-------- Loop 2 (sock 1 consumed 0.000000, avg temp 39.500000, final temp 40 ) ------
	-------- Loop 2 (sock 2 consumed 0.000000, avg temp 35.500000, final temp 36 ) ------
Loop 3 <line-170> - Time 0.836794 Total energy consumed 36.026880 Ave. Power Level 43.053469
	-------- Loop 3 (sock 1 consumed 17.112075, avg temp 39.166667, final temp 40 ) ------
	-------- Loop 3 (sock 2 consumed 18.914805, avg temp 35.166667, final temp 36 ) ------
Loop 4 <line-192> - Time 0.000293 Total energy consumed 0.000000 Ave. Power Level 0.000000
	-------- Loop 4 (sock 1 consumed 0.000000, avg temp 39.500000, final temp 40 ) ------
	-------- Loop 4 (sock 2 consumed 0.000000, avg temp 35.500000, final temp 36 ) ------
Loop 5 <line-222> - Time 0.312633 Total energy consumed 13.491255 Ave. Power Level 43.153637
	-------- Loop 5 (sock 1 consumed 7.381500, avg temp 40.000000, final temp 40 ) ------
	-------- Loop 5 (sock 2 consumed 6.109755, avg temp 35.500000, final temp 36 ) ------
Loop 6 <line-116> - Time 0.002192 Total energy consumed 0.114885 Ave. Power Level 52.403557
	-------- Loop 6 (sock 1 consumed 0.045030, avg temp 39.500000, final temp 39 ) ------
	-------- Loop 6 (sock 2 consumed 0.069855, avg temp 35.000000, final temp 35 ) ------
Loop 7 <line-334> - Time 0.719408 Total energy consumed 29.262480 Ave. Power Level 40.675765
	-------- Loop 7 (sock 1 consumed 13.906350, avg temp 39.428571, final temp 39 ) ------
	-------- Loop 7 (sock 2 consumed 15.356130, avg temp 35.428571, final temp 35 ) ------
Loop 8 <line-353> - Time 0.000595 Total energy consumed 0.018135 Ave. Power Level 30.495854
	-------- Loop 8 (sock 1 consumed 0.018135, avg temp 39.428571, final temp 39 ) ------
	-------- Loop 8 (sock 2 consumed 0.000000, avg temp 35.428571, final temp 35 ) ------
Loop 9 <line-375> - Time 0.000856 Total energy consumed 0.000000 Ave. Power Level 0.000000
	-------- Loop 9 (sock 1 consumed 0.000000, avg temp 39.428571, final temp 39 ) ------
	-------- Loop 9 (sock 2 consumed 0.000000, avg temp 35.428571, final temp 35 ) ------
Loop 10 <line-85> - Time 0.212711 Total energy consumed 11.817855 Ave. Power Level 55.558142
	-------- Loop 10 (sock 1 consumed 5.830905, avg temp 39.500000, final temp 40 ) ------
	-------- Loop 10 (sock 2 consumed 5.986950, avg temp 35.750000, final temp 35 ) ------
Loop 11 <line-131> - Time 0.005024 Total energy consumed 0.288675 Ave. Power Level 57.459104
	-------- Loop 11 (sock 1 consumed 0.141675, avg temp 39.000000, final temp 39 ) ------
	-------- Loop 11 (sock 2 consumed 0.147000, avg temp 36.000000, final temp 36 ) ------
Loop 12 <line-167> - Time 0.227434 Total energy consumed 12.715710 Ave. Power Level 55.909503
	-------- Loop 12 (sock 1 consumed 6.229635, avg temp 39.500000, final temp 39 ) ------
	-------- Loop 12 (sock 2 consumed 6.486075, avg temp 35.000000, final temp 35 ) ------
Loop 13 <line-213> - Time 8.027228 Total energy consumed 460.245195 Ave. Power Level 57.335506
	-------- Loop 13 (sock 1 consumed 227.083695, avg temp 40.000000, final temp 40 ) ------
	-------- Loop 13 (sock 2 consumed 233.161500, avg temp 36.285714, final temp 36 ) ------
Loop 14 <line-99> - Time 6.405017 Total energy consumed 266.793330 Ave. Power Level 41.653805
	-------- Loop 14 (sock 1 consumed 126.688065, avg temp 39.500000, final temp 39 ) ------
	-------- Loop 14 (sock 2 consumed 140.105265, avg temp 35.666667, final temp 36 ) ------
Loop 15 <line-160> - Time 0.146370 Total energy consumed 6.661350 Ave. Power Level 45.510363
	-------- Loop 15 (sock 1 consumed 3.294705, avg temp 39.166667, final temp 39 ) ------
	-------- Loop 15 (sock 2 consumed 3.366645, avg temp 35.500000, final temp 35 ) ------
Loop 16 <line-269> - Time 4.885765 Total energy consumed 193.743990 Ave. Power Level 39.654791
	-------- Loop 16 (sock 1 consumed 94.596555, avg temp 39.240000, final temp 39 ) ------
	-------- Loop 16 (sock 2 consumed 99.147435, avg temp 35.680000, final temp 36 ) ------
Loop 17 <line-300> - Time 0.002034 Total energy consumed 0.152175 Ave. Power Level 74.824647
	-------- Loop 17 (sock 1 consumed 0.091305, avg temp 39.150000, final temp 39 ) ------
	-------- Loop 17 (sock 2 consumed 0.060870, avg temp 35.500000, final temp 35 ) ------
Loop 18 <line-148> - Time 0.000458 Total energy consumed 0.000000 Ave. Power Level 0.000000
	-------- Loop 18 (sock 1 consumed 0.000000, avg temp 39.000000, final temp 39 ) ------
	-------- Loop 18 (sock 2 consumed 0.000000, avg temp 36.000000, final temp 36 ) ------
Application(EnergyStat) - Time 45.179136 Total energy consumed 1942.083840 Ave. Power Level 42.986299 Final Temperature socket 1 : 39  socket 2 : 35 
	 ParallelApplication(EnergyStat) - Time 21.787103 Total energy consumed 1031.372040 Ave. Power Level 47.338651
Memory used: 1.32422
Loading 32-bit binary file: pnnl.bin, numvertices: 2361670, numEdges: 191402826
File read time: 2.83556
Before allocating graph
Allocated graph: 0x2121570
Processing edges for vertex: 0, range(0, 166)
Processing edges for vertex: 100000, range(58444108, 58444133)
Processing edges for vertex: 200000, range(84376057, 84376362)
Processing edges for vertex: 300000, range(106069163, 106069503)
Processing edges for vertex: 400000, range(122097114, 122097513)
Processing edges for vertex: 500000, range(135096418, 135096483)
Processing edges for vertex: 600000, range(146097008, 146097061)
Processing edges for vertex: 700000, range(155415410, 155415531)
Processing edges for vertex: 800000, range(162595900, 162595989)
Processing edges for vertex: 900000, range(168508374, 168508464)
Processing edges for vertex: 1000000, range(173203321, 173203442)
Processing edges for vertex: 1100000, range(176935100, 176935110)
Processing edges for vertex: 1200000, range(179876260, 179876270)
Processing edges for vertex: 1300000, range(182240081, 182240092)
Processing edges for vertex: 1400000, range(184224513, 184224521)
Processing edges for vertex: 1500000, range(185795161, 185795170)
Processing edges for vertex: 1600000, range(187104124, 187104130)
Processing edges for vertex: 1700000, range(188148455, 188148461)
Processing edges for vertex: 1800000, range(188997836, 188997842)
Processing edges for vertex: 1900000, range(189691532, 189691535)
Processing edges for vertex: 2000000, range(190254658, 190254660)
Processing edges for vertex: 2100000, range(190705814, 190705822)
Processing edges for vertex: 2200000, range(191052755, 191052764)
Processing edges for vertex: 2300000, range(191302662, 191302663)
Graph populate time: 14.7904
Total I/O time: 17.626

Regional(EnergyStat) - Time 17.631543 Total energy consumed 677.336715 Ave. Power Level 38.416191 
Running on: 13 threads
Loaded graph from file: pnnl.bin
Memory used: 2949.12
Maximum degree for the graph: 5520
Iteration: 0, conflicts: 33
Iteration: 1, conflicts: 6
Iteration: 2, conflicts: 3
Iteration: 3, conflicts: 2
Iteration: 4, conflicts: 1
Iteration: 5, conflicts: 0
Total number of colors used: 1188
Total number of conflicts overall: 0
Number of rounds: 6
SUCCESS: No conflicts found
Coloring time: 1.26806
Memory used: 2949.12
Number of reordered colors: 1011
End position for large colors: 0, node count: 550364, largest: 550364
Node count cutoff: 472334
e_xx: 1.24441e+08, a2_x: 6.94693e+11, currMod: 0.650133
e_xx: 1.67779e+08, a2_x: 5.90113e+11, currMod: 0.876558
e_xx: 1.73968e+08, a2_x: 5.83113e+11, currMod: 0.908894
e_xx: 1.76389e+08, a2_x: 5.26974e+11, currMod: 0.921543
e_xx: 1.776e+08, a2_x: 5.0864e+11, currMod: 0.927873
currMod: 0.921543, prevMod: -1
Louvain time: 14.3975
numClusters: 203915, time: 0.204673
Next phase: 2
Memory used: 2949.12
End Structure 1283826 203915 vs 2769746
Build next level time: 6.62478
Iteration time: 21.2332
Memory used: 2949.12
e_xx: 1.5481e+08, a2_x: 5.07679e+11, currMod: 0.918165
e_xx: 1.61905e+08, a2_x: 3.47703e+11, currMod: 0.96025
e_xx: 1.63372e+08, a2_x: 3.10025e+11, currMod: 0.968954
e_xx: 1.63707e+08, a2_x: 2.73934e+11, currMod: 0.97094
e_xx: 1.6374e+08, a2_x: 3.08181e+11, currMod: 0.971137
e_xx: 1.63828e+08, a2_x: 2.57066e+11, currMod: 0.971657
e_xx: 1.63798e+08, a2_x: 3.05989e+11, currMod: 0.971477
currMod: 0.971657, prevMod: 0.921543
Louvain time: 3.0444
numClusters: 54302, time: 0.029996
Next phase: 3
Memory used: 2949.12
End Structure 553103 54302 vs 1160493
Build next level time: 0.319055
Iteration time: 3.39459
Memory used: 2949.12
e_xx: 1.63828e+08, a2_x: 2.60364e+11, currMod: 0.971628
e_xx: 1.64866e+08, a2_x: 8.30705e+10, currMod: 0.977796
e_xx: 1.65062e+08, a2_x: 6.94694e+10, currMod: 0.978958
e_xx: 1.65116e+08, a2_x: 6.31819e+10, currMod: 0.979278
e_xx: 1.65121e+08, a2_x: 5.37589e+10, currMod: 0.979306
e_xx: 1.65137e+08, a2_x: 4.3106e+10, currMod: 0.979401
e_xx: 1.65129e+08, a2_x: 4.99636e+10, currMod: 0.979353
currMod: 0.979401, prevMod: 0.971657
Louvain time: 1.50832
numClusters: 25144, time: 0.009204
Next phase: 4
Memory used: 2949.12
End Structure 175345 25144 vs 375834
Build next level time: 0.136957
Iteration time: 1.65502
Memory used: 2949.12
e_xx: 1.65137e+08, a2_x: 4.43786e+10, currMod: 0.979386
e_xx: 1.65319e+08, a2_x: -5.13644e+09, currMod: 0.980469
e_xx: 1.6533e+08, a2_x: 1.53859e+10, currMod: 0.980534
e_xx: 1.65331e+08, a2_x: -6.62366e+09, currMod: 0.980539
e_xx: 1.65332e+08, a2_x: 2.87861e+10, currMod: 0.980543
e_xx: 1.65331e+08, a2_x: -1.28549e+10, currMod: 0.980542
currMod: 0.980543, prevMod: 0.979401
Louvain time: 0.566269
numClusters: 22158, time: 0.005905
Next phase: 5
Memory used: 2949.12
End Structure 85373 22158 vs 192904
Build next level time: 0.057995
Iteration time: 0.630691
Memory used: 2949.12
e_xx: 1.65332e+08, a2_x: 2.51069e+10, currMod: 0.980542
e_xx: 1.65335e+08, a2_x: 5.57794e+09, currMod: 0.980559
e_xx: 1.65335e+08, a2_x: 9.42137e+09, currMod: 0.98056
currMod: 0.980559, prevMod: 0.980543
Louvain time: 0.158842
numClusters: 22010, time: 0.00522
Next phase: 6
Memory used: 2949.12
End Structure 75814 22010 vs 173638
Build next level time: 0.039443
Iteration time: 0.203765
Memory used: 2949.12
e_xx: 1.65335e+08, a2_x: 6.67713e+09, currMod: 0.980559
e_xx: 1.65335e+08, a2_x: 1.19966e+10, currMod: 0.98056
currMod: 0.980559, prevMod: 0.980559
Louvain time: 0.095327
numClusters: 22010, time: 0.005242
Maximum degree for the graph: 494
Iteration: 0, conflicts: 0
Total number of colors used: 181
Total number of conflicts overall: 0
Number of rounds: 1
SUCCESS: No conflicts found
Number of reordered colors: 180
End position for large colors: 0, node count: 21575, largest: 21575
Node count cutoff: 4402
e_xx: 1.6536e+08, a2_x: 1.55361e+10, currMod: 0.980712
e_xx: 1.66614e+08, a2_x: 1.86867e+10, currMod: 0.988145
e_xx: 1.66634e+08, a2_x: 2.12669e+10, currMod: 0.988262
e_xx: 1.66725e+08, a2_x: 1.96746e+10, currMod: 0.988802
e_xx: 1.66744e+08, a2_x: 2.14101e+10, currMod: 0.988915
e_xx: 1.68033e+08, a2_x: 1.38896e+10, currMod: 0.996565
e_xx: 1.68171e+08, a2_x: 5.40265e+09, currMod: 0.99738
e_xx: 1.68016e+08, a2_x: 2.34304e+09, currMod: 0.996459
End Structure 426 21586 vs 22438
currMod: 0.99738, prevMod: 0.980559
numClusters: 21586
Total iteration time: 27.1173

Loop 0 <line-37> - Time 0.000915 Total energy consumed 0.073905 Ave. Power Level 80.768020
	-------- Loop 0 (sock 1 consumed 0.053040, avg temp 39.000000, final temp 39 ) ------
	-------- Loop 0 (sock 2 consumed 0.020865, avg temp 35.500000, final temp 36 ) ------
Loop 1 <line-54> - Time 0.000486 Total energy consumed 0.028785 Ave. Power Level 59.229614
	-------- Loop 1 (sock 1 consumed 0.000000, avg temp 39.500000, final temp 40 ) ------
	-------- Loop 1 (sock 2 consumed 0.028785, avg temp 35.500000, final temp 36 ) ------
Loop 2 <line-76> - Time 0.000684 Total energy consumed 0.000000 Ave. Power Level 0.000000
	-------- Loop 2 (sock 1 consumed 0.000000, avg temp 39.500000, final temp 40 ) ------
	-------- Loop 2 (sock 2 consumed 0.000000, avg temp 35.500000, final temp 36 ) ------
Loop 3 <line-170> - Time 0.800874 Total energy consumed 34.630830 Ave. Power Level 43.241285
	-------- Loop 3 (sock 1 consumed 15.906240, avg temp 40.000000, final temp 40 ) ------
	-------- Loop 3 (sock 2 consumed 18.724590, avg temp 35.857143, final temp 35 ) ------
Loop 4 <line-192> - Time 0.000303 Total energy consumed 0.079365 Ave. Power Level 262.137462
	-------- Loop 4 (sock 1 consumed 0.038115, avg temp 40.000000, final temp 40 ) ------
	-------- Loop 4 (sock 2 consumed 0.041250, avg temp 35.500000, final temp 35 ) ------
Loop 5 <line-222> - Time 0.301716 Total energy consumed 13.096245 Ave. Power Level 43.405902
	-------- Loop 5 (sock 1 consumed 6.393330, avg temp 40.000000, final temp 40 ) ------
	-------- Loop 5 (sock 2 consumed 6.702915, avg temp 35.000000, final temp 35 ) ------
Loop 6 <line-116> - Time 0.002178 Total energy consumed 0.059520 Ave. Power Level 27.332090
	-------- Loop 6 (sock 1 consumed 0.018315, avg temp 40.166667, final temp 41 ) ------
	-------- Loop 6 (sock 2 consumed 0.041205, avg temp 35.333333, final temp 35 ) ------
Loop 7 <line-334> - Time 0.711725 Total energy consumed 29.152365 Ave. Power Level 40.960125
	-------- Loop 7 (sock 1 consumed 13.587060, avg temp 39.571429, final temp 40 ) ------
	-------- Loop 7 (sock 2 consumed 15.565305, avg temp 35.571429, final temp 36 ) ------
Loop 8 <line-353> - Time 0.000554 Total energy consumed 0.027780 Ave. Power Level 50.101718
	-------- Loop 8 (sock 1 consumed 0.027780, avg temp 39.571429, final temp 40 ) ------
	-------- Loop 8 (sock 2 consumed 0.000000, avg temp 35.571429, final temp 36 ) ------
Loop 9 <line-375> - Time 0.000887 Total energy consumed 0.078000 Ave. Power Level 87.907035
	-------- Loop 9 (sock 1 consumed 0.047415, avg temp 39.714286, final temp 40 ) ------
	-------- Loop 9 (sock 2 consumed 0.030585, avg temp 35.571429, final temp 36 ) ------
Loop 10 <line-85> - Time 0.220842 Total energy consumed 12.208500 Ave. Power Level 55.281689
	-------- Loop 10 (sock 1 consumed 6.016740, avg temp 39.750000, final temp 40 ) ------
	-------- Loop 10 (sock 2 consumed 6.191760, avg temp 35.750000, final temp 35 ) ------
Loop 11 <line-131> - Time 0.004972 Total energy consumed 0.288960 Ave. Power Level 58.122520
	-------- Loop 11 (sock 1 consumed 0.141600, avg temp 40.000000, final temp 40 ) ------
	-------- Loop 11 (sock 2 consumed 0.147360, avg temp 36.000000, final temp 36 ) ------
Loop 12 <line-167> - Time 0.369982 Total energy consumed 20.699745 Ave. Power Level 55.947987
	-------- Loop 12 (sock 1 consumed 10.102845, avg temp 39.500000, final temp 40 ) ------
	-------- Loop 12 (sock 2 consumed 10.596900, avg temp 36.000000, final temp 36 ) ------
Loop 13 <line-213> - Time 8.228615 Total energy consumed 470.856705 Ave. Power Level 57.221868
	-------- Loop 13 (sock 1 consumed 230.021265, avg temp 40.307692, final temp 40 ) ------
	-------- Loop 13 (sock 2 consumed 240.835440, avg temp 36.230769, final temp 36 ) ------
Loop 14 <line-99> - Time 6.662408 Total energy consumed 276.776940 Ave. Power Level 41.543077
	-------- Loop 14 (sock 1 consumed 131.436720, avg temp 39.833333, final temp 40 ) ------
	-------- Loop 14 (sock 2 consumed 145.340220, avg temp 35.666667, final temp 36 ) ------
Loop 15 <line-160> - Time 0.147324 Total energy consumed 6.616665 Ave. Power Level 44.912381
	-------- Loop 15 (sock 1 consumed 3.212280, avg temp 40.000000, final temp 40 ) ------
	-------- Loop 15 (sock 2 consumed 3.404385, avg temp 35.500000, final temp 36 ) ------
Loop 16 <line-269> - Time 5.340317 Total energy consumed 211.677840 Ave. Power Level 39.637693
	-------- Loop 16 (sock 1 consumed 104.641335, avg temp 40.040000, final temp 40 ) ------
	-------- Loop 16 (sock 2 consumed 107.036505, avg temp 35.560000, final temp 36 ) ------
Loop 17 <line-300> - Time 0.002164 Total energy consumed 0.075795 Ave. Power Level 35.027083
	-------- Loop 17 (sock 1 consumed 0.035490, avg temp 39.900000, final temp 40 ) ------
	-------- Loop 17 (sock 2 consumed 0.040305, avg temp 35.450000, final temp 35 ) ------
Loop 18 <line-148> - Time 0.000438 Total energy consumed 0.000000 Ave. Power Level 0.000000
	-------- Loop 18 (sock 1 consumed 0.000000, avg temp 40.000000, final temp 40 ) ------
	-------- Loop 18 (sock 2 consumed 0.000000, avg temp 36.000000, final temp 36 ) ------
Application(EnergyStat) - Time 46.193868 Total energy consumed 1988.794935 Ave. Power Level 43.053224 Final Temperature socket 1 : 41  socket 2 : 36 
	 ParallelApplication(EnergyStat) - Time 22.797383 Total energy consumed 1076.427945 Ave. Power Level 47.217171
