Memory used: 1.32031
Loading 32-bit binary file: pnnl.bin, numvertices: 2361670, numEdges: 191402826
File read time: 1.83777
Before allocating graph
Allocated graph: 0x1575570
Processing edges for vertex: 0, range(0, 166)
Processing edges for vertex: 100000, range(58444108, 58444133)
Processing edges for vertex: 200000, range(84376057, 84376362)
Processing edges for vertex: 300000, range(106069163, 106069503)
Processing edges for vertex: 400000, range(122097114, 122097513)
Processing edges for vertex: 500000, range(135096418, 135096483)
Processing edges for vertex: 600000, range(146097008, 146097061)
Processing edges for vertex: 700000, range(155415410, 155415531)
Processing edges for vertex: 800000, range(162595900, 162595989)
Processing edges for vertex: 900000, range(168508374, 168508464)
Processing edges for vertex: 1000000, range(173203321, 173203442)
Processing edges for vertex: 1100000, range(176935100, 176935110)
Processing edges for vertex: 1200000, range(179876260, 179876270)
Processing edges for vertex: 1300000, range(182240081, 182240092)
Processing edges for vertex: 1400000, range(184224513, 184224521)
Processing edges for vertex: 1500000, range(185795161, 185795170)
Processing edges for vertex: 1600000, range(187104124, 187104130)
Processing edges for vertex: 1700000, range(188148455, 188148461)
Processing edges for vertex: 1800000, range(188997836, 188997842)
Processing edges for vertex: 1900000, range(189691532, 189691535)
Processing edges for vertex: 2000000, range(190254658, 190254660)
Processing edges for vertex: 2100000, range(190705814, 190705822)
Processing edges for vertex: 2200000, range(191052755, 191052764)
Processing edges for vertex: 2300000, range(191302662, 191302663)
Graph populate time: 8.99422
Total I/O time: 10.832

Regional(EnergyStat) - Time 10.836824 Total energy consumed 531.952155 Ave. Power Level 49.087458 
Running on: 7 threads
Loaded graph from file: pnnl.bin
Memory used: 2949.12
Maximum degree for the graph: 5520
Iteration: 0, conflicts: 11
Iteration: 1, conflicts: 2
Iteration: 2, conflicts: 0
Total number of colors used: 1182
Total number of conflicts overall: 0
Number of rounds: 3
SUCCESS: No conflicts found
Coloring time: 1.17231
Memory used: 2949.12
Number of reordered colors: 1007
End position for large colors: 0, node count: 550398, largest: 550398
Node count cutoff: 472334
e_xx: 1.21267e+08, a2_x: 6.5925e+11, currMod: 0.633552
e_xx: 1.63012e+08, a2_x: 5.90039e+11, currMod: 0.851656
e_xx: 1.69595e+08, a2_x: 5.51781e+11, currMod: 0.886049
e_xx: 1.72218e+08, a2_x: 5.51383e+11, currMod: 0.899753
e_xx: 1.73602e+08, a2_x: 5.45627e+11, currMod: 0.906981
currMod: 0.899753, prevMod: -1
Louvain time: 13.7002
numClusters: 204536, time: 0.111386
Next phase: 2
Memory used: 2949.12
End Structure 1322472 204536 vs 2847667
Build next level time: 4.98114
Iteration time: 18.7966
Memory used: 2949.12
e_xx: 1.66268e+08, a2_x: 5.46532e+11, currMod: 0.903305
e_xx: 1.7687e+08, a2_x: 2.91826e+11, currMod: 0.960913
e_xx: 1.78769e+08, a2_x: 2.99749e+11, currMod: 0.971227
e_xx: 1.79073e+08, a2_x: 2.66697e+11, currMod: 0.972879
e_xx: 1.79193e+08, a2_x: 2.39076e+11, currMod: 0.973532
e_xx: 1.79329e+08, a2_x: 2.4172e+11, currMod: 0.974272
e_xx: 1.79399e+08, a2_x: 2.56738e+11, currMod: 0.974655
e_xx: 1.795e+08, a2_x: 2.38491e+11, currMod: 0.975201
e_xx: 1.79507e+08, a2_x: 2.54584e+11, currMod: 0.975237
e_xx: 1.79548e+08, a2_x: 2.4963e+11, currMod: 0.975463
e_xx: 1.79534e+08, a2_x: 2.48338e+11, currMod: 0.975386
currMod: 0.975463, prevMod: 0.899753
Louvain time: 3.24178
numClusters: 50274, time: 0.017323
Next phase: 3
Memory used: 2949.12
End Structure 488027 50274 vs 1026323
Build next level time: 0.21698
Iteration time: 3.47692
Memory used: 2949.12
e_xx: 1.79548e+08, a2_x: 2.49647e+11, currMod: 0.975442
e_xx: 1.80446e+08, a2_x: 5.10398e+10, currMod: 0.980326
e_xx: 1.80537e+08, a2_x: 7.39196e+10, currMod: 0.980823
e_xx: 1.80644e+08, a2_x: 2.59647e+10, currMod: 0.981404
e_xx: 1.80588e+08, a2_x: 5.63034e+10, currMod: 0.9811
currMod: 0.981404, prevMod: 0.975463
Louvain time: 0.657017
numClusters: 25412, time: 0.005469
Next phase: 4
Memory used: 2949.12
End Structure 167457 25412 vs 360326
Build next level time: 0.071813
Iteration time: 0.734866
Memory used: 2949.12
e_xx: 1.80644e+08, a2_x: 2.66088e+10, currMod: 0.981393
e_xx: 1.80819e+08, a2_x: -6.18941e+09, currMod: 0.982345
e_xx: 1.80822e+08, a2_x: 9.51642e+08, currMod: 0.982361
e_xx: 1.80823e+08, a2_x: 6.46263e+09, currMod: 0.982365
e_xx: 1.80823e+08, a2_x: -1.1415e+10, currMod: 0.982367
e_xx: 1.80823e+08, a2_x: 6.05236e+09, currMod: 0.982366
currMod: 0.982367, prevMod: 0.981404
Louvain time: 0.332281
numClusters: 22133, time: 0.003505
Next phase: 5
Memory used: 2949.12
End Structure 89898 22133 vs 201929
Build next level time: 0.032944
Iteration time: 0.369248
Memory used: 2949.12
e_xx: 1.80823e+08, a2_x: -1.26271e+10, currMod: 0.982366
e_xx: 1.80827e+08, a2_x: 8.51024e+08, currMod: 0.982385
e_xx: 1.80829e+08, a2_x: -3.05346e+09, currMod: 0.982397
e_xx: 1.80828e+08, a2_x: -9.67382e+09, currMod: 0.98239
currMod: 0.982397, prevMod: 0.982367
Louvain time: 0.13244
numClusters: 21990, time: 0.003106
Next phase: 6
Memory used: 2949.12
End Structure 75100 21990 vs 172190
Build next level time: 0.02688
Iteration time: 0.162966
Memory used: 2949.12
e_xx: 1.80829e+08, a2_x: -4.74282e+09, currMod: 0.982396
e_xx: 1.80829e+08, a2_x: -8.78124e+09, currMod: 0.982397
currMod: 0.982397, prevMod: 0.982397
Louvain time: 0.05655
numClusters: 21990, time: 0.003093
Maximum degree for the graph: 484
Iteration: 0, conflicts: 0
Total number of colors used: 181
Total number of conflicts overall: 0
Number of rounds: 1
SUCCESS: No conflicts found
Number of reordered colors: 180
End position for large colors: 0, node count: 21555, largest: 21555
Node count cutoff: 4398
e_xx: 1.80891e+08, a2_x: 2.39457e+09, currMod: 0.982732
e_xx: 1.80892e+08, a2_x: -8.87205e+07, currMod: 0.98274
e_xx: 1.80894e+08, a2_x: 1.36227e+09, currMod: 0.982751
e_xx: 1.81051e+08, a2_x: 1.71772e+10, currMod: 0.983601
e_xx: 1.81054e+08, a2_x: 2.70846e+10, currMod: 0.983617
e_xx: 1.81051e+08, a2_x: 2.98134e+10, currMod: 0.9836
End Structure 22759 21778 vs 67296
currMod: 0.983617, prevMod: 0.982397
numClusters: 21778
Total iteration time: 23.5406

Loop 0 <line-37> - Time 0.000642 Total energy consumed 0.000000 Ave. Power Level 0.000000
	-------- Loop 0 (sock 1 consumed 0.000000, avg temp 45.000000, final temp 44 ) ------
	-------- Loop 0 (sock 2 consumed 0.000000, avg temp 38.000000, final temp 38 ) ------
Loop 1 <line-54> - Time 0.000410 Total energy consumed 0.000000 Ave. Power Level 0.000000
	-------- Loop 1 (sock 1 consumed 0.000000, avg temp 45.000000, final temp 44 ) ------
	-------- Loop 1 (sock 2 consumed 0.000000, avg temp 38.000000, final temp 38 ) ------
Loop 2 <line-76> - Time 0.000762 Total energy consumed 0.067875 Ave. Power Level 89.119714
	-------- Loop 2 (sock 1 consumed 0.025680, avg temp 44.500000, final temp 44 ) ------
	-------- Loop 2 (sock 2 consumed 0.042195, avg temp 38.000000, final temp 38 ) ------
Loop 3 <line-170> - Time 0.780762 Total energy consumed 41.406225 Ave. Power Level 53.033122
	-------- Loop 3 (sock 1 consumed 22.587765, avg temp 45.750000, final temp 45 ) ------
	-------- Loop 3 (sock 2 consumed 18.818460, avg temp 37.250000, final temp 38 ) ------
Loop 4 <line-192> - Time 0.000161 Total energy consumed 0.000000 Ave. Power Level 0.000000
	-------- Loop 4 (sock 1 consumed 0.000000, avg temp 45.500000, final temp 45 ) ------
	-------- Loop 4 (sock 2 consumed 0.000000, avg temp 37.500000, final temp 38 ) ------
Loop 5 <line-222> - Time 0.287907 Total energy consumed 15.747165 Ave. Power Level 54.695361
	-------- Loop 5 (sock 1 consumed 8.219520, avg temp 44.500000, final temp 45 ) ------
	-------- Loop 5 (sock 2 consumed 7.527645, avg temp 38.000000, final temp 38 ) ------
Loop 6 <line-116> - Time 0.002867 Total energy consumed 0.318465 Ave. Power Level 111.065967
	-------- Loop 6 (sock 1 consumed 0.136425, avg temp 43.833333, final temp 44 ) ------
	-------- Loop 6 (sock 2 consumed 0.182040, avg temp 38.333333, final temp 39 ) ------
Loop 7 <line-334> - Time 0.626930 Total energy consumed 31.032255 Ave. Power Level 49.498775
	-------- Loop 7 (sock 1 consumed 17.007480, avg temp 44.142857, final temp 44 ) ------
	-------- Loop 7 (sock 2 consumed 14.024775, avg temp 38.142857, final temp 38 ) ------
Loop 8 <line-353> - Time 0.000414 Total energy consumed 0.046455 Ave. Power Level 112.333603
	-------- Loop 8 (sock 1 consumed 0.025065, avg temp 44.142857, final temp 44 ) ------
	-------- Loop 8 (sock 2 consumed 0.021390, avg temp 38.000000, final temp 38 ) ------
Loop 9 <line-375> - Time 0.000737 Total energy consumed 0.074205 Ave. Power Level 100.703247
	-------- Loop 9 (sock 1 consumed 0.040320, avg temp 44.142857, final temp 44 ) ------
	-------- Loop 9 (sock 2 consumed 0.033885, avg temp 38.142857, final temp 38 ) ------
Loop 10 <line-85> - Time 0.122015 Total energy consumed 8.462850 Ave. Power Level 69.359174
	-------- Loop 10 (sock 1 consumed 4.306905, avg temp 44.500000, final temp 44 ) ------
	-------- Loop 10 (sock 2 consumed 4.155945, avg temp 37.750000, final temp 38 ) ------
Loop 11 <line-131> - Time 0.005480 Total energy consumed 0.324345 Ave. Power Level 59.185705
	-------- Loop 11 (sock 1 consumed 0.183390, avg temp 44.500000, final temp 44 ) ------
	-------- Loop 11 (sock 2 consumed 0.140955, avg temp 37.500000, final temp 38 ) ------
Loop 12 <line-167> - Time 0.130723 Total energy consumed 9.020820 Ave. Power Level 69.007387
	-------- Loop 12 (sock 1 consumed 4.565145, avg temp 44.500000, final temp 44 ) ------
	-------- Loop 12 (sock 2 consumed 4.455675, avg temp 38.000000, final temp 39 ) ------
Loop 13 <line-213> - Time 8.763333 Total energy consumed 634.244505 Ave. Power Level 72.374804
	-------- Loop 13 (sock 1 consumed 308.379810, avg temp 44.636364, final temp 44 ) ------
	-------- Loop 13 (sock 2 consumed 325.864695, avg temp 38.818182, final temp 38 ) ------
Loop 14 <line-99> - Time 4.954227 Total energy consumed 264.670140 Ave. Power Level 53.423097
	-------- Loop 14 (sock 1 consumed 116.640180, avg temp 44.166667, final temp 45 ) ------
	-------- Loop 14 (sock 2 consumed 148.029960, avg temp 38.333333, final temp 39 ) ------
Loop 15 <line-160> - Time 0.116966 Total energy consumed 6.681345 Ave. Power Level 57.122108
	-------- Loop 15 (sock 1 consumed 3.054465, avg temp 44.000000, final temp 44 ) ------
	-------- Loop 15 (sock 2 consumed 3.626880, avg temp 38.000000, final temp 38 ) ------
Loop 16 <line-269> - Time 4.396516 Total energy consumed 224.929950 Ave. Power Level 51.160948
	-------- Loop 16 (sock 1 consumed 106.729470, avg temp 43.750000, final temp 44 ) ------
	-------- Loop 16 (sock 2 consumed 118.200480, avg temp 38.000000, final temp 38 ) ------
Loop 17 <line-300> - Time 0.002985 Total energy consumed 0.073890 Ave. Power Level 24.751712
	-------- Loop 17 (sock 1 consumed 0.053280, avg temp 43.652174, final temp 44 ) ------
	-------- Loop 17 (sock 2 consumed 0.020610, avg temp 38.000000, final temp 38 ) ------
Loop 18 <line-148> - Time 0.000470 Total energy consumed 0.000000 Ave. Power Level 0.000000
	-------- Loop 18 (sock 1 consumed 0.000000, avg temp 44.000000, final temp 44 ) ------
	-------- Loop 18 (sock 2 consumed 0.000000, avg temp 38.000000, final temp 38 ) ------
Application(EnergyStat) - Time 35.669398 Total energy consumed 2009.196750 Ave. Power Level 56.328306 Final Temperature socket 1 : 44  socket 2 : 38 
	 ParallelApplication(EnergyStat) - Time 20.194306 Total energy consumed 1237.100490 Ave. Power Level 61.259867
Memory used: 1.32031
Loading 32-bit binary file: pnnl.bin, numvertices: 2361670, numEdges: 191402826
File read time: 1.89563
Before allocating graph
Allocated graph: 0x1dd9570
Processing edges for vertex: 0, range(0, 166)
Processing edges for vertex: 100000, range(58444108, 58444133)
Processing edges for vertex: 200000, range(84376057, 84376362)
Processing edges for vertex: 300000, range(106069163, 106069503)
Processing edges for vertex: 400000, range(122097114, 122097513)
Processing edges for vertex: 500000, range(135096418, 135096483)
Processing edges for vertex: 600000, range(146097008, 146097061)
Processing edges for vertex: 700000, range(155415410, 155415531)
Processing edges for vertex: 800000, range(162595900, 162595989)
Processing edges for vertex: 900000, range(168508374, 168508464)
Processing edges for vertex: 1000000, range(173203321, 173203442)
Processing edges for vertex: 1100000, range(176935100, 176935110)
Processing edges for vertex: 1200000, range(179876260, 179876270)
Processing edges for vertex: 1300000, range(182240081, 182240092)
Processing edges for vertex: 1400000, range(184224513, 184224521)
Processing edges for vertex: 1500000, range(185795161, 185795170)
Processing edges for vertex: 1600000, range(187104124, 187104130)
Processing edges for vertex: 1700000, range(188148455, 188148461)
Processing edges for vertex: 1800000, range(188997836, 188997842)
Processing edges for vertex: 1900000, range(189691532, 189691535)
Processing edges for vertex: 2000000, range(190254658, 190254660)
Processing edges for vertex: 2100000, range(190705814, 190705822)
Processing edges for vertex: 2200000, range(191052755, 191052764)
Processing edges for vertex: 2300000, range(191302662, 191302663)
Graph populate time: 9.06143
Total I/O time: 10.9571

Regional(EnergyStat) - Time 10.961561 Total energy consumed 533.392455 Ave. Power Level 48.660266 
Running on: 7 threads
Loaded graph from file: pnnl.bin
Memory used: 2949.12
Maximum degree for the graph: 5520
Iteration: 0, conflicts: 6
Iteration: 1, conflicts: 1
Iteration: 2, conflicts: 0
Total number of colors used: 1183
Total number of conflicts overall: 0
Number of rounds: 3
SUCCESS: No conflicts found
Coloring time: 1.14511
Memory used: 2949.12
Number of reordered colors: 1004
End position for large colors: 0, node count: 550393, largest: 550393
Node count cutoff: 472334
e_xx: 1.17131e+08, a2_x: 6.51423e+11, currMod: 0.611944
e_xx: 1.60499e+08, a2_x: 5.31795e+11, currMod: 0.838528
e_xx: 1.67968e+08, a2_x: 5.04781e+11, currMod: 0.877549
e_xx: 1.71543e+08, a2_x: 5.48408e+11, currMod: 0.896225
e_xx: 1.73601e+08, a2_x: 4.92201e+11, currMod: 0.906977
e_xx: 1.7485e+08, a2_x: 5.10872e+11, currMod: 0.913505
currMod: 0.906977, prevMod: -1
Louvain time: 15.6438
numClusters: 201611, time: 0.123326
Next phase: 2
Memory used: 2949.12
End Structure 1300595 201611 vs 2801929
Build next level time: 4.75147
Iteration time: 20.5232
Memory used: 2949.12
e_xx: 1.68097e+08, a2_x: 5.10313e+11, currMod: 0.910369
e_xx: 1.77767e+08, a2_x: 3.44823e+11, currMod: 0.962745
e_xx: 1.79388e+08, a2_x: 3.10952e+11, currMod: 0.971526
e_xx: 1.79754e+08, a2_x: 2.78158e+11, currMod: 0.973505
e_xx: 1.79974e+08, a2_x: 2.92051e+11, currMod: 0.974698
e_xx: 1.8009e+08, a2_x: 2.87569e+11, currMod: 0.975325
e_xx: 1.80128e+08, a2_x: 2.82782e+11, currMod: 0.975534
e_xx: 1.80188e+08, a2_x: 2.68124e+11, currMod: 0.975857
e_xx: 1.80205e+08, a2_x: 2.75765e+11, currMod: 0.975948
e_xx: 1.80248e+08, a2_x: 2.58536e+11, currMod: 0.976182
e_xx: 1.80246e+08, a2_x: 2.72982e+11, currMod: 0.97617
currMod: 0.976182, prevMod: 0.906977
Louvain time: 3.1398
numClusters: 44375, time: 0.015713
Next phase: 3
Memory used: 2949.12
End Structure 384697 44375 vs 813764
Build next level time: 0.230301
Iteration time: 3.38663
Memory used: 2949.12
e_xx: 1.80248e+08, a2_x: 2.61789e+11, currMod: 0.976162
e_xx: 1.81218e+08, a2_x: 1.17348e+11, currMod: 0.981419
e_xx: 1.81316e+08, a2_x: 7.70595e+10, currMod: 0.981951
e_xx: 1.81373e+08, a2_x: 8.38555e+10, currMod: 0.98226
e_xx: 1.81335e+08, a2_x: 9.27176e+10, currMod: 0.982052
currMod: 0.98226, prevMod: 0.976182
Louvain time: 0.555147
numClusters: 24425, time: 0.005
Next phase: 4
Memory used: 2949.12
End Structure 146559 24425 vs 317543
Build next level time: 0.074308
Iteration time: 0.635008
Memory used: 2949.12
e_xx: 1.81373e+08, a2_x: 8.20174e+10, currMod: 0.982252
e_xx: 1.81466e+08, a2_x: 1.20222e+10, currMod: 0.982759
e_xx: 1.81475e+08, a2_x: 3.39463e+10, currMod: 0.982804
e_xx: 1.81475e+08, a2_x: 1.4511e+10, currMod: 0.982807
e_xx: 1.81476e+08, a2_x: -3.63341e+09, currMod: 0.982811
e_xx: 1.81476e+08, a2_x: 1.6885e+10, currMod: 0.982813
e_xx: 1.81476e+08, a2_x: 2.52499e+09, currMod: 0.982814
e_xx: 1.81477e+08, a2_x: 9.48224e+09, currMod: 0.982815
currMod: 0.982814, prevMod: 0.98226
Louvain time: 0.403125
numClusters: 22111, time: 0.003407
Next phase: 5
Memory used: 2949.12
End Structure 74937 22111 vs 171985
Build next level time: 0.028295
Iteration time: 0.435355
Memory used: 2949.12
e_xx: 1.81476e+08, a2_x: 3.03974e+09, currMod: 0.982813
e_xx: 1.8148e+08, a2_x: 1.40256e+10, currMod: 0.98283
e_xx: 1.8148e+08, a2_x: 2.12195e+10, currMod: 0.982831
currMod: 0.98283, prevMod: 0.982814
Louvain time: 0.084491
numClusters: 22002, time: 0.003116
Next phase: 6
Memory used: 2949.12
End Structure 68502 22002 vs 159006
Build next level time: 0.02228
Iteration time: 0.11043
Memory used: 2949.12
e_xx: 1.8148e+08, a2_x: 1.15881e+10, currMod: 0.98283
e_xx: 1.8148e+08, a2_x: 1.20142e+10, currMod: 0.982831
e_xx: 1.8148e+08, a2_x: 1.24427e+10, currMod: 0.982831
currMod: 0.982831, prevMod: 0.98283
Louvain time: 0.076765
numClusters: 21990, time: 0.003123
Next phase: 7
Memory used: 2949.12
End Structure 67732 21990 vs 157454
Build next level time: 0.02136
Iteration time: 0.101778
Memory used: 2949.12
e_xx: 1.8148e+08, a2_x: 1.60438e+10, currMod: 0.982831
e_xx: 1.8148e+08, a2_x: 1.64782e+10, currMod: 0.982831
currMod: 0.982831, prevMod: 0.982831
Louvain time: 0.051553
numClusters: 21990, time: 0.003077
Maximum degree for the graph: 479
Iteration: 0, conflicts: 0
Total number of colors used: 167
Total number of conflicts overall: 0
Number of rounds: 1
SUCCESS: No conflicts found
Number of reordered colors: 165
End position for large colors: 0, node count: 21579, largest: 21579
Node count cutoff: 4398
e_xx: 1.81508e+08, a2_x: 5.81068e+09, currMod: 0.982982
e_xx: 1.81509e+08, a2_x: 4.36166e+09, currMod: 0.982989
e_xx: 1.81715e+08, a2_x: -4.38644e+08, currMod: 0.984106
e_xx: 1.81727e+08, a2_x: 4.8701e+09, currMod: 0.984173
e_xx: 1.81991e+08, a2_x: 5.33261e+09, currMod: 0.985599
e_xx: 1.82753e+08, a2_x: 1.49786e+10, currMod: 0.989727
e_xx: 1.83977e+08, a2_x: 8.88198e+09, currMod: 0.996353
e_xx: 1.83918e+08, a2_x: 3.59767e+09, currMod: 0.996034
End Structure 2705 21647 vs 27057
currMod: 0.996353, prevMod: 0.982831
numClusters: 21647
Total iteration time: 25.1924

Loop 0 <line-37> - Time 0.000645 Total energy consumed 0.000000 Ave. Power Level 0.000000
	-------- Loop 0 (sock 1 consumed 0.000000, avg temp 44.000000, final temp 45 ) ------
	-------- Loop 0 (sock 2 consumed 0.000000, avg temp 37.500000, final temp 38 ) ------
Loop 1 <line-54> - Time 0.000370 Total energy consumed 0.028965 Ave. Power Level 78.252060
	-------- Loop 1 (sock 1 consumed 0.000000, avg temp 44.000000, final temp 45 ) ------
	-------- Loop 1 (sock 2 consumed 0.028965, avg temp 37.500000, final temp 38 ) ------
Loop 2 <line-76> - Time 0.000732 Total energy consumed 0.000000 Ave. Power Level 0.000000
	-------- Loop 2 (sock 1 consumed 0.000000, avg temp 44.000000, final temp 45 ) ------
	-------- Loop 2 (sock 2 consumed 0.000000, avg temp 37.500000, final temp 38 ) ------
Loop 3 <line-170> - Time 0.751646 Total energy consumed 41.100585 Ave. Power Level 54.680767
	-------- Loop 3 (sock 1 consumed 18.351285, avg temp 44.500000, final temp 46 ) ------
	-------- Loop 3 (sock 2 consumed 22.749300, avg temp 37.000000, final temp 37 ) ------
Loop 4 <line-192> - Time 0.000242 Total energy consumed 0.000000 Ave. Power Level 0.000000
	-------- Loop 4 (sock 1 consumed 0.000000, avg temp 45.000000, final temp 46 ) ------
	-------- Loop 4 (sock 2 consumed 0.000000, avg temp 37.000000, final temp 37 ) ------
Loop 5 <line-222> - Time 0.292368 Total energy consumed 15.682005 Ave. Power Level 53.637915
	-------- Loop 5 (sock 1 consumed 6.555855, avg temp 44.500000, final temp 46 ) ------
	-------- Loop 5 (sock 2 consumed 9.126150, avg temp 37.000000, final temp 37 ) ------
Loop 6 <line-116> - Time 0.003416 Total energy consumed 0.217680 Ave. Power Level 63.720967
	-------- Loop 6 (sock 1 consumed 0.131715, avg temp 44.000000, final temp 44 ) ------
	-------- Loop 6 (sock 2 consumed 0.085965, avg temp 37.714286, final temp 38 ) ------
Loop 7 <line-334> - Time 0.606299 Total energy consumed 30.918495 Ave. Power Level 50.995425
	-------- Loop 7 (sock 1 consumed 13.646205, avg temp 44.375000, final temp 45 ) ------
	-------- Loop 7 (sock 2 consumed 17.272290, avg temp 37.875000, final temp 38 ) ------
Loop 8 <line-353> - Time 0.000472 Total energy consumed 0.092985 Ave. Power Level 196.876568
	-------- Loop 8 (sock 1 consumed 0.038145, avg temp 44.375000, final temp 45 ) ------
	-------- Loop 8 (sock 2 consumed 0.054840, avg temp 37.875000, final temp 38 ) ------
Loop 9 <line-375> - Time 0.000855 Total energy consumed 0.074130 Ave. Power Level 86.660603
	-------- Loop 9 (sock 1 consumed 0.035040, avg temp 44.500000, final temp 45 ) ------
	-------- Loop 9 (sock 2 consumed 0.039090, avg temp 37.750000, final temp 38 ) ------
Loop 10 <line-85> - Time 0.121305 Total energy consumed 8.405040 Ave. Power Level 69.288619
	-------- Loop 10 (sock 1 consumed 4.244385, avg temp 45.000000, final temp 45 ) ------
	-------- Loop 10 (sock 2 consumed 4.160655, avg temp 37.500000, final temp 38 ) ------
Loop 11 <line-131> - Time 0.005370 Total energy consumed 0.358845 Ave. Power Level 66.829909
	-------- Loop 11 (sock 1 consumed 0.183315, avg temp 45.000000, final temp 45 ) ------
	-------- Loop 11 (sock 2 consumed 0.175530, avg temp 37.500000, final temp 38 ) ------
Loop 12 <line-167> - Time 0.124748 Total energy consumed 8.580270 Ave. Power Level 68.780635
	-------- Loop 12 (sock 1 consumed 4.341345, avg temp 45.000000, final temp 45 ) ------
	-------- Loop 12 (sock 2 consumed 4.238925, avg temp 38.000000, final temp 38 ) ------
Loop 13 <line-213> - Time 9.908716 Total energy consumed 708.505770 Ave. Power Level 71.503288
	-------- Loop 13 (sock 1 consumed 363.902805, avg temp 46.785714, final temp 46 ) ------
	-------- Loop 13 (sock 2 consumed 344.602965, avg temp 37.928571, final temp 38 ) ------
Loop 14 <line-99> - Time 4.756432 Total energy consumed 256.817535 Ave. Power Level 53.993741
	-------- Loop 14 (sock 1 consumed 114.394635, avg temp 44.714286, final temp 46 ) ------
	-------- Loop 14 (sock 2 consumed 142.422900, avg temp 37.571429, final temp 38 ) ------
Loop 15 <line-160> - Time 0.118426 Total energy consumed 6.590340 Ave. Power Level 55.649462
	-------- Loop 15 (sock 1 consumed 3.089925, avg temp 44.857143, final temp 46 ) ------
	-------- Loop 15 (sock 2 consumed 3.500415, avg temp 37.714286, final temp 38 ) ------
Loop 16 <line-269> - Time 4.287171 Total energy consumed 216.149880 Ave. Power Level 50.417830
	-------- Loop 16 (sock 1 consumed 115.728090, avg temp 45.031250, final temp 45 ) ------
	-------- Loop 16 (sock 2 consumed 100.421790, avg temp 37.562500, final temp 37 ) ------
Loop 17 <line-300> - Time 0.003052 Total energy consumed 0.046575 Ave. Power Level 15.259810
	-------- Loop 17 (sock 1 consumed 0.025320, avg temp 45.038462, final temp 47 ) ------
	-------- Loop 17 (sock 2 consumed 0.021255, avg temp 37.538462, final temp 37 ) ------
Loop 18 <line-148> - Time 0.000497 Total energy consumed 0.000000 Ave. Power Level 0.000000
	-------- Loop 18 (sock 1 consumed 0.000000, avg temp 45.000000, final temp 45 ) ------
	-------- Loop 18 (sock 2 consumed 0.000000, avg temp 38.000000, final temp 38 ) ------
Application(EnergyStat) - Time 37.413020 Total energy consumed 2109.491625 Ave. Power Level 56.383891 Final Temperature socket 1 : 46  socket 2 : 38 
	 ParallelApplication(EnergyStat) - Time 20.982764 Total energy consumed 1293.569100 Ave. Power Level 61.649129
Memory used: 1.32031
Loading 32-bit binary file: pnnl.bin, numvertices: 2361670, numEdges: 191402826
File read time: 1.88226
Before allocating graph
Allocated graph: 0x91f570
Processing edges for vertex: 0, range(0, 166)
Processing edges for vertex: 100000, range(58444108, 58444133)
Processing edges for vertex: 200000, range(84376057, 84376362)
Processing edges for vertex: 300000, range(106069163, 106069503)
Processing edges for vertex: 400000, range(122097114, 122097513)
Processing edges for vertex: 500000, range(135096418, 135096483)
Processing edges for vertex: 600000, range(146097008, 146097061)
Processing edges for vertex: 700000, range(155415410, 155415531)
Processing edges for vertex: 800000, range(162595900, 162595989)
Processing edges for vertex: 900000, range(168508374, 168508464)
Processing edges for vertex: 1000000, range(173203321, 173203442)
Processing edges for vertex: 1100000, range(176935100, 176935110)
Processing edges for vertex: 1200000, range(179876260, 179876270)
Processing edges for vertex: 1300000, range(182240081, 182240092)
Processing edges for vertex: 1400000, range(184224513, 184224521)
Processing edges for vertex: 1500000, range(185795161, 185795170)
Processing edges for vertex: 1600000, range(187104124, 187104130)
Processing edges for vertex: 1700000, range(188148455, 188148461)
Processing edges for vertex: 1800000, range(188997836, 188997842)
Processing edges for vertex: 1900000, range(189691532, 189691535)
Processing edges for vertex: 2000000, range(190254658, 190254660)
Processing edges for vertex: 2100000, range(190705814, 190705822)
Processing edges for vertex: 2200000, range(191052755, 191052764)
Processing edges for vertex: 2300000, range(191302662, 191302663)
Graph populate time: 9.46089
Total I/O time: 11.3432

Regional(EnergyStat) - Time 11.346961 Total energy consumed 542.133240 Ave. Power Level 47.777837 
Running on: 7 threads
Loaded graph from file: pnnl.bin
Memory used: 2949.12
Maximum degree for the graph: 5520
Iteration: 0, conflicts: 11
Iteration: 1, conflicts: 4
Iteration: 2, conflicts: 2
Iteration: 3, conflicts: 1
Iteration: 4, conflicts: 0
Total number of colors used: 1184
Total number of conflicts overall: 0
Number of rounds: 5
SUCCESS: No conflicts found
Coloring time: 1.14573
Memory used: 2949.12
Number of reordered colors: 1000
End position for large colors: 0, node count: 550435, largest: 550435
Node count cutoff: 472334
e_xx: 1.20886e+08, a2_x: 6.24167e+11, currMod: 0.631561
e_xx: 1.62401e+08, a2_x: 5.97864e+11, currMod: 0.84846
e_xx: 1.68775e+08, a2_x: 5.69875e+11, currMod: 0.881764
e_xx: 1.7133e+08, a2_x: 5.58103e+11, currMod: 0.895113
e_xx: 1.7274e+08, a2_x: 5.57719e+11, currMod: 0.90248
currMod: 0.895113, prevMod: -1
Louvain time: 13.9621
numClusters: 204305, time: 0.109898
Next phase: 2
Memory used: 2949.12
End Structure 1321217 204305 vs 2844880
Build next level time: 5.24366
Iteration time: 19.3203
Memory used: 2949.12
e_xx: 1.684e+08, a2_x: 5.58931e+11, currMod: 0.900244
e_xx: 1.78926e+08, a2_x: 3.39751e+11, currMod: 0.956519
e_xx: 1.80797e+08, a2_x: 2.91333e+11, currMod: 0.966526
e_xx: 1.82045e+08, a2_x: 2.53263e+11, currMod: 0.973196
e_xx: 1.82151e+08, a2_x: 2.33093e+11, currMod: 0.973763
e_xx: 1.82292e+08, a2_x: 2.4648e+11, currMod: 0.974519
e_xx: 1.82287e+08, a2_x: 2.4814e+11, currMod: 0.974493
currMod: 0.974519, prevMod: 0.895113
Louvain time: 2.26187
numClusters: 56669, time: 0.018223
Next phase: 3
Memory used: 2949.12
End Structure 602649 56669 vs 1261946
Build next level time: 0.224216
Iteration time: 2.50516
Memory used: 2949.12
e_xx: 1.82292e+08, a2_x: 2.45514e+11, currMod: 0.974517
e_xx: 1.83331e+08, a2_x: 8.40787e+10, currMod: 0.980076
e_xx: 1.83437e+08, a2_x: 7.55827e+10, currMod: 0.980643
e_xx: 1.83543e+08, a2_x: 9.54106e+10, currMod: 0.98121
e_xx: 1.83506e+08, a2_x: 7.35575e+10, currMod: 0.981016
currMod: 0.98121, prevMod: 0.974519
Louvain time: 0.781169
numClusters: 26168, time: 0.005857
Next phase: 4
Memory used: 2949.12
End Structure 186170 26168 vs 398506
Build next level time: 0.096916
Iteration time: 0.884495
Memory used: 2949.12
e_xx: 1.83543e+08, a2_x: 9.4577e+10, currMod: 0.981188
e_xx: 1.83816e+08, a2_x: 1.14239e+10, currMod: 0.982651
e_xx: 1.83785e+08, a2_x: 3.62211e+10, currMod: 0.982485
currMod: 0.982651, prevMod: 0.98121
Louvain time: 0.190312
numClusters: 22707, time: 0.003567
Next phase: 5
Memory used: 2949.12
End Structure 103112 22707 vs 228931
Build next level time: 0.035344
Iteration time: 0.229753
Memory used: 2949.12
e_xx: 1.83816e+08, a2_x: 1.2822e+10, currMod: 0.982647
e_xx: 1.83837e+08, a2_x: 2.53603e+10, currMod: 0.98276
e_xx: 1.83841e+08, a2_x: 4.46364e+10, currMod: 0.982778
e_xx: 1.8384e+08, a2_x: 3.29482e+10, currMod: 0.982777
currMod: 0.982778, prevMod: 0.982651
Louvain time: 0.148738
numClusters: 22022, time: 0.003187
Next phase: 6
Memory used: 2949.12
End Structure 69658 22022 vs 161338
Build next level time: 0.027424
Iteration time: 0.179889
Memory used: 2949.12
e_xx: 1.83841e+08, a2_x: 4.36989e+10, currMod: 0.982777
e_xx: 1.83842e+08, a2_x: 3.68294e+10, currMod: 0.982785
e_xx: 1.83842e+08, a2_x: 3.8456e+10, currMod: 0.982785
currMod: 0.982785, prevMod: 0.982778
Louvain time: 0.078134
numClusters: 21950, time: 0.003098
Next phase: 7
Memory used: 2949.12
End Structure 65206 21950 vs 152362
Build next level time: 0.023141
Iteration time: 0.104911
Memory used: 2949.12
e_xx: 1.83842e+08, a2_x: 3.65449e+10, currMod: 0.982785
e_xx: 1.83842e+08, a2_x: 3.31175e+10, currMod: 0.982786
currMod: 0.982785, prevMod: 0.982785
Louvain time: 0.048935
numClusters: 21950, time: 0.003095
Maximum degree for the graph: 442
Iteration: 0, conflicts: 0
Total number of colors used: 176
Total number of conflicts overall: 0
Number of rounds: 1
SUCCESS: No conflicts found
Number of reordered colors: 174
End position for large colors: 0, node count: 21555, largest: 21555
Node count cutoff: 4390
e_xx: 1.83844e+08, a2_x: 3.50684e+10, currMod: 0.982795
e_xx: 1.84079e+08, a2_x: 2.88517e+10, currMod: 0.984051
e_xx: 1.84079e+08, a2_x: 2.67081e+10, currMod: 0.984051
End Structure 20235 21763 vs 62233
currMod: 0.984051, prevMod: 0.982785
numClusters: 21763
Total iteration time: 23.2245

Loop 0 <line-37> - Time 0.000651 Total energy consumed 0.049275 Ave. Power Level 75.734405
	-------- Loop 0 (sock 1 consumed 0.020340, avg temp 44.500000, final temp 45 ) ------
	-------- Loop 0 (sock 2 consumed 0.028935, avg temp 37.000000, final temp 37 ) ------
Loop 1 <line-54> - Time 0.000412 Total energy consumed 0.000000 Ave. Power Level 0.000000
	-------- Loop 1 (sock 1 consumed 0.000000, avg temp 44.500000, final temp 45 ) ------
	-------- Loop 1 (sock 2 consumed 0.000000, avg temp 37.000000, final temp 37 ) ------
Loop 2 <line-76> - Time 0.000729 Total energy consumed 0.000000 Ave. Power Level 0.000000
	-------- Loop 2 (sock 1 consumed 0.000000, avg temp 44.500000, final temp 45 ) ------
	-------- Loop 2 (sock 2 consumed 0.000000, avg temp 37.000000, final temp 37 ) ------
Loop 3 <line-170> - Time 0.756828 Total energy consumed 40.681650 Ave. Power Level 53.752802
	-------- Loop 3 (sock 1 consumed 17.540265, avg temp 43.500000, final temp 46 ) ------
	-------- Loop 3 (sock 2 consumed 23.141385, avg temp 37.000000, final temp 37 ) ------
Loop 4 <line-192> - Time 0.000179 Total energy consumed 0.000000 Ave. Power Level 0.000000
	-------- Loop 4 (sock 1 consumed 0.000000, avg temp 44.500000, final temp 46 ) ------
	-------- Loop 4 (sock 2 consumed 0.000000, avg temp 37.000000, final temp 37 ) ------
Loop 5 <line-222> - Time 0.288099 Total energy consumed 15.646365 Ave. Power Level 54.309050
	-------- Loop 5 (sock 1 consumed 7.201455, avg temp 45.000000, final temp 46 ) ------
	-------- Loop 5 (sock 2 consumed 8.444910, avg temp 37.000000, final temp 37 ) ------
Loop 6 <line-116> - Time 0.003383 Total energy consumed 0.180495 Ave. Power Level 53.355851
	-------- Loop 6 (sock 1 consumed 0.062685, avg temp 44.428571, final temp 45 ) ------
	-------- Loop 6 (sock 2 consumed 0.117810, avg temp 37.714286, final temp 38 ) ------
Loop 7 <line-334> - Time 0.611632 Total energy consumed 30.773295 Ave. Power Level 50.313448
	-------- Loop 7 (sock 1 consumed 12.919545, avg temp 44.625000, final temp 46 ) ------
	-------- Loop 7 (sock 2 consumed 17.853750, avg temp 37.875000, final temp 38 ) ------
Loop 8 <line-353> - Time 0.000416 Total energy consumed 0.000000 Ave. Power Level 0.000000
	-------- Loop 8 (sock 1 consumed 0.000000, avg temp 44.625000, final temp 46 ) ------
	-------- Loop 8 (sock 2 consumed 0.000000, avg temp 37.875000, final temp 38 ) ------
Loop 9 <line-375> - Time 0.000744 Total energy consumed 0.000000 Ave. Power Level 0.000000
	-------- Loop 9 (sock 1 consumed 0.000000, avg temp 44.625000, final temp 46 ) ------
	-------- Loop 9 (sock 2 consumed 0.000000, avg temp 37.875000, final temp 38 ) ------
Loop 10 <line-85> - Time 0.117458 Total energy consumed 8.138550 Ave. Power Level 69.289009
	-------- Loop 10 (sock 1 consumed 3.874635, avg temp 45.000000, final temp 46 ) ------
	-------- Loop 10 (sock 2 consumed 4.263915, avg temp 37.500000, final temp 37 ) ------
Loop 11 <line-131> - Time 0.006242 Total energy consumed 0.604575 Ave. Power Level 96.857124
	-------- Loop 11 (sock 1 consumed 0.273780, avg temp 45.000000, final temp 46 ) ------
	-------- Loop 11 (sock 2 consumed 0.330795, avg temp 37.000000, final temp 37 ) ------
Loop 12 <line-167> - Time 0.126347 Total energy consumed 8.771400 Ave. Power Level 69.422897
	-------- Loop 12 (sock 1 consumed 4.212090, avg temp 44.500000, final temp 45 ) ------
	-------- Loop 12 (sock 2 consumed 4.559310, avg temp 38.000000, final temp 38 ) ------
Loop 13 <line-213> - Time 9.037214 Total energy consumed 648.286545 Ave. Power Level 71.735220
	-------- Loop 13 (sock 1 consumed 325.938405, avg temp 47.250000, final temp 46 ) ------
	-------- Loop 13 (sock 2 consumed 322.348140, avg temp 38.125000, final temp 38 ) ------
Loop 14 <line-99> - Time 5.242315 Total energy consumed 279.350340 Ave. Power Level 53.287587
	-------- Loop 14 (sock 1 consumed 127.017090, avg temp 44.714286, final temp 45 ) ------
	-------- Loop 14 (sock 2 consumed 152.333250, avg temp 37.714286, final temp 38 ) ------
Loop 15 <line-160> - Time 0.137377 Total energy consumed 7.928760 Ave. Power Level 57.715510
	-------- Loop 15 (sock 1 consumed 3.752910, avg temp 45.000000, final temp 45 ) ------
	-------- Loop 15 (sock 2 consumed 4.175850, avg temp 37.714286, final temp 38 ) ------
Loop 16 <line-269> - Time 3.484780 Total energy consumed 175.139370 Ave. Power Level 50.258371
	-------- Loop 16 (sock 1 consumed 92.100360, avg temp 45.291667, final temp 45 ) ------
	-------- Loop 16 (sock 2 consumed 83.039010, avg temp 37.166667, final temp 38 ) ------
Loop 17 <line-300> - Time 0.002071 Total energy consumed 0.093825 Ave. Power Level 45.303326
	-------- Loop 17 (sock 1 consumed 0.051735, avg temp 45.055556, final temp 44 ) ------
	-------- Loop 17 (sock 2 consumed 0.042090, avg temp 37.111111, final temp 37 ) ------
Loop 18 <line-148> - Time 0.000494 Total energy consumed 0.000000 Ave. Power Level 0.000000
	-------- Loop 18 (sock 1 consumed 0.000000, avg temp 45.000000, final temp 45 ) ------
	-------- Loop 18 (sock 2 consumed 0.000000, avg temp 37.000000, final temp 37 ) ------
Application(EnergyStat) - Time 35.811298 Total energy consumed 1996.116315 Ave. Power Level 55.739848 Final Temperature socket 1 : 47  socket 2 : 38 
	 ParallelApplication(EnergyStat) - Time 19.817372 Total energy consumed 1215.644445 Ave. Power Level 61.342365
Memory used: 1.32031
Loading 32-bit binary file: pnnl.bin, numvertices: 2361670, numEdges: 191402826
File read time: 1.88619
Before allocating graph
Allocated graph: 0x16f3570
Processing edges for vertex: 0, range(0, 166)
Processing edges for vertex: 100000, range(58444108, 58444133)
Processing edges for vertex: 200000, range(84376057, 84376362)
Processing edges for vertex: 300000, range(106069163, 106069503)
Processing edges for vertex: 400000, range(122097114, 122097513)
Processing edges for vertex: 500000, range(135096418, 135096483)
Processing edges for vertex: 600000, range(146097008, 146097061)
Processing edges for vertex: 700000, range(155415410, 155415531)
Processing edges for vertex: 800000, range(162595900, 162595989)
Processing edges for vertex: 900000, range(168508374, 168508464)
Processing edges for vertex: 1000000, range(173203321, 173203442)
Processing edges for vertex: 1100000, range(176935100, 176935110)
Processing edges for vertex: 1200000, range(179876260, 179876270)
Processing edges for vertex: 1300000, range(182240081, 182240092)
Processing edges for vertex: 1400000, range(184224513, 184224521)
Processing edges for vertex: 1500000, range(185795161, 185795170)
Processing edges for vertex: 1600000, range(187104124, 187104130)
Processing edges for vertex: 1700000, range(188148455, 188148461)
Processing edges for vertex: 1800000, range(188997836, 188997842)
Processing edges for vertex: 1900000, range(189691532, 189691535)
Processing edges for vertex: 2000000, range(190254658, 190254660)
Processing edges for vertex: 2100000, range(190705814, 190705822)
Processing edges for vertex: 2200000, range(191052755, 191052764)
Processing edges for vertex: 2300000, range(191302662, 191302663)
Graph populate time: 9.25151
Total I/O time: 11.1377

Regional(EnergyStat) - Time 11.142099 Total energy consumed 543.223920 Ave. Power Level 48.754184 
Running on: 7 threads
Loaded graph from file: pnnl.bin
Memory used: 2949.12
Maximum degree for the graph: 5520
Iteration: 0, conflicts: 3
Iteration: 1, conflicts: 0
Total number of colors used: 1183
Total number of conflicts overall: 0
Number of rounds: 2
SUCCESS: No conflicts found
Coloring time: 1.12171
Memory used: 2949.12
Number of reordered colors: 1018
End position for large colors: 0, node count: 550445, largest: 550445
Node count cutoff: 472334
e_xx: 1.1549e+08, a2_x: 5.83442e+11, currMod: 0.603369
e_xx: 1.59293e+08, a2_x: 5.6811e+11, currMod: 0.832226
e_xx: 1.67028e+08, a2_x: 5.21004e+11, currMod: 0.872636
e_xx: 1.706e+08, a2_x: 5.3358e+11, currMod: 0.891302
e_xx: 1.7226e+08, a2_x: 5.46335e+11, currMod: 0.899972
currMod: 0.891302, prevMod: -1
Louvain time: 13.7956
numClusters: 204467, time: 0.124959
Next phase: 2
Memory used: 2949.12
End Structure 1318287 204467 vs 2839205
Build next level time: 4.81239
Iteration time: 18.7372
Memory used: 2949.12
e_xx: 1.69232e+08, a2_x: 5.44582e+11, currMod: 0.898386
e_xx: 1.7811e+08, a2_x: 3.5546e+11, currMod: 0.945522
e_xx: 1.79312e+08, a2_x: 2.74188e+11, currMod: 0.951908
e_xx: 1.79703e+08, a2_x: 2.78497e+11, currMod: 0.953984
e_xx: 1.798e+08, a2_x: 2.85419e+11, currMod: 0.954496
e_xx: 1.79926e+08, a2_x: 2.83247e+11, currMod: 0.955168
e_xx: 1.7992e+08, a2_x: 2.59067e+11, currMod: 0.955136
currMod: 0.955168, prevMod: 0.891302
Louvain time: 2.27193
numClusters: 56349, time: 0.018509
Next phase: 3
Memory used: 2949.12
End Structure 594493 56349 vs 1245314
Build next level time: 0.233158
Iteration time: 2.52439
Memory used: 2949.12
e_xx: 1.79926e+08, a2_x: 2.82029e+11, currMod: 0.955155
e_xx: 1.84659e+08, a2_x: 1.40716e+11, currMod: 0.980284
e_xx: 1.8476e+08, a2_x: 6.60943e+10, currMod: 0.980825
e_xx: 1.84858e+08, a2_x: 8.5434e+10, currMod: 0.981345
e_xx: 1.84789e+08, a2_x: 9.29307e+10, currMod: 0.980975
currMod: 0.981345, prevMod: 0.955168
Louvain time: 0.792643
numClusters: 26077, time: 0.005754
Next phase: 4
Memory used: 2949.12
End Structure 189505 26077 vs 405086
Build next level time: 0.0862
Iteration time: 0.885175
Memory used: 2949.12
e_xx: 1.84858e+08, a2_x: 8.49971e+10, currMod: 0.981337
e_xx: 1.85115e+08, a2_x: 1.04495e+10, currMod: 0.9827
e_xx: 1.8513e+08, a2_x: 3.26375e+10, currMod: 0.982784
e_xx: 1.85133e+08, a2_x: 3.24802e+10, currMod: 0.982799
e_xx: 1.85138e+08, a2_x: 3.43537e+10, currMod: 0.982825
e_xx: 1.85134e+08, a2_x: 3.15047e+10, currMod: 0.982801
currMod: 0.982825, prevMod: 0.981345
Louvain time: 0.371041
numClusters: 22120, time: 0.003576
Next phase: 5
Memory used: 2949.12
End Structure 82819 22120 vs 187758
Build next level time: 0.036268
Iteration time: 0.411418
Memory used: 2949.12
e_xx: 1.85138e+08, a2_x: 3.44388e+10, currMod: 0.98282
e_xx: 1.85143e+08, a2_x: 4.4606e+10, currMod: 0.982844
e_xx: 1.85144e+08, a2_x: 5.48504e+10, currMod: 0.982853
e_xx: 1.85143e+08, a2_x: 4.54494e+10, currMod: 0.982846
currMod: 0.982853, prevMod: 0.982825
Louvain time: 0.121471
numClusters: 21936, time: 0.003113
Next phase: 6
Memory used: 2949.12
End Structure 66064 21936 vs 154064
Build next level time: 0.021417
Iteration time: 0.146514
Memory used: 2949.12
e_xx: 1.85144e+08, a2_x: 5.35071e+10, currMod: 0.982852
e_xx: 1.85144e+08, a2_x: 4.99777e+10, currMod: 0.982853
currMod: 0.982853, prevMod: 0.982853
Louvain time: 0.050431
numClusters: 21936, time: 0.00313
Maximum degree for the graph: 439
Iteration: 0, conflicts: 0
Total number of colors used: 176
Total number of conflicts overall: 0
Number of rounds: 1
SUCCESS: No conflicts found
Number of reordered colors: 174
End position for large colors: 0, node count: 21529, largest: 21529
Node count cutoff: 4388
e_xx: 1.85162e+08, a2_x: 3.67144e+10, currMod: 0.982946
e_xx: 1.85161e+08, a2_x: 3.70643e+10, currMod: 0.982941
End Structure 40226 21827 vs 102279
currMod: 0.982946, prevMod: 0.982853
numClusters: 21827
Total iteration time: 22.7047

Loop 0 <line-37> - Time 0.000640 Total energy consumed 0.048435 Ave. Power Level 75.736371
	-------- Loop 0 (sock 1 consumed 0.027300, avg temp 45.000000, final temp 45 ) ------
	-------- Loop 0 (sock 2 consumed 0.021135, avg temp 37.000000, final temp 38 ) ------
Loop 1 <line-54> - Time 0.000486 Total energy consumed 0.000000 Ave. Power Level 0.000000
	-------- Loop 1 (sock 1 consumed 0.000000, avg temp 45.000000, final temp 45 ) ------
	-------- Loop 1 (sock 2 consumed 0.000000, avg temp 37.500000, final temp 38 ) ------
Loop 2 <line-76> - Time 0.000740 Total energy consumed 0.091155 Ave. Power Level 123.128023
	-------- Loop 2 (sock 1 consumed 0.062310, avg temp 45.000000, final temp 45 ) ------
	-------- Loop 2 (sock 2 consumed 0.028845, avg temp 37.000000, final temp 38 ) ------
Loop 3 <line-170> - Time 0.719226 Total energy consumed 39.491070 Ave. Power Level 54.907748
	-------- Loop 3 (sock 1 consumed 22.239090, avg temp 45.000000, final temp 45 ) ------
	-------- Loop 3 (sock 2 consumed 17.251980, avg temp 37.333333, final temp 38 ) ------
Loop 4 <line-192> - Time 0.000146 Total energy consumed 0.000000 Ave. Power Level 0.000000
	-------- Loop 4 (sock 1 consumed 0.000000, avg temp 45.000000, final temp 45 ) ------
	-------- Loop 4 (sock 2 consumed 0.000000, avg temp 37.500000, final temp 38 ) ------
Loop 5 <line-222> - Time 0.301705 Total energy consumed 16.486530 Ave. Power Level 54.644474
	-------- Loop 5 (sock 1 consumed 7.395750, avg temp 45.000000, final temp 46 ) ------
	-------- Loop 5 (sock 2 consumed 9.090780, avg temp 38.500000, final temp 39 ) ------
Loop 6 <line-116> - Time 0.002879 Total energy consumed 0.214395 Ave. Power Level 74.474826
	-------- Loop 6 (sock 1 consumed 0.108195, avg temp 44.833333, final temp 45 ) ------
	-------- Loop 6 (sock 2 consumed 0.106200, avg temp 37.500000, final temp 38 ) ------
Loop 7 <line-334> - Time 0.598232 Total energy consumed 30.509340 Ave. Power Level 50.999177
	-------- Loop 7 (sock 1 consumed 17.235720, avg temp 45.000000, final temp 46 ) ------
	-------- Loop 7 (sock 2 consumed 13.273620, avg temp 37.714286, final temp 39 ) ------
Loop 8 <line-353> - Time 0.000454 Total energy consumed 0.100755 Ave. Power Level 222.057906
	-------- Loop 8 (sock 1 consumed 0.056715, avg temp 45.000000, final temp 46 ) ------
	-------- Loop 8 (sock 2 consumed 0.044040, avg temp 37.714286, final temp 39 ) ------
Loop 9 <line-375> - Time 0.000748 Total energy consumed 0.000000 Ave. Power Level 0.000000
	-------- Loop 9 (sock 1 consumed 0.000000, avg temp 45.000000, final temp 46 ) ------
	-------- Loop 9 (sock 2 consumed 0.000000, avg temp 37.857143, final temp 39 ) ------
Loop 10 <line-85> - Time 0.120848 Total energy consumed 8.500770 Ave. Power Level 70.342663
	-------- Loop 10 (sock 1 consumed 4.425330, avg temp 44.750000, final temp 45 ) ------
	-------- Loop 10 (sock 2 consumed 4.075440, avg temp 37.500000, final temp 38 ) ------
Loop 11 <line-131> - Time 0.005345 Total energy consumed 0.439725 Ave. Power Level 82.263412
	-------- Loop 11 (sock 1 consumed 0.228450, avg temp 45.000000, final temp 46 ) ------
	-------- Loop 11 (sock 2 consumed 0.211275, avg temp 37.500000, final temp 38 ) ------
Loop 12 <line-167> - Time 0.149430 Total energy consumed 10.572870 Ave. Power Level 70.754443
	-------- Loop 12 (sock 1 consumed 5.443965, avg temp 45.000000, final temp 46 ) ------
	-------- Loop 12 (sock 2 consumed 5.128905, avg temp 38.500000, final temp 39 ) ------
Loop 13 <line-213> - Time 8.868162 Total energy consumed 645.756180 Ave. Power Level 72.817366
	-------- Loop 13 (sock 1 consumed 319.289310, avg temp 45.714286, final temp 46 ) ------
	-------- Loop 13 (sock 2 consumed 326.466870, avg temp 39.142857, final temp 39 ) ------
Loop 14 <line-99> - Time 4.801745 Total energy consumed 257.127495 Ave. Power Level 53.548759
	-------- Loop 14 (sock 1 consumed 132.417285, avg temp 44.833333, final temp 45 ) ------
	-------- Loop 14 (sock 2 consumed 124.710210, avg temp 37.500000, final temp 38 ) ------
Loop 15 <line-160> - Time 0.128467 Total energy consumed 7.200990 Ave. Power Level 56.053017
	-------- Loop 15 (sock 1 consumed 3.881205, avg temp 45.166667, final temp 45 ) ------
	-------- Loop 15 (sock 2 consumed 3.319785, avg temp 37.833333, final temp 38 ) ------
Loop 16 <line-269> - Time 3.584253 Total energy consumed 179.574195 Ave. Power Level 50.100875
	-------- Loop 16 (sock 1 consumed 88.328880, avg temp 44.916667, final temp 45 ) ------
	-------- Loop 16 (sock 2 consumed 91.245315, avg temp 38.041667, final temp 37 ) ------
Loop 17 <line-300> - Time 0.001963 Total energy consumed 0.000000 Ave. Power Level 0.000000
	-------- Loop 17 (sock 1 consumed 0.000000, avg temp 44.947368, final temp 45 ) ------
	-------- Loop 17 (sock 2 consumed 0.000000, avg temp 38.105263, final temp 40 ) ------
Loop 18 <line-148> - Time 0.000467 Total energy consumed 0.093885 Ave. Power Level 201.034239
	-------- Loop 18 (sock 1 consumed 0.036120, avg temp 45.000000, final temp 45 ) ------
	-------- Loop 18 (sock 2 consumed 0.057765, avg temp 38.000000, final temp 38 ) ------
Application(EnergyStat) - Time 35.065163 Total energy consumed 1979.133315 Ave. Power Level 56.441583 Final Temperature socket 1 : 46  socket 2 : 38 
	 ParallelApplication(EnergyStat) - Time 19.285937 Total energy consumed 1196.207790 Ave. Power Level 62.024871
Memory used: 1.32031
Loading 32-bit binary file: pnnl.bin, numvertices: 2361670, numEdges: 191402826
File read time: 1.92511
Before allocating graph
Allocated graph: 0x22ba570
Processing edges for vertex: 0, range(0, 166)
Processing edges for vertex: 100000, range(58444108, 58444133)
Processing edges for vertex: 200000, range(84376057, 84376362)
Processing edges for vertex: 300000, range(106069163, 106069503)
Processing edges for vertex: 400000, range(122097114, 122097513)
Processing edges for vertex: 500000, range(135096418, 135096483)
Processing edges for vertex: 600000, range(146097008, 146097061)
Processing edges for vertex: 700000, range(155415410, 155415531)
Processing edges for vertex: 800000, range(162595900, 162595989)
Processing edges for vertex: 900000, range(168508374, 168508464)
Processing edges for vertex: 1000000, range(173203321, 173203442)
Processing edges for vertex: 1100000, range(176935100, 176935110)
Processing edges for vertex: 1200000, range(179876260, 179876270)
Processing edges for vertex: 1300000, range(182240081, 182240092)
Processing edges for vertex: 1400000, range(184224513, 184224521)
Processing edges for vertex: 1500000, range(185795161, 185795170)
Processing edges for vertex: 1600000, range(187104124, 187104130)
Processing edges for vertex: 1700000, range(188148455, 188148461)
Processing edges for vertex: 1800000, range(188997836, 188997842)
Processing edges for vertex: 1900000, range(189691532, 189691535)
Processing edges for vertex: 2000000, range(190254658, 190254660)
Processing edges for vertex: 2100000, range(190705814, 190705822)
Processing edges for vertex: 2200000, range(191052755, 191052764)
Processing edges for vertex: 2300000, range(191302662, 191302663)
Graph populate time: 9.35335
Total I/O time: 11.2785

Regional(EnergyStat) - Time 11.282627 Total energy consumed 534.419655 Ave. Power Level 47.366598 
Running on: 7 threads
Loaded graph from file: pnnl.bin
Memory used: 2949.12
Maximum degree for the graph: 5520
Iteration: 0, conflicts: 7
Iteration: 1, conflicts: 1
Iteration: 2, conflicts: 0
Total number of colors used: 1184
Total number of conflicts overall: 0
Number of rounds: 3
SUCCESS: No conflicts found
Coloring time: 1.15204
Memory used: 2949.12
Number of reordered colors: 1007
End position for large colors: 0, node count: 550377, largest: 550377
Node count cutoff: 472334
e_xx: 1.20056e+08, a2_x: 6.18587e+11, currMod: 0.627226
e_xx: 1.62577e+08, a2_x: 5.71144e+11, currMod: 0.849379
e_xx: 1.69016e+08, a2_x: 5.20275e+11, currMod: 0.883022
e_xx: 1.71932e+08, a2_x: 5.34689e+11, currMod: 0.898256
e_xx: 1.73602e+08, a2_x: 5.603e+11, currMod: 0.906984
currMod: 0.898256, prevMod: -1
Louvain time: 13.808
numClusters: 204485, time: 0.111128
Next phase: 2
Memory used: 2949.12
End Structure 1306933 204485 vs 2816404
Build next level time: 4.8479
Iteration time: 18.7725
Memory used: 2949.12
e_xx: 1.6591e+08, a2_x: 5.59793e+11, currMod: 0.903121
e_xx: 1.76976e+08, a2_x: 3.74784e+11, currMod: 0.963364
e_xx: 1.78477e+08, a2_x: 2.7731e+11, currMod: 0.97154
e_xx: 1.78748e+08, a2_x: 3.14537e+11, currMod: 0.973012
e_xx: 1.78833e+08, a2_x: 2.82995e+11, currMod: 0.973474
e_xx: 1.78925e+08, a2_x: 2.72454e+11, currMod: 0.973979
e_xx: 1.78989e+08, a2_x: 2.96913e+11, currMod: 0.974325
e_xx: 1.79027e+08, a2_x: 2.82374e+11, currMod: 0.974535
e_xx: 1.7904e+08, a2_x: 2.7419e+11, currMod: 0.974606
e_xx: 1.79059e+08, a2_x: 2.70168e+11, currMod: 0.97471
e_xx: 1.79061e+08, a2_x: 2.80777e+11, currMod: 0.974719
e_xx: 1.79074e+08, a2_x: 2.64412e+11, currMod: 0.974787
e_xx: 1.7907e+08, a2_x: 2.71557e+11, currMod: 0.97477
currMod: 0.974787, prevMod: 0.898256
Louvain time: 3.71991
numClusters: 48927, time: 0.015852
Next phase: 3
Memory used: 2949.12
End Structure 470313 48927 vs 989543
Build next level time: 0.20719
Iteration time: 3.94377
Memory used: 2949.12
e_xx: 1.79073e+08, a2_x: 2.67557e+11, currMod: 0.974764
e_xx: 1.80112e+08, a2_x: 6.76445e+10, currMod: 0.980425
e_xx: 1.80168e+08, a2_x: 8.70419e+10, currMod: 0.980728
e_xx: 1.80286e+08, a2_x: 6.85878e+10, currMod: 0.981372
e_xx: 1.80315e+08, a2_x: 6.62809e+10, currMod: 0.981525
e_xx: 1.8034e+08, a2_x: 6.75144e+10, currMod: 0.981665
e_xx: 1.80328e+08, a2_x: 1.00607e+11, currMod: 0.9816
currMod: 0.981665, prevMod: 0.974787
Louvain time: 0.887132
numClusters: 24673, time: 0.005141
Next phase: 4
Memory used: 2949.12
End Structure 160235 24673 vs 345143
Build next level time: 0.075179
Iteration time: 0.967998
Memory used: 2949.12
e_xx: 1.8034e+08, a2_x: 6.55858e+10, currMod: 0.981655
e_xx: 1.80476e+08, a2_x: 1.91318e+10, currMod: 0.982395
e_xx: 1.80446e+08, a2_x: -9.66963e+09, currMod: 0.98223
currMod: 0.982395, prevMod: 0.981665
Louvain time: 0.171365
numClusters: 22514, time: 0.003405
Next phase: 5
Memory used: 2949.12
End Structure 102153 22514 vs 226820
Build next level time: 0.035701
Iteration time: 0.210981
Memory used: 2949.12
e_xx: 1.80476e+08, a2_x: 1.80619e+10, currMod: 0.982394
e_xx: 1.80482e+08, a2_x: 5.31345e+09, currMod: 0.982427
e_xx: 1.80484e+08, a2_x: 8.7284e+09, currMod: 0.982438
e_xx: 1.80484e+08, a2_x: -3.82765e+09, currMod: 0.982438
currMod: 0.982438, prevMod: 0.982395
Louvain time: 0.152971
numClusters: 22027, time: 0.003159
Next phase: 6
Memory used: 2949.12
End Structure 77580 22027 vs 177187
Build next level time: 0.029118
Iteration time: 0.185787
Memory used: 2949.12
e_xx: 1.80484e+08, a2_x: 9.07314e+09, currMod: 0.982437
e_xx: 1.80484e+08, a2_x: -3.85095e+09, currMod: 0.982439
e_xx: 1.80484e+08, a2_x: -9.90716e+08, currMod: 0.982439
currMod: 0.982439, prevMod: 0.982438
Louvain time: 0.090007
numClusters: 21990, time: 0.003108
Next phase: 7
Memory used: 2949.12
End Structure 75556 21990 vs 173102
Build next level time: 0.027035
Iteration time: 0.120693
Memory used: 2949.12
e_xx: 1.80484e+08, a2_x: -4.10871e+09, currMod: 0.982439
e_xx: 1.80484e+08, a2_x: -1.89396e+09, currMod: 0.982439
currMod: 0.982439, prevMod: 0.982439
Louvain time: 0.057543
numClusters: 21990, time: 0.00309
Maximum degree for the graph: 484
Iteration: 0, conflicts: 0
Total number of colors used: 169
Total number of conflicts overall: 0
Number of rounds: 1
SUCCESS: No conflicts found
Number of reordered colors: 167
End position for large colors: 0, node count: 21550, largest: 21550
Node count cutoff: 4398
e_xx: 1.80484e+08, a2_x: -1.89396e+09, currMod: 0.982439
End Structure 75193 21986 vs 172372
currMod: 0.982439, prevMod: 0.982439
numClusters: 21986
Total iteration time: 24.2017

Loop 0 <line-37> - Time 0.000655 Total energy consumed 0.101895 Ave. Power Level 155.624997
	-------- Loop 0 (sock 1 consumed 0.041445, avg temp 44.500000, final temp 45 ) ------
	-------- Loop 0 (sock 2 consumed 0.060450, avg temp 38.000000, final temp 40 ) ------
Loop 1 <line-54> - Time 0.000402 Total energy consumed 0.000000 Ave. Power Level 0.000000
	-------- Loop 1 (sock 1 consumed 0.000000, avg temp 44.500000, final temp 45 ) ------
	-------- Loop 1 (sock 2 consumed 0.000000, avg temp 38.000000, final temp 39 ) ------
Loop 2 <line-76> - Time 0.000740 Total energy consumed 0.000000 Ave. Power Level 0.000000
	-------- Loop 2 (sock 1 consumed 0.000000, avg temp 44.500000, final temp 45 ) ------
	-------- Loop 2 (sock 2 consumed 0.000000, avg temp 38.000000, final temp 39 ) ------
Loop 3 <line-170> - Time 0.758812 Total energy consumed 40.925535 Ave. Power Level 53.933705
	-------- Loop 3 (sock 1 consumed 19.586640, avg temp 47.000000, final temp 44 ) ------
	-------- Loop 3 (sock 2 consumed 21.338895, avg temp 36.750000, final temp 39 ) ------
Loop 4 <line-192> - Time 0.000230 Total energy consumed 0.000000 Ave. Power Level 0.000000
	-------- Loop 4 (sock 1 consumed 0.000000, avg temp 46.000000, final temp 44 ) ------
	-------- Loop 4 (sock 2 consumed 0.000000, avg temp 37.500000, final temp 39 ) ------
Loop 5 <line-222> - Time 0.290752 Total energy consumed 15.778635 Ave. Power Level 54.268451
	-------- Loop 5 (sock 1 consumed 7.250565, avg temp 44.000000, final temp 44 ) ------
	-------- Loop 5 (sock 2 consumed 8.528070, avg temp 37.500000, final temp 39 ) ------
Loop 6 <line-116> - Time 0.003443 Total energy consumed 0.110265 Ave. Power Level 32.024287
	-------- Loop 6 (sock 1 consumed 0.053220, avg temp 44.285714, final temp 45 ) ------
	-------- Loop 6 (sock 2 consumed 0.057045, avg temp 38.285714, final temp 39 ) ------
Loop 7 <line-334> - Time 0.595455 Total energy consumed 30.390780 Ave. Power Level 51.037882
	-------- Loop 7 (sock 1 consumed 16.476660, avg temp 44.625000, final temp 45 ) ------
	-------- Loop 7 (sock 2 consumed 13.914120, avg temp 38.250000, final temp 39 ) ------
Loop 8 <line-353> - Time 0.000424 Total energy consumed 0.000000 Ave. Power Level 0.000000
	-------- Loop 8 (sock 1 consumed 0.000000, avg temp 44.625000, final temp 45 ) ------
	-------- Loop 8 (sock 2 consumed 0.000000, avg temp 38.250000, final temp 39 ) ------
Loop 9 <line-375> - Time 0.000726 Total energy consumed 0.000000 Ave. Power Level 0.000000
	-------- Loop 9 (sock 1 consumed 0.000000, avg temp 44.625000, final temp 45 ) ------
	-------- Loop 9 (sock 2 consumed 0.000000, avg temp 38.250000, final temp 39 ) ------
Loop 10 <line-85> - Time 0.119868 Total energy consumed 8.162580 Ave. Power Level 68.096587
	-------- Loop 10 (sock 1 consumed 4.207500, avg temp 45.500000, final temp 45 ) ------
	-------- Loop 10 (sock 2 consumed 3.955080, avg temp 38.500000, final temp 39 ) ------
Loop 11 <line-131> - Time 0.005437 Total energy consumed 0.416475 Ave. Power Level 76.595104
	-------- Loop 11 (sock 1 consumed 0.218790, avg temp 45.500000, final temp 45 ) ------
	-------- Loop 11 (sock 2 consumed 0.197685, avg temp 38.500000, final temp 39 ) ------
Loop 12 <line-167> - Time 0.130532 Total energy consumed 8.899185 Ave. Power Level 68.176143
	-------- Loop 12 (sock 1 consumed 4.668570, avg temp 45.500000, final temp 45 ) ------
	-------- Loop 12 (sock 2 consumed 4.230615, avg temp 38.500000, final temp 39 ) ------
Loop 13 <line-213> - Time 8.857442 Total energy consumed 619.759920 Ave. Power Level 69.970531
	-------- Loop 13 (sock 1 consumed 316.684005, avg temp 47.666667, final temp 45 ) ------
	-------- Loop 13 (sock 2 consumed 303.075915, avg temp 39.833333, final temp 39 ) ------
Loop 14 <line-99> - Time 4.849215 Total energy consumed 253.314585 Ave. Power Level 52.238270
	-------- Loop 14 (sock 1 consumed 111.216600, avg temp 44.428571, final temp 45 ) ------
	-------- Loop 14 (sock 2 consumed 142.097985, avg temp 38.571429, final temp 38 ) ------
Loop 15 <line-160> - Time 0.126246 Total energy consumed 7.038270 Ave. Power Level 55.750384
	-------- Loop 15 (sock 1 consumed 3.345270, avg temp 44.428571, final temp 46 ) ------
	-------- Loop 15 (sock 2 consumed 3.693000, avg temp 38.857143, final temp 39 ) ------
Loop 16 <line-269> - Time 5.053269 Total energy consumed 255.615915 Ave. Power Level 50.584267
	-------- Loop 16 (sock 1 consumed 129.295425, avg temp 44.406250, final temp 44 ) ------
	-------- Loop 16 (sock 2 consumed 126.320490, avg temp 38.250000, final temp 39 ) ------
Loop 17 <line-300> - Time 0.003644 Total energy consumed 0.122385 Ave. Power Level 33.587724
	-------- Loop 17 (sock 1 consumed 0.053775, avg temp 44.230769, final temp 45 ) ------
	-------- Loop 17 (sock 2 consumed 0.068610, avg temp 38.230769, final temp 38 ) ------
Loop 18 <line-148> - Time 0.000497 Total energy consumed 0.000000 Ave. Power Level 0.000000
	-------- Loop 18 (sock 1 consumed 0.000000, avg temp 45.000000, final temp 45 ) ------
	-------- Loop 18 (sock 2 consumed 0.000000, avg temp 40.000000, final temp 40 ) ------
Application(EnergyStat) - Time 36.743263 Total energy consumed 2012.890920 Ave. Power Level 54.782585 Final Temperature socket 1 : 45  socket 2 : 38 
	 ParallelApplication(EnergyStat) - Time 20.797788 Total energy consumed 1240.636425 Ave. Power Level 59.652326
