Memory used: 1.32422
Loading 32-bit binary file: pnnl.bin, numvertices: 2361670, numEdges: 191402826
File read time: 2.24046
Before allocating graph
Allocated graph: 0x155e570
Processing edges for vertex: 0, range(0, 166)
Processing edges for vertex: 100000, range(58444108, 58444133)
Processing edges for vertex: 200000, range(84376057, 84376362)
Processing edges for vertex: 300000, range(106069163, 106069503)
Processing edges for vertex: 400000, range(122097114, 122097513)
Processing edges for vertex: 500000, range(135096418, 135096483)
Processing edges for vertex: 600000, range(146097008, 146097061)
Processing edges for vertex: 700000, range(155415410, 155415531)
Processing edges for vertex: 800000, range(162595900, 162595989)
Processing edges for vertex: 900000, range(168508374, 168508464)
Processing edges for vertex: 1000000, range(173203321, 173203442)
Processing edges for vertex: 1100000, range(176935100, 176935110)
Processing edges for vertex: 1200000, range(179876260, 179876270)
Processing edges for vertex: 1300000, range(182240081, 182240092)
Processing edges for vertex: 1400000, range(184224513, 184224521)
Processing edges for vertex: 1500000, range(185795161, 185795170)
Processing edges for vertex: 1600000, range(187104124, 187104130)
Processing edges for vertex: 1700000, range(188148455, 188148461)
Processing edges for vertex: 1800000, range(188997836, 188997842)
Processing edges for vertex: 1900000, range(189691532, 189691535)
Processing edges for vertex: 2000000, range(190254658, 190254660)
Processing edges for vertex: 2100000, range(190705814, 190705822)
Processing edges for vertex: 2200000, range(191052755, 191052764)
Processing edges for vertex: 2300000, range(191302662, 191302663)
Graph populate time: 11.4797
Total I/O time: 13.7202

Regional(EnergyStat) - Time 13.725392 Total energy consumed 591.214935 Ave. Power Level 43.074538 
Running on: 16 threads
Loaded graph from file: pnnl.bin
Memory used: 2949.12
Maximum degree for the graph: 5520
Iteration: 0, conflicts: 37
Iteration: 1, conflicts: 6
Iteration: 2, conflicts: 2
Iteration: 3, conflicts: 1
Iteration: 4, conflicts: 0
Total number of colors used: 1192
Total number of conflicts overall: 0
Number of rounds: 5
SUCCESS: No conflicts found
Coloring time: 0.917386
Memory used: 2949.12
Number of reordered colors: 1008
End position for large colors: 0, node count: 549972, largest: 549972
Node count cutoff: 472334
e_xx: 1.18948e+08, a2_x: 6.32708e+11, currMod: 0.621436
e_xx: 1.65604e+08, a2_x: 5.37565e+11, currMod: 0.865199
e_xx: 1.72713e+08, a2_x: 5.6641e+11, currMod: 0.902336
e_xx: 1.7546e+08, a2_x: 5.23249e+11, currMod: 0.91669
e_xx: 1.76994e+08, a2_x: 5.20868e+11, currMod: 0.924707
currMod: 0.91669, prevMod: -1
Louvain time: 9.22659
numClusters: 202718, time: 0.139272
Next phase: 2
Memory used: 2949.12
End Structure 1253960 202718 vs 2708841
Build next level time: 4.39615
Iteration time: 13.7677
Memory used: 2949.12
e_xx: 1.58444e+08, a2_x: 5.21311e+11, currMod: 0.916661
e_xx: 1.66555e+08, a2_x: 3.07434e+11, currMod: 0.963597
e_xx: 1.67851e+08, a2_x: 2.64454e+11, currMod: 0.971097
e_xx: 1.68206e+08, a2_x: 2.42049e+11, currMod: 0.973152
e_xx: 1.6829e+08, a2_x: 2.65685e+11, currMod: 0.973633
e_xx: 1.68364e+08, a2_x: 2.18557e+11, currMod: 0.974068
e_xx: 1.68352e+08, a2_x: 2.44843e+11, currMod: 0.973997
currMod: 0.974068, prevMod: 0.91669
Louvain time: 2.11922
numClusters: 51719, time: 0.022682
Next phase: 3
Memory used: 2949.12
End Structure 484007 51719 vs 1019717
Build next level time: 0.252607
Iteration time: 2.39568
Memory used: 2949.12
e_xx: 1.68364e+08, a2_x: 2.20662e+11, currMod: 0.974042
e_xx: 1.69256e+08, a2_x: 9.54739e+10, currMod: 0.979208
e_xx: 1.69312e+08, a2_x: 7.35221e+10, currMod: 0.979528
e_xx: 1.69426e+08, a2_x: 6.55978e+10, currMod: 0.980192
e_xx: 1.6935e+08, a2_x: 4.1893e+10, currMod: 0.979752
currMod: 0.980192, prevMod: 0.974068
Louvain time: 0.72222
numClusters: 25412, time: 0.007023
Next phase: 4
Memory used: 2949.12
End Structure 169276 25412 vs 363963
Build next level time: 0.109765
Iteration time: 0.83951
Memory used: 2949.12
e_xx: 1.69426e+08, a2_x: 6.9122e+10, currMod: 0.98018
e_xx: 1.6964e+08, a2_x: -4.06727e+09, currMod: 0.981419
e_xx: 1.69648e+08, a2_x: 1.50219e+10, currMod: 0.981462
e_xx: 1.69648e+08, a2_x: 5.07953e+09, currMod: 0.981465
e_xx: 1.69648e+08, a2_x: 1.66208e+10, currMod: 0.981467
e_xx: 1.69648e+08, a2_x: 1.3336e+10, currMod: 0.981466
currMod: 0.981467, prevMod: 0.980192
Louvain time: 0.405246
numClusters: 22146, time: 0.004597
Next phase: 5
Memory used: 2949.12
End Structure 86584 22146 vs 195314
Build next level time: 0.043458
Iteration time: 0.453742
Memory used: 2949.12
e_xx: 1.69648e+08, a2_x: 1.26864e+10, currMod: 0.981465
e_xx: 1.69653e+08, a2_x: 8.02463e+09, currMod: 0.981494
e_xx: 1.69653e+08, a2_x: -2.39417e+08, currMod: 0.98149
currMod: 0.981494, prevMod: 0.981467
Louvain time: 0.128275
numClusters: 22007, time: 0.004119
Next phase: 6
Memory used: 2949.12
End Structure 76852 22007 vs 175711
Build next level time: 0.033132
Iteration time: 0.165756
Memory used: 2949.12
e_xx: 1.69653e+08, a2_x: 8.53737e+09, currMod: 0.981494
e_xx: 1.69654e+08, a2_x: 7.7104e+09, currMod: 0.981495
currMod: 0.981494, prevMod: 0.981494
Louvain time: 0.075084
numClusters: 22007, time: 0.004112
Maximum degree for the graph: 499
Iteration: 0, conflicts: 0
Total number of colors used: 179
Total number of conflicts overall: 0
Number of rounds: 1
SUCCESS: No conflicts found
Number of reordered colors: 176
End position for large colors: 0, node count: 21564, largest: 21564
Node count cutoff: 4402
e_xx: 1.69654e+08, a2_x: 9.1187e+09, currMod: 0.981498
e_xx: 1.69788e+08, a2_x: -1.79122e+10, currMod: 0.982272
e_xx: 1.69789e+08, a2_x: -2.62859e+10, currMod: 0.982277
e_xx: 1.69797e+08, a2_x: -1.78177e+10, currMod: 0.982323
e_xx: 1.69983e+08, a2_x: -2.04915e+10, currMod: 0.9834
e_xx: 1.69995e+08, a2_x: -2.17392e+10, currMod: 0.983472
e_xx: 1.72338e+08, a2_x: -1.11138e+10, currMod: 0.997026
e_xx: 1.72282e+08, a2_x: -1.17764e+10, currMod: 0.996703
End Structure 1232 21599 vs 24063
currMod: 0.997026, prevMod: 0.981494
numClusters: 21599
Total iteration time: 17.6224

Loop 0 <line-37> - Time 0.000920 Total energy consumed 0.098820 Ave. Power Level 107.373595
	-------- Loop 0 (sock 1 consumed 0.045030, avg temp 49.000000, final temp 49 ) ------
	-------- Loop 0 (sock 2 consumed 0.053790, avg temp 42.000000, final temp 43 ) ------
Loop 1 <line-54> - Time 0.000446 Total energy consumed 0.000000 Ave. Power Level 0.000000
	-------- Loop 1 (sock 1 consumed 0.000000, avg temp 48.500000, final temp 49 ) ------
	-------- Loop 1 (sock 2 consumed 0.000000, avg temp 42.000000, final temp 43 ) ------
Loop 2 <line-76> - Time 0.000439 Total energy consumed 0.000000 Ave. Power Level 0.000000
	-------- Loop 2 (sock 1 consumed 0.000000, avg temp 48.500000, final temp 49 ) ------
	-------- Loop 2 (sock 2 consumed 0.000000, avg temp 42.000000, final temp 43 ) ------
Loop 3 <line-170> - Time 0.570750 Total energy consumed 29.824320 Ave. Power Level 52.254577
	-------- Loop 3 (sock 1 consumed 13.805685, avg temp 49.833333, final temp 49 ) ------
	-------- Loop 3 (sock 2 consumed 16.018635, avg temp 43.000000, final temp 43 ) ------
Loop 4 <line-192> - Time 0.000245 Total energy consumed 0.000000 Ave. Power Level 0.000000
	-------- Loop 4 (sock 1 consumed 0.000000, avg temp 49.500000, final temp 49 ) ------
	-------- Loop 4 (sock 2 consumed 0.000000, avg temp 43.000000, final temp 43 ) ------
Loop 5 <line-222> - Time 0.218024 Total energy consumed 11.112915 Ave. Power Level 50.971000
	-------- Loop 5 (sock 1 consumed 5.496105, avg temp 49.000000, final temp 49 ) ------
	-------- Loop 5 (sock 2 consumed 5.616810, avg temp 43.500000, final temp 43 ) ------
Loop 6 <line-116> - Time 0.001902 Total energy consumed 0.084990 Ave. Power Level 44.686187
	-------- Loop 6 (sock 1 consumed 0.037650, avg temp 48.833333, final temp 49 ) ------
	-------- Loop 6 (sock 2 consumed 0.047340, avg temp 42.666667, final temp 43 ) ------
Loop 7 <line-334> - Time 0.479349 Total energy consumed 22.531815 Ave. Power Level 47.005078
	-------- Loop 7 (sock 1 consumed 10.498290, avg temp 49.000000, final temp 49 ) ------
	-------- Loop 7 (sock 2 consumed 12.033525, avg temp 42.857143, final temp 44 ) ------
Loop 8 <line-353> - Time 0.002986 Total energy consumed 0.150225 Ave. Power Level 50.305163
	-------- Loop 8 (sock 1 consumed 0.076440, avg temp 49.000000, final temp 49 ) ------
	-------- Loop 8 (sock 2 consumed 0.073785, avg temp 43.000000, final temp 44 ) ------
Loop 9 <line-375> - Time 0.000802 Total energy consumed 0.000000 Ave. Power Level 0.000000
	-------- Loop 9 (sock 1 consumed 0.000000, avg temp 49.000000, final temp 49 ) ------
	-------- Loop 9 (sock 2 consumed 0.000000, avg temp 43.000000, final temp 44 ) ------
Loop 10 <line-85> - Time 0.227789 Total energy consumed 17.393280 Ave. Power Level 76.357046
	-------- Loop 10 (sock 1 consumed 8.837385, avg temp 49.250000, final temp 49 ) ------
	-------- Loop 10 (sock 2 consumed 8.555895, avg temp 43.250000, final temp 43 ) ------
Loop 11 <line-131> - Time 0.003454 Total energy consumed 0.234645 Ave. Power Level 67.937898
	-------- Loop 11 (sock 1 consumed 0.118890, avg temp 49.500000, final temp 49 ) ------
	-------- Loop 11 (sock 2 consumed 0.115755, avg temp 43.000000, final temp 43 ) ------
Loop 12 <line-167> - Time 0.277498 Total energy consumed 20.741850 Ave. Power Level 74.746043
	-------- Loop 12 (sock 1 consumed 10.501170, avg temp 49.500000, final temp 49 ) ------
	-------- Loop 12 (sock 2 consumed 10.240680, avg temp 43.000000, final temp 43 ) ------
Loop 13 <line-213> - Time 5.166491 Total energy consumed 400.076280 Ave. Power Level 77.436745
	-------- Loop 13 (sock 1 consumed 204.189600, avg temp 50.153846, final temp 49 ) ------
	-------- Loop 13 (sock 2 consumed 195.886680, avg temp 43.769231, final temp 44 ) ------
Loop 14 <line-99> - Time 4.436134 Total energy consumed 220.971600 Ave. Power Level 49.811750
	-------- Loop 14 (sock 1 consumed 104.578290, avg temp 48.833333, final temp 49 ) ------
	-------- Loop 14 (sock 2 consumed 116.393310, avg temp 42.500000, final temp 44 ) ------
Loop 15 <line-160> - Time 0.108535 Total energy consumed 5.646195 Ave. Power Level 52.022053
	-------- Loop 15 (sock 1 consumed 2.704410, avg temp 48.833333, final temp 49 ) ------
	-------- Loop 15 (sock 2 consumed 2.941785, avg temp 42.666667, final temp 44 ) ------
Loop 16 <line-269> - Time 3.415315 Total energy consumed 154.647720 Ave. Power Level 45.280660
	-------- Loop 16 (sock 1 consumed 77.264835, avg temp 48.782609, final temp 48 ) ------
	-------- Loop 16 (sock 2 consumed 77.382885, avg temp 42.130435, final temp 43 ) ------
Loop 17 <line-300> - Time 0.006379 Total energy consumed 0.000000 Ave. Power Level 0.000000
	-------- Loop 17 (sock 1 consumed 0.000000, avg temp 48.888889, final temp 49 ) ------
	-------- Loop 17 (sock 2 consumed 0.000000, avg temp 42.111111, final temp 42 ) ------
Loop 18 <line-148> - Time 0.000830 Total energy consumed 0.054525 Ave. Power Level 65.675759
	-------- Loop 18 (sock 1 consumed 0.028725, avg temp 49.000000, final temp 49 ) ------
	-------- Loop 18 (sock 2 consumed 0.025800, avg temp 43.000000, final temp 43 ) ------
Application(EnergyStat) - Time 32.410460 Total energy consumed 1655.150715 Ave. Power Level 51.068411 Final Temperature socket 1 : 49  socket 2 : 43 
	 ParallelApplication(EnergyStat) - Time 14.918288 Total energy consumed 883.569180 Ave. Power Level 59.227252
Memory used: 1.32031
Loading 32-bit binary file: pnnl.bin, numvertices: 2361670, numEdges: 191402826
File read time: 2.29987
Before allocating graph
Allocated graph: 0x178b570
Processing edges for vertex: 0, range(0, 166)
Processing edges for vertex: 100000, range(58444108, 58444133)
Processing edges for vertex: 200000, range(84376057, 84376362)
Processing edges for vertex: 300000, range(106069163, 106069503)
Processing edges for vertex: 400000, range(122097114, 122097513)
Processing edges for vertex: 500000, range(135096418, 135096483)
Processing edges for vertex: 600000, range(146097008, 146097061)
Processing edges for vertex: 700000, range(155415410, 155415531)
Processing edges for vertex: 800000, range(162595900, 162595989)
Processing edges for vertex: 900000, range(168508374, 168508464)
Processing edges for vertex: 1000000, range(173203321, 173203442)
Processing edges for vertex: 1100000, range(176935100, 176935110)
Processing edges for vertex: 1200000, range(179876260, 179876270)
Processing edges for vertex: 1300000, range(182240081, 182240092)
Processing edges for vertex: 1400000, range(184224513, 184224521)
Processing edges for vertex: 1500000, range(185795161, 185795170)
Processing edges for vertex: 1600000, range(187104124, 187104130)
Processing edges for vertex: 1700000, range(188148455, 188148461)
Processing edges for vertex: 1800000, range(188997836, 188997842)
Processing edges for vertex: 1900000, range(189691532, 189691535)
Processing edges for vertex: 2000000, range(190254658, 190254660)
Processing edges for vertex: 2100000, range(190705814, 190705822)
Processing edges for vertex: 2200000, range(191052755, 191052764)
Processing edges for vertex: 2300000, range(191302662, 191302663)
Graph populate time: 11.5021
Total I/O time: 13.802

Regional(EnergyStat) - Time 13.806587 Total energy consumed 594.407445 Ave. Power Level 43.052454 
Running on: 16 threads
Loaded graph from file: pnnl.bin
Memory used: 2949.12
Maximum degree for the graph: 5520
Iteration: 0, conflicts: 52
Iteration: 1, conflicts: 4
Iteration: 2, conflicts: 0
Total number of colors used: 1190
Total number of conflicts overall: 0
Number of rounds: 3
SUCCESS: No conflicts found
Coloring time: 0.929331
Memory used: 2949.12
Number of reordered colors: 1021
End position for large colors: 0, node count: 550541, largest: 550541
Node count cutoff: 472334
e_xx: 1.16171e+08, a2_x: 6.47544e+11, currMod: 0.606927
e_xx: 1.62587e+08, a2_x: 6.70816e+11, currMod: 0.849429
e_xx: 1.70147e+08, a2_x: 5.44788e+11, currMod: 0.888934
e_xx: 1.73176e+08, a2_x: 5.29232e+11, currMod: 0.904758
e_xx: 1.74946e+08, a2_x: 5.29546e+11, currMod: 0.914005
currMod: 0.904758, prevMod: -1
Louvain time: 9.31568
numClusters: 204545, time: 0.140515
Next phase: 2
Memory used: 2949.12
End Structure 1292492 204545 vs 2787733
Build next level time: 5.07241
Iteration time: 14.5336
Memory used: 2949.12
e_xx: 1.58003e+08, a2_x: 5.28018e+11, currMod: 0.905686
e_xx: 1.67989e+08, a2_x: 3.08263e+11, currMod: 0.962935
e_xx: 1.69319e+08, a2_x: 2.97531e+11, currMod: 0.970561
e_xx: 1.69671e+08, a2_x: 2.87603e+11, currMod: 0.972578
e_xx: 1.6977e+08, a2_x: 2.74485e+11, currMod: 0.973146
e_xx: 1.69856e+08, a2_x: 2.74755e+11, currMod: 0.973643
e_xx: 1.69851e+08, a2_x: 2.65229e+11, currMod: 0.973613
currMod: 0.973643, prevMod: 0.904758
Louvain time: 2.15534
numClusters: 54272, time: 0.022366
Next phase: 3
Memory used: 2949.12
End Structure 543679 54272 vs 1141617
Build next level time: 0.263371
Iteration time: 2.44284
Memory used: 2949.12
e_xx: 1.69856e+08, a2_x: 2.76648e+11, currMod: 0.973622
e_xx: 1.7075e+08, a2_x: 1.0782e+11, currMod: 0.978753
e_xx: 1.70869e+08, a2_x: 1.06475e+11, currMod: 0.979434
e_xx: 1.70961e+08, a2_x: 5.19831e+10, currMod: 0.979964
e_xx: 1.70906e+08, a2_x: 6.63803e+10, currMod: 0.979644
currMod: 0.979964, prevMod: 0.973643
Louvain time: 0.817792
numClusters: 25784, time: 0.007119
Next phase: 4
Memory used: 2949.12
End Structure 180112 25784 vs 386008
Build next level time: 0.11594
Iteration time: 0.941368
Memory used: 2949.12
e_xx: 1.70961e+08, a2_x: 5.0621e+10, currMod: 0.97995
e_xx: 1.71217e+08, a2_x: 2.63099e+10, currMod: 0.981417
e_xx: 1.71227e+08, a2_x: 3.64635e+10, currMod: 0.981471
e_xx: 1.71228e+08, a2_x: 5.89608e+10, currMod: 0.981476
e_xx: 1.71228e+08, a2_x: 4.83887e+10, currMod: 0.981479
e_xx: 1.71228e+08, a2_x: 6.76877e+10, currMod: 0.981479
currMod: 0.981479, prevMod: 0.979964
Louvain time: 0.444416
numClusters: 22166, time: 0.004623
Next phase: 5
Memory used: 2949.12
End Structure 92106 22166 vs 206378
Build next level time: 0.052283
Iteration time: 0.501765
Memory used: 2949.12
e_xx: 1.71228e+08, a2_x: 4.66494e+10, currMod: 0.981477
e_xx: 1.71233e+08, a2_x: 4.49656e+10, currMod: 0.981508
e_xx: 1.71234e+08, a2_x: 4.32832e+10, currMod: 0.981509
e_xx: 1.71234e+08, a2_x: 3.89204e+10, currMod: 0.981509
currMod: 0.981509, prevMod: 0.981479
Louvain time: 0.178898
numClusters: 21991, time: 0.004042
Next phase: 6
Memory used: 2949.12
End Structure 81193 21991 vs 184377
Build next level time: 0.032697
Iteration time: 0.215892
Memory used: 2949.12
e_xx: 1.71234e+08, a2_x: 4.38346e+10, currMod: 0.981509
e_xx: 1.71234e+08, a2_x: 4.29593e+10, currMod: 0.981509
currMod: 0.981509, prevMod: 0.981509
Louvain time: 0.080068
numClusters: 21991, time: 0.003992
Maximum degree for the graph: 487
Iteration: 0, conflicts: 0
Total number of colors used: 180
Total number of conflicts overall: 0
Number of rounds: 1
SUCCESS: No conflicts found
Number of reordered colors: 179
End position for large colors: 0, node count: 21536, largest: 21536
Node count cutoff: 4399
e_xx: 1.7134e+08, a2_x: 1.81185e+10, currMod: 0.982118
e_xx: 1.71328e+08, a2_x: 2.01704e+10, currMod: 0.982051
End Structure 33851 21808 vs 89510
currMod: 0.982118, prevMod: 0.981509
numClusters: 21808
Total iteration time: 18.6354

Loop 0 <line-37> - Time 0.000940 Total energy consumed 0.043290 Ave. Power Level 46.045256
	-------- Loop 0 (sock 1 consumed 0.023565, avg temp 49.000000, final temp 49 ) ------
	-------- Loop 0 (sock 2 consumed 0.019725, avg temp 40.000000, final temp 40 ) ------
Loop 1 <line-54> - Time 0.000697 Total energy consumed 0.059340 Ave. Power Level 85.165990
	-------- Loop 1 (sock 1 consumed 0.000000, avg temp 48.500000, final temp 49 ) ------
	-------- Loop 1 (sock 2 consumed 0.059340, avg temp 40.000000, final temp 40 ) ------
Loop 2 <line-76> - Time 0.000535 Total energy consumed 0.000000 Ave. Power Level 0.000000
	-------- Loop 2 (sock 1 consumed 0.000000, avg temp 48.500000, final temp 49 ) ------
	-------- Loop 2 (sock 2 consumed 0.000000, avg temp 40.000000, final temp 40 ) ------
Loop 3 <line-170> - Time 0.542281 Total energy consumed 28.411260 Ave. Power Level 52.392158
	-------- Loop 3 (sock 1 consumed 14.510850, avg temp 48.250000, final temp 49 ) ------
	-------- Loop 3 (sock 2 consumed 13.900410, avg temp 40.250000, final temp 41 ) ------
Loop 4 <line-192> - Time 0.000230 Total energy consumed 0.000000 Ave. Power Level 0.000000
	-------- Loop 4 (sock 1 consumed 0.000000, avg temp 48.500000, final temp 49 ) ------
	-------- Loop 4 (sock 2 consumed 0.000000, avg temp 40.500000, final temp 41 ) ------
Loop 5 <line-222> - Time 0.258522 Total energy consumed 12.789150 Ave. Power Level 49.470290
	-------- Loop 5 (sock 1 consumed 6.126540, avg temp 48.500000, final temp 49 ) ------
	-------- Loop 5 (sock 2 consumed 6.662610, avg temp 41.000000, final temp 41 ) ------
Loop 6 <line-116> - Time 0.002843 Total energy consumed 0.055785 Ave. Power Level 19.620250
	-------- Loop 6 (sock 1 consumed 0.034800, avg temp 48.166667, final temp 48 ) ------
	-------- Loop 6 (sock 2 consumed 0.020985, avg temp 40.166667, final temp 40 ) ------
Loop 7 <line-334> - Time 0.475922 Total energy consumed 21.984315 Ave. Power Level 46.193116
	-------- Loop 7 (sock 1 consumed 11.704455, avg temp 48.285714, final temp 49 ) ------
	-------- Loop 7 (sock 2 consumed 10.279860, avg temp 40.142857, final temp 40 ) ------
Loop 8 <line-353> - Time 0.000596 Total energy consumed 0.631230 Ave. Power Level 1058.267321
	-------- Loop 8 (sock 1 consumed 0.297900, avg temp 48.428571, final temp 49 ) ------
	-------- Loop 8 (sock 2 consumed 0.333330, avg temp 40.142857, final temp 40 ) ------
Loop 9 <line-375> - Time 0.000812 Total energy consumed 0.000000 Ave. Power Level 0.000000
	-------- Loop 9 (sock 1 consumed 0.000000, avg temp 48.428571, final temp 49 ) ------
	-------- Loop 9 (sock 2 consumed 0.000000, avg temp 40.142857, final temp 40 ) ------
Loop 10 <line-85> - Time 0.228367 Total energy consumed 17.395230 Ave. Power Level 76.172180
	-------- Loop 10 (sock 1 consumed 8.811585, avg temp 48.750000, final temp 49 ) ------
	-------- Loop 10 (sock 2 consumed 8.583645, avg temp 41.000000, final temp 41 ) ------
Loop 11 <line-131> - Time 0.003419 Total energy consumed 0.309870 Ave. Power Level 90.622964
	-------- Loop 11 (sock 1 consumed 0.157920, avg temp 48.000000, final temp 48 ) ------
	-------- Loop 11 (sock 2 consumed 0.151950, avg temp 41.000000, final temp 41 ) ------
Loop 12 <line-167> - Time 0.272444 Total energy consumed 20.441745 Ave. Power Level 75.030926
	-------- Loop 12 (sock 1 consumed 10.411425, avg temp 49.000000, final temp 49 ) ------
	-------- Loop 12 (sock 2 consumed 10.030320, avg temp 41.000000, final temp 40 ) ------
Loop 13 <line-213> - Time 5.158051 Total energy consumed 401.040690 Ave. Power Level 77.750427
	-------- Loop 13 (sock 1 consumed 205.692615, avg temp 49.571429, final temp 49 ) ------
	-------- Loop 13 (sock 2 consumed 195.348075, avg temp 42.428571, final temp 40 ) ------
Loop 14 <line-99> - Time 5.104313 Total energy consumed 250.739805 Ave. Power Level 49.123129
	-------- Loop 14 (sock 1 consumed 131.566995, avg temp 48.500000, final temp 49 ) ------
	-------- Loop 14 (sock 2 consumed 119.172810, avg temp 40.166667, final temp 40 ) ------
Loop 15 <line-160> - Time 0.130575 Total energy consumed 6.954000 Ave. Power Level 53.256913
	-------- Loop 15 (sock 1 consumed 3.417345, avg temp 48.333333, final temp 49 ) ------
	-------- Loop 15 (sock 2 consumed 3.536655, avg temp 40.166667, final temp 41 ) ------
Loop 16 <line-269> - Time 3.651234 Total energy consumed 164.289225 Ave. Power Level 44.995531
	-------- Loop 16 (sock 1 consumed 81.008265, avg temp 47.833333, final temp 49 ) ------
	-------- Loop 16 (sock 2 consumed 83.280960, avg temp 40.000000, final temp 40 ) ------
Loop 17 <line-300> - Time 0.001621 Total energy consumed 0.000000 Ave. Power Level 0.000000
	-------- Loop 17 (sock 1 consumed 0.000000, avg temp 47.736842, final temp 48 ) ------
	-------- Loop 17 (sock 2 consumed 0.000000, avg temp 40.000000, final temp 40 ) ------
Loop 18 <line-148> - Time 0.000435 Total energy consumed 0.063870 Ave. Power Level 146.830287
	-------- Loop 18 (sock 1 consumed 0.029055, avg temp 49.000000, final temp 49 ) ------
	-------- Loop 18 (sock 2 consumed 0.034815, avg temp 40.000000, final temp 40 ) ------
Application(EnergyStat) - Time 33.502564 Total energy consumed 1703.265825 Ave. Power Level 50.839865 Final Temperature socket 1 : 49  socket 2 : 41 
	 ParallelApplication(EnergyStat) - Time 15.833839 Total energy consumed 925.208805 Ave. Power Level 58.432376
Memory used: 1.32031
Loading 32-bit binary file: pnnl.bin, numvertices: 2361670, numEdges: 191402826
File read time: 2.22969
Before allocating graph
Allocated graph: 0x1fb1570
Processing edges for vertex: 0, range(0, 166)
Processing edges for vertex: 100000, range(58444108, 58444133)
Processing edges for vertex: 200000, range(84376057, 84376362)
Processing edges for vertex: 300000, range(106069163, 106069503)
Processing edges for vertex: 400000, range(122097114, 122097513)
Processing edges for vertex: 500000, range(135096418, 135096483)
Processing edges for vertex: 600000, range(146097008, 146097061)
Processing edges for vertex: 700000, range(155415410, 155415531)
Processing edges for vertex: 800000, range(162595900, 162595989)
Processing edges for vertex: 900000, range(168508374, 168508464)
Processing edges for vertex: 1000000, range(173203321, 173203442)
Processing edges for vertex: 1100000, range(176935100, 176935110)
Processing edges for vertex: 1200000, range(179876260, 179876270)
Processing edges for vertex: 1300000, range(182240081, 182240092)
Processing edges for vertex: 1400000, range(184224513, 184224521)
Processing edges for vertex: 1500000, range(185795161, 185795170)
Processing edges for vertex: 1600000, range(187104124, 187104130)
Processing edges for vertex: 1700000, range(188148455, 188148461)
Processing edges for vertex: 1800000, range(188997836, 188997842)
Processing edges for vertex: 1900000, range(189691532, 189691535)
Processing edges for vertex: 2000000, range(190254658, 190254660)
Processing edges for vertex: 2100000, range(190705814, 190705822)
Processing edges for vertex: 2200000, range(191052755, 191052764)
Processing edges for vertex: 2300000, range(191302662, 191302663)
Graph populate time: 11.4571
Total I/O time: 13.6868

Regional(EnergyStat) - Time 13.691955 Total energy consumed 587.170605 Ave. Power Level 42.884351 
Running on: 16 threads
Loaded graph from file: pnnl.bin
Memory used: 2949.12
Maximum degree for the graph: 5520
Iteration: 0, conflicts: 22
Iteration: 1, conflicts: 4
Iteration: 2, conflicts: 1
Iteration: 3, conflicts: 0
Total number of colors used: 1192
Total number of conflicts overall: 0
Number of rounds: 4
SUCCESS: No conflicts found
Coloring time: 0.882993
Memory used: 2949.12
Number of reordered colors: 1026
End position for large colors: 0, node count: 550592, largest: 550592
Node count cutoff: 472334
e_xx: 1.21777e+08, a2_x: 5.98859e+11, currMod: 0.636217
e_xx: 1.646e+08, a2_x: 5.83173e+11, currMod: 0.859953
e_xx: 1.7151e+08, a2_x: 5.69363e+11, currMod: 0.896051
e_xx: 1.74358e+08, a2_x: 5.29808e+11, currMod: 0.910932
e_xx: 1.75765e+08, a2_x: 5.3558e+11, currMod: 0.918282
currMod: 0.910932, prevMod: -1
Louvain time: 9.34163
numClusters: 204586, time: 0.16353
Next phase: 2
Memory used: 2949.12
End Structure 1299693 204586 vs 2802148
Build next level time: 4.69789
Iteration time: 14.2087
Memory used: 2949.12
e_xx: 1.57612e+08, a2_x: 5.37793e+11, currMod: 0.909756
e_xx: 1.66697e+08, a2_x: 3.03313e+11, currMod: 0.962208
e_xx: 1.68036e+08, a2_x: 3.29712e+11, currMod: 0.969934
e_xx: 1.68365e+08, a2_x: 2.4243e+11, currMod: 0.971838
e_xx: 1.68474e+08, a2_x: 2.77734e+11, currMod: 0.972466
e_xx: 1.68594e+08, a2_x: 2.80315e+11, currMod: 0.973159
e_xx: 1.68603e+08, a2_x: 2.82247e+11, currMod: 0.97321
e_xx: 1.68684e+08, a2_x: 2.71236e+11, currMod: 0.973677
e_xx: 1.6868e+08, a2_x: 2.83422e+11, currMod: 0.973652
currMod: 0.973677, prevMod: 0.910932
Louvain time: 2.92505
numClusters: 50729, time: 0.022917
Next phase: 3
Memory used: 2949.12
End Structure 480573 50729 vs 1011862
Build next level time: 0.304995
Iteration time: 3.25399
Memory used: 2949.12
e_xx: 1.68684e+08, a2_x: 2.69866e+11, currMod: 0.973651
e_xx: 1.69678e+08, a2_x: 9.23168e+10, currMod: 0.979392
e_xx: 1.69792e+08, a2_x: 7.11235e+10, currMod: 0.980051
e_xx: 1.69872e+08, a2_x: 5.29313e+10, currMod: 0.980514
e_xx: 1.69842e+08, a2_x: 5.54847e+10, currMod: 0.980344
currMod: 0.980514, prevMod: 0.973677
Louvain time: 0.761739
numClusters: 24962, time: 0.006888
Next phase: 4
Memory used: 2949.12
End Structure 164633 24962 vs 354228
Build next level time: 0.123341
Iteration time: 0.89245
Memory used: 2949.12
e_xx: 1.69872e+08, a2_x: 5.38159e+10, currMod: 0.980502
e_xx: 1.69985e+08, a2_x: -3.37804e+09, currMod: 0.981157
e_xx: 1.6999e+08, a2_x: -1.4332e+10, currMod: 0.981189
e_xx: 1.69991e+08, a2_x: -4.89406e+08, currMod: 0.981192
e_xx: 1.69991e+08, a2_x: 8.46758e+09, currMod: 0.981192
currMod: 0.981192, prevMod: 0.980514
Louvain time: 0.348641
numClusters: 22177, time: 0.004557
Next phase: 5
Memory used: 2949.12
End Structure 92680 22177 vs 207537
Build next level time: 0.044997
Iteration time: 0.398634
Memory used: 2949.12
e_xx: 1.69991e+08, a2_x: -1.62184e+09, currMod: 0.981191
e_xx: 1.70007e+08, a2_x: -1.69255e+10, currMod: 0.981284
e_xx: 1.70008e+08, a2_x: -2.81863e+10, currMod: 0.981289
e_xx: 1.70008e+08, a2_x: -1.11539e+10, currMod: 0.981288
currMod: 0.981289, prevMod: 0.981192
Louvain time: 0.181976
numClusters: 22013, time: 0.004065
Next phase: 6
Memory used: 2949.12
End Structure 79974 22013 vs 181961
Build next level time: 0.036056
Iteration time: 0.222348
Memory used: 2949.12
e_xx: 1.70008e+08, a2_x: -2.80109e+10, currMod: 0.981289
e_xx: 1.70008e+08, a2_x: -2.82216e+10, currMod: 0.981289
currMod: 0.981289, prevMod: 0.981289
Louvain time: 0.080488
numClusters: 22013, time: 0.004025
Maximum degree for the graph: 505
Iteration: 0, conflicts: 0
Total number of colors used: 180
Total number of conflicts overall: 0
Number of rounds: 1
SUCCESS: No conflicts found
Number of reordered colors: 179
End position for large colors: 0, node count: 21564, largest: 21564
Node count cutoff: 4403
e_xx: 1.70011e+08, a2_x: -3.0588e+10, currMod: 0.981304
e_xx: 1.70016e+08, a2_x: -3.67581e+10, currMod: 0.981334
e_xx: 1.70016e+08, a2_x: -3.72971e+10, currMod: 0.981339
e_xx: 1.70035e+08, a2_x: -2.70465e+10, currMod: 0.981446
e_xx: 1.70034e+08, a2_x: -2.54099e+10, currMod: 0.981441
End Structure 48311 21890 vs 118512
currMod: 0.981446, prevMod: 0.981289
numClusters: 21890
Total iteration time: 18.9761

Loop 0 <line-37> - Time 0.000794 Total energy consumed 0.000000 Ave. Power Level 0.000000
	-------- Loop 0 (sock 1 consumed 0.000000, avg temp 47.500000, final temp 48 ) ------
	-------- Loop 0 (sock 2 consumed 0.000000, avg temp 39.000000, final temp 39 ) ------
Loop 1 <line-54> - Time 0.000555 Total energy consumed 0.000000 Ave. Power Level 0.000000
	-------- Loop 1 (sock 1 consumed 0.000000, avg temp 47.000000, final temp 47 ) ------
	-------- Loop 1 (sock 2 consumed 0.000000, avg temp 40.000000, final temp 40 ) ------
Loop 2 <line-76> - Time 0.000432 Total energy consumed 0.000000 Ave. Power Level 0.000000
	-------- Loop 2 (sock 1 consumed 0.000000, avg temp 47.000000, final temp 47 ) ------
	-------- Loop 2 (sock 2 consumed 0.000000, avg temp 40.000000, final temp 40 ) ------
Loop 3 <line-170> - Time 0.548547 Total energy consumed 28.396860 Ave. Power Level 51.767426
	-------- Loop 3 (sock 1 consumed 13.210665, avg temp 46.200000, final temp 47 ) ------
	-------- Loop 3 (sock 2 consumed 15.186195, avg temp 39.200000, final temp 40 ) ------
Loop 4 <line-192> - Time 0.000247 Total energy consumed 0.000000 Ave. Power Level 0.000000
	-------- Loop 4 (sock 1 consumed 0.000000, avg temp 46.500000, final temp 47 ) ------
	-------- Loop 4 (sock 2 consumed 0.000000, avg temp 39.500000, final temp 40 ) ------
Loop 5 <line-222> - Time 0.205809 Total energy consumed 10.649655 Ave. Power Level 51.745282
	-------- Loop 5 (sock 1 consumed 6.185295, avg temp 46.500000, final temp 47 ) ------
	-------- Loop 5 (sock 2 consumed 4.464360, avg temp 40.000000, final temp 40 ) ------
Loop 6 <line-116> - Time 0.002062 Total energy consumed 0.063660 Ave. Power Level 30.866816
	-------- Loop 6 (sock 1 consumed 0.019050, avg temp 46.166667, final temp 47 ) ------
	-------- Loop 6 (sock 2 consumed 0.044610, avg temp 39.666667, final temp 39 ) ------
Loop 7 <line-334> - Time 0.472575 Total energy consumed 22.133115 Ave. Power Level 46.835174
	-------- Loop 7 (sock 1 consumed 11.041800, avg temp 46.857143, final temp 47 ) ------
	-------- Loop 7 (sock 2 consumed 11.091315, avg temp 39.428571, final temp 40 ) ------
Loop 8 <line-353> - Time 0.000551 Total energy consumed 0.000000 Ave. Power Level 0.000000
	-------- Loop 8 (sock 1 consumed 0.000000, avg temp 46.857143, final temp 47 ) ------
	-------- Loop 8 (sock 2 consumed 0.000000, avg temp 39.428571, final temp 40 ) ------
Loop 9 <line-375> - Time 0.000789 Total energy consumed 0.000000 Ave. Power Level 0.000000
	-------- Loop 9 (sock 1 consumed 0.000000, avg temp 46.857143, final temp 47 ) ------
	-------- Loop 9 (sock 2 consumed 0.000000, avg temp 39.428571, final temp 40 ) ------
Loop 10 <line-85> - Time 0.229799 Total energy consumed 17.471805 Ave. Power Level 76.030900
	-------- Loop 10 (sock 1 consumed 8.883300, avg temp 47.250000, final temp 46 ) ------
	-------- Loop 10 (sock 2 consumed 8.588505, avg temp 40.000000, final temp 40 ) ------
Loop 11 <line-131> - Time 0.003494 Total energy consumed 0.231345 Ave. Power Level 66.206128
	-------- Loop 11 (sock 1 consumed 0.116985, avg temp 47.000000, final temp 47 ) ------
	-------- Loop 11 (sock 2 consumed 0.114360, avg temp 40.000000, final temp 40 ) ------
Loop 12 <line-167> - Time 0.269155 Total energy consumed 20.088630 Ave. Power Level 74.635994
	-------- Loop 12 (sock 1 consumed 10.165275, avg temp 47.500000, final temp 47 ) ------
	-------- Loop 12 (sock 2 consumed 9.923355, avg temp 40.000000, final temp 40 ) ------
Loop 13 <line-213> - Time 5.191953 Total energy consumed 402.043830 Ave. Power Level 77.435954
	-------- Loop 13 (sock 1 consumed 204.433395, avg temp 47.900000, final temp 47 ) ------
	-------- Loop 13 (sock 2 consumed 197.610435, avg temp 40.900000, final temp 40 ) ------
Loop 14 <line-99> - Time 4.788332 Total energy consumed 236.748480 Ave. Power Level 49.442791
	-------- Loop 14 (sock 1 consumed 121.630335, avg temp 47.166667, final temp 47 ) ------
	-------- Loop 14 (sock 2 consumed 115.118145, avg temp 39.166667, final temp 40 ) ------
Loop 15 <line-160> - Time 0.127327 Total energy consumed 6.415890 Ave. Power Level 50.389037
	-------- Loop 15 (sock 1 consumed 3.228525, avg temp 47.000000, final temp 48 ) ------
	-------- Loop 15 (sock 2 consumed 3.187365, avg temp 39.166667, final temp 40 ) ------
Loop 16 <line-269> - Time 4.273297 Total energy consumed 190.348905 Ave. Power Level 44.543803
	-------- Loop 16 (sock 1 consumed 94.139175, avg temp 46.280000, final temp 47 ) ------
	-------- Loop 16 (sock 2 consumed 96.209730, avg temp 39.120000, final temp 39 ) ------
Loop 17 <line-300> - Time 0.001962 Total energy consumed 0.041295 Ave. Power Level 21.043550
	-------- Loop 17 (sock 1 consumed 0.018900, avg temp 46.350000, final temp 47 ) ------
	-------- Loop 17 (sock 2 consumed 0.022395, avg temp 39.150000, final temp 39 ) ------
Loop 18 <line-148> - Time 0.000393 Total energy consumed 0.058470 Ave. Power Level 148.864990
	-------- Loop 18 (sock 1 consumed 0.025770, avg temp 48.000000, final temp 48 ) ------
	-------- Loop 18 (sock 2 consumed 0.032700, avg temp 39.000000, final temp 39 ) ------
Application(EnergyStat) - Time 33.708498 Total energy consumed 1705.127625 Ave. Power Level 50.584503 Final Temperature socket 1 : 46  socket 2 : 40 
	 ParallelApplication(EnergyStat) - Time 16.118073 Total energy consumed 934.691940 Ave. Power Level 57.990303
Memory used: 1.32031
Loading 32-bit binary file: pnnl.bin, numvertices: 2361670, numEdges: 191402826
File read time: 2.2768
Before allocating graph
Allocated graph: 0x7b5570
Processing edges for vertex: 0, range(0, 166)
Processing edges for vertex: 100000, range(58444108, 58444133)
Processing edges for vertex: 200000, range(84376057, 84376362)
Processing edges for vertex: 300000, range(106069163, 106069503)
Processing edges for vertex: 400000, range(122097114, 122097513)
Processing edges for vertex: 500000, range(135096418, 135096483)
Processing edges for vertex: 600000, range(146097008, 146097061)
Processing edges for vertex: 700000, range(155415410, 155415531)
Processing edges for vertex: 800000, range(162595900, 162595989)
Processing edges for vertex: 900000, range(168508374, 168508464)
Processing edges for vertex: 1000000, range(173203321, 173203442)
Processing edges for vertex: 1100000, range(176935100, 176935110)
Processing edges for vertex: 1200000, range(179876260, 179876270)
Processing edges for vertex: 1300000, range(182240081, 182240092)
Processing edges for vertex: 1400000, range(184224513, 184224521)
Processing edges for vertex: 1500000, range(185795161, 185795170)
Processing edges for vertex: 1600000, range(187104124, 187104130)
Processing edges for vertex: 1700000, range(188148455, 188148461)
Processing edges for vertex: 1800000, range(188997836, 188997842)
Processing edges for vertex: 1900000, range(189691532, 189691535)
Processing edges for vertex: 2000000, range(190254658, 190254660)
Processing edges for vertex: 2100000, range(190705814, 190705822)
Processing edges for vertex: 2200000, range(191052755, 191052764)
Processing edges for vertex: 2300000, range(191302662, 191302663)
Graph populate time: 11.6056
Total I/O time: 13.8824

Regional(EnergyStat) - Time 13.887435 Total energy consumed 596.028180 Ave. Power Level 42.918522 
Running on: 16 threads
Loaded graph from file: pnnl.bin
Memory used: 2949.12
Maximum degree for the graph: 5520
Iteration: 0, conflicts: 46
Iteration: 1, conflicts: 9
Iteration: 2, conflicts: 1
Iteration: 3, conflicts: 0
Total number of colors used: 1193
Total number of conflicts overall: 0
Number of rounds: 4
SUCCESS: No conflicts found
Coloring time: 0.921275
Memory used: 2949.12
Number of reordered colors: 1025
End position for large colors: 0, node count: 550559, largest: 550559
Node count cutoff: 472334
e_xx: 1.2092e+08, a2_x: 6.49894e+11, currMod: 0.63174
e_xx: 1.64214e+08, a2_x: 6.06199e+11, currMod: 0.857934
e_xx: 1.70571e+08, a2_x: 5.28581e+11, currMod: 0.891146
e_xx: 1.73503e+08, a2_x: 5.24622e+11, currMod: 0.906468
e_xx: 1.7497e+08, a2_x: 5.16224e+11, currMod: 0.914132
currMod: 0.906468, prevMod: -1
Louvain time: 9.21573
numClusters: 203789, time: 0.15949
Next phase: 2
Memory used: 2949.12
End Structure 1284232 203789 vs 2770432
Build next level time: 5.0065
Iteration time: 14.3867
Memory used: 2949.12
e_xx: 1.58872e+08, a2_x: 5.14626e+11, currMod: 0.90628
e_xx: 1.68675e+08, a2_x: 3.45692e+11, currMod: 0.962207
e_xx: 1.70152e+08, a2_x: 2.70941e+11, currMod: 0.970634
e_xx: 1.70593e+08, a2_x: 2.68301e+11, currMod: 0.973153
e_xx: 1.70634e+08, a2_x: 2.78607e+11, currMod: 0.973385
e_xx: 1.70759e+08, a2_x: 2.70426e+11, currMod: 0.974096
e_xx: 1.7072e+08, a2_x: 2.46636e+11, currMod: 0.973878
currMod: 0.974096, prevMod: 0.906468
Louvain time: 2.16094
numClusters: 53140, time: 0.023654
Next phase: 3
Memory used: 2949.12
End Structure 522625 53140 vs 1098373
Build next level time: 0.261824
Iteration time: 2.44727
Memory used: 2949.12
e_xx: 1.70758e+08, a2_x: 2.71343e+11, currMod: 0.974074
e_xx: 1.7165e+08, a2_x: 1.35241e+11, currMod: 0.979161
e_xx: 1.71727e+08, a2_x: 9.37727e+10, currMod: 0.979606
e_xx: 1.71823e+08, a2_x: 3.07933e+10, currMod: 0.980153
e_xx: 1.71762e+08, a2_x: 7.05421e+10, currMod: 0.979803
currMod: 0.980153, prevMod: 0.974096
Louvain time: 0.795377
numClusters: 25768, time: 0.007295
Next phase: 4
Memory used: 2949.12
End Structure 181349 25768 vs 388466
Build next level time: 0.105487
Iteration time: 0.908674
Memory used: 2949.12
e_xx: 1.71823e+08, a2_x: 2.86274e+10, currMod: 0.980141
e_xx: 1.72072e+08, a2_x: 5.9338e+09, currMod: 0.981566
e_xx: 1.72086e+08, a2_x: 7.32775e+09, currMod: 0.981643
e_xx: 1.72086e+08, a2_x: -6.43458e+09, currMod: 0.981645
e_xx: 1.72088e+08, a2_x: -1.48327e+09, currMod: 0.981652
e_xx: 1.72087e+08, a2_x: -5.71278e+09, currMod: 0.98165
currMod: 0.981652, prevMod: 0.980153
Louvain time: 0.427894
numClusters: 22182, time: 0.004653
Next phase: 5
Memory used: 2949.12
End Structure 92290 22182 vs 206762
Build next level time: 0.048379
Iteration time: 0.481376
Memory used: 2949.12
e_xx: 1.72088e+08, a2_x: 1.36386e+09, currMod: 0.98165
e_xx: 1.72091e+08, a2_x: 3.52266e+09, currMod: 0.981671
e_xx: 1.72091e+08, a2_x: 5.99404e+09, currMod: 0.981671
currMod: 0.981671, prevMod: 0.981652
Louvain time: 0.137704
numClusters: 22034, time: 0.004193
Next phase: 6
Memory used: 2949.12
End Structure 83404 22034 vs 188842
Build next level time: 0.034715
Iteration time: 0.176895
Memory used: 2949.12
e_xx: 1.72091e+08, a2_x: 4.19009e+09, currMod: 0.981671
e_xx: 1.72091e+08, a2_x: 1.20875e+10, currMod: 0.981671
currMod: 0.981671, prevMod: 0.981671
Louvain time: 0.087246
numClusters: 22034, time: 0.004182
Maximum degree for the graph: 522
Iteration: 0, conflicts: 0
Total number of colors used: 184
Total number of conflicts overall: 0
Number of rounds: 1
SUCCESS: No conflicts found
Number of reordered colors: 182
End position for large colors: 0, node count: 21559, largest: 21559
Node count cutoff: 4407
e_xx: 1.72126e+08, a2_x: -4.416e+09, currMod: 0.981871
e_xx: 1.73179e+08, a2_x: -4.87033e+09, currMod: 0.987879
e_xx: 1.7324e+08, a2_x: -1.00988e+10, currMod: 0.988223
e_xx: 1.73739e+08, a2_x: -5.75963e+09, currMod: 0.991068
e_xx: 1.75153e+08, a2_x: 5.89327e+08, currMod: 0.999137
e_xx: 1.75051e+08, a2_x: 7.8929e+09, currMod: 0.998553
End Structure 356 21570 vs 22282
currMod: 0.999137, prevMod: 0.981671
numClusters: 21570
Total iteration time: 18.4009

Loop 0 <line-37> - Time 0.001052 Total energy consumed 0.046200 Ave. Power Level 43.934266
	-------- Loop 0 (sock 1 consumed 0.023505, avg temp 46.000000, final temp 46 ) ------
	-------- Loop 0 (sock 2 consumed 0.022695, avg temp 38.500000, final temp 39 ) ------
Loop 1 <line-54> - Time 0.000582 Total energy consumed 0.000000 Ave. Power Level 0.000000
	-------- Loop 1 (sock 1 consumed 0.000000, avg temp 46.500000, final temp 46 ) ------
	-------- Loop 1 (sock 2 consumed 0.000000, avg temp 39.000000, final temp 39 ) ------
Loop 2 <line-76> - Time 0.000530 Total energy consumed 0.000000 Ave. Power Level 0.000000
	-------- Loop 2 (sock 1 consumed 0.000000, avg temp 46.500000, final temp 46 ) ------
	-------- Loop 2 (sock 2 consumed 0.000000, avg temp 39.000000, final temp 39 ) ------
Loop 3 <line-170> - Time 0.564002 Total energy consumed 28.803405 Ave. Power Level 51.069707
	-------- Loop 3 (sock 1 consumed 14.695410, avg temp 46.000000, final temp 46 ) ------
	-------- Loop 3 (sock 2 consumed 14.107995, avg temp 39.000000, final temp 39 ) ------
Loop 4 <line-192> - Time 0.000230 Total energy consumed 0.000000 Ave. Power Level 0.000000
	-------- Loop 4 (sock 1 consumed 0.000000, avg temp 46.000000, final temp 46 ) ------
	-------- Loop 4 (sock 2 consumed 0.000000, avg temp 39.000000, final temp 39 ) ------
Loop 5 <line-222> - Time 0.227161 Total energy consumed 11.700960 Ave. Power Level 51.509440
	-------- Loop 5 (sock 1 consumed 4.986180, avg temp 46.000000, final temp 46 ) ------
	-------- Loop 5 (sock 2 consumed 6.714780, avg temp 38.500000, final temp 39 ) ------
Loop 6 <line-116> - Time 0.002049 Total energy consumed 0.000000 Ave. Power Level 0.000000
	-------- Loop 6 (sock 1 consumed 0.000000, avg temp 46.833333, final temp 48 ) ------
	-------- Loop 6 (sock 2 consumed 0.000000, avg temp 38.500000, final temp 38 ) ------
Loop 7 <line-334> - Time 0.478583 Total energy consumed 21.929745 Ave. Power Level 45.822270
	-------- Loop 7 (sock 1 consumed 11.166405, avg temp 46.714286, final temp 47 ) ------
	-------- Loop 7 (sock 2 consumed 10.763340, avg temp 38.857143, final temp 39 ) ------
Loop 8 <line-353> - Time 0.000552 Total energy consumed 0.000000 Ave. Power Level 0.000000
	-------- Loop 8 (sock 1 consumed 0.000000, avg temp 46.714286, final temp 47 ) ------
	-------- Loop 8 (sock 2 consumed 0.000000, avg temp 38.857143, final temp 39 ) ------
Loop 9 <line-375> - Time 0.000819 Total energy consumed 0.000000 Ave. Power Level 0.000000
	-------- Loop 9 (sock 1 consumed 0.000000, avg temp 46.714286, final temp 47 ) ------
	-------- Loop 9 (sock 2 consumed 0.000000, avg temp 38.857143, final temp 39 ) ------
Loop 10 <line-85> - Time 0.228113 Total energy consumed 17.238015 Ave. Power Level 75.567980
	-------- Loop 10 (sock 1 consumed 8.703075, avg temp 46.750000, final temp 47 ) ------
	-------- Loop 10 (sock 2 consumed 8.534940, avg temp 39.250000, final temp 39 ) ------
Loop 11 <line-131> - Time 0.003378 Total energy consumed 0.270900 Ave. Power Level 80.184273
	-------- Loop 11 (sock 1 consumed 0.118770, avg temp 47.000000, final temp 47 ) ------
	-------- Loop 11 (sock 2 consumed 0.152130, avg temp 39.000000, final temp 39 ) ------
Loop 12 <line-167> - Time 0.254980 Total energy consumed 19.034835 Ave. Power Level 74.652217
	-------- Loop 12 (sock 1 consumed 9.680355, avg temp 46.500000, final temp 46 ) ------
	-------- Loop 12 (sock 2 consumed 9.354480, avg temp 39.500000, final temp 39 ) ------
Loop 13 <line-213> - Time 5.171925 Total energy consumed 399.527250 Ave. Power Level 77.249230
	-------- Loop 13 (sock 1 consumed 203.178150, avg temp 47.636364, final temp 47 ) ------
	-------- Loop 13 (sock 2 consumed 196.349100, avg temp 39.818182, final temp 39 ) ------
Loop 14 <line-99> - Time 4.998619 Total energy consumed 242.834865 Ave. Power Level 48.580394
	-------- Loop 14 (sock 1 consumed 123.935385, avg temp 46.166667, final temp 47 ) ------
	-------- Loop 14 (sock 2 consumed 118.899480, avg temp 38.333333, final temp 39 ) ------
Loop 15 <line-160> - Time 0.139759 Total energy consumed 7.304580 Ave. Power Level 52.265662
	-------- Loop 15 (sock 1 consumed 3.564690, avg temp 46.333333, final temp 47 ) ------
	-------- Loop 15 (sock 2 consumed 3.739890, avg temp 38.500000, final temp 39 ) ------
Loop 16 <line-269> - Time 3.584658 Total energy consumed 161.562240 Ave. Power Level 45.070479
	-------- Loop 16 (sock 1 consumed 80.505840, avg temp 45.521739, final temp 45 ) ------
	-------- Loop 16 (sock 2 consumed 81.056400, avg temp 38.434783, final temp 38 ) ------
Loop 17 <line-300> - Time 0.001582 Total energy consumed 0.000000 Ave. Power Level 0.000000
	-------- Loop 17 (sock 1 consumed 0.000000, avg temp 45.555556, final temp 45 ) ------
	-------- Loop 17 (sock 2 consumed 0.000000, avg temp 38.444444, final temp 38 ) ------
Loop 18 <line-148> - Time 0.000381 Total energy consumed 0.000000 Ave. Power Level 0.000000
	-------- Loop 18 (sock 1 consumed 0.000000, avg temp 46.000000, final temp 46 ) ------
	-------- Loop 18 (sock 2 consumed 0.000000, avg temp 39.000000, final temp 39 ) ------
Application(EnergyStat) - Time 33.357881 Total energy consumed 1686.921750 Ave. Power Level 50.570411 Final Temperature socket 1 : 47  socket 2 : 39 
	 ParallelApplication(EnergyStat) - Time 15.658954 Total energy consumed 910.252995 Ave. Power Level 58.129871
Memory used: 1.32422
Loading 32-bit binary file: pnnl.bin, numvertices: 2361670, numEdges: 191402826
File read time: 2.27434
Before allocating graph
Allocated graph: 0x1ac0570
Processing edges for vertex: 0, range(0, 166)
Processing edges for vertex: 100000, range(58444108, 58444133)
Processing edges for vertex: 200000, range(84376057, 84376362)
Processing edges for vertex: 300000, range(106069163, 106069503)
Processing edges for vertex: 400000, range(122097114, 122097513)
Processing edges for vertex: 500000, range(135096418, 135096483)
Processing edges for vertex: 600000, range(146097008, 146097061)
Processing edges for vertex: 700000, range(155415410, 155415531)
Processing edges for vertex: 800000, range(162595900, 162595989)
Processing edges for vertex: 900000, range(168508374, 168508464)
Processing edges for vertex: 1000000, range(173203321, 173203442)
Processing edges for vertex: 1100000, range(176935100, 176935110)
Processing edges for vertex: 1200000, range(179876260, 179876270)
Processing edges for vertex: 1300000, range(182240081, 182240092)
Processing edges for vertex: 1400000, range(184224513, 184224521)
Processing edges for vertex: 1500000, range(185795161, 185795170)
Processing edges for vertex: 1600000, range(187104124, 187104130)
Processing edges for vertex: 1700000, range(188148455, 188148461)
Processing edges for vertex: 1800000, range(188997836, 188997842)
Processing edges for vertex: 1900000, range(189691532, 189691535)
Processing edges for vertex: 2000000, range(190254658, 190254660)
Processing edges for vertex: 2100000, range(190705814, 190705822)
Processing edges for vertex: 2200000, range(191052755, 191052764)
Processing edges for vertex: 2300000, range(191302662, 191302663)
Graph populate time: 11.4585
Total I/O time: 13.7329

Regional(EnergyStat) - Time 13.738388 Total energy consumed 586.213560 Ave. Power Level 42.669749 
Running on: 16 threads
Loaded graph from file: pnnl.bin
Memory used: 2949.12
Maximum degree for the graph: 5520
Iteration: 0, conflicts: 21
Iteration: 1, conflicts: 2
Iteration: 2, conflicts: 0
Total number of colors used: 1192
Total number of conflicts overall: 0
Number of rounds: 3
SUCCESS: No conflicts found
Coloring time: 0.887136
Memory used: 2949.12
Number of reordered colors: 1023
End position for large colors: 0, node count: 550534, largest: 550534
Node count cutoff: 472334
e_xx: 1.23132e+08, a2_x: 5.75858e+11, currMod: 0.643298
e_xx: 1.64835e+08, a2_x: 6.65846e+11, currMod: 0.861174
e_xx: 1.71337e+08, a2_x: 5.33158e+11, currMod: 0.895148
e_xx: 1.73897e+08, a2_x: 5.47453e+11, currMod: 0.908522
e_xx: 1.75087e+08, a2_x: 5.4202e+11, currMod: 0.914744
currMod: 0.908522, prevMod: -1
Louvain time: 9.29023
numClusters: 204897, time: 0.142142
Next phase: 2
Memory used: 2949.12
End Structure 1315264 204897 vs 2833671
Build next level time: 5.48993
Iteration time: 14.9274
Memory used: 2949.12
e_xx: 1.56833e+08, a2_x: 5.42737e+11, currMod: 0.905791
e_xx: 1.66609e+08, a2_x: 3.68231e+11, currMod: 0.96226
e_xx: 1.67764e+08, a2_x: 2.57956e+11, currMod: 0.968936
e_xx: 1.68091e+08, a2_x: 2.63168e+11, currMod: 0.970824
e_xx: 1.68232e+08, a2_x: 2.38332e+11, currMod: 0.97164
e_xx: 1.68346e+08, a2_x: 2.6065e+11, currMod: 0.972293
e_xx: 1.68373e+08, a2_x: 2.42542e+11, currMod: 0.972454
e_xx: 1.68456e+08, a2_x: 2.51751e+11, currMod: 0.972933
e_xx: 1.68448e+08, a2_x: 2.23076e+11, currMod: 0.972884
currMod: 0.972933, prevMod: 0.908522
Louvain time: 2.87435
numClusters: 55414, time: 0.022096
Next phase: 3
Memory used: 2949.12
End Structure 579872 55414 vs 1215140
Build next level time: 0.233271
Iteration time: 3.13051
Memory used: 2949.12
e_xx: 1.68456e+08, a2_x: 2.53896e+11, currMod: 0.972909
e_xx: 1.69384e+08, a2_x: 1.21976e+11, currMod: 0.978271
e_xx: 1.69512e+08, a2_x: 1.1117e+11, currMod: 0.979015
e_xx: 1.69612e+08, a2_x: 1.12791e+11, currMod: 0.97959
e_xx: 1.69554e+08, a2_x: 1.23736e+11, currMod: 0.979253
currMod: 0.97959, prevMod: 0.972933
Louvain time: 0.866494
numClusters: 26237, time: 0.007377
Next phase: 4
Memory used: 2949.12
End Structure 193913 26237 vs 414063
Build next level time: 0.106397
Iteration time: 0.980771
Memory used: 2949.12
e_xx: 1.69612e+08, a2_x: 1.11874e+11, currMod: 0.979576
e_xx: 1.69879e+08, a2_x: 7.48597e+10, currMod: 0.981121
e_xx: 1.69889e+08, a2_x: 1.0839e+11, currMod: 0.981173
e_xx: 1.69881e+08, a2_x: 5.59497e+10, currMod: 0.981129
currMod: 0.981173, prevMod: 0.97959
Louvain time: 0.302322
numClusters: 22307, time: 0.004718
Next phase: 5
Memory used: 2949.12
End Structure 102838 22307 vs 227983
Build next level time: 0.048254
Iteration time: 0.355761
Memory used: 2949.12
e_xx: 1.69889e+08, a2_x: 1.08903e+11, currMod: 0.981171
e_xx: 1.69933e+08, a2_x: 1.11129e+11, currMod: 0.981425
e_xx: 1.69933e+08, a2_x: 1.07621e+11, currMod: 0.981428
e_xx: 1.69932e+08, a2_x: 1.04638e+11, currMod: 0.981424
currMod: 0.981428, prevMod: 0.981173
Louvain time: 0.189132
numClusters: 21994, time: 0.004223
Next phase: 6
Memory used: 2949.12
End Structure 76484 21994 vs 174962
Build next level time: 0.037208
Iteration time: 0.23081
Memory used: 2949.12
e_xx: 1.69933e+08, a2_x: 1.09876e+11, currMod: 0.981428
e_xx: 1.69933e+08, a2_x: 1.15543e+11, currMod: 0.981429
currMod: 0.981428, prevMod: 0.981428
Louvain time: 0.076174
numClusters: 21994, time: 0.00418
Maximum degree for the graph: 495
Iteration: 0, conflicts: 0
Total number of colors used: 173
Total number of conflicts overall: 0
Number of rounds: 1
SUCCESS: No conflicts found
Number of reordered colors: 170
End position for large colors: 0, node count: 21549, largest: 21549
Node count cutoff: 4399
e_xx: 1.70106e+08, a2_x: 4.99144e+10, currMod: 0.982427
e_xx: 1.70158e+08, a2_x: 3.97447e+10, currMod: 0.982729
e_xx: 1.72016e+08, a2_x: 1.44391e+10, currMod: 0.993463
e_xx: 1.72848e+08, a2_x: 1.86816e+10, currMod: 0.998268
e_xx: 1.72353e+08, a2_x: 1.21727e+10, currMod: 0.995409
End Structure 770 21570 vs 23110
currMod: 0.998268, prevMod: 0.981428
numClusters: 21570
Total iteration time: 19.6253

Loop 0 <line-37> - Time 0.000882 Total energy consumed 0.093375 Ave. Power Level 105.916342
	-------- Loop 0 (sock 1 consumed 0.045390, avg temp 44.500000, final temp 45 ) ------
	-------- Loop 0 (sock 2 consumed 0.047985, avg temp 37.500000, final temp 38 ) ------
Loop 1 <line-54> - Time 0.000448 Total energy consumed 0.000000 Ave. Power Level 0.000000
	-------- Loop 1 (sock 1 consumed 0.000000, avg temp 45.000000, final temp 45 ) ------
	-------- Loop 1 (sock 2 consumed 0.000000, avg temp 37.500000, final temp 38 ) ------
Loop 2 <line-76> - Time 0.000432 Total energy consumed 0.000000 Ave. Power Level 0.000000
	-------- Loop 2 (sock 1 consumed 0.000000, avg temp 45.000000, final temp 45 ) ------
	-------- Loop 2 (sock 2 consumed 0.000000, avg temp 37.500000, final temp 38 ) ------
Loop 3 <line-170> - Time 0.551604 Total energy consumed 28.300245 Ave. Power Level 51.305375
	-------- Loop 3 (sock 1 consumed 13.235610, avg temp 45.000000, final temp 45 ) ------
	-------- Loop 3 (sock 2 consumed 15.064635, avg temp 37.250000, final temp 38 ) ------
Loop 4 <line-192> - Time 0.000244 Total energy consumed 0.000000 Ave. Power Level 0.000000
	-------- Loop 4 (sock 1 consumed 0.000000, avg temp 45.000000, final temp 45 ) ------
	-------- Loop 4 (sock 2 consumed 0.000000, avg temp 37.500000, final temp 38 ) ------
Loop 5 <line-222> - Time 0.205906 Total energy consumed 10.587165 Ave. Power Level 51.417410
	-------- Loop 5 (sock 1 consumed 6.002550, avg temp 45.000000, final temp 45 ) ------
	-------- Loop 5 (sock 2 consumed 4.584615, avg temp 37.500000, final temp 38 ) ------
Loop 6 <line-116> - Time 0.001927 Total energy consumed 0.123300 Ave. Power Level 63.974348
	-------- Loop 6 (sock 1 consumed 0.074925, avg temp 45.166667, final temp 45 ) ------
	-------- Loop 6 (sock 2 consumed 0.048375, avg temp 37.500000, final temp 38 ) ------
Loop 7 <line-334> - Time 0.481567 Total energy consumed 21.977580 Ave. Power Level 45.637614
	-------- Loop 7 (sock 1 consumed 10.171155, avg temp 45.142857, final temp 45 ) ------
	-------- Loop 7 (sock 2 consumed 11.806425, avg temp 37.857143, final temp 38 ) ------
Loop 8 <line-353> - Time 0.000442 Total energy consumed 0.000000 Ave. Power Level 0.000000
	-------- Loop 8 (sock 1 consumed 0.000000, avg temp 45.142857, final temp 45 ) ------
	-------- Loop 8 (sock 2 consumed 0.000000, avg temp 37.857143, final temp 38 ) ------
Loop 9 <line-375> - Time 0.000822 Total energy consumed 0.000000 Ave. Power Level 0.000000
	-------- Loop 9 (sock 1 consumed 0.000000, avg temp 45.142857, final temp 45 ) ------
	-------- Loop 9 (sock 2 consumed 0.000000, avg temp 37.857143, final temp 38 ) ------
Loop 10 <line-85> - Time 0.225524 Total energy consumed 16.876860 Ave. Power Level 74.834057
	-------- Loop 10 (sock 1 consumed 8.579100, avg temp 45.750000, final temp 45 ) ------
	-------- Loop 10 (sock 2 consumed 8.297760, avg temp 38.500000, final temp 38 ) ------
Loop 11 <line-131> - Time 0.003482 Total energy consumed 0.308985 Ave. Power Level 88.739782
	-------- Loop 11 (sock 1 consumed 0.156735, avg temp 45.500000, final temp 45 ) ------
	-------- Loop 11 (sock 2 consumed 0.152250, avg temp 38.500000, final temp 38 ) ------
Loop 12 <line-167> - Time 0.270732 Total energy consumed 19.970400 Ave. Power Level 73.764493
	-------- Loop 12 (sock 1 consumed 10.083480, avg temp 45.500000, final temp 45 ) ------
	-------- Loop 12 (sock 2 consumed 9.886920, avg temp 38.500000, final temp 38 ) ------
Loop 13 <line-213> - Time 5.216064 Total energy consumed 401.757930 Ave. Power Level 77.023195
	-------- Loop 13 (sock 1 consumed 203.812740, avg temp 46.800000, final temp 46 ) ------
	-------- Loop 13 (sock 2 consumed 197.945190, avg temp 39.100000, final temp 38 ) ------
Loop 14 <line-99> - Time 5.500193 Total energy consumed 267.668835 Ave. Power Level 48.665351
	-------- Loop 14 (sock 1 consumed 135.042870, avg temp 45.166667, final temp 46 ) ------
	-------- Loop 14 (sock 2 consumed 132.625965, avg temp 38.166667, final temp 39 ) ------
Loop 15 <line-160> - Time 0.119391 Total energy consumed 6.654690 Ave. Power Level 55.738618
	-------- Loop 15 (sock 1 consumed 3.201705, avg temp 45.166667, final temp 46 ) ------
	-------- Loop 15 (sock 2 consumed 3.452985, avg temp 38.166667, final temp 39 ) ------
Loop 16 <line-269> - Time 4.282265 Total energy consumed 191.517645 Ave. Power Level 44.723444
	-------- Loop 16 (sock 1 consumed 97.625445, avg temp 45.125000, final temp 45 ) ------
	-------- Loop 16 (sock 2 consumed 93.892200, avg temp 37.541667, final temp 37 ) ------
Loop 17 <line-300> - Time 0.001977 Total energy consumed 0.000000 Ave. Power Level 0.000000
	-------- Loop 17 (sock 1 consumed 0.000000, avg temp 45.157895, final temp 44 ) ------
	-------- Loop 17 (sock 2 consumed 0.000000, avg temp 37.578947, final temp 38 ) ------
Loop 18 <line-148> - Time 0.000425 Total energy consumed 0.024960 Ave. Power Level 58.671982
	-------- Loop 18 (sock 1 consumed 0.000000, avg temp 45.000000, final temp 45 ) ------
	-------- Loop 18 (sock 2 consumed 0.024960, avg temp 38.000000, final temp 38 ) ------
Application(EnergyStat) - Time 34.378149 Total energy consumed 1729.690230 Ave. Power Level 50.313652 Final Temperature socket 1 : 46  socket 2 : 38 
	 ParallelApplication(EnergyStat) - Time 16.864328 Total energy consumed 965.861970 Ave. Power Level 57.272486
