Memory used: 1.32031
Loading 32-bit binary file: pnnl.bin, numvertices: 2361670, numEdges: 191402826
File read time: 1.87541
Before allocating graph
Allocated graph: 0x12cc570
Processing edges for vertex: 0, range(0, 166)
Processing edges for vertex: 100000, range(58444108, 58444133)
Processing edges for vertex: 200000, range(84376057, 84376362)
Processing edges for vertex: 300000, range(106069163, 106069503)
Processing edges for vertex: 400000, range(122097114, 122097513)
Processing edges for vertex: 500000, range(135096418, 135096483)
Processing edges for vertex: 600000, range(146097008, 146097061)
Processing edges for vertex: 700000, range(155415410, 155415531)
Processing edges for vertex: 800000, range(162595900, 162595989)
Processing edges for vertex: 900000, range(168508374, 168508464)
Processing edges for vertex: 1000000, range(173203321, 173203442)
Processing edges for vertex: 1100000, range(176935100, 176935110)
Processing edges for vertex: 1200000, range(179876260, 179876270)
Processing edges for vertex: 1300000, range(182240081, 182240092)
Processing edges for vertex: 1400000, range(184224513, 184224521)
Processing edges for vertex: 1500000, range(185795161, 185795170)
Processing edges for vertex: 1600000, range(187104124, 187104130)
Processing edges for vertex: 1700000, range(188148455, 188148461)
Processing edges for vertex: 1800000, range(188997836, 188997842)
Processing edges for vertex: 1900000, range(189691532, 189691535)
Processing edges for vertex: 2000000, range(190254658, 190254660)
Processing edges for vertex: 2100000, range(190705814, 190705822)
Processing edges for vertex: 2200000, range(191052755, 191052764)
Processing edges for vertex: 2300000, range(191302662, 191302663)
Graph populate time: 9.56263
Total I/O time: 11.4381

Regional(EnergyStat) - Time 11.442659 Total energy consumed 540.298020 Ave. Power Level 47.217872 
Running on: 1 threads
Loaded graph from file: pnnl.bin
Memory used: 2949.12
Maximum degree for the graph: 5520
Iteration: 0, conflicts: 0
Total number of colors used: 1182
Total number of conflicts overall: 0
Number of rounds: 1
SUCCESS: No conflicts found
Coloring time: 2.41685
Memory used: 2949.12
Number of reordered colors: 1012
End position for large colors: 0, node count: 547603, largest: 547603
Node count cutoff: 472334
e_xx: 1.1965e+08, a2_x: 6.41408e+11, currMod: 0.625102
e_xx: 1.65266e+08, a2_x: 5.7242e+11, currMod: 0.863433
e_xx: 1.71549e+08, a2_x: 4.8629e+11, currMod: 0.896259
e_xx: 1.74054e+08, a2_x: 4.74975e+11, currMod: 0.909345
e_xx: 1.75286e+08, a2_x: 5.19389e+11, currMod: 0.915784
currMod: 0.909345, prevMod: -1
Louvain time: 67.5346
numClusters: 204449, time: 0.127902
Next phase: 2
Memory used: 2949.12
End Structure 1319830 204449 vs 2842150
Build next level time: 9.38157
Iteration time: 77.05
Memory used: 2949.12
e_xx: 1.56671e+08, a2_x: 5.19525e+11, currMod: 0.906749
e_xx: 1.65798e+08, a2_x: 3.3103e+11, currMod: 0.959577
e_xx: 1.67497e+08, a2_x: 2.80289e+11, currMod: 0.969412
e_xx: 1.67888e+08, a2_x: 2.91505e+11, currMod: 0.971674
e_xx: 1.68025e+08, a2_x: 2.86625e+11, currMod: 0.972466
e_xx: 1.6811e+08, a2_x: 2.97049e+11, currMod: 0.972962
e_xx: 1.68122e+08, a2_x: 3.12195e+11, currMod: 0.973027
e_xx: 1.68166e+08, a2_x: 3.13491e+11, currMod: 0.973286
e_xx: 1.68158e+08, a2_x: 3.12479e+11, currMod: 0.97324
currMod: 0.973286, prevMod: 0.909345
Louvain time: 4.55817
numClusters: 51743, time: 0.016118
Next phase: 3
Memory used: 2949.12
End Structure 518860 51743 vs 1089450
Build next level time: 0.347789
Iteration time: 4.93008
Memory used: 2949.12
e_xx: 1.68166e+08, a2_x: 3.12365e+11, currMod: 0.97326
e_xx: 1.69083e+08, a2_x: 1.16758e+11, currMod: 0.978572
e_xx: 1.69198e+08, a2_x: 7.3917e+10, currMod: 0.979242
e_xx: 1.6929e+08, a2_x: 6.25833e+10, currMod: 0.979771
e_xx: 1.69227e+08, a2_x: 4.19352e+10, currMod: 0.979409
currMod: 0.979771, prevMod: 0.973286
Louvain time: 0.892306
numClusters: 25637, time: 0.005117
Next phase: 4
Memory used: 2949.12
End Structure 179681 25637 vs 384999
Build next level time: 0.084474
Iteration time: 0.983998
Memory used: 2949.12
e_xx: 1.6929e+08, a2_x: 6.18102e+10, currMod: 0.979758
e_xx: 1.69509e+08, a2_x: 7.3425e+09, currMod: 0.981028
e_xx: 1.69522e+08, a2_x: 5.8637e+08, currMod: 0.981107
e_xx: 1.69522e+08, a2_x: -1.1042e+10, currMod: 0.981107
currMod: 0.981107, prevMod: 0.979771
Louvain time: 0.256412
numClusters: 22233, time: 0.003197
Next phase: 5
Memory used: 2949.12
End Structure 97931 22233 vs 218095
Build next level time: 0.034995
Iteration time: 0.298053
Memory used: 2949.12
e_xx: 1.69522e+08, a2_x: 4.27258e+09, currMod: 0.981104
e_xx: 1.69527e+08, a2_x: 9.97149e+09, currMod: 0.981128
e_xx: 1.69526e+08, a2_x: 2.62785e+10, currMod: 0.981126
currMod: 0.981128, prevMod: 0.981107
Louvain time: 0.114555
numClusters: 22051, time: 0.002762
Next phase: 6
Memory used: 2949.12
End Structure 87959 22051 vs 197969
Build next level time: 0.027031
Iteration time: 0.147786
Memory used: 2949.12
e_xx: 1.69527e+08, a2_x: 1.0484e+10, currMod: 0.981128
e_xx: 1.69527e+08, a2_x: 1.96106e+10, currMod: 0.981129
currMod: 0.981128, prevMod: 0.981128
Louvain time: 0.069872
numClusters: 22051, time: 0.002743
Maximum degree for the graph: 543
Iteration: 0, conflicts: 0
Total number of colors used: 181
Total number of conflicts overall: 0
Number of rounds: 1
SUCCESS: No conflicts found
Number of reordered colors: 177
End position for large colors: 0, node count: 21561, largest: 21561
Node count cutoff: 4411
e_xx: 1.69536e+08, a2_x: 1.51687e+10, currMod: 0.98118
e_xx: 1.69733e+08, a2_x: 1.36539e+10, currMod: 0.982325
e_xx: 1.69872e+08, a2_x: 1.37212e+10, currMod: 0.983125
e_xx: 1.70839e+08, a2_x: 1.55946e+10, currMod: 0.988725
e_xx: 1.7207e+08, a2_x: 1.91603e+10, currMod: 0.995848
e_xx: 1.72156e+08, a2_x: 2.1099e+10, currMod: 0.996345
e_xx: 1.72182e+08, a2_x: 1.68977e+10, currMod: 0.996495
e_xx: 1.72212e+08, a2_x: 1.8065e+10, currMod: 0.996667
e_xx: 1.72635e+08, a2_x: 2.95292e+09, currMod: 0.999119
e_xx: 1.72636e+08, a2_x: 2.4471e+09, currMod: 0.999124
e_xx: 1.72648e+08, a2_x: -1.11006e+09, currMod: 0.999196
e_xx: 1.72704e+08, a2_x: 3.21498e+09, currMod: 0.99952
e_xx: 1.72676e+08, a2_x: 2.00784e+09, currMod: 0.999358
End Structure 180 21572 vs 21932
currMod: 0.99952, prevMod: 0.981128
numClusters: 21572
Total iteration time: 83.41

Loop 0 <line-37> - Time 0.002112 Total energy consumed 0.094065 Ave. Power Level 44.531985
	-------- Loop 0 (sock 1 consumed 0.052065, avg temp 42.000000, final temp 41 ) ------
	-------- Loop 0 (sock 2 consumed 0.042000, avg temp 36.000000, final temp 36 ) ------
Loop 1 <line-54> - Time 0.001225 Total energy consumed 0.047490 Ave. Power Level 38.755103
	-------- Loop 1 (sock 1 consumed 0.026835, avg temp 42.000000, final temp 41 ) ------
	-------- Loop 1 (sock 2 consumed 0.020655, avg temp 36.000000, final temp 36 ) ------
Loop 2 <line-76> - Time 0.005314 Total energy consumed 0.286080 Ave. Power Level 53.832164
	-------- Loop 2 (sock 1 consumed 0.159285, avg temp 41.500000, final temp 41 ) ------
	-------- Loop 2 (sock 2 consumed 0.126795, avg temp 36.000000, final temp 36 ) ------
Loop 3 <line-170> - Time 1.700863 Total energy consumed 79.248210 Ave. Power Level 46.592937
	-------- Loop 3 (sock 1 consumed 43.800810, avg temp 42.000000, final temp 41 ) ------
	-------- Loop 3 (sock 2 consumed 35.447400, avg temp 35.500000, final temp 35 ) ------
Loop 4 <line-192> - Time 0.000851 Total energy consumed 0.093330 Ave. Power Level 109.607220
	-------- Loop 4 (sock 1 consumed 0.051765, avg temp 42.000000, final temp 41 ) ------
	-------- Loop 4 (sock 2 consumed 0.041565, avg temp 35.500000, final temp 35 ) ------
Loop 5 <line-222> - Time 0.604818 Total energy consumed 28.721970 Ave. Power Level 47.488641
	-------- Loop 5 (sock 1 consumed 15.771750, avg temp 41.500000, final temp 41 ) ------
	-------- Loop 5 (sock 2 consumed 12.950220, avg temp 35.500000, final temp 35 ) ------
Loop 6 <line-116> - Time 0.017800 Total energy consumed 0.812310 Ave. Power Level 45.635257
	-------- Loop 6 (sock 1 consumed 0.329550, avg temp 41.500000, final temp 41 ) ------
	-------- Loop 6 (sock 2 consumed 0.482760, avg temp 35.500000, final temp 35 ) ------
Loop 7 <line-334> - Time 1.084049 Total energy consumed 50.161515 Ave. Power Level 46.272348
	-------- Loop 7 (sock 1 consumed 27.436860, avg temp 41.571429, final temp 41 ) ------
	-------- Loop 7 (sock 2 consumed 22.724655, avg temp 35.857143, final temp 35 ) ------
Loop 8 <line-353> - Time 0.000940 Total energy consumed 0.000000 Ave. Power Level 0.000000
	-------- Loop 8 (sock 1 consumed 0.000000, avg temp 41.571429, final temp 41 ) ------
	-------- Loop 8 (sock 2 consumed 0.000000, avg temp 35.857143, final temp 35 ) ------
Loop 9 <line-375> - Time 0.003247 Total energy consumed 0.147690 Ave. Power Level 45.491298
	-------- Loop 9 (sock 1 consumed 0.083700, avg temp 41.571429, final temp 41 ) ------
	-------- Loop 9 (sock 2 consumed 0.063990, avg temp 35.857143, final temp 35 ) ------
Loop 10 <line-85> - Time 0.049011 Total energy consumed 2.283195 Ave. Power Level 46.585208
	-------- Loop 10 (sock 1 consumed 1.252920, avg temp 41.500000, final temp 41 ) ------
	-------- Loop 10 (sock 2 consumed 1.030275, avg temp 35.750000, final temp 35 ) ------
Loop 11 <line-131> - Time 0.037336 Total energy consumed 1.684890 Ave. Power Level 45.127777
	-------- Loop 11 (sock 1 consumed 0.921330, avg temp 42.000000, final temp 41 ) ------
	-------- Loop 11 (sock 2 consumed 0.763560, avg temp 35.500000, final temp 35 ) ------
Loop 12 <line-167> - Time 0.036750 Total energy consumed 1.757265 Ave. Power Level 47.816506
	-------- Loop 12 (sock 1 consumed 0.962340, avg temp 41.500000, final temp 41 ) ------
	-------- Loop 12 (sock 2 consumed 0.794925, avg temp 36.000000, final temp 36 ) ------
Loop 13 <line-213> - Time 58.978476 Total energy consumed 2724.085410 Ave. Power Level 46.187789
	-------- Loop 13 (sock 1 consumed 1474.766580, avg temp 41.388889, final temp 41 ) ------
	-------- Loop 13 (sock 2 consumed 1249.318830, avg temp 35.500000, final temp 35 ) ------
Loop 14 <line-99> - Time 9.352161 Total energy consumed 425.617890 Ave. Power Level 45.510110
	-------- Loop 14 (sock 1 consumed 199.623735, avg temp 41.500000, final temp 41 ) ------
	-------- Loop 14 (sock 2 consumed 225.994155, avg temp 35.666667, final temp 35 ) ------
Loop 15 <line-160> - Time 0.222313 Total energy consumed 10.131135 Ave. Power Level 45.571434
	-------- Loop 15 (sock 1 consumed 4.714350, avg temp 41.500000, final temp 41 ) ------
	-------- Loop 15 (sock 2 consumed 5.416785, avg temp 35.666667, final temp 35 ) ------
Loop 16 <line-269> - Time 5.853995 Total energy consumed 268.395330 Ave. Power Level 45.848236
	-------- Loop 16 (sock 1 consumed 136.586610, avg temp 41.826087, final temp 41 ) ------
	-------- Loop 16 (sock 2 consumed 131.808720, avg temp 35.478261, final temp 35 ) ------
Loop 17 <line-300> - Time 0.004775 Total energy consumed 0.212640 Ave. Power Level 44.531480
	-------- Loop 17 (sock 1 consumed 0.124245, avg temp 42.111111, final temp 42 ) ------
	-------- Loop 17 (sock 2 consumed 0.088395, avg temp 35.500000, final temp 35 ) ------
Loop 18 <line-148> - Time 0.003388 Total energy consumed 0.184125 Ave. Power Level 54.340336
	-------- Loop 18 (sock 1 consumed 0.077640, avg temp 41.000000, final temp 41 ) ------
	-------- Loop 18 (sock 2 consumed 0.106485, avg temp 36.000000, final temp 36 ) ------
Application(EnergyStat) - Time 97.618976 Total energy consumed 4515.011160 Ave. Power Level 46.251368 Final Temperature socket 1 : 41  socket 2 : 35 
	 ParallelApplication(EnergyStat) - Time 77.959426 Total energy consumed 3593.964540 Ave. Power Level 46.100449
Memory used: 1.32031
Loading 32-bit binary file: pnnl.bin, numvertices: 2361670, numEdges: 191402826
File read time: 1.96996
Before allocating graph
Allocated graph: 0x11b0570
Processing edges for vertex: 0, range(0, 166)
Processing edges for vertex: 100000, range(58444108, 58444133)
Processing edges for vertex: 200000, range(84376057, 84376362)
Processing edges for vertex: 300000, range(106069163, 106069503)
Processing edges for vertex: 400000, range(122097114, 122097513)
Processing edges for vertex: 500000, range(135096418, 135096483)
Processing edges for vertex: 600000, range(146097008, 146097061)
Processing edges for vertex: 700000, range(155415410, 155415531)
Processing edges for vertex: 800000, range(162595900, 162595989)
Processing edges for vertex: 900000, range(168508374, 168508464)
Processing edges for vertex: 1000000, range(173203321, 173203442)
Processing edges for vertex: 1100000, range(176935100, 176935110)
Processing edges for vertex: 1200000, range(179876260, 179876270)
Processing edges for vertex: 1300000, range(182240081, 182240092)
Processing edges for vertex: 1400000, range(184224513, 184224521)
Processing edges for vertex: 1500000, range(185795161, 185795170)
Processing edges for vertex: 1600000, range(187104124, 187104130)
Processing edges for vertex: 1700000, range(188148455, 188148461)
Processing edges for vertex: 1800000, range(188997836, 188997842)
Processing edges for vertex: 1900000, range(189691532, 189691535)
Processing edges for vertex: 2000000, range(190254658, 190254660)
Processing edges for vertex: 2100000, range(190705814, 190705822)
Processing edges for vertex: 2200000, range(191052755, 191052764)
Processing edges for vertex: 2300000, range(191302662, 191302663)
Graph populate time: 9.62972
Total I/O time: 11.5997

Regional(EnergyStat) - Time 11.604251 Total energy consumed 545.917260 Ave. Power Level 47.044594 
Running on: 1 threads
Loaded graph from file: pnnl.bin
Memory used: 2949.12
Maximum degree for the graph: 5520
Iteration: 0, conflicts: 0
Total number of colors used: 1182
Total number of conflicts overall: 0
Number of rounds: 1
SUCCESS: No conflicts found
Coloring time: 2.27649
Memory used: 2949.12
Number of reordered colors: 1012
End position for large colors: 0, node count: 547603, largest: 547603
Node count cutoff: 472334
e_xx: 1.1965e+08, a2_x: 6.41408e+11, currMod: 0.625102
e_xx: 1.65266e+08, a2_x: 5.7242e+11, currMod: 0.863433
e_xx: 1.71549e+08, a2_x: 4.8629e+11, currMod: 0.896259
e_xx: 1.74054e+08, a2_x: 4.74975e+11, currMod: 0.909345
e_xx: 1.75286e+08, a2_x: 5.19389e+11, currMod: 0.915784
currMod: 0.909345, prevMod: -1
Louvain time: 63.8752
numClusters: 204449, time: 0.127138
Next phase: 2
Memory used: 2949.12
End Structure 1319830 204449 vs 2842150
Build next level time: 9.15528
Iteration time: 73.1635
Memory used: 2949.12
e_xx: 1.56671e+08, a2_x: 5.19525e+11, currMod: 0.906749
e_xx: 1.65798e+08, a2_x: 3.3103e+11, currMod: 0.959577
e_xx: 1.67497e+08, a2_x: 2.80289e+11, currMod: 0.969412
e_xx: 1.67888e+08, a2_x: 2.91505e+11, currMod: 0.971674
e_xx: 1.68025e+08, a2_x: 2.86625e+11, currMod: 0.972466
e_xx: 1.6811e+08, a2_x: 2.97049e+11, currMod: 0.972962
e_xx: 1.68122e+08, a2_x: 3.12195e+11, currMod: 0.973027
e_xx: 1.68166e+08, a2_x: 3.13491e+11, currMod: 0.973286
e_xx: 1.68158e+08, a2_x: 3.12479e+11, currMod: 0.97324
currMod: 0.973286, prevMod: 0.909345
Louvain time: 4.52397
numClusters: 51743, time: 0.016043
Next phase: 3
Memory used: 2949.12
End Structure 518860 51743 vs 1089450
Build next level time: 0.309914
Iteration time: 4.85617
Memory used: 2949.12
e_xx: 1.68166e+08, a2_x: 3.12365e+11, currMod: 0.97326
e_xx: 1.69083e+08, a2_x: 1.16758e+11, currMod: 0.978572
e_xx: 1.69198e+08, a2_x: 7.3917e+10, currMod: 0.979242
e_xx: 1.6929e+08, a2_x: 6.25833e+10, currMod: 0.979771
e_xx: 1.69227e+08, a2_x: 4.19352e+10, currMod: 0.979409
currMod: 0.979771, prevMod: 0.973286
Louvain time: 0.889773
numClusters: 25637, time: 0.005083
Next phase: 4
Memory used: 2949.12
End Structure 179681 25637 vs 384999
Build next level time: 0.084363
Iteration time: 0.981344
Memory used: 2949.12
e_xx: 1.6929e+08, a2_x: 6.18102e+10, currMod: 0.979758
e_xx: 1.69509e+08, a2_x: 7.3425e+09, currMod: 0.981028
e_xx: 1.69522e+08, a2_x: 5.8637e+08, currMod: 0.981107
e_xx: 1.69522e+08, a2_x: -1.1042e+10, currMod: 0.981107
currMod: 0.981107, prevMod: 0.979771
Louvain time: 0.257825
numClusters: 22233, time: 0.003187
Next phase: 5
Memory used: 2949.12
End Structure 97931 22233 vs 218095
Build next level time: 0.035053
Iteration time: 0.29816
Memory used: 2949.12
e_xx: 1.69522e+08, a2_x: 4.27258e+09, currMod: 0.981104
e_xx: 1.69527e+08, a2_x: 9.97149e+09, currMod: 0.981128
e_xx: 1.69526e+08, a2_x: 2.62785e+10, currMod: 0.981126
currMod: 0.981128, prevMod: 0.981107
Louvain time: 0.115485
numClusters: 22051, time: 0.002771
Next phase: 6
Memory used: 2949.12
End Structure 87959 22051 vs 197969
Build next level time: 0.026986
Iteration time: 0.147307
Memory used: 2949.12
e_xx: 1.69527e+08, a2_x: 1.0484e+10, currMod: 0.981128
e_xx: 1.69527e+08, a2_x: 1.96106e+10, currMod: 0.981129
currMod: 0.981128, prevMod: 0.981128
Louvain time: 0.070858
numClusters: 22051, time: 0.002748
Maximum degree for the graph: 543
Iteration: 0, conflicts: 0
Total number of colors used: 181
Total number of conflicts overall: 0
Number of rounds: 1
SUCCESS: No conflicts found
Number of reordered colors: 177
End position for large colors: 0, node count: 21561, largest: 21561
Node count cutoff: 4411
e_xx: 1.69536e+08, a2_x: 1.51687e+10, currMod: 0.98118
e_xx: 1.69733e+08, a2_x: 1.36539e+10, currMod: 0.982325
e_xx: 1.69872e+08, a2_x: 1.37212e+10, currMod: 0.983125
e_xx: 1.70839e+08, a2_x: 1.55946e+10, currMod: 0.988725
e_xx: 1.7207e+08, a2_x: 1.91603e+10, currMod: 0.995848
e_xx: 1.72156e+08, a2_x: 2.1099e+10, currMod: 0.996345
e_xx: 1.72182e+08, a2_x: 1.68977e+10, currMod: 0.996495
e_xx: 1.72212e+08, a2_x: 1.8065e+10, currMod: 0.996667
e_xx: 1.72635e+08, a2_x: 2.95292e+09, currMod: 0.999119
e_xx: 1.72636e+08, a2_x: 2.4471e+09, currMod: 0.999124
e_xx: 1.72648e+08, a2_x: -1.11006e+09, currMod: 0.999196
e_xx: 1.72704e+08, a2_x: 3.21498e+09, currMod: 0.99952
e_xx: 1.72676e+08, a2_x: 2.00784e+09, currMod: 0.999358
End Structure 180 21572 vs 21932
currMod: 0.99952, prevMod: 0.981128
numClusters: 21572
Total iteration time: 79.4465

Loop 0 <line-37> - Time 0.002076 Total energy consumed 0.140205 Ave. Power Level 67.547255
	-------- Loop 0 (sock 1 consumed 0.078540, avg temp 42.000000, final temp 43 ) ------
	-------- Loop 0 (sock 2 consumed 0.061665, avg temp 34.500000, final temp 33 ) ------
Loop 1 <line-54> - Time 0.001220 Total energy consumed 0.048870 Ave. Power Level 40.046315
	-------- Loop 1 (sock 1 consumed 0.028005, avg temp 42.500000, final temp 43 ) ------
	-------- Loop 1 (sock 2 consumed 0.020865, avg temp 34.500000, final temp 34 ) ------
Loop 2 <line-76> - Time 0.005119 Total energy consumed 0.236490 Ave. Power Level 46.195453
	-------- Loop 2 (sock 1 consumed 0.132690, avg temp 42.500000, final temp 43 ) ------
	-------- Loop 2 (sock 2 consumed 0.103800, avg temp 34.000000, final temp 34 ) ------
Loop 3 <line-170> - Time 1.608389 Total energy consumed 74.926320 Ave. Power Level 46.584689
	-------- Loop 3 (sock 1 consumed 41.806515, avg temp 43.000000, final temp 43 ) ------
	-------- Loop 3 (sock 2 consumed 33.119805, avg temp 34.500000, final temp 34 ) ------
Loop 4 <line-192> - Time 0.000831 Total energy consumed 0.025560 Ave. Power Level 30.758715
	-------- Loop 4 (sock 1 consumed 0.025560, avg temp 43.000000, final temp 43 ) ------
	-------- Loop 4 (sock 2 consumed 0.000000, avg temp 34.500000, final temp 34 ) ------
Loop 5 <line-222> - Time 0.558046 Total energy consumed 26.282790 Ave. Power Level 47.097906
	-------- Loop 5 (sock 1 consumed 14.760660, avg temp 43.000000, final temp 43 ) ------
	-------- Loop 5 (sock 2 consumed 11.522130, avg temp 34.500000, final temp 34 ) ------
Loop 6 <line-116> - Time 0.012257 Total energy consumed 0.591090 Ave. Power Level 48.223677
	-------- Loop 6 (sock 1 consumed 0.342990, avg temp 43.000000, final temp 43 ) ------
	-------- Loop 6 (sock 2 consumed 0.248100, avg temp 34.166667, final temp 34 ) ------
Loop 7 <line-334> - Time 1.064527 Total energy consumed 49.158945 Ave. Power Level 46.179157
	-------- Loop 7 (sock 1 consumed 27.244875, avg temp 43.000000, final temp 43 ) ------
	-------- Loop 7 (sock 2 consumed 21.914070, avg temp 34.285714, final temp 34 ) ------
Loop 8 <line-353> - Time 0.000939 Total energy consumed 0.000000 Ave. Power Level 0.000000
	-------- Loop 8 (sock 1 consumed 0.000000, avg temp 43.000000, final temp 43 ) ------
	-------- Loop 8 (sock 2 consumed 0.000000, avg temp 34.285714, final temp 34 ) ------
Loop 9 <line-375> - Time 0.003225 Total energy consumed 0.118485 Ave. Power Level 36.744856
	-------- Loop 9 (sock 1 consumed 0.056820, avg temp 43.000000, final temp 43 ) ------
	-------- Loop 9 (sock 2 consumed 0.061665, avg temp 34.142857, final temp 34 ) ------
Loop 10 <line-85> - Time 0.048931 Total energy consumed 2.287125 Ave. Power Level 46.742260
	-------- Loop 10 (sock 1 consumed 1.251495, avg temp 43.000000, final temp 43 ) ------
	-------- Loop 10 (sock 2 consumed 1.035630, avg temp 34.500000, final temp 34 ) ------
Loop 11 <line-131> - Time 0.037339 Total energy consumed 1.755945 Ave. Power Level 47.026691
	-------- Loop 11 (sock 1 consumed 0.972630, avg temp 43.000000, final temp 43 ) ------
	-------- Loop 11 (sock 2 consumed 0.783315, avg temp 34.500000, final temp 34 ) ------
Loop 12 <line-167> - Time 0.036976 Total energy consumed 1.687905 Ave. Power Level 45.648354
	-------- Loop 12 (sock 1 consumed 0.943515, avg temp 43.000000, final temp 43 ) ------
	-------- Loop 12 (sock 2 consumed 0.744390, avg temp 34.000000, final temp 34 ) ------
Loop 13 <line-213> - Time 55.449102 Total energy consumed 2564.630265 Ave. Power Level 46.251971
	-------- Loop 13 (sock 1 consumed 1397.050965, avg temp 43.388889, final temp 43 ) ------
	-------- Loop 13 (sock 2 consumed 1167.579300, avg temp 33.944444, final temp 34 ) ------
Loop 14 <line-99> - Time 9.123988 Total energy consumed 421.280985 Ave. Power Level 46.172899
	-------- Loop 14 (sock 1 consumed 233.813955, avg temp 43.000000, final temp 43 ) ------
	-------- Loop 14 (sock 2 consumed 187.467030, avg temp 33.833333, final temp 34 ) ------
Loop 15 <line-160> - Time 0.206423 Total energy consumed 9.543405 Ave. Power Level 46.232204
	-------- Loop 15 (sock 1 consumed 5.285010, avg temp 43.333333, final temp 44 ) ------
	-------- Loop 15 (sock 2 consumed 4.258395, avg temp 34.333333, final temp 35 ) ------
Loop 16 <line-269> - Time 5.821244 Total energy consumed 268.491285 Ave. Power Level 46.122665
	-------- Loop 16 (sock 1 consumed 141.152025, avg temp 43.173913, final temp 44 ) ------
	-------- Loop 16 (sock 2 consumed 127.339260, avg temp 34.000000, final temp 33 ) ------
Loop 17 <line-300> - Time 0.004921 Total energy consumed 0.326910 Ave. Power Level 66.427529
	-------- Loop 17 (sock 1 consumed 0.175350, avg temp 43.166667, final temp 44 ) ------
	-------- Loop 17 (sock 2 consumed 0.151560, avg temp 34.000000, final temp 34 ) ------
Loop 18 <line-148> - Time 0.002051 Total energy consumed 0.047145 Ave. Power Level 22.984197
	-------- Loop 18 (sock 1 consumed 0.026235, avg temp 43.000000, final temp 43 ) ------
	-------- Loop 18 (sock 2 consumed 0.020910, avg temp 33.000000, final temp 33 ) ------
Application(EnergyStat) - Time 93.669472 Total energy consumed 4341.750750 Ave. Power Level 46.351823 Final Temperature socket 1 : 44  socket 2 : 34 
	 ParallelApplication(EnergyStat) - Time 73.987606 Total energy consumed 3421.579725 Ave. Power Level 46.245309
Memory used: 1.32031
Loading 32-bit binary file: pnnl.bin, numvertices: 2361670, numEdges: 191402826
File read time: 1.94871
Before allocating graph
Allocated graph: 0x9ae570
Processing edges for vertex: 0, range(0, 166)
Processing edges for vertex: 100000, range(58444108, 58444133)
Processing edges for vertex: 200000, range(84376057, 84376362)
Processing edges for vertex: 300000, range(106069163, 106069503)
Processing edges for vertex: 400000, range(122097114, 122097513)
Processing edges for vertex: 500000, range(135096418, 135096483)
Processing edges for vertex: 600000, range(146097008, 146097061)
Processing edges for vertex: 700000, range(155415410, 155415531)
Processing edges for vertex: 800000, range(162595900, 162595989)
Processing edges for vertex: 900000, range(168508374, 168508464)
Processing edges for vertex: 1000000, range(173203321, 173203442)
Processing edges for vertex: 1100000, range(176935100, 176935110)
Processing edges for vertex: 1200000, range(179876260, 179876270)
Processing edges for vertex: 1300000, range(182240081, 182240092)
Processing edges for vertex: 1400000, range(184224513, 184224521)
Processing edges for vertex: 1500000, range(185795161, 185795170)
Processing edges for vertex: 1600000, range(187104124, 187104130)
Processing edges for vertex: 1700000, range(188148455, 188148461)
Processing edges for vertex: 1800000, range(188997836, 188997842)
Processing edges for vertex: 1900000, range(189691532, 189691535)
Processing edges for vertex: 2000000, range(190254658, 190254660)
Processing edges for vertex: 2100000, range(190705814, 190705822)
Processing edges for vertex: 2200000, range(191052755, 191052764)
Processing edges for vertex: 2300000, range(191302662, 191302663)
Graph populate time: 9.71539
Total I/O time: 11.6642

Regional(EnergyStat) - Time 11.668620 Total energy consumed 540.727395 Ave. Power Level 46.340304 
Running on: 1 threads
Loaded graph from file: pnnl.bin
Memory used: 2949.12
Maximum degree for the graph: 5520
Iteration: 0, conflicts: 0
Total number of colors used: 1182
Total number of conflicts overall: 0
Number of rounds: 1
SUCCESS: No conflicts found
Coloring time: 2.4106
Memory used: 2949.12
Number of reordered colors: 1012
End position for large colors: 0, node count: 547603, largest: 547603
Node count cutoff: 472334
e_xx: 1.1965e+08, a2_x: 6.41408e+11, currMod: 0.625102
e_xx: 1.65266e+08, a2_x: 5.7242e+11, currMod: 0.863433
e_xx: 1.71549e+08, a2_x: 4.8629e+11, currMod: 0.896259
e_xx: 1.74054e+08, a2_x: 4.74975e+11, currMod: 0.909345
e_xx: 1.75286e+08, a2_x: 5.19389e+11, currMod: 0.915784
currMod: 0.909345, prevMod: -1
Louvain time: 65.4647
numClusters: 204449, time: 0.127203
Next phase: 2
Memory used: 2949.12
End Structure 1319830 204449 vs 2842150
Build next level time: 9.39214
Iteration time: 74.9907
Memory used: 2949.12
e_xx: 1.56671e+08, a2_x: 5.19525e+11, currMod: 0.906749
e_xx: 1.65798e+08, a2_x: 3.3103e+11, currMod: 0.959577
e_xx: 1.67497e+08, a2_x: 2.80289e+11, currMod: 0.969412
e_xx: 1.67888e+08, a2_x: 2.91505e+11, currMod: 0.971674
e_xx: 1.68025e+08, a2_x: 2.86625e+11, currMod: 0.972466
e_xx: 1.6811e+08, a2_x: 2.97049e+11, currMod: 0.972962
e_xx: 1.68122e+08, a2_x: 3.12195e+11, currMod: 0.973027
e_xx: 1.68166e+08, a2_x: 3.13491e+11, currMod: 0.973286
e_xx: 1.68158e+08, a2_x: 3.12479e+11, currMod: 0.97324
currMod: 0.973286, prevMod: 0.909345
Louvain time: 4.53761
numClusters: 51743, time: 0.016025
Next phase: 3
Memory used: 2949.12
End Structure 518860 51743 vs 1089450
Build next level time: 0.314834
Iteration time: 4.87494
Memory used: 2949.12
e_xx: 1.68166e+08, a2_x: 3.12365e+11, currMod: 0.97326
e_xx: 1.69083e+08, a2_x: 1.16758e+11, currMod: 0.978572
e_xx: 1.69198e+08, a2_x: 7.3917e+10, currMod: 0.979242
e_xx: 1.6929e+08, a2_x: 6.25833e+10, currMod: 0.979771
e_xx: 1.69227e+08, a2_x: 4.19352e+10, currMod: 0.979409
currMod: 0.979771, prevMod: 0.973286
Louvain time: 0.895256
numClusters: 25637, time: 0.005118
Next phase: 4
Memory used: 2949.12
End Structure 179681 25637 vs 384999
Build next level time: 0.086291
Iteration time: 0.990048
Memory used: 2949.12
e_xx: 1.6929e+08, a2_x: 6.18102e+10, currMod: 0.979758
e_xx: 1.69509e+08, a2_x: 7.3425e+09, currMod: 0.981028
e_xx: 1.69522e+08, a2_x: 5.8637e+08, currMod: 0.981107
e_xx: 1.69522e+08, a2_x: -1.1042e+10, currMod: 0.981107
currMod: 0.981107, prevMod: 0.979771
Louvain time: 0.257074
numClusters: 22233, time: 0.003195
Next phase: 5
Memory used: 2949.12
End Structure 97931 22233 vs 218095
Build next level time: 0.034658
Iteration time: 0.297033
Memory used: 2949.12
e_xx: 1.69522e+08, a2_x: 4.27258e+09, currMod: 0.981104
e_xx: 1.69527e+08, a2_x: 9.97149e+09, currMod: 0.981128
e_xx: 1.69526e+08, a2_x: 2.62785e+10, currMod: 0.981126
currMod: 0.981128, prevMod: 0.981107
Louvain time: 0.115007
numClusters: 22051, time: 0.002767
Next phase: 6
Memory used: 2949.12
End Structure 87959 22051 vs 197969
Build next level time: 0.02658
Iteration time: 0.146466
Memory used: 2949.12
e_xx: 1.69527e+08, a2_x: 1.0484e+10, currMod: 0.981128
e_xx: 1.69527e+08, a2_x: 1.96106e+10, currMod: 0.981129
currMod: 0.981128, prevMod: 0.981128
Louvain time: 0.070494
numClusters: 22051, time: 0.00275
Maximum degree for the graph: 543
Iteration: 0, conflicts: 0
Total number of colors used: 181
Total number of conflicts overall: 0
Number of rounds: 1
SUCCESS: No conflicts found
Number of reordered colors: 177
End position for large colors: 0, node count: 21561, largest: 21561
Node count cutoff: 4411
e_xx: 1.69536e+08, a2_x: 1.51687e+10, currMod: 0.98118
e_xx: 1.69733e+08, a2_x: 1.36539e+10, currMod: 0.982325
e_xx: 1.69872e+08, a2_x: 1.37212e+10, currMod: 0.983125
e_xx: 1.70839e+08, a2_x: 1.55946e+10, currMod: 0.988725
e_xx: 1.7207e+08, a2_x: 1.91603e+10, currMod: 0.995848
e_xx: 1.72156e+08, a2_x: 2.1099e+10, currMod: 0.996345
e_xx: 1.72182e+08, a2_x: 1.68977e+10, currMod: 0.996495
e_xx: 1.72212e+08, a2_x: 1.8065e+10, currMod: 0.996667
e_xx: 1.72635e+08, a2_x: 2.95292e+09, currMod: 0.999119
e_xx: 1.72636e+08, a2_x: 2.4471e+09, currMod: 0.999124
e_xx: 1.72648e+08, a2_x: -1.11006e+09, currMod: 0.999196
e_xx: 1.72704e+08, a2_x: 3.21498e+09, currMod: 0.99952
e_xx: 1.72676e+08, a2_x: 2.00784e+09, currMod: 0.999358
End Structure 180 21572 vs 21932
currMod: 0.99952, prevMod: 0.981128
numClusters: 21572
Total iteration time: 81.2992

Loop 0 <line-37> - Time 0.002089 Total energy consumed 0.111675 Ave. Power Level 53.464581
	-------- Loop 0 (sock 1 consumed 0.057285, avg temp 41.000000, final temp 41 ) ------
	-------- Loop 0 (sock 2 consumed 0.054390, avg temp 35.000000, final temp 35 ) ------
Loop 1 <line-54> - Time 0.001255 Total energy consumed 0.074775 Ave. Power Level 59.583810
	-------- Loop 1 (sock 1 consumed 0.019920, avg temp 41.500000, final temp 41 ) ------
	-------- Loop 1 (sock 2 consumed 0.054855, avg temp 35.500000, final temp 35 ) ------
Loop 2 <line-76> - Time 0.005325 Total energy consumed 0.238485 Ave. Power Level 44.786336
	-------- Loop 2 (sock 1 consumed 0.100470, avg temp 41.500000, final temp 41 ) ------
	-------- Loop 2 (sock 2 consumed 0.138015, avg temp 35.000000, final temp 35 ) ------
Loop 3 <line-170> - Time 1.695277 Total energy consumed 78.857490 Ave. Power Level 46.515992
	-------- Loop 3 (sock 1 consumed 33.394215, avg temp 42.000000, final temp 42 ) ------
	-------- Loop 3 (sock 2 consumed 45.463275, avg temp 35.500000, final temp 35 ) ------
Loop 4 <line-192> - Time 0.000829 Total energy consumed 0.000000 Ave. Power Level 0.000000
	-------- Loop 4 (sock 1 consumed 0.000000, avg temp 42.000000, final temp 42 ) ------
	-------- Loop 4 (sock 2 consumed 0.000000, avg temp 35.500000, final temp 35 ) ------
Loop 5 <line-222> - Time 0.603987 Total energy consumed 28.382265 Ave. Power Level 46.991494
	-------- Loop 5 (sock 1 consumed 12.005655, avg temp 42.000000, final temp 42 ) ------
	-------- Loop 5 (sock 2 consumed 16.376610, avg temp 35.000000, final temp 35 ) ------
Loop 6 <line-116> - Time 0.013707 Total energy consumed 0.662700 Ave. Power Level 48.346029
	-------- Loop 6 (sock 1 consumed 0.300075, avg temp 41.666667, final temp 41 ) ------
	-------- Loop 6 (sock 2 consumed 0.362625, avg temp 35.166667, final temp 35 ) ------
Loop 7 <line-334> - Time 1.070664 Total energy consumed 49.550685 Ave. Power Level 46.280332
	-------- Loop 7 (sock 1 consumed 25.194525, avg temp 42.000000, final temp 42 ) ------
	-------- Loop 7 (sock 2 consumed 24.356160, avg temp 34.857143, final temp 35 ) ------
Loop 8 <line-353> - Time 0.001200 Total energy consumed 0.046650 Ave. Power Level 38.890297
	-------- Loop 8 (sock 1 consumed 0.025665, avg temp 42.000000, final temp 42 ) ------
	-------- Loop 8 (sock 2 consumed 0.020985, avg temp 34.857143, final temp 35 ) ------
Loop 9 <line-375> - Time 0.003430 Total energy consumed 0.148155 Ave. Power Level 43.194293
	-------- Loop 9 (sock 1 consumed 0.082455, avg temp 42.000000, final temp 42 ) ------
	-------- Loop 9 (sock 2 consumed 0.065700, avg temp 34.857143, final temp 35 ) ------
Loop 10 <line-85> - Time 0.049044 Total energy consumed 2.259105 Ave. Power Level 46.062994
	-------- Loop 10 (sock 1 consumed 1.239120, avg temp 41.750000, final temp 41 ) ------
	-------- Loop 10 (sock 2 consumed 1.019985, avg temp 35.000000, final temp 35 ) ------
Loop 11 <line-131> - Time 0.037340 Total energy consumed 1.661580 Ave. Power Level 44.498283
	-------- Loop 11 (sock 1 consumed 0.918570, avg temp 42.000000, final temp 42 ) ------
	-------- Loop 11 (sock 2 consumed 0.743010, avg temp 35.000000, final temp 35 ) ------
Loop 12 <line-167> - Time 0.037225 Total energy consumed 1.750005 Ave. Power Level 47.011463
	-------- Loop 12 (sock 1 consumed 0.965835, avg temp 42.000000, final temp 41 ) ------
	-------- Loop 12 (sock 2 consumed 0.784170, avg temp 35.000000, final temp 35 ) ------
Loop 13 <line-213> - Time 56.804126 Total energy consumed 2622.157440 Ave. Power Level 46.161391
	-------- Loop 13 (sock 1 consumed 1440.079050, avg temp 41.777778, final temp 41 ) ------
	-------- Loop 13 (sock 2 consumed 1182.078390, avg temp 35.055556, final temp 35 ) ------
Loop 14 <line-99> - Time 9.263769 Total energy consumed 427.406010 Ave. Power Level 46.137379
	-------- Loop 14 (sock 1 consumed 236.502150, avg temp 41.666667, final temp 42 ) ------
	-------- Loop 14 (sock 2 consumed 190.903860, avg temp 34.500000, final temp 34 ) ------
Loop 15 <line-160> - Time 0.243273 Total energy consumed 11.309940 Ave. Power Level 46.490714
	-------- Loop 15 (sock 1 consumed 5.026425, avg temp 41.500000, final temp 41 ) ------
	-------- Loop 15 (sock 2 consumed 6.283515, avg temp 34.500000, final temp 34 ) ------
Loop 16 <line-269> - Time 5.838801 Total energy consumed 269.804280 Ave. Power Level 46.208848
	-------- Loop 16 (sock 1 consumed 141.616650, avg temp 42.086957, final temp 41 ) ------
	-------- Loop 16 (sock 2 consumed 128.187630, avg temp 34.173913, final temp 35 ) ------
Loop 17 <line-300> - Time 0.004574 Total energy consumed 0.228825 Ave. Power Level 50.030074
	-------- Loop 17 (sock 1 consumed 0.105885, avg temp 42.222222, final temp 42 ) ------
	-------- Loop 17 (sock 2 consumed 0.122940, avg temp 34.277778, final temp 35 ) ------
Loop 18 <line-148> - Time 0.002059 Total energy consumed 0.046740 Ave. Power Level 22.702898
	-------- Loop 18 (sock 1 consumed 0.019740, avg temp 41.000000, final temp 41 ) ------
	-------- Loop 18 (sock 2 consumed 0.027000, avg temp 35.000000, final temp 35 ) ------
Application(EnergyStat) - Time 95.720329 Total energy consumed 4422.993735 Ave. Power Level 46.207465 Final Temperature socket 1 : 42  socket 2 : 35 
	 ParallelApplication(EnergyStat) - Time 75.677974 Total energy consumed 3494.696805 Ave. Power Level 46.178520
Memory used: 1.32031
Loading 32-bit binary file: pnnl.bin, numvertices: 2361670, numEdges: 191402826
File read time: 1.9725
Before allocating graph
Allocated graph: 0x1b4a570
Processing edges for vertex: 0, range(0, 166)
Processing edges for vertex: 100000, range(58444108, 58444133)
Processing edges for vertex: 200000, range(84376057, 84376362)
Processing edges for vertex: 300000, range(106069163, 106069503)
Processing edges for vertex: 400000, range(122097114, 122097513)
Processing edges for vertex: 500000, range(135096418, 135096483)
Processing edges for vertex: 600000, range(146097008, 146097061)
Processing edges for vertex: 700000, range(155415410, 155415531)
Processing edges for vertex: 800000, range(162595900, 162595989)
Processing edges for vertex: 900000, range(168508374, 168508464)
Processing edges for vertex: 1000000, range(173203321, 173203442)
Processing edges for vertex: 1100000, range(176935100, 176935110)
Processing edges for vertex: 1200000, range(179876260, 179876270)
Processing edges for vertex: 1300000, range(182240081, 182240092)
Processing edges for vertex: 1400000, range(184224513, 184224521)
Processing edges for vertex: 1500000, range(185795161, 185795170)
Processing edges for vertex: 1600000, range(187104124, 187104130)
Processing edges for vertex: 1700000, range(188148455, 188148461)
Processing edges for vertex: 1800000, range(188997836, 188997842)
Processing edges for vertex: 1900000, range(189691532, 189691535)
Processing edges for vertex: 2000000, range(190254658, 190254660)
Processing edges for vertex: 2100000, range(190705814, 190705822)
Processing edges for vertex: 2200000, range(191052755, 191052764)
Processing edges for vertex: 2300000, range(191302662, 191302663)
Graph populate time: 9.62956
Total I/O time: 11.6021

Regional(EnergyStat) - Time 11.606509 Total energy consumed 545.949600 Ave. Power Level 47.038228 
Running on: 1 threads
Loaded graph from file: pnnl.bin
Memory used: 2949.12
Maximum degree for the graph: 5520
Iteration: 0, conflicts: 0
Total number of colors used: 1182
Total number of conflicts overall: 0
Number of rounds: 1
SUCCESS: No conflicts found
Coloring time: 2.28004
Memory used: 2949.12
Number of reordered colors: 1012
End position for large colors: 0, node count: 547603, largest: 547603
Node count cutoff: 472334
e_xx: 1.1965e+08, a2_x: 6.41408e+11, currMod: 0.625102
e_xx: 1.65266e+08, a2_x: 5.7242e+11, currMod: 0.863433
e_xx: 1.71549e+08, a2_x: 4.8629e+11, currMod: 0.896259
e_xx: 1.74054e+08, a2_x: 4.74975e+11, currMod: 0.909345
e_xx: 1.75286e+08, a2_x: 5.19389e+11, currMod: 0.915784
currMod: 0.909345, prevMod: -1
Louvain time: 64.2063
numClusters: 204449, time: 0.126903
Next phase: 2
Memory used: 2949.12
End Structure 1319830 204449 vs 2842150
Build next level time: 9.26316
Iteration time: 73.6033
Memory used: 2949.12
e_xx: 1.56671e+08, a2_x: 5.19525e+11, currMod: 0.906749
e_xx: 1.65798e+08, a2_x: 3.3103e+11, currMod: 0.959577
e_xx: 1.67497e+08, a2_x: 2.80289e+11, currMod: 0.969412
e_xx: 1.67888e+08, a2_x: 2.91505e+11, currMod: 0.971674
e_xx: 1.68025e+08, a2_x: 2.86625e+11, currMod: 0.972466
e_xx: 1.6811e+08, a2_x: 2.97049e+11, currMod: 0.972962
e_xx: 1.68122e+08, a2_x: 3.12195e+11, currMod: 0.973027
e_xx: 1.68166e+08, a2_x: 3.13491e+11, currMod: 0.973286
e_xx: 1.68158e+08, a2_x: 3.12479e+11, currMod: 0.97324
currMod: 0.973286, prevMod: 0.909345
Louvain time: 4.5012
numClusters: 51743, time: 0.016066
Next phase: 3
Memory used: 2949.12
End Structure 518860 51743 vs 1089450
Build next level time: 0.313067
Iteration time: 4.838
Memory used: 2949.12
e_xx: 1.68166e+08, a2_x: 3.12365e+11, currMod: 0.97326
e_xx: 1.69083e+08, a2_x: 1.16758e+11, currMod: 0.978572
e_xx: 1.69198e+08, a2_x: 7.3917e+10, currMod: 0.979242
e_xx: 1.6929e+08, a2_x: 6.25833e+10, currMod: 0.979771
e_xx: 1.69227e+08, a2_x: 4.19352e+10, currMod: 0.979409
currMod: 0.979771, prevMod: 0.973286
Louvain time: 0.88986
numClusters: 25637, time: 0.005113
Next phase: 4
Memory used: 2949.12
End Structure 179681 25637 vs 384999
Build next level time: 0.091404
Iteration time: 0.988492
Memory used: 2949.12
e_xx: 1.6929e+08, a2_x: 6.18102e+10, currMod: 0.979758
e_xx: 1.69509e+08, a2_x: 7.3425e+09, currMod: 0.981028
e_xx: 1.69522e+08, a2_x: 5.8637e+08, currMod: 0.981107
e_xx: 1.69522e+08, a2_x: -1.1042e+10, currMod: 0.981107
currMod: 0.981107, prevMod: 0.979771
Louvain time: 0.264882
numClusters: 22233, time: 0.003309
Next phase: 5
Memory used: 2949.12
End Structure 97931 22233 vs 218095
Build next level time: 0.036438
Iteration time: 0.306785
Memory used: 2949.12
e_xx: 1.69522e+08, a2_x: 4.27258e+09, currMod: 0.981104
e_xx: 1.69527e+08, a2_x: 9.97149e+09, currMod: 0.981128
e_xx: 1.69526e+08, a2_x: 2.62785e+10, currMod: 0.981126
currMod: 0.981128, prevMod: 0.981107
Louvain time: 0.118484
numClusters: 22051, time: 0.002844
Next phase: 6
Memory used: 2949.12
End Structure 87959 22051 vs 197969
Build next level time: 0.028139
Iteration time: 0.151639
Memory used: 2949.12
e_xx: 1.69527e+08, a2_x: 1.0484e+10, currMod: 0.981128
e_xx: 1.69527e+08, a2_x: 1.96106e+10, currMod: 0.981129
currMod: 0.981128, prevMod: 0.981128
Louvain time: 0.07211
numClusters: 22051, time: 0.002805
Maximum degree for the graph: 543
Iteration: 0, conflicts: 0
Total number of colors used: 181
Total number of conflicts overall: 0
Number of rounds: 1
SUCCESS: No conflicts found
Number of reordered colors: 177
End position for large colors: 0, node count: 21561, largest: 21561
Node count cutoff: 4411
e_xx: 1.69536e+08, a2_x: 1.51687e+10, currMod: 0.98118
e_xx: 1.69733e+08, a2_x: 1.36539e+10, currMod: 0.982325
e_xx: 1.69872e+08, a2_x: 1.37212e+10, currMod: 0.983125
e_xx: 1.70839e+08, a2_x: 1.55946e+10, currMod: 0.988725
e_xx: 1.7207e+08, a2_x: 1.91603e+10, currMod: 0.995848
e_xx: 1.72156e+08, a2_x: 2.1099e+10, currMod: 0.996345
e_xx: 1.72182e+08, a2_x: 1.68977e+10, currMod: 0.996495
e_xx: 1.72212e+08, a2_x: 1.8065e+10, currMod: 0.996667
e_xx: 1.72635e+08, a2_x: 2.95292e+09, currMod: 0.999119
e_xx: 1.72636e+08, a2_x: 2.4471e+09, currMod: 0.999124
e_xx: 1.72648e+08, a2_x: -1.11006e+09, currMod: 0.999196
e_xx: 1.72704e+08, a2_x: 3.21498e+09, currMod: 0.99952
e_xx: 1.72676e+08, a2_x: 2.00784e+09, currMod: 0.999358
End Structure 180 21572 vs 21932
currMod: 0.99952, prevMod: 0.981128
numClusters: 21572
Total iteration time: 79.8883

Loop 0 <line-37> - Time 0.002077 Total energy consumed 0.090615 Ave. Power Level 43.620415
	-------- Loop 0 (sock 1 consumed 0.052290, avg temp 43.500000, final temp 45 ) ------
	-------- Loop 0 (sock 2 consumed 0.038325, avg temp 34.000000, final temp 34 ) ------
Loop 1 <line-54> - Time 0.001214 Total energy consumed 0.093075 Ave. Power Level 76.685979
	-------- Loop 1 (sock 1 consumed 0.054285, avg temp 44.000000, final temp 44 ) ------
	-------- Loop 1 (sock 2 consumed 0.038790, avg temp 34.500000, final temp 35 ) ------
Loop 2 <line-76> - Time 0.005117 Total energy consumed 0.189990 Ave. Power Level 37.127008
	-------- Loop 2 (sock 1 consumed 0.106725, avg temp 43.500000, final temp 44 ) ------
	-------- Loop 2 (sock 2 consumed 0.083265, avg temp 34.000000, final temp 35 ) ------
Loop 3 <line-170> - Time 1.609485 Total energy consumed 74.986605 Ave. Power Level 46.590433
	-------- Loop 3 (sock 1 consumed 41.861400, avg temp 43.500000, final temp 45 ) ------
	-------- Loop 3 (sock 2 consumed 33.125205, avg temp 34.500000, final temp 35 ) ------
Loop 4 <line-192> - Time 0.000850 Total energy consumed 0.000000 Ave. Power Level 0.000000
	-------- Loop 4 (sock 1 consumed 0.000000, avg temp 43.500000, final temp 45 ) ------
	-------- Loop 4 (sock 2 consumed 0.000000, avg temp 34.500000, final temp 35 ) ------
Loop 5 <line-222> - Time 0.560276 Total energy consumed 26.336880 Ave. Power Level 47.006984
	-------- Loop 5 (sock 1 consumed 14.813040, avg temp 44.500000, final temp 45 ) ------
	-------- Loop 5 (sock 2 consumed 11.523840, avg temp 35.000000, final temp 35 ) ------
Loop 6 <line-116> - Time 0.013860 Total energy consumed 0.664845 Ave. Power Level 47.970065
	-------- Loop 6 (sock 1 consumed 0.359505, avg temp 43.166667, final temp 44 ) ------
	-------- Loop 6 (sock 2 consumed 0.305340, avg temp 35.166667, final temp 35 ) ------
Loop 7 <line-334> - Time 1.064764 Total energy consumed 48.981225 Ave. Power Level 46.001954
	-------- Loop 7 (sock 1 consumed 27.053265, avg temp 43.000000, final temp 44 ) ------
	-------- Loop 7 (sock 2 consumed 21.927960, avg temp 35.000000, final temp 35 ) ------
Loop 8 <line-353> - Time 0.000940 Total energy consumed 0.046830 Ave. Power Level 49.815651
	-------- Loop 8 (sock 1 consumed 0.025950, avg temp 43.142857, final temp 44 ) ------
	-------- Loop 8 (sock 2 consumed 0.020880, avg temp 35.000000, final temp 35 ) ------
Loop 9 <line-375> - Time 0.003262 Total energy consumed 0.224655 Ave. Power Level 68.871908
	-------- Loop 9 (sock 1 consumed 0.135105, avg temp 42.857143, final temp 44 ) ------
	-------- Loop 9 (sock 2 consumed 0.089550, avg temp 35.285714, final temp 35 ) ------
Loop 10 <line-85> - Time 0.049253 Total energy consumed 2.282445 Ave. Power Level 46.340910
	-------- Loop 10 (sock 1 consumed 1.271640, avg temp 43.500000, final temp 44 ) ------
	-------- Loop 10 (sock 2 consumed 1.010805, avg temp 34.500000, final temp 35 ) ------
Loop 11 <line-131> - Time 0.037328 Total energy consumed 1.706790 Ave. Power Level 45.724680
	-------- Loop 11 (sock 1 consumed 0.945495, avg temp 43.500000, final temp 44 ) ------
	-------- Loop 11 (sock 2 consumed 0.761295, avg temp 35.000000, final temp 35 ) ------
Loop 12 <line-167> - Time 0.036812 Total energy consumed 1.677030 Ave. Power Level 45.556801
	-------- Loop 12 (sock 1 consumed 0.917520, avg temp 43.000000, final temp 44 ) ------
	-------- Loop 12 (sock 2 consumed 0.759510, avg temp 34.000000, final temp 35 ) ------
Loop 13 <line-213> - Time 55.788128 Total energy consumed 2574.504810 Ave. Power Level 46.147897
	-------- Loop 13 (sock 1 consumed 1370.991555, avg temp 43.722222, final temp 44 ) ------
	-------- Loop 13 (sock 2 consumed 1203.513255, avg temp 34.722222, final temp 34 ) ------
Loop 14 <line-99> - Time 9.138654 Total energy consumed 421.995090 Ave. Power Level 46.176941
	-------- Loop 14 (sock 1 consumed 233.748900, avg temp 43.500000, final temp 45 ) ------
	-------- Loop 14 (sock 2 consumed 188.246190, avg temp 35.166667, final temp 35 ) ------
Loop 15 <line-160> - Time 0.242948 Total energy consumed 11.308155 Ave. Power Level 46.545621
	-------- Loop 15 (sock 1 consumed 5.115375, avg temp 43.333333, final temp 45 ) ------
	-------- Loop 15 (sock 2 consumed 6.192780, avg temp 35.333333, final temp 35 ) ------
Loop 16 <line-269> - Time 5.809578 Total energy consumed 267.834675 Ave. Power Level 46.102259
	-------- Loop 16 (sock 1 consumed 131.121975, avg temp 43.000000, final temp 45 ) ------
	-------- Loop 16 (sock 2 consumed 136.712700, avg temp 35.347826, final temp 35 ) ------
Loop 17 <line-300> - Time 0.004719 Total energy consumed 0.048585 Ave. Power Level 10.294608
	-------- Loop 17 (sock 1 consumed 0.019935, avg temp 42.888889, final temp 45 ) ------
	-------- Loop 17 (sock 2 consumed 0.028650, avg temp 35.277778, final temp 34 ) ------
Loop 18 <line-148> - Time 0.002119 Total energy consumed 0.111135 Ave. Power Level 52.438470
	-------- Loop 18 (sock 1 consumed 0.049650, avg temp 45.000000, final temp 45 ) ------
	-------- Loop 18 (sock 2 consumed 0.061485, avg temp 34.000000, final temp 34 ) ------
Application(EnergyStat) - Time 94.130177 Total energy consumed 4356.429945 Ave. Power Level 46.280907 Final Temperature socket 1 : 44  socket 2 : 35 
	 ParallelApplication(EnergyStat) - Time 74.371384 Total energy consumed 3433.083435 Ave. Power Level 46.161349
Memory used: 1.32031
Loading 32-bit binary file: pnnl.bin, numvertices: 2361670, numEdges: 191402826
File read time: 1.8862
Before allocating graph
Allocated graph: 0x8da570
Processing edges for vertex: 0, range(0, 166)
Processing edges for vertex: 100000, range(58444108, 58444133)
Processing edges for vertex: 200000, range(84376057, 84376362)
Processing edges for vertex: 300000, range(106069163, 106069503)
Processing edges for vertex: 400000, range(122097114, 122097513)
Processing edges for vertex: 500000, range(135096418, 135096483)
Processing edges for vertex: 600000, range(146097008, 146097061)
Processing edges for vertex: 700000, range(155415410, 155415531)
Processing edges for vertex: 800000, range(162595900, 162595989)
Processing edges for vertex: 900000, range(168508374, 168508464)
Processing edges for vertex: 1000000, range(173203321, 173203442)
Processing edges for vertex: 1100000, range(176935100, 176935110)
Processing edges for vertex: 1200000, range(179876260, 179876270)
Processing edges for vertex: 1300000, range(182240081, 182240092)
Processing edges for vertex: 1400000, range(184224513, 184224521)
Processing edges for vertex: 1500000, range(185795161, 185795170)
Processing edges for vertex: 1600000, range(187104124, 187104130)
Processing edges for vertex: 1700000, range(188148455, 188148461)
Processing edges for vertex: 1800000, range(188997836, 188997842)
Processing edges for vertex: 1900000, range(189691532, 189691535)
Processing edges for vertex: 2000000, range(190254658, 190254660)
Processing edges for vertex: 2100000, range(190705814, 190705822)
Processing edges for vertex: 2200000, range(191052755, 191052764)
Processing edges for vertex: 2300000, range(191302662, 191302663)
Graph populate time: 9.56395
Total I/O time: 11.4502

Regional(EnergyStat) - Time 11.454942 Total energy consumed 543.376920 Ave. Power Level 47.436027 
Running on: 1 threads
Loaded graph from file: pnnl.bin
Memory used: 2949.12
Maximum degree for the graph: 5520
Iteration: 0, conflicts: 0
Total number of colors used: 1182
Total number of conflicts overall: 0
Number of rounds: 1
SUCCESS: No conflicts found
Coloring time: 2.41822
Memory used: 2949.12
Number of reordered colors: 1012
End position for large colors: 0, node count: 547603, largest: 547603
Node count cutoff: 472334
e_xx: 1.1965e+08, a2_x: 6.41408e+11, currMod: 0.625102
e_xx: 1.65266e+08, a2_x: 5.7242e+11, currMod: 0.863433
e_xx: 1.71549e+08, a2_x: 4.8629e+11, currMod: 0.896259
e_xx: 1.74054e+08, a2_x: 4.74975e+11, currMod: 0.909345
e_xx: 1.75286e+08, a2_x: 5.19389e+11, currMod: 0.915784
currMod: 0.909345, prevMod: -1
Louvain time: 64.7995
numClusters: 204449, time: 0.127959
Next phase: 2
Memory used: 2949.12
End Structure 1319830 204449 vs 2842150
Build next level time: 9.35488
Iteration time: 74.2881
Memory used: 2949.12
e_xx: 1.56671e+08, a2_x: 5.19525e+11, currMod: 0.906749
e_xx: 1.65798e+08, a2_x: 3.3103e+11, currMod: 0.959577
e_xx: 1.67497e+08, a2_x: 2.80289e+11, currMod: 0.969412
e_xx: 1.67888e+08, a2_x: 2.91505e+11, currMod: 0.971674
e_xx: 1.68025e+08, a2_x: 2.86625e+11, currMod: 0.972466
e_xx: 1.6811e+08, a2_x: 2.97049e+11, currMod: 0.972962
e_xx: 1.68122e+08, a2_x: 3.12195e+11, currMod: 0.973027
e_xx: 1.68166e+08, a2_x: 3.13491e+11, currMod: 0.973286
e_xx: 1.68158e+08, a2_x: 3.12479e+11, currMod: 0.97324
currMod: 0.973286, prevMod: 0.909345
Louvain time: 4.57689
numClusters: 51743, time: 0.016012
Next phase: 3
Memory used: 2949.12
End Structure 518860 51743 vs 1089450
Build next level time: 0.345108
Iteration time: 4.94417
Memory used: 2949.12
e_xx: 1.68166e+08, a2_x: 3.12365e+11, currMod: 0.97326
e_xx: 1.69083e+08, a2_x: 1.16758e+11, currMod: 0.978572
e_xx: 1.69198e+08, a2_x: 7.3917e+10, currMod: 0.979242
e_xx: 1.6929e+08, a2_x: 6.25833e+10, currMod: 0.979771
e_xx: 1.69227e+08, a2_x: 4.19352e+10, currMod: 0.979409
currMod: 0.979771, prevMod: 0.973286
Louvain time: 0.892667
numClusters: 25637, time: 0.005099
Next phase: 4
Memory used: 2949.12
End Structure 179681 25637 vs 384999
Build next level time: 0.086073
Iteration time: 0.985939
Memory used: 2949.12
e_xx: 1.6929e+08, a2_x: 6.18102e+10, currMod: 0.979758
e_xx: 1.69509e+08, a2_x: 7.3425e+09, currMod: 0.981028
e_xx: 1.69522e+08, a2_x: 5.8637e+08, currMod: 0.981107
e_xx: 1.69522e+08, a2_x: -1.1042e+10, currMod: 0.981107
currMod: 0.981107, prevMod: 0.979771
Louvain time: 0.256552
numClusters: 22233, time: 0.003191
Next phase: 5
Memory used: 2949.12
End Structure 97931 22233 vs 218095
Build next level time: 0.034853
Iteration time: 0.296665
Memory used: 2949.12
e_xx: 1.69522e+08, a2_x: 4.27258e+09, currMod: 0.981104
e_xx: 1.69527e+08, a2_x: 9.97149e+09, currMod: 0.981128
e_xx: 1.69526e+08, a2_x: 2.62785e+10, currMod: 0.981126
currMod: 0.981128, prevMod: 0.981107
Louvain time: 0.114308
numClusters: 22051, time: 0.002772
Next phase: 6
Memory used: 2949.12
End Structure 87959 22051 vs 197969
Build next level time: 0.026518
Iteration time: 0.145663
Memory used: 2949.12
e_xx: 1.69527e+08, a2_x: 1.0484e+10, currMod: 0.981128
e_xx: 1.69527e+08, a2_x: 1.96106e+10, currMod: 0.981129
currMod: 0.981128, prevMod: 0.981128
Louvain time: 0.069996
numClusters: 22051, time: 0.002743
Maximum degree for the graph: 543
Iteration: 0, conflicts: 0
Total number of colors used: 181
Total number of conflicts overall: 0
Number of rounds: 1
SUCCESS: No conflicts found
Number of reordered colors: 177
End position for large colors: 0, node count: 21561, largest: 21561
Node count cutoff: 4411
e_xx: 1.69536e+08, a2_x: 1.51687e+10, currMod: 0.98118
e_xx: 1.69733e+08, a2_x: 1.36539e+10, currMod: 0.982325
e_xx: 1.69872e+08, a2_x: 1.37212e+10, currMod: 0.983125
e_xx: 1.70839e+08, a2_x: 1.55946e+10, currMod: 0.988725
e_xx: 1.7207e+08, a2_x: 1.91603e+10, currMod: 0.995848
e_xx: 1.72156e+08, a2_x: 2.1099e+10, currMod: 0.996345
e_xx: 1.72182e+08, a2_x: 1.68977e+10, currMod: 0.996495
e_xx: 1.72212e+08, a2_x: 1.8065e+10, currMod: 0.996667
e_xx: 1.72635e+08, a2_x: 2.95292e+09, currMod: 0.999119
e_xx: 1.72636e+08, a2_x: 2.4471e+09, currMod: 0.999124
e_xx: 1.72648e+08, a2_x: -1.11006e+09, currMod: 0.999196
e_xx: 1.72704e+08, a2_x: 3.21498e+09, currMod: 0.99952
e_xx: 1.72676e+08, a2_x: 2.00784e+09, currMod: 0.999358
End Structure 180 21572 vs 21932
currMod: 0.99952, prevMod: 0.981128
numClusters: 21572
Total iteration time: 80.6605

Loop 0 <line-37> - Time 0.002149 Total energy consumed 0.141420 Ave. Power Level 65.817919
	-------- Loop 0 (sock 1 consumed 0.078435, avg temp 42.500000, final temp 43 ) ------
	-------- Loop 0 (sock 2 consumed 0.062985, avg temp 35.000000, final temp 35 ) ------
Loop 1 <line-54> - Time 0.001211 Total energy consumed 0.099930 Ave. Power Level 82.546391
	-------- Loop 1 (sock 1 consumed 0.054915, avg temp 42.000000, final temp 42 ) ------
	-------- Loop 1 (sock 2 consumed 0.045015, avg temp 35.500000, final temp 35 ) ------
Loop 2 <line-76> - Time 0.005275 Total energy consumed 0.214965 Ave. Power Level 40.749782
	-------- Loop 2 (sock 1 consumed 0.130785, avg temp 42.000000, final temp 42 ) ------
	-------- Loop 2 (sock 2 consumed 0.084180, avg temp 35.500000, final temp 35 ) ------
Loop 3 <line-170> - Time 1.701871 Total energy consumed 79.237410 Ave. Power Level 46.559002
	-------- Loop 3 (sock 1 consumed 43.757790, avg temp 42.500000, final temp 43 ) ------
	-------- Loop 3 (sock 2 consumed 35.479620, avg temp 34.500000, final temp 35 ) ------
Loop 4 <line-192> - Time 0.000850 Total energy consumed 0.047190 Ave. Power Level 55.507721
	-------- Loop 4 (sock 1 consumed 0.026190, avg temp 42.500000, final temp 43 ) ------
	-------- Loop 4 (sock 2 consumed 0.021000, avg temp 35.000000, final temp 35 ) ------
Loop 5 <line-222> - Time 0.605980 Total energy consumed 28.497525 Ave. Power Level 47.027151
	-------- Loop 5 (sock 1 consumed 15.774405, avg temp 43.000000, final temp 43 ) ------
	-------- Loop 5 (sock 2 consumed 12.723120, avg temp 35.000000, final temp 35 ) ------
Loop 6 <line-116> - Time 0.012034 Total energy consumed 0.516570 Ave. Power Level 42.926576
	-------- Loop 6 (sock 1 consumed 0.284205, avg temp 42.166667, final temp 42 ) ------
	-------- Loop 6 (sock 2 consumed 0.232365, avg temp 35.000000, final temp 35 ) ------
Loop 7 <line-334> - Time 1.084252 Total energy consumed 50.145150 Ave. Power Level 46.248597
	-------- Loop 7 (sock 1 consumed 27.599745, avg temp 42.571429, final temp 42 ) ------
	-------- Loop 7 (sock 2 consumed 22.545405, avg temp 35.285714, final temp 36 ) ------
Loop 8 <line-353> - Time 0.000939 Total energy consumed 0.000000 Ave. Power Level 0.000000
	-------- Loop 8 (sock 1 consumed 0.000000, avg temp 42.571429, final temp 42 ) ------
	-------- Loop 8 (sock 2 consumed 0.000000, avg temp 35.285714, final temp 36 ) ------
Loop 9 <line-375> - Time 0.003224 Total energy consumed 0.148395 Ave. Power Level 46.026056
	-------- Loop 9 (sock 1 consumed 0.086955, avg temp 42.571429, final temp 42 ) ------
	-------- Loop 9 (sock 2 consumed 0.061440, avg temp 35.285714, final temp 36 ) ------
Loop 10 <line-85> - Time 0.048954 Total energy consumed 2.292525 Ave. Power Level 46.830585
	-------- Loop 10 (sock 1 consumed 1.279665, avg temp 42.250000, final temp 42 ) ------
	-------- Loop 10 (sock 2 consumed 1.012860, avg temp 35.250000, final temp 35 ) ------
Loop 11 <line-131> - Time 0.037321 Total energy consumed 1.729140 Ave. Power Level 46.331835
	-------- Loop 11 (sock 1 consumed 0.948345, avg temp 42.000000, final temp 42 ) ------
	-------- Loop 11 (sock 2 consumed 0.780795, avg temp 36.000000, final temp 36 ) ------
Loop 12 <line-167> - Time 0.037190 Total energy consumed 1.707075 Ave. Power Level 45.901783
	-------- Loop 12 (sock 1 consumed 0.944970, avg temp 42.000000, final temp 42 ) ------
	-------- Loop 12 (sock 2 consumed 0.762105, avg temp 35.500000, final temp 35 ) ------
Loop 13 <line-213> - Time 56.240397 Total energy consumed 2597.158245 Ave. Power Level 46.179586
	-------- Loop 13 (sock 1 consumed 1374.284595, avg temp 42.611111, final temp 43 ) ------
	-------- Loop 13 (sock 2 consumed 1222.873650, avg temp 35.555556, final temp 36 ) ------
Loop 14 <line-99> - Time 9.253288 Total energy consumed 427.239765 Ave. Power Level 46.171672
	-------- Loop 14 (sock 1 consumed 235.784250, avg temp 42.333333, final temp 42 ) ------
	-------- Loop 14 (sock 2 consumed 191.455515, avg temp 35.833333, final temp 36 ) ------
Loop 15 <line-160> - Time 0.247192 Total energy consumed 11.349765 Ave. Power Level 45.914819
	-------- Loop 15 (sock 1 consumed 5.220630, avg temp 42.500000, final temp 42 ) ------
	-------- Loop 15 (sock 2 consumed 6.129135, avg temp 35.500000, final temp 36 ) ------
Loop 16 <line-269> - Time 5.873541 Total energy consumed 271.021710 Ave. Power Level 46.142814
	-------- Loop 16 (sock 1 consumed 150.280920, avg temp 42.695652, final temp 43 ) ------
	-------- Loop 16 (sock 2 consumed 120.740790, avg temp 35.434783, final temp 36 ) ------
Loop 17 <line-300> - Time 0.004607 Total energy consumed 0.298455 Ave. Power Level 64.782264
	-------- Loop 17 (sock 1 consumed 0.154335, avg temp 42.777778, final temp 43 ) ------
	-------- Loop 17 (sock 2 consumed 0.144120, avg temp 35.500000, final temp 35 ) ------
Loop 18 <line-148> - Time 0.002050 Total energy consumed 0.045780 Ave. Power Level 22.331489
	-------- Loop 18 (sock 1 consumed 0.025860, avg temp 43.000000, final temp 43 ) ------
	-------- Loop 18 (sock 2 consumed 0.019920, avg temp 35.000000, final temp 35 ) ------
Application(EnergyStat) - Time 94.871911 Total energy consumed 4398.484635 Ave. Power Level 46.362349 Final Temperature socket 1 : 43  socket 2 : 36 
	 ParallelApplication(EnergyStat) - Time 75.162324 Total energy consumed 3471.891015 Ave. Power Level 46.191906
