Memory used: 1.32031
Loading 32-bit binary file: pnnl.bin, numvertices: 2361670, numEdges: 191402826
File read time: 3.00968
Before allocating graph
Allocated graph: 0x693570
Processing edges for vertex: 0, range(0, 166)
Processing edges for vertex: 100000, range(58444108, 58444133)
Processing edges for vertex: 200000, range(84376057, 84376362)
Processing edges for vertex: 300000, range(106069163, 106069503)
Processing edges for vertex: 400000, range(122097114, 122097513)
Processing edges for vertex: 500000, range(135096418, 135096483)
Processing edges for vertex: 600000, range(146097008, 146097061)
Processing edges for vertex: 700000, range(155415410, 155415531)
Processing edges for vertex: 800000, range(162595900, 162595989)
Processing edges for vertex: 900000, range(168508374, 168508464)
Processing edges for vertex: 1000000, range(173203321, 173203442)
Processing edges for vertex: 1100000, range(176935100, 176935110)
Processing edges for vertex: 1200000, range(179876260, 179876270)
Processing edges for vertex: 1300000, range(182240081, 182240092)
Processing edges for vertex: 1400000, range(184224513, 184224521)
Processing edges for vertex: 1500000, range(185795161, 185795170)
Processing edges for vertex: 1600000, range(187104124, 187104130)
Processing edges for vertex: 1700000, range(188148455, 188148461)
Processing edges for vertex: 1800000, range(188997836, 188997842)
Processing edges for vertex: 1900000, range(189691532, 189691535)
Processing edges for vertex: 2000000, range(190254658, 190254660)
Processing edges for vertex: 2100000, range(190705814, 190705822)
Processing edges for vertex: 2200000, range(191052755, 191052764)
Processing edges for vertex: 2300000, range(191302662, 191302663)
Graph populate time: 16.0918
Total I/O time: 19.1018

Regional(EnergyStat) - Time 19.108526 Total energy consumed 716.732640 Ave. Power Level 37.508527 
Running on: 4 threads
Loaded graph from file: pnnl.bin
Memory used: 2949.12
Maximum degree for the graph: 5520
Iteration: 0, conflicts: 2
Iteration: 1, conflicts: 0
Total number of colors used: 1180
Total number of conflicts overall: 0
Number of rounds: 2
SUCCESS: No conflicts found
Coloring time: 2.56457
Memory used: 2949.12
Number of reordered colors: 1009
End position for large colors: 0, node count: 551258, largest: 551258
Node count cutoff: 472334
e_xx: 1.2719e+08, a2_x: 6.54613e+11, currMod: 0.664497
e_xx: 1.68506e+08, a2_x: 5.99269e+11, currMod: 0.880359
e_xx: 1.74645e+08, a2_x: 5.35873e+11, currMod: 0.912433
e_xx: 1.76879e+08, a2_x: 5.44419e+11, currMod: 0.924105
e_xx: 1.77988e+08, a2_x: 5.22195e+11, currMod: 0.929901
currMod: 0.924105, prevMod: -1
Louvain time: 38.8136
numClusters: 203204, time: 0.225769
Next phase: 2
Memory used: 2949.12
End Structure 1282959 203204 vs 2767277
Build next level time: 11.2192
Iteration time: 50.2656
Memory used: 2949.12
e_xx: 1.55096e+08, a2_x: 5.2067e+11, currMod: 0.920419
e_xx: 1.61863e+08, a2_x: 3.72527e+11, currMod: 0.960583
e_xx: 1.63318e+08, a2_x: 2.93228e+11, currMod: 0.969221
e_xx: 1.63782e+08, a2_x: 2.51537e+11, currMod: 0.971972
e_xx: 1.63812e+08, a2_x: 2.82666e+11, currMod: 0.972152
e_xx: 1.63938e+08, a2_x: 2.62746e+11, currMod: 0.9729
e_xx: 1.63895e+08, a2_x: 2.85477e+11, currMod: 0.972643
currMod: 0.9729, prevMod: 0.924105
Louvain time: 4.67317
numClusters: 52640, time: 0.031584
Next phase: 3
Memory used: 2949.12
End Structure 518427 52640 vs 1089481
Build next level time: 0.426366
Iteration time: 5.13267
Memory used: 2949.12
e_xx: 1.63938e+08, a2_x: 2.63103e+11, currMod: 0.97287
e_xx: 1.64763e+08, a2_x: 1.40859e+11, currMod: 0.977772
e_xx: 1.64814e+08, a2_x: 1.0364e+11, currMod: 0.978079
e_xx: 1.64819e+08, a2_x: 5.5845e+10, currMod: 0.978107
e_xx: 1.64811e+08, a2_x: 7.63375e+10, currMod: 0.978059
currMod: 0.978107, prevMod: 0.9729
Louvain time: 1.44197
numClusters: 25606, time: 0.010248
Next phase: 4
Memory used: 2949.12
End Structure 183969 25606 vs 393544
Build next level time: 0.137805
Iteration time: 1.59121
Memory used: 2949.12
e_xx: 1.64819e+08, a2_x: 5.57961e+10, currMod: 0.978094
e_xx: 1.65217e+08, a2_x: 7.92843e+09, currMod: 0.980459
e_xx: 1.65238e+08, a2_x: 1.07573e+10, currMod: 0.980585
e_xx: 1.65239e+08, a2_x: 5.49646e+09, currMod: 0.98059
e_xx: 1.6524e+08, a2_x: 2.46163e+10, currMod: 0.980593
e_xx: 1.6524e+08, a2_x: -5.35244e+08, currMod: 0.980592
currMod: 0.980593, prevMod: 0.978107
Louvain time: 0.71949
numClusters: 22168, time: 0.006437
Next phase: 5
Memory used: 2949.12
End Structure 92539 22168 vs 207246
Build next level time: 0.068756
Iteration time: 0.795862
Memory used: 2949.12
e_xx: 1.6524e+08, a2_x: 2.58986e+10, currMod: 0.980591
e_xx: 1.65244e+08, a2_x: 2.40227e+10, currMod: 0.980616
e_xx: 1.65245e+08, a2_x: 3.21687e+10, currMod: 0.980619
e_xx: 1.65245e+08, a2_x: 2.42658e+10, currMod: 0.980619
currMod: 0.980619, prevMod: 0.980593
Louvain time: 0.263468
numClusters: 21994, time: 0.005714
Next phase: 6
Memory used: 2949.12
End Structure 80067 21994 vs 182128
Build next level time: 0.051004
Iteration time: 0.321367
Memory used: 2949.12
e_xx: 1.65245e+08, a2_x: 3.12059e+10, currMod: 0.980619
e_xx: 1.65245e+08, a2_x: 3.05705e+10, currMod: 0.980619
currMod: 0.980619, prevMod: 0.980619
Louvain time: 0.114713
numClusters: 21994, time: 0.005667
Maximum degree for the graph: 491
Iteration: 0, conflicts: 0
Total number of colors used: 190
Total number of conflicts overall: 0
Number of rounds: 1
SUCCESS: No conflicts found
Number of reordered colors: 190
End position for large colors: 0, node count: 21551, largest: 21551
Node count cutoff: 4399
e_xx: 1.65245e+08, a2_x: 2.82864e+10, currMod: 0.98062
End Structure 77810 21978 vs 177598
currMod: 0.980619, prevMod: 0.980619
numClusters: 21978
Total iteration time: 58.1067

Loop 0 <line-37> - Time 0.001319 Total energy consumed 0.059280 Ave. Power Level 44.934894
	-------- Loop 0 (sock 1 consumed 0.039870, avg temp 40.000000, final temp 40 ) ------
	-------- Loop 0 (sock 2 consumed 0.019410, avg temp 35.000000, final temp 35 ) ------
Loop 1 <line-54> - Time 0.000641 Total energy consumed 0.000000 Ave. Power Level 0.000000
	-------- Loop 1 (sock 1 consumed 0.000000, avg temp 39.500000, final temp 39 ) ------
	-------- Loop 1 (sock 2 consumed 0.000000, avg temp 34.500000, final temp 35 ) ------
Loop 2 <line-76> - Time 0.002260 Total energy consumed 0.124770 Ave. Power Level 55.213364
	-------- Loop 2 (sock 1 consumed 0.063885, avg temp 39.500000, final temp 39 ) ------
	-------- Loop 2 (sock 2 consumed 0.060885, avg temp 34.500000, final temp 35 ) ------
Loop 3 <line-170> - Time 1.737166 Total energy consumed 67.046040 Ave. Power Level 38.595069
	-------- Loop 3 (sock 1 consumed 34.060245, avg temp 40.000000, final temp 40 ) ------
	-------- Loop 3 (sock 2 consumed 32.985795, avg temp 35.000000, final temp 35 ) ------
Loop 4 <line-192> - Time 0.000425 Total energy consumed 0.037440 Ave. Power Level 88.135593
	-------- Loop 4 (sock 1 consumed 0.019350, avg temp 40.000000, final temp 40 ) ------
	-------- Loop 4 (sock 2 consumed 0.018090, avg temp 35.000000, final temp 35 ) ------
Loop 5 <line-222> - Time 0.646541 Total energy consumed 24.932640 Ave. Power Level 38.563098
	-------- Loop 5 (sock 1 consumed 12.693540, avg temp 40.500000, final temp 41 ) ------
	-------- Loop 5 (sock 2 consumed 12.239100, avg temp 35.000000, final temp 35 ) ------
Loop 6 <line-116> - Time 0.006616 Total energy consumed 0.285885 Ave. Power Level 43.212415
	-------- Loop 6 (sock 1 consumed 0.125985, avg temp 39.166667, final temp 39 ) ------
	-------- Loop 6 (sock 2 consumed 0.159900, avg temp 34.166667, final temp 34 ) ------
Loop 7 <line-334> - Time 1.398509 Total energy consumed 52.735785 Ave. Power Level 37.708574
	-------- Loop 7 (sock 1 consumed 26.804640, avg temp 39.285714, final temp 40 ) ------
	-------- Loop 7 (sock 2 consumed 25.931145, avg temp 34.571429, final temp 35 ) ------
Loop 8 <line-353> - Time 0.000628 Total energy consumed 0.000000 Ave. Power Level 0.000000
	-------- Loop 8 (sock 1 consumed 0.000000, avg temp 39.285714, final temp 40 ) ------
	-------- Loop 8 (sock 2 consumed 0.000000, avg temp 34.571429, final temp 35 ) ------
Loop 9 <line-375> - Time 0.001873 Total energy consumed 0.044775 Ave. Power Level 23.904261
	-------- Loop 9 (sock 1 consumed 0.023265, avg temp 39.285714, final temp 40 ) ------
	-------- Loop 9 (sock 2 consumed 0.021510, avg temp 34.714286, final temp 35 ) ------
Loop 10 <line-85> - Time 0.220132 Total energy consumed 9.035745 Ave. Power Level 41.046900
	-------- Loop 10 (sock 1 consumed 4.493955, avg temp 39.750000, final temp 39 ) ------
	-------- Loop 10 (sock 2 consumed 4.541790, avg temp 34.500000, final temp 35 ) ------
Loop 11 <line-131> - Time 0.017055 Total energy consumed 0.706770 Ave. Power Level 41.441092
	-------- Loop 11 (sock 1 consumed 0.351885, avg temp 40.500000, final temp 40 ) ------
	-------- Loop 11 (sock 2 consumed 0.354885, avg temp 35.000000, final temp 35 ) ------
Loop 12 <line-167> - Time 0.292529 Total energy consumed 12.006150 Ave. Power Level 41.042654
	-------- Loop 12 (sock 1 consumed 5.978805, avg temp 39.500000, final temp 40 ) ------
	-------- Loop 12 (sock 2 consumed 6.027345, avg temp 35.000000, final temp 35 ) ------
Loop 13 <line-213> - Time 27.246926 Total energy consumed 1125.996330 Ave. Power Level 41.325628
	-------- Loop 13 (sock 1 consumed 547.449960, avg temp 40.166667, final temp 41 ) ------
	-------- Loop 13 (sock 2 consumed 578.546370, avg temp 34.833333, final temp 35 ) ------
Loop 14 <line-99> - Time 11.252222 Total energy consumed 421.062180 Ave. Power Level 37.420358
	-------- Loop 14 (sock 1 consumed 205.696980, avg temp 39.666667, final temp 40 ) ------
	-------- Loop 14 (sock 2 consumed 215.365200, avg temp 34.666667, final temp 35 ) ------
Loop 15 <line-160> - Time 0.257698 Total energy consumed 9.974070 Ave. Power Level 38.704528
	-------- Loop 15 (sock 1 consumed 4.869480, avg temp 39.333333, final temp 39 ) ------
	-------- Loop 15 (sock 2 consumed 5.104590, avg temp 34.333333, final temp 35 ) ------
Loop 16 <line-269> - Time 7.167512 Total energy consumed 267.893895 Ave. Power Level 37.376136
	-------- Loop 16 (sock 1 consumed 134.607030, avg temp 39.666667, final temp 40 ) ------
	-------- Loop 16 (sock 2 consumed 133.286865, avg temp 34.208333, final temp 35 ) ------
Loop 17 <line-300> - Time 0.005137 Total energy consumed 0.167010 Ave. Power Level 32.508320
	-------- Loop 17 (sock 1 consumed 0.093570, avg temp 39.578947, final temp 39 ) ------
	-------- Loop 17 (sock 2 consumed 0.073440, avg temp 34.315789, final temp 35 ) ------
Loop 18 <line-148> - Time 0.001090 Total energy consumed 0.058815 Ave. Power Level 53.941791
	-------- Loop 18 (sock 1 consumed 0.019380, avg temp 40.000000, final temp 40 ) ------
	-------- Loop 18 (sock 2 consumed 0.039435, avg temp 35.000000, final temp 35 ) ------
Application(EnergyStat) - Time 79.998549 Total energy consumed 3108.265950 Ave. Power Level 38.854029 Final Temperature socket 1 : 40  socket 2 : 34 
	 ParallelApplication(EnergyStat) - Time 50.256279 Total energy consumed 1992.167580 Ave. Power Level 39.640173
Memory used: 1.32031
Loading 32-bit binary file: pnnl.bin, numvertices: 2361670, numEdges: 191402826
File read time: 3.03083
Before allocating graph
Allocated graph: 0x1ad4570
Processing edges for vertex: 0, range(0, 166)
Processing edges for vertex: 100000, range(58444108, 58444133)
Processing edges for vertex: 200000, range(84376057, 84376362)
Processing edges for vertex: 300000, range(106069163, 106069503)
Processing edges for vertex: 400000, range(122097114, 122097513)
Processing edges for vertex: 500000, range(135096418, 135096483)
Processing edges for vertex: 600000, range(146097008, 146097061)
Processing edges for vertex: 700000, range(155415410, 155415531)
Processing edges for vertex: 800000, range(162595900, 162595989)
Processing edges for vertex: 900000, range(168508374, 168508464)
Processing edges for vertex: 1000000, range(173203321, 173203442)
Processing edges for vertex: 1100000, range(176935100, 176935110)
Processing edges for vertex: 1200000, range(179876260, 179876270)
Processing edges for vertex: 1300000, range(182240081, 182240092)
Processing edges for vertex: 1400000, range(184224513, 184224521)
Processing edges for vertex: 1500000, range(185795161, 185795170)
Processing edges for vertex: 1600000, range(187104124, 187104130)
Processing edges for vertex: 1700000, range(188148455, 188148461)
Processing edges for vertex: 1800000, range(188997836, 188997842)
Processing edges for vertex: 1900000, range(189691532, 189691535)
Processing edges for vertex: 2000000, range(190254658, 190254660)
Processing edges for vertex: 2100000, range(190705814, 190705822)
Processing edges for vertex: 2200000, range(191052755, 191052764)
Processing edges for vertex: 2300000, range(191302662, 191302663)
Graph populate time: 16.0941
Total I/O time: 19.1252

Regional(EnergyStat) - Time 19.131053 Total energy consumed 718.143960 Ave. Power Level 37.538130 
Running on: 4 threads
Loaded graph from file: pnnl.bin
Memory used: 2949.12
Maximum degree for the graph: 5520
Iteration: 0, conflicts: 0
Total number of colors used: 1181
Total number of conflicts overall: 0
Number of rounds: 1
SUCCESS: No conflicts found
Coloring time: 2.46202
Memory used: 2949.12
Number of reordered colors: 1001
End position for large colors: 0, node count: 551357, largest: 551357
Node count cutoff: 472334
e_xx: 1.23358e+08, a2_x: 6.4841e+11, currMod: 0.644479
e_xx: 1.66059e+08, a2_x: 5.84522e+11, currMod: 0.867571
e_xx: 1.72899e+08, a2_x: 5.35432e+11, currMod: 0.903311
e_xx: 1.75287e+08, a2_x: 5.39546e+11, currMod: 0.915784
e_xx: 1.76383e+08, a2_x: 5.05864e+11, currMod: 0.921511
currMod: 0.915784, prevMod: -1
Louvain time: 38.7881
numClusters: 203033, time: 0.198811
Next phase: 2
Memory used: 2949.12
End Structure 1276478 203033 vs 2754118
Build next level time: 11.3143
Iteration time: 50.3091
Memory used: 2949.12
e_xx: 1.57518e+08, a2_x: 5.04822e+11, currMod: 0.912967
e_xx: 1.65854e+08, a2_x: 3.78182e+11, currMod: 0.96129
e_xx: 1.6731e+08, a2_x: 2.7739e+11, currMod: 0.969734
e_xx: 1.67745e+08, a2_x: 2.64654e+11, currMod: 0.972252
e_xx: 1.67785e+08, a2_x: 2.52477e+11, currMod: 0.972487
e_xx: 1.67891e+08, a2_x: 2.55679e+11, currMod: 0.973098
e_xx: 1.67857e+08, a2_x: 2.59039e+11, currMod: 0.972901
currMod: 0.973098, prevMod: 0.915784
Louvain time: 4.53766
numClusters: 52450, time: 0.030641
Next phase: 3
Memory used: 2949.12
End Structure 510823 52450 vs 1074088
Build next level time: 0.393247
Iteration time: 4.96311
Memory used: 2949.12
e_xx: 1.67891e+08, a2_x: 2.55087e+11, currMod: 0.973072
e_xx: 1.6882e+08, a2_x: 8.40908e+10, currMod: 0.978466
e_xx: 1.68886e+08, a2_x: 4.55427e+10, currMod: 0.978847
e_xx: 1.69001e+08, a2_x: 2.65207e+10, currMod: 0.979515
e_xx: 1.6892e+08, a2_x: 1.10946e+10, currMod: 0.979045
currMod: 0.979515, prevMod: 0.973098
Louvain time: 1.39669
numClusters: 25532, time: 0.009943
Next phase: 4
Memory used: 2949.12
End Structure 177498 25532 vs 380528
Build next level time: 0.128852
Iteration time: 1.53669
Memory used: 2949.12
e_xx: 1.69001e+08, a2_x: 2.96282e+10, currMod: 0.979502
e_xx: 1.69255e+08, a2_x: 2.98353e+09, currMod: 0.980977
e_xx: 1.69257e+08, a2_x: 8.3769e+09, currMod: 0.980989
e_xx: 1.69275e+08, a2_x: 5.49278e+08, currMod: 0.981092
e_xx: 1.69259e+08, a2_x: 1.70069e+10, currMod: 0.981001
currMod: 0.981092, prevMod: 0.979515
Louvain time: 0.578439
numClusters: 22183, time: 0.006408
Next phase: 5
Memory used: 2949.12
End Structure 93085 22183 vs 208353
Build next level time: 0.062936
Iteration time: 0.648965
Memory used: 2949.12
e_xx: 1.69275e+08, a2_x: 1.21444e+09, currMod: 0.98109
e_xx: 1.69295e+08, a2_x: 2.21235e+10, currMod: 0.981207
e_xx: 1.69304e+08, a2_x: -3.77217e+09, currMod: 0.981257
e_xx: 1.69304e+08, a2_x: 7.80859e+09, currMod: 0.981258
currMod: 0.981257, prevMod: 0.981092
Louvain time: 0.256093
numClusters: 21987, time: 0.005746
Next phase: 6
Memory used: 2949.12
End Structure 75889 21987 vs 173765
Build next level time: 0.045302
Iteration time: 0.308324
Memory used: 2949.12
e_xx: 1.69304e+08, a2_x: -7.72838e+09, currMod: 0.981258
e_xx: 1.69305e+08, a2_x: 2.31006e+09, currMod: 0.981261
e_xx: 1.69304e+08, a2_x: -3.26083e+08, currMod: 0.981261
currMod: 0.981261, prevMod: 0.981257
Louvain time: 0.157036
numClusters: 21959, time: 0.005704
Next phase: 7
Memory used: 2949.12
End Structure 71891 21959 vs 165741
Build next level time: 0.04112
Iteration time: 0.205029
Memory used: 2949.12
e_xx: 1.69305e+08, a2_x: 6.43566e+09, currMod: 0.981261
e_xx: 1.69305e+08, a2_x: 6.43566e+09, currMod: 0.981261
currMod: 0.981261, prevMod: 0.981261
Louvain time: 0.1002
numClusters: 21959, time: 0.005668
Maximum degree for the graph: 452
Iteration: 0, conflicts: 0
Total number of colors used: 180
Total number of conflicts overall: 0
Number of rounds: 1
SUCCESS: No conflicts found
Number of reordered colors: 178
End position for large colors: 0, node count: 21545, largest: 21545
Node count cutoff: 4392
e_xx: 1.69305e+08, a2_x: 6.43566e+09, currMod: 0.981261
End Structure 71891 21959 vs 165741
currMod: 0.981261, prevMod: 0.981261
numClusters: 21959
Total iteration time: 57.9712

Loop 0 <line-37> - Time 0.001308 Total energy consumed 0.058545 Ave. Power Level 44.746414
	-------- Loop 0 (sock 1 consumed 0.037470, avg temp 39.500000, final temp 40 ) ------
	-------- Loop 0 (sock 2 consumed 0.021075, avg temp 34.500000, final temp 35 ) ------
Loop 1 <line-54> - Time 0.000661 Total energy consumed 0.000000 Ave. Power Level 0.000000
	-------- Loop 1 (sock 1 consumed 0.000000, avg temp 39.500000, final temp 39 ) ------
	-------- Loop 1 (sock 2 consumed 0.000000, avg temp 35.000000, final temp 35 ) ------
Loop 2 <line-76> - Time 0.002254 Total energy consumed 0.105045 Ave. Power Level 46.599846
	-------- Loop 2 (sock 1 consumed 0.039525, avg temp 39.000000, final temp 39 ) ------
	-------- Loop 2 (sock 2 consumed 0.065520, avg temp 35.000000, final temp 35 ) ------
Loop 3 <line-170> - Time 1.668296 Total energy consumed 64.419390 Ave. Power Level 38.613893
	-------- Loop 3 (sock 1 consumed 30.632895, avg temp 39.500000, final temp 40 ) ------
	-------- Loop 3 (sock 2 consumed 33.786495, avg temp 35.500000, final temp 36 ) ------
Loop 4 <line-192> - Time 0.000436 Total energy consumed 0.000000 Ave. Power Level 0.000000
	-------- Loop 4 (sock 1 consumed 0.000000, avg temp 40.000000, final temp 40 ) ------
	-------- Loop 4 (sock 2 consumed 0.000000, avg temp 35.500000, final temp 36 ) ------
Loop 5 <line-222> - Time 0.612716 Total energy consumed 23.650650 Ave. Power Level 38.599705
	-------- Loop 5 (sock 1 consumed 11.027580, avg temp 40.000000, final temp 40 ) ------
	-------- Loop 5 (sock 2 consumed 12.623070, avg temp 35.000000, final temp 35 ) ------
Loop 6 <line-116> - Time 0.007700 Total energy consumed 0.289470 Ave. Power Level 37.592613
	-------- Loop 6 (sock 1 consumed 0.129540, avg temp 39.428571, final temp 39 ) ------
	-------- Loop 6 (sock 2 consumed 0.159930, avg temp 33.857143, final temp 34 ) ------
Loop 7 <line-334> - Time 1.380809 Total energy consumed 52.026090 Ave. Power Level 37.677974
	-------- Loop 7 (sock 1 consumed 24.917355, avg temp 39.625000, final temp 40 ) ------
	-------- Loop 7 (sock 2 consumed 27.108735, avg temp 34.625000, final temp 35 ) ------
Loop 8 <line-353> - Time 0.000656 Total energy consumed 0.000000 Ave. Power Level 0.000000
	-------- Loop 8 (sock 1 consumed 0.000000, avg temp 39.625000, final temp 40 ) ------
	-------- Loop 8 (sock 2 consumed 0.000000, avg temp 34.625000, final temp 35 ) ------
Loop 9 <line-375> - Time 0.001927 Total energy consumed 0.066585 Ave. Power Level 34.553101
	-------- Loop 9 (sock 1 consumed 0.020445, avg temp 39.625000, final temp 40 ) ------
	-------- Loop 9 (sock 2 consumed 0.046140, avg temp 34.500000, final temp 35 ) ------
Loop 10 <line-85> - Time 0.208954 Total energy consumed 8.610195 Ave. Power Level 41.206081
	-------- Loop 10 (sock 1 consumed 4.273200, avg temp 39.750000, final temp 39 ) ------
	-------- Loop 10 (sock 2 consumed 4.336995, avg temp 34.500000, final temp 35 ) ------
Loop 11 <line-131> - Time 0.016677 Total energy consumed 0.667680 Ave. Power Level 40.035286
	-------- Loop 11 (sock 1 consumed 0.349545, avg temp 40.000000, final temp 40 ) ------
	-------- Loop 11 (sock 2 consumed 0.318135, avg temp 35.000000, final temp 35 ) ------
Loop 12 <line-167> - Time 0.250359 Total energy consumed 10.293000 Ave. Power Level 41.112889
	-------- Loop 12 (sock 1 consumed 5.089365, avg temp 39.500000, final temp 39 ) ------
	-------- Loop 12 (sock 2 consumed 5.203635, avg temp 34.500000, final temp 35 ) ------
Loop 13 <line-213> - Time 27.319233 Total energy consumed 1119.661620 Ave. Power Level 40.984372
	-------- Loop 13 (sock 1 consumed 572.358870, avg temp 39.500000, final temp 39 ) ------
	-------- Loop 13 (sock 2 consumed 547.302750, avg temp 35.666667, final temp 35 ) ------
Loop 14 <line-99> - Time 11.394877 Total energy consumed 430.134375 Ave. Power Level 37.748050
	-------- Loop 14 (sock 1 consumed 212.431140, avg temp 39.571429, final temp 40 ) ------
	-------- Loop 14 (sock 2 consumed 217.703235, avg temp 34.000000, final temp 34 ) ------
Loop 15 <line-160> - Time 0.218327 Total energy consumed 8.520945 Ave. Power Level 39.028277
	-------- Loop 15 (sock 1 consumed 4.427460, avg temp 39.285714, final temp 40 ) ------
	-------- Loop 15 (sock 2 consumed 4.093485, avg temp 34.142857, final temp 35 ) ------
Loop 16 <line-269> - Time 6.978468 Total energy consumed 260.840070 Ave. Power Level 37.377841
	-------- Loop 16 (sock 1 consumed 129.773220, avg temp 39.230769, final temp 39 ) ------
	-------- Loop 16 (sock 2 consumed 131.066850, avg temp 34.615385, final temp 34 ) ------
Loop 17 <line-300> - Time 0.005191 Total energy consumed 0.146055 Ave. Power Level 28.134864
	-------- Loop 17 (sock 1 consumed 0.073035, avg temp 39.200000, final temp 39 ) ------
	-------- Loop 17 (sock 2 consumed 0.073020, avg temp 34.700000, final temp 34 ) ------
Loop 18 <line-148> - Time 0.001091 Total energy consumed 0.000000 Ave. Power Level 0.000000
	-------- Loop 18 (sock 1 consumed 0.000000, avg temp 40.000000, final temp 40 ) ------
	-------- Loop 18 (sock 2 consumed 0.000000, avg temp 35.000000, final temp 35 ) ------
Application(EnergyStat) - Time 79.752630 Total energy consumed 3093.793785 Ave. Power Level 38.792373 Final Temperature socket 1 : 40  socket 2 : 35 
	 ParallelApplication(EnergyStat) - Time 50.069942 Total energy consumed 1979.489715 Ave. Power Level 39.534492
Memory used: 1.32031
Loading 32-bit binary file: pnnl.bin, numvertices: 2361670, numEdges: 191402826
File read time: 3.13367
Before allocating graph
Allocated graph: 0xb41570
Processing edges for vertex: 0, range(0, 166)
Processing edges for vertex: 100000, range(58444108, 58444133)
Processing edges for vertex: 200000, range(84376057, 84376362)
Processing edges for vertex: 300000, range(106069163, 106069503)
Processing edges for vertex: 400000, range(122097114, 122097513)
Processing edges for vertex: 500000, range(135096418, 135096483)
Processing edges for vertex: 600000, range(146097008, 146097061)
Processing edges for vertex: 700000, range(155415410, 155415531)
Processing edges for vertex: 800000, range(162595900, 162595989)
Processing edges for vertex: 900000, range(168508374, 168508464)
Processing edges for vertex: 1000000, range(173203321, 173203442)
Processing edges for vertex: 1100000, range(176935100, 176935110)
Processing edges for vertex: 1200000, range(179876260, 179876270)
Processing edges for vertex: 1300000, range(182240081, 182240092)
Processing edges for vertex: 1400000, range(184224513, 184224521)
Processing edges for vertex: 1500000, range(185795161, 185795170)
Processing edges for vertex: 1600000, range(187104124, 187104130)
Processing edges for vertex: 1700000, range(188148455, 188148461)
Processing edges for vertex: 1800000, range(188997836, 188997842)
Processing edges for vertex: 1900000, range(189691532, 189691535)
Processing edges for vertex: 2000000, range(190254658, 190254660)
Processing edges for vertex: 2100000, range(190705814, 190705822)
Processing edges for vertex: 2200000, range(191052755, 191052764)
Processing edges for vertex: 2300000, range(191302662, 191302663)
Graph populate time: 16.2354
Total I/O time: 19.3693

Regional(EnergyStat) - Time 19.375697 Total energy consumed 723.397170 Ave. Power Level 37.335285 
Running on: 4 threads
Loaded graph from file: pnnl.bin
Memory used: 2949.12
Maximum degree for the graph: 5520
Iteration: 0, conflicts: 4
Iteration: 1, conflicts: 0
Total number of colors used: 1179
Total number of conflicts overall: 0
Number of rounds: 2
SUCCESS: No conflicts found
Coloring time: 2.50479
Memory used: 2949.12
Number of reordered colors: 1003
End position for large colors: 0, node count: 551312, largest: 551312
Node count cutoff: 472334
e_xx: 1.23892e+08, a2_x: 6.52809e+11, currMod: 0.647265
e_xx: 1.66483e+08, a2_x: 5.6772e+11, currMod: 0.869788
e_xx: 1.73266e+08, a2_x: 5.59347e+11, currMod: 0.905225
e_xx: 1.7615e+08, a2_x: 5.43191e+11, currMod: 0.920295
e_xx: 1.77405e+08, a2_x: 5.14512e+11, currMod: 0.926852
currMod: 0.920295, prevMod: -1
Louvain time: 38.7451
numClusters: 203132, time: 0.225093
Next phase: 2
Memory used: 2949.12
End Structure 1275326 203132 vs 2751886
Build next level time: 10.9688
Iteration time: 49.9463
Memory used: 2949.12
e_xx: 1.56117e+08, a2_x: 5.14378e+11, currMod: 0.917738
e_xx: 1.63647e+08, a2_x: 3.06156e+11, currMod: 0.962006
e_xx: 1.65033e+08, a2_x: 3.00667e+11, currMod: 0.970158
e_xx: 1.65409e+08, a2_x: 2.52449e+11, currMod: 0.972369
e_xx: 1.65478e+08, a2_x: 2.62852e+11, currMod: 0.972776
e_xx: 1.65589e+08, a2_x: 2.51076e+11, currMod: 0.973426
e_xx: 1.65595e+08, a2_x: 2.69395e+11, currMod: 0.97346
e_xx: 1.65684e+08, a2_x: 2.41414e+11, currMod: 0.973984
e_xx: 1.65659e+08, a2_x: 2.59707e+11, currMod: 0.973836
currMod: 0.973984, prevMod: 0.920295
Louvain time: 5.68009
numClusters: 47627, time: 0.028794
Next phase: 3
Memory used: 2949.12
End Structure 427452 47627 vs 902517
Build next level time: 0.401513
Iteration time: 6.11195
Memory used: 2949.12
e_xx: 1.65683e+08, a2_x: 2.43045e+11, currMod: 0.973952
e_xx: 1.66577e+08, a2_x: 1.13814e+11, currMod: 0.979208
e_xx: 1.66674e+08, a2_x: 8.92509e+10, currMod: 0.97978
e_xx: 1.66742e+08, a2_x: 3.33645e+10, currMod: 0.980179
e_xx: 1.66704e+08, a2_x: 5.4319e+10, currMod: 0.979956
currMod: 0.980179, prevMod: 0.973984
Louvain time: 1.24207
numClusters: 24628, time: 0.009621
Next phase: 4
Memory used: 2949.12
End Structure 159489 24628 vs 343606
Build next level time: 0.135818
Iteration time: 1.38871
Memory used: 2949.12
e_xx: 1.66741e+08, a2_x: 3.5717e+10, currMod: 0.980169
e_xx: 1.66861e+08, a2_x: -3.27209e+10, currMod: 0.980876
e_xx: 1.66865e+08, a2_x: -2.10081e+09, currMod: 0.980898
e_xx: 1.66866e+08, a2_x: -1.1126e+10, currMod: 0.980902
e_xx: 1.66866e+08, a2_x: -1.10654e+10, currMod: 0.980901
currMod: 0.980902, prevMod: 0.980179
Louvain time: 0.536403
numClusters: 22173, time: 0.006286
Next phase: 5
Memory used: 2949.12
End Structure 88568 22173 vs 199309
Build next level time: 0.05815
Iteration time: 0.602013
Memory used: 2949.12
e_xx: 1.66866e+08, a2_x: -1.43577e+10, currMod: 0.980901
e_xx: 1.6687e+08, a2_x: -1.38411e+10, currMod: 0.980923
e_xx: 1.6687e+08, a2_x: -9.52127e+09, currMod: 0.980924
currMod: 0.980923, prevMod: 0.980902
Louvain time: 0.191307
numClusters: 22042, time: 0.005722
Next phase: 6
Memory used: 2949.12
End Structure 80299 22042 vs 182640
Build next level time: 0.045754
Iteration time: 0.243972
Memory used: 2949.12
e_xx: 1.6687e+08, a2_x: -1.24836e+10, currMod: 0.980923
e_xx: 1.6687e+08, a2_x: -1.54023e+10, currMod: 0.980924
e_xx: 1.6687e+08, a2_x: -9.39514e+09, currMod: 0.980924
currMod: 0.980924, prevMod: 0.980923
Louvain time: 0.172647
numClusters: 22013, time: 0.005688
Next phase: 7
Memory used: 2949.12
End Structure 78283 22013 vs 178579
Build next level time: 0.043259
Iteration time: 0.22276
Memory used: 2949.12
e_xx: 1.6687e+08, a2_x: -1.60056e+10, currMod: 0.980924
e_xx: 1.6687e+08, a2_x: -1.55767e+10, currMod: 0.980924
currMod: 0.980924, prevMod: 0.980924
Louvain time: 0.11372
numClusters: 22013, time: 0.005691
Maximum degree for the graph: 504
Iteration: 0, conflicts: 0
Total number of colors used: 177
Total number of conflicts overall: 0
Number of rounds: 1
SUCCESS: No conflicts found
Number of reordered colors: 174
End position for large colors: 0, node count: 21569, largest: 21569
Node count cutoff: 4403
e_xx: 1.6687e+08, a2_x: -1.55767e+10, currMod: 0.980924
End Structure 78163 22011 vs 178337
currMod: 0.980924, prevMod: 0.980924
numClusters: 22011
Total iteration time: 58.5157

Loop 0 <line-37> - Time 0.001310 Total energy consumed 0.059205 Ave. Power Level 45.187551
	-------- Loop 0 (sock 1 consumed 0.018510, avg temp 39.000000, final temp 39 ) ------
	-------- Loop 0 (sock 2 consumed 0.040695, avg temp 34.500000, final temp 35 ) ------
Loop 1 <line-54> - Time 0.000621 Total energy consumed 0.000000 Ave. Power Level 0.000000
	-------- Loop 1 (sock 1 consumed 0.000000, avg temp 39.500000, final temp 39 ) ------
	-------- Loop 1 (sock 2 consumed 0.000000, avg temp 34.500000, final temp 35 ) ------
Loop 2 <line-76> - Time 0.002287 Total energy consumed 0.104745 Ave. Power Level 45.798733
	-------- Loop 2 (sock 1 consumed 0.040215, avg temp 39.500000, final temp 39 ) ------
	-------- Loop 2 (sock 2 consumed 0.064530, avg temp 34.500000, final temp 35 ) ------
Loop 3 <line-170> - Time 1.660531 Total energy consumed 64.228545 Ave. Power Level 38.679530
	-------- Loop 3 (sock 1 consumed 30.666105, avg temp 39.333333, final temp 40 ) ------
	-------- Loop 3 (sock 2 consumed 33.562440, avg temp 33.666667, final temp 35 ) ------
Loop 4 <line-192> - Time 0.000446 Total energy consumed 0.037995 Ave. Power Level 85.222685
	-------- Loop 4 (sock 1 consumed 0.017595, avg temp 39.500000, final temp 40 ) ------
	-------- Loop 4 (sock 2 consumed 0.020400, avg temp 34.500000, final temp 35 ) ------
Loop 5 <line-222> - Time 0.665076 Total energy consumed 25.523580 Ave. Power Level 38.376962
	-------- Loop 5 (sock 1 consumed 12.982485, avg temp 39.500000, final temp 40 ) ------
	-------- Loop 5 (sock 2 consumed 12.541095, avg temp 34.500000, final temp 35 ) ------
Loop 6 <line-116> - Time 0.007742 Total energy consumed 0.382125 Ave. Power Level 49.357478
	-------- Loop 6 (sock 1 consumed 0.179430, avg temp 39.428571, final temp 40 ) ------
	-------- Loop 6 (sock 2 consumed 0.202695, avg temp 34.285714, final temp 34 ) ------
Loop 7 <line-334> - Time 1.388179 Total energy consumed 52.156785 Ave. Power Level 37.572094
	-------- Loop 7 (sock 1 consumed 25.646580, avg temp 39.250000, final temp 40 ) ------
	-------- Loop 7 (sock 2 consumed 26.510205, avg temp 34.625000, final temp 35 ) ------
Loop 8 <line-353> - Time 0.000690 Total energy consumed 0.072345 Ave. Power Level 104.840229
	-------- Loop 8 (sock 1 consumed 0.054300, avg temp 39.250000, final temp 40 ) ------
	-------- Loop 8 (sock 2 consumed 0.018045, avg temp 34.750000, final temp 35 ) ------
Loop 9 <line-375> - Time 0.001789 Total energy consumed 0.043005 Ave. Power Level 24.045236
	-------- Loop 9 (sock 1 consumed 0.022785, avg temp 39.250000, final temp 40 ) ------
	-------- Loop 9 (sock 2 consumed 0.020220, avg temp 34.625000, final temp 35 ) ------
Loop 10 <line-85> - Time 0.224417 Total energy consumed 9.104355 Ave. Power Level 40.568930
	-------- Loop 10 (sock 1 consumed 4.736460, avg temp 39.750000, final temp 40 ) ------
	-------- Loop 10 (sock 2 consumed 4.367895, avg temp 34.750000, final temp 35 ) ------
Loop 11 <line-131> - Time 0.017590 Total energy consumed 0.697395 Ave. Power Level 39.646123
	-------- Loop 11 (sock 1 consumed 0.366270, avg temp 40.000000, final temp 40 ) ------
	-------- Loop 11 (sock 2 consumed 0.331125, avg temp 34.500000, final temp 34 ) ------
Loop 12 <line-167> - Time 0.216267 Total energy consumed 8.700285 Ave. Power Level 40.229426
	-------- Loop 12 (sock 1 consumed 4.561830, avg temp 40.000000, final temp 40 ) ------
	-------- Loop 12 (sock 2 consumed 4.138455, avg temp 34.500000, final temp 35 ) ------
Loop 13 <line-213> - Time 27.386432 Total energy consumed 1119.953205 Ave. Power Level 40.894454
	-------- Loop 13 (sock 1 consumed 556.625610, avg temp 39.833333, final temp 40 ) ------
	-------- Loop 13 (sock 2 consumed 563.327595, avg temp 35.000000, final temp 35 ) ------
Loop 14 <line-99> - Time 11.030536 Total energy consumed 415.802475 Ave. Power Level 37.695583
	-------- Loop 14 (sock 1 consumed 208.010265, avg temp 39.000000, final temp 39 ) ------
	-------- Loop 14 (sock 2 consumed 207.792210, avg temp 34.285714, final temp 35 ) ------
Loop 15 <line-160> - Time 0.239107 Total energy consumed 9.229740 Ave. Power Level 38.600937
	-------- Loop 15 (sock 1 consumed 4.518900, avg temp 39.428571, final temp 39 ) ------
	-------- Loop 15 (sock 2 consumed 4.710840, avg temp 34.428571, final temp 35 ) ------
Loop 16 <line-269> - Time 7.890332 Total energy consumed 295.624485 Ave. Power Level 37.466674
	-------- Loop 16 (sock 1 consumed 145.358475, avg temp 39.444444, final temp 39 ) ------
	-------- Loop 16 (sock 2 consumed 150.266010, avg temp 34.259259, final temp 34 ) ------
Loop 17 <line-300> - Time 0.006059 Total energy consumed 0.241095 Ave. Power Level 39.793229
	-------- Loop 17 (sock 1 consumed 0.089280, avg temp 39.333333, final temp 40 ) ------
	-------- Loop 17 (sock 2 consumed 0.151815, avg temp 34.238095, final temp 35 ) ------
Loop 18 <line-148> - Time 0.001106 Total energy consumed 0.056850 Ave. Power Level 51.399309
	-------- Loop 18 (sock 1 consumed 0.017640, avg temp 39.000000, final temp 39 ) ------
	-------- Loop 18 (sock 2 consumed 0.039210, avg temp 35.000000, final temp 35 ) ------
Application(EnergyStat) - Time 80.609588 Total energy consumed 3120.329370 Ave. Power Level 38.709159 Final Temperature socket 1 : 39  socket 2 : 34 
	 ParallelApplication(EnergyStat) - Time 50.740515 Total energy consumed 2002.018215 Ave. Power Level 39.456009
Memory used: 1.32422
Loading 32-bit binary file: pnnl.bin, numvertices: 2361670, numEdges: 191402826
File read time: 3.01645
Before allocating graph
Allocated graph: 0xfae570
Processing edges for vertex: 0, range(0, 166)
Processing edges for vertex: 100000, range(58444108, 58444133)
Processing edges for vertex: 200000, range(84376057, 84376362)
Processing edges for vertex: 300000, range(106069163, 106069503)
Processing edges for vertex: 400000, range(122097114, 122097513)
Processing edges for vertex: 500000, range(135096418, 135096483)
Processing edges for vertex: 600000, range(146097008, 146097061)
Processing edges for vertex: 700000, range(155415410, 155415531)
Processing edges for vertex: 800000, range(162595900, 162595989)
Processing edges for vertex: 900000, range(168508374, 168508464)
Processing edges for vertex: 1000000, range(173203321, 173203442)
Processing edges for vertex: 1100000, range(176935100, 176935110)
Processing edges for vertex: 1200000, range(179876260, 179876270)
Processing edges for vertex: 1300000, range(182240081, 182240092)
Processing edges for vertex: 1400000, range(184224513, 184224521)
Processing edges for vertex: 1500000, range(185795161, 185795170)
Processing edges for vertex: 1600000, range(187104124, 187104130)
Processing edges for vertex: 1700000, range(188148455, 188148461)
Processing edges for vertex: 1800000, range(188997836, 188997842)
Processing edges for vertex: 1900000, range(189691532, 189691535)
Processing edges for vertex: 2000000, range(190254658, 190254660)
Processing edges for vertex: 2100000, range(190705814, 190705822)
Processing edges for vertex: 2200000, range(191052755, 191052764)
Processing edges for vertex: 2300000, range(191302662, 191302663)
Graph populate time: 16.1591
Total I/O time: 19.1758

Regional(EnergyStat) - Time 19.181644 Total energy consumed 718.912470 Ave. Power Level 37.479190 
Running on: 4 threads
Loaded graph from file: pnnl.bin
Memory used: 2949.12
Maximum degree for the graph: 5520
Iteration: 0, conflicts: 7
Iteration: 1, conflicts: 0
Total number of colors used: 1180
Total number of conflicts overall: 0
Number of rounds: 2
SUCCESS: No conflicts found
Coloring time: 2.538
Memory used: 2949.12
Number of reordered colors: 1007
End position for large colors: 0, node count: 551306, largest: 551306
Node count cutoff: 472334
e_xx: 1.26199e+08, a2_x: 6.71232e+11, currMod: 0.659318
e_xx: 1.67909e+08, a2_x: 5.81154e+11, currMod: 0.87724
e_xx: 1.74257e+08, a2_x: 5.28505e+11, currMod: 0.910404
e_xx: 1.76716e+08, a2_x: 5.4248e+11, currMod: 0.923253
e_xx: 1.77897e+08, a2_x: 4.93813e+11, currMod: 0.929426
currMod: 0.923253, prevMod: -1
Louvain time: 39.2797
numClusters: 203117, time: 0.226089
Next phase: 2
Memory used: 2949.12
End Structure 1271068 203117 vs 2743376
Build next level time: 10.9584
Iteration time: 50.4715
Memory used: 2949.12
e_xx: 1.54996e+08, a2_x: 4.90372e+11, currMod: 0.919875
e_xx: 1.62058e+08, a2_x: 3.21311e+11, currMod: 0.961794
e_xx: 1.63373e+08, a2_x: 2.90566e+11, currMod: 0.969601
e_xx: 1.63725e+08, a2_x: 2.5027e+11, currMod: 0.971689
e_xx: 1.6382e+08, a2_x: 2.65558e+11, currMod: 0.972254
e_xx: 1.63905e+08, a2_x: 2.47606e+11, currMod: 0.97276
e_xx: 1.63909e+08, a2_x: 2.65302e+11, currMod: 0.972786
e_xx: 1.63977e+08, a2_x: 2.57216e+11, currMod: 0.97319
e_xx: 1.63968e+08, a2_x: 2.84406e+11, currMod: 0.973135
currMod: 0.97319, prevMod: 0.923253
Louvain time: 5.63859
numClusters: 50257, time: 0.031462
Next phase: 3
Memory used: 2949.12
End Structure 479662 50257 vs 1009569
Build next level time: 0.402327
Iteration time: 6.07391
Memory used: 2949.12
e_xx: 1.63977e+08, a2_x: 2.57043e+11, currMod: 0.973157
e_xx: 1.64864e+08, a2_x: 8.90289e+10, currMod: 0.978423
e_xx: 1.65073e+08, a2_x: 1.16937e+11, currMod: 0.979667
e_xx: 1.65119e+08, a2_x: 7.40024e+10, currMod: 0.979937
e_xx: 1.65121e+08, a2_x: 8.67237e+10, currMod: 0.979951
e_xx: 1.65131e+08, a2_x: 3.64758e+10, currMod: 0.980009
e_xx: 1.65124e+08, a2_x: 7.9817e+10, currMod: 0.97997
currMod: 0.980009, prevMod: 0.97319
Louvain time: 1.78514
numClusters: 24467, time: 0.009809
Next phase: 4
Memory used: 2949.12
End Structure 159627 24467 vs 343721
Build next level time: 0.134326
Iteration time: 1.93046
Memory used: 2949.12
e_xx: 1.6513e+08, a2_x: 3.75208e+10, currMod: 0.979997
e_xx: 1.65221e+08, a2_x: -1.77387e+10, currMod: 0.980538
e_xx: 1.65226e+08, a2_x: -1.95787e+10, currMod: 0.980563
e_xx: 1.65226e+08, a2_x: 9.90492e+09, currMod: 0.980563
currMod: 0.980563, prevMod: 0.980009
Louvain time: 0.428993
numClusters: 22239, time: 0.00621
Next phase: 5
Memory used: 2949.12
End Structure 97724 22239 vs 217687
Build next level time: 0.067706
Iteration time: 0.504081
Memory used: 2949.12
e_xx: 1.65226e+08, a2_x: -2.08717e+10, currMod: 0.980562
e_xx: 1.65229e+08, a2_x: -5.77073e+09, currMod: 0.980585
e_xx: 1.65229e+08, a2_x: 6.31489e+09, currMod: 0.980581
currMod: 0.980585, prevMod: 0.980563
Louvain time: 0.210306
numClusters: 22076, time: 0.005737
Next phase: 6
Memory used: 2949.12
End Structure 88578 22076 vs 199232
Build next level time: 0.049693
Iteration time: 0.266894
Memory used: 2949.12
e_xx: 1.65229e+08, a2_x: -6.18377e+09, currMod: 0.980585
e_xx: 1.6523e+08, a2_x: 3.12657e+08, currMod: 0.980586
currMod: 0.980585, prevMod: 0.980585
Louvain time: 0.124471
numClusters: 22076, time: 0.005673
Maximum degree for the graph: 562
Iteration: 0, conflicts: 0
Total number of colors used: 181
Total number of conflicts overall: 0
Number of rounds: 1
SUCCESS: No conflicts found
Number of reordered colors: 175
End position for large colors: 0, node count: 21587, largest: 21587
Node count cutoff: 4416
e_xx: 1.65294e+08, a2_x: 3.32903e+09, currMod: 0.980969
e_xx: 1.66091e+08, a2_x: -3.28904e+09, currMod: 0.985696
e_xx: 1.66109e+08, a2_x: -1.63571e+09, currMod: 0.985802
e_xx: 1.67246e+08, a2_x: -5.99129e+08, currMod: 0.99255
e_xx: 1.67302e+08, a2_x: -3.58955e+09, currMod: 0.992884
e_xx: 1.67245e+08, a2_x: 3.75571e+08, currMod: 0.992546
End Structure 2842 21655 vs 27339
currMod: 0.992884, prevMod: 0.980585
numClusters: 21655
Total iteration time: 59.2469

Loop 0 <line-37> - Time 0.001329 Total energy consumed 0.055125 Ave. Power Level 41.477182
	-------- Loop 0 (sock 1 consumed 0.035055, avg temp 39.500000, final temp 40 ) ------
	-------- Loop 0 (sock 2 consumed 0.020070, avg temp 34.500000, final temp 34 ) ------
Loop 1 <line-54> - Time 0.000681 Total energy consumed 0.037395 Ave. Power Level 54.908992
	-------- Loop 1 (sock 1 consumed 0.017520, avg temp 40.000000, final temp 40 ) ------
	-------- Loop 1 (sock 2 consumed 0.019875, avg temp 35.000000, final temp 35 ) ------
Loop 2 <line-76> - Time 0.002256 Total energy consumed 0.106755 Ave. Power Level 47.310601
	-------- Loop 2 (sock 1 consumed 0.062175, avg temp 39.500000, final temp 40 ) ------
	-------- Loop 2 (sock 2 consumed 0.044580, avg temp 34.500000, final temp 35 ) ------
Loop 3 <line-170> - Time 1.746202 Total energy consumed 67.358895 Ave. Power Level 38.574512
	-------- Loop 3 (sock 1 consumed 33.910545, avg temp 40.000000, final temp 40 ) ------
	-------- Loop 3 (sock 2 consumed 33.448350, avg temp 34.666667, final temp 34 ) ------
Loop 4 <line-192> - Time 0.000432 Total energy consumed 0.000000 Ave. Power Level 0.000000
	-------- Loop 4 (sock 1 consumed 0.000000, avg temp 40.000000, final temp 40 ) ------
	-------- Loop 4 (sock 2 consumed 0.000000, avg temp 34.500000, final temp 34 ) ------
Loop 5 <line-222> - Time 0.611185 Total energy consumed 23.512860 Ave. Power Level 38.470934
	-------- Loop 5 (sock 1 consumed 11.220450, avg temp 39.500000, final temp 40 ) ------
	-------- Loop 5 (sock 2 consumed 12.292410, avg temp 34.500000, final temp 34 ) ------
Loop 6 <line-116> - Time 0.006580 Total energy consumed 0.305610 Ave. Power Level 46.444893
	-------- Loop 6 (sock 1 consumed 0.127500, avg temp 39.666667, final temp 40 ) ------
	-------- Loop 6 (sock 2 consumed 0.178110, avg temp 34.333333, final temp 33 ) ------
Loop 7 <line-334> - Time 1.397867 Total energy consumed 52.319805 Ave. Power Level 37.428307
	-------- Loop 7 (sock 1 consumed 26.880330, avg temp 39.571429, final temp 40 ) ------
	-------- Loop 7 (sock 2 consumed 25.439475, avg temp 34.142857, final temp 35 ) ------
Loop 8 <line-353> - Time 0.000591 Total energy consumed 0.000000 Ave. Power Level 0.000000
	-------- Loop 8 (sock 1 consumed 0.000000, avg temp 39.571429, final temp 40 ) ------
	-------- Loop 8 (sock 2 consumed 0.000000, avg temp 34.142857, final temp 35 ) ------
Loop 9 <line-375> - Time 0.001796 Total energy consumed 0.062970 Ave. Power Level 35.070581
	-------- Loop 9 (sock 1 consumed 0.023775, avg temp 39.714286, final temp 40 ) ------
	-------- Loop 9 (sock 2 consumed 0.039195, avg temp 34.142857, final temp 35 ) ------
Loop 10 <line-85> - Time 0.214653 Total energy consumed 8.730015 Ave. Power Level 40.670273
	-------- Loop 10 (sock 1 consumed 4.576680, avg temp 40.250000, final temp 41 ) ------
	-------- Loop 10 (sock 2 consumed 4.153335, avg temp 34.500000, final temp 34 ) ------
Loop 11 <line-131> - Time 0.017171 Total energy consumed 0.679545 Ave. Power Level 39.574577
	-------- Loop 11 (sock 1 consumed 0.366210, avg temp 40.000000, final temp 40 ) ------
	-------- Loop 11 (sock 2 consumed 0.313335, avg temp 35.000000, final temp 35 ) ------
Loop 12 <line-167> - Time 0.187781 Total energy consumed 7.616790 Ave. Power Level 40.562064
	-------- Loop 12 (sock 1 consumed 4.002045, avg temp 39.500000, final temp 40 ) ------
	-------- Loop 12 (sock 2 consumed 3.614745, avg temp 33.500000, final temp 34 ) ------
Loop 13 <line-213> - Time 28.000715 Total energy consumed 1144.116240 Ave. Power Level 40.860251
	-------- Loop 13 (sock 1 consumed 583.146375, avg temp 39.818182, final temp 40 ) ------
	-------- Loop 13 (sock 2 consumed 560.969865, avg temp 35.454545, final temp 35 ) ------
Loop 14 <line-99> - Time 10.977122 Total energy consumed 415.068015 Ave. Power Level 37.812098
	-------- Loop 14 (sock 1 consumed 201.421425, avg temp 39.666667, final temp 40 ) ------
	-------- Loop 14 (sock 2 consumed 213.646590, avg temp 34.833333, final temp 35 ) ------
Loop 15 <line-160> - Time 0.239627 Total energy consumed 9.182055 Ave. Power Level 38.318095
	-------- Loop 15 (sock 1 consumed 4.454145, avg temp 39.666667, final temp 40 ) ------
	-------- Loop 15 (sock 2 consumed 4.727910, avg temp 34.500000, final temp 35 ) ------
Loop 16 <line-269> - Time 8.141658 Total energy consumed 305.001165 Ave. Power Level 37.461800
	-------- Loop 16 (sock 1 consumed 151.553535, avg temp 39.680000, final temp 40 ) ------
	-------- Loop 16 (sock 2 consumed 153.447630, avg temp 34.520000, final temp 35 ) ------
Loop 17 <line-300> - Time 0.006130 Total energy consumed 0.279360 Ave. Power Level 45.572244
	-------- Loop 17 (sock 1 consumed 0.183690, avg temp 39.800000, final temp 40 ) ------
	-------- Loop 17 (sock 2 consumed 0.095670, avg temp 34.500000, final temp 35 ) ------
Loop 18 <line-148> - Time 0.001102 Total energy consumed 0.038235 Ave. Power Level 34.705172
	-------- Loop 18 (sock 1 consumed 0.018555, avg temp 40.000000, final temp 40 ) ------
	-------- Loop 18 (sock 2 consumed 0.019680, avg temp 34.000000, final temp 34 ) ------
Application(EnergyStat) - Time 81.241661 Total energy consumed 3149.016075 Ave. Power Level 38.761099 Final Temperature socket 1 : 40  socket 2 : 35 
	 ParallelApplication(EnergyStat) - Time 51.554879 Total energy consumed 2034.470835 Ave. Power Level 39.462237
Memory used: 1.32031
Loading 32-bit binary file: pnnl.bin, numvertices: 2361670, numEdges: 191402826
File read time: 3.00658
Before allocating graph
Allocated graph: 0x18da570
Processing edges for vertex: 0, range(0, 166)
Processing edges for vertex: 100000, range(58444108, 58444133)
Processing edges for vertex: 200000, range(84376057, 84376362)
Processing edges for vertex: 300000, range(106069163, 106069503)
Processing edges for vertex: 400000, range(122097114, 122097513)
Processing edges for vertex: 500000, range(135096418, 135096483)
Processing edges for vertex: 600000, range(146097008, 146097061)
Processing edges for vertex: 700000, range(155415410, 155415531)
Processing edges for vertex: 800000, range(162595900, 162595989)
Processing edges for vertex: 900000, range(168508374, 168508464)
Processing edges for vertex: 1000000, range(173203321, 173203442)
Processing edges for vertex: 1100000, range(176935100, 176935110)
Processing edges for vertex: 1200000, range(179876260, 179876270)
Processing edges for vertex: 1300000, range(182240081, 182240092)
Processing edges for vertex: 1400000, range(184224513, 184224521)
Processing edges for vertex: 1500000, range(185795161, 185795170)
Processing edges for vertex: 1600000, range(187104124, 187104130)
Processing edges for vertex: 1700000, range(188148455, 188148461)
Processing edges for vertex: 1800000, range(188997836, 188997842)
Processing edges for vertex: 1900000, range(189691532, 189691535)
Processing edges for vertex: 2000000, range(190254658, 190254660)
Processing edges for vertex: 2100000, range(190705814, 190705822)
Processing edges for vertex: 2200000, range(191052755, 191052764)
Processing edges for vertex: 2300000, range(191302662, 191302663)
Graph populate time: 16.1283
Total I/O time: 19.1351

Regional(EnergyStat) - Time 19.140920 Total energy consumed 716.648835 Ave. Power Level 37.440667 
Running on: 4 threads
Loaded graph from file: pnnl.bin
Memory used: 2949.12
Maximum degree for the graph: 5520
Iteration: 0, conflicts: 6
Iteration: 1, conflicts: 0
Total number of colors used: 1181
Total number of conflicts overall: 0
Number of rounds: 2
SUCCESS: No conflicts found
Coloring time: 2.51644
Memory used: 2949.12
Number of reordered colors: 1019
End position for large colors: 0, node count: 551348, largest: 551348
Node count cutoff: 472334
e_xx: 1.28279e+08, a2_x: 6.79266e+11, currMod: 0.670183
e_xx: 1.68559e+08, a2_x: 5.93437e+11, currMod: 0.880634
e_xx: 1.74545e+08, a2_x: 5.69055e+11, currMod: 0.911911
e_xx: 1.76948e+08, a2_x: 5.38766e+11, currMod: 0.924465
e_xx: 1.78021e+08, a2_x: 4.84102e+11, currMod: 0.930074
currMod: 0.924465, prevMod: -1
Louvain time: 39.0342
numClusters: 202589, time: 0.225305
Next phase: 2
Memory used: 2949.12
End Structure 1263082 202589 vs 2726859
Build next level time: 11.1488
Iteration time: 50.4162
Memory used: 2949.12
e_xx: 1.5496e+08, a2_x: 4.85672e+11, currMod: 0.920538
e_xx: 1.61892e+08, a2_x: 3.67224e+11, currMod: 0.961725
e_xx: 1.63181e+08, a2_x: 2.83357e+11, currMod: 0.969384
e_xx: 1.63481e+08, a2_x: 2.28812e+11, currMod: 0.971166
e_xx: 1.63578e+08, a2_x: 2.49056e+11, currMod: 0.971745
e_xx: 1.63703e+08, a2_x: 2.49982e+11, currMod: 0.972486
e_xx: 1.63701e+08, a2_x: 2.73177e+11, currMod: 0.972475
currMod: 0.972486, prevMod: 0.924465
Louvain time: 4.63666
numClusters: 52030, time: 0.030727
Next phase: 3
Memory used: 2949.12
End Structure 505976 52030 vs 1063971
Build next level time: 0.388475
Iteration time: 5.05737
Memory used: 2949.12
e_xx: 1.63703e+08, a2_x: 2.50323e+11, currMod: 0.972454
e_xx: 1.6469e+08, a2_x: 1.3543e+11, currMod: 0.978322
e_xx: 1.64809e+08, a2_x: 1.06939e+11, currMod: 0.97903
e_xx: 1.64875e+08, a2_x: 5.83312e+10, currMod: 0.979425
e_xx: 1.64842e+08, a2_x: 6.16332e+10, currMod: 0.97923
currMod: 0.979425, prevMod: 0.972486
Louvain time: 1.43419
numClusters: 25140, time: 0.009902
Next phase: 4
Memory used: 2949.12
End Structure 174855 25140 vs 374849
Build next level time: 0.141911
Iteration time: 1.5872
Memory used: 2949.12
e_xx: 1.64875e+08, a2_x: 5.42973e+10, currMod: 0.979412
e_xx: 1.6502e+08, a2_x: -1.94409e+10, currMod: 0.980277
e_xx: 1.65027e+08, a2_x: -2.43227e+10, currMod: 0.980318
e_xx: 1.65032e+08, a2_x: -2.73903e+09, currMod: 0.980343
e_xx: 1.65029e+08, a2_x: -8.79862e+09, currMod: 0.980326
currMod: 0.980343, prevMod: 0.979425
Louvain time: 0.594465
numClusters: 22221, time: 0.006423
Next phase: 5
Memory used: 2949.12
End Structure 94614 22221 vs 211449
Build next level time: 0.062443
Iteration time: 0.664524
Memory used: 2949.12
e_xx: 1.65032e+08, a2_x: 4.79118e+08, currMod: 0.980341
e_xx: 1.65035e+08, a2_x: -8.83167e+09, currMod: 0.980359
e_xx: 1.65035e+08, a2_x: 1.66447e+09, currMod: 0.980359
currMod: 0.980359, prevMod: 0.980343
Louvain time: 0.20722
numClusters: 22066, time: 0.00572
Next phase: 6
Memory used: 2949.12
End Structure 86082 22066 vs 194230
Build next level time: 0.050996
Iteration time: 0.265112
Memory used: 2949.12
e_xx: 1.65035e+08, a2_x: -8.14515e+09, currMod: 0.980359
e_xx: 1.65035e+08, a2_x: -4.66404e+09, currMod: 0.98036
currMod: 0.980359, prevMod: 0.980359
Louvain time: 0.122587
numClusters: 22066, time: 0.005687
Maximum degree for the graph: 552
Iteration: 0, conflicts: 0
Total number of colors used: 180
Total number of conflicts overall: 0
Number of rounds: 1
SUCCESS: No conflicts found
Number of reordered colors: 179
End position for large colors: 0, node count: 21586, largest: 21586
Node count cutoff: 4414
e_xx: 1.6524e+08, a2_x: 1.05026e+09, currMod: 0.981577
e_xx: 1.65263e+08, a2_x: 5.25514e+09, currMod: 0.981717
e_xx: 1.65278e+08, a2_x: 3.58945e+09, currMod: 0.981802
e_xx: 1.65777e+08, a2_x: -2.86461e+09, currMod: 0.984771
e_xx: 1.66615e+08, a2_x: -5.35223e+09, currMod: 0.989745
e_xx: 1.67726e+08, a2_x: 1.01407e+10, currMod: 0.996349
e_xx: 1.67729e+08, a2_x: 7.49074e+09, currMod: 0.996365
e_xx: 1.67706e+08, a2_x: 2.30864e+09, currMod: 0.996226
End Structure 1300 21618 vs 24218
currMod: 0.996365, prevMod: 0.980359
numClusters: 21618
Total iteration time: 57.9904

Loop 0 <line-37> - Time 0.001325 Total energy consumed 0.077460 Ave. Power Level 58.456142
	-------- Loop 0 (sock 1 consumed 0.036450, avg temp 39.500000, final temp 40 ) ------
	-------- Loop 0 (sock 2 consumed 0.041010, avg temp 34.000000, final temp 34 ) ------
Loop 1 <line-54> - Time 0.000655 Total energy consumed 0.000000 Ave. Power Level 0.000000
	-------- Loop 1 (sock 1 consumed 0.000000, avg temp 39.500000, final temp 40 ) ------
	-------- Loop 1 (sock 2 consumed 0.000000, avg temp 34.000000, final temp 34 ) ------
Loop 2 <line-76> - Time 0.002271 Total energy consumed 0.124305 Ave. Power Level 54.747347
	-------- Loop 2 (sock 1 consumed 0.059040, avg temp 40.000000, final temp 40 ) ------
	-------- Loop 2 (sock 2 consumed 0.065265, avg temp 34.000000, final temp 34 ) ------
Loop 3 <line-170> - Time 1.667609 Total energy consumed 64.465635 Ave. Power Level 38.657515
	-------- Loop 3 (sock 1 consumed 30.645090, avg temp 39.333333, final temp 40 ) ------
	-------- Loop 3 (sock 2 consumed 33.820545, avg temp 33.333333, final temp 34 ) ------
Loop 4 <line-192> - Time 0.000435 Total energy consumed 0.000000 Ave. Power Level 0.000000
	-------- Loop 4 (sock 1 consumed 0.000000, avg temp 39.500000, final temp 40 ) ------
	-------- Loop 4 (sock 2 consumed 0.000000, avg temp 33.500000, final temp 34 ) ------
Loop 5 <line-222> - Time 0.668447 Total energy consumed 25.810590 Ave. Power Level 38.612749
	-------- Loop 5 (sock 1 consumed 13.134495, avg temp 40.500000, final temp 40 ) ------
	-------- Loop 5 (sock 2 consumed 12.676095, avg temp 34.000000, final temp 34 ) ------
Loop 6 <line-116> - Time 0.006691 Total energy consumed 0.304785 Ave. Power Level 45.552883
	-------- Loop 6 (sock 1 consumed 0.145395, avg temp 39.666667, final temp 40 ) ------
	-------- Loop 6 (sock 2 consumed 0.159390, avg temp 33.166667, final temp 33 ) ------
Loop 7 <line-334> - Time 1.379101 Total energy consumed 51.792000 Ave. Power Level 37.554901
	-------- Loop 7 (sock 1 consumed 24.819330, avg temp 40.000000, final temp 40 ) ------
	-------- Loop 7 (sock 2 consumed 26.972670, avg temp 34.142857, final temp 34 ) ------
Loop 8 <line-353> - Time 0.000694 Total energy consumed 0.037380 Ave. Power Level 53.893977
	-------- Loop 8 (sock 1 consumed 0.017910, avg temp 39.857143, final temp 40 ) ------
	-------- Loop 8 (sock 2 consumed 0.019470, avg temp 34.142857, final temp 34 ) ------
Loop 9 <line-375> - Time 0.001803 Total energy consumed 0.043410 Ave. Power Level 24.082296
	-------- Loop 9 (sock 1 consumed 0.020190, avg temp 39.857143, final temp 40 ) ------
	-------- Loop 9 (sock 2 consumed 0.023220, avg temp 34.142857, final temp 34 ) ------
Loop 10 <line-85> - Time 0.222594 Total energy consumed 9.260955 Ave. Power Level 41.604777
	-------- Loop 10 (sock 1 consumed 4.580490, avg temp 39.750000, final temp 40 ) ------
	-------- Loop 10 (sock 2 consumed 4.680465, avg temp 34.250000, final temp 34 ) ------
Loop 11 <line-131> - Time 0.017081 Total energy consumed 0.706860 Ave. Power Level 41.381835
	-------- Loop 11 (sock 1 consumed 0.350850, avg temp 40.000000, final temp 40 ) ------
	-------- Loop 11 (sock 2 consumed 0.356010, avg temp 34.500000, final temp 34 ) ------
Loop 12 <line-167> - Time 0.273842 Total energy consumed 11.172720 Ave. Power Level 40.799882
	-------- Loop 12 (sock 1 consumed 5.526210, avg temp 39.500000, final temp 40 ) ------
	-------- Loop 12 (sock 2 consumed 5.646510, avg temp 33.000000, final temp 33 ) ------
Loop 13 <line-213> - Time 27.545280 Total energy consumed 1127.999190 Ave. Power Level 40.950725
	-------- Loop 13 (sock 1 consumed 568.089330, avg temp 40.000000, final temp 40 ) ------
	-------- Loop 13 (sock 2 consumed 559.909860, avg temp 34.769231, final temp 35 ) ------
Loop 14 <line-99> - Time 11.185066 Total energy consumed 421.278150 Ave. Power Level 37.664340
	-------- Loop 14 (sock 1 consumed 211.324155, avg temp 39.666667, final temp 40 ) ------
	-------- Loop 14 (sock 2 consumed 209.953995, avg temp 34.166667, final temp 34 ) ------
Loop 15 <line-160> - Time 0.222947 Total energy consumed 8.483700 Ave. Power Level 38.052483
	-------- Loop 15 (sock 1 consumed 4.308060, avg temp 39.666667, final temp 40 ) ------
	-------- Loop 15 (sock 2 consumed 4.175640, avg temp 33.833333, final temp 34 ) ------
Loop 16 <line-269> - Time 6.950724 Total energy consumed 259.634445 Ave. Power Level 37.353580
	-------- Loop 16 (sock 1 consumed 131.895435, avg temp 39.545455, final temp 40 ) ------
	-------- Loop 16 (sock 2 consumed 127.739010, avg temp 34.000000, final temp 33 ) ------
Loop 17 <line-300> - Time 0.004716 Total energy consumed 0.164910 Ave. Power Level 34.970069
	-------- Loop 17 (sock 1 consumed 0.073845, avg temp 39.529412, final temp 39 ) ------
	-------- Loop 17 (sock 2 consumed 0.091065, avg temp 34.294118, final temp 33 ) ------
Loop 18 <line-148> - Time 0.001109 Total energy consumed 0.076035 Ave. Power Level 68.543967
	-------- Loop 18 (sock 1 consumed 0.036510, avg temp 40.000000, final temp 40 ) ------
	-------- Loop 18 (sock 2 consumed 0.039525, avg temp 34.000000, final temp 34 ) ------
Application(EnergyStat) - Time 79.933334 Total energy consumed 3096.354735 Ave. Power Level 38.736714 Final Temperature socket 1 : 39  socket 2 : 34 
	 ParallelApplication(EnergyStat) - Time 50.152391 Total energy consumed 1981.432530 Ave. Power Level 39.508237
