Memory used: 1.32031
Loading 32-bit binary file: pnnl.bin, numvertices: 2361670, numEdges: 191402826
File read time: 1.75067
Before allocating graph
Allocated graph: 0x1691570
Processing edges for vertex: 0, range(0, 166)
Processing edges for vertex: 100000, range(58444108, 58444133)
Processing edges for vertex: 200000, range(84376057, 84376362)
Processing edges for vertex: 300000, range(106069163, 106069503)
Processing edges for vertex: 400000, range(122097114, 122097513)
Processing edges for vertex: 500000, range(135096418, 135096483)
Processing edges for vertex: 600000, range(146097008, 146097061)
Processing edges for vertex: 700000, range(155415410, 155415531)
Processing edges for vertex: 800000, range(162595900, 162595989)
Processing edges for vertex: 900000, range(168508374, 168508464)
Processing edges for vertex: 1000000, range(173203321, 173203442)
Processing edges for vertex: 1100000, range(176935100, 176935110)
Processing edges for vertex: 1200000, range(179876260, 179876270)
Processing edges for vertex: 1300000, range(182240081, 182240092)
Processing edges for vertex: 1400000, range(184224513, 184224521)
Processing edges for vertex: 1500000, range(185795161, 185795170)
Processing edges for vertex: 1600000, range(187104124, 187104130)
Processing edges for vertex: 1700000, range(188148455, 188148461)
Processing edges for vertex: 1800000, range(188997836, 188997842)
Processing edges for vertex: 1900000, range(189691532, 189691535)
Processing edges for vertex: 2000000, range(190254658, 190254660)
Processing edges for vertex: 2100000, range(190705814, 190705822)
Processing edges for vertex: 2200000, range(191052755, 191052764)
Processing edges for vertex: 2300000, range(191302662, 191302663)
Graph populate time: 8.32034
Total I/O time: 10.071

Regional(EnergyStat) - Time 10.074882 Total energy consumed 519.360765 Ave. Power Level 51.550057 
Running on: 2 threads
Loaded graph from file: pnnl.bin
Memory used: 2949.12
Maximum degree for the graph: 5520
Iteration: 0, conflicts: 0
Total number of colors used: 1183
Total number of conflicts overall: 0
Number of rounds: 1
SUCCESS: No conflicts found
Coloring time: 1.82044
Memory used: 2949.12
Number of reordered colors: 1024
End position for large colors: 0, node count: 552384, largest: 552384
Node count cutoff: 472334
e_xx: 1.18346e+08, a2_x: 5.62892e+11, currMod: 0.618293
e_xx: 1.59259e+08, a2_x: 5.84236e+11, currMod: 0.832044
e_xx: 1.66238e+08, a2_x: 5.55225e+11, currMod: 0.868509
e_xx: 1.68989e+08, a2_x: 5.08338e+11, currMod: 0.882885
e_xx: 1.70143e+08, a2_x: 5.11198e+11, currMod: 0.88891
currMod: 0.882885, prevMod: -1
Louvain time: 33.7995
numClusters: 205196, time: 0.098629
Next phase: 2
Memory used: 2949.12
End Structure 1323418 205196 vs 2850278
Build next level time: 6.86132
Iteration time: 40.7647
Memory used: 2949.12
e_xx: 1.65322e+08, a2_x: 5.09143e+11, currMod: 0.886067
e_xx: 1.77581e+08, a2_x: 2.87649e+11, currMod: 0.951779
e_xx: 1.80887e+08, a2_x: 2.88546e+11, currMod: 0.969502
e_xx: 1.8122e+08, a2_x: 2.83006e+11, currMod: 0.971285
e_xx: 1.81309e+08, a2_x: 3.02452e+11, currMod: 0.971763
e_xx: 1.81389e+08, a2_x: 2.79957e+11, currMod: 0.972189
e_xx: 1.81388e+08, a2_x: 2.84362e+11, currMod: 0.972187
currMod: 0.972189, prevMod: 0.882885
Louvain time: 2.8691
numClusters: 56749, time: 0.016285
Next phase: 3
Memory used: 2949.12
End Structure 604258 56749 vs 1265254
Build next level time: 0.289489
Iteration time: 3.17616
Memory used: 2949.12
e_xx: 1.81388e+08, a2_x: 2.80035e+11, currMod: 0.972188
e_xx: 1.82887e+08, a2_x: 1.44154e+11, currMod: 0.980225
e_xx: 1.83013e+08, a2_x: 1.2131e+11, currMod: 0.980903
e_xx: 1.83087e+08, a2_x: 1.15089e+11, currMod: 0.981299
e_xx: 1.83075e+08, a2_x: 1.33856e+11, currMod: 0.981234
currMod: 0.981299, prevMod: 0.972189
Louvain time: 0.887993
numClusters: 26246, time: 0.00516
Next phase: 4
Memory used: 2949.12
End Structure 196379 26246 vs 419003
Build next level time: 0.080616
Iteration time: 0.975115
Memory used: 2949.12
e_xx: 1.83087e+08, a2_x: 1.15517e+11, currMod: 0.981276
e_xx: 1.83341e+08, a2_x: 3.77717e+10, currMod: 0.982642
e_xx: 1.83374e+08, a2_x: 2.87859e+10, currMod: 0.982819
e_xx: 1.83375e+08, a2_x: 3.83521e+10, currMod: 0.982821
e_xx: 1.83377e+08, a2_x: 4.80753e+10, currMod: 0.982831
e_xx: 1.83375e+08, a2_x: 3.56786e+10, currMod: 0.982823
currMod: 0.982831, prevMod: 0.981299
Louvain time: 0.363605
numClusters: 22147, time: 0.00312
Next phase: 5
Memory used: 2949.12
End Structure 84178 22147 vs 190503
Build next level time: 0.029722
Iteration time: 0.397753
Memory used: 2949.12
e_xx: 1.83377e+08, a2_x: 5.00939e+10, currMod: 0.982825
e_xx: 1.83382e+08, a2_x: 2.79707e+10, currMod: 0.982856
e_xx: 1.83382e+08, a2_x: 3.87485e+10, currMod: 0.982855
currMod: 0.982856, prevMod: 0.982831
Louvain time: 0.087675
numClusters: 21984, time: 0.002731
Next phase: 6
Memory used: 2949.12
End Structure 74133 21984 vs 170250
Build next level time: 0.020833
Iteration time: 0.112573
Memory used: 2949.12
e_xx: 1.83382e+08, a2_x: 2.59214e+10, currMod: 0.982855
e_xx: 1.83382e+08, a2_x: 3.25983e+10, currMod: 0.982856
currMod: 0.982856, prevMod: 0.982856
Louvain time: 0.052918
numClusters: 21984, time: 0.002761
Maximum degree for the graph: 478
Iteration: 0, conflicts: 0
Total number of colors used: 181
Total number of conflicts overall: 0
Number of rounds: 1
SUCCESS: No conflicts found
Number of reordered colors: 179
End position for large colors: 0, node count: 21553, largest: 21553
Node count cutoff: 4397
e_xx: 1.83388e+08, a2_x: 3.00814e+10, currMod: 0.982887
e_xx: 1.84305e+08, a2_x: 2.62883e+10, currMod: 0.987799
e_xx: 1.84418e+08, a2_x: 2.17823e+10, currMod: 0.988409
e_xx: 1.84633e+08, a2_x: 2.29263e+10, currMod: 0.989558
e_xx: 1.84657e+08, a2_x: 2.81346e+10, currMod: 0.989689
e_xx: 1.86184e+08, a2_x: 2.11829e+10, currMod: 0.997871
e_xx: 1.86184e+08, a2_x: 2.27539e+10, currMod: 0.99787
End Structure 743 21583 vs 23069
currMod: 0.997871, prevMod: 0.982856
numClusters: 21583
Total iteration time: 45.4263

Loop 0 <line-37> - Time 0.001406 Total energy consumed 0.059310 Ave. Power Level 42.192382
	-------- Loop 0 (sock 1 consumed 0.027120, avg temp 45.000000, final temp 46 ) ------
	-------- Loop 0 (sock 2 consumed 0.032190, avg temp 37.000000, final temp 36 ) ------
Loop 1 <line-54> - Time 0.000694 Total energy consumed 0.000000 Ave. Power Level 0.000000
	-------- Loop 1 (sock 1 consumed 0.000000, avg temp 45.000000, final temp 46 ) ------
	-------- Loop 1 (sock 2 consumed 0.000000, avg temp 37.000000, final temp 36 ) ------
Loop 2 <line-76> - Time 0.002201 Total energy consumed 0.178800 Ave. Power Level 81.234510
	-------- Loop 2 (sock 1 consumed 0.081300, avg temp 45.000000, final temp 46 ) ------
	-------- Loop 2 (sock 2 consumed 0.097500, avg temp 36.500000, final temp 36 ) ------
Loop 3 <line-170> - Time 1.255720 Total energy consumed 68.351325 Ave. Power Level 54.431978
	-------- Loop 3 (sock 1 consumed 28.998360, avg temp 44.500000, final temp 45 ) ------
	-------- Loop 3 (sock 2 consumed 39.352965, avg temp 36.500000, final temp 36 ) ------
Loop 4 <line-192> - Time 0.000367 Total energy consumed 0.000000 Ave. Power Level 0.000000
	-------- Loop 4 (sock 1 consumed 0.000000, avg temp 44.500000, final temp 45 ) ------
	-------- Loop 4 (sock 2 consumed 0.000000, avg temp 36.500000, final temp 36 ) ------
Loop 5 <line-222> - Time 0.472597 Total energy consumed 25.460175 Ave. Power Level 53.872932
	-------- Loop 5 (sock 1 consumed 14.430075, avg temp 45.000000, final temp 45 ) ------
	-------- Loop 5 (sock 2 consumed 11.030100, avg temp 36.500000, final temp 36 ) ------
Loop 6 <line-116> - Time 0.007417 Total energy consumed 0.457830 Ave. Power Level 61.730151
	-------- Loop 6 (sock 1 consumed 0.234630, avg temp 44.666667, final temp 45 ) ------
	-------- Loop 6 (sock 2 consumed 0.223200, avg temp 36.833333, final temp 37 ) ------
Loop 7 <line-334> - Time 0.855055 Total energy consumed 44.774775 Ave. Power Level 52.364803
	-------- Loop 7 (sock 1 consumed 19.861020, avg temp 45.000000, final temp 45 ) ------
	-------- Loop 7 (sock 2 consumed 24.913755, avg temp 37.285714, final temp 37 ) ------
Loop 8 <line-353> - Time 0.000762 Total energy consumed 0.000000 Ave. Power Level 0.000000
	-------- Loop 8 (sock 1 consumed 0.000000, avg temp 45.000000, final temp 45 ) ------
	-------- Loop 8 (sock 2 consumed 0.000000, avg temp 37.285714, final temp 37 ) ------
Loop 9 <line-375> - Time 0.001830 Total energy consumed 0.094305 Ave. Power Level 51.529971
	-------- Loop 9 (sock 1 consumed 0.070710, avg temp 45.000000, final temp 45 ) ------
	-------- Loop 9 (sock 2 consumed 0.023595, avg temp 37.285714, final temp 37 ) ------
Loop 10 <line-85> - Time 0.095324 Total energy consumed 5.215860 Ave. Power Level 54.716936
	-------- Loop 10 (sock 1 consumed 3.082500, avg temp 45.500000, final temp 45 ) ------
	-------- Loop 10 (sock 2 consumed 2.133360, avg temp 37.250000, final temp 37 ) ------
Loop 11 <line-131> - Time 0.016033 Total energy consumed 0.905610 Ave. Power Level 56.485712
	-------- Loop 11 (sock 1 consumed 0.554280, avg temp 46.500000, final temp 45 ) ------
	-------- Loop 11 (sock 2 consumed 0.351330, avg temp 37.500000, final temp 37 ) ------
Loop 12 <line-167> - Time 0.047579 Total energy consumed 2.585325 Ave. Power Level 54.337702
	-------- Loop 12 (sock 1 consumed 1.492530, avg temp 47.000000, final temp 46 ) ------
	-------- Loop 12 (sock 2 consumed 1.092795, avg temp 37.500000, final temp 37 ) ------
Loop 13 <line-213> - Time 26.803794 Total energy consumed 1541.843640 Ave. Power Level 57.523336
	-------- Loop 13 (sock 1 consumed 811.433880, avg temp 46.083333, final temp 45 ) ------
	-------- Loop 13 (sock 2 consumed 730.409760, avg temp 37.166667, final temp 37 ) ------
Loop 14 <line-99> - Time 6.904492 Total energy consumed 363.117165 Ave. Power Level 52.591435
	-------- Loop 14 (sock 1 consumed 202.920450, avg temp 45.000000, final temp 46 ) ------
	-------- Loop 14 (sock 2 consumed 160.196715, avg temp 36.833333, final temp 37 ) ------
Loop 15 <line-160> - Time 0.154602 Total energy consumed 8.343180 Ave. Power Level 53.965587
	-------- Loop 15 (sock 1 consumed 3.419655, avg temp 45.166667, final temp 46 ) ------
	-------- Loop 15 (sock 2 consumed 4.923525, avg temp 37.166667, final temp 37 ) ------
Loop 16 <line-269> - Time 4.231755 Total energy consumed 226.057830 Ave. Power Level 53.419398
	-------- Loop 16 (sock 1 consumed 111.618930, avg temp 45.260870, final temp 45 ) ------
	-------- Loop 16 (sock 2 consumed 114.438900, avg temp 36.826087, final temp 37 ) ------
Loop 17 <line-300> - Time 0.005334 Total energy consumed 0.327615 Ave. Power Level 61.418224
	-------- Loop 17 (sock 1 consumed 0.171855, avg temp 45.166667, final temp 46 ) ------
	-------- Loop 17 (sock 2 consumed 0.155760, avg temp 36.777778, final temp 36 ) ------
Loop 18 <line-148> - Time 0.001300 Total energy consumed 0.088440 Ave. Power Level 68.041865
	-------- Loop 18 (sock 1 consumed 0.025590, avg temp 46.000000, final temp 46 ) ------
	-------- Loop 18 (sock 2 consumed 0.062850, avg temp 36.000000, final temp 36 ) ------
Application(EnergyStat) - Time 57.467170 Total energy consumed 3145.649985 Ave. Power Level 54.738209 Final Temperature socket 1 : 45  socket 2 : 37 
	 ParallelApplication(EnergyStat) - Time 40.858261 Total energy consumed 2287.861185 Ave. Power Level 55.995070
Memory used: 1.32031
Loading 32-bit binary file: pnnl.bin, numvertices: 2361670, numEdges: 191402826
File read time: 1.72923
Before allocating graph
Allocated graph: 0xc98570
Processing edges for vertex: 0, range(0, 166)
Processing edges for vertex: 100000, range(58444108, 58444133)
Processing edges for vertex: 200000, range(84376057, 84376362)
Processing edges for vertex: 300000, range(106069163, 106069503)
Processing edges for vertex: 400000, range(122097114, 122097513)
Processing edges for vertex: 500000, range(135096418, 135096483)
Processing edges for vertex: 600000, range(146097008, 146097061)
Processing edges for vertex: 700000, range(155415410, 155415531)
Processing edges for vertex: 800000, range(162595900, 162595989)
Processing edges for vertex: 900000, range(168508374, 168508464)
Processing edges for vertex: 1000000, range(173203321, 173203442)
Processing edges for vertex: 1100000, range(176935100, 176935110)
Processing edges for vertex: 1200000, range(179876260, 179876270)
Processing edges for vertex: 1300000, range(182240081, 182240092)
Processing edges for vertex: 1400000, range(184224513, 184224521)
Processing edges for vertex: 1500000, range(185795161, 185795170)
Processing edges for vertex: 1600000, range(187104124, 187104130)
Processing edges for vertex: 1700000, range(188148455, 188148461)
Processing edges for vertex: 1800000, range(188997836, 188997842)
Processing edges for vertex: 1900000, range(189691532, 189691535)
Processing edges for vertex: 2000000, range(190254658, 190254660)
Processing edges for vertex: 2100000, range(190705814, 190705822)
Processing edges for vertex: 2200000, range(191052755, 191052764)
Processing edges for vertex: 2300000, range(191302662, 191302663)
Graph populate time: 7.97799
Total I/O time: 9.70727

Regional(EnergyStat) - Time 9.710743 Total energy consumed 512.908275 Ave. Power Level 52.818643 
Running on: 2 threads
Loaded graph from file: pnnl.bin
Memory used: 2949.12
Maximum degree for the graph: 5520
Iteration: 0, conflicts: 0
Total number of colors used: 1182
Total number of conflicts overall: 0
Number of rounds: 1
SUCCESS: No conflicts found
Coloring time: 1.79036
Memory used: 2949.12
Number of reordered colors: 1022
End position for large colors: 0, node count: 552384, largest: 552384
Node count cutoff: 472334
e_xx: 1.29125e+08, a2_x: 6.46919e+11, currMod: 0.674604
e_xx: 1.68015e+08, a2_x: 6.04511e+11, currMod: 0.877791
e_xx: 1.74e+08, a2_x: 5.4518e+11, currMod: 0.90906
e_xx: 1.7653e+08, a2_x: 5.42117e+11, currMod: 0.92228
e_xx: 1.77537e+08, a2_x: 5.07343e+11, currMod: 0.927546
currMod: 0.92228, prevMod: -1
Louvain time: 33.191
numClusters: 205377, time: 0.097634
Next phase: 2
Memory used: 2949.12
End Structure 1314315 205377 vs 2832144
Build next level time: 7.32364
Iteration time: 40.618
Memory used: 2949.12
e_xx: 1.54755e+08, a2_x: 5.0587e+11, currMod: 0.917798
e_xx: 1.61878e+08, a2_x: 2.90333e+11, currMod: 0.96005
e_xx: 1.63129e+08, a2_x: 2.89705e+11, currMod: 0.967471
e_xx: 1.63416e+08, a2_x: 2.93879e+11, currMod: 0.969173
e_xx: 1.63486e+08, a2_x: 2.79206e+11, currMod: 0.96959
e_xx: 1.63574e+08, a2_x: 2.75864e+11, currMod: 0.970108
e_xx: 1.63582e+08, a2_x: 2.77291e+11, currMod: 0.970159
e_xx: 1.6362e+08, a2_x: 2.81458e+11, currMod: 0.97038
e_xx: 1.63613e+08, a2_x: 2.86228e+11, currMod: 0.970341
currMod: 0.97038, prevMod: 0.92228
Louvain time: 3.55885
numClusters: 52728, time: 0.0161
Next phase: 3
Memory used: 2949.12
End Structure 544937 52728 vs 1142595
Build next level time: 0.295205
Iteration time: 3.87172
Memory used: 2949.12
e_xx: 1.63619e+08, a2_x: 2.80186e+11, currMod: 0.970348
e_xx: 1.64934e+08, a2_x: 1.46966e+11, currMod: 0.978149
e_xx: 1.65112e+08, a2_x: 1.05466e+11, currMod: 0.979208
e_xx: 1.65142e+08, a2_x: 1.37264e+11, currMod: 0.979382
e_xx: 1.65153e+08, a2_x: 1.09344e+11, currMod: 0.979451
e_xx: 1.65158e+08, a2_x: 1.24739e+11, currMod: 0.979476
e_xx: 1.65159e+08, a2_x: 1.14415e+11, currMod: 0.979485
e_xx: 1.65159e+08, a2_x: 1.21422e+11, currMod: 0.979482
currMod: 0.979485, prevMod: 0.97038
Louvain time: 1.26262
numClusters: 24993, time: 0.004878
Next phase: 4
Memory used: 2949.12
End Structure 176325 24993 vs 377643
Build next level time: 0.083562
Iteration time: 1.35239
Memory used: 2949.12
e_xx: 1.65159e+08, a2_x: 1.14762e+11, currMod: 0.979472
e_xx: 1.65359e+08, a2_x: 2.65639e+10, currMod: 0.980659
e_xx: 1.65384e+08, a2_x: 4.18914e+10, currMod: 0.980809
e_xx: 1.65382e+08, a2_x: 1.07301e+10, currMod: 0.980798
currMod: 0.980809, prevMod: 0.979485
Louvain time: 0.23361
numClusters: 22268, time: 0.003037
Next phase: 5
Memory used: 2949.12
End Structure 101900 22268 vs 226068
Build next level time: 0.030957
Iteration time: 0.268918
Memory used: 2949.12
e_xx: 1.65384e+08, a2_x: 4.23709e+10, currMod: 0.980807
e_xx: 1.65388e+08, a2_x: 1.03992e+10, currMod: 0.980831
e_xx: 1.65388e+08, a2_x: 3.05379e+09, currMod: 0.980834
e_xx: 1.65389e+08, a2_x: 2.82269e+09, currMod: 0.980836
e_xx: 1.65389e+08, a2_x: -4.28898e+09, currMod: 0.980835
currMod: 0.980836, prevMod: 0.980809
Louvain time: 0.177423
numClusters: 22010, time: 0.002778
Next phase: 6
Memory used: 2949.12
End Structure 81741 22010 vs 185492
Build next level time: 0.023834
Iteration time: 0.205354
Memory used: 2949.12
e_xx: 1.65389e+08, a2_x: 2.95976e+09, currMod: 0.980836
e_xx: 1.65389e+08, a2_x: -1.14663e+10, currMod: 0.980837
e_xx: 1.65389e+08, a2_x: -1.27367e+10, currMod: 0.980838
currMod: 0.980837, prevMod: 0.980836
Louvain time: 0.087049
numClusters: 21987, time: 0.002703
Next phase: 7
Memory used: 2949.12
End Structure 79649 21987 vs 181285
Build next level time: 0.02226
Iteration time: 0.113312
Memory used: 2949.12
e_xx: 1.65389e+08, a2_x: -1.17405e+10, currMod: 0.980838
e_xx: 1.65389e+08, a2_x: -1.17364e+10, currMod: 0.980838
currMod: 0.980838, prevMod: 0.980837
Louvain time: 0.057678
numClusters: 21987, time: 0.002722
Maximum degree for the graph: 483
Iteration: 0, conflicts: 0
Total number of colors used: 186
Total number of conflicts overall: 0
Number of rounds: 1
SUCCESS: No conflicts found
Number of reordered colors: 181
End position for large colors: 0, node count: 21542, largest: 21542
Node count cutoff: 4398
e_xx: 1.65389e+08, a2_x: -1.17364e+10, currMod: 0.980838
End Structure 79637 21986 vs 181260
currMod: 0.980838, prevMod: 0.980837
numClusters: 21986
Total iteration time: 46.4297

Loop 0 <line-37> - Time 0.001415 Total energy consumed 0.082800 Ave. Power Level 58.521319
	-------- Loop 0 (sock 1 consumed 0.060690, avg temp 45.500000, final temp 45 ) ------
	-------- Loop 0 (sock 2 consumed 0.022110, avg temp 37.000000, final temp 37 ) ------
Loop 1 <line-54> - Time 0.000702 Total energy consumed 0.053025 Ave. Power Level 75.568097
	-------- Loop 1 (sock 1 consumed 0.030645, avg temp 46.000000, final temp 45 ) ------
	-------- Loop 1 (sock 2 consumed 0.022380, avg temp 36.500000, final temp 37 ) ------
Loop 2 <line-76> - Time 0.002200 Total energy consumed 0.149580 Ave. Power Level 67.993752
	-------- Loop 2 (sock 1 consumed 0.063810, avg temp 46.000000, final temp 45 ) ------
	-------- Loop 2 (sock 2 consumed 0.085770, avg temp 36.500000, final temp 37 ) ------
Loop 3 <line-170> - Time 1.176294 Total energy consumed 64.221240 Ave. Power Level 54.596228
	-------- Loop 3 (sock 1 consumed 35.490810, avg temp 46.500000, final temp 46 ) ------
	-------- Loop 3 (sock 2 consumed 28.730430, avg temp 37.000000, final temp 37 ) ------
Loop 4 <line-192> - Time 0.000503 Total energy consumed 0.000000 Ave. Power Level 0.000000
	-------- Loop 4 (sock 1 consumed 0.000000, avg temp 46.500000, final temp 46 ) ------
	-------- Loop 4 (sock 2 consumed 0.000000, avg temp 37.000000, final temp 37 ) ------
Loop 5 <line-222> - Time 0.523076 Total energy consumed 28.203690 Ave. Power Level 53.918897
	-------- Loop 5 (sock 1 consumed 11.384145, avg temp 45.000000, final temp 45 ) ------
	-------- Loop 5 (sock 2 consumed 16.819545, avg temp 37.500000, final temp 38 ) ------
Loop 6 <line-116> - Time 0.008904 Total energy consumed 0.629910 Ave. Power Level 70.748264
	-------- Loop 6 (sock 1 consumed 0.222375, avg temp 44.857143, final temp 45 ) ------
	-------- Loop 6 (sock 2 consumed 0.407535, avg temp 37.142857, final temp 37 ) ------
Loop 7 <line-334> - Time 0.859204 Total energy consumed 44.807070 Ave. Power Level 52.149539
	-------- Loop 7 (sock 1 consumed 18.457590, avg temp 45.000000, final temp 45 ) ------
	-------- Loop 7 (sock 2 consumed 26.349480, avg temp 36.875000, final temp 38 ) ------
Loop 8 <line-353> - Time 0.000605 Total energy consumed 0.000000 Ave. Power Level 0.000000
	-------- Loop 8 (sock 1 consumed 0.000000, avg temp 45.000000, final temp 45 ) ------
	-------- Loop 8 (sock 2 consumed 0.000000, avg temp 36.875000, final temp 38 ) ------
Loop 9 <line-375> - Time 0.001873 Total energy consumed 0.095145 Ave. Power Level 50.800599
	-------- Loop 9 (sock 1 consumed 0.028425, avg temp 44.875000, final temp 45 ) ------
	-------- Loop 9 (sock 2 consumed 0.066720, avg temp 36.875000, final temp 38 ) ------
Loop 10 <line-85> - Time 0.085268 Total energy consumed 4.907190 Ave. Power Level 57.550417
	-------- Loop 10 (sock 1 consumed 2.306130, avg temp 45.500000, final temp 45 ) ------
	-------- Loop 10 (sock 2 consumed 2.601060, avg temp 37.500000, final temp 38 ) ------
Loop 11 <line-131> - Time 0.016053 Total energy consumed 0.878355 Ave. Power Level 54.714646
	-------- Loop 11 (sock 1 consumed 0.413535, avg temp 45.500000, final temp 45 ) ------
	-------- Loop 11 (sock 2 consumed 0.464820, avg temp 37.000000, final temp 38 ) ------
Loop 12 <line-167> - Time 0.074891 Total energy consumed 4.375770 Ave. Power Level 58.428440
	-------- Loop 12 (sock 1 consumed 2.060745, avg temp 45.000000, final temp 45 ) ------
	-------- Loop 12 (sock 2 consumed 2.315025, avg temp 37.500000, final temp 37 ) ------
Loop 13 <line-213> - Time 26.116772 Total energy consumed 1506.607620 Ave. Power Level 57.687359
	-------- Loop 13 (sock 1 consumed 779.818875, avg temp 47.500000, final temp 47 ) ------
	-------- Loop 13 (sock 2 consumed 726.788745, avg temp 37.333333, final temp 37 ) ------
Loop 14 <line-99> - Time 7.321035 Total energy consumed 384.346080 Ave. Power Level 52.498874
	-------- Loop 14 (sock 1 consumed 214.670940, avg temp 44.571429, final temp 45 ) ------
	-------- Loop 14 (sock 2 consumed 169.675140, avg temp 36.857143, final temp 37 ) ------
Loop 15 <line-160> - Time 0.193019 Total energy consumed 10.409280 Ave. Power Level 53.928714
	-------- Loop 15 (sock 1 consumed 4.870185, avg temp 45.285714, final temp 45 ) ------
	-------- Loop 15 (sock 2 consumed 5.539095, avg temp 37.000000, final temp 37 ) ------
Loop 16 <line-269> - Time 5.345200 Total energy consumed 280.054170 Ave. Power Level 52.393585
	-------- Loop 16 (sock 1 consumed 139.601610, avg temp 46.483871, final temp 45 ) ------
	-------- Loop 16 (sock 2 consumed 140.452560, avg temp 36.806452, final temp 37 ) ------
Loop 17 <line-300> - Time 0.007027 Total energy consumed 0.608445 Ave. Power Level 86.588031
	-------- Loop 17 (sock 1 consumed 0.316995, avg temp 46.560000, final temp 47 ) ------
	-------- Loop 17 (sock 2 consumed 0.291450, avg temp 36.800000, final temp 37 ) ------
Loop 18 <line-148> - Time 0.001265 Total energy consumed 0.087615 Ave. Power Level 69.265195
	-------- Loop 18 (sock 1 consumed 0.025245, avg temp 45.000000, final temp 45 ) ------
	-------- Loop 18 (sock 2 consumed 0.062370, avg temp 37.000000, final temp 37 ) ------
Application(EnergyStat) - Time 58.046081 Total energy consumed 3189.038235 Ave. Power Level 54.939768 Final Temperature socket 1 : 45  socket 2 : 37 
	 ParallelApplication(EnergyStat) - Time 41.735305 Total energy consumed 2330.516985 Ave. Power Level 55.840421
Memory used: 1.32031
Loading 32-bit binary file: pnnl.bin, numvertices: 2361670, numEdges: 191402826
File read time: 1.63443
Before allocating graph
Allocated graph: 0xcb0570
Processing edges for vertex: 0, range(0, 166)
Processing edges for vertex: 100000, range(58444108, 58444133)
Processing edges for vertex: 200000, range(84376057, 84376362)
Processing edges for vertex: 300000, range(106069163, 106069503)
Processing edges for vertex: 400000, range(122097114, 122097513)
Processing edges for vertex: 500000, range(135096418, 135096483)
Processing edges for vertex: 600000, range(146097008, 146097061)
Processing edges for vertex: 700000, range(155415410, 155415531)
Processing edges for vertex: 800000, range(162595900, 162595989)
Processing edges for vertex: 900000, range(168508374, 168508464)
Processing edges for vertex: 1000000, range(173203321, 173203442)
Processing edges for vertex: 1100000, range(176935100, 176935110)
Processing edges for vertex: 1200000, range(179876260, 179876270)
Processing edges for vertex: 1300000, range(182240081, 182240092)
Processing edges for vertex: 1400000, range(184224513, 184224521)
Processing edges for vertex: 1500000, range(185795161, 185795170)
Processing edges for vertex: 1600000, range(187104124, 187104130)
Processing edges for vertex: 1700000, range(188148455, 188148461)
Processing edges for vertex: 1800000, range(188997836, 188997842)
Processing edges for vertex: 1900000, range(189691532, 189691535)
Processing edges for vertex: 2000000, range(190254658, 190254660)
Processing edges for vertex: 2100000, range(190705814, 190705822)
Processing edges for vertex: 2200000, range(191052755, 191052764)
Processing edges for vertex: 2300000, range(191302662, 191302663)
Graph populate time: 8.23739
Total I/O time: 9.87186

Regional(EnergyStat) - Time 9.875119 Total energy consumed 526.945110 Ave. Power Level 53.360888 
Running on: 2 threads
Loaded graph from file: pnnl.bin
Memory used: 2949.12
Maximum degree for the graph: 5520
Iteration: 0, conflicts: 0
Total number of colors used: 1182
Total number of conflicts overall: 0
Number of rounds: 1
SUCCESS: No conflicts found
Coloring time: 1.85389
Memory used: 2949.12
Number of reordered colors: 1016
End position for large colors: 0, node count: 552373, largest: 552373
Node count cutoff: 472334
e_xx: 1.18643e+08, a2_x: 6.62452e+11, currMod: 0.619842
e_xx: 1.59263e+08, a2_x: 5.90974e+11, currMod: 0.832066
e_xx: 1.65937e+08, a2_x: 5.53424e+11, currMod: 0.866938
e_xx: 1.68809e+08, a2_x: 5.36133e+11, currMod: 0.881942
e_xx: 1.70377e+08, a2_x: 5.07406e+11, currMod: 0.890136
currMod: 0.881942, prevMod: -1
Louvain time: 33.2505
numClusters: 205258, time: 0.097518
Next phase: 2
Memory used: 2949.12
End Structure 1323401 205258 vs 2850306
Build next level time: 6.98334
Iteration time: 40.3374
Memory used: 2949.12
e_xx: 1.65797e+08, a2_x: 5.09519e+11, currMod: 0.887469
e_xx: 1.75266e+08, a2_x: 3.10582e+11, currMod: 0.938161
e_xx: 1.80233e+08, a2_x: 2.9564e+11, currMod: 0.964747
e_xx: 1.80901e+08, a2_x: 2.75457e+11, currMod: 0.968328
e_xx: 1.81903e+08, a2_x: 2.57231e+11, currMod: 0.97369
e_xx: 1.82029e+08, a2_x: 2.60007e+11, currMod: 0.974365
e_xx: 1.82053e+08, a2_x: 2.47613e+11, currMod: 0.974492
e_xx: 1.82128e+08, a2_x: 2.55157e+11, currMod: 0.974894
e_xx: 1.82175e+08, a2_x: 2.3862e+11, currMod: 0.975144
e_xx: 1.82217e+08, a2_x: 2.64582e+11, currMod: 0.975373
e_xx: 1.82226e+08, a2_x: 2.41468e+11, currMod: 0.975418
e_xx: 1.82251e+08, a2_x: 2.59814e+11, currMod: 0.975554
e_xx: 1.82245e+08, a2_x: 2.43744e+11, currMod: 0.975519
currMod: 0.975554, prevMod: 0.881942
Louvain time: 5.02754
numClusters: 51190, time: 0.015068
Next phase: 3
Memory used: 2949.12
End Structure 512014 51190 vs 1075211
Build next level time: 0.277282
Iteration time: 5.32154
Memory used: 2949.12
e_xx: 1.8225e+08, a2_x: 2.60117e+11, currMod: 0.975548
e_xx: 1.83215e+08, a2_x: 1.35781e+11, currMod: 0.980717
e_xx: 1.8329e+08, a2_x: 1.22701e+11, currMod: 0.981118
e_xx: 1.83383e+08, a2_x: 8.15443e+10, currMod: 0.981615
e_xx: 1.83342e+08, a2_x: 8.36772e+10, currMod: 0.981394
currMod: 0.981615, prevMod: 0.975554
Louvain time: 0.762981
numClusters: 25584, time: 0.004805
Next phase: 4
Memory used: 2949.12
End Structure 176435 25584 vs 378454
Build next level time: 0.082807
Iteration time: 0.851943
Memory used: 2949.12
e_xx: 1.83383e+08, a2_x: 8.07143e+10, currMod: 0.981596
e_xx: 1.83623e+08, a2_x: 3.04966e+10, currMod: 0.982882
e_xx: 1.83573e+08, a2_x: -1.14352e+09, currMod: 0.982613
currMod: 0.982882, prevMod: 0.981615
Louvain time: 0.173891
numClusters: 22583, time: 0.00311
Next phase: 5
Memory used: 2949.12
End Structure 103395 22583 vs 229373
Build next level time: 0.037851
Iteration time: 0.216189
Memory used: 2949.12
e_xx: 1.83623e+08, a2_x: 3.19798e+10, currMod: 0.982879
e_xx: 1.83635e+08, a2_x: 2.73606e+10, currMod: 0.982942
e_xx: 1.83637e+08, a2_x: 4.01457e+10, currMod: 0.982955
e_xx: 1.83636e+08, a2_x: 3.6798e+10, currMod: 0.982951
currMod: 0.982955, prevMod: 0.982882
Louvain time: 0.141821
numClusters: 22015, time: 0.002801
Next phase: 6
Memory used: 2949.12
End Structure 75149 22015 vs 172313
Build next level time: 0.022657
Iteration time: 0.168605
Memory used: 2949.12
e_xx: 1.83637e+08, a2_x: 4.0601e+10, currMod: 0.982954
e_xx: 1.83638e+08, a2_x: 2.44691e+10, currMod: 0.982957
e_xx: 1.83638e+08, a2_x: 1.70146e+10, currMod: 0.982957
currMod: 0.982957, prevMod: 0.982955
Louvain time: 0.079851
numClusters: 21960, time: 0.00272
Next phase: 7
Memory used: 2949.12
End Structure 70284 21960 vs 162528
Build next level time: 0.020804
Iteration time: 0.104701
Memory used: 2949.12
e_xx: 1.83638e+08, a2_x: 2.35661e+10, currMod: 0.982957
e_xx: 1.83638e+08, a2_x: 1.94835e+10, currMod: 0.982957
currMod: 0.982957, prevMod: 0.982957
Louvain time: 0.050469
numClusters: 21960, time: 0.002724
Maximum degree for the graph: 458
Iteration: 0, conflicts: 0
Total number of colors used: 182
Total number of conflicts overall: 0
Number of rounds: 1
SUCCESS: No conflicts found
Number of reordered colors: 182
End position for large colors: 0, node count: 21548, largest: 21548
Node count cutoff: 4392
e_xx: 1.86085e+08, a2_x: 9.27241e+09, currMod: 0.996058
e_xx: 1.86101e+08, a2_x: 5.26239e+09, currMod: 0.996144
e_xx: 1.86127e+08, a2_x: 6.45666e+09, currMod: 0.996284
e_xx: 1.86142e+08, a2_x: 6.11808e+09, currMod: 0.996361
e_xx: 1.86139e+08, a2_x: 6.74311e+09, currMod: 0.996347
End Structure 3885 21643 vs 29413
currMod: 0.996361, prevMod: 0.982957
numClusters: 21643
Total iteration time: 47.0004

Loop 0 <line-37> - Time 0.001406 Total energy consumed 0.053325 Ave. Power Level 37.927795
	-------- Loop 0 (sock 1 consumed 0.020925, avg temp 43.500000, final temp 44 ) ------
	-------- Loop 0 (sock 2 consumed 0.032400, avg temp 36.500000, final temp 36 ) ------
Loop 1 <line-54> - Time 0.000686 Total energy consumed 0.071715 Ave. Power Level 104.520857
	-------- Loop 1 (sock 1 consumed 0.039315, avg temp 43.500000, final temp 44 ) ------
	-------- Loop 1 (sock 2 consumed 0.032400, avg temp 37.000000, final temp 37 ) ------
Loop 2 <line-76> - Time 0.002205 Total energy consumed 0.126615 Ave. Power Level 57.428592
	-------- Loop 2 (sock 1 consumed 0.060030, avg temp 44.000000, final temp 44 ) ------
	-------- Loop 2 (sock 2 consumed 0.066585, avg temp 37.000000, final temp 37 ) ------
Loop 3 <line-170> - Time 1.263106 Total energy consumed 68.500635 Ave. Power Level 54.231916
	-------- Loop 3 (sock 1 consumed 33.761130, avg temp 44.000000, final temp 44 ) ------
	-------- Loop 3 (sock 2 consumed 34.739505, avg temp 36.500000, final temp 37 ) ------
Loop 4 <line-192> - Time 0.000478 Total energy consumed 0.000000 Ave. Power Level 0.000000
	-------- Loop 4 (sock 1 consumed 0.000000, avg temp 44.000000, final temp 44 ) ------
	-------- Loop 4 (sock 2 consumed 0.000000, avg temp 36.500000, final temp 37 ) ------
Loop 5 <line-222> - Time 0.498546 Total energy consumed 25.827300 Ave. Power Level 51.805300
	-------- Loop 5 (sock 1 consumed 14.824875, avg temp 45.500000, final temp 44 ) ------
	-------- Loop 5 (sock 2 consumed 11.002425, avg temp 37.000000, final temp 37 ) ------
Loop 6 <line-116> - Time 0.009428 Total energy consumed 0.512190 Ave. Power Level 54.328255
	-------- Loop 6 (sock 1 consumed 0.234855, avg temp 44.714286, final temp 44 ) ------
	-------- Loop 6 (sock 2 consumed 0.277335, avg temp 37.000000, final temp 37 ) ------
Loop 7 <line-334> - Time 0.845723 Total energy consumed 43.693935 Ave. Power Level 51.664603
	-------- Loop 7 (sock 1 consumed 24.953940, avg temp 44.125000, final temp 44 ) ------
	-------- Loop 7 (sock 2 consumed 18.739995, avg temp 36.875000, final temp 37 ) ------
Loop 8 <line-353> - Time 0.000756 Total energy consumed 0.029370 Ave. Power Level 38.842784
	-------- Loop 8 (sock 1 consumed 0.029370, avg temp 44.125000, final temp 44 ) ------
	-------- Loop 8 (sock 2 consumed 0.000000, avg temp 36.875000, final temp 37 ) ------
Loop 9 <line-375> - Time 0.001690 Total energy consumed 0.083730 Ave. Power Level 49.544203
	-------- Loop 9 (sock 1 consumed 0.035925, avg temp 44.250000, final temp 44 ) ------
	-------- Loop 9 (sock 2 consumed 0.047805, avg temp 37.000000, final temp 37 ) ------
Loop 10 <line-85> - Time 0.117300 Total energy consumed 6.558195 Ave. Power Level 55.909546
	-------- Loop 10 (sock 1 consumed 3.378480, avg temp 44.750000, final temp 44 ) ------
	-------- Loop 10 (sock 2 consumed 3.179715, avg temp 36.500000, final temp 37 ) ------
Loop 11 <line-131> - Time 0.017026 Total energy consumed 0.907350 Ave. Power Level 53.291633
	-------- Loop 11 (sock 1 consumed 0.550530, avg temp 45.500000, final temp 44 ) ------
	-------- Loop 11 (sock 2 consumed 0.356820, avg temp 36.500000, final temp 37 ) ------
Loop 12 <line-167> - Time 0.105262 Total energy consumed 6.177870 Ave. Power Level 58.690169
	-------- Loop 12 (sock 1 consumed 2.950035, avg temp 46.000000, final temp 45 ) ------
	-------- Loop 12 (sock 2 consumed 3.227835, avg temp 37.000000, final temp 37 ) ------
Loop 13 <line-213> - Time 26.277746 Total energy consumed 1489.993380 Ave. Power Level 56.701718
	-------- Loop 13 (sock 1 consumed 799.911405, avg temp 46.800000, final temp 45 ) ------
	-------- Loop 13 (sock 2 consumed 690.081975, avg temp 36.700000, final temp 37 ) ------
Loop 14 <line-99> - Time 6.941622 Total energy consumed 359.413320 Ave. Power Level 51.776564
	-------- Loop 14 (sock 1 consumed 180.234225, avg temp 44.571429, final temp 45 ) ------
	-------- Loop 14 (sock 2 consumed 179.179095, avg temp 36.571429, final temp 37 ) ------
Loop 15 <line-160> - Time 0.189071 Total energy consumed 10.372845 Ave. Power Level 54.862206
	-------- Loop 15 (sock 1 consumed 4.737900, avg temp 44.571429, final temp 45 ) ------
	-------- Loop 15 (sock 2 consumed 5.634945, avg temp 36.714286, final temp 37 ) ------
Loop 16 <line-269> - Time 6.201776 Total energy consumed 332.858010 Ave. Power Level 53.671402
	-------- Loop 16 (sock 1 consumed 172.350210, avg temp 44.466667, final temp 44 ) ------
	-------- Loop 16 (sock 2 consumed 160.507800, avg temp 36.766667, final temp 37 ) ------
Loop 17 <line-300> - Time 0.009442 Total energy consumed 0.553590 Ave. Power Level 58.632350
	-------- Loop 17 (sock 1 consumed 0.312600, avg temp 44.500000, final temp 44 ) ------
	-------- Loop 17 (sock 2 consumed 0.240990, avg temp 36.791667, final temp 37 ) ------
Loop 18 <line-148> - Time 0.001301 Total energy consumed 0.059535 Ave. Power Level 45.757753
	-------- Loop 18 (sock 1 consumed 0.028425, avg temp 44.000000, final temp 44 ) ------
	-------- Loop 18 (sock 2 consumed 0.031110, avg temp 36.000000, final temp 36 ) ------
Application(EnergyStat) - Time 58.856916 Total energy consumed 3213.623580 Ave. Power Level 54.600611 Final Temperature socket 1 : 44  socket 2 : 37 
	 ParallelApplication(EnergyStat) - Time 42.484569 Total energy consumed 2345.792910 Ave. Power Level 55.215175
Memory used: 1.32031
Loading 32-bit binary file: pnnl.bin, numvertices: 2361670, numEdges: 191402826
File read time: 1.74203
Before allocating graph
Allocated graph: 0x259b570
Processing edges for vertex: 0, range(0, 166)
Processing edges for vertex: 100000, range(58444108, 58444133)
Processing edges for vertex: 200000, range(84376057, 84376362)
Processing edges for vertex: 300000, range(106069163, 106069503)
Processing edges for vertex: 400000, range(122097114, 122097513)
Processing edges for vertex: 500000, range(135096418, 135096483)
Processing edges for vertex: 600000, range(146097008, 146097061)
Processing edges for vertex: 700000, range(155415410, 155415531)
Processing edges for vertex: 800000, range(162595900, 162595989)
Processing edges for vertex: 900000, range(168508374, 168508464)
Processing edges for vertex: 1000000, range(173203321, 173203442)
Processing edges for vertex: 1100000, range(176935100, 176935110)
Processing edges for vertex: 1200000, range(179876260, 179876270)
Processing edges for vertex: 1300000, range(182240081, 182240092)
Processing edges for vertex: 1400000, range(184224513, 184224521)
Processing edges for vertex: 1500000, range(185795161, 185795170)
Processing edges for vertex: 1600000, range(187104124, 187104130)
Processing edges for vertex: 1700000, range(188148455, 188148461)
Processing edges for vertex: 1800000, range(188997836, 188997842)
Processing edges for vertex: 1900000, range(189691532, 189691535)
Processing edges for vertex: 2000000, range(190254658, 190254660)
Processing edges for vertex: 2100000, range(190705814, 190705822)
Processing edges for vertex: 2200000, range(191052755, 191052764)
Processing edges for vertex: 2300000, range(191302662, 191302663)
Graph populate time: 8.14847
Total I/O time: 9.89056

Regional(EnergyStat) - Time 9.894918 Total energy consumed 507.606540 Ave. Power Level 51.299719 
Running on: 2 threads
Loaded graph from file: pnnl.bin
Memory used: 2949.12
Maximum degree for the graph: 5520
Iteration: 0, conflicts: 0
Total number of colors used: 1183
Total number of conflicts overall: 0
Number of rounds: 1
SUCCESS: No conflicts found
Coloring time: 1.81365
Memory used: 2949.12
Number of reordered colors: 1022
End position for large colors: 0, node count: 552381, largest: 552381
Node count cutoff: 472334
e_xx: 1.29583e+08, a2_x: 5.97472e+11, currMod: 0.676999
e_xx: 1.68215e+08, a2_x: 5.93593e+11, currMod: 0.878838
e_xx: 1.73945e+08, a2_x: 5.41046e+11, currMod: 0.908775
e_xx: 1.76056e+08, a2_x: 5.22731e+11, currMod: 0.919804
e_xx: 1.77029e+08, a2_x: 4.84671e+11, currMod: 0.924889
currMod: 0.919804, prevMod: -1
Louvain time: 32.595
numClusters: 205529, time: 0.096354
Next phase: 2
Memory used: 2949.12
End Structure 1326799 205529 vs 2857389
Build next level time: 7.01276
Iteration time: 39.7097
Memory used: 2949.12
e_xx: 1.53934e+08, a2_x: 4.83878e+11, currMod: 0.914625
e_xx: 1.61483e+08, a2_x: 2.685e+11, currMod: 0.959488
e_xx: 1.62699e+08, a2_x: 3.02045e+11, currMod: 0.966708
e_xx: 1.62995e+08, a2_x: 2.49934e+11, currMod: 0.968468
e_xx: 1.6303e+08, a2_x: 2.66705e+11, currMod: 0.968679
e_xx: 1.63108e+08, a2_x: 2.53209e+11, currMod: 0.969143
e_xx: 1.6312e+08, a2_x: 2.70189e+11, currMod: 0.969212
e_xx: 1.63214e+08, a2_x: 2.58836e+11, currMod: 0.969771
e_xx: 1.6321e+08, a2_x: 2.60271e+11, currMod: 0.969749
currMod: 0.969771, prevMod: 0.919804
Louvain time: 3.65362
numClusters: 54380, time: 0.016452
Next phase: 3
Memory used: 2949.12
End Structure 580977 54380 vs 1216327
Build next level time: 0.309583
Iteration time: 3.98125
Memory used: 2949.12
e_xx: 1.63214e+08, a2_x: 2.57907e+11, currMod: 0.969739
e_xx: 1.64571e+08, a2_x: 1.41475e+11, currMod: 0.97781
e_xx: 1.64665e+08, a2_x: 1.5685e+11, currMod: 0.978365
e_xx: 1.6479e+08, a2_x: 9.29882e+10, currMod: 0.979111
e_xx: 1.64724e+08, a2_x: 1.23751e+11, currMod: 0.97872
currMod: 0.979111, prevMod: 0.969771
Louvain time: 0.872271
numClusters: 26127, time: 0.004877
Next phase: 4
Memory used: 2949.12
End Structure 194971 26127 vs 416069
Build next level time: 0.093495
Iteration time: 0.972027
Memory used: 2949.12
e_xx: 1.6479e+08, a2_x: 9.4761e+10, currMod: 0.979098
e_xx: 1.65029e+08, a2_x: 2.77443e+10, currMod: 0.98052
e_xx: 1.65034e+08, a2_x: 3.53447e+10, currMod: 0.980548
e_xx: 1.65036e+08, a2_x: 2.51061e+10, currMod: 0.980561
e_xx: 1.65036e+08, a2_x: 3.86187e+10, currMod: 0.980562
currMod: 0.980561, prevMod: 0.979111
Louvain time: 0.31062
numClusters: 22202, time: 0.003126
Next phase: 5
Memory used: 2949.12
End Structure 94545 22202 vs 211292
Build next level time: 0.036541
Iteration time: 0.351619
Memory used: 2949.12
e_xx: 1.65036e+08, a2_x: 2.26485e+10, currMod: 0.980559
e_xx: 1.65039e+08, a2_x: -6.35196e+09, currMod: 0.98058
e_xx: 1.6504e+08, a2_x: -1.43178e+10, currMod: 0.980582
e_xx: 1.6504e+08, a2_x: -1.40175e+10, currMod: 0.980581
currMod: 0.980582, prevMod: 0.980561
Louvain time: 0.135326
numClusters: 22001, time: 0.00274
Next phase: 6
Memory used: 2949.12
End Structure 81551 22001 vs 185103
Build next level time: 0.022929
Iteration time: 0.162322
Memory used: 2949.12
e_xx: 1.6504e+08, a2_x: -1.40387e+10, currMod: 0.980582
e_xx: 1.6504e+08, a2_x: -1.34376e+10, currMod: 0.980583
currMod: 0.980582, prevMod: 0.980582
Louvain time: 0.059168
numClusters: 22001, time: 0.002734
Maximum degree for the graph: 499
Iteration: 0, conflicts: 0
Total number of colors used: 180
Total number of conflicts overall: 0
Number of rounds: 1
SUCCESS: No conflicts found
Number of reordered colors: 179
End position for large colors: 0, node count: 21550, largest: 21550
Node count cutoff: 4401
e_xx: 1.65187e+08, a2_x: -1.48849e+10, currMod: 0.981455
e_xx: 1.65183e+08, a2_x: -1.5726e+10, currMod: 0.981435
End Structure 29202 21803 vs 80207
currMod: 0.981455, prevMod: 0.980582
numClusters: 21803
Total iteration time: 45.177

Loop 0 <line-37> - Time 0.001407 Total energy consumed 0.079605 Ave. Power Level 56.594236
	-------- Loop 0 (sock 1 consumed 0.047310, avg temp 45.500000, final temp 47 ) ------
	-------- Loop 0 (sock 2 consumed 0.032295, avg temp 37.000000, final temp 37 ) ------
Loop 1 <line-54> - Time 0.000690 Total energy consumed 0.000000 Ave. Power Level 0.000000
	-------- Loop 1 (sock 1 consumed 0.000000, avg temp 45.000000, final temp 46 ) ------
	-------- Loop 1 (sock 2 consumed 0.000000, avg temp 36.500000, final temp 37 ) ------
Loop 2 <line-76> - Time 0.002201 Total energy consumed 0.151755 Ave. Power Level 68.960111
	-------- Loop 2 (sock 1 consumed 0.054915, avg temp 45.000000, final temp 46 ) ------
	-------- Loop 2 (sock 2 consumed 0.096840, avg temp 37.000000, final temp 37 ) ------
Loop 3 <line-170> - Time 1.250123 Total energy consumed 68.101035 Ave. Power Level 54.475476
	-------- Loop 3 (sock 1 consumed 28.828245, avg temp 45.000000, final temp 46 ) ------
	-------- Loop 3 (sock 2 consumed 39.272790, avg temp 37.000000, final temp 37 ) ------
Loop 4 <line-192> - Time 0.000373 Total energy consumed 0.052590 Ave. Power Level 141.175523
	-------- Loop 4 (sock 1 consumed 0.021285, avg temp 45.000000, final temp 46 ) ------
	-------- Loop 4 (sock 2 consumed 0.031305, avg temp 37.000000, final temp 37 ) ------
Loop 5 <line-222> - Time 0.472220 Total energy consumed 25.472625 Ave. Power Level 53.942304
	-------- Loop 5 (sock 1 consumed 10.488540, avg temp 44.500000, final temp 46 ) ------
	-------- Loop 5 (sock 2 consumed 14.984085, avg temp 37.000000, final temp 37 ) ------
Loop 6 <line-116> - Time 0.007752 Total energy consumed 0.417600 Ave. Power Level 53.867975
	-------- Loop 6 (sock 1 consumed 0.162270, avg temp 44.000000, final temp 45 ) ------
	-------- Loop 6 (sock 2 consumed 0.255330, avg temp 37.666667, final temp 38 ) ------
Loop 7 <line-334> - Time 0.859356 Total energy consumed 45.151410 Ave. Power Level 52.540985
	-------- Loop 7 (sock 1 consumed 18.627675, avg temp 44.428571, final temp 46 ) ------
	-------- Loop 7 (sock 2 consumed 26.523735, avg temp 37.571429, final temp 37 ) ------
Loop 8 <line-353> - Time 0.000625 Total energy consumed 0.000000 Ave. Power Level 0.000000
	-------- Loop 8 (sock 1 consumed 0.000000, avg temp 44.428571, final temp 46 ) ------
	-------- Loop 8 (sock 2 consumed 0.000000, avg temp 37.571429, final temp 37 ) ------
Loop 9 <line-375> - Time 0.001876 Total energy consumed 0.064920 Ave. Power Level 34.609196
	-------- Loop 9 (sock 1 consumed 0.029190, avg temp 44.571429, final temp 46 ) ------
	-------- Loop 9 (sock 2 consumed 0.035730, avg temp 37.571429, final temp 37 ) ------
Loop 10 <line-85> - Time 0.084491 Total energy consumed 4.963260 Ave. Power Level 58.742778
	-------- Loop 10 (sock 1 consumed 2.386950, avg temp 44.750000, final temp 45 ) ------
	-------- Loop 10 (sock 2 consumed 2.576310, avg temp 37.000000, final temp 37 ) ------
Loop 11 <line-131> - Time 0.015682 Total energy consumed 0.936975 Ave. Power Level 59.748270
	-------- Loop 11 (sock 1 consumed 0.440235, avg temp 45.000000, final temp 46 ) ------
	-------- Loop 11 (sock 2 consumed 0.496740, avg temp 36.500000, final temp 37 ) ------
Loop 12 <line-167> - Time 0.073305 Total energy consumed 4.396035 Ave. Power Level 59.969378
	-------- Loop 12 (sock 1 consumed 2.109765, avg temp 44.500000, final temp 45 ) ------
	-------- Loop 12 (sock 2 consumed 2.286270, avg temp 37.000000, final temp 37 ) ------
Loop 13 <line-213> - Time 25.614310 Total energy consumed 1548.287940 Ave. Power Level 60.446210
	-------- Loop 13 (sock 1 consumed 753.217080, avg temp 45.428571, final temp 47 ) ------
	-------- Loop 13 (sock 2 consumed 795.070860, avg temp 37.142857, final temp 37 ) ------
Loop 14 <line-99> - Time 7.001325 Total energy consumed 371.131245 Ave. Power Level 53.008717
	-------- Loop 14 (sock 1 consumed 174.200970, avg temp 44.333333, final temp 44 ) ------
	-------- Loop 14 (sock 2 consumed 196.930275, avg temp 37.333333, final temp 37 ) ------
Loop 15 <line-160> - Time 0.203293 Total energy consumed 11.102280 Ave. Power Level 54.612165
	-------- Loop 15 (sock 1 consumed 5.250300, avg temp 45.000000, final temp 44 ) ------
	-------- Loop 15 (sock 2 consumed 5.851980, avg temp 37.666667, final temp 38 ) ------
Loop 16 <line-269> - Time 4.999951 Total energy consumed 261.904905 Ave. Power Level 52.381496
	-------- Loop 16 (sock 1 consumed 130.779315, avg temp 45.800000, final temp 47 ) ------
	-------- Loop 16 (sock 2 consumed 131.125590, avg temp 37.400000, final temp 38 ) ------
Loop 17 <line-300> - Time 0.006791 Total energy consumed 0.323370 Ave. Power Level 47.614287
	-------- Loop 17 (sock 1 consumed 0.183120, avg temp 45.950000, final temp 44 ) ------
	-------- Loop 17 (sock 2 consumed 0.140250, avg temp 37.350000, final temp 38 ) ------
Loop 18 <line-148> - Time 0.001292 Total energy consumed 0.081390 Ave. Power Level 62.983169
	-------- Loop 18 (sock 1 consumed 0.050250, avg temp 47.000000, final temp 47 ) ------
	-------- Loop 18 (sock 2 consumed 0.031140, avg temp 37.000000, final temp 37 ) ------
Application(EnergyStat) - Time 57.007504 Total energy consumed 3193.605690 Ave. Power Level 56.020795 Final Temperature socket 1 : 45  socket 2 : 37 
	 ParallelApplication(EnergyStat) - Time 40.597062 Total energy consumed 2342.618940 Ave. Power Level 57.704150
Memory used: 1.32031
Loading 32-bit binary file: pnnl.bin, numvertices: 2361670, numEdges: 191402826
File read time: 1.6298
Before allocating graph
Allocated graph: 0x2276570
Processing edges for vertex: 0, range(0, 166)
Processing edges for vertex: 100000, range(58444108, 58444133)
Processing edges for vertex: 200000, range(84376057, 84376362)
Processing edges for vertex: 300000, range(106069163, 106069503)
Processing edges for vertex: 400000, range(122097114, 122097513)
Processing edges for vertex: 500000, range(135096418, 135096483)
Processing edges for vertex: 600000, range(146097008, 146097061)
Processing edges for vertex: 700000, range(155415410, 155415531)
Processing edges for vertex: 800000, range(162595900, 162595989)
Processing edges for vertex: 900000, range(168508374, 168508464)
Processing edges for vertex: 1000000, range(173203321, 173203442)
Processing edges for vertex: 1100000, range(176935100, 176935110)
Processing edges for vertex: 1200000, range(179876260, 179876270)
Processing edges for vertex: 1300000, range(182240081, 182240092)
Processing edges for vertex: 1400000, range(184224513, 184224521)
Processing edges for vertex: 1500000, range(185795161, 185795170)
Processing edges for vertex: 1600000, range(187104124, 187104130)
Processing edges for vertex: 1700000, range(188148455, 188148461)
Processing edges for vertex: 1800000, range(188997836, 188997842)
Processing edges for vertex: 1900000, range(189691532, 189691535)
Processing edges for vertex: 2000000, range(190254658, 190254660)
Processing edges for vertex: 2100000, range(190705814, 190705822)
Processing edges for vertex: 2200000, range(191052755, 191052764)
Processing edges for vertex: 2300000, range(191302662, 191302663)
Graph populate time: 8.17527
Total I/O time: 9.80512

Regional(EnergyStat) - Time 9.809306 Total energy consumed 527.084835 Ave. Power Level 53.733142 
Running on: 2 threads
Loaded graph from file: pnnl.bin
Memory used: 2949.12
Maximum degree for the graph: 5520
Iteration: 0, conflicts: 0
Total number of colors used: 1183
Total number of conflicts overall: 0
Number of rounds: 1
SUCCESS: No conflicts found
Coloring time: 1.81671
Memory used: 2949.12
Number of reordered colors: 1023
End position for large colors: 0, node count: 552384, largest: 552384
Node count cutoff: 472334
e_xx: 1.29308e+08, a2_x: 5.98277e+11, currMod: 0.675562
e_xx: 1.68081e+08, a2_x: 5.79558e+11, currMod: 0.878135
e_xx: 1.73891e+08, a2_x: 5.45467e+11, currMod: 0.908492
e_xx: 1.75994e+08, a2_x: 5.42435e+11, currMod: 0.919479
e_xx: 1.76958e+08, a2_x: 4.8855e+11, currMod: 0.924519
currMod: 0.919479, prevMod: -1
Louvain time: 33.2416
numClusters: 205382, time: 0.099609
Next phase: 2
Memory used: 2949.12
End Structure 1322239 205382 vs 2848077
Build next level time: 7.0371
Iteration time: 40.3831
Memory used: 2949.12
e_xx: 1.53863e+08, a2_x: 4.87041e+11, currMod: 0.914205
e_xx: 1.6134e+08, a2_x: 2.56785e+11, currMod: 0.958637
e_xx: 1.62665e+08, a2_x: 3.07465e+11, currMod: 0.96651
e_xx: 1.63007e+08, a2_x: 2.60699e+11, currMod: 0.968542
e_xx: 1.63072e+08, a2_x: 2.70668e+11, currMod: 0.968929
e_xx: 1.63178e+08, a2_x: 2.83664e+11, currMod: 0.969558
e_xx: 1.63155e+08, a2_x: 2.82845e+11, currMod: 0.969423
currMod: 0.969558, prevMod: 0.919479
Louvain time: 2.95699
numClusters: 56440, time: 0.016978
Next phase: 3
Memory used: 2949.12
End Structure 595616 56440 vs 1247661
Build next level time: 0.320379
Iteration time: 3.29594
Memory used: 2949.12
e_xx: 1.63178e+08, a2_x: 2.81702e+11, currMod: 0.969527
e_xx: 1.64582e+08, a2_x: 1.43516e+11, currMod: 0.977877
e_xx: 1.64732e+08, a2_x: 1.05319e+11, currMod: 0.978768
e_xx: 1.64792e+08, a2_x: 8.60561e+10, currMod: 0.979126
e_xx: 1.6479e+08, a2_x: 1.05255e+11, currMod: 0.97911
currMod: 0.979126, prevMod: 0.969558
Louvain time: 0.899788
numClusters: 26197, time: 0.005223
Next phase: 4
Memory used: 2949.12
End Structure 199959 26197 vs 426114
Build next level time: 0.085524
Iteration time: 0.991882
Memory used: 2949.12
e_xx: 1.64792e+08, a2_x: 8.38406e+10, currMod: 0.979112
e_xx: 1.65035e+08, a2_x: 5.0514e+10, currMod: 0.980556
e_xx: 1.65049e+08, a2_x: 2.793e+10, currMod: 0.980637
e_xx: 1.65061e+08, a2_x: 1.84428e+10, currMod: 0.980712
e_xx: 1.65051e+08, a2_x: 2.66416e+10, currMod: 0.980649
currMod: 0.980712, prevMod: 0.979126
Louvain time: 0.321943
numClusters: 22232, time: 0.003138
Next phase: 5
Memory used: 2949.12
End Structure 97445 22232 vs 217122
Build next level time: 0.032596
Iteration time: 0.359006
Memory used: 2949.12
e_xx: 1.65061e+08, a2_x: 1.68228e+10, currMod: 0.980709
e_xx: 1.65065e+08, a2_x: 1.05949e+10, currMod: 0.980734
e_xx: 1.65065e+08, a2_x: 6.16927e+09, currMod: 0.980735
e_xx: 1.65065e+08, a2_x: 1.27163e+10, currMod: 0.980732
currMod: 0.980735, prevMod: 0.980712
Louvain time: 0.135688
numClusters: 22009, time: 0.002767
Next phase: 6
Memory used: 2949.12
End Structure 84227 22009 vs 190463
Build next level time: 0.023829
Iteration time: 0.163593
Memory used: 2949.12
e_xx: 1.65065e+08, a2_x: 6.72748e+09, currMod: 0.980735
e_xx: 1.65065e+08, a2_x: 1.01888e+10, currMod: 0.980735
currMod: 0.980735, prevMod: 0.980735
Louvain time: 0.060679
numClusters: 22009, time: 0.002773
Maximum degree for the graph: 509
Iteration: 0, conflicts: 0
Total number of colors used: 180
Total number of conflicts overall: 0
Number of rounds: 1
SUCCESS: No conflicts found
Number of reordered colors: 179
End position for large colors: 0, node count: 21545, largest: 21545
Node count cutoff: 4402
e_xx: 1.65572e+08, a2_x: -1.99313e+10, currMod: 0.983744
e_xx: 1.65572e+08, a2_x: -2.3494e+10, currMod: 0.983744
End Structure 16207 21749 vs 54163
currMod: 0.983744, prevMod: 0.980735
numClusters: 21749
Total iteration time: 45.1935

Loop 0 <line-37> - Time 0.001422 Total energy consumed 0.056550 Ave. Power Level 39.758538
	-------- Loop 0 (sock 1 consumed 0.029670, avg temp 44.500000, final temp 44 ) ------
	-------- Loop 0 (sock 2 consumed 0.026880, avg temp 37.500000, final temp 38 ) ------
Loop 1 <line-54> - Time 0.000688 Total energy consumed 0.083775 Ave. Power Level 121.679681
	-------- Loop 1 (sock 1 consumed 0.030480, avg temp 44.000000, final temp 44 ) ------
	-------- Loop 1 (sock 2 consumed 0.053295, avg temp 37.500000, final temp 38 ) ------
Loop 2 <line-76> - Time 0.002231 Total energy consumed 0.093930 Ave. Power Level 42.106330
	-------- Loop 2 (sock 1 consumed 0.032805, avg temp 44.000000, final temp 44 ) ------
	-------- Loop 2 (sock 2 consumed 0.061125, avg temp 37.500000, final temp 38 ) ------
Loop 3 <line-170> - Time 1.252959 Total energy consumed 67.985700 Ave. Power Level 54.260136
	-------- Loop 3 (sock 1 consumed 37.193160, avg temp 45.000000, final temp 45 ) ------
	-------- Loop 3 (sock 2 consumed 30.792540, avg temp 37.500000, final temp 38 ) ------
Loop 4 <line-192> - Time 0.000380 Total energy consumed 0.000000 Ave. Power Level 0.000000
	-------- Loop 4 (sock 1 consumed 0.000000, avg temp 45.000000, final temp 45 ) ------
	-------- Loop 4 (sock 2 consumed 0.000000, avg temp 37.500000, final temp 38 ) ------
Loop 5 <line-222> - Time 0.473180 Total energy consumed 26.123370 Ave. Power Level 55.208140
	-------- Loop 5 (sock 1 consumed 14.959035, avg temp 45.500000, final temp 45 ) ------
	-------- Loop 5 (sock 2 consumed 11.164335, avg temp 37.000000, final temp 38 ) ------
Loop 6 <line-116> - Time 0.007653 Total energy consumed 0.395310 Ave. Power Level 51.653896
	-------- Loop 6 (sock 1 consumed 0.141630, avg temp 44.166667, final temp 45 ) ------
	-------- Loop 6 (sock 2 consumed 0.253680, avg temp 37.833333, final temp 39 ) ------
Loop 7 <line-334> - Time 0.858993 Total energy consumed 44.813145 Ave. Power Level 52.169384
	-------- Loop 7 (sock 1 consumed 24.980040, avg temp 44.285714, final temp 45 ) ------
	-------- Loop 7 (sock 2 consumed 19.833105, avg temp 38.000000, final temp 39 ) ------
Loop 8 <line-353> - Time 0.000528 Total energy consumed 0.000000 Ave. Power Level 0.000000
	-------- Loop 8 (sock 1 consumed 0.000000, avg temp 44.285714, final temp 45 ) ------
	-------- Loop 8 (sock 2 consumed 0.000000, avg temp 38.000000, final temp 39 ) ------
Loop 9 <line-375> - Time 0.001812 Total energy consumed 0.165225 Ave. Power Level 91.203757
	-------- Loop 9 (sock 1 consumed 0.102375, avg temp 44.285714, final temp 45 ) ------
	-------- Loop 9 (sock 2 consumed 0.062850, avg temp 38.000000, final temp 39 ) ------
Loop 10 <line-85> - Time 0.122508 Total energy consumed 7.316115 Ave. Power Level 59.719330
	-------- Loop 10 (sock 1 consumed 3.568440, avg temp 45.000000, final temp 45 ) ------
	-------- Loop 10 (sock 2 consumed 3.747675, avg temp 38.250000, final temp 39 ) ------
Loop 11 <line-131> - Time 0.016588 Total energy consumed 0.997500 Ave. Power Level 60.132846
	-------- Loop 11 (sock 1 consumed 0.501915, avg temp 45.000000, final temp 45 ) ------
	-------- Loop 11 (sock 2 consumed 0.495585, avg temp 38.500000, final temp 39 ) ------
Loop 12 <line-167> - Time 0.072252 Total energy consumed 4.239465 Ave. Power Level 58.675770
	-------- Loop 12 (sock 1 consumed 2.112090, avg temp 45.000000, final temp 45 ) ------
	-------- Loop 12 (sock 2 consumed 2.127375, avg temp 38.500000, final temp 39 ) ------
Loop 13 <line-213> - Time 26.144847 Total energy consumed 1510.022370 Ave. Power Level 57.756023
	-------- Loop 13 (sock 1 consumed 778.174710, avg temp 46.714286, final temp 46 ) ------
	-------- Loop 13 (sock 2 consumed 731.847660, avg temp 38.142857, final temp 38 ) ------
Loop 14 <line-99> - Time 7.014419 Total energy consumed 370.191825 Ave. Power Level 52.775837
	-------- Loop 14 (sock 1 consumed 152.363205, avg temp 43.500000, final temp 44 ) ------
	-------- Loop 14 (sock 2 consumed 217.828620, avg temp 38.166667, final temp 39 ) ------
Loop 15 <line-160> - Time 0.189920 Total energy consumed 10.404405 Ave. Power Level 54.782982
	-------- Loop 15 (sock 1 consumed 4.527420, avg temp 43.833333, final temp 44 ) ------
	-------- Loop 15 (sock 2 consumed 5.876985, avg temp 38.166667, final temp 38 ) ------
Loop 16 <line-269> - Time 4.345553 Total energy consumed 228.184170 Ave. Power Level 52.509813
	-------- Loop 16 (sock 1 consumed 106.353390, avg temp 44.695652, final temp 44 ) ------
	-------- Loop 16 (sock 2 consumed 121.830780, avg temp 37.826087, final temp 38 ) ------
Loop 17 <line-300> - Time 0.005126 Total energy consumed 0.306645 Ave. Power Level 59.819608
	-------- Loop 17 (sock 1 consumed 0.168600, avg temp 44.722222, final temp 47 ) ------
	-------- Loop 17 (sock 2 consumed 0.138045, avg temp 37.833333, final temp 38 ) ------
Loop 18 <line-148> - Time 0.001264 Total energy consumed 0.113550 Ave. Power Level 89.799760
	-------- Loop 18 (sock 1 consumed 0.051285, avg temp 44.000000, final temp 44 ) ------
	-------- Loop 18 (sock 2 consumed 0.062265, avg temp 38.000000, final temp 38 ) ------
Application(EnergyStat) - Time 56.941398 Total energy consumed 3143.676300 Ave. Power Level 55.208977 Final Temperature socket 1 : 45  socket 2 : 38 
	 ParallelApplication(EnergyStat) - Time 40.512324 Total energy consumed 2271.493050 Ave. Power Level 56.069187
