Memory used: 1.32031
Loading 32-bit binary file: pnnl.bin, numvertices: 2361670, numEdges: 191402826
File read time: 2.0798
Before allocating graph
Allocated graph: 0x12fc570
Processing edges for vertex: 0, range(0, 166)
Processing edges for vertex: 100000, range(58444108, 58444133)
Processing edges for vertex: 200000, range(84376057, 84376362)
Processing edges for vertex: 300000, range(106069163, 106069503)
Processing edges for vertex: 400000, range(122097114, 122097513)
Processing edges for vertex: 500000, range(135096418, 135096483)
Processing edges for vertex: 600000, range(146097008, 146097061)
Processing edges for vertex: 700000, range(155415410, 155415531)
Processing edges for vertex: 800000, range(162595900, 162595989)
Processing edges for vertex: 900000, range(168508374, 168508464)
Processing edges for vertex: 1000000, range(173203321, 173203442)
Processing edges for vertex: 1100000, range(176935100, 176935110)
Processing edges for vertex: 1200000, range(179876260, 179876270)
Processing edges for vertex: 1300000, range(182240081, 182240092)
Processing edges for vertex: 1400000, range(184224513, 184224521)
Processing edges for vertex: 1500000, range(185795161, 185795170)
Processing edges for vertex: 1600000, range(187104124, 187104130)
Processing edges for vertex: 1700000, range(188148455, 188148461)
Processing edges for vertex: 1800000, range(188997836, 188997842)
Processing edges for vertex: 1900000, range(189691532, 189691535)
Processing edges for vertex: 2000000, range(190254658, 190254660)
Processing edges for vertex: 2100000, range(190705814, 190705822)
Processing edges for vertex: 2200000, range(191052755, 191052764)
Processing edges for vertex: 2300000, range(191302662, 191302663)
Graph populate time: 10.295
Total I/O time: 12.3748

Regional(EnergyStat) - Time 12.379198 Total energy consumed 555.638490 Ave. Power Level 44.884854 
Running on: 10 threads
Loaded graph from file: pnnl.bin
Memory used: 2949.12
Maximum degree for the graph: 5520
Iteration: 0, conflicts: 23
Iteration: 1, conflicts: 2
Iteration: 2, conflicts: 1
Iteration: 3, conflicts: 0
Total number of colors used: 1188
Total number of conflicts overall: 0
Number of rounds: 4
SUCCESS: No conflicts found
Coloring time: 1.02669
Memory used: 2949.12
Number of reordered colors: 1016
End position for large colors: 0, node count: 550682, largest: 550682
Node count cutoff: 472334
e_xx: 1.28546e+08, a2_x: 6.90767e+11, currMod: 0.671582
e_xx: 1.68763e+08, a2_x: 5.52883e+11, currMod: 0.881701
e_xx: 1.74941e+08, a2_x: 5.96731e+11, currMod: 0.913979
e_xx: 1.77319e+08, a2_x: 4.91539e+11, currMod: 0.926407
e_xx: 1.78407e+08, a2_x: 4.89684e+11, currMod: 0.932091
currMod: 0.926407, prevMod: -1
Louvain time: 12.1268
numClusters: 204251, time: 0.143171
Next phase: 2
Memory used: 2949.12
End Structure 1299785 204251 vs 2802002
Build next level time: 5.19676
Iteration time: 17.4723
Memory used: 2949.12
e_xx: 1.55637e+08, a2_x: 4.85951e+11, currMod: 0.922963
e_xx: 1.62201e+08, a2_x: 3.14608e+11, currMod: 0.9619
e_xx: 1.63342e+08, a2_x: 2.99706e+11, currMod: 0.968667
e_xx: 1.63719e+08, a2_x: 3.02217e+11, currMod: 0.970902
e_xx: 1.63767e+08, a2_x: 2.72237e+11, currMod: 0.971189
e_xx: 1.63887e+08, a2_x: 2.7247e+11, currMod: 0.9719
e_xx: 1.63873e+08, a2_x: 2.55857e+11, currMod: 0.971817
currMod: 0.9719, prevMod: 0.926407
Louvain time: 2.32386
numClusters: 57685, time: 0.021849
Next phase: 3
Memory used: 2949.12
End Structure 623759 57685 vs 1305194
Build next level time: 0.229233
Iteration time: 2.57609
Memory used: 2949.12
e_xx: 1.63887e+08, a2_x: 2.698e+11, currMod: 0.971872
e_xx: 1.64822e+08, a2_x: 6.02963e+10, currMod: 0.977421
e_xx: 1.64933e+08, a2_x: 1.07053e+11, currMod: 0.978079
e_xx: 1.6499e+08, a2_x: 9.0101e+10, currMod: 0.978418
e_xx: 1.64979e+08, a2_x: 9.72736e+10, currMod: 0.978351
currMod: 0.978418, prevMod: 0.9719
Louvain time: 0.8787
numClusters: 26758, time: 0.0069
Next phase: 4
Memory used: 2949.12
End Structure 211713 26758 vs 450183
Build next level time: 0.094964
Iteration time: 0.981166
Memory used: 2949.12
e_xx: 1.6499e+08, a2_x: 9.19635e+10, currMod: 0.978402
e_xx: 1.65231e+08, a2_x: 2.77041e+10, currMod: 0.979836
e_xx: 1.65281e+08, a2_x: -8.90821e+09, currMod: 0.98013
e_xx: 1.65283e+08, a2_x: 2.99224e+10, currMod: 0.98014
e_xx: 1.65282e+08, a2_x: -1.07413e+10, currMod: 0.980136
currMod: 0.98014, prevMod: 0.978418
Louvain time: 0.37368
numClusters: 22244, time: 0.004156
Next phase: 5
Memory used: 2949.12
End Structure 102174 22244 vs 226592
Build next level time: 0.049527
Iteration time: 0.427934
Memory used: 2949.12
e_xx: 1.65283e+08, a2_x: 2.88703e+10, currMod: 0.980137
e_xx: 1.65287e+08, a2_x: 9.14432e+09, currMod: 0.980165
e_xx: 1.65288e+08, a2_x: 4.62478e+09, currMod: 0.98017
e_xx: 1.65288e+08, a2_x: 2.74147e+09, currMod: 0.980169
currMod: 0.98017, prevMod: 0.98014
Louvain time: 0.171629
numClusters: 21996, time: 0.003634
Next phase: 6
Memory used: 2949.12
End Structure 81683 21996 vs 185362
Build next level time: 0.030682
Iteration time: 0.206298
Memory used: 2949.12
e_xx: 1.65288e+08, a2_x: 4.55615e+09, currMod: 0.98017
e_xx: 1.65288e+08, a2_x: 1.00639e+10, currMod: 0.980172
e_xx: 1.65288e+08, a2_x: 1.0019e+10, currMod: 0.980173
currMod: 0.980172, prevMod: 0.98017
Louvain time: 0.105446
numClusters: 21967, time: 0.003595
Next phase: 7
Memory used: 2949.12
End Structure 77997 21967 vs 177961
Build next level time: 0.028683
Iteration time: 0.137978
Memory used: 2949.12
e_xx: 1.65288e+08, a2_x: 1.02012e+10, currMod: 0.980172
e_xx: 1.65288e+08, a2_x: 1.03572e+10, currMod: 0.980172
currMod: 0.980172, prevMod: 0.980172
Louvain time: 0.06678
numClusters: 21967, time: 0.0036
Maximum degree for the graph: 476
Iteration: 0, conflicts: 0
Total number of colors used: 184
Total number of conflicts overall: 0
Number of rounds: 1
SUCCESS: No conflicts found
Number of reordered colors: 181
End position for large colors: 0, node count: 21530, largest: 21530
Node count cutoff: 4394
e_xx: 1.65288e+08, a2_x: 1.03572e+10, currMod: 0.980172
End Structure 77916 21966 vs 177798
currMod: 0.980172, prevMod: 0.980172
numClusters: 21966
Total iteration time: 21.8017

Loop 0 <line-37> - Time 0.000764 Total energy consumed 0.020505 Ave. Power Level 26.837987
	-------- Loop 0 (sock 1 consumed 0.000000, avg temp 43.500000, final temp 43 ) ------
	-------- Loop 0 (sock 2 consumed 0.020505, avg temp 37.500000, final temp 38 ) ------
Loop 1 <line-54> - Time 0.000553 Total energy consumed 0.000000 Ave. Power Level 0.000000
	-------- Loop 1 (sock 1 consumed 0.000000, avg temp 43.000000, final temp 42 ) ------
	-------- Loop 1 (sock 2 consumed 0.000000, avg temp 37.000000, final temp 37 ) ------
Loop 2 <line-76> - Time 0.000593 Total energy consumed 0.106215 Ave. Power Level 179.084773
	-------- Loop 2 (sock 1 consumed 0.057645, avg temp 42.500000, final temp 42 ) ------
	-------- Loop 2 (sock 2 consumed 0.048570, avg temp 36.500000, final temp 37 ) ------
Loop 3 <line-170> - Time 0.660859 Total energy consumed 34.799820 Ave. Power Level 52.658473
	-------- Loop 3 (sock 1 consumed 18.407895, avg temp 43.800000, final temp 43 ) ------
	-------- Loop 3 (sock 2 consumed 16.391925, avg temp 37.200000, final temp 38 ) ------
Loop 4 <line-192> - Time 0.000248 Total energy consumed 0.045255 Ave. Power Level 182.776851
	-------- Loop 4 (sock 1 consumed 0.024870, avg temp 43.000000, final temp 43 ) ------
	-------- Loop 4 (sock 2 consumed 0.020385, avg temp 37.500000, final temp 38 ) ------
Loop 5 <line-222> - Time 0.249816 Total energy consumed 13.125270 Ave. Power Level 52.539844
	-------- Loop 5 (sock 1 consumed 7.106790, avg temp 42.500000, final temp 42 ) ------
	-------- Loop 5 (sock 2 consumed 6.018480, avg temp 37.000000, final temp 38 ) ------
Loop 6 <line-116> - Time 0.002851 Total energy consumed 0.220425 Ave. Power Level 77.312943
	-------- Loop 6 (sock 1 consumed 0.123135, avg temp 43.000000, final temp 43 ) ------
	-------- Loop 6 (sock 2 consumed 0.097290, avg temp 37.714286, final temp 38 ) ------
Loop 7 <line-334> - Time 0.573604 Total energy consumed 27.593070 Ave. Power Level 48.104773
	-------- Loop 7 (sock 1 consumed 15.351735, avg temp 42.750000, final temp 42 ) ------
	-------- Loop 7 (sock 2 consumed 12.241335, avg temp 37.875000, final temp 39 ) ------
Loop 8 <line-353> - Time 0.000487 Total energy consumed 0.000000 Ave. Power Level 0.000000
	-------- Loop 8 (sock 1 consumed 0.000000, avg temp 42.750000, final temp 42 ) ------
	-------- Loop 8 (sock 2 consumed 0.000000, avg temp 37.875000, final temp 39 ) ------
Loop 9 <line-375> - Time 0.000757 Total energy consumed 0.151320 Ave. Power Level 200.016390
	-------- Loop 9 (sock 1 consumed 0.079740, avg temp 42.875000, final temp 42 ) ------
	-------- Loop 9 (sock 2 consumed 0.071580, avg temp 38.000000, final temp 39 ) ------
Loop 10 <line-85> - Time 0.148154 Total energy consumed 10.225920 Ave. Power Level 69.022408
	-------- Loop 10 (sock 1 consumed 5.061270, avg temp 42.500000, final temp 42 ) ------
	-------- Loop 10 (sock 2 consumed 5.164650, avg temp 38.000000, final temp 38 ) ------
Loop 11 <line-131> - Time 0.004307 Total energy consumed 0.361035 Ave. Power Level 83.816820
	-------- Loop 11 (sock 1 consumed 0.179265, avg temp 42.500000, final temp 42 ) ------
	-------- Loop 11 (sock 2 consumed 0.181770, avg temp 38.500000, final temp 39 ) ------
Loop 12 <line-167> - Time 0.240450 Total energy consumed 16.753335 Ave. Power Level 69.674981
	-------- Loop 12 (sock 1 consumed 8.310090, avg temp 43.000000, final temp 43 ) ------
	-------- Loop 12 (sock 2 consumed 8.443245, avg temp 38.000000, final temp 39 ) ------
Loop 13 <line-213> - Time 7.224874 Total energy consumed 521.704350 Ave. Power Level 72.209478
	-------- Loop 13 (sock 1 consumed 258.715935, avg temp 44.000000, final temp 43 ) ------
	-------- Loop 13 (sock 2 consumed 262.988415, avg temp 39.000000, final temp 39 ) ------
Loop 14 <line-99> - Time 5.196047 Total energy consumed 261.580935 Ave. Power Level 50.342298
	-------- Loop 14 (sock 1 consumed 142.007475, avg temp 43.000000, final temp 43 ) ------
	-------- Loop 14 (sock 2 consumed 119.573460, avg temp 37.714286, final temp 38 ) ------
Loop 15 <line-160> - Time 0.134581 Total energy consumed 7.315230 Ave. Power Level 54.355761
	-------- Loop 15 (sock 1 consumed 3.663735, avg temp 43.571429, final temp 44 ) ------
	-------- Loop 15 (sock 2 consumed 3.651495, avg temp 37.714286, final temp 38 ) ------
Loop 16 <line-269> - Time 3.893156 Total energy consumed 183.590610 Ave. Power Level 47.157267
	-------- Loop 16 (sock 1 consumed 92.451855, avg temp 42.884615, final temp 42 ) ------
	-------- Loop 16 (sock 2 consumed 91.138755, avg temp 37.346154, final temp 38 ) ------
Loop 17 <line-300> - Time 0.001915 Total energy consumed 0.106125 Ave. Power Level 55.413240
	-------- Loop 17 (sock 1 consumed 0.061020, avg temp 42.800000, final temp 44 ) ------
	-------- Loop 17 (sock 2 consumed 0.045105, avg temp 37.250000, final temp 37 ) ------
Loop 18 <line-148> - Time 0.000519 Total energy consumed 0.000000 Ave. Power Level 0.000000
	-------- Loop 18 (sock 1 consumed 0.000000, avg temp 43.000000, final temp 43 ) ------
	-------- Loop 18 (sock 2 consumed 0.000000, avg temp 38.000000, final temp 38 ) ------
Application(EnergyStat) - Time 35.329738 Total energy consumed 1856.218170 Ave. Power Level 52.539823 Final Temperature socket 1 : 43  socket 2 : 38 
	 ParallelApplication(EnergyStat) - Time 18.334533 Total energy consumed 1077.699420 Ave. Power Level 58.779760
Memory used: 1.32031
Loading 32-bit binary file: pnnl.bin, numvertices: 2361670, numEdges: 191402826
File read time: 2.11896
Before allocating graph
Allocated graph: 0x13b3570
Processing edges for vertex: 0, range(0, 166)
Processing edges for vertex: 100000, range(58444108, 58444133)
Processing edges for vertex: 200000, range(84376057, 84376362)
Processing edges for vertex: 300000, range(106069163, 106069503)
Processing edges for vertex: 400000, range(122097114, 122097513)
Processing edges for vertex: 500000, range(135096418, 135096483)
Processing edges for vertex: 600000, range(146097008, 146097061)
Processing edges for vertex: 700000, range(155415410, 155415531)
Processing edges for vertex: 800000, range(162595900, 162595989)
Processing edges for vertex: 900000, range(168508374, 168508464)
Processing edges for vertex: 1000000, range(173203321, 173203442)
Processing edges for vertex: 1100000, range(176935100, 176935110)
Processing edges for vertex: 1200000, range(179876260, 179876270)
Processing edges for vertex: 1300000, range(182240081, 182240092)
Processing edges for vertex: 1400000, range(184224513, 184224521)
Processing edges for vertex: 1500000, range(185795161, 185795170)
Processing edges for vertex: 1600000, range(187104124, 187104130)
Processing edges for vertex: 1700000, range(188148455, 188148461)
Processing edges for vertex: 1800000, range(188997836, 188997842)
Processing edges for vertex: 1900000, range(189691532, 189691535)
Processing edges for vertex: 2000000, range(190254658, 190254660)
Processing edges for vertex: 2100000, range(190705814, 190705822)
Processing edges for vertex: 2200000, range(191052755, 191052764)
Processing edges for vertex: 2300000, range(191302662, 191302663)
Graph populate time: 10.5335
Total I/O time: 12.6525

Regional(EnergyStat) - Time 12.656904 Total energy consumed 568.752450 Ave. Power Level 44.936144 
Running on: 10 threads
Loaded graph from file: pnnl.bin
Memory used: 2949.12
Maximum degree for the graph: 5520
Iteration: 0, conflicts: 14
Iteration: 1, conflicts: 2
Iteration: 2, conflicts: 1
Iteration: 3, conflicts: 0
Total number of colors used: 1187
Total number of conflicts overall: 0
Number of rounds: 4
SUCCESS: No conflicts found
Coloring time: 1.08548
Memory used: 2949.12
Number of reordered colors: 1001
End position for large colors: 0, node count: 550619, largest: 550619
Node count cutoff: 472334
e_xx: 1.21942e+08, a2_x: 6.4131e+11, currMod: 0.637077
e_xx: 1.63084e+08, a2_x: 5.96528e+11, currMod: 0.85203
e_xx: 1.6927e+08, a2_x: 5.44978e+11, currMod: 0.884348
e_xx: 1.71682e+08, a2_x: 5.15286e+11, currMod: 0.896955
e_xx: 1.73027e+08, a2_x: 5.10116e+11, currMod: 0.903979
currMod: 0.896955, prevMod: -1
Louvain time: 12.1387
numClusters: 204069, time: 0.148002
Next phase: 2
Memory used: 2949.12
End Structure 1297647 204069 vs 2797510
Build next level time: 5.12488
Iteration time: 17.4164
Memory used: 2949.12
e_xx: 1.67508e+08, a2_x: 5.09109e+11, currMod: 0.901156
e_xx: 1.795e+08, a2_x: 3.37591e+11, currMod: 0.965678
e_xx: 1.80806e+08, a2_x: 3.25816e+11, currMod: 0.972707
e_xx: 1.81098e+08, a2_x: 3.00212e+11, currMod: 0.974278
e_xx: 1.81169e+08, a2_x: 3.18579e+11, currMod: 0.974656
e_xx: 1.8128e+08, a2_x: 2.84261e+11, currMod: 0.975258
e_xx: 1.81294e+08, a2_x: 2.96487e+11, currMod: 0.975329
e_xx: 1.81369e+08, a2_x: 2.9197e+11, currMod: 0.975734
e_xx: 1.81353e+08, a2_x: 2.97579e+11, currMod: 0.975648
currMod: 0.975734, prevMod: 0.896955
Louvain time: 2.85721
numClusters: 52764, time: 0.020426
Next phase: 3
Memory used: 2949.12
End Structure 531505 52764 vs 1115761
Build next level time: 0.234874
Iteration time: 3.11333
Memory used: 2949.12
e_xx: 1.81368e+08, a2_x: 2.9204e+11, currMod: 0.975728
e_xx: 1.82214e+08, a2_x: 1.1518e+11, currMod: 0.980283
e_xx: 1.82307e+08, a2_x: 7.92659e+10, currMod: 0.980786
e_xx: 1.82391e+08, a2_x: 5.52858e+10, currMod: 0.981238
e_xx: 1.82341e+08, a2_x: 5.90389e+10, currMod: 0.980966
currMod: 0.981238, prevMod: 0.975734
Louvain time: 0.752773
numClusters: 25706, time: 0.006583
Next phase: 4
Memory used: 2949.12
End Structure 175460 25706 vs 376624
Build next level time: 0.106174
Iteration time: 0.866043
Memory used: 2949.12
e_xx: 1.82391e+08, a2_x: 5.49025e+10, currMod: 0.981218
e_xx: 1.82607e+08, a2_x: 3.00548e+10, currMod: 0.982377
e_xx: 1.82629e+08, a2_x: 1.20856e+10, currMod: 0.9825
e_xx: 1.82632e+08, a2_x: 2.88498e+10, currMod: 0.982511
e_xx: 1.82631e+08, a2_x: 3.39793e+10, currMod: 0.982507
currMod: 0.982511, prevMod: 0.981238
Louvain time: 0.328029
numClusters: 22170, time: 0.004196
Next phase: 5
Memory used: 2949.12
End Structure 88699 22170 vs 199568
Build next level time: 0.04441
Iteration time: 0.377036
Memory used: 2949.12
e_xx: 1.82632e+08, a2_x: 2.69674e+10, currMod: 0.982507
e_xx: 1.82637e+08, a2_x: 1.91169e+10, currMod: 0.982537
e_xx: 1.82639e+08, a2_x: 1.15208e+10, currMod: 0.982549
e_xx: 1.82638e+08, a2_x: 1.79805e+10, currMod: 0.982541
currMod: 0.982549, prevMod: 0.982511
Louvain time: 0.147635
numClusters: 21977, time: 0.003722
Next phase: 6
Memory used: 2949.12
End Structure 71223 21977 vs 164423
Build next level time: 0.031362
Iteration time: 0.182959
Memory used: 2949.12
e_xx: 1.82639e+08, a2_x: 1.31761e+10, currMod: 0.982549
e_xx: 1.82639e+08, a2_x: 1.54717e+10, currMod: 0.982549
currMod: 0.982549, prevMod: 0.982549
Louvain time: 0.060828
numClusters: 21977, time: 0.003682
Maximum degree for the graph: 473
Iteration: 0, conflicts: 0
Total number of colors used: 176
Total number of conflicts overall: 0
Number of rounds: 1
SUCCESS: No conflicts found
Number of reordered colors: 173
End position for large colors: 0, node count: 21561, largest: 21561
Node count cutoff: 4396
e_xx: 1.84765e+08, a2_x: 1.50832e+10, currMod: 0.993987
e_xx: 1.85085e+08, a2_x: 6.94746e+09, currMod: 0.995704
e_xx: 1.85018e+08, a2_x: 4.90699e+09, currMod: 0.995348
End Structure 2717 21624 vs 27058
currMod: 0.995704, prevMod: 0.982549
numClusters: 21624
Total iteration time: 21.9558

Loop 0 <line-37> - Time 0.000790 Total energy consumed 0.044130 Ave. Power Level 55.848953
	-------- Loop 0 (sock 1 consumed 0.023880, avg temp 44.500000, final temp 44 ) ------
	-------- Loop 0 (sock 2 consumed 0.020250, avg temp 37.000000, final temp 37 ) ------
Loop 1 <line-54> - Time 0.000538 Total energy consumed 0.000000 Ave. Power Level 0.000000
	-------- Loop 1 (sock 1 consumed 0.000000, avg temp 44.000000, final temp 44 ) ------
	-------- Loop 1 (sock 2 consumed 0.000000, avg temp 37.000000, final temp 37 ) ------
Loop 2 <line-76> - Time 0.000612 Total energy consumed 0.000000 Ave. Power Level 0.000000
	-------- Loop 2 (sock 1 consumed 0.000000, avg temp 44.000000, final temp 44 ) ------
	-------- Loop 2 (sock 2 consumed 0.000000, avg temp 37.000000, final temp 37 ) ------
Loop 3 <line-170> - Time 0.682468 Total energy consumed 35.174505 Ave. Power Level 51.540125
	-------- Loop 3 (sock 1 consumed 18.154140, avg temp 44.800000, final temp 44 ) ------
	-------- Loop 3 (sock 2 consumed 17.020365, avg temp 37.000000, final temp 37 ) ------
Loop 4 <line-192> - Time 0.000261 Total energy consumed 0.000000 Ave. Power Level 0.000000
	-------- Loop 4 (sock 1 consumed 0.000000, avg temp 44.500000, final temp 44 ) ------
	-------- Loop 4 (sock 2 consumed 0.000000, avg temp 37.000000, final temp 37 ) ------
Loop 5 <line-222> - Time 0.283523 Total energy consumed 14.367600 Ave. Power Level 50.675176
	-------- Loop 5 (sock 1 consumed 6.040080, avg temp 43.000000, final temp 44 ) ------
	-------- Loop 5 (sock 2 consumed 8.327520, avg temp 37.000000, final temp 37 ) ------
Loop 6 <line-116> - Time 0.001943 Total energy consumed 0.000000 Ave. Power Level 0.000000
	-------- Loop 6 (sock 1 consumed 0.000000, avg temp 45.166667, final temp 46 ) ------
	-------- Loop 6 (sock 2 consumed 0.000000, avg temp 36.833333, final temp 37 ) ------
Loop 7 <line-334> - Time 0.587842 Total energy consumed 27.623235 Ave. Power Level 46.990887
	-------- Loop 7 (sock 1 consumed 14.620170, avg temp 44.857143, final temp 44 ) ------
	-------- Loop 7 (sock 2 consumed 13.003065, avg temp 37.000000, final temp 38 ) ------
Loop 8 <line-353> - Time 0.000529 Total energy consumed 0.000000 Ave. Power Level 0.000000
	-------- Loop 8 (sock 1 consumed 0.000000, avg temp 44.857143, final temp 44 ) ------
	-------- Loop 8 (sock 2 consumed 0.000000, avg temp 37.000000, final temp 38 ) ------
Loop 9 <line-375> - Time 0.000769 Total energy consumed 0.072720 Ave. Power Level 94.560680
	-------- Loop 9 (sock 1 consumed 0.037410, avg temp 44.571429, final temp 44 ) ------
	-------- Loop 9 (sock 2 consumed 0.035310, avg temp 37.000000, final temp 38 ) ------
Loop 10 <line-85> - Time 0.145044 Total energy consumed 9.816435 Ave. Power Level 67.679135
	-------- Loop 10 (sock 1 consumed 4.752915, avg temp 44.000000, final temp 44 ) ------
	-------- Loop 10 (sock 2 consumed 5.063520, avg temp 37.500000, final temp 38 ) ------
Loop 11 <line-131> - Time 0.004489 Total energy consumed 0.354060 Ave. Power Level 78.873767
	-------- Loop 11 (sock 1 consumed 0.172575, avg temp 44.000000, final temp 44 ) ------
	-------- Loop 11 (sock 2 consumed 0.181485, avg temp 37.500000, final temp 38 ) ------
Loop 12 <line-167> - Time 0.248239 Total energy consumed 17.071095 Ave. Power Level 68.768840
	-------- Loop 12 (sock 1 consumed 8.356905, avg temp 44.000000, final temp 44 ) ------
	-------- Loop 12 (sock 2 consumed 8.714190, avg temp 37.500000, final temp 37 ) ------
Loop 13 <line-213> - Time 7.290025 Total energy consumed 516.063285 Ave. Power Level 70.790335
	-------- Loop 13 (sock 1 consumed 252.610485, avg temp 45.125000, final temp 44 ) ------
	-------- Loop 13 (sock 2 consumed 263.452800, avg temp 37.875000, final temp 37 ) ------
Loop 14 <line-99> - Time 5.106451 Total energy consumed 249.570180 Ave. Power Level 48.873504
	-------- Loop 14 (sock 1 consumed 127.928295, avg temp 44.833333, final temp 45 ) ------
	-------- Loop 14 (sock 2 consumed 121.641885, avg temp 37.000000, final temp 37 ) ------
Loop 15 <line-160> - Time 0.129328 Total energy consumed 6.847020 Ave. Power Level 52.943261
	-------- Loop 15 (sock 1 consumed 3.449025, avg temp 44.333333, final temp 45 ) ------
	-------- Loop 15 (sock 2 consumed 3.397995, avg temp 36.833333, final temp 37 ) ------
Loop 16 <line-269> - Time 4.121811 Total energy consumed 193.821015 Ave. Power Level 47.023269
	-------- Loop 16 (sock 1 consumed 96.737475, avg temp 43.720000, final temp 44 ) ------
	-------- Loop 16 (sock 2 consumed 97.083540, avg temp 37.200000, final temp 37 ) ------
Loop 17 <line-300> - Time 0.002089 Total energy consumed 0.088440 Ave. Power Level 42.343931
	-------- Loop 17 (sock 1 consumed 0.043140, avg temp 43.700000, final temp 44 ) ------
	-------- Loop 17 (sock 2 consumed 0.045300, avg temp 37.200000, final temp 37 ) ------
Loop 18 <line-148> - Time 0.000399 Total energy consumed 0.000000 Ave. Power Level 0.000000
	-------- Loop 18 (sock 1 consumed 0.000000, avg temp 44.000000, final temp 44 ) ------
	-------- Loop 18 (sock 2 consumed 0.000000, avg temp 37.000000, final temp 37 ) ------
Application(EnergyStat) - Time 35.805213 Total energy consumed 1859.060670 Ave. Power Level 51.921508 Final Temperature socket 1 : 45  socket 2 : 37 
	 ParallelApplication(EnergyStat) - Time 18.607149 Total energy consumed 1070.913720 Ave. Power Level 57.553884
Memory used: 1.32031
Loading 32-bit binary file: pnnl.bin, numvertices: 2361670, numEdges: 191402826
File read time: 2.08783
Before allocating graph
Allocated graph: 0xc4e570
Processing edges for vertex: 0, range(0, 166)
Processing edges for vertex: 100000, range(58444108, 58444133)
Processing edges for vertex: 200000, range(84376057, 84376362)
Processing edges for vertex: 300000, range(106069163, 106069503)
Processing edges for vertex: 400000, range(122097114, 122097513)
Processing edges for vertex: 500000, range(135096418, 135096483)
Processing edges for vertex: 600000, range(146097008, 146097061)
Processing edges for vertex: 700000, range(155415410, 155415531)
Processing edges for vertex: 800000, range(162595900, 162595989)
Processing edges for vertex: 900000, range(168508374, 168508464)
Processing edges for vertex: 1000000, range(173203321, 173203442)
Processing edges for vertex: 1100000, range(176935100, 176935110)
Processing edges for vertex: 1200000, range(179876260, 179876270)
Processing edges for vertex: 1300000, range(182240081, 182240092)
Processing edges for vertex: 1400000, range(184224513, 184224521)
Processing edges for vertex: 1500000, range(185795161, 185795170)
Processing edges for vertex: 1600000, range(187104124, 187104130)
Processing edges for vertex: 1700000, range(188148455, 188148461)
Processing edges for vertex: 1800000, range(188997836, 188997842)
Processing edges for vertex: 1900000, range(189691532, 189691535)
Processing edges for vertex: 2000000, range(190254658, 190254660)
Processing edges for vertex: 2100000, range(190705814, 190705822)
Processing edges for vertex: 2200000, range(191052755, 191052764)
Processing edges for vertex: 2300000, range(191302662, 191302663)
Graph populate time: 10.3165
Total I/O time: 12.4044

Regional(EnergyStat) - Time 12.408852 Total energy consumed 555.418560 Ave. Power Level 44.759866 
Running on: 10 threads
Loaded graph from file: pnnl.bin
Memory used: 2949.12
Maximum degree for the graph: 5520
Iteration: 0, conflicts: 52
Iteration: 1, conflicts: 27
Iteration: 2, conflicts: 21
Iteration: 3, conflicts: 17
Iteration: 4, conflicts: 13
Iteration: 5, conflicts: 10
Iteration: 6, conflicts: 7
Iteration: 7, conflicts: 5
Iteration: 8, conflicts: 3
Iteration: 9, conflicts: 2
Iteration: 10, conflicts: 1
Iteration: 11, conflicts: 0
Total number of colors used: 1187
Total number of conflicts overall: 0
Number of rounds: 12
SUCCESS: No conflicts found
Coloring time: 1.09823
Memory used: 2949.12
Number of reordered colors: 1018
End position for large colors: 0, node count: 550625, largest: 550625
Node count cutoff: 472334
e_xx: 1.30122e+08, a2_x: 5.95471e+11, currMod: 0.679818
e_xx: 1.68798e+08, a2_x: 5.69142e+11, currMod: 0.881883
e_xx: 1.74633e+08, a2_x: 5.39929e+11, currMod: 0.91237
e_xx: 1.77069e+08, a2_x: 5.11053e+11, currMod: 0.925095
e_xx: 1.78274e+08, a2_x: 5.42394e+11, currMod: 0.931394
currMod: 0.925095, prevMod: -1
Louvain time: 12.1786
numClusters: 204282, time: 0.147333
Next phase: 2
Memory used: 2949.12
End Structure 1302529 204282 vs 2807610
Build next level time: 5.35816
Iteration time: 17.6884
Memory used: 2949.12
e_xx: 1.55333e+08, a2_x: 5.3859e+11, currMod: 0.922094
e_xx: 1.61957e+08, a2_x: 3.44444e+11, currMod: 0.961423
e_xx: 1.633e+08, a2_x: 3.04899e+11, currMod: 0.969394
e_xx: 1.63617e+08, a2_x: 2.9109e+11, currMod: 0.971278
e_xx: 1.63749e+08, a2_x: 3.24353e+11, currMod: 0.972062
e_xx: 1.63884e+08, a2_x: 3.15031e+11, currMod: 0.972859
e_xx: 1.63931e+08, a2_x: 3.30305e+11, currMod: 0.97314
e_xx: 1.64007e+08, a2_x: 3.09653e+11, currMod: 0.973591
e_xx: 1.64014e+08, a2_x: 3.26478e+11, currMod: 0.973636
e_xx: 1.64065e+08, a2_x: 3.2288e+11, currMod: 0.973935
e_xx: 1.64052e+08, a2_x: 3.26176e+11, currMod: 0.973859
currMod: 0.973935, prevMod: 0.925095
Louvain time: 3.40102
numClusters: 51526, time: 0.020075
Next phase: 3
Memory used: 2949.12
End Structure 500017 51526 vs 1051549
Build next level time: 0.24496
Iteration time: 3.66708
Memory used: 2949.12
e_xx: 1.64065e+08, a2_x: 3.24603e+11, currMod: 0.973902
e_xx: 1.64837e+08, a2_x: 1.15866e+11, currMod: 0.978497
e_xx: 1.64909e+08, a2_x: 8.45539e+10, currMod: 0.978922
e_xx: 1.65e+08, a2_x: 7.99925e+10, currMod: 0.979461
e_xx: 1.64924e+08, a2_x: 5.71553e+10, currMod: 0.979016
currMod: 0.979461, prevMod: 0.973935
Louvain time: 0.728816
numClusters: 25651, time: 0.006516
Next phase: 4
Memory used: 2949.12
End Structure 177397 25651 vs 380445
Build next level time: 0.100619
Iteration time: 0.836447
Memory used: 2949.12
e_xx: 1.65e+08, a2_x: 7.77089e+10, currMod: 0.979449
e_xx: 1.65221e+08, a2_x: 1.79713e+10, currMod: 0.980763
e_xx: 1.65291e+08, a2_x: 3.7083e+09, currMod: 0.98118
e_xx: 1.65253e+08, a2_x: 9.28375e+09, currMod: 0.980955
currMod: 0.98118, prevMod: 0.979461
Louvain time: 0.271416
numClusters: 22306, time: 0.004187
Next phase: 5
Memory used: 2949.12
End Structure 99978 22306 vs 222262
Build next level time: 0.048586
Iteration time: 0.324643
Memory used: 2949.12
e_xx: 1.65291e+08, a2_x: 3.24286e+09, currMod: 0.981178
e_xx: 1.6531e+08, a2_x: -2.51459e+09, currMod: 0.981293
e_xx: 1.65299e+08, a2_x: -1.56254e+10, currMod: 0.981226
currMod: 0.981293, prevMod: 0.98118
Louvain time: 0.127812
numClusters: 22075, time: 0.003717
Next phase: 6
Memory used: 2949.12
End Structure 89477 22075 vs 201029
Build next level time: 0.033188
Iteration time: 0.164943
Memory used: 2949.12
e_xx: 1.6531e+08, a2_x: -7.99174e+08, currMod: 0.981292
e_xx: 1.6531e+08, a2_x: -1.02978e+10, currMod: 0.981294
e_xx: 1.6531e+08, a2_x: -1.14193e+10, currMod: 0.981294
currMod: 0.981294, prevMod: 0.981293
Louvain time: 0.115801
numClusters: 22028, time: 0.003719
Next phase: 7
Memory used: 2949.12
End Structure 86422 22028 vs 194872
Build next level time: 0.035798
Iteration time: 0.155536
Memory used: 2949.12
e_xx: 1.6531e+08, a2_x: -1.05723e+10, currMod: 0.981294
e_xx: 1.6531e+08, a2_x: -9.30834e+09, currMod: 0.981294
currMod: 0.981294, prevMod: 0.981294
Louvain time: 0.075146
numClusters: 22028, time: 0.003686
Maximum degree for the graph: 519
Iteration: 0, conflicts: 0
Total number of colors used: 181
Total number of conflicts overall: 0
Number of rounds: 1
SUCCESS: No conflicts found
Number of reordered colors: 175
End position for large colors: 0, node count: 21551, largest: 21551
Node count cutoff: 4406
e_xx: 1.6531e+08, a2_x: -9.30834e+09, currMod: 0.981294
End Structure 86092 22025 vs 194209
currMod: 0.981294, prevMod: 0.981294
numClusters: 22025
Total iteration time: 22.837

Loop 0 <line-37> - Time 0.000797 Total energy consumed 0.067590 Ave. Power Level 84.857052
	-------- Loop 0 (sock 1 consumed 0.047355, avg temp 44.000000, final temp 44 ) ------
	-------- Loop 0 (sock 2 consumed 0.020235, avg temp 37.000000, final temp 37 ) ------
Loop 1 <line-54> - Time 0.000549 Total energy consumed 0.000000 Ave. Power Level 0.000000
	-------- Loop 1 (sock 1 consumed 0.000000, avg temp 44.500000, final temp 44 ) ------
	-------- Loop 1 (sock 2 consumed 0.000000, avg temp 36.500000, final temp 37 ) ------
Loop 2 <line-76> - Time 0.000609 Total energy consumed 0.000000 Ave. Power Level 0.000000
	-------- Loop 2 (sock 1 consumed 0.000000, avg temp 44.500000, final temp 44 ) ------
	-------- Loop 2 (sock 2 consumed 0.000000, avg temp 36.500000, final temp 37 ) ------
Loop 3 <line-170> - Time 0.691633 Total energy consumed 35.366715 Ave. Power Level 51.135101
	-------- Loop 3 (sock 1 consumed 18.787695, avg temp 44.769231, final temp 44 ) ------
	-------- Loop 3 (sock 2 consumed 16.579020, avg temp 37.000000, final temp 37 ) ------
Loop 4 <line-192> - Time 0.000250 Total energy consumed 0.000000 Ave. Power Level 0.000000
	-------- Loop 4 (sock 1 consumed 0.000000, avg temp 44.500000, final temp 44 ) ------
	-------- Loop 4 (sock 2 consumed 0.000000, avg temp 37.000000, final temp 37 ) ------
Loop 5 <line-222> - Time 0.285685 Total energy consumed 14.524650 Ave. Power Level 50.841499
	-------- Loop 5 (sock 1 consumed 6.110055, avg temp 43.500000, final temp 44 ) ------
	-------- Loop 5 (sock 2 consumed 8.414595, avg temp 37.000000, final temp 37 ) ------
Loop 6 <line-116> - Time 0.002168 Total energy consumed 0.046035 Ave. Power Level 21.229009
	-------- Loop 6 (sock 1 consumed 0.025680, avg temp 44.428571, final temp 44 ) ------
	-------- Loop 6 (sock 2 consumed 0.020355, avg temp 37.428571, final temp 38 ) ------
Loop 7 <line-334> - Time 0.590664 Total energy consumed 27.659805 Ave. Power Level 46.828345
	-------- Loop 7 (sock 1 consumed 15.051855, avg temp 44.750000, final temp 45 ) ------
	-------- Loop 7 (sock 2 consumed 12.607950, avg temp 37.125000, final temp 37 ) ------
Loop 8 <line-353> - Time 0.000526 Total energy consumed 0.000000 Ave. Power Level 0.000000
	-------- Loop 8 (sock 1 consumed 0.000000, avg temp 44.750000, final temp 45 ) ------
	-------- Loop 8 (sock 2 consumed 0.000000, avg temp 37.125000, final temp 37 ) ------
Loop 9 <line-375> - Time 0.000755 Total energy consumed 0.000000 Ave. Power Level 0.000000
	-------- Loop 9 (sock 1 consumed 0.000000, avg temp 44.625000, final temp 45 ) ------
	-------- Loop 9 (sock 2 consumed 0.000000, avg temp 37.125000, final temp 37 ) ------
Loop 10 <line-85> - Time 0.154609 Total energy consumed 10.626210 Ave. Power Level 68.729648
	-------- Loop 10 (sock 1 consumed 5.146305, avg temp 44.250000, final temp 44 ) ------
	-------- Loop 10 (sock 2 consumed 5.479905, avg temp 37.000000, final temp 37 ) ------
Loop 11 <line-131> - Time 0.004496 Total energy consumed 0.318750 Ave. Power Level 70.896620
	-------- Loop 11 (sock 1 consumed 0.172875, avg temp 44.500000, final temp 44 ) ------
	-------- Loop 11 (sock 2 consumed 0.145875, avg temp 37.000000, final temp 37 ) ------
Loop 12 <line-167> - Time 0.251619 Total energy consumed 17.413980 Ave. Power Level 69.207730
	-------- Loop 12 (sock 1 consumed 8.482035, avg temp 44.500000, final temp 44 ) ------
	-------- Loop 12 (sock 2 consumed 8.931945, avg temp 37.500000, final temp 38 ) ------
Loop 13 <line-213> - Time 7.220601 Total energy consumed 511.625625 Ave. Power Level 70.856381
	-------- Loop 13 (sock 1 consumed 251.960055, avg temp 46.000000, final temp 44 ) ------
	-------- Loop 13 (sock 2 consumed 259.665570, avg temp 38.333333, final temp 37 ) ------
Loop 14 <line-99> - Time 5.326260 Total energy consumed 262.564545 Ave. Power Level 49.296230
	-------- Loop 14 (sock 1 consumed 135.741375, avg temp 44.428571, final temp 45 ) ------
	-------- Loop 14 (sock 2 consumed 126.823170, avg temp 37.571429, final temp 38 ) ------
Loop 15 <line-160> - Time 0.146475 Total energy consumed 7.782780 Ave. Power Level 53.133770
	-------- Loop 15 (sock 1 consumed 3.744315, avg temp 44.142857, final temp 45 ) ------
	-------- Loop 15 (sock 2 consumed 4.038465, avg temp 37.142857, final temp 38 ) ------
Loop 16 <line-269> - Time 4.693623 Total energy consumed 221.320635 Ave. Power Level 47.153477
	-------- Loop 16 (sock 1 consumed 104.231235, avg temp 43.464286, final temp 43 ) ------
	-------- Loop 16 (sock 2 consumed 117.089400, avg temp 37.571429, final temp 38 ) ------
Loop 17 <line-300> - Time 0.002511 Total energy consumed 0.000000 Ave. Power Level 0.000000
	-------- Loop 17 (sock 1 consumed 0.000000, avg temp 43.500000, final temp 43 ) ------
	-------- Loop 17 (sock 2 consumed 0.000000, avg temp 37.590909, final temp 37 ) ------
Loop 18 <line-148> - Time 0.000419 Total energy consumed 0.056565 Ave. Power Level 134.883466
	-------- Loop 18 (sock 1 consumed 0.029460, avg temp 44.000000, final temp 44 ) ------
	-------- Loop 18 (sock 2 consumed 0.027105, avg temp 37.000000, final temp 37 ) ------
Application(EnergyStat) - Time 36.477776 Total energy consumed 1890.111930 Ave. Power Level 51.815438 Final Temperature socket 1 : 45  socket 2 : 38 
	 ParallelApplication(EnergyStat) - Time 19.374248 Total energy consumed 1109.373885 Ave. Power Level 57.260230
Memory used: 1.32031
Loading 32-bit binary file: pnnl.bin, numvertices: 2361670, numEdges: 191402826
File read time: 2.10623
Before allocating graph
Allocated graph: 0x2076570
Processing edges for vertex: 0, range(0, 166)
Processing edges for vertex: 100000, range(58444108, 58444133)
Processing edges for vertex: 200000, range(84376057, 84376362)
Processing edges for vertex: 300000, range(106069163, 106069503)
Processing edges for vertex: 400000, range(122097114, 122097513)
Processing edges for vertex: 500000, range(135096418, 135096483)
Processing edges for vertex: 600000, range(146097008, 146097061)
Processing edges for vertex: 700000, range(155415410, 155415531)
Processing edges for vertex: 800000, range(162595900, 162595989)
Processing edges for vertex: 900000, range(168508374, 168508464)
Processing edges for vertex: 1000000, range(173203321, 173203442)
Processing edges for vertex: 1100000, range(176935100, 176935110)
Processing edges for vertex: 1200000, range(179876260, 179876270)
Processing edges for vertex: 1300000, range(182240081, 182240092)
Processing edges for vertex: 1400000, range(184224513, 184224521)
Processing edges for vertex: 1500000, range(185795161, 185795170)
Processing edges for vertex: 1600000, range(187104124, 187104130)
Processing edges for vertex: 1700000, range(188148455, 188148461)
Processing edges for vertex: 1800000, range(188997836, 188997842)
Processing edges for vertex: 1900000, range(189691532, 189691535)
Processing edges for vertex: 2000000, range(190254658, 190254660)
Processing edges for vertex: 2100000, range(190705814, 190705822)
Processing edges for vertex: 2200000, range(191052755, 191052764)
Processing edges for vertex: 2300000, range(191302662, 191302663)
Graph populate time: 10.6082
Total I/O time: 12.7144

Regional(EnergyStat) - Time 12.718781 Total energy consumed 563.403420 Ave. Power Level 44.296968 
Running on: 10 threads
Loaded graph from file: pnnl.bin
Memory used: 2949.12
Maximum degree for the graph: 5520
Iteration: 0, conflicts: 22
Iteration: 1, conflicts: 1
Iteration: 2, conflicts: 0
Total number of colors used: 1184
Total number of conflicts overall: 0
Number of rounds: 3
SUCCESS: No conflicts found
Coloring time: 1.067
Memory used: 2949.12
Number of reordered colors: 1018
End position for large colors: 0, node count: 550622, largest: 550622
Node count cutoff: 472334
e_xx: 1.27775e+08, a2_x: 6.41734e+11, currMod: 0.667556
e_xx: 1.67912e+08, a2_x: 5.65292e+11, currMod: 0.877255
e_xx: 1.74358e+08, a2_x: 5.27676e+11, currMod: 0.910932
e_xx: 1.76823e+08, a2_x: 5.40408e+11, currMod: 0.923813
e_xx: 1.77942e+08, a2_x: 5.14964e+11, currMod: 0.929657
currMod: 0.923813, prevMod: -1
Louvain time: 12.1022
numClusters: 204009, time: 0.127381
Next phase: 2
Memory used: 2949.12
End Structure 1288614 204009 vs 2779477
Build next level time: 5.91447
Iteration time: 18.1491
Memory used: 2949.12
e_xx: 1.54863e+08, a2_x: 5.12075e+11, currMod: 0.920056
e_xx: 1.61958e+08, a2_x: 3.4913e+11, currMod: 0.962213
e_xx: 1.63298e+08, a2_x: 2.68346e+11, currMod: 0.970178
e_xx: 1.63603e+08, a2_x: 2.4536e+11, currMod: 0.971988
e_xx: 1.63788e+08, a2_x: 2.72543e+11, currMod: 0.973087
e_xx: 1.63878e+08, a2_x: 2.35033e+11, currMod: 0.973622
e_xx: 1.63908e+08, a2_x: 2.66023e+11, currMod: 0.973801
e_xx: 1.63956e+08, a2_x: 2.29317e+11, currMod: 0.974085
e_xx: 1.63963e+08, a2_x: 2.67949e+11, currMod: 0.974126
e_xx: 1.63991e+08, a2_x: 2.35918e+11, currMod: 0.974296
e_xx: 1.63988e+08, a2_x: 2.59985e+11, currMod: 0.974276
currMod: 0.974296, prevMod: 0.923813
Louvain time: 3.15031
numClusters: 44470, time: 0.01854
Next phase: 3
Memory used: 2949.12
End Structure 387174 44470 vs 818812
Build next level time: 0.281021
Iteration time: 3.4511
Memory used: 2949.12
e_xx: 1.63991e+08, a2_x: 2.32458e+11, currMod: 0.974259
e_xx: 1.64792e+08, a2_x: 7.87705e+10, currMod: 0.979025
e_xx: 1.64916e+08, a2_x: 6.63504e+10, currMod: 0.979761
e_xx: 1.64996e+08, a2_x: 7.31208e+10, currMod: 0.980235
e_xx: 1.64961e+08, a2_x: 7.11499e+10, currMod: 0.980029
currMod: 0.980235, prevMod: 0.974296
Louvain time: 0.623882
numClusters: 24559, time: 0.005888
Next phase: 4
Memory used: 2949.12
End Structure 155412 24559 vs 335383
Build next level time: 0.076099
Iteration time: 0.706557
Memory used: 2949.12
e_xx: 1.64996e+08, a2_x: 7.2435e+10, currMod: 0.980226
e_xx: 1.65092e+08, a2_x: 2.32429e+10, currMod: 0.980796
e_xx: 1.65099e+08, a2_x: 8.24947e+10, currMod: 0.980837
e_xx: 1.65101e+08, a2_x: 6.76837e+10, currMod: 0.980849
e_xx: 1.65101e+08, a2_x: 5.81338e+10, currMod: 0.980852
e_xx: 1.65101e+08, a2_x: 3.93641e+10, currMod: 0.980851
currMod: 0.980852, prevMod: 0.980235
Louvain time: 0.367353
numClusters: 22166, time: 0.003952
Next phase: 5
Memory used: 2949.12
End Structure 86406 22166 vs 194978
Build next level time: 0.035911
Iteration time: 0.407708
Memory used: 2949.12
e_xx: 1.65101e+08, a2_x: 5.76524e+10, currMod: 0.980851
e_xx: 1.65104e+08, a2_x: 2.55566e+10, currMod: 0.98087
e_xx: 1.65104e+08, a2_x: 1.82723e+10, currMod: 0.980866
currMod: 0.98087, prevMod: 0.980852
Louvain time: 0.111286
numClusters: 22043, time: 0.003595
Next phase: 6
Memory used: 2949.12
End Structure 77633 22043 vs 177309
Build next level time: 0.027792
Iteration time: 0.143078
Memory used: 2949.12
e_xx: 1.65104e+08, a2_x: 2.63954e+10, currMod: 0.98087
e_xx: 1.65104e+08, a2_x: 3.29554e+10, currMod: 0.98087
currMod: 0.98087, prevMod: 0.98087
Louvain time: 0.067027
numClusters: 22043, time: 0.003594
Maximum degree for the graph: 532
Iteration: 0, conflicts: 0
Total number of colors used: 177
Total number of conflicts overall: 0
Number of rounds: 1
SUCCESS: No conflicts found
Number of reordered colors: 176
End position for large colors: 0, node count: 21595, largest: 21595
Node count cutoff: 4409
e_xx: 1.65105e+08, a2_x: 2.49128e+10, currMod: 0.980871
e_xx: 1.65117e+08, a2_x: 2.36825e+10, currMod: 0.980947
e_xx: 1.65229e+08, a2_x: 2.05377e+10, currMod: 0.981608
e_xx: 1.65234e+08, a2_x: 3.03777e+10, currMod: 0.98164
e_xx: 1.6561e+08, a2_x: 2.294e+10, currMod: 0.983873
e_xx: 1.67933e+08, a2_x: -3.23533e+09, currMod: 0.997677
e_xx: 1.68126e+08, a2_x: 5.82956e+09, currMod: 0.998819
e_xx: 1.68084e+08, a2_x: 4.65281e+09, currMod: 0.998571
End Structure 539 21614 vs 22692
currMod: 0.998819, prevMod: 0.98087
numClusters: 21614
Total iteration time: 22.8575

Loop 0 <line-37> - Time 0.000739 Total energy consumed 0.045075 Ave. Power Level 60.997971
	-------- Loop 0 (sock 1 consumed 0.024855, avg temp 43.500000, final temp 43 ) ------
	-------- Loop 0 (sock 2 consumed 0.020220, avg temp 37.000000, final temp 38 ) ------
Loop 1 <line-54> - Time 0.000514 Total energy consumed 0.069705 Ave. Power Level 135.515027
	-------- Loop 1 (sock 1 consumed 0.049635, avg temp 43.000000, final temp 43 ) ------
	-------- Loop 1 (sock 2 consumed 0.020070, avg temp 37.500000, final temp 38 ) ------
Loop 2 <line-76> - Time 0.000601 Total energy consumed 0.000000 Ave. Power Level 0.000000
	-------- Loop 2 (sock 1 consumed 0.000000, avg temp 43.000000, final temp 43 ) ------
	-------- Loop 2 (sock 2 consumed 0.000000, avg temp 37.500000, final temp 38 ) ------
Loop 3 <line-170> - Time 0.666127 Total energy consumed 34.734405 Ave. Power Level 52.143803
	-------- Loop 3 (sock 1 consumed 19.537410, avg temp 43.750000, final temp 43 ) ------
	-------- Loop 3 (sock 2 consumed 15.196995, avg temp 38.000000, final temp 38 ) ------
Loop 4 <line-192> - Time 0.000174 Total energy consumed 0.000000 Ave. Power Level 0.000000
	-------- Loop 4 (sock 1 consumed 0.000000, avg temp 43.500000, final temp 43 ) ------
	-------- Loop 4 (sock 2 consumed 0.000000, avg temp 38.000000, final temp 38 ) ------
Loop 5 <line-222> - Time 0.284474 Total energy consumed 14.457420 Ave. Power Level 50.821515
	-------- Loop 5 (sock 1 consumed 6.277590, avg temp 43.500000, final temp 43 ) ------
	-------- Loop 5 (sock 2 consumed 8.179830, avg temp 37.500000, final temp 38 ) ------
Loop 6 <line-116> - Time 0.002566 Total energy consumed 0.071220 Ave. Power Level 27.753076
	-------- Loop 6 (sock 1 consumed 0.045540, avg temp 43.333333, final temp 43 ) ------
	-------- Loop 6 (sock 2 consumed 0.025680, avg temp 37.833333, final temp 38 ) ------
Loop 7 <line-334> - Time 0.566380 Total energy consumed 27.526605 Ave. Power Level 48.600964
	-------- Loop 7 (sock 1 consumed 14.696265, avg temp 43.142857, final temp 43 ) ------
	-------- Loop 7 (sock 2 consumed 12.830340, avg temp 37.571429, final temp 37 ) ------
Loop 8 <line-353> - Time 0.000453 Total energy consumed 0.000000 Ave. Power Level 0.000000
	-------- Loop 8 (sock 1 consumed 0.000000, avg temp 43.142857, final temp 43 ) ------
	-------- Loop 8 (sock 2 consumed 0.000000, avg temp 37.571429, final temp 37 ) ------
Loop 9 <line-375> - Time 0.000664 Total energy consumed 0.000000 Ave. Power Level 0.000000
	-------- Loop 9 (sock 1 consumed 0.000000, avg temp 43.142857, final temp 43 ) ------
	-------- Loop 9 (sock 2 consumed 0.000000, avg temp 37.571429, final temp 37 ) ------
Loop 10 <line-85> - Time 0.151724 Total energy consumed 10.502715 Ave. Power Level 69.222532
	-------- Loop 10 (sock 1 consumed 5.597400, avg temp 43.500000, final temp 43 ) ------
	-------- Loop 10 (sock 2 consumed 4.905315, avg temp 37.500000, final temp 38 ) ------
Loop 11 <line-131> - Time 0.004359 Total energy consumed 0.259215 Ave. Power Level 59.461765
	-------- Loop 11 (sock 1 consumed 0.158145, avg temp 43.500000, final temp 43 ) ------
	-------- Loop 11 (sock 2 consumed 0.101070, avg temp 37.500000, final temp 38 ) ------
Loop 12 <line-167> - Time 0.185170 Total energy consumed 12.991995 Ave. Power Level 70.162687
	-------- Loop 12 (sock 1 consumed 6.978210, avg temp 43.000000, final temp 43 ) ------
	-------- Loop 12 (sock 2 consumed 6.013785, avg temp 37.500000, final temp 38 ) ------
Loop 13 <line-213> - Time 7.248517 Total energy consumed 522.101790 Ave. Power Level 72.028777
	-------- Loop 13 (sock 1 consumed 279.925215, avg temp 43.384615, final temp 43 ) ------
	-------- Loop 13 (sock 2 consumed 242.176575, avg temp 38.307692, final temp 39 ) ------
Loop 14 <line-99> - Time 5.988557 Total energy consumed 300.152880 Ave. Power Level 50.121072
	-------- Loop 14 (sock 1 consumed 159.053610, avg temp 43.166667, final temp 42 ) ------
	-------- Loop 14 (sock 2 consumed 141.099270, avg temp 37.833333, final temp 38 ) ------
Loop 15 <line-160> - Time 0.103057 Total energy consumed 5.532495 Ave. Power Level 53.683895
	-------- Loop 15 (sock 1 consumed 2.527155, avg temp 42.833333, final temp 42 ) ------
	-------- Loop 15 (sock 2 consumed 3.005340, avg temp 38.166667, final temp 38 ) ------
Loop 16 <line-269> - Time 4.295938 Total energy consumed 202.106760 Ave. Power Level 47.046009
	-------- Loop 16 (sock 1 consumed 93.880995, avg temp 43.185185, final temp 43 ) ------
	-------- Loop 16 (sock 2 consumed 108.225765, avg temp 37.740741, final temp 37 ) ------
Loop 17 <line-300> - Time 0.002703 Total energy consumed 0.024000 Ave. Power Level 8.879562
	-------- Loop 17 (sock 1 consumed 0.000000, avg temp 43.136364, final temp 42 ) ------
	-------- Loop 17 (sock 2 consumed 0.024000, avg temp 37.681818, final temp 38 ) ------
Loop 18 <line-148> - Time 0.000496 Total energy consumed 0.080985 Ave. Power Level 163.155816
	-------- Loop 18 (sock 1 consumed 0.052560, avg temp 43.000000, final temp 43 ) ------
	-------- Loop 18 (sock 2 consumed 0.028425, avg temp 38.000000, final temp 38 ) ------
Application(EnergyStat) - Time 36.778792 Total energy consumed 1914.048690 Ave. Power Level 52.042184 Final Temperature socket 1 : 43  socket 2 : 38 
	 ParallelApplication(EnergyStat) - Time 19.503214 Total energy consumed 1130.657265 Ave. Power Level 57.972868
Memory used: 1.32031
Loading 32-bit binary file: pnnl.bin, numvertices: 2361670, numEdges: 191402826
File read time: 2.09753
Before allocating graph
Allocated graph: 0x22d2570
Processing edges for vertex: 0, range(0, 166)
Processing edges for vertex: 100000, range(58444108, 58444133)
Processing edges for vertex: 200000, range(84376057, 84376362)
Processing edges for vertex: 300000, range(106069163, 106069503)
Processing edges for vertex: 400000, range(122097114, 122097513)
Processing edges for vertex: 500000, range(135096418, 135096483)
Processing edges for vertex: 600000, range(146097008, 146097061)
Processing edges for vertex: 700000, range(155415410, 155415531)
Processing edges for vertex: 800000, range(162595900, 162595989)
Processing edges for vertex: 900000, range(168508374, 168508464)
Processing edges for vertex: 1000000, range(173203321, 173203442)
Processing edges for vertex: 1100000, range(176935100, 176935110)
Processing edges for vertex: 1200000, range(179876260, 179876270)
Processing edges for vertex: 1300000, range(182240081, 182240092)
Processing edges for vertex: 1400000, range(184224513, 184224521)
Processing edges for vertex: 1500000, range(185795161, 185795170)
Processing edges for vertex: 1600000, range(187104124, 187104130)
Processing edges for vertex: 1700000, range(188148455, 188148461)
Processing edges for vertex: 1800000, range(188997836, 188997842)
Processing edges for vertex: 1900000, range(189691532, 189691535)
Processing edges for vertex: 2000000, range(190254658, 190254660)
Processing edges for vertex: 2100000, range(190705814, 190705822)
Processing edges for vertex: 2200000, range(191052755, 191052764)
Processing edges for vertex: 2300000, range(191302662, 191302663)
Graph populate time: 10.2811
Total I/O time: 12.3787

Regional(EnergyStat) - Time 12.382959 Total energy consumed 554.653650 Ave. Power Level 44.791688 
Running on: 10 threads
Loaded graph from file: pnnl.bin
Memory used: 2949.12
Maximum degree for the graph: 5520
Iteration: 0, conflicts: 11
Iteration: 1, conflicts: 0
Total number of colors used: 1185
Total number of conflicts overall: 0
Number of rounds: 2
SUCCESS: No conflicts found
Coloring time: 1.08795
Memory used: 2949.12
Number of reordered colors: 1009
End position for large colors: 0, node count: 550657, largest: 550657
Node count cutoff: 472334
e_xx: 1.28826e+08, a2_x: 6.16867e+11, currMod: 0.673047
e_xx: 1.67872e+08, a2_x: 5.42635e+11, currMod: 0.877046
e_xx: 1.73831e+08, a2_x: 5.53312e+11, currMod: 0.90818
e_xx: 1.76223e+08, a2_x: 5.50095e+11, currMod: 0.920675
e_xx: 1.7737e+08, a2_x: 5.59176e+11, currMod: 0.926672
currMod: 0.920675, prevMod: -1
Louvain time: 11.9681
numClusters: 203889, time: 0.14387
Next phase: 2
Memory used: 2949.12
End Structure 1304118 203889 vs 2810393
Build next level time: 5.32857
Iteration time: 17.445
Memory used: 2949.12
e_xx: 1.56867e+08, a2_x: 5.57361e+11, currMod: 0.917915
e_xx: 1.64385e+08, a2_x: 3.39671e+11, currMod: 0.961915
e_xx: 1.6575e+08, a2_x: 2.65417e+11, currMod: 0.969905
e_xx: 1.66072e+08, a2_x: 2.54815e+11, currMod: 0.971788
e_xx: 1.66138e+08, a2_x: 2.52814e+11, currMod: 0.972174
e_xx: 1.66231e+08, a2_x: 2.57687e+11, currMod: 0.972721
e_xx: 1.66227e+08, a2_x: 2.31335e+11, currMod: 0.972694
currMod: 0.972721, prevMod: 0.920675
Louvain time: 2.26025
numClusters: 54388, time: 0.02064
Next phase: 3
Memory used: 2949.12
End Structure 545292 54388 vs 1144963
Build next level time: 0.224448
Iteration time: 2.5062
Memory used: 2949.12
e_xx: 1.66231e+08, a2_x: 2.59916e+11, currMod: 0.972692
e_xx: 1.6725e+08, a2_x: 8.66282e+10, currMod: 0.978656
e_xx: 1.67321e+08, a2_x: 8.08981e+10, currMod: 0.979076
e_xx: 1.67421e+08, a2_x: 8.61022e+10, currMod: 0.979661
e_xx: 1.67367e+08, a2_x: 8.19238e+10, currMod: 0.979343
currMod: 0.979661, prevMod: 0.972721
Louvain time: 0.781332
numClusters: 25918, time: 0.006504
Next phase: 4
Memory used: 2949.12
End Structure 185397 25918 vs 396712
Build next level time: 0.092073
Iteration time: 0.880408
Memory used: 2949.12
e_xx: 1.67421e+08, a2_x: 8.63514e+10, currMod: 0.979647
e_xx: 1.67634e+08, a2_x: 5.08023e+10, currMod: 0.980894
e_xx: 1.67641e+08, a2_x: 5.09549e+10, currMod: 0.980933
e_xx: 1.67642e+08, a2_x: 4.50754e+10, currMod: 0.98094
e_xx: 1.67643e+08, a2_x: 5.98469e+10, currMod: 0.980942
e_xx: 1.67642e+08, a2_x: 4.58032e+10, currMod: 0.980941
currMod: 0.980942, prevMod: 0.979661
Louvain time: 0.409195
numClusters: 22179, time: 0.004104
Next phase: 5
Memory used: 2949.12
End Structure 91103 22179 vs 204385
Build next level time: 0.044733
Iteration time: 0.458507
Memory used: 2949.12
e_xx: 1.67643e+08, a2_x: 6.0025e+10, currMod: 0.98094
e_xx: 1.67647e+08, a2_x: 5.48527e+10, currMod: 0.980969
e_xx: 1.67648e+08, a2_x: 5.59977e+10, currMod: 0.980972
e_xx: 1.67648e+08, a2_x: 4.60212e+10, currMod: 0.980971
currMod: 0.980972, prevMod: 0.980942
Louvain time: 0.15348
numClusters: 21987, time: 0.003598
Next phase: 6
Memory used: 2949.12
End Structure 76414 21987 vs 174815
Build next level time: 0.031862
Iteration time: 0.189223
Memory used: 2949.12
e_xx: 1.67648e+08, a2_x: 5.29468e+10, currMod: 0.980972
e_xx: 1.67648e+08, a2_x: 4.33708e+10, currMod: 0.980973
currMod: 0.980972, prevMod: 0.980972
Louvain time: 0.065909
numClusters: 21987, time: 0.003597
Maximum degree for the graph: 477
Iteration: 0, conflicts: 0
Total number of colors used: 180
Total number of conflicts overall: 0
Number of rounds: 1
SUCCESS: No conflicts found
Number of reordered colors: 177
End position for large colors: 0, node count: 21548, largest: 21548
Node count cutoff: 4398
e_xx: 1.67652e+08, a2_x: 5.21464e+10, currMod: 0.980997
e_xx: 1.67923e+08, a2_x: 2.47131e+10, currMod: 0.982584
e_xx: 1.67924e+08, a2_x: 2.67152e+10, currMod: 0.982589
e_xx: 1.67923e+08, a2_x: 2.86408e+10, currMod: 0.982583
End Structure 20389 21763 vs 62541
currMod: 0.982589, prevMod: 0.980972
numClusters: 21763
Total iteration time: 21.4794

Loop 0 <line-37> - Time 0.000727 Total energy consumed 0.045390 Ave. Power Level 62.413887
	-------- Loop 0 (sock 1 consumed 0.019230, avg temp 43.000000, final temp 43 ) ------
	-------- Loop 0 (sock 2 consumed 0.026160, avg temp 37.500000, final temp 38 ) ------
Loop 1 <line-54> - Time 0.000483 Total energy consumed 0.000000 Ave. Power Level 0.000000
	-------- Loop 1 (sock 1 consumed 0.000000, avg temp 43.000000, final temp 43 ) ------
	-------- Loop 1 (sock 2 consumed 0.000000, avg temp 37.500000, final temp 38 ) ------
Loop 2 <line-76> - Time 0.000600 Total energy consumed 0.000000 Ave. Power Level 0.000000
	-------- Loop 2 (sock 1 consumed 0.000000, avg temp 43.000000, final temp 43 ) ------
	-------- Loop 2 (sock 2 consumed 0.000000, avg temp 37.500000, final temp 38 ) ------
Loop 3 <line-170> - Time 0.687042 Total energy consumed 35.165475 Ave. Power Level 51.183855
	-------- Loop 3 (sock 1 consumed 15.608415, avg temp 43.333333, final temp 44 ) ------
	-------- Loop 3 (sock 2 consumed 19.557060, avg temp 38.666667, final temp 38 ) ------
Loop 4 <line-192> - Time 0.000214 Total energy consumed 0.000000 Ave. Power Level 0.000000
	-------- Loop 4 (sock 1 consumed 0.000000, avg temp 43.500000, final temp 44 ) ------
	-------- Loop 4 (sock 2 consumed 0.000000, avg temp 38.500000, final temp 38 ) ------
Loop 5 <line-222> - Time 0.284157 Total energy consumed 14.427705 Ave. Power Level 50.773622
	-------- Loop 5 (sock 1 consumed 8.070330, avg temp 44.000000, final temp 44 ) ------
	-------- Loop 5 (sock 2 consumed 6.357375, avg temp 37.500000, final temp 38 ) ------
Loop 6 <line-116> - Time 0.002083 Total energy consumed 0.047745 Ave. Power Level 22.918264
	-------- Loop 6 (sock 1 consumed 0.019500, avg temp 43.333333, final temp 44 ) ------
	-------- Loop 6 (sock 2 consumed 0.028245, avg temp 37.666667, final temp 38 ) ------
Loop 7 <line-334> - Time 0.570258 Total energy consumed 27.181845 Ave. Power Level 47.665908
	-------- Loop 7 (sock 1 consumed 11.650650, avg temp 43.142857, final temp 44 ) ------
	-------- Loop 7 (sock 2 consumed 15.531195, avg temp 37.857143, final temp 38 ) ------
Loop 8 <line-353> - Time 0.000507 Total energy consumed 0.000000 Ave. Power Level 0.000000
	-------- Loop 8 (sock 1 consumed 0.000000, avg temp 43.142857, final temp 44 ) ------
	-------- Loop 8 (sock 2 consumed 0.000000, avg temp 37.857143, final temp 38 ) ------
Loop 9 <line-375> - Time 0.000752 Total energy consumed 0.000000 Ave. Power Level 0.000000
	-------- Loop 9 (sock 1 consumed 0.000000, avg temp 43.285714, final temp 44 ) ------
	-------- Loop 9 (sock 2 consumed 0.000000, avg temp 37.857143, final temp 38 ) ------
Loop 10 <line-85> - Time 0.163381 Total energy consumed 11.181360 Ave. Power Level 68.437486
	-------- Loop 10 (sock 1 consumed 5.669205, avg temp 43.750000, final temp 44 ) ------
	-------- Loop 10 (sock 2 consumed 5.512155, avg temp 39.000000, final temp 39 ) ------
Loop 11 <line-131> - Time 0.004354 Total energy consumed 0.355155 Ave. Power Level 81.562702
	-------- Loop 11 (sock 1 consumed 0.179400, avg temp 43.500000, final temp 44 ) ------
	-------- Loop 11 (sock 2 consumed 0.175755, avg temp 39.000000, final temp 39 ) ------
Loop 12 <line-167> - Time 0.157343 Total energy consumed 10.934610 Ave. Power Level 69.495320
	-------- Loop 12 (sock 1 consumed 5.486175, avg temp 43.500000, final temp 44 ) ------
	-------- Loop 12 (sock 2 consumed 5.448435, avg temp 38.500000, final temp 38 ) ------
Loop 13 <line-213> - Time 7.144921 Total energy consumed 509.914890 Ave. Power Level 71.367460
	-------- Loop 13 (sock 1 consumed 256.281360, avg temp 44.111111, final temp 44 ) ------
	-------- Loop 13 (sock 2 consumed 253.633530, avg temp 39.222222, final temp 38 ) ------
Loop 14 <line-99> - Time 5.306418 Total energy consumed 262.971840 Ave. Power Level 49.557321
	-------- Loop 14 (sock 1 consumed 120.084720, avg temp 43.333333, final temp 44 ) ------
	-------- Loop 14 (sock 2 consumed 142.887120, avg temp 38.166667, final temp 38 ) ------
Loop 15 <line-160> - Time 0.127347 Total energy consumed 6.815355 Ave. Power Level 53.518127
	-------- Loop 15 (sock 1 consumed 3.284265, avg temp 43.333333, final temp 44 ) ------
	-------- Loop 15 (sock 2 consumed 3.531090, avg temp 38.166667, final temp 38 ) ------
Loop 16 <line-269> - Time 3.645642 Total energy consumed 170.262540 Ave. Power Level 46.703039
	-------- Loop 16 (sock 1 consumed 86.799945, avg temp 43.666667, final temp 44 ) ------
	-------- Loop 16 (sock 2 consumed 83.462595, avg temp 37.875000, final temp 38 ) ------
Loop 17 <line-300> - Time 0.001900 Total energy consumed 0.109035 Ave. Power Level 57.372771
	-------- Loop 17 (sock 1 consumed 0.086835, avg temp 43.789474, final temp 43 ) ------
	-------- Loop 17 (sock 2 consumed 0.022200, avg temp 37.789474, final temp 38 ) ------
Loop 18 <line-148> - Time 0.000428 Total energy consumed 0.091095 Ave. Power Level 212.688710
	-------- Loop 18 (sock 1 consumed 0.031425, avg temp 43.000000, final temp 43 ) ------
	-------- Loop 18 (sock 2 consumed 0.059670, avg temp 38.000000, final temp 38 ) ------
Application(EnergyStat) - Time 35.071980 Total energy consumed 1825.136040 Ave. Power Level 52.039721 Final Temperature socket 1 : 44  socket 2 : 38 
	 ParallelApplication(EnergyStat) - Time 18.098558 Total energy consumed 1049.504040 Ave. Power Level 57.988269
