Memory used: 1.32031
Loading 32-bit binary file: pnnl.bin, numvertices: 2361670, numEdges: 191402826
File read time: 3.04052
Before allocating graph
Allocated graph: 0x185b570
Processing edges for vertex: 0, range(0, 166)
Processing edges for vertex: 100000, range(58444108, 58444133)
Processing edges for vertex: 200000, range(84376057, 84376362)
Processing edges for vertex: 300000, range(106069163, 106069503)
Processing edges for vertex: 400000, range(122097114, 122097513)
Processing edges for vertex: 500000, range(135096418, 135096483)
Processing edges for vertex: 600000, range(146097008, 146097061)
Processing edges for vertex: 700000, range(155415410, 155415531)
Processing edges for vertex: 800000, range(162595900, 162595989)
Processing edges for vertex: 900000, range(168508374, 168508464)
Processing edges for vertex: 1000000, range(173203321, 173203442)
Processing edges for vertex: 1100000, range(176935100, 176935110)
Processing edges for vertex: 1200000, range(179876260, 179876270)
Processing edges for vertex: 1300000, range(182240081, 182240092)
Processing edges for vertex: 1400000, range(184224513, 184224521)
Processing edges for vertex: 1500000, range(185795161, 185795170)
Processing edges for vertex: 1600000, range(187104124, 187104130)
Processing edges for vertex: 1700000, range(188148455, 188148461)
Processing edges for vertex: 1800000, range(188997836, 188997842)
Processing edges for vertex: 1900000, range(189691532, 189691535)
Processing edges for vertex: 2000000, range(190254658, 190254660)
Processing edges for vertex: 2100000, range(190705814, 190705822)
Processing edges for vertex: 2200000, range(191052755, 191052764)
Processing edges for vertex: 2300000, range(191302662, 191302663)
Graph populate time: 16.1146
Total I/O time: 19.1555

Regional(EnergyStat) - Time 19.161532 Total energy consumed 718.899405 Ave. Power Level 37.517846 
Running on: 1 threads
Loaded graph from file: pnnl.bin
Memory used: 2949.12
Maximum degree for the graph: 5520
Iteration: 0, conflicts: 0
Total number of colors used: 1182
Total number of conflicts overall: 0
Number of rounds: 1
SUCCESS: No conflicts found
Coloring time: 3.85421
Memory used: 2949.12
Number of reordered colors: 1012
End position for large colors: 0, node count: 547603, largest: 547603
Node count cutoff: 472334
e_xx: 1.1965e+08, a2_x: 6.41408e+11, currMod: 0.625102
e_xx: 1.65266e+08, a2_x: 5.7242e+11, currMod: 0.863433
e_xx: 1.71549e+08, a2_x: 4.8629e+11, currMod: 0.896259
e_xx: 1.74054e+08, a2_x: 4.74975e+11, currMod: 0.909345
e_xx: 1.75286e+08, a2_x: 5.19389e+11, currMod: 0.915784
currMod: 0.909345, prevMod: -1
Louvain time: 109.671
numClusters: 204449, time: 0.221586
Next phase: 2
Memory used: 2949.12
End Structure 1319830 204449 vs 2842150
Build next level time: 15.8067
Iteration time: 125.709
Memory used: 2949.12
e_xx: 1.56671e+08, a2_x: 5.19525e+11, currMod: 0.906749
e_xx: 1.65798e+08, a2_x: 3.3103e+11, currMod: 0.959577
e_xx: 1.67497e+08, a2_x: 2.80289e+11, currMod: 0.969412
e_xx: 1.67888e+08, a2_x: 2.91505e+11, currMod: 0.971674
e_xx: 1.68025e+08, a2_x: 2.86625e+11, currMod: 0.972466
e_xx: 1.6811e+08, a2_x: 2.97049e+11, currMod: 0.972962
e_xx: 1.68122e+08, a2_x: 3.12195e+11, currMod: 0.973027
e_xx: 1.68166e+08, a2_x: 3.13491e+11, currMod: 0.973286
e_xx: 1.68158e+08, a2_x: 3.12479e+11, currMod: 0.97324
currMod: 0.973286, prevMod: 0.909345
Louvain time: 7.82587
numClusters: 51743, time: 0.028341
Next phase: 3
Memory used: 2949.12
End Structure 518860 51743 vs 1089450
Build next level time: 0.518318
Iteration time: 8.38283
Memory used: 2949.12
e_xx: 1.68166e+08, a2_x: 3.12365e+11, currMod: 0.97326
e_xx: 1.69083e+08, a2_x: 1.16758e+11, currMod: 0.978572
e_xx: 1.69198e+08, a2_x: 7.3917e+10, currMod: 0.979242
e_xx: 1.6929e+08, a2_x: 6.25833e+10, currMod: 0.979771
e_xx: 1.69227e+08, a2_x: 4.19352e+10, currMod: 0.979409
currMod: 0.979771, prevMod: 0.973286
Louvain time: 1.55296
numClusters: 25637, time: 0.008961
Next phase: 4
Memory used: 2949.12
End Structure 179681 25637 vs 384999
Build next level time: 0.144755
Iteration time: 1.70977
Memory used: 2949.12
e_xx: 1.6929e+08, a2_x: 6.18102e+10, currMod: 0.979758
e_xx: 1.69509e+08, a2_x: 7.3425e+09, currMod: 0.981028
e_xx: 1.69522e+08, a2_x: 5.8637e+08, currMod: 0.981107
e_xx: 1.69522e+08, a2_x: -1.1042e+10, currMod: 0.981107
currMod: 0.981107, prevMod: 0.979771
Louvain time: 0.448215
numClusters: 22233, time: 0.005628
Next phase: 5
Memory used: 2949.12
End Structure 97931 22233 vs 218095
Build next level time: 0.061375
Iteration time: 0.518298
Memory used: 2949.12
e_xx: 1.69522e+08, a2_x: 4.27258e+09, currMod: 0.981104
e_xx: 1.69527e+08, a2_x: 9.97149e+09, currMod: 0.981128
e_xx: 1.69526e+08, a2_x: 2.62785e+10, currMod: 0.981126
currMod: 0.981128, prevMod: 0.981107
Louvain time: 0.200328
numClusters: 22051, time: 0.004873
Next phase: 6
Memory used: 2949.12
End Structure 87959 22051 vs 197969
Build next level time: 0.048304
Iteration time: 0.256573
Memory used: 2949.12
e_xx: 1.69527e+08, a2_x: 1.0484e+10, currMod: 0.981128
e_xx: 1.69527e+08, a2_x: 1.96106e+10, currMod: 0.981129
currMod: 0.981128, prevMod: 0.981128
Louvain time: 0.122436
numClusters: 22051, time: 0.004815
Maximum degree for the graph: 543
Iteration: 0, conflicts: 0
Total number of colors used: 181
Total number of conflicts overall: 0
Number of rounds: 1
SUCCESS: No conflicts found
Number of reordered colors: 177
End position for large colors: 0, node count: 21561, largest: 21561
Node count cutoff: 4411
e_xx: 1.69536e+08, a2_x: 1.51687e+10, currMod: 0.98118
e_xx: 1.69733e+08, a2_x: 1.36539e+10, currMod: 0.982325
e_xx: 1.69872e+08, a2_x: 1.37212e+10, currMod: 0.983125
e_xx: 1.70839e+08, a2_x: 1.55946e+10, currMod: 0.988725
e_xx: 1.7207e+08, a2_x: 1.91603e+10, currMod: 0.995848
e_xx: 1.72156e+08, a2_x: 2.1099e+10, currMod: 0.996345
e_xx: 1.72182e+08, a2_x: 1.68977e+10, currMod: 0.996495
e_xx: 1.72212e+08, a2_x: 1.8065e+10, currMod: 0.996667
e_xx: 1.72635e+08, a2_x: 2.95292e+09, currMod: 0.999119
e_xx: 1.72636e+08, a2_x: 2.4471e+09, currMod: 0.999124
e_xx: 1.72648e+08, a2_x: -1.11006e+09, currMod: 0.999196
e_xx: 1.72704e+08, a2_x: 3.21498e+09, currMod: 0.99952
e_xx: 1.72676e+08, a2_x: 2.00784e+09, currMod: 0.999358
End Structure 180 21572 vs 21932
currMod: 0.99952, prevMod: 0.981128
numClusters: 21572
Total iteration time: 136.577

Loop 0 <line-37> - Time 0.003061 Total energy consumed 0.093045 Ave. Power Level 30.401468
	-------- Loop 0 (sock 1 consumed 0.053325, avg temp 38.500000, final temp 39 ) ------
	-------- Loop 0 (sock 2 consumed 0.039720, avg temp 34.000000, final temp 34 ) ------
Loop 1 <line-54> - Time 0.001915 Total energy consumed 0.055815 Ave. Power Level 29.152395
	-------- Loop 1 (sock 1 consumed 0.035235, avg temp 38.500000, final temp 39 ) ------
	-------- Loop 1 (sock 2 consumed 0.020580, avg temp 33.500000, final temp 34 ) ------
Loop 2 <line-76> - Time 0.008745 Total energy consumed 0.338670 Ave. Power Level 38.727698
	-------- Loop 2 (sock 1 consumed 0.158190, avg temp 38.500000, final temp 39 ) ------
	-------- Loop 2 (sock 2 consumed 0.180480, avg temp 34.500000, final temp 34 ) ------
Loop 3 <line-170> - Time 2.727062 Total energy consumed 101.502135 Ave. Power Level 37.220325
	-------- Loop 3 (sock 1 consumed 48.266610, avg temp 39.000000, final temp 39 ) ------
	-------- Loop 3 (sock 2 consumed 53.235525, avg temp 34.000000, final temp 34 ) ------
Loop 4 <line-192> - Time 0.001416 Total energy consumed 0.056925 Ave. Power Level 40.191990
	-------- Loop 4 (sock 1 consumed 0.017415, avg temp 39.000000, final temp 39 ) ------
	-------- Loop 4 (sock 2 consumed 0.039510, avg temp 33.500000, final temp 34 ) ------
Loop 5 <line-222> - Time 0.938880 Total energy consumed 35.207880 Ave. Power Level 37.499876
	-------- Loop 5 (sock 1 consumed 16.703250, avg temp 39.000000, final temp 39 ) ------
	-------- Loop 5 (sock 2 consumed 18.504630, avg temp 34.000000, final temp 34 ) ------
Loop 6 <line-116> - Time 0.019094 Total energy consumed 0.671790 Ave. Power Level 35.183637
	-------- Loop 6 (sock 1 consumed 0.340845, avg temp 38.500000, final temp 39 ) ------
	-------- Loop 6 (sock 2 consumed 0.330945, avg temp 33.500000, final temp 34 ) ------
Loop 7 <line-334> - Time 1.839384 Total energy consumed 68.064450 Ave. Power Level 37.003935
	-------- Loop 7 (sock 1 consumed 32.504610, avg temp 38.285714, final temp 39 ) ------
	-------- Loop 7 (sock 2 consumed 35.559840, avg temp 33.428571, final temp 34 ) ------
Loop 8 <line-353> - Time 0.001428 Total energy consumed 0.092250 Ave. Power Level 64.579856
	-------- Loop 8 (sock 1 consumed 0.052620, avg temp 38.285714, final temp 39 ) ------
	-------- Loop 8 (sock 2 consumed 0.039630, avg temp 33.571429, final temp 34 ) ------
Loop 9 <line-375> - Time 0.005517 Total energy consumed 0.153465 Ave. Power Level 27.817883
	-------- Loop 9 (sock 1 consumed 0.070260, avg temp 38.285714, final temp 39 ) ------
	-------- Loop 9 (sock 2 consumed 0.083205, avg temp 33.571429, final temp 34 ) ------
Loop 10 <line-85> - Time 0.085250 Total energy consumed 3.123195 Ave. Power Level 36.635893
	-------- Loop 10 (sock 1 consumed 1.476540, avg temp 39.000000, final temp 39 ) ------
	-------- Loop 10 (sock 2 consumed 1.646655, avg temp 33.750000, final temp 34 ) ------
Loop 11 <line-131> - Time 0.065420 Total energy consumed 2.366460 Ave. Power Level 36.173598
	-------- Loop 11 (sock 1 consumed 1.125015, avg temp 39.000000, final temp 39 ) ------
	-------- Loop 11 (sock 2 consumed 1.241445, avg temp 34.000000, final temp 34 ) ------
Loop 12 <line-167> - Time 0.062249 Total energy consumed 2.327850 Ave. Power Level 37.396001
	-------- Loop 12 (sock 1 consumed 1.127490, avg temp 39.000000, final temp 39 ) ------
	-------- Loop 12 (sock 2 consumed 1.200360, avg temp 33.500000, final temp 34 ) ------
Loop 13 <line-213> - Time 95.038020 Total energy consumed 3514.001310 Ave. Power Level 36.974690
	-------- Loop 13 (sock 1 consumed 1756.860915, avg temp 38.777778, final temp 39 ) ------
	-------- Loop 13 (sock 2 consumed 1757.140395, avg temp 33.166667, final temp 33 ) ------
Loop 14 <line-99> - Time 15.773779 Total energy consumed 582.970455 Ave. Power Level 36.958198
	-------- Loop 14 (sock 1 consumed 286.373865, avg temp 38.500000, final temp 39 ) ------
	-------- Loop 14 (sock 2 consumed 296.596590, avg temp 33.500000, final temp 33 ) ------
Loop 15 <line-160> - Time 0.336424 Total energy consumed 12.472365 Ave. Power Level 37.073297
	-------- Loop 15 (sock 1 consumed 5.946540, avg temp 38.500000, final temp 39 ) ------
	-------- Loop 15 (sock 2 consumed 6.525825, avg temp 33.833333, final temp 33 ) ------
Loop 16 <line-269> - Time 10.088304 Total energy consumed 373.053690 Ave. Power Level 36.978830
	-------- Loop 16 (sock 1 consumed 179.194680, avg temp 38.391304, final temp 39 ) ------
	-------- Loop 16 (sock 2 consumed 193.859010, avg temp 33.434783, final temp 35 ) ------
Loop 17 <line-300> - Time 0.007403 Total energy consumed 0.318855 Ave. Power Level 43.072652
	-------- Loop 17 (sock 1 consumed 0.124770, avg temp 38.500000, final temp 39 ) ------
	-------- Loop 17 (sock 2 consumed 0.194085, avg temp 33.333333, final temp 34 ) ------
Loop 18 <line-148> - Time 0.003981 Total energy consumed 0.149445 Ave. Power Level 37.538233
	-------- Loop 18 (sock 1 consumed 0.076590, avg temp 39.000000, final temp 39 ) ------
	-------- Loop 18 (sock 2 consumed 0.072855, avg temp 34.000000, final temp 34 ) ------
Application(EnergyStat) - Time 160.189018 Total energy consumed 5935.095555 Ave. Power Level 37.050577 Final Temperature socket 1 : 39  socket 2 : 34 
	 ParallelApplication(EnergyStat) - Time 127.007331 Total energy consumed 4697.020050 Ave. Power Level 36.982275
Memory used: 1.32031
Loading 32-bit binary file: pnnl.bin, numvertices: 2361670, numEdges: 191402826
File read time: 3.10722
Before allocating graph
Allocated graph: 0xe10570
Processing edges for vertex: 0, range(0, 166)
Processing edges for vertex: 100000, range(58444108, 58444133)
Processing edges for vertex: 200000, range(84376057, 84376362)
Processing edges for vertex: 300000, range(106069163, 106069503)
Processing edges for vertex: 400000, range(122097114, 122097513)
Processing edges for vertex: 500000, range(135096418, 135096483)
Processing edges for vertex: 600000, range(146097008, 146097061)
Processing edges for vertex: 700000, range(155415410, 155415531)
Processing edges for vertex: 800000, range(162595900, 162595989)
Processing edges for vertex: 900000, range(168508374, 168508464)
Processing edges for vertex: 1000000, range(173203321, 173203442)
Processing edges for vertex: 1100000, range(176935100, 176935110)
Processing edges for vertex: 1200000, range(179876260, 179876270)
Processing edges for vertex: 1300000, range(182240081, 182240092)
Processing edges for vertex: 1400000, range(184224513, 184224521)
Processing edges for vertex: 1500000, range(185795161, 185795170)
Processing edges for vertex: 1600000, range(187104124, 187104130)
Processing edges for vertex: 1700000, range(188148455, 188148461)
Processing edges for vertex: 1800000, range(188997836, 188997842)
Processing edges for vertex: 1900000, range(189691532, 189691535)
Processing edges for vertex: 2000000, range(190254658, 190254660)
Processing edges for vertex: 2100000, range(190705814, 190705822)
Processing edges for vertex: 2200000, range(191052755, 191052764)
Processing edges for vertex: 2300000, range(191302662, 191302663)
Graph populate time: 16.0978
Total I/O time: 19.2054

Regional(EnergyStat) - Time 19.211687 Total energy consumed 717.457905 Ave. Power Level 37.344867 
Running on: 1 threads
Loaded graph from file: pnnl.bin
Memory used: 2949.12
Maximum degree for the graph: 5520
Iteration: 0, conflicts: 0
Total number of colors used: 1182
Total number of conflicts overall: 0
Number of rounds: 1
SUCCESS: No conflicts found
Coloring time: 3.88592
Memory used: 2949.12
Number of reordered colors: 1012
End position for large colors: 0, node count: 547603, largest: 547603
Node count cutoff: 472334
e_xx: 1.1965e+08, a2_x: 6.41408e+11, currMod: 0.625102
e_xx: 1.65266e+08, a2_x: 5.7242e+11, currMod: 0.863433
e_xx: 1.71549e+08, a2_x: 4.8629e+11, currMod: 0.896259
e_xx: 1.74054e+08, a2_x: 4.74975e+11, currMod: 0.909345
e_xx: 1.75286e+08, a2_x: 5.19389e+11, currMod: 0.915784
currMod: 0.909345, prevMod: -1
Louvain time: 109.582
numClusters: 204449, time: 0.221422
Next phase: 2
Memory used: 2949.12
End Structure 1319830 204449 vs 2842150
Build next level time: 16.0239
Iteration time: 125.837
Memory used: 2949.12
e_xx: 1.56671e+08, a2_x: 5.19525e+11, currMod: 0.906749
e_xx: 1.65798e+08, a2_x: 3.3103e+11, currMod: 0.959577
e_xx: 1.67497e+08, a2_x: 2.80289e+11, currMod: 0.969412
e_xx: 1.67888e+08, a2_x: 2.91505e+11, currMod: 0.971674
e_xx: 1.68025e+08, a2_x: 2.86625e+11, currMod: 0.972466
e_xx: 1.6811e+08, a2_x: 2.97049e+11, currMod: 0.972962
e_xx: 1.68122e+08, a2_x: 3.12195e+11, currMod: 0.973027
e_xx: 1.68166e+08, a2_x: 3.13491e+11, currMod: 0.973286
e_xx: 1.68158e+08, a2_x: 3.12479e+11, currMod: 0.97324
currMod: 0.973286, prevMod: 0.909345
Louvain time: 7.86032
numClusters: 51743, time: 0.028316
Next phase: 3
Memory used: 2949.12
End Structure 518860 51743 vs 1089450
Build next level time: 0.517693
Iteration time: 8.41755
Memory used: 2949.12
e_xx: 1.68166e+08, a2_x: 3.12365e+11, currMod: 0.97326
e_xx: 1.69083e+08, a2_x: 1.16758e+11, currMod: 0.978572
e_xx: 1.69198e+08, a2_x: 7.3917e+10, currMod: 0.979242
e_xx: 1.6929e+08, a2_x: 6.25833e+10, currMod: 0.979771
e_xx: 1.69227e+08, a2_x: 4.19352e+10, currMod: 0.979409
currMod: 0.979771, prevMod: 0.973286
Louvain time: 1.57173
numClusters: 25637, time: 0.00897
Next phase: 4
Memory used: 2949.12
End Structure 179681 25637 vs 384999
Build next level time: 0.144522
Iteration time: 1.72931
Memory used: 2949.12
e_xx: 1.6929e+08, a2_x: 6.18102e+10, currMod: 0.979758
e_xx: 1.69509e+08, a2_x: 7.3425e+09, currMod: 0.981028
e_xx: 1.69522e+08, a2_x: 5.8637e+08, currMod: 0.981107
e_xx: 1.69522e+08, a2_x: -1.1042e+10, currMod: 0.981107
currMod: 0.981107, prevMod: 0.979771
Louvain time: 0.456511
numClusters: 22233, time: 0.005648
Next phase: 5
Memory used: 2949.12
End Structure 97931 22233 vs 218095
Build next level time: 0.060755
Iteration time: 0.526997
Memory used: 2949.12
e_xx: 1.69522e+08, a2_x: 4.27258e+09, currMod: 0.981104
e_xx: 1.69527e+08, a2_x: 9.97149e+09, currMod: 0.981128
e_xx: 1.69526e+08, a2_x: 2.62785e+10, currMod: 0.981126
currMod: 0.981128, prevMod: 0.981107
Louvain time: 0.204086
numClusters: 22051, time: 0.004844
Next phase: 6
Memory used: 2949.12
End Structure 87959 22051 vs 197969
Build next level time: 0.046508
Iteration time: 0.259503
Memory used: 2949.12
e_xx: 1.69527e+08, a2_x: 1.0484e+10, currMod: 0.981128
e_xx: 1.69527e+08, a2_x: 1.96106e+10, currMod: 0.981129
currMod: 0.981128, prevMod: 0.981128
Louvain time: 0.12408
numClusters: 22051, time: 0.004868
Maximum degree for the graph: 543
Iteration: 0, conflicts: 0
Total number of colors used: 181
Total number of conflicts overall: 0
Number of rounds: 1
SUCCESS: No conflicts found
Number of reordered colors: 177
End position for large colors: 0, node count: 21561, largest: 21561
Node count cutoff: 4411
e_xx: 1.69536e+08, a2_x: 1.51687e+10, currMod: 0.98118
e_xx: 1.69733e+08, a2_x: 1.36539e+10, currMod: 0.982325
e_xx: 1.69872e+08, a2_x: 1.37212e+10, currMod: 0.983125
e_xx: 1.70839e+08, a2_x: 1.55946e+10, currMod: 0.988725
e_xx: 1.7207e+08, a2_x: 1.91603e+10, currMod: 0.995848
e_xx: 1.72156e+08, a2_x: 2.1099e+10, currMod: 0.996345
e_xx: 1.72182e+08, a2_x: 1.68977e+10, currMod: 0.996495
e_xx: 1.72212e+08, a2_x: 1.8065e+10, currMod: 0.996667
e_xx: 1.72635e+08, a2_x: 2.95292e+09, currMod: 0.999119
e_xx: 1.72636e+08, a2_x: 2.4471e+09, currMod: 0.999124
e_xx: 1.72648e+08, a2_x: -1.11006e+09, currMod: 0.999196
e_xx: 1.72704e+08, a2_x: 3.21498e+09, currMod: 0.99952
e_xx: 1.72676e+08, a2_x: 2.00784e+09, currMod: 0.999358
End Structure 180 21572 vs 21932
currMod: 0.99952, prevMod: 0.981128
numClusters: 21572
Total iteration time: 136.77

Loop 0 <line-37> - Time 0.003057 Total energy consumed 0.111900 Ave. Power Level 36.602910
	-------- Loop 0 (sock 1 consumed 0.052725, avg temp 39.000000, final temp 39 ) ------
	-------- Loop 0 (sock 2 consumed 0.059175, avg temp 34.000000, final temp 33 ) ------
Loop 1 <line-54> - Time 0.001901 Total energy consumed 0.037890 Ave. Power Level 19.933848
	-------- Loop 1 (sock 1 consumed 0.017595, avg temp 39.000000, final temp 39 ) ------
	-------- Loop 1 (sock 2 consumed 0.020295, avg temp 33.500000, final temp 34 ) ------
Loop 2 <line-76> - Time 0.008733 Total energy consumed 0.339750 Ave. Power Level 38.905342
	-------- Loop 2 (sock 1 consumed 0.158445, avg temp 38.500000, final temp 39 ) ------
	-------- Loop 2 (sock 2 consumed 0.181305, avg temp 34.000000, final temp 34 ) ------
Loop 3 <line-170> - Time 2.693035 Total energy consumed 100.303395 Ave. Power Level 37.245481
	-------- Loop 3 (sock 1 consumed 47.781315, avg temp 39.000000, final temp 39 ) ------
	-------- Loop 3 (sock 2 consumed 52.522080, avg temp 33.500000, final temp 33 ) ------
Loop 4 <line-192> - Time 0.001453 Total energy consumed 0.074490 Ave. Power Level 51.265534
	-------- Loop 4 (sock 1 consumed 0.038535, avg temp 38.500000, final temp 39 ) ------
	-------- Loop 4 (sock 2 consumed 0.035955, avg temp 33.000000, final temp 33 ) ------
Loop 5 <line-222> - Time 1.003874 Total energy consumed 37.559490 Ave. Power Level 37.414543
	-------- Loop 5 (sock 1 consumed 19.359450, avg temp 39.000000, final temp 39 ) ------
	-------- Loop 5 (sock 2 consumed 18.200040, avg temp 34.000000, final temp 33 ) ------
Loop 6 <line-116> - Time 0.023037 Total energy consumed 0.940380 Ave. Power Level 40.819815
	-------- Loop 6 (sock 1 consumed 0.458700, avg temp 39.000000, final temp 39 ) ------
	-------- Loop 6 (sock 2 consumed 0.481680, avg temp 33.166667, final temp 33 ) ------
Loop 7 <line-334> - Time 1.844126 Total energy consumed 68.368440 Ave. Power Level 37.073621
	-------- Loop 7 (sock 1 consumed 35.005335, avg temp 38.714286, final temp 39 ) ------
	-------- Loop 7 (sock 2 consumed 33.363105, avg temp 33.285714, final temp 33 ) ------
Loop 8 <line-353> - Time 0.001422 Total energy consumed 0.075720 Ave. Power Level 53.255761
	-------- Loop 8 (sock 1 consumed 0.040110, avg temp 38.714286, final temp 39 ) ------
	-------- Loop 8 (sock 2 consumed 0.035610, avg temp 33.142857, final temp 33 ) ------
Loop 9 <line-375> - Time 0.005495 Total energy consumed 0.210750 Ave. Power Level 38.349747
	-------- Loop 9 (sock 1 consumed 0.103215, avg temp 38.857143, final temp 39 ) ------
	-------- Loop 9 (sock 2 consumed 0.107535, avg temp 33.142857, final temp 33 ) ------
Loop 10 <line-85> - Time 0.085766 Total energy consumed 3.131850 Ave. Power Level 36.516208
	-------- Loop 10 (sock 1 consumed 1.622460, avg temp 39.000000, final temp 39 ) ------
	-------- Loop 10 (sock 2 consumed 1.509390, avg temp 33.500000, final temp 33 ) ------
Loop 11 <line-131> - Time 0.067113 Total energy consumed 2.445810 Ave. Power Level 36.443051
	-------- Loop 11 (sock 1 consumed 1.258620, avg temp 39.000000, final temp 39 ) ------
	-------- Loop 11 (sock 2 consumed 1.187190, avg temp 33.000000, final temp 33 ) ------
Loop 12 <line-167> - Time 0.062054 Total energy consumed 2.221935 Ave. Power Level 35.806642
	-------- Loop 12 (sock 1 consumed 1.145010, avg temp 39.000000, final temp 39 ) ------
	-------- Loop 12 (sock 2 consumed 1.076925, avg temp 33.000000, final temp 33 ) ------
Loop 13 <line-213> - Time 94.989661 Total energy consumed 3513.977400 Ave. Power Level 36.993262
	-------- Loop 13 (sock 1 consumed 1779.727485, avg temp 38.555556, final temp 38 ) ------
	-------- Loop 13 (sock 2 consumed 1734.249915, avg temp 34.055556, final temp 34 ) ------
Loop 14 <line-99> - Time 16.002187 Total energy consumed 588.319440 Ave. Power Level 36.764939
	-------- Loop 14 (sock 1 consumed 290.294820, avg temp 38.166667, final temp 38 ) ------
	-------- Loop 14 (sock 2 consumed 298.024620, avg temp 33.166667, final temp 34 ) ------
Loop 15 <line-160> - Time 0.332139 Total energy consumed 12.441435 Ave. Power Level 37.458467
	-------- Loop 15 (sock 1 consumed 5.964240, avg temp 38.833333, final temp 39 ) ------
	-------- Loop 15 (sock 2 consumed 6.477195, avg temp 33.500000, final temp 34 ) ------
Loop 16 <line-269> - Time 10.154555 Total energy consumed 375.678810 Ave. Power Level 36.996087
	-------- Loop 16 (sock 1 consumed 182.307180, avg temp 38.739130, final temp 38 ) ------
	-------- Loop 16 (sock 2 consumed 193.371630, avg temp 33.000000, final temp 33 ) ------
Loop 17 <line-300> - Time 0.007962 Total energy consumed 0.372450 Ave. Power Level 46.779934
	-------- Loop 17 (sock 1 consumed 0.143745, avg temp 38.722222, final temp 39 ) ------
	-------- Loop 17 (sock 2 consumed 0.228705, avg temp 33.111111, final temp 33 ) ------
Loop 18 <line-148> - Time 0.003001 Total energy consumed 0.075195 Ave. Power Level 25.060239
	-------- Loop 18 (sock 1 consumed 0.035265, avg temp 39.000000, final temp 39 ) ------
	-------- Loop 18 (sock 2 consumed 0.039930, avg temp 33.000000, final temp 33 ) ------
Application(EnergyStat) - Time 160.460225 Total energy consumed 5941.102875 Ave. Power Level 37.025393 Final Temperature socket 1 : 38  socket 2 : 34 
	 ParallelApplication(EnergyStat) - Time 127.290573 Total energy consumed 4706.686530 Ave. Power Level 36.975924
Memory used: 1.32031
Loading 32-bit binary file: pnnl.bin, numvertices: 2361670, numEdges: 191402826
File read time: 3.04482
Before allocating graph
Allocated graph: 0xfb1570
Processing edges for vertex: 0, range(0, 166)
Processing edges for vertex: 100000, range(58444108, 58444133)
Processing edges for vertex: 200000, range(84376057, 84376362)
Processing edges for vertex: 300000, range(106069163, 106069503)
Processing edges for vertex: 400000, range(122097114, 122097513)
Processing edges for vertex: 500000, range(135096418, 135096483)
Processing edges for vertex: 600000, range(146097008, 146097061)
Processing edges for vertex: 700000, range(155415410, 155415531)
Processing edges for vertex: 800000, range(162595900, 162595989)
Processing edges for vertex: 900000, range(168508374, 168508464)
Processing edges for vertex: 1000000, range(173203321, 173203442)
Processing edges for vertex: 1100000, range(176935100, 176935110)
Processing edges for vertex: 1200000, range(179876260, 179876270)
Processing edges for vertex: 1300000, range(182240081, 182240092)
Processing edges for vertex: 1400000, range(184224513, 184224521)
Processing edges for vertex: 1500000, range(185795161, 185795170)
Processing edges for vertex: 1600000, range(187104124, 187104130)
Processing edges for vertex: 1700000, range(188148455, 188148461)
Processing edges for vertex: 1800000, range(188997836, 188997842)
Processing edges for vertex: 1900000, range(189691532, 189691535)
Processing edges for vertex: 2000000, range(190254658, 190254660)
Processing edges for vertex: 2100000, range(190705814, 190705822)
Processing edges for vertex: 2200000, range(191052755, 191052764)
Processing edges for vertex: 2300000, range(191302662, 191302663)
Graph populate time: 16.1749
Total I/O time: 19.22

Regional(EnergyStat) - Time 19.225938 Total energy consumed 720.347595 Ave. Power Level 37.467487 
Running on: 1 threads
Loaded graph from file: pnnl.bin
Memory used: 2949.12
Maximum degree for the graph: 5520
Iteration: 0, conflicts: 0
Total number of colors used: 1182
Total number of conflicts overall: 0
Number of rounds: 1
SUCCESS: No conflicts found
Coloring time: 3.84111
Memory used: 2949.12
Number of reordered colors: 1012
End position for large colors: 0, node count: 547603, largest: 547603
Node count cutoff: 472334
e_xx: 1.1965e+08, a2_x: 6.41408e+11, currMod: 0.625102
e_xx: 1.65266e+08, a2_x: 5.7242e+11, currMod: 0.863433
e_xx: 1.71549e+08, a2_x: 4.8629e+11, currMod: 0.896259
e_xx: 1.74054e+08, a2_x: 4.74975e+11, currMod: 0.909345
e_xx: 1.75286e+08, a2_x: 5.19389e+11, currMod: 0.915784
currMod: 0.909345, prevMod: -1
Louvain time: 110.337
numClusters: 204449, time: 0.221831
Next phase: 2
Memory used: 2949.12
End Structure 1319830 204449 vs 2842150
Build next level time: 15.7408
Iteration time: 126.308
Memory used: 2949.12
e_xx: 1.56671e+08, a2_x: 5.19525e+11, currMod: 0.906749
e_xx: 1.65798e+08, a2_x: 3.3103e+11, currMod: 0.959577
e_xx: 1.67497e+08, a2_x: 2.80289e+11, currMod: 0.969412
e_xx: 1.67888e+08, a2_x: 2.91505e+11, currMod: 0.971674
e_xx: 1.68025e+08, a2_x: 2.86625e+11, currMod: 0.972466
e_xx: 1.6811e+08, a2_x: 2.97049e+11, currMod: 0.972962
e_xx: 1.68122e+08, a2_x: 3.12195e+11, currMod: 0.973027
e_xx: 1.68166e+08, a2_x: 3.13491e+11, currMod: 0.973286
e_xx: 1.68158e+08, a2_x: 3.12479e+11, currMod: 0.97324
currMod: 0.973286, prevMod: 0.909345
Louvain time: 7.92281
numClusters: 51743, time: 0.028352
Next phase: 3
Memory used: 2949.12
End Structure 518860 51743 vs 1089450
Build next level time: 0.516411
Iteration time: 8.47878
Memory used: 2949.12
e_xx: 1.68166e+08, a2_x: 3.12365e+11, currMod: 0.97326
e_xx: 1.69083e+08, a2_x: 1.16758e+11, currMod: 0.978572
e_xx: 1.69198e+08, a2_x: 7.3917e+10, currMod: 0.979242
e_xx: 1.6929e+08, a2_x: 6.25833e+10, currMod: 0.979771
e_xx: 1.69227e+08, a2_x: 4.19352e+10, currMod: 0.979409
currMod: 0.979771, prevMod: 0.973286
Louvain time: 1.56935
numClusters: 25637, time: 0.008955
Next phase: 4
Memory used: 2949.12
End Structure 179681 25637 vs 384999
Build next level time: 0.148785
Iteration time: 1.73123
Memory used: 2949.12
e_xx: 1.6929e+08, a2_x: 6.18102e+10, currMod: 0.979758
e_xx: 1.69509e+08, a2_x: 7.3425e+09, currMod: 0.981028
e_xx: 1.69522e+08, a2_x: 5.8637e+08, currMod: 0.981107
e_xx: 1.69522e+08, a2_x: -1.1042e+10, currMod: 0.981107
currMod: 0.981107, prevMod: 0.979771
Louvain time: 0.453168
numClusters: 22233, time: 0.005606
Next phase: 5
Memory used: 2949.12
End Structure 97931 22233 vs 218095
Build next level time: 0.060603
Iteration time: 0.522471
Memory used: 2949.12
e_xx: 1.69522e+08, a2_x: 4.27258e+09, currMod: 0.981104
e_xx: 1.69527e+08, a2_x: 9.97149e+09, currMod: 0.981128
e_xx: 1.69526e+08, a2_x: 2.62785e+10, currMod: 0.981126
currMod: 0.981128, prevMod: 0.981107
Louvain time: 0.201724
numClusters: 22051, time: 0.004852
Next phase: 6
Memory used: 2949.12
End Structure 87959 22051 vs 197969
Build next level time: 0.046648
Iteration time: 0.256288
Memory used: 2949.12
e_xx: 1.69527e+08, a2_x: 1.0484e+10, currMod: 0.981128
e_xx: 1.69527e+08, a2_x: 1.96106e+10, currMod: 0.981129
currMod: 0.981128, prevMod: 0.981128
Louvain time: 0.123012
numClusters: 22051, time: 0.004794
Maximum degree for the graph: 543
Iteration: 0, conflicts: 0
Total number of colors used: 181
Total number of conflicts overall: 0
Number of rounds: 1
SUCCESS: No conflicts found
Number of reordered colors: 177
End position for large colors: 0, node count: 21561, largest: 21561
Node count cutoff: 4411
e_xx: 1.69536e+08, a2_x: 1.51687e+10, currMod: 0.98118
e_xx: 1.69733e+08, a2_x: 1.36539e+10, currMod: 0.982325
e_xx: 1.69872e+08, a2_x: 1.37212e+10, currMod: 0.983125
e_xx: 1.70839e+08, a2_x: 1.55946e+10, currMod: 0.988725
e_xx: 1.7207e+08, a2_x: 1.91603e+10, currMod: 0.995848
e_xx: 1.72156e+08, a2_x: 2.1099e+10, currMod: 0.996345
e_xx: 1.72182e+08, a2_x: 1.68977e+10, currMod: 0.996495
e_xx: 1.72212e+08, a2_x: 1.8065e+10, currMod: 0.996667
e_xx: 1.72635e+08, a2_x: 2.95292e+09, currMod: 0.999119
e_xx: 1.72636e+08, a2_x: 2.4471e+09, currMod: 0.999124
e_xx: 1.72648e+08, a2_x: -1.11006e+09, currMod: 0.999196
e_xx: 1.72704e+08, a2_x: 3.21498e+09, currMod: 0.99952
e_xx: 1.72676e+08, a2_x: 2.00784e+09, currMod: 0.999358
End Structure 180 21572 vs 21932
currMod: 0.99952, prevMod: 0.981128
numClusters: 21572
Total iteration time: 137.297

Loop 0 <line-37> - Time 0.003077 Total energy consumed 0.075300 Ave. Power Level 24.472795
	-------- Loop 0 (sock 1 consumed 0.039030, avg temp 38.000000, final temp 38 ) ------
	-------- Loop 0 (sock 2 consumed 0.036270, avg temp 33.000000, final temp 33 ) ------
Loop 1 <line-54> - Time 0.001895 Total energy consumed 0.114360 Ave. Power Level 60.356534
	-------- Loop 1 (sock 1 consumed 0.060615, avg temp 38.000000, final temp 38 ) ------
	-------- Loop 1 (sock 2 consumed 0.053745, avg temp 33.000000, final temp 33 ) ------
Loop 2 <line-76> - Time 0.008937 Total energy consumed 0.337830 Ave. Power Level 37.802380
	-------- Loop 2 (sock 1 consumed 0.174855, avg temp 38.500000, final temp 38 ) ------
	-------- Loop 2 (sock 2 consumed 0.162975, avg temp 33.500000, final temp 33 ) ------
Loop 3 <line-170> - Time 2.718164 Total energy consumed 101.366850 Ave. Power Level 37.292395
	-------- Loop 3 (sock 1 consumed 52.241355, avg temp 38.000000, final temp 38 ) ------
	-------- Loop 3 (sock 2 consumed 49.125495, avg temp 33.500000, final temp 33 ) ------
Loop 4 <line-192> - Time 0.001415 Total energy consumed 0.038040 Ave. Power Level 26.888846
	-------- Loop 4 (sock 1 consumed 0.019965, avg temp 38.000000, final temp 38 ) ------
	-------- Loop 4 (sock 2 consumed 0.018075, avg temp 33.000000, final temp 33 ) ------
Loop 5 <line-222> - Time 0.936238 Total energy consumed 35.155905 Ave. Power Level 37.550177
	-------- Loop 5 (sock 1 consumed 18.164895, avg temp 38.000000, final temp 38 ) ------
	-------- Loop 5 (sock 2 consumed 16.991010, avg temp 33.500000, final temp 33 ) ------
Loop 6 <line-116> - Time 0.020070 Total energy consumed 0.638370 Ave. Power Level 31.807801
	-------- Loop 6 (sock 1 consumed 0.299640, avg temp 38.166667, final temp 38 ) ------
	-------- Loop 6 (sock 2 consumed 0.338730, avg temp 33.500000, final temp 33 ) ------
Loop 7 <line-334> - Time 1.844382 Total energy consumed 68.432790 Ave. Power Level 37.103363
	-------- Loop 7 (sock 1 consumed 35.094165, avg temp 37.857143, final temp 38 ) ------
	-------- Loop 7 (sock 2 consumed 33.338625, avg temp 33.142857, final temp 33 ) ------
Loop 8 <line-353> - Time 0.001423 Total energy consumed 0.039060 Ave. Power Level 27.439603
	-------- Loop 8 (sock 1 consumed 0.020790, avg temp 37.857143, final temp 38 ) ------
	-------- Loop 8 (sock 2 consumed 0.018270, avg temp 33.142857, final temp 33 ) ------
Loop 9 <line-375> - Time 0.005485 Total energy consumed 0.246915 Ave. Power Level 45.015218
	-------- Loop 9 (sock 1 consumed 0.121440, avg temp 38.000000, final temp 38 ) ------
	-------- Loop 9 (sock 2 consumed 0.125475, avg temp 33.000000, final temp 33 ) ------
Loop 10 <line-85> - Time 0.085482 Total energy consumed 3.149175 Ave. Power Level 36.840244
	-------- Loop 10 (sock 1 consumed 1.563015, avg temp 38.250000, final temp 39 ) ------
	-------- Loop 10 (sock 2 consumed 1.586160, avg temp 33.250000, final temp 33 ) ------
Loop 11 <line-131> - Time 0.065380 Total energy consumed 2.372445 Ave. Power Level 36.286912
	-------- Loop 11 (sock 1 consumed 1.223265, avg temp 38.000000, final temp 38 ) ------
	-------- Loop 11 (sock 2 consumed 1.149180, avg temp 33.000000, final temp 33 ) ------
Loop 12 <line-167> - Time 0.061829 Total energy consumed 2.255985 Ave. Power Level 36.487210
	-------- Loop 12 (sock 1 consumed 1.089555, avg temp 38.500000, final temp 39 ) ------
	-------- Loop 12 (sock 2 consumed 1.166430, avg temp 33.000000, final temp 33 ) ------
Loop 13 <line-213> - Time 95.697551 Total energy consumed 3536.072460 Ave. Power Level 36.950501
	-------- Loop 13 (sock 1 consumed 1783.461915, avg temp 38.388889, final temp 38 ) ------
	-------- Loop 13 (sock 2 consumed 1752.610545, avg temp 33.277778, final temp 33 ) ------
Loop 14 <line-99> - Time 15.666420 Total energy consumed 580.354425 Ave. Power Level 37.044482
	-------- Loop 14 (sock 1 consumed 294.033885, avg temp 38.333333, final temp 38 ) ------
	-------- Loop 14 (sock 2 consumed 286.320540, avg temp 33.000000, final temp 33 ) ------
Loop 15 <line-160> - Time 0.349537 Total energy consumed 13.082835 Ave. Power Level 37.429088
	-------- Loop 15 (sock 1 consumed 6.263220, avg temp 38.000000, final temp 38 ) ------
	-------- Loop 15 (sock 2 consumed 6.819615, avg temp 33.000000, final temp 33 ) ------
Loop 16 <line-269> - Time 10.207810 Total energy consumed 377.819490 Ave. Power Level 37.012786
	-------- Loop 16 (sock 1 consumed 188.634570, avg temp 38.434783, final temp 38 ) ------
	-------- Loop 16 (sock 2 consumed 189.184920, avg temp 33.086957, final temp 33 ) ------
Loop 17 <line-300> - Time 0.007926 Total energy consumed 0.356775 Ave. Power Level 45.012867
	-------- Loop 17 (sock 1 consumed 0.189780, avg temp 38.388889, final temp 38 ) ------
	-------- Loop 17 (sock 2 consumed 0.166995, avg temp 33.055556, final temp 33 ) ------
Loop 18 <line-148> - Time 0.003000 Total energy consumed 0.149355 Ave. Power Level 49.785647
	-------- Loop 18 (sock 1 consumed 0.077790, avg temp 38.000000, final temp 38 ) ------
	-------- Loop 18 (sock 2 consumed 0.071565, avg temp 33.000000, final temp 33 ) ------
Application(EnergyStat) - Time 160.965667 Total energy consumed 5960.791635 Ave. Power Level 37.031447 Final Temperature socket 1 : 37  socket 2 : 33 
	 ParallelApplication(EnergyStat) - Time 127.686021 Total energy consumed 4722.058365 Ave. Power Level 36.981796
Memory used: 1.32031
Loading 32-bit binary file: pnnl.bin, numvertices: 2361670, numEdges: 191402826
File read time: 3.10516
Before allocating graph
Allocated graph: 0x246f570
Processing edges for vertex: 0, range(0, 166)
Processing edges for vertex: 100000, range(58444108, 58444133)
Processing edges for vertex: 200000, range(84376057, 84376362)
Processing edges for vertex: 300000, range(106069163, 106069503)
Processing edges for vertex: 400000, range(122097114, 122097513)
Processing edges for vertex: 500000, range(135096418, 135096483)
Processing edges for vertex: 600000, range(146097008, 146097061)
Processing edges for vertex: 700000, range(155415410, 155415531)
Processing edges for vertex: 800000, range(162595900, 162595989)
Processing edges for vertex: 900000, range(168508374, 168508464)
Processing edges for vertex: 1000000, range(173203321, 173203442)
Processing edges for vertex: 1100000, range(176935100, 176935110)
Processing edges for vertex: 1200000, range(179876260, 179876270)
Processing edges for vertex: 1300000, range(182240081, 182240092)
Processing edges for vertex: 1400000, range(184224513, 184224521)
Processing edges for vertex: 1500000, range(185795161, 185795170)
Processing edges for vertex: 1600000, range(187104124, 187104130)
Processing edges for vertex: 1700000, range(188148455, 188148461)
Processing edges for vertex: 1800000, range(188997836, 188997842)
Processing edges for vertex: 1900000, range(189691532, 189691535)
Processing edges for vertex: 2000000, range(190254658, 190254660)
Processing edges for vertex: 2100000, range(190705814, 190705822)
Processing edges for vertex: 2200000, range(191052755, 191052764)
Processing edges for vertex: 2300000, range(191302662, 191302663)
Graph populate time: 16.6126
Total I/O time: 19.7178

Regional(EnergyStat) - Time 19.724020 Total energy consumed 728.116845 Ave. Power Level 36.915236 
Running on: 1 threads
Loaded graph from file: pnnl.bin
Memory used: 2949.12
Maximum degree for the graph: 5520
Iteration: 0, conflicts: 0
Total number of colors used: 1182
Total number of conflicts overall: 0
Number of rounds: 1
SUCCESS: No conflicts found
Coloring time: 4.10844
Memory used: 2949.12
Number of reordered colors: 1012
End position for large colors: 0, node count: 547603, largest: 547603
Node count cutoff: 472334
e_xx: 1.1965e+08, a2_x: 6.41408e+11, currMod: 0.625102
e_xx: 1.65266e+08, a2_x: 5.7242e+11, currMod: 0.863433
e_xx: 1.71549e+08, a2_x: 4.8629e+11, currMod: 0.896259
e_xx: 1.74054e+08, a2_x: 4.74975e+11, currMod: 0.909345
e_xx: 1.75286e+08, a2_x: 5.19389e+11, currMod: 0.915784
currMod: 0.909345, prevMod: -1
Louvain time: 110.037
numClusters: 204449, time: 0.221279
Next phase: 2
Memory used: 2949.12
End Structure 1319830 204449 vs 2842150
Build next level time: 15.8778
Iteration time: 126.146
Memory used: 2949.12
e_xx: 1.56671e+08, a2_x: 5.19525e+11, currMod: 0.906749
e_xx: 1.65798e+08, a2_x: 3.3103e+11, currMod: 0.959577
e_xx: 1.67497e+08, a2_x: 2.80289e+11, currMod: 0.969412
e_xx: 1.67888e+08, a2_x: 2.91505e+11, currMod: 0.971674
e_xx: 1.68025e+08, a2_x: 2.86625e+11, currMod: 0.972466
e_xx: 1.6811e+08, a2_x: 2.97049e+11, currMod: 0.972962
e_xx: 1.68122e+08, a2_x: 3.12195e+11, currMod: 0.973027
e_xx: 1.68166e+08, a2_x: 3.13491e+11, currMod: 0.973286
e_xx: 1.68158e+08, a2_x: 3.12479e+11, currMod: 0.97324
currMod: 0.973286, prevMod: 0.909345
Louvain time: 7.84654
numClusters: 51743, time: 0.028319
Next phase: 3
Memory used: 2949.12
End Structure 518860 51743 vs 1089450
Build next level time: 0.557399
Iteration time: 8.44249
Memory used: 2949.12
e_xx: 1.68166e+08, a2_x: 3.12365e+11, currMod: 0.97326
e_xx: 1.69083e+08, a2_x: 1.16758e+11, currMod: 0.978572
e_xx: 1.69198e+08, a2_x: 7.3917e+10, currMod: 0.979242
e_xx: 1.6929e+08, a2_x: 6.25833e+10, currMod: 0.979771
e_xx: 1.69227e+08, a2_x: 4.19352e+10, currMod: 0.979409
currMod: 0.979771, prevMod: 0.973286
Louvain time: 1.55665
numClusters: 25637, time: 0.00893
Next phase: 4
Memory used: 2949.12
End Structure 179681 25637 vs 384999
Build next level time: 0.146148
Iteration time: 1.7158
Memory used: 2949.12
e_xx: 1.6929e+08, a2_x: 6.18102e+10, currMod: 0.979758
e_xx: 1.69509e+08, a2_x: 7.3425e+09, currMod: 0.981028
e_xx: 1.69522e+08, a2_x: 5.8637e+08, currMod: 0.981107
e_xx: 1.69522e+08, a2_x: -1.1042e+10, currMod: 0.981107
currMod: 0.981107, prevMod: 0.979771
Louvain time: 0.450381
numClusters: 22233, time: 0.005619
Next phase: 5
Memory used: 2949.12
End Structure 97931 22233 vs 218095
Build next level time: 0.060824
Iteration time: 0.520881
Memory used: 2949.12
e_xx: 1.69522e+08, a2_x: 4.27258e+09, currMod: 0.981104
e_xx: 1.69527e+08, a2_x: 9.97149e+09, currMod: 0.981128
e_xx: 1.69526e+08, a2_x: 2.62785e+10, currMod: 0.981126
currMod: 0.981128, prevMod: 0.981107
Louvain time: 0.201977
numClusters: 22051, time: 0.004855
Next phase: 6
Memory used: 2949.12
End Structure 87959 22051 vs 197969
Build next level time: 0.046474
Iteration time: 0.257347
Memory used: 2949.12
e_xx: 1.69527e+08, a2_x: 1.0484e+10, currMod: 0.981128
e_xx: 1.69527e+08, a2_x: 1.96106e+10, currMod: 0.981129
currMod: 0.981128, prevMod: 0.981128
Louvain time: 0.123948
numClusters: 22051, time: 0.004813
Maximum degree for the graph: 543
Iteration: 0, conflicts: 0
Total number of colors used: 181
Total number of conflicts overall: 0
Number of rounds: 1
SUCCESS: No conflicts found
Number of reordered colors: 177
End position for large colors: 0, node count: 21561, largest: 21561
Node count cutoff: 4411
e_xx: 1.69536e+08, a2_x: 1.51687e+10, currMod: 0.98118
e_xx: 1.69733e+08, a2_x: 1.36539e+10, currMod: 0.982325
e_xx: 1.69872e+08, a2_x: 1.37212e+10, currMod: 0.983125
e_xx: 1.70839e+08, a2_x: 1.55946e+10, currMod: 0.988725
e_xx: 1.7207e+08, a2_x: 1.91603e+10, currMod: 0.995848
e_xx: 1.72156e+08, a2_x: 2.1099e+10, currMod: 0.996345
e_xx: 1.72182e+08, a2_x: 1.68977e+10, currMod: 0.996495
e_xx: 1.72212e+08, a2_x: 1.8065e+10, currMod: 0.996667
e_xx: 1.72635e+08, a2_x: 2.95292e+09, currMod: 0.999119
e_xx: 1.72636e+08, a2_x: 2.4471e+09, currMod: 0.999124
e_xx: 1.72648e+08, a2_x: -1.11006e+09, currMod: 0.999196
e_xx: 1.72704e+08, a2_x: 3.21498e+09, currMod: 0.99952
e_xx: 1.72676e+08, a2_x: 2.00784e+09, currMod: 0.999358
End Structure 180 21572 vs 21932
currMod: 0.99952, prevMod: 0.981128
numClusters: 21572
Total iteration time: 137.082

Loop 0 <line-37> - Time 0.003088 Total energy consumed 0.093030 Ave. Power Level 30.123808
	-------- Loop 0 (sock 1 consumed 0.039090, avg temp 38.500000, final temp 38 ) ------
	-------- Loop 0 (sock 2 consumed 0.053940, avg temp 33.500000, final temp 35 ) ------
Loop 1 <line-54> - Time 0.001895 Total energy consumed 0.058155 Ave. Power Level 30.686258
	-------- Loop 1 (sock 1 consumed 0.040080, avg temp 38.500000, final temp 38 ) ------
	-------- Loop 1 (sock 2 consumed 0.018075, avg temp 34.000000, final temp 35 ) ------
Loop 2 <line-76> - Time 0.008741 Total energy consumed 0.356685 Ave. Power Level 40.803867
	-------- Loop 2 (sock 1 consumed 0.177450, avg temp 38.500000, final temp 38 ) ------
	-------- Loop 2 (sock 2 consumed 0.179235, avg temp 34.000000, final temp 35 ) ------
Loop 3 <line-170> - Time 2.880897 Total energy consumed 106.101570 Ave. Power Level 36.829357
	-------- Loop 3 (sock 1 consumed 52.617015, avg temp 38.000000, final temp 38 ) ------
	-------- Loop 3 (sock 2 consumed 53.484555, avg temp 35.000000, final temp 35 ) ------
Loop 4 <line-192> - Time 0.001540 Total energy consumed 0.075585 Ave. Power Level 49.069730
	-------- Loop 4 (sock 1 consumed 0.017790, avg temp 38.500000, final temp 38 ) ------
	-------- Loop 4 (sock 2 consumed 0.057795, avg temp 35.000000, final temp 35 ) ------
Loop 5 <line-222> - Time 1.039824 Total energy consumed 38.205225 Ave. Power Level 36.742011
	-------- Loop 5 (sock 1 consumed 18.456435, avg temp 38.000000, final temp 38 ) ------
	-------- Loop 5 (sock 2 consumed 19.748790, avg temp 34.000000, final temp 35 ) ------
Loop 6 <line-116> - Time 0.022112 Total energy consumed 0.859560 Ave. Power Level 38.873095
	-------- Loop 6 (sock 1 consumed 0.432015, avg temp 38.166667, final temp 38 ) ------
	-------- Loop 6 (sock 2 consumed 0.427545, avg temp 34.000000, final temp 35 ) ------
Loop 7 <line-334> - Time 1.911896 Total energy consumed 69.726255 Ave. Power Level 36.469693
	-------- Loop 7 (sock 1 consumed 33.825255, avg temp 38.285714, final temp 39 ) ------
	-------- Loop 7 (sock 2 consumed 35.901000, avg temp 34.142857, final temp 35 ) ------
Loop 8 <line-353> - Time 0.001463 Total energy consumed 0.054120 Ave. Power Level 36.995339
	-------- Loop 8 (sock 1 consumed 0.034995, avg temp 38.285714, final temp 39 ) ------
	-------- Loop 8 (sock 2 consumed 0.019125, avg temp 34.142857, final temp 35 ) ------
Loop 9 <line-375> - Time 0.005651 Total energy consumed 0.189195 Ave. Power Level 33.477848
	-------- Loop 9 (sock 1 consumed 0.087810, avg temp 38.285714, final temp 39 ) ------
	-------- Loop 9 (sock 2 consumed 0.101385, avg temp 34.000000, final temp 35 ) ------
Loop 10 <line-85> - Time 0.086983 Total energy consumed 3.137775 Ave. Power Level 36.073499
	-------- Loop 10 (sock 1 consumed 1.514100, avg temp 38.250000, final temp 38 ) ------
	-------- Loop 10 (sock 2 consumed 1.623675, avg temp 34.250000, final temp 34 ) ------
Loop 11 <line-131> - Time 0.068108 Total energy consumed 2.495715 Ave. Power Level 36.643741
	-------- Loop 11 (sock 1 consumed 1.215690, avg temp 38.500000, final temp 38 ) ------
	-------- Loop 11 (sock 2 consumed 1.280025, avg temp 34.500000, final temp 34 ) ------
Loop 12 <line-167> - Time 0.062605 Total energy consumed 2.296155 Ave. Power Level 36.677063
	-------- Loop 12 (sock 1 consumed 1.091010, avg temp 38.500000, final temp 38 ) ------
	-------- Loop 12 (sock 2 consumed 1.205145, avg temp 33.500000, final temp 34 ) ------
Loop 13 <line-213> - Time 95.064419 Total energy consumed 3507.430185 Ave. Power Level 36.895299
	-------- Loop 13 (sock 1 consumed 1738.565685, avg temp 38.388889, final temp 39 ) ------
	-------- Loop 13 (sock 2 consumed 1768.864500, avg temp 33.222222, final temp 33 ) ------
Loop 14 <line-99> - Time 15.826750 Total energy consumed 586.043670 Ave. Power Level 37.028680
	-------- Loop 14 (sock 1 consumed 290.661720, avg temp 38.333333, final temp 39 ) ------
	-------- Loop 14 (sock 2 consumed 295.381950, avg temp 33.333333, final temp 33 ) ------
Loop 15 <line-160> - Time 0.358268 Total energy consumed 13.340880 Ave. Power Level 37.237197
	-------- Loop 15 (sock 1 consumed 6.482625, avg temp 38.166667, final temp 38 ) ------
	-------- Loop 15 (sock 2 consumed 6.858255, avg temp 33.666667, final temp 34 ) ------
Loop 16 <line-269> - Time 10.117644 Total energy consumed 374.616840 Ave. Power Level 37.026096
	-------- Loop 16 (sock 1 consumed 185.001300, avg temp 38.521739, final temp 38 ) ------
	-------- Loop 16 (sock 2 consumed 189.615540, avg temp 33.521739, final temp 35 ) ------
Loop 17 <line-300> - Time 0.007730 Total energy consumed 0.223665 Ave. Power Level 28.934966
	-------- Loop 17 (sock 1 consumed 0.128025, avg temp 38.388889, final temp 39 ) ------
	-------- Loop 17 (sock 2 consumed 0.095640, avg temp 33.611111, final temp 34 ) ------
Loop 18 <line-148> - Time 0.003007 Total energy consumed 0.096585 Ave. Power Level 32.118750
	-------- Loop 18 (sock 1 consumed 0.042645, avg temp 38.000000, final temp 38 ) ------
	-------- Loop 18 (sock 2 consumed 0.053940, avg temp 35.000000, final temp 35 ) ------
Application(EnergyStat) - Time 161.506024 Total energy consumed 5959.822365 Ave. Power Level 36.901548 Final Temperature socket 1 : 39  socket 2 : 33 
	 ParallelApplication(EnergyStat) - Time 127.472620 Total energy consumed 4705.400850 Ave. Power Level 36.913032
Memory used: 1.32031
Loading 32-bit binary file: pnnl.bin, numvertices: 2361670, numEdges: 191402826
File read time: 3.11899
Before allocating graph
Allocated graph: 0x1b26570
Processing edges for vertex: 0, range(0, 166)
Processing edges for vertex: 100000, range(58444108, 58444133)
Processing edges for vertex: 200000, range(84376057, 84376362)
Processing edges for vertex: 300000, range(106069163, 106069503)
Processing edges for vertex: 400000, range(122097114, 122097513)
Processing edges for vertex: 500000, range(135096418, 135096483)
Processing edges for vertex: 600000, range(146097008, 146097061)
Processing edges for vertex: 700000, range(155415410, 155415531)
Processing edges for vertex: 800000, range(162595900, 162595989)
Processing edges for vertex: 900000, range(168508374, 168508464)
Processing edges for vertex: 1000000, range(173203321, 173203442)
Processing edges for vertex: 1100000, range(176935100, 176935110)
Processing edges for vertex: 1200000, range(179876260, 179876270)
Processing edges for vertex: 1300000, range(182240081, 182240092)
Processing edges for vertex: 1400000, range(184224513, 184224521)
Processing edges for vertex: 1500000, range(185795161, 185795170)
Processing edges for vertex: 1600000, range(187104124, 187104130)
Processing edges for vertex: 1700000, range(188148455, 188148461)
Processing edges for vertex: 1800000, range(188997836, 188997842)
Processing edges for vertex: 1900000, range(189691532, 189691535)
Processing edges for vertex: 2000000, range(190254658, 190254660)
Processing edges for vertex: 2100000, range(190705814, 190705822)
Processing edges for vertex: 2200000, range(191052755, 191052764)
Processing edges for vertex: 2300000, range(191302662, 191302663)
Graph populate time: 16.1853
Total I/O time: 19.3046

Regional(EnergyStat) - Time 19.310507 Total energy consumed 722.308275 Ave. Power Level 37.404936 
Running on: 1 threads
Loaded graph from file: pnnl.bin
Memory used: 2949.12
Maximum degree for the graph: 5520
Iteration: 0, conflicts: 0
Total number of colors used: 1182
Total number of conflicts overall: 0
Number of rounds: 1
SUCCESS: No conflicts found
Coloring time: 3.84216
Memory used: 2949.12
Number of reordered colors: 1012
End position for large colors: 0, node count: 547603, largest: 547603
Node count cutoff: 472334
e_xx: 1.1965e+08, a2_x: 6.41408e+11, currMod: 0.625102
e_xx: 1.65266e+08, a2_x: 5.7242e+11, currMod: 0.863433
e_xx: 1.71549e+08, a2_x: 4.8629e+11, currMod: 0.896259
e_xx: 1.74054e+08, a2_x: 4.74975e+11, currMod: 0.909345
e_xx: 1.75286e+08, a2_x: 5.19389e+11, currMod: 0.915784
currMod: 0.909345, prevMod: -1
Louvain time: 109.048
numClusters: 204449, time: 0.216097
Next phase: 2
Memory used: 2949.12
End Structure 1319830 204449 vs 2842150
Build next level time: 15.781
Iteration time: 125.054
Memory used: 2949.12
e_xx: 1.56671e+08, a2_x: 5.19525e+11, currMod: 0.906749
e_xx: 1.65798e+08, a2_x: 3.3103e+11, currMod: 0.959577
e_xx: 1.67497e+08, a2_x: 2.80289e+11, currMod: 0.969412
e_xx: 1.67888e+08, a2_x: 2.91505e+11, currMod: 0.971674
e_xx: 1.68025e+08, a2_x: 2.86625e+11, currMod: 0.972466
e_xx: 1.6811e+08, a2_x: 2.97049e+11, currMod: 0.972962
e_xx: 1.68122e+08, a2_x: 3.12195e+11, currMod: 0.973027
e_xx: 1.68166e+08, a2_x: 3.13491e+11, currMod: 0.973286
e_xx: 1.68158e+08, a2_x: 3.12479e+11, currMod: 0.97324
currMod: 0.973286, prevMod: 0.909345
Louvain time: 7.80257
numClusters: 51743, time: 0.028227
Next phase: 3
Memory used: 2949.12
End Structure 518860 51743 vs 1089450
Build next level time: 0.508538
Iteration time: 8.35087
Memory used: 2949.12
e_xx: 1.68166e+08, a2_x: 3.12365e+11, currMod: 0.97326
e_xx: 1.69083e+08, a2_x: 1.16758e+11, currMod: 0.978572
e_xx: 1.69198e+08, a2_x: 7.3917e+10, currMod: 0.979242
e_xx: 1.6929e+08, a2_x: 6.25833e+10, currMod: 0.979771
e_xx: 1.69227e+08, a2_x: 4.19352e+10, currMod: 0.979409
currMod: 0.979771, prevMod: 0.973286
Louvain time: 1.57385
numClusters: 25637, time: 0.008936
Next phase: 4
Memory used: 2949.12
End Structure 179681 25637 vs 384999
Build next level time: 0.142843
Iteration time: 1.72972
Memory used: 2949.12
e_xx: 1.6929e+08, a2_x: 6.18102e+10, currMod: 0.979758
e_xx: 1.69509e+08, a2_x: 7.3425e+09, currMod: 0.981028
e_xx: 1.69522e+08, a2_x: 5.8637e+08, currMod: 0.981107
e_xx: 1.69522e+08, a2_x: -1.1042e+10, currMod: 0.981107
currMod: 0.981107, prevMod: 0.979771
Louvain time: 0.450167
numClusters: 22233, time: 0.005633
Next phase: 5
Memory used: 2949.12
End Structure 97931 22233 vs 218095
Build next level time: 0.060342
Iteration time: 0.520231
Memory used: 2949.12
e_xx: 1.69522e+08, a2_x: 4.27258e+09, currMod: 0.981104
e_xx: 1.69527e+08, a2_x: 9.97149e+09, currMod: 0.981128
e_xx: 1.69526e+08, a2_x: 2.62785e+10, currMod: 0.981126
currMod: 0.981128, prevMod: 0.981107
Louvain time: 0.200965
numClusters: 22051, time: 0.004846
Next phase: 6
Memory used: 2949.12
End Structure 87959 22051 vs 197969
Build next level time: 0.046476
Iteration time: 0.256369
Memory used: 2949.12
e_xx: 1.69527e+08, a2_x: 1.0484e+10, currMod: 0.981128
e_xx: 1.69527e+08, a2_x: 1.96106e+10, currMod: 0.981129
currMod: 0.981128, prevMod: 0.981128
Louvain time: 0.123105
numClusters: 22051, time: 0.004819
Maximum degree for the graph: 543
Iteration: 0, conflicts: 0
Total number of colors used: 181
Total number of conflicts overall: 0
Number of rounds: 1
SUCCESS: No conflicts found
Number of reordered colors: 177
End position for large colors: 0, node count: 21561, largest: 21561
Node count cutoff: 4411
e_xx: 1.69536e+08, a2_x: 1.51687e+10, currMod: 0.98118
e_xx: 1.69733e+08, a2_x: 1.36539e+10, currMod: 0.982325
e_xx: 1.69872e+08, a2_x: 1.37212e+10, currMod: 0.983125
e_xx: 1.70839e+08, a2_x: 1.55946e+10, currMod: 0.988725
e_xx: 1.7207e+08, a2_x: 1.91603e+10, currMod: 0.995848
e_xx: 1.72156e+08, a2_x: 2.1099e+10, currMod: 0.996345
e_xx: 1.72182e+08, a2_x: 1.68977e+10, currMod: 0.996495
e_xx: 1.72212e+08, a2_x: 1.8065e+10, currMod: 0.996667
e_xx: 1.72635e+08, a2_x: 2.95292e+09, currMod: 0.999119
e_xx: 1.72636e+08, a2_x: 2.4471e+09, currMod: 0.999124
e_xx: 1.72648e+08, a2_x: -1.11006e+09, currMod: 0.999196
e_xx: 1.72704e+08, a2_x: 3.21498e+09, currMod: 0.99952
e_xx: 1.72676e+08, a2_x: 2.00784e+09, currMod: 0.999358
End Structure 180 21572 vs 21932
currMod: 0.99952, prevMod: 0.981128
numClusters: 21572
Total iteration time: 135.911

Loop 0 <line-37> - Time 0.003076 Total energy consumed 0.150195 Ave. Power Level 48.821040
	-------- Loop 0 (sock 1 consumed 0.078435, avg temp 38.500000, final temp 38 ) ------
	-------- Loop 0 (sock 2 consumed 0.071760, avg temp 32.500000, final temp 33 ) ------
Loop 1 <line-54> - Time 0.001889 Total energy consumed 0.094980 Ave. Power Level 50.288532
	-------- Loop 1 (sock 1 consumed 0.040965, avg temp 38.500000, final temp 39 ) ------
	-------- Loop 1 (sock 2 consumed 0.054015, avg temp 33.000000, final temp 33 ) ------
Loop 2 <line-76> - Time 0.008950 Total energy consumed 0.300420 Ave. Power Level 33.566612
	-------- Loop 2 (sock 1 consumed 0.155940, avg temp 39.000000, final temp 39 ) ------
	-------- Loop 2 (sock 2 consumed 0.144480, avg temp 33.000000, final temp 33 ) ------
Loop 3 <line-170> - Time 2.718310 Total energy consumed 101.462925 Ave. Power Level 37.325741
	-------- Loop 3 (sock 1 consumed 52.289700, avg temp 38.000000, final temp 38 ) ------
	-------- Loop 3 (sock 2 consumed 49.173225, avg temp 33.000000, final temp 33 ) ------
Loop 4 <line-192> - Time 0.001416 Total energy consumed 0.037560 Ave. Power Level 26.517802
	-------- Loop 4 (sock 1 consumed 0.019620, avg temp 38.500000, final temp 38 ) ------
	-------- Loop 4 (sock 2 consumed 0.017940, avg temp 33.000000, final temp 33 ) ------
Loop 5 <line-222> - Time 0.936994 Total energy consumed 35.107740 Ave. Power Level 37.468461
	-------- Loop 5 (sock 1 consumed 18.136140, avg temp 38.500000, final temp 38 ) ------
	-------- Loop 5 (sock 2 consumed 16.971600, avg temp 33.000000, final temp 33 ) ------
Loop 6 <line-116> - Time 0.023091 Total energy consumed 0.843315 Ave. Power Level 36.521480
	-------- Loop 6 (sock 1 consumed 0.397545, avg temp 38.500000, final temp 39 ) ------
	-------- Loop 6 (sock 2 consumed 0.445770, avg temp 33.000000, final temp 33 ) ------
Loop 7 <line-334> - Time 1.844161 Total energy consumed 68.354280 Ave. Power Level 37.065253
	-------- Loop 7 (sock 1 consumed 35.048370, avg temp 38.714286, final temp 39 ) ------
	-------- Loop 7 (sock 2 consumed 33.305910, avg temp 33.142857, final temp 33 ) ------
Loop 8 <line-353> - Time 0.001416 Total energy consumed 0.057795 Ave. Power Level 40.822539
	-------- Loop 8 (sock 1 consumed 0.039585, avg temp 38.714286, final temp 39 ) ------
	-------- Loop 8 (sock 2 consumed 0.018210, avg temp 33.285714, final temp 33 ) ------
Loop 9 <line-375> - Time 0.005481 Total energy consumed 0.270810 Ave. Power Level 49.410129
	-------- Loop 9 (sock 1 consumed 0.141705, avg temp 38.714286, final temp 39 ) ------
	-------- Loop 9 (sock 2 consumed 0.129105, avg temp 33.285714, final temp 33 ) ------
Loop 10 <line-85> - Time 0.085286 Total energy consumed 3.094725 Ave. Power Level 36.286524
	-------- Loop 10 (sock 1 consumed 1.586775, avg temp 39.250000, final temp 39 ) ------
	-------- Loop 10 (sock 2 consumed 1.507950, avg temp 33.000000, final temp 33 ) ------
Loop 11 <line-131> - Time 0.065388 Total energy consumed 2.391015 Ave. Power Level 36.566661
	-------- Loop 11 (sock 1 consumed 1.222605, avg temp 39.000000, final temp 39 ) ------
	-------- Loop 11 (sock 2 consumed 1.168410, avg temp 33.000000, final temp 33 ) ------
Loop 12 <line-167> - Time 0.061282 Total energy consumed 2.260395 Ave. Power Level 36.884908
	-------- Loop 12 (sock 1 consumed 1.165740, avg temp 39.000000, final temp 39 ) ------
	-------- Loop 12 (sock 2 consumed 1.094655, avg temp 33.000000, final temp 33 ) ------
Loop 13 <line-213> - Time 94.249498 Total energy consumed 3485.035950 Ave. Power Level 36.976706
	-------- Loop 13 (sock 1 consumed 1775.710650, avg temp 38.888889, final temp 39 ) ------
	-------- Loop 13 (sock 2 consumed 1709.325300, avg temp 33.055556, final temp 33 ) ------
Loop 14 <line-99> - Time 15.716676 Total energy consumed 581.691225 Ave. Power Level 37.011086
	-------- Loop 14 (sock 1 consumed 279.906930, avg temp 38.833333, final temp 39 ) ------
	-------- Loop 14 (sock 2 consumed 301.784295, avg temp 33.333333, final temp 33 ) ------
Loop 15 <line-160> - Time 0.343624 Total energy consumed 12.909225 Ave. Power Level 37.567910
	-------- Loop 15 (sock 1 consumed 6.165780, avg temp 38.500000, final temp 39 ) ------
	-------- Loop 15 (sock 2 consumed 6.743445, avg temp 33.333333, final temp 33 ) ------
Loop 16 <line-269> - Time 10.089510 Total energy consumed 373.421475 Ave. Power Level 37.010864
	-------- Loop 16 (sock 1 consumed 177.213765, avg temp 38.434783, final temp 39 ) ------
	-------- Loop 16 (sock 2 consumed 196.207710, avg temp 33.217391, final temp 33 ) ------
Loop 17 <line-300> - Time 0.007291 Total energy consumed 0.091815 Ave. Power Level 12.592375
	-------- Loop 17 (sock 1 consumed 0.052980, avg temp 38.555556, final temp 39 ) ------
	-------- Loop 17 (sock 2 consumed 0.038835, avg temp 33.277778, final temp 33 ) ------
Loop 18 <line-148> - Time 0.004008 Total energy consumed 0.131610 Ave. Power Level 32.840153
	-------- Loop 18 (sock 1 consumed 0.053655, avg temp 38.000000, final temp 38 ) ------
	-------- Loop 18 (sock 2 consumed 0.077955, avg temp 33.000000, final temp 33 ) ------
Application(EnergyStat) - Time 159.665151 Total energy consumed 5911.754115 Ave. Power Level 37.025951 Final Temperature socket 1 : 39  socket 2 : 33 
	 ParallelApplication(EnergyStat) - Time 126.167346 Total energy consumed 4667.707455 Ave. Power Level 36.996161
