Memory used: 1.32031
Loading 32-bit binary file: pnnl.bin, numvertices: 2361670, numEdges: 191402826
File read time: 2.52349
Before allocating graph
Allocated graph: 0x2446570
Processing edges for vertex: 0, range(0, 166)
Processing edges for vertex: 100000, range(58444108, 58444133)
Processing edges for vertex: 200000, range(84376057, 84376362)
Processing edges for vertex: 300000, range(106069163, 106069503)
Processing edges for vertex: 400000, range(122097114, 122097513)
Processing edges for vertex: 500000, range(135096418, 135096483)
Processing edges for vertex: 600000, range(146097008, 146097061)
Processing edges for vertex: 700000, range(155415410, 155415531)
Processing edges for vertex: 800000, range(162595900, 162595989)
Processing edges for vertex: 900000, range(168508374, 168508464)
Processing edges for vertex: 1000000, range(173203321, 173203442)
Processing edges for vertex: 1100000, range(176935100, 176935110)
Processing edges for vertex: 1200000, range(179876260, 179876270)
Processing edges for vertex: 1300000, range(182240081, 182240092)
Processing edges for vertex: 1400000, range(184224513, 184224521)
Processing edges for vertex: 1500000, range(185795161, 185795170)
Processing edges for vertex: 1600000, range(187104124, 187104130)
Processing edges for vertex: 1700000, range(188148455, 188148461)
Processing edges for vertex: 1800000, range(188997836, 188997842)
Processing edges for vertex: 1900000, range(189691532, 189691535)
Processing edges for vertex: 2000000, range(190254658, 190254660)
Processing edges for vertex: 2100000, range(190705814, 190705822)
Processing edges for vertex: 2200000, range(191052755, 191052764)
Processing edges for vertex: 2300000, range(191302662, 191302663)
Graph populate time: 13.1145
Total I/O time: 15.6381

Regional(EnergyStat) - Time 15.643211 Total energy consumed 631.623060 Ave. Power Level 40.376817 
Running on: 9 threads
Loaded graph from file: pnnl.bin
Memory used: 2949.12
Maximum degree for the graph: 5520
Iteration: 0, conflicts: 12
Iteration: 1, conflicts: 0
Total number of colors used: 1181
Total number of conflicts overall: 0
Number of rounds: 2
SUCCESS: No conflicts found
Coloring time: 1.3635
Memory used: 2949.12
Number of reordered colors: 1009
End position for large colors: 0, node count: 550628, largest: 550628
Node count cutoff: 472334
e_xx: 1.26428e+08, a2_x: 7.01143e+11, currMod: 0.660512
e_xx: 1.66853e+08, a2_x: 5.28088e+11, currMod: 0.871725
e_xx: 1.73076e+08, a2_x: 4.9979e+11, currMod: 0.904235
e_xx: 1.75486e+08, a2_x: 5.261e+11, currMod: 0.916827
e_xx: 1.76645e+08, a2_x: 4.97592e+11, currMod: 0.922883
currMod: 0.916827, prevMod: -1
Louvain time: 16.5194
numClusters: 203546, time: 0.180704
Next phase: 2
Memory used: 2949.12
End Structure 1283601 203546 vs 2768808
Build next level time: 6.33029
Iteration time: 23.0358
Memory used: 2949.12
e_xx: 1.57178e+08, a2_x: 5.00633e+11, currMod: 0.914189
e_xx: 1.65184e+08, a2_x: 3.32853e+11, currMod: 0.960761
e_xx: 1.66269e+08, a2_x: 2.12749e+11, currMod: 0.967074
e_xx: 1.66542e+08, a2_x: 2.28915e+11, currMod: 0.968664
e_xx: 1.666e+08, a2_x: 2.58729e+11, currMod: 0.968997
e_xx: 1.66731e+08, a2_x: 1.97688e+11, currMod: 0.969766
e_xx: 1.6671e+08, a2_x: 2.3151e+11, currMod: 0.969641
currMod: 0.969766, prevMod: 0.916827
Louvain time: 2.85777
numClusters: 52907, time: 0.025702
Next phase: 3
Memory used: 2949.12
End Structure 515935 52907 vs 1084770
Build next level time: 0.28339
Iteration time: 3.16797
Memory used: 2949.12
e_xx: 1.66731e+08, a2_x: 1.98603e+11, currMod: 0.969739
e_xx: 1.68337e+08, a2_x: -1.08158e+10, currMod: 0.979086
e_xx: 1.68388e+08, a2_x: 4.16527e+10, currMod: 0.979384
e_xx: 1.68502e+08, a2_x: 1.63969e+10, currMod: 0.980043
e_xx: 1.68419e+08, a2_x: 3.10114e+10, currMod: 0.97956
currMod: 0.980043, prevMod: 0.969766
Louvain time: 0.955997
numClusters: 25579, time: 0.00837
Next phase: 4
Memory used: 2949.12
End Structure 176758 25579 vs 379095
Build next level time: 0.109916
Iteration time: 1.07482
Memory used: 2949.12
e_xx: 1.68502e+08, a2_x: 1.9287e+10, currMod: 0.980029
e_xx: 1.6867e+08, a2_x: 7.02059e+09, currMod: 0.981007
e_xx: 1.68669e+08, a2_x: 2.40105e+10, currMod: 0.980999
currMod: 0.981007, prevMod: 0.980043
Louvain time: 0.267303
numClusters: 22652, time: 0.005162
Next phase: 5
Memory used: 2949.12
End Structure 110250 22652 vs 243152
Build next level time: 0.054418
Iteration time: 0.327375
Memory used: 2949.12
e_xx: 1.6867e+08, a2_x: 4.8608e+09, currMod: 0.981006
e_xx: 1.6869e+08, a2_x: -1.47187e+10, currMod: 0.981124
e_xx: 1.68693e+08, a2_x: 4.61895e+09, currMod: 0.981143
e_xx: 1.68693e+08, a2_x: -3.74322e+09, currMod: 0.981141
currMod: 0.981143, prevMod: 0.981007
Louvain time: 0.229796
numClusters: 22022, time: 0.004682
Next phase: 6
Memory used: 2949.12
End Structure 70576 22022 vs 163174
Build next level time: 0.035823
Iteration time: 0.270597
Memory used: 2949.12
e_xx: 1.68693e+08, a2_x: 5.51954e+09, currMod: 0.981143
e_xx: 1.68694e+08, a2_x: 1.01818e+10, currMod: 0.981144
e_xx: 1.68694e+08, a2_x: -6.42788e+07, currMod: 0.981145
currMod: 0.981144, prevMod: 0.981143
Louvain time: 0.114718
numClusters: 21964, time: 0.004569
Next phase: 7
Memory used: 2949.12
End Structure 67571 21964 vs 157106
Build next level time: 0.03181
Iteration time: 0.151407
Memory used: 2949.12
e_xx: 1.68694e+08, a2_x: 1.01818e+10, currMod: 0.981144
e_xx: 1.68694e+08, a2_x: 9.94175e+09, currMod: 0.981145
currMod: 0.981144, prevMod: 0.981144
Louvain time: 0.074116
numClusters: 21964, time: 0.004557
Maximum degree for the graph: 457
Iteration: 0, conflicts: 0
Total number of colors used: 168
Total number of conflicts overall: 0
Number of rounds: 1
SUCCESS: No conflicts found
Number of reordered colors: 164
End position for large colors: 0, node count: 21546, largest: 21546
Node count cutoff: 4393
e_xx: 1.68694e+08, a2_x: 9.94175e+09, currMod: 0.981145
End Structure 67216 21961 vs 156393
currMod: 0.981144, prevMod: 0.981144
numClusters: 21961
Total iteration time: 28.028

Loop 0 <line-37> - Time 0.000722 Total energy consumed 0.040065 Ave. Power Level 55.520757
	-------- Loop 0 (sock 1 consumed 0.018105, avg temp 41.500000, final temp 42 ) ------
	-------- Loop 0 (sock 2 consumed 0.021960, avg temp 35.000000, final temp 35 ) ------
Loop 1 <line-54> - Time 0.000479 Total energy consumed 0.000000 Ave. Power Level 0.000000
	-------- Loop 1 (sock 1 consumed 0.000000, avg temp 41.000000, final temp 41 ) ------
	-------- Loop 1 (sock 2 consumed 0.000000, avg temp 35.500000, final temp 36 ) ------
Loop 2 <line-76> - Time 0.000843 Total energy consumed 0.040515 Ave. Power Level 48.055026
	-------- Loop 2 (sock 1 consumed 0.018270, avg temp 41.500000, final temp 41 ) ------
	-------- Loop 2 (sock 2 consumed 0.022245, avg temp 35.500000, final temp 36 ) ------
Loop 3 <line-170> - Time 0.862355 Total energy consumed 38.253750 Ave. Power Level 44.359617
	-------- Loop 3 (sock 1 consumed 17.931210, avg temp 41.000000, final temp 41 ) ------
	-------- Loop 3 (sock 2 consumed 20.322540, avg temp 35.666667, final temp 35 ) ------
Loop 4 <line-192> - Time 0.000256 Total energy consumed 0.000000 Ave. Power Level 0.000000
	-------- Loop 4 (sock 1 consumed 0.000000, avg temp 41.000000, final temp 41 ) ------
	-------- Loop 4 (sock 2 consumed 0.000000, avg temp 35.500000, final temp 35 ) ------
Loop 5 <line-222> - Time 0.354935 Total energy consumed 15.688050 Ave. Power Level 44.199776
	-------- Loop 5 (sock 1 consumed 8.341275, avg temp 41.500000, final temp 41 ) ------
	-------- Loop 5 (sock 2 consumed 7.346775, avg temp 35.500000, final temp 35 ) ------
Loop 6 <line-116> - Time 0.002478 Total energy consumed 0.000000 Ave. Power Level 0.000000
	-------- Loop 6 (sock 1 consumed 0.000000, avg temp 41.000000, final temp 41 ) ------
	-------- Loop 6 (sock 2 consumed 0.000000, avg temp 35.428571, final temp 35 ) ------
Loop 7 <line-334> - Time 0.746485 Total energy consumed 31.071750 Ave. Power Level 41.624084
	-------- Loop 7 (sock 1 consumed 14.361615, avg temp 41.125000, final temp 41 ) ------
	-------- Loop 7 (sock 2 consumed 16.710135, avg temp 34.875000, final temp 35 ) ------
Loop 8 <line-353> - Time 0.000562 Total energy consumed 0.120510 Ave. Power Level 214.554298
	-------- Loop 8 (sock 1 consumed 0.076695, avg temp 41.125000, final temp 41 ) ------
	-------- Loop 8 (sock 2 consumed 0.043815, avg temp 35.000000, final temp 35 ) ------
Loop 9 <line-375> - Time 0.000929 Total energy consumed 0.000000 Ave. Power Level 0.000000
	-------- Loop 9 (sock 1 consumed 0.000000, avg temp 41.000000, final temp 41 ) ------
	-------- Loop 9 (sock 2 consumed 0.000000, avg temp 35.125000, final temp 35 ) ------
Loop 10 <line-85> - Time 0.223482 Total energy consumed 12.204405 Ave. Power Level 54.610273
	-------- Loop 10 (sock 1 consumed 6.405975, avg temp 41.750000, final temp 42 ) ------
	-------- Loop 10 (sock 2 consumed 5.798430, avg temp 35.000000, final temp 36 ) ------
Loop 11 <line-131> - Time 0.006164 Total energy consumed 0.280110 Ave. Power Level 45.444089
	-------- Loop 11 (sock 1 consumed 0.147135, avg temp 42.000000, final temp 42 ) ------
	-------- Loop 11 (sock 2 consumed 0.132975, avg temp 35.500000, final temp 35 ) ------
Loop 12 <line-167> - Time 0.280238 Total energy consumed 15.371160 Ave. Power Level 54.850428
	-------- Loop 12 (sock 1 consumed 7.987245, avg temp 41.500000, final temp 42 ) ------
	-------- Loop 12 (sock 2 consumed 7.383915, avg temp 35.500000, final temp 35 ) ------
Loop 13 <line-213> - Time 10.045819 Total energy consumed 563.098380 Ave. Power Level 56.053007
	-------- Loop 13 (sock 1 consumed 292.555560, avg temp 41.666667, final temp 41 ) ------
	-------- Loop 13 (sock 2 consumed 270.542820, avg temp 36.166667, final temp 36 ) ------
Loop 14 <line-99> - Time 6.350179 Total energy consumed 272.657580 Ave. Power Level 42.936992
	-------- Loop 14 (sock 1 consumed 126.937650, avg temp 41.000000, final temp 41 ) ------
	-------- Loop 14 (sock 2 consumed 145.719930, avg temp 34.714286, final temp 34 ) ------
Loop 15 <line-160> - Time 0.151807 Total energy consumed 7.054830 Ave. Power Level 46.472446
	-------- Loop 15 (sock 1 consumed 3.423105, avg temp 41.000000, final temp 41 ) ------
	-------- Loop 15 (sock 2 consumed 3.631725, avg temp 35.285714, final temp 35 ) ------
Loop 16 <line-269> - Time 4.468328 Total energy consumed 186.404475 Ave. Power Level 41.716828
	-------- Loop 16 (sock 1 consumed 92.877915, avg temp 41.166667, final temp 41 ) ------
	-------- Loop 16 (sock 2 consumed 93.526560, avg temp 35.291667, final temp 35 ) ------
Loop 17 <line-300> - Time 0.002205 Total energy consumed 0.160935 Ave. Power Level 72.977028
	-------- Loop 17 (sock 1 consumed 0.079215, avg temp 41.166667, final temp 42 ) ------
	-------- Loop 17 (sock 2 consumed 0.081720, avg temp 35.166667, final temp 35 ) ------
Loop 18 <line-148> - Time 0.000448 Total energy consumed 0.000000 Ave. Power Level 0.000000
	-------- Loop 18 (sock 1 consumed 0.000000, avg temp 42.000000, final temp 42 ) ------
	-------- Loop 18 (sock 2 consumed 0.000000, avg temp 35.000000, final temp 35 ) ------
Application(EnergyStat) - Time 45.173254 Total energy consumed 2027.872710 Ave. Power Level 44.891004 Final Temperature socket 1 : 41  socket 2 : 35 
	 ParallelApplication(EnergyStat) - Time 23.498714 Total energy consumed 1142.446515 Ave. Power Level 48.617405
Memory used: 1.32031
Loading 32-bit binary file: pnnl.bin, numvertices: 2361670, numEdges: 191402826
File read time: 2.52049
Before allocating graph
Allocated graph: 0x10fa570
Processing edges for vertex: 0, range(0, 166)
Processing edges for vertex: 100000, range(58444108, 58444133)
Processing edges for vertex: 200000, range(84376057, 84376362)
Processing edges for vertex: 300000, range(106069163, 106069503)
Processing edges for vertex: 400000, range(122097114, 122097513)
Processing edges for vertex: 500000, range(135096418, 135096483)
Processing edges for vertex: 600000, range(146097008, 146097061)
Processing edges for vertex: 700000, range(155415410, 155415531)
Processing edges for vertex: 800000, range(162595900, 162595989)
Processing edges for vertex: 900000, range(168508374, 168508464)
Processing edges for vertex: 1000000, range(173203321, 173203442)
Processing edges for vertex: 1100000, range(176935100, 176935110)
Processing edges for vertex: 1200000, range(179876260, 179876270)
Processing edges for vertex: 1300000, range(182240081, 182240092)
Processing edges for vertex: 1400000, range(184224513, 184224521)
Processing edges for vertex: 1500000, range(185795161, 185795170)
Processing edges for vertex: 1600000, range(187104124, 187104130)
Processing edges for vertex: 1700000, range(188148455, 188148461)
Processing edges for vertex: 1800000, range(188997836, 188997842)
Processing edges for vertex: 1900000, range(189691532, 189691535)
Processing edges for vertex: 2000000, range(190254658, 190254660)
Processing edges for vertex: 2100000, range(190705814, 190705822)
Processing edges for vertex: 2200000, range(191052755, 191052764)
Processing edges for vertex: 2300000, range(191302662, 191302663)
Graph populate time: 13.0259
Total I/O time: 15.5464

Regional(EnergyStat) - Time 15.551292 Total energy consumed 627.721335 Ave. Power Level 40.364577 
Running on: 9 threads
Loaded graph from file: pnnl.bin
Memory used: 2949.12
Maximum degree for the graph: 5520
Iteration: 0, conflicts: 9
Iteration: 1, conflicts: 1
Iteration: 2, conflicts: 0
Total number of colors used: 1183
Total number of conflicts overall: 0
Number of rounds: 3
SUCCESS: No conflicts found
Coloring time: 1.35834
Memory used: 2949.12
Number of reordered colors: 997
End position for large colors: 0, node count: 550678, largest: 550678
Node count cutoff: 472334
e_xx: 1.24937e+08, a2_x: 6.47108e+11, currMod: 0.652728
e_xx: 1.66906e+08, a2_x: 5.63316e+11, currMod: 0.871999
e_xx: 1.73489e+08, a2_x: 5.43736e+11, currMod: 0.906395
e_xx: 1.76021e+08, a2_x: 5.01161e+11, currMod: 0.919621
e_xx: 1.77187e+08, a2_x: 4.56495e+11, currMod: 0.925713
currMod: 0.919621, prevMod: -1
Louvain time: 16.4073
numClusters: 203760, time: 0.160194
Next phase: 2
Memory used: 2949.12
End Structure 1297496 203760 vs 2796943
Build next level time: 6.56694
Iteration time: 23.1409
Memory used: 2949.12
e_xx: 1.56691e+08, a2_x: 4.54831e+11, currMod: 0.916845
e_xx: 1.64261e+08, a2_x: 3.4155e+11, currMod: 0.96114
e_xx: 1.65744e+08, a2_x: 2.46929e+11, currMod: 0.96982
e_xx: 1.661e+08, a2_x: 2.84645e+11, currMod: 0.971903
e_xx: 1.66142e+08, a2_x: 2.80056e+11, currMod: 0.972153
e_xx: 1.66252e+08, a2_x: 2.5413e+11, currMod: 0.972793
e_xx: 1.66221e+08, a2_x: 2.53114e+11, currMod: 0.972616
currMod: 0.972793, prevMod: 0.919621
Louvain time: 2.94917
numClusters: 56433, time: 0.026134
Next phase: 3
Memory used: 2949.12
End Structure 591154 56433 vs 1238725
Build next level time: 0.29381
Iteration time: 3.27046
Memory used: 2949.12
e_xx: 1.66251e+08, a2_x: 2.57103e+11, currMod: 0.972765
e_xx: 1.67192e+08, a2_x: 8.65157e+10, currMod: 0.978273
e_xx: 1.67355e+08, a2_x: 1.1448e+11, currMod: 0.979229
e_xx: 1.67409e+08, a2_x: 6.33886e+10, currMod: 0.979548
e_xx: 1.67391e+08, a2_x: 8.38356e+10, currMod: 0.979442
currMod: 0.979548, prevMod: 0.972793
Louvain time: 1.07928
numClusters: 26261, time: 0.008581
Next phase: 4
Memory used: 2949.12
End Structure 197517 26261 vs 421295
Build next level time: 0.128017
Iteration time: 1.2164
Memory used: 2949.12
e_xx: 1.67409e+08, a2_x: 6.10585e+10, currMod: 0.979533
e_xx: 1.67632e+08, a2_x: 5.79887e+10, currMod: 0.980836
e_xx: 1.67649e+08, a2_x: 2.51265e+10, currMod: 0.980936
e_xx: 1.67651e+08, a2_x: 6.22761e+10, currMod: 0.980948
e_xx: 1.67651e+08, a2_x: 3.24173e+10, currMod: 0.980948
currMod: 0.980948, prevMod: 0.979548
Louvain time: 0.457255
numClusters: 22241, time: 0.005209
Next phase: 5
Memory used: 2949.12
End Structure 97506 22241 vs 217253
Build next level time: 0.057509
Iteration time: 0.520477
Memory used: 2949.12
e_xx: 1.67651e+08, a2_x: 6.46349e+10, currMod: 0.980945
e_xx: 1.67654e+08, a2_x: 5.81437e+10, currMod: 0.980961
e_xx: 1.67656e+08, a2_x: 5.8728e+10, currMod: 0.980973
e_xx: 1.67655e+08, a2_x: 4.42503e+10, currMod: 0.980966
currMod: 0.980973, prevMod: 0.980948
Louvain time: 0.208037
numClusters: 21993, time: 0.00458
Next phase: 6
Memory used: 2949.12
End Structure 75921 21993 vs 173835
Build next level time: 0.040414
Iteration time: 0.253403
Memory used: 2949.12
e_xx: 1.67656e+08, a2_x: 5.59885e+10, currMod: 0.980973
e_xx: 1.67656e+08, a2_x: 5.92494e+10, currMod: 0.980974
currMod: 0.980973, prevMod: 0.980973
Louvain time: 0.084175
numClusters: 21993, time: 0.00455
Maximum degree for the graph: 487
Iteration: 0, conflicts: 0
Total number of colors used: 176
Total number of conflicts overall: 0
Number of rounds: 1
SUCCESS: No conflicts found
Number of reordered colors: 175
End position for large colors: 0, node count: 21557, largest: 21557
Node count cutoff: 4399
e_xx: 1.67745e+08, a2_x: 2.2878e+10, currMod: 0.981498
e_xx: 1.68902e+08, a2_x: -2.64177e+09, currMod: 0.988267
e_xx: 1.69011e+08, a2_x: -1.23884e+10, currMod: 0.988904
e_xx: 1.69014e+08, a2_x: -9.65552e+09, currMod: 0.988923
e_xx: 1.69045e+08, a2_x: -5.58229e+09, currMod: 0.989103
e_xx: 1.70712e+08, a2_x: -3.64966e+09, currMod: 0.998854
e_xx: 1.70804e+08, a2_x: -2.63733e+09, currMod: 0.999396
e_xx: 1.70788e+08, a2_x: -7.06444e+09, currMod: 0.999301
End Structure 201 21561 vs 21963
currMod: 0.999396, prevMod: 0.980973
numClusters: 21561
Total iteration time: 28.4016

Loop 0 <line-37> - Time 0.000723 Total energy consumed 0.062520 Ave. Power Level 86.494683
	-------- Loop 0 (sock 1 consumed 0.018255, avg temp 42.000000, final temp 43 ) ------
	-------- Loop 0 (sock 2 consumed 0.044265, avg temp 34.500000, final temp 35 ) ------
Loop 1 <line-54> - Time 0.000459 Total energy consumed 0.061800 Ave. Power Level 134.718595
	-------- Loop 1 (sock 1 consumed 0.018375, avg temp 42.000000, final temp 43 ) ------
	-------- Loop 1 (sock 2 consumed 0.043425, avg temp 35.500000, final temp 36 ) ------
Loop 2 <line-76> - Time 0.000850 Total energy consumed 0.000000 Ave. Power Level 0.000000
	-------- Loop 2 (sock 1 consumed 0.000000, avg temp 42.000000, final temp 43 ) ------
	-------- Loop 2 (sock 2 consumed 0.000000, avg temp 35.500000, final temp 36 ) ------
Loop 3 <line-170> - Time 0.860838 Total energy consumed 38.138910 Ave. Power Level 44.304387
	-------- Loop 3 (sock 1 consumed 17.740755, avg temp 42.250000, final temp 43 ) ------
	-------- Loop 3 (sock 2 consumed 20.398155, avg temp 36.000000, final temp 36 ) ------
Loop 4 <line-192> - Time 0.000259 Total energy consumed 0.000000 Ave. Power Level 0.000000
	-------- Loop 4 (sock 1 consumed 0.000000, avg temp 42.500000, final temp 43 ) ------
	-------- Loop 4 (sock 2 consumed 0.000000, avg temp 36.000000, final temp 36 ) ------
Loop 5 <line-222> - Time 0.353593 Total energy consumed 15.733590 Ave. Power Level 44.496269
	-------- Loop 5 (sock 1 consumed 8.215350, avg temp 42.000000, final temp 43 ) ------
	-------- Loop 5 (sock 2 consumed 7.518240, avg temp 35.500000, final temp 36 ) ------
Loop 6 <line-116> - Time 0.002661 Total energy consumed 0.142890 Ave. Power Level 53.689081
	-------- Loop 6 (sock 1 consumed 0.050580, avg temp 41.500000, final temp 42 ) ------
	-------- Loop 6 (sock 2 consumed 0.092310, avg temp 35.333333, final temp 36 ) ------
Loop 7 <line-334> - Time 0.748019 Total energy consumed 31.308540 Ave. Power Level 41.855258
	-------- Loop 7 (sock 1 consumed 14.273505, avg temp 41.571429, final temp 42 ) ------
	-------- Loop 7 (sock 2 consumed 17.035035, avg temp 35.714286, final temp 36 ) ------
Loop 8 <line-353> - Time 0.000546 Total energy consumed 0.000000 Ave. Power Level 0.000000
	-------- Loop 8 (sock 1 consumed 0.000000, avg temp 41.571429, final temp 42 ) ------
	-------- Loop 8 (sock 2 consumed 0.000000, avg temp 35.714286, final temp 36 ) ------
Loop 9 <line-375> - Time 0.000907 Total energy consumed 0.057600 Ave. Power Level 63.479538
	-------- Loop 9 (sock 1 consumed 0.028410, avg temp 41.428571, final temp 42 ) ------
	-------- Loop 9 (sock 2 consumed 0.029190, avg temp 35.857143, final temp 36 ) ------
Loop 10 <line-85> - Time 0.234281 Total energy consumed 12.728430 Ave. Power Level 54.329795
	-------- Loop 10 (sock 1 consumed 6.664470, avg temp 42.250000, final temp 43 ) ------
	-------- Loop 10 (sock 2 consumed 6.063960, avg temp 35.750000, final temp 36 ) ------
Loop 11 <line-131> - Time 0.006168 Total energy consumed 0.365025 Ave. Power Level 59.180879
	-------- Loop 11 (sock 1 consumed 0.204990, avg temp 42.000000, final temp 43 ) ------
	-------- Loop 11 (sock 2 consumed 0.160035, avg temp 36.000000, final temp 36 ) ------
Loop 12 <line-167> - Time 0.288252 Total energy consumed 15.676170 Ave. Power Level 54.383629
	-------- Loop 12 (sock 1 consumed 8.153805, avg temp 41.500000, final temp 42 ) ------
	-------- Loop 12 (sock 2 consumed 7.522365, avg temp 36.000000, final temp 36 ) ------
Loop 13 <line-213> - Time 10.029713 Total energy consumed 561.237570 Ave. Power Level 55.957489
	-------- Loop 13 (sock 1 consumed 291.206415, avg temp 42.461538, final temp 43 ) ------
	-------- Loop 13 (sock 2 consumed 270.031155, avg temp 36.384615, final temp 36 ) ------
Loop 14 <line-99> - Time 6.582758 Total energy consumed 283.911330 Ave. Power Level 43.129541
	-------- Loop 14 (sock 1 consumed 141.111525, avg temp 41.833333, final temp 42 ) ------
	-------- Loop 14 (sock 2 consumed 142.799805, avg temp 35.500000, final temp 36 ) ------
Loop 15 <line-160> - Time 0.157220 Total energy consumed 7.082415 Ave. Power Level 45.047709
	-------- Loop 15 (sock 1 consumed 3.757860, avg temp 42.000000, final temp 42 ) ------
	-------- Loop 15 (sock 2 consumed 3.324555, avg temp 35.833333, final temp 36 ) ------
Loop 16 <line-269> - Time 4.746504 Total energy consumed 196.993185 Ave. Power Level 41.502792
	-------- Loop 16 (sock 1 consumed 98.519055, avg temp 41.521739, final temp 43 ) ------
	-------- Loop 16 (sock 2 consumed 98.474130, avg temp 35.826087, final temp 36 ) ------
Loop 17 <line-300> - Time 0.002381 Total energy consumed 0.058950 Ave. Power Level 24.757527
	-------- Loop 17 (sock 1 consumed 0.020835, avg temp 41.333333, final temp 42 ) ------
	-------- Loop 17 (sock 2 consumed 0.038115, avg temp 35.777778, final temp 36 ) ------
Loop 18 <line-148> - Time 0.000426 Total energy consumed 0.000000 Ave. Power Level 0.000000
	-------- Loop 18 (sock 1 consumed 0.000000, avg temp 43.000000, final temp 43 ) ------
	-------- Loop 18 (sock 2 consumed 0.000000, avg temp 35.000000, final temp 35 ) ------
Application(EnergyStat) - Time 45.472538 Total energy consumed 2042.321295 Ave. Power Level 44.913290 Final Temperature socket 1 : 43  socket 2 : 36 
	 ParallelApplication(EnergyStat) - Time 24.016560 Total energy consumed 1163.558925 Ave. Power Level 48.448193
Memory used: 1.32031
Loading 32-bit binary file: pnnl.bin, numvertices: 2361670, numEdges: 191402826
File read time: 2.4923
Before allocating graph
Allocated graph: 0x253e570
Processing edges for vertex: 0, range(0, 166)
Processing edges for vertex: 100000, range(58444108, 58444133)
Processing edges for vertex: 200000, range(84376057, 84376362)
Processing edges for vertex: 300000, range(106069163, 106069503)
Processing edges for vertex: 400000, range(122097114, 122097513)
Processing edges for vertex: 500000, range(135096418, 135096483)
Processing edges for vertex: 600000, range(146097008, 146097061)
Processing edges for vertex: 700000, range(155415410, 155415531)
Processing edges for vertex: 800000, range(162595900, 162595989)
Processing edges for vertex: 900000, range(168508374, 168508464)
Processing edges for vertex: 1000000, range(173203321, 173203442)
Processing edges for vertex: 1100000, range(176935100, 176935110)
Processing edges for vertex: 1200000, range(179876260, 179876270)
Processing edges for vertex: 1300000, range(182240081, 182240092)
Processing edges for vertex: 1400000, range(184224513, 184224521)
Processing edges for vertex: 1500000, range(185795161, 185795170)
Processing edges for vertex: 1600000, range(187104124, 187104130)
Processing edges for vertex: 1700000, range(188148455, 188148461)
Processing edges for vertex: 1800000, range(188997836, 188997842)
Processing edges for vertex: 1900000, range(189691532, 189691535)
Processing edges for vertex: 2000000, range(190254658, 190254660)
Processing edges for vertex: 2100000, range(190705814, 190705822)
Processing edges for vertex: 2200000, range(191052755, 191052764)
Processing edges for vertex: 2300000, range(191302662, 191302663)
Graph populate time: 13.081
Total I/O time: 15.5734

Regional(EnergyStat) - Time 15.578961 Total energy consumed 627.594615 Ave. Power Level 40.284754 
Running on: 9 threads
Loaded graph from file: pnnl.bin
Memory used: 2949.12
Maximum degree for the graph: 5520
Iteration: 0, conflicts: 14
Iteration: 1, conflicts: 7
Iteration: 2, conflicts: 4
Iteration: 3, conflicts: 2
Iteration: 4, conflicts: 1
Iteration: 5, conflicts: 0
Total number of colors used: 1186
Total number of conflicts overall: 0
Number of rounds: 6
SUCCESS: No conflicts found
Coloring time: 1.37792
Memory used: 2949.12
Number of reordered colors: 1004
End position for large colors: 0, node count: 550729, largest: 550729
Node count cutoff: 472334
e_xx: 1.22824e+08, a2_x: 6.08517e+11, currMod: 0.641689
e_xx: 1.65282e+08, a2_x: 5.74997e+11, currMod: 0.863512
e_xx: 1.71736e+08, a2_x: 5.31041e+11, currMod: 0.897236
e_xx: 1.74228e+08, a2_x: 4.86053e+11, currMod: 0.910257
e_xx: 1.75461e+08, a2_x: 5.0012e+11, currMod: 0.916696
currMod: 0.910257, prevMod: -1
Louvain time: 16.4385
numClusters: 203435, time: 0.181726
Next phase: 2
Memory used: 2949.12
End Structure 1283616 203435 vs 2768740
Build next level time: 6.23671
Iteration time: 22.8631
Memory used: 2949.12
e_xx: 1.58264e+08, a2_x: 5.00673e+11, currMod: 0.908507
e_xx: 1.6782e+08, a2_x: 3.31359e+11, currMod: 0.963372
e_xx: 1.68948e+08, a2_x: 2.52331e+11, currMod: 0.969848
e_xx: 1.69245e+08, a2_x: 1.88122e+11, currMod: 0.971554
e_xx: 1.69294e+08, a2_x: 2.1265e+11, currMod: 0.971837
e_xx: 1.69387e+08, a2_x: 1.92873e+11, currMod: 0.972374
e_xx: 1.69376e+08, a2_x: 2.22914e+11, currMod: 0.972305
currMod: 0.972374, prevMod: 0.910257
Louvain time: 2.89175
numClusters: 52829, time: 0.025335
Next phase: 3
Memory used: 2949.12
End Structure 517011 52829 vs 1086840
Build next level time: 0.27359
Iteration time: 3.19148
Memory used: 2949.12
e_xx: 1.69387e+08, a2_x: 1.8941e+11, currMod: 0.972351
e_xx: 1.70577e+08, a2_x: 6.73625e+10, currMod: 0.979185
e_xx: 1.70631e+08, a2_x: 8.67311e+10, currMod: 0.979491
e_xx: 1.70754e+08, a2_x: 6.82904e+10, currMod: 0.980201
e_xx: 1.70662e+08, a2_x: 1.00045e+11, currMod: 0.979672
currMod: 0.980201, prevMod: 0.972374
Louvain time: 0.960322
numClusters: 25633, time: 0.008144
Next phase: 4
Memory used: 2949.12
End Structure 174741 25633 vs 375115
Build next level time: 0.107824
Iteration time: 1.07681
Memory used: 2949.12
e_xx: 1.70754e+08, a2_x: 6.93221e+10, currMod: 0.980188
e_xx: 1.7097e+08, a2_x: 2.23542e+10, currMod: 0.981429
e_xx: 1.70975e+08, a2_x: 1.73775e+10, currMod: 0.981455
e_xx: 1.70975e+08, a2_x: 2.26032e+10, currMod: 0.98146
e_xx: 1.70975e+08, a2_x: 1.69745e+10, currMod: 0.981458
currMod: 0.98146, prevMod: 0.980201
Louvain time: 0.417998
numClusters: 22174, time: 0.005185
Next phase: 5
Memory used: 2949.12
End Structure 89937 22174 vs 202048
Build next level time: 0.053796
Iteration time: 0.477459
Memory used: 2949.12
e_xx: 1.70975e+08, a2_x: 2.25111e+10, currMod: 0.981458
e_xx: 1.70978e+08, a2_x: 1.02121e+10, currMod: 0.981473
e_xx: 1.7098e+08, a2_x: 1.24128e+10, currMod: 0.981483
e_xx: 1.70979e+08, a2_x: 7.37059e+09, currMod: 0.981477
currMod: 0.981483, prevMod: 0.98146
Louvain time: 0.194023
numClusters: 21973, time: 0.004595
Next phase: 6
Memory used: 2949.12
End Structure 73233 21973 vs 168439
Build next level time: 0.038419
Iteration time: 0.237356
Memory used: 2949.12
e_xx: 1.7098e+08, a2_x: 1.20493e+10, currMod: 0.981483
e_xx: 1.7098e+08, a2_x: 1.8857e+10, currMod: 0.981484
currMod: 0.981483, prevMod: 0.981483
Louvain time: 0.079771
numClusters: 21973, time: 0.004551
Maximum degree for the graph: 468
Iteration: 0, conflicts: 0
Total number of colors used: 178
Total number of conflicts overall: 0
Number of rounds: 1
SUCCESS: No conflicts found
Number of reordered colors: 177
End position for large colors: 0, node count: 21543, largest: 21543
Node count cutoff: 4395
e_xx: 1.71088e+08, a2_x: 1.53319e+10, currMod: 0.982102
e_xx: 1.71663e+08, a2_x: 3.24967e+09, currMod: 0.985406
e_xx: 1.71555e+08, a2_x: 8.8185e+09, currMod: 0.984786
End Structure 4931 21635 vs 31497
currMod: 0.985406, prevMod: 0.981483
numClusters: 21635
Total iteration time: 27.8462

Loop 0 <line-37> - Time 0.000676 Total energy consumed 0.000000 Ave. Power Level 0.000000
	-------- Loop 0 (sock 1 consumed 0.000000, avg temp 41.000000, final temp 41 ) ------
	-------- Loop 0 (sock 2 consumed 0.000000, avg temp 35.000000, final temp 36 ) ------
Loop 1 <line-54> - Time 0.000436 Total energy consumed 0.000000 Ave. Power Level 0.000000
	-------- Loop 1 (sock 1 consumed 0.000000, avg temp 41.500000, final temp 41 ) ------
	-------- Loop 1 (sock 2 consumed 0.000000, avg temp 35.500000, final temp 36 ) ------
Loop 2 <line-76> - Time 0.000832 Total energy consumed 0.000000 Ave. Power Level 0.000000
	-------- Loop 2 (sock 1 consumed 0.000000, avg temp 41.500000, final temp 41 ) ------
	-------- Loop 2 (sock 2 consumed 0.000000, avg temp 35.500000, final temp 36 ) ------
Loop 3 <line-170> - Time 0.900750 Total energy consumed 39.719625 Ave. Power Level 44.096181
	-------- Loop 3 (sock 1 consumed 18.453135, avg temp 41.857143, final temp 41 ) ------
	-------- Loop 3 (sock 2 consumed 21.266490, avg temp 35.000000, final temp 35 ) ------
Loop 4 <line-192> - Time 0.000235 Total energy consumed 0.000000 Ave. Power Level 0.000000
	-------- Loop 4 (sock 1 consumed 0.000000, avg temp 41.500000, final temp 41 ) ------
	-------- Loop 4 (sock 2 consumed 0.000000, avg temp 35.000000, final temp 35 ) ------
Loop 5 <line-222> - Time 0.331493 Total energy consumed 14.820660 Ave. Power Level 44.708836
	-------- Loop 5 (sock 1 consumed 7.783560, avg temp 41.000000, final temp 41 ) ------
	-------- Loop 5 (sock 2 consumed 7.037100, avg temp 35.500000, final temp 36 ) ------
Loop 6 <line-116> - Time 0.002186 Total energy consumed 0.225150 Ave. Power Level 102.980182
	-------- Loop 6 (sock 1 consumed 0.092430, avg temp 41.000000, final temp 41 ) ------
	-------- Loop 6 (sock 2 consumed 0.132720, avg temp 35.500000, final temp 35 ) ------
Loop 7 <line-334> - Time 0.757151 Total energy consumed 31.714455 Ave. Power Level 41.886587
	-------- Loop 7 (sock 1 consumed 14.786115, avg temp 41.285714, final temp 42 ) ------
	-------- Loop 7 (sock 2 consumed 16.928340, avg temp 35.285714, final temp 36 ) ------
Loop 8 <line-353> - Time 0.000547 Total energy consumed 0.000000 Ave. Power Level 0.000000
	-------- Loop 8 (sock 1 consumed 0.000000, avg temp 41.285714, final temp 42 ) ------
	-------- Loop 8 (sock 2 consumed 0.000000, avg temp 35.285714, final temp 36 ) ------
Loop 9 <line-375> - Time 0.000886 Total energy consumed 0.090045 Ave. Power Level 101.664316
	-------- Loop 9 (sock 1 consumed 0.026580, avg temp 41.428571, final temp 42 ) ------
	-------- Loop 9 (sock 2 consumed 0.063465, avg temp 35.285714, final temp 36 ) ------
Loop 10 <line-85> - Time 0.227302 Total energy consumed 12.244410 Ave. Power Level 53.868465
	-------- Loop 10 (sock 1 consumed 5.980800, avg temp 41.250000, final temp 41 ) ------
	-------- Loop 10 (sock 2 consumed 6.263610, avg temp 35.750000, final temp 36 ) ------
Loop 11 <line-131> - Time 0.006132 Total energy consumed 0.336660 Ave. Power Level 54.904507
	-------- Loop 11 (sock 1 consumed 0.163560, avg temp 41.500000, final temp 42 ) ------
	-------- Loop 11 (sock 2 consumed 0.173100, avg temp 36.000000, final temp 36 ) ------
Loop 12 <line-167> - Time 0.260936 Total energy consumed 14.157555 Ave. Power Level 54.256862
	-------- Loop 12 (sock 1 consumed 6.888810, avg temp 41.500000, final temp 42 ) ------
	-------- Loop 12 (sock 2 consumed 7.268745, avg temp 36.000000, final temp 36 ) ------
Loop 13 <line-213> - Time 10.114015 Total energy consumed 563.824335 Ave. Power Level 55.746835
	-------- Loop 13 (sock 1 consumed 275.416845, avg temp 42.500000, final temp 42 ) ------
	-------- Loop 13 (sock 2 consumed 288.407490, avg temp 35.750000, final temp 36 ) ------
Loop 14 <line-99> - Time 6.214585 Total energy consumed 269.348325 Ave. Power Level 43.341324
	-------- Loop 14 (sock 1 consumed 127.581855, avg temp 40.833333, final temp 41 ) ------
	-------- Loop 14 (sock 2 consumed 141.766470, avg temp 35.500000, final temp 36 ) ------
Loop 15 <line-160> - Time 0.152318 Total energy consumed 6.895605 Ave. Power Level 45.271012
	-------- Loop 15 (sock 1 consumed 3.319320, avg temp 41.333333, final temp 41 ) ------
	-------- Loop 15 (sock 2 consumed 3.576285, avg temp 35.333333, final temp 36 ) ------
Loop 16 <line-269> - Time 4.514066 Total energy consumed 188.121885 Ave. Power Level 41.674596
	-------- Loop 16 (sock 1 consumed 93.814470, avg temp 41.391304, final temp 41 ) ------
	-------- Loop 16 (sock 2 consumed 94.307415, avg temp 35.391304, final temp 35 ) ------
Loop 17 <line-300> - Time 0.002105 Total energy consumed 0.039210 Ave. Power Level 18.631486
	-------- Loop 17 (sock 1 consumed 0.019965, avg temp 41.444444, final temp 41 ) ------
	-------- Loop 17 (sock 2 consumed 0.019245, avg temp 35.333333, final temp 35 ) ------
Loop 18 <line-148> - Time 0.000422 Total energy consumed 0.000000 Ave. Power Level 0.000000
	-------- Loop 18 (sock 1 consumed 0.000000, avg temp 41.000000, final temp 41 ) ------
	-------- Loop 18 (sock 2 consumed 0.000000, avg temp 36.000000, final temp 36 ) ------
Application(EnergyStat) - Time 44.942348 Total energy consumed 2018.026815 Ave. Power Level 44.902568 Final Temperature socket 1 : 41  socket 2 : 36 
	 ParallelApplication(EnergyStat) - Time 23.487072 Total energy consumed 1141.537920 Ave. Power Level 48.602820
Memory used: 1.32031
Loading 32-bit binary file: pnnl.bin, numvertices: 2361670, numEdges: 191402826
File read time: 2.5549
Before allocating graph
Allocated graph: 0x1996570
Processing edges for vertex: 0, range(0, 166)
Processing edges for vertex: 100000, range(58444108, 58444133)
Processing edges for vertex: 200000, range(84376057, 84376362)
Processing edges for vertex: 300000, range(106069163, 106069503)
Processing edges for vertex: 400000, range(122097114, 122097513)
Processing edges for vertex: 500000, range(135096418, 135096483)
Processing edges for vertex: 600000, range(146097008, 146097061)
Processing edges for vertex: 700000, range(155415410, 155415531)
Processing edges for vertex: 800000, range(162595900, 162595989)
Processing edges for vertex: 900000, range(168508374, 168508464)
Processing edges for vertex: 1000000, range(173203321, 173203442)
Processing edges for vertex: 1100000, range(176935100, 176935110)
Processing edges for vertex: 1200000, range(179876260, 179876270)
Processing edges for vertex: 1300000, range(182240081, 182240092)
Processing edges for vertex: 1400000, range(184224513, 184224521)
Processing edges for vertex: 1500000, range(185795161, 185795170)
Processing edges for vertex: 1600000, range(187104124, 187104130)
Processing edges for vertex: 1700000, range(188148455, 188148461)
Processing edges for vertex: 1800000, range(188997836, 188997842)
Processing edges for vertex: 1900000, range(189691532, 189691535)
Processing edges for vertex: 2000000, range(190254658, 190254660)
Processing edges for vertex: 2100000, range(190705814, 190705822)
Processing edges for vertex: 2200000, range(191052755, 191052764)
Processing edges for vertex: 2300000, range(191302662, 191302663)
Graph populate time: 13.1388
Total I/O time: 15.6938

Regional(EnergyStat) - Time 15.699565 Total energy consumed 632.216535 Ave. Power Level 40.269685 
Running on: 9 threads
Loaded graph from file: pnnl.bin
Memory used: 2949.12
Maximum degree for the graph: 5520
Iteration: 0, conflicts: 27
Iteration: 1, conflicts: 2
Iteration: 2, conflicts: 0
Total number of colors used: 1181
Total number of conflicts overall: 0
Number of rounds: 3
SUCCESS: No conflicts found
Coloring time: 1.36003
Memory used: 2949.12
Number of reordered colors: 1006
End position for large colors: 0, node count: 550522, largest: 550522
Node count cutoff: 472334
e_xx: 1.14657e+08, a2_x: 6.09976e+11, currMod: 0.599018
e_xx: 1.5698e+08, a2_x: 5.99086e+11, currMod: 0.820137
e_xx: 1.63854e+08, a2_x: 5.2512e+11, currMod: 0.856052
e_xx: 1.66606e+08, a2_x: 5.25882e+11, currMod: 0.870435
e_xx: 1.68371e+08, a2_x: 5.23578e+11, currMod: 0.879653
currMod: 0.870435, prevMod: -1
Louvain time: 16.5647
numClusters: 203236, time: 0.15857
Next phase: 2
Memory used: 2949.12
End Structure 1281002 203236 vs 2763352
Build next level time: 5.97145
Iteration time: 22.6996
Memory used: 2949.12
e_xx: 1.6626e+08, a2_x: 5.25473e+11, currMod: 0.878335
e_xx: 1.81321e+08, a2_x: 3.21072e+11, currMod: 0.957909
e_xx: 1.83039e+08, a2_x: 2.64206e+11, currMod: 0.966986
e_xx: 1.83956e+08, a2_x: 2.31109e+11, currMod: 0.971834
e_xx: 1.83609e+08, a2_x: 2.6192e+11, currMod: 0.97
currMod: 0.971834, prevMod: 0.870435
Louvain time: 2.10967
numClusters: 60270, time: 0.027161
Next phase: 3
Memory used: 2949.12
End Structure 619370 60270 vs 1298995
Build next level time: 0.296265
Iteration time: 2.4342
Memory used: 2949.12
e_xx: 1.83955e+08, a2_x: 2.33977e+11, currMod: 0.971833
e_xx: 1.85538e+08, a2_x: 1.33337e+11, currMod: 0.980198
e_xx: 1.85729e+08, a2_x: 5.73048e+10, currMod: 0.981208
e_xx: 1.85801e+08, a2_x: 8.35161e+10, currMod: 0.981589
e_xx: 1.85817e+08, a2_x: 8.44203e+10, currMod: 0.981673
e_xx: 1.85837e+08, a2_x: 9.64409e+10, currMod: 0.98178
e_xx: 1.85826e+08, a2_x: 8.22501e+10, currMod: 0.98172
currMod: 0.98178, prevMod: 0.971834
Louvain time: 1.4282
numClusters: 24907, time: 0.008219
Next phase: 4
Memory used: 2949.12
End Structure 168996 24907 vs 362899
Build next level time: 0.13175
Iteration time: 1.56868
Memory used: 2949.12
e_xx: 1.85837e+08, a2_x: 9.77837e+10, currMod: 0.981756
e_xx: 1.86052e+08, a2_x: 3.29223e+10, currMod: 0.982893
e_xx: 1.8606e+08, a2_x: 2.31027e+10, currMod: 0.982933
e_xx: 1.86057e+08, a2_x: 2.3112e+10, currMod: 0.982916
currMod: 0.982933, prevMod: 0.98178
Louvain time: 0.329667
numClusters: 22253, time: 0.005083
Next phase: 5
Memory used: 2949.12
End Structure 90433 22253 vs 203119
Build next level time: 0.047071
Iteration time: 0.382339
Memory used: 2949.12
e_xx: 1.8606e+08, a2_x: 2.16498e+10, currMod: 0.98293
e_xx: 1.86064e+08, a2_x: 1.75834e+10, currMod: 0.982951
e_xx: 1.86064e+08, a2_x: 1.88656e+10, currMod: 0.982955
e_xx: 1.86064e+08, a2_x: 1.77528e+10, currMod: 0.982952
currMod: 0.982955, prevMod: 0.982933
Louvain time: 0.191944
numClusters: 21995, time: 0.004586
Next phase: 6
Memory used: 2949.12
End Structure 77366 21995 vs 176727
Build next level time: 0.035476
Iteration time: 0.232474
Memory used: 2949.12
e_xx: 1.86064e+08, a2_x: 1.72928e+10, currMod: 0.982955
e_xx: 1.86064e+08, a2_x: 1.34148e+10, currMod: 0.982955
currMod: 0.982955, prevMod: 0.982955
Louvain time: 0.083635
numClusters: 21995, time: 0.004543
Maximum degree for the graph: 487
Iteration: 0, conflicts: 0
Total number of colors used: 185
Total number of conflicts overall: 0
Number of rounds: 1
SUCCESS: No conflicts found
Number of reordered colors: 182
End position for large colors: 0, node count: 21557, largest: 21557
Node count cutoff: 4399
e_xx: 1.861e+08, a2_x: 3.15445e+10, currMod: 0.983145
e_xx: 1.8616e+08, a2_x: 1.94709e+10, currMod: 0.98346
e_xx: 1.86561e+08, a2_x: 1.0304e+08, currMod: 0.985579
e_xx: 1.86558e+08, a2_x: -9.40018e+08, currMod: 0.985562
End Structure 8210 21680 vs 38100
currMod: 0.985579, prevMod: 0.982955
numClusters: 21680
Total iteration time: 27.3173

Loop 0 <line-37> - Time 0.000763 Total energy consumed 0.040725 Ave. Power Level 53.393800
	-------- Loop 0 (sock 1 consumed 0.021825, avg temp 41.000000, final temp 41 ) ------
	-------- Loop 0 (sock 2 consumed 0.018900, avg temp 35.500000, final temp 36 ) ------
Loop 1 <line-54> - Time 0.000523 Total energy consumed 0.000000 Ave. Power Level 0.000000
	-------- Loop 1 (sock 1 consumed 0.000000, avg temp 41.000000, final temp 41 ) ------
	-------- Loop 1 (sock 2 consumed 0.000000, avg temp 35.500000, final temp 36 ) ------
Loop 2 <line-76> - Time 0.000867 Total energy consumed 0.098055 Ave. Power Level 113.090233
	-------- Loop 2 (sock 1 consumed 0.052620, avg temp 41.000000, final temp 41 ) ------
	-------- Loop 2 (sock 2 consumed 0.045435, avg temp 35.500000, final temp 36 ) ------
Loop 3 <line-170> - Time 0.861438 Total energy consumed 38.608665 Ave. Power Level 44.818837
	-------- Loop 3 (sock 1 consumed 20.596800, avg temp 41.750000, final temp 41 ) ------
	-------- Loop 3 (sock 2 consumed 18.011865, avg temp 35.250000, final temp 36 ) ------
Loop 4 <line-192> - Time 0.000242 Total energy consumed 0.000000 Ave. Power Level 0.000000
	-------- Loop 4 (sock 1 consumed 0.000000, avg temp 41.500000, final temp 41 ) ------
	-------- Loop 4 (sock 2 consumed 0.000000, avg temp 35.500000, final temp 36 ) ------
Loop 5 <line-222> - Time 0.353757 Total energy consumed 15.653160 Ave. Power Level 44.248320
	-------- Loop 5 (sock 1 consumed 7.266450, avg temp 41.000000, final temp 41 ) ------
	-------- Loop 5 (sock 2 consumed 8.386710, avg temp 36.000000, final temp 36 ) ------
Loop 6 <line-116> - Time 0.002272 Total energy consumed 0.231465 Ave. Power Level 101.893929
	-------- Loop 6 (sock 1 consumed 0.131385, avg temp 41.333333, final temp 41 ) ------
	-------- Loop 6 (sock 2 consumed 0.100080, avg temp 35.833333, final temp 35 ) ------
Loop 7 <line-334> - Time 0.747122 Total energy consumed 31.541400 Ave. Power Level 42.217191
	-------- Loop 7 (sock 1 consumed 16.843215, avg temp 41.000000, final temp 41 ) ------
	-------- Loop 7 (sock 2 consumed 14.698185, avg temp 35.285714, final temp 35 ) ------
Loop 8 <line-353> - Time 0.000530 Total energy consumed 0.042375 Ave. Power Level 79.915134
	-------- Loop 8 (sock 1 consumed 0.042375, avg temp 41.000000, final temp 41 ) ------
	-------- Loop 8 (sock 2 consumed 0.000000, avg temp 35.285714, final temp 35 ) ------
Loop 9 <line-375> - Time 0.000829 Total energy consumed 0.058110 Ave. Power Level 70.116209
	-------- Loop 9 (sock 1 consumed 0.031260, avg temp 41.000000, final temp 41 ) ------
	-------- Loop 9 (sock 2 consumed 0.026850, avg temp 35.285714, final temp 35 ) ------
Loop 10 <line-85> - Time 0.229498 Total energy consumed 12.557595 Ave. Power Level 54.717667
	-------- Loop 10 (sock 1 consumed 6.467055, avg temp 41.000000, final temp 41 ) ------
	-------- Loop 10 (sock 2 consumed 6.090540, avg temp 35.500000, final temp 36 ) ------
Loop 11 <line-131> - Time 0.006120 Total energy consumed 0.455790 Ave. Power Level 74.472399
	-------- Loop 11 (sock 1 consumed 0.234060, avg temp 41.000000, final temp 41 ) ------
	-------- Loop 11 (sock 2 consumed 0.221730, avg temp 36.000000, final temp 36 ) ------
Loop 12 <line-167> - Time 0.287531 Total energy consumed 15.956730 Ave. Power Level 55.495643
	-------- Loop 12 (sock 1 consumed 8.273085, avg temp 41.000000, final temp 41 ) ------
	-------- Loop 12 (sock 2 consumed 7.683645, avg temp 35.500000, final temp 36 ) ------
Loop 13 <line-213> - Time 10.255837 Total energy consumed 580.389870 Ave. Power Level 56.591173
	-------- Loop 13 (sock 1 consumed 299.455665, avg temp 41.555556, final temp 41 ) ------
	-------- Loop 13 (sock 2 consumed 280.934205, avg temp 35.777778, final temp 36 ) ------
Loop 14 <line-99> - Time 6.003493 Total energy consumed 261.717405 Ave. Power Level 43.594185
	-------- Loop 14 (sock 1 consumed 136.426965, avg temp 41.000000, final temp 41 ) ------
	-------- Loop 14 (sock 2 consumed 125.290440, avg temp 35.500000, final temp 35 ) ------
Loop 15 <line-160> - Time 0.148077 Total energy consumed 6.841680 Ave. Power Level 46.203632
	-------- Loop 15 (sock 1 consumed 3.482895, avg temp 41.000000, final temp 41 ) ------
	-------- Loop 15 (sock 2 consumed 3.358785, avg temp 35.666667, final temp 35 ) ------
Loop 16 <line-269> - Time 4.112491 Total energy consumed 171.860790 Ave. Power Level 41.789953
	-------- Loop 16 (sock 1 consumed 84.272490, avg temp 40.954545, final temp 41 ) ------
	-------- Loop 16 (sock 2 consumed 87.588300, avg temp 35.681818, final temp 36 ) ------
Loop 17 <line-300> - Time 0.001769 Total energy consumed 0.142335 Ave. Power Level 80.470583
	-------- Loop 17 (sock 1 consumed 0.060480, avg temp 40.882353, final temp 41 ) ------
	-------- Loop 17 (sock 2 consumed 0.081855, avg temp 35.705882, final temp 35 ) ------
Loop 18 <line-148> - Time 0.000538 Total energy consumed 0.047235 Ave. Power Level 87.828089
	-------- Loop 18 (sock 1 consumed 0.021045, avg temp 41.000000, final temp 41 ) ------
	-------- Loop 18 (sock 2 consumed 0.026190, avg temp 36.000000, final temp 36 ) ------
Application(EnergyStat) - Time 44.524883 Total energy consumed 2015.306580 Ave. Power Level 45.262478 Final Temperature socket 1 : 41  socket 2 : 36 
	 ParallelApplication(EnergyStat) - Time 23.013697 Total energy consumed 1136.243385 Ave. Power Level 49.372484
Memory used: 1.32031
Loading 32-bit binary file: pnnl.bin, numvertices: 2361670, numEdges: 191402826
File read time: 2.54525
Before allocating graph
Allocated graph: 0x212a570
Processing edges for vertex: 0, range(0, 166)
Processing edges for vertex: 100000, range(58444108, 58444133)
Processing edges for vertex: 200000, range(84376057, 84376362)
Processing edges for vertex: 300000, range(106069163, 106069503)
Processing edges for vertex: 400000, range(122097114, 122097513)
Processing edges for vertex: 500000, range(135096418, 135096483)
Processing edges for vertex: 600000, range(146097008, 146097061)
Processing edges for vertex: 700000, range(155415410, 155415531)
Processing edges for vertex: 800000, range(162595900, 162595989)
Processing edges for vertex: 900000, range(168508374, 168508464)
Processing edges for vertex: 1000000, range(173203321, 173203442)
Processing edges for vertex: 1100000, range(176935100, 176935110)
Processing edges for vertex: 1200000, range(179876260, 179876270)
Processing edges for vertex: 1300000, range(182240081, 182240092)
Processing edges for vertex: 1400000, range(184224513, 184224521)
Processing edges for vertex: 1500000, range(185795161, 185795170)
Processing edges for vertex: 1600000, range(187104124, 187104130)
Processing edges for vertex: 1700000, range(188148455, 188148461)
Processing edges for vertex: 1800000, range(188997836, 188997842)
Processing edges for vertex: 1900000, range(189691532, 189691535)
Processing edges for vertex: 2000000, range(190254658, 190254660)
Processing edges for vertex: 2100000, range(190705814, 190705822)
Processing edges for vertex: 2200000, range(191052755, 191052764)
Processing edges for vertex: 2300000, range(191302662, 191302663)
Graph populate time: 13.0674
Total I/O time: 15.6128

Regional(EnergyStat) - Time 15.618393 Total energy consumed 628.709355 Ave. Power Level 40.254421 
Running on: 9 threads
Loaded graph from file: pnnl.bin
Memory used: 2949.12
Maximum degree for the graph: 5520
Iteration: 0, conflicts: 11
Iteration: 1, conflicts: 2
Iteration: 2, conflicts: 0
Total number of colors used: 1180
Total number of conflicts overall: 0
Number of rounds: 3
SUCCESS: No conflicts found
Coloring time: 1.38685
Memory used: 2949.12
Number of reordered colors: 1031
End position for large colors: 0, node count: 550594, largest: 550594
Node count cutoff: 472334
e_xx: 1.20511e+08, a2_x: 6.52809e+11, currMod: 0.629604
e_xx: 1.65111e+08, a2_x: 6.60433e+11, currMod: 0.862618
e_xx: 1.72534e+08, a2_x: 4.76562e+11, currMod: 0.901405
e_xx: 1.7535e+08, a2_x: 5.51995e+11, currMod: 0.916115
e_xx: 1.76714e+08, a2_x: 5.3469e+11, currMod: 0.923244
currMod: 0.916115, prevMod: -1
Louvain time: 16.5174
numClusters: 203268, time: 0.160291
Next phase: 2
Memory used: 2949.12
End Structure 1291189 203268 vs 2783800
Build next level time: 6.22565
Iteration time: 22.9094
Memory used: 2949.12
e_xx: 1.55864e+08, a2_x: 5.34808e+11, currMod: 0.913897
e_xx: 1.63912e+08, a2_x: 3.6638e+11, currMod: 0.961091
e_xx: 1.65363e+08, a2_x: 2.94752e+11, currMod: 0.969601
e_xx: 1.65678e+08, a2_x: 2.82498e+11, currMod: 0.971449
e_xx: 1.65775e+08, a2_x: 2.82532e+11, currMod: 0.972018
e_xx: 1.65869e+08, a2_x: 2.25631e+11, currMod: 0.972574
e_xx: 1.65868e+08, a2_x: 2.76798e+11, currMod: 0.972563
currMod: 0.972574, prevMod: 0.916115
Louvain time: 2.93632
numClusters: 53542, time: 0.02475
Next phase: 3
Memory used: 2949.12
End Structure 538590 53542 vs 1130706
Build next level time: 0.294455
Iteration time: 3.25634
Memory used: 2949.12
e_xx: 1.65869e+08, a2_x: 2.21645e+11, currMod: 0.972548
e_xx: 1.66784e+08, a2_x: 1.19013e+11, currMod: 0.977916
e_xx: 1.66875e+08, a2_x: 1.25594e+11, currMod: 0.978451
e_xx: 1.66979e+08, a2_x: 9.15685e+10, currMod: 0.979063
e_xx: 1.66902e+08, a2_x: 1.16501e+11, currMod: 0.978612
currMod: 0.979063, prevMod: 0.972574
Louvain time: 1.02392
numClusters: 25848, time: 0.00819
Next phase: 4
Memory used: 2949.12
End Structure 185940 25848 vs 397728
Build next level time: 0.11208
Iteration time: 1.1447
Memory used: 2949.12
e_xx: 1.66979e+08, a2_x: 9.19246e+10, currMod: 0.97905
e_xx: 1.6727e+08, a2_x: -9.6806e+09, currMod: 0.980757
e_xx: 1.67281e+08, a2_x: 3.11861e+10, currMod: 0.98082
e_xx: 1.67282e+08, a2_x: 1.55281e+10, currMod: 0.980825
e_xx: 1.67282e+08, a2_x: -6.97897e+09, currMod: 0.98083
e_xx: 1.67282e+08, a2_x: 1.42064e+10, currMod: 0.980827
currMod: 0.98083, prevMod: 0.979063
Louvain time: 0.534401
numClusters: 22161, time: 0.005216
Next phase: 5
Memory used: 2949.12
End Structure 90497 22161 vs 203155
Build next level time: 0.050271
Iteration time: 0.59034
Memory used: 2949.12
e_xx: 1.67282e+08, a2_x: -9.66753e+09, currMod: 0.980828
e_xx: 1.67286e+08, a2_x: -1.89733e+09, currMod: 0.980851
e_xx: 1.67286e+08, a2_x: 3.5205e+09, currMod: 0.980849
currMod: 0.980851, prevMod: 0.98083
Louvain time: 0.148746
numClusters: 22024, time: 0.004601
Next phase: 6
Memory used: 2949.12
End Structure 79880 22024 vs 181784
Build next level time: 0.042328
Iteration time: 0.195999
Memory used: 2949.12
e_xx: 1.67286e+08, a2_x: -1.28716e+09, currMod: 0.980851
e_xx: 1.67287e+08, a2_x: -6.37951e+09, currMod: 0.980853
e_xx: 1.67287e+08, a2_x: -9.12194e+09, currMod: 0.980854
currMod: 0.980853, prevMod: 0.980851
Louvain time: 0.131556
numClusters: 21989, time: 0.004558
Next phase: 7
Memory used: 2949.12
End Structure 77508 21989 vs 177005
Build next level time: 0.039217
Iteration time: 0.175584
Memory used: 2949.12
e_xx: 1.67287e+08, a2_x: -6.53205e+09, currMod: 0.980853
e_xx: 1.67287e+08, a2_x: -5.68146e+09, currMod: 0.980853
currMod: 0.980853, prevMod: 0.980853
Louvain time: 0.086954
numClusters: 21989, time: 0.004548
Maximum degree for the graph: 482
Iteration: 0, conflicts: 0
Total number of colors used: 184
Total number of conflicts overall: 0
Number of rounds: 1
SUCCESS: No conflicts found
Number of reordered colors: 179
End position for large colors: 0, node count: 21546, largest: 21546
Node count cutoff: 4398
e_xx: 1.67362e+08, a2_x: -6.38287e+09, currMod: 0.981297
e_xx: 1.69849e+08, a2_x: -7.26495e+09, currMod: 0.995874
e_xx: 1.6997e+08, a2_x: -9.12416e+09, currMod: 0.996589
e_xx: 1.7006e+08, a2_x: -5.9902e+09, currMod: 0.997112
e_xx: 1.7005e+08, a2_x: -7.7004e+09, currMod: 0.997057
End Structure 582 21571 vs 22735
currMod: 0.997112, prevMod: 0.980853
numClusters: 21571
Total iteration time: 28.2724

Loop 0 <line-37> - Time 0.000782 Total energy consumed 0.063960 Ave. Power Level 81.783483
	-------- Loop 0 (sock 1 consumed 0.018300, avg temp 41.500000, final temp 42 ) ------
	-------- Loop 0 (sock 2 consumed 0.045660, avg temp 35.500000, final temp 36 ) ------
Loop 1 <line-54> - Time 0.000433 Total energy consumed 0.000000 Ave. Power Level 0.000000
	-------- Loop 1 (sock 1 consumed 0.000000, avg temp 41.000000, final temp 41 ) ------
	-------- Loop 1 (sock 2 consumed 0.000000, avg temp 35.500000, final temp 36 ) ------
Loop 2 <line-76> - Time 0.000832 Total energy consumed 0.000000 Ave. Power Level 0.000000
	-------- Loop 2 (sock 1 consumed 0.000000, avg temp 41.000000, final temp 41 ) ------
	-------- Loop 2 (sock 2 consumed 0.000000, avg temp 35.500000, final temp 36 ) ------
Loop 3 <line-170> - Time 0.907838 Total energy consumed 40.007820 Ave. Power Level 44.069333
	-------- Loop 3 (sock 1 consumed 18.428235, avg temp 40.250000, final temp 41 ) ------
	-------- Loop 3 (sock 2 consumed 21.579585, avg temp 36.000000, final temp 36 ) ------
Loop 4 <line-192> - Time 0.000213 Total energy consumed 0.000000 Ave. Power Level 0.000000
	-------- Loop 4 (sock 1 consumed 0.000000, avg temp 40.500000, final temp 41 ) ------
	-------- Loop 4 (sock 2 consumed 0.000000, avg temp 36.000000, final temp 36 ) ------
Loop 5 <line-222> - Time 0.334110 Total energy consumed 14.870445 Ave. Power Level 44.507580
	-------- Loop 5 (sock 1 consumed 8.145450, avg temp 41.000000, final temp 41 ) ------
	-------- Loop 5 (sock 2 consumed 6.724995, avg temp 36.500000, final temp 37 ) ------
Loop 6 <line-116> - Time 0.002194 Total energy consumed 0.000000 Ave. Power Level 0.000000
	-------- Loop 6 (sock 1 consumed 0.000000, avg temp 40.142857, final temp 41 ) ------
	-------- Loop 6 (sock 2 consumed 0.000000, avg temp 35.714286, final temp 35 ) ------
Loop 7 <line-334> - Time 0.761102 Total energy consumed 31.856535 Ave. Power Level 41.855794
	-------- Loop 7 (sock 1 consumed 14.595480, avg temp 40.375000, final temp 41 ) ------
	-------- Loop 7 (sock 2 consumed 17.261055, avg temp 35.875000, final temp 37 ) ------
Loop 8 <line-353> - Time 0.000479 Total energy consumed 0.040125 Ave. Power Level 83.836877
	-------- Loop 8 (sock 1 consumed 0.018450, avg temp 40.500000, final temp 41 ) ------
	-------- Loop 8 (sock 2 consumed 0.021675, avg temp 36.000000, final temp 37 ) ------
Loop 9 <line-375> - Time 0.000828 Total energy consumed 0.000000 Ave. Power Level 0.000000
	-------- Loop 9 (sock 1 consumed 0.000000, avg temp 40.625000, final temp 41 ) ------
	-------- Loop 9 (sock 2 consumed 0.000000, avg temp 36.125000, final temp 37 ) ------
Loop 10 <line-85> - Time 0.225859 Total energy consumed 12.352080 Ave. Power Level 54.689438
	-------- Loop 10 (sock 1 consumed 6.052095, avg temp 41.250000, final temp 42 ) ------
	-------- Loop 10 (sock 2 consumed 6.299985, avg temp 36.500000, final temp 37 ) ------
Loop 11 <line-131> - Time 0.006205 Total energy consumed 0.336240 Ave. Power Level 54.185021
	-------- Loop 11 (sock 1 consumed 0.164040, avg temp 41.000000, final temp 41 ) ------
	-------- Loop 11 (sock 2 consumed 0.172200, avg temp 36.500000, final temp 37 ) ------
Loop 12 <line-167> - Time 0.311093 Total energy consumed 16.952010 Ave. Power Level 54.491848
	-------- Loop 12 (sock 1 consumed 8.247840, avg temp 40.500000, final temp 41 ) ------
	-------- Loop 12 (sock 2 consumed 8.704170, avg temp 36.500000, final temp 37 ) ------
Loop 13 <line-213> - Time 10.143536 Total energy consumed 565.748820 Ave. Power Level 55.774319
	-------- Loop 13 (sock 1 consumed 275.509875, avg temp 41.300000, final temp 42 ) ------
	-------- Loop 13 (sock 2 consumed 290.238945, avg temp 36.900000, final temp 37 ) ------
Loop 14 <line-99> - Time 6.271663 Total energy consumed 269.012610 Ave. Power Level 42.893348
	-------- Loop 14 (sock 1 consumed 124.041420, avg temp 40.142857, final temp 41 ) ------
	-------- Loop 14 (sock 2 consumed 144.971190, avg temp 35.714286, final temp 36 ) ------
Loop 15 <line-160> - Time 0.153754 Total energy consumed 6.927300 Ave. Power Level 45.054480
	-------- Loop 15 (sock 1 consumed 3.266130, avg temp 40.428571, final temp 41 ) ------
	-------- Loop 15 (sock 2 consumed 3.661170, avg temp 35.857143, final temp 36 ) ------
Loop 16 <line-269> - Time 4.829309 Total energy consumed 199.047435 Ave. Power Level 41.216546
	-------- Loop 16 (sock 1 consumed 99.816660, avg temp 40.538462, final temp 41 ) ------
	-------- Loop 16 (sock 2 consumed 99.230775, avg temp 35.576923, final temp 37 ) ------
Loop 17 <line-300> - Time 0.002170 Total energy consumed 0.000000 Ave. Power Level 0.000000
	-------- Loop 17 (sock 1 consumed 0.000000, avg temp 40.650000, final temp 41 ) ------
	-------- Loop 17 (sock 2 consumed 0.000000, avg temp 35.450000, final temp 36 ) ------
Loop 18 <line-148> - Time 0.000437 Total energy consumed 0.000000 Ave. Power Level 0.000000
	-------- Loop 18 (sock 1 consumed 0.000000, avg temp 42.000000, final temp 42 ) ------
	-------- Loop 18 (sock 2 consumed 0.000000, avg temp 36.000000, final temp 36 ) ------
Application(EnergyStat) - Time 45.428523 Total energy consumed 2034.991785 Ave. Power Level 44.795465 Final Temperature socket 1 : 41  socket 2 : 36 
	 ParallelApplication(EnergyStat) - Time 23.952836 Total energy consumed 1157.215380 Ave. Power Level 48.312249
