Memory used: 1.32031
Loading 32-bit binary file: pnnl.bin, numvertices: 2361670, numEdges: 191402826
File read time: 1.91097
Before allocating graph
Allocated graph: 0x14bd570
Processing edges for vertex: 0, range(0, 166)
Processing edges for vertex: 100000, range(58444108, 58444133)
Processing edges for vertex: 200000, range(84376057, 84376362)
Processing edges for vertex: 300000, range(106069163, 106069503)
Processing edges for vertex: 400000, range(122097114, 122097513)
Processing edges for vertex: 500000, range(135096418, 135096483)
Processing edges for vertex: 600000, range(146097008, 146097061)
Processing edges for vertex: 700000, range(155415410, 155415531)
Processing edges for vertex: 800000, range(162595900, 162595989)
Processing edges for vertex: 900000, range(168508374, 168508464)
Processing edges for vertex: 1000000, range(173203321, 173203442)
Processing edges for vertex: 1100000, range(176935100, 176935110)
Processing edges for vertex: 1200000, range(179876260, 179876270)
Processing edges for vertex: 1300000, range(182240081, 182240092)
Processing edges for vertex: 1400000, range(184224513, 184224521)
Processing edges for vertex: 1500000, range(185795161, 185795170)
Processing edges for vertex: 1600000, range(187104124, 187104130)
Processing edges for vertex: 1700000, range(188148455, 188148461)
Processing edges for vertex: 1800000, range(188997836, 188997842)
Processing edges for vertex: 1900000, range(189691532, 189691535)
Processing edges for vertex: 2000000, range(190254658, 190254660)
Processing edges for vertex: 2100000, range(190705814, 190705822)
Processing edges for vertex: 2200000, range(191052755, 191052764)
Processing edges for vertex: 2300000, range(191302662, 191302663)
Graph populate time: 9.55949
Total I/O time: 11.4705

Regional(EnergyStat) - Time 11.474411 Total energy consumed 546.473160 Ave. Power Level 47.625377 
Running on: 11 threads
Loaded graph from file: pnnl.bin
Memory used: 2949.12
Maximum degree for the graph: 5520
Iteration: 0, conflicts: 17
Iteration: 1, conflicts: 1
Iteration: 2, conflicts: 0
Total number of colors used: 1183
Total number of conflicts overall: 0
Number of rounds: 3
SUCCESS: No conflicts found
Coloring time: 0.925949
Memory used: 2949.12
Number of reordered colors: 1001
End position for large colors: 0, node count: 550303, largest: 550303
Node count cutoff: 472334
e_xx: 1.25905e+08, a2_x: 4.81378e+11, currMod: 0.657789
e_xx: 1.6727e+08, a2_x: 5.2454e+11, currMod: 0.873903
e_xx: 1.73331e+08, a2_x: 5.26557e+11, currMod: 0.90557
e_xx: 1.75866e+08, a2_x: 5.00045e+11, currMod: 0.918813
e_xx: 1.76953e+08, a2_x: 5.21977e+11, currMod: 0.92449
currMod: 0.918813, prevMod: -1
Louvain time: 10.2597
numClusters: 204214, time: 0.115437
Next phase: 2
Memory used: 2949.12
End Structure 1295914 204214 vs 2794409
Build next level time: 4.72029
Iteration time: 15.1004
Memory used: 2949.12
e_xx: 1.58638e+08, a2_x: 5.23877e+11, currMod: 0.916535
e_xx: 1.66462e+08, a2_x: 3.63828e+11, currMod: 0.961746
e_xx: 1.67425e+08, a2_x: 2.55104e+11, currMod: 0.967317
e_xx: 1.67796e+08, a2_x: 2.62427e+11, currMod: 0.969457
e_xx: 1.67854e+08, a2_x: 2.61251e+11, currMod: 0.96979
e_xx: 1.67993e+08, a2_x: 2.77098e+11, currMod: 0.970596
e_xx: 1.67942e+08, a2_x: 2.74667e+11, currMod: 0.970301
currMod: 0.970596, prevMod: 0.918813
Louvain time: 2.00564
numClusters: 56062, time: 0.018253
Next phase: 3
Memory used: 2949.12
End Structure 572878 56062 vs 1201802
Build next level time: 0.202494
Iteration time: 2.22735
Memory used: 2949.12
e_xx: 1.67993e+08, a2_x: 2.74454e+11, currMod: 0.970574
e_xx: 1.69323e+08, a2_x: 8.25027e+10, currMod: 0.978267
e_xx: 1.69431e+08, a2_x: 8.82108e+10, currMod: 0.978887
e_xx: 1.69546e+08, a2_x: 8.81889e+10, currMod: 0.97955
e_xx: 1.69473e+08, a2_x: 7.93107e+10, currMod: 0.97913
currMod: 0.97955, prevMod: 0.970596
Louvain time: 0.709124
numClusters: 26155, time: 0.006103
Next phase: 4
Memory used: 2949.12
End Structure 190865 26155 vs 407885
Build next level time: 0.085311
Iteration time: 0.801
Memory used: 2949.12
e_xx: 1.69546e+08, a2_x: 8.76969e+10, currMod: 0.979535
e_xx: 1.69827e+08, a2_x: 5.39846e+10, currMod: 0.981161
e_xx: 1.69796e+08, a2_x: 4.5459e+10, currMod: 0.980986
currMod: 0.981161, prevMod: 0.97955
Louvain time: 0.194475
numClusters: 22752, time: 0.003711
Next phase: 5
Memory used: 2949.12
End Structure 113392 22752 vs 249536
Build next level time: 0.045809
Iteration time: 0.24441
Memory used: 2949.12
e_xx: 1.69827e+08, a2_x: 5.63222e+10, currMod: 0.981159
e_xx: 1.69837e+08, a2_x: 7.02505e+10, currMod: 0.98122
e_xx: 1.6984e+08, a2_x: 7.14943e+10, currMod: 0.981233
e_xx: 1.6984e+08, a2_x: 4.94642e+10, currMod: 0.981234
currMod: 0.981233, prevMod: 0.981161
Louvain time: 0.170372
numClusters: 22020, time: 0.00335
Next phase: 6
Memory used: 2949.12
End Structure 74175 22020 vs 170370
Build next level time: 0.029409
Iteration time: 0.203433
Memory used: 2949.12
e_xx: 1.6984e+08, a2_x: 7.16969e+10, currMod: 0.981233
e_xx: 1.6984e+08, a2_x: 6.77879e+10, currMod: 0.981235
e_xx: 1.6984e+08, a2_x: 7.56699e+10, currMod: 0.981235
currMod: 0.981235, prevMod: 0.981233
Louvain time: 0.086019
numClusters: 21959, time: 0.003226
Next phase: 7
Memory used: 2949.12
End Structure 69977 21959 vs 161913
Build next level time: 0.023735
Iteration time: 0.11319
Memory used: 2949.12
e_xx: 1.6984e+08, a2_x: 6.6577e+10, currMod: 0.981236
e_xx: 1.6984e+08, a2_x: 6.76019e+10, currMod: 0.981236
currMod: 0.981236, prevMod: 0.981235
Louvain time: 0.05412
numClusters: 21959, time: 0.003227
Maximum degree for the graph: 454
Iteration: 0, conflicts: 0
Total number of colors used: 178
Total number of conflicts overall: 0
Number of rounds: 1
SUCCESS: No conflicts found
Number of reordered colors: 175
End position for large colors: 0, node count: 21543, largest: 21543
Node count cutoff: 4392
e_xx: 1.70391e+08, a2_x: 6.4404e+10, currMod: 0.984417
e_xx: 1.70382e+08, a2_x: 5.86154e+10, currMod: 0.984366
End Structure 48207 21884 vs 118298
currMod: 0.984417, prevMod: 0.981235
numClusters: 21884
Total iteration time: 18.6898

Loop 0 <line-37> - Time 0.000683 Total energy consumed 0.000000 Ave. Power Level 0.000000
	-------- Loop 0 (sock 1 consumed 0.000000, avg temp 44.000000, final temp 45 ) ------
	-------- Loop 0 (sock 2 consumed 0.000000, avg temp 38.500000, final temp 39 ) ------
Loop 1 <line-54> - Time 0.000443 Total energy consumed 0.000000 Ave. Power Level 0.000000
	-------- Loop 1 (sock 1 consumed 0.000000, avg temp 44.000000, final temp 44 ) ------
	-------- Loop 1 (sock 2 consumed 0.000000, avg temp 38.500000, final temp 39 ) ------
Loop 2 <line-76> - Time 0.000496 Total energy consumed 0.000000 Ave. Power Level 0.000000
	-------- Loop 2 (sock 1 consumed 0.000000, avg temp 44.000000, final temp 44 ) ------
	-------- Loop 2 (sock 2 consumed 0.000000, avg temp 38.500000, final temp 39 ) ------
Loop 3 <line-170> - Time 0.577044 Total energy consumed 32.409000 Ave. Power Level 56.163859
	-------- Loop 3 (sock 1 consumed 14.090940, avg temp 43.500000, final temp 45 ) ------
	-------- Loop 3 (sock 2 consumed 18.318060, avg temp 37.500000, final temp 39 ) ------
Loop 4 <line-192> - Time 0.000206 Total energy consumed 0.000000 Ave. Power Level 0.000000
	-------- Loop 4 (sock 1 consumed 0.000000, avg temp 44.000000, final temp 45 ) ------
	-------- Loop 4 (sock 2 consumed 0.000000, avg temp 38.000000, final temp 39 ) ------
Loop 5 <line-222> - Time 0.242878 Total energy consumed 13.492380 Ave. Power Level 55.552189
	-------- Loop 5 (sock 1 consumed 7.568130, avg temp 44.500000, final temp 45 ) ------
	-------- Loop 5 (sock 2 consumed 5.924250, avg temp 38.500000, final temp 39 ) ------
Loop 6 <line-116> - Time 0.002288 Total energy consumed 0.114360 Ave. Power Level 49.989378
	-------- Loop 6 (sock 1 consumed 0.059400, avg temp 44.714286, final temp 44 ) ------
	-------- Loop 6 (sock 2 consumed 0.054960, avg temp 38.142857, final temp 39 ) ------
Loop 7 <line-334> - Time 0.492222 Total energy consumed 24.720255 Ave. Power Level 50.221758
	-------- Loop 7 (sock 1 consumed 10.393260, avg temp 44.875000, final temp 45 ) ------
	-------- Loop 7 (sock 2 consumed 14.326995, avg temp 38.125000, final temp 39 ) ------
Loop 8 <line-353> - Time 0.000550 Total energy consumed 0.069405 Ave. Power Level 126.184715
	-------- Loop 8 (sock 1 consumed 0.042615, avg temp 44.875000, final temp 45 ) ------
	-------- Loop 8 (sock 2 consumed 0.026790, avg temp 38.125000, final temp 39 ) ------
Loop 9 <line-375> - Time 0.000751 Total energy consumed 0.085605 Ave. Power Level 114.059246
	-------- Loop 9 (sock 1 consumed 0.041775, avg temp 45.000000, final temp 45 ) ------
	-------- Loop 9 (sock 2 consumed 0.043830, avg temp 38.125000, final temp 39 ) ------
Loop 10 <line-85> - Time 0.145084 Total energy consumed 11.579580 Ave. Power Level 79.812830
	-------- Loop 10 (sock 1 consumed 6.087690, avg temp 44.500000, final temp 45 ) ------
	-------- Loop 10 (sock 2 consumed 5.491890, avg temp 38.750000, final temp 39 ) ------
Loop 11 <line-131> - Time 0.003646 Total energy consumed 0.247530 Ave. Power Level 67.895197
	-------- Loop 11 (sock 1 consumed 0.129705, avg temp 44.500000, final temp 45 ) ------
	-------- Loop 11 (sock 2 consumed 0.117825, avg temp 39.000000, final temp 39 ) ------
Loop 12 <line-167> - Time 0.214453 Total energy consumed 17.181225 Ave. Power Level 80.116612
	-------- Loop 12 (sock 1 consumed 9.039735, avg temp 44.500000, final temp 44 ) ------
	-------- Loop 12 (sock 2 consumed 8.141490, avg temp 39.000000, final temp 39 ) ------
Loop 13 <line-213> - Time 6.038455 Total energy consumed 497.303400 Ave. Power Level 82.356073
	-------- Loop 13 (sock 1 consumed 260.870880, avg temp 45.142857, final temp 44 ) ------
	-------- Loop 13 (sock 2 consumed 236.432520, avg temp 40.000000, final temp 40 ) ------
Loop 14 <line-99> - Time 4.735281 Total energy consumed 259.877580 Ave. Power Level 54.881127
	-------- Loop 14 (sock 1 consumed 119.748825, avg temp 44.571429, final temp 44 ) ------
	-------- Loop 14 (sock 2 consumed 140.128755, avg temp 37.857143, final temp 39 ) ------
Loop 15 <line-160> - Time 0.115709 Total energy consumed 6.899355 Ave. Power Level 59.626852
	-------- Loop 15 (sock 1 consumed 3.460200, avg temp 44.714286, final temp 45 ) ------
	-------- Loop 15 (sock 2 consumed 3.439155, avg temp 38.285714, final temp 39 ) ------
Loop 16 <line-269> - Time 3.196512 Total energy consumed 160.862085 Ave. Power Level 50.324247
	-------- Loop 16 (sock 1 consumed 78.080880, avg temp 44.375000, final temp 45 ) ------
	-------- Loop 16 (sock 2 consumed 82.781205, avg temp 38.000000, final temp 38 ) ------
Loop 17 <line-300> - Time 0.001538 Total energy consumed 0.020040 Ave. Power Level 13.027893
	-------- Loop 17 (sock 1 consumed 0.020040, avg temp 44.166667, final temp 44 ) ------
	-------- Loop 17 (sock 2 consumed 0.000000, avg temp 37.944444, final temp 38 ) ------
Loop 18 <line-148> - Time 0.000368 Total energy consumed 0.000000 Ave. Power Level 0.000000
	-------- Loop 18 (sock 1 consumed 0.000000, avg temp 45.000000, final temp 45 ) ------
	-------- Loop 18 (sock 2 consumed 0.000000, avg temp 39.000000, final temp 39 ) ------
Application(EnergyStat) - Time 31.190727 Total energy consumed 1776.946650 Ave. Power Level 56.970351 Final Temperature socket 1 : 44  socket 2 : 40 
	 ParallelApplication(EnergyStat) - Time 15.768606 Total energy consumed 1024.861800 Ave. Power Level 64.993811
Memory used: 1.32031
Loading 32-bit binary file: pnnl.bin, numvertices: 2361670, numEdges: 191402826
File read time: 1.93887
Before allocating graph
Allocated graph: 0x6e2570
Processing edges for vertex: 0, range(0, 166)
Processing edges for vertex: 100000, range(58444108, 58444133)
Processing edges for vertex: 200000, range(84376057, 84376362)
Processing edges for vertex: 300000, range(106069163, 106069503)
Processing edges for vertex: 400000, range(122097114, 122097513)
Processing edges for vertex: 500000, range(135096418, 135096483)
Processing edges for vertex: 600000, range(146097008, 146097061)
Processing edges for vertex: 700000, range(155415410, 155415531)
Processing edges for vertex: 800000, range(162595900, 162595989)
Processing edges for vertex: 900000, range(168508374, 168508464)
Processing edges for vertex: 1000000, range(173203321, 173203442)
Processing edges for vertex: 1100000, range(176935100, 176935110)
Processing edges for vertex: 1200000, range(179876260, 179876270)
Processing edges for vertex: 1300000, range(182240081, 182240092)
Processing edges for vertex: 1400000, range(184224513, 184224521)
Processing edges for vertex: 1500000, range(185795161, 185795170)
Processing edges for vertex: 1600000, range(187104124, 187104130)
Processing edges for vertex: 1700000, range(188148455, 188148461)
Processing edges for vertex: 1800000, range(188997836, 188997842)
Processing edges for vertex: 1900000, range(189691532, 189691535)
Processing edges for vertex: 2000000, range(190254658, 190254660)
Processing edges for vertex: 2100000, range(190705814, 190705822)
Processing edges for vertex: 2200000, range(191052755, 191052764)
Processing edges for vertex: 2300000, range(191302662, 191302663)
Graph populate time: 9.53899
Total I/O time: 11.4779

Regional(EnergyStat) - Time 11.481647 Total energy consumed 547.351230 Ave. Power Level 47.671841 
Running on: 11 threads
Loaded graph from file: pnnl.bin
Memory used: 2949.12
Maximum degree for the graph: 5520
Iteration: 0, conflicts: 25
Iteration: 1, conflicts: 3
Iteration: 2, conflicts: 0
Total number of colors used: 1186
Total number of conflicts overall: 0
Number of rounds: 3
SUCCESS: No conflicts found
Coloring time: 0.920489
Memory used: 2949.12
Number of reordered colors: 1015
End position for large colors: 0, node count: 550284, largest: 550284
Node count cutoff: 472334
e_xx: 1.29569e+08, a2_x: 5.87102e+11, currMod: 0.67693
e_xx: 1.69171e+08, a2_x: 5.88151e+11, currMod: 0.883832
e_xx: 1.74808e+08, a2_x: 5.37306e+11, currMod: 0.913283
e_xx: 1.76824e+08, a2_x: 5.41994e+11, currMod: 0.923816
e_xx: 1.77789e+08, a2_x: 5.39429e+11, currMod: 0.928858
currMod: 0.923816, prevMod: -1
Louvain time: 10.1071
numClusters: 203644, time: 0.115175
Next phase: 2
Memory used: 2949.12
End Structure 1254173 203644 vs 2710111
Build next level time: 4.48408
Iteration time: 14.7117
Memory used: 2949.12
e_xx: 1.5551e+08, a2_x: 5.41074e+11, currMod: 0.919527
e_xx: 1.62716e+08, a2_x: 2.90137e+11, currMod: 0.962144
e_xx: 1.64011e+08, a2_x: 2.51721e+11, currMod: 0.9698
e_xx: 1.64349e+08, a2_x: 2.3436e+11, currMod: 0.971802
e_xx: 1.64405e+08, a2_x: 2.54793e+11, currMod: 0.97213
e_xx: 1.64521e+08, a2_x: 2.16704e+11, currMod: 0.97282
e_xx: 1.64497e+08, a2_x: 2.39562e+11, currMod: 0.972679
currMod: 0.97282, prevMod: 0.923816
Louvain time: 1.90826
numClusters: 53651, time: 0.018294
Next phase: 3
Memory used: 2949.12
End Structure 523064 53651 vs 1099764
Build next level time: 0.207098
Iteration time: 2.13476
Memory used: 2949.12
e_xx: 1.64521e+08, a2_x: 2.15235e+11, currMod: 0.972791
e_xx: 1.65508e+08, a2_x: 1.03564e+11, currMod: 0.97863
e_xx: 1.65486e+08, a2_x: 4.08526e+10, currMod: 0.978504
currMod: 0.97863, prevMod: 0.97282
Louvain time: 0.428191
numClusters: 32291, time: 0.007335
Next phase: 4
Memory used: 2949.12
End Structure 270381 32291 vs 573051
Build next level time: 0.083104
Iteration time: 0.519099
Memory used: 2949.12
e_xx: 1.65508e+08, a2_x: 1.04698e+11, currMod: 0.978619
e_xx: 1.65777e+08, a2_x: 2.95522e+10, currMod: 0.980214
e_xx: 1.65843e+08, a2_x: 3.28245e+10, currMod: 0.980605
e_xx: 1.65856e+08, a2_x: 2.13519e+10, currMod: 0.980682
e_xx: 1.65858e+08, a2_x: 2.15047e+10, currMod: 0.980692
e_xx: 1.65858e+08, a2_x: 1.74103e+10, currMod: 0.980692
currMod: 0.980692, prevMod: 0.97863
Louvain time: 0.467156
numClusters: 22523, time: 0.004201
Next phase: 5
Memory used: 2949.12
End Structure 107953 22523 vs 238429
Build next level time: 0.045607
Iteration time: 0.517412
Memory used: 2949.12
e_xx: 1.65858e+08, a2_x: 2.15178e+10, currMod: 0.980687
e_xx: 1.65876e+08, a2_x: 1.16483e+10, currMod: 0.980796
e_xx: 1.65878e+08, a2_x: 2.29067e+10, currMod: 0.980803
e_xx: 1.65877e+08, a2_x: 1.43231e+10, currMod: 0.9808
currMod: 0.980803, prevMod: 0.980692
Louvain time: 0.161408
numClusters: 22008, time: 0.00332
Next phase: 6
Memory used: 2949.12
End Structure 72321 22008 vs 166650
Build next level time: 0.029996
Iteration time: 0.195132
Memory used: 2949.12
e_xx: 1.65878e+08, a2_x: 2.30481e+10, currMod: 0.980803
e_xx: 1.65878e+08, a2_x: 1.71471e+10, currMod: 0.980807
e_xx: 1.65878e+08, a2_x: 1.67686e+10, currMod: 0.980806
currMod: 0.980807, prevMod: 0.980803
Louvain time: 0.083059
numClusters: 21970, time: 0.003243
Next phase: 7
Memory used: 2949.12
End Structure 68596 21970 vs 159162
Build next level time: 0.025798
Iteration time: 0.112301
Memory used: 2949.12
e_xx: 1.65878e+08, a2_x: 1.65813e+10, currMod: 0.980807
e_xx: 1.65878e+08, a2_x: 1.73269e+10, currMod: 0.980807
currMod: 0.980807, prevMod: 0.980807
Louvain time: 0.053361
numClusters: 21970, time: 0.003238
Maximum degree for the graph: 460
Iteration: 0, conflicts: 0
Total number of colors used: 178
Total number of conflicts overall: 0
Number of rounds: 1
SUCCESS: No conflicts found
Number of reordered colors: 178
End position for large colors: 0, node count: 21554, largest: 21554
Node count cutoff: 4394
e_xx: 1.65878e+08, a2_x: 1.73951e+10, currMod: 0.980807
End Structure 68383 21967 vs 158733
currMod: 0.980807, prevMod: 0.980807
numClusters: 21967
Total iteration time: 18.1904

Loop 0 <line-37> - Time 0.000613 Total energy consumed 0.000000 Ave. Power Level 0.000000
	-------- Loop 0 (sock 1 consumed 0.000000, avg temp 44.000000, final temp 45 ) ------
	-------- Loop 0 (sock 2 consumed 0.000000, avg temp 38.500000, final temp 39 ) ------
Loop 1 <line-54> - Time 0.000404 Total energy consumed 0.000000 Ave. Power Level 0.000000
	-------- Loop 1 (sock 1 consumed 0.000000, avg temp 44.000000, final temp 44 ) ------
	-------- Loop 1 (sock 2 consumed 0.000000, avg temp 38.000000, final temp 39 ) ------
Loop 2 <line-76> - Time 0.000517 Total energy consumed 0.000000 Ave. Power Level 0.000000
	-------- Loop 2 (sock 1 consumed 0.000000, avg temp 44.000000, final temp 44 ) ------
	-------- Loop 2 (sock 2 consumed 0.000000, avg temp 38.000000, final temp 39 ) ------
Loop 3 <line-170> - Time 0.570948 Total energy consumed 32.060160 Ave. Power Level 56.152521
	-------- Loop 3 (sock 1 consumed 13.613130, avg temp 44.250000, final temp 45 ) ------
	-------- Loop 3 (sock 2 consumed 18.447030, avg temp 37.500000, final temp 39 ) ------
Loop 4 <line-192> - Time 0.000193 Total energy consumed 0.000000 Ave. Power Level 0.000000
	-------- Loop 4 (sock 1 consumed 0.000000, avg temp 44.500000, final temp 45 ) ------
	-------- Loop 4 (sock 2 consumed 0.000000, avg temp 38.000000, final temp 39 ) ------
Loop 5 <line-222> - Time 0.244380 Total energy consumed 13.513785 Ave. Power Level 55.298243
	-------- Loop 5 (sock 1 consumed 7.683345, avg temp 44.500000, final temp 45 ) ------
	-------- Loop 5 (sock 2 consumed 5.830440, avg temp 38.500000, final temp 39 ) ------
Loop 6 <line-116> - Time 0.002353 Total energy consumed 0.175605 Ave. Power Level 74.615862
	-------- Loop 6 (sock 1 consumed 0.067695, avg temp 44.857143, final temp 45 ) ------
	-------- Loop 6 (sock 2 consumed 0.107910, avg temp 38.428571, final temp 39 ) ------
Loop 7 <line-334> - Time 0.491546 Total energy consumed 25.354575 Ave. Power Level 51.581256
	-------- Loop 7 (sock 1 consumed 10.727520, avg temp 44.750000, final temp 45 ) ------
	-------- Loop 7 (sock 2 consumed 14.627055, avg temp 38.625000, final temp 40 ) ------
Loop 8 <line-353> - Time 0.000433 Total energy consumed 0.000000 Ave. Power Level 0.000000
	-------- Loop 8 (sock 1 consumed 0.000000, avg temp 44.750000, final temp 45 ) ------
	-------- Loop 8 (sock 2 consumed 0.000000, avg temp 38.625000, final temp 40 ) ------
Loop 9 <line-375> - Time 0.000666 Total energy consumed 0.000000 Ave. Power Level 0.000000
	-------- Loop 9 (sock 1 consumed 0.000000, avg temp 44.625000, final temp 45 ) ------
	-------- Loop 9 (sock 2 consumed 0.000000, avg temp 38.500000, final temp 40 ) ------
Loop 10 <line-85> - Time 0.140395 Total energy consumed 11.214195 Ave. Power Level 79.876024
	-------- Loop 10 (sock 1 consumed 5.413440, avg temp 44.500000, final temp 45 ) ------
	-------- Loop 10 (sock 2 consumed 5.800755, avg temp 39.500000, final temp 40 ) ------
Loop 11 <line-131> - Time 0.003624 Total energy consumed 0.290205 Ave. Power Level 80.071727
	-------- Loop 11 (sock 1 consumed 0.119775, avg temp 44.500000, final temp 45 ) ------
	-------- Loop 11 (sock 2 consumed 0.170430, avg temp 39.500000, final temp 40 ) ------
Loop 12 <line-167> - Time 0.194418 Total energy consumed 15.600405 Ave. Power Level 80.241504
	-------- Loop 12 (sock 1 consumed 7.559550, avg temp 44.500000, final temp 45 ) ------
	-------- Loop 12 (sock 2 consumed 8.040855, avg temp 39.000000, final temp 39 ) ------
Loop 13 <line-213> - Time 5.871242 Total energy consumed 483.821475 Ave. Power Level 82.405304
	-------- Loop 13 (sock 1 consumed 232.625895, avg temp 45.833333, final temp 45 ) ------
	-------- Loop 13 (sock 2 consumed 251.195580, avg temp 40.833333, final temp 39 ) ------
Loop 14 <line-99> - Time 4.515950 Total energy consumed 240.725310 Ave. Power Level 53.305573
	-------- Loop 14 (sock 1 consumed 112.851495, avg temp 44.571429, final temp 44 ) ------
	-------- Loop 14 (sock 2 consumed 127.873815, avg temp 38.285714, final temp 38 ) ------
Loop 15 <line-160> - Time 0.111861 Total energy consumed 6.780990 Ave. Power Level 60.619654
	-------- Loop 15 (sock 1 consumed 3.459630, avg temp 44.714286, final temp 45 ) ------
	-------- Loop 15 (sock 2 consumed 3.321360, avg temp 38.857143, final temp 39 ) ------
Loop 16 <line-269> - Time 3.078024 Total energy consumed 153.455340 Ave. Power Level 49.855142
	-------- Loop 16 (sock 1 consumed 77.684580, avg temp 44.800000, final temp 44 ) ------
	-------- Loop 16 (sock 2 consumed 75.770760, avg temp 38.200000, final temp 38 ) ------
Loop 17 <line-300> - Time 0.001580 Total energy consumed 0.072990 Ave. Power Level 46.189713
	-------- Loop 17 (sock 1 consumed 0.051900, avg temp 44.684211, final temp 44 ) ------
	-------- Loop 17 (sock 2 consumed 0.021090, avg temp 38.210526, final temp 38 ) ------
Loop 18 <line-148> - Time 0.000379 Total energy consumed 0.000000 Ave. Power Level 0.000000
	-------- Loop 18 (sock 1 consumed 0.000000, avg temp 45.000000, final temp 45 ) ------
	-------- Loop 18 (sock 2 consumed 0.000000, avg temp 39.000000, final temp 39 ) ------
Application(EnergyStat) - Time 30.692707 Total energy consumed 1737.401925 Ave. Power Level 56.606343 Final Temperature socket 1 : 44  socket 2 : 38 
	 ParallelApplication(EnergyStat) - Time 15.229528 Total energy consumed 983.065035 Ave. Power Level 64.549933
Memory used: 1.32031
Loading 32-bit binary file: pnnl.bin, numvertices: 2361670, numEdges: 191402826
File read time: 1.9478
Before allocating graph
Allocated graph: 0x1921570
Processing edges for vertex: 0, range(0, 166)
Processing edges for vertex: 100000, range(58444108, 58444133)
Processing edges for vertex: 200000, range(84376057, 84376362)
Processing edges for vertex: 300000, range(106069163, 106069503)
Processing edges for vertex: 400000, range(122097114, 122097513)
Processing edges for vertex: 500000, range(135096418, 135096483)
Processing edges for vertex: 600000, range(146097008, 146097061)
Processing edges for vertex: 700000, range(155415410, 155415531)
Processing edges for vertex: 800000, range(162595900, 162595989)
Processing edges for vertex: 900000, range(168508374, 168508464)
Processing edges for vertex: 1000000, range(173203321, 173203442)
Processing edges for vertex: 1100000, range(176935100, 176935110)
Processing edges for vertex: 1200000, range(179876260, 179876270)
Processing edges for vertex: 1300000, range(182240081, 182240092)
Processing edges for vertex: 1400000, range(184224513, 184224521)
Processing edges for vertex: 1500000, range(185795161, 185795170)
Processing edges for vertex: 1600000, range(187104124, 187104130)
Processing edges for vertex: 1700000, range(188148455, 188148461)
Processing edges for vertex: 1800000, range(188997836, 188997842)
Processing edges for vertex: 1900000, range(189691532, 189691535)
Processing edges for vertex: 2000000, range(190254658, 190254660)
Processing edges for vertex: 2100000, range(190705814, 190705822)
Processing edges for vertex: 2200000, range(191052755, 191052764)
Processing edges for vertex: 2300000, range(191302662, 191302663)
Graph populate time: 9.6188
Total I/O time: 11.5666

Regional(EnergyStat) - Time 11.570386 Total energy consumed 547.701900 Ave. Power Level 47.336527 
Running on: 11 threads
Loaded graph from file: pnnl.bin
Memory used: 2949.12
Maximum degree for the graph: 5520
Iteration: 0, conflicts: 22
Iteration: 1, conflicts: 3
Iteration: 2, conflicts: 1
Iteration: 3, conflicts: 0
Total number of colors used: 1185
Total number of conflicts overall: 0
Number of rounds: 4
SUCCESS: No conflicts found
Coloring time: 0.942013
Memory used: 2949.12
Number of reordered colors: 1016
End position for large colors: 0, node count: 550436, largest: 550436
Node count cutoff: 472334
e_xx: 1.29265e+08, a2_x: 5.9414e+11, currMod: 0.675339
e_xx: 1.68264e+08, a2_x: 6.26338e+11, currMod: 0.879094
e_xx: 1.74113e+08, a2_x: 5.65065e+11, currMod: 0.909653
e_xx: 1.76424e+08, a2_x: 5.64009e+11, currMod: 0.921728
e_xx: 1.77521e+08, a2_x: 5.0923e+11, currMod: 0.927461
currMod: 0.921728, prevMod: -1
Louvain time: 10.1353
numClusters: 204721, time: 0.127618
Next phase: 2
Memory used: 2949.12
End Structure 1305606 204721 vs 2814151
Build next level time: 4.48497
Iteration time: 14.7522
Memory used: 2949.12
e_xx: 1.57023e+08, a2_x: 5.09103e+11, currMod: 0.918802
e_xx: 1.6433e+08, a2_x: 2.83137e+11, currMod: 0.961566
e_xx: 1.65802e+08, a2_x: 2.85139e+11, currMod: 0.97018
e_xx: 1.66149e+08, a2_x: 2.71043e+11, currMod: 0.97221
e_xx: 1.66185e+08, a2_x: 2.7184e+11, currMod: 0.972423
e_xx: 1.66289e+08, a2_x: 2.68761e+11, currMod: 0.97303
e_xx: 1.66336e+08, a2_x: 2.7132e+11, currMod: 0.973305
e_xx: 1.66406e+08, a2_x: 2.59399e+11, currMod: 0.973713
e_xx: 1.66406e+08, a2_x: 2.68626e+11, currMod: 0.973713
currMod: 0.973713, prevMod: 0.921728
Louvain time: 2.49086
numClusters: 53528, time: 0.01855
Next phase: 3
Memory used: 2949.12
End Structure 534134 53528 vs 1121782
Build next level time: 0.209904
Iteration time: 2.72008
Memory used: 2949.12
e_xx: 1.66406e+08, a2_x: 2.6201e+11, currMod: 0.973683
e_xx: 1.67226e+08, a2_x: 1.16815e+11, currMod: 0.978486
e_xx: 1.67283e+08, a2_x: 9.58877e+10, currMod: 0.978821
e_xx: 1.67378e+08, a2_x: 7.29772e+10, currMod: 0.979378
e_xx: 1.67307e+08, a2_x: 8.27889e+10, currMod: 0.978965
currMod: 0.979378, prevMod: 0.973713
Louvain time: 0.689481
numClusters: 25873, time: 0.005897
Next phase: 4
Memory used: 2949.12
End Structure 184112 25873 vs 394096
Build next level time: 0.084494
Iteration time: 0.780336
Memory used: 2949.12
e_xx: 1.67378e+08, a2_x: 7.1187e+10, currMod: 0.979365
e_xx: 1.67594e+08, a2_x: 3.27855e+10, currMod: 0.980632
e_xx: 1.6765e+08, a2_x: 3.28704e+10, currMod: 0.980961
e_xx: 1.67626e+08, a2_x: 9.65328e+09, currMod: 0.98082
currMod: 0.980961, prevMod: 0.979378
Louvain time: 0.24694
numClusters: 22287, time: 0.003682
Next phase: 5
Memory used: 2949.12
End Structure 99354 22287 vs 220995
Build next level time: 0.036939
Iteration time: 0.28797
Memory used: 2949.12
e_xx: 1.6765e+08, a2_x: 3.259e+10, currMod: 0.980959
e_xx: 1.67693e+08, a2_x: 7.95487e+09, currMod: 0.981211
e_xx: 1.67693e+08, a2_x: 2.07061e+10, currMod: 0.981211
currMod: 0.981211, prevMod: 0.980961
Louvain time: 0.115763
numClusters: 22065, time: 0.003276
Next phase: 6
Memory used: 2949.12
End Structure 88212 22065 vs 198489
Build next level time: 0.033576
Iteration time: 0.152849
Memory used: 2949.12
e_xx: 1.67693e+08, a2_x: 9.66661e+09, currMod: 0.98121
e_xx: 1.67694e+08, a2_x: 6.28205e+09, currMod: 0.981212
e_xx: 1.67694e+08, a2_x: 5.89498e+08, currMod: 0.981213
currMod: 0.981212, prevMod: 0.981211
Louvain time: 0.104163
numClusters: 22012, time: 0.003238
Next phase: 7
Memory used: 2949.12
End Structure 84987 22012 vs 191986
Build next level time: 0.03078
Iteration time: 0.138387
Memory used: 2949.12
e_xx: 1.67694e+08, a2_x: 6.12644e+09, currMod: 0.981212
e_xx: 1.67694e+08, a2_x: 7.80337e+09, currMod: 0.981212
currMod: 0.981212, prevMod: 0.981212
Louvain time: 0.066067
numClusters: 22012, time: 0.00322
Maximum degree for the graph: 509
Iteration: 0, conflicts: 0
Total number of colors used: 183
Total number of conflicts overall: 0
Number of rounds: 1
SUCCESS: No conflicts found
Number of reordered colors: 182
End position for large colors: 0, node count: 21547, largest: 21547
Node count cutoff: 4403
e_xx: 1.67694e+08, a2_x: 7.97825e+09, currMod: 0.981212
End Structure 84335 22006 vs 190676
currMod: 0.981212, prevMod: 0.981212
numClusters: 22006
Total iteration time: 18.8318

Loop 0 <line-37> - Time 0.000666 Total energy consumed 0.000000 Ave. Power Level 0.000000
	-------- Loop 0 (sock 1 consumed 0.000000, avg temp 43.500000, final temp 44 ) ------
	-------- Loop 0 (sock 2 consumed 0.000000, avg temp 38.500000, final temp 39 ) ------
Loop 1 <line-54> - Time 0.000410 Total energy consumed 0.000000 Ave. Power Level 0.000000
	-------- Loop 1 (sock 1 consumed 0.000000, avg temp 44.500000, final temp 45 ) ------
	-------- Loop 1 (sock 2 consumed 0.000000, avg temp 38.500000, final temp 39 ) ------
Loop 2 <line-76> - Time 0.000508 Total energy consumed 0.000000 Ave. Power Level 0.000000
	-------- Loop 2 (sock 1 consumed 0.000000, avg temp 44.500000, final temp 45 ) ------
	-------- Loop 2 (sock 2 consumed 0.000000, avg temp 38.500000, final temp 39 ) ------
Loop 3 <line-170> - Time 0.604408 Total energy consumed 33.573645 Ave. Power Level 55.548008
	-------- Loop 3 (sock 1 consumed 14.543115, avg temp 44.200000, final temp 45 ) ------
	-------- Loop 3 (sock 2 consumed 19.030530, avg temp 38.200000, final temp 39 ) ------
Loop 4 <line-192> - Time 0.000193 Total energy consumed 0.000000 Ave. Power Level 0.000000
	-------- Loop 4 (sock 1 consumed 0.000000, avg temp 44.500000, final temp 45 ) ------
	-------- Loop 4 (sock 2 consumed 0.000000, avg temp 38.500000, final temp 39 ) ------
Loop 5 <line-222> - Time 0.230203 Total energy consumed 12.956730 Ave. Power Level 56.283963
	-------- Loop 5 (sock 1 consumed 6.162390, avg temp 44.500000, final temp 45 ) ------
	-------- Loop 5 (sock 2 consumed 6.794340, avg temp 37.500000, final temp 38 ) ------
Loop 6 <line-116> - Time 0.001992 Total energy consumed 0.124890 Ave. Power Level 62.698049
	-------- Loop 6 (sock 1 consumed 0.049425, avg temp 44.285714, final temp 45 ) ------
	-------- Loop 6 (sock 2 consumed 0.075465, avg temp 38.000000, final temp 38 ) ------
Loop 7 <line-334> - Time 0.513679 Total energy consumed 25.734870 Ave. Power Level 50.099153
	-------- Loop 7 (sock 1 consumed 11.135370, avg temp 44.375000, final temp 45 ) ------
	-------- Loop 7 (sock 2 consumed 14.599500, avg temp 38.500000, final temp 38 ) ------
Loop 8 <line-353> - Time 0.000419 Total energy consumed 0.000000 Ave. Power Level 0.000000
	-------- Loop 8 (sock 1 consumed 0.000000, avg temp 44.375000, final temp 45 ) ------
	-------- Loop 8 (sock 2 consumed 0.000000, avg temp 38.500000, final temp 38 ) ------
Loop 9 <line-375> - Time 0.000690 Total energy consumed 0.038535 Ave. Power Level 55.853330
	-------- Loop 9 (sock 1 consumed 0.038535, avg temp 44.500000, final temp 45 ) ------
	-------- Loop 9 (sock 2 consumed 0.000000, avg temp 38.500000, final temp 38 ) ------
Loop 10 <line-85> - Time 0.136939 Total energy consumed 10.982910 Ave. Power Level 80.202945
	-------- Loop 10 (sock 1 consumed 5.360940, avg temp 44.750000, final temp 46 ) ------
	-------- Loop 10 (sock 2 consumed 5.621970, avg temp 39.000000, final temp 39 ) ------
Loop 11 <line-131> - Time 0.003605 Total energy consumed 0.290730 Ave. Power Level 80.638384
	-------- Loop 11 (sock 1 consumed 0.161055, avg temp 44.500000, final temp 45 ) ------
	-------- Loop 11 (sock 2 consumed 0.129675, avg temp 39.500000, final temp 39 ) ------
Loop 12 <line-167> - Time 0.208231 Total energy consumed 16.602735 Ave. Power Level 79.732453
	-------- Loop 12 (sock 1 consumed 7.992720, avg temp 44.500000, final temp 45 ) ------
	-------- Loop 12 (sock 2 consumed 8.610015, avg temp 39.500000, final temp 39 ) ------
Loop 13 <line-213> - Time 5.898488 Total energy consumed 485.329155 Ave. Power Level 82.280267
	-------- Loop 13 (sock 1 consumed 236.274000, avg temp 45.833333, final temp 46 ) ------
	-------- Loop 13 (sock 2 consumed 249.055155, avg temp 41.333333, final temp 39 ) ------
Loop 14 <line-99> - Time 4.499307 Total energy consumed 242.978520 Ave. Power Level 54.003546
	-------- Loop 14 (sock 1 consumed 113.568690, avg temp 44.571429, final temp 45 ) ------
	-------- Loop 14 (sock 2 consumed 129.409830, avg temp 38.000000, final temp 38 ) ------
Loop 15 <line-160> - Time 0.118361 Total energy consumed 6.906795 Ave. Power Level 58.353771
	-------- Loop 15 (sock 1 consumed 3.470940, avg temp 44.714286, final temp 45 ) ------
	-------- Loop 15 (sock 2 consumed 3.435855, avg temp 38.428571, final temp 39 ) ------
Loop 16 <line-269> - Time 3.689495 Total energy consumed 185.084250 Ave. Power Level 50.165196
	-------- Loop 16 (sock 1 consumed 91.740615, avg temp 44.384615, final temp 45 ) ------
	-------- Loop 16 (sock 2 consumed 93.343635, avg temp 38.115385, final temp 38 ) ------
Loop 17 <line-300> - Time 0.002060 Total energy consumed 0.106410 Ave. Power Level 51.659804
	-------- Loop 17 (sock 1 consumed 0.058155, avg temp 44.400000, final temp 44 ) ------
	-------- Loop 17 (sock 2 consumed 0.048255, avg temp 38.200000, final temp 38 ) ------
Loop 18 <line-148> - Time 0.000375 Total energy consumed 0.000000 Ave. Power Level 0.000000
	-------- Loop 18 (sock 1 consumed 0.000000, avg temp 44.000000, final temp 44 ) ------
	-------- Loop 18 (sock 2 consumed 0.000000, avg temp 39.000000, final temp 39 ) ------
Application(EnergyStat) - Time 31.461979 Total energy consumed 1777.638795 Ave. Power Level 56.501175 Final Temperature socket 1 : 45  socket 2 : 39 
	 ParallelApplication(EnergyStat) - Time 15.910027 Total energy consumed 1020.710175 Ave. Power Level 64.155151
Memory used: 1.32422
Loading 32-bit binary file: pnnl.bin, numvertices: 2361670, numEdges: 191402826
File read time: 1.96427
Before allocating graph
Allocated graph: 0x25ff570
Processing edges for vertex: 0, range(0, 166)
Processing edges for vertex: 100000, range(58444108, 58444133)
Processing edges for vertex: 200000, range(84376057, 84376362)
Processing edges for vertex: 300000, range(106069163, 106069503)
Processing edges for vertex: 400000, range(122097114, 122097513)
Processing edges for vertex: 500000, range(135096418, 135096483)
Processing edges for vertex: 600000, range(146097008, 146097061)
Processing edges for vertex: 700000, range(155415410, 155415531)
Processing edges for vertex: 800000, range(162595900, 162595989)
Processing edges for vertex: 900000, range(168508374, 168508464)
Processing edges for vertex: 1000000, range(173203321, 173203442)
Processing edges for vertex: 1100000, range(176935100, 176935110)
Processing edges for vertex: 1200000, range(179876260, 179876270)
Processing edges for vertex: 1300000, range(182240081, 182240092)
Processing edges for vertex: 1400000, range(184224513, 184224521)
Processing edges for vertex: 1500000, range(185795161, 185795170)
Processing edges for vertex: 1600000, range(187104124, 187104130)
Processing edges for vertex: 1700000, range(188148455, 188148461)
Processing edges for vertex: 1800000, range(188997836, 188997842)
Processing edges for vertex: 1900000, range(189691532, 189691535)
Processing edges for vertex: 2000000, range(190254658, 190254660)
Processing edges for vertex: 2100000, range(190705814, 190705822)
Processing edges for vertex: 2200000, range(191052755, 191052764)
Processing edges for vertex: 2300000, range(191302662, 191302663)
Graph populate time: 9.53486
Total I/O time: 11.4992

Regional(EnergyStat) - Time 11.503449 Total energy consumed 544.116945 Ave. Power Level 47.300333 
Running on: 11 threads
Loaded graph from file: pnnl.bin
Memory used: 2949.12
Maximum degree for the graph: 5520
Iteration: 0, conflicts: 18
Iteration: 1, conflicts: 3
Iteration: 2, conflicts: 0
Total number of colors used: 1183
Total number of conflicts overall: 0
Number of rounds: 3
SUCCESS: No conflicts found
Coloring time: 0.960699
Memory used: 2949.12
Number of reordered colors: 1009
End position for large colors: 0, node count: 550369, largest: 550369
Node count cutoff: 472334
e_xx: 1.27093e+08, a2_x: 6.4823e+11, currMod: 0.663989
e_xx: 1.67038e+08, a2_x: 6.06304e+11, currMod: 0.872687
e_xx: 1.7327e+08, a2_x: 5.66703e+11, currMod: 0.905247
e_xx: 1.75797e+08, a2_x: 5.77523e+11, currMod: 0.918453
e_xx: 1.76974e+08, a2_x: 5.39829e+11, currMod: 0.924603
currMod: 0.918453, prevMod: -1
Louvain time: 10.2339
numClusters: 204067, time: 0.116175
Next phase: 2
Memory used: 2949.12
End Structure 1296406 204067 vs 2795147
Build next level time: 5.23646
Iteration time: 15.5905
Memory used: 2949.12
e_xx: 1.58701e+08, a2_x: 5.36029e+11, currMod: 0.916681
e_xx: 1.66682e+08, a2_x: 3.15824e+11, currMod: 0.962789
e_xx: 1.68008e+08, a2_x: 3.20234e+11, currMod: 0.970449
e_xx: 1.68407e+08, a2_x: 2.89396e+11, currMod: 0.972752
e_xx: 1.68451e+08, a2_x: 2.91898e+11, currMod: 0.973005
e_xx: 1.68566e+08, a2_x: 2.79171e+11, currMod: 0.973673
e_xx: 1.68523e+08, a2_x: 2.80627e+11, currMod: 0.973421
currMod: 0.973673, prevMod: 0.918453
Louvain time: 1.99187
numClusters: 55902, time: 0.019785
Next phase: 3
Memory used: 2949.12
End Structure 571860 55902 vs 1199613
Build next level time: 0.214997
Iteration time: 2.22738
Memory used: 2949.12
e_xx: 1.68566e+08, a2_x: 2.82129e+11, currMod: 0.97365
e_xx: 1.69453e+08, a2_x: 7.8575e+10, currMod: 0.978777
e_xx: 1.69586e+08, a2_x: 1.0962e+11, currMod: 0.979548
e_xx: 1.69632e+08, a2_x: 7.49332e+10, currMod: 0.979811
e_xx: 1.69622e+08, a2_x: 9.95702e+10, currMod: 0.979757
currMod: 0.979811, prevMod: 0.973673
Louvain time: 0.712459
numClusters: 26127, time: 0.005978
Next phase: 4
Memory used: 2949.12
End Structure 190944 26127 vs 408015
Build next level time: 0.095075
Iteration time: 0.814099
Memory used: 2949.12
e_xx: 1.69632e+08, a2_x: 7.53566e+10, currMod: 0.979796
e_xx: 1.69857e+08, a2_x: 6.45906e+10, currMod: 0.981101
e_xx: 1.6987e+08, a2_x: 3.67176e+10, currMod: 0.981175
e_xx: 1.69871e+08, a2_x: 3.38522e+10, currMod: 0.981181
e_xx: 1.69872e+08, a2_x: 3.43567e+10, currMod: 0.981186
e_xx: 1.69872e+08, a2_x: 3.48756e+10, currMod: 0.981186
currMod: 0.981186, prevMod: 0.979811
Louvain time: 0.363317
numClusters: 22163, time: 0.003728
Next phase: 5
Memory used: 2949.12
End Structure 86581 22163 vs 195325
Build next level time: 0.034626
Iteration time: 0.40216
Memory used: 2949.12
e_xx: 1.69872e+08, a2_x: 3.47577e+10, currMod: 0.981184
e_xx: 1.69876e+08, a2_x: 4.91071e+10, currMod: 0.981208
e_xx: 1.69876e+08, a2_x: 4.1186e+10, currMod: 0.981209
e_xx: 1.69877e+08, a2_x: 3.81845e+10, currMod: 0.98121
e_xx: 1.69877e+08, a2_x: 3.06113e+10, currMod: 0.981212
e_xx: 1.69877e+08, a2_x: 3.26894e+10, currMod: 0.981211
currMod: 0.981212, prevMod: 0.981186
Louvain time: 0.194468
numClusters: 21960, time: 0.00326
Next phase: 6
Memory used: 2949.12
End Structure 72080 21960 vs 166120
Build next level time: 0.02744
Iteration time: 0.225412
Memory used: 2949.12
e_xx: 1.69877e+08, a2_x: 2.70126e+10, currMod: 0.981212
e_xx: 1.69877e+08, a2_x: 2.35819e+10, currMod: 0.981212
currMod: 0.981212, prevMod: 0.981212
Louvain time: 0.055309
numClusters: 21960, time: 0.003236
Maximum degree for the graph: 456
Iteration: 0, conflicts: 0
Total number of colors used: 177
Total number of conflicts overall: 0
Number of rounds: 1
SUCCESS: No conflicts found
Number of reordered colors: 176
End position for large colors: 0, node count: 21546, largest: 21546
Node count cutoff: 4392
e_xx: 1.69883e+08, a2_x: -1.29662e+09, currMod: 0.98125
e_xx: 1.70256e+08, a2_x: 5.69938e+09, currMod: 0.983404
e_xx: 1.72415e+08, a2_x: 1.22174e+09, currMod: 0.995871
e_xx: 1.72423e+08, a2_x: -3.90645e+09, currMod: 0.995921
e_xx: 1.72454e+08, a2_x: 5.06199e+08, currMod: 0.996098
e_xx: 1.72496e+08, a2_x: -2.16826e+09, currMod: 0.996342
e_xx: 1.72487e+08, a2_x: -5.50806e+09, currMod: 0.99629
End Structure 2519 21611 vs 26649
currMod: 0.996342, prevMod: 0.981212
numClusters: 21611
Total iteration time: 19.2596

Loop 0 <line-37> - Time 0.000649 Total energy consumed 0.000000 Ave. Power Level 0.000000
	-------- Loop 0 (sock 1 consumed 0.000000, avg temp 44.000000, final temp 45 ) ------
	-------- Loop 0 (sock 2 consumed 0.000000, avg temp 38.500000, final temp 39 ) ------
Loop 1 <line-54> - Time 0.000420 Total energy consumed 0.000000 Ave. Power Level 0.000000
	-------- Loop 1 (sock 1 consumed 0.000000, avg temp 43.500000, final temp 44 ) ------
	-------- Loop 1 (sock 2 consumed 0.000000, avg temp 38.000000, final temp 39 ) ------
Loop 2 <line-76> - Time 0.000509 Total energy consumed 0.000000 Ave. Power Level 0.000000
	-------- Loop 2 (sock 1 consumed 0.000000, avg temp 43.500000, final temp 44 ) ------
	-------- Loop 2 (sock 2 consumed 0.000000, avg temp 38.000000, final temp 39 ) ------
Loop 3 <line-170> - Time 0.623185 Total energy consumed 34.205910 Ave. Power Level 54.888840
	-------- Loop 3 (sock 1 consumed 15.292590, avg temp 43.250000, final temp 44 ) ------
	-------- Loop 3 (sock 2 consumed 18.913320, avg temp 38.750000, final temp 38 ) ------
Loop 4 <line-192> - Time 0.000207 Total energy consumed 0.000000 Ave. Power Level 0.000000
	-------- Loop 4 (sock 1 consumed 0.000000, avg temp 43.500000, final temp 44 ) ------
	-------- Loop 4 (sock 2 consumed 0.000000, avg temp 38.500000, final temp 38 ) ------
Loop 5 <line-222> - Time 0.231317 Total energy consumed 12.962955 Ave. Power Level 56.039860
	-------- Loop 5 (sock 1 consumed 6.070125, avg temp 43.500000, final temp 44 ) ------
	-------- Loop 5 (sock 2 consumed 6.892830, avg temp 38.000000, final temp 38 ) ------
Loop 6 <line-116> - Time 0.002013 Total energy consumed 0.148020 Ave. Power Level 73.523130
	-------- Loop 6 (sock 1 consumed 0.083730, avg temp 44.166667, final temp 44 ) ------
	-------- Loop 6 (sock 2 consumed 0.064290, avg temp 38.166667, final temp 38 ) ------
Loop 7 <line-334> - Time 0.499260 Total energy consumed 25.800135 Ave. Power Level 51.676764
	-------- Loop 7 (sock 1 consumed 11.556795, avg temp 44.428571, final temp 44 ) ------
	-------- Loop 7 (sock 2 consumed 14.243340, avg temp 38.285714, final temp 39 ) ------
Loop 8 <line-353> - Time 0.000444 Total energy consumed 0.026730 Ave. Power Level 60.227391
	-------- Loop 8 (sock 1 consumed 0.000000, avg temp 44.428571, final temp 44 ) ------
	-------- Loop 8 (sock 2 consumed 0.026730, avg temp 38.285714, final temp 39 ) ------
Loop 9 <line-375> - Time 0.000671 Total energy consumed 0.084330 Ave. Power Level 125.591994
	-------- Loop 9 (sock 1 consumed 0.038910, avg temp 44.428571, final temp 44 ) ------
	-------- Loop 9 (sock 2 consumed 0.045420, avg temp 38.285714, final temp 39 ) ------
Loop 10 <line-85> - Time 0.136806 Total energy consumed 10.878510 Ave. Power Level 79.517617
	-------- Loop 10 (sock 1 consumed 5.268255, avg temp 44.250000, final temp 44 ) ------
	-------- Loop 10 (sock 2 consumed 5.610255, avg temp 39.000000, final temp 39 ) ------
Loop 11 <line-131> - Time 0.003630 Total energy consumed 0.327855 Ave. Power Level 90.307982
	-------- Loop 11 (sock 1 consumed 0.158655, avg temp 44.000000, final temp 44 ) ------
	-------- Loop 11 (sock 2 consumed 0.169200, avg temp 39.000000, final temp 39 ) ------
Loop 12 <line-167> - Time 0.219586 Total energy consumed 17.647665 Ave. Power Level 80.367799
	-------- Loop 12 (sock 1 consumed 8.524875, avg temp 44.500000, final temp 44 ) ------
	-------- Loop 12 (sock 2 consumed 9.122790, avg temp 39.000000, final temp 39 ) ------
Loop 13 <line-213> - Time 6.002406 Total energy consumed 491.712345 Ave. Power Level 81.919207
	-------- Loop 13 (sock 1 consumed 239.320920, avg temp 44.750000, final temp 44 ) ------
	-------- Loop 13 (sock 2 consumed 252.391425, avg temp 39.916667, final temp 40 ) ------
Loop 14 <line-99> - Time 5.245363 Total energy consumed 287.737230 Ave. Power Level 54.855543
	-------- Loop 14 (sock 1 consumed 130.626270, avg temp 44.500000, final temp 44 ) ------
	-------- Loop 14 (sock 2 consumed 157.110960, avg temp 38.833333, final temp 40 ) ------
Loop 15 <line-160> - Time 0.105650 Total energy consumed 6.285480 Ave. Power Level 59.493404
	-------- Loop 15 (sock 1 consumed 3.227370, avg temp 44.166667, final temp 44 ) ------
	-------- Loop 15 (sock 2 consumed 3.058110, avg temp 38.833333, final temp 39 ) ------
Loop 16 <line-269> - Time 3.294848 Total energy consumed 165.500400 Ave. Power Level 50.230053
	-------- Loop 16 (sock 1 consumed 79.092375, avg temp 44.269231, final temp 44 ) ------
	-------- Loop 16 (sock 2 consumed 86.408025, avg temp 38.269231, final temp 38 ) ------
Loop 17 <line-300> - Time 0.001702 Total energy consumed 0.046545 Ave. Power Level 27.349520
	-------- Loop 17 (sock 1 consumed 0.019695, avg temp 44.285714, final temp 44 ) ------
	-------- Loop 17 (sock 2 consumed 0.026850, avg temp 38.238095, final temp 38 ) ------
Loop 18 <line-148> - Time 0.000382 Total energy consumed 0.000000 Ave. Power Level 0.000000
	-------- Loop 18 (sock 1 consumed 0.000000, avg temp 45.000000, final temp 45 ) ------
	-------- Loop 18 (sock 2 consumed 0.000000, avg temp 39.000000, final temp 39 ) ------
Application(EnergyStat) - Time 31.829577 Total energy consumed 1802.925600 Ave. Power Level 56.643090 Final Temperature socket 1 : 44  socket 2 : 40 
	 ParallelApplication(EnergyStat) - Time 16.369049 Total energy consumed 1053.364110 Ave. Power Level 64.350965
Memory used: 1.32031
Loading 32-bit binary file: pnnl.bin, numvertices: 2361670, numEdges: 191402826
File read time: 1.93953
Before allocating graph
Allocated graph: 0xfb8570
Processing edges for vertex: 0, range(0, 166)
Processing edges for vertex: 100000, range(58444108, 58444133)
Processing edges for vertex: 200000, range(84376057, 84376362)
Processing edges for vertex: 300000, range(106069163, 106069503)
Processing edges for vertex: 400000, range(122097114, 122097513)
Processing edges for vertex: 500000, range(135096418, 135096483)
Processing edges for vertex: 600000, range(146097008, 146097061)
Processing edges for vertex: 700000, range(155415410, 155415531)
Processing edges for vertex: 800000, range(162595900, 162595989)
Processing edges for vertex: 900000, range(168508374, 168508464)
Processing edges for vertex: 1000000, range(173203321, 173203442)
Processing edges for vertex: 1100000, range(176935100, 176935110)
Processing edges for vertex: 1200000, range(179876260, 179876270)
Processing edges for vertex: 1300000, range(182240081, 182240092)
Processing edges for vertex: 1400000, range(184224513, 184224521)
Processing edges for vertex: 1500000, range(185795161, 185795170)
Processing edges for vertex: 1600000, range(187104124, 187104130)
Processing edges for vertex: 1700000, range(188148455, 188148461)
Processing edges for vertex: 1800000, range(188997836, 188997842)
Processing edges for vertex: 1900000, range(189691532, 189691535)
Processing edges for vertex: 2000000, range(190254658, 190254660)
Processing edges for vertex: 2100000, range(190705814, 190705822)
Processing edges for vertex: 2200000, range(191052755, 191052764)
Processing edges for vertex: 2300000, range(191302662, 191302663)
Graph populate time: 9.37742
Total I/O time: 11.317

Regional(EnergyStat) - Time 11.321688 Total energy consumed 535.860120 Ave. Power Level 47.330407 
Running on: 11 threads
Loaded graph from file: pnnl.bin
Memory used: 2949.12
Maximum degree for the graph: 5520
Iteration: 0, conflicts: 15
Iteration: 1, conflicts: 1
Iteration: 2, conflicts: 0
Total number of colors used: 1190
Total number of conflicts overall: 0
Number of rounds: 3
SUCCESS: No conflicts found
Coloring time: 0.942204
Memory used: 2949.12
Number of reordered colors: 1022
End position for large colors: 0, node count: 550472, largest: 550472
Node count cutoff: 472334
e_xx: 1.28881e+08, a2_x: 5.8529e+11, currMod: 0.673331
e_xx: 1.67635e+08, a2_x: 5.94004e+11, currMod: 0.875809
e_xx: 1.73363e+08, a2_x: 5.19191e+11, currMod: 0.905736
e_xx: 1.75649e+08, a2_x: 5.17768e+11, currMod: 0.917676
e_xx: 1.76744e+08, a2_x: 5.84981e+11, currMod: 0.923396
currMod: 0.917676, prevMod: -1
Louvain time: 10.0876
numClusters: 203942, time: 0.114094
Next phase: 2
Memory used: 2949.12
End Structure 1272097 203942 vs 2746262
Build next level time: 4.4815
Iteration time: 14.6882
Memory used: 2949.12
e_xx: 1.57214e+08, a2_x: 5.85067e+11, currMod: 0.914729
e_xx: 1.65226e+08, a2_x: 2.59926e+11, currMod: 0.961359
e_xx: 1.66716e+08, a2_x: 2.56214e+11, currMod: 0.970025
e_xx: 1.67041e+08, a2_x: 2.52491e+11, currMod: 0.971918
e_xx: 1.67075e+08, a2_x: 2.61741e+11, currMod: 0.972118
e_xx: 1.67157e+08, a2_x: 2.33853e+11, currMod: 0.972595
e_xx: 1.67142e+08, a2_x: 2.4209e+11, currMod: 0.972508
currMod: 0.972595, prevMod: 0.917676
Louvain time: 1.90649
numClusters: 54468, time: 0.01757
Next phase: 3
Memory used: 2949.12
End Structure 545364 54468 vs 1145181
Build next level time: 0.221331
Iteration time: 2.14609
Memory used: 2949.12
e_xx: 1.67157e+08, a2_x: 2.3582e+11, currMod: 0.972568
e_xx: 1.68079e+08, a2_x: 1.0836e+11, currMod: 0.977938
e_xx: 1.6836e+08, a2_x: 8.53963e+10, currMod: 0.979574
e_xx: 1.68423e+08, a2_x: 8.51634e+10, currMod: 0.979936
e_xx: 1.68429e+08, a2_x: 6.4527e+10, currMod: 0.979974
e_xx: 1.6844e+08, a2_x: 6.00674e+10, currMod: 0.98004
e_xx: 1.68436e+08, a2_x: 6.96077e+10, currMod: 0.980016
currMod: 0.98004, prevMod: 0.972595
Louvain time: 0.917163
numClusters: 25158, time: 0.005657
Next phase: 4
Memory used: 2949.12
End Structure 178204 25158 vs 381566
Build next level time: 0.085016
Iteration time: 1.00831
Memory used: 2949.12
e_xx: 1.6844e+08, a2_x: 5.80337e+10, currMod: 0.980026
e_xx: 1.68606e+08, a2_x: 4.06254e+10, currMod: 0.980991
e_xx: 1.68511e+08, a2_x: 3.55816e+10, currMod: 0.980437
currMod: 0.980991, prevMod: 0.98004
Louvain time: 0.184949
numClusters: 22623, time: 0.003626
Next phase: 5
Memory used: 2949.12
End Structure 111109 22623 vs 244841
Build next level time: 0.038339
Iteration time: 0.227342
Memory used: 2949.12
e_xx: 1.68606e+08, a2_x: 4.21603e+10, currMod: 0.98099
e_xx: 1.68628e+08, a2_x: 3.33911e+10, currMod: 0.981119
e_xx: 1.68631e+08, a2_x: 1.02497e+10, currMod: 0.981139
e_xx: 1.68635e+08, a2_x: 3.59103e+10, currMod: 0.981159
e_xx: 1.68638e+08, a2_x: 1.76453e+10, currMod: 0.981178
e_xx: 1.68639e+08, a2_x: 3.13907e+10, currMod: 0.981185
e_xx: 1.68638e+08, a2_x: 1.61522e+10, currMod: 0.98118
currMod: 0.981185, prevMod: 0.980991
Louvain time: 0.272062
numClusters: 21914, time: 0.003344
Next phase: 6
Memory used: 2949.12
End Structure 45263 21914 vs 112440
Build next level time: 0.02303
Iteration time: 0.298662
Memory used: 2949.12
e_xx: 1.68639e+08, a2_x: 3.10151e+10, currMod: 0.981185
e_xx: 1.6864e+08, a2_x: 2.06186e+10, currMod: 0.981189
e_xx: 1.6864e+08, a2_x: 2.06396e+10, currMod: 0.981189
currMod: 0.981189, prevMod: 0.981185
Louvain time: 0.05341
numClusters: 21865, time: 0.003227
Next phase: 7
Memory used: 2949.12
End Structure 43659 21865 vs 109183
Build next level time: 0.015666
Iteration time: 0.072506
Memory used: 2949.12
e_xx: 1.6864e+08, a2_x: 2.06186e+10, currMod: 0.981189
e_xx: 1.6864e+08, a2_x: 2.06186e+10, currMod: 0.981189
currMod: 0.981189, prevMod: 0.981189
Louvain time: 0.035433
numClusters: 21865, time: 0.003222
Maximum degree for the graph: 362
Iteration: 0, conflicts: 0
Total number of colors used: 151
Total number of conflicts overall: 0
Number of rounds: 1
SUCCESS: No conflicts found
Number of reordered colors: 149
End position for large colors: 0, node count: 21540, largest: 21540
Node count cutoff: 4373
e_xx: 1.6864e+08, a2_x: 2.06186e+10, currMod: 0.981189
End Structure 43659 21865 vs 109183
currMod: 0.981189, prevMod: 0.981189
numClusters: 21865
Total iteration time: 18.4412

Loop 0 <line-37> - Time 0.000646 Total energy consumed 0.000000 Ave. Power Level 0.000000
	-------- Loop 0 (sock 1 consumed 0.000000, avg temp 44.500000, final temp 45 ) ------
	-------- Loop 0 (sock 2 consumed 0.000000, avg temp 37.500000, final temp 38 ) ------
Loop 1 <line-54> - Time 0.000424 Total energy consumed 0.027990 Ave. Power Level 65.993139
	-------- Loop 1 (sock 1 consumed 0.027990, avg temp 44.500000, final temp 45 ) ------
	-------- Loop 1 (sock 2 consumed 0.000000, avg temp 38.000000, final temp 38 ) ------
Loop 2 <line-76> - Time 0.000495 Total energy consumed 0.036690 Ave. Power Level 74.147875
	-------- Loop 2 (sock 1 consumed 0.000000, avg temp 44.500000, final temp 45 ) ------
	-------- Loop 2 (sock 2 consumed 0.036690, avg temp 38.000000, final temp 38 ) ------
Loop 3 <line-170> - Time 0.605009 Total energy consumed 33.665220 Ave. Power Level 55.644150
	-------- Loop 3 (sock 1 consumed 14.623395, avg temp 44.250000, final temp 45 ) ------
	-------- Loop 3 (sock 2 consumed 19.041825, avg temp 38.000000, final temp 38 ) ------
Loop 4 <line-192> - Time 0.000197 Total energy consumed 0.000000 Ave. Power Level 0.000000
	-------- Loop 4 (sock 1 consumed 0.000000, avg temp 44.500000, final temp 45 ) ------
	-------- Loop 4 (sock 2 consumed 0.000000, avg temp 38.000000, final temp 38 ) ------
Loop 5 <line-222> - Time 0.231664 Total energy consumed 12.824820 Ave. Power Level 55.359456
	-------- Loop 5 (sock 1 consumed 5.772615, avg temp 45.000000, final temp 45 ) ------
	-------- Loop 5 (sock 2 consumed 7.052205, avg temp 38.000000, final temp 38 ) ------
Loop 6 <line-116> - Time 0.001978 Total energy consumed 0.128400 Ave. Power Level 64.910740
	-------- Loop 6 (sock 1 consumed 0.040635, avg temp 44.142857, final temp 45 ) ------
	-------- Loop 6 (sock 2 consumed 0.087765, avg temp 38.428571, final temp 39 ) ------
Loop 7 <line-334> - Time 0.499392 Total energy consumed 25.575855 Ave. Power Level 51.213955
	-------- Loop 7 (sock 1 consumed 11.318475, avg temp 44.625000, final temp 45 ) ------
	-------- Loop 7 (sock 2 consumed 14.257380, avg temp 38.000000, final temp 38 ) ------
Loop 8 <line-353> - Time 0.000452 Total energy consumed 0.069510 Ave. Power Level 153.849900
	-------- Loop 8 (sock 1 consumed 0.042705, avg temp 44.625000, final temp 45 ) ------
	-------- Loop 8 (sock 2 consumed 0.026805, avg temp 38.000000, final temp 38 ) ------
Loop 9 <line-375> - Time 0.000711 Total energy consumed 0.085200 Ave. Power Level 119.763341
	-------- Loop 9 (sock 1 consumed 0.038580, avg temp 44.500000, final temp 45 ) ------
	-------- Loop 9 (sock 2 consumed 0.046620, avg temp 38.125000, final temp 38 ) ------
Loop 10 <line-85> - Time 0.138902 Total energy consumed 11.122695 Ave. Power Level 80.075913
	-------- Loop 10 (sock 1 consumed 5.385180, avg temp 44.500000, final temp 45 ) ------
	-------- Loop 10 (sock 2 consumed 5.737515, avg temp 38.500000, final temp 38 ) ------
Loop 11 <line-131> - Time 0.003615 Total energy consumed 0.326685 Ave. Power Level 90.380320
	-------- Loop 11 (sock 1 consumed 0.158145, avg temp 45.000000, final temp 45 ) ------
	-------- Loop 11 (sock 2 consumed 0.168540, avg temp 38.500000, final temp 38 ) ------
Loop 12 <line-167> - Time 0.185391 Total energy consumed 14.709900 Ave. Power Level 79.345396
	-------- Loop 12 (sock 1 consumed 7.136115, avg temp 44.500000, final temp 45 ) ------
	-------- Loop 12 (sock 2 consumed 7.573785, avg temp 38.500000, final temp 38 ) ------
Loop 13 <line-213> - Time 5.883678 Total energy consumed 483.108945 Ave. Power Level 82.110027
	-------- Loop 13 (sock 1 consumed 238.913745, avg temp 47.166667, final temp 46 ) ------
	-------- Loop 13 (sock 2 consumed 244.195200, avg temp 39.666667, final temp 38 ) ------
Loop 14 <line-99> - Time 4.455311 Total energy consumed 246.002385 Ave. Power Level 55.215533
	-------- Loop 14 (sock 1 consumed 113.522040, avg temp 44.285714, final temp 44 ) ------
	-------- Loop 14 (sock 2 consumed 132.480345, avg temp 38.571429, final temp 39 ) ------
Loop 15 <line-160> - Time 0.110651 Total energy consumed 6.716880 Ave. Power Level 60.703450
	-------- Loop 15 (sock 1 consumed 3.263115, avg temp 44.571429, final temp 45 ) ------
	-------- Loop 15 (sock 2 consumed 3.453765, avg temp 38.428571, final temp 38 ) ------
Loop 16 <line-269> - Time 3.346745 Total energy consumed 168.814350 Ave. Power Level 50.441351
	-------- Loop 16 (sock 1 consumed 82.461990, avg temp 44.482759, final temp 44 ) ------
	-------- Loop 16 (sock 2 consumed 86.352360, avg temp 37.896552, final temp 38 ) ------
Loop 17 <line-300> - Time 0.001780 Total energy consumed 0.046740 Ave. Power Level 26.262027
	-------- Loop 17 (sock 1 consumed 0.025605, avg temp 44.521739, final temp 46 ) ------
	-------- Loop 17 (sock 2 consumed 0.021135, avg temp 37.869565, final temp 38 ) ------
Loop 18 <line-148> - Time 0.000381 Total energy consumed 0.000000 Ave. Power Level 0.000000
	-------- Loop 18 (sock 1 consumed 0.000000, avg temp 45.000000, final temp 45 ) ------
	-------- Loop 18 (sock 2 consumed 0.000000, avg temp 38.000000, final temp 38 ) ------
Application(EnergyStat) - Time 30.777106 Total energy consumed 1746.385950 Ave. Power Level 56.743021 Final Temperature socket 1 : 46  socket 2 : 39 
	 ParallelApplication(EnergyStat) - Time 15.467423 Total energy consumed 1003.262265 Ave. Power Level 64.862924
