Memory used: 1.32031
Loading 32-bit binary file: pnnl.bin, numvertices: 2361670, numEdges: 191402826
File read time: 1.59993
Before allocating graph
Allocated graph: 0x1da8570
Processing edges for vertex: 0, range(0, 166)
Processing edges for vertex: 100000, range(58444108, 58444133)
Processing edges for vertex: 200000, range(84376057, 84376362)
Processing edges for vertex: 300000, range(106069163, 106069503)
Processing edges for vertex: 400000, range(122097114, 122097513)
Processing edges for vertex: 500000, range(135096418, 135096483)
Processing edges for vertex: 600000, range(146097008, 146097061)
Processing edges for vertex: 700000, range(155415410, 155415531)
Processing edges for vertex: 800000, range(162595900, 162595989)
Processing edges for vertex: 900000, range(168508374, 168508464)
Processing edges for vertex: 1000000, range(173203321, 173203442)
Processing edges for vertex: 1100000, range(176935100, 176935110)
Processing edges for vertex: 1200000, range(179876260, 179876270)
Processing edges for vertex: 1300000, range(182240081, 182240092)
Processing edges for vertex: 1400000, range(184224513, 184224521)
Processing edges for vertex: 1500000, range(185795161, 185795170)
Processing edges for vertex: 1600000, range(187104124, 187104130)
Processing edges for vertex: 1700000, range(188148455, 188148461)
Processing edges for vertex: 1800000, range(188997836, 188997842)
Processing edges for vertex: 1900000, range(189691532, 189691535)
Processing edges for vertex: 2000000, range(190254658, 190254660)
Processing edges for vertex: 2100000, range(190705814, 190705822)
Processing edges for vertex: 2200000, range(191052755, 191052764)
Processing edges for vertex: 2300000, range(191302662, 191302663)
Graph populate time: 7.71778
Total I/O time: 9.31775

Regional(EnergyStat) - Time 9.321669 Total energy consumed 527.367555 Ave. Power Level 56.574373 
Running on: 3 threads
Loaded graph from file: pnnl.bin
Memory used: 2949.12
Maximum degree for the graph: 5520
Iteration: 0, conflicts: 4
Iteration: 1, conflicts: 0
Total number of colors used: 1179
Total number of conflicts overall: 0
Number of rounds: 2
SUCCESS: No conflicts found
Coloring time: 1.45439
Memory used: 2949.12
Number of reordered colors: 997
End position for large colors: 0, node count: 551537, largest: 551537
Node count cutoff: 472334
e_xx: 1.28009e+08, a2_x: 6.18241e+11, currMod: 0.668775
e_xx: 1.68144e+08, a2_x: 5.79797e+11, currMod: 0.878464
e_xx: 1.73831e+08, a2_x: 5.38496e+11, currMod: 0.908181
e_xx: 1.76077e+08, a2_x: 5.77742e+11, currMod: 0.919911
e_xx: 1.77162e+08, a2_x: 5.89478e+11, currMod: 0.925579
currMod: 0.919911, prevMod: -1
Louvain time: 22.3643
numClusters: 204891, time: 0.101874
Next phase: 2
Memory used: 2949.12
End Structure 1301010 204891 vs 2804960
Build next level time: 7.24404
Iteration time: 29.7145
Memory used: 2949.12
e_xx: 1.54354e+08, a2_x: 5.90088e+11, currMod: 0.915552
e_xx: 1.61785e+08, a2_x: 3.41085e+11, currMod: 0.959636
e_xx: 1.63333e+08, a2_x: 3.33564e+11, currMod: 0.96882
e_xx: 1.63787e+08, a2_x: 2.3255e+11, currMod: 0.971517
e_xx: 1.63922e+08, a2_x: 2.99427e+11, currMod: 0.972313
e_xx: 1.64024e+08, a2_x: 2.57154e+11, currMod: 0.972922
e_xx: 1.64047e+08, a2_x: 3.21531e+11, currMod: 0.973057
e_xx: 1.64095e+08, a2_x: 2.56671e+11, currMod: 0.973343
e_xx: 1.64089e+08, a2_x: 3.24816e+11, currMod: 0.973305
currMod: 0.973343, prevMod: 0.919911
Louvain time: 2.88284
numClusters: 51800, time: 0.01421
Next phase: 3
Memory used: 2949.12
End Structure 507680 51800 vs 1067151
Build next level time: 0.221404
Iteration time: 3.11957
Memory used: 2949.12
e_xx: 1.64095e+08, a2_x: 2.53925e+11, currMod: 0.973313
e_xx: 1.65002e+08, a2_x: 6.49993e+10, currMod: 0.978697
e_xx: 1.65055e+08, a2_x: 3.45858e+10, currMod: 0.979015
e_xx: 1.65163e+08, a2_x: 5.42834e+10, currMod: 0.979653
e_xx: 1.65088e+08, a2_x: 2.58345e+10, currMod: 0.979207
currMod: 0.979653, prevMod: 0.973343
Louvain time: 0.652577
numClusters: 25644, time: 0.004531
Next phase: 4
Memory used: 2949.12
End Structure 176588 25644 vs 378818
Build next level time: 0.06584
Iteration time: 0.723853
Memory used: 2949.12
e_xx: 1.65163e+08, a2_x: 5.45007e+10, currMod: 0.97964
e_xx: 1.65331e+08, a2_x: 1.07184e+10, currMod: 0.980636
e_xx: 1.65349e+08, a2_x: -3.23658e+09, currMod: 0.980743
e_xx: 1.65348e+08, a2_x: 1.09768e+09, currMod: 0.980742
currMod: 0.980743, prevMod: 0.979653
Louvain time: 0.206141
numClusters: 22255, time: 0.002865
Next phase: 5
Memory used: 2949.12
End Structure 98872 22255 vs 219999
Build next level time: 0.028494
Iteration time: 0.23837
Memory used: 2949.12
e_xx: 1.65349e+08, a2_x: -1.2881e+09, currMod: 0.980741
e_xx: 1.65352e+08, a2_x: -1.0297e+10, currMod: 0.980759
e_xx: 1.65352e+08, a2_x: 5.5478e+09, currMod: 0.980758
currMod: 0.980759, prevMod: 0.980743
Louvain time: 0.093637
numClusters: 22051, time: 0.002542
Next phase: 6
Memory used: 2949.12
End Structure 88886 22051 vs 199823
Build next level time: 0.022097
Iteration time: 0.119135
Memory used: 2949.12
e_xx: 1.65352e+08, a2_x: -1.39076e+10, currMod: 0.980759
e_xx: 1.65352e+08, a2_x: -6.8267e+09, currMod: 0.98076
e_xx: 1.65352e+08, a2_x: -6.3654e+09, currMod: 0.980761
currMod: 0.98076, prevMod: 0.980759
Louvain time: 0.084431
numClusters: 22015, time: 0.002532
Next phase: 7
Memory used: 2949.12
End Structure 85428 22015 vs 192871
Build next level time: 0.021257
Iteration time: 0.10908
Memory used: 2949.12
e_xx: 1.65352e+08, a2_x: -6.55297e+09, currMod: 0.98076
e_xx: 1.65352e+08, a2_x: -8.56623e+09, currMod: 0.98076
currMod: 0.98076, prevMod: 0.98076
Louvain time: 0.054271
numClusters: 22015, time: 0.002519
Maximum degree for the graph: 509
Iteration: 0, conflicts: 0
Total number of colors used: 185
Total number of conflicts overall: 0
Number of rounds: 1
SUCCESS: No conflicts found
Number of reordered colors: 184
End position for large colors: 0, node count: 21548, largest: 21548
Node count cutoff: 4403
e_xx: 1.66917e+08, a2_x: -1.72242e+10, currMod: 0.990045
e_xx: 1.669e+08, a2_x: -1.67395e+10, currMod: 0.989941
End Structure 23567 21802 vs 68936
currMod: 0.990045, prevMod: 0.98076
numClusters: 21802
Total iteration time: 34.0245

Loop 0 <line-37> - Time 0.000951 Total energy consumed 0.056880 Ave. Power Level 59.789853
	-------- Loop 0 (sock 1 consumed 0.033705, avg temp 47.000000, final temp 46 ) ------
	-------- Loop 0 (sock 2 consumed 0.023175, avg temp 39.500000, final temp 40 ) ------
Loop 1 <line-54> - Time 0.000507 Total energy consumed 0.111270 Ave. Power Level 219.515082
	-------- Loop 1 (sock 1 consumed 0.066015, avg temp 47.500000, final temp 47 ) ------
	-------- Loop 1 (sock 2 consumed 0.045255, avg temp 39.500000, final temp 40 ) ------
Loop 2 <line-76> - Time 0.001374 Total energy consumed 0.075120 Ave. Power Level 54.669266
	-------- Loop 2 (sock 1 consumed 0.040890, avg temp 47.500000, final temp 47 ) ------
	-------- Loop 2 (sock 2 consumed 0.034230, avg temp 39.500000, final temp 40 ) ------
Loop 3 <line-170> - Time 0.991396 Total energy consumed 59.585775 Ave. Power Level 60.102926
	-------- Loop 3 (sock 1 consumed 33.773655, avg temp 48.333333, final temp 47 ) ------
	-------- Loop 3 (sock 2 consumed 25.812120, avg temp 39.333333, final temp 40 ) ------
Loop 4 <line-192> - Time 0.000277 Total energy consumed 0.056070 Ave. Power Level 202.342072
	-------- Loop 4 (sock 1 consumed 0.032460, avg temp 48.000000, final temp 47 ) ------
	-------- Loop 4 (sock 2 consumed 0.023610, avg temp 39.500000, final temp 40 ) ------
Loop 5 <line-222> - Time 0.378506 Total energy consumed 22.440945 Ave. Power Level 59.288220
	-------- Loop 5 (sock 1 consumed 9.135765, avg temp 46.500000, final temp 47 ) ------
	-------- Loop 5 (sock 2 consumed 13.305180, avg temp 40.000000, final temp 40 ) ------
Loop 6 <line-116> - Time 0.005894 Total energy consumed 0.455415 Ave. Power Level 77.264480
	-------- Loop 6 (sock 1 consumed 0.189015, avg temp 46.285714, final temp 46 ) ------
	-------- Loop 6 (sock 2 consumed 0.266400, avg temp 40.000000, final temp 40 ) ------
Loop 7 <line-334> - Time 0.721296 Total energy consumed 40.653255 Ave. Power Level 56.361433
	-------- Loop 7 (sock 1 consumed 23.292000, avg temp 46.750000, final temp 47 ) ------
	-------- Loop 7 (sock 2 consumed 17.361255, avg temp 39.750000, final temp 40 ) ------
Loop 8 <line-353> - Time 0.000573 Total energy consumed 0.000000 Ave. Power Level 0.000000
	-------- Loop 8 (sock 1 consumed 0.000000, avg temp 46.750000, final temp 47 ) ------
	-------- Loop 8 (sock 2 consumed 0.000000, avg temp 39.750000, final temp 40 ) ------
Loop 9 <line-375> - Time 0.001173 Total energy consumed 0.076545 Ave. Power Level 65.268830
	-------- Loop 9 (sock 1 consumed 0.042630, avg temp 46.750000, final temp 47 ) ------
	-------- Loop 9 (sock 2 consumed 0.033915, avg temp 39.875000, final temp 40 ) ------
Loop 10 <line-85> - Time 0.136058 Total energy consumed 9.511110 Ave. Power Level 69.904974
	-------- Loop 10 (sock 1 consumed 5.013075, avg temp 47.000000, final temp 46 ) ------
	-------- Loop 10 (sock 2 consumed 4.498035, avg temp 39.750000, final temp 40 ) ------
Loop 11 <line-131> - Time 0.010375 Total energy consumed 0.774870 Ave. Power Level 74.687798
	-------- Loop 11 (sock 1 consumed 0.413070, avg temp 47.000000, final temp 46 ) ------
	-------- Loop 11 (sock 2 consumed 0.361800, avg temp 40.000000, final temp 40 ) ------
Loop 12 <line-167> - Time 0.121665 Total energy consumed 8.546565 Ave. Power Level 70.246512
	-------- Loop 12 (sock 1 consumed 4.449525, avg temp 47.000000, final temp 46 ) ------
	-------- Loop 12 (sock 2 consumed 4.097040, avg temp 39.500000, final temp 40 ) ------
Loop 13 <line-213> - Time 16.402599 Total energy consumed 1154.551125 Ave. Power Level 70.388304
	-------- Loop 13 (sock 1 consumed 572.298960, avg temp 48.428571, final temp 47 ) ------
	-------- Loop 13 (sock 2 consumed 582.252165, avg temp 40.142857, final temp 40 ) ------
Loop 14 <line-99> - Time 7.207116 Total energy consumed 426.965130 Ave. Power Level 59.242162
	-------- Loop 14 (sock 1 consumed 196.463190, avg temp 46.571429, final temp 46 ) ------
	-------- Loop 14 (sock 2 consumed 230.501940, avg temp 39.857143, final temp 40 ) ------
Loop 15 <line-160> - Time 0.153433 Total energy consumed 9.415050 Ave. Power Level 61.362459
	-------- Loop 15 (sock 1 consumed 4.259430, avg temp 46.571429, final temp 47 ) ------
	-------- Loop 15 (sock 2 consumed 5.155620, avg temp 39.857143, final temp 40 ) ------
Loop 16 <line-269> - Time 3.949002 Total energy consumed 230.023860 Ave. Power Level 58.248605
	-------- Loop 16 (sock 1 consumed 112.814745, avg temp 46.615385, final temp 46 ) ------
	-------- Loop 16 (sock 2 consumed 117.209115, avg temp 39.807692, final temp 40 ) ------
Loop 17 <line-300> - Time 0.004353 Total energy consumed 0.241440 Ave. Power Level 55.471097
	-------- Loop 17 (sock 1 consumed 0.118215, avg temp 46.550000, final temp 46 ) ------
	-------- Loop 17 (sock 2 consumed 0.123225, avg temp 39.900000, final temp 40 ) ------
Loop 18 <line-148> - Time 0.000828 Total energy consumed 0.000000 Ave. Power Level 0.000000
	-------- Loop 18 (sock 1 consumed 0.000000, avg temp 46.000000, final temp 46 ) ------
	-------- Loop 18 (sock 2 consumed 0.000000, avg temp 40.000000, final temp 40 ) ------
Application(EnergyStat) - Time 44.903484 Total energy consumed 2804.234235 Ave. Power Level 62.450260 Final Temperature socket 1 : 47  socket 2 : 40 
	 ParallelApplication(EnergyStat) - Time 30.087375 Total energy consumed 1963.540425 Ave. Power Level 65.261275
Memory used: 1.32031
Loading 32-bit binary file: pnnl.bin, numvertices: 2361670, numEdges: 191402826
File read time: 1.54383
Before allocating graph
Allocated graph: 0xbc2570
Processing edges for vertex: 0, range(0, 166)
Processing edges for vertex: 100000, range(58444108, 58444133)
Processing edges for vertex: 200000, range(84376057, 84376362)
Processing edges for vertex: 300000, range(106069163, 106069503)
Processing edges for vertex: 400000, range(122097114, 122097513)
Processing edges for vertex: 500000, range(135096418, 135096483)
Processing edges for vertex: 600000, range(146097008, 146097061)
Processing edges for vertex: 700000, range(155415410, 155415531)
Processing edges for vertex: 800000, range(162595900, 162595989)
Processing edges for vertex: 900000, range(168508374, 168508464)
Processing edges for vertex: 1000000, range(173203321, 173203442)
Processing edges for vertex: 1100000, range(176935100, 176935110)
Processing edges for vertex: 1200000, range(179876260, 179876270)
Processing edges for vertex: 1300000, range(182240081, 182240092)
Processing edges for vertex: 1400000, range(184224513, 184224521)
Processing edges for vertex: 1500000, range(185795161, 185795170)
Processing edges for vertex: 1600000, range(187104124, 187104130)
Processing edges for vertex: 1700000, range(188148455, 188148461)
Processing edges for vertex: 1800000, range(188997836, 188997842)
Processing edges for vertex: 1900000, range(189691532, 189691535)
Processing edges for vertex: 2000000, range(190254658, 190254660)
Processing edges for vertex: 2100000, range(190705814, 190705822)
Processing edges for vertex: 2200000, range(191052755, 191052764)
Processing edges for vertex: 2300000, range(191302662, 191302663)
Graph populate time: 7.41277
Total I/O time: 8.95663

Regional(EnergyStat) - Time 8.960722 Total energy consumed 514.132965 Ave. Power Level 57.376286 
Running on: 3 threads
Loaded graph from file: pnnl.bin
Memory used: 2949.12
Maximum degree for the graph: 5520
Iteration: 0, conflicts: 1
Iteration: 1, conflicts: 0
Total number of colors used: 1179
Total number of conflicts overall: 0
Number of rounds: 2
SUCCESS: No conflicts found
Coloring time: 1.45504
Memory used: 2949.12
Number of reordered colors: 1011
End position for large colors: 0, node count: 551591, largest: 551591
Node count cutoff: 472334
e_xx: 1.28777e+08, a2_x: 5.88195e+11, currMod: 0.672788
e_xx: 1.68339e+08, a2_x: 5.69395e+11, currMod: 0.879488
e_xx: 1.7379e+08, a2_x: 5.60788e+11, currMod: 0.907967
e_xx: 1.75855e+08, a2_x: 5.68064e+11, currMod: 0.918754
e_xx: 1.7694e+08, a2_x: 5.93577e+11, currMod: 0.92442
currMod: 0.918754, prevMod: -1
Louvain time: 22.466
numClusters: 204750, time: 0.102259
Next phase: 2
Memory used: 2949.12
End Structure 1296786 204750 vs 2796477
Build next level time: 6.63733
Iteration time: 29.2111
Memory used: 2949.12
e_xx: 1.5414e+08, a2_x: 5.9574e+11, currMod: 0.91424
e_xx: 1.61607e+08, a2_x: 2.92733e+11, currMod: 0.958542
e_xx: 1.63235e+08, a2_x: 3.04148e+11, currMod: 0.968196
e_xx: 1.63745e+08, a2_x: 2.71339e+11, currMod: 0.971222
e_xx: 1.63888e+08, a2_x: 2.88626e+11, currMod: 0.972071
e_xx: 1.63977e+08, a2_x: 2.35253e+11, currMod: 0.972601
e_xx: 1.63992e+08, a2_x: 2.91088e+11, currMod: 0.972685
e_xx: 1.64031e+08, a2_x: 2.50355e+11, currMod: 0.97292
e_xx: 1.64025e+08, a2_x: 2.86813e+11, currMod: 0.972885
currMod: 0.97292, prevMod: 0.918754
Louvain time: 2.81056
numClusters: 51619, time: 0.013799
Next phase: 3
Memory used: 2949.12
End Structure 508703 51619 vs 1069018
Build next level time: 0.217278
Iteration time: 3.04254
Memory used: 2949.12
e_xx: 1.64031e+08, a2_x: 2.51394e+11, currMod: 0.972888
e_xx: 1.64998e+08, a2_x: 9.0834e+10, currMod: 0.978628
e_xx: 1.65066e+08, a2_x: 4.81427e+10, currMod: 0.979037
e_xx: 1.65159e+08, a2_x: 5.82529e+10, currMod: 0.979585
e_xx: 1.6509e+08, a2_x: 5.09773e+10, currMod: 0.979177
currMod: 0.979585, prevMod: 0.97292
Louvain time: 0.655396
numClusters: 25686, time: 0.004561
Next phase: 4
Memory used: 2949.12
End Structure 179669 25686 vs 385023
Build next level time: 0.063958
Iteration time: 0.724602
Memory used: 2949.12
e_xx: 1.65159e+08, a2_x: 5.94307e+10, currMod: 0.979572
e_xx: 1.65336e+08, a2_x: 6.26749e+09, currMod: 0.980625
e_xx: 1.65346e+08, a2_x: 1.62018e+10, currMod: 0.980684
e_xx: 1.65347e+08, a2_x: -3.79611e+09, currMod: 0.980689
e_xx: 1.65346e+08, a2_x: 8.464e+09, currMod: 0.980686
currMod: 0.980689, prevMod: 0.979585
Louvain time: 0.262747
numClusters: 22181, time: 0.002919
Next phase: 5
Memory used: 2949.12
End Structure 95572 22181 vs 213325
Build next level time: 0.028238
Iteration time: 0.294576
Memory used: 2949.12
e_xx: 1.65347e+08, a2_x: -7.0061e+09, currMod: 0.980687
e_xx: 1.65349e+08, a2_x: -1.77415e+10, currMod: 0.980704
e_xx: 1.6535e+08, a2_x: -1.95853e+10, currMod: 0.980704
currMod: 0.980704, prevMod: 0.980689
Louvain time: 0.091262
numClusters: 22044, time: 0.002555
Next phase: 6
Memory used: 2949.12
End Structure 86986 22044 vs 196016
Build next level time: 0.021645
Iteration time: 0.116137
Memory used: 2949.12
e_xx: 1.65349e+08, a2_x: -1.78785e+10, currMod: 0.980704
e_xx: 1.6535e+08, a2_x: -2.47045e+10, currMod: 0.980705
e_xx: 1.6535e+08, a2_x: -2.45849e+10, currMod: 0.980705
currMod: 0.980705, prevMod: 0.980704
Louvain time: 0.08322
numClusters: 22014, time: 0.002568
Next phase: 7
Memory used: 2949.12
End Structure 84740 22014 vs 191494
Build next level time: 0.020751
Iteration time: 0.107209
Memory used: 2949.12
e_xx: 1.6535e+08, a2_x: -2.47045e+10, currMod: 0.980705
e_xx: 1.6535e+08, a2_x: -2.44256e+10, currMod: 0.980705
currMod: 0.980705, prevMod: 0.980705
Louvain time: 0.054736
numClusters: 22014, time: 0.002543
Maximum degree for the graph: 507
Iteration: 0, conflicts: 0
Total number of colors used: 182
Total number of conflicts overall: 0
Number of rounds: 1
SUCCESS: No conflicts found
Number of reordered colors: 175
End position for large colors: 0, node count: 21547, largest: 21547
Node count cutoff: 4403
e_xx: 1.6535e+08, a2_x: -2.44256e+10, currMod: 0.980705
End Structure 84700 22013 vs 191413
currMod: 0.980705, prevMod: 0.980705
numClusters: 22013
Total iteration time: 33.4961

Loop 0 <line-37> - Time 0.000953 Total energy consumed 0.000000 Ave. Power Level 0.000000
	-------- Loop 0 (sock 1 consumed 0.000000, avg temp 49.000000, final temp 50 ) ------
	-------- Loop 0 (sock 2 consumed 0.000000, avg temp 40.000000, final temp 40 ) ------
Loop 1 <line-54> - Time 0.000503 Total energy consumed 0.089895 Ave. Power Level 178.752165
	-------- Loop 1 (sock 1 consumed 0.066495, avg temp 49.000000, final temp 50 ) ------
	-------- Loop 1 (sock 2 consumed 0.023400, avg temp 39.500000, final temp 39 ) ------
Loop 2 <line-76> - Time 0.001369 Total energy consumed 0.074475 Ave. Power Level 54.415968
	-------- Loop 2 (sock 1 consumed 0.041400, avg temp 48.500000, final temp 50 ) ------
	-------- Loop 2 (sock 2 consumed 0.033075, avg temp 39.500000, final temp 39 ) ------
Loop 3 <line-170> - Time 0.992511 Total energy consumed 59.355690 Ave. Power Level 59.803587
	-------- Loop 3 (sock 1 consumed 33.592470, avg temp 48.000000, final temp 50 ) ------
	-------- Loop 3 (sock 2 consumed 25.763220, avg temp 38.666667, final temp 38 ) ------
Loop 4 <line-192> - Time 0.000252 Total energy consumed 0.000000 Ave. Power Level 0.000000
	-------- Loop 4 (sock 1 consumed 0.000000, avg temp 48.500000, final temp 50 ) ------
	-------- Loop 4 (sock 2 consumed 0.000000, avg temp 38.500000, final temp 38 ) ------
Loop 5 <line-222> - Time 0.378002 Total energy consumed 22.551075 Ave. Power Level 59.658628
	-------- Loop 5 (sock 1 consumed 9.234285, avg temp 48.500000, final temp 50 ) ------
	-------- Loop 5 (sock 2 consumed 13.316790, avg temp 40.000000, final temp 40 ) ------
Loop 6 <line-116> - Time 0.004694 Total energy consumed 0.272265 Ave. Power Level 58.005587
	-------- Loop 6 (sock 1 consumed 0.156360, avg temp 49.142857, final temp 50 ) ------
	-------- Loop 6 (sock 2 consumed 0.115905, avg temp 39.000000, final temp 39 ) ------
Loop 7 <line-334> - Time 0.721742 Total energy consumed 40.596285 Ave. Power Level 56.247635
	-------- Loop 7 (sock 1 consumed 23.329620, avg temp 49.375000, final temp 50 ) ------
	-------- Loop 7 (sock 2 consumed 17.266665, avg temp 39.125000, final temp 40 ) ------
Loop 8 <line-353> - Time 0.000523 Total energy consumed 0.000000 Ave. Power Level 0.000000
	-------- Loop 8 (sock 1 consumed 0.000000, avg temp 49.375000, final temp 50 ) ------
	-------- Loop 8 (sock 2 consumed 0.000000, avg temp 39.125000, final temp 40 ) ------
Loop 9 <line-375> - Time 0.001115 Total energy consumed 0.117765 Ave. Power Level 105.611730
	-------- Loop 9 (sock 1 consumed 0.084570, avg temp 49.125000, final temp 50 ) ------
	-------- Loop 9 (sock 2 consumed 0.033195, avg temp 39.250000, final temp 40 ) ------
Loop 10 <line-85> - Time 0.145330 Total energy consumed 10.049820 Ave. Power Level 69.151610
	-------- Loop 10 (sock 1 consumed 5.266305, avg temp 48.750000, final temp 50 ) ------
	-------- Loop 10 (sock 2 consumed 4.783515, avg temp 40.000000, final temp 40 ) ------
Loop 11 <line-131> - Time 0.009979 Total energy consumed 0.746115 Ave. Power Level 74.767075
	-------- Loop 11 (sock 1 consumed 0.409170, avg temp 49.000000, final temp 50 ) ------
	-------- Loop 11 (sock 2 consumed 0.336945, avg temp 40.000000, final temp 40 ) ------
Loop 12 <line-167> - Time 0.113873 Total energy consumed 7.926930 Ave. Power Level 69.612271
	-------- Loop 12 (sock 1 consumed 4.163835, avg temp 48.500000, final temp 50 ) ------
	-------- Loop 12 (sock 2 consumed 3.763095, avg temp 39.500000, final temp 39 ) ------
Loop 13 <line-213> - Time 16.457132 Total energy consumed 1148.555850 Ave. Power Level 69.790764
	-------- Loop 13 (sock 1 consumed 559.077240, avg temp 50.000000, final temp 49 ) ------
	-------- Loop 13 (sock 2 consumed 589.478610, avg temp 41.500000, final temp 39 ) ------
Loop 14 <line-99> - Time 6.642040 Total energy consumed 382.777125 Ave. Power Level 57.629449
	-------- Loop 14 (sock 1 consumed 196.336290, avg temp 49.428571, final temp 50 ) ------
	-------- Loop 14 (sock 2 consumed 186.440835, avg temp 39.000000, final temp 39 ) ------
Loop 15 <line-160> - Time 0.142600 Total energy consumed 8.102010 Ave. Power Level 56.816298
	-------- Loop 15 (sock 1 consumed 4.806780, avg temp 49.285714, final temp 50 ) ------
	-------- Loop 15 (sock 2 consumed 3.295230, avg temp 39.142857, final temp 39 ) ------
Loop 16 <line-269> - Time 3.934498 Total energy consumed 220.571250 Ave. Power Level 56.060833
	-------- Loop 16 (sock 1 consumed 130.250730, avg temp 48.814815, final temp 49 ) ------
	-------- Loop 16 (sock 2 consumed 90.320520, avg temp 38.962963, final temp 39 ) ------
Loop 17 <line-300> - Time 0.002323 Total energy consumed 0.167460 Ave. Power Level 72.090424
	-------- Loop 17 (sock 1 consumed 0.097860, avg temp 48.904762, final temp 48 ) ------
	-------- Loop 17 (sock 2 consumed 0.069600, avg temp 38.952381, final temp 39 ) ------
Loop 18 <line-148> - Time 0.000630 Total energy consumed 0.000000 Ave. Power Level 0.000000
	-------- Loop 18 (sock 1 consumed 0.000000, avg temp 50.000000, final temp 50 ) ------
	-------- Loop 18 (sock 2 consumed 0.000000, avg temp 40.000000, final temp 40 ) ------
Application(EnergyStat) - Time 44.013967 Total energy consumed 2728.593855 Ave. Power Level 61.993817 Final Temperature socket 1 : 51  socket 2 : 39 
	 ParallelApplication(EnergyStat) - Time 29.550069 Total energy consumed 1901.954010 Ave. Power Level 64.363776
Memory used: 1.32031
Loading 32-bit binary file: pnnl.bin, numvertices: 2361670, numEdges: 191402826
File read time: 1.56872
Before allocating graph
Allocated graph: 0xe16570
Processing edges for vertex: 0, range(0, 166)
Processing edges for vertex: 100000, range(58444108, 58444133)
Processing edges for vertex: 200000, range(84376057, 84376362)
Processing edges for vertex: 300000, range(106069163, 106069503)
Processing edges for vertex: 400000, range(122097114, 122097513)
Processing edges for vertex: 500000, range(135096418, 135096483)
Processing edges for vertex: 600000, range(146097008, 146097061)
Processing edges for vertex: 700000, range(155415410, 155415531)
Processing edges for vertex: 800000, range(162595900, 162595989)
Processing edges for vertex: 900000, range(168508374, 168508464)
Processing edges for vertex: 1000000, range(173203321, 173203442)
Processing edges for vertex: 1100000, range(176935100, 176935110)
Processing edges for vertex: 1200000, range(179876260, 179876270)
Processing edges for vertex: 1300000, range(182240081, 182240092)
Processing edges for vertex: 1400000, range(184224513, 184224521)
Processing edges for vertex: 1500000, range(185795161, 185795170)
Processing edges for vertex: 1600000, range(187104124, 187104130)
Processing edges for vertex: 1700000, range(188148455, 188148461)
Processing edges for vertex: 1800000, range(188997836, 188997842)
Processing edges for vertex: 1900000, range(189691532, 189691535)
Processing edges for vertex: 2000000, range(190254658, 190254660)
Processing edges for vertex: 2100000, range(190705814, 190705822)
Processing edges for vertex: 2200000, range(191052755, 191052764)
Processing edges for vertex: 2300000, range(191302662, 191302663)
Graph populate time: 7.71241
Total I/O time: 9.28116

Regional(EnergyStat) - Time 9.284268 Total energy consumed 526.233810 Ave. Power Level 56.680160 
Running on: 3 threads
Loaded graph from file: pnnl.bin
Memory used: 2949.12
Maximum degree for the graph: 5520
Iteration: 0, conflicts: 0
Total number of colors used: 1179
Total number of conflicts overall: 0
Number of rounds: 1
SUCCESS: No conflicts found
Coloring time: 1.46625
Memory used: 2949.12
Number of reordered colors: 1010
End position for large colors: 0, node count: 551597, largest: 551597
Node count cutoff: 472334
e_xx: 1.2913e+08, a2_x: 5.40879e+11, currMod: 0.674634
e_xx: 1.68752e+08, a2_x: 5.85346e+11, currMod: 0.881641
e_xx: 1.74342e+08, a2_x: 5.25907e+11, currMod: 0.910849
e_xx: 1.76475e+08, a2_x: 5.12162e+11, currMod: 0.921996
e_xx: 1.77547e+08, a2_x: 5.52626e+11, currMod: 0.927595
currMod: 0.921996, prevMod: -1
Louvain time: 22.4376
numClusters: 204982, time: 0.090243
Next phase: 2
Memory used: 2949.12
End Structure 1316616 204982 vs 2836482
Build next level time: 5.79938
Iteration time: 28.3321
Memory used: 2949.12
e_xx: 1.54759e+08, a2_x: 5.50418e+11, currMod: 0.917851
e_xx: 1.62013e+08, a2_x: 3.37843e+11, currMod: 0.960877
e_xx: 1.63415e+08, a2_x: 3.02968e+11, currMod: 0.969199
e_xx: 1.63714e+08, a2_x: 2.65982e+11, currMod: 0.970974
e_xx: 1.63867e+08, a2_x: 2.92653e+11, currMod: 0.971878
e_xx: 1.63973e+08, a2_x: 2.59117e+11, currMod: 0.972509
e_xx: 1.63989e+08, a2_x: 3.07555e+11, currMod: 0.972599
e_xx: 1.64036e+08, a2_x: 2.74504e+11, currMod: 0.97288
e_xx: 1.64029e+08, a2_x: 3.07929e+11, currMod: 0.972838
currMod: 0.97288, prevMod: 0.921996
Louvain time: 2.93487
numClusters: 52600, time: 0.014641
Next phase: 3
Memory used: 2949.12
End Structure 530015 52600 vs 1112624
Build next level time: 0.215611
Iteration time: 3.16624
Memory used: 2949.12
e_xx: 1.64036e+08, a2_x: 2.75758e+11, currMod: 0.97285
e_xx: 1.64986e+08, a2_x: 6.63485e+10, currMod: 0.978493
e_xx: 1.65054e+08, a2_x: 8.73563e+10, currMod: 0.978898
e_xx: 1.65148e+08, a2_x: 9.11623e+10, currMod: 0.979451
e_xx: 1.65087e+08, a2_x: 7.87229e+10, currMod: 0.979088
currMod: 0.979451, prevMod: 0.97288
Louvain time: 0.686359
numClusters: 25850, time: 0.004474
Next phase: 4
Memory used: 2949.12
End Structure 179307 25850 vs 384464
Build next level time: 0.06376
Iteration time: 0.755491
Memory used: 2949.12
e_xx: 1.65148e+08, a2_x: 8.97978e+10, currMod: 0.979438
e_xx: 1.65342e+08, a2_x: 3.32061e+10, currMod: 0.980595
e_xx: 1.65371e+08, a2_x: 3.23828e+10, currMod: 0.980762
e_xx: 1.65372e+08, a2_x: 4.09134e+10, currMod: 0.980768
e_xx: 1.65372e+08, a2_x: 4.82385e+10, currMod: 0.980772
e_xx: 1.65372e+08, a2_x: 3.64818e+10, currMod: 0.98077
currMod: 0.980772, prevMod: 0.979451
Louvain time: 0.311263
numClusters: 22167, time: 0.00288
Next phase: 5
Memory used: 2949.12
End Structure 92899 22167 vs 207965
Build next level time: 0.027099
Iteration time: 0.342092
Memory used: 2949.12
e_xx: 1.65372e+08, a2_x: 4.85088e+10, currMod: 0.98077
e_xx: 1.65376e+08, a2_x: 4.8495e+10, currMod: 0.980792
e_xx: 1.65377e+08, a2_x: 2.42829e+10, currMod: 0.980795
e_xx: 1.65376e+08, a2_x: 2.52452e+10, currMod: 0.980793
currMod: 0.980795, prevMod: 0.980772
Louvain time: 0.116741
numClusters: 21991, time: 0.002526
Next phase: 6
Memory used: 2949.12
End Structure 76839 21991 vs 175669
Build next level time: 0.023702
Iteration time: 0.143854
Memory used: 2949.12
e_xx: 1.65377e+08, a2_x: 2.49681e+10, currMod: 0.980795
e_xx: 1.65377e+08, a2_x: 2.30933e+10, currMod: 0.980797
e_xx: 1.65377e+08, a2_x: 1.72345e+10, currMod: 0.980796
currMod: 0.980797, prevMod: 0.980795
Louvain time: 0.073362
numClusters: 21976, time: 0.0025
Next phase: 7
Memory used: 2949.12
End Structure 74789 21976 vs 171554
Build next level time: 0.022371
Iteration time: 0.099116
Memory used: 2949.12
e_xx: 1.65377e+08, a2_x: 2.35044e+10, currMod: 0.980796
e_xx: 1.65377e+08, a2_x: 2.35044e+10, currMod: 0.980796
currMod: 0.980797, prevMod: 0.980797
Louvain time: 0.048744
numClusters: 21976, time: 0.002508
Maximum degree for the graph: 471
Iteration: 0, conflicts: 0
Total number of colors used: 179
Total number of conflicts overall: 0
Number of rounds: 1
SUCCESS: No conflicts found
Number of reordered colors: 178
End position for large colors: 0, node count: 21547, largest: 21547
Node count cutoff: 4396
e_xx: 1.65377e+08, a2_x: 2.35044e+10, currMod: 0.980796
End Structure 74789 21976 vs 171554
currMod: 0.980797, prevMod: 0.980797
numClusters: 21976
Total iteration time: 32.8389

Loop 0 <line-37> - Time 0.000968 Total energy consumed 0.063150 Ave. Power Level 65.263358
	-------- Loop 0 (sock 1 consumed 0.026400, avg temp 47.500000, final temp 48 ) ------
	-------- Loop 0 (sock 2 consumed 0.036750, avg temp 39.500000, final temp 40 ) ------
Loop 1 <line-54> - Time 0.000469 Total energy consumed 0.000000 Ave. Power Level 0.000000
	-------- Loop 1 (sock 1 consumed 0.000000, avg temp 47.000000, final temp 48 ) ------
	-------- Loop 1 (sock 2 consumed 0.000000, avg temp 39.500000, final temp 40 ) ------
Loop 2 <line-76> - Time 0.001372 Total energy consumed 0.069255 Ave. Power Level 50.495403
	-------- Loop 2 (sock 1 consumed 0.028110, avg temp 47.000000, final temp 48 ) ------
	-------- Loop 2 (sock 2 consumed 0.041145, avg temp 39.500000, final temp 40 ) ------
Loop 3 <line-170> - Time 1.000506 Total energy consumed 60.108930 Ave. Power Level 60.078500
	-------- Loop 3 (sock 1 consumed 24.502830, avg temp 48.000000, final temp 49 ) ------
	-------- Loop 3 (sock 2 consumed 35.606100, avg temp 40.000000, final temp 40 ) ------
Loop 4 <line-192> - Time 0.000277 Total energy consumed 0.034305 Ave. Power Level 123.786671
	-------- Loop 4 (sock 1 consumed 0.000000, avg temp 48.000000, final temp 49 ) ------
	-------- Loop 4 (sock 2 consumed 0.034305, avg temp 39.500000, final temp 40 ) ------
Loop 5 <line-222> - Time 0.382052 Total energy consumed 22.554615 Ave. Power Level 59.035431
	-------- Loop 5 (sock 1 consumed 12.676275, avg temp 48.500000, final temp 49 ) ------
	-------- Loop 5 (sock 2 consumed 9.878340, avg temp 39.500000, final temp 40 ) ------
Loop 6 <line-116> - Time 0.005857 Total energy consumed 0.370140 Ave. Power Level 63.192130
	-------- Loop 6 (sock 1 consumed 0.157140, avg temp 47.000000, final temp 47 ) ------
	-------- Loop 6 (sock 2 consumed 0.213000, avg temp 39.714286, final temp 40 ) ------
Loop 7 <line-334> - Time 0.720387 Total energy consumed 41.237955 Ave. Power Level 57.244205
	-------- Loop 7 (sock 1 consumed 16.545645, avg temp 47.000000, final temp 49 ) ------
	-------- Loop 7 (sock 2 consumed 24.692310, avg temp 39.625000, final temp 39 ) ------
Loop 8 <line-353> - Time 0.000524 Total energy consumed 0.000000 Ave. Power Level 0.000000
	-------- Loop 8 (sock 1 consumed 0.000000, avg temp 47.000000, final temp 49 ) ------
	-------- Loop 8 (sock 2 consumed 0.000000, avg temp 39.625000, final temp 39 ) ------
Loop 9 <line-375> - Time 0.001160 Total energy consumed 0.076020 Ave. Power Level 65.560933
	-------- Loop 9 (sock 1 consumed 0.031695, avg temp 47.000000, final temp 49 ) ------
	-------- Loop 9 (sock 2 consumed 0.044325, avg temp 39.625000, final temp 39 ) ------
Loop 10 <line-85> - Time 0.139256 Total energy consumed 9.633405 Ave. Power Level 69.177546
	-------- Loop 10 (sock 1 consumed 4.347150, avg temp 48.000000, final temp 49 ) ------
	-------- Loop 10 (sock 2 consumed 5.286255, avg temp 39.000000, final temp 39 ) ------
Loop 11 <line-131> - Time 0.010348 Total energy consumed 0.711660 Ave. Power Level 68.773660
	-------- Loop 11 (sock 1 consumed 0.318405, avg temp 48.000000, final temp 49 ) ------
	-------- Loop 11 (sock 2 consumed 0.393255, avg temp 39.000000, final temp 39 ) ------
Loop 12 <line-167> - Time 0.117927 Total energy consumed 8.217510 Ave. Power Level 69.682842
	-------- Loop 12 (sock 1 consumed 3.734640, avg temp 48.000000, final temp 49 ) ------
	-------- Loop 12 (sock 2 consumed 4.482870, avg temp 39.500000, final temp 40 ) ------
Loop 13 <line-213> - Time 16.383391 Total energy consumed 1145.645925 Ave. Power Level 69.927278
	-------- Loop 13 (sock 1 consumed 530.740800, avg temp 49.500000, final temp 49 ) ------
	-------- Loop 13 (sock 2 consumed 614.905125, avg temp 41.333333, final temp 40 ) ------
Loop 14 <line-99> - Time 5.775244 Total energy consumed 333.318060 Ave. Power Level 57.714978
	-------- Loop 14 (sock 1 consumed 176.820765, avg temp 47.142857, final temp 48 ) ------
	-------- Loop 14 (sock 2 consumed 156.497295, avg temp 40.000000, final temp 40 ) ------
Loop 15 <line-160> - Time 0.149160 Total energy consumed 9.041760 Ave. Power Level 60.618052
	-------- Loop 15 (sock 1 consumed 3.869610, avg temp 47.571429, final temp 49 ) ------
	-------- Loop 15 (sock 2 consumed 5.172150, avg temp 39.714286, final temp 40 ) ------
Loop 16 <line-269> - Time 4.145512 Total energy consumed 236.659740 Ave. Power Level 57.088184
	-------- Loop 16 (sock 1 consumed 107.556150, avg temp 47.758621, final temp 49 ) ------
	-------- Loop 16 (sock 2 consumed 129.103590, avg temp 39.551724, final temp 39 ) ------
Loop 17 <line-300> - Time 0.004470 Total energy consumed 0.156180 Ave. Power Level 34.937307
	-------- Loop 17 (sock 1 consumed 0.052140, avg temp 47.739130, final temp 47 ) ------
	-------- Loop 17 (sock 2 consumed 0.104040, avg temp 39.565217, final temp 40 ) ------
Loop 18 <line-148> - Time 0.000851 Total energy consumed 0.061935 Ave. Power Level 72.783702
	-------- Loop 18 (sock 1 consumed 0.024330, avg temp 48.000000, final temp 48 ) ------
	-------- Loop 18 (sock 2 consumed 0.037605, avg temp 40.000000, final temp 40 ) ------
Application(EnergyStat) - Time 43.685824 Total energy consumed 2706.995565 Ave. Power Level 61.965080 Final Temperature socket 1 : 48  socket 2 : 39 
	 ParallelApplication(EnergyStat) - Time 28.839730 Total energy consumed 1867.960545 Ave. Power Level 64.770390
Memory used: 1.32031
Loading 32-bit binary file: pnnl.bin, numvertices: 2361670, numEdges: 191402826
File read time: 1.64817
Before allocating graph
Allocated graph: 0x2452570
Processing edges for vertex: 0, range(0, 166)
Processing edges for vertex: 100000, range(58444108, 58444133)
Processing edges for vertex: 200000, range(84376057, 84376362)
Processing edges for vertex: 300000, range(106069163, 106069503)
Processing edges for vertex: 400000, range(122097114, 122097513)
Processing edges for vertex: 500000, range(135096418, 135096483)
Processing edges for vertex: 600000, range(146097008, 146097061)
Processing edges for vertex: 700000, range(155415410, 155415531)
Processing edges for vertex: 800000, range(162595900, 162595989)
Processing edges for vertex: 900000, range(168508374, 168508464)
Processing edges for vertex: 1000000, range(173203321, 173203442)
Processing edges for vertex: 1100000, range(176935100, 176935110)
Processing edges for vertex: 1200000, range(179876260, 179876270)
Processing edges for vertex: 1300000, range(182240081, 182240092)
Processing edges for vertex: 1400000, range(184224513, 184224521)
Processing edges for vertex: 1500000, range(185795161, 185795170)
Processing edges for vertex: 1600000, range(187104124, 187104130)
Processing edges for vertex: 1700000, range(188148455, 188148461)
Processing edges for vertex: 1800000, range(188997836, 188997842)
Processing edges for vertex: 1900000, range(189691532, 189691535)
Processing edges for vertex: 2000000, range(190254658, 190254660)
Processing edges for vertex: 2100000, range(190705814, 190705822)
Processing edges for vertex: 2200000, range(191052755, 191052764)
Processing edges for vertex: 2300000, range(191302662, 191302663)
Graph populate time: 7.64206
Total I/O time: 9.29028

Regional(EnergyStat) - Time 9.294234 Total energy consumed 523.512660 Ave. Power Level 56.326607 
Running on: 3 threads
Loaded graph from file: pnnl.bin
Memory used: 2949.12
Maximum degree for the graph: 5520
Iteration: 0, conflicts: 2
Iteration: 1, conflicts: 0
Total number of colors used: 1180
Total number of conflicts overall: 0
Number of rounds: 2
SUCCESS: No conflicts found
Coloring time: 1.40835
Memory used: 2949.12
Number of reordered colors: 998
End position for large colors: 0, node count: 551495, largest: 551495
Node count cutoff: 472334
e_xx: 1.28951e+08, a2_x: 6.01158e+11, currMod: 0.6737
e_xx: 1.68149e+08, a2_x: 5.56352e+11, currMod: 0.878496
e_xx: 1.73823e+08, a2_x: 5.38704e+11, currMod: 0.908137
e_xx: 1.76157e+08, a2_x: 5.51069e+11, currMod: 0.92033
e_xx: 1.77286e+08, a2_x: 5.60843e+11, currMod: 0.926229
currMod: 0.92033, prevMod: -1
Louvain time: 22.6492
numClusters: 205450, time: 0.102738
Next phase: 2
Memory used: 2949.12
End Structure 1329078 205450 vs 2861762
Build next level time: 5.70934
Iteration time: 28.4651
Memory used: 2949.12
e_xx: 1.54471e+08, a2_x: 5.61108e+11, currMod: 0.916288
e_xx: 1.61795e+08, a2_x: 3.72252e+11, currMod: 0.959742
e_xx: 1.63167e+08, a2_x: 3.47668e+11, currMod: 0.96788
e_xx: 1.63501e+08, a2_x: 2.72988e+11, currMod: 0.969865
e_xx: 1.63616e+08, a2_x: 3.19191e+11, currMod: 0.970541
e_xx: 1.63711e+08, a2_x: 2.63543e+11, currMod: 0.971109
e_xx: 1.63746e+08, a2_x: 3.00152e+11, currMod: 0.971312
e_xx: 1.63794e+08, a2_x: 2.72807e+11, currMod: 0.971603
e_xx: 1.63798e+08, a2_x: 3.03989e+11, currMod: 0.971626
e_xx: 1.63833e+08, a2_x: 2.67064e+11, currMod: 0.971831
e_xx: 1.63826e+08, a2_x: 2.88615e+11, currMod: 0.971792
currMod: 0.971831, prevMod: 0.92033
Louvain time: 3.49877
numClusters: 50627, time: 0.013115
Next phase: 3
Memory used: 2949.12
End Structure 492355 50627 vs 1035330
Build next level time: 0.20994
Iteration time: 3.72278
Memory used: 2949.12
e_xx: 1.63833e+08, a2_x: 2.6797e+11, currMod: 0.971798
e_xx: 1.64991e+08, a2_x: 9.63729e+10, currMod: 0.978677
e_xx: 1.65042e+08, a2_x: 7.72479e+10, currMod: 0.97898
e_xx: 1.65136e+08, a2_x: 4.63396e+10, currMod: 0.979538
e_xx: 1.65061e+08, a2_x: 5.4565e+10, currMod: 0.979091
currMod: 0.979538, prevMod: 0.971831
Louvain time: 0.647925
numClusters: 25590, time: 0.004333
Next phase: 4
Memory used: 2949.12
End Structure 175361 25590 vs 376311
Build next level time: 0.063405
Iteration time: 0.716383
Memory used: 2949.12
e_xx: 1.65136e+08, a2_x: 4.52695e+10, currMod: 0.979527
e_xx: 1.65308e+08, a2_x: 1.63648e+10, currMod: 0.980545
e_xx: 1.65335e+08, a2_x: -8.27203e+08, currMod: 0.980709
e_xx: 1.65336e+08, a2_x: -1.1089e+09, currMod: 0.980711
e_xx: 1.65336e+08, a2_x: 1.26313e+10, currMod: 0.980714
e_xx: 1.65336e+08, a2_x: 1.53694e+10, currMod: 0.980715
currMod: 0.980714, prevMod: 0.979538
Louvain time: 0.309547
numClusters: 22156, time: 0.002845
Next phase: 5
Memory used: 2949.12
End Structure 92880 22156 vs 207916
Build next level time: 0.027643
Iteration time: 0.340697
Memory used: 2949.12
e_xx: 1.65336e+08, a2_x: 1.58251e+10, currMod: 0.980712
e_xx: 1.65339e+08, a2_x: 1.73168e+10, currMod: 0.980732
e_xx: 1.65339e+08, a2_x: 9.86206e+09, currMod: 0.98073
currMod: 0.980732, prevMod: 0.980714
Louvain time: 0.088472
numClusters: 22024, time: 0.002509
Next phase: 6
Memory used: 2949.12
End Structure 83520 22024 vs 189064
Build next level time: 0.021051
Iteration time: 0.112693
Memory used: 2949.12
e_xx: 1.65339e+08, a2_x: 1.4118e+10, currMod: 0.980731
e_xx: 1.65339e+08, a2_x: 1.33172e+10, currMod: 0.980732
currMod: 0.980732, prevMod: 0.980732
Louvain time: 0.053889
numClusters: 22024, time: 0.0025
Maximum degree for the graph: 512
Iteration: 0, conflicts: 0
Total number of colors used: 182
Total number of conflicts overall: 0
Number of rounds: 1
SUCCESS: No conflicts found
Number of reordered colors: 179
End position for large colors: 0, node count: 21559, largest: 21559
Node count cutoff: 4405
e_xx: 1.67253e+08, a2_x: -2.32619e+09, currMod: 0.992085
e_xx: 1.67266e+08, a2_x: -2.02651e+09, currMod: 0.992159
e_xx: 1.67266e+08, a2_x: -2.11098e+08, currMod: 0.992162
e_xx: 1.67342e+08, a2_x: 2.44815e+09, currMod: 0.992611
e_xx: 1.67372e+08, a2_x: -2.46469e+08, currMod: 0.992789
e_xx: 1.6743e+08, a2_x: 2.59351e+09, currMod: 0.993133
e_xx: 1.67521e+08, a2_x: -4.81498e+08, currMod: 0.993669
e_xx: 1.67862e+08, a2_x: 6.69941e+08, currMod: 0.995695
e_xx: 1.67868e+08, a2_x: 2.50323e+09, currMod: 0.995729
e_xx: 1.67848e+08, a2_x: 1.38317e+09, currMod: 0.995609
End Structure 3170 21636 vs 27976
currMod: 0.995729, prevMod: 0.980732
numClusters: 21636
Total iteration time: 33.3577

Loop 0 <line-37> - Time 0.000963 Total energy consumed 0.056310 Ave. Power Level 58.502073
	-------- Loop 0 (sock 1 consumed 0.033075, avg temp 48.500000, final temp 50 ) ------
	-------- Loop 0 (sock 2 consumed 0.023235, avg temp 39.000000, final temp 39 ) ------
Loop 1 <line-54> - Time 0.000506 Total energy consumed 0.000000 Ave. Power Level 0.000000
	-------- Loop 1 (sock 1 consumed 0.000000, avg temp 48.500000, final temp 50 ) ------
	-------- Loop 1 (sock 2 consumed 0.000000, avg temp 38.500000, final temp 39 ) ------
Loop 2 <line-76> - Time 0.001367 Total energy consumed 0.067650 Ave. Power Level 49.498793
	-------- Loop 2 (sock 1 consumed 0.036000, avg temp 48.500000, final temp 50 ) ------
	-------- Loop 2 (sock 2 consumed 0.031650, avg temp 38.500000, final temp 39 ) ------
Loop 3 <line-170> - Time 0.931199 Total energy consumed 56.183910 Ave. Power Level 60.335017
	-------- Loop 3 (sock 1 consumed 32.069775, avg temp 48.333333, final temp 49 ) ------
	-------- Loop 3 (sock 2 consumed 24.114135, avg temp 38.333333, final temp 39 ) ------
Loop 4 <line-192> - Time 0.000265 Total energy consumed 0.000000 Ave. Power Level 0.000000
	-------- Loop 4 (sock 1 consumed 0.000000, avg temp 48.500000, final temp 49 ) ------
	-------- Loop 4 (sock 2 consumed 0.000000, avg temp 38.500000, final temp 39 ) ------
Loop 5 <line-222> - Time 0.391355 Total energy consumed 23.030250 Ave. Power Level 58.847392
	-------- Loop 5 (sock 1 consumed 10.709340, avg temp 48.500000, final temp 49 ) ------
	-------- Loop 5 (sock 2 consumed 12.320910, avg temp 39.500000, final temp 39 ) ------
Loop 6 <line-116> - Time 0.003844 Total energy consumed 0.285630 Ave. Power Level 74.301738
	-------- Loop 6 (sock 1 consumed 0.167790, avg temp 48.166667, final temp 49 ) ------
	-------- Loop 6 (sock 2 consumed 0.117840, avg temp 39.000000, final temp 39 ) ------
Loop 7 <line-334> - Time 0.720068 Total energy consumed 38.786775 Ave. Power Level 53.865450
	-------- Loop 7 (sock 1 consumed 22.329915, avg temp 48.714286, final temp 49 ) ------
	-------- Loop 7 (sock 2 consumed 16.456860, avg temp 38.857143, final temp 39 ) ------
Loop 8 <line-353> - Time 0.000439 Total energy consumed 0.000000 Ave. Power Level 0.000000
	-------- Loop 8 (sock 1 consumed 0.000000, avg temp 48.714286, final temp 49 ) ------
	-------- Loop 8 (sock 2 consumed 0.000000, avg temp 38.857143, final temp 39 ) ------
Loop 9 <line-375> - Time 0.001062 Total energy consumed 0.090825 Ave. Power Level 85.505852
	-------- Loop 9 (sock 1 consumed 0.045585, avg temp 48.857143, final temp 49 ) ------
	-------- Loop 9 (sock 2 consumed 0.045240, avg temp 39.000000, final temp 39 ) ------
Loop 10 <line-85> - Time 0.079931 Total energy consumed 5.195790 Ave. Power Level 65.003139
	-------- Loop 10 (sock 1 consumed 3.333210, avg temp 49.250000, final temp 50 ) ------
	-------- Loop 10 (sock 2 consumed 1.862580, avg temp 38.500000, final temp 39 ) ------
Loop 11 <line-131> - Time 0.010327 Total energy consumed 0.678945 Ave. Power Level 65.742072
	-------- Loop 11 (sock 1 consumed 0.447360, avg temp 49.000000, final temp 49 ) ------
	-------- Loop 11 (sock 2 consumed 0.231585, avg temp 38.500000, final temp 39 ) ------
Loop 12 <line-167> - Time 0.100485 Total energy consumed 6.811575 Ave. Power Level 67.787274
	-------- Loop 12 (sock 1 consumed 3.655230, avg temp 48.500000, final temp 50 ) ------
	-------- Loop 12 (sock 2 consumed 3.156345, avg temp 39.000000, final temp 39 ) ------
Loop 13 <line-213> - Time 16.635637 Total energy consumed 1155.504435 Ave. Power Level 69.459586
	-------- Loop 13 (sock 1 consumed 576.350955, avg temp 49.800000, final temp 51 ) ------
	-------- Loop 13 (sock 2 consumed 579.153480, avg temp 40.200000, final temp 39 ) ------
Loop 14 <line-99> - Time 5.692584 Total energy consumed 326.841930 Ave. Power Level 57.415394
	-------- Loop 14 (sock 1 consumed 145.845000, avg temp 48.500000, final temp 49 ) ------
	-------- Loop 14 (sock 2 consumed 180.996930, avg temp 38.833333, final temp 39 ) ------
Loop 15 <line-160> - Time 0.133165 Total energy consumed 7.634775 Ave. Power Level 57.333282
	-------- Loop 15 (sock 1 consumed 4.573080, avg temp 48.500000, final temp 49 ) ------
	-------- Loop 15 (sock 2 consumed 3.061695, avg temp 39.333333, final temp 39 ) ------
Loop 16 <line-269> - Time 4.575558 Total energy consumed 256.254810 Ave. Power Level 56.005152
	-------- Loop 16 (sock 1 consumed 151.507605, avg temp 48.481481, final temp 50 ) ------
	-------- Loop 16 (sock 2 consumed 104.747205, avg temp 39.074074, final temp 39 ) ------
Loop 17 <line-300> - Time 0.002719 Total energy consumed 0.305520 Ave. Power Level 112.345503
	-------- Loop 17 (sock 1 consumed 0.189015, avg temp 48.454545, final temp 49 ) ------
	-------- Loop 17 (sock 2 consumed 0.116505, avg temp 39.136364, final temp 39 ) ------
Loop 18 <line-148> - Time 0.000636 Total energy consumed 0.062490 Ave. Power Level 98.278978
	-------- Loop 18 (sock 1 consumed 0.039300, avg temp 50.000000, final temp 50 ) ------
	-------- Loop 18 (sock 2 consumed 0.023190, avg temp 39.000000, final temp 39 ) ------
Application(EnergyStat) - Time 44.208225 Total energy consumed 2721.278070 Ave. Power Level 61.555923 Final Temperature socket 1 : 50  socket 2 : 39 
	 ParallelApplication(EnergyStat) - Time 29.282109 Total energy consumed 1877.791620 Ave. Power Level 64.127609
Memory used: 1.32031
Loading 32-bit binary file: pnnl.bin, numvertices: 2361670, numEdges: 191402826
File read time: 1.63625
Before allocating graph
Allocated graph: 0x1709570
Processing edges for vertex: 0, range(0, 166)
Processing edges for vertex: 100000, range(58444108, 58444133)
Processing edges for vertex: 200000, range(84376057, 84376362)
Processing edges for vertex: 300000, range(106069163, 106069503)
Processing edges for vertex: 400000, range(122097114, 122097513)
Processing edges for vertex: 500000, range(135096418, 135096483)
Processing edges for vertex: 600000, range(146097008, 146097061)
Processing edges for vertex: 700000, range(155415410, 155415531)
Processing edges for vertex: 800000, range(162595900, 162595989)
Processing edges for vertex: 900000, range(168508374, 168508464)
Processing edges for vertex: 1000000, range(173203321, 173203442)
Processing edges for vertex: 1100000, range(176935100, 176935110)
Processing edges for vertex: 1200000, range(179876260, 179876270)
Processing edges for vertex: 1300000, range(182240081, 182240092)
Processing edges for vertex: 1400000, range(184224513, 184224521)
Processing edges for vertex: 1500000, range(185795161, 185795170)
Processing edges for vertex: 1600000, range(187104124, 187104130)
Processing edges for vertex: 1700000, range(188148455, 188148461)
Processing edges for vertex: 1800000, range(188997836, 188997842)
Processing edges for vertex: 1900000, range(189691532, 189691535)
Processing edges for vertex: 2000000, range(190254658, 190254660)
Processing edges for vertex: 2100000, range(190705814, 190705822)
Processing edges for vertex: 2200000, range(191052755, 191052764)
Processing edges for vertex: 2300000, range(191302662, 191302663)
Graph populate time: 7.71515
Total I/O time: 9.35144

Regional(EnergyStat) - Time 9.355408 Total energy consumed 526.566030 Ave. Power Level 56.284670 
Running on: 3 threads
Loaded graph from file: pnnl.bin
Memory used: 2949.12
Maximum degree for the graph: 5520
Iteration: 0, conflicts: 0
Total number of colors used: 1180
Total number of conflicts overall: 0
Number of rounds: 1
SUCCESS: No conflicts found
Coloring time: 1.35817
Memory used: 2949.12
Number of reordered colors: 1014
End position for large colors: 0, node count: 551489, largest: 551489
Node count cutoff: 472334
e_xx: 1.28114e+08, a2_x: 6.30655e+11, currMod: 0.669323
e_xx: 1.68336e+08, a2_x: 5.1705e+11, currMod: 0.879471
e_xx: 1.74525e+08, a2_x: 5.4818e+11, currMod: 0.911807
e_xx: 1.76886e+08, a2_x: 5.43041e+11, currMod: 0.924143
e_xx: 1.78018e+08, a2_x: 5.29562e+11, currMod: 0.930055
currMod: 0.924143, prevMod: -1
Louvain time: 22.332
numClusters: 204872, time: 0.091393
Next phase: 2
Memory used: 2949.12
End Structure 1321281 204872 vs 2845539
Build next level time: 5.61312
Iteration time: 28.0407
Memory used: 2949.12
e_xx: 1.55236e+08, a2_x: 5.29759e+11, currMod: 0.920646
e_xx: 1.62016e+08, a2_x: 3.51829e+11, currMod: 0.960863
e_xx: 1.63422e+08, a2_x: 3.01623e+11, currMod: 0.9692
e_xx: 1.63758e+08, a2_x: 2.92553e+11, currMod: 0.971198
e_xx: 1.63839e+08, a2_x: 2.89225e+11, currMod: 0.971673
e_xx: 1.63955e+08, a2_x: 2.864e+11, currMod: 0.972363
e_xx: 1.63967e+08, a2_x: 2.87823e+11, currMod: 0.972436
e_xx: 1.64039e+08, a2_x: 2.84438e+11, currMod: 0.972861
e_xx: 1.64024e+08, a2_x: 2.83168e+11, currMod: 0.972771
currMod: 0.972861, prevMod: 0.924143
Louvain time: 2.92488
numClusters: 53542, time: 0.01322
Next phase: 3
Memory used: 2949.12
End Structure 550742 53542 vs 1155013
Build next level time: 0.252312
Iteration time: 3.19139
Memory used: 2949.12
e_xx: 1.64039e+08, a2_x: 2.86448e+11, currMod: 0.97283
e_xx: 1.64939e+08, a2_x: 1.01343e+11, currMod: 0.978177
e_xx: 1.65037e+08, a2_x: 1.23741e+11, currMod: 0.978754
e_xx: 1.65133e+08, a2_x: 3.57966e+10, currMod: 0.979331
e_xx: 1.65074e+08, a2_x: 8.59401e+10, currMod: 0.978978
currMod: 0.979331, prevMod: 0.972861
Louvain time: 0.703404
numClusters: 25989, time: 0.004617
Next phase: 4
Memory used: 2949.12
End Structure 181936 25989 vs 389861
Build next level time: 0.074527
Iteration time: 0.7834
Memory used: 2949.12
e_xx: 1.65133e+08, a2_x: 3.36504e+10, currMod: 0.979318
e_xx: 1.65325e+08, a2_x: 5.21954e+09, currMod: 0.980459
e_xx: 1.65348e+08, a2_x: 2.7425e+10, currMod: 0.980593
e_xx: 1.6535e+08, a2_x: 2.90049e+10, currMod: 0.980603
e_xx: 1.6535e+08, a2_x: 2.2889e+10, currMod: 0.980606
e_xx: 1.6535e+08, a2_x: 2.92682e+10, currMod: 0.980605
currMod: 0.980606, prevMod: 0.979331
Louvain time: 0.310254
numClusters: 22149, time: 0.002912
Next phase: 5
Memory used: 2949.12
End Structure 87495 22149 vs 197139
Build next level time: 0.026728
Iteration time: 0.340764
Memory used: 2949.12
e_xx: 1.6535e+08, a2_x: 2.46812e+10, currMod: 0.980603
e_xx: 1.65355e+08, a2_x: 2.32607e+10, currMod: 0.980632
e_xx: 1.65355e+08, a2_x: 2.46887e+10, currMod: 0.980632
currMod: 0.980632, prevMod: 0.980606
Louvain time: 0.082746
numClusters: 22014, time: 0.002524
Next phase: 6
Memory used: 2949.12
End Structure 79706 22014 vs 181426
Build next level time: 0.019836
Iteration time: 0.10597
Memory used: 2949.12
e_xx: 1.65355e+08, a2_x: 2.2712e+10, currMod: 0.980632
e_xx: 1.65355e+08, a2_x: 2.51569e+10, currMod: 0.980632
currMod: 0.980632, prevMod: 0.980632
Louvain time: 0.051087
numClusters: 22014, time: 0.002585
Maximum degree for the graph: 513
Iteration: 0, conflicts: 0
Total number of colors used: 182
Total number of conflicts overall: 0
Number of rounds: 1
SUCCESS: No conflicts found
Number of reordered colors: 181
End position for large colors: 0, node count: 21554, largest: 21554
Node count cutoff: 4403
e_xx: 1.65358e+08, a2_x: 1.58039e+10, currMod: 0.980649
e_xx: 1.67436e+08, a2_x: 1.56007e+09, currMod: 0.992973
e_xx: 1.67426e+08, a2_x: -9.31417e+09, currMod: 0.992912
End Structure 11132 21719 vs 43983
currMod: 0.992973, prevMod: 0.980632
numClusters: 21719
Total iteration time: 32.4622

Loop 0 <line-37> - Time 0.000961 Total energy consumed 0.000000 Ave. Power Level 0.000000
	-------- Loop 0 (sock 1 consumed 0.000000, avg temp 48.000000, final temp 48 ) ------
	-------- Loop 0 (sock 2 consumed 0.000000, avg temp 39.500000, final temp 39 ) ------
Loop 1 <line-54> - Time 0.000521 Total energy consumed 0.057195 Ave. Power Level 109.688320
	-------- Loop 1 (sock 1 consumed 0.033555, avg temp 47.500000, final temp 47 ) ------
	-------- Loop 1 (sock 2 consumed 0.023640, avg temp 38.500000, final temp 38 ) ------
Loop 2 <line-76> - Time 0.001366 Total energy consumed 0.102420 Ave. Power Level 74.985339
	-------- Loop 2 (sock 1 consumed 0.041730, avg temp 47.500000, final temp 47 ) ------
	-------- Loop 2 (sock 2 consumed 0.060690, avg temp 39.000000, final temp 38 ) ------
Loop 3 <line-170> - Time 0.927106 Total energy consumed 55.678620 Ave. Power Level 60.056356
	-------- Loop 3 (sock 1 consumed 31.900245, avg temp 48.000000, final temp 48 ) ------
	-------- Loop 3 (sock 2 consumed 23.778375, avg temp 38.500000, final temp 38 ) ------
Loop 4 <line-192> - Time 0.000257 Total energy consumed 0.078540 Ave. Power Level 306.036565
	-------- Loop 4 (sock 1 consumed 0.032340, avg temp 48.000000, final temp 48 ) ------
	-------- Loop 4 (sock 2 consumed 0.046200, avg temp 38.000000, final temp 38 ) ------
Loop 5 <line-222> - Time 0.347824 Total energy consumed 20.773620 Ave. Power Level 59.724559
	-------- Loop 5 (sock 1 consumed 11.944800, avg temp 48.000000, final temp 48 ) ------
	-------- Loop 5 (sock 2 consumed 8.828820, avg temp 38.000000, final temp 38 ) ------
Loop 6 <line-116> - Time 0.004775 Total energy consumed 0.150945 Ave. Power Level 31.614253
	-------- Loop 6 (sock 1 consumed 0.081975, avg temp 47.666667, final temp 47 ) ------
	-------- Loop 6 (sock 2 consumed 0.068970, avg temp 38.666667, final temp 39 ) ------
Loop 7 <line-334> - Time 0.701691 Total energy consumed 39.453825 Ave. Power Level 56.226787
	-------- Loop 7 (sock 1 consumed 22.843650, avg temp 47.428571, final temp 47 ) ------
	-------- Loop 7 (sock 2 consumed 16.610175, avg temp 38.571429, final temp 38 ) ------
Loop 8 <line-353> - Time 0.000523 Total energy consumed 0.000000 Ave. Power Level 0.000000
	-------- Loop 8 (sock 1 consumed 0.000000, avg temp 47.428571, final temp 47 ) ------
	-------- Loop 8 (sock 2 consumed 0.000000, avg temp 38.571429, final temp 38 ) ------
Loop 9 <line-375> - Time 0.001122 Total energy consumed 0.118365 Ave. Power Level 105.471152
	-------- Loop 9 (sock 1 consumed 0.084840, avg temp 47.428571, final temp 47 ) ------
	-------- Loop 9 (sock 2 consumed 0.033525, avg temp 38.428571, final temp 38 ) ------
Loop 10 <line-85> - Time 0.151464 Total energy consumed 10.575630 Ave. Power Level 69.822846
	-------- Loop 10 (sock 1 consumed 5.101320, avg temp 47.500000, final temp 48 ) ------
	-------- Loop 10 (sock 2 consumed 5.474310, avg temp 38.500000, final temp 38 ) ------
Loop 11 <line-131> - Time 0.009950 Total energy consumed 0.671820 Ave. Power Level 67.517745
	-------- Loop 11 (sock 1 consumed 0.336240, avg temp 47.500000, final temp 47 ) ------
	-------- Loop 11 (sock 2 consumed 0.335580, avg temp 38.500000, final temp 38 ) ------
Loop 12 <line-167> - Time 0.084420 Total energy consumed 5.754210 Ave. Power Level 68.162077
	-------- Loop 12 (sock 1 consumed 2.619945, avg temp 48.000000, final temp 48 ) ------
	-------- Loop 12 (sock 2 consumed 3.134265, avg temp 38.500000, final temp 38 ) ------
Loop 13 <line-213> - Time 16.321672 Total energy consumed 1116.180135 Ave. Power Level 68.386383
	-------- Loop 13 (sock 1 consumed 581.055210, avg temp 49.375000, final temp 47 ) ------
	-------- Loop 13 (sock 2 consumed 535.124925, avg temp 39.000000, final temp 38 ) ------
Loop 14 <line-99> - Time 5.643210 Total energy consumed 319.457595 Ave. Power Level 56.609200
	-------- Loop 14 (sock 1 consumed 164.860890, avg temp 47.500000, final temp 47 ) ------
	-------- Loop 14 (sock 2 consumed 154.596705, avg temp 38.833333, final temp 38 ) ------
Loop 15 <line-160> - Time 0.129559 Total energy consumed 7.512030 Ave. Power Level 57.981759
	-------- Loop 15 (sock 1 consumed 4.310130, avg temp 47.333333, final temp 47 ) ------
	-------- Loop 15 (sock 2 consumed 3.201900, avg temp 38.666667, final temp 38 ) ------
Loop 16 <line-269> - Time 4.049023 Total energy consumed 229.088205 Ave. Power Level 56.578640
	-------- Loop 16 (sock 1 consumed 131.733300, avg temp 47.880000, final temp 48 ) ------
	-------- Loop 16 (sock 2 consumed 97.354905, avg temp 38.400000, final temp 38 ) ------
Loop 17 <line-300> - Time 0.002486 Total energy consumed 0.347985 Ave. Power Level 139.958059
	-------- Loop 17 (sock 1 consumed 0.210420, avg temp 48.000000, final temp 47 ) ------
	-------- Loop 17 (sock 2 consumed 0.137565, avg temp 38.350000, final temp 39 ) ------
Loop 18 <line-148> - Time 0.000820 Total energy consumed 0.000000 Ave. Power Level 0.000000
	-------- Loop 18 (sock 1 consumed 0.000000, avg temp 48.000000, final temp 48 ) ------
	-------- Loop 18 (sock 2 consumed 0.000000, avg temp 39.000000, final temp 39 ) ------
Application(EnergyStat) - Time 43.281972 Total energy consumed 2644.859085 Ave. Power Level 61.107638 Final Temperature socket 1 : 47  socket 2 : 38 
	 ParallelApplication(EnergyStat) - Time 28.378749 Total energy consumed 1806.001140 Ave. Power Level 63.639209
