Memory used: 1.32422
Loading 32-bit binary file: pnnl.bin, numvertices: 2361670, numEdges: 191402826
File read time: 2.39438
Before allocating graph
Allocated graph: 0x2215570
Processing edges for vertex: 0, range(0, 166)
Processing edges for vertex: 100000, range(58444108, 58444133)
Processing edges for vertex: 200000, range(84376057, 84376362)
Processing edges for vertex: 300000, range(106069163, 106069503)
Processing edges for vertex: 400000, range(122097114, 122097513)
Processing edges for vertex: 500000, range(135096418, 135096483)
Processing edges for vertex: 600000, range(146097008, 146097061)
Processing edges for vertex: 700000, range(155415410, 155415531)
Processing edges for vertex: 800000, range(162595900, 162595989)
Processing edges for vertex: 900000, range(168508374, 168508464)
Processing edges for vertex: 1000000, range(173203321, 173203442)
Processing edges for vertex: 1100000, range(176935100, 176935110)
Processing edges for vertex: 1200000, range(179876260, 179876270)
Processing edges for vertex: 1300000, range(182240081, 182240092)
Processing edges for vertex: 1400000, range(184224513, 184224521)
Processing edges for vertex: 1500000, range(185795161, 185795170)
Processing edges for vertex: 1600000, range(187104124, 187104130)
Processing edges for vertex: 1700000, range(188148455, 188148461)
Processing edges for vertex: 1800000, range(188997836, 188997842)
Processing edges for vertex: 1900000, range(189691532, 189691535)
Processing edges for vertex: 2000000, range(190254658, 190254660)
Processing edges for vertex: 2100000, range(190705814, 190705822)
Processing edges for vertex: 2200000, range(191052755, 191052764)
Processing edges for vertex: 2300000, range(191302662, 191302663)
Graph populate time: 12.3318
Total I/O time: 14.7263

Regional(EnergyStat) - Time 14.731538 Total energy consumed 611.346855 Ave. Power Level 41.499188 
Running on: 3 threads
Loaded graph from file: pnnl.bin
Memory used: 2949.12
Maximum degree for the graph: 5520
Iteration: 0, conflicts: 2
Iteration: 1, conflicts: 0
Total number of colors used: 1180
Total number of conflicts overall: 0
Number of rounds: 2
SUCCESS: No conflicts found
Coloring time: 2.28224
Memory used: 2949.12
Number of reordered colors: 1009
End position for large colors: 0, node count: 551561, largest: 551561
Node count cutoff: 472334
e_xx: 1.28949e+08, a2_x: 5.61964e+11, currMod: 0.67369
e_xx: 1.68178e+08, a2_x: 5.57414e+11, currMod: 0.878644
e_xx: 1.73895e+08, a2_x: 5.32303e+11, currMod: 0.908513
e_xx: 1.76135e+08, a2_x: 5.75005e+11, currMod: 0.920218
e_xx: 1.773e+08, a2_x: 5.63267e+11, currMod: 0.926303
currMod: 0.920218, prevMod: -1
Louvain time: 36.9514
numClusters: 205175, time: 0.17147
Next phase: 2
Memory used: 2949.12
End Structure 1318728 205175 vs 2840809
Build next level time: 10.2225
Iteration time: 47.3515
Memory used: 2949.12
e_xx: 1.5455e+08, a2_x: 5.63754e+11, currMod: 0.916402
e_xx: 1.61863e+08, a2_x: 3.27163e+11, currMod: 0.959772
e_xx: 1.63356e+08, a2_x: 2.94202e+11, currMod: 0.968627
e_xx: 1.6368e+08, a2_x: 2.50792e+11, currMod: 0.970549
e_xx: 1.63811e+08, a2_x: 2.99332e+11, currMod: 0.971325
e_xx: 1.6396e+08, a2_x: 2.456e+11, currMod: 0.972211
e_xx: 1.63974e+08, a2_x: 3.26022e+11, currMod: 0.97229
e_xx: 1.64048e+08, a2_x: 2.50451e+11, currMod: 0.972727
e_xx: 1.64028e+08, a2_x: 3.15907e+11, currMod: 0.972609
currMod: 0.972727, prevMod: 0.920218
Louvain time: 4.8364
numClusters: 54128, time: 0.02442
Next phase: 3
Memory used: 2949.12
End Structure 558289 54128 vs 1170694
Build next level time: 0.361158
Iteration time: 5.22351
Memory used: 2949.12
e_xx: 1.64047e+08, a2_x: 2.50753e+11, currMod: 0.972699
e_xx: 1.64957e+08, a2_x: 6.80583e+10, currMod: 0.9781
e_xx: 1.65031e+08, a2_x: 9.75722e+10, currMod: 0.978534
e_xx: 1.65127e+08, a2_x: 7.95583e+10, currMod: 0.979107
e_xx: 1.65062e+08, a2_x: 8.62704e+10, currMod: 0.978721
currMod: 0.979107, prevMod: 0.972727
Louvain time: 1.19237
numClusters: 26006, time: 0.007798
Next phase: 4
Memory used: 2949.12
End Structure 190091 26006 vs 406188
Build next level time: 0.13288
Iteration time: 1.33429
Memory used: 2949.12
e_xx: 1.65127e+08, a2_x: 8.24089e+10, currMod: 0.979092
e_xx: 1.65363e+08, a2_x: 4.34738e+10, currMod: 0.980491
e_xx: 1.65382e+08, a2_x: 2.00137e+10, currMod: 0.980607
e_xx: 1.65383e+08, a2_x: 4.06228e+09, currMod: 0.980614
e_xx: 1.65383e+08, a2_x: -4.23041e+09, currMod: 0.980614
currMod: 0.980614, prevMod: 0.979107
Louvain time: 0.458836
numClusters: 22217, time: 0.004893
Next phase: 5
Memory used: 2949.12
End Structure 95805 22217 vs 213827
Build next level time: 0.047984
Iteration time: 0.512903
Memory used: 2949.12
e_xx: 1.65383e+08, a2_x: 6.27254e+08, currMod: 0.980612
e_xx: 1.65387e+08, a2_x: 5.58579e+09, currMod: 0.980632
e_xx: 1.65387e+08, a2_x: 8.91941e+09, currMod: 0.980633
e_xx: 1.65387e+08, a2_x: 1.06485e+10, currMod: 0.980634
currMod: 0.980633, prevMod: 0.980614
Louvain time: 0.200597
numClusters: 22020, time: 0.004283
Next phase: 6
Memory used: 2949.12
End Structure 85366 22020 vs 192752
Build next level time: 0.035864
Iteration time: 0.241938
Memory used: 2949.12
e_xx: 1.65387e+08, a2_x: 8.78196e+09, currMod: 0.980633
e_xx: 1.65387e+08, a2_x: 1.6372e+09, currMod: 0.980635
e_xx: 1.65387e+08, a2_x: -5.74227e+08, currMod: 0.980635
currMod: 0.980635, prevMod: 0.980633
Louvain time: 0.136486
numClusters: 22006, time: 0.004269
Next phase: 7
Memory used: 2949.12
End Structure 83682 22006 vs 189370
Build next level time: 0.039514
Iteration time: 0.181459
Memory used: 2949.12
e_xx: 1.65387e+08, a2_x: 1.77465e+09, currMod: 0.980635
e_xx: 1.65387e+08, a2_x: 1.77465e+09, currMod: 0.980635
currMod: 0.980635, prevMod: 0.980635
Louvain time: 0.089809
numClusters: 22006, time: 0.004261
Maximum degree for the graph: 496
Iteration: 0, conflicts: 0
Total number of colors used: 186
Total number of conflicts overall: 0
Number of rounds: 1
SUCCESS: No conflicts found
Number of reordered colors: 184
End position for large colors: 0, node count: 21549, largest: 21549
Node count cutoff: 4402
e_xx: 1.65387e+08, a2_x: 1.77465e+09, currMod: 0.980635
End Structure 83682 22006 vs 189370
currMod: 0.980635, prevMod: 0.980635
numClusters: 22006
Total iteration time: 54.8456

Loop 0 <line-37> - Time 0.001304 Total energy consumed 0.041730 Ave. Power Level 31.992088
	-------- Loop 0 (sock 1 consumed 0.022455, avg temp 40.500000, final temp 41 ) ------
	-------- Loop 0 (sock 2 consumed 0.019275, avg temp 34.500000, final temp 34 ) ------
Loop 1 <line-54> - Time 0.000650 Total energy consumed 0.064575 Ave. Power Level 99.342639
	-------- Loop 1 (sock 1 consumed 0.045240, avg temp 41.500000, final temp 41 ) ------
	-------- Loop 1 (sock 2 consumed 0.019335, avg temp 34.000000, final temp 35 ) ------
Loop 2 <line-76> - Time 0.002273 Total energy consumed 0.097875 Ave. Power Level 43.055041
	-------- Loop 2 (sock 1 consumed 0.051795, avg temp 41.000000, final temp 41 ) ------
	-------- Loop 2 (sock 2 consumed 0.046080, avg temp 34.000000, final temp 35 ) ------
Loop 3 <line-170> - Time 1.554583 Total energy consumed 66.360885 Ave. Power Level 42.687257
	-------- Loop 3 (sock 1 consumed 34.932165, avg temp 41.000000, final temp 41 ) ------
	-------- Loop 3 (sock 2 consumed 31.428720, avg temp 34.666667, final temp 34 ) ------
Loop 4 <line-192> - Time 0.000396 Total energy consumed 0.000000 Ave. Power Level 0.000000
	-------- Loop 4 (sock 1 consumed 0.000000, avg temp 41.000000, final temp 41 ) ------
	-------- Loop 4 (sock 2 consumed 0.000000, avg temp 34.500000, final temp 34 ) ------
Loop 5 <line-222> - Time 0.582176 Total energy consumed 24.820020 Ave. Power Level 42.633159
	-------- Loop 5 (sock 1 consumed 13.063695, avg temp 41.000000, final temp 41 ) ------
	-------- Loop 5 (sock 2 consumed 11.756325, avg temp 34.000000, final temp 34 ) ------
Loop 6 <line-116> - Time 0.007989 Total energy consumed 0.277170 Ave. Power Level 34.695361
	-------- Loop 6 (sock 1 consumed 0.098145, avg temp 40.857143, final temp 41 ) ------
	-------- Loop 6 (sock 2 consumed 0.179025, avg temp 34.142857, final temp 34 ) ------
Loop 7 <line-334> - Time 1.192033 Total energy consumed 49.271280 Ave. Power Level 41.333838
	-------- Loop 7 (sock 1 consumed 25.940370, avg temp 40.625000, final temp 41 ) ------
	-------- Loop 7 (sock 2 consumed 23.330910, avg temp 34.125000, final temp 33 ) ------
Loop 8 <line-353> - Time 0.000697 Total energy consumed 0.063885 Ave. Power Level 91.702624
	-------- Loop 8 (sock 1 consumed 0.044250, avg temp 40.625000, final temp 41 ) ------
	-------- Loop 8 (sock 2 consumed 0.019635, avg temp 34.250000, final temp 33 ) ------
Loop 9 <line-375> - Time 0.001807 Total energy consumed 0.165615 Ave. Power Level 91.646888
	-------- Loop 9 (sock 1 consumed 0.072795, avg temp 40.500000, final temp 41 ) ------
	-------- Loop 9 (sock 2 consumed 0.092820, avg temp 34.000000, final temp 33 ) ------
Loop 10 <line-85> - Time 0.227539 Total energy consumed 10.431210 Ave. Power Level 45.843714
	-------- Loop 10 (sock 1 consumed 5.399865, avg temp 41.000000, final temp 41 ) ------
	-------- Loop 10 (sock 2 consumed 5.031345, avg temp 34.000000, final temp 34 ) ------
Loop 11 <line-131> - Time 0.016796 Total energy consumed 0.810060 Ave. Power Level 48.230386
	-------- Loop 11 (sock 1 consumed 0.407745, avg temp 41.000000, final temp 41 ) ------
	-------- Loop 11 (sock 2 consumed 0.402315, avg temp 34.500000, final temp 34 ) ------
Loop 12 <line-167> - Time 0.171703 Total energy consumed 7.818225 Ave. Power Level 45.533512
	-------- Loop 12 (sock 1 consumed 4.055925, avg temp 41.000000, final temp 41 ) ------
	-------- Loop 12 (sock 2 consumed 3.762300, avg temp 34.500000, final temp 34 ) ------
Loop 13 <line-213> - Time 27.115557 Total energy consumed 1241.444025 Ave. Power Level 45.783460
	-------- Loop 13 (sock 1 consumed 634.655895, avg temp 42.000000, final temp 41 ) ------
	-------- Loop 13 (sock 2 consumed 606.788130, avg temp 34.666667, final temp 35 ) ------
Loop 14 <line-99> - Time 10.239586 Total energy consumed 419.433795 Ave. Power Level 40.961989
	-------- Loop 14 (sock 1 consumed 210.898020, avg temp 41.000000, final temp 41 ) ------
	-------- Loop 14 (sock 2 consumed 208.535775, avg temp 34.285714, final temp 34 ) ------
Loop 15 <line-160> - Time 0.244319 Total energy consumed 10.387335 Ave. Power Level 42.515416
	-------- Loop 15 (sock 1 consumed 5.030880, avg temp 41.000000, final temp 41 ) ------
	-------- Loop 15 (sock 2 consumed 5.356455, avg temp 34.428571, final temp 35 ) ------
Loop 16 <line-269> - Time 6.873290 Total energy consumed 287.390550 Ave. Power Level 41.812660
	-------- Loop 16 (sock 1 consumed 139.786830, avg temp 40.714286, final temp 41 ) ------
	-------- Loop 16 (sock 2 consumed 147.603720, avg temp 34.535714, final temp 35 ) ------
Loop 17 <line-300> - Time 0.006055 Total energy consumed 0.224430 Ave. Power Level 37.063313
	-------- Loop 17 (sock 1 consumed 0.111525, avg temp 40.772727, final temp 40 ) ------
	-------- Loop 17 (sock 2 consumed 0.112905, avg temp 34.454545, final temp 34 ) ------
Loop 18 <line-148> - Time 0.001131 Total energy consumed 0.040815 Ave. Power Level 36.086353
	-------- Loop 18 (sock 1 consumed 0.018540, avg temp 41.000000, final temp 41 ) ------
	-------- Loop 18 (sock 2 consumed 0.022275, avg temp 34.000000, final temp 34 ) ------
Application(EnergyStat) - Time 72.033799 Total energy consumed 3104.695260 Ave. Power Level 43.100535 Final Temperature socket 1 : 41  socket 2 : 34 
	 ParallelApplication(EnergyStat) - Time 48.239884 Total energy consumed 2119.143480 Ave. Power Level 43.929283
Memory used: 1.32031
Loading 32-bit binary file: pnnl.bin, numvertices: 2361670, numEdges: 191402826
File read time: 2.41719
Before allocating graph
Allocated graph: 0x1e19570
Processing edges for vertex: 0, range(0, 166)
Processing edges for vertex: 100000, range(58444108, 58444133)
Processing edges for vertex: 200000, range(84376057, 84376362)
Processing edges for vertex: 300000, range(106069163, 106069503)
Processing edges for vertex: 400000, range(122097114, 122097513)
Processing edges for vertex: 500000, range(135096418, 135096483)
Processing edges for vertex: 600000, range(146097008, 146097061)
Processing edges for vertex: 700000, range(155415410, 155415531)
Processing edges for vertex: 800000, range(162595900, 162595989)
Processing edges for vertex: 900000, range(168508374, 168508464)
Processing edges for vertex: 1000000, range(173203321, 173203442)
Processing edges for vertex: 1100000, range(176935100, 176935110)
Processing edges for vertex: 1200000, range(179876260, 179876270)
Processing edges for vertex: 1300000, range(182240081, 182240092)
Processing edges for vertex: 1400000, range(184224513, 184224521)
Processing edges for vertex: 1500000, range(185795161, 185795170)
Processing edges for vertex: 1600000, range(187104124, 187104130)
Processing edges for vertex: 1700000, range(188148455, 188148461)
Processing edges for vertex: 1800000, range(188997836, 188997842)
Processing edges for vertex: 1900000, range(189691532, 189691535)
Processing edges for vertex: 2000000, range(190254658, 190254660)
Processing edges for vertex: 2100000, range(190705814, 190705822)
Processing edges for vertex: 2200000, range(191052755, 191052764)
Processing edges for vertex: 2300000, range(191302662, 191302663)
Graph populate time: 12.3252
Total I/O time: 14.7425

Regional(EnergyStat) - Time 14.747119 Total energy consumed 611.175585 Ave. Power Level 41.443728 
Running on: 3 threads
Loaded graph from file: pnnl.bin
Memory used: 2949.12
Maximum degree for the graph: 5520
Iteration: 0, conflicts: 1
Iteration: 1, conflicts: 0
Total number of colors used: 1180
Total number of conflicts overall: 0
Number of rounds: 2
SUCCESS: No conflicts found
Coloring time: 2.27594
Memory used: 2949.12
Number of reordered colors: 1018
End position for large colors: 0, node count: 551562, largest: 551562
Node count cutoff: 472334
e_xx: 1.29592e+08, a2_x: 5.753e+11, currMod: 0.677051
e_xx: 1.68185e+08, a2_x: 6.06856e+11, currMod: 0.87868
e_xx: 1.73899e+08, a2_x: 5.39276e+11, currMod: 0.908533
e_xx: 1.76118e+08, a2_x: 5.73293e+11, currMod: 0.920125
e_xx: 1.77289e+08, a2_x: 5.8116e+11, currMod: 0.926244
currMod: 0.920125, prevMod: -1
Louvain time: 37.7976
numClusters: 205325, time: 0.17085
Next phase: 2
Memory used: 2949.12
End Structure 1324969 205325 vs 2853422
Build next level time: 9.79333
Iteration time: 47.7686
Memory used: 2949.12
e_xx: 1.56798e+08, a2_x: 5.78238e+11, currMod: 0.917443
e_xx: 1.64437e+08, a2_x: 3.31426e+11, currMod: 0.96215
e_xx: 1.65727e+08, a2_x: 2.70739e+11, currMod: 0.969702
e_xx: 1.66027e+08, a2_x: 2.40127e+11, currMod: 0.971456
e_xx: 1.66133e+08, a2_x: 2.85463e+11, currMod: 0.972072
e_xx: 1.66232e+08, a2_x: 2.44631e+11, currMod: 0.972655
e_xx: 1.66239e+08, a2_x: 2.78491e+11, currMod: 0.972697
e_xx: 1.66297e+08, a2_x: 2.41433e+11, currMod: 0.973035
e_xx: 1.66287e+08, a2_x: 2.83396e+11, currMod: 0.972975
currMod: 0.973035, prevMod: 0.920125
Louvain time: 5.00762
numClusters: 54748, time: 0.023527
Next phase: 3
Memory used: 2949.12
End Structure 581491 54748 vs 1217722
Build next level time: 0.348247
Iteration time: 5.38101
Memory used: 2949.12
e_xx: 1.66297e+08, a2_x: 2.38191e+11, currMod: 0.973006
e_xx: 1.67164e+08, a2_x: 6.64581e+10, currMod: 0.978085
e_xx: 1.67314e+08, a2_x: 7.50771e+10, currMod: 0.978963
e_xx: 1.67384e+08, a2_x: 3.19947e+10, currMod: 0.979373
e_xx: 1.6738e+08, a2_x: 4.96397e+10, currMod: 0.97935
currMod: 0.979373, prevMod: 0.973035
Louvain time: 1.26465
numClusters: 26347, time: 0.007896
Next phase: 4
Memory used: 2949.12
End Structure 201838 26347 vs 430023
Build next level time: 0.141309
Iteration time: 1.41525
Memory used: 2949.12
e_xx: 1.67384e+08, a2_x: 3.05082e+10, currMod: 0.97936
e_xx: 1.6761e+08, a2_x: -9.28434e+09, currMod: 0.980682
e_xx: 1.67639e+08, a2_x: -3.20572e+10, currMod: 0.980857
e_xx: 1.6765e+08, a2_x: -8.28774e+09, currMod: 0.980918
e_xx: 1.67643e+08, a2_x: -3.85489e+09, currMod: 0.980875
currMod: 0.980918, prevMod: 0.979373
Louvain time: 0.504338
numClusters: 22231, time: 0.004925
Next phase: 5
Memory used: 2949.12
End Structure 97936 22231 vs 218103
Build next level time: 0.051168
Iteration time: 0.561673
Memory used: 2949.12
e_xx: 1.6765e+08, a2_x: -8.45431e+09, currMod: 0.980914
e_xx: 1.67654e+08, a2_x: -3.21554e+10, currMod: 0.980939
e_xx: 1.6766e+08, a2_x: -3.09638e+10, currMod: 0.980975
e_xx: 1.67663e+08, a2_x: -3.02209e+10, currMod: 0.980994
e_xx: 1.67668e+08, a2_x: -2.71967e+10, currMod: 0.98102
e_xx: 1.67666e+08, a2_x: -3.88315e+10, currMod: 0.981007
currMod: 0.98102, prevMod: 0.980918
Louvain time: 0.303948
numClusters: 21930, time: 0.004304
Next phase: 6
Memory used: 2949.12
End Structure 62311 21930 vs 146552
Build next level time: 0.035503
Iteration time: 0.344989
Memory used: 2949.12
e_xx: 1.67668e+08, a2_x: -2.80522e+10, currMod: 0.98102
e_xx: 1.67668e+08, a2_x: -3.15899e+10, currMod: 0.981021
currMod: 0.98102, prevMod: 0.98102
Louvain time: 0.072284
numClusters: 21930, time: 0.00425
Maximum degree for the graph: 430
Iteration: 0, conflicts: 0
Total number of colors used: 164
Total number of conflicts overall: 0
Number of rounds: 1
SUCCESS: No conflicts found
Number of reordered colors: 161
End position for large colors: 0, node count: 21539, largest: 21539
Node count cutoff: 4386
e_xx: 1.67669e+08, a2_x: -3.17405e+10, currMod: 0.981027
e_xx: 1.68665e+08, a2_x: -4.87436e+09, currMod: 0.986857
e_xx: 1.69602e+08, a2_x: -3.94199e+09, currMod: 0.992339
e_xx: 1.69795e+08, a2_x: -3.18348e+09, currMod: 0.993468
e_xx: 1.70081e+08, a2_x: -7.45152e+09, currMod: 0.995138
e_xx: 1.70549e+08, a2_x: -1.70295e+09, currMod: 0.997879
e_xx: 1.70525e+08, a2_x: 9.13215e+07, currMod: 0.997738
End Structure 426 21558 vs 22410
currMod: 0.997879, prevMod: 0.98102
numClusters: 21558
Total iteration time: 55.4715

Loop 0 <line-37> - Time 0.001316 Total energy consumed 0.061020 Ave. Power Level 46.350840
	-------- Loop 0 (sock 1 consumed 0.037785, avg temp 41.000000, final temp 41 ) ------
	-------- Loop 0 (sock 2 consumed 0.023235, avg temp 34.500000, final temp 34 ) ------
Loop 1 <line-54> - Time 0.000647 Total energy consumed 0.066510 Ave. Power Level 102.813895
	-------- Loop 1 (sock 1 consumed 0.018270, avg temp 41.000000, final temp 41 ) ------
	-------- Loop 1 (sock 2 consumed 0.048240, avg temp 34.000000, final temp 34 ) ------
Loop 2 <line-76> - Time 0.002273 Total energy consumed 0.069570 Ave. Power Level 30.605458
	-------- Loop 2 (sock 1 consumed 0.042975, avg temp 40.500000, final temp 41 ) ------
	-------- Loop 2 (sock 2 consumed 0.026595, avg temp 34.500000, final temp 34 ) ------
Loop 3 <line-170> - Time 1.557524 Total energy consumed 66.375795 Ave. Power Level 42.616229
	-------- Loop 3 (sock 1 consumed 30.181695, avg temp 40.333333, final temp 41 ) ------
	-------- Loop 3 (sock 2 consumed 36.194100, avg temp 34.666667, final temp 34 ) ------
Loop 4 <line-192> - Time 0.000413 Total energy consumed 0.000000 Ave. Power Level 0.000000
	-------- Loop 4 (sock 1 consumed 0.000000, avg temp 40.500000, final temp 41 ) ------
	-------- Loop 4 (sock 2 consumed 0.000000, avg temp 34.500000, final temp 34 ) ------
Loop 5 <line-222> - Time 0.580032 Total energy consumed 24.644325 Ave. Power Level 42.487903
	-------- Loop 5 (sock 1 consumed 12.942375, avg temp 41.000000, final temp 41 ) ------
	-------- Loop 5 (sock 2 consumed 11.701950, avg temp 33.500000, final temp 34 ) ------
Loop 6 <line-116> - Time 0.007203 Total energy consumed 0.316500 Ave. Power Level 43.939439
	-------- Loop 6 (sock 1 consumed 0.159855, avg temp 40.833333, final temp 41 ) ------
	-------- Loop 6 (sock 2 consumed 0.156645, avg temp 34.166667, final temp 34 ) ------
Loop 7 <line-334> - Time 1.190804 Total energy consumed 49.440660 Ave. Power Level 41.518722
	-------- Loop 7 (sock 1 consumed 22.500405, avg temp 41.000000, final temp 41 ) ------
	-------- Loop 7 (sock 2 consumed 26.940255, avg temp 34.000000, final temp 34 ) ------
Loop 8 <line-353> - Time 0.000663 Total energy consumed 0.021570 Ave. Power Level 32.526382
	-------- Loop 8 (sock 1 consumed 0.021570, avg temp 41.000000, final temp 41 ) ------
	-------- Loop 8 (sock 2 consumed 0.000000, avg temp 34.000000, final temp 34 ) ------
Loop 9 <line-375> - Time 0.001843 Total energy consumed 0.075825 Ave. Power Level 41.150198
	-------- Loop 9 (sock 1 consumed 0.021300, avg temp 41.000000, final temp 41 ) ------
	-------- Loop 9 (sock 2 consumed 0.054525, avg temp 33.857143, final temp 34 ) ------
Loop 10 <line-85> - Time 0.217261 Total energy consumed 9.914865 Ave. Power Level 45.635661
	-------- Loop 10 (sock 1 consumed 4.640940, avg temp 41.250000, final temp 42 ) ------
	-------- Loop 10 (sock 2 consumed 5.273925, avg temp 34.500000, final temp 34 ) ------
Loop 11 <line-131> - Time 0.016990 Total energy consumed 0.808650 Ave. Power Level 47.594829
	-------- Loop 11 (sock 1 consumed 0.366930, avg temp 41.500000, final temp 42 ) ------
	-------- Loop 11 (sock 2 consumed 0.441720, avg temp 34.500000, final temp 34 ) ------
Loop 12 <line-167> - Time 0.164635 Total energy consumed 7.484865 Ave. Power Level 45.463344
	-------- Loop 12 (sock 1 consumed 3.507525, avg temp 41.000000, final temp 42 ) ------
	-------- Loop 12 (sock 2 consumed 3.977340, avg temp 34.500000, final temp 35 ) ------
Loop 13 <line-213> - Time 27.963562 Total energy consumed 1264.159995 Ave. Power Level 45.207402
	-------- Loop 13 (sock 1 consumed 620.830935, avg temp 41.916667, final temp 42 ) ------
	-------- Loop 13 (sock 2 consumed 643.329060, avg temp 34.250000, final temp 33 ) ------
Loop 14 <line-99> - Time 9.777614 Total energy consumed 402.305430 Ave. Power Level 41.145562
	-------- Loop 14 (sock 1 consumed 193.849455, avg temp 41.166667, final temp 42 ) ------
	-------- Loop 14 (sock 2 consumed 208.455975, avg temp 34.000000, final temp 34 ) ------
Loop 15 <line-160> - Time 0.237718 Total energy consumed 10.009125 Ave. Power Level 42.105045
	-------- Loop 15 (sock 1 consumed 4.999965, avg temp 40.833333, final temp 42 ) ------
	-------- Loop 15 (sock 2 consumed 5.009160, avg temp 34.000000, final temp 34 ) ------
Loop 16 <line-269> - Time 7.113112 Total energy consumed 294.378225 Ave. Power Level 41.385294
	-------- Loop 16 (sock 1 consumed 148.904895, avg temp 41.222222, final temp 42 ) ------
	-------- Loop 16 (sock 2 consumed 145.473330, avg temp 34.037037, final temp 34 ) ------
Loop 17 <line-300> - Time 0.005503 Total energy consumed 0.266790 Ave. Power Level 48.482141
	-------- Loop 17 (sock 1 consumed 0.126675, avg temp 41.136364, final temp 41 ) ------
	-------- Loop 17 (sock 2 consumed 0.140115, avg temp 34.136364, final temp 35 ) ------
Loop 18 <line-148> - Time 0.001172 Total energy consumed 0.044640 Ave. Power Level 38.098587
	-------- Loop 18 (sock 1 consumed 0.019095, avg temp 41.000000, final temp 41 ) ------
	-------- Loop 18 (sock 2 consumed 0.025545, avg temp 34.000000, final temp 34 ) ------
Application(EnergyStat) - Time 72.674345 Total energy consumed 3114.579765 Ave. Power Level 42.856661 Final Temperature socket 1 : 42  socket 2 : 34 
	 ParallelApplication(EnergyStat) - Time 48.840285 Total energy consumed 2130.444360 Ave. Power Level 43.620637
Memory used: 1.32031
Loading 32-bit binary file: pnnl.bin, numvertices: 2361670, numEdges: 191402826
File read time: 2.38588
Before allocating graph
Allocated graph: 0xe6f570
Processing edges for vertex: 0, range(0, 166)
Processing edges for vertex: 100000, range(58444108, 58444133)
Processing edges for vertex: 200000, range(84376057, 84376362)
Processing edges for vertex: 300000, range(106069163, 106069503)
Processing edges for vertex: 400000, range(122097114, 122097513)
Processing edges for vertex: 500000, range(135096418, 135096483)
Processing edges for vertex: 600000, range(146097008, 146097061)
Processing edges for vertex: 700000, range(155415410, 155415531)
Processing edges for vertex: 800000, range(162595900, 162595989)
Processing edges for vertex: 900000, range(168508374, 168508464)
Processing edges for vertex: 1000000, range(173203321, 173203442)
Processing edges for vertex: 1100000, range(176935100, 176935110)
Processing edges for vertex: 1200000, range(179876260, 179876270)
Processing edges for vertex: 1300000, range(182240081, 182240092)
Processing edges for vertex: 1400000, range(184224513, 184224521)
Processing edges for vertex: 1500000, range(185795161, 185795170)
Processing edges for vertex: 1600000, range(187104124, 187104130)
Processing edges for vertex: 1700000, range(188148455, 188148461)
Processing edges for vertex: 1800000, range(188997836, 188997842)
Processing edges for vertex: 1900000, range(189691532, 189691535)
Processing edges for vertex: 2000000, range(190254658, 190254660)
Processing edges for vertex: 2100000, range(190705814, 190705822)
Processing edges for vertex: 2200000, range(191052755, 191052764)
Processing edges for vertex: 2300000, range(191302662, 191302663)
Graph populate time: 12.3557
Total I/O time: 14.7416

Regional(EnergyStat) - Time 14.746290 Total energy consumed 609.982125 Ave. Power Level 41.365124 
Running on: 3 threads
Loaded graph from file: pnnl.bin
Memory used: 2949.12
Maximum degree for the graph: 5520
Iteration: 0, conflicts: 1
Iteration: 1, conflicts: 0
Total number of colors used: 1182
Total number of conflicts overall: 0
Number of rounds: 2
SUCCESS: No conflicts found
Coloring time: 2.15998
Memory used: 2949.12
Number of reordered colors: 1011
End position for large colors: 0, node count: 551503, largest: 551503
Node count cutoff: 472334
e_xx: 1.29525e+08, a2_x: 5.74921e+11, currMod: 0.6767
e_xx: 1.68128e+08, a2_x: 5.75121e+11, currMod: 0.878382
e_xx: 1.73805e+08, a2_x: 5.15009e+11, currMod: 0.908043
e_xx: 1.76081e+08, a2_x: 5.56428e+11, currMod: 0.919935
e_xx: 1.77207e+08, a2_x: 5.70294e+11, currMod: 0.925817
currMod: 0.919935, prevMod: -1
Louvain time: 37.292
numClusters: 205256, time: 0.170481
Next phase: 2
Memory used: 2949.12
End Structure 1322251 205256 vs 2847857
Build next level time: 9.82769
Iteration time: 47.2971
Memory used: 2949.12
e_xx: 1.54329e+08, a2_x: 5.69529e+11, currMod: 0.915789
e_xx: 1.6171e+08, a2_x: 3.87894e+11, currMod: 0.959596
e_xx: 1.63181e+08, a2_x: 3.14959e+11, currMod: 0.968331
e_xx: 1.63528e+08, a2_x: 2.71141e+11, currMod: 0.970386
e_xx: 1.63549e+08, a2_x: 3.09519e+11, currMod: 0.970513
e_xx: 1.63686e+08, a2_x: 2.84647e+11, currMod: 0.971328
e_xx: 1.63749e+08, a2_x: 3.20121e+11, currMod: 0.971701
e_xx: 1.63842e+08, a2_x: 2.60729e+11, currMod: 0.972254
e_xx: 1.63837e+08, a2_x: 3.05481e+11, currMod: 0.972221
currMod: 0.972254, prevMod: 0.919935
Louvain time: 5.09341
numClusters: 55506, time: 0.02505
Next phase: 3
Memory used: 2949.12
End Structure 588771 55506 vs 1233036
Build next level time: 0.354599
Iteration time: 5.47464
Memory used: 2949.12
e_xx: 1.63842e+08, a2_x: 2.59211e+11, currMod: 0.972224
e_xx: 1.64814e+08, a2_x: 8.08863e+10, currMod: 0.977994
e_xx: 1.64891e+08, a2_x: 8.87329e+10, currMod: 0.978456
e_xx: 1.65009e+08, a2_x: 8.15415e+10, currMod: 0.979152
e_xx: 1.64949e+08, a2_x: 6.0001e+10, currMod: 0.978797
currMod: 0.979152, prevMod: 0.972254
Louvain time: 1.27246
numClusters: 26302, time: 0.008022
Next phase: 4
Memory used: 2949.12
End Structure 196338 26302 vs 418978
Build next level time: 0.133199
Iteration time: 1.41493
Memory used: 2949.12
e_xx: 1.65009e+08, a2_x: 8.10208e+10, currMod: 0.979137
e_xx: 1.65232e+08, a2_x: 2.24815e+10, currMod: 0.980465
e_xx: 1.65243e+08, a2_x: 1.66891e+10, currMod: 0.980531
e_xx: 1.65244e+08, a2_x: 2.73595e+10, currMod: 0.980534
e_xx: 1.65245e+08, a2_x: 1.43115e+10, currMod: 0.980543
e_xx: 1.65244e+08, a2_x: 7.55049e+09, currMod: 0.980535
currMod: 0.980543, prevMod: 0.979152
Louvain time: 0.576854
numClusters: 22192, time: 0.004896
Next phase: 5
Memory used: 2949.12
End Structure 92278 22192 vs 206748
Build next level time: 0.047886
Iteration time: 0.630833
Memory used: 2949.12
e_xx: 1.65245e+08, a2_x: 1.46327e+10, currMod: 0.98054
e_xx: 1.65248e+08, a2_x: 1.31875e+10, currMod: 0.980558
e_xx: 1.6525e+08, a2_x: 1.00918e+10, currMod: 0.980567
e_xx: 1.65251e+08, a2_x: 2.32177e+10, currMod: 0.980575
e_xx: 1.6525e+08, a2_x: 1.46247e+10, currMod: 0.980568
currMod: 0.980575, prevMod: 0.980543
Louvain time: 0.245455
numClusters: 21974, time: 0.004271
Next phase: 6
Memory used: 2949.12
End Structure 74323 21974 vs 170620
Build next level time: 0.037535
Iteration time: 0.288492
Memory used: 2949.12
e_xx: 1.65251e+08, a2_x: 2.33545e+10, currMod: 0.980575
e_xx: 1.65251e+08, a2_x: 1.37452e+10, currMod: 0.980576
e_xx: 1.65251e+08, a2_x: 1.40107e+10, currMod: 0.980576
currMod: 0.980576, prevMod: 0.980575
Louvain time: 0.122959
numClusters: 21963, time: 0.004263
Next phase: 7
Memory used: 2949.12
End Structure 73438 21963 vs 168839
Build next level time: 0.031334
Iteration time: 0.159785
Memory used: 2949.12
e_xx: 1.65251e+08, a2_x: 1.40187e+10, currMod: 0.980576
e_xx: 1.65251e+08, a2_x: 1.42842e+10, currMod: 0.980576
currMod: 0.980576, prevMod: 0.980576
Louvain time: 0.079307
numClusters: 21963, time: 0.004238
Maximum degree for the graph: 461
Iteration: 0, conflicts: 0
Total number of colors used: 188
Total number of conflicts overall: 0
Number of rounds: 1
SUCCESS: No conflicts found
Number of reordered colors: 184
End position for large colors: 0, node count: 21544, largest: 21544
Node count cutoff: 4393
e_xx: 1.65251e+08, a2_x: 1.42842e+10, currMod: 0.980576
End Structure 73389 21962 vs 168740
currMod: 0.980576, prevMod: 0.980576
numClusters: 21962
Total iteration time: 55.2658

Loop 0 <line-37> - Time 0.001323 Total energy consumed 0.041730 Ave. Power Level 31.538565
	-------- Loop 0 (sock 1 consumed 0.018915, avg temp 40.000000, final temp 40 ) ------
	-------- Loop 0 (sock 2 consumed 0.022815, avg temp 35.000000, final temp 35 ) ------
Loop 1 <line-54> - Time 0.000643 Total energy consumed 0.000000 Ave. Power Level 0.000000
	-------- Loop 1 (sock 1 consumed 0.000000, avg temp 40.000000, final temp 40 ) ------
	-------- Loop 1 (sock 2 consumed 0.000000, avg temp 33.500000, final temp 34 ) ------
Loop 2 <line-76> - Time 0.002257 Total energy consumed 0.117930 Ave. Power Level 52.255776
	-------- Loop 2 (sock 1 consumed 0.041415, avg temp 40.000000, final temp 40 ) ------
	-------- Loop 2 (sock 2 consumed 0.076515, avg temp 34.000000, final temp 34 ) ------
Loop 3 <line-170> - Time 1.478734 Total energy consumed 63.035055 Ave. Power Level 42.627731
	-------- Loop 3 (sock 1 consumed 28.271490, avg temp 40.666667, final temp 42 ) ------
	-------- Loop 3 (sock 2 consumed 34.763565, avg temp 34.333333, final temp 35 ) ------
Loop 4 <line-192> - Time 0.000396 Total energy consumed 0.064620 Ave. Power Level 163.216852
	-------- Loop 4 (sock 1 consumed 0.018435, avg temp 41.000000, final temp 42 ) ------
	-------- Loop 4 (sock 2 consumed 0.046185, avg temp 34.500000, final temp 35 ) ------
Loop 5 <line-222> - Time 0.543893 Total energy consumed 23.225505 Ave. Power Level 42.702321
	-------- Loop 5 (sock 1 consumed 10.393740, avg temp 41.000000, final temp 41 ) ------
	-------- Loop 5 (sock 2 consumed 12.831765, avg temp 34.500000, final temp 35 ) ------
Loop 6 <line-116> - Time 0.008133 Total energy consumed 0.356355 Ave. Power Level 43.816894
	-------- Loop 6 (sock 1 consumed 0.167910, avg temp 40.000000, final temp 41 ) ------
	-------- Loop 6 (sock 2 consumed 0.188445, avg temp 33.857143, final temp 34 ) ------
Loop 7 <line-334> - Time 1.180895 Total energy consumed 48.781710 Ave. Power Level 41.309116
	-------- Loop 7 (sock 1 consumed 23.521440, avg temp 40.750000, final temp 41 ) ------
	-------- Loop 7 (sock 2 consumed 25.260270, avg temp 34.500000, final temp 35 ) ------
Loop 8 <line-353> - Time 0.000668 Total energy consumed 0.041160 Ave. Power Level 61.626822
	-------- Loop 8 (sock 1 consumed 0.021765, avg temp 40.750000, final temp 41 ) ------
	-------- Loop 8 (sock 2 consumed 0.019395, avg temp 34.625000, final temp 35 ) ------
Loop 9 <line-375> - Time 0.001740 Total energy consumed 0.073095 Ave. Power Level 42.015213
	-------- Loop 9 (sock 1 consumed 0.049605, avg temp 40.750000, final temp 41 ) ------
	-------- Loop 9 (sock 2 consumed 0.023490, avg temp 34.625000, final temp 35 ) ------
Loop 10 <line-85> - Time 0.235172 Total energy consumed 10.457220 Ave. Power Level 44.466354
	-------- Loop 10 (sock 1 consumed 5.253990, avg temp 41.000000, final temp 41 ) ------
	-------- Loop 10 (sock 2 consumed 5.203230, avg temp 34.250000, final temp 35 ) ------
Loop 11 <line-131> - Time 0.017425 Total energy consumed 0.792600 Ave. Power Level 45.486984
	-------- Loop 11 (sock 1 consumed 0.411945, avg temp 41.500000, final temp 41 ) ------
	-------- Loop 11 (sock 2 consumed 0.380655, avg temp 34.000000, final temp 35 ) ------
Loop 12 <line-167> - Time 0.143094 Total energy consumed 6.486795 Ave. Power Level 45.332425
	-------- Loop 12 (sock 1 consumed 3.282990, avg temp 41.000000, final temp 41 ) ------
	-------- Loop 12 (sock 2 consumed 3.203805, avg temp 34.500000, final temp 35 ) ------
Loop 13 <line-213> - Time 27.463268 Total energy consumed 1246.357995 Ave. Power Level 45.382728
	-------- Loop 13 (sock 1 consumed 629.963370, avg temp 42.500000, final temp 41 ) ------
	-------- Loop 13 (sock 2 consumed 616.394625, avg temp 35.333333, final temp 35 ) ------
Loop 14 <line-99> - Time 9.875673 Total energy consumed 411.069930 Ave. Power Level 41.624500
	-------- Loop 14 (sock 1 consumed 212.732370, avg temp 40.285714, final temp 40 ) ------
	-------- Loop 14 (sock 2 consumed 198.337560, avg temp 34.428571, final temp 34 ) ------
Loop 15 <line-160> - Time 0.224048 Total energy consumed 9.555840 Ave. Power Level 42.650790
	-------- Loop 15 (sock 1 consumed 4.779900, avg temp 40.428571, final temp 40 ) ------
	-------- Loop 15 (sock 2 consumed 4.775940, avg temp 34.571429, final temp 35 ) ------
Loop 16 <line-269> - Time 7.347805 Total energy consumed 303.068655 Ave. Power Level 41.246149
	-------- Loop 16 (sock 1 consumed 143.195970, avg temp 40.700000, final temp 40 ) ------
	-------- Loop 16 (sock 2 consumed 159.872685, avg temp 34.333333, final temp 35 ) ------
Loop 17 <line-300> - Time 0.006266 Total energy consumed 0.164445 Ave. Power Level 26.242931
	-------- Loop 17 (sock 1 consumed 0.076305, avg temp 40.708333, final temp 40 ) ------
	-------- Loop 17 (sock 2 consumed 0.088140, avg temp 34.208333, final temp 34 ) ------
Loop 18 <line-148> - Time 0.001167 Total energy consumed 0.061695 Ave. Power Level 52.886309
	-------- Loop 18 (sock 1 consumed 0.038880, avg temp 40.000000, final temp 40 ) ------
	-------- Loop 18 (sock 2 consumed 0.022815, avg temp 35.000000, final temp 35 ) ------
Application(EnergyStat) - Time 72.330930 Total energy consumed 3106.820745 Ave. Power Level 42.952866 Final Temperature socket 1 : 41  socket 2 : 34 
	 ParallelApplication(EnergyStat) - Time 48.532597 Total energy consumed 2123.752335 Ave. Power Level 43.759297
Memory used: 1.32031
Loading 32-bit binary file: pnnl.bin, numvertices: 2361670, numEdges: 191402826
File read time: 2.40718
Before allocating graph
Allocated graph: 0xf40570
Processing edges for vertex: 0, range(0, 166)
Processing edges for vertex: 100000, range(58444108, 58444133)
Processing edges for vertex: 200000, range(84376057, 84376362)
Processing edges for vertex: 300000, range(106069163, 106069503)
Processing edges for vertex: 400000, range(122097114, 122097513)
Processing edges for vertex: 500000, range(135096418, 135096483)
Processing edges for vertex: 600000, range(146097008, 146097061)
Processing edges for vertex: 700000, range(155415410, 155415531)
Processing edges for vertex: 800000, range(162595900, 162595989)
Processing edges for vertex: 900000, range(168508374, 168508464)
Processing edges for vertex: 1000000, range(173203321, 173203442)
Processing edges for vertex: 1100000, range(176935100, 176935110)
Processing edges for vertex: 1200000, range(179876260, 179876270)
Processing edges for vertex: 1300000, range(182240081, 182240092)
Processing edges for vertex: 1400000, range(184224513, 184224521)
Processing edges for vertex: 1500000, range(185795161, 185795170)
Processing edges for vertex: 1600000, range(187104124, 187104130)
Processing edges for vertex: 1700000, range(188148455, 188148461)
Processing edges for vertex: 1800000, range(188997836, 188997842)
Processing edges for vertex: 1900000, range(189691532, 189691535)
Processing edges for vertex: 2000000, range(190254658, 190254660)
Processing edges for vertex: 2100000, range(190705814, 190705822)
Processing edges for vertex: 2200000, range(191052755, 191052764)
Processing edges for vertex: 2300000, range(191302662, 191302663)
Graph populate time: 12.2782
Total I/O time: 14.6854

Regional(EnergyStat) - Time 14.690726 Total energy consumed 607.976295 Ave. Power Level 41.385041 
Running on: 3 threads
Loaded graph from file: pnnl.bin
Memory used: 2949.12
Maximum degree for the graph: 5520
Iteration: 0, conflicts: 0
Total number of colors used: 1180
Total number of conflicts overall: 0
Number of rounds: 1
SUCCESS: No conflicts found
Coloring time: 2.25982
Memory used: 2949.12
Number of reordered colors: 1006
End position for large colors: 0, node count: 551547, largest: 551547
Node count cutoff: 472334
e_xx: 1.28848e+08, a2_x: 5.28459e+11, currMod: 0.673161
e_xx: 1.68125e+08, a2_x: 5.32032e+11, currMod: 0.878367
e_xx: 1.7386e+08, a2_x: 5.3968e+11, currMod: 0.908333
e_xx: 1.75995e+08, a2_x: 5.54148e+11, currMod: 0.919485
e_xx: 1.77016e+08, a2_x: 5.68716e+11, currMod: 0.924818
currMod: 0.919485, prevMod: -1
Louvain time: 36.5547
numClusters: 205298, time: 0.152425
Next phase: 2
Memory used: 2949.12
End Structure 1316984 205298 vs 2837440
Build next level time: 10.4877
Iteration time: 47.2008
Memory used: 2949.12
e_xx: 1.54166e+08, a2_x: 5.6766e+11, currMod: 0.914667
e_xx: 1.61737e+08, a2_x: 3.21995e+11, currMod: 0.959599
e_xx: 1.6332e+08, a2_x: 2.77469e+11, currMod: 0.968994
e_xx: 1.63648e+08, a2_x: 2.67779e+11, currMod: 0.970939
e_xx: 1.63797e+08, a2_x: 2.97039e+11, currMod: 0.971818
e_xx: 1.63931e+08, a2_x: 2.27961e+11, currMod: 0.972618
e_xx: 1.63936e+08, a2_x: 2.92867e+11, currMod: 0.972643
e_xx: 1.64e+08, a2_x: 2.38062e+11, currMod: 0.973028
e_xx: 1.63978e+08, a2_x: 2.79028e+11, currMod: 0.972897
currMod: 0.973028, prevMod: 0.919485
Louvain time: 4.94668
numClusters: 53456, time: 0.022199
Next phase: 3
Memory used: 2949.12
End Structure 547203 53456 vs 1147846
Build next level time: 0.361245
Iteration time: 5.33174
Memory used: 2949.12
e_xx: 1.64e+08, a2_x: 2.37887e+11, currMod: 0.972997
e_xx: 1.64874e+08, a2_x: 7.26899e+10, currMod: 0.978192
e_xx: 1.64963e+08, a2_x: 7.3632e+10, currMod: 0.978714
e_xx: 1.65062e+08, a2_x: 5.42551e+10, currMod: 0.979306
e_xx: 1.65e+08, a2_x: 6.41206e+10, currMod: 0.978938
currMod: 0.979306, prevMod: 0.973028
Louvain time: 1.18224
numClusters: 25954, time: 0.00769
Next phase: 4
Memory used: 2949.12
End Structure 188636 25954 vs 403226
Build next level time: 0.125345
Iteration time: 1.31653
Memory used: 2949.12
e_xx: 1.65062e+08, a2_x: 5.26051e+10, currMod: 0.979292
e_xx: 1.65259e+08, a2_x: 9.71425e+09, currMod: 0.98046
e_xx: 1.65278e+08, a2_x: -3.58322e+10, currMod: 0.980579
e_xx: 1.65278e+08, a2_x: -3.07397e+10, currMod: 0.980577
currMod: 0.980579, prevMod: 0.979306
Louvain time: 0.371008
numClusters: 22293, time: 0.004875
Next phase: 5
Memory used: 2949.12
End Structure 102252 22293 vs 226797
Build next level time: 0.055048
Iteration time: 0.432126
Memory used: 2949.12
e_xx: 1.65278e+08, a2_x: -3.43475e+10, currMod: 0.980577
e_xx: 1.65282e+08, a2_x: -2.09226e+10, currMod: 0.980595
e_xx: 1.65282e+08, a2_x: -3.08223e+09, currMod: 0.980597
e_xx: 1.65282e+08, a2_x: -1.39913e+10, currMod: 0.980599
e_xx: 1.65286e+08, a2_x: 1.04049e+10, currMod: 0.980618
e_xx: 1.65284e+08, a2_x: -3.4935e+09, currMod: 0.980608
currMod: 0.980618, prevMod: 0.980579
Louvain time: 0.319976
numClusters: 21976, time: 0.004295
Next phase: 6
Memory used: 2949.12
End Structure 71063 21976 vs 164102
Build next level time: 0.032857
Iteration time: 0.358316
Memory used: 2949.12
e_xx: 1.65286e+08, a2_x: 1.0955e+10, currMod: 0.980617
e_xx: 1.65286e+08, a2_x: 4.70142e+09, currMod: 0.980618
currMod: 0.980618, prevMod: 0.980618
Louvain time: 0.078351
numClusters: 21976, time: 0.004242
Maximum degree for the graph: 463
Iteration: 0, conflicts: 0
Total number of colors used: 170
Total number of conflicts overall: 0
Number of rounds: 1
SUCCESS: No conflicts found
Number of reordered colors: 168
End position for large colors: 0, node count: 21556, largest: 21556
Node count cutoff: 4396
e_xx: 1.65286e+08, a2_x: 4.70142e+09, currMod: 0.980618
End Structure 70907 21967 vs 163781
currMod: 0.980618, prevMod: 0.980618
numClusters: 21967
Total iteration time: 54.6396

Loop 0 <line-37> - Time 0.001317 Total energy consumed 0.087360 Ave. Power Level 66.325020
	-------- Loop 0 (sock 1 consumed 0.046455, avg temp 41.000000, final temp 41 ) ------
	-------- Loop 0 (sock 2 consumed 0.040905, avg temp 34.500000, final temp 35 ) ------
Loop 1 <line-54> - Time 0.000644 Total energy consumed 0.000000 Ave. Power Level 0.000000
	-------- Loop 1 (sock 1 consumed 0.000000, avg temp 40.000000, final temp 40 ) ------
	-------- Loop 1 (sock 2 consumed 0.000000, avg temp 34.500000, final temp 35 ) ------
Loop 2 <line-76> - Time 0.002284 Total energy consumed 0.116850 Ave. Power Level 51.150593
	-------- Loop 2 (sock 1 consumed 0.073590, avg temp 40.500000, final temp 40 ) ------
	-------- Loop 2 (sock 2 consumed 0.043260, avg temp 34.500000, final temp 35 ) ------
Loop 3 <line-170> - Time 1.545179 Total energy consumed 65.933115 Ave. Power Level 42.670217
	-------- Loop 3 (sock 1 consumed 34.658985, avg temp 40.500000, final temp 41 ) ------
	-------- Loop 3 (sock 2 consumed 31.274130, avg temp 34.500000, final temp 35 ) ------
Loop 4 <line-192> - Time 0.000417 Total energy consumed 0.000000 Ave. Power Level 0.000000
	-------- Loop 4 (sock 1 consumed 0.000000, avg temp 40.500000, final temp 41 ) ------
	-------- Loop 4 (sock 2 consumed 0.000000, avg temp 34.500000, final temp 35 ) ------
Loop 5 <line-222> - Time 0.577171 Total energy consumed 24.573660 Ave. Power Level 42.576039
	-------- Loop 5 (sock 1 consumed 12.926025, avg temp 41.000000, final temp 41 ) ------
	-------- Loop 5 (sock 2 consumed 11.647635, avg temp 34.500000, final temp 35 ) ------
Loop 6 <line-116> - Time 0.006814 Total energy consumed 0.282795 Ave. Power Level 41.502919
	-------- Loop 6 (sock 1 consumed 0.122415, avg temp 40.500000, final temp 42 ) ------
	-------- Loop 6 (sock 2 consumed 0.160380, avg temp 34.500000, final temp 35 ) ------
Loop 7 <line-334> - Time 1.189752 Total energy consumed 49.334385 Ave. Power Level 41.466096
	-------- Loop 7 (sock 1 consumed 25.876440, avg temp 40.714286, final temp 41 ) ------
	-------- Loop 7 (sock 2 consumed 23.457945, avg temp 34.714286, final temp 35 ) ------
Loop 8 <line-353> - Time 0.000655 Total energy consumed 0.063285 Ave. Power Level 96.666137
	-------- Loop 8 (sock 1 consumed 0.018915, avg temp 40.857143, final temp 41 ) ------
	-------- Loop 8 (sock 2 consumed 0.044370, avg temp 34.714286, final temp 35 ) ------
Loop 9 <line-375> - Time 0.001739 Total energy consumed 0.049245 Ave. Power Level 28.315638
	-------- Loop 9 (sock 1 consumed 0.026835, avg temp 40.857143, final temp 41 ) ------
	-------- Loop 9 (sock 2 consumed 0.022410, avg temp 34.857143, final temp 35 ) ------
Loop 10 <line-85> - Time 0.212337 Total energy consumed 9.717315 Ave. Power Level 45.763592
	-------- Loop 10 (sock 1 consumed 5.018895, avg temp 41.250000, final temp 41 ) ------
	-------- Loop 10 (sock 2 consumed 4.698420, avg temp 34.250000, final temp 35 ) ------
Loop 11 <line-131> - Time 0.016693 Total energy consumed 0.741240 Ave. Power Level 44.403188
	-------- Loop 11 (sock 1 consumed 0.383715, avg temp 41.000000, final temp 41 ) ------
	-------- Loop 11 (sock 2 consumed 0.357525, avg temp 34.000000, final temp 35 ) ------
Loop 12 <line-167> - Time 0.166980 Total energy consumed 7.683990 Ave. Power Level 46.017415
	-------- Loop 12 (sock 1 consumed 3.960810, avg temp 41.000000, final temp 41 ) ------
	-------- Loop 12 (sock 2 consumed 3.723180, avg temp 34.500000, final temp 35 ) ------
Loop 13 <line-213> - Time 26.799386 Total energy consumed 1236.778335 Ave. Power Level 46.149503
	-------- Loop 13 (sock 1 consumed 619.253805, avg temp 41.666667, final temp 42 ) ------
	-------- Loop 13 (sock 2 consumed 617.524530, avg temp 35.500000, final temp 35 ) ------
Loop 14 <line-99> - Time 10.481781 Total energy consumed 435.684000 Ave. Power Level 41.565839
	-------- Loop 14 (sock 1 consumed 201.784590, avg temp 40.666667, final temp 41 ) ------
	-------- Loop 14 (sock 2 consumed 233.899410, avg temp 34.666667, final temp 35 ) ------
Loop 15 <line-160> - Time 0.227512 Total energy consumed 9.658995 Ave. Power Level 42.454802
	-------- Loop 15 (sock 1 consumed 4.612995, avg temp 41.000000, final temp 41 ) ------
	-------- Loop 15 (sock 2 consumed 5.046000, avg temp 34.833333, final temp 35 ) ------
Loop 16 <line-269> - Time 6.858639 Total energy consumed 282.408705 Ave. Power Level 41.175620
	-------- Loop 16 (sock 1 consumed 142.332135, avg temp 40.961538, final temp 40 ) ------
	-------- Loop 16 (sock 2 consumed 140.076570, avg temp 34.923077, final temp 34 ) ------
Loop 17 <line-300> - Time 0.006230 Total energy consumed 0.331815 Ave. Power Level 53.262160
	-------- Loop 17 (sock 1 consumed 0.141165, avg temp 40.952381, final temp 42 ) ------
	-------- Loop 17 (sock 2 consumed 0.190650, avg temp 34.952381, final temp 34 ) ------
Loop 18 <line-148> - Time 0.001127 Total energy consumed 0.065055 Ave. Power Level 57.726454
	-------- Loop 18 (sock 1 consumed 0.019980, avg temp 41.000000, final temp 41 ) ------
	-------- Loop 18 (sock 2 consumed 0.045075, avg temp 35.000000, final temp 35 ) ------
Application(EnergyStat) - Time 71.739947 Total energy consumed 3103.011375 Ave. Power Level 43.253606 Final Temperature socket 1 : 41  socket 2 : 35 
	 ParallelApplication(EnergyStat) - Time 48.096658 Total energy consumed 2123.510145 Ave. Power Level 44.150888
Memory used: 1.32031
Loading 32-bit binary file: pnnl.bin, numvertices: 2361670, numEdges: 191402826
File read time: 2.40857
Before allocating graph
Allocated graph: 0x1e62570
Processing edges for vertex: 0, range(0, 166)
Processing edges for vertex: 100000, range(58444108, 58444133)
Processing edges for vertex: 200000, range(84376057, 84376362)
Processing edges for vertex: 300000, range(106069163, 106069503)
Processing edges for vertex: 400000, range(122097114, 122097513)
Processing edges for vertex: 500000, range(135096418, 135096483)
Processing edges for vertex: 600000, range(146097008, 146097061)
Processing edges for vertex: 700000, range(155415410, 155415531)
Processing edges for vertex: 800000, range(162595900, 162595989)
Processing edges for vertex: 900000, range(168508374, 168508464)
Processing edges for vertex: 1000000, range(173203321, 173203442)
Processing edges for vertex: 1100000, range(176935100, 176935110)
Processing edges for vertex: 1200000, range(179876260, 179876270)
Processing edges for vertex: 1300000, range(182240081, 182240092)
Processing edges for vertex: 1400000, range(184224513, 184224521)
Processing edges for vertex: 1500000, range(185795161, 185795170)
Processing edges for vertex: 1600000, range(187104124, 187104130)
Processing edges for vertex: 1700000, range(188148455, 188148461)
Processing edges for vertex: 1800000, range(188997836, 188997842)
Processing edges for vertex: 1900000, range(189691532, 189691535)
Processing edges for vertex: 2000000, range(190254658, 190254660)
Processing edges for vertex: 2100000, range(190705814, 190705822)
Processing edges for vertex: 2200000, range(191052755, 191052764)
Processing edges for vertex: 2300000, range(191302662, 191302663)
Graph populate time: 12.3917
Total I/O time: 14.8003

Regional(EnergyStat) - Time 14.805877 Total energy consumed 611.511315 Ave. Power Level 41.301930 
Running on: 3 threads
Loaded graph from file: pnnl.bin
Memory used: 2949.12
Maximum degree for the graph: 5520
Iteration: 0, conflicts: 1
Iteration: 1, conflicts: 0
Total number of colors used: 1179
Total number of conflicts overall: 0
Number of rounds: 2
SUCCESS: No conflicts found
Coloring time: 2.2721
Memory used: 2949.12
Number of reordered colors: 1006
End position for large colors: 0, node count: 551561, largest: 551561
Node count cutoff: 472334
e_xx: 1.28861e+08, a2_x: 6.10721e+11, currMod: 0.673226
e_xx: 1.68396e+08, a2_x: 5.44405e+11, currMod: 0.879784
e_xx: 1.74258e+08, a2_x: 5.53133e+11, currMod: 0.910411
e_xx: 1.76593e+08, a2_x: 5.6488e+11, currMod: 0.922612
e_xx: 1.77755e+08, a2_x: 6.00457e+11, currMod: 0.928681
currMod: 0.922612, prevMod: -1
Louvain time: 36.8708
numClusters: 205117, time: 0.172211
Next phase: 2
Memory used: 2949.12
End Structure 1318256 205117 vs 2839774
Build next level time: 10.1873
Iteration time: 47.2359
Memory used: 2949.12
e_xx: 1.54952e+08, a2_x: 6.00706e+11, currMod: 0.919076
e_xx: 1.61924e+08, a2_x: 3.08801e+11, currMod: 0.960444
e_xx: 1.63391e+08, a2_x: 2.71172e+11, currMod: 0.969145
e_xx: 1.63707e+08, a2_x: 2.72151e+11, currMod: 0.97102
e_xx: 1.63836e+08, a2_x: 2.76913e+11, currMod: 0.971782
e_xx: 1.63927e+08, a2_x: 2.41812e+11, currMod: 0.972326
e_xx: 1.63963e+08, a2_x: 2.67998e+11, currMod: 0.97254
e_xx: 1.64007e+08, a2_x: 2.48737e+11, currMod: 0.972801
e_xx: 1.64019e+08, a2_x: 2.66746e+11, currMod: 0.972871
e_xx: 1.64048e+08, a2_x: 2.56065e+11, currMod: 0.973045
e_xx: 1.64045e+08, a2_x: 2.58195e+11, currMod: 0.973027
currMod: 0.973045, prevMod: 0.922612
Louvain time: 5.97818
numClusters: 50932, time: 0.023932
Next phase: 3
Memory used: 2949.12
End Structure 501606 50932 vs 1054137
Build next level time: 0.342006
Iteration time: 6.34566
Memory used: 2949.12
e_xx: 1.64048e+08, a2_x: 2.58415e+11, currMod: 0.973013
e_xx: 1.64983e+08, a2_x: 7.71446e+10, currMod: 0.978567
e_xx: 1.65062e+08, a2_x: 2.22687e+10, currMod: 0.979036
e_xx: 1.65153e+08, a2_x: 3.92242e+10, currMod: 0.979577
e_xx: 1.65081e+08, a2_x: 2.74538e+10, currMod: 0.979148
currMod: 0.979577, prevMod: 0.973045
Louvain time: 1.11344
numClusters: 25532, time: 0.007484
Next phase: 4
Memory used: 2949.12
End Structure 176494 25532 vs 378520
Build next level time: 0.106532
Iteration time: 1.2287
Memory used: 2949.12
e_xx: 1.65153e+08, a2_x: 3.83787e+10, currMod: 0.979565
e_xx: 1.65329e+08, a2_x: -2.91657e+09, currMod: 0.980605
e_xx: 1.65335e+08, a2_x: 7.50771e+09, currMod: 0.980644
e_xx: 1.65335e+08, a2_x: 8.37574e+09, currMod: 0.980645
currMod: 0.980644, prevMod: 0.979577
Louvain time: 0.358636
numClusters: 22286, time: 0.004799
Next phase: 5
Memory used: 2949.12
End Structure 100681 22286 vs 223648
Build next level time: 0.048703
Iteration time: 0.413333
Memory used: 2949.12
e_xx: 1.65335e+08, a2_x: 1.05587e+10, currMod: 0.980642
e_xx: 1.65339e+08, a2_x: 1.0424e+10, currMod: 0.980663
e_xx: 1.65339e+08, a2_x: 2.33861e+10, currMod: 0.980667
e_xx: 1.6534e+08, a2_x: 1.14519e+10, currMod: 0.980668
currMod: 0.980667, prevMod: 0.980644
Louvain time: 0.217192
numClusters: 22024, time: 0.004292
Next phase: 6
Memory used: 2949.12
End Structure 84017 22024 vs 190058
Build next level time: 0.036666
Iteration time: 0.259328
Memory used: 2949.12
e_xx: 1.65339e+08, a2_x: 1.97759e+10, currMod: 0.980667
e_xx: 1.6534e+08, a2_x: 1.37513e+10, currMod: 0.980668
e_xx: 1.6534e+08, a2_x: 1.05901e+10, currMod: 0.980668
currMod: 0.980668, prevMod: 0.980667
Louvain time: 0.13929
numClusters: 22004, time: 0.004303
Next phase: 7
Memory used: 2949.12
End Structure 81832 22004 vs 185668
Build next level time: 0.034832
Iteration time: 0.179605
Memory used: 2949.12
e_xx: 1.6534e+08, a2_x: 1.77724e+10, currMod: 0.980668
e_xx: 1.6534e+08, a2_x: 1.77724e+10, currMod: 0.980668
currMod: 0.980668, prevMod: 0.980668
Louvain time: 0.089159
numClusters: 22004, time: 0.004262
Maximum degree for the graph: 497
Iteration: 0, conflicts: 0
Total number of colors used: 181
Total number of conflicts overall: 0
Number of rounds: 1
SUCCESS: No conflicts found
Number of reordered colors: 179
End position for large colors: 0, node count: 21550, largest: 21550
Node count cutoff: 4401
e_xx: 1.6534e+08, a2_x: 1.77724e+10, currMod: 0.980668
End Structure 81832 22004 vs 185668
currMod: 0.980668, prevMod: 0.980668
numClusters: 22004
Total iteration time: 55.6625

Loop 0 <line-37> - Time 0.001316 Total energy consumed 0.041670 Ave. Power Level 31.673905
	-------- Loop 0 (sock 1 consumed 0.022230, avg temp 41.500000, final temp 42 ) ------
	-------- Loop 0 (sock 2 consumed 0.019440, avg temp 35.000000, final temp 35 ) ------
Loop 1 <line-54> - Time 0.000636 Total energy consumed 0.044415 Ave. Power Level 69.873798
	-------- Loop 1 (sock 1 consumed 0.000000, avg temp 40.500000, final temp 41 ) ------
	-------- Loop 1 (sock 2 consumed 0.044415, avg temp 35.000000, final temp 35 ) ------
Loop 2 <line-76> - Time 0.002308 Total energy consumed 0.115575 Ave. Power Level 50.069467
	-------- Loop 2 (sock 1 consumed 0.050205, avg temp 41.000000, final temp 41 ) ------
	-------- Loop 2 (sock 2 consumed 0.065370, avg temp 35.000000, final temp 35 ) ------
Loop 3 <line-170> - Time 1.552241 Total energy consumed 66.209025 Ave. Power Level 42.653830
	-------- Loop 3 (sock 1 consumed 34.806780, avg temp 40.333333, final temp 41 ) ------
	-------- Loop 3 (sock 2 consumed 31.402245, avg temp 35.333333, final temp 36 ) ------
Loop 4 <line-192> - Time 0.000441 Total energy consumed 0.000000 Ave. Power Level 0.000000
	-------- Loop 4 (sock 1 consumed 0.000000, avg temp 40.500000, final temp 41 ) ------
	-------- Loop 4 (sock 2 consumed 0.000000, avg temp 35.500000, final temp 36 ) ------
Loop 5 <line-222> - Time 0.580539 Total energy consumed 24.661335 Ave. Power Level 42.480097
	-------- Loop 5 (sock 1 consumed 11.218935, avg temp 41.000000, final temp 42 ) ------
	-------- Loop 5 (sock 2 consumed 13.442400, avg temp 35.500000, final temp 36 ) ------
Loop 6 <line-116> - Time 0.008002 Total energy consumed 0.380115 Ave. Power Level 47.504809
	-------- Loop 6 (sock 1 consumed 0.175785, avg temp 40.142857, final temp 40 ) ------
	-------- Loop 6 (sock 2 consumed 0.204330, avg temp 34.714286, final temp 35 ) ------
Loop 7 <line-334> - Time 1.191026 Total energy consumed 49.238940 Ave. Power Level 41.341629
	-------- Loop 7 (sock 1 consumed 25.931700, avg temp 40.625000, final temp 41 ) ------
	-------- Loop 7 (sock 2 consumed 23.307240, avg temp 34.750000, final temp 36 ) ------
Loop 8 <line-353> - Time 0.000687 Total energy consumed 0.000000 Ave. Power Level 0.000000
	-------- Loop 8 (sock 1 consumed 0.000000, avg temp 40.625000, final temp 41 ) ------
	-------- Loop 8 (sock 2 consumed 0.000000, avg temp 34.750000, final temp 36 ) ------
Loop 9 <line-375> - Time 0.001792 Total energy consumed 0.075915 Ave. Power Level 42.367584
	-------- Loop 9 (sock 1 consumed 0.053610, avg temp 40.625000, final temp 41 ) ------
	-------- Loop 9 (sock 2 consumed 0.022305, avg temp 34.875000, final temp 36 ) ------
Loop 10 <line-85> - Time 0.226001 Total energy consumed 10.313325 Ave. Power Level 45.633997
	-------- Loop 10 (sock 1 consumed 5.299860, avg temp 40.750000, final temp 41 ) ------
	-------- Loop 10 (sock 2 consumed 5.013465, avg temp 35.250000, final temp 35 ) ------
Loop 11 <line-131> - Time 0.016724 Total energy consumed 0.741450 Ave. Power Level 44.334898
	-------- Loop 11 (sock 1 consumed 0.383205, avg temp 40.500000, final temp 41 ) ------
	-------- Loop 11 (sock 2 consumed 0.358245, avg temp 35.000000, final temp 35 ) ------
Loop 12 <line-167> - Time 0.167962 Total energy consumed 7.660995 Ave. Power Level 45.611541
	-------- Loop 12 (sock 1 consumed 3.958815, avg temp 40.500000, final temp 41 ) ------
	-------- Loop 12 (sock 2 consumed 3.702180, avg temp 36.000000, final temp 36 ) ------
Loop 13 <line-213> - Time 27.111641 Total energy consumed 1241.745255 Ave. Power Level 45.801183
	-------- Loop 13 (sock 1 consumed 613.393845, avg temp 41.166667, final temp 41 ) ------
	-------- Loop 13 (sock 2 consumed 628.351410, avg temp 35.333333, final temp 36 ) ------
Loop 14 <line-99> - Time 10.189007 Total energy consumed 427.372305 Ave. Power Level 41.944453
	-------- Loop 14 (sock 1 consumed 206.352675, avg temp 40.285714, final temp 41 ) ------
	-------- Loop 14 (sock 2 consumed 221.019630, avg temp 34.428571, final temp 35 ) ------
Loop 15 <line-160> - Time 0.225237 Total energy consumed 9.640755 Ave. Power Level 42.802645
	-------- Loop 15 (sock 1 consumed 4.580220, avg temp 40.571429, final temp 41 ) ------
	-------- Loop 15 (sock 2 consumed 5.060535, avg temp 34.714286, final temp 36 ) ------
Loop 16 <line-269> - Time 7.854263 Total energy consumed 324.045900 Ave. Power Level 41.257325
	-------- Loop 16 (sock 1 consumed 161.220360, avg temp 40.965517, final temp 42 ) ------
	-------- Loop 16 (sock 2 consumed 162.825540, avg temp 34.379310, final temp 35 ) ------
Loop 17 <line-300> - Time 0.007414 Total energy consumed 0.313545 Ave. Power Level 42.290041
	-------- Loop 17 (sock 1 consumed 0.161790, avg temp 40.826087, final temp 40 ) ------
	-------- Loop 17 (sock 2 consumed 0.151755, avg temp 34.565217, final temp 34 ) ------
Loop 18 <line-148> - Time 0.001127 Total energy consumed 0.064815 Ave. Power Level 57.535494
	-------- Loop 18 (sock 1 consumed 0.042000, avg temp 42.000000, final temp 42 ) ------
	-------- Loop 18 (sock 2 consumed 0.022815, avg temp 35.000000, final temp 35 ) ------
Application(EnergyStat) - Time 72.909810 Total energy consumed 3146.502570 Ave. Power Level 43.156093 Final Temperature socket 1 : 41  socket 2 : 35 
	 ParallelApplication(EnergyStat) - Time 49.138361 Total energy consumed 2162.665335 Ave. Power Level 44.011751
