Memory used: 1.32031
Loading 32-bit binary file: pnnl.bin, numvertices: 2361670, numEdges: 191402826
File read time: 1.60635
Before allocating graph
Allocated graph: 0x1b4a570
Processing edges for vertex: 0, range(0, 166)
Processing edges for vertex: 100000, range(58444108, 58444133)
Processing edges for vertex: 200000, range(84376057, 84376362)
Processing edges for vertex: 300000, range(106069163, 106069503)
Processing edges for vertex: 400000, range(122097114, 122097513)
Processing edges for vertex: 500000, range(135096418, 135096483)
Processing edges for vertex: 600000, range(146097008, 146097061)
Processing edges for vertex: 700000, range(155415410, 155415531)
Processing edges for vertex: 800000, range(162595900, 162595989)
Processing edges for vertex: 900000, range(168508374, 168508464)
Processing edges for vertex: 1000000, range(173203321, 173203442)
Processing edges for vertex: 1100000, range(176935100, 176935110)
Processing edges for vertex: 1200000, range(179876260, 179876270)
Processing edges for vertex: 1300000, range(182240081, 182240092)
Processing edges for vertex: 1400000, range(184224513, 184224521)
Processing edges for vertex: 1500000, range(185795161, 185795170)
Processing edges for vertex: 1600000, range(187104124, 187104130)
Processing edges for vertex: 1700000, range(188148455, 188148461)
Processing edges for vertex: 1800000, range(188997836, 188997842)
Processing edges for vertex: 1900000, range(189691532, 189691535)
Processing edges for vertex: 2000000, range(190254658, 190254660)
Processing edges for vertex: 2100000, range(190705814, 190705822)
Processing edges for vertex: 2200000, range(191052755, 191052764)
Processing edges for vertex: 2300000, range(191302662, 191302663)
Graph populate time: 7.66881
Total I/O time: 9.27519

Regional(EnergyStat) - Time 9.279337 Total energy consumed 516.054630 Ave. Power Level 55.613309 
Running on: 5 threads
Loaded graph from file: pnnl.bin
Memory used: 2949.12
Maximum degree for the graph: 5520
Iteration: 0, conflicts: 4
Iteration: 1, conflicts: 0
Total number of colors used: 1180
Total number of conflicts overall: 0
Number of rounds: 2
SUCCESS: No conflicts found
Coloring time: 1.18021
Memory used: 2949.12
Number of reordered colors: 1024
End position for large colors: 0, node count: 550961, largest: 550961
Node count cutoff: 472334
e_xx: 1.23095e+08, a2_x: 6.24365e+11, currMod: 0.643103
e_xx: 1.66931e+08, a2_x: 5.30483e+11, currMod: 0.872131
e_xx: 1.73424e+08, a2_x: 5.23138e+11, currMod: 0.906056
e_xx: 1.75896e+08, a2_x: 5.18425e+11, currMod: 0.918969
e_xx: 1.76845e+08, a2_x: 5.34945e+11, currMod: 0.923926
currMod: 0.918969, prevMod: -1
Louvain time: 15.3523
numClusters: 202201, time: 0.107167
Next phase: 2
Memory used: 2949.12
End Structure 1309695 202201 vs 2819825
Build next level time: 4.98109
Iteration time: 20.4445
Memory used: 2949.12
e_xx: 1.57389e+08, a2_x: 5.33084e+11, currMod: 0.915356
e_xx: 1.65422e+08, a2_x: 3.07058e+11, currMod: 0.962085
e_xx: 1.66848e+08, a2_x: 2.71429e+11, currMod: 0.970382
e_xx: 1.67192e+08, a2_x: 2.427e+11, currMod: 0.972385
e_xx: 1.67206e+08, a2_x: 2.78317e+11, currMod: 0.972462
e_xx: 1.6733e+08, a2_x: 2.64936e+11, currMod: 0.973183
e_xx: 1.67285e+08, a2_x: 2.92593e+11, currMod: 0.972922
currMod: 0.973183, prevMod: 0.918969
Louvain time: 2.02977
numClusters: 53434, time: 0.015562
Next phase: 3
Memory used: 2949.12
End Structure 540550 53434 vs 1134523
Build next level time: 0.218107
Iteration time: 2.26432
Memory used: 2949.12
e_xx: 1.6733e+08, a2_x: 2.62381e+11, currMod: 0.973156
e_xx: 1.68257e+08, a2_x: 9.87236e+10, currMod: 0.978554
e_xx: 1.6842e+08, a2_x: 6.96823e+10, currMod: 0.979504
e_xx: 1.68464e+08, a2_x: 4.93349e+10, currMod: 0.97976
e_xx: 1.68478e+08, a2_x: 7.58247e+10, currMod: 0.979842
e_xx: 1.68483e+08, a2_x: 6.20494e+10, currMod: 0.979871
e_xx: 1.68485e+08, a2_x: 7.50984e+10, currMod: 0.979883
e_xx: 1.68488e+08, a2_x: 6.01703e+10, currMod: 0.979899
e_xx: 1.68487e+08, a2_x: 7.74937e+10, currMod: 0.979894
currMod: 0.979899, prevMod: 0.973183
Louvain time: 1.08801
numClusters: 24880, time: 0.004626
Next phase: 4
Memory used: 2949.12
End Structure 172189 24880 vs 369258
Build next level time: 0.065697
Iteration time: 1.15897
Memory used: 2949.12
e_xx: 1.68488e+08, a2_x: 5.85626e+10, currMod: 0.979885
e_xx: 1.6868e+08, a2_x: 4.73241e+09, currMod: 0.981005
e_xx: 1.68688e+08, a2_x: -1.06282e+10, currMod: 0.98105
e_xx: 1.68692e+08, a2_x: -1.18487e+10, currMod: 0.981074
e_xx: 1.68692e+08, a2_x: -8.07966e+09, currMod: 0.981077
e_xx: 1.68693e+08, a2_x: -2.99667e+10, currMod: 0.98108
e_xx: 1.68719e+08, a2_x: 3.03464e+09, currMod: 0.981232
e_xx: 1.68694e+08, a2_x: -1.87766e+10, currMod: 0.981085
currMod: 0.981232, prevMod: 0.979899
Louvain time: 0.393335
numClusters: 22129, time: 0.002943
Next phase: 5
Memory used: 2949.12
End Structure 81871 22129 vs 185871
Build next level time: 0.030811
Iteration time: 0.427693
Memory used: 2949.12
e_xx: 1.68719e+08, a2_x: 2.99835e+09, currMod: 0.98123
e_xx: 1.6872e+08, a2_x: 6.75296e+09, currMod: 0.981238
e_xx: 1.68723e+08, a2_x: 6.81511e+09, currMod: 0.98125
e_xx: 1.68722e+08, a2_x: 1.03668e+09, currMod: 0.981248
currMod: 0.98125, prevMod: 0.981232
Louvain time: 0.103499
numClusters: 21982, time: 0.002658
Next phase: 6
Memory used: 2949.12
End Structure 70677 21982 vs 163336
Build next level time: 0.019327
Iteration time: 0.126084
Memory used: 2949.12
e_xx: 1.68723e+08, a2_x: 6.32408e+09, currMod: 0.981251
e_xx: 1.68723e+08, a2_x: 5.97248e+09, currMod: 0.981251
currMod: 0.981251, prevMod: 0.98125
Louvain time: 0.045404
numClusters: 21982, time: 0.002632
Maximum degree for the graph: 469
Iteration: 0, conflicts: 0
Total number of colors used: 169
Total number of conflicts overall: 0
Number of rounds: 1
SUCCESS: No conflicts found
Number of reordered colors: 166
End position for large colors: 0, node count: 21560, largest: 21560
Node count cutoff: 4397
e_xx: 1.68794e+08, a2_x: -1.07989e+10, currMod: 0.981665
e_xx: 1.68799e+08, a2_x: -6.36909e+09, currMod: 0.981693
e_xx: 1.68798e+08, a2_x: -6.89488e+09, currMod: 0.981689
End Structure 32055 21824 vs 85934
currMod: 0.981693, prevMod: 0.98125
numClusters: 21824
Total iteration time: 24.4216

Loop 0 <line-37> - Time 0.000706 Total energy consumed 0.000000 Ave. Power Level 0.000000
	-------- Loop 0 (sock 1 consumed 0.000000, avg temp 47.500000, final temp 48 ) ------
	-------- Loop 0 (sock 2 consumed 0.000000, avg temp 40.000000, final temp 40 ) ------
Loop 1 <line-54> - Time 0.000416 Total energy consumed 0.000000 Ave. Power Level 0.000000
	-------- Loop 1 (sock 1 consumed 0.000000, avg temp 47.000000, final temp 47 ) ------
	-------- Loop 1 (sock 2 consumed 0.000000, avg temp 40.000000, final temp 40 ) ------
Loop 2 <line-76> - Time 0.000856 Total energy consumed 0.055065 Ave. Power Level 64.344658
	-------- Loop 2 (sock 1 consumed 0.032160, avg temp 47.000000, final temp 47 ) ------
	-------- Loop 2 (sock 2 consumed 0.022905, avg temp 40.000000, final temp 40 ) ------
Loop 3 <line-170> - Time 0.795345 Total energy consumed 48.337125 Ave. Power Level 60.775016
	-------- Loop 3 (sock 1 consumed 27.280005, avg temp 47.666667, final temp 47 ) ------
	-------- Loop 3 (sock 2 consumed 21.057120, avg temp 40.000000, final temp 40 ) ------
Loop 4 <line-192> - Time 0.000182 Total energy consumed 0.000000 Ave. Power Level 0.000000
	-------- Loop 4 (sock 1 consumed 0.000000, avg temp 47.500000, final temp 47 ) ------
	-------- Loop 4 (sock 2 consumed 0.000000, avg temp 40.000000, final temp 40 ) ------
Loop 5 <line-222> - Time 0.298143 Total energy consumed 17.808450 Ave. Power Level 59.731246
	-------- Loop 5 (sock 1 consumed 7.135410, avg temp 47.000000, final temp 47 ) ------
	-------- Loop 5 (sock 2 consumed 10.673040, avg temp 40.500000, final temp 40 ) ------
Loop 6 <line-116> - Time 0.003390 Total energy consumed 0.117075 Ave. Power Level 34.531874
	-------- Loop 6 (sock 1 consumed 0.046275, avg temp 47.000000, final temp 47 ) ------
	-------- Loop 6 (sock 2 consumed 0.070800, avg temp 40.000000, final temp 40 ) ------
Loop 7 <line-334> - Time 0.611213 Total energy consumed 34.412610 Ave. Power Level 56.302131
	-------- Loop 7 (sock 1 consumed 19.645620, avg temp 47.285714, final temp 47 ) ------
	-------- Loop 7 (sock 2 consumed 14.766990, avg temp 40.285714, final temp 41 ) ------
Loop 8 <line-353> - Time 0.000503 Total energy consumed 0.053640 Ave. Power Level 106.587183
	-------- Loop 8 (sock 1 consumed 0.030375, avg temp 47.285714, final temp 47 ) ------
	-------- Loop 8 (sock 2 consumed 0.023265, avg temp 40.285714, final temp 41 ) ------
Loop 9 <line-375> - Time 0.000784 Total energy consumed 0.037110 Ave. Power Level 47.349705
	-------- Loop 9 (sock 1 consumed 0.037110, avg temp 47.142857, final temp 47 ) ------
	-------- Loop 9 (sock 2 consumed 0.000000, avg temp 40.285714, final temp 41 ) ------
Loop 10 <line-85> - Time 0.115502 Total energy consumed 8.661765 Ave. Power Level 74.992619
	-------- Loop 10 (sock 1 consumed 4.558605, avg temp 47.500000, final temp 47 ) ------
	-------- Loop 10 (sock 2 consumed 4.103160, avg temp 40.250000, final temp 40 ) ------
Loop 11 <line-131> - Time 0.006337 Total energy consumed 0.523335 Ave. Power Level 82.582818
	-------- Loop 11 (sock 1 consumed 0.284415, avg temp 47.500000, final temp 47 ) ------
	-------- Loop 11 (sock 2 consumed 0.238920, avg temp 40.500000, final temp 41 ) ------
Loop 12 <line-167> - Time 0.148130 Total energy consumed 11.190510 Ave. Power Level 75.545312
	-------- Loop 12 (sock 1 consumed 5.881215, avg temp 47.500000, final temp 47 ) ------
	-------- Loop 12 (sock 2 consumed 5.309295, avg temp 40.000000, final temp 40 ) ------
Loop 13 <line-213> - Time 10.306259 Total energy consumed 802.374930 Ave. Power Level 77.853172
	-------- Loop 13 (sock 1 consumed 410.723430, avg temp 49.250000, final temp 48 ) ------
	-------- Loop 13 (sock 2 consumed 391.651500, avg temp 41.625000, final temp 40 ) ------
Loop 14 <line-99> - Time 4.960093 Total energy consumed 280.736715 Ave. Power Level 56.599087
	-------- Loop 14 (sock 1 consumed 155.631795, avg temp 47.500000, final temp 47 ) ------
	-------- Loop 14 (sock 2 consumed 125.104920, avg temp 40.166667, final temp 41 ) ------
Loop 15 <line-160> - Time 0.126892 Total energy consumed 8.051865 Ave. Power Level 63.454410
	-------- Loop 15 (sock 1 consumed 3.417900, avg temp 47.333333, final temp 47 ) ------
	-------- Loop 15 (sock 2 consumed 4.633965, avg temp 40.000000, final temp 40 ) ------
Loop 16 <line-269> - Time 3.638270 Total energy consumed 208.697235 Ave. Power Level 57.361666
	-------- Loop 16 (sock 1 consumed 107.579235, avg temp 47.200000, final temp 47 ) ------
	-------- Loop 16 (sock 2 consumed 101.118000, avg temp 40.066667, final temp 40 ) ------
Loop 17 <line-300> - Time 0.002713 Total energy consumed 0.053805 Ave. Power Level 19.832662
	-------- Loop 17 (sock 1 consumed 0.031125, avg temp 47.160000, final temp 47 ) ------
	-------- Loop 17 (sock 2 consumed 0.022680, avg temp 40.080000, final temp 40 ) ------
Loop 18 <line-148> - Time 0.000556 Total energy consumed 0.000000 Ave. Power Level 0.000000
	-------- Loop 18 (sock 1 consumed 0.000000, avg temp 48.000000, final temp 48 ) ------
	-------- Loop 18 (sock 2 consumed 0.000000, avg temp 40.000000, final temp 40 ) ------
Application(EnergyStat) - Time 34.973212 Total energy consumed 2202.919935 Ave. Power Level 62.988779 Final Temperature socket 1 : 47  socket 2 : 40 
	 ParallelApplication(EnergyStat) - Time 21.016290 Total energy consumed 1421.111235 Ave. Power Level 67.619509
Memory used: 1.32031
Loading 32-bit binary file: pnnl.bin, numvertices: 2361670, numEdges: 191402826
File read time: 1.65135
Before allocating graph
Allocated graph: 0xabd570
Processing edges for vertex: 0, range(0, 166)
Processing edges for vertex: 100000, range(58444108, 58444133)
Processing edges for vertex: 200000, range(84376057, 84376362)
Processing edges for vertex: 300000, range(106069163, 106069503)
Processing edges for vertex: 400000, range(122097114, 122097513)
Processing edges for vertex: 500000, range(135096418, 135096483)
Processing edges for vertex: 600000, range(146097008, 146097061)
Processing edges for vertex: 700000, range(155415410, 155415531)
Processing edges for vertex: 800000, range(162595900, 162595989)
Processing edges for vertex: 900000, range(168508374, 168508464)
Processing edges for vertex: 1000000, range(173203321, 173203442)
Processing edges for vertex: 1100000, range(176935100, 176935110)
Processing edges for vertex: 1200000, range(179876260, 179876270)
Processing edges for vertex: 1300000, range(182240081, 182240092)
Processing edges for vertex: 1400000, range(184224513, 184224521)
Processing edges for vertex: 1500000, range(185795161, 185795170)
Processing edges for vertex: 1600000, range(187104124, 187104130)
Processing edges for vertex: 1700000, range(188148455, 188148461)
Processing edges for vertex: 1800000, range(188997836, 188997842)
Processing edges for vertex: 1900000, range(189691532, 189691535)
Processing edges for vertex: 2000000, range(190254658, 190254660)
Processing edges for vertex: 2100000, range(190705814, 190705822)
Processing edges for vertex: 2200000, range(191052755, 191052764)
Processing edges for vertex: 2300000, range(191302662, 191302663)
Graph populate time: 7.9179
Total I/O time: 9.56928

Regional(EnergyStat) - Time 9.572479 Total energy consumed 522.970395 Ave. Power Level 54.632705 
Running on: 5 threads
Loaded graph from file: pnnl.bin
Memory used: 2949.12
Maximum degree for the graph: 5520
Iteration: 0, conflicts: 6
Iteration: 1, conflicts: 0
Total number of colors used: 1182
Total number of conflicts overall: 0
Number of rounds: 2
SUCCESS: No conflicts found
Coloring time: 1.1429
Memory used: 2949.12
Number of reordered colors: 1009
End position for large colors: 0, node count: 550888, largest: 550888
Node count cutoff: 472334
e_xx: 1.23069e+08, a2_x: 6.49216e+11, currMod: 0.642964
e_xx: 1.63769e+08, a2_x: 5.51864e+11, currMod: 0.855612
e_xx: 1.69787e+08, a2_x: 4.60846e+11, currMod: 0.887053
e_xx: 1.72161e+08, a2_x: 4.59375e+11, currMod: 0.899457
e_xx: 1.73294e+08, a2_x: 4.69023e+11, currMod: 0.905378
currMod: 0.899457, prevMod: -1
Louvain time: 15.321
numClusters: 202035, time: 0.104834
Next phase: 2
Memory used: 2949.12
End Structure 1320870 202035 vs 2842059
Build next level time: 4.81172
Iteration time: 20.2416
Memory used: 2949.12
e_xx: 1.68757e+08, a2_x: 4.6862e+11, currMod: 0.903108
e_xx: 1.79086e+08, a2_x: 3.08587e+11, currMod: 0.958392
e_xx: 1.80665e+08, a2_x: 2.96583e+11, currMod: 0.966842
e_xx: 1.81972e+08, a2_x: 3.19777e+11, currMod: 0.973832
e_xx: 1.82061e+08, a2_x: 3.02868e+11, currMod: 0.974313
e_xx: 1.82192e+08, a2_x: 3.24633e+11, currMod: 0.975009
e_xx: 1.82133e+08, a2_x: 3.00219e+11, currMod: 0.974695
currMod: 0.975009, prevMod: 0.899457
Louvain time: 2.08543
numClusters: 55966, time: 0.015495
Next phase: 3
Memory used: 2949.12
End Structure 608914 55966 vs 1273785
Build next level time: 0.215177
Iteration time: 2.31697
Memory used: 2949.12
e_xx: 1.82191e+08, a2_x: 3.25906e+11, currMod: 0.975007
e_xx: 1.83159e+08, a2_x: 1.21537e+11, currMod: 0.980192
e_xx: 1.83347e+08, a2_x: 1.06163e+11, currMod: 0.9812
e_xx: 1.834e+08, a2_x: 6.67475e+10, currMod: 0.981485
e_xx: 1.83414e+08, a2_x: 8.89776e+10, currMod: 0.98156
e_xx: 1.8342e+08, a2_x: 5.65977e+10, currMod: 0.981594
e_xx: 1.83418e+08, a2_x: 7.35909e+10, currMod: 0.981581
currMod: 0.981594, prevMod: 0.975009
Louvain time: 0.950327
numClusters: 25189, time: 0.004645
Next phase: 4
Memory used: 2949.12
End Structure 176662 25189 vs 378513
Build next level time: 0.069503
Iteration time: 1.0251
Memory used: 2949.12
e_xx: 1.8342e+08, a2_x: 5.79443e+10, currMod: 0.98157
e_xx: 1.83626e+08, a2_x: -1.7738e+09, currMod: 0.982674
e_xx: 1.83645e+08, a2_x: 6.84008e+09, currMod: 0.982776
e_xx: 1.83644e+08, a2_x: 6.1432e+09, currMod: 0.98277
currMod: 0.982776, prevMod: 0.981594
Louvain time: 0.206187
numClusters: 22263, time: 0.002949
Next phase: 5
Memory used: 2949.12
End Structure 92669 22263 vs 207601
Build next level time: 0.027879
Iteration time: 0.237611
Memory used: 2949.12
e_xx: 1.83645e+08, a2_x: 7.18108e+09, currMod: 0.982773
e_xx: 1.8365e+08, a2_x: 1.49979e+10, currMod: 0.982797
e_xx: 1.8365e+08, a2_x: 2.43957e+10, currMod: 0.982799
e_xx: 1.83652e+08, a2_x: 8.77284e+09, currMod: 0.982809
e_xx: 1.83652e+08, a2_x: 2.0725e+10, currMod: 0.982807
currMod: 0.982809, prevMod: 0.982776
Louvain time: 0.142182
numClusters: 21958, time: 0.002651
Next phase: 6
Memory used: 2949.12
End Structure 66915 21958 vs 155788
Build next level time: 0.019326
Iteration time: 0.164757
Memory used: 2949.12
e_xx: 1.83652e+08, a2_x: 6.13118e+09, currMod: 0.982809
e_xx: 1.83653e+08, a2_x: 7.44724e+09, currMod: 0.982813
e_xx: 1.83653e+08, a2_x: -9.94344e+08, currMod: 0.982814
currMod: 0.982813, prevMod: 0.982809
Louvain time: 0.063517
numClusters: 21941, time: 0.002622
Next phase: 7
Memory used: 2949.12
End Structure 65429 21941 vs 152799
Build next level time: 0.017479
Iteration time: 0.084214
Memory used: 2949.12
e_xx: 1.83653e+08, a2_x: 7.7305e+09, currMod: 0.982813
e_xx: 1.83653e+08, a2_x: 8.19958e+09, currMod: 0.982813
currMod: 0.982813, prevMod: 0.982813
Louvain time: 0.041527
numClusters: 21941, time: 0.002628
Maximum degree for the graph: 442
Iteration: 0, conflicts: 0
Total number of colors used: 176
Total number of conflicts overall: 0
Number of rounds: 1
SUCCESS: No conflicts found
Number of reordered colors: 176
End position for large colors: 0, node count: 21547, largest: 21547
Node count cutoff: 4389
e_xx: 1.83653e+08, a2_x: 8.19958e+09, currMod: 0.982813
End Structure 65354 21939 vs 152647
currMod: 0.982813, prevMod: 0.982813
numClusters: 21939
Total iteration time: 24.0702

Loop 0 <line-37> - Time 0.000678 Total energy consumed 0.055200 Ave. Power Level 81.391560
	-------- Loop 0 (sock 1 consumed 0.021435, avg temp 46.000000, final temp 46 ) ------
	-------- Loop 0 (sock 2 consumed 0.033765, avg temp 40.000000, final temp 40 ) ------
Loop 1 <line-54> - Time 0.000416 Total energy consumed 0.055500 Ave. Power Level 133.483091
	-------- Loop 1 (sock 1 consumed 0.021615, avg temp 46.500000, final temp 46 ) ------
	-------- Loop 1 (sock 2 consumed 0.033885, avg temp 40.000000, final temp 40 ) ------
Loop 2 <line-76> - Time 0.000854 Total energy consumed 0.000000 Ave. Power Level 0.000000
	-------- Loop 2 (sock 1 consumed 0.000000, avg temp 46.500000, final temp 46 ) ------
	-------- Loop 2 (sock 2 consumed 0.000000, avg temp 40.000000, final temp 40 ) ------
Loop 3 <line-170> - Time 0.745317 Total energy consumed 45.326040 Ave. Power Level 60.814431
	-------- Loop 3 (sock 1 consumed 18.077325, avg temp 46.000000, final temp 46 ) ------
	-------- Loop 3 (sock 2 consumed 27.248715, avg temp 40.000000, final temp 40 ) ------
Loop 4 <line-192> - Time 0.000180 Total energy consumed 0.054885 Ave. Power Level 305.551535
	-------- Loop 4 (sock 1 consumed 0.021300, avg temp 45.500000, final temp 46 ) ------
	-------- Loop 4 (sock 2 consumed 0.033585, avg temp 40.000000, final temp 40 ) ------
Loop 5 <line-222> - Time 0.310189 Total energy consumed 20.366835 Ave. Power Level 65.659454
	-------- Loop 5 (sock 1 consumed 10.095135, avg temp 47.500000, final temp 47 ) ------
	-------- Loop 5 (sock 2 consumed 10.271700, avg temp 40.000000, final temp 40 ) ------
Loop 6 <line-116> - Time 0.003968 Total energy consumed 0.367095 Ave. Power Level 92.512112
	-------- Loop 6 (sock 1 consumed 0.128340, avg temp 46.285714, final temp 46 ) ------
	-------- Loop 6 (sock 2 consumed 0.238755, avg temp 40.000000, final temp 40 ) ------
Loop 7 <line-334> - Time 0.596538 Total energy consumed 33.654885 Ave. Power Level 56.416974
	-------- Loop 7 (sock 1 consumed 13.288410, avg temp 46.375000, final temp 47 ) ------
	-------- Loop 7 (sock 2 consumed 20.366475, avg temp 40.000000, final temp 40 ) ------
Loop 8 <line-353> - Time 0.000471 Total energy consumed 0.047490 Ave. Power Level 100.927024
	-------- Loop 8 (sock 1 consumed 0.047490, avg temp 46.375000, final temp 47 ) ------
	-------- Loop 8 (sock 2 consumed 0.000000, avg temp 40.000000, final temp 40 ) ------
Loop 9 <line-375> - Time 0.000816 Total energy consumed 0.000000 Ave. Power Level 0.000000
	-------- Loop 9 (sock 1 consumed 0.000000, avg temp 46.375000, final temp 47 ) ------
	-------- Loop 9 (sock 2 consumed 0.000000, avg temp 40.000000, final temp 40 ) ------
Loop 10 <line-85> - Time 0.119486 Total energy consumed 8.973885 Ave. Power Level 75.103988
	-------- Loop 10 (sock 1 consumed 4.047285, avg temp 46.500000, final temp 46 ) ------
	-------- Loop 10 (sock 2 consumed 4.926600, avg temp 40.000000, final temp 40 ) ------
Loop 11 <line-131> - Time 0.006285 Total energy consumed 0.545760 Ave. Power Level 86.829893
	-------- Loop 11 (sock 1 consumed 0.249075, avg temp 46.500000, final temp 46 ) ------
	-------- Loop 11 (sock 2 consumed 0.296685, avg temp 40.000000, final temp 40 ) ------
Loop 12 <line-167> - Time 0.142309 Total energy consumed 10.755675 Ave. Power Level 75.579629
	-------- Loop 12 (sock 1 consumed 4.904910, avg temp 46.000000, final temp 46 ) ------
	-------- Loop 12 (sock 2 consumed 5.850765, avg temp 40.000000, final temp 40 ) ------
Loop 13 <line-213> - Time 10.340627 Total energy consumed 809.048760 Ave. Power Level 78.239813
	-------- Loop 13 (sock 1 consumed 369.734295, avg temp 48.166667, final temp 46 ) ------
	-------- Loop 13 (sock 2 consumed 439.314465, avg temp 40.666667, final temp 40 ) ------
Loop 14 <line-99> - Time 4.787957 Total energy consumed 280.846905 Ave. Power Level 58.656945
	-------- Loop 14 (sock 1 consumed 109.465185, avg temp 46.428571, final temp 47 ) ------
	-------- Loop 14 (sock 2 consumed 171.381720, avg temp 39.857143, final temp 39 ) ------
Loop 15 <line-160> - Time 0.130709 Total energy consumed 8.341740 Ave. Power Level 63.819323
	-------- Loop 15 (sock 1 consumed 3.608310, avg temp 46.142857, final temp 46 ) ------
	-------- Loop 15 (sock 2 consumed 4.733430, avg temp 40.285714, final temp 40 ) ------
Loop 16 <line-269> - Time 3.466340 Total energy consumed 198.723435 Ave. Power Level 57.329474
	-------- Loop 16 (sock 1 consumed 98.529315, avg temp 46.607143, final temp 46 ) ------
	-------- Loop 16 (sock 2 consumed 100.194120, avg temp 39.857143, final temp 40 ) ------
Loop 17 <line-300> - Time 0.002448 Total energy consumed 0.077340 Ave. Power Level 31.593653
	-------- Loop 17 (sock 1 consumed 0.021675, avg temp 46.818182, final temp 46 ) ------
	-------- Loop 17 (sock 2 consumed 0.055665, avg temp 39.818182, final temp 40 ) ------
Loop 18 <line-148> - Time 0.000558 Total energy consumed 0.072225 Ave. Power Level 129.507432
	-------- Loop 18 (sock 1 consumed 0.030420, avg temp 46.000000, final temp 46 ) ------
	-------- Loop 18 (sock 2 consumed 0.041805, avg temp 40.000000, final temp 40 ) ------
Application(EnergyStat) - Time 34.866220 Total energy consumed 2206.701450 Ave. Power Level 63.290528 Final Temperature socket 1 : 46  socket 2 : 40 
	 ParallelApplication(EnergyStat) - Time 20.656145 Total energy consumed 1417.313655 Ave. Power Level 68.614627
Memory used: 1.32031
Loading 32-bit binary file: pnnl.bin, numvertices: 2361670, numEdges: 191402826
File read time: 1.61165
Before allocating graph
Allocated graph: 0x22af570
Processing edges for vertex: 0, range(0, 166)
Processing edges for vertex: 100000, range(58444108, 58444133)
Processing edges for vertex: 200000, range(84376057, 84376362)
Processing edges for vertex: 300000, range(106069163, 106069503)
Processing edges for vertex: 400000, range(122097114, 122097513)
Processing edges for vertex: 500000, range(135096418, 135096483)
Processing edges for vertex: 600000, range(146097008, 146097061)
Processing edges for vertex: 700000, range(155415410, 155415531)
Processing edges for vertex: 800000, range(162595900, 162595989)
Processing edges for vertex: 900000, range(168508374, 168508464)
Processing edges for vertex: 1000000, range(173203321, 173203442)
Processing edges for vertex: 1100000, range(176935100, 176935110)
Processing edges for vertex: 1200000, range(179876260, 179876270)
Processing edges for vertex: 1300000, range(182240081, 182240092)
Processing edges for vertex: 1400000, range(184224513, 184224521)
Processing edges for vertex: 1500000, range(185795161, 185795170)
Processing edges for vertex: 1600000, range(187104124, 187104130)
Processing edges for vertex: 1700000, range(188148455, 188148461)
Processing edges for vertex: 1800000, range(188997836, 188997842)
Processing edges for vertex: 1900000, range(189691532, 189691535)
Processing edges for vertex: 2000000, range(190254658, 190254660)
Processing edges for vertex: 2100000, range(190705814, 190705822)
Processing edges for vertex: 2200000, range(191052755, 191052764)
Processing edges for vertex: 2300000, range(191302662, 191302663)
Graph populate time: 7.91899
Total I/O time: 9.53067

Regional(EnergyStat) - Time 9.534003 Total energy consumed 528.247740 Ave. Power Level 55.406712 
Running on: 5 threads
Loaded graph from file: pnnl.bin
Memory used: 2949.12
Maximum degree for the graph: 5520
Iteration: 0, conflicts: 5
Iteration: 1, conflicts: 0
Total number of colors used: 1182
Total number of conflicts overall: 0
Number of rounds: 2
SUCCESS: No conflicts found
Coloring time: 1.162
Memory used: 2949.12
Number of reordered colors: 1006
End position for large colors: 0, node count: 550840, largest: 550840
Node count cutoff: 472334
e_xx: 1.22625e+08, a2_x: 6.00808e+11, currMod: 0.64065
e_xx: 1.66042e+08, a2_x: 5.88151e+11, currMod: 0.867482
e_xx: 1.72458e+08, a2_x: 5.28521e+11, currMod: 0.901007
e_xx: 1.75062e+08, a2_x: 4.84397e+11, currMod: 0.914613
e_xx: 1.76483e+08, a2_x: 4.92961e+11, currMod: 0.922039
currMod: 0.914613, prevMod: -1
Louvain time: 15.5526
numClusters: 202102, time: 0.105289
Next phase: 2
Memory used: 2949.12
End Structure 1315815 202102 vs 2832048
Build next level time: 4.943
Iteration time: 20.6046
Memory used: 2949.12
e_xx: 1.57118e+08, a2_x: 4.91899e+11, currMod: 0.9133
e_xx: 1.65349e+08, a2_x: 3.20575e+11, currMod: 0.961155
e_xx: 1.66823e+08, a2_x: 2.61109e+11, currMod: 0.969721
e_xx: 1.6716e+08, a2_x: 2.41276e+11, currMod: 0.971681
e_xx: 1.67217e+08, a2_x: 2.6928e+11, currMod: 0.97201
e_xx: 1.67372e+08, a2_x: 2.53652e+11, currMod: 0.972915
e_xx: 1.67392e+08, a2_x: 2.60191e+11, currMod: 0.97303
e_xx: 1.67496e+08, a2_x: 2.51903e+11, currMod: 0.973637
e_xx: 1.67458e+08, a2_x: 2.53284e+11, currMod: 0.973414
currMod: 0.973637, prevMod: 0.914613
Louvain time: 2.63236
numClusters: 53058, time: 0.015357
Next phase: 3
Memory used: 2949.12
End Structure 550416 53058 vs 1153880
Build next level time: 0.212013
Iteration time: 2.86062
Memory used: 2949.12
e_xx: 1.67496e+08, a2_x: 2.53821e+11, currMod: 0.973611
e_xx: 1.68399e+08, a2_x: 8.46397e+10, currMod: 0.978865
e_xx: 1.68454e+08, a2_x: 1.38066e+11, currMod: 0.979185
e_xx: 1.68548e+08, a2_x: 1.00996e+11, currMod: 0.979728
e_xx: 1.68491e+08, a2_x: 1.00894e+11, currMod: 0.979396
currMod: 0.979728, prevMod: 0.973637
Louvain time: 0.663643
numClusters: 25767, time: 0.004736
Next phase: 4
Memory used: 2949.12
End Structure 185347 25767 vs 396460
Build next level time: 0.071123
Iteration time: 0.740125
Memory used: 2949.12
e_xx: 1.68548e+08, a2_x: 9.94105e+10, currMod: 0.979716
e_xx: 1.68748e+08, a2_x: 7.26126e+09, currMod: 0.980886
e_xx: 1.68766e+08, a2_x: 7.61551e+09, currMod: 0.980991
e_xx: 1.68767e+08, a2_x: 1.32025e+10, currMod: 0.980991
currMod: 0.980991, prevMod: 0.979728
Louvain time: 0.221355
numClusters: 22291, time: 0.003003
Next phase: 5
Memory used: 2949.12
End Structure 100005 22291 vs 222301
Build next level time: 0.030069
Iteration time: 0.25503
Memory used: 2949.12
e_xx: 1.68766e+08, a2_x: 7.86266e+09, currMod: 0.980989
e_xx: 1.6877e+08, a2_x: 9.68298e+09, currMod: 0.981012
e_xx: 1.68771e+08, a2_x: 3.75762e+09, currMod: 0.981017
e_xx: 1.68771e+08, a2_x: 2.54846e+08, currMod: 0.981013
currMod: 0.981017, prevMod: 0.980991
Louvain time: 0.12538
numClusters: 21994, time: 0.002649
Next phase: 6
Memory used: 2949.12
End Structure 76513 21994 vs 175020
Build next level time: 0.025012
Iteration time: 0.153654
Memory used: 2949.12
e_xx: 1.68771e+08, a2_x: 4.74406e+09, currMod: 0.981016
e_xx: 1.68772e+08, a2_x: 1.03753e+09, currMod: 0.981019
e_xx: 1.68772e+08, a2_x: -1.46896e+09, currMod: 0.981019
currMod: 0.981019, prevMod: 0.981017
Louvain time: 0.073277
numClusters: 21973, time: 0.002627
Next phase: 7
Memory used: 2949.12
End Structure 74909 21973 vs 171791
Build next level time: 0.022571
Iteration time: 0.099084
Memory used: 2949.12
e_xx: 1.68772e+08, a2_x: 1.20194e+09, currMod: 0.981019
e_xx: 1.68772e+08, a2_x: -1.40927e+09, currMod: 0.981019
currMod: 0.981019, prevMod: 0.981019
Louvain time: 0.047845
numClusters: 21973, time: 0.002607
Maximum degree for the graph: 470
Iteration: 0, conflicts: 0
Total number of colors used: 189
Total number of conflicts overall: 0
Number of rounds: 1
SUCCESS: No conflicts found
Number of reordered colors: 187
End position for large colors: 0, node count: 21544, largest: 21544
Node count cutoff: 4395
e_xx: 1.68772e+08, a2_x: -1.40927e+09, currMod: 0.981019
End Structure 74795 21972 vs 171562
currMod: 0.981019, prevMod: 0.981019
numClusters: 21972
Total iteration time: 24.7131

Loop 0 <line-37> - Time 0.000712 Total energy consumed 0.074655 Ave. Power Level 104.902622
	-------- Loop 0 (sock 1 consumed 0.041055, avg temp 47.000000, final temp 48 ) ------
	-------- Loop 0 (sock 2 consumed 0.033600, avg temp 40.000000, final temp 40 ) ------
Loop 1 <line-54> - Time 0.000413 Total energy consumed 0.000000 Ave. Power Level 0.000000
	-------- Loop 1 (sock 1 consumed 0.000000, avg temp 46.500000, final temp 48 ) ------
	-------- Loop 1 (sock 2 consumed 0.000000, avg temp 40.000000, final temp 40 ) ------
Loop 2 <line-76> - Time 0.000872 Total energy consumed 0.084240 Ave. Power Level 96.617360
	-------- Loop 2 (sock 1 consumed 0.051030, avg temp 47.000000, final temp 48 ) ------
	-------- Loop 2 (sock 2 consumed 0.033210, avg temp 40.000000, final temp 40 ) ------
Loop 3 <line-170> - Time 0.745005 Total energy consumed 45.665790 Ave. Power Level 61.295960
	-------- Loop 3 (sock 1 consumed 18.117135, avg temp 46.666667, final temp 48 ) ------
	-------- Loop 3 (sock 2 consumed 27.548655, avg temp 40.000000, final temp 40 ) ------
Loop 4 <line-192> - Time 0.000179 Total energy consumed 0.000000 Ave. Power Level 0.000000
	-------- Loop 4 (sock 1 consumed 0.000000, avg temp 47.000000, final temp 48 ) ------
	-------- Loop 4 (sock 2 consumed 0.000000, avg temp 40.000000, final temp 40 ) ------
Loop 5 <line-222> - Time 0.329541 Total energy consumed 19.463220 Ave. Power Level 59.061655
	-------- Loop 5 (sock 1 consumed 10.990260, avg temp 48.000000, final temp 48 ) ------
	-------- Loop 5 (sock 2 consumed 8.472960, avg temp 40.000000, final temp 40 ) ------
Loop 6 <line-116> - Time 0.004015 Total energy consumed 0.222825 Ave. Power Level 55.494455
	-------- Loop 6 (sock 1 consumed 0.086790, avg temp 46.714286, final temp 46 ) ------
	-------- Loop 6 (sock 2 consumed 0.136035, avg temp 39.857143, final temp 39 ) ------
Loop 7 <line-334> - Time 0.596741 Total energy consumed 33.635835 Ave. Power Level 56.365866
	-------- Loop 7 (sock 1 consumed 13.199715, avg temp 47.125000, final temp 48 ) ------
	-------- Loop 7 (sock 2 consumed 20.436120, avg temp 39.875000, final temp 40 ) ------
Loop 8 <line-353> - Time 0.000400 Total energy consumed 0.073800 Ave. Power Level 184.464030
	-------- Loop 8 (sock 1 consumed 0.028395, avg temp 47.125000, final temp 48 ) ------
	-------- Loop 8 (sock 2 consumed 0.045405, avg temp 39.875000, final temp 40 ) ------
Loop 9 <line-375> - Time 0.000849 Total energy consumed 0.142485 Ave. Power Level 167.728273
	-------- Loop 9 (sock 1 consumed 0.056820, avg temp 47.125000, final temp 48 ) ------
	-------- Loop 9 (sock 2 consumed 0.085665, avg temp 39.875000, final temp 40 ) ------
Loop 10 <line-85> - Time 0.128895 Total energy consumed 9.432495 Ave. Power Level 73.179676
	-------- Loop 10 (sock 1 consumed 4.199160, avg temp 48.000000, final temp 48 ) ------
	-------- Loop 10 (sock 2 consumed 5.233335, avg temp 39.750000, final temp 39 ) ------
Loop 11 <line-131> - Time 0.006401 Total energy consumed 0.606105 Ave. Power Level 94.693534
	-------- Loop 11 (sock 1 consumed 0.271620, avg temp 48.500000, final temp 48 ) ------
	-------- Loop 11 (sock 2 consumed 0.334485, avg temp 39.500000, final temp 39 ) ------
Loop 12 <line-167> - Time 0.144040 Total energy consumed 10.636650 Ave. Power Level 73.845091
	-------- Loop 12 (sock 1 consumed 4.712520, avg temp 48.500000, final temp 48 ) ------
	-------- Loop 12 (sock 2 consumed 5.924130, avg temp 40.000000, final temp 40 ) ------
Loop 13 <line-213> - Time 10.456038 Total energy consumed 798.493245 Ave. Power Level 76.366713
	-------- Loop 13 (sock 1 consumed 403.642365, avg temp 51.000000, final temp 48 ) ------
	-------- Loop 13 (sock 2 consumed 394.850880, avg temp 40.000000, final temp 39 ) ------
Loop 14 <line-99> - Time 4.917827 Total energy consumed 286.899315 Ave. Power Level 58.338641
	-------- Loop 14 (sock 1 consumed 150.885975, avg temp 47.000000, final temp 47 ) ------
	-------- Loop 14 (sock 2 consumed 136.013340, avg temp 39.571429, final temp 39 ) ------
Loop 15 <line-160> - Time 0.141934 Total energy consumed 8.709540 Ave. Power Level 61.363236
	-------- Loop 15 (sock 1 consumed 4.022715, avg temp 46.857143, final temp 48 ) ------
	-------- Loop 15 (sock 2 consumed 4.686825, avg temp 39.571429, final temp 39 ) ------
Loop 16 <line-269> - Time 3.740542 Total energy consumed 211.738170 Ave. Power Level 56.606275
	-------- Loop 16 (sock 1 consumed 108.587055, avg temp 47.148148, final temp 47 ) ------
	-------- Loop 16 (sock 2 consumed 103.151115, avg temp 39.851852, final temp 40 ) ------
Loop 17 <line-300> - Time 0.002979 Total energy consumed 0.195765 Ave. Power Level 65.712799
	-------- Loop 17 (sock 1 consumed 0.117465, avg temp 47.238095, final temp 47 ) ------
	-------- Loop 17 (sock 2 consumed 0.078300, avg temp 39.809524, final temp 39 ) ------
Loop 18 <line-148> - Time 0.000567 Total energy consumed 0.036315 Ave. Power Level 63.992430
	-------- Loop 18 (sock 1 consumed 0.036315, avg temp 48.000000, final temp 48 ) ------
	-------- Loop 18 (sock 2 consumed 0.000000, avg temp 40.000000, final temp 40 ) ------
Application(EnergyStat) - Time 35.502256 Total energy consumed 2223.686670 Ave. Power Level 62.635080 Final Temperature socket 1 : 48  socket 2 : 39 
	 ParallelApplication(EnergyStat) - Time 21.217950 Total energy consumed 1426.110450 Ave. Power Level 67.212451
Memory used: 1.32031
Loading 32-bit binary file: pnnl.bin, numvertices: 2361670, numEdges: 191402826
File read time: 1.62677
Before allocating graph
Allocated graph: 0x1ae4570
Processing edges for vertex: 0, range(0, 166)
Processing edges for vertex: 100000, range(58444108, 58444133)
Processing edges for vertex: 200000, range(84376057, 84376362)
Processing edges for vertex: 300000, range(106069163, 106069503)
Processing edges for vertex: 400000, range(122097114, 122097513)
Processing edges for vertex: 500000, range(135096418, 135096483)
Processing edges for vertex: 600000, range(146097008, 146097061)
Processing edges for vertex: 700000, range(155415410, 155415531)
Processing edges for vertex: 800000, range(162595900, 162595989)
Processing edges for vertex: 900000, range(168508374, 168508464)
Processing edges for vertex: 1000000, range(173203321, 173203442)
Processing edges for vertex: 1100000, range(176935100, 176935110)
Processing edges for vertex: 1200000, range(179876260, 179876270)
Processing edges for vertex: 1300000, range(182240081, 182240092)
Processing edges for vertex: 1400000, range(184224513, 184224521)
Processing edges for vertex: 1500000, range(185795161, 185795170)
Processing edges for vertex: 1600000, range(187104124, 187104130)
Processing edges for vertex: 1700000, range(188148455, 188148461)
Processing edges for vertex: 1800000, range(188997836, 188997842)
Processing edges for vertex: 1900000, range(189691532, 189691535)
Processing edges for vertex: 2000000, range(190254658, 190254660)
Processing edges for vertex: 2100000, range(190705814, 190705822)
Processing edges for vertex: 2200000, range(191052755, 191052764)
Processing edges for vertex: 2300000, range(191302662, 191302663)
Graph populate time: 7.90686
Total I/O time: 9.53367

Regional(EnergyStat) - Time 9.537237 Total energy consumed 528.890145 Ave. Power Level 55.455278 
Running on: 5 threads
Loaded graph from file: pnnl.bin
Memory used: 2949.12
Maximum degree for the graph: 5520
Iteration: 0, conflicts: 3
Iteration: 1, conflicts: 0
Total number of colors used: 1183
Total number of conflicts overall: 0
Number of rounds: 2
SUCCESS: No conflicts found
Coloring time: 1.18066
Memory used: 2949.12
Number of reordered colors: 1003
End position for large colors: 0, node count: 550990, largest: 550990
Node count cutoff: 472334
e_xx: 1.21645e+08, a2_x: 6.5821e+11, currMod: 0.635527
e_xx: 1.64319e+08, a2_x: 5.96073e+11, currMod: 0.858483
e_xx: 1.71994e+08, a2_x: 4.7872e+11, currMod: 0.898585
e_xx: 1.74853e+08, a2_x: 5.0502e+11, currMod: 0.913518
e_xx: 1.76048e+08, a2_x: 5.05167e+11, currMod: 0.919762
currMod: 0.913518, prevMod: -1
Louvain time: 15.3152
numClusters: 202215, time: 0.10515
Next phase: 2
Memory used: 2949.12
End Structure 1315206 202215 vs 2830895
Build next level time: 4.81735
Iteration time: 20.2425
Memory used: 2949.12
e_xx: 1.57799e+08, a2_x: 5.04672e+11, currMod: 0.911342
e_xx: 1.66342e+08, a2_x: 3.04392e+11, currMod: 0.960687
e_xx: 1.67832e+08, a2_x: 2.80461e+11, currMod: 0.969294
e_xx: 1.68232e+08, a2_x: 2.7568e+11, currMod: 0.971602
e_xx: 1.68305e+08, a2_x: 2.68329e+11, currMod: 0.972024
e_xx: 1.68392e+08, a2_x: 2.75451e+11, currMod: 0.972528
e_xx: 1.68396e+08, a2_x: 2.77247e+11, currMod: 0.97255
e_xx: 1.68448e+08, a2_x: 2.6212e+11, currMod: 0.972848
e_xx: 1.68474e+08, a2_x: 2.75384e+11, currMod: 0.972998
e_xx: 1.68545e+08, a2_x: 2.81474e+11, currMod: 0.973407
e_xx: 1.6855e+08, a2_x: 2.67095e+11, currMod: 0.973438
e_xx: 1.68596e+08, a2_x: 2.81898e+11, currMod: 0.973707
e_xx: 1.68584e+08, a2_x: 2.75494e+11, currMod: 0.973634
currMod: 0.973707, prevMod: 0.913518
Louvain time: 3.68481
numClusters: 50096, time: 0.014143
Next phase: 3
Memory used: 2949.12
End Structure 502410 50096 vs 1054907
Build next level time: 0.214156
Iteration time: 3.91394
Memory used: 2949.12
e_xx: 1.68596e+08, a2_x: 2.78449e+11, currMod: 0.97368
e_xx: 1.69475e+08, a2_x: 9.05769e+10, currMod: 0.978763
e_xx: 1.69593e+08, a2_x: 1.25557e+11, currMod: 0.97944
e_xx: 1.69713e+08, a2_x: 1.04431e+11, currMod: 0.980138
e_xx: 1.69644e+08, a2_x: 1.1136e+11, currMod: 0.979738
currMod: 0.980138, prevMod: 0.973707
Louvain time: 0.613875
numClusters: 25417, time: 0.004722
Next phase: 4
Memory used: 2949.12
End Structure 176628 25417 vs 378672
Build next level time: 0.064902
Iteration time: 0.684113
Memory used: 2949.12
e_xx: 1.69713e+08, a2_x: 1.03344e+11, currMod: 0.980127
e_xx: 1.69902e+08, a2_x: 1.31206e+10, currMod: 0.981221
e_xx: 1.69906e+08, a2_x: 8.28357e+09, currMod: 0.981244
e_xx: 1.69908e+08, a2_x: 5.43357e+09, currMod: 0.981253
e_xx: 1.69908e+08, a2_x: 1.57863e+09, currMod: 0.981256
e_xx: 1.69908e+08, a2_x: 7.35748e+09, currMod: 0.981256
currMod: 0.981256, prevMod: 0.980138
Louvain time: 0.308451
numClusters: 22140, time: 0.00298
Next phase: 5
Memory used: 2949.12
End Structure 86087 22140 vs 194314
Build next level time: 0.031974
Iteration time: 0.344008
Memory used: 2949.12
e_xx: 1.69908e+08, a2_x: 3.42952e+09, currMod: 0.981254
e_xx: 1.69911e+08, a2_x: 8.89843e+09, currMod: 0.98127
e_xx: 1.69911e+08, a2_x: 3.62012e+09, currMod: 0.98127
currMod: 0.98127, prevMod: 0.981256
Louvain time: 0.084249
numClusters: 22013, time: 0.002626
Next phase: 6
Memory used: 2949.12
End Structure 78489 22013 vs 178991
Build next level time: 0.024173
Iteration time: 0.111646
Memory used: 2949.12
e_xx: 1.69911e+08, a2_x: 6.3371e+09, currMod: 0.98127
e_xx: 1.69911e+08, a2_x: 6.15852e+09, currMod: 0.98127
currMod: 0.98127, prevMod: 0.98127
Louvain time: 0.051552
numClusters: 22013, time: 0.002614
Maximum degree for the graph: 504
Iteration: 0, conflicts: 0
Total number of colors used: 172
Total number of conflicts overall: 0
Number of rounds: 1
SUCCESS: No conflicts found
Number of reordered colors: 168
End position for large colors: 0, node count: 21565, largest: 21565
Node count cutoff: 4403
e_xx: 1.69916e+08, a2_x: -5.80697e+09, currMod: 0.981301
e_xx: 1.6994e+08, a2_x: -9.97153e+09, currMod: 0.981435
e_xx: 1.70091e+08, a2_x: -2.8553e+10, currMod: 0.982307
e_xx: 1.70087e+08, a2_x: -2.72457e+10, currMod: 0.982285
End Structure 18631 21754 vs 59016
currMod: 0.982307, prevMod: 0.98127
numClusters: 21754
Total iteration time: 25.2962

Loop 0 <line-37> - Time 0.000695 Total energy consumed 0.055140 Ave. Power Level 79.325118
	-------- Loop 0 (sock 1 consumed 0.021525, avg temp 46.500000, final temp 47 ) ------
	-------- Loop 0 (sock 2 consumed 0.033615, avg temp 40.000000, final temp 40 ) ------
Loop 1 <line-54> - Time 0.000416 Total energy consumed 0.057120 Ave. Power Level 137.439515
	-------- Loop 1 (sock 1 consumed 0.023685, avg temp 46.500000, final temp 47 ) ------
	-------- Loop 1 (sock 2 consumed 0.033435, avg temp 39.500000, final temp 40 ) ------
Loop 2 <line-76> - Time 0.000868 Total energy consumed 0.000000 Ave. Power Level 0.000000
	-------- Loop 2 (sock 1 consumed 0.000000, avg temp 46.500000, final temp 47 ) ------
	-------- Loop 2 (sock 2 consumed 0.000000, avg temp 39.500000, final temp 40 ) ------
Loop 3 <line-170> - Time 0.798042 Total energy consumed 48.234675 Ave. Power Level 60.441255
	-------- Loop 3 (sock 1 consumed 19.610925, avg temp 46.333333, final temp 47 ) ------
	-------- Loop 3 (sock 2 consumed 28.623750, avg temp 40.000000, final temp 40 ) ------
Loop 4 <line-192> - Time 0.000194 Total energy consumed 0.000000 Ave. Power Level 0.000000
	-------- Loop 4 (sock 1 consumed 0.000000, avg temp 46.500000, final temp 47 ) ------
	-------- Loop 4 (sock 2 consumed 0.000000, avg temp 40.000000, final temp 40 ) ------
Loop 5 <line-222> - Time 0.295644 Total energy consumed 18.007350 Ave. Power Level 60.908820
	-------- Loop 5 (sock 1 consumed 9.848700, avg temp 47.000000, final temp 47 ) ------
	-------- Loop 5 (sock 2 consumed 8.158650, avg temp 39.500000, final temp 40 ) ------
Loop 6 <line-116> - Time 0.003362 Total energy consumed 0.253125 Ave. Power Level 75.286826
	-------- Loop 6 (sock 1 consumed 0.088455, avg temp 46.333333, final temp 47 ) ------
	-------- Loop 6 (sock 2 consumed 0.164670, avg temp 40.000000, final temp 40 ) ------
Loop 7 <line-334> - Time 0.611462 Total energy consumed 34.132860 Ave. Power Level 55.821729
	-------- Loop 7 (sock 1 consumed 13.533420, avg temp 46.857143, final temp 47 ) ------
	-------- Loop 7 (sock 2 consumed 20.599440, avg temp 39.857143, final temp 40 ) ------
Loop 8 <line-353> - Time 0.000452 Total energy consumed 0.087120 Ave. Power Level 192.820150
	-------- Loop 8 (sock 1 consumed 0.021915, avg temp 46.857143, final temp 47 ) ------
	-------- Loop 8 (sock 2 consumed 0.065205, avg temp 39.857143, final temp 40 ) ------
Loop 9 <line-375> - Time 0.000832 Total energy consumed 0.054135 Ave. Power Level 65.057035
	-------- Loop 9 (sock 1 consumed 0.021690, avg temp 46.714286, final temp 47 ) ------
	-------- Loop 9 (sock 2 consumed 0.032445, avg temp 40.000000, final temp 40 ) ------
Loop 10 <line-85> - Time 0.119776 Total energy consumed 9.037410 Ave. Power Level 75.452424
	-------- Loop 10 (sock 1 consumed 4.078890, avg temp 47.250000, final temp 48 ) ------
	-------- Loop 10 (sock 2 consumed 4.958520, avg temp 39.750000, final temp 40 ) ------
Loop 11 <line-131> - Time 0.006369 Total energy consumed 0.426375 Ave. Power Level 66.942932
	-------- Loop 11 (sock 1 consumed 0.213285, avg temp 47.500000, final temp 48 ) ------
	-------- Loop 11 (sock 2 consumed 0.213090, avg temp 40.000000, final temp 40 ) ------
Loop 12 <line-167> - Time 0.142131 Total energy consumed 10.717305 Ave. Power Level 75.404497
	-------- Loop 12 (sock 1 consumed 4.910835, avg temp 47.500000, final temp 48 ) ------
	-------- Loop 12 (sock 2 consumed 5.806470, avg temp 39.500000, final temp 40 ) ------
Loop 13 <line-213> - Time 10.303818 Total energy consumed 805.710000 Ave. Power Level 78.195290
	-------- Loop 13 (sock 1 consumed 370.491570, avg temp 48.444444, final temp 48 ) ------
	-------- Loop 13 (sock 2 consumed 435.218430, avg temp 40.111111, final temp 40 ) ------
Loop 14 <line-99> - Time 4.771913 Total energy consumed 279.355515 Ave. Power Level 58.541620
	-------- Loop 14 (sock 1 consumed 132.329760, avg temp 46.666667, final temp 48 ) ------
	-------- Loop 14 (sock 2 consumed 147.025755, avg temp 40.000000, final temp 40 ) ------
Loop 15 <line-160> - Time 0.139878 Total energy consumed 8.610510 Ave. Power Level 61.557455
	-------- Loop 15 (sock 1 consumed 3.938025, avg temp 47.166667, final temp 48 ) ------
	-------- Loop 15 (sock 2 consumed 4.672485, avg temp 39.666667, final temp 40 ) ------
Loop 16 <line-269> - Time 4.719670 Total energy consumed 267.179985 Ave. Power Level 56.609889
	-------- Loop 16 (sock 1 consumed 126.571725, avg temp 47.137931, final temp 46 ) ------
	-------- Loop 16 (sock 2 consumed 140.608260, avg temp 39.724138, final temp 40 ) ------
Loop 17 <line-300> - Time 0.004285 Total energy consumed 0.375060 Ave. Power Level 87.525381
	-------- Loop 17 (sock 1 consumed 0.229965, avg temp 47.250000, final temp 49 ) ------
	-------- Loop 17 (sock 2 consumed 0.145095, avg temp 39.708333, final temp 40 ) ------
Loop 18 <line-148> - Time 0.000558 Total energy consumed 0.067440 Ave. Power Level 120.962318
	-------- Loop 18 (sock 1 consumed 0.025485, avg temp 47.000000, final temp 47 ) ------
	-------- Loop 18 (sock 2 consumed 0.041955, avg temp 40.000000, final temp 40 ) ------
Application(EnergyStat) - Time 36.118627 Total energy consumed 2278.772340 Ave. Power Level 63.091334 Final Temperature socket 1 : 48  socket 2 : 40 
	 ParallelApplication(EnergyStat) - Time 21.920364 Total energy consumed 1482.361125 Ave. Power Level 67.624841
Memory used: 1.32031
Loading 32-bit binary file: pnnl.bin, numvertices: 2361670, numEdges: 191402826
File read time: 1.59853
Before allocating graph
Allocated graph: 0x1690570
Processing edges for vertex: 0, range(0, 166)
Processing edges for vertex: 100000, range(58444108, 58444133)
Processing edges for vertex: 200000, range(84376057, 84376362)
Processing edges for vertex: 300000, range(106069163, 106069503)
Processing edges for vertex: 400000, range(122097114, 122097513)
Processing edges for vertex: 500000, range(135096418, 135096483)
Processing edges for vertex: 600000, range(146097008, 146097061)
Processing edges for vertex: 700000, range(155415410, 155415531)
Processing edges for vertex: 800000, range(162595900, 162595989)
Processing edges for vertex: 900000, range(168508374, 168508464)
Processing edges for vertex: 1000000, range(173203321, 173203442)
Processing edges for vertex: 1100000, range(176935100, 176935110)
Processing edges for vertex: 1200000, range(179876260, 179876270)
Processing edges for vertex: 1300000, range(182240081, 182240092)
Processing edges for vertex: 1400000, range(184224513, 184224521)
Processing edges for vertex: 1500000, range(185795161, 185795170)
Processing edges for vertex: 1600000, range(187104124, 187104130)
Processing edges for vertex: 1700000, range(188148455, 188148461)
Processing edges for vertex: 1800000, range(188997836, 188997842)
Processing edges for vertex: 1900000, range(189691532, 189691535)
Processing edges for vertex: 2000000, range(190254658, 190254660)
Processing edges for vertex: 2100000, range(190705814, 190705822)
Processing edges for vertex: 2200000, range(191052755, 191052764)
Processing edges for vertex: 2300000, range(191302662, 191302663)
Graph populate time: 7.96551
Total I/O time: 9.56409

Regional(EnergyStat) - Time 9.567274 Total energy consumed 528.482835 Ave. Power Level 55.238602 
Running on: 5 threads
Loaded graph from file: pnnl.bin
Memory used: 2949.12
Maximum degree for the graph: 5520
Iteration: 0, conflicts: 4
Iteration: 1, conflicts: 0
Total number of colors used: 1181
Total number of conflicts overall: 0
Number of rounds: 2
SUCCESS: No conflicts found
Coloring time: 1.19879
Memory used: 2949.12
Number of reordered colors: 1008
End position for large colors: 0, node count: 550975, largest: 550975
Node count cutoff: 472334
e_xx: 1.1833e+08, a2_x: 6.29493e+11, currMod: 0.618207
e_xx: 1.60639e+08, a2_x: 5.27299e+11, currMod: 0.839259
e_xx: 1.67603e+08, a2_x: 4.92072e+11, currMod: 0.875644
e_xx: 1.70385e+08, a2_x: 4.60788e+11, currMod: 0.890179
e_xx: 1.71828e+08, a2_x: 4.88195e+11, currMod: 0.897714
currMod: 0.890179, prevMod: -1
Louvain time: 15.4445
numClusters: 202196, time: 0.105435
Next phase: 2
Memory used: 2949.12
End Structure 1311158 202196 vs 2822818
Build next level time: 5.85083
Iteration time: 21.4049
Memory used: 2949.12
e_xx: 1.64039e+08, a2_x: 4.86098e+11, currMod: 0.893407
e_xx: 1.77098e+08, a2_x: 3.307e+11, currMod: 0.964531
e_xx: 1.78336e+08, a2_x: 2.80725e+11, currMod: 0.971279
e_xx: 1.78914e+08, a2_x: 2.88541e+11, currMod: 0.974426
e_xx: 1.78734e+08, a2_x: 2.72468e+11, currMod: 0.973445
currMod: 0.974426, prevMod: 0.890179
Louvain time: 1.57213
numClusters: 61290, time: 0.016644
Next phase: 3
Memory used: 2949.12
End Structure 683238 61290 vs 1427750
Build next level time: 0.239997
Iteration time: 1.82964
Memory used: 2949.12
e_xx: 1.78914e+08, a2_x: 2.88003e+11, currMod: 0.97441
e_xx: 1.79842e+08, a2_x: 5.81173e+10, currMod: 0.979473
e_xx: 1.79989e+08, a2_x: 6.1081e+10, currMod: 0.980272
e_xx: 1.80081e+08, a2_x: 9.85757e+10, currMod: 0.98077
e_xx: 1.80045e+08, a2_x: 6.83639e+10, currMod: 0.980578
currMod: 0.98077, prevMod: 0.974426
Louvain time: 0.792544
numClusters: 26971, time: 0.005176
Next phase: 4
Memory used: 2949.12
End Structure 213715 26971 vs 454401
Build next level time: 0.096186
Iteration time: 0.894535
Memory used: 2949.12
e_xx: 1.80081e+08, a2_x: 9.71574e+10, currMod: 0.980754
e_xx: 1.80331e+08, a2_x: 1.59793e+10, currMod: 0.982118
e_xx: 1.80355e+08, a2_x: 2.00051e+09, currMod: 0.982252
e_xx: 1.8036e+08, a2_x: 3.96579e+10, currMod: 0.98228
e_xx: 1.80359e+08, a2_x: 3.15725e+10, currMod: 0.98227
currMod: 0.98228, prevMod: 0.98077
Louvain time: 0.299026
numClusters: 22252, time: 0.003079
Next phase: 5
Memory used: 2949.12
End Structure 95502 22252 vs 213256
Build next level time: 0.036833
Iteration time: 0.339546
Memory used: 2949.12
e_xx: 1.8036e+08, a2_x: 4.09695e+10, currMod: 0.982277
e_xx: 1.80367e+08, a2_x: 2.21837e+10, currMod: 0.982313
e_xx: 1.80367e+08, a2_x: 2.89549e+10, currMod: 0.982311
currMod: 0.982313, prevMod: 0.98228
Louvain time: 0.091038
numClusters: 22029, time: 0.002652
Next phase: 6
Memory used: 2949.12
End Structure 81642 22029 vs 185313
Build next level time: 0.025604
Iteration time: 0.119903
Memory used: 2949.12
e_xx: 1.80367e+08, a2_x: 2.03023e+10, currMod: 0.982313
e_xx: 1.80367e+08, a2_x: 2.11907e+10, currMod: 0.982314
e_xx: 1.80367e+08, a2_x: 2.57136e+10, currMod: 0.982315
currMod: 0.982314, prevMod: 0.982313
Louvain time: 0.078714
numClusters: 21982, time: 0.002618
Next phase: 7
Memory used: 2949.12
End Structure 77975 21982 vs 177932
Build next level time: 0.023464
Iteration time: 0.105405
Memory used: 2949.12
e_xx: 1.80367e+08, a2_x: 2.22634e+10, currMod: 0.982314
e_xx: 1.80367e+08, a2_x: 2.0937e+10, currMod: 0.982315
currMod: 0.982314, prevMod: 0.982314
Louvain time: 0.050144
numClusters: 21982, time: 0.002619
Maximum degree for the graph: 483
Iteration: 0, conflicts: 0
Total number of colors used: 194
Total number of conflicts overall: 0
Number of rounds: 1
SUCCESS: No conflicts found
Number of reordered colors: 193
End position for large colors: 0, node count: 21545, largest: 21545
Node count cutoff: 4397
e_xx: 1.80371e+08, a2_x: 1.09537e+10, currMod: 0.982333
e_xx: 1.82709e+08, a2_x: 8.59167e+09, currMod: 0.995068
e_xx: 1.8266e+08, a2_x: 9.59439e+09, currMod: 0.994802
End Structure 5512 21660 vs 32684
currMod: 0.995068, prevMod: 0.982314
numClusters: 21660
Total iteration time: 24.6939

Loop 0 <line-37> - Time 0.000698 Total energy consumed 0.087795 Ave. Power Level 125.707683
	-------- Loop 0 (sock 1 consumed 0.021495, avg temp 47.000000, final temp 48 ) ------
	-------- Loop 0 (sock 2 consumed 0.066300, avg temp 39.500000, final temp 40 ) ------
Loop 1 <line-54> - Time 0.000424 Total energy consumed 0.000000 Ave. Power Level 0.000000
	-------- Loop 1 (sock 1 consumed 0.000000, avg temp 47.000000, final temp 48 ) ------
	-------- Loop 1 (sock 2 consumed 0.000000, avg temp 40.000000, final temp 40 ) ------
Loop 2 <line-76> - Time 0.000864 Total energy consumed 0.099420 Ave. Power Level 115.101417
	-------- Loop 2 (sock 1 consumed 0.023895, avg temp 47.000000, final temp 48 ) ------
	-------- Loop 2 (sock 2 consumed 0.075525, avg temp 39.500000, final temp 40 ) ------
Loop 3 <line-170> - Time 0.802729 Total energy consumed 48.660450 Ave. Power Level 60.618799
	-------- Loop 3 (sock 1 consumed 19.890645, avg temp 46.666667, final temp 48 ) ------
	-------- Loop 3 (sock 2 consumed 28.769805, avg temp 40.000000, final temp 40 ) ------
Loop 4 <line-192> - Time 0.000181 Total energy consumed 0.000000 Ave. Power Level 0.000000
	-------- Loop 4 (sock 1 consumed 0.000000, avg temp 47.000000, final temp 48 ) ------
	-------- Loop 4 (sock 2 consumed 0.000000, avg temp 40.000000, final temp 40 ) ------
Loop 5 <line-222> - Time 0.308589 Total energy consumed 18.624855 Ave. Power Level 60.354951
	-------- Loop 5 (sock 1 consumed 7.873875, avg temp 47.000000, final temp 48 ) ------
	-------- Loop 5 (sock 2 consumed 10.750980, avg temp 40.000000, final temp 40 ) ------
Loop 6 <line-116> - Time 0.003989 Total energy consumed 0.197340 Ave. Power Level 49.475151
	-------- Loop 6 (sock 1 consumed 0.064620, avg temp 47.428571, final temp 47 ) ------
	-------- Loop 6 (sock 2 consumed 0.132720, avg temp 40.000000, final temp 40 ) ------
Loop 7 <line-334> - Time 0.613468 Total energy consumed 34.441425 Ave. Power Level 56.142161
	-------- Loop 7 (sock 1 consumed 13.718625, avg temp 47.750000, final temp 48 ) ------
	-------- Loop 7 (sock 2 consumed 20.722800, avg temp 40.000000, final temp 40 ) ------
Loop 8 <line-353> - Time 0.000515 Total energy consumed 0.053670 Ave. Power Level 104.256104
	-------- Loop 8 (sock 1 consumed 0.021900, avg temp 47.625000, final temp 48 ) ------
	-------- Loop 8 (sock 2 consumed 0.031770, avg temp 40.000000, final temp 40 ) ------
Loop 9 <line-375> - Time 0.000796 Total energy consumed 0.037605 Ave. Power Level 47.248576
	-------- Loop 9 (sock 1 consumed 0.000000, avg temp 47.875000, final temp 48 ) ------
	-------- Loop 9 (sock 2 consumed 0.037605, avg temp 40.000000, final temp 40 ) ------
Loop 10 <line-85> - Time 0.108832 Total energy consumed 8.068770 Ave. Power Level 74.139961
	-------- Loop 10 (sock 1 consumed 3.603165, avg temp 47.500000, final temp 48 ) ------
	-------- Loop 10 (sock 2 consumed 4.465605, avg temp 40.000000, final temp 40 ) ------
Loop 11 <line-131> - Time 0.006375 Total energy consumed 0.459765 Ave. Power Level 72.121957
	-------- Loop 11 (sock 1 consumed 0.209640, avg temp 47.000000, final temp 48 ) ------
	-------- Loop 11 (sock 2 consumed 0.250125, avg temp 40.000000, final temp 40 ) ------
Loop 12 <line-167> - Time 0.201169 Total energy consumed 15.304590 Ave. Power Level 76.078299
	-------- Loop 12 (sock 1 consumed 7.006005, avg temp 47.500000, final temp 48 ) ------
	-------- Loop 12 (sock 2 consumed 8.298585, avg temp 40.000000, final temp 40 ) ------
Loop 13 <line-213> - Time 10.396750 Total energy consumed 812.661045 Ave. Power Level 78.164913
	-------- Loop 13 (sock 1 consumed 369.488010, avg temp 48.750000, final temp 50 ) ------
	-------- Loop 13 (sock 2 consumed 443.173035, avg temp 40.250000, final temp 41 ) ------
Loop 14 <line-99> - Time 5.857588 Total energy consumed 333.650370 Ave. Power Level 56.960369
	-------- Loop 14 (sock 1 consumed 165.041280, avg temp 47.857143, final temp 49 ) ------
	-------- Loop 14 (sock 2 consumed 168.609090, avg temp 40.000000, final temp 40 ) ------
Loop 15 <line-160> - Time 0.148240 Total energy consumed 9.226155 Ave. Power Level 62.238044
	-------- Loop 15 (sock 1 consumed 4.695015, avg temp 48.428571, final temp 49 ) ------
	-------- Loop 15 (sock 2 consumed 4.531140, avg temp 39.857143, final temp 40 ) ------
Loop 16 <line-269> - Time 2.860878 Total energy consumed 160.465455 Ave. Power Level 56.089589
	-------- Loop 16 (sock 1 consumed 78.560760, avg temp 48.173913, final temp 47 ) ------
	-------- Loop 16 (sock 2 consumed 81.904695, avg temp 40.000000, final temp 40 ) ------
Loop 17 <line-300> - Time 0.001786 Total energy consumed 0.054240 Ave. Power Level 30.369779
	-------- Loop 17 (sock 1 consumed 0.030930, avg temp 48.000000, final temp 47 ) ------
	-------- Loop 17 (sock 2 consumed 0.023310, avg temp 40.000000, final temp 41 ) ------
Loop 18 <line-148> - Time 0.000574 Total energy consumed 0.073035 Ave. Power Level 127.192364
	-------- Loop 18 (sock 1 consumed 0.037530, avg temp 48.000000, final temp 48 ) ------
	-------- Loop 18 (sock 2 consumed 0.035505, avg temp 40.000000, final temp 40 ) ------
Application(EnergyStat) - Time 35.553296 Total energy consumed 2238.470910 Ave. Power Level 62.960996 Final Temperature socket 1 : 49  socket 2 : 40 
	 ParallelApplication(EnergyStat) - Time 21.314443 Total energy consumed 1442.165985 Ave. Power Level 67.661445
