Memory used: 1.32422
Loading 32-bit binary file: pnnl.bin, numvertices: 2361670, numEdges: 191402826
File read time: 2.53601
Before allocating graph
Allocated graph: 0x150a570
Processing edges for vertex: 0, range(0, 166)
Processing edges for vertex: 100000, range(58444108, 58444133)
Processing edges for vertex: 200000, range(84376057, 84376362)
Processing edges for vertex: 300000, range(106069163, 106069503)
Processing edges for vertex: 400000, range(122097114, 122097513)
Processing edges for vertex: 500000, range(135096418, 135096483)
Processing edges for vertex: 600000, range(146097008, 146097061)
Processing edges for vertex: 700000, range(155415410, 155415531)
Processing edges for vertex: 800000, range(162595900, 162595989)
Processing edges for vertex: 900000, range(168508374, 168508464)
Processing edges for vertex: 1000000, range(173203321, 173203442)
Processing edges for vertex: 1100000, range(176935100, 176935110)
Processing edges for vertex: 1200000, range(179876260, 179876270)
Processing edges for vertex: 1300000, range(182240081, 182240092)
Processing edges for vertex: 1400000, range(184224513, 184224521)
Processing edges for vertex: 1500000, range(185795161, 185795170)
Processing edges for vertex: 1600000, range(187104124, 187104130)
Processing edges for vertex: 1700000, range(188148455, 188148461)
Processing edges for vertex: 1800000, range(188997836, 188997842)
Processing edges for vertex: 1900000, range(189691532, 189691535)
Processing edges for vertex: 2000000, range(190254658, 190254660)
Processing edges for vertex: 2100000, range(190705814, 190705822)
Processing edges for vertex: 2200000, range(191052755, 191052764)
Processing edges for vertex: 2300000, range(191302662, 191302663)
Graph populate time: 13.1067
Total I/O time: 15.6428

Regional(EnergyStat) - Time 15.647949 Total energy consumed 631.115475 Ave. Power Level 40.332154 
Running on: 5 threads
Loaded graph from file: pnnl.bin
Memory used: 2949.12
Maximum degree for the graph: 5520
Iteration: 0, conflicts: 4
Iteration: 1, conflicts: 0
Total number of colors used: 1184
Total number of conflicts overall: 0
Number of rounds: 2
SUCCESS: No conflicts found
Coloring time: 1.86136
Memory used: 2949.12
Number of reordered colors: 992
End position for large colors: 0, node count: 550872, largest: 550872
Node count cutoff: 472334
e_xx: 1.23594e+08, a2_x: 6.92479e+11, currMod: 0.645707
e_xx: 1.66228e+08, a2_x: 5.79148e+11, currMod: 0.868458
e_xx: 1.72617e+08, a2_x: 5.70093e+11, currMod: 0.901836
e_xx: 1.75169e+08, a2_x: 4.70668e+11, currMod: 0.915172
e_xx: 1.76385e+08, a2_x: 4.98805e+11, currMod: 0.921526
currMod: 0.915172, prevMod: -1
Louvain time: 26.2047
numClusters: 201219, time: 0.180618
Next phase: 2
Memory used: 2949.12
End Structure 1283378 201219 vs 2766254
Build next level time: 8.72994
Iteration time: 35.1214
Memory used: 2949.12
e_xx: 1.57205e+08, a2_x: 4.96914e+11, currMod: 0.912824
e_xx: 1.65696e+08, a2_x: 2.84596e+11, currMod: 0.962138
e_xx: 1.67141e+08, a2_x: 2.75604e+11, currMod: 0.970527
e_xx: 1.67476e+08, a2_x: 2.27936e+11, currMod: 0.972473
e_xx: 1.67516e+08, a2_x: 2.46745e+11, currMod: 0.97271
e_xx: 1.67607e+08, a2_x: 2.22404e+11, currMod: 0.97324
e_xx: 1.67582e+08, a2_x: 2.4452e+11, currMod: 0.973093
currMod: 0.97324, prevMod: 0.915172
Louvain time: 3.52756
numClusters: 54046, time: 0.02668
Next phase: 3
Memory used: 2949.12
End Structure 556908 54046 vs 1167847
Build next level time: 0.34636
Iteration time: 3.90199
Memory used: 2949.12
e_xx: 1.67607e+08, a2_x: 2.23013e+11, currMod: 0.973214
e_xx: 1.68517e+08, a2_x: 1.05134e+11, currMod: 0.978503
e_xx: 1.68752e+08, a2_x: 9.35544e+10, currMod: 0.979868
e_xx: 1.68799e+08, a2_x: 8.37045e+10, currMod: 0.980138
e_xx: 1.68812e+08, a2_x: 6.67203e+10, currMod: 0.980215
e_xx: 1.68822e+08, a2_x: 6.9142e+10, currMod: 0.980271
e_xx: 1.68822e+08, a2_x: 6.92534e+10, currMod: 0.980274
e_xx: 1.68823e+08, a2_x: 6.39733e+10, currMod: 0.980278
e_xx: 1.68821e+08, a2_x: 6.6165e+10, currMod: 0.980269
currMod: 0.980278, prevMod: 0.97324
Louvain time: 1.97541
numClusters: 24887, time: 0.00823
Next phase: 4
Memory used: 2949.12
End Structure 172014 24887 vs 368915
Build next level time: 0.113446
Iteration time: 2.09797
Memory used: 2949.12
e_xx: 1.68823e+08, a2_x: 6.58104e+10, currMod: 0.980263
e_xx: 1.69028e+08, a2_x: -2.70453e+09, currMod: 0.981456
e_xx: 1.69037e+08, a2_x: -2.30208e+10, currMod: 0.981511
e_xx: 1.69037e+08, a2_x: -3.10652e+10, currMod: 0.98151
currMod: 0.981511, prevMod: 0.980278
Louvain time: 0.368024
numClusters: 22254, time: 0.005066
Next phase: 5
Memory used: 2949.12
End Structure 96913 22254 vs 216080
Build next level time: 0.050252
Iteration time: 0.424181
Memory used: 2949.12
e_xx: 1.69037e+08, a2_x: -2.24114e+10, currMod: 0.981509
e_xx: 1.69041e+08, a2_x: -3.58403e+10, currMod: 0.981528
e_xx: 1.6904e+08, a2_x: -3.56677e+10, currMod: 0.981526
currMod: 0.981528, prevMod: 0.981511
Louvain time: 0.171012
numClusters: 22055, time: 0.0046
Next phase: 6
Memory used: 2949.12
End Structure 87192 22055 vs 196439
Build next level time: 0.043533
Iteration time: 0.21999
Memory used: 2949.12
e_xx: 1.69041e+08, a2_x: -3.47749e+10, currMod: 0.981528
e_xx: 1.69041e+08, a2_x: -4.00353e+10, currMod: 0.98153
e_xx: 1.69041e+08, a2_x: -4.3419e+10, currMod: 0.98153
currMod: 0.98153, prevMod: 0.981528
Louvain time: 0.156222
numClusters: 22013, time: 0.004516
Next phase: 7
Memory used: 2949.12
End Structure 84665 22013 vs 191343
Build next level time: 0.037391
Iteration time: 0.198964
Memory used: 2949.12
e_xx: 1.69041e+08, a2_x: -4.03904e+10, currMod: 0.98153
e_xx: 1.69041e+08, a2_x: -4.13435e+10, currMod: 0.98153
currMod: 0.98153, prevMod: 0.98153
Louvain time: 0.099234
numClusters: 22013, time: 0.004521
Maximum degree for the graph: 505
Iteration: 0, conflicts: 0
Total number of colors used: 188
Total number of conflicts overall: 0
Number of rounds: 1
SUCCESS: No conflicts found
Number of reordered colors: 186
End position for large colors: 0, node count: 21552, largest: 21552
Node count cutoff: 4403
e_xx: 1.69041e+08, a2_x: -4.03006e+10, currMod: 0.98153
End Structure 82959 22003 vs 187921
currMod: 0.98153, prevMod: 0.98153
numClusters: 22003
Total iteration time: 41.9645

Loop 0 <line-37> - Time 0.000984 Total energy consumed 0.040560 Ave. Power Level 41.219973
	-------- Loop 0 (sock 1 consumed 0.018240, avg temp 40.000000, final temp 40 ) ------
	-------- Loop 0 (sock 2 consumed 0.022320, avg temp 35.500000, final temp 36 ) ------
Loop 1 <line-54> - Time 0.000494 Total energy consumed 0.000000 Ave. Power Level 0.000000
	-------- Loop 1 (sock 1 consumed 0.000000, avg temp 40.500000, final temp 41 ) ------
	-------- Loop 1 (sock 2 consumed 0.000000, avg temp 35.500000, final temp 36 ) ------
Loop 2 <line-76> - Time 0.001454 Total energy consumed 0.046740 Ave. Power Level 32.138444
	-------- Loop 2 (sock 1 consumed 0.021180, avg temp 40.500000, final temp 41 ) ------
	-------- Loop 2 (sock 2 consumed 0.025560, avg temp 35.500000, final temp 36 ) ------
Loop 3 <line-170> - Time 1.214347 Total energy consumed 51.574605 Ave. Power Level 42.471054
	-------- Loop 3 (sock 1 consumed 23.429850, avg temp 40.333333, final temp 41 ) ------
	-------- Loop 3 (sock 2 consumed 28.144755, avg temp 35.000000, final temp 35 ) ------
Loop 4 <line-192> - Time 0.000281 Total energy consumed 0.000000 Ave. Power Level 0.000000
	-------- Loop 4 (sock 1 consumed 0.000000, avg temp 40.500000, final temp 41 ) ------
	-------- Loop 4 (sock 2 consumed 0.000000, avg temp 35.000000, final temp 35 ) ------
Loop 5 <line-222> - Time 0.501262 Total energy consumed 21.110160 Ave. Power Level 42.113995
	-------- Loop 5 (sock 1 consumed 11.085090, avg temp 41.000000, final temp 41 ) ------
	-------- Loop 5 (sock 2 consumed 10.025070, avg temp 34.500000, final temp 35 ) ------
Loop 6 <line-116> - Time 0.005458 Total energy consumed 0.269475 Ave. Power Level 49.371196
	-------- Loop 6 (sock 1 consumed 0.137310, avg temp 40.285714, final temp 40 ) ------
	-------- Loop 6 (sock 2 consumed 0.132165, avg temp 35.714286, final temp 35 ) ------
Loop 7 <line-334> - Time 1.021293 Total energy consumed 41.463945 Ave. Power Level 40.599456
	-------- Loop 7 (sock 1 consumed 18.815160, avg temp 40.500000, final temp 40 ) ------
	-------- Loop 7 (sock 2 consumed 22.648785, avg temp 35.375000, final temp 36 ) ------
Loop 8 <line-353> - Time 0.000520 Total energy consumed 0.078810 Ave. Power Level 151.619798
	-------- Loop 8 (sock 1 consumed 0.035835, avg temp 40.500000, final temp 40 ) ------
	-------- Loop 8 (sock 2 consumed 0.042975, avg temp 35.375000, final temp 36 ) ------
Loop 9 <line-375> - Time 0.001256 Total energy consumed 0.000000 Ave. Power Level 0.000000
	-------- Loop 9 (sock 1 consumed 0.000000, avg temp 40.500000, final temp 40 ) ------
	-------- Loop 9 (sock 2 consumed 0.000000, avg temp 35.500000, final temp 36 ) ------
Loop 10 <line-85> - Time 0.202256 Total energy consumed 9.717975 Ave. Power Level 48.047787
	-------- Loop 10 (sock 1 consumed 4.579230, avg temp 40.750000, final temp 40 ) ------
	-------- Loop 10 (sock 2 consumed 5.138745, avg temp 35.500000, final temp 36 ) ------
Loop 11 <line-131> - Time 0.010928 Total energy consumed 0.557115 Ave. Power Level 50.981554
	-------- Loop 11 (sock 1 consumed 0.276045, avg temp 41.000000, final temp 41 ) ------
	-------- Loop 11 (sock 2 consumed 0.281070, avg temp 35.500000, final temp 36 ) ------
Loop 12 <line-167> - Time 0.267225 Total energy consumed 12.667395 Ave. Power Level 47.403559
	-------- Loop 12 (sock 1 consumed 6.013710, avg temp 41.000000, final temp 41 ) ------
	-------- Loop 12 (sock 2 consumed 6.653685, avg temp 35.500000, final temp 35 ) ------
Loop 13 <line-213> - Time 17.670787 Total energy consumed 852.771480 Ave. Power Level 48.258827
	-------- Loop 13 (sock 1 consumed 416.323410, avg temp 41.666667, final temp 41 ) ------
	-------- Loop 13 (sock 2 consumed 436.448070, avg temp 35.500000, final temp 36 ) ------
Loop 14 <line-99> - Time 8.784169 Total energy consumed 363.942090 Ave. Power Level 41.431591
	-------- Loop 14 (sock 1 consumed 181.298010, avg temp 40.142857, final temp 40 ) ------
	-------- Loop 14 (sock 2 consumed 182.644080, avg temp 35.571429, final temp 35 ) ------
Loop 15 <line-160> - Time 0.201229 Total energy consumed 8.551080 Ave. Power Level 42.494250
	-------- Loop 15 (sock 1 consumed 4.320795, avg temp 40.428571, final temp 40 ) ------
	-------- Loop 15 (sock 2 consumed 4.230285, avg temp 35.142857, final temp 36 ) ------
Loop 16 <line-269> - Time 6.260096 Total energy consumed 254.853600 Ave. Power Level 40.710814
	-------- Loop 16 (sock 1 consumed 129.035295, avg temp 40.607143, final temp 40 ) ------
	-------- Loop 16 (sock 2 consumed 125.818305, avg temp 35.500000, final temp 36 ) ------
Loop 17 <line-300> - Time 0.003596 Total energy consumed 0.183135 Ave. Power Level 50.920679
	-------- Loop 17 (sock 1 consumed 0.123750, avg temp 40.636364, final temp 40 ) ------
	-------- Loop 17 (sock 2 consumed 0.059385, avg temp 35.545455, final temp 36 ) ------
Loop 18 <line-148> - Time 0.000769 Total energy consumed 0.000000 Ave. Power Level 0.000000
	-------- Loop 18 (sock 1 consumed 0.000000, avg temp 40.000000, final temp 40 ) ------
	-------- Loop 18 (sock 2 consumed 0.000000, avg temp 36.000000, final temp 36 ) ------
Application(EnergyStat) - Time 59.655342 Total energy consumed 2570.770515 Ave. Power Level 43.093719 Final Temperature socket 1 : 40  socket 2 : 36 
	 ParallelApplication(EnergyStat) - Time 36.148405 Total energy consumed 1617.828165 Ave. Power Level 44.755174
Memory used: 1.32031
Loading 32-bit binary file: pnnl.bin, numvertices: 2361670, numEdges: 191402826
File read time: 2.58199
Before allocating graph
Allocated graph: 0x1298570
Processing edges for vertex: 0, range(0, 166)
Processing edges for vertex: 100000, range(58444108, 58444133)
Processing edges for vertex: 200000, range(84376057, 84376362)
Processing edges for vertex: 300000, range(106069163, 106069503)
Processing edges for vertex: 400000, range(122097114, 122097513)
Processing edges for vertex: 500000, range(135096418, 135096483)
Processing edges for vertex: 600000, range(146097008, 146097061)
Processing edges for vertex: 700000, range(155415410, 155415531)
Processing edges for vertex: 800000, range(162595900, 162595989)
Processing edges for vertex: 900000, range(168508374, 168508464)
Processing edges for vertex: 1000000, range(173203321, 173203442)
Processing edges for vertex: 1100000, range(176935100, 176935110)
Processing edges for vertex: 1200000, range(179876260, 179876270)
Processing edges for vertex: 1300000, range(182240081, 182240092)
Processing edges for vertex: 1400000, range(184224513, 184224521)
Processing edges for vertex: 1500000, range(185795161, 185795170)
Processing edges for vertex: 1600000, range(187104124, 187104130)
Processing edges for vertex: 1700000, range(188148455, 188148461)
Processing edges for vertex: 1800000, range(188997836, 188997842)
Processing edges for vertex: 1900000, range(189691532, 189691535)
Processing edges for vertex: 2000000, range(190254658, 190254660)
Processing edges for vertex: 2100000, range(190705814, 190705822)
Processing edges for vertex: 2200000, range(191052755, 191052764)
Processing edges for vertex: 2300000, range(191302662, 191302663)
Graph populate time: 13.0329
Total I/O time: 15.615

Regional(EnergyStat) - Time 15.620542 Total energy consumed 626.978070 Ave. Power Level 40.138049 
Running on: 5 threads
Loaded graph from file: pnnl.bin
Memory used: 2949.12
Maximum degree for the graph: 5520
Iteration: 0, conflicts: 4
Iteration: 1, conflicts: 0
Total number of colors used: 1182
Total number of conflicts overall: 0
Number of rounds: 2
SUCCESS: No conflicts found
Coloring time: 1.90616
Memory used: 2949.12
Number of reordered colors: 1008
End position for large colors: 0, node count: 550956, largest: 550956
Node count cutoff: 472334
e_xx: 1.20283e+08, a2_x: 5.79374e+11, currMod: 0.628413
e_xx: 1.64263e+08, a2_x: 5.35988e+11, currMod: 0.85819
e_xx: 1.7129e+08, a2_x: 5.76351e+11, currMod: 0.894902
e_xx: 1.74303e+08, a2_x: 4.99868e+11, currMod: 0.910647
e_xx: 1.76006e+08, a2_x: 4.99952e+11, currMod: 0.919546
currMod: 0.910647, prevMod: -1
Louvain time: 26.3721
numClusters: 201624, time: 0.18061
Next phase: 2
Memory used: 2949.12
End Structure 1297053 201624 vs 2794095
Build next level time: 8.19751
Iteration time: 34.757
Memory used: 2949.12
e_xx: 1.561e+08, a2_x: 5.01833e+11, currMod: 0.910244
e_xx: 1.64887e+08, a2_x: 3.30478e+11, currMod: 0.961487
e_xx: 1.66147e+08, a2_x: 2.88164e+11, currMod: 0.968836
e_xx: 1.6653e+08, a2_x: 2.89516e+11, currMod: 0.971069
e_xx: 1.66526e+08, a2_x: 3.01482e+11, currMod: 0.971047
currMod: 0.971069, prevMod: 0.910647
Louvain time: 2.7109
numClusters: 61026, time: 0.027374
Next phase: 3
Memory used: 2949.12
End Structure 686095 61026 vs 1433203
Build next level time: 0.358127
Iteration time: 3.09763
Memory used: 2949.12
e_xx: 1.6653e+08, a2_x: 2.92327e+11, currMod: 0.971048
e_xx: 1.67698e+08, a2_x: 9.67758e+10, currMod: 0.977868
e_xx: 1.67815e+08, a2_x: 1.00602e+11, currMod: 0.97855
e_xx: 1.67947e+08, a2_x: 8.26123e+10, currMod: 0.979318
e_xx: 1.67949e+08, a2_x: 4.78878e+10, currMod: 0.979334
e_xx: 1.67979e+08, a2_x: 8.15075e+10, currMod: 0.979507
e_xx: 1.67961e+08, a2_x: 5.10189e+10, currMod: 0.9794
currMod: 0.979507, prevMod: 0.971069
Louvain time: 1.89628
numClusters: 25929, time: 0.008391
Next phase: 4
Memory used: 2949.12
End Structure 202860 25929 vs 431649
Build next level time: 0.151429
Iteration time: 2.05697
Memory used: 2949.12
e_xx: 1.67979e+08, a2_x: 8.38907e+10, currMod: 0.979489
e_xx: 1.68088e+08, a2_x: -2.09321e+10, currMod: 0.980127
e_xx: 1.68137e+08, a2_x: -3.51779e+10, currMod: 0.98041
e_xx: 1.68101e+08, a2_x: 2.90974e+08, currMod: 0.980204
currMod: 0.98041, prevMod: 0.979507
Louvain time: 0.409916
numClusters: 22356, time: 0.00519
Next phase: 5
Memory used: 2949.12
End Structure 103811 22356 vs 229978
Build next level time: 0.055947
Iteration time: 0.471924
Memory used: 2949.12
e_xx: 1.68137e+08, a2_x: -3.57923e+10, currMod: 0.980408
e_xx: 1.68146e+08, a2_x: -2.4525e+10, currMod: 0.980464
e_xx: 1.68146e+08, a2_x: -2.07143e+10, currMod: 0.980465
e_xx: 1.68151e+08, a2_x: -1.60924e+10, currMod: 0.980491
e_xx: 1.68149e+08, a2_x: -2.08258e+10, currMod: 0.980478
currMod: 0.980491, prevMod: 0.98041
Louvain time: 0.278466
numClusters: 21969, time: 0.004603
Next phase: 6
Memory used: 2949.12
End Structure 71732 21969 vs 165433
Build next level time: 0.036234
Iteration time: 0.320144
Memory used: 2949.12
e_xx: 1.68151e+08, a2_x: -1.43846e+10, currMod: 0.980491
e_xx: 1.68151e+08, a2_x: -1.01983e+10, currMod: 0.980492
currMod: 0.980491, prevMod: 0.980491
Louvain time: 0.079155
numClusters: 21969, time: 0.004515
Maximum degree for the graph: 467
Iteration: 0, conflicts: 0
Total number of colors used: 181
Total number of conflicts overall: 0
Number of rounds: 1
SUCCESS: No conflicts found
Number of reordered colors: 179
End position for large colors: 0, node count: 21548, largest: 21548
Node count cutoff: 4394
e_xx: 1.68178e+08, a2_x: -1.75975e+09, currMod: 0.98065
e_xx: 1.68746e+08, a2_x: -2.85131e+09, currMod: 0.983963
e_xx: 1.68812e+08, a2_x: -7.43444e+08, currMod: 0.984345
e_xx: 1.68814e+08, a2_x: 4.55555e+09, currMod: 0.984359
e_xx: 1.68877e+08, a2_x: -1.46794e+09, currMod: 0.984726
e_xx: 1.68892e+08, a2_x: -4.89333e+09, currMod: 0.984811
e_xx: 1.71191e+08, a2_x: -9.07442e+09, currMod: 0.998219
e_xx: 1.7119e+08, a2_x: -1.3647e+09, currMod: 0.998211
End Structure 432 21565 vs 22429
currMod: 0.998219, prevMod: 0.980491
numClusters: 21565
Total iteration time: 40.7036

Loop 0 <line-37> - Time 0.000978 Total energy consumed 0.057945 Ave. Power Level 59.278469
	-------- Loop 0 (sock 1 consumed 0.035745, avg temp 40.500000, final temp 41 ) ------
	-------- Loop 0 (sock 2 consumed 0.022200, avg temp 35.500000, final temp 36 ) ------
Loop 1 <line-54> - Time 0.000492 Total energy consumed 0.000000 Ave. Power Level 0.000000
	-------- Loop 1 (sock 1 consumed 0.000000, avg temp 40.500000, final temp 41 ) ------
	-------- Loop 1 (sock 2 consumed 0.000000, avg temp 35.500000, final temp 36 ) ------
Loop 2 <line-76> - Time 0.001459 Total energy consumed 0.091635 Ave. Power Level 62.788642
	-------- Loop 2 (sock 1 consumed 0.041145, avg temp 40.500000, final temp 41 ) ------
	-------- Loop 2 (sock 2 consumed 0.050490, avg temp 35.500000, final temp 36 ) ------
Loop 3 <line-170> - Time 1.278364 Total energy consumed 54.107805 Ave. Power Level 42.325816
	-------- Loop 3 (sock 1 consumed 25.172475, avg temp 41.000000, final temp 41 ) ------
	-------- Loop 3 (sock 2 consumed 28.935330, avg temp 35.333333, final temp 36 ) ------
Loop 4 <line-192> - Time 0.000286 Total energy consumed 0.000000 Ave. Power Level 0.000000
	-------- Loop 4 (sock 1 consumed 0.000000, avg temp 41.000000, final temp 41 ) ------
	-------- Loop 4 (sock 2 consumed 0.000000, avg temp 35.500000, final temp 36 ) ------
Loop 5 <line-222> - Time 0.480665 Total energy consumed 20.348700 Ave. Power Level 42.334499
	-------- Loop 5 (sock 1 consumed 9.595875, avg temp 41.000000, final temp 41 ) ------
	-------- Loop 5 (sock 2 consumed 10.752825, avg temp 35.500000, final temp 36 ) ------
Loop 6 <line-116> - Time 0.004718 Total energy consumed 0.185175 Ave. Power Level 39.246235
	-------- Loop 6 (sock 1 consumed 0.101610, avg temp 40.666667, final temp 41 ) ------
	-------- Loop 6 (sock 2 consumed 0.083565, avg temp 35.166667, final temp 35 ) ------
Loop 7 <line-334> - Time 1.036060 Total energy consumed 42.102015 Ave. Power Level 40.636662
	-------- Loop 7 (sock 1 consumed 19.921410, avg temp 40.571429, final temp 41 ) ------
	-------- Loop 7 (sock 2 consumed 22.180605, avg temp 35.285714, final temp 35 ) ------
Loop 8 <line-353> - Time 0.000536 Total energy consumed 0.078750 Ave. Power Level 146.968529
	-------- Loop 8 (sock 1 consumed 0.036585, avg temp 40.428571, final temp 41 ) ------
	-------- Loop 8 (sock 2 consumed 0.042165, avg temp 35.142857, final temp 35 ) ------
Loop 9 <line-375> - Time 0.001275 Total energy consumed 0.000000 Ave. Power Level 0.000000
	-------- Loop 9 (sock 1 consumed 0.000000, avg temp 40.714286, final temp 41 ) ------
	-------- Loop 9 (sock 2 consumed 0.000000, avg temp 35.285714, final temp 35 ) ------
Loop 10 <line-85> - Time 0.210842 Total energy consumed 9.958545 Ave. Power Level 47.232266
	-------- Loop 10 (sock 1 consumed 4.752405, avg temp 41.000000, final temp 41 ) ------
	-------- Loop 10 (sock 2 consumed 5.206140, avg temp 35.250000, final temp 36 ) ------
Loop 11 <line-131> - Time 0.010949 Total energy consumed 0.485730 Ave. Power Level 44.362615
	-------- Loop 11 (sock 1 consumed 0.230565, avg temp 41.000000, final temp 41 ) ------
	-------- Loop 11 (sock 2 consumed 0.255165, avg temp 35.500000, final temp 35 ) ------
Loop 12 <line-167> - Time 0.278314 Total energy consumed 13.211865 Ave. Power Level 47.471079
	-------- Loop 12 (sock 1 consumed 6.291900, avg temp 41.000000, final temp 41 ) ------
	-------- Loop 12 (sock 2 consumed 6.919965, avg temp 35.500000, final temp 35 ) ------
Loop 13 <line-213> - Time 17.879377 Total energy consumed 862.292610 Ave. Power Level 48.228336
	-------- Loop 13 (sock 1 consumed 415.686840, avg temp 41.923077, final temp 41 ) ------
	-------- Loop 13 (sock 2 consumed 446.605770, avg temp 35.384615, final temp 35 ) ------
Loop 14 <line-99> - Time 8.229976 Total energy consumed 340.181130 Ave. Power Level 41.334403
	-------- Loop 14 (sock 1 consumed 179.891655, avg temp 40.666667, final temp 41 ) ------
	-------- Loop 14 (sock 2 consumed 160.289475, avg temp 35.000000, final temp 35 ) ------
Loop 15 <line-160> - Time 0.200608 Total energy consumed 8.591460 Ave. Power Level 42.827204
	-------- Loop 15 (sock 1 consumed 4.163100, avg temp 40.833333, final temp 41 ) ------
	-------- Loop 15 (sock 2 consumed 4.428360, avg temp 35.166667, final temp 35 ) ------
Loop 16 <line-269> - Time 5.338244 Total energy consumed 217.713150 Ave. Power Level 40.783663
	-------- Loop 16 (sock 1 consumed 109.443780, avg temp 40.739130, final temp 40 ) ------
	-------- Loop 16 (sock 2 consumed 108.269370, avg temp 35.130435, final temp 36 ) ------
Loop 17 <line-300> - Time 0.002691 Total energy consumed 0.018795 Ave. Power Level 6.983910
	-------- Loop 17 (sock 1 consumed 0.000000, avg temp 40.888889, final temp 40 ) ------
	-------- Loop 17 (sock 2 consumed 0.018795, avg temp 35.055556, final temp 35 ) ------
Loop 18 <line-148> - Time 0.000788 Total energy consumed 0.063150 Ave. Power Level 80.099747
	-------- Loop 18 (sock 1 consumed 0.021510, avg temp 41.000000, final temp 41 ) ------
	-------- Loop 18 (sock 2 consumed 0.041640, avg temp 36.000000, final temp 36 ) ------
Application(EnergyStat) - Time 58.414753 Total energy consumed 2518.996050 Ave. Power Level 43.122601 Final Temperature socket 1 : 41  socket 2 : 35 
	 ParallelApplication(EnergyStat) - Time 34.956621 Total energy consumed 1569.488460 Ave. Power Level 44.898174
Memory used: 1.32031
Loading 32-bit binary file: pnnl.bin, numvertices: 2361670, numEdges: 191402826
File read time: 2.53487
Before allocating graph
Allocated graph: 0xd99570
Processing edges for vertex: 0, range(0, 166)
Processing edges for vertex: 100000, range(58444108, 58444133)
Processing edges for vertex: 200000, range(84376057, 84376362)
Processing edges for vertex: 300000, range(106069163, 106069503)
Processing edges for vertex: 400000, range(122097114, 122097513)
Processing edges for vertex: 500000, range(135096418, 135096483)
Processing edges for vertex: 600000, range(146097008, 146097061)
Processing edges for vertex: 700000, range(155415410, 155415531)
Processing edges for vertex: 800000, range(162595900, 162595989)
Processing edges for vertex: 900000, range(168508374, 168508464)
Processing edges for vertex: 1000000, range(173203321, 173203442)
Processing edges for vertex: 1100000, range(176935100, 176935110)
Processing edges for vertex: 1200000, range(179876260, 179876270)
Processing edges for vertex: 1300000, range(182240081, 182240092)
Processing edges for vertex: 1400000, range(184224513, 184224521)
Processing edges for vertex: 1500000, range(185795161, 185795170)
Processing edges for vertex: 1600000, range(187104124, 187104130)
Processing edges for vertex: 1700000, range(188148455, 188148461)
Processing edges for vertex: 1800000, range(188997836, 188997842)
Processing edges for vertex: 1900000, range(189691532, 189691535)
Processing edges for vertex: 2000000, range(190254658, 190254660)
Processing edges for vertex: 2100000, range(190705814, 190705822)
Processing edges for vertex: 2200000, range(191052755, 191052764)
Processing edges for vertex: 2300000, range(191302662, 191302663)
Graph populate time: 12.9469
Total I/O time: 15.4818

Regional(EnergyStat) - Time 15.486980 Total energy consumed 622.194795 Ave. Power Level 40.175348 
Running on: 5 threads
Loaded graph from file: pnnl.bin
Memory used: 2949.12
Maximum degree for the graph: 5520
Iteration: 0, conflicts: 1
Iteration: 1, conflicts: 0
Total number of colors used: 1180
Total number of conflicts overall: 0
Number of rounds: 2
SUCCESS: No conflicts found
Coloring time: 1.80998
Memory used: 2949.12
Number of reordered colors: 1002
End position for large colors: 0, node count: 550820, largest: 550820
Node count cutoff: 472334
e_xx: 1.239e+08, a2_x: 6.80139e+11, currMod: 0.647308
e_xx: 1.66937e+08, a2_x: 5.53082e+11, currMod: 0.872163
e_xx: 1.73308e+08, a2_x: 5.18015e+11, currMod: 0.90545
e_xx: 1.7564e+08, a2_x: 5.05315e+11, currMod: 0.917632
e_xx: 1.76671e+08, a2_x: 4.96141e+11, currMod: 0.923021
currMod: 0.917632, prevMod: -1
Louvain time: 26.0001
numClusters: 201780, time: 0.180512
Next phase: 2
Memory used: 2949.12
End Structure 1305475 201780 vs 2811045
Build next level time: 8.07509
Iteration time: 34.2614
Memory used: 2949.12
e_xx: 1.57072e+08, a2_x: 4.94972e+11, currMod: 0.914277
e_xx: 1.65368e+08, a2_x: 3.51937e+11, currMod: 0.962572
e_xx: 1.66705e+08, a2_x: 2.79699e+11, currMod: 0.970353
e_xx: 1.67107e+08, a2_x: 2.53148e+11, currMod: 0.972696
e_xx: 1.67182e+08, a2_x: 2.60893e+11, currMod: 0.973129
e_xx: 1.67331e+08, a2_x: 2.40889e+11, currMod: 0.973999
e_xx: 1.67297e+08, a2_x: 2.48105e+11, currMod: 0.973803
currMod: 0.973999, prevMod: 0.917632
Louvain time: 3.58933
numClusters: 55461, time: 0.026108
Next phase: 3
Memory used: 2949.12
End Structure 582158 55461 vs 1219765
Build next level time: 0.337599
Iteration time: 3.95426
Memory used: 2949.12
e_xx: 1.67331e+08, a2_x: 2.39983e+11, currMod: 0.973974
e_xx: 1.68174e+08, a2_x: 9.23253e+10, currMod: 0.978887
e_xx: 1.68268e+08, a2_x: 9.46974e+10, currMod: 0.979433
e_xx: 1.68369e+08, a2_x: 4.8396e+10, currMod: 0.980023
e_xx: 1.68305e+08, a2_x: 4.49694e+10, currMod: 0.97965
currMod: 0.980023, prevMod: 0.973999
Louvain time: 1.18516
numClusters: 26136, time: 0.008311
Next phase: 4
Memory used: 2949.12
End Structure 192397 26136 vs 410930
Build next level time: 0.11471
Iteration time: 1.30903
Memory used: 2949.12
e_xx: 1.68369e+08, a2_x: 4.75152e+10, currMod: 0.980009
e_xx: 1.68601e+08, a2_x: -9.82467e+09, currMod: 0.98136
e_xx: 1.6862e+08, a2_x: -6.68629e+09, currMod: 0.981473
e_xx: 1.6862e+08, a2_x: -2.43178e+10, currMod: 0.981474
currMod: 0.981473, prevMod: 0.980023
Louvain time: 0.398526
numClusters: 22312, time: 0.005211
Next phase: 5
Memory used: 2949.12
End Structure 101134 22312 vs 224580
Build next level time: 0.059467
Iteration time: 0.464063
Memory used: 2949.12
e_xx: 1.6862e+08, a2_x: -7.17508e+09, currMod: 0.981471
e_xx: 1.68624e+08, a2_x: -1.59612e+10, currMod: 0.981494
e_xx: 1.68625e+08, a2_x: -1.17321e+09, currMod: 0.981499
e_xx: 1.68629e+08, a2_x: -1.88001e+10, currMod: 0.981522
e_xx: 1.68629e+08, a2_x: -9.35448e+09, currMod: 0.981522
currMod: 0.981522, prevMod: 0.981473
Louvain time: 0.27533
numClusters: 21967, time: 0.004578
Next phase: 6
Memory used: 2949.12
End Structure 66048 21967 vs 154063
Build next level time: 0.037765
Iteration time: 0.318526
Memory used: 2949.12
e_xx: 1.68629e+08, a2_x: -2.06609e+10, currMod: 0.981521
e_xx: 1.68629e+08, a2_x: -1.67711e+10, currMod: 0.981523
e_xx: 1.68629e+08, a2_x: -1.82138e+10, currMod: 0.981524
currMod: 0.981523, prevMod: 0.981522
Louvain time: 0.110601
numClusters: 21941, time: 0.004524
Next phase: 7
Memory used: 2949.12
End Structure 62821 21941 vs 147583
Build next level time: 0.029845
Iteration time: 0.1458
Memory used: 2949.12
e_xx: 1.68629e+08, a2_x: -1.65972e+10, currMod: 0.981523
e_xx: 1.68629e+08, a2_x: -1.49501e+10, currMod: 0.981523
currMod: 0.981523, prevMod: 0.981523
Louvain time: 0.072145
numClusters: 21941, time: 0.004544
Maximum degree for the graph: 436
Iteration: 0, conflicts: 0
Total number of colors used: 169
Total number of conflicts overall: 0
Number of rounds: 1
SUCCESS: No conflicts found
Number of reordered colors: 168
End position for large colors: 0, node count: 21550, largest: 21550
Node count cutoff: 4389
e_xx: 1.68629e+08, a2_x: -1.49501e+10, currMod: 0.981523
End Structure 62492 21937 vs 146921
currMod: 0.981523, prevMod: 0.981523
numClusters: 21937
Total iteration time: 40.4531

Loop 0 <line-37> - Time 0.000976 Total energy consumed 0.039675 Ave. Power Level 40.670075
	-------- Loop 0 (sock 1 consumed 0.039675, avg temp 40.000000, final temp 41 ) ------
	-------- Loop 0 (sock 2 consumed 0.000000, avg temp 35.000000, final temp 36 ) ------
Loop 1 <line-54> - Time 0.000472 Total energy consumed 0.000000 Ave. Power Level 0.000000
	-------- Loop 1 (sock 1 consumed 0.000000, avg temp 40.500000, final temp 41 ) ------
	-------- Loop 1 (sock 2 consumed 0.000000, avg temp 35.500000, final temp 36 ) ------
Loop 2 <line-76> - Time 0.001465 Total energy consumed 0.047445 Ave. Power Level 32.394776
	-------- Loop 2 (sock 1 consumed 0.022455, avg temp 40.500000, final temp 41 ) ------
	-------- Loop 2 (sock 2 consumed 0.024990, avg temp 35.000000, final temp 36 ) ------
Loop 3 <line-170> - Time 1.213309 Total energy consumed 51.592200 Ave. Power Level 42.521894
	-------- Loop 3 (sock 1 consumed 23.417700, avg temp 40.333333, final temp 41 ) ------
	-------- Loop 3 (sock 2 consumed 28.174500, avg temp 35.333333, final temp 36 ) ------
Loop 4 <line-192> - Time 0.000298 Total energy consumed 0.041070 Ave. Power Level 137.802145
	-------- Loop 4 (sock 1 consumed 0.018765, avg temp 40.000000, final temp 41 ) ------
	-------- Loop 4 (sock 2 consumed 0.022305, avg temp 35.500000, final temp 36 ) ------
Loop 5 <line-222> - Time 0.450390 Total energy consumed 19.188900 Ave. Power Level 42.605061
	-------- Loop 5 (sock 1 consumed 8.884035, avg temp 40.500000, final temp 41 ) ------
	-------- Loop 5 (sock 2 consumed 10.304865, avg temp 35.500000, final temp 36 ) ------
Loop 6 <line-116> - Time 0.005481 Total energy consumed 0.183330 Ave. Power Level 33.448947
	-------- Loop 6 (sock 1 consumed 0.073035, avg temp 40.000000, final temp 40 ) ------
	-------- Loop 6 (sock 2 consumed 0.110295, avg temp 35.857143, final temp 36 ) ------
Loop 7 <line-334> - Time 1.022027 Total energy consumed 41.497560 Ave. Power Level 40.603187
	-------- Loop 7 (sock 1 consumed 18.874950, avg temp 40.250000, final temp 41 ) ------
	-------- Loop 7 (sock 2 consumed 22.622610, avg temp 35.875000, final temp 36 ) ------
Loop 8 <line-353> - Time 0.000553 Total energy consumed 0.101070 Ave. Power Level 182.920870
	-------- Loop 8 (sock 1 consumed 0.059580, avg temp 40.250000, final temp 41 ) ------
	-------- Loop 8 (sock 2 consumed 0.041490, avg temp 35.875000, final temp 36 ) ------
Loop 9 <line-375> - Time 0.001270 Total energy consumed 0.000000 Ave. Power Level 0.000000
	-------- Loop 9 (sock 1 consumed 0.000000, avg temp 40.125000, final temp 41 ) ------
	-------- Loop 9 (sock 2 consumed 0.000000, avg temp 36.000000, final temp 36 ) ------
Loop 10 <line-85> - Time 0.213509 Total energy consumed 10.030590 Ave. Power Level 46.979739
	-------- Loop 10 (sock 1 consumed 4.765770, avg temp 40.500000, final temp 41 ) ------
	-------- Loop 10 (sock 2 consumed 5.264820, avg temp 35.500000, final temp 36 ) ------
Loop 11 <line-131> - Time 0.010979 Total energy consumed 0.603600 Ave. Power Level 54.975952
	-------- Loop 11 (sock 1 consumed 0.298425, avg temp 40.500000, final temp 41 ) ------
	-------- Loop 11 (sock 2 consumed 0.305175, avg temp 35.500000, final temp 36 ) ------
Loop 12 <line-167> - Time 0.307198 Total energy consumed 14.530635 Ave. Power Level 47.300524
	-------- Loop 12 (sock 1 consumed 6.905640, avg temp 40.500000, final temp 41 ) ------
	-------- Loop 12 (sock 2 consumed 7.624995, avg temp 36.000000, final temp 37 ) ------
Loop 13 <line-213> - Time 17.370679 Total energy consumed 842.103045 Ave. Power Level 48.478417
	-------- Loop 13 (sock 1 consumed 403.186050, avg temp 41.666667, final temp 41 ) ------
	-------- Loop 13 (sock 2 consumed 438.916995, avg temp 35.500000, final temp 37 ) ------
Loop 14 <line-99> - Time 8.096437 Total energy consumed 335.775810 Ave. Power Level 41.472049
	-------- Loop 14 (sock 1 consumed 159.847470, avg temp 40.142857, final temp 40 ) ------
	-------- Loop 14 (sock 2 consumed 175.928340, avg temp 35.714286, final temp 36 ) ------
Loop 15 <line-160> - Time 0.204646 Total energy consumed 8.729130 Ave. Power Level 42.654734
	-------- Loop 15 (sock 1 consumed 4.130895, avg temp 40.428571, final temp 41 ) ------
	-------- Loop 15 (sock 2 consumed 4.598235, avg temp 36.000000, final temp 36 ) ------
Loop 16 <line-269> - Time 5.593826 Total energy consumed 227.008245 Ave. Power Level 40.581929
	-------- Loop 16 (sock 1 consumed 109.965375, avg temp 40.346154, final temp 41 ) ------
	-------- Loop 16 (sock 2 consumed 117.042870, avg temp 35.961538, final temp 35 ) ------
Loop 17 <line-300> - Time 0.003366 Total energy consumed 0.178620 Ave. Power Level 53.069454
	-------- Loop 17 (sock 1 consumed 0.092355, avg temp 40.200000, final temp 41 ) ------
	-------- Loop 17 (sock 2 consumed 0.086265, avg temp 35.950000, final temp 36 ) ------
Loop 18 <line-148> - Time 0.000784 Total energy consumed 0.042825 Ave. Power Level 54.615644
	-------- Loop 18 (sock 1 consumed 0.020190, avg temp 41.000000, final temp 41 ) ------
	-------- Loop 18 (sock 2 consumed 0.022635, avg temp 36.000000, final temp 36 ) ------
Application(EnergyStat) - Time 57.888548 Total energy consumed 2497.243965 Ave. Power Level 43.138826 Final Temperature socket 1 : 41  socket 2 : 36 
	 ParallelApplication(EnergyStat) - Time 34.497664 Total energy consumed 1551.693750 Ave. Power Level 44.979676
Memory used: 1.32031
Loading 32-bit binary file: pnnl.bin, numvertices: 2361670, numEdges: 191402826
File read time: 2.53267
Before allocating graph
Allocated graph: 0x96d570
Processing edges for vertex: 0, range(0, 166)
Processing edges for vertex: 100000, range(58444108, 58444133)
Processing edges for vertex: 200000, range(84376057, 84376362)
Processing edges for vertex: 300000, range(106069163, 106069503)
Processing edges for vertex: 400000, range(122097114, 122097513)
Processing edges for vertex: 500000, range(135096418, 135096483)
Processing edges for vertex: 600000, range(146097008, 146097061)
Processing edges for vertex: 700000, range(155415410, 155415531)
Processing edges for vertex: 800000, range(162595900, 162595989)
Processing edges for vertex: 900000, range(168508374, 168508464)
Processing edges for vertex: 1000000, range(173203321, 173203442)
Processing edges for vertex: 1100000, range(176935100, 176935110)
Processing edges for vertex: 1200000, range(179876260, 179876270)
Processing edges for vertex: 1300000, range(182240081, 182240092)
Processing edges for vertex: 1400000, range(184224513, 184224521)
Processing edges for vertex: 1500000, range(185795161, 185795170)
Processing edges for vertex: 1600000, range(187104124, 187104130)
Processing edges for vertex: 1700000, range(188148455, 188148461)
Processing edges for vertex: 1800000, range(188997836, 188997842)
Processing edges for vertex: 1900000, range(189691532, 189691535)
Processing edges for vertex: 2000000, range(190254658, 190254660)
Processing edges for vertex: 2100000, range(190705814, 190705822)
Processing edges for vertex: 2200000, range(191052755, 191052764)
Processing edges for vertex: 2300000, range(191302662, 191302663)
Graph populate time: 13.1056
Total I/O time: 15.6383

Regional(EnergyStat) - Time 15.643637 Total energy consumed 634.276335 Ave. Power Level 40.545325 
Running on: 5 threads
Loaded graph from file: pnnl.bin
Memory used: 2949.12
Maximum degree for the graph: 5520
Iteration: 0, conflicts: 5
Iteration: 1, conflicts: 0
Total number of colors used: 1180
Total number of conflicts overall: 0
Number of rounds: 2
SUCCESS: No conflicts found
Coloring time: 1.86685
Memory used: 2949.12
Number of reordered colors: 1022
End position for large colors: 0, node count: 550817, largest: 550817
Node count cutoff: 472334
e_xx: 1.24103e+08, a2_x: 5.84765e+11, currMod: 0.64837
e_xx: 1.64419e+08, a2_x: 5.58388e+11, currMod: 0.859006
e_xx: 1.70273e+08, a2_x: 4.90175e+11, currMod: 0.88959
e_xx: 1.72622e+08, a2_x: 4.66659e+11, currMod: 0.901863
e_xx: 1.73633e+08, a2_x: 5.07412e+11, currMod: 0.907145
currMod: 0.901863, prevMod: -1
Louvain time: 26.0882
numClusters: 201113, time: 0.180976
Next phase: 2
Memory used: 2949.12
End Structure 1289276 201113 vs 2777904
Build next level time: 8.38562
Iteration time: 34.6614
Memory used: 2949.12
e_xx: 1.68292e+08, a2_x: 5.08597e+11, currMod: 0.904509
e_xx: 1.7853e+08, a2_x: 3.83891e+11, currMod: 0.959543
e_xx: 1.8088e+08, a2_x: 3.11389e+11, currMod: 0.972171
e_xx: 1.8134e+08, a2_x: 3.04652e+11, currMod: 0.974644
e_xx: 1.81356e+08, a2_x: 3.19831e+11, currMod: 0.974732
e_xx: 1.81485e+08, a2_x: 3.00478e+11, currMod: 0.975425
e_xx: 1.81442e+08, a2_x: 2.98806e+11, currMod: 0.975193
currMod: 0.975425, prevMod: 0.901863
Louvain time: 3.47882
numClusters: 52426, time: 0.025509
Next phase: 3
Memory used: 2949.12
End Structure 516282 52426 vs 1084976
Build next level time: 0.329691
Iteration time: 3.83518
Memory used: 2949.12
e_xx: 1.81484e+08, a2_x: 3.02214e+11, currMod: 0.975416
e_xx: 1.82427e+08, a2_x: 5.78581e+10, currMod: 0.980491
e_xx: 1.82443e+08, a2_x: 1.03987e+11, currMod: 0.980575
e_xx: 1.82596e+08, a2_x: 6.23825e+10, currMod: 0.981397
e_xx: 1.82492e+08, a2_x: 6.68202e+10, currMod: 0.980837
currMod: 0.981397, prevMod: 0.975425
Louvain time: 1.09479
numClusters: 25385, time: 0.008119
Next phase: 4
Memory used: 2949.12
End Structure 168671 25385 vs 362727
Build next level time: 0.113312
Iteration time: 1.21708
Memory used: 2949.12
e_xx: 1.82596e+08, a2_x: 6.17781e+10, currMod: 0.981378
e_xx: 1.82826e+08, a2_x: -2.22357e+10, currMod: 0.982615
e_xx: 1.8284e+08, a2_x: -3.65233e+10, currMod: 0.982691
e_xx: 1.82841e+08, a2_x: -4.03423e+10, currMod: 0.982698
e_xx: 1.82842e+08, a2_x: -4.66469e+10, currMod: 0.982703
e_xx: 1.82842e+08, a2_x: -3.34688e+10, currMod: 0.982703
currMod: 0.982703, prevMod: 0.981397
Louvain time: 0.5159
numClusters: 22139, time: 0.00515
Next phase: 5
Memory used: 2949.12
End Structure 82915 22139 vs 187969
Build next level time: 0.045114
Iteration time: 0.566988
Memory used: 2949.12
e_xx: 1.82842e+08, a2_x: -4.53403e+10, currMod: 0.9827
e_xx: 1.82844e+08, a2_x: -4.94346e+10, currMod: 0.982714
e_xx: 1.82844e+08, a2_x: -4.2873e+10, currMod: 0.982714
currMod: 0.982714, prevMod: 0.982703
Louvain time: 0.139883
numClusters: 22003, time: 0.004556
Next phase: 6
Memory used: 2949.12
End Structure 75006 22003 vs 172015
Build next level time: 0.03906
Iteration time: 0.184327
Memory used: 2949.12
e_xx: 1.82844e+08, a2_x: -4.94346e+10, currMod: 0.982714
e_xx: 1.82844e+08, a2_x: -4.15654e+10, currMod: 0.982714
currMod: 0.982714, prevMod: 0.982714
Louvain time: 0.083749
numClusters: 22003, time: 0.004569
Maximum degree for the graph: 488
Iteration: 0, conflicts: 0
Total number of colors used: 178
Total number of conflicts overall: 0
Number of rounds: 1
SUCCESS: No conflicts found
Number of reordered colors: 175
End position for large colors: 0, node count: 21568, largest: 21568
Node count cutoff: 4401
e_xx: 1.82934e+08, a2_x: -3.65078e+10, currMod: 0.983193
e_xx: 1.85548e+08, a2_x: -1.85941e+10, currMod: 0.997241
e_xx: 1.85663e+08, a2_x: -7.68981e+09, currMod: 0.997862
e_xx: 1.85605e+08, a2_x: -5.68622e+08, currMod: 0.997551
End Structure 583 21589 vs 22755
currMod: 0.997862, prevMod: 0.982714
numClusters: 21589
Total iteration time: 40.465

Loop 0 <line-37> - Time 0.001005 Total energy consumed 0.040875 Ave. Power Level 40.674799
	-------- Loop 0 (sock 1 consumed 0.021855, avg temp 40.500000, final temp 41 ) ------
	-------- Loop 0 (sock 2 consumed 0.019020, avg temp 35.000000, final temp 35 ) ------
Loop 1 <line-54> - Time 0.000549 Total energy consumed 0.040005 Ave. Power Level 72.858236
	-------- Loop 1 (sock 1 consumed 0.021360, avg temp 40.500000, final temp 41 ) ------
	-------- Loop 1 (sock 2 consumed 0.018645, avg temp 35.000000, final temp 35 ) ------
Loop 2 <line-76> - Time 0.001464 Total energy consumed 0.072990 Ave. Power Level 49.870490
	-------- Loop 2 (sock 1 consumed 0.028395, avg temp 40.500000, final temp 41 ) ------
	-------- Loop 2 (sock 2 consumed 0.044595, avg temp 35.000000, final temp 35 ) ------
Loop 3 <line-170> - Time 1.218401 Total energy consumed 52.202430 Ave. Power Level 42.845032
	-------- Loop 3 (sock 1 consumed 27.838035, avg temp 40.333333, final temp 41 ) ------
	-------- Loop 3 (sock 2 consumed 24.364395, avg temp 35.333333, final temp 34 ) ------
Loop 4 <line-192> - Time 0.000277 Total energy consumed 0.000000 Ave. Power Level 0.000000
	-------- Loop 4 (sock 1 consumed 0.000000, avg temp 40.500000, final temp 41 ) ------
	-------- Loop 4 (sock 2 consumed 0.000000, avg temp 35.000000, final temp 34 ) ------
Loop 5 <line-222> - Time 0.501456 Total energy consumed 21.171990 Ave. Power Level 42.220995
	-------- Loop 5 (sock 1 consumed 9.754290, avg temp 40.500000, final temp 41 ) ------
	-------- Loop 5 (sock 2 consumed 11.417700, avg temp 34.500000, final temp 34 ) ------
Loop 6 <line-116> - Time 0.004635 Total energy consumed 0.292290 Ave. Power Level 63.056972
	-------- Loop 6 (sock 1 consumed 0.117840, avg temp 40.833333, final temp 41 ) ------
	-------- Loop 6 (sock 2 consumed 0.174450, avg temp 35.166667, final temp 35 ) ------
Loop 7 <line-334> - Time 1.018208 Total energy consumed 41.839365 Ave. Power Level 41.091183
	-------- Loop 7 (sock 1 consumed 21.726495, avg temp 41.285714, final temp 41 ) ------
	-------- Loop 7 (sock 2 consumed 20.112870, avg temp 34.857143, final temp 34 ) ------
Loop 8 <line-353> - Time 0.000469 Total energy consumed 0.000000 Ave. Power Level 0.000000
	-------- Loop 8 (sock 1 consumed 0.000000, avg temp 41.285714, final temp 41 ) ------
	-------- Loop 8 (sock 2 consumed 0.000000, avg temp 34.857143, final temp 34 ) ------
Loop 9 <line-375> - Time 0.001278 Total energy consumed 0.052860 Ave. Power Level 41.345650
	-------- Loop 9 (sock 1 consumed 0.028170, avg temp 41.142857, final temp 41 ) ------
	-------- Loop 9 (sock 2 consumed 0.024690, avg temp 34.857143, final temp 34 ) ------
Loop 10 <line-85> - Time 0.186924 Total energy consumed 8.909640 Ave. Power Level 47.664591
	-------- Loop 10 (sock 1 consumed 4.588830, avg temp 40.750000, final temp 41 ) ------
	-------- Loop 10 (sock 2 consumed 4.320810, avg temp 34.750000, final temp 34 ) ------
Loop 11 <line-131> - Time 0.010872 Total energy consumed 0.488730 Ave. Power Level 44.952082
	-------- Loop 11 (sock 1 consumed 0.252780, avg temp 41.000000, final temp 41 ) ------
	-------- Loop 11 (sock 2 consumed 0.235950, avg temp 35.000000, final temp 34 ) ------
Loop 12 <line-167> - Time 0.257435 Total energy consumed 12.269310 Ave. Power Level 47.659920
	-------- Loop 12 (sock 1 consumed 6.330390, avg temp 40.000000, final temp 40 ) ------
	-------- Loop 12 (sock 2 consumed 5.938920, avg temp 35.500000, final temp 35 ) ------
Loop 13 <line-213> - Time 17.538419 Total energy consumed 854.851635 Ave. Power Level 48.741658
	-------- Loop 13 (sock 1 consumed 426.395745, avg temp 41.222222, final temp 42 ) ------
	-------- Loop 13 (sock 2 consumed 428.455890, avg temp 35.222222, final temp 34 ) ------
Loop 14 <line-99> - Time 8.373132 Total energy consumed 346.753635 Ave. Power Level 41.412657
	-------- Loop 14 (sock 1 consumed 172.677210, avg temp 41.000000, final temp 41 ) ------
	-------- Loop 14 (sock 2 consumed 174.076425, avg temp 34.833333, final temp 35 ) ------
Loop 15 <line-160> - Time 0.191733 Total energy consumed 8.225505 Ave. Power Level 42.900786
	-------- Loop 15 (sock 1 consumed 4.034235, avg temp 41.000000, final temp 41 ) ------
	-------- Loop 15 (sock 2 consumed 4.191270, avg temp 35.333333, final temp 35 ) ------
Loop 16 <line-269> - Time 5.279455 Total energy consumed 216.329805 Ave. Power Level 40.975786
	-------- Loop 16 (sock 1 consumed 104.891070, avg temp 40.826087, final temp 40 ) ------
	-------- Loop 16 (sock 2 consumed 111.438735, avg temp 34.956522, final temp 35 ) ------
Loop 17 <line-300> - Time 0.003377 Total energy consumed 0.182835 Ave. Power Level 54.137049
	-------- Loop 17 (sock 1 consumed 0.075855, avg temp 40.944444, final temp 41 ) ------
	-------- Loop 17 (sock 2 consumed 0.106980, avg temp 35.111111, final temp 35 ) ------
Loop 18 <line-148> - Time 0.000745 Total energy consumed 0.000000 Ave. Power Level 0.000000
	-------- Loop 18 (sock 1 consumed 0.000000, avg temp 41.000000, final temp 41 ) ------
	-------- Loop 18 (sock 2 consumed 0.000000, avg temp 35.000000, final temp 35 ) ------
Application(EnergyStat) - Time 58.135040 Total energy consumed 2521.913835 Ave. Power Level 43.380272 Final Temperature socket 1 : 41  socket 2 : 35 
	 ParallelApplication(EnergyStat) - Time 34.589834 Total energy consumed 1563.723900 Ave. Power Level 45.207615
Memory used: 1.32031
Loading 32-bit binary file: pnnl.bin, numvertices: 2361670, numEdges: 191402826
File read time: 2.5427
Before allocating graph
Allocated graph: 0x22e5570
Processing edges for vertex: 0, range(0, 166)
Processing edges for vertex: 100000, range(58444108, 58444133)
Processing edges for vertex: 200000, range(84376057, 84376362)
Processing edges for vertex: 300000, range(106069163, 106069503)
Processing edges for vertex: 400000, range(122097114, 122097513)
Processing edges for vertex: 500000, range(135096418, 135096483)
Processing edges for vertex: 600000, range(146097008, 146097061)
Processing edges for vertex: 700000, range(155415410, 155415531)
Processing edges for vertex: 800000, range(162595900, 162595989)
Processing edges for vertex: 900000, range(168508374, 168508464)
Processing edges for vertex: 1000000, range(173203321, 173203442)
Processing edges for vertex: 1100000, range(176935100, 176935110)
Processing edges for vertex: 1200000, range(179876260, 179876270)
Processing edges for vertex: 1300000, range(182240081, 182240092)
Processing edges for vertex: 1400000, range(184224513, 184224521)
Processing edges for vertex: 1500000, range(185795161, 185795170)
Processing edges for vertex: 1600000, range(187104124, 187104130)
Processing edges for vertex: 1700000, range(188148455, 188148461)
Processing edges for vertex: 1800000, range(188997836, 188997842)
Processing edges for vertex: 1900000, range(189691532, 189691535)
Processing edges for vertex: 2000000, range(190254658, 190254660)
Processing edges for vertex: 2100000, range(190705814, 190705822)
Processing edges for vertex: 2200000, range(191052755, 191052764)
Processing edges for vertex: 2300000, range(191302662, 191302663)
Graph populate time: 13.1294
Total I/O time: 15.6722

Regional(EnergyStat) - Time 15.677057 Total energy consumed 632.775840 Ave. Power Level 40.363177 
Running on: 5 threads
Loaded graph from file: pnnl.bin
Memory used: 2949.12
Maximum degree for the graph: 5520
Iteration: 0, conflicts: 11
Iteration: 1, conflicts: 2
Iteration: 2, conflicts: 1
Iteration: 3, conflicts: 0
Total number of colors used: 1180
Total number of conflicts overall: 0
Number of rounds: 4
SUCCESS: No conflicts found
Coloring time: 1.89488
Memory used: 2949.12
Number of reordered colors: 1014
End position for large colors: 0, node count: 550844, largest: 550844
Node count cutoff: 472334
e_xx: 1.19481e+08, a2_x: 6.35984e+11, currMod: 0.624219
e_xx: 1.62585e+08, a2_x: 5.25665e+11, currMod: 0.849424
e_xx: 1.69415e+08, a2_x: 5.01892e+11, currMod: 0.885107
e_xx: 1.71945e+08, a2_x: 4.95679e+11, currMod: 0.898329
e_xx: 1.73296e+08, a2_x: 4.83054e+11, currMod: 0.905386
currMod: 0.898329, prevMod: -1
Louvain time: 26.0695
numClusters: 201226, time: 0.180902
Next phase: 2
Memory used: 2949.12
End Structure 1274491 201226 vs 2748296
Build next level time: 8.75716
Iteration time: 35.0142
Memory used: 2949.12
e_xx: 1.58989e+08, a2_x: 4.84125e+11, currMod: 0.897776
e_xx: 1.69636e+08, a2_x: 3.17245e+11, currMod: 0.957903
e_xx: 1.70768e+08, a2_x: 3.24369e+11, currMod: 0.964297
e_xx: 1.71081e+08, a2_x: 3.14472e+11, currMod: 0.966063
e_xx: 1.71109e+08, a2_x: 2.73582e+11, currMod: 0.966225
e_xx: 1.71229e+08, a2_x: 2.90134e+11, currMod: 0.9669
e_xx: 1.71215e+08, a2_x: 2.69106e+11, currMod: 0.96682
currMod: 0.9669, prevMod: 0.898329
Louvain time: 3.5199
numClusters: 53285, time: 0.025576
Next phase: 3
Memory used: 2949.12
End Structure 549383 53285 vs 1152041
Build next level time: 0.376523
Iteration time: 3.92315
Memory used: 2949.12
e_xx: 1.71229e+08, a2_x: 2.89038e+11, currMod: 0.966877
e_xx: 1.72526e+08, a2_x: 1.02538e+11, currMod: 0.97421
e_xx: 1.72686e+08, a2_x: 1.05813e+11, currMod: 0.975112
e_xx: 1.7275e+08, a2_x: 7.00046e+10, currMod: 0.975473
e_xx: 1.72705e+08, a2_x: 5.02931e+10, currMod: 0.975224
currMod: 0.975473, prevMod: 0.9669
Louvain time: 1.13406
numClusters: 25498, time: 0.008328
Next phase: 4
Memory used: 2949.12
End Structure 174634 25498 vs 374765
Build next level time: 0.110249
Iteration time: 1.25352
Memory used: 2949.12
e_xx: 1.7275e+08, a2_x: 6.95369e+10, currMod: 0.975461
e_xx: 1.72862e+08, a2_x: 3.73803e+10, currMod: 0.976098
e_xx: 1.72866e+08, a2_x: 2.49933e+10, currMod: 0.976122
e_xx: 1.72867e+08, a2_x: 2.1009e+10, currMod: 0.976123
e_xx: 1.72867e+08, a2_x: 1.56071e+10, currMod: 0.976126
e_xx: 1.72873e+08, a2_x: 1.17282e+10, currMod: 0.976162
e_xx: 1.72867e+08, a2_x: 7.70559e+09, currMod: 0.976128
currMod: 0.976162, prevMod: 0.975473
Louvain time: 0.6051
numClusters: 22128, time: 0.005159
Next phase: 5
Memory used: 2949.12
End Structure 81334 22128 vs 184796
Build next level time: 0.045128
Iteration time: 0.65622
Memory used: 2949.12
e_xx: 1.72873e+08, a2_x: 1.49884e+10, currMod: 0.97616
e_xx: 1.73012e+08, a2_x: 1.7869e+10, currMod: 0.976945
e_xx: 1.73023e+08, a2_x: 3.30328e+10, currMod: 0.977006
e_xx: 1.73013e+08, a2_x: 2.74402e+10, currMod: 0.976947
currMod: 0.977006, prevMod: 0.976162
Louvain time: 0.18014
numClusters: 21957, time: 0.004561
Next phase: 6
Memory used: 2949.12
End Structure 64493 21957 vs 150943
Build next level time: 0.035054
Iteration time: 0.220602
Memory used: 2949.12
e_xx: 1.73023e+08, a2_x: 3.01161e+10, currMod: 0.977006
e_xx: 1.73024e+08, a2_x: 2.2982e+10, currMod: 0.977009
e_xx: 1.73023e+08, a2_x: 2.32088e+10, currMod: 0.977007
currMod: 0.977009, prevMod: 0.977006
Louvain time: 0.108801
numClusters: 21947, time: 0.004538
Next phase: 7
Memory used: 2949.12
End Structure 63441 21947 vs 148829
Build next level time: 0.033505
Iteration time: 0.14768
Memory used: 2949.12
e_xx: 1.73024e+08, a2_x: 2.2982e+10, currMod: 0.977009
e_xx: 1.73024e+08, a2_x: 2.34432e+10, currMod: 0.977009
currMod: 0.977009, prevMod: 0.977009
Louvain time: 0.07353
numClusters: 21947, time: 0.004541
Maximum degree for the graph: 439
Iteration: 0, conflicts: 0
Total number of colors used: 169
Total number of conflicts overall: 0
Number of rounds: 1
SUCCESS: No conflicts found
Number of reordered colors: 169
End position for large colors: 0, node count: 21551, largest: 21551
Node count cutoff: 4390
e_xx: 1.73024e+08, a2_x: 2.34432e+10, currMod: 0.977009
End Structure 63347 21945 vs 148639
currMod: 0.977009, prevMod: 0.977009
numClusters: 21945
Total iteration time: 41.2154

Loop 0 <line-37> - Time 0.000991 Total energy consumed 0.040845 Ave. Power Level 41.222973
	-------- Loop 0 (sock 1 consumed 0.018345, avg temp 41.000000, final temp 42 ) ------
	-------- Loop 0 (sock 2 consumed 0.022500, avg temp 34.500000, final temp 35 ) ------
Loop 1 <line-54> - Time 0.000486 Total energy consumed 0.040890 Ave. Power Level 84.162991
	-------- Loop 1 (sock 1 consumed 0.018465, avg temp 41.000000, final temp 42 ) ------
	-------- Loop 1 (sock 2 consumed 0.022425, avg temp 35.000000, final temp 35 ) ------
Loop 2 <line-76> - Time 0.001462 Total energy consumed 0.072045 Ave. Power Level 49.290051
	-------- Loop 2 (sock 1 consumed 0.021285, avg temp 41.000000, final temp 42 ) ------
	-------- Loop 2 (sock 2 consumed 0.050760, avg temp 35.000000, final temp 35 ) ------
Loop 3 <line-170> - Time 1.268592 Total energy consumed 53.638065 Ave. Power Level 42.281572
	-------- Loop 3 (sock 1 consumed 27.241335, avg temp 41.200000, final temp 42 ) ------
	-------- Loop 3 (sock 2 consumed 26.396730, avg temp 35.000000, final temp 35 ) ------
Loop 4 <line-192> - Time 0.000292 Total energy consumed 0.061920 Ave. Power Level 212.174688
	-------- Loop 4 (sock 1 consumed 0.021720, avg temp 41.500000, final temp 42 ) ------
	-------- Loop 4 (sock 2 consumed 0.040200, avg temp 34.500000, final temp 35 ) ------
Loop 5 <line-222> - Time 0.479619 Total energy consumed 20.141130 Ave. Power Level 41.994032
	-------- Loop 5 (sock 1 consumed 9.566010, avg temp 41.500000, final temp 42 ) ------
	-------- Loop 5 (sock 2 consumed 10.575120, avg temp 35.000000, final temp 35 ) ------
Loop 6 <line-116> - Time 0.005496 Total energy consumed 0.251175 Ave. Power Level 45.701635
	-------- Loop 6 (sock 1 consumed 0.119940, avg temp 41.000000, final temp 42 ) ------
	-------- Loop 6 (sock 2 consumed 0.131235, avg temp 35.285714, final temp 36 ) ------
Loop 7 <line-334> - Time 1.022066 Total energy consumed 41.413935 Ave. Power Level 40.519821
	-------- Loop 7 (sock 1 consumed 22.017525, avg temp 41.375000, final temp 42 ) ------
	-------- Loop 7 (sock 2 consumed 19.396410, avg temp 35.125000, final temp 35 ) ------
Loop 8 <line-353> - Time 0.000465 Total energy consumed 0.021165 Ave. Power Level 45.554924
	-------- Loop 8 (sock 1 consumed 0.021165, avg temp 41.375000, final temp 42 ) ------
	-------- Loop 8 (sock 2 consumed 0.000000, avg temp 35.125000, final temp 35 ) ------
Loop 9 <line-375> - Time 0.001217 Total energy consumed 0.049755 Ave. Power Level 40.892762
	-------- Loop 9 (sock 1 consumed 0.026835, avg temp 41.375000, final temp 42 ) ------
	-------- Loop 9 (sock 2 consumed 0.022920, avg temp 35.125000, final temp 35 ) ------
Loop 10 <line-85> - Time 0.211190 Total energy consumed 9.702465 Ave. Power Level 45.941883
	-------- Loop 10 (sock 1 consumed 4.944630, avg temp 42.000000, final temp 42 ) ------
	-------- Loop 10 (sock 2 consumed 4.757835, avg temp 34.750000, final temp 35 ) ------
Loop 11 <line-131> - Time 0.011304 Total energy consumed 0.568620 Ave. Power Level 50.301013
	-------- Loop 11 (sock 1 consumed 0.311100, avg temp 42.000000, final temp 42 ) ------
	-------- Loop 11 (sock 2 consumed 0.257520, avg temp 35.000000, final temp 35 ) ------
Loop 12 <line-167> - Time 0.266544 Total energy consumed 12.476115 Ave. Power Level 46.807016
	-------- Loop 12 (sock 1 consumed 6.372075, avg temp 42.000000, final temp 42 ) ------
	-------- Loop 12 (sock 2 consumed 6.104040, avg temp 35.000000, final temp 35 ) ------
Loop 13 <line-213> - Time 17.509468 Total energy consumed 840.092130 Ave. Power Level 47.979308
	-------- Loop 13 (sock 1 consumed 411.013725, avg temp 42.833333, final temp 42 ) ------
	-------- Loop 13 (sock 2 consumed 429.078405, avg temp 35.500000, final temp 35 ) ------
Loop 14 <line-99> - Time 8.803498 Total energy consumed 365.685615 Ave. Power Level 41.538674
	-------- Loop 14 (sock 1 consumed 176.336430, avg temp 41.142857, final temp 41 ) ------
	-------- Loop 14 (sock 2 consumed 189.349185, avg temp 34.857143, final temp 35 ) ------
Loop 15 <line-160> - Time 0.203825 Total energy consumed 8.801010 Ave. Power Level 43.179323
	-------- Loop 15 (sock 1 consumed 4.186110, avg temp 41.428571, final temp 42 ) ------
	-------- Loop 15 (sock 2 consumed 4.614900, avg temp 35.000000, final temp 34 ) ------
Loop 16 <line-269> - Time 5.586026 Total energy consumed 227.449320 Ave. Power Level 40.717554
	-------- Loop 16 (sock 1 consumed 114.569445, avg temp 41.821429, final temp 43 ) ------
	-------- Loop 16 (sock 2 consumed 112.879875, avg temp 34.928571, final temp 34 ) ------
Loop 17 <line-300> - Time 0.003476 Total energy consumed 0.117795 Ave. Power Level 33.884766
	-------- Loop 17 (sock 1 consumed 0.060960, avg temp 41.772727, final temp 43 ) ------
	-------- Loop 17 (sock 2 consumed 0.056835, avg temp 35.000000, final temp 35 ) ------
Loop 18 <line-148> - Time 0.000786 Total energy consumed 0.045525 Ave. Power Level 57.895761
	-------- Loop 18 (sock 1 consumed 0.021255, avg temp 42.000000, final temp 42 ) ------
	-------- Loop 18 (sock 2 consumed 0.024270, avg temp 35.000000, final temp 35 ) ------
Application(EnergyStat) - Time 58.931190 Total energy consumed 2534.704275 Ave. Power Level 43.011252 Final Temperature socket 1 : 41  socket 2 : 34 
	 ParallelApplication(EnergyStat) - Time 35.376801 Total energy consumed 1580.669520 Ave. Power Level 44.680962
