Initializing ... 
Initializing constant array ... 
Initializing derivative array ... 
Initializing data array ... 
Initializing block matrix ... 
Establishing initial conditions for spiral wave ... 
b1: 486, b2: 559, middley: 512 
**********************************************************

Model parameters: 
                 tfinal (msec):  5.00
                     dt (msec): 0.0125
                        Nsteps:     400.00
                       Lx (cm): 10.00
                       dx (cm): 0.0098
                            Nx: 1024
                       Ly (cm): 10.00
                       dy (cm): 0.0098
                            Ny: 1024
        dt/[dx*dy] (msec/cm^2): 131.0720

                msec per write: 1.000
              Nsteps per write: 80
Spatial rate for write (nodes): 1
              datafile dx (cm): 0.0098
              datafile dy (cm): 0.0098
         datafile Nx (columns): 1024
            datafile Ny (rows): 1024

        Nsteps per user update: 400
              msec user update: 5.000
   Monitor this node [mNx,mNy]: 512, 512


BR Constants: 
    gK1 (mmho/cm^2): 0.350
    gNa (mmho/cm^2): 15.000
           ENa (mV): 40.000
    gx1 (mmho/cm^2): 0.800
     gs (mmho/cm^2): 0.090
       Cm (uF/cm^2): 1.000
      kCa (msec^-1): 0.070
   gNaC (mmho/cm^2): 0.000
  Dpara (cm^2/msec): 0.000760
Dperpen (cm^2/msec): 0.000380
    theta (degrees): 33.000
   sigma (unitless): 0.600
       A (unitless): 1.000


Mesh Ratios: 
(dx*dy)/dt [0.00763 (cm^2/msec)] should be greater than 4*Dpara [0.00304 (cm^2/msec)].
(dx*dy)/dt [0.00763 (cm^2/msec)] should be greater than 4*Dperpen [0.00152 (cm^2/msec)].


Diffusion Tensor: 
 D11 (cm^2/msec): 0.000647
 D12 (cm^2/msec): 0.000174
 D21 (cm^2/msec): 0.000174
 D22 (cm^2/msec): 0.000493


Laplacian Multipliers: 
 Dp11 (msec^-1): 6.7872
 Dp12 (msec^-1): 0.9100
 Dp21 (msec^-1): 0.9100
 Dp22 (msec^-1): 5.1665

 Af=0
 Initializing the A field as a homogenous distribution, A=1.000 

Initial conditions set for spiral wave.

Block information: 
       icewidth (cm): 0.2500 
       icbwidth (cm): 0.4500 
    iclengthact (cm): 8.5000 
  iclengthblock (cm): 9.2500 
          icewidthn : 27 
          icbwidthn : 47 
       iclengthactn : 870 
     iclengthblockn : 947 
       blocktimenum : 1 
   blocktimes (msec): 65.00 


Initial Conditions: 
        Vm (mV): -20.000
  IK1 (uA/cm^2): 0.000
  Ix1 (uA/cm^2): 0.000
  x1 (unitless): 0.009
  INa (uA/cm^2): 0.000
   m (unitless): 1.000
   h (unitless): 0.947
   Is (uA/cm^2): 0.000
   d (unitless): 0.004
   f (unitless): 1.000
   Cai (mole/L): 2.000e-07

End conditions: Slab


Variables to save to disk: 
    Vm
**********************************************************
Opening files ... 
Writing initial conditions ... 
Entering time loop ... 
5.0000e+00 msec, Vm(512,512): -10.81 mV
total time is 26.39

Simulation Finished!
Saving final conditions...

         tfinal: 5.000 msec
     Final time: 5.000 msec
         Nsteps:     400.00
Number of steps: 400
             Nx: 1024
             Ny: 1024

Loop 0 <line-205> - Time 12.479295 Total energy consumed 1784.557275 Ave. Power Level 143.001449
	-------- Loop 0 (sock 1 consumed 915.902100, avg temp 55.300000, final temp 57 ) ------
	-------- Loop 0 (sock 2 consumed 868.655175, avg temp 46.520000, final temp 48 ) ------
Loop 1 <line-402> - Time 0.154258 Total energy consumed 15.567840 Ave. Power Level 100.920804
	-------- Loop 1 (sock 1 consumed 7.813575, avg temp 55.200000, final temp 57 ) ------
	-------- Loop 1 (sock 2 consumed 7.754265, avg temp 46.390000, final temp 48 ) ------
Loop 2 <line-378> - Time 13.267870 Total energy consumed 1896.524235 Ave. Power Level 142.941120
	-------- Loop 2 (sock 1 consumed 972.911355, avg temp 55.240000, final temp 57 ) ------
	-------- Loop 2 (sock 2 consumed 923.612880, avg temp 46.445000, final temp 48 ) ------
Loop 3 <line-428> - Time 0.157617 Total energy consumed 24.436635 Ave. Power Level 155.037844
	-------- Loop 3 (sock 1 consumed 12.353925, avg temp 55.200000, final temp 57 ) ------
	-------- Loop 3 (sock 2 consumed 12.082710, avg temp 46.395000, final temp 48 ) ------
Application(EnergyStat) - Time 28.862810 Total energy consumed 3900.563910 Ave. Power Level 135.141518 Final Temperature socket 1 : 50  socket 2 : 41 
