Memory used: 1.32031
Loading 32-bit binary file: pnnl.bin, numvertices: 2361670, numEdges: 191402826
File read time: 2.66109
Before allocating graph
Allocated graph: 0x162f570
Processing edges for vertex: 0, range(0, 166)
Processing edges for vertex: 100000, range(58444108, 58444133)
Processing edges for vertex: 200000, range(84376057, 84376362)
Processing edges for vertex: 300000, range(106069163, 106069503)
Processing edges for vertex: 400000, range(122097114, 122097513)
Processing edges for vertex: 500000, range(135096418, 135096483)
Processing edges for vertex: 600000, range(146097008, 146097061)
Processing edges for vertex: 700000, range(155415410, 155415531)
Processing edges for vertex: 800000, range(162595900, 162595989)
Processing edges for vertex: 900000, range(168508374, 168508464)
Processing edges for vertex: 1000000, range(173203321, 173203442)
Processing edges for vertex: 1100000, range(176935100, 176935110)
Processing edges for vertex: 1200000, range(179876260, 179876270)
Processing edges for vertex: 1300000, range(182240081, 182240092)
Processing edges for vertex: 1400000, range(184224513, 184224521)
Processing edges for vertex: 1500000, range(185795161, 185795170)
Processing edges for vertex: 1600000, range(187104124, 187104130)
Processing edges for vertex: 1700000, range(188148455, 188148461)
Processing edges for vertex: 1800000, range(188997836, 188997842)
Processing edges for vertex: 1900000, range(189691532, 189691535)
Processing edges for vertex: 2000000, range(190254658, 190254660)
Processing edges for vertex: 2100000, range(190705814, 190705822)
Processing edges for vertex: 2200000, range(191052755, 191052764)
Processing edges for vertex: 2300000, range(191302662, 191302663)
Graph populate time: 14.0238
Total I/O time: 16.6849

Regional(EnergyStat) - Time 16.690127 Total energy consumed 656.647065 Ave. Power Level 39.343443 
Running on: 8 threads
Loaded graph from file: pnnl.bin
Memory used: 2949.12
Maximum degree for the graph: 5520
Iteration: 0, conflicts: 5
Iteration: 1, conflicts: 0
Total number of colors used: 1185
Total number of conflicts overall: 0
Number of rounds: 2
SUCCESS: No conflicts found
Coloring time: 1.54015
Memory used: 2949.12
Number of reordered colors: 1005
End position for large colors: 0, node count: 550696, largest: 550696
Node count cutoff: 472334
e_xx: 1.24476e+08, a2_x: 6.52562e+11, currMod: 0.650319
e_xx: 1.64615e+08, a2_x: 5.79815e+11, currMod: 0.86003
e_xx: 1.70626e+08, a2_x: 5.43656e+11, currMod: 0.891433
e_xx: 1.73023e+08, a2_x: 5.34956e+11, currMod: 0.903959
e_xx: 1.7417e+08, a2_x: 5.38335e+11, currMod: 0.909949
currMod: 0.903959, prevMod: -1
Louvain time: 19.6431
numClusters: 202357, time: 0.193463
Next phase: 2
Memory used: 2949.12
End Structure 1243538 202357 vs 2687467
Build next level time: 6.99895
Iteration time: 26.8415
Memory used: 2949.12
e_xx: 1.61177e+08, a2_x: 5.38266e+11, currMod: 0.903422
e_xx: 1.709e+08, a2_x: 3.43223e+11, currMod: 0.957924
e_xx: 1.73354e+08, a2_x: 3.12215e+11, currMod: 0.971684
e_xx: 1.73748e+08, a2_x: 3.06293e+11, currMod: 0.97389
e_xx: 1.73775e+08, a2_x: 2.70794e+11, currMod: 0.974047
e_xx: 1.73871e+08, a2_x: 3.02045e+11, currMod: 0.97458
e_xx: 1.73837e+08, a2_x: 2.79417e+11, currMod: 0.974392
currMod: 0.97458, prevMod: 0.903959
Louvain time: 3.10611
numClusters: 51997, time: 0.026971
Next phase: 3
Memory used: 2949.12
End Structure 491917 51997 vs 1035813
Build next level time: 0.315566
Iteration time: 3.44949
Memory used: 2949.12
e_xx: 1.73871e+08, a2_x: 3.02578e+11, currMod: 0.974559
e_xx: 1.74778e+08, a2_x: 4.33281e+10, currMod: 0.979651
e_xx: 1.74848e+08, a2_x: 7.25224e+10, currMod: 0.980042
e_xx: 1.7494e+08, a2_x: 2.01612e+10, currMod: 0.980563
e_xx: 1.74864e+08, a2_x: 7.43117e+10, currMod: 0.980133
currMod: 0.980563, prevMod: 0.97458
Louvain time: 1.02737
numClusters: 25501, time: 0.008603
Next phase: 4
Memory used: 2949.12
End Structure 172898 25501 vs 371297
Build next level time: 0.126518
Iteration time: 1.16306
Memory used: 2949.12
e_xx: 1.7494e+08, a2_x: 2.03827e+10, currMod: 0.980552
e_xx: 1.75212e+08, a2_x: -5.03953e+09, currMod: 0.982078
e_xx: 1.75183e+08, a2_x: 1.99701e+10, currMod: 0.981914
currMod: 0.982078, prevMod: 0.980563
Louvain time: 0.279698
numClusters: 22621, time: 0.005482
Next phase: 5
Memory used: 2949.12
End Structure 106371 22621 vs 235363
Build next level time: 0.055935
Iteration time: 0.341643
Memory used: 2949.12
e_xx: 1.75212e+08, a2_x: -4.51572e+09, currMod: 0.982076
e_xx: 1.75221e+08, a2_x: 4.63784e+09, currMod: 0.982125
e_xx: 1.75222e+08, a2_x: 1.16462e+10, currMod: 0.982132
e_xx: 1.75223e+08, a2_x: 2.16207e+10, currMod: 0.982134
e_xx: 1.75229e+08, a2_x: 4.35156e+10, currMod: 0.982168
e_xx: 1.75225e+08, a2_x: 2.42937e+10, currMod: 0.982146
currMod: 0.982168, prevMod: 0.982078
Louvain time: 0.357297
numClusters: 21964, time: 0.005003
Next phase: 6
Memory used: 2949.12
End Structure 60873 21964 vs 143710
Build next level time: 0.038893
Iteration time: 0.401491
Memory used: 2949.12
e_xx: 1.75229e+08, a2_x: 4.39786e+10, currMod: 0.982167
e_xx: 1.75229e+08, a2_x: 3.70525e+10, currMod: 0.98217
e_xx: 1.75229e+08, a2_x: 3.26285e+10, currMod: 0.98217
currMod: 0.98217, prevMod: 0.982168
Louvain time: 0.106915
numClusters: 21925, time: 0.00488
Next phase: 7
Memory used: 2949.12
End Structure 58344 21925 vs 138613
Build next level time: 0.029522
Iteration time: 0.141589
Memory used: 2949.12
e_xx: 1.75229e+08, a2_x: 3.61874e+10, currMod: 0.98217
e_xx: 1.75229e+08, a2_x: 3.63051e+10, currMod: 0.98217
currMod: 0.98217, prevMod: 0.98217
Louvain time: 0.069754
numClusters: 21925, time: 0.004844
Maximum degree for the graph: 421
Iteration: 0, conflicts: 0
Total number of colors used: 165
Total number of conflicts overall: 0
Number of rounds: 1
SUCCESS: No conflicts found
Number of reordered colors: 162
End position for large colors: 0, node count: 21547, largest: 21547
Node count cutoff: 4385
e_xx: 1.75229e+08, a2_x: 3.63051e+10, currMod: 0.98217
End Structure 58307 21924 vs 138538
currMod: 0.98217, prevMod: 0.98217
numClusters: 21924
Total iteration time: 32.3388

Loop 0 <line-37> - Time 0.000740 Total energy consumed 0.018150 Ave. Power Level 24.535581
	-------- Loop 0 (sock 1 consumed 0.018150, avg temp 41.000000, final temp 42 ) ------
	-------- Loop 0 (sock 2 consumed 0.000000, avg temp 35.000000, final temp 35 ) ------
Loop 1 <line-54> - Time 0.000470 Total energy consumed 0.000000 Ave. Power Level 0.000000
	-------- Loop 1 (sock 1 consumed 0.000000, avg temp 40.500000, final temp 41 ) ------
	-------- Loop 1 (sock 2 consumed 0.000000, avg temp 35.000000, final temp 35 ) ------
Loop 2 <line-76> - Time 0.001004 Total energy consumed 0.000000 Ave. Power Level 0.000000
	-------- Loop 2 (sock 1 consumed 0.000000, avg temp 40.500000, final temp 41 ) ------
	-------- Loop 2 (sock 2 consumed 0.000000, avg temp 35.000000, final temp 35 ) ------
Loop 3 <line-170> - Time 1.006038 Total energy consumed 42.760875 Ave. Power Level 42.504222
	-------- Loop 3 (sock 1 consumed 19.742430, avg temp 40.333333, final temp 41 ) ------
	-------- Loop 3 (sock 2 consumed 23.018445, avg temp 35.333333, final temp 36 ) ------
Loop 4 <line-192> - Time 0.000265 Total energy consumed 0.000000 Ave. Power Level 0.000000
	-------- Loop 4 (sock 1 consumed 0.000000, avg temp 40.500000, final temp 41 ) ------
	-------- Loop 4 (sock 2 consumed 0.000000, avg temp 35.500000, final temp 36 ) ------
Loop 5 <line-222> - Time 0.377238 Total energy consumed 16.049670 Ave. Power Level 42.545197
	-------- Loop 5 (sock 1 consumed 7.370400, avg temp 40.500000, final temp 41 ) ------
	-------- Loop 5 (sock 2 consumed 8.679270, avg temp 36.000000, final temp 36 ) ------
Loop 6 <line-116> - Time 0.002514 Total energy consumed 0.041085 Ave. Power Level 16.343581
	-------- Loop 6 (sock 1 consumed 0.020070, avg temp 40.857143, final temp 41 ) ------
	-------- Loop 6 (sock 2 consumed 0.021015, avg temp 35.571429, final temp 36 ) ------
Loop 7 <line-334> - Time 0.900086 Total energy consumed 35.869485 Ave. Power Level 39.851177
	-------- Loop 7 (sock 1 consumed 16.637880, avg temp 41.000000, final temp 41 ) ------
	-------- Loop 7 (sock 2 consumed 19.231605, avg temp 35.500000, final temp 35 ) ------
Loop 8 <line-353> - Time 0.000514 Total energy consumed 0.000000 Ave. Power Level 0.000000
	-------- Loop 8 (sock 1 consumed 0.000000, avg temp 41.000000, final temp 41 ) ------
	-------- Loop 8 (sock 2 consumed 0.000000, avg temp 35.500000, final temp 35 ) ------
Loop 9 <line-375> - Time 0.001068 Total energy consumed 0.053190 Ave. Power Level 49.785564
	-------- Loop 9 (sock 1 consumed 0.025470, avg temp 41.125000, final temp 41 ) ------
	-------- Loop 9 (sock 2 consumed 0.027720, avg temp 35.375000, final temp 35 ) ------
Loop 10 <line-85> - Time 0.203388 Total energy consumed 10.221735 Ave. Power Level 50.257328
	-------- Loop 10 (sock 1 consumed 5.153835, avg temp 41.500000, final temp 42 ) ------
	-------- Loop 10 (sock 2 consumed 5.067900, avg temp 36.000000, final temp 36 ) ------
Loop 11 <line-131> - Time 0.007384 Total energy consumed 0.411870 Ave. Power Level 55.779753
	-------- Loop 11 (sock 1 consumed 0.207900, avg temp 41.000000, final temp 42 ) ------
	-------- Loop 11 (sock 2 consumed 0.203970, avg temp 36.500000, final temp 36 ) ------
Loop 12 <line-167> - Time 0.332276 Total energy consumed 16.642590 Ave. Power Level 50.086595
	-------- Loop 12 (sock 1 consumed 8.353890, avg temp 41.000000, final temp 41 ) ------
	-------- Loop 12 (sock 2 consumed 8.288700, avg temp 36.500000, final temp 36 ) ------
Loop 13 <line-213> - Time 12.251033 Total energy consumed 629.768775 Ave. Power Level 51.405360
	-------- Loop 13 (sock 1 consumed 315.569985, avg temp 41.333333, final temp 41 ) ------
	-------- Loop 13 (sock 2 consumed 314.198790, avg temp 36.500000, final temp 35 ) ------
Loop 14 <line-99> - Time 7.021022 Total energy consumed 288.085080 Ave. Power Level 41.031788
	-------- Loop 14 (sock 1 consumed 138.015945, avg temp 41.285714, final temp 42 ) ------
	-------- Loop 14 (sock 2 consumed 150.069135, avg temp 35.285714, final temp 36 ) ------
Loop 15 <line-160> - Time 0.180200 Total energy consumed 7.897245 Ave. Power Level 43.824945
	-------- Loop 15 (sock 1 consumed 4.001235, avg temp 41.428571, final temp 42 ) ------
	-------- Loop 15 (sock 2 consumed 3.896010, avg temp 35.428571, final temp 36 ) ------
Loop 16 <line-269> - Time 4.913707 Total energy consumed 198.974790 Ave. Power Level 40.493823
	-------- Loop 16 (sock 1 consumed 98.986440, avg temp 41.115385, final temp 42 ) ------
	-------- Loop 16 (sock 2 consumed 99.988350, avg temp 35.307692, final temp 35 ) ------
Loop 17 <line-300> - Time 0.002572 Total energy consumed 0.038745 Ave. Power Level 15.063087
	-------- Loop 17 (sock 1 consumed 0.020130, avg temp 41.050000, final temp 41 ) ------
	-------- Loop 17 (sock 2 consumed 0.018615, avg temp 35.300000, final temp 35 ) ------
Loop 18 <line-148> - Time 0.000491 Total energy consumed 0.065100 Ave. Power Level 132.524479
	-------- Loop 18 (sock 1 consumed 0.042885, avg temp 42.000000, final temp 42 ) ------
	-------- Loop 18 (sock 2 consumed 0.022215, avg temp 35.000000, final temp 35 ) ------
Application(EnergyStat) - Time 50.705999 Total energy consumed 2182.636635 Ave. Power Level 43.044939 Final Temperature socket 1 : 41  socket 2 : 35 
	 ParallelApplication(EnergyStat) - Time 27.202012 Total energy consumed 1246.898385 Ave. Power Level 45.838461
Memory used: 1.32031
Loading 32-bit binary file: pnnl.bin, numvertices: 2361670, numEdges: 191402826
File read time: 2.70749
Before allocating graph
Allocated graph: 0x8b1570
Processing edges for vertex: 0, range(0, 166)
Processing edges for vertex: 100000, range(58444108, 58444133)
Processing edges for vertex: 200000, range(84376057, 84376362)
Processing edges for vertex: 300000, range(106069163, 106069503)
Processing edges for vertex: 400000, range(122097114, 122097513)
Processing edges for vertex: 500000, range(135096418, 135096483)
Processing edges for vertex: 600000, range(146097008, 146097061)
Processing edges for vertex: 700000, range(155415410, 155415531)
Processing edges for vertex: 800000, range(162595900, 162595989)
Processing edges for vertex: 900000, range(168508374, 168508464)
Processing edges for vertex: 1000000, range(173203321, 173203442)
Processing edges for vertex: 1100000, range(176935100, 176935110)
Processing edges for vertex: 1200000, range(179876260, 179876270)
Processing edges for vertex: 1300000, range(182240081, 182240092)
Processing edges for vertex: 1400000, range(184224513, 184224521)
Processing edges for vertex: 1500000, range(185795161, 185795170)
Processing edges for vertex: 1600000, range(187104124, 187104130)
Processing edges for vertex: 1700000, range(188148455, 188148461)
Processing edges for vertex: 1800000, range(188997836, 188997842)
Processing edges for vertex: 1900000, range(189691532, 189691535)
Processing edges for vertex: 2000000, range(190254658, 190254660)
Processing edges for vertex: 2100000, range(190705814, 190705822)
Processing edges for vertex: 2200000, range(191052755, 191052764)
Processing edges for vertex: 2300000, range(191302662, 191302663)
Graph populate time: 13.9949
Total I/O time: 16.7025

Regional(EnergyStat) - Time 16.707897 Total energy consumed 657.719955 Ave. Power Level 39.365812 
Running on: 8 threads
Loaded graph from file: pnnl.bin
Memory used: 2949.12
Maximum degree for the graph: 5520
Iteration: 0, conflicts: 21
Iteration: 1, conflicts: 2
Iteration: 2, conflicts: 0
Total number of colors used: 1180
Total number of conflicts overall: 0
Number of rounds: 3
SUCCESS: No conflicts found
Coloring time: 1.59555
Memory used: 2949.12
Number of reordered colors: 1002
End position for large colors: 0, node count: 550727, largest: 550727
Node count cutoff: 472334
e_xx: 1.20951e+08, a2_x: 6.05851e+11, currMod: 0.631902
e_xx: 1.62571e+08, a2_x: 5.56435e+11, currMod: 0.849352
e_xx: 1.69135e+08, a2_x: 5.10804e+11, currMod: 0.883644
e_xx: 1.71481e+08, a2_x: 5.06644e+11, currMod: 0.895901
e_xx: 1.72643e+08, a2_x: 5.29083e+11, currMod: 0.901974
currMod: 0.895901, prevMod: -1
Louvain time: 19.4247
numClusters: 203977, time: 0.172004
Next phase: 2
Memory used: 2949.12
End Structure 1304736 203977 vs 2811666
Build next level time: 6.94399
Iteration time: 26.5472
Memory used: 2949.12
e_xx: 1.64789e+08, a2_x: 5.33003e+11, currMod: 0.897809
e_xx: 1.73643e+08, a2_x: 3.10299e+11, currMod: 0.946054
e_xx: 1.78361e+08, a2_x: 2.64474e+11, currMod: 0.971762
e_xx: 1.78772e+08, a2_x: 2.88497e+11, currMod: 0.974003
e_xx: 1.78903e+08, a2_x: 2.51361e+11, currMod: 0.974717
e_xx: 1.78998e+08, a2_x: 2.2808e+11, currMod: 0.975235
e_xx: 1.78994e+08, a2_x: 2.24415e+11, currMod: 0.975215
currMod: 0.975235, prevMod: 0.895901
Louvain time: 3.34217
numClusters: 56801, time: 0.026639
Next phase: 3
Memory used: 2949.12
End Structure 597600 56801 vs 1251990
Build next level time: 0.302702
Iteration time: 3.6724
Memory used: 2949.12
e_xx: 1.78998e+08, a2_x: 2.28138e+11, currMod: 0.975218
e_xx: 1.79887e+08, a2_x: 1.23008e+11, currMod: 0.980066
e_xx: 1.8002e+08, a2_x: 6.75363e+10, currMod: 0.980789
e_xx: 1.80069e+08, a2_x: 8.68437e+10, currMod: 0.981059
e_xx: 1.80063e+08, a2_x: 6.33124e+10, currMod: 0.981023
currMod: 0.981059, prevMod: 0.975235
Louvain time: 1.19419
numClusters: 26353, time: 0.009028
Next phase: 4
Memory used: 2949.12
End Structure 192320 26353 vs 410993
Build next level time: 0.137348
Iteration time: 1.34109
Memory used: 2949.12
e_xx: 1.80069e+08, a2_x: 8.85248e+10, currMod: 0.981045
e_xx: 1.8018e+08, a2_x: 1.40939e+10, currMod: 0.981651
e_xx: 1.80184e+08, a2_x: -5.76548e+09, currMod: 0.981675
e_xx: 1.80189e+08, a2_x: -2.97007e+10, currMod: 0.981699
e_xx: 1.80189e+08, a2_x: 8.76996e+09, currMod: 0.981697
currMod: 0.981699, prevMod: 0.981059
Louvain time: 0.483551
numClusters: 22178, time: 0.005589
Next phase: 5
Memory used: 2949.12
End Structure 88430 22178 vs 199038
Build next level time: 0.057802
Iteration time: 0.547431
Memory used: 2949.12
e_xx: 1.80189e+08, a2_x: -2.9914e+10, currMod: 0.981697
e_xx: 1.80205e+08, a2_x: -2.86831e+10, currMod: 0.981786
e_xx: 1.80205e+08, a2_x: -1.04782e+10, currMod: 0.981787
currMod: 0.981786, prevMod: 0.981699
Louvain time: 0.154638
numClusters: 22008, time: 0.004893
Next phase: 6
Memory used: 2949.12
End Structure 77358 22008 vs 176724
Build next level time: 0.041909
Iteration time: 0.201796
Memory used: 2949.12
e_xx: 1.80205e+08, a2_x: -3.04095e+10, currMod: 0.981786
e_xx: 1.80205e+08, a2_x: -2.64669e+10, currMod: 0.981787
currMod: 0.981786, prevMod: 0.981786
Louvain time: 0.092094
numClusters: 22008, time: 0.00487
Maximum degree for the graph: 495
Iteration: 0, conflicts: 0
Total number of colors used: 188
Total number of conflicts overall: 0
Number of rounds: 1
SUCCESS: No conflicts found
Number of reordered colors: 186
End position for large colors: 0, node count: 21562, largest: 21562
Node count cutoff: 4402
e_xx: 1.80324e+08, a2_x: 7.45512e+09, currMod: 0.98243
e_xx: 1.81099e+08, a2_x: -1.16949e+10, currMod: 0.986657
e_xx: 1.83067e+08, a2_x: -4.98532e+09, currMod: 0.997379
e_xx: 1.83014e+08, a2_x: -5.66795e+09, currMod: 0.997087
End Structure 1445 21603 vs 24493
currMod: 0.997379, prevMod: 0.981786
numClusters: 21603
Total iteration time: 32.3099

Loop 0 <line-37> - Time 0.000715 Total energy consumed 0.077580 Ave. Power Level 108.552231
	-------- Loop 0 (sock 1 consumed 0.035685, avg temp 40.000000, final temp 40 ) ------
	-------- Loop 0 (sock 2 consumed 0.041895, avg temp 35.000000, final temp 35 ) ------
Loop 1 <line-54> - Time 0.000457 Total energy consumed 0.000000 Ave. Power Level 0.000000
	-------- Loop 1 (sock 1 consumed 0.000000, avg temp 40.500000, final temp 41 ) ------
	-------- Loop 1 (sock 2 consumed 0.000000, avg temp 36.000000, final temp 36 ) ------
Loop 2 <line-76> - Time 0.001035 Total energy consumed 0.039960 Ave. Power Level 38.613583
	-------- Loop 2 (sock 1 consumed 0.018480, avg temp 40.500000, final temp 41 ) ------
	-------- Loop 2 (sock 2 consumed 0.021480, avg temp 35.500000, final temp 36 ) ------
Loop 3 <line-170> - Time 1.043117 Total energy consumed 44.459370 Ave. Power Level 42.621646
	-------- Loop 3 (sock 1 consumed 21.103485, avg temp 40.250000, final temp 41 ) ------
	-------- Loop 3 (sock 2 consumed 23.355885, avg temp 35.000000, final temp 35 ) ------
Loop 4 <line-192> - Time 0.000246 Total energy consumed 0.000000 Ave. Power Level 0.000000
	-------- Loop 4 (sock 1 consumed 0.000000, avg temp 40.500000, final temp 41 ) ------
	-------- Loop 4 (sock 2 consumed 0.000000, avg temp 35.000000, final temp 35 ) ------
Loop 5 <line-222> - Time 0.396987 Total energy consumed 16.889385 Ave. Power Level 42.543922
	-------- Loop 5 (sock 1 consumed 8.229420, avg temp 41.000000, final temp 41 ) ------
	-------- Loop 5 (sock 2 consumed 8.659965, avg temp 35.500000, final temp 36 ) ------
Loop 6 <line-116> - Time 0.002147 Total energy consumed 0.128175 Ave. Power Level 59.712319
	-------- Loop 6 (sock 1 consumed 0.060945, avg temp 40.333333, final temp 40 ) ------
	-------- Loop 6 (sock 2 consumed 0.067230, avg temp 35.500000, final temp 35 ) ------
Loop 7 <line-334> - Time 0.885867 Total energy consumed 35.616960 Ave. Power Level 40.205754
	-------- Loop 7 (sock 1 consumed 16.645560, avg temp 40.571429, final temp 41 ) ------
	-------- Loop 7 (sock 2 consumed 18.971400, avg temp 35.571429, final temp 36 ) ------
Loop 8 <line-353> - Time 0.000505 Total energy consumed 0.000000 Ave. Power Level 0.000000
	-------- Loop 8 (sock 1 consumed 0.000000, avg temp 40.571429, final temp 41 ) ------
	-------- Loop 8 (sock 2 consumed 0.000000, avg temp 35.571429, final temp 36 ) ------
Loop 9 <line-375> - Time 0.000968 Total energy consumed 0.000000 Ave. Power Level 0.000000
	-------- Loop 9 (sock 1 consumed 0.000000, avg temp 40.571429, final temp 41 ) ------
	-------- Loop 9 (sock 2 consumed 0.000000, avg temp 35.571429, final temp 36 ) ------
Loop 10 <line-85> - Time 0.200220 Total energy consumed 10.072410 Ave. Power Level 50.306712
	-------- Loop 10 (sock 1 consumed 5.071395, avg temp 40.500000, final temp 41 ) ------
	-------- Loop 10 (sock 2 consumed 5.001015, avg temp 35.750000, final temp 36 ) ------
Loop 11 <line-131> - Time 0.007444 Total energy consumed 0.335160 Ave. Power Level 45.026667
	-------- Loop 11 (sock 1 consumed 0.181950, avg temp 40.500000, final temp 41 ) ------
	-------- Loop 11 (sock 2 consumed 0.153210, avg temp 35.500000, final temp 35 ) ------
Loop 12 <line-167> - Time 0.217555 Total energy consumed 10.914840 Ave. Power Level 50.170494
	-------- Loop 12 (sock 1 consumed 5.489010, avg temp 41.000000, final temp 41 ) ------
	-------- Loop 12 (sock 2 consumed 5.425830, avg temp 35.000000, final temp 35 ) ------
Loop 13 <line-213> - Time 12.233718 Total energy consumed 630.012255 Ave. Power Level 51.498019
	-------- Loop 13 (sock 1 consumed 316.919835, avg temp 41.111111, final temp 41 ) ------
	-------- Loop 13 (sock 2 consumed 313.092420, avg temp 36.222222, final temp 36 ) ------
Loop 14 <line-99> - Time 6.941032 Total energy consumed 284.132835 Ave. Power Level 40.935242
	-------- Loop 14 (sock 1 consumed 132.919845, avg temp 40.500000, final temp 41 ) ------
	-------- Loop 14 (sock 2 consumed 151.212990, avg temp 35.333333, final temp 36 ) ------
Loop 15 <line-160> - Time 0.173377 Total energy consumed 7.517910 Ave. Power Level 43.361709
	-------- Loop 15 (sock 1 consumed 3.630360, avg temp 41.000000, final temp 41 ) ------
	-------- Loop 15 (sock 2 consumed 3.887550, avg temp 35.666667, final temp 36 ) ------
Loop 16 <line-269> - Time 5.232131 Total energy consumed 208.386285 Ave. Power Level 39.828188
	-------- Loop 16 (sock 1 consumed 105.679080, avg temp 40.772727, final temp 41 ) ------
	-------- Loop 16 (sock 2 consumed 102.707205, avg temp 35.500000, final temp 35 ) ------
Loop 17 <line-300> - Time 0.002599 Total energy consumed 0.076845 Ave. Power Level 29.567585
	-------- Loop 17 (sock 1 consumed 0.039690, avg temp 40.823529, final temp 40 ) ------
	-------- Loop 17 (sock 2 consumed 0.037155, avg temp 35.529412, final temp 35 ) ------
Loop 18 <line-148> - Time 0.000420 Total energy consumed 0.040830 Ave. Power Level 97.316236
	-------- Loop 18 (sock 1 consumed 0.019560, avg temp 40.000000, final temp 40 ) ------
	-------- Loop 18 (sock 2 consumed 0.021270, avg temp 35.000000, final temp 35 ) ------
Application(EnergyStat) - Time 50.773756 Total energy consumed 2181.482145 Ave. Power Level 42.964758 Final Temperature socket 1 : 41  socket 2 : 36 
	 ParallelApplication(EnergyStat) - Time 27.340539 Total energy consumed 1248.700800 Ave. Power Level 45.672135
Memory used: 1.32031
Loading 32-bit binary file: pnnl.bin, numvertices: 2361670, numEdges: 191402826
File read time: 2.70572
Before allocating graph
Allocated graph: 0x23fd570
Processing edges for vertex: 0, range(0, 166)
Processing edges for vertex: 100000, range(58444108, 58444133)
Processing edges for vertex: 200000, range(84376057, 84376362)
Processing edges for vertex: 300000, range(106069163, 106069503)
Processing edges for vertex: 400000, range(122097114, 122097513)
Processing edges for vertex: 500000, range(135096418, 135096483)
Processing edges for vertex: 600000, range(146097008, 146097061)
Processing edges for vertex: 700000, range(155415410, 155415531)
Processing edges for vertex: 800000, range(162595900, 162595989)
Processing edges for vertex: 900000, range(168508374, 168508464)
Processing edges for vertex: 1000000, range(173203321, 173203442)
Processing edges for vertex: 1100000, range(176935100, 176935110)
Processing edges for vertex: 1200000, range(179876260, 179876270)
Processing edges for vertex: 1300000, range(182240081, 182240092)
Processing edges for vertex: 1400000, range(184224513, 184224521)
Processing edges for vertex: 1500000, range(185795161, 185795170)
Processing edges for vertex: 1600000, range(187104124, 187104130)
Processing edges for vertex: 1700000, range(188148455, 188148461)
Processing edges for vertex: 1800000, range(188997836, 188997842)
Processing edges for vertex: 1900000, range(189691532, 189691535)
Processing edges for vertex: 2000000, range(190254658, 190254660)
Processing edges for vertex: 2100000, range(190705814, 190705822)
Processing edges for vertex: 2200000, range(191052755, 191052764)
Processing edges for vertex: 2300000, range(191302662, 191302663)
Graph populate time: 13.9544
Total I/O time: 16.6601

Regional(EnergyStat) - Time 16.665696 Total energy consumed 654.937260 Ave. Power Level 39.298525 
Running on: 8 threads
Loaded graph from file: pnnl.bin
Memory used: 2949.12
Maximum degree for the graph: 5520
Iteration: 0, conflicts: 22
Iteration: 1, conflicts: 8
Iteration: 2, conflicts: 4
Iteration: 3, conflicts: 3
Iteration: 4, conflicts: 2
Iteration: 5, conflicts: 1
Iteration: 6, conflicts: 0
Total number of colors used: 1182
Total number of conflicts overall: 0
Number of rounds: 7
SUCCESS: No conflicts found
Coloring time: 1.56621
Memory used: 2949.12
Number of reordered colors: 1013
End position for large colors: 0, node count: 550557, largest: 550557
Node count cutoff: 472334
e_xx: 1.31058e+08, a2_x: 5.91756e+11, currMod: 0.684708
e_xx: 1.68532e+08, a2_x: 5.47508e+11, currMod: 0.880494
e_xx: 1.73866e+08, a2_x: 5.63897e+11, currMod: 0.908362
e_xx: 1.7601e+08, a2_x: 5.71638e+11, currMod: 0.919562
e_xx: 1.77057e+08, a2_x: 5.36704e+11, currMod: 0.925035
currMod: 0.919562, prevMod: -1
Louvain time: 19.3742
numClusters: 203409, time: 0.17203
Next phase: 2
Memory used: 2949.12
End Structure 1291572 203409 vs 2784870
Build next level time: 7.22941
Iteration time: 26.7814
Memory used: 2949.12
e_xx: 1.57867e+08, a2_x: 5.37113e+11, currMod: 0.916721
e_xx: 1.65963e+08, a2_x: 3.65842e+11, currMod: 0.963744
e_xx: 1.67043e+08, a2_x: 3.14535e+11, currMod: 0.970014
e_xx: 1.67369e+08, a2_x: 2.99267e+11, currMod: 0.971911
e_xx: 1.67421e+08, a2_x: 2.72848e+11, currMod: 0.972214
e_xx: 1.67499e+08, a2_x: 3.09397e+11, currMod: 0.972666
e_xx: 1.67569e+08, a2_x: 2.68402e+11, currMod: 0.973069
e_xx: 1.67666e+08, a2_x: 3.03391e+11, currMod: 0.973633
e_xx: 1.67697e+08, a2_x: 2.6141e+11, currMod: 0.973815
e_xx: 1.67746e+08, a2_x: 2.94429e+11, currMod: 0.9741
e_xx: 1.67751e+08, a2_x: 2.5747e+11, currMod: 0.974129
e_xx: 1.67788e+08, a2_x: 2.92159e+11, currMod: 0.974341
e_xx: 1.67781e+08, a2_x: 2.54228e+11, currMod: 0.974304
currMod: 0.974341, prevMod: 0.919562
Louvain time: 5.79945
numClusters: 51715, time: 0.027974
Next phase: 3
Memory used: 2949.12
End Structure 509106 51715 vs 1069922
Build next level time: 0.280755
Iteration time: 6.1091
Memory used: 2949.12
e_xx: 1.67788e+08, a2_x: 2.91991e+11, currMod: 0.974312
e_xx: 1.6863e+08, a2_x: 9.88093e+10, currMod: 0.979209
e_xx: 1.68632e+08, a2_x: 9.31322e+10, currMod: 0.979222
e_xx: 1.68747e+08, a2_x: 7.00369e+10, currMod: 0.979892
e_xx: 1.68653e+08, a2_x: 1.08233e+11, currMod: 0.979344
currMod: 0.979892, prevMod: 0.974341
Louvain time: 1.04387
numClusters: 25833, time: 0.008538
Next phase: 4
Memory used: 2949.12
End Structure 181355 25833 vs 388543
Build next level time: 0.125006
Iteration time: 1.17796
Memory used: 2949.12
e_xx: 1.68747e+08, a2_x: 6.73155e+10, currMod: 0.97988
e_xx: 1.68945e+08, a2_x: 3.04406e+10, currMod: 0.981031
e_xx: 1.6895e+08, a2_x: 2.52664e+10, currMod: 0.981059
e_xx: 1.68955e+08, a2_x: 6.83912e+09, currMod: 0.981086
e_xx: 1.68946e+08, a2_x: 2.66595e+10, currMod: 0.981034
currMod: 0.981086, prevMod: 0.979892
Louvain time: 0.464373
numClusters: 22191, time: 0.005586
Next phase: 5
Memory used: 2949.12
End Structure 93541 22191 vs 209273
Build next level time: 0.058352
Iteration time: 0.528811
Memory used: 2949.12
e_xx: 1.68955e+08, a2_x: 6.74899e+09, currMod: 0.981084
e_xx: 1.68969e+08, a2_x: 1.40458e+09, currMod: 0.981166
e_xx: 1.68969e+08, a2_x: 1.34771e+10, currMod: 0.981168
e_xx: 1.68969e+08, a2_x: 8.44314e+09, currMod: 0.981168
currMod: 0.981168, prevMod: 0.981086
Louvain time: 0.215289
numClusters: 22002, time: 0.004917
Next phase: 6
Memory used: 2949.12
End Structure 78605 22002 vs 179212
Build next level time: 0.043173
Iteration time: 0.263698
Memory used: 2949.12
e_xx: 1.68969e+08, a2_x: 1.43148e+10, currMod: 0.981168
e_xx: 1.68969e+08, a2_x: 1.76984e+10, currMod: 0.981169
currMod: 0.981168, prevMod: 0.981168
Louvain time: 0.09258
numClusters: 22002, time: 0.004901
Maximum degree for the graph: 499
Iteration: 0, conflicts: 0
Total number of colors used: 178
Total number of conflicts overall: 0
Number of rounds: 1
SUCCESS: No conflicts found
Number of reordered colors: 173
End position for large colors: 0, node count: 21553, largest: 21553
Node count cutoff: 4401
e_xx: 1.68974e+08, a2_x: 8.87724e+09, currMod: 0.981198
e_xx: 1.6901e+08, a2_x: 7.15743e+09, currMod: 0.981407
e_xx: 1.69408e+08, a2_x: 5.35024e+09, currMod: 0.983717
e_xx: 1.69411e+08, a2_x: -3.97186e+09, currMod: 0.983737
e_xx: 1.69902e+08, a2_x: 3.06627e+09, currMod: 0.986584
e_xx: 1.69911e+08, a2_x: -1.7682e+07, currMod: 0.986639
e_xx: 1.69973e+08, a2_x: -1.81781e+08, currMod: 0.986995
e_xx: 1.6994e+08, a2_x: 4.89132e+09, currMod: 0.986804
End Structure 4798 21648 vs 31244
currMod: 0.986995, prevMod: 0.981168
numClusters: 21648
Total iteration time: 34.861

Loop 0 <line-37> - Time 0.001961 Total energy consumed 0.041235 Ave. Power Level 21.030518
	-------- Loop 0 (sock 1 consumed 0.021135, avg temp 40.500000, final temp 41 ) ------
	-------- Loop 0 (sock 2 consumed 0.020100, avg temp 35.500000, final temp 36 ) ------
Loop 1 <line-54> - Time 0.000623 Total energy consumed 0.000000 Ave. Power Level 0.000000
	-------- Loop 1 (sock 1 consumed 0.000000, avg temp 41.000000, final temp 41 ) ------
	-------- Loop 1 (sock 2 consumed 0.000000, avg temp 35.500000, final temp 36 ) ------
Loop 2 <line-76> - Time 0.001004 Total energy consumed 0.090510 Ave. Power Level 90.152186
	-------- Loop 2 (sock 1 consumed 0.047535, avg temp 40.500000, final temp 41 ) ------
	-------- Loop 2 (sock 2 consumed 0.042975, avg temp 35.500000, final temp 36 ) ------
Loop 3 <line-170> - Time 1.002079 Total energy consumed 43.117470 Ave. Power Level 43.028031
	-------- Loop 3 (sock 1 consumed 22.465590, avg temp 41.000000, final temp 41 ) ------
	-------- Loop 3 (sock 2 consumed 20.651880, avg temp 36.000000, final temp 36 ) ------
Loop 4 <line-192> - Time 0.000283 Total energy consumed 0.000000 Ave. Power Level 0.000000
	-------- Loop 4 (sock 1 consumed 0.000000, avg temp 41.000000, final temp 41 ) ------
	-------- Loop 4 (sock 2 consumed 0.000000, avg temp 36.000000, final temp 36 ) ------
Loop 5 <line-222> - Time 0.407165 Total energy consumed 17.187990 Ave. Power Level 42.213859
	-------- Loop 5 (sock 1 consumed 8.158050, avg temp 40.500000, final temp 41 ) ------
	-------- Loop 5 (sock 2 consumed 9.029940, avg temp 36.000000, final temp 36 ) ------
Loop 6 <line-116> - Time 0.002176 Total energy consumed 0.158265 Ave. Power Level 72.716037
	-------- Loop 6 (sock 1 consumed 0.102450, avg temp 41.000000, final temp 41 ) ------
	-------- Loop 6 (sock 2 consumed 0.055815, avg temp 35.833333, final temp 36 ) ------
Loop 7 <line-334> - Time 0.871198 Total energy consumed 35.470350 Ave. Power Level 40.714432
	-------- Loop 7 (sock 1 consumed 18.639420, avg temp 41.000000, final temp 41 ) ------
	-------- Loop 7 (sock 2 consumed 16.830930, avg temp 35.857143, final temp 36 ) ------
Loop 8 <line-353> - Time 0.000503 Total energy consumed 0.000000 Ave. Power Level 0.000000
	-------- Loop 8 (sock 1 consumed 0.000000, avg temp 41.000000, final temp 41 ) ------
	-------- Loop 8 (sock 2 consumed 0.000000, avg temp 35.857143, final temp 36 ) ------
Loop 9 <line-375> - Time 0.000999 Total energy consumed 0.053595 Ave. Power Level 53.655631
	-------- Loop 9 (sock 1 consumed 0.027975, avg temp 41.000000, final temp 41 ) ------
	-------- Loop 9 (sock 2 consumed 0.025620, avg temp 35.714286, final temp 36 ) ------
Loop 10 <line-85> - Time 0.205642 Total energy consumed 10.516515 Ave. Power Level 51.139845
	-------- Loop 10 (sock 1 consumed 5.241840, avg temp 41.250000, final temp 42 ) ------
	-------- Loop 10 (sock 2 consumed 5.274675, avg temp 35.500000, final temp 35 ) ------
Loop 11 <line-131> - Time 0.007331 Total energy consumed 0.365880 Ave. Power Level 49.905755
	-------- Loop 11 (sock 1 consumed 0.182925, avg temp 41.000000, final temp 41 ) ------
	-------- Loop 11 (sock 2 consumed 0.182955, avg temp 35.500000, final temp 35 ) ------
Loop 12 <line-167> - Time 0.347932 Total energy consumed 17.724495 Ave. Power Level 50.942361
	-------- Loop 12 (sock 1 consumed 8.858760, avg temp 41.000000, final temp 41 ) ------
	-------- Loop 12 (sock 2 consumed 8.865735, avg temp 35.500000, final temp 35 ) ------
Loop 13 <line-213> - Time 11.948110 Total energy consumed 620.077350 Ave. Power Level 51.897526
	-------- Loop 13 (sock 1 consumed 309.675480, avg temp 41.153846, final temp 41 ) ------
	-------- Loop 13 (sock 2 consumed 310.401870, avg temp 35.692308, final temp 35 ) ------
Loop 14 <line-99> - Time 7.238463 Total energy consumed 301.666665 Ave. Power Level 41.675517
	-------- Loop 14 (sock 1 consumed 154.651470, avg temp 41.166667, final temp 41 ) ------
	-------- Loop 14 (sock 2 consumed 147.015195, avg temp 35.666667, final temp 35 ) ------
Loop 15 <line-160> - Time 0.160860 Total energy consumed 7.089000 Ave. Power Level 44.069448
	-------- Loop 15 (sock 1 consumed 3.622740, avg temp 41.166667, final temp 41 ) ------
	-------- Loop 15 (sock 2 consumed 3.466260, avg temp 35.666667, final temp 36 ) ------
Loop 16 <line-269> - Time 7.579825 Total energy consumed 306.723015 Ave. Power Level 40.465713
	-------- Loop 16 (sock 1 consumed 150.937170, avg temp 41.034483, final temp 41 ) ------
	-------- Loop 16 (sock 2 consumed 155.785845, avg temp 35.413793, final temp 36 ) ------
Loop 17 <line-300> - Time 0.004230 Total energy consumed 0.060600 Ave. Power Level 14.327752
	-------- Loop 17 (sock 1 consumed 0.018255, avg temp 41.000000, final temp 41 ) ------
	-------- Loop 17 (sock 2 consumed 0.042345, avg temp 35.375000, final temp 36 ) ------
Loop 18 <line-148> - Time 0.000435 Total energy consumed 0.000000 Ave. Power Level 0.000000
	-------- Loop 18 (sock 1 consumed 0.000000, avg temp 41.000000, final temp 41 ) ------
	-------- Loop 18 (sock 2 consumed 0.000000, avg temp 36.000000, final temp 36 ) ------
Application(EnergyStat) - Time 53.283061 Total energy consumed 2293.687350 Ave. Power Level 43.047214 Final Temperature socket 1 : 41  socket 2 : 36 
	 ParallelApplication(EnergyStat) - Time 29.780818 Total energy consumed 1360.342935 Ave. Power Level 45.678494
Memory used: 1.32422
Loading 32-bit binary file: pnnl.bin, numvertices: 2361670, numEdges: 191402826
File read time: 2.6284
Before allocating graph
Allocated graph: 0x13d2570
Processing edges for vertex: 0, range(0, 166)
Processing edges for vertex: 100000, range(58444108, 58444133)
Processing edges for vertex: 200000, range(84376057, 84376362)
Processing edges for vertex: 300000, range(106069163, 106069503)
Processing edges for vertex: 400000, range(122097114, 122097513)
Processing edges for vertex: 500000, range(135096418, 135096483)
Processing edges for vertex: 600000, range(146097008, 146097061)
Processing edges for vertex: 700000, range(155415410, 155415531)
Processing edges for vertex: 800000, range(162595900, 162595989)
Processing edges for vertex: 900000, range(168508374, 168508464)
Processing edges for vertex: 1000000, range(173203321, 173203442)
Processing edges for vertex: 1100000, range(176935100, 176935110)
Processing edges for vertex: 1200000, range(179876260, 179876270)
Processing edges for vertex: 1300000, range(182240081, 182240092)
Processing edges for vertex: 1400000, range(184224513, 184224521)
Processing edges for vertex: 1500000, range(185795161, 185795170)
Processing edges for vertex: 1600000, range(187104124, 187104130)
Processing edges for vertex: 1700000, range(188148455, 188148461)
Processing edges for vertex: 1800000, range(188997836, 188997842)
Processing edges for vertex: 1900000, range(189691532, 189691535)
Processing edges for vertex: 2000000, range(190254658, 190254660)
Processing edges for vertex: 2100000, range(190705814, 190705822)
Processing edges for vertex: 2200000, range(191052755, 191052764)
Processing edges for vertex: 2300000, range(191302662, 191302663)
Graph populate time: 13.923
Total I/O time: 16.5514

Regional(EnergyStat) - Time 16.556689 Total energy consumed 649.741905 Ave. Power Level 39.243469 
Running on: 8 threads
Loaded graph from file: pnnl.bin
Memory used: 2949.12
Maximum degree for the graph: 5520
Iteration: 0, conflicts: 19
Iteration: 1, conflicts: 10
Iteration: 2, conflicts: 7
Iteration: 3, conflicts: 6
Iteration: 4, conflicts: 5
Iteration: 5, conflicts: 4
Iteration: 6, conflicts: 3
Iteration: 7, conflicts: 2
Iteration: 8, conflicts: 1
Iteration: 9, conflicts: 0
Total number of colors used: 1182
Total number of conflicts overall: 0
Number of rounds: 10
SUCCESS: No conflicts found
Coloring time: 1.56865
Memory used: 2949.12
Number of reordered colors: 1018
End position for large colors: 0, node count: 550560, largest: 550560
Node count cutoff: 472334
e_xx: 1.30096e+08, a2_x: 5.29237e+11, currMod: 0.679683
e_xx: 1.68311e+08, a2_x: 5.70417e+11, currMod: 0.879338
e_xx: 1.73992e+08, a2_x: 4.89796e+11, currMod: 0.909023
e_xx: 1.762e+08, a2_x: 5.39271e+11, currMod: 0.920558
e_xx: 1.77299e+08, a2_x: 5.15394e+11, currMod: 0.926301
currMod: 0.920558, prevMod: -1
Louvain time: 19.3774
numClusters: 203409, time: 0.193606
Next phase: 2
Memory used: 2949.12
End Structure 1293690 203409 vs 2789111
Build next level time: 6.95628
Iteration time: 26.5329
Memory used: 2949.12
e_xx: 1.56687e+08, a2_x: 5.14238e+11, currMod: 0.917449
e_xx: 1.64209e+08, a2_x: 3.72997e+11, currMod: 0.961494
e_xx: 1.65663e+08, a2_x: 2.96733e+11, currMod: 0.970015
e_xx: 1.66044e+08, a2_x: 2.7058e+11, currMod: 0.972247
e_xx: 1.6615e+08, a2_x: 2.88635e+11, currMod: 0.972866
e_xx: 1.66248e+08, a2_x: 2.75725e+11, currMod: 0.973437
e_xx: 1.66255e+08, a2_x: 2.82393e+11, currMod: 0.97348
e_xx: 1.66316e+08, a2_x: 2.80118e+11, currMod: 0.973839
e_xx: 1.66297e+08, a2_x: 2.90085e+11, currMod: 0.973728
currMod: 0.973839, prevMod: 0.920558
Louvain time: 4.05188
numClusters: 52813, time: 0.026647
Next phase: 3
Memory used: 2949.12
End Structure 519310 52813 vs 1091425
Build next level time: 0.290364
Iteration time: 4.37003
Memory used: 2949.12
e_xx: 1.66316e+08, a2_x: 2.83108e+11, currMod: 0.973808
e_xx: 1.67178e+08, a2_x: 4.78189e+10, currMod: 0.978864
e_xx: 1.6723e+08, a2_x: 9.6987e+10, currMod: 0.979162
e_xx: 1.67351e+08, a2_x: 9.52354e+10, currMod: 0.979876
e_xx: 1.67265e+08, a2_x: 7.11098e+10, currMod: 0.979373
currMod: 0.979876, prevMod: 0.973839
Louvain time: 1.0618
numClusters: 25805, time: 0.008698
Next phase: 4
Memory used: 2949.12
End Structure 179883 25805 vs 385571
Build next level time: 0.11855
Iteration time: 1.18958
Memory used: 2949.12
e_xx: 1.67351e+08, a2_x: 9.76963e+10, currMod: 0.979863
e_xx: 1.67553e+08, a2_x: -1.02613e+09, currMod: 0.981046
e_xx: 1.67561e+08, a2_x: -7.99362e+09, currMod: 0.981091
e_xx: 1.67561e+08, a2_x: -3.07054e+10, currMod: 0.981094
e_xx: 1.67562e+08, a2_x: -4.25593e+09, currMod: 0.981097
e_xx: 1.67561e+08, a2_x: -2.73888e+10, currMod: 0.981095
currMod: 0.981097, prevMod: 0.979876
Louvain time: 0.541964
numClusters: 22169, time: 0.005573
Next phase: 5
Memory used: 2949.12
End Structure 90748 22169 vs 203665
Build next level time: 0.053169
Iteration time: 0.601215
Memory used: 2949.12
e_xx: 1.67562e+08, a2_x: -6.60992e+09, currMod: 0.981095
e_xx: 1.67576e+08, a2_x: -5.1037e+10, currMod: 0.981182
e_xx: 1.67576e+08, a2_x: -3.71384e+10, currMod: 0.981179
currMod: 0.981182, prevMod: 0.981097
Louvain time: 0.157977
numClusters: 22024, time: 0.004855
Next phase: 6
Memory used: 2949.12
End Structure 81354 22024 vs 184732
Build next level time: 0.039692
Iteration time: 0.202862
Memory used: 2949.12
e_xx: 1.67576e+08, a2_x: -5.08809e+10, currMod: 0.981182
e_xx: 1.67577e+08, a2_x: -5.45149e+10, currMod: 0.981184
e_xx: 1.67577e+08, a2_x: -5.52361e+10, currMod: 0.981184
currMod: 0.981184, prevMod: 0.981182
Louvain time: 0.142091
numClusters: 21993, time: 0.004842
Next phase: 7
Memory used: 2949.12
End Structure 78920 21993 vs 179833
Build next level time: 0.041874
Iteration time: 0.189101
Memory used: 2949.12
e_xx: 1.67577e+08, a2_x: -5.46709e+10, currMod: 0.981184
e_xx: 1.67577e+08, a2_x: -5.38254e+10, currMod: 0.981184
currMod: 0.981184, prevMod: 0.981184
Louvain time: 0.092332
numClusters: 21993, time: 0.004866
Maximum degree for the graph: 490
Iteration: 0, conflicts: 0
Total number of colors used: 176
Total number of conflicts overall: 0
Number of rounds: 1
SUCCESS: No conflicts found
Number of reordered colors: 172
End position for large colors: 0, node count: 21550, largest: 21550
Node count cutoff: 4399
e_xx: 1.67577e+08, a2_x: -5.38254e+10, currMod: 0.981184
End Structure 78733 21990 vs 179456
currMod: 0.981184, prevMod: 0.981184
numClusters: 21990
Total iteration time: 33.0857

Loop 0 <line-37> - Time 0.000864 Total energy consumed 0.061755 Ave. Power Level 71.436504
	-------- Loop 0 (sock 1 consumed 0.043110, avg temp 41.500000, final temp 42 ) ------
	-------- Loop 0 (sock 2 consumed 0.018645, avg temp 35.000000, final temp 35 ) ------
Loop 1 <line-54> - Time 0.000612 Total energy consumed 0.039360 Ave. Power Level 64.309732
	-------- Loop 1 (sock 1 consumed 0.020520, avg temp 41.500000, final temp 42 ) ------
	-------- Loop 1 (sock 2 consumed 0.018840, avg temp 35.000000, final temp 35 ) ------
Loop 2 <line-76> - Time 0.001006 Total energy consumed 0.000000 Ave. Power Level 0.000000
	-------- Loop 2 (sock 1 consumed 0.000000, avg temp 41.500000, final temp 42 ) ------
	-------- Loop 2 (sock 2 consumed 0.000000, avg temp 35.000000, final temp 35 ) ------
Loop 3 <line-170> - Time 1.002894 Total energy consumed 43.048785 Ave. Power Level 42.924557
	-------- Loop 3 (sock 1 consumed 22.507005, avg temp 41.090909, final temp 42 ) ------
	-------- Loop 3 (sock 2 consumed 20.541780, avg temp 35.000000, final temp 35 ) ------
Loop 4 <line-192> - Time 0.000268 Total energy consumed 0.000000 Ave. Power Level 0.000000
	-------- Loop 4 (sock 1 consumed 0.000000, avg temp 41.500000, final temp 42 ) ------
	-------- Loop 4 (sock 2 consumed 0.000000, avg temp 35.000000, final temp 35 ) ------
Loop 5 <line-222> - Time 0.407849 Total energy consumed 17.279520 Ave. Power Level 42.367406
	-------- Loop 5 (sock 1 consumed 8.201070, avg temp 41.000000, final temp 41 ) ------
	-------- Loop 5 (sock 2 consumed 9.078450, avg temp 35.000000, final temp 35 ) ------
Loop 6 <line-116> - Time 0.002476 Total energy consumed 0.098970 Ave. Power Level 39.970211
	-------- Loop 6 (sock 1 consumed 0.061845, avg temp 41.571429, final temp 42 ) ------
	-------- Loop 6 (sock 2 consumed 0.037125, avg temp 35.142857, final temp 35 ) ------
Loop 7 <line-334> - Time 0.872494 Total energy consumed 35.643180 Ave. Power Level 40.852060
	-------- Loop 7 (sock 1 consumed 18.785160, avg temp 41.625000, final temp 42 ) ------
	-------- Loop 7 (sock 2 consumed 16.858020, avg temp 35.250000, final temp 35 ) ------
Loop 8 <line-353> - Time 0.000536 Total energy consumed 0.025740 Ave. Power Level 47.990961
	-------- Loop 8 (sock 1 consumed 0.000000, avg temp 41.625000, final temp 42 ) ------
	-------- Loop 8 (sock 2 consumed 0.025740, avg temp 35.125000, final temp 35 ) ------
Loop 9 <line-375> - Time 0.001004 Total energy consumed 0.028935 Ave. Power Level 28.805978
	-------- Loop 9 (sock 1 consumed 0.028935, avg temp 41.500000, final temp 42 ) ------
	-------- Loop 9 (sock 2 consumed 0.000000, avg temp 35.000000, final temp 35 ) ------
Loop 10 <line-85> - Time 0.207316 Total energy consumed 10.614975 Ave. Power Level 51.201844
	-------- Loop 10 (sock 1 consumed 5.260965, avg temp 41.500000, final temp 42 ) ------
	-------- Loop 10 (sock 2 consumed 5.354010, avg temp 35.000000, final temp 36 ) ------
Loop 11 <line-131> - Time 0.007340 Total energy consumed 0.392040 Ave. Power Level 53.410709
	-------- Loop 11 (sock 1 consumed 0.208605, avg temp 41.000000, final temp 41 ) ------
	-------- Loop 11 (sock 2 consumed 0.183435, avg temp 34.500000, final temp 35 ) ------
Loop 12 <line-167> - Time 0.352902 Total energy consumed 17.868945 Ave. Power Level 50.634319
	-------- Loop 12 (sock 1 consumed 8.916405, avg temp 41.000000, final temp 41 ) ------
	-------- Loop 12 (sock 2 consumed 8.952540, avg temp 35.000000, final temp 35 ) ------
Loop 13 <line-213> - Time 11.900027 Total energy consumed 616.886415 Ave. Power Level 51.839076
	-------- Loop 13 (sock 1 consumed 306.779850, avg temp 41.833333, final temp 41 ) ------
	-------- Loop 13 (sock 2 consumed 310.106565, avg temp 35.666667, final temp 35 ) ------
Loop 14 <line-99> - Time 6.980538 Total energy consumed 290.980890 Ave. Power Level 41.684593
	-------- Loop 14 (sock 1 consumed 148.549830, avg temp 41.428571, final temp 41 ) ------
	-------- Loop 14 (sock 2 consumed 142.431060, avg temp 35.571429, final temp 35 ) ------
Loop 15 <line-160> - Time 0.169148 Total energy consumed 7.541370 Ave. Power Level 44.584410
	-------- Loop 15 (sock 1 consumed 3.871320, avg temp 41.428571, final temp 41 ) ------
	-------- Loop 15 (sock 2 consumed 3.670050, avg temp 35.285714, final temp 35 ) ------
Loop 16 <line-269> - Time 6.012733 Total energy consumed 242.630595 Ave. Power Level 40.352796
	-------- Loop 16 (sock 1 consumed 119.393700, avg temp 41.535714, final temp 42 ) ------
	-------- Loop 16 (sock 2 consumed 123.236895, avg temp 35.464286, final temp 36 ) ------
Loop 17 <line-300> - Time 0.003075 Total energy consumed 0.098310 Ave. Power Level 31.971200
	-------- Loop 17 (sock 1 consumed 0.036300, avg temp 41.500000, final temp 41 ) ------
	-------- Loop 17 (sock 2 consumed 0.062010, avg temp 35.409091, final temp 35 ) ------
Loop 18 <line-148> - Time 0.000435 Total energy consumed 0.000000 Ave. Power Level 0.000000
	-------- Loop 18 (sock 1 consumed 0.000000, avg temp 42.000000, final temp 42 ) ------
	-------- Loop 18 (sock 2 consumed 0.000000, avg temp 35.000000, final temp 35 ) ------
Application(EnergyStat) - Time 51.376995 Total energy consumed 2213.517390 Ave. Power Level 43.083823 Final Temperature socket 1 : 41  socket 2 : 35 
	 ParallelApplication(EnergyStat) - Time 27.923520 Total energy consumed 1283.239785 Ave. Power Level 45.955517
Memory used: 1.32031
Loading 32-bit binary file: pnnl.bin, numvertices: 2361670, numEdges: 191402826
File read time: 2.62949
Before allocating graph
Allocated graph: 0x1b12570
Processing edges for vertex: 0, range(0, 166)
Processing edges for vertex: 100000, range(58444108, 58444133)
Processing edges for vertex: 200000, range(84376057, 84376362)
Processing edges for vertex: 300000, range(106069163, 106069503)
Processing edges for vertex: 400000, range(122097114, 122097513)
Processing edges for vertex: 500000, range(135096418, 135096483)
Processing edges for vertex: 600000, range(146097008, 146097061)
Processing edges for vertex: 700000, range(155415410, 155415531)
Processing edges for vertex: 800000, range(162595900, 162595989)
Processing edges for vertex: 900000, range(168508374, 168508464)
Processing edges for vertex: 1000000, range(173203321, 173203442)
Processing edges for vertex: 1100000, range(176935100, 176935110)
Processing edges for vertex: 1200000, range(179876260, 179876270)
Processing edges for vertex: 1300000, range(182240081, 182240092)
Processing edges for vertex: 1400000, range(184224513, 184224521)
Processing edges for vertex: 1500000, range(185795161, 185795170)
Processing edges for vertex: 1600000, range(187104124, 187104130)
Processing edges for vertex: 1700000, range(188148455, 188148461)
Processing edges for vertex: 1800000, range(188997836, 188997842)
Processing edges for vertex: 1900000, range(189691532, 189691535)
Processing edges for vertex: 2000000, range(190254658, 190254660)
Processing edges for vertex: 2100000, range(190705814, 190705822)
Processing edges for vertex: 2200000, range(191052755, 191052764)
Processing edges for vertex: 2300000, range(191302662, 191302663)
Graph populate time: 13.9714
Total I/O time: 16.601

Regional(EnergyStat) - Time 16.607082 Total energy consumed 650.862705 Ave. Power Level 39.191876 
Running on: 8 threads
Loaded graph from file: pnnl.bin
Memory used: 2949.12
Maximum degree for the graph: 5520
Iteration: 0, conflicts: 17
Iteration: 1, conflicts: 1
Iteration: 2, conflicts: 0
Total number of colors used: 1184
Total number of conflicts overall: 0
Number of rounds: 3
SUCCESS: No conflicts found
Coloring time: 1.58643
Memory used: 2949.12
Number of reordered colors: 1002
End position for large colors: 0, node count: 550692, largest: 550692
Node count cutoff: 472334
e_xx: 1.26206e+08, a2_x: 5.70653e+11, currMod: 0.659358
e_xx: 1.67101e+08, a2_x: 5.27076e+11, currMod: 0.873017
e_xx: 1.73544e+08, a2_x: 4.5638e+11, currMod: 0.906683
e_xx: 1.76205e+08, a2_x: 5.12759e+11, currMod: 0.920583
e_xx: 1.77597e+08, a2_x: 5.41288e+11, currMod: 0.927853
currMod: 0.920583, prevMod: -1
Louvain time: 19.6935
numClusters: 203072, time: 0.17153
Next phase: 2
Memory used: 2949.12
End Structure 1288742 203072 vs 2778905
Build next level time: 7.23703
Iteration time: 27.1079
Memory used: 2949.12
e_xx: 1.58168e+08, a2_x: 5.42017e+11, currMod: 0.91974
e_xx: 1.65866e+08, a2_x: 3.96468e+11, currMod: 0.964504
e_xx: 1.66888e+08, a2_x: 3.05719e+11, currMod: 0.97045
e_xx: 1.6721e+08, a2_x: 3.10308e+11, currMod: 0.972324
e_xx: 1.67287e+08, a2_x: 3.23147e+11, currMod: 0.97277
e_xx: 1.67428e+08, a2_x: 3.00962e+11, currMod: 0.973595
e_xx: 1.674e+08, a2_x: 3.2612e+11, currMod: 0.973427
currMod: 0.973595, prevMod: 0.920583
Louvain time: 3.31475
numClusters: 55466, time: 0.027256
Next phase: 3
Memory used: 2949.12
End Structure 563329 55466 vs 1182112
Build next level time: 0.314699
Iteration time: 3.65783
Memory used: 2949.12
e_xx: 1.67428e+08, a2_x: 3.00658e+11, currMod: 0.973571
e_xx: 1.68337e+08, a2_x: 1.09766e+11, currMod: 0.978864
e_xx: 1.68386e+08, a2_x: 9.6834e+10, currMod: 0.979146
e_xx: 1.68464e+08, a2_x: 1.23917e+11, currMod: 0.9796
e_xx: 1.6842e+08, a2_x: 1.18847e+11, currMod: 0.979342
currMod: 0.9796, prevMod: 0.973595
Louvain time: 1.13036
numClusters: 26128, time: 0.009014
Next phase: 4
Memory used: 2949.12
End Structure 188270 26128 vs 402668
Build next level time: 0.130913
Iteration time: 1.27081
Memory used: 2949.12
e_xx: 1.68464e+08, a2_x: 1.2579e+11, currMod: 0.979586
e_xx: 1.68729e+08, a2_x: 2.96297e+10, currMod: 0.98113
e_xx: 1.68747e+08, a2_x: 3.56247e+10, currMod: 0.981235
e_xx: 1.68748e+08, a2_x: 2.62036e+10, currMod: 0.981241
e_xx: 1.68749e+08, a2_x: 3.82905e+10, currMod: 0.981248
e_xx: 1.68749e+08, a2_x: 1.96921e+10, currMod: 0.981248
currMod: 0.981248, prevMod: 0.9796
Louvain time: 0.585636
numClusters: 22169, time: 0.005598
Next phase: 5
Memory used: 2949.12
End Structure 89497 22169 vs 201163
Build next level time: 0.057658
Iteration time: 0.64939
Memory used: 2949.12
e_xx: 1.68749e+08, a2_x: 3.80525e+10, currMod: 0.981245
e_xx: 1.68766e+08, a2_x: 4.49174e+10, currMod: 0.98134
e_xx: 1.68768e+08, a2_x: 6.40354e+10, currMod: 0.981355
e_xx: 1.68768e+08, a2_x: 5.97902e+10, currMod: 0.981353
currMod: 0.981355, prevMod: 0.981248
Louvain time: 0.21635
numClusters: 21965, time: 0.004901
Next phase: 6
Memory used: 2949.12
End Structure 72488 21965 vs 166941
Build next level time: 0.040246
Iteration time: 0.261823
Memory used: 2949.12
e_xx: 1.68768e+08, a2_x: 6.43644e+10, currMod: 0.981355
e_xx: 1.68768e+08, a2_x: 6.03359e+10, currMod: 0.981356
e_xx: 1.68768e+08, a2_x: 5.47402e+10, currMod: 0.981356
currMod: 0.981356, prevMod: 0.981355
Louvain time: 0.136609
numClusters: 21951, time: 0.004839
Next phase: 7
Memory used: 2949.12
End Structure 70360 21951 vs 162671
Build next level time: 0.038201
Iteration time: 0.179936
Memory used: 2949.12
e_xx: 1.68768e+08, a2_x: 5.9678e+10, currMod: 0.981356
e_xx: 1.68768e+08, a2_x: 5.9678e+10, currMod: 0.981356
currMod: 0.981356, prevMod: 0.981356
Louvain time: 0.088927
numClusters: 21951, time: 0.00487
Maximum degree for the graph: 456
Iteration: 0, conflicts: 0
Total number of colors used: 175
Total number of conflicts overall: 0
Number of rounds: 1
SUCCESS: No conflicts found
Number of reordered colors: 175
End position for large colors: 0, node count: 21532, largest: 21532
Node count cutoff: 4391
e_xx: 1.68768e+08, a2_x: 5.9678e+10, currMod: 0.981356
End Structure 70360 21951 vs 162671
currMod: 0.981356, prevMod: 0.981356
numClusters: 21951
Total iteration time: 33.1277

Loop 0 <line-37> - Time 0.000845 Total energy consumed 0.039465 Ave. Power Level 46.724435
	-------- Loop 0 (sock 1 consumed 0.017910, avg temp 41.500000, final temp 42 ) ------
	-------- Loop 0 (sock 2 consumed 0.021555, avg temp 36.000000, final temp 36 ) ------
Loop 1 <line-54> - Time 0.000469 Total energy consumed 0.000000 Ave. Power Level 0.000000
	-------- Loop 1 (sock 1 consumed 0.000000, avg temp 40.500000, final temp 41 ) ------
	-------- Loop 1 (sock 2 consumed 0.000000, avg temp 35.000000, final temp 36 ) ------
Loop 2 <line-76> - Time 0.000996 Total energy consumed 0.000000 Ave. Power Level 0.000000
	-------- Loop 2 (sock 1 consumed 0.000000, avg temp 40.500000, final temp 41 ) ------
	-------- Loop 2 (sock 2 consumed 0.000000, avg temp 35.000000, final temp 36 ) ------
Loop 3 <line-170> - Time 1.043721 Total energy consumed 44.186475 Ave. Power Level 42.335511
	-------- Loop 3 (sock 1 consumed 21.007485, avg temp 40.500000, final temp 42 ) ------
	-------- Loop 3 (sock 2 consumed 23.178990, avg temp 35.250000, final temp 36 ) ------
Loop 4 <line-192> - Time 0.000269 Total energy consumed 0.079755 Ave. Power Level 296.720836
	-------- Loop 4 (sock 1 consumed 0.037245, avg temp 41.500000, final temp 42 ) ------
	-------- Loop 4 (sock 2 consumed 0.042510, avg temp 35.500000, final temp 36 ) ------
Loop 5 <line-222> - Time 0.387558 Total energy consumed 16.393770 Ave. Power Level 42.300149
	-------- Loop 5 (sock 1 consumed 8.648715, avg temp 41.500000, final temp 42 ) ------
	-------- Loop 5 (sock 2 consumed 7.745055, avg temp 36.000000, final temp 36 ) ------
Loop 6 <line-116> - Time 0.002336 Total energy consumed 0.135495 Ave. Power Level 58.011067
	-------- Loop 6 (sock 1 consumed 0.071850, avg temp 41.142857, final temp 41 ) ------
	-------- Loop 6 (sock 2 consumed 0.063645, avg temp 35.571429, final temp 35 ) ------
Loop 7 <line-334> - Time 0.887418 Total energy consumed 35.653635 Ave. Power Level 40.176820
	-------- Loop 7 (sock 1 consumed 16.538745, avg temp 41.000000, final temp 41 ) ------
	-------- Loop 7 (sock 2 consumed 19.114890, avg temp 35.500000, final temp 36 ) ------
Loop 8 <line-353> - Time 0.000531 Total energy consumed 0.098670 Ave. Power Level 185.951231
	-------- Loop 8 (sock 1 consumed 0.054885, avg temp 41.000000, final temp 41 ) ------
	-------- Loop 8 (sock 2 consumed 0.043785, avg temp 35.625000, final temp 36 ) ------
Loop 9 <line-375> - Time 0.001033 Total energy consumed 0.000000 Ave. Power Level 0.000000
	-------- Loop 9 (sock 1 consumed 0.000000, avg temp 41.000000, final temp 41 ) ------
	-------- Loop 9 (sock 2 consumed 0.000000, avg temp 35.625000, final temp 36 ) ------
Loop 10 <line-85> - Time 0.203033 Total energy consumed 10.249815 Ave. Power Level 50.483568
	-------- Loop 10 (sock 1 consumed 5.156730, avg temp 41.250000, final temp 42 ) ------
	-------- Loop 10 (sock 2 consumed 5.093085, avg temp 36.000000, final temp 36 ) ------
Loop 11 <line-131> - Time 0.007352 Total energy consumed 0.411180 Ave. Power Level 55.928331
	-------- Loop 11 (sock 1 consumed 0.207720, avg temp 41.500000, final temp 42 ) ------
	-------- Loop 11 (sock 2 consumed 0.203460, avg temp 36.000000, final temp 36 ) ------
Loop 12 <line-167> - Time 0.359812 Total energy consumed 17.998815 Ave. Power Level 50.022860
	-------- Loop 12 (sock 1 consumed 9.055125, avg temp 41.000000, final temp 41 ) ------
	-------- Loop 12 (sock 2 consumed 8.943690, avg temp 35.500000, final temp 35 ) ------
Loop 13 <line-213> - Time 12.285217 Total energy consumed 631.426425 Ave. Power Level 51.397253
	-------- Loop 13 (sock 1 consumed 317.975040, avg temp 41.666667, final temp 41 ) ------
	-------- Loop 13 (sock 2 consumed 313.451385, avg temp 36.166667, final temp 36 ) ------
Loop 14 <line-99> - Time 7.246824 Total energy consumed 298.351545 Ave. Power Level 41.169973
	-------- Loop 14 (sock 1 consumed 146.424660, avg temp 41.285714, final temp 41 ) ------
	-------- Loop 14 (sock 2 consumed 151.926885, avg temp 35.428571, final temp 36 ) ------
Loop 15 <line-160> - Time 0.199508 Total energy consumed 8.402385 Ave. Power Level 42.115479
	-------- Loop 15 (sock 1 consumed 4.088070, avg temp 41.857143, final temp 41 ) ------
	-------- Loop 15 (sock 2 consumed 4.314315, avg temp 35.857143, final temp 36 ) ------
Loop 16 <line-269> - Time 5.437526 Total energy consumed 217.227525 Ave. Power Level 39.949699
	-------- Loop 16 (sock 1 consumed 104.679930, avg temp 41.333333, final temp 41 ) ------
	-------- Loop 16 (sock 2 consumed 112.547595, avg temp 35.333333, final temp 36 ) ------
Loop 17 <line-300> - Time 0.002588 Total energy consumed 0.039000 Ave. Power Level 15.066752
	-------- Loop 17 (sock 1 consumed 0.020445, avg temp 41.333333, final temp 41 ) ------
	-------- Loop 17 (sock 2 consumed 0.018555, avg temp 35.476190, final temp 36 ) ------
Loop 18 <line-148> - Time 0.000432 Total energy consumed 0.000000 Ave. Power Level 0.000000
	-------- Loop 18 (sock 1 consumed 0.000000, avg temp 42.000000, final temp 42 ) ------
	-------- Loop 18 (sock 2 consumed 0.000000, avg temp 36.000000, final temp 36 ) ------
Application(EnergyStat) - Time 51.479674 Total energy consumed 2209.799460 Ave. Power Level 42.925670 Final Temperature socket 1 : 41  socket 2 : 36 
	 ParallelApplication(EnergyStat) - Time 28.067468 Total energy consumed 1280.693955 Ave. Power Level 45.629123
