Memory used: 1.32031
Loading 32-bit binary file: pnnl.bin, numvertices: 2361670, numEdges: 191402826
File read time: 1.61405
Before allocating graph
Allocated graph: 0x17b0570
Processing edges for vertex: 0, range(0, 166)
Processing edges for vertex: 100000, range(58444108, 58444133)
Processing edges for vertex: 200000, range(84376057, 84376362)
Processing edges for vertex: 300000, range(106069163, 106069503)
Processing edges for vertex: 400000, range(122097114, 122097513)
Processing edges for vertex: 500000, range(135096418, 135096483)
Processing edges for vertex: 600000, range(146097008, 146097061)
Processing edges for vertex: 700000, range(155415410, 155415531)
Processing edges for vertex: 800000, range(162595900, 162595989)
Processing edges for vertex: 900000, range(168508374, 168508464)
Processing edges for vertex: 1000000, range(173203321, 173203442)
Processing edges for vertex: 1100000, range(176935100, 176935110)
Processing edges for vertex: 1200000, range(179876260, 179876270)
Processing edges for vertex: 1300000, range(182240081, 182240092)
Processing edges for vertex: 1400000, range(184224513, 184224521)
Processing edges for vertex: 1500000, range(185795161, 185795170)
Processing edges for vertex: 1600000, range(187104124, 187104130)
Processing edges for vertex: 1700000, range(188148455, 188148461)
Processing edges for vertex: 1800000, range(188997836, 188997842)
Processing edges for vertex: 1900000, range(189691532, 189691535)
Processing edges for vertex: 2000000, range(190254658, 190254660)
Processing edges for vertex: 2100000, range(190705814, 190705822)
Processing edges for vertex: 2200000, range(191052755, 191052764)
Processing edges for vertex: 2300000, range(191302662, 191302663)
Graph populate time: 7.83192
Total I/O time: 9.446

Regional(EnergyStat) - Time 9.450322 Total energy consumed 525.152775 Ave. Power Level 55.569830 
Running on: 12 threads
Loaded graph from file: pnnl.bin
Memory used: 2949.12
Maximum degree for the graph: 5520
Iteration: 0, conflicts: 45
Iteration: 1, conflicts: 19
Iteration: 2, conflicts: 15
Iteration: 3, conflicts: 10
Iteration: 4, conflicts: 6
Iteration: 5, conflicts: 4
Iteration: 6, conflicts: 3
Iteration: 7, conflicts: 2
Iteration: 8, conflicts: 1
Iteration: 9, conflicts: 0
Total number of colors used: 1188
Total number of conflicts overall: 0
Number of rounds: 10
SUCCESS: No conflicts found
Coloring time: 0.74606
Memory used: 2949.12
Number of reordered colors: 1033
End position for large colors: 0, node count: 550930, largest: 550930
Node count cutoff: 472334
e_xx: 1.2845e+08, a2_x: 6.69493e+11, currMod: 0.671079
e_xx: 1.67818e+08, a2_x: 5.68538e+11, currMod: 0.876763
e_xx: 1.73102e+08, a2_x: 5.07997e+11, currMod: 0.904372
e_xx: 1.75382e+08, a2_x: 5.3325e+11, currMod: 0.916283
e_xx: 1.7664e+08, a2_x: 5.18405e+11, currMod: 0.922856
currMod: 0.916283, prevMod: -1
Louvain time: 7.71436
numClusters: 203314, time: 0.104327
Next phase: 2
Memory used: 2949.12
End Structure 1279950 203314 vs 2761676
Build next level time: 3.69921
Iteration time: 11.5223
Memory used: 2949.12
e_xx: 1.57601e+08, a2_x: 5.17327e+11, currMod: 0.914373
e_xx: 1.65787e+08, a2_x: 3.39589e+11, currMod: 0.961872
e_xx: 1.67286e+08, a2_x: 2.68405e+11, currMod: 0.970575
e_xx: 1.67715e+08, a2_x: 2.13565e+11, currMod: 0.973066
e_xx: 1.67753e+08, a2_x: 2.7079e+11, currMod: 0.973282
e_xx: 1.67903e+08, a2_x: 2.44327e+11, currMod: 0.974153
e_xx: 1.67853e+08, a2_x: 2.70916e+11, currMod: 0.973866
currMod: 0.974153, prevMod: 0.916283
Louvain time: 1.52942
numClusters: 54410, time: 0.015067
Next phase: 3
Memory used: 2949.12
End Structure 534541 54410 vs 1123476
Build next level time: 0.19293
Iteration time: 1.73805
Memory used: 2949.12
e_xx: 1.67903e+08, a2_x: 2.43811e+11, currMod: 0.974125
e_xx: 1.68712e+08, a2_x: 9.76272e+10, currMod: 0.978826
e_xx: 1.68713e+08, a2_x: 1.26312e+11, currMod: 0.97883
e_xx: 1.68845e+08, a2_x: 1.083e+11, currMod: 0.979595
e_xx: 1.6875e+08, a2_x: 8.27861e+10, currMod: 0.979046
currMod: 0.979595, prevMod: 0.974153
Louvain time: 0.535986
numClusters: 25919, time: 0.004757
Next phase: 4
Memory used: 2949.12
End Structure 182635 25919 vs 391188
Build next level time: 0.065119
Iteration time: 0.606346
Memory used: 2949.12
e_xx: 1.68845e+08, a2_x: 1.06635e+11, currMod: 0.979582
e_xx: 1.69087e+08, a2_x: 4.11211e+10, currMod: 0.98099
e_xx: 1.69092e+08, a2_x: 2.73975e+10, currMod: 0.981019
e_xx: 1.69091e+08, a2_x: 4.75431e+10, currMod: 0.981014
currMod: 0.981019, prevMod: 0.979595
Louvain time: 0.19576
numClusters: 22269, time: 0.002996
Next phase: 5
Memory used: 2949.12
End Structure 101182 22269 vs 224633
Build next level time: 0.029536
Iteration time: 0.228657
Memory used: 2949.12
e_xx: 1.69092e+08, a2_x: 2.67961e+10, currMod: 0.981017
e_xx: 1.69102e+08, a2_x: 3.63214e+10, currMod: 0.981075
e_xx: 1.69095e+08, a2_x: 4.8688e+10, currMod: 0.981033
currMod: 0.981075, prevMod: 0.981019
Louvain time: 0.094444
numClusters: 22066, time: 0.00264
Next phase: 6
Memory used: 2949.12
End Structure 91121 22066 vs 204308
Build next level time: 0.023424
Iteration time: 0.120725
Memory used: 2949.12
e_xx: 1.69102e+08, a2_x: 3.64889e+10, currMod: 0.981075
e_xx: 1.69102e+08, a2_x: 3.51564e+10, currMod: 0.981077
e_xx: 1.69102e+08, a2_x: 3.68012e+10, currMod: 0.981077
currMod: 0.981077, prevMod: 0.981075
Louvain time: 0.08542
numClusters: 22023, time: 0.002665
Next phase: 7
Memory used: 2949.12
End Structure 87051 22023 vs 196125
Build next level time: 0.021875
Iteration time: 0.11017
Memory used: 2949.12
e_xx: 1.69102e+08, a2_x: 3.46541e+10, currMod: 0.981077
e_xx: 1.69102e+08, a2_x: 3.71511e+10, currMod: 0.981077
currMod: 0.981077, prevMod: 0.981077
Louvain time: 0.055062
numClusters: 22023, time: 0.002618
Maximum degree for the graph: 521
Iteration: 0, conflicts: 0
Total number of colors used: 181
Total number of conflicts overall: 0
Number of rounds: 1
SUCCESS: No conflicts found
Number of reordered colors: 178
End position for large colors: 0, node count: 21543, largest: 21543
Node count cutoff: 4405
e_xx: 1.69102e+08, a2_x: 3.76327e+10, currMod: 0.981077
End Structure 86648 22018 vs 195314
currMod: 0.981077, prevMod: 0.981077
numClusters: 22018
Total iteration time: 14.3263

Loop 0 <line-37> - Time 0.000632 Total energy consumed 0.055620 Ave. Power Level 88.032377
	-------- Loop 0 (sock 1 consumed 0.032580, avg temp 49.000000, final temp 49 ) ------
	-------- Loop 0 (sock 2 consumed 0.023040, avg temp 41.500000, final temp 42 ) ------
Loop 1 <line-54> - Time 0.000420 Total energy consumed 0.000000 Ave. Power Level 0.000000
	-------- Loop 1 (sock 1 consumed 0.000000, avg temp 48.500000, final temp 48 ) ------
	-------- Loop 1 (sock 2 consumed 0.000000, avg temp 41.500000, final temp 42 ) ------
Loop 2 <line-76> - Time 0.000398 Total energy consumed 0.055395 Ave. Power Level 139.060778
	-------- Loop 2 (sock 1 consumed 0.032190, avg temp 48.500000, final temp 48 ) ------
	-------- Loop 2 (sock 2 consumed 0.023205, avg temp 41.000000, final temp 42 ) ------
Loop 3 <line-170> - Time 0.480481 Total energy consumed 33.402285 Ave. Power Level 69.518387
	-------- Loop 3 (sock 1 consumed 18.513345, avg temp 49.000000, final temp 49 ) ------
	-------- Loop 3 (sock 2 consumed 14.888940, avg temp 40.454545, final temp 42 ) ------
Loop 4 <line-192> - Time 0.000244 Total energy consumed 0.000000 Ave. Power Level 0.000000
	-------- Loop 4 (sock 1 consumed 0.000000, avg temp 49.000000, final temp 49 ) ------
	-------- Loop 4 (sock 2 consumed 0.000000, avg temp 41.500000, final temp 42 ) ------
Loop 5 <line-222> - Time 0.179082 Total energy consumed 12.242070 Ave. Power Level 68.360327
	-------- Loop 5 (sock 1 consumed 4.544370, avg temp 49.000000, final temp 49 ) ------
	-------- Loop 5 (sock 2 consumed 7.697700, avg temp 41.500000, final temp 42 ) ------
Loop 6 <line-116> - Time 0.001976 Total energy consumed 0.000000 Ave. Power Level 0.000000
	-------- Loop 6 (sock 1 consumed 0.000000, avg temp 49.571429, final temp 49 ) ------
	-------- Loop 6 (sock 2 consumed 0.000000, avg temp 41.142857, final temp 41 ) ------
Loop 7 <line-334> - Time 0.391860 Total energy consumed 24.362640 Ave. Power Level 62.171874
	-------- Loop 7 (sock 1 consumed 14.028570, avg temp 49.250000, final temp 49 ) ------
	-------- Loop 7 (sock 2 consumed 10.334070, avg temp 41.375000, final temp 42 ) ------
Loop 8 <line-353> - Time 0.000480 Total energy consumed 0.084180 Ave. Power Level 175.396194
	-------- Loop 8 (sock 1 consumed 0.060855, avg temp 49.375000, final temp 49 ) ------
	-------- Loop 8 (sock 2 consumed 0.023325, avg temp 41.375000, final temp 42 ) ------
Loop 9 <line-375> - Time 0.000693 Total energy consumed 0.000000 Ave. Power Level 0.000000
	-------- Loop 9 (sock 1 consumed 0.000000, avg temp 49.375000, final temp 49 ) ------
	-------- Loop 9 (sock 2 consumed 0.000000, avg temp 41.250000, final temp 42 ) ------
Loop 10 <line-85> - Time 0.126665 Total energy consumed 13.832370 Ave. Power Level 109.204340
	-------- Loop 10 (sock 1 consumed 6.829530, avg temp 49.000000, final temp 49 ) ------
	-------- Loop 10 (sock 2 consumed 7.002840, avg temp 41.250000, final temp 42 ) ------
Loop 11 <line-131> - Time 0.002695 Total energy consumed 0.232935 Ave. Power Level 86.441006
	-------- Loop 11 (sock 1 consumed 0.116055, avg temp 49.000000, final temp 49 ) ------
	-------- Loop 11 (sock 2 consumed 0.116880, avg temp 41.500000, final temp 42 ) ------
Loop 12 <line-167> - Time 0.154012 Total energy consumed 16.974015 Ave. Power Level 110.212440
	-------- Loop 12 (sock 1 consumed 8.419995, avg temp 49.000000, final temp 49 ) ------
	-------- Loop 12 (sock 2 consumed 8.554020, avg temp 42.000000, final temp 42 ) ------
Loop 13 <line-213> - Time 4.418152 Total energy consumed 509.701140 Ave. Power Level 115.365239
	-------- Loop 13 (sock 1 consumed 254.468610, avg temp 50.166667, final temp 49 ) ------
	-------- Loop 13 (sock 2 consumed 255.232530, avg temp 43.333333, final temp 42 ) ------
Loop 14 <line-99> - Time 3.709132 Total energy consumed 250.147260 Ave. Power Level 67.440911
	-------- Loop 14 (sock 1 consumed 142.285815, avg temp 49.571429, final temp 50 ) ------
	-------- Loop 14 (sock 2 consumed 107.861445, avg temp 41.428571, final temp 41 ) ------
Loop 15 <line-160> - Time 0.098775 Total energy consumed 7.498425 Ave. Power Level 75.914542
	-------- Loop 15 (sock 1 consumed 3.824055, avg temp 49.428571, final temp 49 ) ------
	-------- Loop 15 (sock 2 consumed 3.674370, avg temp 41.571429, final temp 42 ) ------
Loop 16 <line-269> - Time 2.477275 Total energy consumed 149.424555 Ave. Power Level 60.318124
	-------- Loop 16 (sock 1 consumed 66.999420, avg temp 49.125000, final temp 49 ) ------
	-------- Loop 16 (sock 2 consumed 82.425135, avg temp 42.000000, final temp 42 ) ------
Loop 17 <line-300> - Time 0.001394 Total energy consumed 0.000000 Ave. Power Level 0.000000
	-------- Loop 17 (sock 1 consumed 0.000000, avg temp 49.166667, final temp 49 ) ------
	-------- Loop 17 (sock 2 consumed 0.000000, avg temp 42.000000, final temp 42 ) ------
Loop 18 <line-148> - Time 0.000376 Total energy consumed 0.000000 Ave. Power Level 0.000000
	-------- Loop 18 (sock 1 consumed 0.000000, avg temp 49.000000, final temp 49 ) ------
	-------- Loop 18 (sock 2 consumed 0.000000, avg temp 42.000000, final temp 42 ) ------
Application(EnergyStat) - Time 24.619491 Total energy consumed 1741.472805 Ave. Power Level 70.735534 Final Temperature socket 1 : 50  socket 2 : 42 
	 ParallelApplication(EnergyStat) - Time 12.044740 Total energy consumed 1018.012890 Ave. Power Level 84.519289
Memory used: 1.32422
Loading 32-bit binary file: pnnl.bin, numvertices: 2361670, numEdges: 191402826
File read time: 1.65829
Before allocating graph
Allocated graph: 0x905570
Processing edges for vertex: 0, range(0, 166)
Processing edges for vertex: 100000, range(58444108, 58444133)
Processing edges for vertex: 200000, range(84376057, 84376362)
Processing edges for vertex: 300000, range(106069163, 106069503)
Processing edges for vertex: 400000, range(122097114, 122097513)
Processing edges for vertex: 500000, range(135096418, 135096483)
Processing edges for vertex: 600000, range(146097008, 146097061)
Processing edges for vertex: 700000, range(155415410, 155415531)
Processing edges for vertex: 800000, range(162595900, 162595989)
Processing edges for vertex: 900000, range(168508374, 168508464)
Processing edges for vertex: 1000000, range(173203321, 173203442)
Processing edges for vertex: 1100000, range(176935100, 176935110)
Processing edges for vertex: 1200000, range(179876260, 179876270)
Processing edges for vertex: 1300000, range(182240081, 182240092)
Processing edges for vertex: 1400000, range(184224513, 184224521)
Processing edges for vertex: 1500000, range(185795161, 185795170)
Processing edges for vertex: 1600000, range(187104124, 187104130)
Processing edges for vertex: 1700000, range(188148455, 188148461)
Processing edges for vertex: 1800000, range(188997836, 188997842)
Processing edges for vertex: 1900000, range(189691532, 189691535)
Processing edges for vertex: 2000000, range(190254658, 190254660)
Processing edges for vertex: 2100000, range(190705814, 190705822)
Processing edges for vertex: 2200000, range(191052755, 191052764)
Processing edges for vertex: 2300000, range(191302662, 191302663)
Graph populate time: 7.81519
Total I/O time: 9.47351

Regional(EnergyStat) - Time 9.477681 Total energy consumed 515.698905 Ave. Power Level 54.411928 
Running on: 12 threads
Loaded graph from file: pnnl.bin
Memory used: 2949.12
Maximum degree for the graph: 5520
Iteration: 0, conflicts: 59
Iteration: 1, conflicts: 19
Iteration: 2, conflicts: 12
Iteration: 3, conflicts: 8
Iteration: 4, conflicts: 5
Iteration: 5, conflicts: 2
Iteration: 6, conflicts: 1
Iteration: 7, conflicts: 0
Total number of colors used: 1186
Total number of conflicts overall: 0
Number of rounds: 8
SUCCESS: No conflicts found
Coloring time: 0.763032
Memory used: 2949.12
Number of reordered colors: 992
End position for large colors: 0, node count: 550884, largest: 550884
Node count cutoff: 472334
e_xx: 1.26748e+08, a2_x: 6.08144e+11, currMod: 0.66219
e_xx: 1.66834e+08, a2_x: 5.66448e+11, currMod: 0.871623
e_xx: 1.73037e+08, a2_x: 5.70603e+11, currMod: 0.904032
e_xx: 1.75435e+08, a2_x: 5.11821e+11, currMod: 0.916562
e_xx: 1.76537e+08, a2_x: 5.39908e+11, currMod: 0.922319
currMod: 0.916562, prevMod: -1
Louvain time: 7.78474
numClusters: 201297, time: 0.104994
Next phase: 2
Memory used: 2949.12
End Structure 1201330 201297 vs 2601956
Build next level time: 3.61253
Iteration time: 11.5059
Memory used: 2949.12
e_xx: 1.57049e+08, a2_x: 5.39946e+11, currMod: 0.91355
e_xx: 1.65542e+08, a2_x: 3.36319e+11, currMod: 0.962963
e_xx: 1.66944e+08, a2_x: 2.92649e+11, currMod: 0.97112
e_xx: 1.67336e+08, a2_x: 2.87193e+11, currMod: 0.973404
e_xx: 1.67364e+08, a2_x: 2.63097e+11, currMod: 0.973563
e_xx: 1.67469e+08, a2_x: 2.76195e+11, currMod: 0.974174
e_xx: 1.6749e+08, a2_x: 2.80254e+11, currMod: 0.974295
e_xx: 1.67558e+08, a2_x: 2.9555e+11, currMod: 0.974693
e_xx: 1.67535e+08, a2_x: 2.79637e+11, currMod: 0.974558
currMod: 0.974693, prevMod: 0.916562
Louvain time: 1.80164
numClusters: 49904, time: 0.014504
Next phase: 3
Memory used: 2949.12
End Structure 463635 49904 vs 977165
Build next level time: 0.187098
Iteration time: 2.00398
Memory used: 2949.12
e_xx: 1.67558e+08, a2_x: 2.92684e+11, currMod: 0.974664
e_xx: 1.68387e+08, a2_x: 1.10094e+11, currMod: 0.979492
e_xx: 1.68401e+08, a2_x: 3.5234e+10, currMod: 0.97958
e_xx: 1.68513e+08, a2_x: 3.95911e+10, currMod: 0.98023
e_xx: 1.68436e+08, a2_x: 2.37141e+10, currMod: 0.97978
currMod: 0.98023, prevMod: 0.974693
Louvain time: 0.493544
numClusters: 25280, time: 0.004554
Next phase: 4
Memory used: 2949.12
End Structure 173224 25280 vs 371728
Build next level time: 0.066615
Iteration time: 0.565263
Memory used: 2949.12
e_xx: 1.68513e+08, a2_x: 4.20661e+10, currMod: 0.980219
e_xx: 1.68684e+08, a2_x: -9.73685e+08, currMod: 0.981216
e_xx: 1.68686e+08, a2_x: -9.84823e+09, currMod: 0.981224
e_xx: 1.68683e+08, a2_x: -5.85296e+09, currMod: 0.981208
currMod: 0.981224, prevMod: 0.98023
Louvain time: 0.19325
numClusters: 22294, time: 0.002981
Next phase: 5
Memory used: 2949.12
End Structure 99865 22294 vs 222024
Build next level time: 0.034363
Iteration time: 0.231026
Memory used: 2949.12
e_xx: 1.68686e+08, a2_x: -9.6597e+09, currMod: 0.981222
e_xx: 1.68718e+08, a2_x: -6.69844e+09, currMod: 0.981408
e_xx: 1.68716e+08, a2_x: -1.59753e+10, currMod: 0.9814
currMod: 0.981408, prevMod: 0.981224
Louvain time: 0.092539
numClusters: 22068, time: 0.002663
Next phase: 6
Memory used: 2949.12
End Structure 88519 22068 vs 199106
Build next level time: 0.027264
Iteration time: 0.122759
Memory used: 2949.12
e_xx: 1.68718e+08, a2_x: -9.84947e+09, currMod: 0.981408
e_xx: 1.68718e+08, a2_x: -1.42986e+10, currMod: 0.98141
e_xx: 1.68718e+08, a2_x: -1.20301e+10, currMod: 0.98141
currMod: 0.98141, prevMod: 0.981408
Louvain time: 0.08304
numClusters: 22031, time: 0.002643
Next phase: 7
Memory used: 2949.12
End Structure 86415 22031 vs 194861
Build next level time: 0.022531
Iteration time: 0.108401
Memory used: 2949.12
e_xx: 1.68718e+08, a2_x: -1.41352e+10, currMod: 0.98141
e_xx: 1.68718e+08, a2_x: -1.31414e+10, currMod: 0.98141
currMod: 0.98141, prevMod: 0.98141
Louvain time: 0.054919
numClusters: 22031, time: 0.002646
Maximum degree for the graph: 519
Iteration: 0, conflicts: 0
Total number of colors used: 181
Total number of conflicts overall: 0
Number of rounds: 1
SUCCESS: No conflicts found
Number of reordered colors: 180
End position for large colors: 0, node count: 21560, largest: 21560
Node count cutoff: 4407
e_xx: 1.68796e+08, a2_x: -3.99126e+09, currMod: 0.981861
e_xx: 1.68793e+08, a2_x: -6.95261e+09, currMod: 0.981846
End Structure 39821 21865 vs 101507
currMod: 0.981861, prevMod: 0.98141
numClusters: 21865
Total iteration time: 14.5373

Loop 0 <line-37> - Time 0.000630 Total energy consumed 0.000000 Ave. Power Level 0.000000
	-------- Loop 0 (sock 1 consumed 0.000000, avg temp 49.000000, final temp 49 ) ------
	-------- Loop 0 (sock 2 consumed 0.000000, avg temp 43.000000, final temp 45 ) ------
Loop 1 <line-54> - Time 0.000412 Total energy consumed 0.022815 Ave. Power Level 55.317674
	-------- Loop 1 (sock 1 consumed 0.000000, avg temp 49.000000, final temp 49 ) ------
	-------- Loop 1 (sock 2 consumed 0.022815, avg temp 43.500000, final temp 46 ) ------
Loop 2 <line-76> - Time 0.000399 Total energy consumed 0.000000 Ave. Power Level 0.000000
	-------- Loop 2 (sock 1 consumed 0.000000, avg temp 49.000000, final temp 49 ) ------
	-------- Loop 2 (sock 2 consumed 0.000000, avg temp 43.500000, final temp 46 ) ------
Loop 3 <line-170> - Time 0.484999 Total energy consumed 33.423975 Ave. Power Level 68.915549
	-------- Loop 3 (sock 1 consumed 19.119750, avg temp 49.000000, final temp 49 ) ------
	-------- Loop 3 (sock 2 consumed 14.304225, avg temp 41.333333, final temp 44 ) ------
Loop 4 <line-192> - Time 0.000218 Total energy consumed 0.000000 Ave. Power Level 0.000000
	-------- Loop 4 (sock 1 consumed 0.000000, avg temp 49.000000, final temp 49 ) ------
	-------- Loop 4 (sock 2 consumed 0.000000, avg temp 42.500000, final temp 44 ) ------
Loop 5 <line-222> - Time 0.179724 Total energy consumed 12.269475 Ave. Power Level 68.268337
	-------- Loop 5 (sock 1 consumed 4.577295, avg temp 49.000000, final temp 49 ) ------
	-------- Loop 5 (sock 2 consumed 7.692180, avg temp 43.000000, final temp 44 ) ------
Loop 6 <line-116> - Time 0.002210 Total energy consumed 0.201930 Ave. Power Level 91.384273
	-------- Loop 6 (sock 1 consumed 0.066375, avg temp 48.428571, final temp 49 ) ------
	-------- Loop 6 (sock 2 consumed 0.135555, avg temp 42.571429, final temp 43 ) ------
Loop 7 <line-334> - Time 0.392026 Total energy consumed 24.505095 Ave. Power Level 62.508794
	-------- Loop 7 (sock 1 consumed 14.268660, avg temp 48.625000, final temp 48 ) ------
	-------- Loop 7 (sock 2 consumed 10.236435, avg temp 42.875000, final temp 45 ) ------
Loop 8 <line-353> - Time 0.000441 Total energy consumed 0.000000 Ave. Power Level 0.000000
	-------- Loop 8 (sock 1 consumed 0.000000, avg temp 48.625000, final temp 48 ) ------
	-------- Loop 8 (sock 2 consumed 0.000000, avg temp 42.875000, final temp 45 ) ------
Loop 9 <line-375> - Time 0.000652 Total energy consumed 0.000000 Ave. Power Level 0.000000
	-------- Loop 9 (sock 1 consumed 0.000000, avg temp 48.625000, final temp 48 ) ------
	-------- Loop 9 (sock 2 consumed 0.000000, avg temp 42.875000, final temp 45 ) ------
Loop 10 <line-85> - Time 0.127202 Total energy consumed 14.195295 Ave. Power Level 111.596462
	-------- Loop 10 (sock 1 consumed 7.039500, avg temp 48.750000, final temp 49 ) ------
	-------- Loop 10 (sock 2 consumed 7.155795, avg temp 43.500000, final temp 45 ) ------
Loop 11 <line-131> - Time 0.002697 Total energy consumed 0.342405 Ave. Power Level 126.952929
	-------- Loop 11 (sock 1 consumed 0.171135, avg temp 48.500000, final temp 48 ) ------
	-------- Loop 11 (sock 2 consumed 0.171270, avg temp 43.500000, final temp 45 ) ------
Loop 12 <line-167> - Time 0.156181 Total energy consumed 17.240115 Ave. Power Level 110.385252
	-------- Loop 12 (sock 1 consumed 8.528265, avg temp 49.500000, final temp 49 ) ------
	-------- Loop 12 (sock 2 consumed 8.711850, avg temp 43.500000, final temp 45 ) ------
Loop 13 <line-213> - Time 4.485797 Total energy consumed 515.288745 Ave. Power Level 114.871171
	-------- Loop 13 (sock 1 consumed 254.975115, avg temp 50.142857, final temp 49 ) ------
	-------- Loop 13 (sock 2 consumed 260.313630, avg temp 44.285714, final temp 45 ) ------
Loop 14 <line-99> - Time 3.647825 Total energy consumed 242.095065 Ave. Power Level 66.366959
	-------- Loop 14 (sock 1 consumed 139.245510, avg temp 49.142857, final temp 49 ) ------
	-------- Loop 14 (sock 2 consumed 102.849555, avg temp 42.285714, final temp 43 ) ------
Loop 15 <line-160> - Time 0.088675 Total energy consumed 6.707265 Ave. Power Level 75.638814
	-------- Loop 15 (sock 1 consumed 2.843130, avg temp 48.857143, final temp 48 ) ------
	-------- Loop 15 (sock 2 consumed 3.864135, avg temp 43.285714, final temp 44 ) ------
Loop 16 <line-269> - Time 2.700352 Total energy consumed 160.735515 Ave. Power Level 59.523910
	-------- Loop 16 (sock 1 consumed 72.632910, avg temp 48.653846, final temp 49 ) ------
	-------- Loop 16 (sock 2 consumed 88.102605, avg temp 42.846154, final temp 45 ) ------
Loop 17 <line-300> - Time 0.001757 Total energy consumed 0.052935 Ave. Power Level 30.121596
	-------- Loop 17 (sock 1 consumed 0.022395, avg temp 48.650000, final temp 49 ) ------
	-------- Loop 17 (sock 2 consumed 0.030540, avg temp 42.850000, final temp 43 ) ------
Loop 18 <line-148> - Time 0.000512 Total energy consumed 0.000000 Ave. Power Level 0.000000
	-------- Loop 18 (sock 1 consumed 0.000000, avg temp 49.000000, final temp 49 ) ------
	-------- Loop 18 (sock 2 consumed 0.000000, avg temp 45.000000, final temp 45 ) ------
Application(EnergyStat) - Time 24.871016 Total energy consumed 1739.842320 Ave. Power Level 69.954613 Final Temperature socket 1 : 49  socket 2 : 44 
	 ParallelApplication(EnergyStat) - Time 12.272711 Total energy consumed 1027.080630 Ave. Power Level 83.688161
Memory used: 1.32031
Loading 32-bit binary file: pnnl.bin, numvertices: 2361670, numEdges: 191402826
File read time: 1.65347
Before allocating graph
Allocated graph: 0x1e3b570
Processing edges for vertex: 0, range(0, 166)
Processing edges for vertex: 100000, range(58444108, 58444133)
Processing edges for vertex: 200000, range(84376057, 84376362)
Processing edges for vertex: 300000, range(106069163, 106069503)
Processing edges for vertex: 400000, range(122097114, 122097513)
Processing edges for vertex: 500000, range(135096418, 135096483)
Processing edges for vertex: 600000, range(146097008, 146097061)
Processing edges for vertex: 700000, range(155415410, 155415531)
Processing edges for vertex: 800000, range(162595900, 162595989)
Processing edges for vertex: 900000, range(168508374, 168508464)
Processing edges for vertex: 1000000, range(173203321, 173203442)
Processing edges for vertex: 1100000, range(176935100, 176935110)
Processing edges for vertex: 1200000, range(179876260, 179876270)
Processing edges for vertex: 1300000, range(182240081, 182240092)
Processing edges for vertex: 1400000, range(184224513, 184224521)
Processing edges for vertex: 1500000, range(185795161, 185795170)
Processing edges for vertex: 1600000, range(187104124, 187104130)
Processing edges for vertex: 1700000, range(188148455, 188148461)
Processing edges for vertex: 1800000, range(188997836, 188997842)
Processing edges for vertex: 1900000, range(189691532, 189691535)
Processing edges for vertex: 2000000, range(190254658, 190254660)
Processing edges for vertex: 2100000, range(190705814, 190705822)
Processing edges for vertex: 2200000, range(191052755, 191052764)
Processing edges for vertex: 2300000, range(191302662, 191302663)
Graph populate time: 7.86752
Total I/O time: 9.52102

Regional(EnergyStat) - Time 9.525174 Total energy consumed 522.890400 Ave. Power Level 54.895626 
Running on: 12 threads
Loaded graph from file: pnnl.bin
Memory used: 2949.12
Maximum degree for the graph: 5520
Iteration: 0, conflicts: 27
Iteration: 1, conflicts: 0
Total number of colors used: 1182
Total number of conflicts overall: 0
Number of rounds: 2
SUCCESS: No conflicts found
Coloring time: 0.756179
Memory used: 2949.12
Number of reordered colors: 1001
End position for large colors: 0, node count: 550817, largest: 550817
Node count cutoff: 472334
e_xx: 1.31274e+08, a2_x: 5.8336e+11, currMod: 0.685838
e_xx: 1.69255e+08, a2_x: 5.32358e+11, currMod: 0.884271
e_xx: 1.74729e+08, a2_x: 5.28235e+11, currMod: 0.912873
e_xx: 1.76869e+08, a2_x: 4.84478e+11, currMod: 0.924054
e_xx: 1.77939e+08, a2_x: 5.28869e+11, currMod: 0.929644
currMod: 0.924054, prevMod: -1
Louvain time: 7.70146
numClusters: 203433, time: 0.104528
Next phase: 2
Memory used: 2949.12
End Structure 1282144 203433 vs 2766134
Build next level time: 3.52789
Iteration time: 11.3385
Memory used: 2949.12
e_xx: 1.5501e+08, a2_x: 5.29986e+11, currMod: 0.920111
e_xx: 1.6196e+08, a2_x: 2.84751e+11, currMod: 0.961375
e_xx: 1.63416e+08, a2_x: 2.72899e+11, currMod: 0.970019
e_xx: 1.63792e+08, a2_x: 2.47339e+11, currMod: 0.97225
e_xx: 1.63883e+08, a2_x: 2.73991e+11, currMod: 0.972789
e_xx: 1.6398e+08, a2_x: 2.57723e+11, currMod: 0.973371
e_xx: 1.63962e+08, a2_x: 2.75592e+11, currMod: 0.973258
currMod: 0.973371, prevMod: 0.924054
Louvain time: 1.54472
numClusters: 53651, time: 0.014988
Next phase: 3
Memory used: 2949.12
End Structure 525060 53651 vs 1103767
Build next level time: 0.188283
Iteration time: 1.74866
Memory used: 2949.12
e_xx: 1.6398e+08, a2_x: 2.53959e+11, currMod: 0.973339
e_xx: 1.64791e+08, a2_x: 1.01712e+11, currMod: 0.978157
e_xx: 1.64915e+08, a2_x: 7.86355e+10, currMod: 0.978893
e_xx: 1.65005e+08, a2_x: 6.42763e+10, currMod: 0.979428
e_xx: 1.64941e+08, a2_x: 5.955e+10, currMod: 0.979049
currMod: 0.979428, prevMod: 0.973371
Louvain time: 0.535223
numClusters: 25732, time: 0.004717
Next phase: 4
Memory used: 2949.12
End Structure 180606 25732 vs 386944
Build next level time: 0.078005
Iteration time: 0.6186
Memory used: 2949.12
e_xx: 1.65005e+08, a2_x: 6.65594e+10, currMod: 0.979414
e_xx: 1.65183e+08, a2_x: 3.70954e+10, currMod: 0.980475
e_xx: 1.65211e+08, a2_x: 3.78166e+10, currMod: 0.98064
e_xx: 1.65213e+08, a2_x: 2.30791e+10, currMod: 0.98065
e_xx: 1.65213e+08, a2_x: 5.58373e+10, currMod: 0.980651
currMod: 0.98065, prevMod: 0.979428
Louvain time: 0.243305
numClusters: 22190, time: 0.003013
Next phase: 5
Memory used: 2949.12
End Structure 91992 22190 vs 206174
Build next level time: 0.029003
Iteration time: 0.275721
Memory used: 2949.12
e_xx: 1.65213e+08, a2_x: 1.92743e+10, currMod: 0.980648
e_xx: 1.65216e+08, a2_x: 3.56604e+10, currMod: 0.980667
e_xx: 1.65219e+08, a2_x: 3.74683e+10, currMod: 0.980685
e_xx: 1.65218e+08, a2_x: 1.81084e+10, currMod: 0.980682
currMod: 0.980685, prevMod: 0.98065
Louvain time: 0.111733
numClusters: 21984, time: 0.002647
Next phase: 6
Memory used: 2949.12
End Structure 73137 21984 vs 168258
Build next level time: 0.020051
Iteration time: 0.134649
Memory used: 2949.12
e_xx: 1.65219e+08, a2_x: 3.81542e+10, currMod: 0.980685
e_xx: 1.6522e+08, a2_x: 3.64322e+10, currMod: 0.980687
e_xx: 1.65219e+08, a2_x: 3.62742e+10, currMod: 0.980686
currMod: 0.980687, prevMod: 0.980685
Louvain time: 0.068416
numClusters: 21966, time: 0.002661
Next phase: 7
Memory used: 2949.12
End Structure 70239 21966 vs 162444
Build next level time: 0.018405
Iteration time: 0.08965
Memory used: 2949.12
e_xx: 1.6522e+08, a2_x: 3.64322e+10, currMod: 0.980687
e_xx: 1.6522e+08, a2_x: 3.64322e+10, currMod: 0.980687
currMod: 0.980687, prevMod: 0.980687
Louvain time: 0.044351
numClusters: 21966, time: 0.002638
Maximum degree for the graph: 457
Iteration: 0, conflicts: 0
Total number of colors used: 178
Total number of conflicts overall: 0
Number of rounds: 1
SUCCESS: No conflicts found
Number of reordered colors: 176
End position for large colors: 0, node count: 21550, largest: 21550
Node count cutoff: 4394
e_xx: 1.6522e+08, a2_x: 3.64322e+10, currMod: 0.980687
End Structure 70239 21966 vs 162444
currMod: 0.980687, prevMod: 0.980687
numClusters: 21966
Total iteration time: 14.2058

Loop 0 <line-37> - Time 0.000620 Total energy consumed 0.000000 Ave. Power Level 0.000000
	-------- Loop 0 (sock 1 consumed 0.000000, avg temp 49.000000, final temp 49 ) ------
	-------- Loop 0 (sock 2 consumed 0.000000, avg temp 42.500000, final temp 44 ) ------
Loop 1 <line-54> - Time 0.000384 Total energy consumed 0.000000 Ave. Power Level 0.000000
	-------- Loop 1 (sock 1 consumed 0.000000, avg temp 49.500000, final temp 49 ) ------
	-------- Loop 1 (sock 2 consumed 0.000000, avg temp 42.000000, final temp 44 ) ------
Loop 2 <line-76> - Time 0.000402 Total energy consumed 0.000000 Ave. Power Level 0.000000
	-------- Loop 2 (sock 1 consumed 0.000000, avg temp 49.500000, final temp 49 ) ------
	-------- Loop 2 (sock 2 consumed 0.000000, avg temp 42.000000, final temp 44 ) ------
Loop 3 <line-170> - Time 0.492200 Total energy consumed 33.557445 Ave. Power Level 68.178435
	-------- Loop 3 (sock 1 consumed 19.421655, avg temp 52.000000, final temp 50 ) ------
	-------- Loop 3 (sock 2 consumed 14.135790, avg temp 42.000000, final temp 44 ) ------
Loop 4 <line-192> - Time 0.000181 Total energy consumed 0.000000 Ave. Power Level 0.000000
	-------- Loop 4 (sock 1 consumed 0.000000, avg temp 51.500000, final temp 50 ) ------
	-------- Loop 4 (sock 2 consumed 0.000000, avg temp 42.500000, final temp 44 ) ------
Loop 5 <line-222> - Time 0.176695 Total energy consumed 12.310425 Ave. Power Level 69.670482
	-------- Loop 5 (sock 1 consumed 5.277210, avg temp 49.500000, final temp 50 ) ------
	-------- Loop 5 (sock 2 consumed 7.033215, avg temp 42.500000, final temp 44 ) ------
Loop 6 <line-116> - Time 0.001927 Total energy consumed 0.054840 Ave. Power Level 28.458759
	-------- Loop 6 (sock 1 consumed 0.031845, avg temp 49.857143, final temp 50 ) ------
	-------- Loop 6 (sock 2 consumed 0.022995, avg temp 41.571429, final temp 44 ) ------
Loop 7 <line-334> - Time 0.391626 Total energy consumed 24.024090 Ave. Power Level 61.344458
	-------- Loop 7 (sock 1 consumed 13.944705, avg temp 49.750000, final temp 50 ) ------
	-------- Loop 7 (sock 2 consumed 10.079385, avg temp 41.625000, final temp 44 ) ------
Loop 8 <line-353> - Time 0.000446 Total energy consumed 0.076320 Ave. Power Level 171.296213
	-------- Loop 8 (sock 1 consumed 0.030600, avg temp 49.750000, final temp 50 ) ------
	-------- Loop 8 (sock 2 consumed 0.045720, avg temp 41.625000, final temp 44 ) ------
Loop 9 <line-375> - Time 0.000630 Total energy consumed 0.000000 Ave. Power Level 0.000000
	-------- Loop 9 (sock 1 consumed 0.000000, avg temp 49.750000, final temp 50 ) ------
	-------- Loop 9 (sock 2 consumed 0.000000, avg temp 41.500000, final temp 44 ) ------
Loop 10 <line-85> - Time 0.120257 Total energy consumed 12.966525 Ave. Power Level 107.823031
	-------- Loop 10 (sock 1 consumed 6.899340, avg temp 50.750000, final temp 50 ) ------
	-------- Loop 10 (sock 2 consumed 6.067185, avg temp 43.000000, final temp 44 ) ------
Loop 11 <line-131> - Time 0.002701 Total energy consumed 0.228435 Ave. Power Level 84.563023
	-------- Loop 11 (sock 1 consumed 0.122190, avg temp 50.500000, final temp 50 ) ------
	-------- Loop 11 (sock 2 consumed 0.106245, avg temp 43.000000, final temp 44 ) ------
Loop 12 <line-167> - Time 0.157101 Total energy consumed 17.157870 Ave. Power Level 109.215373
	-------- Loop 12 (sock 1 consumed 9.151155, avg temp 51.000000, final temp 50 ) ------
	-------- Loop 12 (sock 2 consumed 8.006715, avg temp 42.500000, final temp 44 ) ------
Loop 13 <line-213> - Time 4.382843 Total energy consumed 497.515755 Ave. Power Level 113.514379
	-------- Loop 13 (sock 1 consumed 265.364490, avg temp 53.833333, final temp 50 ) ------
	-------- Loop 13 (sock 2 consumed 232.151265, avg temp 43.333333, final temp 44 ) ------
Loop 14 <line-99> - Time 3.522864 Total energy consumed 230.879760 Ave. Power Level 65.537521
	-------- Loop 14 (sock 1 consumed 133.420560, avg temp 49.571429, final temp 50 ) ------
	-------- Loop 14 (sock 2 consumed 97.459200, avg temp 41.571429, final temp 42 ) ------
Loop 15 <line-160> - Time 0.103226 Total energy consumed 7.461150 Ave. Power Level 72.279437
	-------- Loop 15 (sock 1 consumed 3.742080, avg temp 49.714286, final temp 50 ) ------
	-------- Loop 15 (sock 2 consumed 3.719070, avg temp 41.857143, final temp 43 ) ------
Loop 16 <line-269> - Time 2.529390 Total energy consumed 150.278385 Ave. Power Level 59.412891
	-------- Loop 16 (sock 1 consumed 74.389560, avg temp 49.730769, final temp 49 ) ------
	-------- Loop 16 (sock 2 consumed 75.888825, avg temp 41.384615, final temp 44 ) ------
Loop 17 <line-300> - Time 0.001348 Total energy consumed 0.158475 Ave. Power Level 117.547622
	-------- Loop 17 (sock 1 consumed 0.080535, avg temp 49.850000, final temp 49 ) ------
	-------- Loop 17 (sock 2 consumed 0.077940, avg temp 41.250000, final temp 44 ) ------
Loop 18 <line-148> - Time 0.000430 Total energy consumed 0.082530 Ave. Power Level 191.869102
	-------- Loop 18 (sock 1 consumed 0.031470, avg temp 49.000000, final temp 49 ) ------
	-------- Loop 18 (sock 2 consumed 0.051060, avg temp 44.000000, final temp 44 ) ------
Application(EnergyStat) - Time 24.571495 Total energy consumed 1708.901010 Ave. Power Level 69.548108 Final Temperature socket 1 : 50  socket 2 : 43 
	 ParallelApplication(EnergyStat) - Time 11.885274 Total energy consumed 986.752005 Ave. Power Level 83.023079
Memory used: 1.32031
Loading 32-bit binary file: pnnl.bin, numvertices: 2361670, numEdges: 191402826
File read time: 1.65488
Before allocating graph
Allocated graph: 0x2404570
Processing edges for vertex: 0, range(0, 166)
Processing edges for vertex: 100000, range(58444108, 58444133)
Processing edges for vertex: 200000, range(84376057, 84376362)
Processing edges for vertex: 300000, range(106069163, 106069503)
Processing edges for vertex: 400000, range(122097114, 122097513)
Processing edges for vertex: 500000, range(135096418, 135096483)
Processing edges for vertex: 600000, range(146097008, 146097061)
Processing edges for vertex: 700000, range(155415410, 155415531)
Processing edges for vertex: 800000, range(162595900, 162595989)
Processing edges for vertex: 900000, range(168508374, 168508464)
Processing edges for vertex: 1000000, range(173203321, 173203442)
Processing edges for vertex: 1100000, range(176935100, 176935110)
Processing edges for vertex: 1200000, range(179876260, 179876270)
Processing edges for vertex: 1300000, range(182240081, 182240092)
Processing edges for vertex: 1400000, range(184224513, 184224521)
Processing edges for vertex: 1500000, range(185795161, 185795170)
Processing edges for vertex: 1600000, range(187104124, 187104130)
Processing edges for vertex: 1700000, range(188148455, 188148461)
Processing edges for vertex: 1800000, range(188997836, 188997842)
Processing edges for vertex: 1900000, range(189691532, 189691535)
Processing edges for vertex: 2000000, range(190254658, 190254660)
Processing edges for vertex: 2100000, range(190705814, 190705822)
Processing edges for vertex: 2200000, range(191052755, 191052764)
Processing edges for vertex: 2300000, range(191302662, 191302663)
Graph populate time: 7.99373
Total I/O time: 9.64864

Regional(EnergyStat) - Time 9.651862 Total energy consumed 522.170400 Ave. Power Level 54.100482 
Running on: 12 threads
Loaded graph from file: pnnl.bin
Memory used: 2949.12
Maximum degree for the graph: 5520
Iteration: 0, conflicts: 16
Iteration: 1, conflicts: 0
Total number of colors used: 1186
Total number of conflicts overall: 0
Number of rounds: 2
SUCCESS: No conflicts found
Coloring time: 0.707388
Memory used: 2949.12
Number of reordered colors: 1026
End position for large colors: 0, node count: 550781, largest: 550781
Node count cutoff: 472334
e_xx: 1.29756e+08, a2_x: 5.7085e+11, currMod: 0.677906
e_xx: 1.68512e+08, a2_x: 5.81768e+11, currMod: 0.880389
e_xx: 1.74405e+08, a2_x: 5.34543e+11, currMod: 0.911177
e_xx: 1.76714e+08, a2_x: 5.34839e+11, currMod: 0.923241
e_xx: 1.7775e+08, a2_x: 5.52561e+11, currMod: 0.928654
currMod: 0.923241, prevMod: -1
Louvain time: 7.8081
numClusters: 200023, time: 0.104356
Next phase: 2
Memory used: 2949.12
End Structure 1169083 200023 vs 2536283
Build next level time: 3.49236
Iteration time: 11.4097
Memory used: 2949.12
e_xx: 1.56813e+08, a2_x: 5.55742e+11, currMod: 0.919933
e_xx: 1.64243e+08, a2_x: 3.64994e+11, currMod: 0.963526
e_xx: 1.6588e+08, a2_x: 3.05213e+11, currMod: 0.973133
e_xx: 1.66151e+08, a2_x: 2.66805e+11, currMod: 0.974724
e_xx: 1.66173e+08, a2_x: 2.81895e+11, currMod: 0.974851
e_xx: 1.66236e+08, a2_x: 2.60826e+11, currMod: 0.975225
e_xx: 1.66221e+08, a2_x: 2.96529e+11, currMod: 0.975137
currMod: 0.975225, prevMod: 0.923241
Louvain time: 1.44946
numClusters: 50285, time: 0.014406
Next phase: 3
Memory used: 2949.12
End Structure 454128 50285 vs 958536
Build next level time: 0.165127
Iteration time: 1.62987
Memory used: 2949.12
e_xx: 1.66236e+08, a2_x: 2.59461e+11, currMod: 0.975193
e_xx: 1.6701e+08, a2_x: 9.93686e+10, currMod: 0.979738
e_xx: 1.67023e+08, a2_x: 7.70407e+10, currMod: 0.979813
e_xx: 1.67164e+08, a2_x: 7.46571e+10, currMod: 0.980645
e_xx: 1.67049e+08, a2_x: 7.18805e+10, currMod: 0.979969
currMod: 0.980645, prevMod: 0.975225
Louvain time: 0.489031
numClusters: 25340, time: 0.004662
Next phase: 4
Memory used: 2949.12
End Structure 169609 25340 vs 364558
Build next level time: 0.070601
Iteration time: 0.56477
Memory used: 2949.12
e_xx: 1.67164e+08, a2_x: 7.57639e+10, currMod: 0.980633
e_xx: 1.67323e+08, a2_x: 5.90036e+10, currMod: 0.981565
e_xx: 1.67329e+08, a2_x: 6.56907e+10, currMod: 0.981601
e_xx: 1.67329e+08, a2_x: 4.00489e+10, currMod: 0.981602
currMod: 0.981601, prevMod: 0.980645
Louvain time: 0.193721
numClusters: 22298, time: 0.002964
Next phase: 5
Memory used: 2949.12
End Structure 98836 22298 vs 219970
Build next level time: 0.030871
Iteration time: 0.22795
Memory used: 2949.12
e_xx: 1.67329e+08, a2_x: 6.5066e+10, currMod: 0.981599
e_xx: 1.67332e+08, a2_x: 4.70333e+10, currMod: 0.981616
e_xx: 1.67333e+08, a2_x: 6.05884e+10, currMod: 0.981618
e_xx: 1.67333e+08, a2_x: 4.59356e+10, currMod: 0.981621
e_xx: 1.67333e+08, a2_x: 5.27754e+10, currMod: 0.98162
currMod: 0.981621, prevMod: 0.981601
Louvain time: 0.161091
numClusters: 22033, time: 0.002644
Next phase: 6
Memory used: 2949.12
End Structure 83257 22033 vs 188547
Build next level time: 0.022304
Iteration time: 0.186221
Memory used: 2949.12
e_xx: 1.67333e+08, a2_x: 4.29484e+10, currMod: 0.981621
e_xx: 1.67333e+08, a2_x: 4.55424e+10, currMod: 0.981623
e_xx: 1.67333e+08, a2_x: 4.79656e+10, currMod: 0.981623
currMod: 0.981623, prevMod: 0.981621
Louvain time: 0.084144
numClusters: 22022, time: 0.00262
Next phase: 7
Memory used: 2949.12
End Structure 82297 22022 vs 186616
Build next level time: 0.025479
Iteration time: 0.112459
Memory used: 2949.12
e_xx: 1.67333e+08, a2_x: 4.96739e+10, currMod: 0.981623
e_xx: 1.67333e+08, a2_x: 4.96739e+10, currMod: 0.981623
currMod: 0.981623, prevMod: 0.981623
Louvain time: 0.054413
numClusters: 22022, time: 0.002623
Maximum degree for the graph: 505
Iteration: 0, conflicts: 0
Total number of colors used: 179
Total number of conflicts overall: 0
Number of rounds: 1
SUCCESS: No conflicts found
Number of reordered colors: 175
End position for large colors: 0, node count: 21562, largest: 21562
Node count cutoff: 4405
e_xx: 1.67333e+08, a2_x: 4.96739e+10, currMod: 0.981623
End Structure 82297 22022 vs 186616
currMod: 0.981623, prevMod: 0.981623
numClusters: 22022
Total iteration time: 14.131

Loop 0 <line-37> - Time 0.000632 Total energy consumed 0.055200 Ave. Power Level 87.373708
	-------- Loop 0 (sock 1 consumed 0.021720, avg temp 48.500000, final temp 50 ) ------
	-------- Loop 0 (sock 2 consumed 0.033480, avg temp 42.000000, final temp 43 ) ------
Loop 1 <line-54> - Time 0.000415 Total energy consumed 0.000000 Ave. Power Level 0.000000
	-------- Loop 1 (sock 1 consumed 0.000000, avg temp 49.000000, final temp 50 ) ------
	-------- Loop 1 (sock 2 consumed 0.000000, avg temp 41.500000, final temp 43 ) ------
Loop 2 <line-76> - Time 0.000451 Total energy consumed 0.000000 Ave. Power Level 0.000000
	-------- Loop 2 (sock 1 consumed 0.000000, avg temp 49.000000, final temp 50 ) ------
	-------- Loop 2 (sock 2 consumed 0.000000, avg temp 41.500000, final temp 43 ) ------
Loop 3 <line-170> - Time 0.449941 Total energy consumed 30.807120 Ave. Power Level 68.469170
	-------- Loop 3 (sock 1 consumed 12.788955, avg temp 48.333333, final temp 49 ) ------
	-------- Loop 3 (sock 2 consumed 18.018165, avg temp 41.333333, final temp 42 ) ------
Loop 4 <line-192> - Time 0.000204 Total energy consumed 0.000000 Ave. Power Level 0.000000
	-------- Loop 4 (sock 1 consumed 0.000000, avg temp 48.500000, final temp 49 ) ------
	-------- Loop 4 (sock 2 consumed 0.000000, avg temp 41.500000, final temp 42 ) ------
Loop 5 <line-222> - Time 0.170474 Total energy consumed 12.190320 Ave. Power Level 71.508201
	-------- Loop 5 (sock 1 consumed 5.850930, avg temp 49.000000, final temp 49 ) ------
	-------- Loop 5 (sock 2 consumed 6.339390, avg temp 41.500000, final temp 42 ) ------
Loop 6 <line-116> - Time 0.002275 Total energy consumed 0.186195 Ave. Power Level 81.853743
	-------- Loop 6 (sock 1 consumed 0.086490, avg temp 49.142857, final temp 50 ) ------
	-------- Loop 6 (sock 2 consumed 0.099705, avg temp 41.714286, final temp 43 ) ------
Loop 7 <line-334> - Time 0.379943 Total energy consumed 23.627310 Ave. Power Level 62.186459
	-------- Loop 7 (sock 1 consumed 9.796740, avg temp 49.125000, final temp 50 ) ------
	-------- Loop 7 (sock 2 consumed 13.830570, avg temp 42.000000, final temp 43 ) ------
Loop 8 <line-353> - Time 0.000457 Total energy consumed 0.054300 Ave. Power Level 118.930024
	-------- Loop 8 (sock 1 consumed 0.021780, avg temp 49.125000, final temp 50 ) ------
	-------- Loop 8 (sock 2 consumed 0.032520, avg temp 42.000000, final temp 43 ) ------
Loop 9 <line-375> - Time 0.000682 Total energy consumed 0.000000 Ave. Power Level 0.000000
	-------- Loop 9 (sock 1 consumed 0.000000, avg temp 49.125000, final temp 50 ) ------
	-------- Loop 9 (sock 2 consumed 0.000000, avg temp 42.000000, final temp 43 ) ------
Loop 10 <line-85> - Time 0.121899 Total energy consumed 13.359360 Ave. Power Level 109.594047
	-------- Loop 10 (sock 1 consumed 6.801240, avg temp 49.500000, final temp 50 ) ------
	-------- Loop 10 (sock 2 consumed 6.558120, avg temp 42.750000, final temp 42 ) ------
Loop 11 <line-131> - Time 0.002690 Total energy consumed 0.222585 Ave. Power Level 82.753721
	-------- Loop 11 (sock 1 consumed 0.112635, avg temp 49.500000, final temp 50 ) ------
	-------- Loop 11 (sock 2 consumed 0.109950, avg temp 43.000000, final temp 42 ) ------
Loop 12 <line-167> - Time 0.154052 Total energy consumed 16.595640 Ave. Power Level 107.727820
	-------- Loop 12 (sock 1 consumed 8.458245, avg temp 50.000000, final temp 51 ) ------
	-------- Loop 12 (sock 2 consumed 8.137395, avg temp 43.000000, final temp 43 ) ------
Loop 13 <line-213> - Time 4.488015 Total energy consumed 503.817330 Ave. Power Level 112.258378
	-------- Loop 13 (sock 1 consumed 255.952920, avg temp 50.333333, final temp 50 ) ------
	-------- Loop 13 (sock 2 consumed 247.864410, avg temp 45.500000, final temp 44 ) ------
Loop 14 <line-99> - Time 3.514798 Total energy consumed 238.035945 Ave. Power Level 67.723926
	-------- Loop 14 (sock 1 consumed 98.378745, avg temp 49.000000, final temp 49 ) ------
	-------- Loop 14 (sock 2 consumed 139.657200, avg temp 42.285714, final temp 41 ) ------
Loop 15 <line-160> - Time 0.092614 Total energy consumed 6.972795 Ave. Power Level 75.288639
	-------- Loop 15 (sock 1 consumed 3.650520, avg temp 49.571429, final temp 50 ) ------
	-------- Loop 15 (sock 2 consumed 3.322275, avg temp 42.714286, final temp 43 ) ------
Loop 16 <line-269> - Time 2.413846 Total energy consumed 142.407450 Ave. Power Level 58.996085
	-------- Loop 16 (sock 1 consumed 71.798295, avg temp 49.615385, final temp 49 ) ------
	-------- Loop 16 (sock 2 consumed 70.609155, avg temp 41.692308, final temp 41 ) ------
Loop 17 <line-300> - Time 0.001402 Total energy consumed 0.000000 Ave. Power Level 0.000000
	-------- Loop 17 (sock 1 consumed 0.000000, avg temp 49.700000, final temp 49 ) ------
	-------- Loop 17 (sock 2 consumed 0.000000, avg temp 41.700000, final temp 41 ) ------
Loop 18 <line-148> - Time 0.000411 Total energy consumed 0.145755 Ave. Power Level 354.235121
	-------- Loop 18 (sock 1 consumed 0.051570, avg temp 50.000000, final temp 50 ) ------
	-------- Loop 18 (sock 2 consumed 0.094185, avg temp 43.000000, final temp 43 ) ------
Application(EnergyStat) - Time 24.589626 Total energy consumed 1707.312015 Ave. Power Level 69.432206 Final Temperature socket 1 : 50  socket 2 : 42 
	 ParallelApplication(EnergyStat) - Time 11.795200 Total energy consumed 988.477305 Ave. Power Level 83.803352
Memory used: 1.32422
Loading 32-bit binary file: pnnl.bin, numvertices: 2361670, numEdges: 191402826
File read time: 1.66258
Before allocating graph
Allocated graph: 0xbfb570
Processing edges for vertex: 0, range(0, 166)
Processing edges for vertex: 100000, range(58444108, 58444133)
Processing edges for vertex: 200000, range(84376057, 84376362)
Processing edges for vertex: 300000, range(106069163, 106069503)
Processing edges for vertex: 400000, range(122097114, 122097513)
Processing edges for vertex: 500000, range(135096418, 135096483)
Processing edges for vertex: 600000, range(146097008, 146097061)
Processing edges for vertex: 700000, range(155415410, 155415531)
Processing edges for vertex: 800000, range(162595900, 162595989)
Processing edges for vertex: 900000, range(168508374, 168508464)
Processing edges for vertex: 1000000, range(173203321, 173203442)
Processing edges for vertex: 1100000, range(176935100, 176935110)
Processing edges for vertex: 1200000, range(179876260, 179876270)
Processing edges for vertex: 1300000, range(182240081, 182240092)
Processing edges for vertex: 1400000, range(184224513, 184224521)
Processing edges for vertex: 1500000, range(185795161, 185795170)
Processing edges for vertex: 1600000, range(187104124, 187104130)
Processing edges for vertex: 1700000, range(188148455, 188148461)
Processing edges for vertex: 1800000, range(188997836, 188997842)
Processing edges for vertex: 1900000, range(189691532, 189691535)
Processing edges for vertex: 2000000, range(190254658, 190254660)
Processing edges for vertex: 2100000, range(190705814, 190705822)
Processing edges for vertex: 2200000, range(191052755, 191052764)
Processing edges for vertex: 2300000, range(191302662, 191302663)
Graph populate time: 7.96718
Total I/O time: 9.62981

Regional(EnergyStat) - Time 9.632994 Total energy consumed 527.570235 Ave. Power Level 54.767005 
Running on: 12 threads
Loaded graph from file: pnnl.bin
Memory used: 2949.12
Maximum degree for the graph: 5520
Iteration: 0, conflicts: 36
Iteration: 1, conflicts: 11
Iteration: 2, conflicts: 6
Iteration: 3, conflicts: 2
Iteration: 4, conflicts: 1
Iteration: 5, conflicts: 0
Total number of colors used: 1184
Total number of conflicts overall: 0
Number of rounds: 6
SUCCESS: No conflicts found
Coloring time: 0.758657
Memory used: 2949.12
Number of reordered colors: 1003
End position for large colors: 0, node count: 550786, largest: 550786
Node count cutoff: 472334
e_xx: 1.28516e+08, a2_x: 5.37883e+11, currMod: 0.671428
e_xx: 1.67471e+08, a2_x: 5.70675e+11, currMod: 0.874949
e_xx: 1.73219e+08, a2_x: 5.08895e+11, currMod: 0.904983
e_xx: 1.75391e+08, a2_x: 4.75244e+11, currMod: 0.916331
e_xx: 1.76733e+08, a2_x: 4.9172e+11, currMod: 0.92334
currMod: 0.916331, prevMod: -1
Louvain time: 7.77942
numClusters: 202679, time: 0.104968
Next phase: 2
Memory used: 2949.12
End Structure 1239934 202679 vs 2680802
Build next level time: 4.3045
Iteration time: 12.1937
Memory used: 2949.12
e_xx: 1.56676e+08, a2_x: 4.89649e+11, currMod: 0.914407
e_xx: 1.64815e+08, a2_x: 3.38498e+11, currMod: 0.961915
e_xx: 1.66154e+08, a2_x: 2.59146e+11, currMod: 0.969734
e_xx: 1.66447e+08, a2_x: 1.966e+11, currMod: 0.971445
e_xx: 1.66537e+08, a2_x: 2.40917e+11, currMod: 0.971971
e_xx: 1.66602e+08, a2_x: 2.23645e+11, currMod: 0.97235
e_xx: 1.66616e+08, a2_x: 2.26994e+11, currMod: 0.97243
e_xx: 1.66645e+08, a2_x: 2.23802e+11, currMod: 0.9726
e_xx: 1.66709e+08, a2_x: 2.41541e+11, currMod: 0.972977
e_xx: 1.66723e+08, a2_x: 2.26739e+11, currMod: 0.973056
e_xx: 1.66752e+08, a2_x: 2.47327e+11, currMod: 0.973224
e_xx: 1.66753e+08, a2_x: 2.15243e+11, currMod: 0.973231
e_xx: 1.66774e+08, a2_x: 2.45887e+11, currMod: 0.973354
e_xx: 1.66765e+08, a2_x: 2.19272e+11, currMod: 0.973299
currMod: 0.973354, prevMod: 0.916331
Louvain time: 2.78656
numClusters: 49003, time: 0.014867
Next phase: 3
Memory used: 2949.12
End Structure 461811 49003 vs 972616
Build next level time: 0.167243
Iteration time: 2.96927
Memory used: 2949.12
e_xx: 1.66774e+08, a2_x: 2.44651e+11, currMod: 0.973322
e_xx: 1.67815e+08, a2_x: 4.01555e+10, currMod: 0.979406
e_xx: 1.67839e+08, a2_x: 8.58537e+10, currMod: 0.979543
e_xx: 1.67951e+08, a2_x: 5.02291e+10, currMod: 0.980197
e_xx: 1.67868e+08, a2_x: 3.82654e+10, currMod: 0.979715
currMod: 0.980197, prevMod: 0.973354
Louvain time: 0.488699
numClusters: 25270, time: 0.004516
Next phase: 4
Memory used: 2949.12
End Structure 167277 25270 vs 359824
Build next level time: 0.060289
Iteration time: 0.553959
Memory used: 2949.12
e_xx: 1.67951e+08, a2_x: 5.03071e+10, currMod: 0.980186
e_xx: 1.68106e+08, a2_x: 1.16721e+10, currMod: 0.981094
e_xx: 1.6811e+08, a2_x: 8.29938e+09, currMod: 0.981118
e_xx: 1.68114e+08, a2_x: -7.47843e+09, currMod: 0.981141
e_xx: 1.68111e+08, a2_x: 1.84068e+09, currMod: 0.981122
currMod: 0.981141, prevMod: 0.980197
Louvain time: 0.230057
numClusters: 22179, time: 0.00296
Next phase: 5
Memory used: 2949.12
End Structure 90389 22179 vs 202957
Build next level time: 0.028332
Iteration time: 0.261785
Memory used: 2949.12
e_xx: 1.68114e+08, a2_x: -4.83024e+09, currMod: 0.981139
e_xx: 1.68117e+08, a2_x: -2.06766e+10, currMod: 0.981159
e_xx: 1.68116e+08, a2_x: -1.85058e+10, currMod: 0.981154
currMod: 0.981159, prevMod: 0.981141
Louvain time: 0.08459
numClusters: 22035, time: 0.002635
Next phase: 6
Memory used: 2949.12
End Structure 82206 22035 vs 186447
Build next level time: 0.022315
Iteration time: 0.109706
Memory used: 2949.12
e_xx: 1.68117e+08, a2_x: -2.41745e+10, currMod: 0.981159
e_xx: 1.68117e+08, a2_x: -2.264e+10, currMod: 0.98116
currMod: 0.981159, prevMod: 0.981159
Louvain time: 0.051649
numClusters: 22035, time: 0.002625
Maximum degree for the graph: 524
Iteration: 0, conflicts: 0
Total number of colors used: 179
Total number of conflicts overall: 0
Number of rounds: 1
SUCCESS: No conflicts found
Number of reordered colors: 172
End position for large colors: 0, node count: 21561, largest: 21561
Node count cutoff: 4407
e_xx: 1.68171e+08, a2_x: -5.53128e+10, currMod: 0.981473
e_xx: 1.6839e+08, a2_x: -3.59282e+10, currMod: 0.98275
e_xx: 1.69121e+08, a2_x: -1.54871e+10, currMod: 0.987017
e_xx: 1.69097e+08, a2_x: -1.72984e+10, currMod: 0.986877
End Structure 3432 21631 vs 28495
currMod: 0.987017, prevMod: 0.981159
numClusters: 21631
Total iteration time: 16.0884

Loop 0 <line-37> - Time 0.000649 Total energy consumed 0.000000 Ave. Power Level 0.000000
	-------- Loop 0 (sock 1 consumed 0.000000, avg temp 48.500000, final temp 48 ) ------
	-------- Loop 0 (sock 2 consumed 0.000000, avg temp 41.000000, final temp 42 ) ------
Loop 1 <line-54> - Time 0.000422 Total energy consumed 0.000000 Ave. Power Level 0.000000
	-------- Loop 1 (sock 1 consumed 0.000000, avg temp 48.500000, final temp 49 ) ------
	-------- Loop 1 (sock 2 consumed 0.000000, avg temp 41.000000, final temp 42 ) ------
Loop 2 <line-76> - Time 0.000394 Total energy consumed 0.000000 Ave. Power Level 0.000000
	-------- Loop 2 (sock 1 consumed 0.000000, avg temp 48.500000, final temp 49 ) ------
	-------- Loop 2 (sock 2 consumed 0.000000, avg temp 41.000000, final temp 42 ) ------
Loop 3 <line-170> - Time 0.484817 Total energy consumed 32.599515 Ave. Power Level 67.240826
	-------- Loop 3 (sock 1 consumed 13.827750, avg temp 48.142857, final temp 49 ) ------
	-------- Loop 3 (sock 2 consumed 18.771765, avg temp 40.428571, final temp 43 ) ------
Loop 4 <line-192> - Time 0.000148 Total energy consumed 0.000000 Ave. Power Level 0.000000
	-------- Loop 4 (sock 1 consumed 0.000000, avg temp 48.500000, final temp 49 ) ------
	-------- Loop 4 (sock 2 consumed 0.000000, avg temp 41.500000, final temp 43 ) ------
Loop 5 <line-222> - Time 0.187081 Total energy consumed 12.839940 Ave. Power Level 68.633019
	-------- Loop 5 (sock 1 consumed 6.017565, avg temp 49.000000, final temp 49 ) ------
	-------- Loop 5 (sock 2 consumed 6.822375, avg temp 41.500000, final temp 43 ) ------
Loop 6 <line-116> - Time 0.001815 Total energy consumed 0.166995 Ave. Power Level 92.021852
	-------- Loop 6 (sock 1 consumed 0.066090, avg temp 48.500000, final temp 49 ) ------
	-------- Loop 6 (sock 2 consumed 0.100905, avg temp 41.666667, final temp 43 ) ------
Loop 7 <line-334> - Time 0.397623 Total energy consumed 23.897070 Ave. Power Level 60.099822
	-------- Loop 7 (sock 1 consumed 9.919350, avg temp 48.714286, final temp 49 ) ------
	-------- Loop 7 (sock 2 consumed 13.977720, avg temp 42.428571, final temp 43 ) ------
Loop 8 <line-353> - Time 0.000400 Total energy consumed 0.054345 Ave. Power Level 135.898513
	-------- Loop 8 (sock 1 consumed 0.030450, avg temp 48.714286, final temp 49 ) ------
	-------- Loop 8 (sock 2 consumed 0.023895, avg temp 42.428571, final temp 43 ) ------
Loop 9 <line-375> - Time 0.000743 Total energy consumed 0.113790 Ave. Power Level 153.091496
	-------- Loop 9 (sock 1 consumed 0.055080, avg temp 48.714286, final temp 49 ) ------
	-------- Loop 9 (sock 2 consumed 0.058710, avg temp 42.428571, final temp 43 ) ------
Loop 10 <line-85> - Time 0.123952 Total energy consumed 13.441380 Ave. Power Level 108.440019
	-------- Loop 10 (sock 1 consumed 6.848805, avg temp 48.750000, final temp 49 ) ------
	-------- Loop 10 (sock 2 consumed 6.592575, avg temp 43.000000, final temp 43 ) ------
Loop 11 <line-131> - Time 0.002697 Total energy consumed 0.276360 Ave. Power Level 102.453607
	-------- Loop 11 (sock 1 consumed 0.113130, avg temp 49.000000, final temp 49 ) ------
	-------- Loop 11 (sock 2 consumed 0.163230, avg temp 43.000000, final temp 43 ) ------
Loop 12 <line-167> - Time 0.161638 Total energy consumed 17.485425 Ave. Power Level 108.176253
	-------- Loop 12 (sock 1 consumed 8.908800, avg temp 49.000000, final temp 49 ) ------
	-------- Loop 12 (sock 2 consumed 8.576625, avg temp 42.500000, final temp 42 ) ------
Loop 13 <line-213> - Time 4.463489 Total energy consumed 501.561570 Ave. Power Level 112.369848
	-------- Loop 13 (sock 1 consumed 255.589545, avg temp 49.666667, final temp 49 ) ------
	-------- Loop 13 (sock 2 consumed 245.972025, avg temp 45.111111, final temp 44 ) ------
Loop 14 <line-99> - Time 4.275100 Total energy consumed 285.650880 Ave. Power Level 66.817350
	-------- Loop 14 (sock 1 consumed 123.090810, avg temp 48.333333, final temp 49 ) ------
	-------- Loop 14 (sock 2 consumed 162.560070, avg temp 41.833333, final temp 43 ) ------
Loop 15 <line-160> - Time 0.084675 Total energy consumed 6.302775 Ave. Power Level 74.435067
	-------- Loop 15 (sock 1 consumed 2.978370, avg temp 48.500000, final temp 49 ) ------
	-------- Loop 15 (sock 2 consumed 3.324405, avg temp 43.166667, final temp 43 ) ------
Loop 16 <line-269> - Time 3.623101 Total energy consumed 217.793025 Ave. Power Level 60.112323
	-------- Loop 16 (sock 1 consumed 108.311640, avg temp 48.896552, final temp 49 ) ------
	-------- Loop 16 (sock 2 consumed 109.481385, avg temp 41.655172, final temp 41 ) ------
Loop 17 <line-300> - Time 0.002433 Total energy consumed 0.031140 Ave. Power Level 12.801292
	-------- Loop 17 (sock 1 consumed 0.031140, avg temp 48.958333, final temp 48 ) ------
	-------- Loop 17 (sock 2 consumed 0.000000, avg temp 41.541667, final temp 41 ) ------
Loop 18 <line-148> - Time 0.000393 Total energy consumed 0.000000 Ave. Power Level 0.000000
	-------- Loop 18 (sock 1 consumed 0.000000, avg temp 48.000000, final temp 48 ) ------
	-------- Loop 18 (sock 2 consumed 0.000000, avg temp 42.000000, final temp 42 ) ------
Application(EnergyStat) - Time 26.569712 Total energy consumed 1835.768085 Ave. Power Level 69.092510 Final Temperature socket 1 : 49  socket 2 : 43 
	 ParallelApplication(EnergyStat) - Time 13.811572 Total energy consumed 1112.214210 Ave. Power Level 80.527707
