Memory used: 1.32422
Loading 32-bit binary file: pnnl.bin, numvertices: 2361670, numEdges: 191402826
File read time: 1.84427
Before allocating graph
Allocated graph: 0x13f6570
Processing edges for vertex: 0, range(0, 166)
Processing edges for vertex: 100000, range(58444108, 58444133)
Processing edges for vertex: 200000, range(84376057, 84376362)
Processing edges for vertex: 300000, range(106069163, 106069503)
Processing edges for vertex: 400000, range(122097114, 122097513)
Processing edges for vertex: 500000, range(135096418, 135096483)
Processing edges for vertex: 600000, range(146097008, 146097061)
Processing edges for vertex: 700000, range(155415410, 155415531)
Processing edges for vertex: 800000, range(162595900, 162595989)
Processing edges for vertex: 900000, range(168508374, 168508464)
Processing edges for vertex: 1000000, range(173203321, 173203442)
Processing edges for vertex: 1100000, range(176935100, 176935110)
Processing edges for vertex: 1200000, range(179876260, 179876270)
Processing edges for vertex: 1300000, range(182240081, 182240092)
Processing edges for vertex: 1400000, range(184224513, 184224521)
Processing edges for vertex: 1500000, range(185795161, 185795170)
Processing edges for vertex: 1600000, range(187104124, 187104130)
Processing edges for vertex: 1700000, range(188148455, 188148461)
Processing edges for vertex: 1800000, range(188997836, 188997842)
Processing edges for vertex: 1900000, range(189691532, 189691535)
Processing edges for vertex: 2000000, range(190254658, 190254660)
Processing edges for vertex: 2100000, range(190705814, 190705822)
Processing edges for vertex: 2200000, range(191052755, 191052764)
Processing edges for vertex: 2300000, range(191302662, 191302663)
Graph populate time: 9.02977
Total I/O time: 10.8741

Regional(EnergyStat) - Time 10.878079 Total energy consumed 533.856045 Ave. Power Level 49.076317 
Running on: 6 threads
Loaded graph from file: pnnl.bin
Memory used: 2949.12
Maximum degree for the graph: 5520
Iteration: 0, conflicts: 27
Iteration: 1, conflicts: 7
Iteration: 2, conflicts: 5
Iteration: 3, conflicts: 4
Iteration: 4, conflicts: 3
Iteration: 5, conflicts: 2
Iteration: 6, conflicts: 1
Iteration: 7, conflicts: 0
Total number of colors used: 1184
Total number of conflicts overall: 0
Number of rounds: 8
SUCCESS: No conflicts found
Coloring time: 1.21139
Memory used: 2949.12
Number of reordered colors: 1018
End position for large colors: 0, node count: 550968, largest: 550968
Node count cutoff: 472334
e_xx: 1.27399e+08, a2_x: 6.22276e+11, currMod: 0.665588
e_xx: 1.67999e+08, a2_x: 6.24557e+11, currMod: 0.877707
e_xx: 1.73749e+08, a2_x: 5.7988e+11, currMod: 0.907748
e_xx: 1.75756e+08, a2_x: 5.78945e+11, currMod: 0.918235
e_xx: 1.76667e+08, a2_x: 5.34612e+11, currMod: 0.922996
currMod: 0.918235, prevMod: -1
Louvain time: 15.6963
numClusters: 203172, time: 0.12468
Next phase: 2
Memory used: 2949.12
End Structure 1273720 203172 vs 2748855
Build next level time: 5.35651
Iteration time: 21.1825
Memory used: 2949.12
e_xx: 1.56379e+08, a2_x: 5.3225e+11, currMod: 0.913905
e_xx: 1.64516e+08, a2_x: 3.60602e+11, currMod: 0.961465
e_xx: 1.66034e+08, a2_x: 3.30851e+11, currMod: 0.970338
e_xx: 1.66489e+08, a2_x: 2.86799e+11, currMod: 0.973001
e_xx: 1.66513e+08, a2_x: 3.15232e+11, currMod: 0.97314
e_xx: 1.66625e+08, a2_x: 2.85255e+11, currMod: 0.973796
e_xx: 1.66592e+08, a2_x: 3.01983e+11, currMod: 0.973599
currMod: 0.973796, prevMod: 0.918235
Louvain time: 2.22531
numClusters: 54938, time: 0.017922
Next phase: 3
Memory used: 2949.12
End Structure 559103 54938 vs 1173132
Build next level time: 0.233198
Iteration time: 2.4774
Memory used: 2949.12
e_xx: 1.66625e+08, a2_x: 2.86438e+11, currMod: 0.973769
e_xx: 1.67472e+08, a2_x: 8.5929e+10, currMod: 0.978727
e_xx: 1.67614e+08, a2_x: 9.19633e+10, currMod: 0.979552
e_xx: 1.67687e+08, a2_x: 1.0397e+11, currMod: 0.97998
e_xx: 1.6768e+08, a2_x: 1.11002e+11, currMod: 0.979942
currMod: 0.97998, prevMod: 0.973796
Louvain time: 0.747439
numClusters: 26064, time: 0.005718
Next phase: 4
Memory used: 2949.12
End Structure 190810 26064 vs 407684
Build next level time: 0.093348
Iteration time: 0.847106
Memory used: 2949.12
e_xx: 1.67687e+08, a2_x: 1.06617e+11, currMod: 0.979966
e_xx: 1.67835e+08, a2_x: 4.69912e+10, currMod: 0.980831
e_xx: 1.67843e+08, a2_x: 2.43392e+10, currMod: 0.980878
e_xx: 1.67843e+08, a2_x: 3.20575e+10, currMod: 0.98088
e_xx: 1.67843e+08, a2_x: 3.49901e+10, currMod: 0.980882
e_xx: 1.67844e+08, a2_x: 4.11336e+10, currMod: 0.980884
e_xx: 1.67843e+08, a2_x: 2.86313e+10, currMod: 0.980883
currMod: 0.980884, prevMod: 0.97998
Louvain time: 0.437565
numClusters: 22176, time: 0.003554
Next phase: 5
Memory used: 2949.12
End Structure 93203 22176 vs 208582
Build next level time: 0.038999
Iteration time: 0.480699
Memory used: 2949.12
e_xx: 1.67844e+08, a2_x: 3.81628e+10, currMod: 0.980881
e_xx: 1.67966e+08, a2_x: 2.88959e+10, currMod: 0.981599
e_xx: 1.67969e+08, a2_x: 4.1285e+10, currMod: 0.981615
e_xx: 1.67967e+08, a2_x: 3.8581e+10, currMod: 0.981605
currMod: 0.981615, prevMod: 0.980884
Louvain time: 0.135546
numClusters: 21978, time: 0.003122
Next phase: 6
Memory used: 2949.12
End Structure 71072 21978 vs 164122
Build next level time: 0.023692
Iteration time: 0.162934
Memory used: 2949.12
e_xx: 1.67969e+08, a2_x: 4.24519e+10, currMod: 0.981615
e_xx: 1.6797e+08, a2_x: 3.52687e+10, currMod: 0.981619
e_xx: 1.6797e+08, a2_x: 3.37715e+10, currMod: 0.981619
currMod: 0.981619, prevMod: 0.981615
Louvain time: 0.079884
numClusters: 21959, time: 0.003092
Next phase: 7
Memory used: 2949.12
End Structure 69182 21959 vs 160323
Build next level time: 0.025108
Iteration time: 0.108649
Memory used: 2949.12
e_xx: 1.6797e+08, a2_x: 3.47686e+10, currMod: 0.981619
e_xx: 1.6797e+08, a2_x: 3.50162e+10, currMod: 0.981619
currMod: 0.981619, prevMod: 0.981619
Louvain time: 0.052201
numClusters: 21959, time: 0.003093
Maximum degree for the graph: 456
Iteration: 0, conflicts: 0
Total number of colors used: 176
Total number of conflicts overall: 0
Number of rounds: 1
SUCCESS: No conflicts found
Number of reordered colors: 176
End position for large colors: 0, node count: 21545, largest: 21545
Node count cutoff: 4392
e_xx: 1.6797e+08, a2_x: 3.50162e+10, currMod: 0.981619
End Structure 69138 21958 vs 160234
currMod: 0.981619, prevMod: 0.981619
numClusters: 21958
Total iteration time: 25.2593

Loop 0 <line-37> - Time 0.000700 Total energy consumed 0.048810 Ave. Power Level 69.747104
	-------- Loop 0 (sock 1 consumed 0.027495, avg temp 44.000000, final temp 44 ) ------
	-------- Loop 0 (sock 2 consumed 0.021315, avg temp 38.000000, final temp 38 ) ------
Loop 1 <line-54> - Time 0.000466 Total energy consumed 0.000000 Ave. Power Level 0.000000
	-------- Loop 1 (sock 1 consumed 0.000000, avg temp 44.500000, final temp 44 ) ------
	-------- Loop 1 (sock 2 consumed 0.000000, avg temp 37.500000, final temp 38 ) ------
Loop 2 <line-76> - Time 0.000858 Total energy consumed 0.060795 Ave. Power Level 70.857221
	-------- Loop 2 (sock 1 consumed 0.029850, avg temp 44.000000, final temp 44 ) ------
	-------- Loop 2 (sock 2 consumed 0.030945, avg temp 37.000000, final temp 38 ) ------
Loop 3 <line-170> - Time 0.778071 Total energy consumed 42.209100 Ave. Power Level 54.248361
	-------- Loop 3 (sock 1 consumed 23.101050, avg temp 44.888889, final temp 44 ) ------
	-------- Loop 3 (sock 2 consumed 19.108050, avg temp 38.000000, final temp 38 ) ------
Loop 4 <line-192> - Time 0.000218 Total energy consumed 0.000000 Ave. Power Level 0.000000
	-------- Loop 4 (sock 1 consumed 0.000000, avg temp 44.500000, final temp 44 ) ------
	-------- Loop 4 (sock 2 consumed 0.000000, avg temp 38.000000, final temp 38 ) ------
Loop 5 <line-222> - Time 0.333409 Total energy consumed 17.724135 Ave. Power Level 53.160368
	-------- Loop 5 (sock 1 consumed 7.382670, avg temp 43.500000, final temp 44 ) ------
	-------- Loop 5 (sock 2 consumed 10.341465, avg temp 37.500000, final temp 38 ) ------
Loop 6 <line-116> - Time 0.003742 Total energy consumed 0.264705 Ave. Power Level 70.729856
	-------- Loop 6 (sock 1 consumed 0.128385, avg temp 43.857143, final temp 44 ) ------
	-------- Loop 6 (sock 2 consumed 0.136320, avg temp 37.571429, final temp 38 ) ------
Loop 7 <line-334> - Time 0.646309 Total energy consumed 32.779650 Ave. Power Level 50.718271
	-------- Loop 7 (sock 1 consumed 18.344970, avg temp 43.750000, final temp 44 ) ------
	-------- Loop 7 (sock 2 consumed 14.434680, avg temp 37.375000, final temp 37 ) ------
Loop 8 <line-353> - Time 0.000512 Total energy consumed 0.000000 Ave. Power Level 0.000000
	-------- Loop 8 (sock 1 consumed 0.000000, avg temp 43.750000, final temp 44 ) ------
	-------- Loop 8 (sock 2 consumed 0.000000, avg temp 37.375000, final temp 37 ) ------
Loop 9 <line-375> - Time 0.000833 Total energy consumed 0.107295 Ave. Power Level 128.756987
	-------- Loop 9 (sock 1 consumed 0.037800, avg temp 43.875000, final temp 44 ) ------
	-------- Loop 9 (sock 2 consumed 0.069495, avg temp 37.375000, final temp 37 ) ------
Loop 10 <line-85> - Time 0.154024 Total energy consumed 10.426965 Ave. Power Level 67.697113
	-------- Loop 10 (sock 1 consumed 5.145405, avg temp 44.250000, final temp 44 ) ------
	-------- Loop 10 (sock 2 consumed 5.281560, avg temp 37.500000, final temp 38 ) ------
Loop 11 <line-131> - Time 0.006275 Total energy consumed 0.485640 Ave. Power Level 77.391287
	-------- Loop 11 (sock 1 consumed 0.240285, avg temp 44.000000, final temp 44 ) ------
	-------- Loop 11 (sock 2 consumed 0.245355, avg temp 37.500000, final temp 38 ) ------
Loop 12 <line-167> - Time 0.190625 Total energy consumed 12.898425 Ave. Power Level 67.663915
	-------- Loop 12 (sock 1 consumed 6.360105, avg temp 44.500000, final temp 44 ) ------
	-------- Loop 12 (sock 2 consumed 6.538320, avg temp 37.500000, final temp 38 ) ------
Loop 13 <line-213> - Time 10.226664 Total energy consumed 705.165720 Ave. Power Level 68.953639
	-------- Loop 13 (sock 1 consumed 341.902305, avg temp 44.666667, final temp 44 ) ------
	-------- Loop 13 (sock 2 consumed 363.263415, avg temp 38.500000, final temp 38 ) ------
Loop 14 <line-99> - Time 5.354705 Total energy consumed 278.129190 Ave. Power Level 51.941082
	-------- Loop 14 (sock 1 consumed 116.863425, avg temp 43.714286, final temp 43 ) ------
	-------- Loop 14 (sock 2 consumed 161.265765, avg temp 37.571429, final temp 37 ) ------
Loop 15 <line-160> - Time 0.146313 Total energy consumed 8.173575 Ave. Power Level 55.863669
	-------- Loop 15 (sock 1 consumed 3.810090, avg temp 43.714286, final temp 44 ) ------
	-------- Loop 15 (sock 2 consumed 4.363485, avg temp 37.714286, final temp 38 ) ------
Loop 16 <line-269> - Time 3.653549 Total energy consumed 185.754615 Ave. Power Level 50.842234
	-------- Loop 16 (sock 1 consumed 94.148895, avg temp 43.678571, final temp 43 ) ------
	-------- Loop 16 (sock 2 consumed 91.605720, avg temp 37.428571, final temp 38 ) ------
Loop 17 <line-300> - Time 0.002293 Total energy consumed 0.123645 Ave. Power Level 53.924267
	-------- Loop 17 (sock 1 consumed 0.081390, avg temp 43.727273, final temp 43 ) ------
	-------- Loop 17 (sock 2 consumed 0.042255, avg temp 37.409091, final temp 38 ) ------
Loop 18 <line-148> - Time 0.000530 Total energy consumed 0.032250 Ave. Power Level 60.903410
	-------- Loop 18 (sock 1 consumed 0.000000, avg temp 44.000000, final temp 44 ) ------
	-------- Loop 18 (sock 2 consumed 0.032250, avg temp 38.000000, final temp 38 ) ------
Application(EnergyStat) - Time 37.451666 Total energy consumed 2086.360035 Ave. Power Level 55.708070 Final Temperature socket 1 : 43  socket 2 : 37 
	 ParallelApplication(EnergyStat) - Time 21.500097 Total energy consumed 1294.384515 Ave. Power Level 60.203660
Memory used: 1.32031
Loading 32-bit binary file: pnnl.bin, numvertices: 2361670, numEdges: 191402826
File read time: 1.86335
Before allocating graph
Allocated graph: 0x1c8c570
Processing edges for vertex: 0, range(0, 166)
Processing edges for vertex: 100000, range(58444108, 58444133)
Processing edges for vertex: 200000, range(84376057, 84376362)
Processing edges for vertex: 300000, range(106069163, 106069503)
Processing edges for vertex: 400000, range(122097114, 122097513)
Processing edges for vertex: 500000, range(135096418, 135096483)
Processing edges for vertex: 600000, range(146097008, 146097061)
Processing edges for vertex: 700000, range(155415410, 155415531)
Processing edges for vertex: 800000, range(162595900, 162595989)
Processing edges for vertex: 900000, range(168508374, 168508464)
Processing edges for vertex: 1000000, range(173203321, 173203442)
Processing edges for vertex: 1100000, range(176935100, 176935110)
Processing edges for vertex: 1200000, range(179876260, 179876270)
Processing edges for vertex: 1300000, range(182240081, 182240092)
Processing edges for vertex: 1400000, range(184224513, 184224521)
Processing edges for vertex: 1500000, range(185795161, 185795170)
Processing edges for vertex: 1600000, range(187104124, 187104130)
Processing edges for vertex: 1700000, range(188148455, 188148461)
Processing edges for vertex: 1800000, range(188997836, 188997842)
Processing edges for vertex: 1900000, range(189691532, 189691535)
Processing edges for vertex: 2000000, range(190254658, 190254660)
Processing edges for vertex: 2100000, range(190705814, 190705822)
Processing edges for vertex: 2200000, range(191052755, 191052764)
Processing edges for vertex: 2300000, range(191302662, 191302663)
Graph populate time: 9.16275
Total I/O time: 11.0261

Regional(EnergyStat) - Time 11.030483 Total energy consumed 539.227815 Ave. Power Level 48.885241 
Running on: 6 threads
Loaded graph from file: pnnl.bin
Memory used: 2949.12
Maximum degree for the graph: 5520
Iteration: 0, conflicts: 27
Iteration: 1, conflicts: 11
Iteration: 2, conflicts: 7
Iteration: 3, conflicts: 5
Iteration: 4, conflicts: 4
Iteration: 5, conflicts: 3
Iteration: 6, conflicts: 2
Iteration: 7, conflicts: 1
Iteration: 8, conflicts: 0
Total number of colors used: 1180
Total number of conflicts overall: 0
Number of rounds: 9
SUCCESS: No conflicts found
Coloring time: 1.22103
Memory used: 2949.12
Number of reordered colors: 1000
End position for large colors: 0, node count: 550970, largest: 550970
Node count cutoff: 472334
e_xx: 1.2741e+08, a2_x: 5.15875e+11, currMod: 0.665648
e_xx: 1.66805e+08, a2_x: 5.7597e+11, currMod: 0.871472
e_xx: 1.72798e+08, a2_x: 5.35365e+11, currMod: 0.902784
e_xx: 1.7513e+08, a2_x: 5.62284e+11, currMod: 0.914968
e_xx: 1.76297e+08, a2_x: 5.34257e+11, currMod: 0.921063
currMod: 0.914968, prevMod: -1
Louvain time: 15.7102
numClusters: 203408, time: 0.112277
Next phase: 2
Memory used: 2949.12
End Structure 1295989 203408 vs 2793692
Build next level time: 5.43912
Iteration time: 21.2668
Memory used: 2949.12
e_xx: 1.58844e+08, a2_x: 5.34749e+11, currMod: 0.913178
e_xx: 1.67545e+08, a2_x: 3.121e+11, currMod: 0.963204
e_xx: 1.68915e+08, a2_x: 3.06359e+11, currMod: 0.971083
e_xx: 1.69233e+08, a2_x: 3.08035e+11, currMod: 0.972908
e_xx: 1.69366e+08, a2_x: 2.97582e+11, currMod: 0.973672
e_xx: 1.69438e+08, a2_x: 2.95678e+11, currMod: 0.974088
e_xx: 1.69461e+08, a2_x: 2.94247e+11, currMod: 0.974218
e_xx: 1.69505e+08, a2_x: 2.89071e+11, currMod: 0.974473
e_xx: 1.6951e+08, a2_x: 2.91679e+11, currMod: 0.974502
e_xx: 1.6954e+08, a2_x: 2.98061e+11, currMod: 0.974677
e_xx: 1.69535e+08, a2_x: 2.84754e+11, currMod: 0.974647
currMod: 0.974677, prevMod: 0.914968
Louvain time: 3.38779
numClusters: 50371, time: 0.016988
Next phase: 3
Memory used: 2949.12
End Structure 484076 50371 vs 1018517
Build next level time: 0.215335
Iteration time: 3.62096
Memory used: 2949.12
e_xx: 1.6954e+08, a2_x: 3.01008e+11, currMod: 0.974651
e_xx: 1.70372e+08, a2_x: 1.27428e+11, currMod: 0.979437
e_xx: 1.70427e+08, a2_x: 1.08785e+11, currMod: 0.979758
e_xx: 1.70524e+08, a2_x: 1.20896e+11, currMod: 0.980316
e_xx: 1.70449e+08, a2_x: 1.28137e+11, currMod: 0.979882
currMod: 0.980316, prevMod: 0.974677
Louvain time: 0.679717
numClusters: 25580, time: 0.005525
Next phase: 4
Memory used: 2949.12
End Structure 174128 25580 vs 373836
Build next level time: 0.069459
Iteration time: 0.755291
Memory used: 2949.12
e_xx: 1.70524e+08, a2_x: 1.21436e+11, currMod: 0.980304
e_xx: 1.70697e+08, a2_x: 3.6852e+10, currMod: 0.981301
e_xx: 1.70707e+08, a2_x: 5.84673e+10, currMod: 0.981357
e_xx: 1.70708e+08, a2_x: 6.63549e+10, currMod: 0.981362
e_xx: 1.70709e+08, a2_x: 5.26907e+10, currMod: 0.981366
e_xx: 1.70709e+08, a2_x: 5.8921e+10, currMod: 0.981365
currMod: 0.981366, prevMod: 0.980316
Louvain time: 0.351576
numClusters: 22165, time: 0.003503
Next phase: 5
Memory used: 2949.12
End Structure 90564 22165 vs 203293
Build next level time: 0.032666
Iteration time: 0.388316
Memory used: 2949.12
e_xx: 1.70709e+08, a2_x: 5.25683e+10, currMod: 0.981364
e_xx: 1.70712e+08, a2_x: 6.12075e+10, currMod: 0.98138
e_xx: 1.70711e+08, a2_x: 7.4798e+10, currMod: 0.981378
currMod: 0.98138, prevMod: 0.981366
Louvain time: 0.103806
numClusters: 22017, time: 0.00311
Next phase: 6
Memory used: 2949.12
End Structure 79528 22017 vs 181073
Build next level time: 0.028171
Iteration time: 0.135668
Memory used: 2949.12
e_xx: 1.70712e+08, a2_x: 6.08465e+10, currMod: 0.981381
e_xx: 1.70712e+08, a2_x: 6.52629e+10, currMod: 0.981381
currMod: 0.981381, prevMod: 0.98138
Louvain time: 0.060589
numClusters: 22017, time: 0.003103
Maximum degree for the graph: 511
Iteration: 0, conflicts: 0
Total number of colors used: 184
Total number of conflicts overall: 0
Number of rounds: 1
SUCCESS: No conflicts found
Number of reordered colors: 183
End position for large colors: 0, node count: 21562, largest: 21562
Node count cutoff: 4404
e_xx: 1.70731e+08, a2_x: 6.13612e+10, currMod: 0.981492
e_xx: 1.71399e+08, a2_x: 3.54112e+10, currMod: 0.98533
e_xx: 1.71583e+08, a2_x: 1.00913e+10, currMod: 0.986392
e_xx: 1.7161e+08, a2_x: 8.3653e+09, currMod: 0.986548
e_xx: 1.73514e+08, a2_x: 1.69376e+08, currMod: 0.99749
e_xx: 1.73503e+08, a2_x: 1.69326e+09, currMod: 0.997427
End Structure 1470 21606 vs 24546
currMod: 0.99749, prevMod: 0.98138
numClusters: 21606
Total iteration time: 26.1671

Loop 0 <line-37> - Time 0.000700 Total energy consumed 0.000000 Ave. Power Level 0.000000
	-------- Loop 0 (sock 1 consumed 0.000000, avg temp 44.500000, final temp 45 ) ------
	-------- Loop 0 (sock 2 consumed 0.000000, avg temp 37.500000, final temp 38 ) ------
Loop 1 <line-54> - Time 0.000506 Total energy consumed 0.000000 Ave. Power Level 0.000000
	-------- Loop 1 (sock 1 consumed 0.000000, avg temp 44.000000, final temp 44 ) ------
	-------- Loop 1 (sock 2 consumed 0.000000, avg temp 37.500000, final temp 38 ) ------
Loop 2 <line-76> - Time 0.000855 Total energy consumed 0.048795 Ave. Power Level 57.053693
	-------- Loop 2 (sock 1 consumed 0.027525, avg temp 44.000000, final temp 44 ) ------
	-------- Loop 2 (sock 2 consumed 0.021270, avg temp 37.000000, final temp 38 ) ------
Loop 3 <line-170> - Time 0.784090 Total energy consumed 42.418575 Ave. Power Level 54.099132
	-------- Loop 3 (sock 1 consumed 23.559195, avg temp 44.000000, final temp 44 ) ------
	-------- Loop 3 (sock 2 consumed 18.859380, avg temp 37.000000, final temp 37 ) ------
Loop 4 <line-192> - Time 0.000180 Total energy consumed 0.000000 Ave. Power Level 0.000000
	-------- Loop 4 (sock 1 consumed 0.000000, avg temp 44.000000, final temp 44 ) ------
	-------- Loop 4 (sock 2 consumed 0.000000, avg temp 37.000000, final temp 37 ) ------
Loop 5 <line-222> - Time 0.335633 Total energy consumed 17.828760 Ave. Power Level 53.119776
	-------- Loop 5 (sock 1 consumed 7.403880, avg temp 43.500000, final temp 44 ) ------
	-------- Loop 5 (sock 2 consumed 10.424880, avg temp 37.000000, final temp 37 ) ------
Loop 6 <line-116> - Time 0.003142 Total energy consumed 0.271080 Ave. Power Level 86.269201
	-------- Loop 6 (sock 1 consumed 0.149595, avg temp 43.666667, final temp 45 ) ------
	-------- Loop 6 (sock 2 consumed 0.121485, avg temp 37.666667, final temp 38 ) ------
Loop 7 <line-334> - Time 0.644370 Total energy consumed 32.544585 Ave. Power Level 50.506081
	-------- Loop 7 (sock 1 consumed 17.976660, avg temp 43.857143, final temp 45 ) ------
	-------- Loop 7 (sock 2 consumed 14.567925, avg temp 37.285714, final temp 37 ) ------
Loop 8 <line-353> - Time 0.000516 Total energy consumed 0.000000 Ave. Power Level 0.000000
	-------- Loop 8 (sock 1 consumed 0.000000, avg temp 43.857143, final temp 45 ) ------
	-------- Loop 8 (sock 2 consumed 0.000000, avg temp 37.285714, final temp 37 ) ------
Loop 9 <line-375> - Time 0.000784 Total energy consumed 0.033915 Ave. Power Level 43.253632
	-------- Loop 9 (sock 1 consumed 0.000000, avg temp 43.857143, final temp 45 ) ------
	-------- Loop 9 (sock 2 consumed 0.033915, avg temp 37.142857, final temp 37 ) ------
Loop 10 <line-85> - Time 0.160043 Total energy consumed 10.836180 Ave. Power Level 67.707909
	-------- Loop 10 (sock 1 consumed 5.351865, avg temp 44.500000, final temp 45 ) ------
	-------- Loop 10 (sock 2 consumed 5.484315, avg temp 37.000000, final temp 37 ) ------
Loop 11 <line-131> - Time 0.006278 Total energy consumed 0.417405 Ave. Power Level 66.490126
	-------- Loop 11 (sock 1 consumed 0.206760, avg temp 44.500000, final temp 45 ) ------
	-------- Loop 11 (sock 2 consumed 0.210645, avg temp 37.000000, final temp 37 ) ------
Loop 12 <line-167> - Time 0.213270 Total energy consumed 14.443755 Ave. Power Level 67.725187
	-------- Loop 12 (sock 1 consumed 7.126620, avg temp 44.500000, final temp 45 ) ------
	-------- Loop 12 (sock 2 consumed 7.317135, avg temp 38.000000, final temp 38 ) ------
Loop 13 <line-213> - Time 10.235906 Total energy consumed 702.535965 Ave. Power Level 68.634467
	-------- Loop 13 (sock 1 consumed 347.772645, avg temp 45.818182, final temp 46 ) ------
	-------- Loop 13 (sock 2 consumed 354.763320, avg temp 37.909091, final temp 37 ) ------
Loop 14 <line-99> - Time 5.403948 Total energy consumed 280.902750 Ave. Power Level 51.981020
	-------- Loop 14 (sock 1 consumed 123.353685, avg temp 44.166667, final temp 45 ) ------
	-------- Loop 14 (sock 2 consumed 157.549065, avg temp 37.500000, final temp 37 ) ------
Loop 15 <line-160> - Time 0.125685 Total energy consumed 6.959040 Ave. Power Level 55.369036
	-------- Loop 15 (sock 1 consumed 3.127095, avg temp 44.500000, final temp 45 ) ------
	-------- Loop 15 (sock 2 consumed 3.831945, avg temp 37.666667, final temp 38 ) ------
Loop 16 <line-269> - Time 4.558376 Total energy consumed 229.439820 Ave. Power Level 50.333673
	-------- Loop 16 (sock 1 consumed 113.883585, avg temp 44.444444, final temp 45 ) ------
	-------- Loop 16 (sock 2 consumed 115.556235, avg temp 37.370370, final temp 37 ) ------
Loop 17 <line-300> - Time 0.003556 Total energy consumed 0.191985 Ave. Power Level 53.992829
	-------- Loop 17 (sock 1 consumed 0.093495, avg temp 44.363636, final temp 44 ) ------
	-------- Loop 17 (sock 2 consumed 0.098490, avg temp 37.318182, final temp 38 ) ------
Loop 18 <line-148> - Time 0.000530 Total energy consumed 0.000000 Ave. Power Level 0.000000
	-------- Loop 18 (sock 1 consumed 0.000000, avg temp 45.000000, final temp 45 ) ------
	-------- Loop 18 (sock 2 consumed 0.000000, avg temp 38.000000, final temp 38 ) ------
Application(EnergyStat) - Time 38.539348 Total energy consumed 2134.756245 Ave. Power Level 55.391603 Final Temperature socket 1 : 45  socket 2 : 38 
	 ParallelApplication(EnergyStat) - Time 22.478368 Total energy consumed 1338.872610 Ave. Power Level 59.562715
Memory used: 1.32031
Loading 32-bit binary file: pnnl.bin, numvertices: 2361670, numEdges: 191402826
File read time: 1.85017
Before allocating graph
Allocated graph: 0x1160570
Processing edges for vertex: 0, range(0, 166)
Processing edges for vertex: 100000, range(58444108, 58444133)
Processing edges for vertex: 200000, range(84376057, 84376362)
Processing edges for vertex: 300000, range(106069163, 106069503)
Processing edges for vertex: 400000, range(122097114, 122097513)
Processing edges for vertex: 500000, range(135096418, 135096483)
Processing edges for vertex: 600000, range(146097008, 146097061)
Processing edges for vertex: 700000, range(155415410, 155415531)
Processing edges for vertex: 800000, range(162595900, 162595989)
Processing edges for vertex: 900000, range(168508374, 168508464)
Processing edges for vertex: 1000000, range(173203321, 173203442)
Processing edges for vertex: 1100000, range(176935100, 176935110)
Processing edges for vertex: 1200000, range(179876260, 179876270)
Processing edges for vertex: 1300000, range(182240081, 182240092)
Processing edges for vertex: 1400000, range(184224513, 184224521)
Processing edges for vertex: 1500000, range(185795161, 185795170)
Processing edges for vertex: 1600000, range(187104124, 187104130)
Processing edges for vertex: 1700000, range(188148455, 188148461)
Processing edges for vertex: 1800000, range(188997836, 188997842)
Processing edges for vertex: 1900000, range(189691532, 189691535)
Processing edges for vertex: 2000000, range(190254658, 190254660)
Processing edges for vertex: 2100000, range(190705814, 190705822)
Processing edges for vertex: 2200000, range(191052755, 191052764)
Processing edges for vertex: 2300000, range(191302662, 191302663)
Graph populate time: 9.04523
Total I/O time: 10.8955

Regional(EnergyStat) - Time 10.899780 Total energy consumed 536.958915 Ave. Power Level 49.263281 
Running on: 6 threads
Loaded graph from file: pnnl.bin
Memory used: 2949.12
Maximum degree for the graph: 5520
Iteration: 0, conflicts: 14
Iteration: 1, conflicts: 7
Iteration: 2, conflicts: 5
Iteration: 3, conflicts: 4
Iteration: 4, conflicts: 2
Iteration: 5, conflicts: 1
Iteration: 6, conflicts: 0
Total number of colors used: 1180
Total number of conflicts overall: 0
Number of rounds: 7
SUCCESS: No conflicts found
Coloring time: 1.23832
Memory used: 2949.12
Number of reordered colors: 1019
End position for large colors: 0, node count: 551015, largest: 551015
Node count cutoff: 472334
e_xx: 1.2927e+08, a2_x: 5.82794e+11, currMod: 0.675368
e_xx: 1.67674e+08, a2_x: 6.22857e+11, currMod: 0.87601
e_xx: 1.73451e+08, a2_x: 5.45895e+11, currMod: 0.906192
e_xx: 1.75513e+08, a2_x: 4.99731e+11, currMod: 0.916968
e_xx: 1.76695e+08, a2_x: 5.18892e+11, currMod: 0.923142
currMod: 0.916968, prevMod: -1
Louvain time: 15.6939
numClusters: 203324, time: 0.109149
Next phase: 2
Memory used: 2949.12
End Structure 1300050 203324 vs 2801711
Build next level time: 5.29293
Iteration time: 21.1002
Memory used: 2949.12
e_xx: 1.57192e+08, a2_x: 5.20823e+11, currMod: 0.91446
e_xx: 1.65574e+08, a2_x: 3.89841e+11, currMod: 0.96323
e_xx: 1.66699e+08, a2_x: 3.24767e+11, currMod: 0.969774
e_xx: 1.67068e+08, a2_x: 2.72341e+11, currMod: 0.971926
e_xx: 1.67182e+08, a2_x: 2.98202e+11, currMod: 0.972587
e_xx: 1.67264e+08, a2_x: 2.77488e+11, currMod: 0.973065
e_xx: 1.6728e+08, a2_x: 2.96149e+11, currMod: 0.973155
e_xx: 1.67329e+08, a2_x: 2.89088e+11, currMod: 0.973439
e_xx: 1.6732e+08, a2_x: 2.9567e+11, currMod: 0.973391
currMod: 0.973439, prevMod: 0.916968
Louvain time: 2.84536
numClusters: 52738, time: 0.017573
Next phase: 3
Memory used: 2949.12
End Structure 526542 52738 vs 1105811
Build next level time: 0.215181
Iteration time: 3.07898
Memory used: 2949.12
e_xx: 1.67328e+08, a2_x: 2.90852e+11, currMod: 0.973411
e_xx: 1.68269e+08, a2_x: 7.77311e+10, currMod: 0.97889
e_xx: 1.6829e+08, a2_x: 1.1093e+11, currMod: 0.979009
e_xx: 1.68406e+08, a2_x: 9.99601e+10, currMod: 0.979686
e_xx: 1.68339e+08, a2_x: 9.19839e+10, currMod: 0.979299
currMod: 0.979686, prevMod: 0.973439
Louvain time: 0.733807
numClusters: 25751, time: 0.005542
Next phase: 4
Memory used: 2949.12
End Structure 181541 25751 vs 388833
Build next level time: 0.077105
Iteration time: 0.817084
Memory used: 2949.12
e_xx: 1.68406e+08, a2_x: 9.80339e+10, currMod: 0.979674
e_xx: 1.68617e+08, a2_x: 1.71599e+10, currMod: 0.980905
e_xx: 1.6864e+08, a2_x: 6.93329e+09, currMod: 0.981038
e_xx: 1.6864e+08, a2_x: 1.17462e+10, currMod: 0.98104
e_xx: 1.68641e+08, a2_x: 1.82808e+10, currMod: 0.981042
e_xx: 1.68641e+08, a2_x: 2.64994e+10, currMod: 0.981043
currMod: 0.981042, prevMod: 0.979686
Louvain time: 0.369637
numClusters: 22175, time: 0.003545
Next phase: 5
Memory used: 2949.12
End Structure 92279 22175 vs 206733
Build next level time: 0.037522
Iteration time: 0.411281
Memory used: 2949.12
e_xx: 1.68641e+08, a2_x: 2.13194e+10, currMod: 0.98104
e_xx: 1.68646e+08, a2_x: 2.24195e+10, currMod: 0.981072
e_xx: 1.68647e+08, a2_x: 3.72107e+10, currMod: 0.981075
e_xx: 1.68647e+08, a2_x: 2.98979e+10, currMod: 0.981074
currMod: 0.981075, prevMod: 0.981042
Louvain time: 0.137648
numClusters: 21995, time: 0.003127
Next phase: 6
Memory used: 2949.12
End Structure 78624 21995 vs 179243
Build next level time: 0.024756
Iteration time: 0.166121
Memory used: 2949.12
e_xx: 1.68647e+08, a2_x: 3.69657e+10, currMod: 0.981075
e_xx: 1.68647e+08, a2_x: 2.9497e+10, currMod: 0.981076
e_xx: 1.68647e+08, a2_x: 3.34903e+10, currMod: 0.981076
currMod: 0.981076, prevMod: 0.981075
Louvain time: 0.089752
numClusters: 21976, time: 0.003109
Next phase: 7
Memory used: 2949.12
End Structure 75730 21976 vs 173436
Build next level time: 0.027416
Iteration time: 0.120866
Memory used: 2949.12
e_xx: 1.68647e+08, a2_x: 2.9497e+10, currMod: 0.981076
e_xx: 1.68647e+08, a2_x: 2.9497e+10, currMod: 0.981076
currMod: 0.981076, prevMod: 0.981076
Louvain time: 0.057389
numClusters: 21976, time: 0.003083
Maximum degree for the graph: 473
Iteration: 0, conflicts: 0
Total number of colors used: 183
Total number of conflicts overall: 0
Number of rounds: 1
SUCCESS: No conflicts found
Number of reordered colors: 180
End position for large colors: 0, node count: 21546, largest: 21546
Node count cutoff: 4396
e_xx: 1.68647e+08, a2_x: 2.9497e+10, currMod: 0.981076
End Structure 75730 21976 vs 173436
currMod: 0.981076, prevMod: 0.981076
numClusters: 21976
Total iteration time: 25.6945

Loop 0 <line-37> - Time 0.000709 Total energy consumed 0.000000 Ave. Power Level 0.000000
	-------- Loop 0 (sock 1 consumed 0.000000, avg temp 44.000000, final temp 44 ) ------
	-------- Loop 0 (sock 2 consumed 0.000000, avg temp 37.000000, final temp 37 ) ------
Loop 1 <line-54> - Time 0.000464 Total energy consumed 0.049590 Ave. Power Level 106.923162
	-------- Loop 1 (sock 1 consumed 0.020940, avg temp 44.000000, final temp 45 ) ------
	-------- Loop 1 (sock 2 consumed 0.028650, avg temp 37.500000, final temp 38 ) ------
Loop 2 <line-76> - Time 0.000853 Total energy consumed 0.000000 Ave. Power Level 0.000000
	-------- Loop 2 (sock 1 consumed 0.000000, avg temp 44.000000, final temp 45 ) ------
	-------- Loop 2 (sock 2 consumed 0.000000, avg temp 37.500000, final temp 38 ) ------
Loop 3 <line-170> - Time 0.823286 Total energy consumed 44.363175 Ave. Power Level 53.885504
	-------- Loop 3 (sock 1 consumed 19.464570, avg temp 43.125000, final temp 44 ) ------
	-------- Loop 3 (sock 2 consumed 24.898605, avg temp 37.125000, final temp 38 ) ------
Loop 4 <line-192> - Time 0.000217 Total energy consumed 0.000000 Ave. Power Level 0.000000
	-------- Loop 4 (sock 1 consumed 0.000000, avg temp 43.500000, final temp 44 ) ------
	-------- Loop 4 (sock 2 consumed 0.000000, avg temp 37.500000, final temp 38 ) ------
Loop 5 <line-222> - Time 0.314423 Total energy consumed 17.016360 Ave. Power Level 54.119270
	-------- Loop 5 (sock 1 consumed 7.578660, avg temp 44.000000, final temp 45 ) ------
	-------- Loop 5 (sock 2 consumed 9.437700, avg temp 37.500000, final temp 38 ) ------
Loop 6 <line-116> - Time 0.003765 Total energy consumed 0.299745 Ave. Power Level 79.622618
	-------- Loop 6 (sock 1 consumed 0.172950, avg temp 44.428571, final temp 44 ) ------
	-------- Loop 6 (sock 2 consumed 0.126795, avg temp 37.428571, final temp 38 ) ------
Loop 7 <line-334> - Time 0.660190 Total energy consumed 33.299040 Ave. Power Level 50.438595
	-------- Loop 7 (sock 1 consumed 14.088285, avg temp 44.500000, final temp 45 ) ------
	-------- Loop 7 (sock 2 consumed 19.210755, avg temp 37.875000, final temp 38 ) ------
Loop 8 <line-353> - Time 0.000457 Total energy consumed 0.000000 Ave. Power Level 0.000000
	-------- Loop 8 (sock 1 consumed 0.000000, avg temp 44.500000, final temp 45 ) ------
	-------- Loop 8 (sock 2 consumed 0.000000, avg temp 37.875000, final temp 38 ) ------
Loop 9 <line-375> - Time 0.000865 Total energy consumed 0.189300 Ave. Power Level 218.865438
	-------- Loop 9 (sock 1 consumed 0.085275, avg temp 44.625000, final temp 45 ) ------
	-------- Loop 9 (sock 2 consumed 0.104025, avg temp 37.875000, final temp 38 ) ------
Loop 10 <line-85> - Time 0.148358 Total energy consumed 9.935565 Ave. Power Level 66.970127
	-------- Loop 10 (sock 1 consumed 4.894710, avg temp 44.500000, final temp 45 ) ------
	-------- Loop 10 (sock 2 consumed 5.040855, avg temp 37.500000, final temp 38 ) ------
Loop 11 <line-131> - Time 0.006241 Total energy consumed 0.417630 Ave. Power Level 66.914105
	-------- Loop 11 (sock 1 consumed 0.205830, avg temp 44.500000, final temp 45 ) ------
	-------- Loop 11 (sock 2 consumed 0.211800, avg temp 37.500000, final temp 38 ) ------
Loop 12 <line-167> - Time 0.202928 Total energy consumed 13.726980 Ave. Power Level 67.644569
	-------- Loop 12 (sock 1 consumed 6.734490, avg temp 44.500000, final temp 45 ) ------
	-------- Loop 12 (sock 2 consumed 6.992490, avg temp 37.500000, final temp 38 ) ------
Loop 13 <line-213> - Time 10.177675 Total energy consumed 695.361960 Ave. Power Level 68.322279
	-------- Loop 13 (sock 1 consumed 358.584045, avg temp 46.833333, final temp 45 ) ------
	-------- Loop 13 (sock 2 consumed 336.777915, avg temp 37.833333, final temp 39 ) ------
Loop 14 <line-99> - Time 5.308575 Total energy consumed 276.257805 Ave. Power Level 52.039920
	-------- Loop 14 (sock 1 consumed 136.455195, avg temp 44.714286, final temp 44 ) ------
	-------- Loop 14 (sock 2 consumed 139.802610, avg temp 37.285714, final temp 38 ) ------
Loop 15 <line-160> - Time 0.128269 Total energy consumed 6.975630 Ave. Power Level 54.382779
	-------- Loop 15 (sock 1 consumed 3.832800, avg temp 45.000000, final temp 45 ) ------
	-------- Loop 15 (sock 2 consumed 3.142830, avg temp 37.571429, final temp 38 ) ------
Loop 16 <line-269> - Time 4.207491 Total energy consumed 210.300180 Ave. Power Level 49.982328
	-------- Loop 16 (sock 1 consumed 105.709065, avg temp 44.793103, final temp 44 ) ------
	-------- Loop 16 (sock 2 consumed 104.591115, avg temp 37.655172, final temp 37 ) ------
Loop 17 <line-300> - Time 0.002930 Total energy consumed 0.183105 Ave. Power Level 62.491894
	-------- Loop 17 (sock 1 consumed 0.113580, avg temp 44.956522, final temp 44 ) ------
	-------- Loop 17 (sock 2 consumed 0.069525, avg temp 37.652174, final temp 38 ) ------
Loop 18 <line-148> - Time 0.000539 Total energy consumed 0.000000 Ave. Power Level 0.000000
	-------- Loop 18 (sock 1 consumed 0.000000, avg temp 44.000000, final temp 44 ) ------
	-------- Loop 18 (sock 2 consumed 0.000000, avg temp 37.000000, final temp 37 ) ------
Application(EnergyStat) - Time 37.937526 Total energy consumed 2101.591800 Ave. Power Level 55.396122 Final Temperature socket 1 : 45  socket 2 : 38 
	 ParallelApplication(EnergyStat) - Time 21.988234 Total energy consumed 1308.376065 Ave. Power Level 59.503463
Memory used: 1.32031
Loading 32-bit binary file: pnnl.bin, numvertices: 2361670, numEdges: 191402826
File read time: 1.8272
Before allocating graph
Allocated graph: 0x1b7a570
Processing edges for vertex: 0, range(0, 166)
Processing edges for vertex: 100000, range(58444108, 58444133)
Processing edges for vertex: 200000, range(84376057, 84376362)
Processing edges for vertex: 300000, range(106069163, 106069503)
Processing edges for vertex: 400000, range(122097114, 122097513)
Processing edges for vertex: 500000, range(135096418, 135096483)
Processing edges for vertex: 600000, range(146097008, 146097061)
Processing edges for vertex: 700000, range(155415410, 155415531)
Processing edges for vertex: 800000, range(162595900, 162595989)
Processing edges for vertex: 900000, range(168508374, 168508464)
Processing edges for vertex: 1000000, range(173203321, 173203442)
Processing edges for vertex: 1100000, range(176935100, 176935110)
Processing edges for vertex: 1200000, range(179876260, 179876270)
Processing edges for vertex: 1300000, range(182240081, 182240092)
Processing edges for vertex: 1400000, range(184224513, 184224521)
Processing edges for vertex: 1500000, range(185795161, 185795170)
Processing edges for vertex: 1600000, range(187104124, 187104130)
Processing edges for vertex: 1700000, range(188148455, 188148461)
Processing edges for vertex: 1800000, range(188997836, 188997842)
Processing edges for vertex: 1900000, range(189691532, 189691535)
Processing edges for vertex: 2000000, range(190254658, 190254660)
Processing edges for vertex: 2100000, range(190705814, 190705822)
Processing edges for vertex: 2200000, range(191052755, 191052764)
Processing edges for vertex: 2300000, range(191302662, 191302663)
Graph populate time: 9.17447
Total I/O time: 11.0017

Regional(EnergyStat) - Time 11.005318 Total energy consumed 540.846420 Ave. Power Level 49.144099 
Running on: 6 threads
Loaded graph from file: pnnl.bin
Memory used: 2949.12
Maximum degree for the graph: 5520
Iteration: 0, conflicts: 29
Iteration: 1, conflicts: 8
Iteration: 2, conflicts: 6
Iteration: 3, conflicts: 4
Iteration: 4, conflicts: 3
Iteration: 5, conflicts: 2
Iteration: 6, conflicts: 1
Iteration: 7, conflicts: 0
Total number of colors used: 1181
Total number of conflicts overall: 0
Number of rounds: 8
SUCCESS: No conflicts found
Coloring time: 1.17081
Memory used: 2949.12
Number of reordered colors: 999
End position for large colors: 0, node count: 550987, largest: 550987
Node count cutoff: 472334
e_xx: 1.20742e+08, a2_x: 6.13089e+11, currMod: 0.63081
e_xx: 1.62594e+08, a2_x: 5.94329e+11, currMod: 0.84947
e_xx: 1.69181e+08, a2_x: 5.51982e+11, currMod: 0.883883
e_xx: 1.7185e+08, a2_x: 5.00027e+11, currMod: 0.897833
e_xx: 1.73328e+08, a2_x: 5.03862e+11, currMod: 0.905552
currMod: 0.897833, prevMod: -1
Louvain time: 15.708
numClusters: 203379, time: 0.124746
Next phase: 2
Memory used: 2949.12
End Structure 1291975 203379 vs 2785575
Build next level time: 5.04724
Iteration time: 20.8844
Memory used: 2949.12
e_xx: 1.69699e+08, a2_x: 5.0119e+11, currMod: 0.903751
e_xx: 1.79829e+08, a2_x: 3.26082e+11, currMod: 0.957707
e_xx: 1.8262e+08, a2_x: 2.91401e+11, currMod: 0.972572
e_xx: 1.82983e+08, a2_x: 3.01877e+11, currMod: 0.974505
e_xx: 1.83041e+08, a2_x: 3.06008e+11, currMod: 0.974814
e_xx: 1.83124e+08, a2_x: 3.27454e+11, currMod: 0.975255
e_xx: 1.83111e+08, a2_x: 3.10312e+11, currMod: 0.975184
currMod: 0.975255, prevMod: 0.897833
Louvain time: 2.26975
numClusters: 54541, time: 0.018063
Next phase: 3
Memory used: 2949.12
End Structure 542434 54541 vs 1139395
Build next level time: 0.240585
Iteration time: 2.52925
Memory used: 2949.12
e_xx: 1.83123e+08, a2_x: 3.28777e+11, currMod: 0.975253
e_xx: 1.8408e+08, a2_x: 9.40466e+10, currMod: 0.980354
e_xx: 1.8427e+08, a2_x: 9.86453e+10, currMod: 0.981366
e_xx: 1.84306e+08, a2_x: 5.65212e+10, currMod: 0.981561
e_xx: 1.84309e+08, a2_x: 8.28884e+10, currMod: 0.981575
e_xx: 1.84309e+08, a2_x: 5.17733e+10, currMod: 0.981576
currMod: 0.981575, prevMod: 0.975255
Louvain time: 0.873579
numClusters: 25229, time: 0.005469
Next phase: 4
Memory used: 2949.12
End Structure 172609 25229 vs 370447
Build next level time: 0.078276
Iteration time: 0.957918
Memory used: 2949.12
e_xx: 1.84309e+08, a2_x: 8.27111e+10, currMod: 0.981554
e_xx: 1.8453e+08, a2_x: 2.13957e+10, currMod: 0.982734
e_xx: 1.84535e+08, a2_x: 2.60416e+10, currMod: 0.982758
e_xx: 1.84536e+08, a2_x: 4.5121e+10, currMod: 0.982765
e_xx: 1.84536e+08, a2_x: 3.29084e+10, currMod: 0.982765
currMod: 0.982765, prevMod: 0.981575
Louvain time: 0.291206
numClusters: 22154, time: 0.003475
Next phase: 5
Memory used: 2949.12
End Structure 86994 22154 vs 196142
Build next level time: 0.037445
Iteration time: 0.332705
Memory used: 2949.12
e_xx: 1.84536e+08, a2_x: 4.6137e+10, currMod: 0.982761
e_xx: 1.84541e+08, a2_x: 3.88015e+10, currMod: 0.982786
e_xx: 1.84541e+08, a2_x: 3.75743e+10, currMod: 0.982786
currMod: 0.982786, prevMod: 0.982765
Louvain time: 0.098518
numClusters: 22001, time: 0.003093
Next phase: 6
Memory used: 2949.12
End Structure 77978 22001 vs 177957
Build next level time: 0.024783
Iteration time: 0.126978
Memory used: 2949.12
e_xx: 1.84541e+08, a2_x: 3.77006e+10, currMod: 0.982786
e_xx: 1.84541e+08, a2_x: 3.45556e+10, currMod: 0.982787
currMod: 0.982786, prevMod: 0.982786
Louvain time: 0.058811
numClusters: 22001, time: 0.003103
Maximum degree for the graph: 496
Iteration: 0, conflicts: 0
Total number of colors used: 180
Total number of conflicts overall: 0
Number of rounds: 1
SUCCESS: No conflicts found
Number of reordered colors: 179
End position for large colors: 0, node count: 21549, largest: 21549
Node count cutoff: 4401
e_xx: 1.84692e+08, a2_x: 1.98975e+10, currMod: 0.98359
e_xx: 1.84693e+08, a2_x: 2.68367e+10, currMod: 0.983595
e_xx: 1.84697e+08, a2_x: 1.23388e+10, currMod: 0.983615
e_xx: 1.87134e+08, a2_x: 1.38154e+10, currMod: 0.996594
e_xx: 1.86852e+08, a2_x: 9.61337e+09, currMod: 0.995093
End Structure 2153 21616 vs 25922
currMod: 0.996594, prevMod: 0.982786
numClusters: 21616
Total iteration time: 24.8312

Loop 0 <line-37> - Time 0.000712 Total energy consumed 0.050565 Ave. Power Level 71.018558
	-------- Loop 0 (sock 1 consumed 0.021600, avg temp 44.500000, final temp 44 ) ------
	-------- Loop 0 (sock 2 consumed 0.028965, avg temp 37.500000, final temp 38 ) ------
Loop 1 <line-54> - Time 0.000507 Total energy consumed 0.000000 Ave. Power Level 0.000000
	-------- Loop 1 (sock 1 consumed 0.000000, avg temp 44.000000, final temp 44 ) ------
	-------- Loop 1 (sock 2 consumed 0.000000, avg temp 37.500000, final temp 38 ) ------
Loop 2 <line-76> - Time 0.000843 Total energy consumed 0.060765 Ave. Power Level 72.053815
	-------- Loop 2 (sock 1 consumed 0.030300, avg temp 44.000000, final temp 44 ) ------
	-------- Loop 2 (sock 2 consumed 0.030465, avg temp 37.500000, final temp 38 ) ------
Loop 3 <line-170> - Time 0.778288 Total energy consumed 42.305775 Ave. Power Level 54.357484
	-------- Loop 3 (sock 1 consumed 18.291435, avg temp 44.000000, final temp 44 ) ------
	-------- Loop 3 (sock 2 consumed 24.014340, avg temp 37.111111, final temp 38 ) ------
Loop 4 <line-192> - Time 0.000213 Total energy consumed 0.000000 Ave. Power Level 0.000000
	-------- Loop 4 (sock 1 consumed 0.000000, avg temp 44.000000, final temp 44 ) ------
	-------- Loop 4 (sock 2 consumed 0.000000, avg temp 37.500000, final temp 38 ) ------
Loop 5 <line-222> - Time 0.291717 Total energy consumed 16.040475 Ave. Power Level 54.986460
	-------- Loop 5 (sock 1 consumed 7.130910, avg temp 43.500000, final temp 44 ) ------
	-------- Loop 5 (sock 2 consumed 8.909565, avg temp 37.500000, final temp 38 ) ------
Loop 6 <line-116> - Time 0.003249 Total energy consumed 0.000000 Ave. Power Level 0.000000
	-------- Loop 6 (sock 1 consumed 0.000000, avg temp 43.666667, final temp 43 ) ------
	-------- Loop 6 (sock 2 consumed 0.000000, avg temp 37.833333, final temp 38 ) ------
Loop 7 <line-334> - Time 0.645334 Total energy consumed 32.546775 Ave. Power Level 50.434031
	-------- Loop 7 (sock 1 consumed 13.479060, avg temp 44.142857, final temp 44 ) ------
	-------- Loop 7 (sock 2 consumed 19.067715, avg temp 37.857143, final temp 38 ) ------
Loop 8 <line-353> - Time 0.000436 Total energy consumed 0.000000 Ave. Power Level 0.000000
	-------- Loop 8 (sock 1 consumed 0.000000, avg temp 44.142857, final temp 44 ) ------
	-------- Loop 8 (sock 2 consumed 0.000000, avg temp 37.857143, final temp 38 ) ------
Loop 9 <line-375> - Time 0.000791 Total energy consumed 0.072720 Ave. Power Level 91.989035
	-------- Loop 9 (sock 1 consumed 0.033210, avg temp 44.142857, final temp 44 ) ------
	-------- Loop 9 (sock 2 consumed 0.039510, avg temp 37.857143, final temp 38 ) ------
Loop 10 <line-85> - Time 0.161446 Total energy consumed 10.957905 Ave. Power Level 67.873347
	-------- Loop 10 (sock 1 consumed 5.407920, avg temp 44.250000, final temp 44 ) ------
	-------- Loop 10 (sock 2 consumed 5.549985, avg temp 37.750000, final temp 38 ) ------
Loop 11 <line-131> - Time 0.006312 Total energy consumed 0.485520 Ave. Power Level 76.917983
	-------- Loop 11 (sock 1 consumed 0.239175, avg temp 45.000000, final temp 45 ) ------
	-------- Loop 11 (sock 2 consumed 0.246345, avg temp 37.500000, final temp 38 ) ------
Loop 12 <line-167> - Time 0.190063 Total energy consumed 12.871470 Ave. Power Level 67.722262
	-------- Loop 12 (sock 1 consumed 6.318615, avg temp 44.000000, final temp 44 ) ------
	-------- Loop 12 (sock 2 consumed 6.552855, avg temp 37.500000, final temp 38 ) ------
Loop 13 <line-213> - Time 10.315468 Total energy consumed 710.878965 Ave. Power Level 68.913884
	-------- Loop 13 (sock 1 consumed 351.046950, avg temp 45.500000, final temp 46 ) ------
	-------- Loop 13 (sock 2 consumed 359.832015, avg temp 38.100000, final temp 38 ) ------
Loop 14 <line-99> - Time 5.027450 Total energy consumed 264.356490 Ave. Power Level 52.582622
	-------- Loop 14 (sock 1 consumed 122.104140, avg temp 44.166667, final temp 44 ) ------
	-------- Loop 14 (sock 2 consumed 142.252350, avg temp 37.833333, final temp 37 ) ------
Loop 15 <line-160> - Time 0.141205 Total energy consumed 7.780665 Ave. Power Level 55.101752
	-------- Loop 15 (sock 1 consumed 3.707265, avg temp 44.500000, final temp 44 ) ------
	-------- Loop 15 (sock 2 consumed 4.073400, avg temp 37.833333, final temp 37 ) ------
Loop 16 <line-269> - Time 3.568457 Total energy consumed 178.021665 Ave. Power Level 49.887579
	-------- Loop 16 (sock 1 consumed 86.677755, avg temp 44.565217, final temp 44 ) ------
	-------- Loop 16 (sock 2 consumed 91.343910, avg temp 38.000000, final temp 37 ) ------
Loop 17 <line-300> - Time 0.002276 Total energy consumed 0.046335 Ave. Power Level 20.360535
	-------- Loop 17 (sock 1 consumed 0.025155, avg temp 44.500000, final temp 44 ) ------
	-------- Loop 17 (sock 2 consumed 0.021180, avg temp 38.055556, final temp 38 ) ------
Loop 18 <line-148> - Time 0.000538 Total energy consumed 0.000000 Ave. Power Level 0.000000
	-------- Loop 18 (sock 1 consumed 0.000000, avg temp 44.000000, final temp 44 ) ------
	-------- Loop 18 (sock 2 consumed 0.000000, avg temp 38.000000, final temp 38 ) ------
Application(EnergyStat) - Time 37.124992 Total energy consumed 2071.949355 Ave. Power Level 55.810096 Final Temperature socket 1 : 45  socket 2 : 38 
	 ParallelApplication(EnergyStat) - Time 21.135304 Total energy consumed 1276.476090 Ave. Power Level 60.395444
Memory used: 1.32422
Loading 32-bit binary file: pnnl.bin, numvertices: 2361670, numEdges: 191402826
File read time: 1.82778
Before allocating graph
Allocated graph: 0x11eb570
Processing edges for vertex: 0, range(0, 166)
Processing edges for vertex: 100000, range(58444108, 58444133)
Processing edges for vertex: 200000, range(84376057, 84376362)
Processing edges for vertex: 300000, range(106069163, 106069503)
Processing edges for vertex: 400000, range(122097114, 122097513)
Processing edges for vertex: 500000, range(135096418, 135096483)
Processing edges for vertex: 600000, range(146097008, 146097061)
Processing edges for vertex: 700000, range(155415410, 155415531)
Processing edges for vertex: 800000, range(162595900, 162595989)
Processing edges for vertex: 900000, range(168508374, 168508464)
Processing edges for vertex: 1000000, range(173203321, 173203442)
Processing edges for vertex: 1100000, range(176935100, 176935110)
Processing edges for vertex: 1200000, range(179876260, 179876270)
Processing edges for vertex: 1300000, range(182240081, 182240092)
Processing edges for vertex: 1400000, range(184224513, 184224521)
Processing edges for vertex: 1500000, range(185795161, 185795170)
Processing edges for vertex: 1600000, range(187104124, 187104130)
Processing edges for vertex: 1700000, range(188148455, 188148461)
Processing edges for vertex: 1800000, range(188997836, 188997842)
Processing edges for vertex: 1900000, range(189691532, 189691535)
Processing edges for vertex: 2000000, range(190254658, 190254660)
Processing edges for vertex: 2100000, range(190705814, 190705822)
Processing edges for vertex: 2200000, range(191052755, 191052764)
Processing edges for vertex: 2300000, range(191302662, 191302663)
Graph populate time: 9.36364
Total I/O time: 11.1915

Regional(EnergyStat) - Time 11.195051 Total energy consumed 537.598830 Ave. Power Level 48.021113 
Running on: 6 threads
Loaded graph from file: pnnl.bin
Memory used: 2949.12
Maximum degree for the graph: 5520
Iteration: 0, conflicts: 23
Iteration: 1, conflicts: 5
Iteration: 2, conflicts: 4
Iteration: 3, conflicts: 3
Iteration: 4, conflicts: 2
Iteration: 5, conflicts: 0
Total number of colors used: 1183
Total number of conflicts overall: 0
Number of rounds: 6
SUCCESS: No conflicts found
Coloring time: 1.16987
Memory used: 2949.12
Number of reordered colors: 1029
End position for large colors: 0, node count: 550968, largest: 550968
Node count cutoff: 472334
e_xx: 1.2512e+08, a2_x: 5.53405e+11, currMod: 0.653685
e_xx: 1.66751e+08, a2_x: 6.30428e+11, currMod: 0.871185
e_xx: 1.72948e+08, a2_x: 5.7622e+11, currMod: 0.903565
e_xx: 1.75282e+08, a2_x: 5.43236e+11, currMod: 0.915761
e_xx: 1.76287e+08, a2_x: 5.05748e+11, currMod: 0.921011
currMod: 0.915761, prevMod: -1
Louvain time: 15.65
numClusters: 203844, time: 0.123863
Next phase: 2
Memory used: 2949.12
End Structure 1290759 203844 vs 2783640
Build next level time: 5.33642
Iteration time: 21.1147
Memory used: 2949.12
e_xx: 1.57895e+08, a2_x: 5.07306e+11, currMod: 0.91265
e_xx: 1.66382e+08, a2_x: 3.8549e+11, currMod: 0.96171
e_xx: 1.67765e+08, a2_x: 3.0155e+11, currMod: 0.969708
e_xx: 1.68179e+08, a2_x: 2.70123e+11, currMod: 0.972103
e_xx: 1.6828e+08, a2_x: 3.08629e+11, currMod: 0.972684
e_xx: 1.68354e+08, a2_x: 2.62862e+11, currMod: 0.973116
e_xx: 1.6834e+08, a2_x: 3.04777e+11, currMod: 0.973031
currMod: 0.973116, prevMod: 0.915761
Louvain time: 2.28028
numClusters: 55230, time: 0.018079
Next phase: 3
Memory used: 2949.12
End Structure 563774 55230 vs 1182763
Build next level time: 0.230416
Iteration time: 2.52962
Memory used: 2949.12
e_xx: 1.68354e+08, a2_x: 2.60801e+11, currMod: 0.973092
e_xx: 1.69325e+08, a2_x: 9.2494e+10, currMod: 0.978708
e_xx: 1.69415e+08, a2_x: 6.25733e+10, currMod: 0.979231
e_xx: 1.69472e+08, a2_x: 6.15602e+10, currMod: 0.97956
e_xx: 1.69436e+08, a2_x: 3.66416e+10, currMod: 0.979352
currMod: 0.97956, prevMod: 0.973116
Louvain time: 0.766143
numClusters: 25989, time: 0.005779
Next phase: 4
Memory used: 2949.12
End Structure 187911 25989 vs 401811
Build next level time: 0.085715
Iteration time: 0.85825
Memory used: 2949.12
e_xx: 1.69472e+08, a2_x: 6.00468e+10, currMod: 0.979545
e_xx: 1.69763e+08, a2_x: 1.37483e+10, currMod: 0.981228
e_xx: 1.69758e+08, a2_x: 3.93473e+10, currMod: 0.981199
currMod: 0.981228, prevMod: 0.97956
Louvain time: 0.197786
numClusters: 22708, time: 0.003538
Next phase: 5
Memory used: 2949.12
End Structure 105989 22708 vs 234686
Build next level time: 0.03682
Iteration time: 0.238705
Memory used: 2949.12
e_xx: 1.69763e+08, a2_x: 1.40726e+10, currMod: 0.981227
e_xx: 1.69794e+08, a2_x: 3.21687e+10, currMod: 0.981407
e_xx: 1.69796e+08, a2_x: 5.01712e+10, currMod: 0.981418
e_xx: 1.69797e+08, a2_x: 2.95717e+10, currMod: 0.981422
e_xx: 1.698e+08, a2_x: 4.78018e+10, currMod: 0.981441
e_xx: 1.698e+08, a2_x: 2.96346e+10, currMod: 0.981442
currMod: 0.981441, prevMod: 0.981228
Louvain time: 0.229637
numClusters: 21945, time: 0.003189
Next phase: 6
Memory used: 2949.12
End Structure 56111 21945 vs 134167
Build next level time: 0.02229
Iteration time: 0.255699
Memory used: 2949.12
e_xx: 1.698e+08, a2_x: 4.73919e+10, currMod: 0.981441
e_xx: 1.69801e+08, a2_x: 3.89584e+10, currMod: 0.981444
e_xx: 1.69801e+08, a2_x: 3.46005e+10, currMod: 0.981444
currMod: 0.981444, prevMod: 0.981441
Louvain time: 0.064599
numClusters: 21907, time: 0.003066
Next phase: 7
Memory used: 2949.12
End Structure 53711 21907 vs 129329
Build next level time: 0.017717
Iteration time: 0.085963
Memory used: 2949.12
e_xx: 1.69801e+08, a2_x: 3.91311e+10, currMod: 0.981444
e_xx: 1.69801e+08, a2_x: 3.92533e+10, currMod: 0.981444
currMod: 0.981444, prevMod: 0.981444
Louvain time: 0.042149
numClusters: 21907, time: 0.003061
Maximum degree for the graph: 403
Iteration: 0, conflicts: 0
Total number of colors used: 159
Total number of conflicts overall: 0
Number of rounds: 1
SUCCESS: No conflicts found
Number of reordered colors: 157
End position for large colors: 0, node count: 21527, largest: 21527
Node count cutoff: 4382
e_xx: 1.69801e+08, a2_x: 3.92533e+10, currMod: 0.981444
End Structure 53692 21906 vs 129290
currMod: 0.981444, prevMod: 0.981444
numClusters: 21906
Total iteration time: 25.0829

Loop 0 <line-37> - Time 0.000713 Total energy consumed 0.000000 Ave. Power Level 0.000000
	-------- Loop 0 (sock 1 consumed 0.000000, avg temp 44.500000, final temp 45 ) ------
	-------- Loop 0 (sock 2 consumed 0.000000, avg temp 38.000000, final temp 38 ) ------
Loop 1 <line-54> - Time 0.000378 Total energy consumed 0.000000 Ave. Power Level 0.000000
	-------- Loop 1 (sock 1 consumed 0.000000, avg temp 44.500000, final temp 45 ) ------
	-------- Loop 1 (sock 2 consumed 0.000000, avg temp 38.000000, final temp 38 ) ------
Loop 2 <line-76> - Time 0.000854 Total energy consumed 0.056535 Ave. Power Level 66.166144
	-------- Loop 2 (sock 1 consumed 0.023160, avg temp 44.500000, final temp 45 ) ------
	-------- Loop 2 (sock 2 consumed 0.033375, avg temp 38.000000, final temp 38 ) ------
Loop 3 <line-170> - Time 0.776335 Total energy consumed 42.214965 Ave. Power Level 54.377267
	-------- Loop 3 (sock 1 consumed 18.212310, avg temp 44.142857, final temp 45 ) ------
	-------- Loop 3 (sock 2 consumed 24.002655, avg temp 38.000000, final temp 38 ) ------
Loop 4 <line-192> - Time 0.000210 Total energy consumed 0.000000 Ave. Power Level 0.000000
	-------- Loop 4 (sock 1 consumed 0.000000, avg temp 44.500000, final temp 45 ) ------
	-------- Loop 4 (sock 2 consumed 0.000000, avg temp 38.000000, final temp 38 ) ------
Loop 5 <line-222> - Time 0.291516 Total energy consumed 15.827700 Ave. Power Level 54.294391
	-------- Loop 5 (sock 1 consumed 6.916110, avg temp 44.000000, final temp 45 ) ------
	-------- Loop 5 (sock 2 consumed 8.911590, avg temp 37.500000, final temp 38 ) ------
Loop 6 <line-116> - Time 0.003791 Total energy consumed 0.071160 Ave. Power Level 18.769669
	-------- Loop 6 (sock 1 consumed 0.041700, avg temp 43.857143, final temp 44 ) ------
	-------- Loop 6 (sock 2 consumed 0.029460, avg temp 37.857143, final temp 38 ) ------
Loop 7 <line-334> - Time 0.645016 Total energy consumed 32.710860 Ave. Power Level 50.713221
	-------- Loop 7 (sock 1 consumed 13.792995, avg temp 44.250000, final temp 45 ) ------
	-------- Loop 7 (sock 2 consumed 18.917865, avg temp 38.000000, final temp 38 ) ------
Loop 8 <line-353> - Time 0.000476 Total energy consumed 0.000000 Ave. Power Level 0.000000
	-------- Loop 8 (sock 1 consumed 0.000000, avg temp 44.250000, final temp 45 ) ------
	-------- Loop 8 (sock 2 consumed 0.000000, avg temp 38.000000, final temp 38 ) ------
Loop 9 <line-375> - Time 0.000874 Total energy consumed 0.120900 Ave. Power Level 138.394283
	-------- Loop 9 (sock 1 consumed 0.053340, avg temp 44.250000, final temp 45 ) ------
	-------- Loop 9 (sock 2 consumed 0.067560, avg temp 38.000000, final temp 38 ) ------
Loop 10 <line-85> - Time 0.158590 Total energy consumed 10.705080 Ave. Power Level 67.501579
	-------- Loop 10 (sock 1 consumed 5.277195, avg temp 44.250000, final temp 45 ) ------
	-------- Loop 10 (sock 2 consumed 5.427885, avg temp 38.000000, final temp 38 ) ------
Loop 11 <line-131> - Time 0.006312 Total energy consumed 0.348390 Ave. Power Level 55.197254
	-------- Loop 11 (sock 1 consumed 0.170940, avg temp 45.000000, final temp 45 ) ------
	-------- Loop 11 (sock 2 consumed 0.177450, avg temp 38.000000, final temp 38 ) ------
Loop 12 <line-167> - Time 0.189052 Total energy consumed 12.706050 Ave. Power Level 67.209319
	-------- Loop 12 (sock 1 consumed 6.231690, avg temp 45.000000, final temp 45 ) ------
	-------- Loop 12 (sock 2 consumed 6.474360, avg temp 38.000000, final temp 38 ) ------
Loop 13 <line-213> - Time 10.170802 Total energy consumed 702.340950 Ave. Power Level 69.054630
	-------- Loop 13 (sock 1 consumed 345.448620, avg temp 45.500000, final temp 45 ) ------
	-------- Loop 13 (sock 2 consumed 356.892330, avg temp 38.333333, final temp 37 ) ------
Loop 14 <line-99> - Time 5.325198 Total energy consumed 280.795500 Ave. Power Level 52.729590
	-------- Loop 14 (sock 1 consumed 129.369210, avg temp 44.571429, final temp 45 ) ------
	-------- Loop 14 (sock 2 consumed 151.426290, avg temp 37.857143, final temp 38 ) ------
Loop 15 <line-160> - Time 0.135545 Total energy consumed 7.634295 Ave. Power Level 56.322823
	-------- Loop 15 (sock 1 consumed 3.493290, avg temp 44.000000, final temp 45 ) ------
	-------- Loop 15 (sock 2 consumed 4.141005, avg temp 37.857143, final temp 38 ) ------
Loop 16 <line-269> - Time 3.556070 Total energy consumed 179.116455 Ave. Power Level 50.369209
	-------- Loop 16 (sock 1 consumed 91.130940, avg temp 44.653846, final temp 46 ) ------
	-------- Loop 16 (sock 2 consumed 87.985515, avg temp 37.884615, final temp 38 ) ------
Loop 17 <line-300> - Time 0.002299 Total energy consumed 0.046890 Ave. Power Level 20.394440
	-------- Loop 17 (sock 1 consumed 0.025530, avg temp 44.650000, final temp 44 ) ------
	-------- Loop 17 (sock 2 consumed 0.021360, avg temp 37.850000, final temp 38 ) ------
Loop 18 <line-148> - Time 0.000530 Total energy consumed 0.000000 Ave. Power Level 0.000000
	-------- Loop 18 (sock 1 consumed 0.000000, avg temp 45.000000, final temp 45 ) ------
	-------- Loop 18 (sock 2 consumed 0.000000, avg temp 38.000000, final temp 38 ) ------
Application(EnergyStat) - Time 37.530868 Total energy consumed 2080.676850 Ave. Power Level 55.439081 Final Temperature socket 1 : 45  socket 2 : 38 
	 ParallelApplication(EnergyStat) - Time 21.264561 Total energy consumed 1284.695730 Ave. Power Level 60.414871
