Memory used: 1.32031
Loading 32-bit binary file: pnnl.bin, numvertices: 2361670, numEdges: 191402826
File read time: 1.70229
Before allocating graph
Allocated graph: 0xbf9570
Processing edges for vertex: 0, range(0, 166)
Processing edges for vertex: 100000, range(58444108, 58444133)
Processing edges for vertex: 200000, range(84376057, 84376362)
Processing edges for vertex: 300000, range(106069163, 106069503)
Processing edges for vertex: 400000, range(122097114, 122097513)
Processing edges for vertex: 500000, range(135096418, 135096483)
Processing edges for vertex: 600000, range(146097008, 146097061)
Processing edges for vertex: 700000, range(155415410, 155415531)
Processing edges for vertex: 800000, range(162595900, 162595989)
Processing edges for vertex: 900000, range(168508374, 168508464)
Processing edges for vertex: 1000000, range(173203321, 173203442)
Processing edges for vertex: 1100000, range(176935100, 176935110)
Processing edges for vertex: 1200000, range(179876260, 179876270)
Processing edges for vertex: 1300000, range(182240081, 182240092)
Processing edges for vertex: 1400000, range(184224513, 184224521)
Processing edges for vertex: 1500000, range(185795161, 185795170)
Processing edges for vertex: 1600000, range(187104124, 187104130)
Processing edges for vertex: 1700000, range(188148455, 188148461)
Processing edges for vertex: 1800000, range(188997836, 188997842)
Processing edges for vertex: 1900000, range(189691532, 189691535)
Processing edges for vertex: 2000000, range(190254658, 190254660)
Processing edges for vertex: 2100000, range(190705814, 190705822)
Processing edges for vertex: 2200000, range(191052755, 191052764)
Processing edges for vertex: 2300000, range(191302662, 191302663)
Graph populate time: 8.29092
Total I/O time: 9.99326

Regional(EnergyStat) - Time 9.997789 Total energy consumed 513.707250 Ave. Power Level 51.382085 
Running on: 4 threads
Loaded graph from file: pnnl.bin
Memory used: 2949.12
Maximum degree for the graph: 5520
Iteration: 0, conflicts: 3
Iteration: 1, conflicts: 0
Total number of colors used: 1183
Total number of conflicts overall: 0
Number of rounds: 2
SUCCESS: No conflicts found
Coloring time: 1.39942
Memory used: 2949.12
Number of reordered colors: 1013
End position for large colors: 0, node count: 551362, largest: 551362
Node count cutoff: 472334
e_xx: 1.28375e+08, a2_x: 7.0514e+11, currMod: 0.670689
e_xx: 1.68436e+08, a2_x: 5.70595e+11, currMod: 0.879993
e_xx: 1.74405e+08, a2_x: 5.05835e+11, currMod: 0.911179
e_xx: 1.76772e+08, a2_x: 5.18108e+11, currMod: 0.923545
e_xx: 1.77735e+08, a2_x: 5.07412e+11, currMod: 0.928578
currMod: 0.923545, prevMod: -1
Louvain time: 19.8457
numClusters: 203287, time: 0.113609
Next phase: 2
Memory used: 2949.12
End Structure 1293271 203287 vs 2787994
Build next level time: 5.76312
Iteration time: 25.7273
Memory used: 2949.12
e_xx: 1.54954e+08, a2_x: 5.05294e+11, currMod: 0.918969
e_xx: 1.61935e+08, a2_x: 3.61779e+11, currMod: 0.96038
e_xx: 1.63408e+08, a2_x: 3.0921e+11, currMod: 0.969118
e_xx: 1.63851e+08, a2_x: 2.6483e+11, currMod: 0.971748
e_xx: 1.63966e+08, a2_x: 2.80528e+11, currMod: 0.972425
e_xx: 1.64077e+08, a2_x: 2.84253e+11, currMod: 0.973088
e_xx: 1.64116e+08, a2_x: 2.87527e+11, currMod: 0.973316
e_xx: 1.64185e+08, a2_x: 2.72979e+11, currMod: 0.973725
e_xx: 1.64185e+08, a2_x: 3.00234e+11, currMod: 0.973724
currMod: 0.973725, prevMod: 0.923545
Louvain time: 2.86081
numClusters: 46579, time: 0.015143
Next phase: 3
Memory used: 2949.12
End Structure 414645 46579 vs 875863
Build next level time: 0.207376
Iteration time: 3.08448
Memory used: 2949.12
e_xx: 1.64185e+08, a2_x: 2.74605e+11, currMod: 0.973691
e_xx: 1.65103e+08, a2_x: 9.97344e+10, currMod: 0.979142
e_xx: 1.65259e+08, a2_x: 1.13027e+11, currMod: 0.980066
e_xx: 1.65295e+08, a2_x: 5.86905e+10, currMod: 0.980286
e_xx: 1.65292e+08, a2_x: 5.6585e+10, currMod: 0.980264
currMod: 0.980286, prevMod: 0.973725
Louvain time: 0.596792
numClusters: 24550, time: 0.004732
Next phase: 4
Memory used: 2949.12
End Structure 158785 24550 vs 342120
Build next level time: 0.064495
Iteration time: 0.666802
Memory used: 2949.12
e_xx: 1.65295e+08, a2_x: 5.98555e+10, currMod: 0.980277
e_xx: 1.65373e+08, a2_x: -4.26773e+09, currMod: 0.980739
e_xx: 1.65378e+08, a2_x: 2.59657e+10, currMod: 0.980771
e_xx: 1.65379e+08, a2_x: -9.98308e+09, currMod: 0.980775
e_xx: 1.6538e+08, a2_x: 1.29609e+10, currMod: 0.980779
e_xx: 1.6538e+08, a2_x: -5.64266e+09, currMod: 0.980778
currMod: 0.980779, prevMod: 0.980286
Louvain time: 0.319118
numClusters: 22170, time: 0.003139
Next phase: 5
Memory used: 2949.12
End Structure 89137 22170 vs 200444
Build next level time: 0.034204
Iteration time: 0.357243
Memory used: 2949.12
e_xx: 1.6538e+08, a2_x: 1.04323e+10, currMod: 0.980778
e_xx: 1.65382e+08, a2_x: 3.69397e+09, currMod: 0.98079
e_xx: 1.65382e+08, a2_x: 9.24837e+09, currMod: 0.98079
currMod: 0.98079, prevMod: 0.980779
Louvain time: 0.094167
numClusters: 22049, time: 0.002868
Next phase: 6
Memory used: 2949.12
End Structure 82315 22049 vs 186679
Build next level time: 0.027092
Iteration time: 0.124889
Memory used: 2949.12
e_xx: 1.65382e+08, a2_x: 4.37983e+09, currMod: 0.98079
e_xx: 1.65382e+08, a2_x: 3.597e+09, currMod: 0.98079
currMod: 0.98079, prevMod: 0.98079
Louvain time: 0.058974
numClusters: 22049, time: 0.002849
Maximum degree for the graph: 538
Iteration: 0, conflicts: 0
Total number of colors used: 172
Total number of conflicts overall: 0
Number of rounds: 1
SUCCESS: No conflicts found
Number of reordered colors: 171
End position for large colors: 0, node count: 21587, largest: 21587
Node count cutoff: 4410
e_xx: 1.65504e+08, a2_x: -2.15523e+09, currMod: 0.981513
e_xx: 1.6637e+08, a2_x: -9.48187e+09, currMod: 0.986651
e_xx: 1.66368e+08, a2_x: -2.10497e+09, currMod: 0.98664
End Structure 3815 21670 vs 29300
currMod: 0.986651, prevMod: 0.98079
numClusters: 21670
Total iteration time: 29.9607

Loop 0 <line-37> - Time 0.000849 Total energy consumed 0.051855 Ave. Power Level 61.068388
	-------- Loop 0 (sock 1 consumed 0.020730, avg temp 45.000000, final temp 46 ) ------
	-------- Loop 0 (sock 2 consumed 0.031125, avg temp 38.000000, final temp 38 ) ------
Loop 1 <line-54> - Time 0.000423 Total energy consumed 0.051510 Ave. Power Level 121.761823
	-------- Loop 1 (sock 1 consumed 0.020490, avg temp 45.500000, final temp 46 ) ------
	-------- Loop 1 (sock 2 consumed 0.031020, avg temp 37.500000, final temp 38 ) ------
Loop 2 <line-76> - Time 0.001155 Total energy consumed 0.090615 Ave. Power Level 78.480978
	-------- Loop 2 (sock 1 consumed 0.056685, avg temp 45.000000, final temp 46 ) ------
	-------- Loop 2 (sock 2 consumed 0.033930, avg temp 38.000000, final temp 38 ) ------
Loop 3 <line-170> - Time 0.952580 Total energy consumed 52.686300 Ave. Power Level 55.309046
	-------- Loop 3 (sock 1 consumed 22.350360, avg temp 44.000000, final temp 46 ) ------
	-------- Loop 3 (sock 2 consumed 30.335940, avg temp 38.666667, final temp 38 ) ------
Loop 4 <line-192> - Time 0.000213 Total energy consumed 0.000000 Ave. Power Level 0.000000
	-------- Loop 4 (sock 1 consumed 0.000000, avg temp 44.500000, final temp 46 ) ------
	-------- Loop 4 (sock 2 consumed 0.000000, avg temp 38.500000, final temp 38 ) ------
Loop 5 <line-222> - Time 0.354546 Total energy consumed 19.522770 Ave. Power Level 55.064082
	-------- Loop 5 (sock 1 consumed 10.739610, avg temp 45.500000, final temp 46 ) ------
	-------- Loop 5 (sock 2 consumed 8.783160, avg temp 38.000000, final temp 38 ) ------
Loop 6 <line-116> - Time 0.004357 Total energy consumed 0.207780 Ave. Power Level 47.686730
	-------- Loop 6 (sock 1 consumed 0.086610, avg temp 45.000000, final temp 45 ) ------
	-------- Loop 6 (sock 2 consumed 0.121170, avg temp 38.333333, final temp 38 ) ------
Loop 7 <line-334> - Time 0.723497 Total energy consumed 37.630440 Ave. Power Level 52.011897
	-------- Loop 7 (sock 1 consumed 15.616560, avg temp 45.285714, final temp 47 ) ------
	-------- Loop 7 (sock 2 consumed 22.013880, avg temp 38.000000, final temp 38 ) ------
Loop 8 <line-353> - Time 0.000471 Total energy consumed 0.061080 Ave. Power Level 129.626761
	-------- Loop 8 (sock 1 consumed 0.000000, avg temp 45.285714, final temp 47 ) ------
	-------- Loop 8 (sock 2 consumed 0.061080, avg temp 38.000000, final temp 38 ) ------
Loop 9 <line-375> - Time 0.001087 Total energy consumed 0.000000 Ave. Power Level 0.000000
	-------- Loop 9 (sock 1 consumed 0.000000, avg temp 45.000000, final temp 47 ) ------
	-------- Loop 9 (sock 2 consumed 0.000000, avg temp 38.000000, final temp 38 ) ------
Loop 10 <line-85> - Time 0.105935 Total energy consumed 7.023555 Ave. Power Level 66.300447
	-------- Loop 10 (sock 1 consumed 3.449565, avg temp 45.250000, final temp 46 ) ------
	-------- Loop 10 (sock 2 consumed 3.573990, avg temp 38.000000, final temp 38 ) ------
Loop 11 <line-131> - Time 0.008589 Total energy consumed 0.538695 Ave. Power Level 62.720476
	-------- Loop 11 (sock 1 consumed 0.263415, avg temp 45.500000, final temp 47 ) ------
	-------- Loop 11 (sock 2 consumed 0.275280, avg temp 38.000000, final temp 38 ) ------
Loop 12 <line-167> - Time 0.101339 Total energy consumed 6.649560 Ave. Power Level 65.617277
	-------- Loop 12 (sock 1 consumed 3.251295, avg temp 46.000000, final temp 47 ) ------
	-------- Loop 12 (sock 2 consumed 3.398265, avg temp 38.500000, final temp 39 ) ------
Loop 13 <line-213> - Time 13.934719 Total energy consumed 934.629045 Ave. Power Level 67.071967
	-------- Loop 13 (sock 1 consumed 457.232550, avg temp 46.250000, final temp 48 ) ------
	-------- Loop 13 (sock 2 consumed 477.396495, avg temp 38.375000, final temp 39 ) ------
Loop 14 <line-99> - Time 5.714265 Total energy consumed 305.121660 Ave. Power Level 53.396483
	-------- Loop 14 (sock 1 consumed 133.785165, avg temp 45.000000, final temp 47 ) ------
	-------- Loop 14 (sock 2 consumed 171.336495, avg temp 38.333333, final temp 38 ) ------
Loop 15 <line-160> - Time 0.139688 Total energy consumed 7.838520 Ave. Power Level 56.114622
	-------- Loop 15 (sock 1 consumed 3.668355, avg temp 45.000000, final temp 46 ) ------
	-------- Loop 15 (sock 2 consumed 4.170165, avg temp 38.500000, final temp 38 ) ------
Loop 16 <line-269> - Time 3.905813 Total energy consumed 203.762490 Ave. Power Level 52.169036
	-------- Loop 16 (sock 1 consumed 105.379485, avg temp 45.840000, final temp 45 ) ------
	-------- Loop 16 (sock 2 consumed 98.383005, avg temp 38.240000, final temp 38 ) ------
Loop 17 <line-300> - Time 0.003678 Total energy consumed 0.253545 Ave. Power Level 68.928142
	-------- Loop 17 (sock 1 consumed 0.125025, avg temp 45.750000, final temp 47 ) ------
	-------- Loop 17 (sock 2 consumed 0.128520, avg temp 38.250000, final temp 38 ) ------
Loop 18 <line-148> - Time 0.000722 Total energy consumed 0.058440 Ave. Power Level 80.951022
	-------- Loop 18 (sock 1 consumed 0.028050, avg temp 46.000000, final temp 46 ) ------
	-------- Loop 18 (sock 2 consumed 0.030390, avg temp 38.000000, final temp 38 ) ------
Application(EnergyStat) - Time 41.467965 Total energy consumed 2381.327370 Ave. Power Level 57.425711 Final Temperature socket 1 : 47  socket 2 : 38 
	 ParallelApplication(EnergyStat) - Time 25.953927 Total energy consumed 1576.177860 Ave. Power Level 60.729841
Memory used: 1.32031
Loading 32-bit binary file: pnnl.bin, numvertices: 2361670, numEdges: 191402826
File read time: 1.7806
Before allocating graph
Allocated graph: 0x1033570
Processing edges for vertex: 0, range(0, 166)
Processing edges for vertex: 100000, range(58444108, 58444133)
Processing edges for vertex: 200000, range(84376057, 84376362)
Processing edges for vertex: 300000, range(106069163, 106069503)
Processing edges for vertex: 400000, range(122097114, 122097513)
Processing edges for vertex: 500000, range(135096418, 135096483)
Processing edges for vertex: 600000, range(146097008, 146097061)
Processing edges for vertex: 700000, range(155415410, 155415531)
Processing edges for vertex: 800000, range(162595900, 162595989)
Processing edges for vertex: 900000, range(168508374, 168508464)
Processing edges for vertex: 1000000, range(173203321, 173203442)
Processing edges for vertex: 1100000, range(176935100, 176935110)
Processing edges for vertex: 1200000, range(179876260, 179876270)
Processing edges for vertex: 1300000, range(182240081, 182240092)
Processing edges for vertex: 1400000, range(184224513, 184224521)
Processing edges for vertex: 1500000, range(185795161, 185795170)
Processing edges for vertex: 1600000, range(187104124, 187104130)
Processing edges for vertex: 1700000, range(188148455, 188148461)
Processing edges for vertex: 1800000, range(188997836, 188997842)
Processing edges for vertex: 1900000, range(189691532, 189691535)
Processing edges for vertex: 2000000, range(190254658, 190254660)
Processing edges for vertex: 2100000, range(190705814, 190705822)
Processing edges for vertex: 2200000, range(191052755, 191052764)
Processing edges for vertex: 2300000, range(191302662, 191302663)
Graph populate time: 8.37707
Total I/O time: 10.1577

Regional(EnergyStat) - Time 10.161900 Total energy consumed 522.415905 Ave. Power Level 51.409277 
Running on: 4 threads
Loaded graph from file: pnnl.bin
Memory used: 2949.12
Maximum degree for the graph: 5520
Iteration: 0, conflicts: 3
Iteration: 1, conflicts: 0
Total number of colors used: 1182
Total number of conflicts overall: 0
Number of rounds: 2
SUCCESS: No conflicts found
Coloring time: 1.41868
Memory used: 2949.12
Number of reordered colors: 996
End position for large colors: 0, node count: 551358, largest: 551358
Node count cutoff: 472334
e_xx: 1.28308e+08, a2_x: 6.37205e+11, currMod: 0.670339
e_xx: 1.6803e+08, a2_x: 5.28782e+11, currMod: 0.877872
e_xx: 1.7406e+08, a2_x: 5.34502e+11, currMod: 0.909375
e_xx: 1.76475e+08, a2_x: 4.89167e+11, currMod: 0.921994
e_xx: 1.77564e+08, a2_x: 5.00409e+11, currMod: 0.927686
currMod: 0.921994, prevMod: -1
Louvain time: 19.8965
numClusters: 203053, time: 0.114152
Next phase: 2
Memory used: 2949.12
End Structure 1283932 203053 vs 2769042
Build next level time: 6.50421
Iteration time: 26.5188
Memory used: 2949.12
e_xx: 1.57016e+08, a2_x: 4.99159e+11, currMod: 0.919029
e_xx: 1.64277e+08, a2_x: 3.53046e+11, currMod: 0.961533
e_xx: 1.65709e+08, a2_x: 2.91486e+11, currMod: 0.969915
e_xx: 1.6603e+08, a2_x: 2.65152e+11, currMod: 0.971795
e_xx: 1.66136e+08, a2_x: 2.8631e+11, currMod: 0.972415
e_xx: 1.66234e+08, a2_x: 2.50754e+11, currMod: 0.972992
e_xx: 1.66221e+08, a2_x: 2.66884e+11, currMod: 0.972916
currMod: 0.972992, prevMod: 0.921994
Louvain time: 2.38499
numClusters: 54373, time: 0.016577
Next phase: 3
Memory used: 2949.12
End Structure 564522 54373 vs 1183400
Build next level time: 0.252742
Iteration time: 2.6553
Memory used: 2949.12
e_xx: 1.66234e+08, a2_x: 2.53827e+11, currMod: 0.972963
e_xx: 1.671e+08, a2_x: 7.82606e+10, currMod: 0.978039
e_xx: 1.67251e+08, a2_x: 7.23761e+10, currMod: 0.978923
e_xx: 1.67301e+08, a2_x: 5.86209e+10, currMod: 0.979218
e_xx: 1.67289e+08, a2_x: 5.02768e+10, currMod: 0.979146
currMod: 0.979218, prevMod: 0.972992
Louvain time: 0.775009
numClusters: 25600, time: 0.005225
Next phase: 4
Memory used: 2949.12
End Structure 185602 25600 vs 396804
Build next level time: 0.078016
Iteration time: 0.859058
Memory used: 2949.12
e_xx: 1.67301e+08, a2_x: 5.7794e+10, currMod: 0.979204
e_xx: 1.67452e+08, a2_x: 6.28117e+09, currMod: 0.980089
e_xx: 1.67455e+08, a2_x: 1.25541e+10, currMod: 0.980104
e_xx: 1.67457e+08, a2_x: 8.40419e+07, currMod: 0.980119
e_xx: 1.67456e+08, a2_x: 7.17991e+09, currMod: 0.98011
currMod: 0.980119, prevMod: 0.979218
Louvain time: 0.305404
numClusters: 22213, time: 0.003232
Next phase: 5
Memory used: 2949.12
End Structure 97426 22213 vs 217065
Build next level time: 0.036508
Iteration time: 0.34591
Memory used: 2949.12
e_xx: 1.67457e+08, a2_x: -1.49731e+09, currMod: 0.980117
e_xx: 1.6746e+08, a2_x: -1.06119e+10, currMod: 0.980135
e_xx: 1.6746e+08, a2_x: -2.2792e+10, currMod: 0.980136
e_xx: 1.67463e+08, a2_x: -1.2231e+10, currMod: 0.98015
e_xx: 1.67464e+08, a2_x: -1.10352e+10, currMod: 0.980159
e_xx: 1.67463e+08, a2_x: -1.66413e+10, currMod: 0.980152
currMod: 0.980159, prevMod: 0.980119
Louvain time: 0.206585
numClusters: 21992, time: 0.002851
Next phase: 6
Memory used: 2949.12
End Structure 72258 21992 vs 166508
Build next level time: 0.021743
Iteration time: 0.231931
Memory used: 2949.12
e_xx: 1.67464e+08, a2_x: -1.07232e+10, currMod: 0.980159
e_xx: 1.67465e+08, a2_x: -8.38937e+09, currMod: 0.98016
currMod: 0.980159, prevMod: 0.980159
Louvain time: 0.053353
numClusters: 21992, time: 0.002848
Maximum degree for the graph: 470
Iteration: 0, conflicts: 0
Total number of colors used: 178
Total number of conflicts overall: 0
Number of rounds: 1
SUCCESS: No conflicts found
Number of reordered colors: 177
End position for large colors: 0, node count: 21569, largest: 21569
Node count cutoff: 4399
e_xx: 1.67509e+08, a2_x: -1.41503e+10, currMod: 0.980422
e_xx: 1.68094e+08, a2_x: 2.59318e+09, currMod: 0.983844
e_xx: 1.68085e+08, a2_x: -7.44087e+09, currMod: 0.98379
End Structure 6564 21683 vs 34811
currMod: 0.983844, prevMod: 0.980159
numClusters: 21683
Total iteration time: 30.611

Loop 0 <line-37> - Time 0.000843 Total energy consumed 0.077490 Ave. Power Level 91.889552
	-------- Loop 0 (sock 1 consumed 0.046770, avg temp 44.500000, final temp 45 ) ------
	-------- Loop 0 (sock 2 consumed 0.030720, avg temp 38.500000, final temp 38 ) ------
Loop 1 <line-54> - Time 0.000445 Total energy consumed 0.000000 Ave. Power Level 0.000000
	-------- Loop 1 (sock 1 consumed 0.000000, avg temp 44.500000, final temp 45 ) ------
	-------- Loop 1 (sock 2 consumed 0.000000, avg temp 38.000000, final temp 38 ) ------
Loop 2 <line-76> - Time 0.001154 Total energy consumed 0.092505 Ave. Power Level 80.127747
	-------- Loop 2 (sock 1 consumed 0.025350, avg temp 44.500000, final temp 45 ) ------
	-------- Loop 2 (sock 2 consumed 0.067155, avg temp 38.000000, final temp 38 ) ------
Loop 3 <line-170> - Time 0.957972 Total energy consumed 52.863465 Ave. Power Level 55.182690
	-------- Loop 3 (sock 1 consumed 22.433055, avg temp 44.333333, final temp 45 ) ------
	-------- Loop 3 (sock 2 consumed 30.430410, avg temp 38.666667, final temp 38 ) ------
Loop 4 <line-192> - Time 0.000215 Total energy consumed 0.051405 Ave. Power Level 238.590319
	-------- Loop 4 (sock 1 consumed 0.020850, avg temp 45.000000, final temp 45 ) ------
	-------- Loop 4 (sock 2 consumed 0.030555, avg temp 38.500000, final temp 38 ) ------
Loop 5 <line-222> - Time 0.365883 Total energy consumed 20.185005 Ave. Power Level 55.167890
	-------- Loop 5 (sock 1 consumed 8.724330, avg temp 45.000000, final temp 46 ) ------
	-------- Loop 5 (sock 2 consumed 11.460675, avg temp 38.000000, final temp 38 ) ------
Loop 6 <line-116> - Time 0.004314 Total energy consumed 0.155445 Ave. Power Level 36.032868
	-------- Loop 6 (sock 1 consumed 0.088500, avg temp 44.666667, final temp 45 ) ------
	-------- Loop 6 (sock 2 consumed 0.066945, avg temp 38.166667, final temp 38 ) ------
Loop 7 <line-334> - Time 0.723632 Total energy consumed 37.784385 Ave. Power Level 52.214938
	-------- Loop 7 (sock 1 consumed 15.671025, avg temp 45.142857, final temp 46 ) ------
	-------- Loop 7 (sock 2 consumed 22.113360, avg temp 38.428571, final temp 38 ) ------
Loop 8 <line-353> - Time 0.000485 Total energy consumed 0.000000 Ave. Power Level 0.000000
	-------- Loop 8 (sock 1 consumed 0.000000, avg temp 45.142857, final temp 46 ) ------
	-------- Loop 8 (sock 2 consumed 0.000000, avg temp 38.428571, final temp 38 ) ------
Loop 9 <line-375> - Time 0.001020 Total energy consumed 0.071460 Ave. Power Level 70.082253
	-------- Loop 9 (sock 1 consumed 0.032235, avg temp 45.142857, final temp 46 ) ------
	-------- Loop 9 (sock 2 consumed 0.039225, avg temp 38.428571, final temp 38 ) ------
Loop 10 <line-85> - Time 0.099294 Total energy consumed 6.488265 Ave. Power Level 65.344196
	-------- Loop 10 (sock 1 consumed 3.157860, avg temp 44.750000, final temp 46 ) ------
	-------- Loop 10 (sock 2 consumed 3.330405, avg temp 38.500000, final temp 38 ) ------
Loop 11 <line-131> - Time 0.008396 Total energy consumed 0.538170 Ave. Power Level 64.096556
	-------- Loop 11 (sock 1 consumed 0.264105, avg temp 45.000000, final temp 46 ) ------
	-------- Loop 11 (sock 2 consumed 0.274065, avg temp 38.500000, final temp 38 ) ------
Loop 12 <line-167> - Time 0.101192 Total energy consumed 6.734295 Ave. Power Level 66.549451
	-------- Loop 12 (sock 1 consumed 3.307140, avg temp 45.000000, final temp 46 ) ------
	-------- Loop 12 (sock 2 consumed 3.427155, avg temp 38.500000, final temp 38 ) ------
Loop 13 <line-213> - Time 13.947573 Total energy consumed 926.430195 Ave. Power Level 66.422323
	-------- Loop 13 (sock 1 consumed 449.271735, avg temp 46.625000, final temp 46 ) ------
	-------- Loop 13 (sock 2 consumed 477.158460, avg temp 38.750000, final temp 38 ) ------
Loop 14 <line-99> - Time 6.494684 Total energy consumed 349.766685 Ave. Power Level 53.854308
	-------- Loop 14 (sock 1 consumed 163.703280, avg temp 44.833333, final temp 46 ) ------
	-------- Loop 14 (sock 2 consumed 186.063405, avg temp 38.166667, final temp 38 ) ------
Loop 15 <line-160> - Time 0.142118 Total energy consumed 8.109120 Ave. Power Level 57.058907
	-------- Loop 15 (sock 1 consumed 4.249425, avg temp 45.166667, final temp 46 ) ------
	-------- Loop 15 (sock 2 consumed 3.859695, avg temp 38.000000, final temp 38 ) ------
Loop 16 <line-269> - Time 3.700801 Total energy consumed 193.008315 Ave. Power Level 52.153121
	-------- Loop 16 (sock 1 consumed 100.294965, avg temp 45.360000, final temp 45 ) ------
	-------- Loop 16 (sock 2 consumed 92.713350, avg temp 38.280000, final temp 38 ) ------
Loop 17 <line-300> - Time 0.002867 Total energy consumed 0.000000 Ave. Power Level 0.000000
	-------- Loop 17 (sock 1 consumed 0.000000, avg temp 45.400000, final temp 45 ) ------
	-------- Loop 17 (sock 2 consumed 0.000000, avg temp 38.300000, final temp 38 ) ------
Loop 18 <line-148> - Time 0.000718 Total energy consumed 0.056085 Ave. Power Level 78.141327
	-------- Loop 18 (sock 1 consumed 0.030900, avg temp 45.000000, final temp 45 ) ------
	-------- Loop 18 (sock 2 consumed 0.025185, avg temp 38.000000, final temp 38 ) ------
Application(EnergyStat) - Time 42.292483 Total energy consumed 2416.082970 Ave. Power Level 57.127953 Final Temperature socket 1 : 46  socket 2 : 38 
	 ParallelApplication(EnergyStat) - Time 26.553607 Total energy consumed 1602.412290 Ave. Power Level 60.346314
Memory used: 1.32031
Loading 32-bit binary file: pnnl.bin, numvertices: 2361670, numEdges: 191402826
File read time: 1.75413
Before allocating graph
Allocated graph: 0x1329570
Processing edges for vertex: 0, range(0, 166)
Processing edges for vertex: 100000, range(58444108, 58444133)
Processing edges for vertex: 200000, range(84376057, 84376362)
Processing edges for vertex: 300000, range(106069163, 106069503)
Processing edges for vertex: 400000, range(122097114, 122097513)
Processing edges for vertex: 500000, range(135096418, 135096483)
Processing edges for vertex: 600000, range(146097008, 146097061)
Processing edges for vertex: 700000, range(155415410, 155415531)
Processing edges for vertex: 800000, range(162595900, 162595989)
Processing edges for vertex: 900000, range(168508374, 168508464)
Processing edges for vertex: 1000000, range(173203321, 173203442)
Processing edges for vertex: 1100000, range(176935100, 176935110)
Processing edges for vertex: 1200000, range(179876260, 179876270)
Processing edges for vertex: 1300000, range(182240081, 182240092)
Processing edges for vertex: 1400000, range(184224513, 184224521)
Processing edges for vertex: 1500000, range(185795161, 185795170)
Processing edges for vertex: 1600000, range(187104124, 187104130)
Processing edges for vertex: 1700000, range(188148455, 188148461)
Processing edges for vertex: 1800000, range(188997836, 188997842)
Processing edges for vertex: 1900000, range(189691532, 189691535)
Processing edges for vertex: 2000000, range(190254658, 190254660)
Processing edges for vertex: 2100000, range(190705814, 190705822)
Processing edges for vertex: 2200000, range(191052755, 191052764)
Processing edges for vertex: 2300000, range(191302662, 191302663)
Graph populate time: 8.45606
Total I/O time: 10.2103

Regional(EnergyStat) - Time 10.213661 Total energy consumed 510.247320 Ave. Power Level 49.957337 
Running on: 4 threads
Loaded graph from file: pnnl.bin
Memory used: 2949.12
Maximum degree for the graph: 5520
Iteration: 0, conflicts: 0
Total number of colors used: 1181
Total number of conflicts overall: 0
Number of rounds: 1
SUCCESS: No conflicts found
Coloring time: 1.37372
Memory used: 2949.12
Number of reordered colors: 1020
End position for large colors: 0, node count: 551366, largest: 551366
Node count cutoff: 472334
e_xx: 1.19518e+08, a2_x: 6.50879e+11, currMod: 0.624416
e_xx: 1.64378e+08, a2_x: 5.95471e+11, currMod: 0.858788
e_xx: 1.72334e+08, a2_x: 5.08978e+11, currMod: 0.900361
e_xx: 1.75156e+08, a2_x: 4.9669e+11, currMod: 0.915103
e_xx: 1.76447e+08, a2_x: 5.18889e+11, currMod: 0.921849
currMod: 0.915103, prevMod: -1
Louvain time: 19.8418
numClusters: 203082, time: 0.100155
Next phase: 2
Memory used: 2949.12
End Structure 1287971 203082 vs 2777169
Build next level time: 5.60602
Iteration time: 25.5535
Memory used: 2949.12
e_xx: 1.58488e+08, a2_x: 5.1782e+11, currMod: 0.913789
e_xx: 1.66862e+08, a2_x: 3.38607e+11, currMod: 0.962076
e_xx: 1.68221e+08, a2_x: 3.04974e+11, currMod: 0.969915
e_xx: 1.68576e+08, a2_x: 2.87855e+11, currMod: 0.97196
e_xx: 1.68685e+08, a2_x: 2.66295e+11, currMod: 0.972589
e_xx: 1.68821e+08, a2_x: 2.6637e+11, currMod: 0.973375
e_xx: 1.68829e+08, a2_x: 2.64373e+11, currMod: 0.973421
e_xx: 1.6891e+08, a2_x: 2.67742e+11, currMod: 0.973884
e_xx: 1.6889e+08, a2_x: 2.63434e+11, currMod: 0.973769
currMod: 0.973884, prevMod: 0.915103
Louvain time: 2.84124
numClusters: 48116, time: 0.01435
Next phase: 3
Memory used: 2949.12
End Structure 438362 48116 vs 924830
Build next level time: 0.21857
Iteration time: 3.07515
Memory used: 2949.12
e_xx: 1.68909e+08, a2_x: 2.68367e+11, currMod: 0.973859
e_xx: 1.69929e+08, a2_x: 7.40328e+10, currMod: 0.979743
e_xx: 1.70011e+08, a2_x: 5.53433e+10, currMod: 0.980216
e_xx: 1.7005e+08, a2_x: 1.08545e+10, currMod: 0.980445
e_xx: 1.70056e+08, a2_x: 3.05229e+10, currMod: 0.98048
e_xx: 1.70068e+08, a2_x: 2.08085e+09, currMod: 0.980546
e_xx: 1.70057e+08, a2_x: 3.0716e+10, currMod: 0.980482
currMod: 0.980546, prevMod: 0.973884
Louvain time: 0.831515
numClusters: 24290, time: 0.004675
Next phase: 4
Memory used: 2949.12
End Structure 154483 24290 vs 333256
Build next level time: 0.062417
Iteration time: 0.899357
Memory used: 2949.12
e_xx: 1.70068e+08, a2_x: 5.31967e+09, currMod: 0.980535
e_xx: 1.70164e+08, a2_x: -1.95059e+10, currMod: 0.981089
e_xx: 1.70168e+08, a2_x: -6.07675e+10, currMod: 0.981115
e_xx: 1.70168e+08, a2_x: -1.92622e+10, currMod: 0.981117
e_xx: 1.70168e+08, a2_x: -3.38195e+10, currMod: 0.981117
currMod: 0.981117, prevMod: 0.980546
Louvain time: 0.254895
numClusters: 22153, time: 0.0031
Next phase: 5
Memory used: 2949.12
End Structure 85486 22153 vs 193125
Build next level time: 0.029359
Iteration time: 0.288098
Memory used: 2949.12
e_xx: 1.70168e+08, a2_x: -1.86135e+10, currMod: 0.981115
e_xx: 1.70171e+08, a2_x: -1.49706e+10, currMod: 0.981132
e_xx: 1.70171e+08, a2_x: -1.3133e+10, currMod: 0.98113
currMod: 0.981132, prevMod: 0.981117
Louvain time: 0.091066
numClusters: 22035, time: 0.00287
Next phase: 6
Memory used: 2949.12
End Structure 78210 22035 vs 178455
Build next level time: 0.022206
Iteration time: 0.116883
Memory used: 2949.12
e_xx: 1.70171e+08, a2_x: -1.53226e+10, currMod: 0.981132
e_xx: 1.70171e+08, a2_x: -1.32185e+10, currMod: 0.981133
currMod: 0.981132, prevMod: 0.981132
Louvain time: 0.056086
numClusters: 22035, time: 0.002846
Maximum degree for the graph: 523
Iteration: 0, conflicts: 0
Total number of colors used: 178
Total number of conflicts overall: 0
Number of rounds: 1
SUCCESS: No conflicts found
Number of reordered colors: 173
End position for large colors: 0, node count: 21580, largest: 21580
Node count cutoff: 4407
e_xx: 1.70208e+08, a2_x: 4.80302e+08, currMod: 0.981344
e_xx: 1.70379e+08, a2_x: 1.8871e+10, currMod: 0.982327
e_xx: 1.70487e+08, a2_x: 1.29926e+10, currMod: 0.982953
e_xx: 1.70484e+08, a2_x: 1.45358e+10, currMod: 0.982936
End Structure 12837 21739 vs 47413
currMod: 0.982953, prevMod: 0.981132
numClusters: 21739
Total iteration time: 29.9329

Loop 0 <line-37> - Time 0.000858 Total energy consumed 0.074880 Ave. Power Level 87.303762
	-------- Loop 0 (sock 1 consumed 0.029565, avg temp 45.000000, final temp 45 ) ------
	-------- Loop 0 (sock 2 consumed 0.045315, avg temp 38.000000, final temp 38 ) ------
Loop 1 <line-54> - Time 0.000531 Total energy consumed 0.051930 Ave. Power Level 97.829773
	-------- Loop 1 (sock 1 consumed 0.029595, avg temp 45.000000, final temp 44 ) ------
	-------- Loop 1 (sock 2 consumed 0.022335, avg temp 38.000000, final temp 39 ) ------
Loop 2 <line-76> - Time 0.001158 Total energy consumed 0.068145 Ave. Power Level 58.848014
	-------- Loop 2 (sock 1 consumed 0.034935, avg temp 44.500000, final temp 44 ) ------
	-------- Loop 2 (sock 2 consumed 0.033210, avg temp 38.500000, final temp 39 ) ------
Loop 3 <line-170> - Time 0.892463 Total energy consumed 49.626195 Ave. Power Level 55.605872
	-------- Loop 3 (sock 1 consumed 27.584805, avg temp 45.000000, final temp 44 ) ------
	-------- Loop 3 (sock 2 consumed 22.041390, avg temp 38.000000, final temp 38 ) ------
Loop 4 <line-192> - Time 0.000232 Total energy consumed 0.000000 Ave. Power Level 0.000000
	-------- Loop 4 (sock 1 consumed 0.000000, avg temp 45.000000, final temp 44 ) ------
	-------- Loop 4 (sock 2 consumed 0.000000, avg temp 38.000000, final temp 38 ) ------
Loop 5 <line-222> - Time 0.387666 Total energy consumed 21.218040 Ave. Power Level 54.732804
	-------- Loop 5 (sock 1 consumed 9.130725, avg temp 44.500000, final temp 44 ) ------
	-------- Loop 5 (sock 2 consumed 12.087315, avg temp 38.000000, final temp 38 ) ------
Loop 6 <line-116> - Time 0.004186 Total energy consumed 0.184710 Ave. Power Level 44.124497
	-------- Loop 6 (sock 1 consumed 0.062550, avg temp 45.000000, final temp 45 ) ------
	-------- Loop 6 (sock 2 consumed 0.122160, avg temp 38.666667, final temp 39 ) ------
Loop 7 <line-334> - Time 0.706791 Total energy consumed 36.735135 Ave. Power Level 51.974559
	-------- Loop 7 (sock 1 consumed 20.669445, avg temp 44.857143, final temp 44 ) ------
	-------- Loop 7 (sock 2 consumed 16.065690, avg temp 38.571429, final temp 38 ) ------
Loop 8 <line-353> - Time 0.000518 Total energy consumed 0.079470 Ave. Power Level 153.282644
	-------- Loop 8 (sock 1 consumed 0.057570, avg temp 44.857143, final temp 44 ) ------
	-------- Loop 8 (sock 2 consumed 0.021900, avg temp 38.571429, final temp 38 ) ------
Loop 9 <line-375> - Time 0.001060 Total energy consumed 0.106050 Ave. Power Level 100.047736
	-------- Loop 9 (sock 1 consumed 0.037725, avg temp 44.857143, final temp 44 ) ------
	-------- Loop 9 (sock 2 consumed 0.068325, avg temp 38.571429, final temp 38 ) ------
Loop 10 <line-85> - Time 0.101278 Total energy consumed 6.672795 Ave. Power Level 65.886142
	-------- Loop 10 (sock 1 consumed 3.307875, avg temp 45.250000, final temp 45 ) ------
	-------- Loop 10 (sock 2 consumed 3.364920, avg temp 38.500000, final temp 39 ) ------
Loop 11 <line-131> - Time 0.008583 Total energy consumed 0.531720 Ave. Power Level 61.947848
	-------- Loop 11 (sock 1 consumed 0.264765, avg temp 45.000000, final temp 45 ) ------
	-------- Loop 11 (sock 2 consumed 0.266955, avg temp 38.500000, final temp 39 ) ------
Loop 12 <line-167> - Time 0.127385 Total energy consumed 8.414910 Ave. Power Level 66.058959
	-------- Loop 12 (sock 1 consumed 4.141365, avg temp 45.000000, final temp 44 ) ------
	-------- Loop 12 (sock 2 consumed 4.273545, avg temp 38.500000, final temp 39 ) ------
Loop 13 <line-213> - Time 14.038301 Total energy consumed 919.567965 Ave. Power Level 65.504220
	-------- Loop 13 (sock 1 consumed 462.445995, avg temp 45.888889, final temp 45 ) ------
	-------- Loop 13 (sock 2 consumed 457.121970, avg temp 39.888889, final temp 39 ) ------
Loop 14 <line-99> - Time 5.575783 Total energy consumed 300.281910 Ave. Power Level 53.854660
	-------- Loop 14 (sock 1 consumed 162.563130, avg temp 45.333333, final temp 45 ) ------
	-------- Loop 14 (sock 2 consumed 137.718780, avg temp 38.500000, final temp 38 ) ------
Loop 15 <line-160> - Time 0.124447 Total energy consumed 7.033515 Ave. Power Level 56.518045
	-------- Loop 15 (sock 1 consumed 3.146385, avg temp 44.833333, final temp 45 ) ------
	-------- Loop 15 (sock 2 consumed 3.887130, avg temp 38.500000, final temp 38 ) ------
Loop 16 <line-269> - Time 4.050584 Total energy consumed 213.378630 Ave. Power Level 52.678492
	-------- Loop 16 (sock 1 consumed 96.094425, avg temp 44.615385, final temp 44 ) ------
	-------- Loop 16 (sock 2 consumed 117.284205, avg temp 38.653846, final temp 39 ) ------
Loop 17 <line-300> - Time 0.003832 Total energy consumed 0.133665 Ave. Power Level 34.885332
	-------- Loop 17 (sock 1 consumed 0.042000, avg temp 44.571429, final temp 45 ) ------
	-------- Loop 17 (sock 2 consumed 0.091665, avg temp 38.666667, final temp 39 ) ------
Loop 18 <line-148> - Time 0.000697 Total energy consumed 0.000000 Ave. Power Level 0.000000
	-------- Loop 18 (sock 1 consumed 0.000000, avg temp 45.000000, final temp 45 ) ------
	-------- Loop 18 (sock 2 consumed 0.000000, avg temp 38.000000, final temp 38 ) ------
Application(EnergyStat) - Time 41.633997 Total energy consumed 2358.020070 Ave. Power Level 56.636889 Final Temperature socket 1 : 45  socket 2 : 38 
	 ParallelApplication(EnergyStat) - Time 26.026352 Total energy consumed 1564.159665 Ave. Power Level 60.099073
Memory used: 1.32031
Loading 32-bit binary file: pnnl.bin, numvertices: 2361670, numEdges: 191402826
File read time: 1.76379
Before allocating graph
Allocated graph: 0xf3c570
Processing edges for vertex: 0, range(0, 166)
Processing edges for vertex: 100000, range(58444108, 58444133)
Processing edges for vertex: 200000, range(84376057, 84376362)
Processing edges for vertex: 300000, range(106069163, 106069503)
Processing edges for vertex: 400000, range(122097114, 122097513)
Processing edges for vertex: 500000, range(135096418, 135096483)
Processing edges for vertex: 600000, range(146097008, 146097061)
Processing edges for vertex: 700000, range(155415410, 155415531)
Processing edges for vertex: 800000, range(162595900, 162595989)
Processing edges for vertex: 900000, range(168508374, 168508464)
Processing edges for vertex: 1000000, range(173203321, 173203442)
Processing edges for vertex: 1100000, range(176935100, 176935110)
Processing edges for vertex: 1200000, range(179876260, 179876270)
Processing edges for vertex: 1300000, range(182240081, 182240092)
Processing edges for vertex: 1400000, range(184224513, 184224521)
Processing edges for vertex: 1500000, range(185795161, 185795170)
Processing edges for vertex: 1600000, range(187104124, 187104130)
Processing edges for vertex: 1700000, range(188148455, 188148461)
Processing edges for vertex: 1800000, range(188997836, 188997842)
Processing edges for vertex: 1900000, range(189691532, 189691535)
Processing edges for vertex: 2000000, range(190254658, 190254660)
Processing edges for vertex: 2100000, range(190705814, 190705822)
Processing edges for vertex: 2200000, range(191052755, 191052764)
Processing edges for vertex: 2300000, range(191302662, 191302663)
Graph populate time: 8.43983
Total I/O time: 10.2037

Regional(EnergyStat) - Time 10.207078 Total energy consumed 510.016035 Ave. Power Level 49.966897 
Running on: 4 threads
Loaded graph from file: pnnl.bin
Memory used: 2949.12
Maximum degree for the graph: 5520
Iteration: 0, conflicts: 0
Total number of colors used: 1180
Total number of conflicts overall: 0
Number of rounds: 1
SUCCESS: No conflicts found
Coloring time: 1.31978
Memory used: 2949.12
Number of reordered colors: 1008
End position for large colors: 0, node count: 551427, largest: 551427
Node count cutoff: 472334
e_xx: 1.28197e+08, a2_x: 6.82778e+11, currMod: 0.669756
e_xx: 1.68222e+08, a2_x: 6.09432e+11, currMod: 0.878873
e_xx: 1.74378e+08, a2_x: 4.84676e+11, currMod: 0.911039
e_xx: 1.7679e+08, a2_x: 4.95113e+11, currMod: 0.923641
e_xx: 1.77892e+08, a2_x: 4.90715e+11, currMod: 0.929401
currMod: 0.923641, prevMod: -1
Louvain time: 19.9536
numClusters: 203157, time: 0.101601
Next phase: 2
Memory used: 2949.12
End Structure 1275636 203157 vs 2752503
Build next level time: 5.79069
Iteration time: 25.8513
Memory used: 2949.12
e_xx: 1.54951e+08, a2_x: 4.91655e+11, currMod: 0.919829
e_xx: 1.61831e+08, a2_x: 3.4175e+11, currMod: 0.960673
e_xx: 1.6344e+08, a2_x: 2.66711e+11, currMod: 0.970228
e_xx: 1.63734e+08, a2_x: 2.6355e+11, currMod: 0.971973
e_xx: 1.63789e+08, a2_x: 2.77532e+11, currMod: 0.972303
e_xx: 1.63872e+08, a2_x: 2.78444e+11, currMod: 0.972795
e_xx: 1.63874e+08, a2_x: 2.74379e+11, currMod: 0.972806
e_xx: 1.63927e+08, a2_x: 2.71429e+11, currMod: 0.973123
e_xx: 1.63909e+08, a2_x: 2.68154e+11, currMod: 0.973011
currMod: 0.973123, prevMod: 0.923641
Louvain time: 2.82674
numClusters: 49727, time: 0.015928
Next phase: 3
Memory used: 2949.12
End Structure 473656 49727 vs 997030
Build next level time: 0.219116
Iteration time: 3.06274
Memory used: 2949.12
e_xx: 1.63927e+08, a2_x: 2.70536e+11, currMod: 0.973089
e_xx: 1.64838e+08, a2_x: 8.47625e+10, currMod: 0.9785
e_xx: 1.64912e+08, a2_x: 2.55479e+10, currMod: 0.978945
e_xx: 1.65036e+08, a2_x: 3.55402e+10, currMod: 0.979679
e_xx: 1.64949e+08, a2_x: 9.59049e+09, currMod: 0.979165
currMod: 0.979679, prevMod: 0.973123
Louvain time: 0.66192
numClusters: 25354, time: 0.004972
Next phase: 4
Memory used: 2949.12
End Structure 170465 25354 vs 366284
Build next level time: 0.065222
Iteration time: 0.732864
Memory used: 2949.12
e_xx: 1.65036e+08, a2_x: 3.50742e+10, currMod: 0.979667
e_xx: 1.65218e+08, a2_x: 7.05482e+09, currMod: 0.980749
e_xx: 1.65223e+08, a2_x: -1.46649e+10, currMod: 0.98078
e_xx: 1.65223e+08, a2_x: -9.94123e+09, currMod: 0.980779
currMod: 0.98078, prevMod: 0.979679
Louvain time: 0.220039
numClusters: 22251, time: 0.003235
Next phase: 5
Memory used: 2949.12
End Structure 98296 22251 vs 218843
Build next level time: 0.031722
Iteration time: 0.255734
Memory used: 2949.12
e_xx: 1.65223e+08, a2_x: -1.43916e+10, currMod: 0.980777
e_xx: 1.65225e+08, a2_x: -1.42986e+10, currMod: 0.980791
e_xx: 1.65226e+08, a2_x: -2.53334e+10, currMod: 0.980793
e_xx: 1.65226e+08, a2_x: -2.33059e+10, currMod: 0.980796
e_xx: 1.65226e+08, a2_x: -1.8433e+10, currMod: 0.980796
currMod: 0.980796, prevMod: 0.98078
Louvain time: 0.169304
numClusters: 22002, time: 0.002871
Next phase: 6
Memory used: 2949.12
End Structure 79939 22002 vs 181880
Build next level time: 0.026703
Iteration time: 0.199613
Memory used: 2949.12
e_xx: 1.65226e+08, a2_x: -2.26205e+10, currMod: 0.980796
e_xx: 1.65226e+08, a2_x: -1.5776e+10, currMod: 0.980796
currMod: 0.980796, prevMod: 0.980796
Louvain time: 0.056395
numClusters: 22002, time: 0.00286
Maximum degree for the graph: 491
Iteration: 0, conflicts: 0
Total number of colors used: 184
Total number of conflicts overall: 0
Number of rounds: 1
SUCCESS: No conflicts found
Number of reordered colors: 181
End position for large colors: 0, node count: 21558, largest: 21558
Node count cutoff: 4401
e_xx: 1.65226e+08, a2_x: -2.51299e+10, currMod: 0.980796
End Structure 79290 21986 vs 180566
currMod: 0.980796, prevMod: 0.980796
numClusters: 21986
Total iteration time: 30.1023

Loop 0 <line-37> - Time 0.000851 Total energy consumed 0.000000 Ave. Power Level 0.000000
	-------- Loop 0 (sock 1 consumed 0.000000, avg temp 46.500000, final temp 48 ) ------
	-------- Loop 0 (sock 2 consumed 0.000000, avg temp 38.000000, final temp 38 ) ------
Loop 1 <line-54> - Time 0.000515 Total energy consumed 0.051855 Ave. Power Level 100.682282
	-------- Loop 1 (sock 1 consumed 0.029880, avg temp 46.500000, final temp 47 ) ------
	-------- Loop 1 (sock 2 consumed 0.021975, avg temp 38.000000, final temp 38 ) ------
Loop 2 <line-76> - Time 0.001160 Total energy consumed 0.101355 Ave. Power Level 87.354366
	-------- Loop 2 (sock 1 consumed 0.069540, avg temp 46.000000, final temp 47 ) ------
	-------- Loop 2 (sock 2 consumed 0.031815, avg temp 37.500000, final temp 38 ) ------
Loop 3 <line-170> - Time 0.892058 Total energy consumed 49.685730 Ave. Power Level 55.697883
	-------- Loop 3 (sock 1 consumed 27.384900, avg temp 46.500000, final temp 47 ) ------
	-------- Loop 3 (sock 2 consumed 22.300830, avg temp 38.000000, final temp 38 ) ------
Loop 4 <line-192> - Time 0.000227 Total energy consumed 0.000000 Ave. Power Level 0.000000
	-------- Loop 4 (sock 1 consumed 0.000000, avg temp 46.500000, final temp 47 ) ------
	-------- Loop 4 (sock 2 consumed 0.000000, avg temp 38.000000, final temp 38 ) ------
Loop 5 <line-222> - Time 0.333533 Total energy consumed 18.659640 Ave. Power Level 55.945490
	-------- Loop 5 (sock 1 consumed 10.272135, avg temp 46.500000, final temp 47 ) ------
	-------- Loop 5 (sock 2 consumed 8.387505, avg temp 37.500000, final temp 38 ) ------
Loop 6 <line-116> - Time 0.004146 Total energy consumed 0.201690 Ave. Power Level 48.647029
	-------- Loop 6 (sock 1 consumed 0.075375, avg temp 44.500000, final temp 44 ) ------
	-------- Loop 6 (sock 2 consumed 0.126315, avg temp 38.333333, final temp 38 ) ------
Loop 7 <line-334> - Time 0.706413 Total energy consumed 36.867870 Ave. Power Level 52.190256
	-------- Loop 7 (sock 1 consumed 20.749230, avg temp 45.285714, final temp 47 ) ------
	-------- Loop 7 (sock 2 consumed 16.118640, avg temp 38.285714, final temp 38 ) ------
Loop 8 <line-353> - Time 0.000546 Total energy consumed 0.123420 Ave. Power Level 226.159107
	-------- Loop 8 (sock 1 consumed 0.049800, avg temp 45.285714, final temp 47 ) ------
	-------- Loop 8 (sock 2 consumed 0.073620, avg temp 38.285714, final temp 38 ) ------
Loop 9 <line-375> - Time 0.001018 Total energy consumed 0.071715 Ave. Power Level 70.476101
	-------- Loop 9 (sock 1 consumed 0.037980, avg temp 45.428571, final temp 47 ) ------
	-------- Loop 9 (sock 2 consumed 0.033735, avg temp 38.428571, final temp 38 ) ------
Loop 10 <line-85> - Time 0.104973 Total energy consumed 6.868005 Ave. Power Level 65.426487
	-------- Loop 10 (sock 1 consumed 3.404835, avg temp 46.250000, final temp 47 ) ------
	-------- Loop 10 (sock 2 consumed 3.463170, avg temp 38.000000, final temp 38 ) ------
Loop 11 <line-131> - Time 0.008604 Total energy consumed 0.568410 Ave. Power Level 66.064987
	-------- Loop 11 (sock 1 consumed 0.264885, avg temp 46.500000, final temp 47 ) ------
	-------- Loop 11 (sock 2 consumed 0.303525, avg temp 38.000000, final temp 38 ) ------
Loop 12 <line-167> - Time 0.129310 Total energy consumed 8.496135 Ave. Power Level 65.703535
	-------- Loop 12 (sock 1 consumed 4.195530, avg temp 45.500000, final temp 46 ) ------
	-------- Loop 12 (sock 2 consumed 4.300605, avg temp 37.500000, final temp 37 ) ------
Loop 13 <line-213> - Time 14.032018 Total energy consumed 923.365560 Ave. Power Level 65.804189
	-------- Loop 13 (sock 1 consumed 455.262210, avg temp 48.000000, final temp 47 ) ------
	-------- Loop 13 (sock 2 consumed 468.103350, avg temp 38.500000, final temp 38 ) ------
Loop 14 <line-99> - Time 5.762023 Total energy consumed 306.728115 Ave. Power Level 53.232717
	-------- Loop 14 (sock 1 consumed 152.832675, avg temp 44.333333, final temp 45 ) ------
	-------- Loop 14 (sock 2 consumed 153.895440, avg temp 38.500000, final temp 38 ) ------
Loop 15 <line-160> - Time 0.138471 Total energy consumed 7.845045 Ave. Power Level 56.654698
	-------- Loop 15 (sock 1 consumed 3.507090, avg temp 44.500000, final temp 45 ) ------
	-------- Loop 15 (sock 2 consumed 4.337955, avg temp 38.166667, final temp 38 ) ------
Loop 16 <line-269> - Time 3.910237 Total energy consumed 206.129280 Ave. Power Level 52.715287
	-------- Loop 16 (sock 1 consumed 97.868850, avg temp 45.200000, final temp 47 ) ------
	-------- Loop 16 (sock 2 consumed 108.260430, avg temp 38.040000, final temp 38 ) ------
Loop 17 <line-300> - Time 0.003563 Total energy consumed 0.253590 Ave. Power Level 71.163462
	-------- Loop 17 (sock 1 consumed 0.118230, avg temp 45.150000, final temp 45 ) ------
	-------- Loop 17 (sock 2 consumed 0.135360, avg temp 38.000000, final temp 37 ) ------
Loop 18 <line-148> - Time 0.000707 Total energy consumed 0.000000 Ave. Power Level 0.000000
	-------- Loop 18 (sock 1 consumed 0.000000, avg temp 48.000000, final temp 48 ) ------
	-------- Loop 18 (sock 2 consumed 0.000000, avg temp 38.000000, final temp 38 ) ------
Application(EnergyStat) - Time 41.732529 Total energy consumed 2363.871780 Ave. Power Level 56.643387 Final Temperature socket 1 : 45  socket 2 : 38 
	 ParallelApplication(EnergyStat) - Time 26.030372 Total energy consumed 1566.017415 Ave. Power Level 60.161162
Memory used: 1.32031
Loading 32-bit binary file: pnnl.bin, numvertices: 2361670, numEdges: 191402826
File read time: 1.77786
Before allocating graph
Allocated graph: 0x82c570
Processing edges for vertex: 0, range(0, 166)
Processing edges for vertex: 100000, range(58444108, 58444133)
Processing edges for vertex: 200000, range(84376057, 84376362)
Processing edges for vertex: 300000, range(106069163, 106069503)
Processing edges for vertex: 400000, range(122097114, 122097513)
Processing edges for vertex: 500000, range(135096418, 135096483)
Processing edges for vertex: 600000, range(146097008, 146097061)
Processing edges for vertex: 700000, range(155415410, 155415531)
Processing edges for vertex: 800000, range(162595900, 162595989)
Processing edges for vertex: 900000, range(168508374, 168508464)
Processing edges for vertex: 1000000, range(173203321, 173203442)
Processing edges for vertex: 1100000, range(176935100, 176935110)
Processing edges for vertex: 1200000, range(179876260, 179876270)
Processing edges for vertex: 1300000, range(182240081, 182240092)
Processing edges for vertex: 1400000, range(184224513, 184224521)
Processing edges for vertex: 1500000, range(185795161, 185795170)
Processing edges for vertex: 1600000, range(187104124, 187104130)
Processing edges for vertex: 1700000, range(188148455, 188148461)
Processing edges for vertex: 1800000, range(188997836, 188997842)
Processing edges for vertex: 1900000, range(189691532, 189691535)
Processing edges for vertex: 2000000, range(190254658, 190254660)
Processing edges for vertex: 2100000, range(190705814, 190705822)
Processing edges for vertex: 2200000, range(191052755, 191052764)
Processing edges for vertex: 2300000, range(191302662, 191302663)
Graph populate time: 8.32173
Total I/O time: 10.0996

Regional(EnergyStat) - Time 10.103841 Total energy consumed 520.367385 Ave. Power Level 51.501938 
Running on: 4 threads
Loaded graph from file: pnnl.bin
Memory used: 2949.12
Maximum degree for the graph: 5520
Iteration: 0, conflicts: 1
Iteration: 1, conflicts: 0
Total number of colors used: 1182
Total number of conflicts overall: 0
Number of rounds: 2
SUCCESS: No conflicts found
Coloring time: 1.40977
Memory used: 2949.12
Number of reordered colors: 1017
End position for large colors: 0, node count: 551374, largest: 551374
Node count cutoff: 472334
e_xx: 1.2796e+08, a2_x: 6.73756e+11, currMod: 0.668521
e_xx: 1.67661e+08, a2_x: 6.35672e+11, currMod: 0.87594
e_xx: 1.73769e+08, a2_x: 5.28651e+11, currMod: 0.907857
e_xx: 1.76045e+08, a2_x: 5.17404e+11, currMod: 0.919746
e_xx: 1.7702e+08, a2_x: 5.12866e+11, currMod: 0.924843
currMod: 0.919746, prevMod: -1
Louvain time: 19.6527
numClusters: 203408, time: 0.113924
Next phase: 2
Memory used: 2949.12
End Structure 1298477 203408 vs 2798541
Build next level time: 5.98068
Iteration time: 25.7516
Memory used: 2949.12
e_xx: 1.56538e+08, a2_x: 5.13592e+11, currMod: 0.915876
e_xx: 1.64201e+08, a2_x: 3.69077e+11, currMod: 0.960713
e_xx: 1.65708e+08, a2_x: 2.73025e+11, currMod: 0.969533
e_xx: 1.66175e+08, a2_x: 2.71585e+11, currMod: 0.972267
e_xx: 1.6637e+08, a2_x: 2.78193e+11, currMod: 0.973406
e_xx: 1.66497e+08, a2_x: 2.89033e+11, currMod: 0.974153
e_xx: 1.66518e+08, a2_x: 2.80723e+11, currMod: 0.974271
e_xx: 1.66597e+08, a2_x: 2.68208e+11, currMod: 0.974734
e_xx: 1.6658e+08, a2_x: 2.79684e+11, currMod: 0.974639
currMod: 0.974734, prevMod: 0.919746
Louvain time: 2.8396
numClusters: 46711, time: 0.015627
Next phase: 3
Memory used: 2949.12
End Structure 412145 46711 vs 870995
Build next level time: 0.23278
Iteration time: 3.08901
Memory used: 2949.12
e_xx: 1.66596e+08, a2_x: 2.69723e+11, currMod: 0.974701
e_xx: 1.67436e+08, a2_x: 1.04772e+11, currMod: 0.979618
e_xx: 1.67526e+08, a2_x: 7.49573e+10, currMod: 0.980146
e_xx: 1.67565e+08, a2_x: 6.06851e+10, currMod: 0.980373
e_xx: 1.67552e+08, a2_x: 4.76768e+10, currMod: 0.980302
currMod: 0.980373, prevMod: 0.974734
Louvain time: 0.590824
numClusters: 24606, time: 0.004735
Next phase: 4
Memory used: 2949.12
End Structure 160940 24606 vs 346486
Build next level time: 0.072128
Iteration time: 0.668455
Memory used: 2949.12
e_xx: 1.67565e+08, a2_x: 6.06274e+10, currMod: 0.980364
e_xx: 1.67677e+08, a2_x: -2.5418e+10, currMod: 0.981026
e_xx: 1.67684e+08, a2_x: -2.28508e+10, currMod: 0.981068
e_xx: 1.67683e+08, a2_x: -5.2685e+09, currMod: 0.98106
currMod: 0.981068, prevMod: 0.980373
Louvain time: 0.215479
numClusters: 22256, time: 0.003128
Next phase: 5
Memory used: 2949.12
End Structure 97828 22256 vs 217912
Build next level time: 0.035658
Iteration time: 0.255013
Memory used: 2949.12
e_xx: 1.67684e+08, a2_x: -2.60864e+10, currMod: 0.981067
e_xx: 1.67687e+08, a2_x: -1.38898e+10, currMod: 0.981081
e_xx: 1.67689e+08, a2_x: 9.17383e+08, currMod: 0.981092
e_xx: 1.67689e+08, a2_x: 6.40416e+09, currMod: 0.981089
currMod: 0.981092, prevMod: 0.981068
Louvain time: 0.136893
numClusters: 22050, time: 0.002863
Next phase: 6
Memory used: 2949.12
End Structure 82530 22050 vs 187110
Build next level time: 0.027824
Iteration time: 0.168323
Memory used: 2949.12
e_xx: 1.67689e+08, a2_x: 4.58981e+09, currMod: 0.981092
e_xx: 1.6769e+08, a2_x: 1.17236e+09, currMod: 0.981096
e_xx: 1.67689e+08, a2_x: -1.89039e+09, currMod: 0.981095
currMod: 0.981096, prevMod: 0.981092
Louvain time: 0.08679
numClusters: 22028, time: 0.00285
Next phase: 7
Memory used: 2949.12
End Structure 79414 22028 vs 180856
Build next level time: 0.026349
Iteration time: 0.116728
Memory used: 2949.12
e_xx: 1.6769e+08, a2_x: 1.32799e+09, currMod: 0.981095
e_xx: 1.6769e+08, a2_x: 1.58562e+09, currMod: 0.981095
currMod: 0.981096, prevMod: 0.981096
Louvain time: 0.056374
numClusters: 22028, time: 0.002834
Maximum degree for the graph: 515
Iteration: 0, conflicts: 0
Total number of colors used: 174
Total number of conflicts overall: 0
Number of rounds: 1
SUCCESS: No conflicts found
Number of reordered colors: 171
End position for large colors: 0, node count: 21575, largest: 21575
Node count cutoff: 4406
e_xx: 1.6769e+08, a2_x: 1.58562e+09, currMod: 0.981095
End Structure 79350 22027 vs 180727
currMod: 0.981096, prevMod: 0.981096
numClusters: 22027
Total iteration time: 30.0492

Loop 0 <line-37> - Time 0.000833 Total energy consumed 0.052050 Ave. Power Level 62.468796
	-------- Loop 0 (sock 1 consumed 0.020790, avg temp 44.000000, final temp 44 ) ------
	-------- Loop 0 (sock 2 consumed 0.031260, avg temp 38.000000, final temp 38 ) ------
Loop 1 <line-54> - Time 0.000446 Total energy consumed 0.077340 Ave. Power Level 173.512335
	-------- Loop 1 (sock 1 consumed 0.045030, avg temp 44.000000, final temp 44 ) ------
	-------- Loop 1 (sock 2 consumed 0.032310, avg temp 38.500000, final temp 39 ) ------
Loop 2 <line-76> - Time 0.001162 Total energy consumed 0.071205 Ave. Power Level 61.304242
	-------- Loop 2 (sock 1 consumed 0.033975, avg temp 44.000000, final temp 44 ) ------
	-------- Loop 2 (sock 2 consumed 0.037230, avg temp 38.500000, final temp 39 ) ------
Loop 3 <line-170> - Time 0.958634 Total energy consumed 52.892775 Ave. Power Level 55.175141
	-------- Loop 3 (sock 1 consumed 22.476930, avg temp 44.000000, final temp 44 ) ------
	-------- Loop 3 (sock 2 consumed 30.415845, avg temp 38.666667, final temp 40 ) ------
Loop 4 <line-192> - Time 0.000221 Total energy consumed 0.000000 Ave. Power Level 0.000000
	-------- Loop 4 (sock 1 consumed 0.000000, avg temp 44.000000, final temp 44 ) ------
	-------- Loop 4 (sock 2 consumed 0.000000, avg temp 39.000000, final temp 40 ) ------
Loop 5 <line-222> - Time 0.356763 Total energy consumed 19.595070 Ave. Power Level 54.924608
	-------- Loop 5 (sock 1 consumed 10.796520, avg temp 44.500000, final temp 44 ) ------
	-------- Loop 5 (sock 2 consumed 8.798550, avg temp 39.000000, final temp 40 ) ------
Loop 6 <line-116> - Time 0.004966 Total energy consumed 0.154755 Ave. Power Level 31.165311
	-------- Loop 6 (sock 1 consumed 0.062340, avg temp 44.714286, final temp 44 ) ------
	-------- Loop 6 (sock 2 consumed 0.092415, avg temp 37.857143, final temp 38 ) ------
Loop 7 <line-334> - Time 0.723568 Total energy consumed 37.778625 Ave. Power Level 52.211590
	-------- Loop 7 (sock 1 consumed 15.592620, avg temp 44.625000, final temp 44 ) ------
	-------- Loop 7 (sock 2 consumed 22.186005, avg temp 38.500000, final temp 40 ) ------
Loop 8 <line-353> - Time 0.000485 Total energy consumed 0.107550 Ave. Power Level 221.745262
	-------- Loop 8 (sock 1 consumed 0.045765, avg temp 44.500000, final temp 44 ) ------
	-------- Loop 8 (sock 2 consumed 0.061785, avg temp 38.375000, final temp 40 ) ------
Loop 9 <line-375> - Time 0.001024 Total energy consumed 0.072315 Ave. Power Level 70.639226
	-------- Loop 9 (sock 1 consumed 0.033135, avg temp 44.500000, final temp 44 ) ------
	-------- Loop 9 (sock 2 consumed 0.039180, avg temp 38.375000, final temp 40 ) ------
Loop 10 <line-85> - Time 0.105011 Total energy consumed 6.897855 Ave. Power Level 65.687263
	-------- Loop 10 (sock 1 consumed 3.364770, avg temp 44.500000, final temp 44 ) ------
	-------- Loop 10 (sock 2 consumed 3.533085, avg temp 39.000000, final temp 39 ) ------
Loop 11 <line-131> - Time 0.008601 Total energy consumed 0.537870 Ave. Power Level 62.534298
	-------- Loop 11 (sock 1 consumed 0.263265, avg temp 44.000000, final temp 44 ) ------
	-------- Loop 11 (sock 2 consumed 0.274605, avg temp 39.000000, final temp 40 ) ------
Loop 12 <line-167> - Time 0.102430 Total energy consumed 6.577770 Ave. Power Level 64.217324
	-------- Loop 12 (sock 1 consumed 3.210345, avg temp 44.500000, final temp 44 ) ------
	-------- Loop 12 (sock 2 consumed 3.367425, avg temp 38.500000, final temp 39 ) ------
Loop 13 <line-213> - Time 13.753521 Total energy consumed 922.976205 Ave. Power Level 67.108358
	-------- Loop 13 (sock 1 consumed 450.735885, avg temp 45.666667, final temp 44 ) ------
	-------- Loop 13 (sock 2 consumed 472.240320, avg temp 38.833333, final temp 40 ) ------
Loop 14 <line-99> - Time 5.992006 Total energy consumed 324.756930 Ave. Power Level 54.198362
	-------- Loop 14 (sock 1 consumed 164.641320, avg temp 44.428571, final temp 44 ) ------
	-------- Loop 14 (sock 2 consumed 160.115610, avg temp 38.428571, final temp 39 ) ------
Loop 15 <line-160> - Time 0.148879 Total energy consumed 8.338605 Ave. Power Level 56.009217
	-------- Loop 15 (sock 1 consumed 4.330125, avg temp 44.714286, final temp 44 ) ------
	-------- Loop 15 (sock 2 consumed 4.008480, avg temp 38.571429, final temp 39 ) ------
Loop 16 <line-269> - Time 3.900663 Total energy consumed 206.356245 Ave. Power Level 52.902868
	-------- Loop 16 (sock 1 consumed 101.452395, avg temp 44.185185, final temp 44 ) ------
	-------- Loop 16 (sock 2 consumed 104.903850, avg temp 38.407407, final temp 38 ) ------
Loop 17 <line-300> - Time 0.003697 Total energy consumed 0.050490 Ave. Power Level 13.657610
	-------- Loop 17 (sock 1 consumed 0.022140, avg temp 44.190476, final temp 44 ) ------
	-------- Loop 17 (sock 2 consumed 0.028350, avg temp 38.523810, final temp 38 ) ------
Loop 18 <line-148> - Time 0.000701 Total energy consumed 0.061050 Ave. Power Level 87.079685
	-------- Loop 18 (sock 1 consumed 0.026820, avg temp 44.000000, final temp 44 ) ------
	-------- Loop 18 (sock 2 consumed 0.034230, avg temp 38.000000, final temp 38 ) ------
Application(EnergyStat) - Time 41.672655 Total energy consumed 2398.789260 Ave. Power Level 57.562669 Final Temperature socket 1 : 45  socket 2 : 38 
	 ParallelApplication(EnergyStat) - Time 26.063609 Total energy consumed 1587.354705 Ave. Power Level 60.903105
