Memory used: 1.32031
Loading 32-bit binary file: pnnl.bin, numvertices: 2361670, numEdges: 191402826
File read time: 1.6939
Before allocating graph
Allocated graph: 0x92b570
Processing edges for vertex: 0, range(0, 166)
Processing edges for vertex: 100000, range(58444108, 58444133)
Processing edges for vertex: 200000, range(84376057, 84376362)
Processing edges for vertex: 300000, range(106069163, 106069503)
Processing edges for vertex: 400000, range(122097114, 122097513)
Processing edges for vertex: 500000, range(135096418, 135096483)
Processing edges for vertex: 600000, range(146097008, 146097061)
Processing edges for vertex: 700000, range(155415410, 155415531)
Processing edges for vertex: 800000, range(162595900, 162595989)
Processing edges for vertex: 900000, range(168508374, 168508464)
Processing edges for vertex: 1000000, range(173203321, 173203442)
Processing edges for vertex: 1100000, range(176935100, 176935110)
Processing edges for vertex: 1200000, range(179876260, 179876270)
Processing edges for vertex: 1300000, range(182240081, 182240092)
Processing edges for vertex: 1400000, range(184224513, 184224521)
Processing edges for vertex: 1500000, range(185795161, 185795170)
Processing edges for vertex: 1600000, range(187104124, 187104130)
Processing edges for vertex: 1700000, range(188148455, 188148461)
Processing edges for vertex: 1800000, range(188997836, 188997842)
Processing edges for vertex: 1900000, range(189691532, 189691535)
Processing edges for vertex: 2000000, range(190254658, 190254660)
Processing edges for vertex: 2100000, range(190705814, 190705822)
Processing edges for vertex: 2200000, range(191052755, 191052764)
Processing edges for vertex: 2300000, range(191302662, 191302663)
Graph populate time: 8.2517
Total I/O time: 9.94564

Regional(EnergyStat) - Time 9.948904 Total energy consumed 526.725015 Ave. Power Level 52.943017 
Running on: 3 threads
Loaded graph from file: pnnl.bin
Memory used: 2949.12
Maximum degree for the graph: 5520
Iteration: 0, conflicts: 2
Iteration: 1, conflicts: 0
Total number of colors used: 1179
Total number of conflicts overall: 0
Number of rounds: 2
SUCCESS: No conflicts found
Coloring time: 1.53795
Memory used: 2949.12
Number of reordered colors: 1017
End position for large colors: 0, node count: 551580, largest: 551580
Node count cutoff: 472334
e_xx: 1.2767e+08, a2_x: 6.10375e+11, currMod: 0.667006
e_xx: 1.68369e+08, a2_x: 5.6577e+11, currMod: 0.879644
e_xx: 1.7431e+08, a2_x: 5.82675e+11, currMod: 0.910684
e_xx: 1.76601e+08, a2_x: 5.65925e+11, currMod: 0.922654
e_xx: 1.77704e+08, a2_x: 5.63497e+11, currMod: 0.928415
currMod: 0.922654, prevMod: -1
Louvain time: 24.015
numClusters: 204961, time: 0.109439
Next phase: 2
Memory used: 2949.12
End Structure 1317892 204961 vs 2838946
Build next level time: 6.41076
Iteration time: 30.5402
Memory used: 2949.12
e_xx: 1.54904e+08, a2_x: 5.62608e+11, currMod: 0.918775
e_xx: 1.61873e+08, a2_x: 2.8429e+11, currMod: 0.960124
e_xx: 1.63376e+08, a2_x: 2.68963e+11, currMod: 0.969034
e_xx: 1.63674e+08, a2_x: 2.17961e+11, currMod: 0.970808
e_xx: 1.63828e+08, a2_x: 2.86408e+11, currMod: 0.971719
e_xx: 1.63887e+08, a2_x: 2.62591e+11, currMod: 0.972066
e_xx: 1.64013e+08, a2_x: 2.8712e+11, currMod: 0.972815
e_xx: 1.64023e+08, a2_x: 2.47581e+11, currMod: 0.972876
e_xx: 1.64094e+08, a2_x: 2.61651e+11, currMod: 0.973297
e_xx: 1.64083e+08, a2_x: 2.48524e+11, currMod: 0.97323
currMod: 0.973297, prevMod: 0.922654
Louvain time: 3.5655
numClusters: 53347, time: 0.015464
Next phase: 3
Memory used: 2949.12
End Structure 544799 53347 vs 1142937
Build next level time: 0.247714
Iteration time: 3.82988
Memory used: 2949.12
e_xx: 1.64094e+08, a2_x: 2.6129e+11, currMod: 0.973268
e_xx: 1.64967e+08, a2_x: 9.92866e+10, currMod: 0.978448
e_xx: 1.65006e+08, a2_x: 5.20589e+10, currMod: 0.978684
e_xx: 1.65105e+08, a2_x: 6.15352e+10, currMod: 0.979268
e_xx: 1.65028e+08, a2_x: 7.51791e+10, currMod: 0.978815
currMod: 0.979268, prevMod: 0.973297
Louvain time: 0.763061
numClusters: 25983, time: 0.004878
Next phase: 4
Memory used: 2949.12
End Structure 189095 25983 vs 404173
Build next level time: 0.074898
Iteration time: 0.84381
Memory used: 2949.12
e_xx: 1.65105e+08, a2_x: 6.34202e+10, currMod: 0.979255
e_xx: 1.65323e+08, a2_x: 1.04286e+10, currMod: 0.980549
e_xx: 1.65328e+08, a2_x: 7.50922e+09, currMod: 0.98058
e_xx: 1.65329e+08, a2_x: -1.16263e+10, currMod: 0.980586
e_xx: 1.65329e+08, a2_x: -1.12943e+10, currMod: 0.980589
e_xx: 1.65329e+08, a2_x: -7.07135e+09, currMod: 0.980588
currMod: 0.980589, prevMod: 0.979268
Louvain time: 0.356674
numClusters: 22163, time: 0.00313
Next phase: 5
Memory used: 2949.12
End Structure 88740 22163 vs 199643
Build next level time: 0.034929
Iteration time: 0.395674
Memory used: 2949.12
e_xx: 1.65329e+08, a2_x: -1.1349e+10, currMod: 0.980586
e_xx: 1.65333e+08, a2_x: -2.42035e+10, currMod: 0.980611
e_xx: 1.65333e+08, a2_x: -2.83418e+10, currMod: 0.980612
e_xx: 1.65333e+08, a2_x: -2.93082e+10, currMod: 0.980613
currMod: 0.980612, prevMod: 0.980589
Louvain time: 0.126229
numClusters: 21986, time: 0.002746
Next phase: 6
Memory used: 2949.12
End Structure 75921 21986 vs 173828
Build next level time: 0.021445
Iteration time: 0.151353
Memory used: 2949.12
e_xx: 1.65333e+08, a2_x: -2.82048e+10, currMod: 0.980612
e_xx: 1.65334e+08, a2_x: -2.48738e+10, currMod: 0.980613
currMod: 0.980612, prevMod: 0.980612
Louvain time: 0.052803
numClusters: 21986, time: 0.002727
Maximum degree for the graph: 479
Iteration: 0, conflicts: 0
Total number of colors used: 181
Total number of conflicts overall: 0
Number of rounds: 1
SUCCESS: No conflicts found
Number of reordered colors: 181
End position for large colors: 0, node count: 21552, largest: 21552
Node count cutoff: 4398
e_xx: 1.65404e+08, a2_x: -2.18708e+10, currMod: 0.98103
e_xx: 1.6541e+08, a2_x: -2.06297e+10, currMod: 0.981066
e_xx: 1.65433e+08, a2_x: -2.12445e+10, currMod: 0.981201
e_xx: 1.65438e+08, a2_x: -2.27791e+10, currMod: 0.981234
e_xx: 1.66393e+08, a2_x: -1.22084e+10, currMod: 0.986894
e_xx: 1.68177e+08, a2_x: 6.43296e+09, currMod: 0.997477
e_xx: 1.68179e+08, a2_x: 2.73676e+09, currMod: 0.997488
e_xx: 1.68215e+08, a2_x: 7.53134e+08, currMod: 0.997703
e_xx: 1.6846e+08, a2_x: 3.59583e+09, currMod: 0.999154
e_xx: 1.6846e+08, a2_x: 3.54061e+08, currMod: 0.999153
End Structure 140 21556 vs 21836
currMod: 0.999154, prevMod: 0.980612
numClusters: 21556
Total iteration time: 35.7609

Loop 0 <line-37> - Time 0.000997 Total energy consumed 0.086910 Ave. Power Level 87.156042
	-------- Loop 0 (sock 1 consumed 0.020985, avg temp 46.000000, final temp 47 ) ------
	-------- Loop 0 (sock 2 consumed 0.065925, avg temp 38.000000, final temp 38 ) ------
Loop 1 <line-54> - Time 0.000513 Total energy consumed 0.054435 Ave. Power Level 106.057565
	-------- Loop 1 (sock 1 consumed 0.021210, avg temp 46.000000, final temp 47 ) ------
	-------- Loop 1 (sock 2 consumed 0.033225, avg temp 38.000000, final temp 38 ) ------
Loop 2 <line-76> - Time 0.001488 Total energy consumed 0.099990 Ave. Power Level 67.192072
	-------- Loop 2 (sock 1 consumed 0.027375, avg temp 45.500000, final temp 47 ) ------
	-------- Loop 2 (sock 2 consumed 0.072615, avg temp 38.000000, final temp 38 ) ------
Loop 3 <line-170> - Time 1.037548 Total energy consumed 58.000680 Ave. Power Level 55.901673
	-------- Loop 3 (sock 1 consumed 23.929560, avg temp 45.000000, final temp 47 ) ------
	-------- Loop 3 (sock 2 consumed 34.071120, avg temp 38.000000, final temp 38 ) ------
Loop 4 <line-192> - Time 0.000276 Total energy consumed 0.071610 Ave. Power Level 259.407648
	-------- Loop 4 (sock 1 consumed 0.040065, avg temp 46.000000, final temp 47 ) ------
	-------- Loop 4 (sock 2 consumed 0.031545, avg temp 38.500000, final temp 38 ) ------
Loop 5 <line-222> - Time 0.409657 Total energy consumed 22.594590 Ave. Power Level 55.154949
	-------- Loop 5 (sock 1 consumed 12.460605, avg temp 46.000000, final temp 47 ) ------
	-------- Loop 5 (sock 2 consumed 10.133985, avg temp 38.000000, final temp 38 ) ------
Loop 6 <line-116> - Time 0.005402 Total energy consumed 0.325590 Ave. Power Level 60.270928
	-------- Loop 6 (sock 1 consumed 0.132960, avg temp 44.833333, final temp 46 ) ------
	-------- Loop 6 (sock 2 consumed 0.192630, avg temp 38.000000, final temp 38 ) ------
Loop 7 <line-334> - Time 0.767923 Total energy consumed 41.585010 Ave. Power Level 54.152588
	-------- Loop 7 (sock 1 consumed 17.314485, avg temp 45.142857, final temp 47 ) ------
	-------- Loop 7 (sock 2 consumed 24.270525, avg temp 38.142857, final temp 38 ) ------
Loop 8 <line-353> - Time 0.000532 Total energy consumed 0.083985 Ave. Power Level 157.857046
	-------- Loop 8 (sock 1 consumed 0.022425, avg temp 45.142857, final temp 47 ) ------
	-------- Loop 8 (sock 2 consumed 0.061560, avg temp 38.142857, final temp 38 ) ------
Loop 9 <line-375> - Time 0.001247 Total energy consumed 0.071460 Ave. Power Level 57.284540
	-------- Loop 9 (sock 1 consumed 0.030450, avg temp 45.142857, final temp 47 ) ------
	-------- Loop 9 (sock 2 consumed 0.041010, avg temp 38.142857, final temp 38 ) ------
Loop 10 <line-85> - Time 0.151098 Total energy consumed 9.968250 Ave. Power Level 65.972090
	-------- Loop 10 (sock 1 consumed 4.708290, avg temp 46.000000, final temp 47 ) ------
	-------- Loop 10 (sock 2 consumed 5.259960, avg temp 38.250000, final temp 38 ) ------
Loop 11 <line-131> - Time 0.010786 Total energy consumed 0.698595 Ave. Power Level 64.771366
	-------- Loop 11 (sock 1 consumed 0.341415, avg temp 45.500000, final temp 47 ) ------
	-------- Loop 11 (sock 2 consumed 0.357180, avg temp 38.000000, final temp 38 ) ------
Loop 12 <line-167> - Time 0.125235 Total energy consumed 8.140095 Ave. Power Level 64.998417
	-------- Loop 12 (sock 1 consumed 3.800565, avg temp 46.000000, final temp 47 ) ------
	-------- Loop 12 (sock 2 consumed 4.339530, avg temp 38.500000, final temp 38 ) ------
Loop 13 <line-213> - Time 17.679238 Total energy consumed 1134.339495 Ave. Power Level 64.162239
	-------- Loop 13 (sock 1 consumed 546.080610, avg temp 48.000000, final temp 48 ) ------
	-------- Loop 13 (sock 2 consumed 588.258885, avg temp 38.066667, final temp 38 ) ------
Loop 14 <line-99> - Time 6.369254 Total energy consumed 333.851085 Ave. Power Level 52.416040
	-------- Loop 14 (sock 1 consumed 180.744285, avg temp 46.166667, final temp 48 ) ------
	-------- Loop 14 (sock 2 consumed 153.106800, avg temp 38.000000, final temp 38 ) ------
Loop 15 <line-160> - Time 0.160280 Total energy consumed 8.959260 Ave. Power Level 55.897539
	-------- Loop 15 (sock 1 consumed 3.946560, avg temp 45.666667, final temp 48 ) ------
	-------- Loop 15 (sock 2 consumed 5.012700, avg temp 38.333333, final temp 38 ) ------
Loop 16 <line-269> - Time 4.836825 Total energy consumed 256.883355 Ave. Power Level 53.109918
	-------- Loop 16 (sock 1 consumed 134.709915, avg temp 46.962963, final temp 48 ) ------
	-------- Loop 16 (sock 2 consumed 122.173440, avg temp 37.962963, final temp 38 ) ------
Loop 17 <line-300> - Time 0.005231 Total energy consumed 0.235335 Ave. Power Level 44.986526
	-------- Loop 17 (sock 1 consumed 0.144705, avg temp 47.227273, final temp 45 ) ------
	-------- Loop 17 (sock 2 consumed 0.090630, avg temp 37.909091, final temp 38 ) ------
Loop 18 <line-148> - Time 0.000895 Total energy consumed 0.056580 Ave. Power Level 63.219149
	-------- Loop 18 (sock 1 consumed 0.024540, avg temp 47.000000, final temp 47 ) ------
	-------- Loop 18 (sock 2 consumed 0.032040, avg temp 38.000000, final temp 38 ) ------
Application(EnergyStat) - Time 47.398673 Total energy consumed 2718.015780 Ave. Power Level 57.343711 Final Temperature socket 1 : 48  socket 2 : 38 
	 ParallelApplication(EnergyStat) - Time 31.564426 Total energy consumed 1876.106310 Ave. Power Level 59.437366
Memory used: 1.32031
Loading 32-bit binary file: pnnl.bin, numvertices: 2361670, numEdges: 191402826
File read time: 1.71501
Before allocating graph
Allocated graph: 0x23d5570
Processing edges for vertex: 0, range(0, 166)
Processing edges for vertex: 100000, range(58444108, 58444133)
Processing edges for vertex: 200000, range(84376057, 84376362)
Processing edges for vertex: 300000, range(106069163, 106069503)
Processing edges for vertex: 400000, range(122097114, 122097513)
Processing edges for vertex: 500000, range(135096418, 135096483)
Processing edges for vertex: 600000, range(146097008, 146097061)
Processing edges for vertex: 700000, range(155415410, 155415531)
Processing edges for vertex: 800000, range(162595900, 162595989)
Processing edges for vertex: 900000, range(168508374, 168508464)
Processing edges for vertex: 1000000, range(173203321, 173203442)
Processing edges for vertex: 1100000, range(176935100, 176935110)
Processing edges for vertex: 1200000, range(179876260, 179876270)
Processing edges for vertex: 1300000, range(182240081, 182240092)
Processing edges for vertex: 1400000, range(184224513, 184224521)
Processing edges for vertex: 1500000, range(185795161, 185795170)
Processing edges for vertex: 1600000, range(187104124, 187104130)
Processing edges for vertex: 1700000, range(188148455, 188148461)
Processing edges for vertex: 1800000, range(188997836, 188997842)
Processing edges for vertex: 1900000, range(189691532, 189691535)
Processing edges for vertex: 2000000, range(190254658, 190254660)
Processing edges for vertex: 2100000, range(190705814, 190705822)
Processing edges for vertex: 2200000, range(191052755, 191052764)
Processing edges for vertex: 2300000, range(191302662, 191302663)
Graph populate time: 7.9668
Total I/O time: 9.68186

Regional(EnergyStat) - Time 9.686204 Total energy consumed 511.247565 Ave. Power Level 52.781002 
Running on: 3 threads
Loaded graph from file: pnnl.bin
Memory used: 2949.12
Maximum degree for the graph: 5520
Iteration: 0, conflicts: 1
Iteration: 1, conflicts: 0
Total number of colors used: 1179
Total number of conflicts overall: 0
Number of rounds: 2
SUCCESS: No conflicts found
Coloring time: 1.54795
Memory used: 2949.12
Number of reordered colors: 1008
End position for large colors: 0, node count: 551574, largest: 551574
Node count cutoff: 472334
e_xx: 1.18249e+08, a2_x: 6.17725e+11, currMod: 0.617782
e_xx: 1.62277e+08, a2_x: 5.12869e+11, currMod: 0.847814
e_xx: 1.69305e+08, a2_x: 5.35117e+11, currMod: 0.884531
e_xx: 1.72048e+08, a2_x: 5.42966e+11, currMod: 0.898864
e_xx: 1.73507e+08, a2_x: 5.39982e+11, currMod: 0.906487
currMod: 0.898864, prevMod: -1
Louvain time: 24.2158
numClusters: 204404, time: 0.109648
Next phase: 2
Memory used: 2949.12
End Structure 1311598 204404 vs 2825756
Build next level time: 6.13797
Iteration time: 30.4686
Memory used: 2949.12
e_xx: 1.59939e+08, a2_x: 5.40155e+11, currMod: 0.899383
e_xx: 1.71029e+08, a2_x: 3.70399e+11, currMod: 0.961752
e_xx: 1.72759e+08, a2_x: 2.80367e+11, currMod: 0.971483
e_xx: 1.73083e+08, a2_x: 2.36108e+11, currMod: 0.973304
e_xx: 1.7317e+08, a2_x: 2.75463e+11, currMod: 0.973793
e_xx: 1.73275e+08, a2_x: 2.1872e+11, currMod: 0.974382
e_xx: 1.73273e+08, a2_x: 2.43568e+11, currMod: 0.974372
currMod: 0.974382, prevMod: 0.898864
Louvain time: 2.51885
numClusters: 55386, time: 0.01628
Next phase: 3
Memory used: 2949.12
End Structure 567742 55386 vs 1190848
Build next level time: 0.262272
Iteration time: 2.79858
Memory used: 2949.12
e_xx: 1.73274e+08, a2_x: 2.20379e+11, currMod: 0.974364
e_xx: 1.74144e+08, a2_x: 5.57004e+10, currMod: 0.979261
e_xx: 1.7427e+08, a2_x: 4.26535e+10, currMod: 0.979967
e_xx: 1.74362e+08, a2_x: 5.28903e+10, currMod: 0.980486
e_xx: 1.74304e+08, a2_x: 6.70208e+10, currMod: 0.980161
currMod: 0.980486, prevMod: 0.974382
Louvain time: 0.776564
numClusters: 25960, time: 0.004951
Next phase: 4
Memory used: 2949.12
End Structure 182150 25960 vs 390259
Build next level time: 0.075647
Iteration time: 0.858077
Memory used: 2949.12
e_xx: 1.74362e+08, a2_x: 5.1897e+10, currMod: 0.980472
e_xx: 1.74539e+08, a2_x: 4.85621e+10, currMod: 0.981466
e_xx: 1.74566e+08, a2_x: 2.95642e+10, currMod: 0.981619
e_xx: 1.74567e+08, a2_x: 1.88198e+10, currMod: 0.981624
e_xx: 1.74567e+08, a2_x: 1.72553e+10, currMod: 0.981627
e_xx: 1.74567e+08, a2_x: 2.27725e+10, currMod: 0.981627
currMod: 0.981627, prevMod: 0.980486
Louvain time: 0.344681
numClusters: 22166, time: 0.003097
Next phase: 5
Memory used: 2949.12
End Structure 88030 22166 vs 198226
Build next level time: 0.029731
Iteration time: 0.378442
Memory used: 2949.12
e_xx: 1.74567e+08, a2_x: 1.65557e+10, currMod: 0.981625
e_xx: 1.74571e+08, a2_x: 2.91376e+10, currMod: 0.981647
e_xx: 1.74571e+08, a2_x: 3.0618e+10, currMod: 0.981647
currMod: 0.981647, prevMod: 0.981627
Louvain time: 0.093202
numClusters: 22020, time: 0.002731
Next phase: 6
Memory used: 2949.12
End Structure 79437 22020 vs 180894
Build next level time: 0.022337
Iteration time: 0.119162
Memory used: 2949.12
e_xx: 1.74571e+08, a2_x: 3.12522e+10, currMod: 0.981647
e_xx: 1.74572e+08, a2_x: 3.75809e+10, currMod: 0.981648
e_xx: 1.74572e+08, a2_x: 3.3955e+10, currMod: 0.981648
currMod: 0.981648, prevMod: 0.981647
Louvain time: 0.084684
numClusters: 21989, time: 0.002722
Next phase: 7
Memory used: 2949.12
End Structure 77345 21989 vs 176679
Build next level time: 0.021404
Iteration time: 0.109736
Memory used: 2949.12
e_xx: 1.74572e+08, a2_x: 3.77923e+10, currMod: 0.981648
e_xx: 1.74572e+08, a2_x: 3.78813e+10, currMod: 0.981648
currMod: 0.981648, prevMod: 0.981648
Louvain time: 0.05585
numClusters: 21989, time: 0.00272
Maximum degree for the graph: 485
Iteration: 0, conflicts: 0
Total number of colors used: 181
Total number of conflicts overall: 0
Number of rounds: 1
SUCCESS: No conflicts found
Number of reordered colors: 178
End position for large colors: 0, node count: 21549, largest: 21549
Node count cutoff: 4398
e_xx: 1.74572e+08, a2_x: 3.78813e+10, currMod: 0.981648
End Structure 77322 21988 vs 176632
currMod: 0.981648, prevMod: 0.981648
numClusters: 21988
Total iteration time: 34.7326

Loop 0 <line-37> - Time 0.000998 Total energy consumed 0.080160 Ave. Power Level 80.312674
	-------- Loop 0 (sock 1 consumed 0.046080, avg temp 45.000000, final temp 46 ) ------
	-------- Loop 0 (sock 2 consumed 0.034080, avg temp 39.000000, final temp 40 ) ------
Loop 1 <line-54> - Time 0.000506 Total energy consumed 0.000000 Ave. Power Level 0.000000
	-------- Loop 1 (sock 1 consumed 0.000000, avg temp 44.500000, final temp 45 ) ------
	-------- Loop 1 (sock 2 consumed 0.000000, avg temp 39.000000, final temp 40 ) ------
Loop 2 <line-76> - Time 0.001492 Total energy consumed 0.094110 Ave. Power Level 63.095649
	-------- Loop 2 (sock 1 consumed 0.022110, avg temp 44.500000, final temp 45 ) ------
	-------- Loop 2 (sock 2 consumed 0.072000, avg temp 39.000000, final temp 40 ) ------
Loop 3 <line-170> - Time 1.058035 Total energy consumed 59.234460 Ave. Power Level 55.985350
	-------- Loop 3 (sock 1 consumed 24.613140, avg temp 44.333333, final temp 45 ) ------
	-------- Loop 3 (sock 2 consumed 34.621320, avg temp 38.666667, final temp 40 ) ------
Loop 4 <line-192> - Time 0.000270 Total energy consumed 0.000000 Ave. Power Level 0.000000
	-------- Loop 4 (sock 1 consumed 0.000000, avg temp 44.500000, final temp 45 ) ------
	-------- Loop 4 (sock 2 consumed 0.000000, avg temp 39.000000, final temp 40 ) ------
Loop 5 <line-222> - Time 0.399852 Total energy consumed 22.012275 Ave. Power Level 55.051104
	-------- Loop 5 (sock 1 consumed 12.216915, avg temp 45.000000, final temp 45 ) ------
	-------- Loop 5 (sock 2 consumed 9.795360, avg temp 39.000000, final temp 40 ) ------
Loop 6 <line-116> - Time 0.006180 Total energy consumed 0.347955 Ave. Power Level 56.305093
	-------- Loop 6 (sock 1 consumed 0.153315, avg temp 44.285714, final temp 44 ) ------
	-------- Loop 6 (sock 2 consumed 0.194640, avg temp 38.857143, final temp 39 ) ------
Loop 7 <line-334> - Time 0.760779 Total energy consumed 40.102020 Ave. Power Level 52.711793
	-------- Loop 7 (sock 1 consumed 21.347640, avg temp 44.625000, final temp 46 ) ------
	-------- Loop 7 (sock 2 consumed 18.754380, avg temp 39.250000, final temp 41 ) ------
Loop 8 <line-353> - Time 0.000566 Total energy consumed 0.052020 Ave. Power Level 91.852788
	-------- Loop 8 (sock 1 consumed 0.029430, avg temp 44.625000, final temp 46 ) ------
	-------- Loop 8 (sock 2 consumed 0.022590, avg temp 39.375000, final temp 41 ) ------
Loop 9 <line-375> - Time 0.001172 Total energy consumed 0.134880 Ave. Power Level 115.099859
	-------- Loop 9 (sock 1 consumed 0.071160, avg temp 44.500000, final temp 46 ) ------
	-------- Loop 9 (sock 2 consumed 0.063720, avg temp 39.375000, final temp 41 ) ------
Loop 10 <line-85> - Time 0.165188 Total energy consumed 10.130520 Ave. Power Level 61.327228
	-------- Loop 10 (sock 1 consumed 5.165190, avg temp 46.250000, final temp 45 ) ------
	-------- Loop 10 (sock 2 consumed 4.965330, avg temp 39.250000, final temp 40 ) ------
Loop 11 <line-131> - Time 0.011226 Total energy consumed 0.820695 Ave. Power Level 73.105136
	-------- Loop 11 (sock 1 consumed 0.416265, avg temp 46.000000, final temp 45 ) ------
	-------- Loop 11 (sock 2 consumed 0.404430, avg temp 39.000000, final temp 40 ) ------
Loop 12 <line-167> - Time 0.098558 Total energy consumed 6.119790 Ave. Power Level 62.093299
	-------- Loop 12 (sock 1 consumed 3.120195, avg temp 46.500000, final temp 46 ) ------
	-------- Loop 12 (sock 2 consumed 2.999595, avg temp 39.000000, final temp 40 ) ------
Loop 13 <line-213> - Time 17.852884 Total energy consumed 1119.841965 Ave. Power Level 62.726111
	-------- Loop 13 (sock 1 consumed 554.998275, avg temp 48.166667, final temp 46 ) ------
	-------- Loop 13 (sock 2 consumed 564.843690, avg temp 39.333333, final temp 40 ) ------
Loop 14 <line-99> - Time 6.123318 Total energy consumed 326.550765 Ave. Power Level 53.329053
	-------- Loop 14 (sock 1 consumed 153.346575, avg temp 44.285714, final temp 45 ) ------
	-------- Loop 14 (sock 2 consumed 173.204190, avg temp 39.285714, final temp 39 ) ------
Loop 15 <line-160> - Time 0.175572 Total energy consumed 9.708975 Ave. Power Level 55.299146
	-------- Loop 15 (sock 1 consumed 4.414950, avg temp 44.571429, final temp 46 ) ------
	-------- Loop 15 (sock 2 consumed 5.294025, avg temp 39.285714, final temp 39 ) ------
Loop 16 <line-269> - Time 3.847691 Total energy consumed 203.964735 Ave. Power Level 53.009642
	-------- Loop 16 (sock 1 consumed 91.152360, avg temp 44.961538, final temp 44 ) ------
	-------- Loop 16 (sock 2 consumed 112.812375, avg temp 39.038462, final temp 41 ) ------
Loop 17 <line-300> - Time 0.003477 Total energy consumed 0.050430 Ave. Power Level 14.502961
	-------- Loop 17 (sock 1 consumed 0.020835, avg temp 45.150000, final temp 46 ) ------
	-------- Loop 17 (sock 2 consumed 0.029595, avg temp 39.000000, final temp 38 ) ------
Loop 18 <line-148> - Time 0.000888 Total energy consumed 0.092235 Ave. Power Level 103.831294
	-------- Loop 18 (sock 1 consumed 0.025980, avg temp 46.000000, final temp 46 ) ------
	-------- Loop 18 (sock 2 consumed 0.066255, avg temp 40.000000, final temp 40 ) ------
Application(EnergyStat) - Time 46.078454 Total energy consumed 2622.675000 Ave. Power Level 56.917600 Final Temperature socket 1 : 45  socket 2 : 38 
	 ParallelApplication(EnergyStat) - Time 30.508652 Total energy consumed 1799.337990 Ave. Power Level 58.977958
Memory used: 1.32031
Loading 32-bit binary file: pnnl.bin, numvertices: 2361670, numEdges: 191402826
File read time: 1.68884
Before allocating graph
Allocated graph: 0x6fd570
Processing edges for vertex: 0, range(0, 166)
Processing edges for vertex: 100000, range(58444108, 58444133)
Processing edges for vertex: 200000, range(84376057, 84376362)
Processing edges for vertex: 300000, range(106069163, 106069503)
Processing edges for vertex: 400000, range(122097114, 122097513)
Processing edges for vertex: 500000, range(135096418, 135096483)
Processing edges for vertex: 600000, range(146097008, 146097061)
Processing edges for vertex: 700000, range(155415410, 155415531)
Processing edges for vertex: 800000, range(162595900, 162595989)
Processing edges for vertex: 900000, range(168508374, 168508464)
Processing edges for vertex: 1000000, range(173203321, 173203442)
Processing edges for vertex: 1100000, range(176935100, 176935110)
Processing edges for vertex: 1200000, range(179876260, 179876270)
Processing edges for vertex: 1300000, range(182240081, 182240092)
Processing edges for vertex: 1400000, range(184224513, 184224521)
Processing edges for vertex: 1500000, range(185795161, 185795170)
Processing edges for vertex: 1600000, range(187104124, 187104130)
Processing edges for vertex: 1700000, range(188148455, 188148461)
Processing edges for vertex: 1800000, range(188997836, 188997842)
Processing edges for vertex: 1900000, range(189691532, 189691535)
Processing edges for vertex: 2000000, range(190254658, 190254660)
Processing edges for vertex: 2100000, range(190705814, 190705822)
Processing edges for vertex: 2200000, range(191052755, 191052764)
Processing edges for vertex: 2300000, range(191302662, 191302663)
Graph populate time: 8.21683
Total I/O time: 9.90571

Regional(EnergyStat) - Time 9.909735 Total energy consumed 526.435920 Ave. Power Level 53.123110 
Running on: 3 threads
Loaded graph from file: pnnl.bin
Memory used: 2949.12
Maximum degree for the graph: 5520
Iteration: 0, conflicts: 1
Iteration: 1, conflicts: 0
Total number of colors used: 1180
Total number of conflicts overall: 0
Number of rounds: 2
SUCCESS: No conflicts found
Coloring time: 1.51721
Memory used: 2949.12
Number of reordered colors: 1006
End position for large colors: 0, node count: 551494, largest: 551494
Node count cutoff: 472334
e_xx: 1.29008e+08, a2_x: 6.06326e+11, currMod: 0.673998
e_xx: 1.68206e+08, a2_x: 5.59789e+11, currMod: 0.87879
e_xx: 1.73625e+08, a2_x: 5.5072e+11, currMod: 0.907104
e_xx: 1.75694e+08, a2_x: 5.4299e+11, currMod: 0.917913
e_xx: 1.7693e+08, a2_x: 5.32659e+11, currMod: 0.924373
currMod: 0.917913, prevMod: -1
Louvain time: 24.1349
numClusters: 204580, time: 0.110162
Next phase: 2
Memory used: 2949.12
End Structure 1281082 204580 vs 2764710
Build next level time: 6.10684
Iteration time: 30.3574
Memory used: 2949.12
e_xx: 1.5412e+08, a2_x: 5.29643e+11, currMod: 0.914183
e_xx: 1.61667e+08, a2_x: 3.31485e+11, currMod: 0.958955
e_xx: 1.63354e+08, a2_x: 3.01493e+11, currMod: 0.96896
e_xx: 1.6376e+08, a2_x: 2.47075e+11, currMod: 0.971374
e_xx: 1.63871e+08, a2_x: 3.00814e+11, currMod: 0.972027
e_xx: 1.63966e+08, a2_x: 2.56582e+11, currMod: 0.972597
e_xx: 1.64016e+08, a2_x: 3.07666e+11, currMod: 0.972889
e_xx: 1.64063e+08, a2_x: 2.55734e+11, currMod: 0.97317
e_xx: 1.64065e+08, a2_x: 2.9835e+11, currMod: 0.973183
e_xx: 1.64101e+08, a2_x: 2.45005e+11, currMod: 0.973393
e_xx: 1.64096e+08, a2_x: 2.98856e+11, currMod: 0.973364
currMod: 0.973393, prevMod: 0.917913
Louvain time: 3.67678
numClusters: 49526, time: 0.015164
Next phase: 3
Memory used: 2949.12
End Structure 472262 49526 vs 994042
Build next level time: 0.225816
Iteration time: 3.91888
Memory used: 2949.12
e_xx: 1.641e+08, a2_x: 2.44343e+11, currMod: 0.97336
e_xx: 1.65019e+08, a2_x: 7.78918e+10, currMod: 0.978816
e_xx: 1.65089e+08, a2_x: 6.4403e+10, currMod: 0.979231
e_xx: 1.65193e+08, a2_x: 8.66367e+10, currMod: 0.979847
e_xx: 1.65119e+08, a2_x: 5.96186e+10, currMod: 0.979406
currMod: 0.979847, prevMod: 0.973393
Louvain time: 0.67676
numClusters: 25349, time: 0.004673
Next phase: 4
Memory used: 2949.12
End Structure 171019 25349 vs 367386
Build next level time: 0.067383
Iteration time: 0.749764
Memory used: 2949.12
e_xx: 1.65193e+08, a2_x: 8.63297e+10, currMod: 0.979836
e_xx: 1.65352e+08, a2_x: 1.34054e+10, currMod: 0.980778
e_xx: 1.65356e+08, a2_x: 3.83704e+10, currMod: 0.980806
e_xx: 1.65357e+08, a2_x: 1.40879e+10, currMod: 0.980812
e_xx: 1.65357e+08, a2_x: 2.38984e+09, currMod: 0.980811
currMod: 0.980812, prevMod: 0.979847
Louvain time: 0.271333
numClusters: 22192, time: 0.003074
Next phase: 5
Memory used: 2949.12
End Structure 92664 22192 vs 207520
Build next level time: 0.029573
Iteration time: 0.304887
Memory used: 2949.12
e_xx: 1.65357e+08, a2_x: 1.26998e+10, currMod: 0.98081
e_xx: 1.65361e+08, a2_x: 1.02363e+10, currMod: 0.98083
e_xx: 1.65363e+08, a2_x: 1.75201e+10, currMod: 0.980846
e_xx: 1.65361e+08, a2_x: 1.68167e+10, currMod: 0.98083
currMod: 0.980846, prevMod: 0.980812
Louvain time: 0.12721
numClusters: 22010, time: 0.002755
Next phase: 6
Memory used: 2949.12
End Structure 78773 22010 vs 179556
Build next level time: 0.026034
Iteration time: 0.156909
Memory used: 2949.12
e_xx: 1.65363e+08, a2_x: 1.82044e+10, currMod: 0.980846
e_xx: 1.65364e+08, a2_x: 2.24828e+10, currMod: 0.980847
currMod: 0.980846, prevMod: 0.980846
Louvain time: 0.054948
numClusters: 22010, time: 0.002748
Maximum degree for the graph: 499
Iteration: 0, conflicts: 0
Total number of colors used: 180
Total number of conflicts overall: 0
Number of rounds: 1
SUCCESS: No conflicts found
Number of reordered colors: 178
End position for large colors: 0, node count: 21564, largest: 21564
Node count cutoff: 4402
e_xx: 1.6546e+08, a2_x: 1.35334e+10, currMod: 0.981417
e_xx: 1.65449e+08, a2_x: 9.88664e+09, currMod: 0.981352
End Structure 31035 21821 vs 83891
currMod: 0.981417, prevMod: 0.980846
numClusters: 21821
Total iteration time: 35.4878

Loop 0 <line-37> - Time 0.001011 Total energy consumed 0.000000 Ave. Power Level 0.000000
	-------- Loop 0 (sock 1 consumed 0.000000, avg temp 46.500000, final temp 48 ) ------
	-------- Loop 0 (sock 2 consumed 0.000000, avg temp 37.500000, final temp 37 ) ------
Loop 1 <line-54> - Time 0.000551 Total energy consumed 0.000000 Ave. Power Level 0.000000
	-------- Loop 1 (sock 1 consumed 0.000000, avg temp 46.000000, final temp 47 ) ------
	-------- Loop 1 (sock 2 consumed 0.000000, avg temp 38.000000, final temp 38 ) ------
Loop 2 <line-76> - Time 0.001483 Total energy consumed 0.091260 Ave. Power Level 61.546970
	-------- Loop 2 (sock 1 consumed 0.069345, avg temp 46.500000, final temp 47 ) ------
	-------- Loop 2 (sock 2 consumed 0.021915, avg temp 38.000000, final temp 38 ) ------
Loop 3 <line-170> - Time 0.988356 Total energy consumed 55.491300 Ave. Power Level 56.145057
	-------- Loop 3 (sock 1 consumed 31.282890, avg temp 46.000000, final temp 47 ) ------
	-------- Loop 3 (sock 2 consumed 24.208410, avg temp 37.333333, final temp 38 ) ------
Loop 4 <line-192> - Time 0.000269 Total energy consumed 0.000000 Ave. Power Level 0.000000
	-------- Loop 4 (sock 1 consumed 0.000000, avg temp 46.500000, final temp 47 ) ------
	-------- Loop 4 (sock 2 consumed 0.000000, avg temp 37.500000, final temp 38 ) ------
Loop 5 <line-222> - Time 0.437486 Total energy consumed 24.026100 Ave. Power Level 54.918502
	-------- Loop 5 (sock 1 consumed 10.172655, avg temp 46.000000, final temp 47 ) ------
	-------- Loop 5 (sock 2 consumed 13.853445, avg temp 38.000000, final temp 38 ) ------
Loop 6 <line-116> - Time 0.005258 Total energy consumed 0.272670 Ave. Power Level 51.862214
	-------- Loop 6 (sock 1 consumed 0.113730, avg temp 44.500000, final temp 45 ) ------
	-------- Loop 6 (sock 2 consumed 0.158940, avg temp 37.833333, final temp 38 ) ------
Loop 7 <line-334> - Time 0.755496 Total energy consumed 40.015185 Ave. Power Level 52.965454
	-------- Loop 7 (sock 1 consumed 22.722690, avg temp 45.285714, final temp 47 ) ------
	-------- Loop 7 (sock 2 consumed 17.292495, avg temp 37.714286, final temp 38 ) ------
Loop 8 <line-353> - Time 0.000519 Total energy consumed 0.000000 Ave. Power Level 0.000000
	-------- Loop 8 (sock 1 consumed 0.000000, avg temp 45.285714, final temp 47 ) ------
	-------- Loop 8 (sock 2 consumed 0.000000, avg temp 37.714286, final temp 38 ) ------
Loop 9 <line-375> - Time 0.001254 Total energy consumed 0.051525 Ave. Power Level 41.082816
	-------- Loop 9 (sock 1 consumed 0.029325, avg temp 45.428571, final temp 47 ) ------
	-------- Loop 9 (sock 2 consumed 0.022200, avg temp 37.714286, final temp 38 ) ------
Loop 10 <line-85> - Time 0.155354 Total energy consumed 10.145130 Ave. Power Level 65.303125
	-------- Loop 10 (sock 1 consumed 5.349975, avg temp 46.500000, final temp 48 ) ------
	-------- Loop 10 (sock 2 consumed 4.795155, avg temp 38.000000, final temp 38 ) ------
Loop 11 <line-131> - Time 0.010804 Total energy consumed 0.655650 Ave. Power Level 60.687919
	-------- Loop 11 (sock 1 consumed 0.343785, avg temp 46.500000, final temp 48 ) ------
	-------- Loop 11 (sock 2 consumed 0.311865, avg temp 38.000000, final temp 38 ) ------
Loop 12 <line-167> - Time 0.129864 Total energy consumed 8.263080 Ave. Power Level 63.628708
	-------- Loop 12 (sock 1 consumed 4.335285, avg temp 46.500000, final temp 47 ) ------
	-------- Loop 12 (sock 2 consumed 3.927795, avg temp 37.500000, final temp 37 ) ------
Loop 13 <line-213> - Time 17.710795 Total energy consumed 1115.912040 Ave. Power Level 63.007450
	-------- Loop 13 (sock 1 consumed 563.409450, avg temp 47.857143, final temp 48 ) ------
	-------- Loop 13 (sock 2 consumed 552.502590, avg temp 38.142857, final temp 37 ) ------
Loop 14 <line-99> - Time 6.058449 Total energy consumed 325.877670 Ave. Power Level 53.788955
	-------- Loop 14 (sock 1 consumed 165.518595, avg temp 44.666667, final temp 46 ) ------
	-------- Loop 14 (sock 2 consumed 160.359075, avg temp 37.833333, final temp 38 ) ------
Loop 15 <line-160> - Time 0.155218 Total energy consumed 8.826090 Ave. Power Level 56.862717
	-------- Loop 15 (sock 1 consumed 4.019010, avg temp 45.166667, final temp 46 ) ------
	-------- Loop 15 (sock 2 consumed 4.807080, avg temp 37.666667, final temp 38 ) ------
Loop 16 <line-269> - Time 4.780210 Total energy consumed 255.987510 Ave. Power Level 53.551520
	-------- Loop 16 (sock 1 consumed 128.869485, avg temp 46.037037, final temp 48 ) ------
	-------- Loop 16 (sock 2 consumed 127.118025, avg temp 37.740741, final temp 38 ) ------
Loop 17 <line-300> - Time 0.005491 Total energy consumed 0.112365 Ave. Power Level 20.461958
	-------- Loop 17 (sock 1 consumed 0.088950, avg temp 46.136364, final temp 45 ) ------
	-------- Loop 17 (sock 2 consumed 0.023415, avg temp 37.636364, final temp 37 ) ------
Loop 18 <line-148> - Time 0.000859 Total energy consumed 0.000000 Ave. Power Level 0.000000
	-------- Loop 18 (sock 1 consumed 0.000000, avg temp 48.000000, final temp 48 ) ------
	-------- Loop 18 (sock 2 consumed 0.000000, avg temp 37.000000, final temp 37 ) ------
Application(EnergyStat) - Time 47.021015 Total energy consumed 2687.159445 Ave. Power Level 57.148052 Final Temperature socket 1 : 46  socket 2 : 37 
	 ParallelApplication(EnergyStat) - Time 31.198726 Total energy consumed 1845.727575 Ave. Power Level 59.160350
Memory used: 1.32031
Loading 32-bit binary file: pnnl.bin, numvertices: 2361670, numEdges: 191402826
File read time: 1.71918
Before allocating graph
Allocated graph: 0xa90570
Processing edges for vertex: 0, range(0, 166)
Processing edges for vertex: 100000, range(58444108, 58444133)
Processing edges for vertex: 200000, range(84376057, 84376362)
Processing edges for vertex: 300000, range(106069163, 106069503)
Processing edges for vertex: 400000, range(122097114, 122097513)
Processing edges for vertex: 500000, range(135096418, 135096483)
Processing edges for vertex: 600000, range(146097008, 146097061)
Processing edges for vertex: 700000, range(155415410, 155415531)
Processing edges for vertex: 800000, range(162595900, 162595989)
Processing edges for vertex: 900000, range(168508374, 168508464)
Processing edges for vertex: 1000000, range(173203321, 173203442)
Processing edges for vertex: 1100000, range(176935100, 176935110)
Processing edges for vertex: 1200000, range(179876260, 179876270)
Processing edges for vertex: 1300000, range(182240081, 182240092)
Processing edges for vertex: 1400000, range(184224513, 184224521)
Processing edges for vertex: 1500000, range(185795161, 185795170)
Processing edges for vertex: 1600000, range(187104124, 187104130)
Processing edges for vertex: 1700000, range(188148455, 188148461)
Processing edges for vertex: 1800000, range(188997836, 188997842)
Processing edges for vertex: 1900000, range(189691532, 189691535)
Processing edges for vertex: 2000000, range(190254658, 190254660)
Processing edges for vertex: 2100000, range(190705814, 190705822)
Processing edges for vertex: 2200000, range(191052755, 191052764)
Processing edges for vertex: 2300000, range(191302662, 191302663)
Graph populate time: 8.13375
Total I/O time: 9.85298

Regional(EnergyStat) - Time 9.857318 Total energy consumed 507.797895 Ave. Power Level 51.514812 
Running on: 3 threads
Loaded graph from file: pnnl.bin
Memory used: 2949.12
Maximum degree for the graph: 5520
Iteration: 0, conflicts: 1
Iteration: 1, conflicts: 0
Total number of colors used: 1183
Total number of conflicts overall: 0
Number of rounds: 2
SUCCESS: No conflicts found
Coloring time: 1.56783
Memory used: 2949.12
Number of reordered colors: 991
End position for large colors: 0, node count: 551423, largest: 551423
Node count cutoff: 472334
e_xx: 1.1773e+08, a2_x: 6.24569e+11, currMod: 0.615074
e_xx: 1.58959e+08, a2_x: 5.72585e+11, currMod: 0.83048
e_xx: 1.65248e+08, a2_x: 5.16236e+11, currMod: 0.863338
e_xx: 1.67814e+08, a2_x: 5.04302e+11, currMod: 0.876744
e_xx: 1.69203e+08, a2_x: 4.98517e+11, currMod: 0.884001
currMod: 0.876744, prevMod: -1
Louvain time: 24.5457
numClusters: 204476, time: 0.109263
Next phase: 2
Memory used: 2949.12
End Structure 1305131 204476 vs 2812861
Build next level time: 5.9732
Iteration time: 30.6338
Memory used: 2949.12
e_xx: 1.67193e+08, a2_x: 4.99166e+11, currMod: 0.882793
e_xx: 1.82536e+08, a2_x: 3.46548e+11, currMod: 0.963815
e_xx: 1.83382e+08, a2_x: 2.95977e+11, currMod: 0.968282
e_xx: 1.84157e+08, a2_x: 2.68587e+11, currMod: 0.972374
e_xx: 1.83726e+08, a2_x: 2.94159e+11, currMod: 0.970098
currMod: 0.972374, prevMod: 0.876744
Louvain time: 1.83623
numClusters: 60333, time: 0.017204
Next phase: 3
Memory used: 2949.12
End Structure 616140 60333 vs 1292583
Build next level time: 0.298206
Iteration time: 2.15281
Memory used: 2949.12
e_xx: 1.84156e+08, a2_x: 2.71565e+11, currMod: 0.972375
e_xx: 1.85668e+08, a2_x: 9.64373e+10, currMod: 0.980364
e_xx: 1.85767e+08, a2_x: 3.75376e+10, currMod: 0.980885
e_xx: 1.85862e+08, a2_x: 4.91379e+10, currMod: 0.981389
e_xx: 1.85802e+08, a2_x: 5.47213e+10, currMod: 0.981072
currMod: 0.981389, prevMod: 0.972374
Louvain time: 0.823102
numClusters: 26255, time: 0.00538
Next phase: 4
Memory used: 2949.12
End Structure 187088 26255 vs 400430
Build next level time: 0.090893
Iteration time: 0.920265
Memory used: 2949.12
e_xx: 1.85862e+08, a2_x: 5.01345e+10, currMod: 0.981366
e_xx: 1.8612e+08, a2_x: 1.17151e+10, currMod: 0.98273
e_xx: 1.86145e+08, a2_x: 9.67574e+09, currMod: 0.982862
e_xx: 1.86147e+08, a2_x: 6.47489e+09, currMod: 0.98287
e_xx: 1.86147e+08, a2_x: 2.15811e+10, currMod: 0.982873
e_xx: 1.86147e+08, a2_x: 8.23973e+09, currMod: 0.982872
currMod: 0.982873, prevMod: 0.981389
Louvain time: 0.347462
numClusters: 22148, time: 0.003164
Next phase: 5
Memory used: 2949.12
End Structure 88834 22148 vs 199816
Build next level time: 0.030054
Iteration time: 0.381579
Memory used: 2949.12
e_xx: 1.86147e+08, a2_x: 1.97026e+10, currMod: 0.982869
e_xx: 1.86153e+08, a2_x: 5.07821e+09, currMod: 0.9829
e_xx: 1.86154e+08, a2_x: -1.46269e+09, currMod: 0.982904
e_xx: 1.86154e+08, a2_x: 6.26259e+09, currMod: 0.982906
e_xx: 1.86154e+08, a2_x: -2.20405e+09, currMod: 0.982906
currMod: 0.982906, prevMod: 0.982873
Louvain time: 0.146519
numClusters: 21961, time: 0.002751
Next phase: 6
Memory used: 2949.12
End Structure 72329 21961 vs 166619
Build next level time: 0.02075
Iteration time: 0.170897
Memory used: 2949.12
e_xx: 1.86154e+08, a2_x: 1.04748e+10, currMod: 0.982906
e_xx: 1.86155e+08, a2_x: 1.41196e+10, currMod: 0.982906
currMod: 0.982906, prevMod: 0.982906
Louvain time: 0.050434
numClusters: 21961, time: 0.002754
Maximum degree for the graph: 458
Iteration: 0, conflicts: 0
Total number of colors used: 188
Total number of conflicts overall: 0
Number of rounds: 1
SUCCESS: No conflicts found
Number of reordered colors: 188
End position for large colors: 0, node count: 21546, largest: 21546
Node count cutoff: 4393
e_xx: 1.86155e+08, a2_x: 1.36019e+10, currMod: 0.982909
e_xx: 1.86157e+08, a2_x: 1.43643e+10, currMod: 0.982917
e_xx: 1.88392e+08, a2_x: 1.39494e+10, currMod: 0.994718
e_xx: 1.88679e+08, a2_x: 6.9905e+08, currMod: 0.996237
e_xx: 1.88681e+08, a2_x: 3.28199e+09, currMod: 0.996244
e_xx: 1.88729e+08, a2_x: 5.13891e+09, currMod: 0.996502
e_xx: 1.88669e+08, a2_x: 3.41206e+09, currMod: 0.996185
End Structure 3271 21626 vs 28168
currMod: 0.996502, prevMod: 0.982906
numClusters: 21626
Total iteration time: 34.2594

Loop 0 <line-37> - Time 0.001014 Total energy consumed 0.071205 Ave. Power Level 70.252794
	-------- Loop 0 (sock 1 consumed 0.038730, avg temp 46.000000, final temp 48 ) ------
	-------- Loop 0 (sock 2 consumed 0.032475, avg temp 37.500000, final temp 38 ) ------
Loop 1 <line-54> - Time 0.000517 Total energy consumed 0.053520 Ave. Power Level 103.581016
	-------- Loop 1 (sock 1 consumed 0.020805, avg temp 46.000000, final temp 48 ) ------
	-------- Loop 1 (sock 2 consumed 0.032715, avg temp 37.500000, final temp 38 ) ------
Loop 2 <line-76> - Time 0.001485 Total energy consumed 0.126570 Ave. Power Level 85.252072
	-------- Loop 2 (sock 1 consumed 0.061425, avg temp 46.500000, final temp 48 ) ------
	-------- Loop 2 (sock 2 consumed 0.065145, avg temp 37.500000, final temp 38 ) ------
Loop 3 <line-170> - Time 1.072072 Total energy consumed 59.589615 Ave. Power Level 55.583607
	-------- Loop 3 (sock 1 consumed 32.158920, avg temp 45.666667, final temp 47 ) ------
	-------- Loop 3 (sock 2 consumed 27.430695, avg temp 37.000000, final temp 38 ) ------
Loop 4 <line-192> - Time 0.000373 Total energy consumed 0.000000 Ave. Power Level 0.000000
	-------- Loop 4 (sock 1 consumed 0.000000, avg temp 46.000000, final temp 47 ) ------
	-------- Loop 4 (sock 2 consumed 0.000000, avg temp 37.500000, final temp 38 ) ------
Loop 5 <line-222> - Time 0.404014 Total energy consumed 22.097505 Ave. Power Level 54.694884
	-------- Loop 5 (sock 1 consumed 13.106595, avg temp 46.000000, final temp 47 ) ------
	-------- Loop 5 (sock 2 consumed 8.990910, avg temp 38.000000, final temp 38 ) ------
Loop 6 <line-116> - Time 0.004941 Total energy consumed 0.330165 Ave. Power Level 66.823441
	-------- Loop 6 (sock 1 consumed 0.149355, avg temp 44.833333, final temp 45 ) ------
	-------- Loop 6 (sock 2 consumed 0.180810, avg temp 37.333333, final temp 37 ) ------
Loop 7 <line-334> - Time 0.758129 Total energy consumed 39.942870 Ave. Power Level 52.686110
	-------- Loop 7 (sock 1 consumed 22.991400, avg temp 45.714286, final temp 47 ) ------
	-------- Loop 7 (sock 2 consumed 16.951470, avg temp 37.142857, final temp 37 ) ------
Loop 8 <line-353> - Time 0.000450 Total energy consumed 0.000000 Ave. Power Level 0.000000
	-------- Loop 8 (sock 1 consumed 0.000000, avg temp 45.714286, final temp 47 ) ------
	-------- Loop 8 (sock 2 consumed 0.000000, avg temp 37.142857, final temp 37 ) ------
Loop 9 <line-375> - Time 0.001160 Total energy consumed 0.064170 Ave. Power Level 55.297609
	-------- Loop 9 (sock 1 consumed 0.042000, avg temp 45.714286, final temp 47 ) ------
	-------- Loop 9 (sock 2 consumed 0.022170, avg temp 37.000000, final temp 37 ) ------
Loop 10 <line-85> - Time 0.074226 Total energy consumed 4.358145 Ave. Power Level 58.714771
	-------- Loop 10 (sock 1 consumed 2.733030, avg temp 47.000000, final temp 47 ) ------
	-------- Loop 10 (sock 2 consumed 1.625115, avg temp 36.750000, final temp 37 ) ------
Loop 11 <line-131> - Time 0.011032 Total energy consumed 0.652650 Ave. Power Level 59.158886
	-------- Loop 11 (sock 1 consumed 0.411255, avg temp 47.500000, final temp 47 ) ------
	-------- Loop 11 (sock 2 consumed 0.241395, avg temp 36.500000, final temp 37 ) ------
Loop 12 <line-167> - Time 0.062907 Total energy consumed 3.697590 Ave. Power Level 58.778775
	-------- Loop 12 (sock 1 consumed 2.299620, avg temp 48.000000, final temp 48 ) ------
	-------- Loop 12 (sock 2 consumed 1.397970, avg temp 37.500000, final temp 38 ) ------
Loop 13 <line-213> - Time 18.366170 Total energy consumed 1150.862880 Ave. Power Level 62.662106
	-------- Loop 13 (sock 1 consumed 607.211505, avg temp 47.500000, final temp 47 ) ------
	-------- Loop 13 (sock 2 consumed 543.651375, avg temp 38.333333, final temp 38 ) ------
Loop 14 <line-99> - Time 5.942212 Total energy consumed 314.692770 Ave. Power Level 52.958861
	-------- Loop 14 (sock 1 consumed 181.667715, avg temp 45.500000, final temp 47 ) ------
	-------- Loop 14 (sock 2 consumed 133.025055, avg temp 37.166667, final temp 38 ) ------
Loop 15 <line-160> - Time 0.175174 Total energy consumed 9.785055 Ave. Power Level 55.859086
	-------- Loop 15 (sock 1 consumed 4.674810, avg temp 45.833333, final temp 47 ) ------
	-------- Loop 15 (sock 2 consumed 5.110245, avg temp 37.500000, final temp 38 ) ------
Loop 16 <line-269> - Time 3.178405 Total energy consumed 169.996170 Ave. Power Level 53.484749
	-------- Loop 16 (sock 1 consumed 89.745480, avg temp 46.217391, final temp 48 ) ------
	-------- Loop 16 (sock 2 consumed 80.250690, avg temp 37.130435, final temp 38 ) ------
Loop 17 <line-300> - Time 0.002755 Total energy consumed 0.051765 Ave. Power Level 18.787285
	-------- Loop 17 (sock 1 consumed 0.029625, avg temp 46.000000, final temp 48 ) ------
	-------- Loop 17 (sock 2 consumed 0.022140, avg temp 37.111111, final temp 37 ) ------
Loop 18 <line-148> - Time 0.000902 Total energy consumed 0.055155 Ave. Power Level 61.180482
	-------- Loop 18 (sock 1 consumed 0.024015, avg temp 48.000000, final temp 48 ) ------
	-------- Loop 18 (sock 2 consumed 0.031140, avg temp 38.000000, final temp 38 ) ------
Application(EnergyStat) - Time 45.815756 Total energy consumed 2596.446405 Ave. Power Level 56.671474 Final Temperature socket 1 : 47  socket 2 : 38 
	 ParallelApplication(EnergyStat) - Time 30.057936 Total energy consumed 1776.427800 Ave. Power Level 59.100126
Memory used: 1.32031
Loading 32-bit binary file: pnnl.bin, numvertices: 2361670, numEdges: 191402826
File read time: 1.69546
Before allocating graph
Allocated graph: 0xaa2570
Processing edges for vertex: 0, range(0, 166)
Processing edges for vertex: 100000, range(58444108, 58444133)
Processing edges for vertex: 200000, range(84376057, 84376362)
Processing edges for vertex: 300000, range(106069163, 106069503)
Processing edges for vertex: 400000, range(122097114, 122097513)
Processing edges for vertex: 500000, range(135096418, 135096483)
Processing edges for vertex: 600000, range(146097008, 146097061)
Processing edges for vertex: 700000, range(155415410, 155415531)
Processing edges for vertex: 800000, range(162595900, 162595989)
Processing edges for vertex: 900000, range(168508374, 168508464)
Processing edges for vertex: 1000000, range(173203321, 173203442)
Processing edges for vertex: 1100000, range(176935100, 176935110)
Processing edges for vertex: 1200000, range(179876260, 179876270)
Processing edges for vertex: 1300000, range(182240081, 182240092)
Processing edges for vertex: 1400000, range(184224513, 184224521)
Processing edges for vertex: 1500000, range(185795161, 185795170)
Processing edges for vertex: 1600000, range(187104124, 187104130)
Processing edges for vertex: 1700000, range(188148455, 188148461)
Processing edges for vertex: 1800000, range(188997836, 188997842)
Processing edges for vertex: 1900000, range(189691532, 189691535)
Processing edges for vertex: 2000000, range(190254658, 190254660)
Processing edges for vertex: 2100000, range(190705814, 190705822)
Processing edges for vertex: 2200000, range(191052755, 191052764)
Processing edges for vertex: 2300000, range(191302662, 191302663)
Graph populate time: 8.13289
Total I/O time: 9.8284

Regional(EnergyStat) - Time 9.832719 Total energy consumed 504.806895 Ave. Power Level 51.339503 
Running on: 3 threads
Loaded graph from file: pnnl.bin
Memory used: 2949.12
Maximum degree for the graph: 5520
Iteration: 0, conflicts: 0
Total number of colors used: 1179
Total number of conflicts overall: 0
Number of rounds: 1
SUCCESS: No conflicts found
Coloring time: 1.5649
Memory used: 2949.12
Number of reordered colors: 1010
End position for large colors: 0, node count: 551593, largest: 551593
Node count cutoff: 472334
e_xx: 1.28147e+08, a2_x: 5.74179e+11, currMod: 0.669498
e_xx: 1.68512e+08, a2_x: 5.83706e+11, currMod: 0.880391
e_xx: 1.74137e+08, a2_x: 5.24572e+11, currMod: 0.909779
e_xx: 1.7624e+08, a2_x: 5.49626e+11, currMod: 0.920765
e_xx: 1.77357e+08, a2_x: 5.60583e+11, currMod: 0.926603
currMod: 0.920765, prevMod: -1
Louvain time: 23.9203
numClusters: 205152, time: 0.097055
Next phase: 2
Memory used: 2949.12
End Structure 1322986 205152 vs 2849353
Build next level time: 6.23896
Iteration time: 30.2616
Memory used: 2949.12
e_xx: 1.54571e+08, a2_x: 5.63277e+11, currMod: 0.916725
e_xx: 1.61802e+08, a2_x: 3.22691e+11, currMod: 0.959618
e_xx: 1.63221e+08, a2_x: 2.89171e+11, currMod: 0.968034
e_xx: 1.63618e+08, a2_x: 2.45579e+11, currMod: 0.970389
e_xx: 1.63698e+08, a2_x: 3.046e+11, currMod: 0.970865
e_xx: 1.63813e+08, a2_x: 2.39536e+11, currMod: 0.971547
e_xx: 1.63808e+08, a2_x: 2.89073e+11, currMod: 0.971519
currMod: 0.971547, prevMod: 0.920765
Louvain time: 2.61277
numClusters: 57747, time: 0.015037
Next phase: 3
Memory used: 2949.12
End Structure 633510 57747 vs 1324751
Build next level time: 0.248218
Iteration time: 2.8772
Memory used: 2949.12
e_xx: 1.63813e+08, a2_x: 2.39618e+11, currMod: 0.97152
e_xx: 1.64795e+08, a2_x: 5.5697e+10, currMod: 0.977352
e_xx: 1.6498e+08, a2_x: 4.93749e+10, currMod: 0.97845
e_xx: 1.65047e+08, a2_x: 3.30203e+10, currMod: 0.978847
e_xx: 1.65059e+08, a2_x: 4.39698e+10, currMod: 0.978916
e_xx: 1.65081e+08, a2_x: 3.60468e+10, currMod: 0.979047
e_xx: 1.6508e+08, a2_x: 4.1571e+10, currMod: 0.979043
currMod: 0.979047, prevMod: 0.971547
Louvain time: 1.16469
numClusters: 25617, time: 0.005019
Next phase: 4
Memory used: 2949.12
End Structure 193011 25617 vs 411639
Build next level time: 0.092686
Iteration time: 1.26334
Memory used: 2949.12
e_xx: 1.65081e+08, a2_x: 3.53806e+10, currMod: 0.979031
e_xx: 1.65311e+08, a2_x: 2.29821e+10, currMod: 0.980396
e_xx: 1.65341e+08, a2_x: 3.79628e+10, currMod: 0.980575
e_xx: 1.65347e+08, a2_x: 4.56079e+10, currMod: 0.980609
e_xx: 1.65342e+08, a2_x: 5.48149e+10, currMod: 0.980582
currMod: 0.980609, prevMod: 0.979047
Louvain time: 0.303298
numClusters: 22193, time: 0.003093
Next phase: 5
Memory used: 2949.12
End Structure 93449 22193 vs 209091
Build next level time: 0.030313
Iteration time: 0.337629
Memory used: 2949.12
e_xx: 1.65347e+08, a2_x: 4.7396e+10, currMod: 0.980607
e_xx: 1.65351e+08, a2_x: 4.76084e+10, currMod: 0.980633
e_xx: 1.65352e+08, a2_x: 3.46491e+10, currMod: 0.980637
e_xx: 1.65352e+08, a2_x: 1.26883e+10, currMod: 0.98064
e_xx: 1.65361e+08, a2_x: 2.16241e+10, currMod: 0.980693
e_xx: 1.65361e+08, a2_x: 3.35749e+09, currMod: 0.980694
currMod: 0.980693, prevMod: 0.980609
Louvain time: 0.185901
numClusters: 21966, time: 0.002739
Next phase: 6
Memory used: 2949.12
End Structure 71095 21966 vs 164156
Build next level time: 0.020886
Iteration time: 0.210423
Memory used: 2949.12
e_xx: 1.65361e+08, a2_x: 2.09384e+10, currMod: 0.980693
e_xx: 1.65361e+08, a2_x: 2.27499e+10, currMod: 0.980694
currMod: 0.980693, prevMod: 0.980693
Louvain time: 0.05005
numClusters: 21966, time: 0.002702
Maximum degree for the graph: 462
Iteration: 0, conflicts: 0
Total number of colors used: 175
Total number of conflicts overall: 0
Number of rounds: 1
SUCCESS: No conflicts found
Number of reordered colors: 171
End position for large colors: 0, node count: 21551, largest: 21551
Node count cutoff: 4394
e_xx: 1.65361e+08, a2_x: 2.27499e+10, currMod: 0.980694
End Structure 70985 21960 vs 163930
currMod: 0.980693, prevMod: 0.980693
numClusters: 21960
Total iteration time: 34.9502

Loop 0 <line-37> - Time 0.001014 Total energy consumed 0.000000 Ave. Power Level 0.000000
	-------- Loop 0 (sock 1 consumed 0.000000, avg temp 45.000000, final temp 46 ) ------
	-------- Loop 0 (sock 2 consumed 0.000000, avg temp 37.000000, final temp 38 ) ------
Loop 1 <line-54> - Time 0.000487 Total energy consumed 0.000000 Ave. Power Level 0.000000
	-------- Loop 1 (sock 1 consumed 0.000000, avg temp 45.000000, final temp 46 ) ------
	-------- Loop 1 (sock 2 consumed 0.000000, avg temp 37.500000, final temp 38 ) ------
Loop 2 <line-76> - Time 0.001472 Total energy consumed 0.066045 Ave. Power Level 44.860853
	-------- Loop 2 (sock 1 consumed 0.027285, avg temp 45.500000, final temp 46 ) ------
	-------- Loop 2 (sock 2 consumed 0.038760, avg temp 37.500000, final temp 38 ) ------
Loop 3 <line-170> - Time 1.064068 Total energy consumed 59.366640 Ave. Power Level 55.792160
	-------- Loop 3 (sock 1 consumed 24.556560, avg temp 45.500000, final temp 47 ) ------
	-------- Loop 3 (sock 2 consumed 34.810080, avg temp 37.500000, final temp 38 ) ------
Loop 4 <line-192> - Time 0.000270 Total energy consumed 0.052905 Ave. Power Level 195.829848
	-------- Loop 4 (sock 1 consumed 0.021360, avg temp 45.500000, final temp 47 ) ------
	-------- Loop 4 (sock 2 consumed 0.031545, avg temp 37.500000, final temp 38 ) ------
Loop 5 <line-222> - Time 0.409505 Total energy consumed 22.744140 Ave. Power Level 55.540566
	-------- Loop 5 (sock 1 consumed 9.124095, avg temp 45.000000, final temp 46 ) ------
	-------- Loop 5 (sock 2 consumed 13.620045, avg temp 37.500000, final temp 37 ) ------
Loop 6 <line-116> - Time 0.005199 Total energy consumed 0.163560 Ave. Power Level 31.457058
	-------- Loop 6 (sock 1 consumed 0.064275, avg temp 44.333333, final temp 45 ) ------
	-------- Loop 6 (sock 2 consumed 0.099285, avg temp 37.666667, final temp 38 ) ------
Loop 7 <line-334> - Time 0.774892 Total energy consumed 41.069130 Ave. Power Level 52.999845
	-------- Loop 7 (sock 1 consumed 17.073255, avg temp 45.000000, final temp 46 ) ------
	-------- Loop 7 (sock 2 consumed 23.995875, avg temp 37.285714, final temp 37 ) ------
Loop 8 <line-353> - Time 0.000526 Total energy consumed 0.072645 Ave. Power Level 137.983236
	-------- Loop 8 (sock 1 consumed 0.041910, avg temp 45.000000, final temp 46 ) ------
	-------- Loop 8 (sock 2 consumed 0.030735, avg temp 37.285714, final temp 37 ) ------
Loop 9 <line-375> - Time 0.001224 Total energy consumed 0.069585 Ave. Power Level 56.859177
	-------- Loop 9 (sock 1 consumed 0.029040, avg temp 45.000000, final temp 46 ) ------
	-------- Loop 9 (sock 2 consumed 0.040545, avg temp 37.142857, final temp 37 ) ------
Loop 10 <line-85> - Time 0.147866 Total energy consumed 9.413805 Ave. Power Level 63.664519
	-------- Loop 10 (sock 1 consumed 4.264980, avg temp 45.500000, final temp 46 ) ------
	-------- Loop 10 (sock 2 consumed 5.148825, avg temp 38.000000, final temp 38 ) ------
Loop 11 <line-131> - Time 0.010748 Total energy consumed 0.747075 Ave. Power Level 69.507615
	-------- Loop 11 (sock 1 consumed 0.320010, avg temp 45.500000, final temp 46 ) ------
	-------- Loop 11 (sock 2 consumed 0.427065, avg temp 37.500000, final temp 38 ) ------
Loop 12 <line-167> - Time 0.121681 Total energy consumed 7.822740 Ave. Power Level 64.288824
	-------- Loop 12 (sock 1 consumed 3.555045, avg temp 45.500000, final temp 46 ) ------
	-------- Loop 12 (sock 2 consumed 4.267695, avg temp 38.000000, final temp 38 ) ------
Loop 13 <line-213> - Time 17.524652 Total energy consumed 1137.864750 Ave. Power Level 64.929377
	-------- Loop 13 (sock 1 consumed 511.585650, avg temp 45.833333, final temp 47 ) ------
	-------- Loop 13 (sock 2 consumed 626.279100, avg temp 38.333333, final temp 38 ) ------
Loop 14 <line-99> - Time 6.226836 Total energy consumed 337.785645 Ave. Power Level 54.246757
	-------- Loop 14 (sock 1 consumed 178.435380, avg temp 44.666667, final temp 45 ) ------
	-------- Loop 14 (sock 2 consumed 159.350265, avg temp 37.500000, final temp 38 ) ------
Loop 15 <line-160> - Time 0.163829 Total energy consumed 9.286065 Ave. Power Level 56.681482
	-------- Loop 15 (sock 1 consumed 4.034100, avg temp 45.166667, final temp 46 ) ------
	-------- Loop 15 (sock 2 consumed 5.251965, avg temp 37.833333, final temp 38 ) ------
Loop 16 <line-269> - Time 4.289553 Total energy consumed 227.783775 Ave. Power Level 53.101981
	-------- Loop 16 (sock 1 consumed 107.351145, avg temp 45.814815, final temp 47 ) ------
	-------- Loop 16 (sock 2 consumed 120.432630, avg temp 37.703704, final temp 37 ) ------
Loop 17 <line-300> - Time 0.004136 Total energy consumed 0.170070 Ave. Power Level 41.119688
	-------- Loop 17 (sock 1 consumed 0.094095, avg temp 46.045455, final temp 47 ) ------
	-------- Loop 17 (sock 2 consumed 0.075975, avg temp 37.636364, final temp 38 ) ------
Loop 18 <line-148> - Time 0.000857 Total energy consumed 0.000000 Ave. Power Level 0.000000
	-------- Loop 18 (sock 1 consumed 0.000000, avg temp 46.000000, final temp 46 ) ------
	-------- Loop 18 (sock 2 consumed 0.000000, avg temp 38.000000, final temp 38 ) ------
Application(EnergyStat) - Time 46.445809 Total energy consumed 2673.196650 Ave. Power Level 57.555174 Final Temperature socket 1 : 44  socket 2 : 38 
	 ParallelApplication(EnergyStat) - Time 30.748815 Total energy consumed 1854.478575 Ave. Power Level 60.310570
