Memory used: 1.32422
Loading 32-bit binary file: pnnl.bin, numvertices: 2361670, numEdges: 191402826
File read time: 1.57424
Before allocating graph
Allocated graph: 0x13c6570
Processing edges for vertex: 0, range(0, 166)
Processing edges for vertex: 100000, range(58444108, 58444133)
Processing edges for vertex: 200000, range(84376057, 84376362)
Processing edges for vertex: 300000, range(106069163, 106069503)
Processing edges for vertex: 400000, range(122097114, 122097513)
Processing edges for vertex: 500000, range(135096418, 135096483)
Processing edges for vertex: 600000, range(146097008, 146097061)
Processing edges for vertex: 700000, range(155415410, 155415531)
Processing edges for vertex: 800000, range(162595900, 162595989)
Processing edges for vertex: 900000, range(168508374, 168508464)
Processing edges for vertex: 1000000, range(173203321, 173203442)
Processing edges for vertex: 1100000, range(176935100, 176935110)
Processing edges for vertex: 1200000, range(179876260, 179876270)
Processing edges for vertex: 1300000, range(182240081, 182240092)
Processing edges for vertex: 1400000, range(184224513, 184224521)
Processing edges for vertex: 1500000, range(185795161, 185795170)
Processing edges for vertex: 1600000, range(187104124, 187104130)
Processing edges for vertex: 1700000, range(188148455, 188148461)
Processing edges for vertex: 1800000, range(188997836, 188997842)
Processing edges for vertex: 1900000, range(189691532, 189691535)
Processing edges for vertex: 2000000, range(190254658, 190254660)
Processing edges for vertex: 2100000, range(190705814, 190705822)
Processing edges for vertex: 2200000, range(191052755, 191052764)
Processing edges for vertex: 2300000, range(191302662, 191302663)
Graph populate time: 7.52734
Total I/O time: 9.10162

Regional(EnergyStat) - Time 9.105597 Total energy consumed 517.275465 Ave. Power Level 56.808514 
Running on: 1 threads
Loaded graph from file: pnnl.bin
Memory used: 2949.12
Maximum degree for the graph: 5520
Iteration: 0, conflicts: 0
Total number of colors used: 1182
Total number of conflicts overall: 0
Number of rounds: 1
SUCCESS: No conflicts found
Coloring time: 2.00379
Memory used: 2949.12
Number of reordered colors: 1012
End position for large colors: 0, node count: 547603, largest: 547603
Node count cutoff: 472334
e_xx: 1.1965e+08, a2_x: 6.41408e+11, currMod: 0.625102
e_xx: 1.65266e+08, a2_x: 5.7242e+11, currMod: 0.863433
e_xx: 1.71549e+08, a2_x: 4.8629e+11, currMod: 0.896259
e_xx: 1.74054e+08, a2_x: 4.74975e+11, currMod: 0.909345
e_xx: 1.75286e+08, a2_x: 5.19389e+11, currMod: 0.915784
currMod: 0.909345, prevMod: -1
Louvain time: 51.0287
numClusters: 204449, time: 0.100127
Next phase: 2
Memory used: 2949.12
End Structure 1319830 204449 vs 2842150
Build next level time: 7.36837
Iteration time: 58.5031
Memory used: 2949.12
e_xx: 1.56671e+08, a2_x: 5.19525e+11, currMod: 0.906749
e_xx: 1.65798e+08, a2_x: 3.3103e+11, currMod: 0.959577
e_xx: 1.67497e+08, a2_x: 2.80289e+11, currMod: 0.969412
e_xx: 1.67888e+08, a2_x: 2.91505e+11, currMod: 0.971674
e_xx: 1.68025e+08, a2_x: 2.86625e+11, currMod: 0.972466
e_xx: 1.6811e+08, a2_x: 2.97049e+11, currMod: 0.972962
e_xx: 1.68122e+08, a2_x: 3.12195e+11, currMod: 0.973027
e_xx: 1.68166e+08, a2_x: 3.13491e+11, currMod: 0.973286
e_xx: 1.68158e+08, a2_x: 3.12479e+11, currMod: 0.97324
currMod: 0.973286, prevMod: 0.909345
Louvain time: 3.5811
numClusters: 51743, time: 0.012812
Next phase: 3
Memory used: 2949.12
End Structure 518860 51743 vs 1089450
Build next level time: 0.297221
Iteration time: 3.89776
Memory used: 2949.12
e_xx: 1.68166e+08, a2_x: 3.12365e+11, currMod: 0.97326
e_xx: 1.69083e+08, a2_x: 1.16758e+11, currMod: 0.978572
e_xx: 1.69198e+08, a2_x: 7.3917e+10, currMod: 0.979242
e_xx: 1.6929e+08, a2_x: 6.25833e+10, currMod: 0.979771
e_xx: 1.69227e+08, a2_x: 4.19352e+10, currMod: 0.979409
currMod: 0.979771, prevMod: 0.973286
Louvain time: 0.703079
numClusters: 25637, time: 0.004045
Next phase: 4
Memory used: 2949.12
End Structure 179681 25637 vs 384999
Build next level time: 0.069798
Iteration time: 0.778799
Memory used: 2949.12
e_xx: 1.6929e+08, a2_x: 6.18102e+10, currMod: 0.979758
e_xx: 1.69509e+08, a2_x: 7.3425e+09, currMod: 0.981028
e_xx: 1.69522e+08, a2_x: 5.8637e+08, currMod: 0.981107
e_xx: 1.69522e+08, a2_x: -1.1042e+10, currMod: 0.981107
currMod: 0.981107, prevMod: 0.979771
Louvain time: 0.202845
numClusters: 22233, time: 0.002549
Next phase: 5
Memory used: 2949.12
End Structure 97931 22233 vs 218095
Build next level time: 0.02756
Iteration time: 0.234847
Memory used: 2949.12
e_xx: 1.69522e+08, a2_x: 4.27258e+09, currMod: 0.981104
e_xx: 1.69527e+08, a2_x: 9.97149e+09, currMod: 0.981128
e_xx: 1.69526e+08, a2_x: 2.62785e+10, currMod: 0.981126
currMod: 0.981128, prevMod: 0.981107
Louvain time: 0.090678
numClusters: 22051, time: 0.00217
Next phase: 6
Memory used: 2949.12
End Structure 87959 22051 vs 197969
Build next level time: 0.021009
Iteration time: 0.115704
Memory used: 2949.12
e_xx: 1.69527e+08, a2_x: 1.0484e+10, currMod: 0.981128
e_xx: 1.69527e+08, a2_x: 1.96106e+10, currMod: 0.981129
currMod: 0.981128, prevMod: 0.981128
Louvain time: 0.055503
numClusters: 22051, time: 0.002181
Maximum degree for the graph: 543
Iteration: 0, conflicts: 0
Total number of colors used: 181
Total number of conflicts overall: 0
Number of rounds: 1
SUCCESS: No conflicts found
Number of reordered colors: 177
End position for large colors: 0, node count: 21561, largest: 21561
Node count cutoff: 4411
e_xx: 1.69536e+08, a2_x: 1.51687e+10, currMod: 0.98118
e_xx: 1.69733e+08, a2_x: 1.36539e+10, currMod: 0.982325
e_xx: 1.69872e+08, a2_x: 1.37212e+10, currMod: 0.983125
e_xx: 1.70839e+08, a2_x: 1.55946e+10, currMod: 0.988725
e_xx: 1.7207e+08, a2_x: 1.91603e+10, currMod: 0.995848
e_xx: 1.72156e+08, a2_x: 2.1099e+10, currMod: 0.996345
e_xx: 1.72182e+08, a2_x: 1.68977e+10, currMod: 0.996495
e_xx: 1.72212e+08, a2_x: 1.8065e+10, currMod: 0.996667
e_xx: 1.72635e+08, a2_x: 2.95292e+09, currMod: 0.999119
e_xx: 1.72636e+08, a2_x: 2.4471e+09, currMod: 0.999124
e_xx: 1.72648e+08, a2_x: -1.11006e+09, currMod: 0.999196
e_xx: 1.72704e+08, a2_x: 3.21498e+09, currMod: 0.99952
e_xx: 1.72676e+08, a2_x: 2.00784e+09, currMod: 0.999358
End Structure 180 21572 vs 21932
currMod: 0.99952, prevMod: 0.981128
numClusters: 21572
Total iteration time: 63.5302

Loop 0 <line-37> - Time 0.001810 Total energy consumed 0.133620 Ave. Power Level 73.833647
	-------- Loop 0 (sock 1 consumed 0.065130, avg temp 47.000000, final temp 48 ) ------
	-------- Loop 0 (sock 2 consumed 0.068490, avg temp 36.500000, final temp 35 ) ------
Loop 1 <line-54> - Time 0.001045 Total energy consumed 0.056130 Ave. Power Level 53.692058
	-------- Loop 1 (sock 1 consumed 0.021675, avg temp 46.500000, final temp 48 ) ------
	-------- Loop 1 (sock 2 consumed 0.034455, avg temp 36.000000, final temp 35 ) ------
Loop 2 <line-76> - Time 0.004190 Total energy consumed 0.258615 Ave. Power Level 61.728159
	-------- Loop 2 (sock 1 consumed 0.117810, avg temp 47.500000, final temp 49 ) ------
	-------- Loop 2 (sock 2 consumed 0.140805, avg temp 36.000000, final temp 35 ) ------
Loop 3 <line-170> - Time 1.406998 Total energy consumed 77.969925 Ave. Power Level 55.415789
	-------- Loop 3 (sock 1 consumed 32.741160, avg temp 47.500000, final temp 49 ) ------
	-------- Loop 3 (sock 2 consumed 45.228765, avg temp 36.000000, final temp 35 ) ------
Loop 4 <line-192> - Time 0.000750 Total energy consumed 0.000000 Ave. Power Level 0.000000
	-------- Loop 4 (sock 1 consumed 0.000000, avg temp 47.500000, final temp 49 ) ------
	-------- Loop 4 (sock 2 consumed 0.000000, avg temp 36.000000, final temp 35 ) ------
Loop 5 <line-222> - Time 0.509226 Total energy consumed 28.349535 Ave. Power Level 55.671817
	-------- Loop 5 (sock 1 consumed 16.716825, avg temp 48.000000, final temp 49 ) ------
	-------- Loop 5 (sock 2 consumed 11.632710, avg temp 36.500000, final temp 36 ) ------
Loop 6 <line-116> - Time 0.012374 Total energy consumed 0.738975 Ave. Power Level 59.719316
	-------- Loop 6 (sock 1 consumed 0.378795, avg temp 47.833333, final temp 49 ) ------
	-------- Loop 6 (sock 2 consumed 0.360180, avg temp 36.333333, final temp 36 ) ------
Loop 7 <line-334> - Time 0.832893 Total energy consumed 45.305970 Ave. Power Level 54.395929
	-------- Loop 7 (sock 1 consumed 26.289750, avg temp 48.000000, final temp 49 ) ------
	-------- Loop 7 (sock 2 consumed 19.016220, avg temp 36.142857, final temp 36 ) ------
Loop 8 <line-353> - Time 0.000807 Total energy consumed 0.110520 Ave. Power Level 137.005660
	-------- Loop 8 (sock 1 consumed 0.065370, avg temp 48.000000, final temp 49 ) ------
	-------- Loop 8 (sock 2 consumed 0.045150, avg temp 36.142857, final temp 36 ) ------
Loop 9 <line-375> - Time 0.002580 Total energy consumed 0.120600 Ave. Power Level 46.746360
	-------- Loop 9 (sock 1 consumed 0.074340, avg temp 48.000000, final temp 49 ) ------
	-------- Loop 9 (sock 2 consumed 0.046260, avg temp 36.142857, final temp 36 ) ------
Loop 10 <line-85> - Time 0.038245 Total energy consumed 2.172540 Ave. Power Level 56.805643
	-------- Loop 10 (sock 1 consumed 1.270530, avg temp 47.750000, final temp 49 ) ------
	-------- Loop 10 (sock 2 consumed 0.902010, avg temp 36.500000, final temp 36 ) ------
Loop 11 <line-131> - Time 0.030433 Total energy consumed 1.696065 Ave. Power Level 55.731032
	-------- Loop 11 (sock 1 consumed 0.987900, avg temp 47.500000, final temp 49 ) ------
	-------- Loop 11 (sock 2 consumed 0.708165, avg temp 36.500000, final temp 36 ) ------
Loop 12 <line-167> - Time 0.029667 Total energy consumed 1.641480 Ave. Power Level 55.329479
	-------- Loop 12 (sock 1 consumed 0.952590, avg temp 47.500000, final temp 49 ) ------
	-------- Loop 12 (sock 2 consumed 0.688890, avg temp 36.500000, final temp 36 ) ------
Loop 13 <line-213> - Time 44.131296 Total energy consumed 2384.123325 Ave. Power Level 54.023416
	-------- Loop 13 (sock 1 consumed 1324.316295, avg temp 48.611111, final temp 49 ) ------
	-------- Loop 13 (sock 2 consumed 1059.807030, avg temp 36.222222, final temp 36 ) ------
Loop 14 <line-99> - Time 7.265329 Total energy consumed 397.371225 Ave. Power Level 54.694182
	-------- Loop 14 (sock 1 consumed 229.325580, avg temp 48.500000, final temp 49 ) ------
	-------- Loop 14 (sock 2 consumed 168.045645, avg temp 36.000000, final temp 36 ) ------
Loop 15 <line-160> - Time 0.216365 Total energy consumed 11.629980 Ave. Power Level 53.751549
	-------- Loop 15 (sock 1 consumed 5.102370, avg temp 48.166667, final temp 49 ) ------
	-------- Loop 15 (sock 2 consumed 6.527610, avg temp 36.000000, final temp 36 ) ------
Loop 16 <line-269> - Time 4.604035 Total energy consumed 244.433460 Ave. Power Level 53.091135
	-------- Loop 16 (sock 1 consumed 134.198190, avg temp 48.782609, final temp 49 ) ------
	-------- Loop 16 (sock 2 consumed 110.235270, avg temp 36.043478, final temp 36 ) ------
Loop 17 <line-300> - Time 0.003832 Total energy consumed 0.093825 Ave. Power Level 24.485638
	-------- Loop 17 (sock 1 consumed 0.030540, avg temp 48.777778, final temp 49 ) ------
	-------- Loop 17 (sock 2 consumed 0.063285, avg temp 36.055556, final temp 36 ) ------
Loop 18 <line-148> - Time 0.003221 Total energy consumed 0.212700 Ave. Power Level 66.035352
	-------- Loop 18 (sock 1 consumed 0.120510, avg temp 48.000000, final temp 48 ) ------
	-------- Loop 18 (sock 2 consumed 0.092190, avg temp 35.000000, final temp 35 ) ------
Application(EnergyStat) - Time 74.913740 Total energy consumed 4070.798370 Ave. Power Level 54.339809 Final Temperature socket 1 : 49  socket 2 : 35 
	 ParallelApplication(EnergyStat) - Time 59.095097 Total energy consumed 3196.418490 Ave. Power Level 54.089403
Memory used: 1.32031
Loading 32-bit binary file: pnnl.bin, numvertices: 2361670, numEdges: 191402826
File read time: 1.60706
Before allocating graph
Allocated graph: 0x14c7570
Processing edges for vertex: 0, range(0, 166)
Processing edges for vertex: 100000, range(58444108, 58444133)
Processing edges for vertex: 200000, range(84376057, 84376362)
Processing edges for vertex: 300000, range(106069163, 106069503)
Processing edges for vertex: 400000, range(122097114, 122097513)
Processing edges for vertex: 500000, range(135096418, 135096483)
Processing edges for vertex: 600000, range(146097008, 146097061)
Processing edges for vertex: 700000, range(155415410, 155415531)
Processing edges for vertex: 800000, range(162595900, 162595989)
Processing edges for vertex: 900000, range(168508374, 168508464)
Processing edges for vertex: 1000000, range(173203321, 173203442)
Processing edges for vertex: 1100000, range(176935100, 176935110)
Processing edges for vertex: 1200000, range(179876260, 179876270)
Processing edges for vertex: 1300000, range(182240081, 182240092)
Processing edges for vertex: 1400000, range(184224513, 184224521)
Processing edges for vertex: 1500000, range(185795161, 185795170)
Processing edges for vertex: 1600000, range(187104124, 187104130)
Processing edges for vertex: 1700000, range(188148455, 188148461)
Processing edges for vertex: 1800000, range(188997836, 188997842)
Processing edges for vertex: 1900000, range(189691532, 189691535)
Processing edges for vertex: 2000000, range(190254658, 190254660)
Processing edges for vertex: 2100000, range(190705814, 190705822)
Processing edges for vertex: 2200000, range(191052755, 191052764)
Processing edges for vertex: 2300000, range(191302662, 191302663)
Graph populate time: 7.58625
Total I/O time: 9.19335

Regional(EnergyStat) - Time 9.196837 Total energy consumed 508.481565 Ave. Power Level 55.288742 
Running on: 1 threads
Loaded graph from file: pnnl.bin
Memory used: 2949.12
Maximum degree for the graph: 5520
Iteration: 0, conflicts: 0
Total number of colors used: 1182
Total number of conflicts overall: 0
Number of rounds: 1
SUCCESS: No conflicts found
Coloring time: 2.00099
Memory used: 2949.12
Number of reordered colors: 1012
End position for large colors: 0, node count: 547603, largest: 547603
Node count cutoff: 472334
e_xx: 1.1965e+08, a2_x: 6.41408e+11, currMod: 0.625102
e_xx: 1.65266e+08, a2_x: 5.7242e+11, currMod: 0.863433
e_xx: 1.71549e+08, a2_x: 4.8629e+11, currMod: 0.896259
e_xx: 1.74054e+08, a2_x: 4.74975e+11, currMod: 0.909345
e_xx: 1.75286e+08, a2_x: 5.19389e+11, currMod: 0.915784
currMod: 0.909345, prevMod: -1
Louvain time: 54.3957
numClusters: 204449, time: 0.101639
Next phase: 2
Memory used: 2949.12
End Structure 1319830 204449 vs 2842150
Build next level time: 7.61919
Iteration time: 62.1228
Memory used: 2949.12
e_xx: 1.56671e+08, a2_x: 5.19525e+11, currMod: 0.906749
e_xx: 1.65798e+08, a2_x: 3.3103e+11, currMod: 0.959577
e_xx: 1.67497e+08, a2_x: 2.80289e+11, currMod: 0.969412
e_xx: 1.67888e+08, a2_x: 2.91505e+11, currMod: 0.971674
e_xx: 1.68025e+08, a2_x: 2.86625e+11, currMod: 0.972466
e_xx: 1.6811e+08, a2_x: 2.97049e+11, currMod: 0.972962
e_xx: 1.68122e+08, a2_x: 3.12195e+11, currMod: 0.973027
e_xx: 1.68166e+08, a2_x: 3.13491e+11, currMod: 0.973286
e_xx: 1.68158e+08, a2_x: 3.12479e+11, currMod: 0.97324
currMod: 0.973286, prevMod: 0.909345
Louvain time: 3.58279
numClusters: 51743, time: 0.012822
Next phase: 3
Memory used: 2949.12
End Structure 518860 51743 vs 1089450
Build next level time: 0.259304
Iteration time: 3.86044
Memory used: 2949.12
e_xx: 1.68166e+08, a2_x: 3.12365e+11, currMod: 0.97326
e_xx: 1.69083e+08, a2_x: 1.16758e+11, currMod: 0.978572
e_xx: 1.69198e+08, a2_x: 7.3917e+10, currMod: 0.979242
e_xx: 1.6929e+08, a2_x: 6.25833e+10, currMod: 0.979771
e_xx: 1.69227e+08, a2_x: 4.19352e+10, currMod: 0.979409
currMod: 0.979771, prevMod: 0.973286
Louvain time: 0.708915
numClusters: 25637, time: 0.004066
Next phase: 4
Memory used: 2949.12
End Structure 179681 25637 vs 384999
Build next level time: 0.066829
Iteration time: 0.783061
Memory used: 2949.12
e_xx: 1.6929e+08, a2_x: 6.18102e+10, currMod: 0.979758
e_xx: 1.69509e+08, a2_x: 7.3425e+09, currMod: 0.981028
e_xx: 1.69522e+08, a2_x: 5.8637e+08, currMod: 0.981107
e_xx: 1.69522e+08, a2_x: -1.1042e+10, currMod: 0.981107
currMod: 0.981107, prevMod: 0.979771
Louvain time: 0.204883
numClusters: 22233, time: 0.0026
Next phase: 5
Memory used: 2949.12
End Structure 97931 22233 vs 218095
Build next level time: 0.027534
Iteration time: 0.238265
Memory used: 2949.12
e_xx: 1.69522e+08, a2_x: 4.27258e+09, currMod: 0.981104
e_xx: 1.69527e+08, a2_x: 9.97149e+09, currMod: 0.981128
e_xx: 1.69526e+08, a2_x: 2.62785e+10, currMod: 0.981126
currMod: 0.981128, prevMod: 0.981107
Louvain time: 0.091528
numClusters: 22051, time: 0.002207
Next phase: 6
Memory used: 2949.12
End Structure 87959 22051 vs 197969
Build next level time: 0.021138
Iteration time: 0.118118
Memory used: 2949.12
e_xx: 1.69527e+08, a2_x: 1.0484e+10, currMod: 0.981128
e_xx: 1.69527e+08, a2_x: 1.96106e+10, currMod: 0.981129
currMod: 0.981128, prevMod: 0.981128
Louvain time: 0.055756
numClusters: 22051, time: 0.002196
Maximum degree for the graph: 543
Iteration: 0, conflicts: 0
Total number of colors used: 181
Total number of conflicts overall: 0
Number of rounds: 1
SUCCESS: No conflicts found
Number of reordered colors: 177
End position for large colors: 0, node count: 21561, largest: 21561
Node count cutoff: 4411
e_xx: 1.69536e+08, a2_x: 1.51687e+10, currMod: 0.98118
e_xx: 1.69733e+08, a2_x: 1.36539e+10, currMod: 0.982325
e_xx: 1.69872e+08, a2_x: 1.37212e+10, currMod: 0.983125
e_xx: 1.70839e+08, a2_x: 1.55946e+10, currMod: 0.988725
e_xx: 1.7207e+08, a2_x: 1.91603e+10, currMod: 0.995848
e_xx: 1.72156e+08, a2_x: 2.1099e+10, currMod: 0.996345
e_xx: 1.72182e+08, a2_x: 1.68977e+10, currMod: 0.996495
e_xx: 1.72212e+08, a2_x: 1.8065e+10, currMod: 0.996667
e_xx: 1.72635e+08, a2_x: 2.95292e+09, currMod: 0.999119
e_xx: 1.72636e+08, a2_x: 2.4471e+09, currMod: 0.999124
e_xx: 1.72648e+08, a2_x: -1.11006e+09, currMod: 0.999196
e_xx: 1.72704e+08, a2_x: 3.21498e+09, currMod: 0.99952
e_xx: 1.72676e+08, a2_x: 2.00784e+09, currMod: 0.999358
End Structure 180 21572 vs 21932
currMod: 0.99952, prevMod: 0.981128
numClusters: 21572
Total iteration time: 67.1226

Loop 0 <line-37> - Time 0.001813 Total energy consumed 0.055890 Ave. Power Level 30.833055
	-------- Loop 0 (sock 1 consumed 0.032610, avg temp 47.500000, final temp 49 ) ------
	-------- Loop 0 (sock 2 consumed 0.023280, avg temp 35.500000, final temp 35 ) ------
Loop 1 <line-54> - Time 0.001031 Total energy consumed 0.113445 Ave. Power Level 109.991487
	-------- Loop 1 (sock 1 consumed 0.068415, avg temp 48.000000, final temp 49 ) ------
	-------- Loop 1 (sock 2 consumed 0.045030, avg temp 35.500000, final temp 35 ) ------
Loop 2 <line-76> - Time 0.004016 Total energy consumed 0.169350 Ave. Power Level 42.166504
	-------- Loop 2 (sock 1 consumed 0.100080, avg temp 47.500000, final temp 49 ) ------
	-------- Loop 2 (sock 2 consumed 0.069270, avg temp 35.500000, final temp 35 ) ------
Loop 3 <line-170> - Time 1.331642 Total energy consumed 73.258320 Ave. Power Level 55.013521
	-------- Loop 3 (sock 1 consumed 42.188610, avg temp 47.000000, final temp 49 ) ------
	-------- Loop 3 (sock 2 consumed 31.069710, avg temp 37.000000, final temp 35 ) ------
Loop 4 <line-192> - Time 0.000806 Total energy consumed 0.054810 Ave. Power Level 67.965800
	-------- Loop 4 (sock 1 consumed 0.022110, avg temp 47.000000, final temp 49 ) ------
	-------- Loop 4 (sock 2 consumed 0.032700, avg temp 37.000000, final temp 35 ) ------
Loop 5 <line-222> - Time 0.580856 Total energy consumed 31.227735 Ave. Power Level 53.761555
	-------- Loop 5 (sock 1 consumed 12.707130, avg temp 47.000000, final temp 49 ) ------
	-------- Loop 5 (sock 2 consumed 18.520605, avg temp 37.500000, final temp 35 ) ------
Loop 6 <line-116> - Time 0.016680 Total energy consumed 0.917445 Ave. Power Level 55.002493
	-------- Loop 6 (sock 1 consumed 0.448260, avg temp 46.500000, final temp 48 ) ------
	-------- Loop 6 (sock 2 consumed 0.469185, avg temp 36.333333, final temp 36 ) ------
Loop 7 <line-334> - Time 0.861792 Total energy consumed 45.289545 Ave. Power Level 52.552745
	-------- Loop 7 (sock 1 consumed 21.943785, avg temp 47.571429, final temp 49 ) ------
	-------- Loop 7 (sock 2 consumed 23.345760, avg temp 35.714286, final temp 35 ) ------
Loop 8 <line-353> - Time 0.001151 Total energy consumed 0.053670 Ave. Power Level 46.618933
	-------- Loop 8 (sock 1 consumed 0.030450, avg temp 47.428571, final temp 49 ) ------
	-------- Loop 8 (sock 2 consumed 0.023220, avg temp 35.714286, final temp 35 ) ------
Loop 9 <line-375> - Time 0.002936 Total energy consumed 0.192180 Ave. Power Level 65.464386
	-------- Loop 9 (sock 1 consumed 0.097995, avg temp 47.428571, final temp 49 ) ------
	-------- Loop 9 (sock 2 consumed 0.094185, avg temp 35.571429, final temp 35 ) ------
Loop 10 <line-85> - Time 0.039102 Total energy consumed 2.055135 Ave. Power Level 52.558399
	-------- Loop 10 (sock 1 consumed 1.165725, avg temp 48.250000, final temp 48 ) ------
	-------- Loop 10 (sock 2 consumed 0.889410, avg temp 36.000000, final temp 36 ) ------
Loop 11 <line-131> - Time 0.029690 Total energy consumed 1.605060 Ave. Power Level 54.061389
	-------- Loop 11 (sock 1 consumed 0.929100, avg temp 48.000000, final temp 48 ) ------
	-------- Loop 11 (sock 2 consumed 0.675960, avg temp 36.000000, final temp 36 ) ------
Loop 12 <line-167> - Time 0.030096 Total energy consumed 1.574580 Ave. Power Level 52.318167
	-------- Loop 12 (sock 1 consumed 0.897150, avg temp 48.500000, final temp 48 ) ------
	-------- Loop 12 (sock 2 consumed 0.677430, avg temp 36.500000, final temp 36 ) ------
Loop 13 <line-213> - Time 47.342166 Total energy consumed 2521.340925 Ave. Power Level 53.257828
	-------- Loop 13 (sock 1 consumed 1309.718790, avg temp 48.000000, final temp 48 ) ------
	-------- Loop 13 (sock 2 consumed 1211.622135, avg temp 35.666667, final temp 35 ) ------
Loop 14 <line-99> - Time 7.476804 Total energy consumed 393.450495 Ave. Power Level 52.622815
	-------- Loop 14 (sock 1 consumed 224.520300, avg temp 48.000000, final temp 48 ) ------
	-------- Loop 14 (sock 2 consumed 168.930195, avg temp 35.833333, final temp 35 ) ------
Loop 15 <line-160> - Time 0.212291 Total energy consumed 11.445570 Ave. Power Level 53.914560
	-------- Loop 15 (sock 1 consumed 4.966305, avg temp 47.666667, final temp 49 ) ------
	-------- Loop 15 (sock 2 consumed 6.479265, avg temp 35.333333, final temp 36 ) ------
Loop 16 <line-269> - Time 4.614737 Total energy consumed 246.333570 Ave. Power Level 53.379768
	-------- Loop 16 (sock 1 consumed 126.210555, avg temp 47.913043, final temp 49 ) ------
	-------- Loop 16 (sock 2 consumed 120.123015, avg temp 35.782609, final temp 35 ) ------
Loop 17 <line-300> - Time 0.003658 Total energy consumed 0.187410 Ave. Power Level 51.236164
	-------- Loop 17 (sock 1 consumed 0.073425, avg temp 47.500000, final temp 49 ) ------
	-------- Loop 17 (sock 2 consumed 0.113985, avg temp 35.777778, final temp 36 ) ------
Loop 18 <line-148> - Time 0.001829 Total energy consumed 0.138615 Ave. Power Level 75.769336
	-------- Loop 18 (sock 1 consumed 0.091500, avg temp 49.000000, final temp 49 ) ------
	-------- Loop 18 (sock 2 consumed 0.047115, avg temp 35.000000, final temp 35 ) ------
Application(EnergyStat) - Time 78.591491 Total energy consumed 4202.596290 Ave. Power Level 53.473935 Final Temperature socket 1 : 48  socket 2 : 36 
	 ParallelApplication(EnergyStat) - Time 62.553097 Total energy consumed 3329.463750 Ave. Power Level 53.226202
Memory used: 1.32031
Loading 32-bit binary file: pnnl.bin, numvertices: 2361670, numEdges: 191402826
File read time: 1.5907
Before allocating graph
Allocated graph: 0x1ef4570
Processing edges for vertex: 0, range(0, 166)
Processing edges for vertex: 100000, range(58444108, 58444133)
Processing edges for vertex: 200000, range(84376057, 84376362)
Processing edges for vertex: 300000, range(106069163, 106069503)
Processing edges for vertex: 400000, range(122097114, 122097513)
Processing edges for vertex: 500000, range(135096418, 135096483)
Processing edges for vertex: 600000, range(146097008, 146097061)
Processing edges for vertex: 700000, range(155415410, 155415531)
Processing edges for vertex: 800000, range(162595900, 162595989)
Processing edges for vertex: 900000, range(168508374, 168508464)
Processing edges for vertex: 1000000, range(173203321, 173203442)
Processing edges for vertex: 1100000, range(176935100, 176935110)
Processing edges for vertex: 1200000, range(179876260, 179876270)
Processing edges for vertex: 1300000, range(182240081, 182240092)
Processing edges for vertex: 1400000, range(184224513, 184224521)
Processing edges for vertex: 1500000, range(185795161, 185795170)
Processing edges for vertex: 1600000, range(187104124, 187104130)
Processing edges for vertex: 1700000, range(188148455, 188148461)
Processing edges for vertex: 1800000, range(188997836, 188997842)
Processing edges for vertex: 1900000, range(189691532, 189691535)
Processing edges for vertex: 2000000, range(190254658, 190254660)
Processing edges for vertex: 2100000, range(190705814, 190705822)
Processing edges for vertex: 2200000, range(191052755, 191052764)
Processing edges for vertex: 2300000, range(191302662, 191302663)
Graph populate time: 7.48934
Total I/O time: 9.08009

Regional(EnergyStat) - Time 9.084046 Total energy consumed 510.952770 Ave. Power Level 56.247270 
Running on: 1 threads
Loaded graph from file: pnnl.bin
Memory used: 2949.12
Maximum degree for the graph: 5520
Iteration: 0, conflicts: 0
Total number of colors used: 1182
Total number of conflicts overall: 0
Number of rounds: 1
SUCCESS: No conflicts found
Coloring time: 2.00037
Memory used: 2949.12
Number of reordered colors: 1012
End position for large colors: 0, node count: 547603, largest: 547603
Node count cutoff: 472334
e_xx: 1.1965e+08, a2_x: 6.41408e+11, currMod: 0.625102
e_xx: 1.65266e+08, a2_x: 5.7242e+11, currMod: 0.863433
e_xx: 1.71549e+08, a2_x: 4.8629e+11, currMod: 0.896259
e_xx: 1.74054e+08, a2_x: 4.74975e+11, currMod: 0.909345
e_xx: 1.75286e+08, a2_x: 5.19389e+11, currMod: 0.915784
currMod: 0.909345, prevMod: -1
Louvain time: 52.0692
numClusters: 204449, time: 0.099659
Next phase: 2
Memory used: 2949.12
End Structure 1319830 204449 vs 2842150
Build next level time: 7.65617
Iteration time: 59.8311
Memory used: 2949.12
e_xx: 1.56671e+08, a2_x: 5.19525e+11, currMod: 0.906749
e_xx: 1.65798e+08, a2_x: 3.3103e+11, currMod: 0.959577
e_xx: 1.67497e+08, a2_x: 2.80289e+11, currMod: 0.969412
e_xx: 1.67888e+08, a2_x: 2.91505e+11, currMod: 0.971674
e_xx: 1.68025e+08, a2_x: 2.86625e+11, currMod: 0.972466
e_xx: 1.6811e+08, a2_x: 2.97049e+11, currMod: 0.972962
e_xx: 1.68122e+08, a2_x: 3.12195e+11, currMod: 0.973027
e_xx: 1.68166e+08, a2_x: 3.13491e+11, currMod: 0.973286
e_xx: 1.68158e+08, a2_x: 3.12479e+11, currMod: 0.97324
currMod: 0.973286, prevMod: 0.909345
Louvain time: 3.51698
numClusters: 51743, time: 0.012595
Next phase: 3
Memory used: 2949.12
End Structure 518860 51743 vs 1089450
Build next level time: 0.287897
Iteration time: 3.82283
Memory used: 2949.12
e_xx: 1.68166e+08, a2_x: 3.12365e+11, currMod: 0.97326
e_xx: 1.69083e+08, a2_x: 1.16758e+11, currMod: 0.978572
e_xx: 1.69198e+08, a2_x: 7.3917e+10, currMod: 0.979242
e_xx: 1.6929e+08, a2_x: 6.25833e+10, currMod: 0.979771
e_xx: 1.69227e+08, a2_x: 4.19352e+10, currMod: 0.979409
currMod: 0.979771, prevMod: 0.973286
Louvain time: 0.690094
numClusters: 25637, time: 0.003989
Next phase: 4
Memory used: 2949.12
End Structure 179681 25637 vs 384999
Build next level time: 0.067576
Iteration time: 0.764853
Memory used: 2949.12
e_xx: 1.6929e+08, a2_x: 6.18102e+10, currMod: 0.979758
e_xx: 1.69509e+08, a2_x: 7.3425e+09, currMod: 0.981028
e_xx: 1.69522e+08, a2_x: 5.8637e+08, currMod: 0.981107
e_xx: 1.69522e+08, a2_x: -1.1042e+10, currMod: 0.981107
currMod: 0.981107, prevMod: 0.979771
Louvain time: 0.201673
numClusters: 22233, time: 0.002509
Next phase: 5
Memory used: 2949.12
End Structure 97931 22233 vs 218095
Build next level time: 0.027104
Iteration time: 0.234447
Memory used: 2949.12
e_xx: 1.69522e+08, a2_x: 4.27258e+09, currMod: 0.981104
e_xx: 1.69527e+08, a2_x: 9.97149e+09, currMod: 0.981128
e_xx: 1.69526e+08, a2_x: 2.62785e+10, currMod: 0.981126
currMod: 0.981128, prevMod: 0.981107
Louvain time: 0.089272
numClusters: 22051, time: 0.002166
Next phase: 6
Memory used: 2949.12
End Structure 87959 22051 vs 197969
Build next level time: 0.020633
Iteration time: 0.115235
Memory used: 2949.12
e_xx: 1.69527e+08, a2_x: 1.0484e+10, currMod: 0.981128
e_xx: 1.69527e+08, a2_x: 1.96106e+10, currMod: 0.981129
currMod: 0.981128, prevMod: 0.981128
Louvain time: 0.054489
numClusters: 22051, time: 0.002156
Maximum degree for the graph: 543
Iteration: 0, conflicts: 0
Total number of colors used: 181
Total number of conflicts overall: 0
Number of rounds: 1
SUCCESS: No conflicts found
Number of reordered colors: 177
End position for large colors: 0, node count: 21561, largest: 21561
Node count cutoff: 4411
e_xx: 1.69536e+08, a2_x: 1.51687e+10, currMod: 0.98118
e_xx: 1.69733e+08, a2_x: 1.36539e+10, currMod: 0.982325
e_xx: 1.69872e+08, a2_x: 1.37212e+10, currMod: 0.983125
e_xx: 1.70839e+08, a2_x: 1.55946e+10, currMod: 0.988725
e_xx: 1.7207e+08, a2_x: 1.91603e+10, currMod: 0.995848
e_xx: 1.72156e+08, a2_x: 2.1099e+10, currMod: 0.996345
e_xx: 1.72182e+08, a2_x: 1.68977e+10, currMod: 0.996495
e_xx: 1.72212e+08, a2_x: 1.8065e+10, currMod: 0.996667
e_xx: 1.72635e+08, a2_x: 2.95292e+09, currMod: 0.999119
e_xx: 1.72636e+08, a2_x: 2.4471e+09, currMod: 0.999124
e_xx: 1.72648e+08, a2_x: -1.11006e+09, currMod: 0.999196
e_xx: 1.72704e+08, a2_x: 3.21498e+09, currMod: 0.99952
e_xx: 1.72676e+08, a2_x: 2.00784e+09, currMod: 0.999358
End Structure 180 21572 vs 21932
currMod: 0.99952, prevMod: 0.981128
numClusters: 21572
Total iteration time: 64.7685

Loop 0 <line-37> - Time 0.001812 Total energy consumed 0.112785 Ave. Power Level 62.232731
	-------- Loop 0 (sock 1 consumed 0.043380, avg temp 45.500000, final temp 46 ) ------
	-------- Loop 0 (sock 2 consumed 0.069405, avg temp 36.000000, final temp 36 ) ------
Loop 1 <line-54> - Time 0.001040 Total energy consumed 0.057030 Ave. Power Level 54.839650
	-------- Loop 1 (sock 1 consumed 0.021750, avg temp 45.000000, final temp 46 ) ------
	-------- Loop 1 (sock 2 consumed 0.035280, avg temp 36.000000, final temp 36 ) ------
Loop 2 <line-76> - Time 0.004202 Total energy consumed 0.279120 Ave. Power Level 66.431092
	-------- Loop 2 (sock 1 consumed 0.105060, avg temp 45.000000, final temp 46 ) ------
	-------- Loop 2 (sock 2 consumed 0.174060, avg temp 36.500000, final temp 36 ) ------
Loop 3 <line-170> - Time 1.393742 Total energy consumed 77.143350 Ave. Power Level 55.349806
	-------- Loop 3 (sock 1 consumed 30.078690, avg temp 45.000000, final temp 46 ) ------
	-------- Loop 3 (sock 2 consumed 47.064660, avg temp 36.000000, final temp 35 ) ------
Loop 4 <line-192> - Time 0.000652 Total energy consumed 0.000000 Ave. Power Level 0.000000
	-------- Loop 4 (sock 1 consumed 0.000000, avg temp 45.000000, final temp 46 ) ------
	-------- Loop 4 (sock 2 consumed 0.000000, avg temp 36.000000, final temp 35 ) ------
Loop 5 <line-222> - Time 0.515128 Total energy consumed 28.909485 Ave. Power Level 56.120931
	-------- Loop 5 (sock 1 consumed 11.110200, avg temp 45.000000, final temp 46 ) ------
	-------- Loop 5 (sock 2 consumed 17.799285, avg temp 37.000000, final temp 35 ) ------
Loop 6 <line-116> - Time 0.016279 Total energy consumed 0.909960 Ave. Power Level 55.898349
	-------- Loop 6 (sock 1 consumed 0.522825, avg temp 44.833333, final temp 46 ) ------
	-------- Loop 6 (sock 2 consumed 0.387135, avg temp 36.333333, final temp 36 ) ------
Loop 7 <line-334> - Time 0.855906 Total energy consumed 47.958975 Ave. Power Level 56.032964
	-------- Loop 7 (sock 1 consumed 18.378390, avg temp 45.142857, final temp 46 ) ------
	-------- Loop 7 (sock 2 consumed 29.580585, avg temp 36.000000, final temp 36 ) ------
Loop 8 <line-353> - Time 0.000814 Total energy consumed 0.056010 Ave. Power Level 68.789677
	-------- Loop 8 (sock 1 consumed 0.021870, avg temp 45.142857, final temp 46 ) ------
	-------- Loop 8 (sock 2 consumed 0.034140, avg temp 35.857143, final temp 36 ) ------
Loop 9 <line-375> - Time 0.002591 Total energy consumed 0.158370 Ave. Power Level 61.127365
	-------- Loop 9 (sock 1 consumed 0.043380, avg temp 45.142857, final temp 46 ) ------
	-------- Loop 9 (sock 2 consumed 0.114990, avg temp 36.000000, final temp 36 ) ------
Loop 10 <line-85> - Time 0.038157 Total energy consumed 2.173605 Ave. Power Level 56.965295
	-------- Loop 10 (sock 1 consumed 0.877605, avg temp 44.750000, final temp 45 ) ------
	-------- Loop 10 (sock 2 consumed 1.296000, avg temp 36.250000, final temp 36 ) ------
Loop 11 <line-131> - Time 0.029000 Total energy consumed 1.599375 Ave. Power Level 55.150280
	-------- Loop 11 (sock 1 consumed 0.627375, avg temp 45.000000, final temp 46 ) ------
	-------- Loop 11 (sock 2 consumed 0.972000, avg temp 36.500000, final temp 36 ) ------
Loop 12 <line-167> - Time 0.029401 Total energy consumed 1.558260 Ave. Power Level 53.000386
	-------- Loop 12 (sock 1 consumed 0.591345, avg temp 44.500000, final temp 45 ) ------
	-------- Loop 12 (sock 2 consumed 0.966915, avg temp 36.500000, final temp 36 ) ------
Loop 13 <line-213> - Time 45.095206 Total energy consumed 2439.572790 Ave. Power Level 54.098274
	-------- Loop 13 (sock 1 consumed 1329.206220, avg temp 45.444444, final temp 45 ) ------
	-------- Loop 13 (sock 2 consumed 1110.366570, avg temp 35.888889, final temp 36 ) ------
Loop 14 <line-99> - Time 7.542016 Total energy consumed 398.165130 Ave. Power Level 52.792934
	-------- Loop 14 (sock 1 consumed 223.374495, avg temp 45.833333, final temp 45 ) ------
	-------- Loop 14 (sock 2 consumed 174.790635, avg temp 36.000000, final temp 36 ) ------
Loop 15 <line-160> - Time 0.216466 Total energy consumed 11.808225 Ave. Power Level 54.549971
	-------- Loop 15 (sock 1 consumed 5.218455, avg temp 45.166667, final temp 45 ) ------
	-------- Loop 15 (sock 2 consumed 6.589770, avg temp 36.000000, final temp 36 ) ------
Loop 16 <line-269> - Time 4.523866 Total energy consumed 246.916080 Ave. Power Level 54.580768
	-------- Loop 16 (sock 1 consumed 123.743850, avg temp 45.173913, final temp 46 ) ------
	-------- Loop 16 (sock 2 consumed 123.172230, avg temp 35.869565, final temp 36 ) ------
Loop 17 <line-300> - Time 0.003675 Total energy consumed 0.394050 Ave. Power Level 107.232047
	-------- Loop 17 (sock 1 consumed 0.257340, avg temp 45.111111, final temp 45 ) ------
	-------- Loop 17 (sock 2 consumed 0.136710, avg temp 35.888889, final temp 36 ) ------
Loop 18 <line-148> - Time 0.003109 Total energy consumed 0.196560 Ave. Power Level 63.218062
	-------- Loop 18 (sock 1 consumed 0.126930, avg temp 46.000000, final temp 46 ) ------
	-------- Loop 18 (sock 2 consumed 0.069630, avg temp 36.000000, final temp 36 ) ------
Application(EnergyStat) - Time 76.119304 Total energy consumed 4133.301135 Ave. Power Level 54.300301 Final Temperature socket 1 : 45  socket 2 : 36 
	 ParallelApplication(EnergyStat) - Time 60.273062 Total energy consumed 3257.969160 Ave. Power Level 54.053487
Memory used: 1.32031
Loading 32-bit binary file: pnnl.bin, numvertices: 2361670, numEdges: 191402826
File read time: 1.60651
Before allocating graph
Allocated graph: 0x16b7570
Processing edges for vertex: 0, range(0, 166)
Processing edges for vertex: 100000, range(58444108, 58444133)
Processing edges for vertex: 200000, range(84376057, 84376362)
Processing edges for vertex: 300000, range(106069163, 106069503)
Processing edges for vertex: 400000, range(122097114, 122097513)
Processing edges for vertex: 500000, range(135096418, 135096483)
Processing edges for vertex: 600000, range(146097008, 146097061)
Processing edges for vertex: 700000, range(155415410, 155415531)
Processing edges for vertex: 800000, range(162595900, 162595989)
Processing edges for vertex: 900000, range(168508374, 168508464)
Processing edges for vertex: 1000000, range(173203321, 173203442)
Processing edges for vertex: 1100000, range(176935100, 176935110)
Processing edges for vertex: 1200000, range(179876260, 179876270)
Processing edges for vertex: 1300000, range(182240081, 182240092)
Processing edges for vertex: 1400000, range(184224513, 184224521)
Processing edges for vertex: 1500000, range(185795161, 185795170)
Processing edges for vertex: 1600000, range(187104124, 187104130)
Processing edges for vertex: 1700000, range(188148455, 188148461)
Processing edges for vertex: 1800000, range(188997836, 188997842)
Processing edges for vertex: 1900000, range(189691532, 189691535)
Processing edges for vertex: 2000000, range(190254658, 190254660)
Processing edges for vertex: 2100000, range(190705814, 190705822)
Processing edges for vertex: 2200000, range(191052755, 191052764)
Processing edges for vertex: 2300000, range(191302662, 191302663)
Graph populate time: 7.54367
Total I/O time: 9.15023

Regional(EnergyStat) - Time 9.154082 Total energy consumed 515.266770 Ave. Power Level 56.288200 
Running on: 1 threads
Loaded graph from file: pnnl.bin
Memory used: 2949.12
Maximum degree for the graph: 5520
Iteration: 0, conflicts: 0
Total number of colors used: 1182
Total number of conflicts overall: 0
Number of rounds: 1
SUCCESS: No conflicts found
Coloring time: 2.00809
Memory used: 2949.12
Number of reordered colors: 1012
End position for large colors: 0, node count: 547603, largest: 547603
Node count cutoff: 472334
e_xx: 1.1965e+08, a2_x: 6.41408e+11, currMod: 0.625102
e_xx: 1.65266e+08, a2_x: 5.7242e+11, currMod: 0.863433
e_xx: 1.71549e+08, a2_x: 4.8629e+11, currMod: 0.896259
e_xx: 1.74054e+08, a2_x: 4.74975e+11, currMod: 0.909345
e_xx: 1.75286e+08, a2_x: 5.19389e+11, currMod: 0.915784
currMod: 0.909345, prevMod: -1
Louvain time: 50.8661
numClusters: 204449, time: 0.101362
Next phase: 2
Memory used: 2949.12
End Structure 1319830 204449 vs 2842150
Build next level time: 7.49321
Iteration time: 58.4657
Memory used: 2949.12
e_xx: 1.56671e+08, a2_x: 5.19525e+11, currMod: 0.906749
e_xx: 1.65798e+08, a2_x: 3.3103e+11, currMod: 0.959577
e_xx: 1.67497e+08, a2_x: 2.80289e+11, currMod: 0.969412
e_xx: 1.67888e+08, a2_x: 2.91505e+11, currMod: 0.971674
e_xx: 1.68025e+08, a2_x: 2.86625e+11, currMod: 0.972466
e_xx: 1.6811e+08, a2_x: 2.97049e+11, currMod: 0.972962
e_xx: 1.68122e+08, a2_x: 3.12195e+11, currMod: 0.973027
e_xx: 1.68166e+08, a2_x: 3.13491e+11, currMod: 0.973286
e_xx: 1.68158e+08, a2_x: 3.12479e+11, currMod: 0.97324
currMod: 0.973286, prevMod: 0.909345
Louvain time: 3.48454
numClusters: 51743, time: 0.012441
Next phase: 3
Memory used: 2949.12
End Structure 518860 51743 vs 1089450
Build next level time: 0.249347
Iteration time: 3.75155
Memory used: 2949.12
e_xx: 1.68166e+08, a2_x: 3.12365e+11, currMod: 0.97326
e_xx: 1.69083e+08, a2_x: 1.16758e+11, currMod: 0.978572
e_xx: 1.69198e+08, a2_x: 7.3917e+10, currMod: 0.979242
e_xx: 1.6929e+08, a2_x: 6.25833e+10, currMod: 0.979771
e_xx: 1.69227e+08, a2_x: 4.19352e+10, currMod: 0.979409
currMod: 0.979771, prevMod: 0.973286
Louvain time: 0.68827
numClusters: 25637, time: 0.003963
Next phase: 4
Memory used: 2949.12
End Structure 179681 25637 vs 384999
Build next level time: 0.06518
Iteration time: 0.759261
Memory used: 2949.12
e_xx: 1.6929e+08, a2_x: 6.18102e+10, currMod: 0.979758
e_xx: 1.69509e+08, a2_x: 7.3425e+09, currMod: 0.981028
e_xx: 1.69522e+08, a2_x: 5.8637e+08, currMod: 0.981107
e_xx: 1.69522e+08, a2_x: -1.1042e+10, currMod: 0.981107
currMod: 0.981107, prevMod: 0.979771
Louvain time: 0.198303
numClusters: 22233, time: 0.002485
Next phase: 5
Memory used: 2949.12
End Structure 97931 22233 vs 218095
Build next level time: 0.026843
Iteration time: 0.229465
Memory used: 2949.12
e_xx: 1.69522e+08, a2_x: 4.27258e+09, currMod: 0.981104
e_xx: 1.69527e+08, a2_x: 9.97149e+09, currMod: 0.981128
e_xx: 1.69526e+08, a2_x: 2.62785e+10, currMod: 0.981126
currMod: 0.981128, prevMod: 0.981107
Louvain time: 0.088753
numClusters: 22051, time: 0.002141
Next phase: 6
Memory used: 2949.12
End Structure 87959 22051 vs 197969
Build next level time: 0.020608
Iteration time: 0.113321
Memory used: 2949.12
e_xx: 1.69527e+08, a2_x: 1.0484e+10, currMod: 0.981128
e_xx: 1.69527e+08, a2_x: 1.96106e+10, currMod: 0.981129
currMod: 0.981128, prevMod: 0.981128
Louvain time: 0.054384
numClusters: 22051, time: 0.002137
Maximum degree for the graph: 543
Iteration: 0, conflicts: 0
Total number of colors used: 181
Total number of conflicts overall: 0
Number of rounds: 1
SUCCESS: No conflicts found
Number of reordered colors: 177
End position for large colors: 0, node count: 21561, largest: 21561
Node count cutoff: 4411
e_xx: 1.69536e+08, a2_x: 1.51687e+10, currMod: 0.98118
e_xx: 1.69733e+08, a2_x: 1.36539e+10, currMod: 0.982325
e_xx: 1.69872e+08, a2_x: 1.37212e+10, currMod: 0.983125
e_xx: 1.70839e+08, a2_x: 1.55946e+10, currMod: 0.988725
e_xx: 1.7207e+08, a2_x: 1.91603e+10, currMod: 0.995848
e_xx: 1.72156e+08, a2_x: 2.1099e+10, currMod: 0.996345
e_xx: 1.72182e+08, a2_x: 1.68977e+10, currMod: 0.996495
e_xx: 1.72212e+08, a2_x: 1.8065e+10, currMod: 0.996667
e_xx: 1.72635e+08, a2_x: 2.95292e+09, currMod: 0.999119
e_xx: 1.72636e+08, a2_x: 2.4471e+09, currMod: 0.999124
e_xx: 1.72648e+08, a2_x: -1.11006e+09, currMod: 0.999196
e_xx: 1.72704e+08, a2_x: 3.21498e+09, currMod: 0.99952
e_xx: 1.72676e+08, a2_x: 2.00784e+09, currMod: 0.999358
End Structure 180 21572 vs 21932
currMod: 0.99952, prevMod: 0.981128
numClusters: 21572
Total iteration time: 63.3193

Loop 0 <line-37> - Time 0.001812 Total energy consumed 0.166500 Ave. Power Level 91.868658
	-------- Loop 0 (sock 1 consumed 0.064410, avg temp 45.000000, final temp 46 ) ------
	-------- Loop 0 (sock 2 consumed 0.102090, avg temp 35.500000, final temp 35 ) ------
Loop 1 <line-54> - Time 0.001023 Total energy consumed 0.056640 Ave. Power Level 55.393426
	-------- Loop 1 (sock 1 consumed 0.021765, avg temp 45.000000, final temp 46 ) ------
	-------- Loop 1 (sock 2 consumed 0.034875, avg temp 35.500000, final temp 35 ) ------
Loop 2 <line-76> - Time 0.004201 Total energy consumed 0.279600 Ave. Power Level 66.558988
	-------- Loop 2 (sock 1 consumed 0.105420, avg temp 45.000000, final temp 46 ) ------
	-------- Loop 2 (sock 2 consumed 0.174180, avg temp 35.500000, final temp 35 ) ------
Loop 3 <line-170> - Time 1.404526 Total energy consumed 77.674065 Ave. Power Level 55.302695
	-------- Loop 3 (sock 1 consumed 30.320175, avg temp 45.500000, final temp 46 ) ------
	-------- Loop 3 (sock 2 consumed 47.353890, avg temp 35.000000, final temp 34 ) ------
Loop 4 <line-192> - Time 0.000681 Total energy consumed 0.058590 Ave. Power Level 85.975905
	-------- Loop 4 (sock 1 consumed 0.021645, avg temp 45.000000, final temp 46 ) ------
	-------- Loop 4 (sock 2 consumed 0.036945, avg temp 35.500000, final temp 34 ) ------
Loop 5 <line-222> - Time 0.514772 Total energy consumed 28.481205 Ave. Power Level 55.327822
	-------- Loop 5 (sock 1 consumed 16.558635, avg temp 45.500000, final temp 46 ) ------
	-------- Loop 5 (sock 2 consumed 11.922570, avg temp 35.000000, final temp 34 ) ------
Loop 6 <line-116> - Time 0.010743 Total energy consumed 0.517185 Ave. Power Level 48.142082
	-------- Loop 6 (sock 1 consumed 0.264585, avg temp 45.833333, final temp 47 ) ------
	-------- Loop 6 (sock 2 consumed 0.252600, avg temp 35.500000, final temp 35 ) ------
Loop 7 <line-334> - Time 0.832825 Total energy consumed 45.436785 Ave. Power Level 54.557423
	-------- Loop 7 (sock 1 consumed 26.489490, avg temp 45.714286, final temp 46 ) ------
	-------- Loop 7 (sock 2 consumed 18.947295, avg temp 35.285714, final temp 34 ) ------
Loop 8 <line-353> - Time 0.000810 Total energy consumed 0.000000 Ave. Power Level 0.000000
	-------- Loop 8 (sock 1 consumed 0.000000, avg temp 45.714286, final temp 46 ) ------
	-------- Loop 8 (sock 2 consumed 0.000000, avg temp 35.285714, final temp 34 ) ------
Loop 9 <line-375> - Time 0.002565 Total energy consumed 0.118200 Ave. Power Level 46.081925
	-------- Loop 9 (sock 1 consumed 0.071400, avg temp 45.571429, final temp 46 ) ------
	-------- Loop 9 (sock 2 consumed 0.046800, avg temp 35.285714, final temp 34 ) ------
Loop 10 <line-85> - Time 0.038239 Total energy consumed 1.993845 Ave. Power Level 52.141903
	-------- Loop 10 (sock 1 consumed 1.169130, avg temp 45.500000, final temp 46 ) ------
	-------- Loop 10 (sock 2 consumed 0.824715, avg temp 35.000000, final temp 34 ) ------
Loop 11 <line-131> - Time 0.029695 Total energy consumed 1.665375 Ave. Power Level 56.082561
	-------- Loop 11 (sock 1 consumed 0.984315, avg temp 45.500000, final temp 46 ) ------
	-------- Loop 11 (sock 2 consumed 0.681060, avg temp 35.000000, final temp 34 ) ------
Loop 12 <line-167> - Time 0.029926 Total energy consumed 1.596225 Ave. Power Level 53.339538
	-------- Loop 12 (sock 1 consumed 0.915855, avg temp 45.500000, final temp 46 ) ------
	-------- Loop 12 (sock 2 consumed 0.680370, avg temp 35.000000, final temp 34 ) ------
Loop 13 <line-213> - Time 44.115275 Total energy consumed 2385.570390 Ave. Power Level 54.075837
	-------- Loop 13 (sock 1 consumed 1334.755680, avg temp 46.777778, final temp 46 ) ------
	-------- Loop 13 (sock 2 consumed 1050.814710, avg temp 34.666667, final temp 34 ) ------
Loop 14 <line-99> - Time 7.341166 Total energy consumed 386.274960 Ave. Power Level 52.617660
	-------- Loop 14 (sock 1 consumed 220.982085, avg temp 46.833333, final temp 47 ) ------
	-------- Loop 14 (sock 2 consumed 165.292875, avg temp 35.000000, final temp 34 ) ------
Loop 15 <line-160> - Time 0.211575 Total energy consumed 11.442000 Ave. Power Level 54.080113
	-------- Loop 15 (sock 1 consumed 5.009415, avg temp 45.833333, final temp 47 ) ------
	-------- Loop 15 (sock 2 consumed 6.432585, avg temp 35.000000, final temp 34 ) ------
Loop 16 <line-269> - Time 4.485566 Total energy consumed 244.924995 Ave. Power Level 54.602919
	-------- Loop 16 (sock 1 consumed 143.208705, avg temp 46.086957, final temp 47 ) ------
	-------- Loop 16 (sock 2 consumed 101.716290, avg temp 35.086957, final temp 35 ) ------
Loop 17 <line-300> - Time 0.003463 Total energy consumed 0.109875 Ave. Power Level 31.727244
	-------- Loop 17 (sock 1 consumed 0.063960, avg temp 46.055556, final temp 46 ) ------
	-------- Loop 17 (sock 2 consumed 0.045915, avg temp 35.166667, final temp 34 ) ------
Loop 18 <line-148> - Time 0.003110 Total energy consumed 0.197340 Ave. Power Level 63.444849
	-------- Loop 18 (sock 1 consumed 0.127335, avg temp 46.000000, final temp 46 ) ------
	-------- Loop 18 (sock 2 consumed 0.070005, avg temp 35.000000, final temp 35 ) ------
Application(EnergyStat) - Time 74.753005 Total energy consumed 4053.680730 Ave. Power Level 54.227662 Final Temperature socket 1 : 47  socket 2 : 35 
	 ParallelApplication(EnergyStat) - Time 59.031972 Total energy consumed 3186.563775 Ave. Power Level 53.980304
Memory used: 1.32031
Loading 32-bit binary file: pnnl.bin, numvertices: 2361670, numEdges: 191402826
File read time: 1.55078
Before allocating graph
Allocated graph: 0x242b570
Processing edges for vertex: 0, range(0, 166)
Processing edges for vertex: 100000, range(58444108, 58444133)
Processing edges for vertex: 200000, range(84376057, 84376362)
Processing edges for vertex: 300000, range(106069163, 106069503)
Processing edges for vertex: 400000, range(122097114, 122097513)
Processing edges for vertex: 500000, range(135096418, 135096483)
Processing edges for vertex: 600000, range(146097008, 146097061)
Processing edges for vertex: 700000, range(155415410, 155415531)
Processing edges for vertex: 800000, range(162595900, 162595989)
Processing edges for vertex: 900000, range(168508374, 168508464)
Processing edges for vertex: 1000000, range(173203321, 173203442)
Processing edges for vertex: 1100000, range(176935100, 176935110)
Processing edges for vertex: 1200000, range(179876260, 179876270)
Processing edges for vertex: 1300000, range(182240081, 182240092)
Processing edges for vertex: 1400000, range(184224513, 184224521)
Processing edges for vertex: 1500000, range(185795161, 185795170)
Processing edges for vertex: 1600000, range(187104124, 187104130)
Processing edges for vertex: 1700000, range(188148455, 188148461)
Processing edges for vertex: 1800000, range(188997836, 188997842)
Processing edges for vertex: 1900000, range(189691532, 189691535)
Processing edges for vertex: 2000000, range(190254658, 190254660)
Processing edges for vertex: 2100000, range(190705814, 190705822)
Processing edges for vertex: 2200000, range(191052755, 191052764)
Processing edges for vertex: 2300000, range(191302662, 191302663)
Graph populate time: 7.66642
Total I/O time: 9.21724

Regional(EnergyStat) - Time 9.220386 Total energy consumed 520.610160 Ave. Power Level 56.462949 
Running on: 1 threads
Loaded graph from file: pnnl.bin
Memory used: 2949.12
Maximum degree for the graph: 5520
Iteration: 0, conflicts: 0
Total number of colors used: 1182
Total number of conflicts overall: 0
Number of rounds: 1
SUCCESS: No conflicts found
Coloring time: 2.07867
Memory used: 2949.12
Number of reordered colors: 1012
End position for large colors: 0, node count: 547603, largest: 547603
Node count cutoff: 472334
e_xx: 1.1965e+08, a2_x: 6.41408e+11, currMod: 0.625102
e_xx: 1.65266e+08, a2_x: 5.7242e+11, currMod: 0.863433
e_xx: 1.71549e+08, a2_x: 4.8629e+11, currMod: 0.896259
e_xx: 1.74054e+08, a2_x: 4.74975e+11, currMod: 0.909345
e_xx: 1.75286e+08, a2_x: 5.19389e+11, currMod: 0.915784
currMod: 0.909345, prevMod: -1
Louvain time: 51.623
numClusters: 204449, time: 0.099787
Next phase: 2
Memory used: 2949.12
End Structure 1319830 204449 vs 2842150
Build next level time: 7.38344
Iteration time: 59.1114
Memory used: 2949.12
e_xx: 1.56671e+08, a2_x: 5.19525e+11, currMod: 0.906749
e_xx: 1.65798e+08, a2_x: 3.3103e+11, currMod: 0.959577
e_xx: 1.67497e+08, a2_x: 2.80289e+11, currMod: 0.969412
e_xx: 1.67888e+08, a2_x: 2.91505e+11, currMod: 0.971674
e_xx: 1.68025e+08, a2_x: 2.86625e+11, currMod: 0.972466
e_xx: 1.6811e+08, a2_x: 2.97049e+11, currMod: 0.972962
e_xx: 1.68122e+08, a2_x: 3.12195e+11, currMod: 0.973027
e_xx: 1.68166e+08, a2_x: 3.13491e+11, currMod: 0.973286
e_xx: 1.68158e+08, a2_x: 3.12479e+11, currMod: 0.97324
currMod: 0.973286, prevMod: 0.909345
Louvain time: 3.51847
numClusters: 51743, time: 0.012508
Next phase: 3
Memory used: 2949.12
End Structure 518860 51743 vs 1089450
Build next level time: 0.290635
Iteration time: 3.82823
Memory used: 2949.12
e_xx: 1.68166e+08, a2_x: 3.12365e+11, currMod: 0.97326
e_xx: 1.69083e+08, a2_x: 1.16758e+11, currMod: 0.978572
e_xx: 1.69198e+08, a2_x: 7.3917e+10, currMod: 0.979242
e_xx: 1.6929e+08, a2_x: 6.25833e+10, currMod: 0.979771
e_xx: 1.69227e+08, a2_x: 4.19352e+10, currMod: 0.979409
currMod: 0.979771, prevMod: 0.973286
Louvain time: 0.697342
numClusters: 25637, time: 0.003953
Next phase: 4
Memory used: 2949.12
End Structure 179681 25637 vs 384999
Build next level time: 0.067715
Iteration time: 0.770846
Memory used: 2949.12
e_xx: 1.6929e+08, a2_x: 6.18102e+10, currMod: 0.979758
e_xx: 1.69509e+08, a2_x: 7.3425e+09, currMod: 0.981028
e_xx: 1.69522e+08, a2_x: 5.8637e+08, currMod: 0.981107
e_xx: 1.69522e+08, a2_x: -1.1042e+10, currMod: 0.981107
currMod: 0.981107, prevMod: 0.979771
Louvain time: 0.200428
numClusters: 22233, time: 0.002478
Next phase: 5
Memory used: 2949.12
End Structure 97931 22233 vs 218095
Build next level time: 0.026997
Iteration time: 0.231735
Memory used: 2949.12
e_xx: 1.69522e+08, a2_x: 4.27258e+09, currMod: 0.981104
e_xx: 1.69527e+08, a2_x: 9.97149e+09, currMod: 0.981128
e_xx: 1.69526e+08, a2_x: 2.62785e+10, currMod: 0.981126
currMod: 0.981128, prevMod: 0.981107
Louvain time: 0.089874
numClusters: 22051, time: 0.002157
Next phase: 6
Memory used: 2949.12
End Structure 87959 22051 vs 197969
Build next level time: 0.020656
Iteration time: 0.114512
Memory used: 2949.12
e_xx: 1.69527e+08, a2_x: 1.0484e+10, currMod: 0.981128
e_xx: 1.69527e+08, a2_x: 1.96106e+10, currMod: 0.981129
currMod: 0.981128, prevMod: 0.981128
Louvain time: 0.054677
numClusters: 22051, time: 0.002126
Maximum degree for the graph: 543
Iteration: 0, conflicts: 0
Total number of colors used: 181
Total number of conflicts overall: 0
Number of rounds: 1
SUCCESS: No conflicts found
Number of reordered colors: 177
End position for large colors: 0, node count: 21561, largest: 21561
Node count cutoff: 4411
e_xx: 1.69536e+08, a2_x: 1.51687e+10, currMod: 0.98118
e_xx: 1.69733e+08, a2_x: 1.36539e+10, currMod: 0.982325
e_xx: 1.69872e+08, a2_x: 1.37212e+10, currMod: 0.983125
e_xx: 1.70839e+08, a2_x: 1.55946e+10, currMod: 0.988725
e_xx: 1.7207e+08, a2_x: 1.91603e+10, currMod: 0.995848
e_xx: 1.72156e+08, a2_x: 2.1099e+10, currMod: 0.996345
e_xx: 1.72182e+08, a2_x: 1.68977e+10, currMod: 0.996495
e_xx: 1.72212e+08, a2_x: 1.8065e+10, currMod: 0.996667
e_xx: 1.72635e+08, a2_x: 2.95292e+09, currMod: 0.999119
e_xx: 1.72636e+08, a2_x: 2.4471e+09, currMod: 0.999124
e_xx: 1.72648e+08, a2_x: -1.11006e+09, currMod: 0.999196
e_xx: 1.72704e+08, a2_x: 3.21498e+09, currMod: 0.99952
e_xx: 1.72676e+08, a2_x: 2.00784e+09, currMod: 0.999358
End Structure 180 21572 vs 21932
currMod: 0.99952, prevMod: 0.981128
numClusters: 21572
Total iteration time: 64.0568

Loop 0 <line-37> - Time 0.001817 Total energy consumed 0.163305 Ave. Power Level 89.899127
	-------- Loop 0 (sock 1 consumed 0.061095, avg temp 45.000000, final temp 46 ) ------
	-------- Loop 0 (sock 2 consumed 0.102210, avg temp 35.500000, final temp 35 ) ------
Loop 1 <line-54> - Time 0.001038 Total energy consumed 0.056655 Ave. Power Level 54.565943
	-------- Loop 1 (sock 1 consumed 0.021570, avg temp 45.000000, final temp 46 ) ------
	-------- Loop 1 (sock 2 consumed 0.035085, avg temp 35.000000, final temp 34 ) ------
Loop 2 <line-76> - Time 0.004013 Total energy consumed 0.227205 Ave. Power Level 56.614592
	-------- Loop 2 (sock 1 consumed 0.086310, avg temp 45.000000, final temp 46 ) ------
	-------- Loop 2 (sock 2 consumed 0.140895, avg temp 35.000000, final temp 34 ) ------
Loop 3 <line-170> - Time 1.422138 Total energy consumed 78.377400 Ave. Power Level 55.112379
	-------- Loop 3 (sock 1 consumed 37.126770, avg temp 45.500000, final temp 45 ) ------
	-------- Loop 3 (sock 2 consumed 41.250630, avg temp 35.000000, final temp 34 ) ------
Loop 4 <line-192> - Time 0.000765 Total energy consumed 0.000000 Ave. Power Level 0.000000
	-------- Loop 4 (sock 1 consumed 0.000000, avg temp 45.500000, final temp 45 ) ------
	-------- Loop 4 (sock 2 consumed 0.000000, avg temp 35.000000, final temp 34 ) ------
Loop 5 <line-222> - Time 0.568142 Total energy consumed 31.470060 Ave. Power Level 55.391216
	-------- Loop 5 (sock 1 consumed 18.331455, avg temp 46.000000, final temp 45 ) ------
	-------- Loop 5 (sock 2 consumed 13.138605, avg temp 35.000000, final temp 34 ) ------
Loop 6 <line-116> - Time 0.012167 Total energy consumed 0.595365 Ave. Power Level 48.932668
	-------- Loop 6 (sock 1 consumed 0.314550, avg temp 45.500000, final temp 45 ) ------
	-------- Loop 6 (sock 2 consumed 0.280815, avg temp 35.333333, final temp 35 ) ------
Loop 7 <line-334> - Time 0.855911 Total energy consumed 46.592040 Ave. Power Level 54.435637
	-------- Loop 7 (sock 1 consumed 26.818500, avg temp 45.285714, final temp 46 ) ------
	-------- Loop 7 (sock 2 consumed 19.773540, avg temp 35.285714, final temp 34 ) ------
Loop 8 <line-353> - Time 0.000818 Total energy consumed 0.055800 Ave. Power Level 68.175987
	-------- Loop 8 (sock 1 consumed 0.032610, avg temp 45.285714, final temp 46 ) ------
	-------- Loop 8 (sock 2 consumed 0.023190, avg temp 35.142857, final temp 34 ) ------
Loop 9 <line-375> - Time 0.002575 Total energy consumed 0.197100 Ave. Power Level 76.534802
	-------- Loop 9 (sock 1 consumed 0.094350, avg temp 45.428571, final temp 46 ) ------
	-------- Loop 9 (sock 2 consumed 0.102750, avg temp 34.857143, final temp 34 ) ------
Loop 10 <line-85> - Time 0.038272 Total energy consumed 2.047935 Ave. Power Level 53.510139
	-------- Loop 10 (sock 1 consumed 1.171410, avg temp 46.000000, final temp 46 ) ------
	-------- Loop 10 (sock 2 consumed 0.876525, avg temp 34.750000, final temp 34 ) ------
Loop 11 <line-131> - Time 0.030118 Total energy consumed 1.633260 Ave. Power Level 54.229487
	-------- Loop 11 (sock 1 consumed 0.953565, avg temp 46.000000, final temp 46 ) ------
	-------- Loop 11 (sock 2 consumed 0.679695, avg temp 34.500000, final temp 34 ) ------
Loop 12 <line-167> - Time 0.029694 Total energy consumed 1.661790 Ave. Power Level 55.964295
	-------- Loop 12 (sock 1 consumed 0.980265, avg temp 45.500000, final temp 46 ) ------
	-------- Loop 12 (sock 2 consumed 0.681525, avg temp 35.000000, final temp 35 ) ------
Loop 13 <line-213> - Time 44.783155 Total energy consumed 2442.093225 Ave. Power Level 54.531513
	-------- Loop 13 (sock 1 consumed 1320.233190, avg temp 45.500000, final temp 46 ) ------
	-------- Loop 13 (sock 2 consumed 1121.860035, avg temp 35.555556, final temp 36 ) ------
Loop 14 <line-99> - Time 7.271232 Total energy consumed 396.259665 Ave. Power Level 54.496907
	-------- Loop 14 (sock 1 consumed 228.772770, avg temp 45.666667, final temp 46 ) ------
	-------- Loop 14 (sock 2 consumed 167.486895, avg temp 35.500000, final temp 36 ) ------
Loop 15 <line-160> - Time 0.216187 Total energy consumed 11.904690 Ave. Power Level 55.066629
	-------- Loop 15 (sock 1 consumed 5.209845, avg temp 45.666667, final temp 47 ) ------
	-------- Loop 15 (sock 2 consumed 6.694845, avg temp 35.333333, final temp 35 ) ------
Loop 16 <line-269> - Time 4.531741 Total energy consumed 247.211040 Ave. Power Level 54.551003
	-------- Loop 16 (sock 1 consumed 140.149455, avg temp 45.608696, final temp 46 ) ------
	-------- Loop 16 (sock 2 consumed 107.061585, avg temp 35.173913, final temp 33 ) ------
Loop 17 <line-300> - Time 0.003981 Total energy consumed 0.252765 Ave. Power Level 63.494516
	-------- Loop 17 (sock 1 consumed 0.161190, avg temp 45.500000, final temp 46 ) ------
	-------- Loop 17 (sock 2 consumed 0.091575, avg temp 35.388889, final temp 35 ) ------
Loop 18 <line-148> - Time 0.003136 Total energy consumed 0.141930 Ave. Power Level 45.259806
	-------- Loop 18 (sock 1 consumed 0.095610, avg temp 46.000000, final temp 46 ) ------
	-------- Loop 18 (sock 2 consumed 0.046320, avg temp 35.000000, final temp 35 ) ------
Application(EnergyStat) - Time 75.621848 Total energy consumed 4143.288210 Ave. Power Level 54.789566 Final Temperature socket 1 : 46  socket 2 : 35 
	 ParallelApplication(EnergyStat) - Time 59.776899 Total energy consumed 3260.941230 Ave. Power Level 54.551863
