Memory used: 1.29297
Loading 32-bit binary file: pnnl.bin, numvertices: 2361670, numEdges: 191402826
File read time: 5.71125
Before allocating graph
Allocated graph: 0x2225550
Processing edges for vertex: 0, range(0, 166)
Processing edges for vertex: 100000, range(58444108, 58444133)
Processing edges for vertex: 200000, range(84376057, 84376362)
Processing edges for vertex: 300000, range(106069163, 106069503)
Processing edges for vertex: 400000, range(122097114, 122097513)
Processing edges for vertex: 500000, range(135096418, 135096483)
Processing edges for vertex: 600000, range(146097008, 146097061)
Processing edges for vertex: 700000, range(155415410, 155415531)
Processing edges for vertex: 800000, range(162595900, 162595989)
Processing edges for vertex: 900000, range(168508374, 168508464)
Processing edges for vertex: 1000000, range(173203321, 173203442)
Processing edges for vertex: 1100000, range(176935100, 176935110)
Processing edges for vertex: 1200000, range(179876260, 179876270)
Processing edges for vertex: 1300000, range(182240081, 182240092)
Processing edges for vertex: 1400000, range(184224513, 184224521)
Processing edges for vertex: 1500000, range(185795161, 185795170)
Processing edges for vertex: 1600000, range(187104124, 187104130)
Processing edges for vertex: 1700000, range(188148455, 188148461)
Processing edges for vertex: 1800000, range(188997836, 188997842)
Processing edges for vertex: 1900000, range(189691532, 189691535)
Processing edges for vertex: 2000000, range(190254658, 190254660)
Processing edges for vertex: 2100000, range(190705814, 190705822)
Processing edges for vertex: 2200000, range(191052755, 191052764)
Processing edges for vertex: 2300000, range(191302662, 191302663)
Graph populate time: 30.3738
Total I/O time: 36.0851
Running on: 16 threads
Loaded graph from file: pnnl.bin
Memory used: 2949.09
Maximum degree for the graph: 5520
Iteration: 0, conflicts: 29
Iteration: 1, conflicts: 7
Iteration: 2, conflicts: 3
Iteration: 3, conflicts: 1
Iteration: 4, conflicts: 0
Total number of colors used: 1184
Total number of conflicts overall: 0
Number of rounds: 5
SUCCESS: No conflicts found
Coloring time: 2.21707
Memory used: 2949.09
Number of reordered colors: 1004
End position for large colors: 0, node count: 550627, largest: 550627
Node count cutoff: 472334
e_xx: 1.14316e+08, a2_x: 5.91231e+11, currMod: 0.597238
e_xx: 1.57714e+08, a2_x: 5.92235e+11, currMod: 0.823973
e_xx: 1.65845e+08, a2_x: 5.2567e+11, currMod: 0.866456
e_xx: 1.70158e+08, a2_x: 4.80006e+11, currMod: 0.888992
e_xx: 1.72008e+08, a2_x: 4.84431e+11, currMod: 0.898658
currMod: 0.888992, prevMod: -1
Louvain time: 24.6952
numClusters: 203428, time: 0.413896
Next phase: 2
Memory used: 2949.09
End Structure 1276349 203428 vs 2754331
Build next level time: 10.8385
Iteration time: 35.9597
Memory used: 2949.09
e_xx: 1.70329e+08, a2_x: 4.84933e+11, currMod: 0.897781
e_xx: 1.79416e+08, a2_x: 4.02674e+11, currMod: 0.945681
e_xx: 1.80901e+08, a2_x: 2.91447e+11, currMod: 0.953512
e_xx: 1.81207e+08, a2_x: 2.96691e+11, currMod: 0.955125
e_xx: 1.81267e+08, a2_x: 2.8779e+11, currMod: 0.955442
e_xx: 1.81368e+08, a2_x: 2.60708e+11, currMod: 0.955974
e_xx: 1.81356e+08, a2_x: 2.81572e+11, currMod: 0.95591
currMod: 0.955974, prevMod: 0.888992
Louvain time: 6.11875
numClusters: 52640, time: 0.115055
Next phase: 3
Memory used: 2949.09
End Structure 509832 52640 vs 1072290
Build next level time: 0.59876
Iteration time: 6.83448
Memory used: 2949.09
e_xx: 1.81368e+08, a2_x: 2.57579e+11, currMod: 0.955963
e_xx: 1.82524e+08, a2_x: 5.63066e+10, currMod: 0.962062
e_xx: 1.82604e+08, a2_x: 2.33757e+10, currMod: 0.962485
e_xx: 1.82718e+08, a2_x: 7.11942e+09, currMod: 0.963088
e_xx: 1.82638e+08, a2_x: 1.2245e+10, currMod: 0.962665
currMod: 0.963088, prevMod: 0.955974
Louvain time: 2.12127
numClusters: 25490, time: 0.02051
Next phase: 4
Memory used: 2949.09
End Structure 169936 25490 vs 365362
Build next level time: 0.243849
Iteration time: 2.38661
Memory used: 2949.09
e_xx: 1.82718e+08, a2_x: 6.89844e+09, currMod: 0.963079
e_xx: 1.82916e+08, a2_x: -2.71544e+10, currMod: 0.96412
e_xx: 1.82944e+08, a2_x: -9.50492e+09, currMod: 0.964267
e_xx: 1.82945e+08, a2_x: -2.26723e+10, currMod: 0.964273
e_xx: 1.82945e+08, a2_x: -1.78286e+09, currMod: 0.964276
e_xx: 1.82944e+08, a2_x: -1.08553e+09, currMod: 0.964271
currMod: 0.964276, prevMod: 0.963088
Louvain time: 1.15608
numClusters: 22097, time: 0.0135
Next phase: 5
Memory used: 2949.09
End Structure 78814 22097 vs 179725
Build next level time: 0.114962
Iteration time: 1.28531
Memory used: 2949.09
e_xx: 1.82945e+08, a2_x: -2.52464e+09, currMod: 0.964275
e_xx: 1.82948e+08, a2_x: -1.39533e+10, currMod: 0.964287
e_xx: 1.82948e+08, a2_x: -6.47906e+09, currMod: 0.964288
e_xx: 1.82948e+08, a2_x: -1.2155e+10, currMod: 0.96429
e_xx: 1.82948e+08, a2_x: -8.08348e+09, currMod: 0.964289
currMod: 0.96429, prevMod: 0.964276
Louvain time: 0.586186
numClusters: 21940, time: 0.012078
Next phase: 6
Memory used: 2949.09
End Structure 67800 21940 vs 157540
Build next level time: 0.083284
Iteration time: 0.682393
Memory used: 2949.09
e_xx: 1.82948e+08, a2_x: -1.46042e+10, currMod: 0.96429
e_xx: 1.82948e+08, a2_x: -1.60781e+10, currMod: 0.96429
currMod: 0.96429, prevMod: 0.96429
Louvain time: 0.242629
numClusters: 21940, time: 0.011892
Maximum degree for the graph: 442
Iteration: 0, conflicts: 0
Total number of colors used: 177
Total number of conflicts overall: 0
Number of rounds: 1
SUCCESS: No conflicts found
Number of reordered colors: 169
End position for large colors: 0, node count: 21533, largest: 21533
Node count cutoff: 4388
e_xx: 1.82963e+08, a2_x: -2.82019e+10, currMod: 0.964369
e_xx: 1.82966e+08, a2_x: -3.03333e+10, currMod: 0.964385
e_xx: 1.89394e+08, a2_x: 3.17451e+09, currMod: 0.998264
e_xx: 1.89242e+08, a2_x: 5.29642e+08, currMod: 0.997465
End Structure 405 21551 vs 22361
currMod: 0.998264, prevMod: 0.96429
numClusters: 21551
Total iteration time: 47.1485

Loop 0 <line-37> - Time 0.001994 Total energy consumed 0.056115 Ave. Power Level 28.138172
	-------- Loop 0 (sock 1 consumed 0.037830, avg temp 36.000000, final temp 37 ) ------
	-------- Loop 0 (sock 2 consumed 0.018285, avg temp 32.500000, final temp 33 ) ------
Loop 1 <line-54> - Time 0.000603 Total energy consumed 0.000000 Ave. Power Level 0.000000
	-------- Loop 1 (sock 1 consumed 0.000000, avg temp 36.500000, final temp 37 ) ------
	-------- Loop 1 (sock 2 consumed 0.000000, avg temp 32.500000, final temp 33 ) ------
Loop 2 <line-76> - Time 0.000873 Total energy consumed 0.000000 Ave. Power Level 0.000000
	-------- Loop 2 (sock 1 consumed 0.000000, avg temp 36.500000, final temp 37 ) ------
	-------- Loop 2 (sock 2 consumed 0.000000, avg temp 32.500000, final temp 33 ) ------
Loop 3 <line-170> - Time 1.297973 Total energy consumed 52.477275 Ave. Power Level 40.430184
	-------- Loop 3 (sock 1 consumed 27.017940, avg temp 36.166667, final temp 37 ) ------
	-------- Loop 3 (sock 2 consumed 25.459335, avg temp 32.166667, final temp 33 ) ------
Loop 4 <line-192> - Time 0.000823 Total energy consumed 0.000000 Ave. Power Level 0.000000
	-------- Loop 4 (sock 1 consumed 0.000000, avg temp 36.500000, final temp 37 ) ------
	-------- Loop 4 (sock 2 consumed 0.000000, avg temp 32.500000, final temp 33 ) ------
Loop 5 <line-222> - Time 0.500441 Total energy consumed 20.388795 Ave. Power Level 40.741676
	-------- Loop 5 (sock 1 consumed 10.235370, avg temp 37.000000, final temp 37 ) ------
	-------- Loop 5 (sock 2 consumed 10.153425, avg temp 32.500000, final temp 33 ) ------
Loop 6 <line-115> - Time 0.004116 Total energy consumed 0.000000 Ave. Power Level 0.000000
	-------- Loop 6 (sock 1 consumed 0.000000, avg temp 36.500000, final temp 36 ) ------
	-------- Loop 6 (sock 2 consumed 0.000000, avg temp 32.666667, final temp 33 ) ------
Loop 7 <line-334> - Time 1.188900 Total energy consumed 46.112850 Ave. Power Level 38.786158
	-------- Loop 7 (sock 1 consumed 22.562655, avg temp 36.571429, final temp 37 ) ------
	-------- Loop 7 (sock 2 consumed 23.550195, avg temp 32.714286, final temp 33 ) ------
Loop 8 <line-353> - Time 0.001107 Total energy consumed 0.000000 Ave. Power Level 0.000000
	-------- Loop 8 (sock 1 consumed 0.000000, avg temp 36.571429, final temp 37 ) ------
	-------- Loop 8 (sock 2 consumed 0.000000, avg temp 32.714286, final temp 33 ) ------
Loop 9 <line-375> - Time 0.002509 Total energy consumed 0.000000 Ave. Power Level 0.000000
	-------- Loop 9 (sock 1 consumed 0.000000, avg temp 36.571429, final temp 37 ) ------
	-------- Loop 9 (sock 2 consumed 0.000000, avg temp 32.714286, final temp 33 ) ------
Loop 10 <line-85> - Time 0.285325 Total energy consumed 14.479200 Ave. Power Level 50.746287
	-------- Loop 10 (sock 1 consumed 7.294890, avg temp 36.500000, final temp 37 ) ------
	-------- Loop 10 (sock 2 consumed 7.184310, avg temp 32.750000, final temp 32 ) ------
Loop 11 <line-131> - Time 0.017948 Total energy consumed 1.168410 Ave. Power Level 65.101514
	-------- Loop 11 (sock 1 consumed 0.591240, avg temp 37.000000, final temp 37 ) ------
	-------- Loop 11 (sock 2 consumed 0.577170, avg temp 32.500000, final temp 33 ) ------
Loop 12 <line-167> - Time 0.332248 Total energy consumed 16.827810 Ave. Power Level 50.648387
	-------- Loop 12 (sock 1 consumed 8.518740, avg temp 37.000000, final temp 37 ) ------
	-------- Loop 12 (sock 2 consumed 8.309070, avg temp 33.500000, final temp 34 ) ------
Loop 13 <line-213> - Time 15.137568 Total energy consumed 768.073920 Ave. Power Level 50.739586
	-------- Loop 13 (sock 1 consumed 389.128680, avg temp 37.444444, final temp 37 ) ------
	-------- Loop 13 (sock 2 consumed 378.945240, avg temp 33.444444, final temp 33 ) ------
Loop 14 <line-99> - Time 10.876634 Total energy consumed 422.319570 Ave. Power Level 38.828149
	-------- Loop 14 (sock 1 consumed 207.603435, avg temp 37.166667, final temp 37 ) ------
	-------- Loop 14 (sock 2 consumed 214.716135, avg temp 32.833333, final temp 33 ) ------
Loop 15 <line-160> - Time 0.256139 Total energy consumed 10.025715 Ave. Power Level 39.141748
	-------- Loop 15 (sock 1 consumed 4.949415, avg temp 37.333333, final temp 38 ) ------
	-------- Loop 15 (sock 2 consumed 5.076300, avg temp 32.500000, final temp 33 ) ------
Loop 16 <line-269> - Time 10.157313 Total energy consumed 384.682575 Ave. Power Level 37.872476
	-------- Loop 16 (sock 1 consumed 190.586340, avg temp 36.640000, final temp 37 ) ------
	-------- Loop 16 (sock 2 consumed 194.096235, avg temp 32.400000, final temp 33 ) ------
Loop 17 <line-300> - Time 0.004489 Total energy consumed 0.000000 Ave. Power Level 0.000000
	-------- Loop 17 (sock 1 consumed 0.000000, avg temp 36.600000, final temp 36 ) ------
	-------- Loop 17 (sock 2 consumed 0.000000, avg temp 32.300000, final temp 33 ) ------
Loop 18 <line-147> - Time 0.000950 Total energy consumed 0.000000 Ave. Power Level 0.000000
	-------- Loop 18 (sock 1 consumed 0.000000, avg temp 37.000000, final temp 37 ) ------
	-------- Loop 18 (sock 2 consumed 0.000000, avg temp 33.000000, final temp 33 ) ------
Application(EnergyStat) - Time 85.831684 Total energy consumed 3441.345450 Ave. Power Level 40.094116 Final Temperature socket 1 : 37  socket 2 : 33 
