Memory used: 1.29297
Loading 32-bit binary file: pnnl.bin, numvertices: 2361670, numEdges: 191402826
File read time: 5.70805
Before allocating graph
Allocated graph: 0xaba550
Processing edges for vertex: 0, range(0, 166)
Processing edges for vertex: 100000, range(58444108, 58444133)
Processing edges for vertex: 200000, range(84376057, 84376362)
Processing edges for vertex: 300000, range(106069163, 106069503)
Processing edges for vertex: 400000, range(122097114, 122097513)
Processing edges for vertex: 500000, range(135096418, 135096483)
Processing edges for vertex: 600000, range(146097008, 146097061)
Processing edges for vertex: 700000, range(155415410, 155415531)
Processing edges for vertex: 800000, range(162595900, 162595989)
Processing edges for vertex: 900000, range(168508374, 168508464)
Processing edges for vertex: 1000000, range(173203321, 173203442)
Processing edges for vertex: 1100000, range(176935100, 176935110)
Processing edges for vertex: 1200000, range(179876260, 179876270)
Processing edges for vertex: 1300000, range(182240081, 182240092)
Processing edges for vertex: 1400000, range(184224513, 184224521)
Processing edges for vertex: 1500000, range(185795161, 185795170)
Processing edges for vertex: 1600000, range(187104124, 187104130)
Processing edges for vertex: 1700000, range(188148455, 188148461)
Processing edges for vertex: 1800000, range(188997836, 188997842)
Processing edges for vertex: 1900000, range(189691532, 189691535)
Processing edges for vertex: 2000000, range(190254658, 190254660)
Processing edges for vertex: 2100000, range(190705814, 190705822)
Processing edges for vertex: 2200000, range(191052755, 191052764)
Processing edges for vertex: 2300000, range(191302662, 191302663)
Graph populate time: 30.3246
Total I/O time: 36.0328
Running on: 16 threads
Loaded graph from file: pnnl.bin
Memory used: 2949.09
Maximum degree for the graph: 5520
Iteration: 0, conflicts: 17
Iteration: 1, conflicts: 3
Iteration: 2, conflicts: 0
Total number of colors used: 1196
Total number of conflicts overall: 0
Number of rounds: 3
SUCCESS: No conflicts found
Coloring time: 2.26999
Memory used: 2949.09
Number of reordered colors: 1019
End position for large colors: 0, node count: 550655, largest: 550655
Node count cutoff: 472334
e_xx: 1.19964e+08, a2_x: 6.12807e+11, currMod: 0.626744
e_xx: 1.62711e+08, a2_x: 5.70313e+11, currMod: 0.85008
e_xx: 1.69168e+08, a2_x: 5.39777e+11, currMod: 0.883817
e_xx: 1.71985e+08, a2_x: 5.46576e+11, currMod: 0.898535
e_xx: 1.7322e+08, a2_x: 5.79727e+11, currMod: 0.904986
currMod: 0.898535, prevMod: -1
Louvain time: 25.0465
numClusters: 204101, time: 0.412926
Next phase: 2
Memory used: 2949.09
End Structure 1295773 204101 vs 2793822
Build next level time: 12.111
Iteration time: 37.5821
Memory used: 2949.09
e_xx: 1.68929e+08, a2_x: 5.78638e+11, currMod: 0.902833
e_xx: 1.79261e+08, a2_x: 3.64205e+11, currMod: 0.958061
e_xx: 1.80942e+08, a2_x: 2.4601e+11, currMod: 0.967047
e_xx: 1.82247e+08, a2_x: 2.27409e+11, currMod: 0.974022
e_xx: 1.82339e+08, a2_x: 2.54743e+11, currMod: 0.974512
e_xx: 1.82504e+08, a2_x: 1.96377e+11, currMod: 0.975398
e_xx: 1.82467e+08, a2_x: 2.45316e+11, currMod: 0.975196
currMod: 0.975398, prevMod: 0.898535
Louvain time: 6.15954
numClusters: 55584, time: 0.06649
Next phase: 3
Memory used: 2949.09
End Structure 570380 55584 vs 1196330
Build next level time: 0.582195
Iteration time: 6.80987
Memory used: 2949.09
e_xx: 1.82504e+08, a2_x: 1.96564e+11, currMod: 0.975396
e_xx: 1.83448e+08, a2_x: 1.23499e+11, currMod: 0.980447
e_xx: 1.83518e+08, a2_x: 1.20863e+11, currMod: 0.98082
e_xx: 1.83626e+08, a2_x: 8.87947e+10, currMod: 0.981399
e_xx: 1.83567e+08, a2_x: 7.33116e+10, currMod: 0.981086
currMod: 0.981399, prevMod: 0.975398
Louvain time: 2.34151
numClusters: 26059, time: 0.021352
Next phase: 4
Memory used: 2949.09
End Structure 184173 26059 vs 394405
Build next level time: 0.266042
Iteration time: 2.62985
Memory used: 2949.09
e_xx: 1.83626e+08, a2_x: 8.84928e+10, currMod: 0.981377
e_xx: 1.83891e+08, a2_x: 7.50043e+09, currMod: 0.982792
e_xx: 1.83905e+08, a2_x: 2.92153e+10, currMod: 0.982867
e_xx: 1.83906e+08, a2_x: 3.17289e+10, currMod: 0.982872
e_xx: 1.83906e+08, a2_x: 2.1334e+10, currMod: 0.982875
e_xx: 1.83905e+08, a2_x: 3.47534e+10, currMod: 0.98287
currMod: 0.982875, prevMod: 0.981399
Louvain time: 1.23489
numClusters: 22142, time: 0.013679
Next phase: 5
Memory used: 2949.09
End Structure 81127 22142 vs 184396
Build next level time: 0.114967
Iteration time: 1.36423
Memory used: 2949.09
e_xx: 1.83906e+08, a2_x: 1.98776e+10, currMod: 0.982871
e_xx: 1.8391e+08, a2_x: 1.22143e+10, currMod: 0.982892
e_xx: 1.8391e+08, a2_x: 1.72831e+10, currMod: 0.98289
currMod: 0.982892, prevMod: 0.982875
Louvain time: 0.364647
numClusters: 21986, time: 0.011934
Next phase: 6
Memory used: 2949.09
End Structure 72465 21986 vs 166916
Build next level time: 0.092864
Iteration time: 0.470547
Memory used: 2949.09
e_xx: 1.8391e+08, a2_x: 1.22143e+10, currMod: 0.982892
e_xx: 1.8391e+08, a2_x: 6.93465e+09, currMod: 0.982893
e_xx: 1.8391e+08, a2_x: 3.58547e+09, currMod: 0.982894
e_xx: 1.8391e+08, a2_x: 6.62554e+09, currMod: 0.982894
currMod: 0.982894, prevMod: 0.982892
Louvain time: 0.400882
numClusters: 21951, time: 0.011855
Next phase: 7
Memory used: 2949.09
End Structure 68383 21951 vs 158717
Build next level time: 0.097284
Iteration time: 0.511366
Memory used: 2949.09
e_xx: 1.8391e+08, a2_x: 2.7084e+09, currMod: 0.982894
e_xx: 1.8391e+08, a2_x: 1.86223e+09, currMod: 0.982894
currMod: 0.982894, prevMod: 0.982894
Louvain time: 0.204
numClusters: 21951, time: 0.011848
Maximum degree for the graph: 451
Iteration: 0, conflicts: 0
Total number of colors used: 173
Total number of conflicts overall: 0
Number of rounds: 1
SUCCESS: No conflicts found
Number of reordered colors: 172
End position for large colors: 0, node count: 21541, largest: 21541
Node count cutoff: 4391
e_xx: 1.83943e+08, a2_x: 4.82193e+09, currMod: 0.983068
e_xx: 1.84072e+08, a2_x: -1.43332e+09, currMod: 0.983757
e_xx: 1.84068e+08, a2_x: -1.86499e+09, currMod: 0.983736
End Structure 18281 21737 vs 58299
currMod: 0.983757, prevMod: 0.982894
numClusters: 21737
Total iteration time: 49.368

Loop 0 <line-37> - Time 0.002678 Total energy consumed 0.079965 Ave. Power Level 29.859803
	-------- Loop 0 (sock 1 consumed 0.040005, avg temp 36.500000, final temp 37 ) ------
	-------- Loop 0 (sock 2 consumed 0.039960, avg temp 33.000000, final temp 33 ) ------
Loop 1 <line-54> - Time 0.000899 Total energy consumed 0.000000 Ave. Power Level 0.000000
	-------- Loop 1 (sock 1 consumed 0.000000, avg temp 36.500000, final temp 36 ) ------
	-------- Loop 1 (sock 2 consumed 0.000000, avg temp 32.500000, final temp 33 ) ------
Loop 2 <line-76> - Time 0.000844 Total energy consumed 0.000000 Ave. Power Level 0.000000
	-------- Loop 2 (sock 1 consumed 0.000000, avg temp 36.500000, final temp 36 ) ------
	-------- Loop 2 (sock 2 consumed 0.000000, avg temp 32.500000, final temp 33 ) ------
Loop 3 <line-170> - Time 1.317636 Total energy consumed 53.466405 Ave. Power Level 40.577530
	-------- Loop 3 (sock 1 consumed 27.636645, avg temp 36.000000, final temp 36 ) ------
	-------- Loop 3 (sock 2 consumed 25.829760, avg temp 32.000000, final temp 32 ) ------
Loop 4 <line-192> - Time 0.001895 Total energy consumed 0.100305 Ave. Power Level 52.940003
	-------- Loop 4 (sock 1 consumed 0.050760, avg temp 36.000000, final temp 36 ) ------
	-------- Loop 4 (sock 2 consumed 0.049545, avg temp 32.000000, final temp 32 ) ------
Loop 5 <line-222> - Time 0.532136 Total energy consumed 21.455415 Ave. Power Level 40.319426
	-------- Loop 5 (sock 1 consumed 10.626405, avg temp 36.500000, final temp 37 ) ------
	-------- Loop 5 (sock 2 consumed 10.829010, avg temp 32.500000, final temp 32 ) ------
Loop 6 <line-115> - Time 0.005398 Total energy consumed 0.073965 Ave. Power Level 13.702909
	-------- Loop 6 (sock 1 consumed 0.037845, avg temp 36.428571, final temp 36 ) ------
	-------- Loop 6 (sock 2 consumed 0.036120, avg temp 32.285714, final temp 32 ) ------
Loop 7 <line-334> - Time 1.177982 Total energy consumed 45.715530 Ave. Power Level 38.808350
	-------- Loop 7 (sock 1 consumed 23.933385, avg temp 36.625000, final temp 36 ) ------
	-------- Loop 7 (sock 2 consumed 21.782145, avg temp 32.250000, final temp 32 ) ------
Loop 8 <line-353> - Time 0.001415 Total energy consumed 0.000000 Ave. Power Level 0.000000
	-------- Loop 8 (sock 1 consumed 0.000000, avg temp 36.625000, final temp 36 ) ------
	-------- Loop 8 (sock 2 consumed 0.000000, avg temp 32.250000, final temp 32 ) ------
Loop 9 <line-375> - Time 0.002395 Total energy consumed 0.049605 Ave. Power Level 20.708277
	-------- Loop 9 (sock 1 consumed 0.025125, avg temp 36.625000, final temp 36 ) ------
	-------- Loop 9 (sock 2 consumed 0.024480, avg temp 32.250000, final temp 32 ) ------
Loop 10 <line-85> - Time 0.300191 Total energy consumed 15.561705 Ave. Power Level 51.839356
	-------- Loop 10 (sock 1 consumed 7.869105, avg temp 37.000000, final temp 37 ) ------
	-------- Loop 10 (sock 2 consumed 7.692600, avg temp 32.500000, final temp 32 ) ------
Loop 11 <line-131> - Time 0.013302 Total energy consumed 0.715725 Ave. Power Level 53.806652
	-------- Loop 11 (sock 1 consumed 0.362055, avg temp 37.000000, final temp 37 ) ------
	-------- Loop 11 (sock 2 consumed 0.353670, avg temp 32.500000, final temp 32 ) ------
Loop 12 <line-167> - Time 0.329339 Total energy consumed 16.696125 Ave. Power Level 50.695872
	-------- Loop 12 (sock 1 consumed 8.491230, avg temp 37.000000, final temp 37 ) ------
	-------- Loop 12 (sock 2 consumed 8.204895, avg temp 32.500000, final temp 32 ) ------
Loop 13 <line-213> - Time 15.294780 Total energy consumed 775.589175 Ave. Power Level 50.709405
	-------- Loop 13 (sock 1 consumed 392.848515, avg temp 37.375000, final temp 37 ) ------
	-------- Loop 13 (sock 2 consumed 382.740660, avg temp 33.000000, final temp 32 ) ------
Loop 14 <line-99> - Time 12.289466 Total energy consumed 475.503885 Ave. Power Level 38.691990
	-------- Loop 14 (sock 1 consumed 238.811805, avg temp 36.428571, final temp 36 ) ------
	-------- Loop 14 (sock 2 consumed 236.692080, avg temp 32.000000, final temp 32 ) ------
Loop 15 <line-160> - Time 0.262528 Total energy consumed 11.581905 Ave. Power Level 44.116765
	-------- Loop 15 (sock 1 consumed 5.822790, avg temp 36.571429, final temp 37 ) ------
	-------- Loop 15 (sock 2 consumed 5.759115, avg temp 32.285714, final temp 32 ) ------
Loop 16 <line-269> - Time 10.632405 Total energy consumed 403.376910 Ave. Power Level 37.938446
	-------- Loop 16 (sock 1 consumed 198.946845, avg temp 36.222222, final temp 37 ) ------
	-------- Loop 16 (sock 2 consumed 204.430065, avg temp 32.296296, final temp 32 ) ------
Loop 17 <line-300> - Time 0.004253 Total energy consumed 0.000000 Ave. Power Level 0.000000
	-------- Loop 17 (sock 1 consumed 0.000000, avg temp 36.142857, final temp 36 ) ------
	-------- Loop 17 (sock 2 consumed 0.000000, avg temp 32.333333, final temp 32 ) ------
Loop 18 <line-147> - Time 0.000915 Total energy consumed 0.076410 Ave. Power Level 83.550383
	-------- Loop 18 (sock 1 consumed 0.039825, avg temp 37.000000, final temp 37 ) ------
	-------- Loop 18 (sock 2 consumed 0.036585, avg temp 33.000000, final temp 33 ) ------
Application(EnergyStat) - Time 88.009843 Total energy consumed 3526.241700 Ave. Power Level 40.066447 Final Temperature socket 1 : 37  socket 2 : 33 
