Memory used: 1.29688
Loading 32-bit binary file: pnnl.bin, numvertices: 2361670, numEdges: 191402826
File read time: 5.70024
Before allocating graph
Allocated graph: 0xdb9550
Processing edges for vertex: 0, range(0, 166)
Processing edges for vertex: 100000, range(58444108, 58444133)
Processing edges for vertex: 200000, range(84376057, 84376362)
Processing edges for vertex: 300000, range(106069163, 106069503)
Processing edges for vertex: 400000, range(122097114, 122097513)
Processing edges for vertex: 500000, range(135096418, 135096483)
Processing edges for vertex: 600000, range(146097008, 146097061)
Processing edges for vertex: 700000, range(155415410, 155415531)
Processing edges for vertex: 800000, range(162595900, 162595989)
Processing edges for vertex: 900000, range(168508374, 168508464)
Processing edges for vertex: 1000000, range(173203321, 173203442)
Processing edges for vertex: 1100000, range(176935100, 176935110)
Processing edges for vertex: 1200000, range(179876260, 179876270)
Processing edges for vertex: 1300000, range(182240081, 182240092)
Processing edges for vertex: 1400000, range(184224513, 184224521)
Processing edges for vertex: 1500000, range(185795161, 185795170)
Processing edges for vertex: 1600000, range(187104124, 187104130)
Processing edges for vertex: 1700000, range(188148455, 188148461)
Processing edges for vertex: 1800000, range(188997836, 188997842)
Processing edges for vertex: 1900000, range(189691532, 189691535)
Processing edges for vertex: 2000000, range(190254658, 190254660)
Processing edges for vertex: 2100000, range(190705814, 190705822)
Processing edges for vertex: 2200000, range(191052755, 191052764)
Processing edges for vertex: 2300000, range(191302662, 191302663)
Graph populate time: 30.3584
Total I/O time: 36.0587
Running on: 16 threads
Loaded graph from file: pnnl.bin
Memory used: 2949.1
Maximum degree for the graph: 5520
Iteration: 0, conflicts: 24
Iteration: 1, conflicts: 3
Iteration: 2, conflicts: 0
Total number of colors used: 1195
Total number of conflicts overall: 0
Number of rounds: 3
SUCCESS: No conflicts found
Coloring time: 2.3958
Memory used: 2949.1
Number of reordered colors: 1025
End position for large colors: 0, node count: 550733, largest: 550733
Node count cutoff: 472334
e_xx: 1.18482e+08, a2_x: 6.35168e+11, currMod: 0.619003
e_xx: 1.63489e+08, a2_x: 5.91266e+11, currMod: 0.854147
e_xx: 1.70853e+08, a2_x: 5.21275e+11, currMod: 0.892621
e_xx: 1.73903e+08, a2_x: 5.33224e+11, currMod: 0.908554
e_xx: 1.75543e+08, a2_x: 5.40019e+11, currMod: 0.917125
currMod: 0.908554, prevMod: -1
Louvain time: 24.5449
numClusters: 204472, time: 0.406197
Next phase: 2
Memory used: 2949.1
End Structure 1295315 204472 vs 2793300
Build next level time: 10.6661
Iteration time: 35.6277
Memory used: 2949.1
e_xx: 1.57676e+08, a2_x: 5.38032e+11, currMod: 0.908627
e_xx: 1.66893e+08, a2_x: 3.07625e+11, currMod: 0.961746
e_xx: 1.68072e+08, a2_x: 3.09734e+11, currMod: 0.968543
e_xx: 1.68438e+08, a2_x: 2.99984e+11, currMod: 0.970652
e_xx: 1.68523e+08, a2_x: 3.03833e+11, currMod: 0.971143
e_xx: 1.6863e+08, a2_x: 2.80167e+11, currMod: 0.971756
e_xx: 1.68627e+08, a2_x: 2.78715e+11, currMod: 0.971744
currMod: 0.971756, prevMod: 0.908554
Louvain time: 5.9104
numClusters: 50388, time: 0.057164
Next phase: 3
Memory used: 2949.1
End Structure 458490 50388 vs 967353
Build next level time: 0.749374
Iteration time: 6.71927
Memory used: 2949.1
e_xx: 1.68629e+08, a2_x: 2.80438e+11, currMod: 0.971729
e_xx: 1.69958e+08, a2_x: 9.88494e+10, currMod: 0.97939
e_xx: 1.70131e+08, a2_x: 9.89932e+10, currMod: 0.980388
e_xx: 1.70154e+08, a2_x: 8.16874e+10, currMod: 0.980521
e_xx: 1.70162e+08, a2_x: 1.15364e+11, currMod: 0.980565
e_xx: 1.70163e+08, a2_x: 1.21012e+11, currMod: 0.98057
e_xx: 1.70166e+08, a2_x: 1.1176e+11, currMod: 0.98059
e_xx: 1.70165e+08, a2_x: 1.15028e+11, currMod: 0.980586
currMod: 0.98059, prevMod: 0.971756
Louvain time: 3.15259
numClusters: 24333, time: 0.019629
Next phase: 4
Memory used: 2949.1
End Structure 157579 24333 vs 339491
Build next level time: 0.280753
Iteration time: 3.45385
Memory used: 2949.1
e_xx: 1.70166e+08, a2_x: 1.12845e+11, currMod: 0.980579
e_xx: 1.70329e+08, a2_x: 2.19266e+10, currMod: 0.98152
e_xx: 1.70329e+08, a2_x: 4.58736e+10, currMod: 0.98152
currMod: 0.98152, prevMod: 0.98059
Louvain time: 0.79061
numClusters: 22514, time: 0.013008
Next phase: 5
Memory used: 2949.1
End Structure 104096 22514 vs 230706
Build next level time: 0.129931
Iteration time: 0.934361
Memory used: 2949.1
e_xx: 1.70329e+08, a2_x: 2.1554e+10, currMod: 0.981519
e_xx: 1.70336e+08, a2_x: 2.57606e+10, currMod: 0.981559
e_xx: 1.70338e+08, a2_x: 1.8043e+10, currMod: 0.981575
e_xx: 1.70338e+08, a2_x: 1.79378e+10, currMod: 0.981572
currMod: 0.981575, prevMod: 0.98152
Louvain time: 0.578025
numClusters: 22059, time: 0.012203
Next phase: 6
Memory used: 2949.1
End Structure 78521 22059 vs 179101
Build next level time: 0.097544
Iteration time: 0.688366
Memory used: 2949.1
e_xx: 1.70338e+08, a2_x: 1.67523e+10, currMod: 0.981575
e_xx: 1.70339e+08, a2_x: 7.85251e+09, currMod: 0.981577
e_xx: 1.70339e+08, a2_x: 2.00849e+10, currMod: 0.981577
currMod: 0.981577, prevMod: 0.981575
Louvain time: 0.323393
numClusters: 22015, time: 0.01194
Next phase: 7
Memory used: 2949.1
End Structure 75529 22015 vs 173073
Build next level time: 0.085654
Iteration time: 0.421547
Memory used: 2949.1
e_xx: 1.70339e+08, a2_x: 7.41071e+09, currMod: 0.981577
e_xx: 1.70339e+08, a2_x: 1.18939e+10, currMod: 0.981577
currMod: 0.981577, prevMod: 0.981577
Louvain time: 0.213185
numClusters: 22015, time: 0.011931
Maximum degree for the graph: 510
Iteration: 0, conflicts: 0
Total number of colors used: 170
Total number of conflicts overall: 0
Number of rounds: 1
SUCCESS: No conflicts found
Number of reordered colors: 169
End position for large colors: 0, node count: 21574, largest: 21574
Node count cutoff: 4403
e_xx: 1.70339e+08, a2_x: 5.44686e+09, currMod: 0.981578
End Structure 72147 21998 vs 166292
currMod: 0.981577, prevMod: 0.981577
numClusters: 21998
Total iteration time: 47.8451

Loop 0 <line-37> - Time 0.015582 Total energy consumed 0.735495 Ave. Power Level 47.202088
	-------- Loop 0 (sock 1 consumed 0.368475, avg temp 36.500000, final temp 36 ) ------
	-------- Loop 0 (sock 2 consumed 0.367020, avg temp 32.000000, final temp 32 ) ------
Loop 1 <line-54> - Time 0.008590 Total energy consumed 0.424875 Ave. Power Level 49.458912
	-------- Loop 1 (sock 1 consumed 0.217575, avg temp 37.000000, final temp 36 ) ------
	-------- Loop 1 (sock 2 consumed 0.207300, avg temp 32.500000, final temp 32 ) ------
Loop 2 <line-76> - Time 0.016224 Total energy consumed 0.785355 Ave. Power Level 48.407965
	-------- Loop 2 (sock 1 consumed 0.404910, avg temp 36.500000, final temp 36 ) ------
	-------- Loop 2 (sock 2 consumed 0.380445, avg temp 32.500000, final temp 32 ) ------
Loop 3 <line-170> - Time 1.412236 Total energy consumed 56.457060 Ave. Power Level 39.977076
	-------- Loop 3 (sock 1 consumed 27.701265, avg temp 36.750000, final temp 36 ) ------
	-------- Loop 3 (sock 2 consumed 28.755795, avg temp 32.000000, final temp 32 ) ------
Loop 4 <line-192> - Time 0.000832 Total energy consumed 0.000000 Ave. Power Level 0.000000
	-------- Loop 4 (sock 1 consumed 0.000000, avg temp 36.500000, final temp 36 ) ------
	-------- Loop 4 (sock 2 consumed 0.000000, avg temp 32.000000, final temp 32 ) ------
Loop 5 <line-222> - Time 0.529608 Total energy consumed 21.346920 Ave. Power Level 40.307033
	-------- Loop 5 (sock 1 consumed 10.386180, avg temp 36.500000, final temp 36 ) ------
	-------- Loop 5 (sock 2 consumed 10.960740, avg temp 32.000000, final temp 32 ) ------
Loop 6 <line-115> - Time 0.004275 Total energy consumed 0.148725 Ave. Power Level 34.788286
	-------- Loop 6 (sock 1 consumed 0.077160, avg temp 37.142857, final temp 37 ) ------
	-------- Loop 6 (sock 2 consumed 0.071565, avg temp 32.714286, final temp 33 ) ------
Loop 7 <line-334> - Time 1.290830 Total energy consumed 49.343970 Ave. Power Level 38.226530
	-------- Loop 7 (sock 1 consumed 24.521700, avg temp 37.125000, final temp 37 ) ------
	-------- Loop 7 (sock 2 consumed 24.822270, avg temp 32.875000, final temp 33 ) ------
Loop 8 <line-353> - Time 0.002371 Total energy consumed 0.163635 Ave. Power Level 69.002233
	-------- Loop 8 (sock 1 consumed 0.070395, avg temp 37.000000, final temp 37 ) ------
	-------- Loop 8 (sock 2 consumed 0.093240, avg temp 33.125000, final temp 33 ) ------
Loop 9 <line-375> - Time 0.002025 Total energy consumed 0.000000 Ave. Power Level 0.000000
	-------- Loop 9 (sock 1 consumed 0.000000, avg temp 37.000000, final temp 37 ) ------
	-------- Loop 9 (sock 2 consumed 0.000000, avg temp 33.125000, final temp 33 ) ------
Loop 10 <line-85> - Time 0.289297 Total energy consumed 14.964495 Ave. Power Level 51.727088
	-------- Loop 10 (sock 1 consumed 7.536540, avg temp 37.000000, final temp 37 ) ------
	-------- Loop 10 (sock 2 consumed 7.427955, avg temp 32.500000, final temp 33 ) ------
Loop 11 <line-131> - Time 0.012764 Total energy consumed 0.615375 Ave. Power Level 48.212119
	-------- Loop 11 (sock 1 consumed 0.311115, avg temp 37.500000, final temp 37 ) ------
	-------- Loop 11 (sock 2 consumed 0.304260, avg temp 33.000000, final temp 33 ) ------
Loop 12 <line-167> - Time 0.375749 Total energy consumed 19.065690 Ave. Power Level 50.740524
	-------- Loop 12 (sock 1 consumed 9.682635, avg temp 37.000000, final temp 37 ) ------
	-------- Loop 12 (sock 2 consumed 9.383055, avg temp 33.000000, final temp 33 ) ------
Loop 13 <line-213> - Time 14.644832 Total energy consumed 743.759760 Ave. Power Level 50.786502
	-------- Loop 13 (sock 1 consumed 376.523025, avg temp 37.833333, final temp 38 ) ------
	-------- Loop 13 (sock 2 consumed 367.236735, avg temp 33.666667, final temp 32 ) ------
Loop 14 <line-99> - Time 11.058332 Total energy consumed 431.039730 Ave. Power Level 38.978729
	-------- Loop 14 (sock 1 consumed 217.770495, avg temp 37.142857, final temp 37 ) ------
	-------- Loop 14 (sock 2 consumed 213.269235, avg temp 32.857143, final temp 33 ) ------
Loop 15 <line-160> - Time 0.293919 Total energy consumed 12.779520 Ave. Power Level 43.479777
	-------- Loop 15 (sock 1 consumed 6.391080, avg temp 36.714286, final temp 36 ) ------
	-------- Loop 15 (sock 2 consumed 6.388440, avg temp 32.428571, final temp 33 ) ------
Loop 16 <line-269> - Time 10.899578 Total energy consumed 412.618860 Ave. Power Level 37.856407
	-------- Loop 16 (sock 1 consumed 206.020680, avg temp 36.925926, final temp 37 ) ------
	-------- Loop 16 (sock 2 consumed 206.598180, avg temp 32.555556, final temp 32 ) ------
Loop 17 <line-300> - Time 0.004768 Total energy consumed 0.000000 Ave. Power Level 0.000000
	-------- Loop 17 (sock 1 consumed 0.000000, avg temp 36.904762, final temp 37 ) ------
	-------- Loop 17 (sock 2 consumed 0.000000, avg temp 32.619048, final temp 32 ) ------
Loop 18 <line-147> - Time 0.001060 Total energy consumed 0.073905 Ave. Power Level 69.722948
	-------- Loop 18 (sock 1 consumed 0.037485, avg temp 36.000000, final temp 36 ) ------
	-------- Loop 18 (sock 2 consumed 0.036420, avg temp 32.000000, final temp 32 ) ------
Application(EnergyStat) - Time 86.675068 Total energy consumed 3468.846645 Ave. Power Level 40.021274 Final Temperature socket 1 : 36  socket 2 : 32 
