Memory used: 1.29688
Loading 32-bit binary file: pnnl.bin, numvertices: 2361670, numEdges: 191402826
File read time: 5.71076
Before allocating graph
Allocated graph: 0x7e0550
Processing edges for vertex: 0, range(0, 166)
Processing edges for vertex: 100000, range(58444108, 58444133)
Processing edges for vertex: 200000, range(84376057, 84376362)
Processing edges for vertex: 300000, range(106069163, 106069503)
Processing edges for vertex: 400000, range(122097114, 122097513)
Processing edges for vertex: 500000, range(135096418, 135096483)
Processing edges for vertex: 600000, range(146097008, 146097061)
Processing edges for vertex: 700000, range(155415410, 155415531)
Processing edges for vertex: 800000, range(162595900, 162595989)
Processing edges for vertex: 900000, range(168508374, 168508464)
Processing edges for vertex: 1000000, range(173203321, 173203442)
Processing edges for vertex: 1100000, range(176935100, 176935110)
Processing edges for vertex: 1200000, range(179876260, 179876270)
Processing edges for vertex: 1300000, range(182240081, 182240092)
Processing edges for vertex: 1400000, range(184224513, 184224521)
Processing edges for vertex: 1500000, range(185795161, 185795170)
Processing edges for vertex: 1600000, range(187104124, 187104130)
Processing edges for vertex: 1700000, range(188148455, 188148461)
Processing edges for vertex: 1800000, range(188997836, 188997842)
Processing edges for vertex: 1900000, range(189691532, 189691535)
Processing edges for vertex: 2000000, range(190254658, 190254660)
Processing edges for vertex: 2100000, range(190705814, 190705822)
Processing edges for vertex: 2200000, range(191052755, 191052764)
Processing edges for vertex: 2300000, range(191302662, 191302663)
Graph populate time: 30.3472
Total I/O time: 36.0581
Running on: 16 threads
Loaded graph from file: pnnl.bin
Memory used: 2949.1
Maximum degree for the graph: 5520
Iteration: 0, conflicts: 27
Iteration: 1, conflicts: 5
Iteration: 2, conflicts: 3
Iteration: 3, conflicts: 1
Iteration: 4, conflicts: 0
Total number of colors used: 1198
Total number of conflicts overall: 0
Number of rounds: 5
SUCCESS: No conflicts found
Coloring time: 2.27528
Memory used: 2949.1
Number of reordered colors: 1022
End position for large colors: 0, node count: 550660, largest: 550660
Node count cutoff: 472334
e_xx: 1.23771e+08, a2_x: 6.45626e+11, currMod: 0.646634
e_xx: 1.66434e+08, a2_x: 6.28517e+11, currMod: 0.86953
e_xx: 1.72774e+08, a2_x: 5.29019e+11, currMod: 0.902659
e_xx: 1.75221e+08, a2_x: 5.78216e+11, currMod: 0.915443
e_xx: 1.76462e+08, a2_x: 5.69411e+11, currMod: 0.921926
currMod: 0.915443, prevMod: -1
Louvain time: 24.3478
numClusters: 203557, time: 0.406809
Next phase: 2
Memory used: 2949.1
End Structure 1265795 203557 vs 2733163
Build next level time: 11.0382
Iteration time: 35.8044
Memory used: 2949.1
e_xx: 1.56125e+08, a2_x: 5.69884e+11, currMod: 0.912683
e_xx: 1.6444e+08, a2_x: 3.34576e+11, currMod: 0.961295
e_xx: 1.65912e+08, a2_x: 3.06548e+11, currMod: 0.969902
e_xx: 1.66265e+08, a2_x: 2.791e+11, currMod: 0.971969
e_xx: 1.66277e+08, a2_x: 2.90011e+11, currMod: 0.972039
e_xx: 1.66379e+08, a2_x: 2.9805e+11, currMod: 0.972633
e_xx: 1.6639e+08, a2_x: 2.81458e+11, currMod: 0.972702
e_xx: 1.6647e+08, a2_x: 2.87296e+11, currMod: 0.973165
e_xx: 1.66443e+08, a2_x: 2.7055e+11, currMod: 0.97301
currMod: 0.973165, prevMod: 0.915443
Louvain time: 7.55604
numClusters: 50951, time: 0.057651
Next phase: 3
Memory used: 2949.1
End Structure 492373 50951 vs 1035690
Build next level time: 0.575106
Iteration time: 8.19085
Memory used: 2949.1
e_xx: 1.66469e+08, a2_x: 2.89842e+11, currMod: 0.973135
e_xx: 1.67424e+08, a2_x: 1.52361e+11, currMod: 0.97872
e_xx: 1.67509e+08, a2_x: 1.01954e+11, currMod: 0.979219
e_xx: 1.67618e+08, a2_x: 4.56584e+10, currMod: 0.979859
e_xx: 1.67544e+08, a2_x: 8.41932e+10, currMod: 0.979423
currMod: 0.979859, prevMod: 0.973165
Louvain time: 2.09087
numClusters: 25445, time: 0.02058
Next phase: 4
Memory used: 2949.1
End Structure 174825 25445 vs 375095
Build next level time: 0.26223
Iteration time: 2.37454
Memory used: 2949.1
e_xx: 1.67618e+08, a2_x: 4.71222e+10, currMod: 0.979847
e_xx: 1.67798e+08, a2_x: 3.16395e+10, currMod: 0.980899
e_xx: 1.67778e+08, a2_x: 3.18319e+10, currMod: 0.98078
currMod: 0.980899, prevMod: 0.979859
Louvain time: 0.622425
numClusters: 22619, time: 0.013415
Next phase: 5
Memory used: 2949.1
End Structure 108734 22619 vs 240087
Build next level time: 0.134615
Iteration time: 0.771311
Memory used: 2949.1
e_xx: 1.67798e+08, a2_x: 3.19169e+10, currMod: 0.980897
e_xx: 1.67811e+08, a2_x: 4.11956e+10, currMod: 0.980971
e_xx: 1.67812e+08, a2_x: 3.48611e+10, currMod: 0.980981
e_xx: 1.67812e+08, a2_x: 2.11622e+10, currMod: 0.980982
e_xx: 1.67817e+08, a2_x: 2.03861e+10, currMod: 0.981008
e_xx: 1.67817e+08, a2_x: 3.00312e+10, currMod: 0.981007
currMod: 0.981008, prevMod: 0.980899
Louvain time: 0.991574
numClusters: 21995, time: 0.014681
Next phase: 6
Memory used: 2949.1
End Structure 70346 21995 vs 162687
Build next level time: 0.118301
Iteration time: 1.12565
Memory used: 2949.1
e_xx: 1.67817e+08, a2_x: 2.25799e+10, currMod: 0.981007
e_xx: 1.67817e+08, a2_x: 2.37427e+10, currMod: 0.98101
e_xx: 1.67817e+08, a2_x: 2.7215e+10, currMod: 0.98101
currMod: 0.98101, prevMod: 0.981008
Louvain time: 0.287688
numClusters: 21960, time: 0.012055
Next phase: 7
Memory used: 2949.1
End Structure 68401 21960 vs 158762
Build next level time: 0.094788
Iteration time: 0.395785
Memory used: 2949.1
e_xx: 1.67817e+08, a2_x: 2.40561e+10, currMod: 0.98101
e_xx: 1.67817e+08, a2_x: 2.40561e+10, currMod: 0.98101
currMod: 0.98101, prevMod: 0.98101
Louvain time: 0.189202
numClusters: 21960, time: 0.011927
Maximum degree for the graph: 453
Iteration: 0, conflicts: 0
Total number of colors used: 168
Total number of conflicts overall: 0
Number of rounds: 1
SUCCESS: No conflicts found
Number of reordered colors: 168
End position for large colors: 0, node count: 21548, largest: 21548
Node count cutoff: 4392
e_xx: 1.67817e+08, a2_x: 2.40561e+10, currMod: 0.98101
End Structure 68401 21960 vs 158762
currMod: 0.98101, prevMod: 0.98101
numClusters: 21960
Total iteration time: 48.6625

Loop 0 <line-37> - Time 0.001811 Total energy consumed 0.000000 Ave. Power Level 0.000000
	-------- Loop 0 (sock 1 consumed 0.000000, avg temp 37.000000, final temp 37 ) ------
	-------- Loop 0 (sock 2 consumed 0.000000, avg temp 32.000000, final temp 32 ) ------
Loop 1 <line-54> - Time 0.000678 Total energy consumed 0.000000 Ave. Power Level 0.000000
	-------- Loop 1 (sock 1 consumed 0.000000, avg temp 37.000000, final temp 37 ) ------
	-------- Loop 1 (sock 2 consumed 0.000000, avg temp 32.000000, final temp 32 ) ------
Loop 2 <line-76> - Time 0.000879 Total energy consumed 0.000000 Ave. Power Level 0.000000
	-------- Loop 2 (sock 1 consumed 0.000000, avg temp 37.000000, final temp 37 ) ------
	-------- Loop 2 (sock 2 consumed 0.000000, avg temp 32.000000, final temp 32 ) ------
Loop 3 <line-170> - Time 1.331199 Total energy consumed 53.509170 Ave. Power Level 40.196214
	-------- Loop 3 (sock 1 consumed 26.963550, avg temp 36.166667, final temp 37 ) ------
	-------- Loop 3 (sock 2 consumed 26.545620, avg temp 32.000000, final temp 32 ) ------
Loop 4 <line-192> - Time 0.000805 Total energy consumed 0.000000 Ave. Power Level 0.000000
	-------- Loop 4 (sock 1 consumed 0.000000, avg temp 36.500000, final temp 37 ) ------
	-------- Loop 4 (sock 2 consumed 0.000000, avg temp 32.000000, final temp 32 ) ------
Loop 5 <line-222> - Time 0.529192 Total energy consumed 21.292740 Ave. Power Level 40.236291
	-------- Loop 5 (sock 1 consumed 10.447575, avg temp 37.000000, final temp 37 ) ------
	-------- Loop 5 (sock 2 consumed 10.845165, avg temp 32.000000, final temp 32 ) ------
Loop 6 <line-115> - Time 0.004944 Total energy consumed 0.072195 Ave. Power Level 14.601881
	-------- Loop 6 (sock 1 consumed 0.035250, avg temp 36.857143, final temp 37 ) ------
	-------- Loop 6 (sock 2 consumed 0.036945, avg temp 32.285714, final temp 33 ) ------
Loop 7 <line-334> - Time 1.178696 Total energy consumed 45.808065 Ave. Power Level 38.863338
	-------- Loop 7 (sock 1 consumed 23.617935, avg temp 36.625000, final temp 37 ) ------
	-------- Loop 7 (sock 2 consumed 22.190130, avg temp 32.250000, final temp 32 ) ------
Loop 8 <line-353> - Time 0.001739 Total energy consumed 0.000000 Ave. Power Level 0.000000
	-------- Loop 8 (sock 1 consumed 0.000000, avg temp 36.625000, final temp 37 ) ------
	-------- Loop 8 (sock 2 consumed 0.000000, avg temp 32.250000, final temp 32 ) ------
Loop 9 <line-375> - Time 0.002002 Total energy consumed 0.000000 Ave. Power Level 0.000000
	-------- Loop 9 (sock 1 consumed 0.000000, avg temp 36.500000, final temp 37 ) ------
	-------- Loop 9 (sock 2 consumed 0.000000, avg temp 32.250000, final temp 32 ) ------
Loop 10 <line-85> - Time 0.278781 Total energy consumed 14.374005 Ave. Power Level 51.560160
	-------- Loop 10 (sock 1 consumed 7.268805, avg temp 37.250000, final temp 37 ) ------
	-------- Loop 10 (sock 2 consumed 7.105200, avg temp 32.500000, final temp 33 ) ------
Loop 11 <line-131> - Time 0.015657 Total energy consumed 0.739755 Ave. Power Level 47.247261
	-------- Loop 11 (sock 1 consumed 0.361515, avg temp 37.500000, final temp 38 ) ------
	-------- Loop 11 (sock 2 consumed 0.378240, avg temp 32.000000, final temp 32 ) ------
Loop 12 <line-167> - Time 0.306666 Total energy consumed 15.592770 Ave. Power Level 50.846119
	-------- Loop 12 (sock 1 consumed 7.894635, avg temp 36.500000, final temp 37 ) ------
	-------- Loop 12 (sock 2 consumed 7.698135, avg temp 32.500000, final temp 33 ) ------
Loop 13 <line-213> - Time 14.636280 Total energy consumed 745.040460 Ave. Power Level 50.903675
	-------- Loop 13 (sock 1 consumed 376.911495, avg temp 37.666667, final temp 37 ) ------
	-------- Loop 13 (sock 2 consumed 368.128965, avg temp 33.166667, final temp 33 ) ------
Loop 14 <line-99> - Time 11.287574 Total energy consumed 437.823585 Ave. Power Level 38.788102
	-------- Loop 14 (sock 1 consumed 221.037345, avg temp 36.571429, final temp 36 ) ------
	-------- Loop 14 (sock 2 consumed 216.786240, avg temp 32.428571, final temp 33 ) ------
Loop 15 <line-160> - Time 0.252730 Total energy consumed 10.287270 Ave. Power Level 40.704538
	-------- Loop 15 (sock 1 consumed 5.209605, avg temp 36.857143, final temp 36 ) ------
	-------- Loop 15 (sock 2 consumed 5.077665, avg temp 32.571429, final temp 33 ) ------
Loop 16 <line-269> - Time 11.664929 Total energy consumed 441.710490 Ave. Power Level 37.866538
	-------- Loop 16 (sock 1 consumed 217.892100, avg temp 36.928571, final temp 37 ) ------
	-------- Loop 16 (sock 2 consumed 223.818390, avg temp 32.321429, final temp 32 ) ------
Loop 17 <line-300> - Time 0.005267 Total energy consumed 0.000000 Ave. Power Level 0.000000
	-------- Loop 17 (sock 1 consumed 0.000000, avg temp 36.909091, final temp 37 ) ------
	-------- Loop 17 (sock 2 consumed 0.000000, avg temp 32.227273, final temp 32 ) ------
Loop 18 <line-147> - Time 0.000597 Total energy consumed 0.000000 Ave. Power Level 0.000000
	-------- Loop 18 (sock 1 consumed 0.000000, avg temp 37.000000, final temp 37 ) ------
	-------- Loop 18 (sock 2 consumed 0.000000, avg temp 32.000000, final temp 32 ) ------
Application(EnergyStat) - Time 87.383857 Total energy consumed 3497.307300 Ave. Power Level 40.022350 Final Temperature socket 1 : 36  socket 2 : 33 
