Memory used: 1.29297
Loading 32-bit binary file: pnnl.bin, numvertices: 2361670, numEdges: 191402826
File read time: 5.70518
Before allocating graph
Allocated graph: 0xc95550
Processing edges for vertex: 0, range(0, 166)
Processing edges for vertex: 100000, range(58444108, 58444133)
Processing edges for vertex: 200000, range(84376057, 84376362)
Processing edges for vertex: 300000, range(106069163, 106069503)
Processing edges for vertex: 400000, range(122097114, 122097513)
Processing edges for vertex: 500000, range(135096418, 135096483)
Processing edges for vertex: 600000, range(146097008, 146097061)
Processing edges for vertex: 700000, range(155415410, 155415531)
Processing edges for vertex: 800000, range(162595900, 162595989)
Processing edges for vertex: 900000, range(168508374, 168508464)
Processing edges for vertex: 1000000, range(173203321, 173203442)
Processing edges for vertex: 1100000, range(176935100, 176935110)
Processing edges for vertex: 1200000, range(179876260, 179876270)
Processing edges for vertex: 1300000, range(182240081, 182240092)
Processing edges for vertex: 1400000, range(184224513, 184224521)
Processing edges for vertex: 1500000, range(185795161, 185795170)
Processing edges for vertex: 1600000, range(187104124, 187104130)
Processing edges for vertex: 1700000, range(188148455, 188148461)
Processing edges for vertex: 1800000, range(188997836, 188997842)
Processing edges for vertex: 1900000, range(189691532, 189691535)
Processing edges for vertex: 2000000, range(190254658, 190254660)
Processing edges for vertex: 2100000, range(190705814, 190705822)
Processing edges for vertex: 2200000, range(191052755, 191052764)
Processing edges for vertex: 2300000, range(191302662, 191302663)
Graph populate time: 30.3475
Total I/O time: 36.0528
Running on: 16 threads
Loaded graph from file: pnnl.bin
Memory used: 2949.09
Maximum degree for the graph: 5520
Iteration: 0, conflicts: 27
Iteration: 1, conflicts: 2
Iteration: 2, conflicts: 0
Total number of colors used: 1195
Total number of conflicts overall: 0
Number of rounds: 3
SUCCESS: No conflicts found
Coloring time: 2.40202
Memory used: 2949.09
Number of reordered colors: 1013
End position for large colors: 0, node count: 550465, largest: 550465
Node count cutoff: 472334
e_xx: 1.24137e+08, a2_x: 6.07972e+11, currMod: 0.648547
e_xx: 1.66424e+08, a2_x: 5.34205e+11, currMod: 0.86948
e_xx: 1.72885e+08, a2_x: 5.81893e+11, currMod: 0.903237
e_xx: 1.75539e+08, a2_x: 5.10539e+11, currMod: 0.917103
e_xx: 1.7684e+08, a2_x: 5.13348e+11, currMod: 0.9239
currMod: 0.917103, prevMod: -1
Louvain time: 25.0078
numClusters: 201453, time: 0.409107
Next phase: 2
Memory used: 2949.09
End Structure 1205046 201453 vs 2609499
Build next level time: 11.0454
Iteration time: 36.4733
Memory used: 2949.09
e_xx: 1.57442e+08, a2_x: 5.16331e+11, currMod: 0.915354
e_xx: 1.65641e+08, a2_x: 3.3804e+11, currMod: 0.963029
e_xx: 1.66888e+08, a2_x: 2.47565e+11, currMod: 0.970278
e_xx: 1.67208e+08, a2_x: 2.25453e+11, currMod: 0.972142
e_xx: 1.67328e+08, a2_x: 2.52537e+11, currMod: 0.972839
e_xx: 1.67383e+08, a2_x: 2.42241e+11, currMod: 0.973156
e_xx: 1.6743e+08, a2_x: 2.45855e+11, currMod: 0.973433
e_xx: 1.67441e+08, a2_x: 2.326e+11, currMod: 0.973498
e_xx: 1.67452e+08, a2_x: 2.39573e+11, currMod: 0.973562
e_xx: 1.67456e+08, a2_x: 2.40657e+11, currMod: 0.973582
e_xx: 1.67459e+08, a2_x: 2.51796e+11, currMod: 0.973601
e_xx: 1.67459e+08, a2_x: 2.57257e+11, currMod: 0.973602
currMod: 0.973601, prevMod: 0.917103
Louvain time: 9.35158
numClusters: 47818, time: 0.058974
Next phase: 3
Memory used: 2949.09
End Structure 443850 47818 vs 935511
Build next level time: 0.56346
Iteration time: 9.97725
Memory used: 2949.09
e_xx: 1.67459e+08, a2_x: 2.49279e+11, currMod: 0.973573
e_xx: 1.68399e+08, a2_x: 1.02344e+11, currMod: 0.979044
e_xx: 1.68607e+08, a2_x: 7.90149e+10, currMod: 0.980255
e_xx: 1.68648e+08, a2_x: 9.5581e+10, currMod: 0.980491
e_xx: 1.68661e+08, a2_x: 1.01905e+11, currMod: 0.980568
e_xx: 1.68662e+08, a2_x: 9.08196e+10, currMod: 0.98057
e_xx: 1.68664e+08, a2_x: 1.08319e+11, currMod: 0.98058
e_xx: 1.68662e+08, a2_x: 9.45921e+10, currMod: 0.980572
currMod: 0.98058, prevMod: 0.973601
Louvain time: 2.98071
numClusters: 24324, time: 0.01929
Next phase: 4
Memory used: 2949.09
End Structure 157798 24324 vs 339920
Build next level time: 0.221341
Iteration time: 3.22369
Memory used: 2949.09
e_xx: 1.68664e+08, a2_x: 1.06657e+11, currMod: 0.98057
e_xx: 1.68765e+08, a2_x: 2.35673e+10, currMod: 0.981161
e_xx: 1.6877e+08, a2_x: 2.30891e+10, currMod: 0.981192
e_xx: 1.68771e+08, a2_x: 2.18705e+10, currMod: 0.981197
e_xx: 1.68772e+08, a2_x: 2.08117e+10, currMod: 0.981205
e_xx: 1.68771e+08, a2_x: 3.66793e+10, currMod: 0.981199
currMod: 0.981205, prevMod: 0.98058
Louvain time: 1.154
numClusters: 22108, time: 0.013056
Next phase: 5
Memory used: 2949.09
End Structure 84742 22108 vs 191592
Build next level time: 0.116254
Iteration time: 1.28407
Memory used: 2949.09
e_xx: 1.68772e+08, a2_x: 2.04492e+10, currMod: 0.981204
e_xx: 1.68778e+08, a2_x: 2.71571e+10, currMod: 0.981238
e_xx: 1.68778e+08, a2_x: 3.04036e+10, currMod: 0.98124
e_xx: 1.68779e+08, a2_x: 3.25157e+10, currMod: 0.981241
e_xx: 1.68779e+08, a2_x: 2.63259e+10, currMod: 0.98124
currMod: 0.981241, prevMod: 0.981205
Louvain time: 0.647067
numClusters: 21978, time: 0.011928
Next phase: 6
Memory used: 2949.09
End Structure 71434 21978 vs 164846
Build next level time: 0.084056
Iteration time: 0.743659
Memory used: 2949.09
e_xx: 1.68779e+08, a2_x: 3.41612e+10, currMod: 0.98124
e_xx: 1.68779e+08, a2_x: 3.61871e+10, currMod: 0.981241
currMod: 0.981241, prevMod: 0.981241
Louvain time: 0.211679
numClusters: 21978, time: 0.011891
Maximum degree for the graph: 467
Iteration: 0, conflicts: 0
Total number of colors used: 177
Total number of conflicts overall: 0
Number of rounds: 1
SUCCESS: No conflicts found
Number of reordered colors: 176
End position for large colors: 0, node count: 21552, largest: 21552
Node count cutoff: 4396
e_xx: 1.68779e+08, a2_x: 3.65766e+10, currMod: 0.981241
End Structure 70923 21969 vs 163815
currMod: 0.981241, prevMod: 0.981241
numClusters: 21969
Total iteration time: 51.7019

Loop 0 <line-37> - Time 0.002227 Total energy consumed 0.055770 Ave. Power Level 25.045549
	-------- Loop 0 (sock 1 consumed 0.037680, avg temp 36.500000, final temp 37 ) ------
	-------- Loop 0 (sock 2 consumed 0.018090, avg temp 33.000000, final temp 33 ) ------
Loop 1 <line-54> - Time 0.002176 Total energy consumed 0.038670 Ave. Power Level 17.767841
	-------- Loop 1 (sock 1 consumed 0.020535, avg temp 36.500000, final temp 37 ) ------
	-------- Loop 1 (sock 2 consumed 0.018135, avg temp 32.500000, final temp 33 ) ------
Loop 2 <line-76> - Time 0.000877 Total energy consumed 0.000000 Ave. Power Level 0.000000
	-------- Loop 2 (sock 1 consumed 0.000000, avg temp 36.500000, final temp 37 ) ------
	-------- Loop 2 (sock 2 consumed 0.000000, avg temp 32.500000, final temp 33 ) ------
Loop 3 <line-170> - Time 1.448931 Total energy consumed 57.808725 Ave. Power Level 39.897495
	-------- Loop 3 (sock 1 consumed 28.740285, avg temp 36.250000, final temp 37 ) ------
	-------- Loop 3 (sock 2 consumed 29.068440, avg temp 32.250000, final temp 33 ) ------
Loop 4 <line-192> - Time 0.000810 Total energy consumed 0.000000 Ave. Power Level 0.000000
	-------- Loop 4 (sock 1 consumed 0.000000, avg temp 36.500000, final temp 37 ) ------
	-------- Loop 4 (sock 2 consumed 0.000000, avg temp 32.500000, final temp 33 ) ------
Loop 5 <line-222> - Time 0.532755 Total energy consumed 21.456795 Ave. Power Level 40.275141
	-------- Loop 5 (sock 1 consumed 10.406580, avg temp 36.500000, final temp 37 ) ------
	-------- Loop 5 (sock 2 consumed 11.050215, avg temp 32.500000, final temp 33 ) ------
Loop 6 <line-115> - Time 0.006507 Total energy consumed 0.167595 Ave. Power Level 25.757799
	-------- Loop 6 (sock 1 consumed 0.088875, avg temp 36.500000, final temp 37 ) ------
	-------- Loop 6 (sock 2 consumed 0.078720, avg temp 32.833333, final temp 33 ) ------
Loop 7 <line-334> - Time 1.326860 Total energy consumed 51.512970 Ave. Power Level 38.823216
	-------- Loop 7 (sock 1 consumed 25.310085, avg temp 36.714286, final temp 37 ) ------
	-------- Loop 7 (sock 2 consumed 26.202885, avg temp 32.714286, final temp 33 ) ------
Loop 8 <line-353> - Time 0.002650 Total energy consumed 0.073725 Ave. Power Level 27.815664
	-------- Loop 8 (sock 1 consumed 0.035895, avg temp 36.714286, final temp 37 ) ------
	-------- Loop 8 (sock 2 consumed 0.037830, avg temp 32.714286, final temp 33 ) ------
Loop 9 <line-375> - Time 0.002073 Total energy consumed 0.000000 Ave. Power Level 0.000000
	-------- Loop 9 (sock 1 consumed 0.000000, avg temp 36.714286, final temp 37 ) ------
	-------- Loop 9 (sock 2 consumed 0.000000, avg temp 32.714286, final temp 33 ) ------
Loop 10 <line-85> - Time 0.284101 Total energy consumed 14.729940 Ave. Power Level 51.847620
	-------- Loop 10 (sock 1 consumed 7.435800, avg temp 36.500000, final temp 37 ) ------
	-------- Loop 10 (sock 2 consumed 7.294140, avg temp 32.750000, final temp 33 ) ------
Loop 11 <line-131> - Time 0.012915 Total energy consumed 0.616410 Ave. Power Level 47.728533
	-------- Loop 11 (sock 1 consumed 0.311835, avg temp 36.500000, final temp 37 ) ------
	-------- Loop 11 (sock 2 consumed 0.304575, avg temp 32.500000, final temp 33 ) ------
Loop 12 <line-167> - Time 0.390681 Total energy consumed 19.830600 Ave. Power Level 50.759031
	-------- Loop 12 (sock 1 consumed 10.064580, avg temp 36.500000, final temp 36 ) ------
	-------- Loop 12 (sock 2 consumed 9.766020, avg temp 33.500000, final temp 34 ) ------
Loop 13 <line-213> - Time 14.689298 Total energy consumed 748.282530 Ave. Power Level 50.940660
	-------- Loop 13 (sock 1 consumed 378.618825, avg temp 37.833333, final temp 37 ) ------
	-------- Loop 13 (sock 2 consumed 369.663705, avg temp 33.500000, final temp 34 ) ------
Loop 14 <line-99> - Time 11.209532 Total energy consumed 437.014785 Ave. Power Level 38.985999
	-------- Loop 14 (sock 1 consumed 215.762535, avg temp 36.666667, final temp 37 ) ------
	-------- Loop 14 (sock 2 consumed 221.252250, avg temp 33.000000, final temp 33 ) ------
Loop 15 <line-160> - Time 0.243471 Total energy consumed 10.657245 Ave. Power Level 43.772083
	-------- Loop 15 (sock 1 consumed 5.364285, avg temp 36.833333, final temp 37 ) ------
	-------- Loop 15 (sock 2 consumed 5.292960, avg temp 32.500000, final temp 33 ) ------
Loop 16 <line-269> - Time 14.267357 Total energy consumed 540.908415 Ave. Power Level 37.912307
	-------- Loop 16 (sock 1 consumed 266.936550, avg temp 36.606061, final temp 36 ) ------
	-------- Loop 16 (sock 2 consumed 273.971865, avg temp 32.696970, final temp 33 ) ------
Loop 17 <line-300> - Time 0.007004 Total energy consumed 0.000000 Ave. Power Level 0.000000
	-------- Loop 17 (sock 1 consumed 0.000000, avg temp 36.678571, final temp 37 ) ------
	-------- Loop 17 (sock 2 consumed 0.000000, avg temp 32.678571, final temp 33 ) ------
Loop 18 <line-147> - Time 0.000592 Total energy consumed 0.000000 Ave. Power Level 0.000000
	-------- Loop 18 (sock 1 consumed 0.000000, avg temp 37.000000, final temp 37 ) ------
	-------- Loop 18 (sock 2 consumed 0.000000, avg temp 33.000000, final temp 33 ) ------
Application(EnergyStat) - Time 90.534562 Total energy consumed 3617.249790 Ave. Power Level 39.954352 Final Temperature socket 1 : 36  socket 2 : 32 
