Memory used: 1.28906
Loading 32-bit binary file: pnnl.bin, numvertices: 2361670, numEdges: 191402826
File read time: 5.70595
Before allocating graph
Allocated graph: 0x17a4550
Processing edges for vertex: 0, range(0, 166)
Processing edges for vertex: 100000, range(58444108, 58444133)
Processing edges for vertex: 200000, range(84376057, 84376362)
Processing edges for vertex: 300000, range(106069163, 106069503)
Processing edges for vertex: 400000, range(122097114, 122097513)
Processing edges for vertex: 500000, range(135096418, 135096483)
Processing edges for vertex: 600000, range(146097008, 146097061)
Processing edges for vertex: 700000, range(155415410, 155415531)
Processing edges for vertex: 800000, range(162595900, 162595989)
Processing edges for vertex: 900000, range(168508374, 168508464)
Processing edges for vertex: 1000000, range(173203321, 173203442)
Processing edges for vertex: 1100000, range(176935100, 176935110)
Processing edges for vertex: 1200000, range(179876260, 179876270)
Processing edges for vertex: 1300000, range(182240081, 182240092)
Processing edges for vertex: 1400000, range(184224513, 184224521)
Processing edges for vertex: 1500000, range(185795161, 185795170)
Processing edges for vertex: 1600000, range(187104124, 187104130)
Processing edges for vertex: 1700000, range(188148455, 188148461)
Processing edges for vertex: 1800000, range(188997836, 188997842)
Processing edges for vertex: 1900000, range(189691532, 189691535)
Processing edges for vertex: 2000000, range(190254658, 190254660)
Processing edges for vertex: 2100000, range(190705814, 190705822)
Processing edges for vertex: 2200000, range(191052755, 191052764)
Processing edges for vertex: 2300000, range(191302662, 191302663)
Graph populate time: 30.3542
Total I/O time: 36.0602
Running on: 16 threads
Loaded graph from file: pnnl.bin
Memory used: 2949.09
Maximum degree for the graph: 5520
Iteration: 0, conflicts: 20
Iteration: 1, conflicts: 4
Iteration: 2, conflicts: 1
Iteration: 3, conflicts: 0
Total number of colors used: 1191
Total number of conflicts overall: 0
Number of rounds: 4
SUCCESS: No conflicts found
Coloring time: 2.3373
Memory used: 2949.09
Number of reordered colors: 1015
End position for large colors: 0, node count: 550436, largest: 550436
Node count cutoff: 472334
e_xx: 1.15802e+08, a2_x: 6.35614e+11, currMod: 0.605002
e_xx: 1.59456e+08, a2_x: 6.13892e+11, currMod: 0.833073
e_xx: 1.67022e+08, a2_x: 6.15534e+11, currMod: 0.872606
e_xx: 1.69978e+08, a2_x: 5.38559e+11, currMod: 0.888051
e_xx: 1.71251e+08, a2_x: 5.34569e+11, currMod: 0.8947
currMod: 0.888051, prevMod: -1
Louvain time: 24.6422
numClusters: 203061, time: 0.459517
Next phase: 2
Memory used: 2949.09
End Structure 1258383 203061 vs 2717903
Build next level time: 10.8083
Iteration time: 35.9219
Memory used: 2949.09
e_xx: 1.66574e+08, a2_x: 5.34365e+11, currMod: 0.892089
e_xx: 1.75864e+08, a2_x: 2.91682e+11, currMod: 0.94185
e_xx: 1.80576e+08, a2_x: 2.76362e+11, currMod: 0.967084
e_xx: 1.81162e+08, a2_x: 2.40337e+11, currMod: 0.970224
e_xx: 1.82125e+08, a2_x: 2.57358e+11, currMod: 0.975378
e_xx: 1.82232e+08, a2_x: 2.4637e+11, currMod: 0.975953
e_xx: 1.82221e+08, a2_x: 2.62188e+11, currMod: 0.975893
currMod: 0.975953, prevMod: 0.888051
Louvain time: 5.83168
numClusters: 52136, time: 0.063968
Next phase: 3
Memory used: 2949.09
End Structure 497102 52136 vs 1046331
Build next level time: 0.582102
Iteration time: 6.47961
Memory used: 2949.09
e_xx: 1.82231e+08, a2_x: 2.45742e+11, currMod: 0.975947
e_xx: 1.83114e+08, a2_x: 7.23313e+10, currMod: 0.980679
e_xx: 1.83156e+08, a2_x: 5.28304e+10, currMod: 0.980904
e_xx: 1.83287e+08, a2_x: 3.49099e+10, currMod: 0.981608
e_xx: 1.83183e+08, a2_x: 3.44993e+10, currMod: 0.98105
currMod: 0.981608, prevMod: 0.975953
Louvain time: 2.08197
numClusters: 25492, time: 0.020423
Next phase: 4
Memory used: 2949.09
End Structure 170810 25492 vs 367112
Build next level time: 0.253271
Iteration time: 2.35642
Memory used: 2949.09
e_xx: 1.83287e+08, a2_x: 3.67246e+10, currMod: 0.981589
e_xx: 1.83484e+08, a2_x: -7.39174e+09, currMod: 0.982646
e_xx: 1.83492e+08, a2_x: -4.48016e+09, currMod: 0.982688
e_xx: 1.83492e+08, a2_x: -3.78897e+09, currMod: 0.982689
e_xx: 1.83493e+08, a2_x: -2.58563e+10, currMod: 0.982694
e_xx: 1.83493e+08, a2_x: -2.19998e+10, currMod: 0.982691
currMod: 0.982694, prevMod: 0.981608
Louvain time: 1.17285
numClusters: 22132, time: 0.013527
Next phase: 5
Memory used: 2949.09
End Structure 81993 22132 vs 186118
Build next level time: 0.119864
Iteration time: 1.30699
Memory used: 2949.09
e_xx: 1.83493e+08, a2_x: -2.65044e+10, currMod: 0.98269
e_xx: 1.83497e+08, a2_x: -3.12252e+10, currMod: 0.982712
e_xx: 1.83498e+08, a2_x: -3.20596e+10, currMod: 0.982717
e_xx: 1.83498e+08, a2_x: -3.22115e+10, currMod: 0.982716
currMod: 0.982717, prevMod: 0.982694
Louvain time: 0.434662
numClusters: 21948, time: 0.012016
Next phase: 6
Memory used: 2949.09
End Structure 65202 21948 vs 152352
Build next level time: 0.082734
Iteration time: 0.530038
Memory used: 2949.09
e_xx: 1.83498e+08, a2_x: -3.43777e+10, currMod: 0.982717
e_xx: 1.83498e+08, a2_x: -3.19485e+10, currMod: 0.982718
e_xx: 1.83498e+08, a2_x: -3.09542e+10, currMod: 0.982718
currMod: 0.982718, prevMod: 0.982717
Louvain time: 0.277367
numClusters: 21941, time: 0.011899
Next phase: 7
Memory used: 2949.09
End Structure 64068 21941 vs 150077
Build next level time: 0.08082
Iteration time: 0.370666
Memory used: 2949.09
e_xx: 1.83498e+08, a2_x: -3.19485e+10, currMod: 0.982718
e_xx: 1.83498e+08, a2_x: -3.19485e+10, currMod: 0.982718
currMod: 0.982718, prevMod: 0.982718
Louvain time: 0.173889
numClusters: 21941, time: 0.011891
Maximum degree for the graph: 436
Iteration: 0, conflicts: 0
Total number of colors used: 177
Total number of conflicts overall: 0
Number of rounds: 1
SUCCESS: No conflicts found
Number of reordered colors: 177
End position for large colors: 0, node count: 21549, largest: 21549
Node count cutoff: 4389
e_xx: 1.83498e+08, a2_x: -3.19485e+10, currMod: 0.982718
End Structure 64068 21941 vs 150077
currMod: 0.982718, prevMod: 0.982718
numClusters: 21941
Total iteration time: 46.9656

Loop 0 <line-37> - Time 0.001959 Total energy consumed 0.073995 Ave. Power Level 37.773886
	-------- Loop 0 (sock 1 consumed 0.038040, avg temp 36.500000, final temp 37 ) ------
	-------- Loop 0 (sock 2 consumed 0.035955, avg temp 32.500000, final temp 33 ) ------
Loop 1 <line-54> - Time 0.000632 Total energy consumed 0.000000 Ave. Power Level 0.000000
	-------- Loop 1 (sock 1 consumed 0.000000, avg temp 36.000000, final temp 37 ) ------
	-------- Loop 1 (sock 2 consumed 0.000000, avg temp 33.000000, final temp 33 ) ------
Loop 2 <line-76> - Time 0.000840 Total energy consumed 0.000000 Ave. Power Level 0.000000
	-------- Loop 2 (sock 1 consumed 0.000000, avg temp 36.000000, final temp 37 ) ------
	-------- Loop 2 (sock 2 consumed 0.000000, avg temp 33.000000, final temp 33 ) ------
Loop 3 <line-170> - Time 1.388683 Total energy consumed 55.657305 Ave. Power Level 40.079197
	-------- Loop 3 (sock 1 consumed 28.032465, avg temp 35.400000, final temp 37 ) ------
	-------- Loop 3 (sock 2 consumed 27.624840, avg temp 32.200000, final temp 33 ) ------
Loop 4 <line-192> - Time 0.000793 Total energy consumed 0.000000 Ave. Power Level 0.000000
	-------- Loop 4 (sock 1 consumed 0.000000, avg temp 36.000000, final temp 37 ) ------
	-------- Loop 4 (sock 2 consumed 0.000000, avg temp 32.500000, final temp 33 ) ------
Loop 5 <line-222> - Time 0.529829 Total energy consumed 21.266535 Ave. Power Level 40.138460
	-------- Loop 5 (sock 1 consumed 10.394310, avg temp 36.500000, final temp 37 ) ------
	-------- Loop 5 (sock 2 consumed 10.872225, avg temp 32.500000, final temp 33 ) ------
Loop 6 <line-115> - Time 0.004329 Total energy consumed 0.000000 Ave. Power Level 0.000000
	-------- Loop 6 (sock 1 consumed 0.000000, avg temp 36.428571, final temp 37 ) ------
	-------- Loop 6 (sock 2 consumed 0.000000, avg temp 32.142857, final temp 33 ) ------
Loop 7 <line-334> - Time 1.172264 Total energy consumed 44.990835 Ave. Power Level 38.379453
	-------- Loop 7 (sock 1 consumed 23.036175, avg temp 36.500000, final temp 37 ) ------
	-------- Loop 7 (sock 2 consumed 21.954660, avg temp 32.500000, final temp 33 ) ------
Loop 8 <line-353> - Time 0.001362 Total energy consumed 0.000000 Ave. Power Level 0.000000
	-------- Loop 8 (sock 1 consumed 0.000000, avg temp 36.500000, final temp 37 ) ------
	-------- Loop 8 (sock 2 consumed 0.000000, avg temp 32.500000, final temp 33 ) ------
Loop 9 <line-375> - Time 0.002089 Total energy consumed 0.000000 Ave. Power Level 0.000000
	-------- Loop 9 (sock 1 consumed 0.000000, avg temp 36.500000, final temp 37 ) ------
	-------- Loop 9 (sock 2 consumed 0.000000, avg temp 32.500000, final temp 33 ) ------
Loop 10 <line-85> - Time 0.274225 Total energy consumed 14.698725 Ave. Power Level 53.600907
	-------- Loop 10 (sock 1 consumed 7.419645, avg temp 36.500000, final temp 37 ) ------
	-------- Loop 10 (sock 2 consumed 7.279080, avg temp 32.250000, final temp 33 ) ------
Loop 11 <line-131> - Time 0.014816 Total energy consumed 0.740025 Ave. Power Level 49.946340
	-------- Loop 11 (sock 1 consumed 0.361305, avg temp 36.500000, final temp 37 ) ------
	-------- Loop 11 (sock 2 consumed 0.378720, avg temp 32.000000, final temp 32 ) ------
Loop 12 <line-167> - Time 0.237885 Total energy consumed 12.041040 Ave. Power Level 50.616973
	-------- Loop 12 (sock 1 consumed 6.119310, avg temp 36.500000, final temp 37 ) ------
	-------- Loop 12 (sock 2 consumed 5.921730, avg temp 33.000000, final temp 33 ) ------
Loop 13 <line-213> - Time 15.044751 Total energy consumed 762.381075 Ave. Power Level 50.674222
	-------- Loop 13 (sock 1 consumed 386.544585, avg temp 36.833333, final temp 37 ) ------
	-------- Loop 13 (sock 2 consumed 375.836490, avg temp 33.000000, final temp 33 ) ------
Loop 14 <line-99> - Time 10.942081 Total energy consumed 429.379890 Ave. Power Level 39.241154
	-------- Loop 14 (sock 1 consumed 218.375250, avg temp 36.857143, final temp 37 ) ------
	-------- Loop 14 (sock 2 consumed 211.004640, avg temp 32.714286, final temp 33 ) ------
Loop 15 <line-160> - Time 0.293539 Total energy consumed 12.675105 Ave. Power Level 43.180324
	-------- Loop 15 (sock 1 consumed 6.334695, avg temp 36.857143, final temp 37 ) ------
	-------- Loop 15 (sock 2 consumed 6.340410, avg temp 33.142857, final temp 34 ) ------
Loop 16 <line-269> - Time 9.906017 Total energy consumed 376.311675 Ave. Power Level 37.988190
	-------- Loop 16 (sock 1 consumed 188.754120, avg temp 36.518519, final temp 37 ) ------
	-------- Loop 16 (sock 2 consumed 187.557555, avg temp 32.370370, final temp 32 ) ------
Loop 17 <line-300> - Time 0.004744 Total energy consumed 0.000000 Ave. Power Level 0.000000
	-------- Loop 17 (sock 1 consumed 0.000000, avg temp 36.428571, final temp 37 ) ------
	-------- Loop 17 (sock 2 consumed 0.000000, avg temp 32.333333, final temp 33 ) ------
Loop 18 <line-147> - Time 0.000590 Total energy consumed 0.000000 Ave. Power Level 0.000000
	-------- Loop 18 (sock 1 consumed 0.000000, avg temp 37.000000, final temp 37 ) ------
	-------- Loop 18 (sock 2 consumed 0.000000, avg temp 33.000000, final temp 33 ) ------
Application(EnergyStat) - Time 85.700437 Total energy consumed 3436.497585 Ave. Power Level 40.098951 Final Temperature socket 1 : 37  socket 2 : 33 
