Memory used: 1.29297
Loading 32-bit binary file: pnnl.bin, numvertices: 2361670, numEdges: 191402826
File read time: 5.71291
Before allocating graph
Allocated graph: 0x1bc8550
Processing edges for vertex: 0, range(0, 166)
Processing edges for vertex: 100000, range(58444108, 58444133)
Processing edges for vertex: 200000, range(84376057, 84376362)
Processing edges for vertex: 300000, range(106069163, 106069503)
Processing edges for vertex: 400000, range(122097114, 122097513)
Processing edges for vertex: 500000, range(135096418, 135096483)
Processing edges for vertex: 600000, range(146097008, 146097061)
Processing edges for vertex: 700000, range(155415410, 155415531)
Processing edges for vertex: 800000, range(162595900, 162595989)
Processing edges for vertex: 900000, range(168508374, 168508464)
Processing edges for vertex: 1000000, range(173203321, 173203442)
Processing edges for vertex: 1100000, range(176935100, 176935110)
Processing edges for vertex: 1200000, range(179876260, 179876270)
Processing edges for vertex: 1300000, range(182240081, 182240092)
Processing edges for vertex: 1400000, range(184224513, 184224521)
Processing edges for vertex: 1500000, range(185795161, 185795170)
Processing edges for vertex: 1600000, range(187104124, 187104130)
Processing edges for vertex: 1700000, range(188148455, 188148461)
Processing edges for vertex: 1800000, range(188997836, 188997842)
Processing edges for vertex: 1900000, range(189691532, 189691535)
Processing edges for vertex: 2000000, range(190254658, 190254660)
Processing edges for vertex: 2100000, range(190705814, 190705822)
Processing edges for vertex: 2200000, range(191052755, 191052764)
Processing edges for vertex: 2300000, range(191302662, 191302663)
Graph populate time: 31.123
Total I/O time: 36.836
Running on: 16 threads
Loaded graph from file: pnnl.bin
Memory used: 2949.09
Maximum degree for the graph: 5520
Iteration: 0, conflicts: 35
Iteration: 1, conflicts: 7
Iteration: 2, conflicts: 3
Iteration: 3, conflicts: 1
Iteration: 4, conflicts: 0
Total number of colors used: 1194
Total number of conflicts overall: 0
Number of rounds: 5
SUCCESS: No conflicts found
Coloring time: 2.24405
Memory used: 2949.09
Number of reordered colors: 1023
End position for large colors: 0, node count: 550535, largest: 550535
Node count cutoff: 472334
e_xx: 1.15827e+08, a2_x: 5.67577e+11, currMod: 0.605134
e_xx: 1.61632e+08, a2_x: 6.68155e+11, currMod: 0.844444
e_xx: 1.7037e+08, a2_x: 5.59662e+11, currMod: 0.890097
e_xx: 1.74495e+08, a2_x: 5.54648e+11, currMod: 0.911648
e_xx: 1.76239e+08, a2_x: 5.64925e+11, currMod: 0.920761
currMod: 0.911648, prevMod: -1
Louvain time: 24.4369
numClusters: 203945, time: 0.445931
Next phase: 2
Memory used: 2949.09
End Structure 1300003 203945 vs 2802219
Build next level time: 10.4416
Iteration time: 35.3361
Memory used: 2949.09
e_xx: 1.57135e+08, a2_x: 5.66805e+11, currMod: 0.91201
e_xx: 1.65707e+08, a2_x: 3.44075e+11, currMod: 0.961771
e_xx: 1.67098e+08, a2_x: 3.27237e+11, currMod: 0.969844
e_xx: 1.67529e+08, a2_x: 2.94576e+11, currMod: 0.972345
e_xx: 1.67685e+08, a2_x: 3.14788e+11, currMod: 0.973249
e_xx: 1.6782e+08, a2_x: 3.04955e+11, currMod: 0.974035
e_xx: 1.67853e+08, a2_x: 3.18684e+11, currMod: 0.974227
e_xx: 1.67925e+08, a2_x: 3.00209e+11, currMod: 0.974645
e_xx: 1.67914e+08, a2_x: 3.27142e+11, currMod: 0.97458
currMod: 0.974645, prevMod: 0.911648
Louvain time: 7.43597
numClusters: 46926, time: 0.059885
Next phase: 3
Memory used: 2949.09
End Structure 413450 46926 vs 873820
Build next level time: 0.728431
Iteration time: 8.22653
Memory used: 2949.09
e_xx: 1.67925e+08, a2_x: 2.9797e+11, currMod: 0.974617
e_xx: 1.68802e+08, a2_x: 1.13628e+11, currMod: 0.979715
e_xx: 1.68885e+08, a2_x: 2.90324e+10, currMod: 0.980201
e_xx: 1.68949e+08, a2_x: 3.53197e+10, currMod: 0.980572
e_xx: 1.68913e+08, a2_x: 4.80977e+10, currMod: 0.980361
currMod: 0.980572, prevMod: 0.974645
Louvain time: 1.866
numClusters: 24641, time: 0.020402
Next phase: 4
Memory used: 2949.09
End Structure 156286 24641 vs 337213
Build next level time: 0.227287
Iteration time: 2.11448
Memory used: 2949.09
e_xx: 1.68949e+08, a2_x: 3.12341e+10, currMod: 0.980562
e_xx: 1.69063e+08, a2_x: -4.57445e+10, currMod: 0.981225
e_xx: 1.69081e+08, a2_x: -2.36375e+10, currMod: 0.981327
e_xx: 1.69081e+08, a2_x: -2.09012e+10, currMod: 0.98133
e_xx: 1.69082e+08, a2_x: -9.10722e+09, currMod: 0.981334
e_xx: 1.69084e+08, a2_x: -2.16923e+10, currMod: 0.981345
e_xx: 1.69083e+08, a2_x: -5.91215e+09, currMod: 0.981337
currMod: 0.981345, prevMod: 0.980572
Louvain time: 1.32726
numClusters: 22146, time: 0.013161
Next phase: 5
Memory used: 2949.09
End Structure 82389 22146 vs 186924
Build next level time: 0.108666
Iteration time: 1.44988
Memory used: 2949.09
e_xx: 1.69084e+08, a2_x: -2.17897e+10, currMod: 0.981344
e_xx: 1.69088e+08, a2_x: -1.9218e+10, currMod: 0.981369
e_xx: 1.6909e+08, a2_x: -1.88612e+10, currMod: 0.981378
e_xx: 1.69089e+08, a2_x: -2.24789e+10, currMod: 0.981374
currMod: 0.981378, prevMod: 0.981345
Louvain time: 0.45222
numClusters: 21992, time: 0.012324
Next phase: 6
Memory used: 2949.09
End Structure 66524 21992 vs 155040
Build next level time: 0.086254
Iteration time: 0.552077
Memory used: 2949.09
e_xx: 1.6909e+08, a2_x: -1.7196e+10, currMod: 0.981377
e_xx: 1.6909e+08, a2_x: -1.38427e+10, currMod: 0.98138
e_xx: 1.6909e+08, a2_x: -1.73548e+10, currMod: 0.981378
currMod: 0.98138, prevMod: 0.981378
Louvain time: 0.286665
numClusters: 21971, time: 0.012287
Next phase: 7
Memory used: 2949.09
End Structure 63146 21971 vs 148263
Build next level time: 0.075225
Iteration time: 0.374894
Memory used: 2949.09
e_xx: 1.6909e+08, a2_x: -1.38427e+10, currMod: 0.98138
e_xx: 1.6909e+08, a2_x: -1.35426e+10, currMod: 0.98138
currMod: 0.98138, prevMod: 0.98138
Louvain time: 0.173764
numClusters: 21971, time: 0.012158
Maximum degree for the graph: 462
Iteration: 0, conflicts: 0
Total number of colors used: 159
Total number of conflicts overall: 0
Number of rounds: 1
SUCCESS: No conflicts found
Number of reordered colors: 157
End position for large colors: 0, node count: 21569, largest: 21569
Node count cutoff: 4395
e_xx: 1.6909e+08, a2_x: -1.35426e+10, currMod: 0.98138
End Structure 63120 21970 vs 148210
currMod: 0.98138, prevMod: 0.98138
numClusters: 21970
Total iteration time: 48.054

Loop 0 <line-37> - Time 0.002230 Total energy consumed 0.079125 Ave. Power Level 35.477545
	-------- Loop 0 (sock 1 consumed 0.040080, avg temp 37.000000, final temp 38 ) ------
	-------- Loop 0 (sock 2 consumed 0.039045, avg temp 32.500000, final temp 33 ) ------
Loop 1 <line-54> - Time 0.002502 Total energy consumed 0.165270 Ave. Power Level 66.054786
	-------- Loop 1 (sock 1 consumed 0.084225, avg temp 37.000000, final temp 37 ) ------
	-------- Loop 1 (sock 2 consumed 0.081045, avg temp 32.500000, final temp 33 ) ------
Loop 2 <line-76> - Time 0.000835 Total energy consumed 0.000000 Ave. Power Level 0.000000
	-------- Loop 2 (sock 1 consumed 0.000000, avg temp 37.000000, final temp 37 ) ------
	-------- Loop 2 (sock 2 consumed 0.000000, avg temp 32.500000, final temp 33 ) ------
Loop 3 <line-170> - Time 1.292049 Total energy consumed 52.386990 Ave. Power Level 40.545683
	-------- Loop 3 (sock 1 consumed 27.327000, avg temp 36.166667, final temp 37 ) ------
	-------- Loop 3 (sock 2 consumed 25.059990, avg temp 32.333333, final temp 34 ) ------
Loop 4 <line-192> - Time 0.000768 Total energy consumed 0.000000 Ave. Power Level 0.000000
	-------- Loop 4 (sock 1 consumed 0.000000, avg temp 36.500000, final temp 37 ) ------
	-------- Loop 4 (sock 2 consumed 0.000000, avg temp 33.000000, final temp 34 ) ------
Loop 5 <line-222> - Time 0.533598 Total energy consumed 21.630570 Ave. Power Level 40.537239
	-------- Loop 5 (sock 1 consumed 10.113540, avg temp 37.000000, final temp 37 ) ------
	-------- Loop 5 (sock 2 consumed 11.517030, avg temp 33.500000, final temp 34 ) ------
Loop 6 <line-115> - Time 0.005420 Total energy consumed 0.054660 Ave. Power Level 10.084268
	-------- Loop 6 (sock 1 consumed 0.018390, avg temp 37.000000, final temp 37 ) ------
	-------- Loop 6 (sock 2 consumed 0.036270, avg temp 33.000000, final temp 33 ) ------
Loop 7 <line-334> - Time 1.175071 Total energy consumed 45.389130 Ave. Power Level 38.626721
	-------- Loop 7 (sock 1 consumed 23.758650, avg temp 37.000000, final temp 37 ) ------
	-------- Loop 7 (sock 2 consumed 21.630480, avg temp 32.875000, final temp 33 ) ------
Loop 8 <line-353> - Time 0.002802 Total energy consumed 0.175410 Ave. Power Level 62.594497
	-------- Loop 8 (sock 1 consumed 0.076020, avg temp 37.000000, final temp 37 ) ------
	-------- Loop 8 (sock 2 consumed 0.099390, avg temp 33.125000, final temp 34 ) ------
Loop 9 <line-375> - Time 0.002053 Total energy consumed 0.000000 Ave. Power Level 0.000000
	-------- Loop 9 (sock 1 consumed 0.000000, avg temp 37.000000, final temp 37 ) ------
	-------- Loop 9 (sock 2 consumed 0.000000, avg temp 33.125000, final temp 34 ) ------
Loop 10 <line-85> - Time 0.282743 Total energy consumed 14.609700 Ave. Power Level 51.671279
	-------- Loop 10 (sock 1 consumed 7.368690, avg temp 37.250000, final temp 37 ) ------
	-------- Loop 10 (sock 2 consumed 7.241010, avg temp 33.000000, final temp 33 ) ------
Loop 11 <line-131> - Time 0.015230 Total energy consumed 0.716220 Ave. Power Level 47.025945
	-------- Loop 11 (sock 1 consumed 0.362190, avg temp 37.000000, final temp 37 ) ------
	-------- Loop 11 (sock 2 consumed 0.354030, avg temp 33.000000, final temp 33 ) ------
Loop 12 <line-167> - Time 0.365435 Total energy consumed 18.463680 Ave. Power Level 50.525194
	-------- Loop 12 (sock 1 consumed 9.363885, avg temp 37.000000, final temp 37 ) ------
	-------- Loop 12 (sock 2 consumed 9.099795, avg temp 33.000000, final temp 33 ) ------
Loop 13 <line-213> - Time 14.550140 Total energy consumed 741.116055 Ave. Power Level 50.935322
	-------- Loop 13 (sock 1 consumed 376.428000, avg temp 37.333333, final temp 37 ) ------
	-------- Loop 13 (sock 2 consumed 364.688055, avg temp 33.666667, final temp 33 ) ------
Loop 14 <line-99> - Time 10.721287 Total energy consumed 427.146270 Ave. Power Level 39.840952
	-------- Loop 14 (sock 1 consumed 220.942440, avg temp 36.571429, final temp 37 ) ------
	-------- Loop 14 (sock 2 consumed 206.203830, avg temp 33.000000, final temp 33 ) ------
Loop 15 <line-160> - Time 0.255342 Total energy consumed 10.827420 Ave. Power Level 42.403655
	-------- Loop 15 (sock 1 consumed 5.475075, avg temp 36.714286, final temp 37 ) ------
	-------- Loop 15 (sock 2 consumed 5.352345, avg temp 33.142857, final temp 33 ) ------
Loop 16 <line-269> - Time 11.473110 Total energy consumed 435.088755 Ave. Power Level 37.922479
	-------- Loop 16 (sock 1 consumed 216.749250, avg temp 36.633333, final temp 37 ) ------
	-------- Loop 16 (sock 2 consumed 218.339505, avg temp 32.900000, final temp 33 ) ------
Loop 17 <line-300> - Time 0.005300 Total energy consumed 0.000000 Ave. Power Level 0.000000
	-------- Loop 17 (sock 1 consumed 0.000000, avg temp 36.583333, final temp 37 ) ------
	-------- Loop 17 (sock 2 consumed 0.000000, avg temp 32.916667, final temp 33 ) ------
Loop 18 <line-147> - Time 0.000556 Total energy consumed 0.000000 Ave. Power Level 0.000000
	-------- Loop 18 (sock 1 consumed 0.000000, avg temp 38.000000, final temp 38 ) ------
	-------- Loop 18 (sock 2 consumed 0.000000, avg temp 33.000000, final temp 33 ) ------
Application(EnergyStat) - Time 87.460380 Total energy consumed 3499.889100 Ave. Power Level 40.016852 Final Temperature socket 1 : 37  socket 2 : 34 
