Memory used: 1.29297
Loading 32-bit binary file: pnnl.bin, numvertices: 2361670, numEdges: 191402826
File read time: 5.90432
Before allocating graph
Allocated graph: 0xc94550
Processing edges for vertex: 0, range(0, 166)
Processing edges for vertex: 100000, range(58444108, 58444133)
Processing edges for vertex: 200000, range(84376057, 84376362)
Processing edges for vertex: 300000, range(106069163, 106069503)
Processing edges for vertex: 400000, range(122097114, 122097513)
Processing edges for vertex: 500000, range(135096418, 135096483)
Processing edges for vertex: 600000, range(146097008, 146097061)
Processing edges for vertex: 700000, range(155415410, 155415531)
Processing edges for vertex: 800000, range(162595900, 162595989)
Processing edges for vertex: 900000, range(168508374, 168508464)
Processing edges for vertex: 1000000, range(173203321, 173203442)
Processing edges for vertex: 1100000, range(176935100, 176935110)
Processing edges for vertex: 1200000, range(179876260, 179876270)
Processing edges for vertex: 1300000, range(182240081, 182240092)
Processing edges for vertex: 1400000, range(184224513, 184224521)
Processing edges for vertex: 1500000, range(185795161, 185795170)
Processing edges for vertex: 1600000, range(187104124, 187104130)
Processing edges for vertex: 1700000, range(188148455, 188148461)
Processing edges for vertex: 1800000, range(188997836, 188997842)
Processing edges for vertex: 1900000, range(189691532, 189691535)
Processing edges for vertex: 2000000, range(190254658, 190254660)
Processing edges for vertex: 2100000, range(190705814, 190705822)
Processing edges for vertex: 2200000, range(191052755, 191052764)
Processing edges for vertex: 2300000, range(191302662, 191302663)
Graph populate time: 30.7125
Total I/O time: 36.6169
Running on: 16 threads
Loaded graph from file: pnnl.bin
Memory used: 2949.09
Maximum degree for the graph: 5520
Iteration: 0, conflicts: 21
Iteration: 1, conflicts: 3
Iteration: 2, conflicts: 0
Total number of colors used: 1194
Total number of conflicts overall: 0
Number of rounds: 3
SUCCESS: No conflicts found
Coloring time: 2.25915
Memory used: 2949.09
Number of reordered colors: 1007
End position for large colors: 0, node count: 550351, largest: 550351
Node count cutoff: 472334
e_xx: 1.23545e+08, a2_x: 6.46183e+11, currMod: 0.645453
e_xx: 1.65178e+08, a2_x: 5.98699e+11, currMod: 0.86297
e_xx: 1.7165e+08, a2_x: 5.30115e+11, currMod: 0.896787
e_xx: 1.7441e+08, a2_x: 5.14664e+11, currMod: 0.911208
e_xx: 1.75878e+08, a2_x: 5.15194e+11, currMod: 0.918874
currMod: 0.911208, prevMod: -1
Louvain time: 24.741
numClusters: 204211, time: 0.417323
Next phase: 2
Memory used: 2949.09
End Structure 1286664 204211 vs 2775764
Build next level time: 11.2042
Iteration time: 36.3756
Memory used: 2949.09
e_xx: 1.58121e+08, a2_x: 5.13732e+11, currMod: 0.910613
e_xx: 1.67142e+08, a2_x: 3.16462e+11, currMod: 0.962569
e_xx: 1.68515e+08, a2_x: 3.30437e+11, currMod: 0.970475
e_xx: 1.68852e+08, a2_x: 2.99827e+11, currMod: 0.972421
e_xx: 1.68985e+08, a2_x: 3.02261e+11, currMod: 0.973182
e_xx: 1.69103e+08, a2_x: 3.00119e+11, currMod: 0.973867
e_xx: 1.69098e+08, a2_x: 3.06068e+11, currMod: 0.973834
currMod: 0.973867, prevMod: 0.911208
Louvain time: 6.23899
numClusters: 54753, time: 0.062959
Next phase: 3
Memory used: 2949.09
End Structure 545478 54753 vs 1145696
Build next level time: 0.566162
Iteration time: 6.87027
Memory used: 2949.09
e_xx: 1.69103e+08, a2_x: 3.02646e+11, currMod: 0.973843
e_xx: 1.69996e+08, a2_x: 1.21246e+11, currMod: 0.978989
e_xx: 1.70062e+08, a2_x: 7.92647e+10, currMod: 0.979372
e_xx: 1.7016e+08, a2_x: 3.40956e+10, currMod: 0.979939
e_xx: 1.70091e+08, a2_x: 4.76599e+10, currMod: 0.97954
currMod: 0.979939, prevMod: 0.973867
Louvain time: 2.23495
numClusters: 25932, time: 0.021186
Next phase: 4
Memory used: 2949.09
End Structure 186043 25932 vs 398018
Build next level time: 0.253588
Iteration time: 2.51194
Memory used: 2949.09
e_xx: 1.7016e+08, a2_x: 3.46083e+10, currMod: 0.979926
e_xx: 1.70397e+08, a2_x: 5.99001e+10, currMod: 0.981287
e_xx: 1.70394e+08, a2_x: 7.16973e+09, currMod: 0.981275
currMod: 0.981287, prevMod: 0.979939
Louvain time: 0.646261
numClusters: 22710, time: 0.01364
Next phase: 5
Memory used: 2949.09
End Structure 110681 22710 vs 244072
Build next level time: 0.142714
Iteration time: 0.803489
Memory used: 2949.09
e_xx: 1.70397e+08, a2_x: 6.26126e+10, currMod: 0.981285
e_xx: 1.70419e+08, a2_x: 1.03375e+10, currMod: 0.981414
e_xx: 1.70419e+08, a2_x: -2.29783e+07, currMod: 0.981415
currMod: 0.981414, prevMod: 0.981287
Louvain time: 0.45925
numClusters: 22176, time: 0.012253
Next phase: 6
Memory used: 2949.09
End Structure 92696 22176 vs 207568
Build next level time: 0.103832
Iteration time: 0.57597
Memory used: 2949.09
e_xx: 1.70419e+08, a2_x: 6.75147e+09, currMod: 0.981414
e_xx: 1.70419e+08, a2_x: 1.27945e+10, currMod: 0.981418
e_xx: 1.7042e+08, a2_x: 1.2066e+10, currMod: 0.981419
currMod: 0.981418, prevMod: 0.981414
Louvain time: 0.384657
numClusters: 22041, time: 0.012052
Next phase: 7
Memory used: 2949.09
End Structure 87092 22041 vs 196225
Build next level time: 0.101643
Iteration time: 0.499175
Memory used: 2949.09
e_xx: 1.70419e+08, a2_x: 1.40352e+10, currMod: 0.981418
e_xx: 1.7042e+08, a2_x: 2.19818e+10, currMod: 0.981418
currMod: 0.981418, prevMod: 0.981418
Louvain time: 0.263335
numClusters: 22041, time: 0.012003
Maximum degree for the graph: 535
Iteration: 0, conflicts: 0
Total number of colors used: 185
Total number of conflicts overall: 0
Number of rounds: 1
SUCCESS: No conflicts found
Number of reordered colors: 182
End position for large colors: 0, node count: 21566, largest: 21566
Node count cutoff: 4409
e_xx: 1.70639e+08, a2_x: 1.2321e+10, currMod: 0.982684
e_xx: 1.7065e+08, a2_x: 7.96156e+09, currMod: 0.982744
e_xx: 1.7066e+08, a2_x: 1.4334e+10, currMod: 0.9828
e_xx: 1.71155e+08, a2_x: 5.76787e+09, currMod: 0.985655
e_xx: 1.71695e+08, a2_x: 1.24561e+10, currMod: 0.988765
e_xx: 1.71681e+08, a2_x: 9.54312e+09, currMod: 0.988681
End Structure 1204 21602 vs 24010
currMod: 0.988765, prevMod: 0.981418
numClusters: 21602
Total iteration time: 47.6365

Loop 0 <line-37> - Time 0.001788 Total energy consumed 0.000000 Ave. Power Level 0.000000
	-------- Loop 0 (sock 1 consumed 0.000000, avg temp 37.000000, final temp 37 ) ------
	-------- Loop 0 (sock 2 consumed 0.000000, avg temp 33.000000, final temp 34 ) ------
Loop 1 <line-54> - Time 0.000607 Total energy consumed 0.000000 Ave. Power Level 0.000000
	-------- Loop 1 (sock 1 consumed 0.000000, avg temp 36.500000, final temp 36 ) ------
	-------- Loop 1 (sock 2 consumed 0.000000, avg temp 32.500000, final temp 33 ) ------
Loop 2 <line-76> - Time 0.000879 Total energy consumed 0.000000 Ave. Power Level 0.000000
	-------- Loop 2 (sock 1 consumed 0.000000, avg temp 36.500000, final temp 36 ) ------
	-------- Loop 2 (sock 2 consumed 0.000000, avg temp 32.500000, final temp 33 ) ------
Loop 3 <line-170> - Time 1.306183 Total energy consumed 52.977660 Ave. Power Level 40.559153
	-------- Loop 3 (sock 1 consumed 27.657330, avg temp 36.250000, final temp 37 ) ------
	-------- Loop 3 (sock 2 consumed 25.320330, avg temp 33.000000, final temp 33 ) ------
Loop 4 <line-192> - Time 0.000822 Total energy consumed 0.000000 Ave. Power Level 0.000000
	-------- Loop 4 (sock 1 consumed 0.000000, avg temp 36.500000, final temp 37 ) ------
	-------- Loop 4 (sock 2 consumed 0.000000, avg temp 33.000000, final temp 33 ) ------
Loop 5 <line-222> - Time 0.535577 Total energy consumed 21.654810 Ave. Power Level 40.432638
	-------- Loop 5 (sock 1 consumed 10.482345, avg temp 36.500000, final temp 37 ) ------
	-------- Loop 5 (sock 2 consumed 11.172465, avg temp 33.000000, final temp 34 ) ------
Loop 6 <line-115> - Time 0.005952 Total energy consumed 0.083190 Ave. Power Level 13.977052
	-------- Loop 6 (sock 1 consumed 0.037980, avg temp 36.714286, final temp 37 ) ------
	-------- Loop 6 (sock 2 consumed 0.045210, avg temp 32.428571, final temp 32 ) ------
Loop 7 <line-334> - Time 1.250349 Total energy consumed 47.347455 Ave. Power Level 37.867404
	-------- Loop 7 (sock 1 consumed 23.818500, avg temp 37.125000, final temp 37 ) ------
	-------- Loop 7 (sock 2 consumed 23.528955, avg temp 32.375000, final temp 33 ) ------
Loop 8 <line-353> - Time 0.002226 Total energy consumed 0.000000 Ave. Power Level 0.000000
	-------- Loop 8 (sock 1 consumed 0.000000, avg temp 37.125000, final temp 37 ) ------
	-------- Loop 8 (sock 2 consumed 0.000000, avg temp 32.375000, final temp 33 ) ------
Loop 9 <line-375> - Time 0.002017 Total energy consumed 0.000000 Ave. Power Level 0.000000
	-------- Loop 9 (sock 1 consumed 0.000000, avg temp 37.125000, final temp 37 ) ------
	-------- Loop 9 (sock 2 consumed 0.000000, avg temp 32.375000, final temp 33 ) ------
Loop 10 <line-85> - Time 0.287845 Total energy consumed 14.840565 Ave. Power Level 51.557508
	-------- Loop 10 (sock 1 consumed 7.505010, avg temp 36.500000, final temp 36 ) ------
	-------- Loop 10 (sock 2 consumed 7.335555, avg temp 32.750000, final temp 33 ) ------
Loop 11 <line-131> - Time 0.015921 Total energy consumed 0.865440 Ave. Power Level 54.358535
	-------- Loop 11 (sock 1 consumed 0.437235, avg temp 36.000000, final temp 36 ) ------
	-------- Loop 11 (sock 2 consumed 0.428205, avg temp 33.500000, final temp 34 ) ------
Loop 12 <line-167> - Time 0.387988 Total energy consumed 19.654725 Ave. Power Level 50.658051
	-------- Loop 12 (sock 1 consumed 9.958605, avg temp 37.000000, final temp 37 ) ------
	-------- Loop 12 (sock 2 consumed 9.696120, avg temp 32.500000, final temp 33 ) ------
Loop 13 <line-213> - Time 14.827942 Total energy consumed 752.591295 Ave. Power Level 50.754939
	-------- Loop 13 (sock 1 consumed 381.311535, avg temp 37.090909, final temp 37 ) ------
	-------- Loop 13 (sock 2 consumed 371.279760, avg temp 33.090909, final temp 34 ) ------
Loop 14 <line-99> - Time 11.354324 Total energy consumed 443.613060 Ave. Power Level 39.069966
	-------- Loop 14 (sock 1 consumed 216.361170, avg temp 36.714286, final temp 37 ) ------
	-------- Loop 14 (sock 2 consumed 227.251890, avg temp 32.857143, final temp 33 ) ------
Loop 15 <line-160> - Time 0.285758 Total energy consumed 12.271650 Ave. Power Level 42.944147
	-------- Loop 15 (sock 1 consumed 6.056370, avg temp 37.000000, final temp 37 ) ------
	-------- Loop 15 (sock 2 consumed 6.215280, avg temp 33.000000, final temp 33 ) ------
Loop 16 <line-269> - Time 10.156012 Total energy consumed 385.732260 Ave. Power Level 37.980681
	-------- Loop 16 (sock 1 consumed 191.256780, avg temp 36.782609, final temp 37 ) ------
	-------- Loop 16 (sock 2 consumed 194.475480, avg temp 32.478261, final temp 32 ) ------
Loop 17 <line-300> - Time 0.004152 Total energy consumed 0.000000 Ave. Power Level 0.000000
	-------- Loop 17 (sock 1 consumed 0.000000, avg temp 36.705882, final temp 37 ) ------
	-------- Loop 17 (sock 2 consumed 0.000000, avg temp 32.529412, final temp 33 ) ------
Loop 18 <line-147> - Time 0.000863 Total energy consumed 0.000000 Ave. Power Level 0.000000
	-------- Loop 18 (sock 1 consumed 0.000000, avg temp 37.000000, final temp 37 ) ------
	-------- Loop 18 (sock 2 consumed 0.000000, avg temp 34.000000, final temp 34 ) ------
Application(EnergyStat) - Time 86.937024 Total energy consumed 3481.631220 Ave. Power Level 40.047739 Final Temperature socket 1 : 37  socket 2 : 33 
