Memory used: 1.29297
Loading 32-bit binary file: pnnl.bin, numvertices: 2361670, numEdges: 191402826
File read time: 2.06978
Before allocating graph
Allocated graph: 0x21b0550
Processing edges for vertex: 0, range(0, 166)
Processing edges for vertex: 100000, range(58444108, 58444133)
Processing edges for vertex: 200000, range(84376057, 84376362)
Processing edges for vertex: 300000, range(106069163, 106069503)
Processing edges for vertex: 400000, range(122097114, 122097513)
Processing edges for vertex: 500000, range(135096418, 135096483)
Processing edges for vertex: 600000, range(146097008, 146097061)
Processing edges for vertex: 700000, range(155415410, 155415531)
Processing edges for vertex: 800000, range(162595900, 162595989)
Processing edges for vertex: 900000, range(168508374, 168508464)
Processing edges for vertex: 1000000, range(173203321, 173203442)
Processing edges for vertex: 1100000, range(176935100, 176935110)
Processing edges for vertex: 1200000, range(179876260, 179876270)
Processing edges for vertex: 1300000, range(182240081, 182240092)
Processing edges for vertex: 1400000, range(184224513, 184224521)
Processing edges for vertex: 1500000, range(185795161, 185795170)
Processing edges for vertex: 1600000, range(187104124, 187104130)
Processing edges for vertex: 1700000, range(188148455, 188148461)
Processing edges for vertex: 1800000, range(188997836, 188997842)
Processing edges for vertex: 1900000, range(189691532, 189691535)
Processing edges for vertex: 2000000, range(190254658, 190254660)
Processing edges for vertex: 2100000, range(190705814, 190705822)
Processing edges for vertex: 2200000, range(191052755, 191052764)
Processing edges for vertex: 2300000, range(191302662, 191302663)
Graph populate time: 10.1594
Total I/O time: 12.2292
Running on: 16 threads
Loaded graph from file: pnnl.bin
Memory used: 2949.09
Maximum degree for the graph: 5520
Iteration: 0, conflicts: 33
Iteration: 1, conflicts: 1
Iteration: 2, conflicts: 0
Total number of colors used: 1192
Total number of conflicts overall: 0
Number of rounds: 3
SUCCESS: No conflicts found
Coloring time: 0.773375
Memory used: 2949.09
Number of reordered colors: 999
End position for large colors: 0, node count: 550457, largest: 550457
Node count cutoff: 472334
e_xx: 1.17123e+08, a2_x: 7.21279e+11, currMod: 0.6119
e_xx: 1.60658e+08, a2_x: 6.21528e+11, currMod: 0.839354
e_xx: 1.68137e+08, a2_x: 5.56291e+11, currMod: 0.878431
e_xx: 1.71233e+08, a2_x: 5.41475e+11, currMod: 0.894607
e_xx: 1.72714e+08, a2_x: 5.24297e+11, currMod: 0.902346
currMod: 0.894607, prevMod: -1
Louvain time: 8.134
numClusters: 203639, time: 0.134969
Next phase: 2
Memory used: 2949.09
End Structure 1273808 203639 vs 2749337
Build next level time: 4.54052
Iteration time: 12.8139
Memory used: 2949.09
e_xx: 1.69648e+08, a2_x: 5.2501e+11, currMod: 0.90078
e_xx: 1.78193e+08, a2_x: 3.00223e+11, currMod: 0.946163
e_xx: 1.82824e+08, a2_x: 2.89565e+11, currMod: 0.970751
e_xx: 1.83114e+08, a2_x: 2.90313e+11, currMod: 0.97229
e_xx: 1.83188e+08, a2_x: 2.92456e+11, currMod: 0.972681
e_xx: 1.83278e+08, a2_x: 2.69166e+11, currMod: 0.97316
e_xx: 1.83286e+08, a2_x: 2.93488e+11, currMod: 0.973205
e_xx: 1.8334e+08, a2_x: 2.71126e+11, currMod: 0.973491
e_xx: 1.83333e+08, a2_x: 2.81322e+11, currMod: 0.973454
currMod: 0.973491, prevMod: 0.894607
Louvain time: 2.47958
numClusters: 51812, time: 0.020829
Next phase: 3
Memory used: 2949.09
End Structure 510477 51812 vs 1072759
Build next level time: 0.249133
Iteration time: 2.75033
Memory used: 2949.09
e_xx: 1.83339e+08, a2_x: 2.74242e+11, currMod: 0.973487
e_xx: 1.84633e+08, a2_x: 9.57016e+10, currMod: 0.980359
e_xx: 1.847e+08, a2_x: 7.3958e+10, currMod: 0.980715
e_xx: 1.84811e+08, a2_x: 5.67496e+10, currMod: 0.981306
e_xx: 1.84734e+08, a2_x: 6.41749e+10, currMod: 0.980898
currMod: 0.981306, prevMod: 0.973491
Louvain time: 0.733403
numClusters: 25730, time: 0.006775
Next phase: 4
Memory used: 2949.09
End Structure 177130 25730 vs 379990
Build next level time: 0.077378
Iteration time: 0.818017
Memory used: 2949.09
e_xx: 1.84811e+08, a2_x: 5.65676e+10, currMod: 0.981288
e_xx: 1.85058e+08, a2_x: 2.00215e+10, currMod: 0.9826
e_xx: 1.85072e+08, a2_x: 2.5568e+10, currMod: 0.982676
e_xx: 1.85073e+08, a2_x: 1.08441e+10, currMod: 0.982681
e_xx: 1.85074e+08, a2_x: 2.81266e+10, currMod: 0.982687
e_xx: 1.85073e+08, a2_x: 1.60052e+10, currMod: 0.982682
currMod: 0.982687, prevMod: 0.981306
Louvain time: 0.383132
numClusters: 22116, time: 0.004453
Next phase: 5
Memory used: 2949.09
End Structure 78456 22116 vs 179028
Build next level time: 0.040527
Iteration time: 0.428546
Memory used: 2949.09
e_xx: 1.85074e+08, a2_x: 2.66287e+10, currMod: 0.982683
e_xx: 1.85078e+08, a2_x: 1.35401e+10, currMod: 0.982702
e_xx: 1.85077e+08, a2_x: 1.65954e+10, currMod: 0.982701
currMod: 0.982702, prevMod: 0.982687
Louvain time: 0.106205
numClusters: 21976, time: 0.003932
Next phase: 6
Memory used: 2949.09
End Structure 69824 21976 vs 161624
Build next level time: 0.029866
Iteration time: 0.140264
Memory used: 2949.09
e_xx: 1.85078e+08, a2_x: 1.18968e+10, currMod: 0.982702
e_xx: 1.85078e+08, a2_x: 1.59453e+10, currMod: 0.982702
currMod: 0.982702, prevMod: 0.982702
Louvain time: 0.068047
numClusters: 21976, time: 0.003924
Maximum degree for the graph: 472
Iteration: 0, conflicts: 0
Total number of colors used: 174
Total number of conflicts overall: 0
Number of rounds: 1
SUCCESS: No conflicts found
Number of reordered colors: 168
End position for large colors: 0, node count: 21556, largest: 21556
Node count cutoff: 4396
e_xx: 1.8816e+08, a2_x: 7.01326e+09, currMod: 0.999071
e_xx: 1.87909e+08, a2_x: -1.01968e+09, currMod: 0.997735
End Structure 255 21566 vs 22076
currMod: 0.999071, prevMod: 0.982702
numClusters: 21566
Total iteration time: 16.9511

Loop 0 <line-37> - Time 0.000697 Total energy consumed 0.092280 Ave. Power Level 132.333139
	-------- Loop 0 (sock 1 consumed 0.052005, avg temp 42.500000, final temp 43 ) ------
	-------- Loop 0 (sock 2 consumed 0.040275, avg temp 36.500000, final temp 37 ) ------
Loop 1 <line-54> - Time 0.000350 Total energy consumed 0.000000 Ave. Power Level 0.000000
	-------- Loop 1 (sock 1 consumed 0.000000, avg temp 42.500000, final temp 42 ) ------
	-------- Loop 1 (sock 2 consumed 0.000000, avg temp 36.500000, final temp 37 ) ------
Loop 2 <line-76> - Time 0.000362 Total energy consumed 0.000000 Ave. Power Level 0.000000
	-------- Loop 2 (sock 1 consumed 0.000000, avg temp 42.500000, final temp 42 ) ------
	-------- Loop 2 (sock 2 consumed 0.000000, avg temp 36.500000, final temp 37 ) ------
Loop 3 <line-170> - Time 0.441265 Total energy consumed 25.988865 Ave. Power Level 58.896307
	-------- Loop 3 (sock 1 consumed 14.123295, avg temp 42.750000, final temp 42 ) ------
	-------- Loop 3 (sock 2 consumed 11.865570, avg temp 36.250000, final temp 37 ) ------
Loop 4 <line-192> - Time 0.000294 Total energy consumed 0.000000 Ave. Power Level 0.000000
	-------- Loop 4 (sock 1 consumed 0.000000, avg temp 42.500000, final temp 42 ) ------
	-------- Loop 4 (sock 2 consumed 0.000000, avg temp 36.500000, final temp 37 ) ------
Loop 5 <line-222> - Time 0.192340 Total energy consumed 11.183040 Ave. Power Level 58.141971
	-------- Loop 5 (sock 1 consumed 5.058915, avg temp 42.500000, final temp 42 ) ------
	-------- Loop 5 (sock 2 consumed 6.124125, avg temp 37.000000, final temp 37 ) ------
Loop 6 <line-115> - Time 0.001909 Total energy consumed 0.076740 Ave. Power Level 40.191099
	-------- Loop 6 (sock 1 consumed 0.056190, avg temp 43.000000, final temp 43 ) ------
	-------- Loop 6 (sock 2 consumed 0.020550, avg temp 37.166667, final temp 37 ) ------
Loop 7 <line-334> - Time 0.408850 Total energy consumed 20.669385 Ave. Power Level 50.554974
	-------- Loop 7 (sock 1 consumed 9.898845, avg temp 43.142857, final temp 44 ) ------
	-------- Loop 7 (sock 2 consumed 10.770540, avg temp 37.571429, final temp 37 ) ------
Loop 8 <line-353> - Time 0.000405 Total energy consumed 0.000000 Ave. Power Level 0.000000
	-------- Loop 8 (sock 1 consumed 0.000000, avg temp 43.142857, final temp 44 ) ------
	-------- Loop 8 (sock 2 consumed 0.000000, avg temp 37.571429, final temp 37 ) ------
Loop 9 <line-375> - Time 0.000792 Total energy consumed 0.000000 Ave. Power Level 0.000000
	-------- Loop 9 (sock 1 consumed 0.000000, avg temp 43.142857, final temp 44 ) ------
	-------- Loop 9 (sock 2 consumed 0.000000, avg temp 37.571429, final temp 37 ) ------
Loop 10 <line-85> - Time 0.162433 Total energy consumed 14.490750 Ave. Power Level 89.210488
	-------- Loop 10 (sock 1 consumed 7.348275, avg temp 43.250000, final temp 43 ) ------
	-------- Loop 10 (sock 2 consumed 7.142475, avg temp 37.500000, final temp 37 ) ------
Loop 11 <line-131> - Time 0.003347 Total energy consumed 0.363660 Ave. Power Level 108.642430
	-------- Loop 11 (sock 1 consumed 0.184620, avg temp 43.500000, final temp 43 ) ------
	-------- Loop 11 (sock 2 consumed 0.179040, avg temp 37.500000, final temp 37 ) ------
Loop 12 <line-167> - Time 0.145936 Total energy consumed 12.818535 Ave. Power Level 87.836745
	-------- Loop 12 (sock 1 consumed 6.456735, avg temp 43.500000, final temp 43 ) ------
	-------- Loop 12 (sock 2 consumed 6.361800, avg temp 38.000000, final temp 38 ) ------
Loop 13 <line-213> - Time 4.789118 Total energy consumed 438.147975 Ave. Power Level 91.488238
	-------- Loop 13 (sock 1 consumed 223.053270, avg temp 45.142857, final temp 44 ) ------
	-------- Loop 13 (sock 2 consumed 215.094705, avg temp 39.714286, final temp 38 ) ------
Loop 14 <line-99> - Time 4.582214 Total energy consumed 250.635120 Ave. Power Level 54.697384
	-------- Loop 14 (sock 1 consumed 130.132095, avg temp 43.000000, final temp 43 ) ------
	-------- Loop 14 (sock 2 consumed 120.503025, avg temp 37.166667, final temp 37 ) ------
Loop 15 <line-160> - Time 0.101211 Total energy consumed 6.047940 Ave. Power Level 59.755738
	-------- Loop 15 (sock 1 consumed 3.015630, avg temp 43.166667, final temp 43 ) ------
	-------- Loop 15 (sock 2 consumed 3.032310, avg temp 37.333333, final temp 37 ) ------
Loop 16 <line-269> - Time 3.748407 Total energy consumed 183.227475 Ave. Power Level 48.881421
	-------- Loop 16 (sock 1 consumed 87.435930, avg temp 42.680000, final temp 43 ) ------
	-------- Loop 16 (sock 2 consumed 95.791545, avg temp 37.360000, final temp 36 ) ------
Loop 17 <line-300> - Time 0.001974 Total energy consumed 0.000000 Ave. Power Level 0.000000
	-------- Loop 17 (sock 1 consumed 0.000000, avg temp 42.600000, final temp 42 ) ------
	-------- Loop 17 (sock 2 consumed 0.000000, avg temp 37.350000, final temp 37 ) ------
Loop 18 <line-147> - Time 0.000418 Total energy consumed 0.085935 Ave. Power Level 205.525155
	-------- Loop 18 (sock 1 consumed 0.024780, avg temp 43.000000, final temp 43 ) ------
	-------- Loop 18 (sock 2 consumed 0.061155, avg temp 37.000000, final temp 37 ) ------
Application(EnergyStat) - Time 30.060868 Total energy consumed 1694.639565 Ave. Power Level 56.373607 Final Temperature socket 1 : 44  socket 2 : 38 
