Memory used: 1.28906
Loading 32-bit binary file: pnnl.bin, numvertices: 2361670, numEdges: 191402826
File read time: 2.07036
Before allocating graph
Allocated graph: 0x2288550
Processing edges for vertex: 0, range(0, 166)
Processing edges for vertex: 100000, range(58444108, 58444133)
Processing edges for vertex: 200000, range(84376057, 84376362)
Processing edges for vertex: 300000, range(106069163, 106069503)
Processing edges for vertex: 400000, range(122097114, 122097513)
Processing edges for vertex: 500000, range(135096418, 135096483)
Processing edges for vertex: 600000, range(146097008, 146097061)
Processing edges for vertex: 700000, range(155415410, 155415531)
Processing edges for vertex: 800000, range(162595900, 162595989)
Processing edges for vertex: 900000, range(168508374, 168508464)
Processing edges for vertex: 1000000, range(173203321, 173203442)
Processing edges for vertex: 1100000, range(176935100, 176935110)
Processing edges for vertex: 1200000, range(179876260, 179876270)
Processing edges for vertex: 1300000, range(182240081, 182240092)
Processing edges for vertex: 1400000, range(184224513, 184224521)
Processing edges for vertex: 1500000, range(185795161, 185795170)
Processing edges for vertex: 1600000, range(187104124, 187104130)
Processing edges for vertex: 1700000, range(188148455, 188148461)
Processing edges for vertex: 1800000, range(188997836, 188997842)
Processing edges for vertex: 1900000, range(189691532, 189691535)
Processing edges for vertex: 2000000, range(190254658, 190254660)
Processing edges for vertex: 2100000, range(190705814, 190705822)
Processing edges for vertex: 2200000, range(191052755, 191052764)
Processing edges for vertex: 2300000, range(191302662, 191302663)
Graph populate time: 10.173
Total I/O time: 12.2434
Running on: 16 threads
Loaded graph from file: pnnl.bin
Memory used: 2949.09
Maximum degree for the graph: 5520
Iteration: 0, conflicts: 27
Iteration: 1, conflicts: 4
Iteration: 2, conflicts: 1
Iteration: 3, conflicts: 0
Total number of colors used: 1191
Total number of conflicts overall: 0
Number of rounds: 4
SUCCESS: No conflicts found
Coloring time: 0.777524
Memory used: 2949.09
Number of reordered colors: 1022
End position for large colors: 0, node count: 550385, largest: 550385
Node count cutoff: 472334
e_xx: 1.12338e+08, a2_x: 5.83589e+11, currMod: 0.586905
e_xx: 1.57375e+08, a2_x: 6.07038e+11, currMod: 0.822203
e_xx: 1.65511e+08, a2_x: 6.30133e+11, currMod: 0.864711
e_xx: 1.69172e+08, a2_x: 5.5235e+11, currMod: 0.883838
e_xx: 1.70597e+08, a2_x: 5.80863e+11, currMod: 0.891283
currMod: 0.883838, prevMod: -1
Louvain time: 8.12855
numClusters: 202863, time: 0.151102
Next phase: 2
Memory used: 2949.09
End Structure 1271089 202863 vs 2743364
Build next level time: 4.16308
Iteration time: 12.4472
Memory used: 2949.09
e_xx: 1.68526e+08, a2_x: 5.77942e+11, currMod: 0.890115
e_xx: 1.79347e+08, a2_x: 3.33731e+11, currMod: 0.947275
e_xx: 1.80658e+08, a2_x: 2.90011e+11, currMod: 0.954201
e_xx: 1.81015e+08, a2_x: 2.52129e+11, currMod: 0.956088
e_xx: 1.81056e+08, a2_x: 3.18413e+11, currMod: 0.9563
e_xx: 1.81166e+08, a2_x: 2.57943e+11, currMod: 0.956886
e_xx: 1.81142e+08, a2_x: 3.08368e+11, currMod: 0.956759
currMod: 0.956886, prevMod: 0.883838
Louvain time: 2.04599
numClusters: 53230, time: 0.022161
Next phase: 3
Memory used: 2949.09
End Structure 520253 53230 vs 1093716
Build next level time: 0.241368
Iteration time: 2.31031
Memory used: 2949.09
e_xx: 1.81166e+08, a2_x: 2.60085e+11, currMod: 0.956873
e_xx: 1.85628e+08, a2_x: 5.51469e+10, currMod: 0.980444
e_xx: 1.85729e+08, a2_x: 4.41475e+10, currMod: 0.98098
e_xx: 1.85858e+08, a2_x: 3.45935e+10, currMod: 0.981663
e_xx: 1.85765e+08, a2_x: 4.92631e+10, currMod: 0.981171
currMod: 0.981663, prevMod: 0.956886
Louvain time: 0.711196
numClusters: 25632, time: 0.006973
Next phase: 4
Memory used: 2949.09
End Structure 174153 25632 vs 373938
Build next level time: 0.096073
Iteration time: 0.814715
Memory used: 2949.09
e_xx: 1.85858e+08, a2_x: 3.73866e+10, currMod: 0.981656
e_xx: 1.8611e+08, a2_x: 4.0605e+10, currMod: 0.982988
e_xx: 1.86122e+08, a2_x: 5.87364e+10, currMod: 0.983047
e_xx: 1.86122e+08, a2_x: 3.77718e+10, currMod: 0.983047
currMod: 0.983047, prevMod: 0.981663
Louvain time: 0.272384
numClusters: 22238, time: 0.004444
Next phase: 5
Memory used: 2949.09
End Structure 93183 22238 vs 208604
Build next level time: 0.045785
Iteration time: 0.323026
Memory used: 2949.09
e_xx: 1.86122e+08, a2_x: 5.54222e+10, currMod: 0.983044
e_xx: 1.86126e+08, a2_x: 4.99438e+10, currMod: 0.983067
e_xx: 1.86126e+08, a2_x: 5.76728e+10, currMod: 0.983067
currMod: 0.983067, prevMod: 0.983047
Louvain time: 0.123198
numClusters: 22022, time: 0.003958
Next phase: 6
Memory used: 2949.09
End Structure 81740 22022 vs 185502
Build next level time: 0.033149
Iteration time: 0.160561
Memory used: 2949.09
e_xx: 1.86126e+08, a2_x: 5.11084e+10, currMod: 0.983066
e_xx: 1.86126e+08, a2_x: 4.86705e+10, currMod: 0.983067
currMod: 0.983067, prevMod: 0.983067
Louvain time: 0.073613
numClusters: 22022, time: 0.003918
Maximum degree for the graph: 521
Iteration: 0, conflicts: 0
Total number of colors used: 183
Total number of conflicts overall: 0
Number of rounds: 1
SUCCESS: No conflicts found
Number of reordered colors: 183
End position for large colors: 0, node count: 21566, largest: 21566
Node count cutoff: 4405
e_xx: 1.86197e+08, a2_x: 2.23661e+10, currMod: 0.983443
e_xx: 1.86735e+08, a2_x: 2.72711e+10, currMod: 0.986285
e_xx: 1.86798e+08, a2_x: 1.24938e+10, currMod: 0.986616
e_xx: 1.87438e+08, a2_x: 8.20748e+09, currMod: 0.989997
e_xx: 1.88926e+08, a2_x: 7.16635e+09, currMod: 0.997857
e_xx: 1.8913e+08, a2_x: -1.00074e+09, currMod: 0.998934
e_xx: 1.88813e+08, a2_x: -1.17318e+09, currMod: 0.99726
End Structure 304 21571 vs 22179
currMod: 0.998934, prevMod: 0.983067
numClusters: 21571
Total iteration time: 16.0558

Loop 0 <line-37> - Time 0.000671 Total energy consumed 0.046245 Ave. Power Level 68.899705
	-------- Loop 0 (sock 1 consumed 0.025530, avg temp 43.000000, final temp 43 ) ------
	-------- Loop 0 (sock 2 consumed 0.020715, avg temp 36.000000, final temp 36 ) ------
Loop 1 <line-54> - Time 0.000346 Total energy consumed 0.000000 Ave. Power Level 0.000000
	-------- Loop 1 (sock 1 consumed 0.000000, avg temp 43.000000, final temp 43 ) ------
	-------- Loop 1 (sock 2 consumed 0.000000, avg temp 36.000000, final temp 36 ) ------
Loop 2 <line-76> - Time 0.000356 Total energy consumed 0.000000 Ave. Power Level 0.000000
	-------- Loop 2 (sock 1 consumed 0.000000, avg temp 43.000000, final temp 43 ) ------
	-------- Loop 2 (sock 2 consumed 0.000000, avg temp 36.000000, final temp 36 ) ------
Loop 3 <line-170> - Time 0.444300 Total energy consumed 25.995930 Ave. Power Level 58.509810
	-------- Loop 3 (sock 1 consumed 14.160660, avg temp 42.200000, final temp 43 ) ------
	-------- Loop 3 (sock 2 consumed 11.835270, avg temp 36.200000, final temp 37 ) ------
Loop 4 <line-192> - Time 0.000287 Total energy consumed 0.000000 Ave. Power Level 0.000000
	-------- Loop 4 (sock 1 consumed 0.000000, avg temp 42.500000, final temp 43 ) ------
	-------- Loop 4 (sock 2 consumed 0.000000, avg temp 36.500000, final temp 37 ) ------
Loop 5 <line-222> - Time 0.192493 Total energy consumed 11.184120 Ave. Power Level 58.101365
	-------- Loop 5 (sock 1 consumed 5.163270, avg temp 43.000000, final temp 43 ) ------
	-------- Loop 5 (sock 2 consumed 6.020850, avg temp 37.000000, final temp 37 ) ------
Loop 6 <line-115> - Time 0.001970 Total energy consumed 0.000000 Ave. Power Level 0.000000
	-------- Loop 6 (sock 1 consumed 0.000000, avg temp 43.166667, final temp 44 ) ------
	-------- Loop 6 (sock 2 consumed 0.000000, avg temp 36.833333, final temp 38 ) ------
Loop 7 <line-334> - Time 0.406117 Total energy consumed 20.982105 Ave. Power Level 51.665119
	-------- Loop 7 (sock 1 consumed 10.432290, avg temp 43.142857, final temp 43 ) ------
	-------- Loop 7 (sock 2 consumed 10.549815, avg temp 37.000000, final temp 37 ) ------
Loop 8 <line-353> - Time 0.000471 Total energy consumed 0.000000 Ave. Power Level 0.000000
	-------- Loop 8 (sock 1 consumed 0.000000, avg temp 43.142857, final temp 43 ) ------
	-------- Loop 8 (sock 2 consumed 0.000000, avg temp 37.000000, final temp 37 ) ------
Loop 9 <line-375> - Time 0.001071 Total energy consumed 0.157620 Ave. Power Level 147.113314
	-------- Loop 9 (sock 1 consumed 0.083280, avg temp 43.142857, final temp 43 ) ------
	-------- Loop 9 (sock 2 consumed 0.074340, avg temp 37.000000, final temp 37 ) ------
Loop 10 <line-85> - Time 0.165011 Total energy consumed 14.511630 Ave. Power Level 87.943553
	-------- Loop 10 (sock 1 consumed 7.302885, avg temp 44.000000, final temp 44 ) ------
	-------- Loop 10 (sock 2 consumed 7.208745, avg temp 37.250000, final temp 37 ) ------
Loop 11 <line-131> - Time 0.003452 Total energy consumed 0.319440 Ave. Power Level 92.547874
	-------- Loop 11 (sock 1 consumed 0.183615, avg temp 44.000000, final temp 44 ) ------
	-------- Loop 11 (sock 2 consumed 0.135825, avg temp 37.500000, final temp 37 ) ------
Loop 12 <line-167> - Time 0.139955 Total energy consumed 12.448050 Ave. Power Level 88.943253
	-------- Loop 12 (sock 1 consumed 6.308055, avg temp 44.000000, final temp 44 ) ------
	-------- Loop 12 (sock 2 consumed 6.139995, avg temp 37.500000, final temp 37 ) ------
Loop 13 <line-213> - Time 4.833240 Total energy consumed 441.330015 Ave. Power Level 91.311423
	-------- Loop 13 (sock 1 consumed 223.714275, avg temp 45.250000, final temp 45 ) ------
	-------- Loop 13 (sock 2 consumed 217.615740, avg temp 38.750000, final temp 38 ) ------
Loop 14 <line-99> - Time 4.193452 Total energy consumed 229.081920 Ave. Power Level 54.628482
	-------- Loop 14 (sock 1 consumed 110.198685, avg temp 43.166667, final temp 43 ) ------
	-------- Loop 14 (sock 2 consumed 118.883235, avg temp 38.166667, final temp 37 ) ------
Loop 15 <line-160> - Time 0.114441 Total energy consumed 6.840195 Ave. Power Level 59.770591
	-------- Loop 15 (sock 1 consumed 3.303180, avg temp 43.000000, final temp 43 ) ------
	-------- Loop 15 (sock 2 consumed 3.537015, avg temp 37.666667, final temp 37 ) ------
Loop 16 <line-269> - Time 3.204557 Total energy consumed 155.773095 Ave. Power Level 48.609874
	-------- Loop 16 (sock 1 consumed 75.241215, avg temp 42.571429, final temp 43 ) ------
	-------- Loop 16 (sock 2 consumed 80.531880, avg temp 36.857143, final temp 36 ) ------
Loop 17 <line-300> - Time 0.001590 Total energy consumed 0.048585 Ave. Power Level 30.565389
	-------- Loop 17 (sock 1 consumed 0.000000, avg temp 42.625000, final temp 43 ) ------
	-------- Loop 17 (sock 2 consumed 0.048585, avg temp 36.875000, final temp 36 ) ------
Loop 18 <line-147> - Time 0.000398 Total energy consumed 0.000000 Ave. Power Level 0.000000
	-------- Loop 18 (sock 1 consumed 0.000000, avg temp 43.000000, final temp 43 ) ------
	-------- Loop 18 (sock 2 consumed 0.000000, avg temp 36.000000, final temp 36 ) ------
Application(EnergyStat) - Time 29.208512 Total energy consumed 1650.857910 Ave. Power Level 56.519754 Final Temperature socket 1 : 44  socket 2 : 38 
