Memory used: 1.29297
Loading 32-bit binary file: pnnl.bin, numvertices: 2361670, numEdges: 191402826
File read time: 2.07431
Before allocating graph
Allocated graph: 0x25ba550
Processing edges for vertex: 0, range(0, 166)
Processing edges for vertex: 100000, range(58444108, 58444133)
Processing edges for vertex: 200000, range(84376057, 84376362)
Processing edges for vertex: 300000, range(106069163, 106069503)
Processing edges for vertex: 400000, range(122097114, 122097513)
Processing edges for vertex: 500000, range(135096418, 135096483)
Processing edges for vertex: 600000, range(146097008, 146097061)
Processing edges for vertex: 700000, range(155415410, 155415531)
Processing edges for vertex: 800000, range(162595900, 162595989)
Processing edges for vertex: 900000, range(168508374, 168508464)
Processing edges for vertex: 1000000, range(173203321, 173203442)
Processing edges for vertex: 1100000, range(176935100, 176935110)
Processing edges for vertex: 1200000, range(179876260, 179876270)
Processing edges for vertex: 1300000, range(182240081, 182240092)
Processing edges for vertex: 1400000, range(184224513, 184224521)
Processing edges for vertex: 1500000, range(185795161, 185795170)
Processing edges for vertex: 1600000, range(187104124, 187104130)
Processing edges for vertex: 1700000, range(188148455, 188148461)
Processing edges for vertex: 1800000, range(188997836, 188997842)
Processing edges for vertex: 1900000, range(189691532, 189691535)
Processing edges for vertex: 2000000, range(190254658, 190254660)
Processing edges for vertex: 2100000, range(190705814, 190705822)
Processing edges for vertex: 2200000, range(191052755, 191052764)
Processing edges for vertex: 2300000, range(191302662, 191302663)
Graph populate time: 10.1685
Total I/O time: 12.2428
Running on: 16 threads
Loaded graph from file: pnnl.bin
Memory used: 2949.09
Maximum degree for the graph: 5520
Iteration: 0, conflicts: 22
Iteration: 1, conflicts: 1
Iteration: 2, conflicts: 0
Total number of colors used: 1190
Total number of conflicts overall: 0
Number of rounds: 3
SUCCESS: No conflicts found
Coloring time: 0.753578
Memory used: 2949.09
Number of reordered colors: 1017
End position for large colors: 0, node count: 550453, largest: 550453
Node count cutoff: 472334
e_xx: 1.16722e+08, a2_x: 6.71239e+11, currMod: 0.609803
e_xx: 1.61114e+08, a2_x: 6.31415e+11, currMod: 0.841735
e_xx: 1.68362e+08, a2_x: 5.21705e+11, currMod: 0.879609
e_xx: 1.71479e+08, a2_x: 5.29915e+11, currMod: 0.895893
e_xx: 1.73271e+08, a2_x: 4.92418e+11, currMod: 0.905254
currMod: 0.895893, prevMod: -1
Louvain time: 8.23456
numClusters: 203591, time: 0.134638
Next phase: 2
Memory used: 2949.09
End Structure 1272231 203591 vs 2746181
Build next level time: 4.46622
Iteration time: 12.8396
Memory used: 2949.09
e_xx: 1.6918e+08, a2_x: 4.93079e+11, currMod: 0.903209
e_xx: 1.79504e+08, a2_x: 2.98596e+11, currMod: 0.958332
e_xx: 1.78099e+08, a2_x: 2.74409e+11, currMod: 0.950832
currMod: 0.958332, prevMod: 0.895893
Louvain time: 1.00873
numClusters: 97626, time: 0.0289
Next phase: 3
Memory used: 2949.09
End Structure 883074 97626 vs 1863632
Build next level time: 0.241256
Iteration time: 1.27964
Memory used: 2949.09
e_xx: 1.79504e+08, a2_x: 3.00833e+11, currMod: 0.958331
e_xx: 1.82692e+08, a2_x: 2.15386e+11, currMod: 0.975354
e_xx: 1.83266e+08, a2_x: 1.60743e+11, currMod: 0.978419
e_xx: 1.8343e+08, a2_x: 1.149e+11, currMod: 0.979294
e_xx: 1.83448e+08, a2_x: 1.48164e+11, currMod: 0.979389
e_xx: 1.83491e+08, a2_x: 9.7368e+10, currMod: 0.979623
e_xx: 1.83472e+08, a2_x: 1.42757e+11, currMod: 0.97952
currMod: 0.979623, prevMod: 0.958332
Louvain time: 1.3877
numClusters: 29836, time: 0.009648
Next phase: 4
Memory used: 2949.09
End Structure 257119 29836 vs 544074
Build next level time: 0.162068
Iteration time: 1.56241
Memory used: 2949.09
e_xx: 1.83491e+08, a2_x: 9.71071e+10, currMod: 0.979604
e_xx: 1.83999e+08, a2_x: 3.74884e+10, currMod: 0.982315
e_xx: 1.83999e+08, a2_x: 4.06659e+10, currMod: 0.982319
e_xx: 1.84037e+08, a2_x: 5.75589e+09, currMod: 0.982522
e_xx: 1.84004e+08, a2_x: 2.07231e+10, currMod: 0.982342
currMod: 0.982522, prevMod: 0.979623
Louvain time: 0.447382
numClusters: 22605, time: 0.004811
Next phase: 5
Memory used: 2949.09
End Structure 109601 22605 vs 241807
Build next level time: 0.054059
Iteration time: 0.507088
Memory used: 2949.09
e_xx: 1.84037e+08, a2_x: 6.12412e+09, currMod: 0.982516
e_xx: 1.84051e+08, a2_x: 2.10317e+10, currMod: 0.982591
e_xx: 1.84054e+08, a2_x: 1.96041e+10, currMod: 0.982603
e_xx: 1.84055e+08, a2_x: 2.53719e+10, currMod: 0.982609
e_xx: 1.84057e+08, a2_x: 1.9059e+10, currMod: 0.98262
e_xx: 1.84058e+08, a2_x: 2.9781e+10, currMod: 0.982623
e_xx: 1.84058e+08, a2_x: 2.46948e+10, currMod: 0.982628
e_xx: 1.84059e+08, a2_x: 3.33898e+10, currMod: 0.982629
e_xx: 1.84058e+08, a2_x: 1.16919e+10, currMod: 0.982629
currMod: 0.982629, prevMod: 0.982522
Louvain time: 0.404808
numClusters: 21927, time: 0.004022
Next phase: 6
Memory used: 2949.09
End Structure 56962 21927 vs 135851
Build next level time: 0.028359
Iteration time: 0.437608
Memory used: 2949.09
e_xx: 1.84059e+08, a2_x: 3.51183e+10, currMod: 0.982629
e_xx: 1.8406e+08, a2_x: 3.13631e+10, currMod: 0.982635
e_xx: 1.8406e+08, a2_x: 3.32761e+10, currMod: 0.982635
currMod: 0.982635, prevMod: 0.982629
Louvain time: 0.078304
numClusters: 21905, time: 0.003882
Next phase: 7
Memory used: 2949.09
End Structure 55186 21905 vs 132277
Build next level time: 0.023539
Iteration time: 0.105964
Memory used: 2949.09
e_xx: 1.8406e+08, a2_x: 3.07899e+10, currMod: 0.982635
e_xx: 1.8406e+08, a2_x: 3.08369e+10, currMod: 0.982635
currMod: 0.982635, prevMod: 0.982635
Louvain time: 0.054081
numClusters: 21905, time: 0.003908
Maximum degree for the graph: 397
Iteration: 0, conflicts: 0
Total number of colors used: 164
Total number of conflicts overall: 0
Number of rounds: 1
SUCCESS: No conflicts found
Number of reordered colors: 162
End position for large colors: 0, node count: 21546, largest: 21546
Node count cutoff: 4381
e_xx: 1.8406e+08, a2_x: 3.08369e+10, currMod: 0.982635
End Structure 55158 21904 vs 132220
currMod: 0.982635, prevMod: 0.982635
numClusters: 21904
Total iteration time: 16.7323

Loop 0 <line-37> - Time 0.000687 Total energy consumed 0.000000 Ave. Power Level 0.000000
	-------- Loop 0 (sock 1 consumed 0.000000, avg temp 42.500000, final temp 43 ) ------
	-------- Loop 0 (sock 2 consumed 0.000000, avg temp 38.000000, final temp 39 ) ------
Loop 1 <line-54> - Time 0.000347 Total energy consumed 0.000000 Ave. Power Level 0.000000
	-------- Loop 1 (sock 1 consumed 0.000000, avg temp 43.000000, final temp 44 ) ------
	-------- Loop 1 (sock 2 consumed 0.000000, avg temp 37.000000, final temp 38 ) ------
Loop 2 <line-76> - Time 0.000361 Total energy consumed 0.000000 Ave. Power Level 0.000000
	-------- Loop 2 (sock 1 consumed 0.000000, avg temp 43.000000, final temp 44 ) ------
	-------- Loop 2 (sock 2 consumed 0.000000, avg temp 37.000000, final temp 38 ) ------
Loop 3 <line-170> - Time 0.442971 Total energy consumed 26.032095 Ave. Power Level 58.767099
	-------- Loop 3 (sock 1 consumed 14.225190, avg temp 43.250000, final temp 44 ) ------
	-------- Loop 3 (sock 2 consumed 11.806905, avg temp 36.750000, final temp 39 ) ------
Loop 4 <line-192> - Time 0.000309 Total energy consumed 0.000000 Ave. Power Level 0.000000
	-------- Loop 4 (sock 1 consumed 0.000000, avg temp 43.500000, final temp 44 ) ------
	-------- Loop 4 (sock 2 consumed 0.000000, avg temp 37.500000, final temp 39 ) ------
Loop 5 <line-222> - Time 0.170728 Total energy consumed 10.128000 Ave. Power Level 59.322306
	-------- Loop 5 (sock 1 consumed 5.211780, avg temp 43.000000, final temp 44 ) ------
	-------- Loop 5 (sock 2 consumed 4.916220, avg temp 37.500000, final temp 39 ) ------
Loop 6 <line-115> - Time 0.005181 Total energy consumed 0.096315 Ave. Power Level 18.588293
	-------- Loop 6 (sock 1 consumed 0.050235, avg temp 42.857143, final temp 44 ) ------
	-------- Loop 6 (sock 2 consumed 0.046080, avg temp 37.428571, final temp 38 ) ------
Loop 7 <line-334> - Time 0.410848 Total energy consumed 21.798480 Ave. Power Level 53.057230
	-------- Loop 7 (sock 1 consumed 10.364025, avg temp 43.250000, final temp 44 ) ------
	-------- Loop 7 (sock 2 consumed 11.434455, avg temp 37.875000, final temp 38 ) ------
Loop 8 <line-353> - Time 0.000524 Total energy consumed 0.000000 Ave. Power Level 0.000000
	-------- Loop 8 (sock 1 consumed 0.000000, avg temp 43.250000, final temp 44 ) ------
	-------- Loop 8 (sock 2 consumed 0.000000, avg temp 37.875000, final temp 38 ) ------
Loop 9 <line-375> - Time 0.000915 Total energy consumed 0.000000 Ave. Power Level 0.000000
	-------- Loop 9 (sock 1 consumed 0.000000, avg temp 43.250000, final temp 44 ) ------
	-------- Loop 9 (sock 2 consumed 0.000000, avg temp 37.875000, final temp 38 ) ------
Loop 10 <line-85> - Time 0.188403 Total energy consumed 16.643580 Ave. Power Level 88.340474
	-------- Loop 10 (sock 1 consumed 8.444670, avg temp 43.750000, final temp 43 ) ------
	-------- Loop 10 (sock 2 consumed 8.198910, avg temp 37.750000, final temp 38 ) ------
Loop 11 <line-131> - Time 0.003360 Total energy consumed 0.366840 Ave. Power Level 109.190205
	-------- Loop 11 (sock 1 consumed 0.186030, avg temp 44.000000, final temp 44 ) ------
	-------- Loop 11 (sock 2 consumed 0.180810, avg temp 37.500000, final temp 38 ) ------
Loop 12 <line-167> - Time 0.144504 Total energy consumed 12.724230 Ave. Power Level 88.054453
	-------- Loop 12 (sock 1 consumed 6.453330, avg temp 44.000000, final temp 44 ) ------
	-------- Loop 12 (sock 2 consumed 6.270900, avg temp 38.500000, final temp 39 ) ------
Loop 13 <line-213> - Time 4.871664 Total energy consumed 447.533460 Ave. Power Level 91.864605
	-------- Loop 13 (sock 1 consumed 228.259410, avg temp 45.666667, final temp 44 ) ------
	-------- Loop 13 (sock 2 consumed 219.274050, avg temp 39.833333, final temp 38 ) ------
Loop 14 <line-99> - Time 4.552844 Total energy consumed 247.363860 Ave. Power Level 54.331729
	-------- Loop 14 (sock 1 consumed 118.203315, avg temp 43.428571, final temp 44 ) ------
	-------- Loop 14 (sock 2 consumed 129.160545, avg temp 38.285714, final temp 38 ) ------
Loop 15 <line-160> - Time 0.125348 Total energy consumed 7.688790 Ave. Power Level 61.339461
	-------- Loop 15 (sock 1 consumed 3.843225, avg temp 43.571429, final temp 44 ) ------
	-------- Loop 15 (sock 2 consumed 3.845565, avg temp 37.857143, final temp 38 ) ------
Loop 16 <line-269> - Time 3.353517 Total energy consumed 162.784110 Ave. Power Level 48.541314
	-------- Loop 16 (sock 1 consumed 81.247620, avg temp 42.931034, final temp 43 ) ------
	-------- Loop 16 (sock 2 consumed 81.536490, avg temp 37.620690, final temp 38 ) ------
Loop 17 <line-300> - Time 0.001556 Total energy consumed 0.067845 Ave. Power Level 43.598346
	-------- Loop 17 (sock 1 consumed 0.043320, avg temp 43.043478, final temp 43 ) ------
	-------- Loop 17 (sock 2 consumed 0.024525, avg temp 37.565217, final temp 37 ) ------
Loop 18 <line-147> - Time 0.000440 Total energy consumed 0.066570 Ave. Power Level 151.374582
	-------- Loop 18 (sock 1 consumed 0.036945, avg temp 43.000000, final temp 43 ) ------
	-------- Loop 18 (sock 2 consumed 0.029625, avg temp 39.000000, final temp 39 ) ------
Application(EnergyStat) - Time 29.830357 Total energy consumed 1688.068515 Ave. Power Level 56.588948 Final Temperature socket 1 : 43  socket 2 : 38 
