Memory used: 1.28906
Loading 32-bit binary file: pnnl.bin, numvertices: 2361670, numEdges: 191402826
File read time: 2.07258
Before allocating graph
Allocated graph: 0x169b550
Processing edges for vertex: 0, range(0, 166)
Processing edges for vertex: 100000, range(58444108, 58444133)
Processing edges for vertex: 200000, range(84376057, 84376362)
Processing edges for vertex: 300000, range(106069163, 106069503)
Processing edges for vertex: 400000, range(122097114, 122097513)
Processing edges for vertex: 500000, range(135096418, 135096483)
Processing edges for vertex: 600000, range(146097008, 146097061)
Processing edges for vertex: 700000, range(155415410, 155415531)
Processing edges for vertex: 800000, range(162595900, 162595989)
Processing edges for vertex: 900000, range(168508374, 168508464)
Processing edges for vertex: 1000000, range(173203321, 173203442)
Processing edges for vertex: 1100000, range(176935100, 176935110)
Processing edges for vertex: 1200000, range(179876260, 179876270)
Processing edges for vertex: 1300000, range(182240081, 182240092)
Processing edges for vertex: 1400000, range(184224513, 184224521)
Processing edges for vertex: 1500000, range(185795161, 185795170)
Processing edges for vertex: 1600000, range(187104124, 187104130)
Processing edges for vertex: 1700000, range(188148455, 188148461)
Processing edges for vertex: 1800000, range(188997836, 188997842)
Processing edges for vertex: 1900000, range(189691532, 189691535)
Processing edges for vertex: 2000000, range(190254658, 190254660)
Processing edges for vertex: 2100000, range(190705814, 190705822)
Processing edges for vertex: 2200000, range(191052755, 191052764)
Processing edges for vertex: 2300000, range(191302662, 191302663)
Graph populate time: 10.3248
Total I/O time: 12.3975
Running on: 16 threads
Loaded graph from file: pnnl.bin
Memory used: 2949.09
Maximum degree for the graph: 5520
Iteration: 0, conflicts: 38
Iteration: 1, conflicts: 8
Iteration: 2, conflicts: 3
Iteration: 3, conflicts: 1
Iteration: 4, conflicts: 0
Total number of colors used: 1191
Total number of conflicts overall: 0
Number of rounds: 5
SUCCESS: No conflicts found
Coloring time: 0.80116
Memory used: 2949.09
Number of reordered colors: 1032
End position for large colors: 0, node count: 550620, largest: 550620
Node count cutoff: 472334
e_xx: 1.23122e+08, a2_x: 6.15494e+11, currMod: 0.643243
e_xx: 1.66181e+08, a2_x: 5.60572e+11, currMod: 0.86821
e_xx: 1.72394e+08, a2_x: 5.50548e+11, currMod: 0.900672
e_xx: 1.75096e+08, a2_x: 5.41372e+11, currMod: 0.914789
e_xx: 1.76351e+08, a2_x: 5.5152e+11, currMod: 0.921348
currMod: 0.914789, prevMod: -1
Louvain time: 8.15183
numClusters: 201575, time: 0.138785
Next phase: 2
Memory used: 2949.09
End Structure 1208503 201575 vs 2616541
Build next level time: 4.48555
Iteration time: 12.7815
Memory used: 2949.09
e_xx: 1.56912e+08, a2_x: 5.53435e+11, currMod: 0.912493
e_xx: 1.65507e+08, a2_x: 2.95103e+11, currMod: 0.962483
e_xx: 1.66812e+08, a2_x: 2.97933e+11, currMod: 0.970072
e_xx: 1.6716e+08, a2_x: 2.40448e+11, currMod: 0.9721
e_xx: 1.67179e+08, a2_x: 2.91783e+11, currMod: 0.972209
e_xx: 1.67273e+08, a2_x: 2.62896e+11, currMod: 0.972755
e_xx: 1.6729e+08, a2_x: 2.84189e+11, currMod: 0.972855
e_xx: 1.67353e+08, a2_x: 2.49684e+11, currMod: 0.973225
e_xx: 1.67326e+08, a2_x: 2.84704e+11, currMod: 0.973063
currMod: 0.973225, prevMod: 0.914789
Louvain time: 2.42099
numClusters: 50104, time: 0.020789
Next phase: 3
Memory used: 2949.09
End Structure 473777 50104 vs 997652
Build next level time: 0.241724
Iteration time: 2.68434
Memory used: 2949.09
e_xx: 1.67353e+08, a2_x: 2.52986e+11, currMod: 0.973196
e_xx: 1.68344e+08, a2_x: 5.35706e+10, currMod: 0.978964
e_xx: 1.68435e+08, a2_x: 6.81497e+10, currMod: 0.979493
e_xx: 1.68538e+08, a2_x: 5.71362e+10, currMod: 0.980091
e_xx: 1.68576e+08, a2_x: 5.16682e+10, currMod: 0.980313
e_xx: 1.68587e+08, a2_x: 2.58542e+10, currMod: 0.980377
e_xx: 1.68588e+08, a2_x: 6.78605e+10, currMod: 0.98038
e_xx: 1.68589e+08, a2_x: 3.40591e+10, currMod: 0.980392
e_xx: 1.68589e+08, a2_x: 6.92504e+10, currMod: 0.980386
currMod: 0.980392, prevMod: 0.973225
Louvain time: 1.18284
numClusters: 24391, time: 0.006493
Next phase: 4
Memory used: 2949.09
End Structure 160547 24391 vs 345485
Build next level time: 0.102701
Iteration time: 1.29254
Memory used: 2949.09
e_xx: 1.68589e+08, a2_x: 3.57422e+10, currMod: 0.980381
e_xx: 1.68697e+08, a2_x: -1.25544e+10, currMod: 0.981008
e_xx: 1.68701e+08, a2_x: -1.5593e+10, currMod: 0.981031
e_xx: 1.68704e+08, a2_x: 9.49653e+09, currMod: 0.981046
e_xx: 1.68704e+08, a2_x: 2.31335e+10, currMod: 0.981047
currMod: 0.981046, prevMod: 0.980392
Louvain time: 0.316326
numClusters: 22155, time: 0.004275
Next phase: 5
Memory used: 2949.09
End Structure 89456 22155 vs 201067
Build next level time: 0.045201
Iteration time: 0.366234
Memory used: 2949.09
e_xx: 1.68704e+08, a2_x: 1.15929e+10, currMod: 0.981045
e_xx: 1.6871e+08, a2_x: -1.15226e+10, currMod: 0.98108
e_xx: 1.68715e+08, a2_x: 9.50648e+09, currMod: 0.981109
e_xx: 1.6871e+08, a2_x: 8.40441e+09, currMod: 0.981084
currMod: 0.981109, prevMod: 0.981046
Louvain time: 0.156811
numClusters: 21995, time: 0.00396
Next phase: 6
Memory used: 2949.09
End Structure 73427 21995 vs 168849
Build next level time: 0.028211
Iteration time: 0.189246
Memory used: 2949.09
e_xx: 1.68715e+08, a2_x: 6.1948e+09, currMod: 0.981109
e_xx: 1.68715e+08, a2_x: 5.86881e+09, currMod: 0.98111
currMod: 0.981109, prevMod: 0.981109
Louvain time: 0.067562
numClusters: 21995, time: 0.003897
Maximum degree for the graph: 485
Iteration: 0, conflicts: 0
Total number of colors used: 173
Total number of conflicts overall: 0
Number of rounds: 1
SUCCESS: No conflicts found
Number of reordered colors: 169
End position for large colors: 0, node count: 21560, largest: 21560
Node count cutoff: 4399
e_xx: 1.69112e+08, a2_x: -6.49774e+09, currMod: 0.983417
e_xx: 1.6911e+08, a2_x: -8.06721e+09, currMod: 0.983406
End Structure 38355 21885 vs 98595
currMod: 0.983417, prevMod: 0.981109
numClusters: 21885
Total iteration time: 17.3139

Loop 0 <line-37> - Time 0.000735 Total energy consumed 0.000000 Ave. Power Level 0.000000
	-------- Loop 0 (sock 1 consumed 0.000000, avg temp 42.000000, final temp 43 ) ------
	-------- Loop 0 (sock 2 consumed 0.000000, avg temp 38.000000, final temp 38 ) ------
Loop 1 <line-54> - Time 0.000359 Total energy consumed 0.000000 Ave. Power Level 0.000000
	-------- Loop 1 (sock 1 consumed 0.000000, avg temp 42.000000, final temp 42 ) ------
	-------- Loop 1 (sock 2 consumed 0.000000, avg temp 37.500000, final temp 37 ) ------
Loop 2 <line-76> - Time 0.000321 Total energy consumed 0.000000 Ave. Power Level 0.000000
	-------- Loop 2 (sock 1 consumed 0.000000, avg temp 42.000000, final temp 42 ) ------
	-------- Loop 2 (sock 2 consumed 0.000000, avg temp 37.500000, final temp 37 ) ------
Loop 3 <line-170> - Time 0.474221 Total energy consumed 27.064680 Ave. Power Level 57.071899
	-------- Loop 3 (sock 1 consumed 12.178905, avg temp 41.333333, final temp 43 ) ------
	-------- Loop 3 (sock 2 consumed 14.885775, avg temp 37.166667, final temp 38 ) ------
Loop 4 <line-192> - Time 0.000271 Total energy consumed 0.000000 Ave. Power Level 0.000000
	-------- Loop 4 (sock 1 consumed 0.000000, avg temp 42.000000, final temp 43 ) ------
	-------- Loop 4 (sock 2 consumed 0.000000, avg temp 37.500000, final temp 38 ) ------
Loop 5 <line-222> - Time 0.182815 Total energy consumed 10.489470 Ave. Power Level 57.377472
	-------- Loop 5 (sock 1 consumed 5.305695, avg temp 42.500000, final temp 43 ) ------
	-------- Loop 5 (sock 2 consumed 5.183775, avg temp 37.500000, final temp 38 ) ------
Loop 6 <line-115> - Time 0.001905 Total energy consumed 0.000000 Ave. Power Level 0.000000
	-------- Loop 6 (sock 1 consumed 0.000000, avg temp 42.166667, final temp 42 ) ------
	-------- Loop 6 (sock 2 consumed 0.000000, avg temp 38.166667, final temp 38 ) ------
Loop 7 <line-334> - Time 0.400034 Total energy consumed 20.823450 Ave. Power Level 52.054229
	-------- Loop 7 (sock 1 consumed 10.539660, avg temp 43.000000, final temp 43 ) ------
	-------- Loop 7 (sock 2 consumed 10.283790, avg temp 37.857143, final temp 37 ) ------
Loop 8 <line-353> - Time 0.000526 Total energy consumed 0.000000 Ave. Power Level 0.000000
	-------- Loop 8 (sock 1 consumed 0.000000, avg temp 43.000000, final temp 43 ) ------
	-------- Loop 8 (sock 2 consumed 0.000000, avg temp 37.857143, final temp 37 ) ------
Loop 9 <line-375> - Time 0.000828 Total energy consumed 0.000000 Ave. Power Level 0.000000
	-------- Loop 9 (sock 1 consumed 0.000000, avg temp 43.000000, final temp 43 ) ------
	-------- Loop 9 (sock 2 consumed 0.000000, avg temp 37.857143, final temp 37 ) ------
Loop 10 <line-85> - Time 0.161557 Total energy consumed 14.201475 Ave. Power Level 87.904015
	-------- Loop 10 (sock 1 consumed 7.234500, avg temp 43.000000, final temp 43 ) ------
	-------- Loop 10 (sock 2 consumed 6.966975, avg temp 38.000000, final temp 38 ) ------
Loop 11 <line-131> - Time 0.003430 Total energy consumed 0.273540 Ave. Power Level 79.749480
	-------- Loop 11 (sock 1 consumed 0.139005, avg temp 43.000000, final temp 43 ) ------
	-------- Loop 11 (sock 2 consumed 0.134535, avg temp 38.000000, final temp 38 ) ------
Loop 12 <line-167> - Time 0.144357 Total energy consumed 12.785130 Ave. Power Level 88.565970
	-------- Loop 12 (sock 1 consumed 6.498690, avg temp 43.000000, final temp 43 ) ------
	-------- Loop 12 (sock 2 consumed 6.286440, avg temp 38.000000, final temp 38 ) ------
Loop 13 <line-213> - Time 4.775291 Total energy consumed 436.889175 Ave. Power Level 91.489545
	-------- Loop 13 (sock 1 consumed 222.330390, avg temp 44.714286, final temp 43 ) ------
	-------- Loop 13 (sock 2 consumed 214.558785, avg temp 39.571429, final temp 38 ) ------
Loop 14 <line-99> - Time 4.545761 Total energy consumed 249.673050 Ave. Power Level 54.924373
	-------- Loop 14 (sock 1 consumed 122.259915, avg temp 43.000000, final temp 43 ) ------
	-------- Loop 14 (sock 2 consumed 127.413135, avg temp 37.500000, final temp 38 ) ------
Loop 15 <line-160> - Time 0.102116 Total energy consumed 6.181050 Ave. Power Level 60.529802
	-------- Loop 15 (sock 1 consumed 3.228900, avg temp 43.000000, final temp 43 ) ------
	-------- Loop 15 (sock 2 consumed 2.952150, avg temp 37.666667, final temp 38 ) ------
Loop 16 <line-269> - Time 4.122680 Total energy consumed 200.770380 Ave. Power Level 48.699002
	-------- Loop 16 (sock 1 consumed 98.379540, avg temp 42.275862, final temp 42 ) ------
	-------- Loop 16 (sock 2 consumed 102.390840, avg temp 37.379310, final temp 36 ) ------
Loop 17 <line-300> - Time 0.002222 Total energy consumed 0.043965 Ave. Power Level 19.787841
	-------- Loop 17 (sock 1 consumed 0.023565, avg temp 42.333333, final temp 43 ) ------
	-------- Loop 17 (sock 2 consumed 0.020400, avg temp 37.333333, final temp 38 ) ------
Loop 18 <line-147> - Time 0.000396 Total energy consumed 0.000000 Ave. Power Level 0.000000
	-------- Loop 18 (sock 1 consumed 0.000000, avg temp 43.000000, final temp 43 ) ------
	-------- Loop 18 (sock 2 consumed 0.000000, avg temp 38.000000, final temp 38 ) ------
Application(EnergyStat) - Time 30.632726 Total energy consumed 1717.447485 Ave. Power Level 56.065774 Final Temperature socket 1 : 43  socket 2 : 38 
