Memory used: 1.29688
Loading 32-bit binary file: pnnl.bin, numvertices: 2361670, numEdges: 191402826
File read time: 2.03524
Before allocating graph
Allocated graph: 0x1011550
Processing edges for vertex: 0, range(0, 166)
Processing edges for vertex: 100000, range(58444108, 58444133)
Processing edges for vertex: 200000, range(84376057, 84376362)
Processing edges for vertex: 300000, range(106069163, 106069503)
Processing edges for vertex: 400000, range(122097114, 122097513)
Processing edges for vertex: 500000, range(135096418, 135096483)
Processing edges for vertex: 600000, range(146097008, 146097061)
Processing edges for vertex: 700000, range(155415410, 155415531)
Processing edges for vertex: 800000, range(162595900, 162595989)
Processing edges for vertex: 900000, range(168508374, 168508464)
Processing edges for vertex: 1000000, range(173203321, 173203442)
Processing edges for vertex: 1100000, range(176935100, 176935110)
Processing edges for vertex: 1200000, range(179876260, 179876270)
Processing edges for vertex: 1300000, range(182240081, 182240092)
Processing edges for vertex: 1400000, range(184224513, 184224521)
Processing edges for vertex: 1500000, range(185795161, 185795170)
Processing edges for vertex: 1600000, range(187104124, 187104130)
Processing edges for vertex: 1700000, range(188148455, 188148461)
Processing edges for vertex: 1800000, range(188997836, 188997842)
Processing edges for vertex: 1900000, range(189691532, 189691535)
Processing edges for vertex: 2000000, range(190254658, 190254660)
Processing edges for vertex: 2100000, range(190705814, 190705822)
Processing edges for vertex: 2200000, range(191052755, 191052764)
Processing edges for vertex: 2300000, range(191302662, 191302663)
Graph populate time: 10.1491
Total I/O time: 12.1844
Running on: 16 threads
Loaded graph from file: pnnl.bin
Memory used: 2949.1
Maximum degree for the graph: 5520
Iteration: 0, conflicts: 35
Iteration: 1, conflicts: 4
Iteration: 2, conflicts: 1
Iteration: 3, conflicts: 0
Total number of colors used: 1191
Total number of conflicts overall: 0
Number of rounds: 4
SUCCESS: No conflicts found
Coloring time: 0.800076
Memory used: 2949.1
Number of reordered colors: 1021
End position for large colors: 0, node count: 550425, largest: 550425
Node count cutoff: 472334
e_xx: 1.18298e+08, a2_x: 6.22768e+11, currMod: 0.618041
e_xx: 1.66334e+08, a2_x: 5.86361e+11, currMod: 0.869012
e_xx: 1.7323e+08, a2_x: 5.50056e+11, currMod: 0.905037
e_xx: 1.75851e+08, a2_x: 4.96059e+11, currMod: 0.918736
e_xx: 1.76991e+08, a2_x: 5.01201e+11, currMod: 0.924688
currMod: 0.918736, prevMod: -1
Louvain time: 8.17731
numClusters: 203065, time: 0.151617
Next phase: 2
Memory used: 2949.1
End Structure 1268857 203065 vs 2738956
Build next level time: 4.44775
Iteration time: 12.7808
Memory used: 2949.1
e_xx: 1.57567e+08, a2_x: 5.00128e+11, currMod: 0.91622
e_xx: 1.65544e+08, a2_x: 3.31489e+11, currMod: 0.96261
e_xx: 1.6669e+08, a2_x: 3.13008e+11, currMod: 0.969271
e_xx: 1.66988e+08, a2_x: 2.98762e+11, currMod: 0.971009
e_xx: 1.67084e+08, a2_x: 2.98319e+11, currMod: 0.971566
e_xx: 1.67216e+08, a2_x: 3.00155e+11, currMod: 0.972329
e_xx: 1.67209e+08, a2_x: 2.966e+11, currMod: 0.972291
currMod: 0.972329, prevMod: 0.918736
Louvain time: 2.06554
numClusters: 52974, time: 0.021977
Next phase: 3
Memory used: 2949.1
End Structure 513070 52974 vs 1079105
Build next level time: 0.237399
Iteration time: 2.32587
Memory used: 2949.1
e_xx: 1.67215e+08, a2_x: 3.00298e+11, currMod: 0.972303
e_xx: 1.68248e+08, a2_x: 1.11437e+11, currMod: 0.978312
e_xx: 1.68365e+08, a2_x: 8.9435e+10, currMod: 0.978995
e_xx: 1.68488e+08, a2_x: 7.27087e+10, currMod: 0.979711
e_xx: 1.684e+08, a2_x: 4.95547e+10, currMod: 0.979198
currMod: 0.979711, prevMod: 0.972329
Louvain time: 0.729045
numClusters: 25610, time: 0.00696
Next phase: 4
Memory used: 2949.1
End Structure 175430 25610 vs 376469
Build next level time: 0.085639
Iteration time: 0.82211
Memory used: 2949.1
e_xx: 1.68488e+08, a2_x: 7.39599e+10, currMod: 0.979699
e_xx: 1.68734e+08, a2_x: 2.17952e+10, currMod: 0.981128
e_xx: 1.68769e+08, a2_x: -1.84107e+09, currMod: 0.981335
e_xx: 1.6877e+08, a2_x: 1.64908e+10, currMod: 0.981338
e_xx: 1.6877e+08, a2_x: 1.06905e+10, currMod: 0.981341
e_xx: 1.6877e+08, a2_x: 4.19449e+09, currMod: 0.981338
currMod: 0.981341, prevMod: 0.979711
Louvain time: 0.390928
numClusters: 22132, time: 0.004454
Next phase: 5
Memory used: 2949.1
End Structure 86105 22132 vs 194342
Build next level time: 0.038828
Iteration time: 0.434639
Memory used: 2949.1
e_xx: 1.6877e+08, a2_x: 1.19886e+10, currMod: 0.981339
e_xx: 1.68773e+08, a2_x: 3.16603e+09, currMod: 0.981358
e_xx: 1.68774e+08, a2_x: -2.40892e+09, currMod: 0.981359
e_xx: 1.68774e+08, a2_x: 1.42392e+09, currMod: 0.981362
e_xx: 1.68802e+08, a2_x: -1.00578e+10, currMod: 0.981522
e_xx: 1.68787e+08, a2_x: -5.22389e+09, currMod: 0.981437
currMod: 0.981522, prevMod: 0.981341
Louvain time: 0.228876
numClusters: 21930, time: 0.003926
Next phase: 6
Memory used: 2949.1
End Structure 60064 21930 vs 142058
Build next level time: 0.029274
Iteration time: 0.262316
Memory used: 2949.1
e_xx: 1.68802e+08, a2_x: -1.37789e+10, currMod: 0.981522
e_xx: 1.68802e+08, a2_x: -1.23739e+10, currMod: 0.981523
currMod: 0.981522, prevMod: 0.981522
Louvain time: 0.053663
numClusters: 21930, time: 0.003907
Maximum degree for the graph: 428
Iteration: 0, conflicts: 0
Total number of colors used: 164
Total number of conflicts overall: 0
Number of rounds: 1
SUCCESS: No conflicts found
Number of reordered colors: 163
End position for large colors: 0, node count: 21540, largest: 21540
Node count cutoff: 4386
e_xx: 1.68802e+08, a2_x: -1.78297e+10, currMod: 0.981523
End Structure 59913 21924 vs 141750
currMod: 0.981522, prevMod: 0.981522
numClusters: 21924
Total iteration time: 16.6257

Loop 0 <line-37> - Time 0.000692 Total energy consumed 0.000000 Ave. Power Level 0.000000
	-------- Loop 0 (sock 1 consumed 0.000000, avg temp 42.000000, final temp 42 ) ------
	-------- Loop 0 (sock 2 consumed 0.000000, avg temp 36.500000, final temp 37 ) ------
Loop 1 <line-54> - Time 0.000354 Total energy consumed 0.000000 Ave. Power Level 0.000000
	-------- Loop 1 (sock 1 consumed 0.000000, avg temp 42.500000, final temp 42 ) ------
	-------- Loop 1 (sock 2 consumed 0.000000, avg temp 36.500000, final temp 37 ) ------
Loop 2 <line-76> - Time 0.000395 Total energy consumed 0.000000 Ave. Power Level 0.000000
	-------- Loop 2 (sock 1 consumed 0.000000, avg temp 42.500000, final temp 42 ) ------
	-------- Loop 2 (sock 2 consumed 0.000000, avg temp 36.500000, final temp 37 ) ------
Loop 3 <line-170> - Time 0.488228 Total energy consumed 27.795300 Ave. Power Level 56.930954
	-------- Loop 3 (sock 1 consumed 14.512245, avg temp 42.200000, final temp 43 ) ------
	-------- Loop 3 (sock 2 consumed 13.283055, avg temp 37.000000, final temp 37 ) ------
Loop 4 <line-192> - Time 0.000275 Total energy consumed 0.000000 Ave. Power Level 0.000000
	-------- Loop 4 (sock 1 consumed 0.000000, avg temp 42.500000, final temp 43 ) ------
	-------- Loop 4 (sock 2 consumed 0.000000, avg temp 37.000000, final temp 37 ) ------
Loop 5 <line-222> - Time 0.170936 Total energy consumed 10.182900 Ave. Power Level 59.571559
	-------- Loop 5 (sock 1 consumed 5.227905, avg temp 42.500000, final temp 43 ) ------
	-------- Loop 5 (sock 2 consumed 4.954995, avg temp 36.500000, final temp 37 ) ------
Loop 6 <line-115> - Time 0.001945 Total energy consumed 0.000000 Ave. Power Level 0.000000
	-------- Loop 6 (sock 1 consumed 0.000000, avg temp 42.333333, final temp 42 ) ------
	-------- Loop 6 (sock 2 consumed 0.000000, avg temp 37.500000, final temp 38 ) ------
Loop 7 <line-334> - Time 0.401283 Total energy consumed 20.916825 Ave. Power Level 52.124846
	-------- Loop 7 (sock 1 consumed 11.136015, avg temp 42.428571, final temp 43 ) ------
	-------- Loop 7 (sock 2 consumed 9.780810, avg temp 37.714286, final temp 38 ) ------
Loop 8 <line-353> - Time 0.000409 Total energy consumed 0.000000 Ave. Power Level 0.000000
	-------- Loop 8 (sock 1 consumed 0.000000, avg temp 42.428571, final temp 43 ) ------
	-------- Loop 8 (sock 2 consumed 0.000000, avg temp 37.714286, final temp 38 ) ------
Loop 9 <line-375> - Time 0.000805 Total energy consumed 0.000000 Ave. Power Level 0.000000
	-------- Loop 9 (sock 1 consumed 0.000000, avg temp 42.428571, final temp 43 ) ------
	-------- Loop 9 (sock 2 consumed 0.000000, avg temp 37.714286, final temp 38 ) ------
Loop 10 <line-85> - Time 0.162651 Total energy consumed 14.385735 Ave. Power Level 88.445360
	-------- Loop 10 (sock 1 consumed 7.276710, avg temp 43.500000, final temp 43 ) ------
	-------- Loop 10 (sock 2 consumed 7.109025, avg temp 38.000000, final temp 38 ) ------
Loop 11 <line-131> - Time 0.003383 Total energy consumed 0.322530 Ave. Power Level 95.327552
	-------- Loop 11 (sock 1 consumed 0.187635, avg temp 43.500000, final temp 43 ) ------
	-------- Loop 11 (sock 2 consumed 0.134895, avg temp 38.000000, final temp 38 ) ------
Loop 12 <line-167> - Time 0.142543 Total energy consumed 12.552375 Ave. Power Level 88.060101
	-------- Loop 12 (sock 1 consumed 6.364680, avg temp 43.000000, final temp 43 ) ------
	-------- Loop 12 (sock 2 consumed 6.187695, avg temp 38.500000, final temp 38 ) ------
Loop 13 <line-213> - Time 4.797018 Total energy consumed 439.493670 Ave. Power Level 91.618106
	-------- Loop 13 (sock 1 consumed 223.966395, avg temp 44.833333, final temp 43 ) ------
	-------- Loop 13 (sock 2 consumed 215.527275, avg temp 40.000000, final temp 38 ) ------
Loop 14 <line-99> - Time 4.473946 Total energy consumed 242.183070 Ave. Power Level 54.131877
	-------- Loop 14 (sock 1 consumed 122.328000, avg temp 43.166667, final temp 43 ) ------
	-------- Loop 14 (sock 2 consumed 119.855070, avg temp 37.333333, final temp 37 ) ------
Loop 15 <line-160> - Time 0.105479 Total energy consumed 6.535890 Ave. Power Level 61.963710
	-------- Loop 15 (sock 1 consumed 3.274605, avg temp 42.666667, final temp 42 ) ------
	-------- Loop 15 (sock 2 consumed 3.261285, avg temp 37.666667, final temp 38 ) ------
Loop 16 <line-269> - Time 3.446269 Total energy consumed 168.127350 Ave. Power Level 48.785321
	-------- Loop 16 (sock 1 consumed 82.493610, avg temp 41.846154, final temp 41 ) ------
	-------- Loop 16 (sock 2 consumed 85.633740, avg temp 37.307692, final temp 37 ) ------
Loop 17 <line-300> - Time 0.001687 Total energy consumed 0.000000 Ave. Power Level 0.000000
	-------- Loop 17 (sock 1 consumed 0.000000, avg temp 41.809524, final temp 42 ) ------
	-------- Loop 17 (sock 2 consumed 0.000000, avg temp 37.238095, final temp 37 ) ------
Loop 18 <line-147> - Time 0.000411 Total energy consumed 0.000000 Ave. Power Level 0.000000
	-------- Loop 18 (sock 1 consumed 0.000000, avg temp 42.000000, final temp 42 ) ------
	-------- Loop 18 (sock 2 consumed 0.000000, avg temp 37.000000, final temp 37 ) ------
Application(EnergyStat) - Time 29.716640 Total energy consumed 1683.918390 Ave. Power Level 56.665840 Final Temperature socket 1 : 43  socket 2 : 37 
