Memory used: 1.29297
Loading 32-bit binary file: pnnl.bin, numvertices: 2361670, numEdges: 191402826
File read time: 1.99579
Before allocating graph
Allocated graph: 0x20ed550
Processing edges for vertex: 0, range(0, 166)
Processing edges for vertex: 100000, range(58444108, 58444133)
Processing edges for vertex: 200000, range(84376057, 84376362)
Processing edges for vertex: 300000, range(106069163, 106069503)
Processing edges for vertex: 400000, range(122097114, 122097513)
Processing edges for vertex: 500000, range(135096418, 135096483)
Processing edges for vertex: 600000, range(146097008, 146097061)
Processing edges for vertex: 700000, range(155415410, 155415531)
Processing edges for vertex: 800000, range(162595900, 162595989)
Processing edges for vertex: 900000, range(168508374, 168508464)
Processing edges for vertex: 1000000, range(173203321, 173203442)
Processing edges for vertex: 1100000, range(176935100, 176935110)
Processing edges for vertex: 1200000, range(179876260, 179876270)
Processing edges for vertex: 1300000, range(182240081, 182240092)
Processing edges for vertex: 1400000, range(184224513, 184224521)
Processing edges for vertex: 1500000, range(185795161, 185795170)
Processing edges for vertex: 1600000, range(187104124, 187104130)
Processing edges for vertex: 1700000, range(188148455, 188148461)
Processing edges for vertex: 1800000, range(188997836, 188997842)
Processing edges for vertex: 1900000, range(189691532, 189691535)
Processing edges for vertex: 2000000, range(190254658, 190254660)
Processing edges for vertex: 2100000, range(190705814, 190705822)
Processing edges for vertex: 2200000, range(191052755, 191052764)
Processing edges for vertex: 2300000, range(191302662, 191302663)
Graph populate time: 10.1572
Total I/O time: 12.1531
Running on: 16 threads
Loaded graph from file: pnnl.bin
Memory used: 2949.09
Maximum degree for the graph: 5520
Iteration: 0, conflicts: 46
Iteration: 1, conflicts: 4
Iteration: 2, conflicts: 1
Iteration: 3, conflicts: 0
Total number of colors used: 1193
Total number of conflicts overall: 0
Number of rounds: 4
SUCCESS: No conflicts found
Coloring time: 0.759876
Memory used: 2949.09
Number of reordered colors: 1002
End position for large colors: 0, node count: 550498, largest: 550498
Node count cutoff: 472334
e_xx: 1.16984e+08, a2_x: 5.76943e+11, currMod: 0.611178
e_xx: 1.61738e+08, a2_x: 5.89811e+11, currMod: 0.844996
e_xx: 1.69206e+08, a2_x: 5.9525e+11, currMod: 0.884016
e_xx: 1.72325e+08, a2_x: 5.13115e+11, currMod: 0.900314
e_xx: 1.73653e+08, a2_x: 5.51909e+11, currMod: 0.907251
currMod: 0.900314, prevMod: -1
Louvain time: 8.41715
numClusters: 203585, time: 0.151034
Next phase: 2
Memory used: 2949.09
End Structure 1276226 203585 vs 2754197
Build next level time: 4.58464
Iteration time: 13.1573
Memory used: 2949.09
e_xx: 1.6996e+08, a2_x: 5.52621e+11, currMod: 0.905451
e_xx: 1.801e+08, a2_x: 3.77772e+11, currMod: 0.959477
e_xx: 1.82569e+08, a2_x: 3.04491e+11, currMod: 0.972631
e_xx: 1.8294e+08, a2_x: 2.49998e+11, currMod: 0.97461
e_xx: 1.83001e+08, a2_x: 2.73635e+11, currMod: 0.974937
e_xx: 1.83108e+08, a2_x: 2.41683e+11, currMod: 0.975506
e_xx: 1.83088e+08, a2_x: 2.70737e+11, currMod: 0.975402
currMod: 0.975506, prevMod: 0.900314
Louvain time: 1.9521
numClusters: 52850, time: 0.021346
Next phase: 3
Memory used: 2949.09
End Structure 511613 52850 vs 1076058
Build next level time: 0.220658
Iteration time: 2.19507
Memory used: 2949.09
e_xx: 1.83107e+08, a2_x: 2.4303e+11, currMod: 0.975502
e_xx: 1.84038e+08, a2_x: 1.12643e+11, currMod: 0.980465
e_xx: 1.84113e+08, a2_x: 8.87743e+10, currMod: 0.980865
e_xx: 1.84122e+08, a2_x: 9.62599e+10, currMod: 0.980912
e_xx: 1.84124e+08, a2_x: 6.08157e+10, currMod: 0.980924
e_xx: 1.84137e+08, a2_x: 6.64204e+10, currMod: 0.980997
e_xx: 1.84129e+08, a2_x: 5.18703e+10, currMod: 0.980951
currMod: 0.980997, prevMod: 0.975506
Louvain time: 0.938725
numClusters: 24973, time: 0.006717
Next phase: 4
Memory used: 2949.09
End Structure 165216 24973 vs 355405
Build next level time: 0.089919
Iteration time: 1.03585
Memory used: 2949.09
e_xx: 1.84137e+08, a2_x: 6.46695e+10, currMod: 0.980977
e_xx: 1.84515e+08, a2_x: 4.84666e+10, currMod: 0.982989
e_xx: 1.84522e+08, a2_x: 4.41023e+10, currMod: 0.983029
e_xx: 1.84527e+08, a2_x: 3.72604e+10, currMod: 0.983055
e_xx: 1.84525e+08, a2_x: 3.75178e+10, currMod: 0.983041
currMod: 0.983055, prevMod: 0.980997
Louvain time: 0.312197
numClusters: 22146, time: 0.004375
Next phase: 5
Memory used: 2949.09
End Structure 85282 22146 vs 192710
Build next level time: 0.039877
Iteration time: 0.357042
Memory used: 2949.09
e_xx: 1.84527e+08, a2_x: 3.79152e+10, currMod: 0.983051
e_xx: 1.84531e+08, a2_x: 1.00379e+10, currMod: 0.983074
e_xx: 1.84532e+08, a2_x: 5.77157e+09, currMod: 0.983079
e_xx: 1.84532e+08, a2_x: -1.52919e+09, currMod: 0.983078
currMod: 0.983079, prevMod: 0.983055
Louvain time: 0.154061
numClusters: 21974, time: 0.003966
Next phase: 6
Memory used: 2949.09
End Structure 71627 21974 vs 165228
Build next level time: 0.031401
Iteration time: 0.189685
Memory used: 2949.09
e_xx: 1.84532e+08, a2_x: 7.561e+09, currMod: 0.983078
e_xx: 1.84532e+08, a2_x: 2.96064e+09, currMod: 0.983079
currMod: 0.983079, prevMod: 0.983079
Louvain time: 0.063565
numClusters: 21974, time: 0.003907
Maximum degree for the graph: 468
Iteration: 0, conflicts: 0
Total number of colors used: 180
Total number of conflicts overall: 0
Number of rounds: 1
SUCCESS: No conflicts found
Number of reordered colors: 180
End position for large colors: 0, node count: 21558, largest: 21558
Node count cutoff: 4395
e_xx: 1.86614e+08, a2_x: -1.17277e+10, currMod: 0.994171
e_xx: 1.87252e+08, a2_x: -5.58282e+08, currMod: 0.997566
e_xx: 1.87043e+08, a2_x: 3.98111e+09, currMod: 0.996456
End Structure 1003 21594 vs 23600
currMod: 0.997566, prevMod: 0.983079
numClusters: 21594
Total iteration time: 16.9349

Loop 0 <line-37> - Time 0.001662 Total energy consumed 0.097050 Ave. Power Level 58.408543
	-------- Loop 0 (sock 1 consumed 0.054735, avg temp 42.000000, final temp 42 ) ------
	-------- Loop 0 (sock 2 consumed 0.042315, avg temp 37.000000, final temp 38 ) ------
Loop 1 <line-54> - Time 0.000358 Total energy consumed 0.000000 Ave. Power Level 0.000000
	-------- Loop 1 (sock 1 consumed 0.000000, avg temp 42.000000, final temp 42 ) ------
	-------- Loop 1 (sock 2 consumed 0.000000, avg temp 37.000000, final temp 38 ) ------
Loop 2 <line-76> - Time 0.000399 Total energy consumed 0.000000 Ave. Power Level 0.000000
	-------- Loop 2 (sock 1 consumed 0.000000, avg temp 42.000000, final temp 42 ) ------
	-------- Loop 2 (sock 2 consumed 0.000000, avg temp 37.000000, final temp 38 ) ------
Loop 3 <line-170> - Time 0.448426 Total energy consumed 26.171610 Ave. Power Level 58.363288
	-------- Loop 3 (sock 1 consumed 14.431725, avg temp 43.800000, final temp 43 ) ------
	-------- Loop 3 (sock 2 consumed 11.739885, avg temp 37.200000, final temp 38 ) ------
Loop 4 <line-192> - Time 0.000275 Total energy consumed 0.000000 Ave. Power Level 0.000000
	-------- Loop 4 (sock 1 consumed 0.000000, avg temp 43.500000, final temp 43 ) ------
	-------- Loop 4 (sock 2 consumed 0.000000, avg temp 37.500000, final temp 38 ) ------
Loop 5 <line-222> - Time 0.170888 Total energy consumed 10.130220 Ave. Power Level 59.279962
	-------- Loop 5 (sock 1 consumed 5.071080, avg temp 43.000000, final temp 43 ) ------
	-------- Loop 5 (sock 2 consumed 5.059140, avg temp 37.500000, final temp 38 ) ------
Loop 6 <line-115> - Time 0.002229 Total energy consumed 0.090795 Ave. Power Level 40.729219
	-------- Loop 6 (sock 1 consumed 0.039675, avg temp 42.666667, final temp 42 ) ------
	-------- Loop 6 (sock 2 consumed 0.051120, avg temp 37.666667, final temp 39 ) ------
Loop 7 <line-334> - Time 0.406018 Total energy consumed 19.998030 Ave. Power Level 49.254044
	-------- Loop 7 (sock 1 consumed 9.786975, avg temp 42.571429, final temp 43 ) ------
	-------- Loop 7 (sock 2 consumed 10.211055, avg temp 37.714286, final temp 38 ) ------
Loop 8 <line-353> - Time 0.005538 Total energy consumed 0.380040 Ave. Power Level 68.625973
	-------- Loop 8 (sock 1 consumed 0.134415, avg temp 42.714286, final temp 43 ) ------
	-------- Loop 8 (sock 2 consumed 0.245625, avg temp 37.714286, final temp 38 ) ------
Loop 9 <line-375> - Time 0.006776 Total energy consumed 0.621120 Ave. Power Level 91.668419
	-------- Loop 9 (sock 1 consumed 0.316155, avg temp 42.857143, final temp 43 ) ------
	-------- Loop 9 (sock 2 consumed 0.304965, avg temp 37.857143, final temp 38 ) ------
Loop 10 <line-85> - Time 0.194480 Total energy consumed 16.837410 Ave. Power Level 86.576524
	-------- Loop 10 (sock 1 consumed 8.422185, avg temp 43.750000, final temp 44 ) ------
	-------- Loop 10 (sock 2 consumed 8.415225, avg temp 38.750000, final temp 39 ) ------
Loop 11 <line-131> - Time 0.003210 Total energy consumed 0.230655 Ave. Power Level 71.845203
	-------- Loop 11 (sock 1 consumed 0.139935, avg temp 43.000000, final temp 43 ) ------
	-------- Loop 11 (sock 2 consumed 0.090720, avg temp 38.000000, final temp 38 ) ------
Loop 12 <line-167> - Time 0.233839 Total energy consumed 20.603220 Ave. Power Level 88.108447
	-------- Loop 12 (sock 1 consumed 10.476975, avg temp 43.500000, final temp 43 ) ------
	-------- Loop 12 (sock 2 consumed 10.126245, avg temp 38.500000, final temp 39 ) ------
Loop 13 <line-213> - Time 4.892120 Total energy consumed 443.546595 Ave. Power Level 90.665524
	-------- Loop 13 (sock 1 consumed 224.325450, avg temp 44.750000, final temp 44 ) ------
	-------- Loop 13 (sock 2 consumed 219.221145, avg temp 39.625000, final temp 39 ) ------
Loop 14 <line-99> - Time 4.593133 Total energy consumed 248.724405 Ave. Power Level 54.151363
	-------- Loop 14 (sock 1 consumed 121.363950, avg temp 42.500000, final temp 43 ) ------
	-------- Loop 14 (sock 2 consumed 127.360455, avg temp 38.666667, final temp 39 ) ------
Loop 15 <line-160> - Time 0.107737 Total energy consumed 6.550095 Ave. Power Level 60.797049
	-------- Loop 15 (sock 1 consumed 3.200325, avg temp 42.833333, final temp 43 ) ------
	-------- Loop 15 (sock 2 consumed 3.349770, avg temp 38.333333, final temp 39 ) ------
Loop 16 <line-269> - Time 3.396500 Total energy consumed 168.633450 Ave. Power Level 49.649182
	-------- Loop 16 (sock 1 consumed 82.035510, avg temp 42.160000, final temp 42 ) ------
	-------- Loop 16 (sock 2 consumed 86.597940, avg temp 37.400000, final temp 38 ) ------
Loop 17 <line-300> - Time 0.001724 Total energy consumed 0.000000 Ave. Power Level 0.000000
	-------- Loop 17 (sock 1 consumed 0.000000, avg temp 42.250000, final temp 42 ) ------
	-------- Loop 17 (sock 2 consumed 0.000000, avg temp 37.350000, final temp 38 ) ------
Loop 18 <line-147> - Time 0.000497 Total energy consumed 0.084120 Ave. Power Level 169.329125
	-------- Loop 18 (sock 1 consumed 0.057510, avg temp 42.000000, final temp 42 ) ------
	-------- Loop 18 (sock 2 consumed 0.026610, avg temp 38.000000, final temp 38 ) ------
Application(EnergyStat) - Time 29.957337 Total energy consumed 1703.415675 Ave. Power Level 56.861384 Final Temperature socket 1 : 43  socket 2 : 39 
