Memory used: 1.29297
Loading 32-bit binary file: pnnl.bin, numvertices: 2361670, numEdges: 191402826
File read time: 1.99688
Before allocating graph
Allocated graph: 0x1888550
Processing edges for vertex: 0, range(0, 166)
Processing edges for vertex: 100000, range(58444108, 58444133)
Processing edges for vertex: 200000, range(84376057, 84376362)
Processing edges for vertex: 300000, range(106069163, 106069503)
Processing edges for vertex: 400000, range(122097114, 122097513)
Processing edges for vertex: 500000, range(135096418, 135096483)
Processing edges for vertex: 600000, range(146097008, 146097061)
Processing edges for vertex: 700000, range(155415410, 155415531)
Processing edges for vertex: 800000, range(162595900, 162595989)
Processing edges for vertex: 900000, range(168508374, 168508464)
Processing edges for vertex: 1000000, range(173203321, 173203442)
Processing edges for vertex: 1100000, range(176935100, 176935110)
Processing edges for vertex: 1200000, range(179876260, 179876270)
Processing edges for vertex: 1300000, range(182240081, 182240092)
Processing edges for vertex: 1400000, range(184224513, 184224521)
Processing edges for vertex: 1500000, range(185795161, 185795170)
Processing edges for vertex: 1600000, range(187104124, 187104130)
Processing edges for vertex: 1700000, range(188148455, 188148461)
Processing edges for vertex: 1800000, range(188997836, 188997842)
Processing edges for vertex: 1900000, range(189691532, 189691535)
Processing edges for vertex: 2000000, range(190254658, 190254660)
Processing edges for vertex: 2100000, range(190705814, 190705822)
Processing edges for vertex: 2200000, range(191052755, 191052764)
Processing edges for vertex: 2300000, range(191302662, 191302663)
Graph populate time: 10.1552
Total I/O time: 12.1521
Running on: 16 threads
Loaded graph from file: pnnl.bin
Memory used: 2949.09
Maximum degree for the graph: 5520
Iteration: 0, conflicts: 53
Iteration: 1, conflicts: 16
Iteration: 2, conflicts: 12
Iteration: 3, conflicts: 10
Iteration: 4, conflicts: 8
Iteration: 5, conflicts: 6
Iteration: 6, conflicts: 5
Iteration: 7, conflicts: 4
Iteration: 8, conflicts: 3
Iteration: 9, conflicts: 2
Iteration: 10, conflicts: 1
Iteration: 11, conflicts: 0
Total number of colors used: 1191
Total number of conflicts overall: 0
Number of rounds: 12
SUCCESS: No conflicts found
Coloring time: 0.78261
Memory used: 2949.09
Number of reordered colors: 1016
End position for large colors: 0, node count: 550599, largest: 550599
Node count cutoff: 472334
e_xx: 1.17329e+08, a2_x: 7.08629e+11, currMod: 0.612974
e_xx: 1.60515e+08, a2_x: 5.50678e+11, currMod: 0.838611
e_xx: 1.667e+08, a2_x: 5.62936e+11, currMod: 0.870922
e_xx: 1.69085e+08, a2_x: 5.55382e+11, currMod: 0.883383
e_xx: 1.70227e+08, a2_x: 5.43277e+11, currMod: 0.889349
currMod: 0.883383, prevMod: -1
Louvain time: 8.51081
numClusters: 204254, time: 0.152305
Next phase: 2
Memory used: 2949.09
End Structure 1292121 204254 vs 2786734
Build next level time: 4.33575
Iteration time: 13.0034
Memory used: 2949.09
e_xx: 1.65511e+08, a2_x: 5.41038e+11, currMod: 0.886581
e_xx: 1.74677e+08, a2_x: 3.41407e+11, currMod: 0.935688
e_xx: 1.79867e+08, a2_x: 2.86269e+11, currMod: 0.963493
e_xx: 1.81669e+08, a2_x: 3.13322e+11, currMod: 0.973143
e_xx: 1.81726e+08, a2_x: 2.86024e+11, currMod: 0.973448
e_xx: 1.8182e+08, a2_x: 2.76789e+11, currMod: 0.973955
e_xx: 1.81854e+08, a2_x: 2.67899e+11, currMod: 0.974135
e_xx: 1.81915e+08, a2_x: 2.79627e+11, currMod: 0.974463
e_xx: 1.81905e+08, a2_x: 2.8099e+11, currMod: 0.97441
currMod: 0.974463, prevMod: 0.883383
Louvain time: 2.68261
numClusters: 52201, time: 0.021098
Next phase: 3
Memory used: 2949.09
End Structure 511896 52201 vs 1075984
Build next level time: 0.231033
Iteration time: 2.93555
Memory used: 2949.09
e_xx: 1.81914e+08, a2_x: 2.78059e+11, currMod: 0.974456
e_xx: 1.82971e+08, a2_x: 1.06653e+11, currMod: 0.980118
e_xx: 1.83034e+08, a2_x: 7.43324e+10, currMod: 0.980459
e_xx: 1.83148e+08, a2_x: 6.29845e+10, currMod: 0.981068
e_xx: 1.83064e+08, a2_x: 7.65728e+10, currMod: 0.980617
currMod: 0.981068, prevMod: 0.974463
Louvain time: 0.703325
numClusters: 25609, time: 0.006832
Next phase: 4
Memory used: 2949.09
End Structure 175187 25609 vs 375982
Build next level time: 0.1003
Iteration time: 0.810929
Memory used: 2949.09
e_xx: 1.83148e+08, a2_x: 6.31766e+10, currMod: 0.981049
e_xx: 1.83419e+08, a2_x: -9.61047e+08, currMod: 0.982503
e_xx: 1.83459e+08, a2_x: -3.11661e+10, currMod: 0.982717
e_xx: 1.8347e+08, a2_x: -1.90212e+10, currMod: 0.982778
e_xx: 1.83472e+08, a2_x: -3.91319e+10, currMod: 0.982787
e_xx: 1.83472e+08, a2_x: -2.79278e+10, currMod: 0.982789
e_xx: 1.83472e+08, a2_x: -3.76205e+10, currMod: 0.982788
currMod: 0.982789, prevMod: 0.981068
Louvain time: 0.463731
numClusters: 22104, time: 0.004431
Next phase: 5
Memory used: 2949.09
End Structure 79382 22104 vs 180868
Build next level time: 0.040504
Iteration time: 0.509111
Memory used: 2949.09
e_xx: 1.83472e+08, a2_x: -2.80808e+10, currMod: 0.982786
e_xx: 1.83476e+08, a2_x: -3.91995e+10, currMod: 0.982805
e_xx: 1.83476e+08, a2_x: -4.0211e+10, currMod: 0.982806
currMod: 0.982805, prevMod: 0.982789
Louvain time: 0.107939
numClusters: 21979, time: 0.00393
Next phase: 6
Memory used: 2949.09
End Structure 71691 21979 vs 165361
Build next level time: 0.026936
Iteration time: 0.139117
Memory used: 2949.09
e_xx: 1.83476e+08, a2_x: -3.84264e+10, currMod: 0.982805
e_xx: 1.83476e+08, a2_x: -3.50889e+10, currMod: 0.982805
currMod: 0.982805, prevMod: 0.982805
Louvain time: 0.064816
numClusters: 21979, time: 0.00389
Maximum degree for the graph: 473
Iteration: 0, conflicts: 0
Total number of colors used: 170
Total number of conflicts overall: 0
Number of rounds: 1
SUCCESS: No conflicts found
Number of reordered colors: 168
End position for large colors: 0, node count: 21551, largest: 21551
Node count cutoff: 4396
e_xx: 1.83512e+08, a2_x: -3.04924e+10, currMod: 0.983001
e_xx: 1.84961e+08, a2_x: 1.33757e+10, currMod: 0.990762
e_xx: 1.84989e+08, a2_x: 1.2738e+10, currMod: 0.990909
e_xx: 1.8499e+08, a2_x: 1.0778e+10, currMod: 0.990914
e_xx: 1.8653e+08, a2_x: -2.22934e+09, currMod: 0.999164
e_xx: 1.865e+08, a2_x: -1.44445e+09, currMod: 0.999003
End Structure 285 21567 vs 22137
currMod: 0.999164, prevMod: 0.982805
numClusters: 21567
Total iteration time: 17.3981

Loop 0 <line-37> - Time 0.000805 Total energy consumed 0.046590 Ave. Power Level 57.840282
	-------- Loop 0 (sock 1 consumed 0.025815, avg temp 42.000000, final temp 42 ) ------
	-------- Loop 0 (sock 2 consumed 0.020775, avg temp 36.500000, final temp 37 ) ------
Loop 1 <line-54> - Time 0.000344 Total energy consumed 0.000000 Ave. Power Level 0.000000
	-------- Loop 1 (sock 1 consumed 0.000000, avg temp 42.000000, final temp 42 ) ------
	-------- Loop 1 (sock 2 consumed 0.000000, avg temp 36.500000, final temp 37 ) ------
Loop 2 <line-76> - Time 0.000350 Total energy consumed 0.000000 Ave. Power Level 0.000000
	-------- Loop 2 (sock 1 consumed 0.000000, avg temp 42.000000, final temp 42 ) ------
	-------- Loop 2 (sock 2 consumed 0.000000, avg temp 36.500000, final temp 37 ) ------
Loop 3 <line-170> - Time 0.470453 Total energy consumed 27.797730 Ave. Power Level 59.087126
	-------- Loop 3 (sock 1 consumed 15.101085, avg temp 42.000000, final temp 42 ) ------
	-------- Loop 3 (sock 2 consumed 12.696645, avg temp 37.923077, final temp 37 ) ------
Loop 4 <line-192> - Time 0.000424 Total energy consumed 0.000000 Ave. Power Level 0.000000
	-------- Loop 4 (sock 1 consumed 0.000000, avg temp 42.000000, final temp 42 ) ------
	-------- Loop 4 (sock 2 consumed 0.000000, avg temp 37.500000, final temp 37 ) ------
Loop 5 <line-222> - Time 0.171521 Total energy consumed 10.260570 Ave. Power Level 59.821087
	-------- Loop 5 (sock 1 consumed 5.054910, avg temp 42.000000, final temp 42 ) ------
	-------- Loop 5 (sock 2 consumed 5.205660, avg temp 36.500000, final temp 37 ) ------
Loop 6 <line-115> - Time 0.002139 Total energy consumed 0.118815 Ave. Power Level 55.556439
	-------- Loop 6 (sock 1 consumed 0.077430, avg temp 42.166667, final temp 43 ) ------
	-------- Loop 6 (sock 2 consumed 0.041385, avg temp 37.166667, final temp 37 ) ------
Loop 7 <line-334> - Time 0.405894 Total energy consumed 21.293835 Ave. Power Level 52.461615
	-------- Loop 7 (sock 1 consumed 10.677090, avg temp 42.428571, final temp 43 ) ------
	-------- Loop 7 (sock 2 consumed 10.616745, avg temp 37.571429, final temp 37 ) ------
Loop 8 <line-353> - Time 0.000478 Total energy consumed 0.000000 Ave. Power Level 0.000000
	-------- Loop 8 (sock 1 consumed 0.000000, avg temp 42.428571, final temp 43 ) ------
	-------- Loop 8 (sock 2 consumed 0.000000, avg temp 37.571429, final temp 37 ) ------
Loop 9 <line-375> - Time 0.000761 Total energy consumed 0.000000 Ave. Power Level 0.000000
	-------- Loop 9 (sock 1 consumed 0.000000, avg temp 42.428571, final temp 43 ) ------
	-------- Loop 9 (sock 2 consumed 0.000000, avg temp 37.571429, final temp 37 ) ------
Loop 10 <line-85> - Time 0.192492 Total energy consumed 17.035740 Ave. Power Level 88.501174
	-------- Loop 10 (sock 1 consumed 8.602545, avg temp 43.500000, final temp 43 ) ------
	-------- Loop 10 (sock 2 consumed 8.433195, avg temp 37.750000, final temp 38 ) ------
Loop 11 <line-131> - Time 0.003305 Total energy consumed 0.274065 Ave. Power Level 82.923880
	-------- Loop 11 (sock 1 consumed 0.138645, avg temp 43.500000, final temp 43 ) ------
	-------- Loop 11 (sock 2 consumed 0.135420, avg temp 38.500000, final temp 38 ) ------
Loop 12 <line-167> - Time 0.140009 Total energy consumed 12.310035 Ave. Power Level 87.922920
	-------- Loop 12 (sock 1 consumed 6.244005, avg temp 43.000000, final temp 42 ) ------
	-------- Loop 12 (sock 2 consumed 6.066030, avg temp 38.000000, final temp 38 ) ------
Loop 13 <line-213> - Time 5.165196 Total energy consumed 473.408130 Ave. Power Level 91.653469
	-------- Loop 13 (sock 1 consumed 241.878585, avg temp 44.636364, final temp 43 ) ------
	-------- Loop 13 (sock 2 consumed 231.529545, avg temp 39.000000, final temp 38 ) ------
Loop 14 <line-99> - Time 4.346680 Total energy consumed 230.836155 Ave. Power Level 53.106319
	-------- Loop 14 (sock 1 consumed 108.599925, avg temp 42.666667, final temp 43 ) ------
	-------- Loop 14 (sock 2 consumed 122.236230, avg temp 37.000000, final temp 37 ) ------
Loop 15 <line-160> - Time 0.106529 Total energy consumed 6.634035 Ave. Power Level 62.274689
	-------- Loop 15 (sock 1 consumed 3.138075, avg temp 42.666667, final temp 43 ) ------
	-------- Loop 15 (sock 2 consumed 3.495960, avg temp 37.666667, final temp 37 ) ------
Loop 16 <line-269> - Time 4.000086 Total energy consumed 200.482620 Ave. Power Level 50.119573
	-------- Loop 16 (sock 1 consumed 102.503580, avg temp 42.038462, final temp 42 ) ------
	-------- Loop 16 (sock 2 consumed 97.979040, avg temp 37.269231, final temp 37 ) ------
Loop 17 <line-300> - Time 0.001975 Total energy consumed 0.000000 Ave. Power Level 0.000000
	-------- Loop 17 (sock 1 consumed 0.000000, avg temp 42.095238, final temp 42 ) ------
	-------- Loop 17 (sock 2 consumed 0.000000, avg temp 37.333333, final temp 37 ) ------
Loop 18 <line-147> - Time 0.000400 Total energy consumed 0.000000 Ave. Power Level 0.000000
	-------- Loop 18 (sock 1 consumed 0.000000, avg temp 42.000000, final temp 42 ) ------
	-------- Loop 18 (sock 2 consumed 0.000000, avg temp 37.000000, final temp 37 ) ------
Application(EnergyStat) - Time 30.457508 Total energy consumed 1742.295585 Ave. Power Level 57.204141 Final Temperature socket 1 : 43  socket 2 : 38 
