Memory used: 1.29297
Loading 32-bit binary file: pnnl.bin, numvertices: 2361670, numEdges: 191402826
File read time: 2.93885
Before allocating graph
Allocated graph: 0xea9550
Processing edges for vertex: 0, range(0, 166)
Processing edges for vertex: 100000, range(58444108, 58444133)
Processing edges for vertex: 200000, range(84376057, 84376362)
Processing edges for vertex: 300000, range(106069163, 106069503)
Processing edges for vertex: 400000, range(122097114, 122097513)
Processing edges for vertex: 500000, range(135096418, 135096483)
Processing edges for vertex: 600000, range(146097008, 146097061)
Processing edges for vertex: 700000, range(155415410, 155415531)
Processing edges for vertex: 800000, range(162595900, 162595989)
Processing edges for vertex: 900000, range(168508374, 168508464)
Processing edges for vertex: 1000000, range(173203321, 173203442)
Processing edges for vertex: 1100000, range(176935100, 176935110)
Processing edges for vertex: 1200000, range(179876260, 179876270)
Processing edges for vertex: 1300000, range(182240081, 182240092)
Processing edges for vertex: 1400000, range(184224513, 184224521)
Processing edges for vertex: 1500000, range(185795161, 185795170)
Processing edges for vertex: 1600000, range(187104124, 187104130)
Processing edges for vertex: 1700000, range(188148455, 188148461)
Processing edges for vertex: 1800000, range(188997836, 188997842)
Processing edges for vertex: 1900000, range(189691532, 189691535)
Processing edges for vertex: 2000000, range(190254658, 190254660)
Processing edges for vertex: 2100000, range(190705814, 190705822)
Processing edges for vertex: 2200000, range(191052755, 191052764)
Processing edges for vertex: 2300000, range(191302662, 191302663)
Graph populate time: 15.4117
Total I/O time: 18.3506
Running on: 16 threads
Loaded graph from file: pnnl.bin
Memory used: 2949.09
Maximum degree for the graph: 5520
Iteration: 0, conflicts: 34
Iteration: 1, conflicts: 4
Iteration: 2, conflicts: 2
Iteration: 3, conflicts: 0
Total number of colors used: 1193
Total number of conflicts overall: 0
Number of rounds: 4
SUCCESS: No conflicts found
Coloring time: 1.15836
Memory used: 2949.09
Number of reordered colors: 1016
End position for large colors: 0, node count: 550659, largest: 550659
Node count cutoff: 472334
e_xx: 1.19493e+08, a2_x: 6.54817e+11, currMod: 0.624282
e_xx: 1.64801e+08, a2_x: 5.80078e+11, currMod: 0.861
e_xx: 1.71322e+08, a2_x: 5.5733e+11, currMod: 0.895069
e_xx: 1.74301e+08, a2_x: 5.32382e+11, currMod: 0.910634
e_xx: 1.75769e+08, a2_x: 5.82124e+11, currMod: 0.918301
currMod: 0.910634, prevMod: -1
Louvain time: 12.6608
numClusters: 202064, time: 0.231332
Next phase: 2
Memory used: 2949.09
End Structure 1219910 202064 vs 2639911
Build next level time: 7.05575
Iteration time: 19.9538
Memory used: 2949.09
e_xx: 1.57769e+08, a2_x: 5.82376e+11, currMod: 0.909855
e_xx: 1.66886e+08, a2_x: 3.02225e+11, currMod: 0.962446
e_xx: 1.68257e+08, a2_x: 2.34352e+11, currMod: 0.970352
e_xx: 1.68602e+08, a2_x: 2.43439e+11, currMod: 0.972345
e_xx: 1.68678e+08, a2_x: 2.24497e+11, currMod: 0.972782
e_xx: 1.68757e+08, a2_x: 2.07174e+11, currMod: 0.973241
e_xx: 1.68735e+08, a2_x: 2.2317e+11, currMod: 0.973113
currMod: 0.973241, prevMod: 0.910634
Louvain time: 2.86079
numClusters: 50957, time: 0.0323
Next phase: 3
Memory used: 2949.09
End Structure 479400 50957 vs 1009744
Build next level time: 0.336558
Iteration time: 3.23064
Memory used: 2949.09
e_xx: 1.68757e+08, a2_x: 2.05724e+11, currMod: 0.973215
e_xx: 1.69725e+08, a2_x: 7.00091e+10, currMod: 0.9788
e_xx: 1.69818e+08, a2_x: 4.87483e+10, currMod: 0.979337
e_xx: 1.69956e+08, a2_x: 7.03596e+10, currMod: 0.980135
e_xx: 1.6986e+08, a2_x: 7.23117e+10, currMod: 0.979576
currMod: 0.980135, prevMod: 0.973241
Louvain time: 1.03667
numClusters: 25433, time: 0.010363
Next phase: 4
Memory used: 2949.09
End Structure 173384 25433 vs 372201
Build next level time: 0.134032
Iteration time: 1.1856
Memory used: 2949.09
e_xx: 1.69956e+08, a2_x: 6.85392e+10, currMod: 0.980123
e_xx: 1.70165e+08, a2_x: 3.04789e+10, currMod: 0.981326
e_xx: 1.70209e+08, a2_x: 1.58471e+10, currMod: 0.981581
e_xx: 1.70212e+08, a2_x: 3.3993e+10, currMod: 0.981601
e_xx: 1.70213e+08, a2_x: 2.78335e+10, currMod: 0.981604
e_xx: 1.70213e+08, a2_x: 6.04588e+10, currMod: 0.981604
currMod: 0.981604, prevMod: 0.980135
Louvain time: 0.635942
numClusters: 22158, time: 0.006773
Next phase: 5
Memory used: 2949.09
End Structure 86433 22158 vs 195024
Build next level time: 0.058474
Iteration time: 0.701817
Memory used: 2949.09
e_xx: 1.70213e+08, a2_x: 2.70997e+10, currMod: 0.981602
e_xx: 1.70219e+08, a2_x: 2.77957e+10, currMod: 0.981639
e_xx: 1.70218e+08, a2_x: 2.52175e+10, currMod: 0.981634
currMod: 0.981639, prevMod: 0.981604
Louvain time: 0.175436
numClusters: 22010, time: 0.006034
Next phase: 6
Memory used: 2949.09
End Structure 74198 22010 vs 170406
Build next level time: 0.044337
Iteration time: 0.226141
Memory used: 2949.09
e_xx: 1.70219e+08, a2_x: 2.81479e+10, currMod: 0.981639
e_xx: 1.7022e+08, a2_x: 2.24534e+10, currMod: 0.981642
e_xx: 1.7022e+08, a2_x: 2.32081e+10, currMod: 0.981642
currMod: 0.981642, prevMod: 0.981639
Louvain time: 0.154123
numClusters: 21975, time: 0.006034
Next phase: 7
Memory used: 2949.09
End Structure 71770 21975 vs 165515
Build next level time: 0.042231
Iteration time: 0.202715
Memory used: 2949.09
e_xx: 1.7022e+08, a2_x: 2.26295e+10, currMod: 0.981642
e_xx: 1.7022e+08, a2_x: 2.36469e+10, currMod: 0.981642
currMod: 0.981642, prevMod: 0.981642
Louvain time: 0.098521
numClusters: 21975, time: 0.006018
Maximum degree for the graph: 467
Iteration: 0, conflicts: 0
Total number of colors used: 177
Total number of conflicts overall: 0
Number of rounds: 1
SUCCESS: No conflicts found
Number of reordered colors: 173
End position for large colors: 0, node count: 21552, largest: 21552
Node count cutoff: 4395
e_xx: 1.7022e+08, a2_x: 2.30321e+10, currMod: 0.981642
End Structure 70922 21969 vs 163813
currMod: 0.981642, prevMod: 0.981642
numClusters: 21969
Total iteration time: 25.5007

Loop 0 <line-37> - Time 0.001020 Total energy consumed 0.038760 Ave. Power Level 38.017742
	-------- Loop 0 (sock 1 consumed 0.020370, avg temp 39.000000, final temp 39 ) ------
	-------- Loop 0 (sock 2 consumed 0.018390, avg temp 34.500000, final temp 35 ) ------
Loop 1 <line-54> - Time 0.000504 Total energy consumed 0.000000 Ave. Power Level 0.000000
	-------- Loop 1 (sock 1 consumed 0.000000, avg temp 38.500000, final temp 38 ) ------
	-------- Loop 1 (sock 2 consumed 0.000000, avg temp 34.000000, final temp 35 ) ------
Loop 2 <line-76> - Time 0.000444 Total energy consumed 0.000000 Ave. Power Level 0.000000
	-------- Loop 2 (sock 1 consumed 0.000000, avg temp 38.500000, final temp 38 ) ------
	-------- Loop 2 (sock 2 consumed 0.000000, avg temp 34.000000, final temp 35 ) ------
Loop 3 <line-170> - Time 0.667031 Total energy consumed 29.792430 Ave. Power Level 44.664242
	-------- Loop 3 (sock 1 consumed 15.934845, avg temp 38.200000, final temp 39 ) ------
	-------- Loop 3 (sock 2 consumed 13.857585, avg temp 33.400000, final temp 35 ) ------
Loop 4 <line-192> - Time 0.000405 Total energy consumed 0.000000 Ave. Power Level 0.000000
	-------- Loop 4 (sock 1 consumed 0.000000, avg temp 38.500000, final temp 39 ) ------
	-------- Loop 4 (sock 2 consumed 0.000000, avg temp 34.000000, final temp 35 ) ------
Loop 5 <line-222> - Time 0.277961 Total energy consumed 12.345540 Ave. Power Level 44.414718
	-------- Loop 5 (sock 1 consumed 5.683095, avg temp 39.000000, final temp 39 ) ------
	-------- Loop 5 (sock 2 consumed 6.662445, avg temp 33.500000, final temp 35 ) ------
Loop 6 <line-115> - Time 0.006662 Total energy consumed 0.038205 Ave. Power Level 5.735116
	-------- Loop 6 (sock 1 consumed 0.019950, avg temp 38.571429, final temp 38 ) ------
	-------- Loop 6 (sock 2 consumed 0.018255, avg temp 34.285714, final temp 35 ) ------
Loop 7 <line-334> - Time 0.599595 Total energy consumed 25.004565 Ave. Power Level 41.702430
	-------- Loop 7 (sock 1 consumed 13.169115, avg temp 38.750000, final temp 39 ) ------
	-------- Loop 7 (sock 2 consumed 11.835450, avg temp 34.250000, final temp 34 ) ------
Loop 8 <line-353> - Time 0.000610 Total energy consumed 0.000000 Ave. Power Level 0.000000
	-------- Loop 8 (sock 1 consumed 0.000000, avg temp 38.750000, final temp 39 ) ------
	-------- Loop 8 (sock 2 consumed 0.000000, avg temp 34.250000, final temp 34 ) ------
Loop 9 <line-375> - Time 0.001080 Total energy consumed 0.000000 Ave. Power Level 0.000000
	-------- Loop 9 (sock 1 consumed 0.000000, avg temp 38.750000, final temp 39 ) ------
	-------- Loop 9 (sock 2 consumed 0.000000, avg temp 34.250000, final temp 34 ) ------
Loop 10 <line-85> - Time 0.249704 Total energy consumed 14.937960 Ave. Power Level 59.822558
	-------- Loop 10 (sock 1 consumed 7.528305, avg temp 39.250000, final temp 40 ) ------
	-------- Loop 10 (sock 2 consumed 7.409655, avg temp 34.500000, final temp 35 ) ------
Loop 11 <line-131> - Time 0.005585 Total energy consumed 0.429225 Ave. Power Level 76.847330
	-------- Loop 11 (sock 1 consumed 0.217665, avg temp 39.000000, final temp 39 ) ------
	-------- Loop 11 (sock 2 consumed 0.211560, avg temp 35.000000, final temp 34 ) ------
Loop 12 <line-167> - Time 0.365460 Total energy consumed 21.474330 Ave. Power Level 58.759767
	-------- Loop 12 (sock 1 consumed 10.914240, avg temp 39.500000, final temp 39 ) ------
	-------- Loop 12 (sock 2 consumed 10.560090, avg temp 34.500000, final temp 35 ) ------
Loop 13 <line-213> - Time 7.213511 Total energy consumed 443.116965 Ave. Power Level 61.428748
	-------- Loop 13 (sock 1 consumed 225.715290, avg temp 39.833333, final temp 39 ) ------
	-------- Loop 13 (sock 2 consumed 217.401675, avg temp 35.666667, final temp 35 ) ------
Loop 14 <line-99> - Time 7.202181 Total energy consumed 301.945170 Ave. Power Level 41.924131
	-------- Loop 14 (sock 1 consumed 150.639630, avg temp 38.857143, final temp 38 ) ------
	-------- Loop 14 (sock 2 consumed 151.305540, avg temp 34.857143, final temp 36 ) ------
Loop 15 <line-160> - Time 0.143248 Total energy consumed 7.238385 Ave. Power Level 50.530274
	-------- Loop 15 (sock 1 consumed 3.705195, avg temp 38.571429, final temp 38 ) ------
	-------- Loop 15 (sock 2 consumed 3.533190, avg temp 34.857143, final temp 35 ) ------
Loop 16 <line-269> - Time 4.927315 Total energy consumed 196.949010 Ave. Power Level 39.970860
	-------- Loop 16 (sock 1 consumed 98.991795, avg temp 38.461538, final temp 39 ) ------
	-------- Loop 16 (sock 2 consumed 97.957215, avg temp 34.230769, final temp 34 ) ------
Loop 17 <line-300> - Time 0.002269 Total energy consumed 0.019320 Ave. Power Level 8.512930
	-------- Loop 17 (sock 1 consumed 0.000000, avg temp 38.450000, final temp 39 ) ------
	-------- Loop 17 (sock 2 consumed 0.019320, avg temp 34.200000, final temp 33 ) ------
Loop 18 <line-147> - Time 0.000452 Total energy consumed 0.000000 Ave. Power Level 0.000000
	-------- Loop 18 (sock 1 consumed 0.000000, avg temp 39.000000, final temp 39 ) ------
	-------- Loop 18 (sock 2 consumed 0.000000, avg temp 35.000000, final temp 35 ) ------
Application(EnergyStat) - Time 45.193106 Total energy consumed 1969.723785 Ave. Power Level 43.584608 Final Temperature socket 1 : 38  socket 2 : 36 
