Memory used: 1.29688
Loading 32-bit binary file: pnnl.bin, numvertices: 2361670, numEdges: 191402826
File read time: 2.93997
Before allocating graph
Allocated graph: 0x210a550
Processing edges for vertex: 0, range(0, 166)
Processing edges for vertex: 100000, range(58444108, 58444133)
Processing edges for vertex: 200000, range(84376057, 84376362)
Processing edges for vertex: 300000, range(106069163, 106069503)
Processing edges for vertex: 400000, range(122097114, 122097513)
Processing edges for vertex: 500000, range(135096418, 135096483)
Processing edges for vertex: 600000, range(146097008, 146097061)
Processing edges for vertex: 700000, range(155415410, 155415531)
Processing edges for vertex: 800000, range(162595900, 162595989)
Processing edges for vertex: 900000, range(168508374, 168508464)
Processing edges for vertex: 1000000, range(173203321, 173203442)
Processing edges for vertex: 1100000, range(176935100, 176935110)
Processing edges for vertex: 1200000, range(179876260, 179876270)
Processing edges for vertex: 1300000, range(182240081, 182240092)
Processing edges for vertex: 1400000, range(184224513, 184224521)
Processing edges for vertex: 1500000, range(185795161, 185795170)
Processing edges for vertex: 1600000, range(187104124, 187104130)
Processing edges for vertex: 1700000, range(188148455, 188148461)
Processing edges for vertex: 1800000, range(188997836, 188997842)
Processing edges for vertex: 1900000, range(189691532, 189691535)
Processing edges for vertex: 2000000, range(190254658, 190254660)
Processing edges for vertex: 2100000, range(190705814, 190705822)
Processing edges for vertex: 2200000, range(191052755, 191052764)
Processing edges for vertex: 2300000, range(191302662, 191302663)
Graph populate time: 15.3664
Total I/O time: 18.3064
Running on: 16 threads
Loaded graph from file: pnnl.bin
Memory used: 2949.1
Maximum degree for the graph: 5520
Iteration: 0, conflicts: 59
Iteration: 1, conflicts: 11
Iteration: 2, conflicts: 5
Iteration: 3, conflicts: 2
Iteration: 4, conflicts: 1
Iteration: 5, conflicts: 0
Total number of colors used: 1189
Total number of conflicts overall: 0
Number of rounds: 6
SUCCESS: No conflicts found
Coloring time: 1.13185
Memory used: 2949.1
Number of reordered colors: 1008
End position for large colors: 0, node count: 550474, largest: 550474
Node count cutoff: 472334
e_xx: 1.21037e+08, a2_x: 6.38165e+11, currMod: 0.632352
e_xx: 1.6211e+08, a2_x: 6.27822e+11, currMod: 0.846942
e_xx: 1.68555e+08, a2_x: 6.00027e+11, currMod: 0.880611
e_xx: 1.71164e+08, a2_x: 5.8981e+11, currMod: 0.894245
e_xx: 1.7224e+08, a2_x: 5.52665e+11, currMod: 0.899869
currMod: 0.894245, prevMod: -1
Louvain time: 12.4644
numClusters: 203892, time: 0.232354
Next phase: 2
Memory used: 2949.1
End Structure 1276248 203892 vs 2754463
Build next level time: 6.1597
Iteration time: 18.8625
Memory used: 2949.1
e_xx: 1.65289e+08, a2_x: 5.53823e+11, currMod: 0.896126
e_xx: 1.77672e+08, a2_x: 3.55902e+11, currMod: 0.963268
e_xx: 1.78309e+08, a2_x: 2.73707e+11, currMod: 0.966723
e_xx: 1.79151e+08, a2_x: 2.6152e+11, currMod: 0.97129
e_xx: 1.78742e+08, a2_x: 2.38152e+11, currMod: 0.969076
currMod: 0.97129, prevMod: 0.894245
Louvain time: 2.299
numClusters: 60215, time: 0.035836
Next phase: 3
Memory used: 2949.1
End Structure 620139 60215 vs 1300475
Build next level time: 0.344443
Iteration time: 2.68047
Memory used: 2949.1
e_xx: 1.79151e+08, a2_x: 2.59209e+11, currMod: 0.971273
e_xx: 1.80664e+08, a2_x: 7.73347e+10, currMod: 0.97948
e_xx: 1.808e+08, a2_x: 6.61325e+10, currMod: 0.98022
e_xx: 1.80904e+08, a2_x: 5.85934e+10, currMod: 0.980783
e_xx: 1.8084e+08, a2_x: 4.95848e+10, currMod: 0.980437
currMod: 0.980783, prevMod: 0.97129
Louvain time: 1.3398
numClusters: 26235, time: 0.011239
Next phase: 4
Memory used: 2949.1
End Structure 187249 26235 vs 400732
Build next level time: 0.162504
Iteration time: 1.51412
Memory used: 2949.1
e_xx: 1.80904e+08, a2_x: 6.03909e+10, currMod: 0.980768
e_xx: 1.81205e+08, a2_x: 1.74456e+10, currMod: 0.982402
e_xx: 1.8118e+08, a2_x: 1.52048e+10, currMod: 0.982268
currMod: 0.982402, prevMod: 0.980783
Louvain time: 0.347429
numClusters: 22787, time: 0.006936
Next phase: 5
Memory used: 2949.1
End Structure 107053 22787 vs 236893
Build next level time: 0.070911
Iteration time: 0.425825
Memory used: 2949.1
e_xx: 1.81205e+08, a2_x: 1.41842e+10, currMod: 0.9824
e_xx: 1.81235e+08, a2_x: 2.51185e+10, currMod: 0.982562
e_xx: 1.81239e+08, a2_x: 3.46352e+09, currMod: 0.982583
e_xx: 1.81239e+08, a2_x: 1.00298e+10, currMod: 0.982583
currMod: 0.982583, prevMod: 0.982402
Louvain time: 0.279716
numClusters: 22019, time: 0.006229
Next phase: 6
Memory used: 2949.1
End Structure 68165 22019 vs 158349
Build next level time: 0.048325
Iteration time: 0.33462
Memory used: 2949.1
e_xx: 1.81239e+08, a2_x: 5.5037e+09, currMod: 0.982582
e_xx: 1.81239e+08, a2_x: -1.05078e+10, currMod: 0.982587
e_xx: 1.81239e+08, a2_x: 1.48363e+09, currMod: 0.982586
currMod: 0.982587, prevMod: 0.982583
Louvain time: 0.138836
numClusters: 21951, time: 0.006044
Next phase: 7
Memory used: 2949.1
End Structure 63083 21951 vs 148117
Build next level time: 0.037424
Iteration time: 0.18262
Memory used: 2949.1
e_xx: 1.81239e+08, a2_x: -1.12997e+10, currMod: 0.982587
e_xx: 1.81239e+08, a2_x: -1.11835e+10, currMod: 0.982587
currMod: 0.982587, prevMod: 0.982587
Louvain time: 0.09063
numClusters: 21951, time: 0.006005
Maximum degree for the graph: 441
Iteration: 0, conflicts: 0
Total number of colors used: 171
Total number of conflicts overall: 0
Number of rounds: 1
SUCCESS: No conflicts found
Number of reordered colors: 168
End position for large colors: 0, node count: 21556, largest: 21556
Node count cutoff: 4391
e_xx: 1.83475e+08, a2_x: 8.42801e+09, currMod: 0.994705
e_xx: 1.83464e+08, a2_x: 8.2077e+09, currMod: 0.994647
End Structure 4417 21660 vs 30494
currMod: 0.994705, prevMod: 0.982587
numClusters: 21660
Total iteration time: 24.0001

Loop 0 <line-37> - Time 0.001083 Total energy consumed 0.061695 Ave. Power Level 56.991282
	-------- Loop 0 (sock 1 consumed 0.043635, avg temp 38.000000, final temp 38 ) ------
	-------- Loop 0 (sock 2 consumed 0.018060, avg temp 34.000000, final temp 35 ) ------
Loop 1 <line-54> - Time 0.000447 Total energy consumed 0.000000 Ave. Power Level 0.000000
	-------- Loop 1 (sock 1 consumed 0.000000, avg temp 38.000000, final temp 38 ) ------
	-------- Loop 1 (sock 2 consumed 0.000000, avg temp 34.000000, final temp 35 ) ------
Loop 2 <line-76> - Time 0.000469 Total energy consumed 0.000000 Ave. Power Level 0.000000
	-------- Loop 2 (sock 1 consumed 0.000000, avg temp 38.000000, final temp 38 ) ------
	-------- Loop 2 (sock 2 consumed 0.000000, avg temp 34.000000, final temp 35 ) ------
Loop 3 <line-170> - Time 0.664257 Total energy consumed 29.460015 Ave. Power Level 44.350336
	-------- Loop 3 (sock 1 consumed 15.674085, avg temp 38.000000, final temp 38 ) ------
	-------- Loop 3 (sock 2 consumed 13.785930, avg temp 33.285714, final temp 35 ) ------
Loop 4 <line-192> - Time 0.000405 Total energy consumed 0.000000 Ave. Power Level 0.000000
	-------- Loop 4 (sock 1 consumed 0.000000, avg temp 38.000000, final temp 38 ) ------
	-------- Loop 4 (sock 2 consumed 0.000000, avg temp 34.000000, final temp 35 ) ------
Loop 5 <line-222> - Time 0.254928 Total energy consumed 11.389680 Ave. Power Level 44.678008
	-------- Loop 5 (sock 1 consumed 5.885340, avg temp 38.000000, final temp 38 ) ------
	-------- Loop 5 (sock 2 consumed 5.504340, avg temp 34.000000, final temp 35 ) ------
Loop 6 <line-115> - Time 0.002826 Total energy consumed 0.059355 Ave. Power Level 21.002085
	-------- Loop 6 (sock 1 consumed 0.040095, avg temp 38.428571, final temp 39 ) ------
	-------- Loop 6 (sock 2 consumed 0.019260, avg temp 34.571429, final temp 35 ) ------
Loop 7 <line-334> - Time 0.627535 Total energy consumed 25.567530 Ave. Power Level 40.742822
	-------- Loop 7 (sock 1 consumed 12.866925, avg temp 38.625000, final temp 38 ) ------
	-------- Loop 7 (sock 2 consumed 12.700605, avg temp 34.875000, final temp 35 ) ------
Loop 8 <line-353> - Time 0.000527 Total energy consumed 0.000000 Ave. Power Level 0.000000
	-------- Loop 8 (sock 1 consumed 0.000000, avg temp 38.625000, final temp 38 ) ------
	-------- Loop 8 (sock 2 consumed 0.000000, avg temp 34.875000, final temp 35 ) ------
Loop 9 <line-375> - Time 0.001131 Total energy consumed 0.000000 Ave. Power Level 0.000000
	-------- Loop 9 (sock 1 consumed 0.000000, avg temp 38.625000, final temp 38 ) ------
	-------- Loop 9 (sock 2 consumed 0.000000, avg temp 34.875000, final temp 35 ) ------
Loop 10 <line-85> - Time 0.254576 Total energy consumed 15.525240 Ave. Power Level 60.984668
	-------- Loop 10 (sock 1 consumed 7.851480, avg temp 38.500000, final temp 39 ) ------
	-------- Loop 10 (sock 2 consumed 7.673760, avg temp 34.500000, final temp 35 ) ------
Loop 11 <line-131> - Time 0.005195 Total energy consumed 0.310365 Ave. Power Level 59.746875
	-------- Loop 11 (sock 1 consumed 0.157335, avg temp 39.000000, final temp 38 ) ------
	-------- Loop 11 (sock 2 consumed 0.153030, avg temp 35.000000, final temp 35 ) ------
Loop 12 <line-167> - Time 0.283938 Total energy consumed 16.685775 Ave. Power Level 58.765488
	-------- Loop 12 (sock 1 consumed 8.433015, avg temp 39.000000, final temp 39 ) ------
	-------- Loop 12 (sock 2 consumed 8.252760, avg temp 34.500000, final temp 35 ) ------
Loop 13 <line-213> - Time 7.293876 Total energy consumed 444.934635 Ave. Power Level 61.001128
	-------- Loop 13 (sock 1 consumed 225.883800, avg temp 39.857143, final temp 39 ) ------
	-------- Loop 13 (sock 2 consumed 219.050835, avg temp 36.000000, final temp 36 ) ------
Loop 14 <line-99> - Time 6.254937 Total energy consumed 261.848505 Ave. Power Level 41.862691
	-------- Loop 14 (sock 1 consumed 125.699580, avg temp 38.571429, final temp 39 ) ------
	-------- Loop 14 (sock 2 consumed 136.148925, avg temp 35.142857, final temp 35 ) ------
Loop 15 <line-160> - Time 0.164301 Total energy consumed 7.203300 Ave. Power Level 43.842077
	-------- Loop 15 (sock 1 consumed 3.625605, avg temp 39.000000, final temp 39 ) ------
	-------- Loop 15 (sock 2 consumed 3.577695, avg temp 34.857143, final temp 35 ) ------
Loop 16 <line-269> - Time 4.460204 Total energy consumed 177.121575 Ave. Power Level 39.711543
	-------- Loop 16 (sock 1 consumed 86.176335, avg temp 38.363636, final temp 39 ) ------
	-------- Loop 16 (sock 2 consumed 90.945240, avg temp 34.545455, final temp 34 ) ------
Loop 17 <line-300> - Time 0.001889 Total energy consumed 0.037185 Ave. Power Level 19.681611
	-------- Loop 17 (sock 1 consumed 0.017895, avg temp 38.375000, final temp 39 ) ------
	-------- Loop 17 (sock 2 consumed 0.019290, avg temp 34.687500, final temp 34 ) ------
Loop 18 <line-147> - Time 0.000474 Total energy consumed 0.000000 Ave. Power Level 0.000000
	-------- Loop 18 (sock 1 consumed 0.000000, avg temp 38.000000, final temp 38 ) ------
	-------- Loop 18 (sock 2 consumed 0.000000, avg temp 35.000000, final temp 35 ) ------
Application(EnergyStat) - Time 43.591637 Total energy consumed 1899.370065 Ave. Power Level 43.571891 Final Temperature socket 1 : 39  socket 2 : 35 
