Memory used: 1.29297
Loading 32-bit binary file: pnnl.bin, numvertices: 2361670, numEdges: 191402826
File read time: 3.01704
Before allocating graph
Allocated graph: 0x1d17550
Processing edges for vertex: 0, range(0, 166)
Processing edges for vertex: 100000, range(58444108, 58444133)
Processing edges for vertex: 200000, range(84376057, 84376362)
Processing edges for vertex: 300000, range(106069163, 106069503)
Processing edges for vertex: 400000, range(122097114, 122097513)
Processing edges for vertex: 500000, range(135096418, 135096483)
Processing edges for vertex: 600000, range(146097008, 146097061)
Processing edges for vertex: 700000, range(155415410, 155415531)
Processing edges for vertex: 800000, range(162595900, 162595989)
Processing edges for vertex: 900000, range(168508374, 168508464)
Processing edges for vertex: 1000000, range(173203321, 173203442)
Processing edges for vertex: 1100000, range(176935100, 176935110)
Processing edges for vertex: 1200000, range(179876260, 179876270)
Processing edges for vertex: 1300000, range(182240081, 182240092)
Processing edges for vertex: 1400000, range(184224513, 184224521)
Processing edges for vertex: 1500000, range(185795161, 185795170)
Processing edges for vertex: 1600000, range(187104124, 187104130)
Processing edges for vertex: 1700000, range(188148455, 188148461)
Processing edges for vertex: 1800000, range(188997836, 188997842)
Processing edges for vertex: 1900000, range(189691532, 189691535)
Processing edges for vertex: 2000000, range(190254658, 190254660)
Processing edges for vertex: 2100000, range(190705814, 190705822)
Processing edges for vertex: 2200000, range(191052755, 191052764)
Processing edges for vertex: 2300000, range(191302662, 191302663)
Graph populate time: 15.6519
Total I/O time: 18.669
Running on: 16 threads
Loaded graph from file: pnnl.bin
Memory used: 2949.09
Maximum degree for the graph: 5520
Iteration: 0, conflicts: 55
Iteration: 1, conflicts: 14
Iteration: 2, conflicts: 6
Iteration: 3, conflicts: 1
Iteration: 4, conflicts: 0
Total number of colors used: 1200
Total number of conflicts overall: 0
Number of rounds: 5
SUCCESS: No conflicts found
Coloring time: 1.25333
Memory used: 2949.09
Number of reordered colors: 1021
End position for large colors: 0, node count: 550544, largest: 550544
Node count cutoff: 472334
e_xx: 1.13086e+08, a2_x: 6.34837e+11, currMod: 0.590811
e_xx: 1.5898e+08, a2_x: 5.82393e+11, currMod: 0.830586
e_xx: 1.66831e+08, a2_x: 5.43272e+11, currMod: 0.871606
e_xx: 1.69969e+08, a2_x: 5.47008e+11, currMod: 0.888
e_xx: 1.71345e+08, a2_x: 5.35769e+11, currMod: 0.895194
currMod: 0.888, prevMod: -1
Louvain time: 12.4347
numClusters: 203925, time: 0.207589
Next phase: 2
Memory used: 2949.09
End Structure 1263616 203925 vs 2729100
Build next level time: 6.86596
Iteration time: 19.5145
Memory used: 2949.09
e_xx: 1.67707e+08, a2_x: 5.38785e+11, currMod: 0.893187
e_xx: 1.7662e+08, a2_x: 3.23237e+11, currMod: 0.94066
e_xx: 1.826e+08, a2_x: 3.28661e+11, currMod: 0.972512
e_xx: 1.8295e+08, a2_x: 2.83269e+11, currMod: 0.974376
e_xx: 1.83015e+08, a2_x: 2.79296e+11, currMod: 0.974721
e_xx: 1.83093e+08, a2_x: 2.74162e+11, currMod: 0.975139
e_xx: 1.83117e+08, a2_x: 2.91873e+11, currMod: 0.975264
e_xx: 1.83155e+08, a2_x: 2.84513e+11, currMod: 0.975469
e_xx: 1.8314e+08, a2_x: 2.88146e+11, currMod: 0.975389
currMod: 0.975469, prevMod: 0.888
Louvain time: 3.88682
numClusters: 51082, time: 0.030621
Next phase: 3
Memory used: 2949.09
End Structure 494898 51082 vs 1040874
Build next level time: 0.351542
Iteration time: 4.26986
Memory used: 2949.09
e_xx: 1.83155e+08, a2_x: 2.84885e+11, currMod: 0.975465
e_xx: 1.8406e+08, a2_x: 9.03107e+10, currMod: 0.98029
e_xx: 1.84251e+08, a2_x: 5.41323e+10, currMod: 0.981309
e_xx: 1.84295e+08, a2_x: 6.08233e+10, currMod: 0.981547
e_xx: 1.84291e+08, a2_x: 6.21208e+10, currMod: 0.981524
currMod: 0.981547, prevMod: 0.975469
Louvain time: 1.07229
numClusters: 25396, time: 0.010421
Next phase: 4
Memory used: 2949.09
End Structure 173443 25396 vs 372282
Build next level time: 0.136749
Iteration time: 1.22003
Memory used: 2949.09
e_xx: 1.84295e+08, a2_x: 5.83746e+10, currMod: 0.981529
e_xx: 1.84499e+08, a2_x: 3.70159e+10, currMod: 0.982615
e_xx: 1.8452e+08, a2_x: 1.61127e+10, currMod: 0.982728
e_xx: 1.84521e+08, a2_x: 6.58134e+09, currMod: 0.982732
e_xx: 1.84522e+08, a2_x: 3.0385e+10, currMod: 0.982734
e_xx: 1.84521e+08, a2_x: 3.84698e+10, currMod: 0.982731
currMod: 0.982734, prevMod: 0.981547
Louvain time: 0.639793
numClusters: 22139, time: 0.006788
Next phase: 5
Memory used: 2949.09
End Structure 82853 22139 vs 187845
Build next level time: 0.061371
Iteration time: 0.708464
Memory used: 2949.09
e_xx: 1.84522e+08, a2_x: 2.9643e+10, currMod: 0.982731
e_xx: 1.84526e+08, a2_x: 3.62345e+10, currMod: 0.982754
e_xx: 1.84531e+08, a2_x: 5.00915e+10, currMod: 0.982782
e_xx: 1.84526e+08, a2_x: 1.86016e+10, currMod: 0.982756
currMod: 0.982782, prevMod: 0.982734
Louvain time: 0.247719
numClusters: 21954, time: 0.006084
Next phase: 6
Memory used: 2949.09
End Structure 64124 21954 vs 150202
Build next level time: 0.038996
Iteration time: 0.29312
Memory used: 2949.09
e_xx: 1.84531e+08, a2_x: 5.02209e+10, currMod: 0.982781
e_xx: 1.84532e+08, a2_x: 3.79997e+10, currMod: 0.982785
e_xx: 1.84531e+08, a2_x: 3.44127e+10, currMod: 0.982783
currMod: 0.982785, prevMod: 0.982782
Louvain time: 0.137154
numClusters: 21940, time: 0.00598
Next phase: 7
Memory used: 2949.09
End Structure 61811 21940 vs 145562
Build next level time: 0.03768
Iteration time: 0.181092
Memory used: 2949.09
e_xx: 1.84532e+08, a2_x: 4.11321e+10, currMod: 0.982785
e_xx: 1.84532e+08, a2_x: 4.11321e+10, currMod: 0.982785
currMod: 0.982785, prevMod: 0.982785
Louvain time: 0.084815
numClusters: 21940, time: 0.005997
Maximum degree for the graph: 437
Iteration: 0, conflicts: 0
Total number of colors used: 172
Total number of conflicts overall: 0
Number of rounds: 1
SUCCESS: No conflicts found
Number of reordered colors: 169
End position for large colors: 0, node count: 21548, largest: 21548
Node count cutoff: 4388
e_xx: 1.84532e+08, a2_x: 4.11321e+10, currMod: 0.982785
End Structure 61811 21940 vs 145562
currMod: 0.982785, prevMod: 0.982785
numClusters: 21940
Total iteration time: 26.1871

Loop 0 <line-37> - Time 0.001168 Total energy consumed 0.038940 Ave. Power Level 33.341696
	-------- Loop 0 (sock 1 consumed 0.020625, avg temp 37.500000, final temp 38 ) ------
	-------- Loop 0 (sock 2 consumed 0.018315, avg temp 33.500000, final temp 34 ) ------
Loop 1 <line-54> - Time 0.000441 Total energy consumed 0.000000 Ave. Power Level 0.000000
	-------- Loop 1 (sock 1 consumed 0.000000, avg temp 38.500000, final temp 38 ) ------
	-------- Loop 1 (sock 2 consumed 0.000000, avg temp 33.500000, final temp 34 ) ------
Loop 2 <line-76> - Time 0.000441 Total energy consumed 0.000000 Ave. Power Level 0.000000
	-------- Loop 2 (sock 1 consumed 0.000000, avg temp 38.500000, final temp 38 ) ------
	-------- Loop 2 (sock 2 consumed 0.000000, avg temp 33.500000, final temp 34 ) ------
Loop 3 <line-170> - Time 0.723955 Total energy consumed 31.479270 Ave. Power Level 43.482348
	-------- Loop 3 (sock 1 consumed 16.116345, avg temp 38.000000, final temp 38 ) ------
	-------- Loop 3 (sock 2 consumed 15.362925, avg temp 32.500000, final temp 35 ) ------
Loop 4 <line-192> - Time 0.000427 Total energy consumed 0.000000 Ave. Power Level 0.000000
	-------- Loop 4 (sock 1 consumed 0.000000, avg temp 38.000000, final temp 38 ) ------
	-------- Loop 4 (sock 2 consumed 0.000000, avg temp 33.500000, final temp 35 ) ------
Loop 5 <line-222> - Time 0.317848 Total energy consumed 13.544985 Ave. Power Level 42.614666
	-------- Loop 5 (sock 1 consumed 6.330030, avg temp 38.000000, final temp 38 ) ------
	-------- Loop 5 (sock 2 consumed 7.214955, avg temp 34.000000, final temp 34 ) ------
Loop 6 <line-115> - Time 0.002570 Total energy consumed 0.038460 Ave. Power Level 14.963071
	-------- Loop 6 (sock 1 consumed 0.019905, avg temp 37.428571, final temp 38 ) ------
	-------- Loop 6 (sock 2 consumed 0.018555, avg temp 34.142857, final temp 35 ) ------
Loop 7 <line-334> - Time 0.604983 Total energy consumed 25.004190 Ave. Power Level 41.330398
	-------- Loop 7 (sock 1 consumed 12.788100, avg temp 38.000000, final temp 38 ) ------
	-------- Loop 7 (sock 2 consumed 12.216090, avg temp 34.375000, final temp 35 ) ------
Loop 8 <line-353> - Time 0.000668 Total energy consumed 0.000000 Ave. Power Level 0.000000
	-------- Loop 8 (sock 1 consumed 0.000000, avg temp 38.000000, final temp 38 ) ------
	-------- Loop 8 (sock 2 consumed 0.000000, avg temp 34.375000, final temp 35 ) ------
Loop 9 <line-375> - Time 0.001321 Total energy consumed 0.059295 Ave. Power Level 44.899739
	-------- Loop 9 (sock 1 consumed 0.029580, avg temp 38.000000, final temp 38 ) ------
	-------- Loop 9 (sock 2 consumed 0.029715, avg temp 34.375000, final temp 35 ) ------
Loop 10 <line-85> - Time 0.251680 Total energy consumed 15.045030 Ave. Power Level 59.778458
	-------- Loop 10 (sock 1 consumed 7.575480, avg temp 38.250000, final temp 37 ) ------
	-------- Loop 10 (sock 2 consumed 7.469550, avg temp 35.000000, final temp 35 ) ------
Loop 11 <line-131> - Time 0.005311 Total energy consumed 0.311055 Ave. Power Level 58.569908
	-------- Loop 11 (sock 1 consumed 0.158565, avg temp 38.500000, final temp 38 ) ------
	-------- Loop 11 (sock 2 consumed 0.152490, avg temp 35.000000, final temp 35 ) ------
Loop 12 <line-167> - Time 0.305463 Total energy consumed 18.079605 Ave. Power Level 59.187592
	-------- Loop 12 (sock 1 consumed 9.155025, avg temp 38.500000, final temp 38 ) ------
	-------- Loop 12 (sock 2 consumed 8.924580, avg temp 35.000000, final temp 35 ) ------
Loop 13 <line-213> - Time 7.321469 Total energy consumed 446.061705 Ave. Power Level 60.925166
	-------- Loop 13 (sock 1 consumed 226.118115, avg temp 39.500000, final temp 39 ) ------
	-------- Loop 13 (sock 2 consumed 219.943590, avg temp 35.500000, final temp 35 ) ------
Loop 14 <line-99> - Time 6.987565 Total energy consumed 294.798105 Ave. Power Level 42.188960
	-------- Loop 14 (sock 1 consumed 145.016385, avg temp 37.857143, final temp 38 ) ------
	-------- Loop 14 (sock 2 consumed 149.781720, avg temp 34.285714, final temp 34 ) ------
Loop 15 <line-160> - Time 0.153759 Total energy consumed 7.309860 Ave. Power Level 47.540971
	-------- Loop 15 (sock 1 consumed 3.627615, avg temp 38.000000, final temp 38 ) ------
	-------- Loop 15 (sock 2 consumed 3.682245, avg temp 34.142857, final temp 34 ) ------
Loop 16 <line-269> - Time 6.033308 Total energy consumed 239.304870 Ave. Power Level 39.663956
	-------- Loop 16 (sock 1 consumed 115.704300, avg temp 37.551724, final temp 37 ) ------
	-------- Loop 16 (sock 2 consumed 123.600570, avg temp 34.034483, final temp 34 ) ------
Loop 17 <line-300> - Time 0.002927 Total energy consumed 0.019590 Ave. Power Level 6.692112
	-------- Loop 17 (sock 1 consumed 0.000000, avg temp 37.434783, final temp 37 ) ------
	-------- Loop 17 (sock 2 consumed 0.019590, avg temp 34.043478, final temp 34 ) ------
Loop 18 <line-147> - Time 0.000471 Total energy consumed 0.019620 Ave. Power Level 41.631479
	-------- Loop 18 (sock 1 consumed 0.019620, avg temp 38.000000, final temp 38 ) ------
	-------- Loop 18 (sock 2 consumed 0.000000, avg temp 34.000000, final temp 34 ) ------
Application(EnergyStat) - Time 46.270288 Total energy consumed 2005.164945 Ave. Power Level 43.335908 Final Temperature socket 1 : 38  socket 2 : 36 
