Memory used: 1.29297
Loading 32-bit binary file: pnnl.bin, numvertices: 2361670, numEdges: 191402826
File read time: 2.9414
Before allocating graph
Allocated graph: 0x185f550
Processing edges for vertex: 0, range(0, 166)
Processing edges for vertex: 100000, range(58444108, 58444133)
Processing edges for vertex: 200000, range(84376057, 84376362)
Processing edges for vertex: 300000, range(106069163, 106069503)
Processing edges for vertex: 400000, range(122097114, 122097513)
Processing edges for vertex: 500000, range(135096418, 135096483)
Processing edges for vertex: 600000, range(146097008, 146097061)
Processing edges for vertex: 700000, range(155415410, 155415531)
Processing edges for vertex: 800000, range(162595900, 162595989)
Processing edges for vertex: 900000, range(168508374, 168508464)
Processing edges for vertex: 1000000, range(173203321, 173203442)
Processing edges for vertex: 1100000, range(176935100, 176935110)
Processing edges for vertex: 1200000, range(179876260, 179876270)
Processing edges for vertex: 1300000, range(182240081, 182240092)
Processing edges for vertex: 1400000, range(184224513, 184224521)
Processing edges for vertex: 1500000, range(185795161, 185795170)
Processing edges for vertex: 1600000, range(187104124, 187104130)
Processing edges for vertex: 1700000, range(188148455, 188148461)
Processing edges for vertex: 1800000, range(188997836, 188997842)
Processing edges for vertex: 1900000, range(189691532, 189691535)
Processing edges for vertex: 2000000, range(190254658, 190254660)
Processing edges for vertex: 2100000, range(190705814, 190705822)
Processing edges for vertex: 2200000, range(191052755, 191052764)
Processing edges for vertex: 2300000, range(191302662, 191302663)
Graph populate time: 15.5586
Total I/O time: 18.5
Running on: 16 threads
Loaded graph from file: pnnl.bin
Memory used: 2949.09
Maximum degree for the graph: 5520
Iteration: 0, conflicts: 22
Iteration: 1, conflicts: 1
Iteration: 2, conflicts: 0
Total number of colors used: 1192
Total number of conflicts overall: 0
Number of rounds: 3
SUCCESS: No conflicts found
Coloring time: 1.20455
Memory used: 2949.09
Number of reordered colors: 1009
End position for large colors: 0, node count: 550642, largest: 550642
Node count cutoff: 472334
e_xx: 1.17925e+08, a2_x: 6.59458e+11, currMod: 0.616089
e_xx: 1.61178e+08, a2_x: 6.54963e+11, currMod: 0.842069
e_xx: 1.68062e+08, a2_x: 5.79537e+11, currMod: 0.878036
e_xx: 1.71065e+08, a2_x: 5.68575e+11, currMod: 0.89373
e_xx: 1.72519e+08, a2_x: 5.1882e+11, currMod: 0.901324
currMod: 0.89373, prevMod: -1
Louvain time: 12.4347
numClusters: 204728, time: 0.247179
Next phase: 2
Memory used: 2949.09
End Structure 1300578 204728 vs 2804044
Build next level time: 6.78582
Iteration time: 19.4739
Memory used: 2949.09
e_xx: 1.69576e+08, a2_x: 5.16634e+11, currMod: 0.899805
e_xx: 1.80223e+08, a2_x: 3.61738e+11, currMod: 0.956307
e_xx: 1.8322e+08, a2_x: 2.77716e+11, currMod: 0.972214
e_xx: 1.83639e+08, a2_x: 2.79174e+11, currMod: 0.974438
e_xx: 1.83771e+08, a2_x: 2.90116e+11, currMod: 0.975135
e_xx: 1.83858e+08, a2_x: 2.70763e+11, currMod: 0.975602
e_xx: 1.83872e+08, a2_x: 2.77543e+11, currMod: 0.975672
e_xx: 1.83913e+08, a2_x: 2.57046e+11, currMod: 0.975893
e_xx: 1.83907e+08, a2_x: 2.75018e+11, currMod: 0.97586
currMod: 0.975893, prevMod: 0.89373
Louvain time: 3.96029
numClusters: 51261, time: 0.031854
Next phase: 3
Memory used: 2949.09
End Structure 494709 51261 vs 1040674
Build next level time: 0.367833
Iteration time: 4.36115
Memory used: 2949.09
e_xx: 1.83913e+08, a2_x: 2.5353e+11, currMod: 0.975891
e_xx: 1.8482e+08, a2_x: 1.02739e+11, currMod: 0.980709
e_xx: 1.84892e+08, a2_x: 4.87397e+10, currMod: 0.981092
e_xx: 1.85e+08, a2_x: 7.91544e+10, currMod: 0.981668
e_xx: 1.8493e+08, a2_x: 5.38597e+10, currMod: 0.981295
currMod: 0.981668, prevMod: 0.975893
Louvain time: 1.11318
numClusters: 25455, time: 0.010215
Next phase: 4
Memory used: 2949.09
End Structure 168926 25455 vs 363307
Build next level time: 0.132284
Iteration time: 1.25624
Memory used: 2949.09
e_xx: 1.85e+08, a2_x: 7.85162e+10, currMod: 0.981649
e_xx: 1.85195e+08, a2_x: 7.15103e+10, currMod: 0.982684
e_xx: 1.85203e+08, a2_x: 8.19571e+10, currMod: 0.982725
e_xx: 1.85204e+08, a2_x: 1.0393e+11, currMod: 0.982729
e_xx: 1.85204e+08, a2_x: 9.31626e+10, currMod: 0.982728
currMod: 0.982729, prevMod: 0.981668
Louvain time: 0.508668
numClusters: 22137, time: 0.006778
Next phase: 5
Memory used: 2949.09
End Structure 86097 22137 vs 194331
Build next level time: 0.061717
Iteration time: 0.577727
Memory used: 2949.09
e_xx: 1.85204e+08, a2_x: 1.03994e+11, currMod: 0.982726
e_xx: 1.85208e+08, a2_x: 8.99794e+10, currMod: 0.982746
e_xx: 1.85208e+08, a2_x: 9.72413e+10, currMod: 0.982747
currMod: 0.982746, prevMod: 0.982729
Louvain time: 0.179608
numClusters: 22008, time: 0.006045
Next phase: 6
Memory used: 2949.09
End Structure 77394 22008 vs 176796
Build next level time: 0.044602
Iteration time: 0.230606
Memory used: 2949.09
e_xx: 1.85208e+08, a2_x: 9.30917e+10, currMod: 0.982746
e_xx: 1.85208e+08, a2_x: 9.2649e+10, currMod: 0.982747
e_xx: 1.85208e+08, a2_x: 9.47109e+10, currMod: 0.982748
currMod: 0.982747, prevMod: 0.982746
Louvain time: 0.15889
numClusters: 21978, time: 0.006045
Next phase: 7
Memory used: 2949.09
End Structure 75348 21978 vs 172674
Build next level time: 0.046318
Iteration time: 0.211572
Memory used: 2949.09
e_xx: 1.85208e+08, a2_x: 9.10151e+10, currMod: 0.982747
e_xx: 1.85208e+08, a2_x: 8.72292e+10, currMod: 0.982748
currMod: 0.982747, prevMod: 0.982747
Louvain time: 0.104148
numClusters: 21978, time: 0.005998
Maximum degree for the graph: 478
Iteration: 0, conflicts: 0
Total number of colors used: 183
Total number of conflicts overall: 0
Number of rounds: 1
SUCCESS: No conflicts found
Number of reordered colors: 176
End position for large colors: 0, node count: 21545, largest: 21545
Node count cutoff: 4396
e_xx: 1.85208e+08, a2_x: 8.72292e+10, currMod: 0.982748
End Structure 75117 21975 vs 172209
currMod: 0.982747, prevMod: 0.982747
numClusters: 21975
Total iteration time: 26.1112

Loop 0 <line-37> - Time 0.001074 Total energy consumed 0.056355 Ave. Power Level 52.468208
	-------- Loop 0 (sock 1 consumed 0.036540, avg temp 37.500000, final temp 38 ) ------
	-------- Loop 0 (sock 2 consumed 0.019815, avg temp 33.500000, final temp 33 ) ------
Loop 1 <line-54> - Time 0.000437 Total energy consumed 0.000000 Ave. Power Level 0.000000
	-------- Loop 1 (sock 1 consumed 0.000000, avg temp 37.500000, final temp 38 ) ------
	-------- Loop 1 (sock 2 consumed 0.000000, avg temp 34.000000, final temp 33 ) ------
Loop 2 <line-76> - Time 0.000457 Total energy consumed 0.000000 Ave. Power Level 0.000000
	-------- Loop 2 (sock 1 consumed 0.000000, avg temp 37.500000, final temp 38 ) ------
	-------- Loop 2 (sock 2 consumed 0.000000, avg temp 34.000000, final temp 33 ) ------
Loop 3 <line-170> - Time 0.715589 Total energy consumed 31.148895 Ave. Power Level 43.529015
	-------- Loop 3 (sock 1 consumed 15.104130, avg temp 37.250000, final temp 38 ) ------
	-------- Loop 3 (sock 2 consumed 16.044765, avg temp 34.500000, final temp 33 ) ------
Loop 4 <line-192> - Time 0.000427 Total energy consumed 0.000000 Ave. Power Level 0.000000
	-------- Loop 4 (sock 1 consumed 0.000000, avg temp 37.500000, final temp 38 ) ------
	-------- Loop 4 (sock 2 consumed 0.000000, avg temp 34.000000, final temp 33 ) ------
Loop 5 <line-222> - Time 0.268172 Total energy consumed 11.860350 Ave. Power Level 44.226668
	-------- Loop 5 (sock 1 consumed 5.775480, avg temp 37.500000, final temp 38 ) ------
	-------- Loop 5 (sock 2 consumed 6.084870, avg temp 33.000000, final temp 33 ) ------
Loop 6 <line-115> - Time 0.002520 Total energy consumed 0.058815 Ave. Power Level 23.337609
	-------- Loop 6 (sock 1 consumed 0.018165, avg temp 38.428571, final temp 39 ) ------
	-------- Loop 6 (sock 2 consumed 0.040650, avg temp 34.142857, final temp 34 ) ------
Loop 7 <line-334> - Time 0.622174 Total energy consumed 25.799475 Ave. Power Level 41.466655
	-------- Loop 7 (sock 1 consumed 13.040280, avg temp 38.625000, final temp 39 ) ------
	-------- Loop 7 (sock 2 consumed 12.759195, avg temp 33.875000, final temp 34 ) ------
Loop 8 <line-353> - Time 0.000632 Total energy consumed 0.000000 Ave. Power Level 0.000000
	-------- Loop 8 (sock 1 consumed 0.000000, avg temp 38.625000, final temp 39 ) ------
	-------- Loop 8 (sock 2 consumed 0.000000, avg temp 33.875000, final temp 34 ) ------
Loop 9 <line-375> - Time 0.001093 Total energy consumed 0.000000 Ave. Power Level 0.000000
	-------- Loop 9 (sock 1 consumed 0.000000, avg temp 38.625000, final temp 39 ) ------
	-------- Loop 9 (sock 2 consumed 0.000000, avg temp 33.875000, final temp 34 ) ------
Loop 10 <line-85> - Time 0.245319 Total energy consumed 14.647515 Ave. Power Level 59.707960
	-------- Loop 10 (sock 1 consumed 7.432920, avg temp 38.750000, final temp 39 ) ------
	-------- Loop 10 (sock 2 consumed 7.214595, avg temp 34.000000, final temp 34 ) ------
Loop 11 <line-131> - Time 0.005374 Total energy consumed 0.309240 Ave. Power Level 57.541673
	-------- Loop 11 (sock 1 consumed 0.156255, avg temp 38.500000, final temp 39 ) ------
	-------- Loop 11 (sock 2 consumed 0.152985, avg temp 33.500000, final temp 33 ) ------
Loop 12 <line-167> - Time 0.217413 Total energy consumed 12.815025 Ave. Power Level 58.943346
	-------- Loop 12 (sock 1 consumed 6.451005, avg temp 39.000000, final temp 39 ) ------
	-------- Loop 12 (sock 2 consumed 6.364020, avg temp 34.500000, final temp 34 ) ------
Loop 13 <line-213> - Time 7.337945 Total energy consumed 447.154395 Ave. Power Level 60.937277
	-------- Loop 13 (sock 1 consumed 226.465950, avg temp 39.166667, final temp 39 ) ------
	-------- Loop 13 (sock 2 consumed 220.688445, avg temp 35.666667, final temp 34 ) ------
Loop 14 <line-99> - Time 6.921499 Total energy consumed 288.385680 Ave. Power Level 41.665206
	-------- Loop 14 (sock 1 consumed 143.077080, avg temp 38.428571, final temp 39 ) ------
	-------- Loop 14 (sock 2 consumed 145.308600, avg temp 34.142857, final temp 33 ) ------
Loop 15 <line-160> - Time 0.155913 Total energy consumed 7.428465 Ave. Power Level 47.644882
	-------- Loop 15 (sock 1 consumed 3.765645, avg temp 38.714286, final temp 38 ) ------
	-------- Loop 15 (sock 2 consumed 3.662820, avg temp 33.714286, final temp 33 ) ------
Loop 16 <line-269> - Time 5.988574 Total energy consumed 238.390305 Ave. Power Level 39.807527
	-------- Loop 16 (sock 1 consumed 119.433915, avg temp 38.037037, final temp 38 ) ------
	-------- Loop 16 (sock 2 consumed 118.956390, avg temp 33.296296, final temp 33 ) ------
Loop 17 <line-300> - Time 0.002840 Total energy consumed 0.055185 Ave. Power Level 19.428048
	-------- Loop 17 (sock 1 consumed 0.035595, avg temp 38.000000, final temp 38 ) ------
	-------- Loop 17 (sock 2 consumed 0.019590, avg temp 33.333333, final temp 33 ) ------
Loop 18 <line-147> - Time 0.000478 Total energy consumed 0.000000 Ave. Power Level 0.000000
	-------- Loop 18 (sock 1 consumed 0.000000, avg temp 38.000000, final temp 38 ) ------
	-------- Loop 18 (sock 2 consumed 0.000000, avg temp 33.000000, final temp 33 ) ------
Application(EnergyStat) - Time 46.013695 Total energy consumed 1989.574125 Ave. Power Level 43.238738 Final Temperature socket 1 : 38  socket 2 : 34 
