Memory used: 1.29688
Loading 32-bit binary file: pnnl.bin, numvertices: 2361670, numEdges: 191402826
File read time: 4.22535
Before allocating graph
Allocated graph: 0x15d0550
Processing edges for vertex: 0, range(0, 166)
Processing edges for vertex: 100000, range(58444108, 58444133)
Processing edges for vertex: 200000, range(84376057, 84376362)
Processing edges for vertex: 300000, range(106069163, 106069503)
Processing edges for vertex: 400000, range(122097114, 122097513)
Processing edges for vertex: 500000, range(135096418, 135096483)
Processing edges for vertex: 600000, range(146097008, 146097061)
Processing edges for vertex: 700000, range(155415410, 155415531)
Processing edges for vertex: 800000, range(162595900, 162595989)
Processing edges for vertex: 900000, range(168508374, 168508464)
Processing edges for vertex: 1000000, range(173203321, 173203442)
Processing edges for vertex: 1100000, range(176935100, 176935110)
Processing edges for vertex: 1200000, range(179876260, 179876270)
Processing edges for vertex: 1300000, range(182240081, 182240092)
Processing edges for vertex: 1400000, range(184224513, 184224521)
Processing edges for vertex: 1500000, range(185795161, 185795170)
Processing edges for vertex: 1600000, range(187104124, 187104130)
Processing edges for vertex: 1700000, range(188148455, 188148461)
Processing edges for vertex: 1800000, range(188997836, 188997842)
Processing edges for vertex: 1900000, range(189691532, 189691535)
Processing edges for vertex: 2000000, range(190254658, 190254660)
Processing edges for vertex: 2100000, range(190705814, 190705822)
Processing edges for vertex: 2200000, range(191052755, 191052764)
Processing edges for vertex: 2300000, range(191302662, 191302663)
Graph populate time: 22.5421
Total I/O time: 26.7675
Running on: 16 threads
Loaded graph from file: pnnl.bin
Memory used: 2949.1
Maximum degree for the graph: 5520
Iteration: 0, conflicts: 17
Iteration: 1, conflicts: 1
Iteration: 2, conflicts: 0
Total number of colors used: 1188
Total number of conflicts overall: 0
Number of rounds: 3
SUCCESS: No conflicts found
Coloring time: 1.66433
Memory used: 2949.1
Number of reordered colors: 1016
End position for large colors: 0, node count: 550526, largest: 550526
Node count cutoff: 472334
e_xx: 1.17421e+08, a2_x: 6.56529e+11, currMod: 0.613458
e_xx: 1.61345e+08, a2_x: 6.51321e+11, currMod: 0.842944
e_xx: 1.67927e+08, a2_x: 5.49287e+11, currMod: 0.877332
e_xx: 1.70328e+08, a2_x: 5.37883e+11, currMod: 0.889879
e_xx: 1.71396e+08, a2_x: 5.53141e+11, currMod: 0.895456
currMod: 0.889879, prevMod: -1
Louvain time: 18.1387
numClusters: 204351, time: 0.301804
Next phase: 2
Memory used: 2949.1
End Structure 1293637 204351 vs 2789857
Build next level time: 8.0977
Iteration time: 26.5464
Memory used: 2949.1
e_xx: 1.66774e+08, a2_x: 5.53155e+11, currMod: 0.892897
e_xx: 1.79278e+08, a2_x: 3.47118e+11, currMod: 0.95985
e_xx: 1.80784e+08, a2_x: 2.43783e+11, currMod: 0.967915
e_xx: 1.82032e+08, a2_x: 2.76698e+11, currMod: 0.974601
e_xx: 1.82096e+08, a2_x: 2.11124e+11, currMod: 0.974946
e_xx: 1.82192e+08, a2_x: 2.34003e+11, currMod: 0.975454
e_xx: 1.8223e+08, a2_x: 1.96495e+11, currMod: 0.975663
e_xx: 1.82286e+08, a2_x: 2.20936e+11, currMod: 0.975959
e_xx: 1.82282e+08, a2_x: 2.03364e+11, currMod: 0.975942
currMod: 0.975959, prevMod: 0.889879
Louvain time: 5.83233
numClusters: 52464, time: 0.046463
Next phase: 3
Memory used: 2949.1
End Structure 515703 52464 vs 1083862
Build next level time: 0.45471
Iteration time: 6.33467
Memory used: 2949.1
e_xx: 1.82285e+08, a2_x: 2.20688e+11, currMod: 0.975952
e_xx: 1.83087e+08, a2_x: 8.18013e+10, currMod: 0.980252
e_xx: 1.83189e+08, a2_x: 7.67497e+10, currMod: 0.980794
e_xx: 1.83261e+08, a2_x: 6.38349e+10, currMod: 0.981181
e_xx: 1.83222e+08, a2_x: 7.55556e+10, currMod: 0.980971
currMod: 0.981181, prevMod: 0.975959
Louvain time: 1.79261
numClusters: 25691, time: 0.015252
Next phase: 4
Memory used: 2949.1
End Structure 174459 25691 vs 374609
Build next level time: 0.208493
Iteration time: 2.01704
Memory used: 2949.1
e_xx: 1.83261e+08, a2_x: 6.17324e+10, currMod: 0.981161
e_xx: 1.83552e+08, a2_x: 1.89133e+10, currMod: 0.982723
e_xx: 1.83556e+08, a2_x: -1.64498e+09, currMod: 0.982744
e_xx: 1.83557e+08, a2_x: 3.36208e+10, currMod: 0.982746
e_xx: 1.83558e+08, a2_x: 2.09866e+10, currMod: 0.982752
e_xx: 1.83561e+08, a2_x: 2.3419e+10, currMod: 0.982767
e_xx: 1.83559e+08, a2_x: 6.54717e+09, currMod: 0.982756
currMod: 0.982767, prevMod: 0.981181
Louvain time: 1.07418
numClusters: 22150, time: 0.010087
Next phase: 5
Memory used: 2949.1
End Structure 85134 22150 vs 192418
Build next level time: 0.087516
Iteration time: 1.17238
Memory used: 2949.1
e_xx: 1.83561e+08, a2_x: 2.51264e+10, currMod: 0.982763
e_xx: 1.83564e+08, a2_x: 3.05612e+10, currMod: 0.98278
e_xx: 1.83564e+08, a2_x: 2.5821e+10, currMod: 0.982782
e_xx: 1.83564e+08, a2_x: 3.06939e+10, currMod: 0.982782
currMod: 0.982782, prevMod: 0.982767
Louvain time: 0.343655
numClusters: 21984, time: 0.008893
Next phase: 6
Memory used: 2949.1
End Structure 74161 21984 vs 170306
Build next level time: 0.06393
Iteration time: 0.417109
Memory used: 2949.1
e_xx: 1.83564e+08, a2_x: 2.75187e+10, currMod: 0.982782
e_xx: 1.83564e+08, a2_x: 2.44659e+10, currMod: 0.982783
e_xx: 1.83564e+08, a2_x: 2.05796e+10, currMod: 0.982782
currMod: 0.982783, prevMod: 0.982782
Louvain time: 0.233231
numClusters: 21969, time: 0.008852
Next phase: 7
Memory used: 2949.1
End Structure 71550 21969 vs 165069
Build next level time: 0.06254
Iteration time: 0.305404
Memory used: 2949.1
e_xx: 1.83564e+08, a2_x: 2.47489e+10, currMod: 0.982783
e_xx: 1.83564e+08, a2_x: 2.50718e+10, currMod: 0.982783
currMod: 0.982783, prevMod: 0.982783
Louvain time: 0.148997
numClusters: 21969, time: 0.008841
Maximum degree for the graph: 467
Iteration: 0, conflicts: 0
Total number of colors used: 179
Total number of conflicts overall: 0
Number of rounds: 1
SUCCESS: No conflicts found
Number of reordered colors: 179
End position for large colors: 0, node count: 21548, largest: 21548
Node count cutoff: 4394
e_xx: 1.83564e+08, a2_x: 2.50718e+10, currMod: 0.982783
End Structure 71484 21968 vs 164936
currMod: 0.982783, prevMod: 0.982783
numClusters: 21968
Total iteration time: 36.793

Loop 0 <line-37> - Time 0.001282 Total energy consumed 0.055050 Ave. Power Level 42.924211
	-------- Loop 0 (sock 1 consumed 0.019305, avg temp 36.000000, final temp 36 ) ------
	-------- Loop 0 (sock 2 consumed 0.035745, avg temp 33.000000, final temp 33 ) ------
Loop 1 <line-54> - Time 0.000520 Total energy consumed 0.000000 Ave. Power Level 0.000000
	-------- Loop 1 (sock 1 consumed 0.000000, avg temp 36.500000, final temp 36 ) ------
	-------- Loop 1 (sock 2 consumed 0.000000, avg temp 32.500000, final temp 33 ) ------
Loop 2 <line-76> - Time 0.000671 Total energy consumed 0.000000 Ave. Power Level 0.000000
	-------- Loop 2 (sock 1 consumed 0.000000, avg temp 36.500000, final temp 36 ) ------
	-------- Loop 2 (sock 2 consumed 0.000000, avg temp 32.500000, final temp 33 ) ------
Loop 3 <line-170> - Time 0.958255 Total energy consumed 39.737025 Ave. Power Level 41.468104
	-------- Loop 3 (sock 1 consumed 20.566260, avg temp 36.750000, final temp 36 ) ------
	-------- Loop 3 (sock 2 consumed 19.170765, avg temp 32.250000, final temp 33 ) ------
Loop 4 <line-192> - Time 0.000663 Total energy consumed 0.000000 Ave. Power Level 0.000000
	-------- Loop 4 (sock 1 consumed 0.000000, avg temp 36.500000, final temp 36 ) ------
	-------- Loop 4 (sock 2 consumed 0.000000, avg temp 32.500000, final temp 33 ) ------
Loop 5 <line-222> - Time 0.396292 Total energy consumed 16.302345 Ave. Power Level 41.137173
	-------- Loop 5 (sock 1 consumed 7.665300, avg temp 36.000000, final temp 36 ) ------
	-------- Loop 5 (sock 2 consumed 8.637045, avg temp 32.500000, final temp 33 ) ------
Loop 6 <line-115> - Time 0.003505 Total energy consumed 0.056610 Ave. Power Level 16.151236
	-------- Loop 6 (sock 1 consumed 0.038010, avg temp 36.857143, final temp 36 ) ------
	-------- Loop 6 (sock 2 consumed 0.018600, avg temp 32.285714, final temp 32 ) ------
Loop 7 <line-334> - Time 0.921676 Total energy consumed 35.544405 Ave. Power Level 38.564965
	-------- Loop 7 (sock 1 consumed 17.793480, avg temp 36.500000, final temp 36 ) ------
	-------- Loop 7 (sock 2 consumed 17.750925, avg temp 32.500000, final temp 33 ) ------
Loop 8 <line-353> - Time 0.000944 Total energy consumed 0.000000 Ave. Power Level 0.000000
	-------- Loop 8 (sock 1 consumed 0.000000, avg temp 36.500000, final temp 36 ) ------
	-------- Loop 8 (sock 2 consumed 0.000000, avg temp 32.500000, final temp 33 ) ------
Loop 9 <line-375> - Time 0.001893 Total energy consumed 0.079860 Ave. Power Level 42.187072
	-------- Loop 9 (sock 1 consumed 0.053955, avg temp 36.625000, final temp 36 ) ------
	-------- Loop 9 (sock 2 consumed 0.025905, avg temp 32.375000, final temp 33 ) ------
Loop 10 <line-85> - Time 0.279935 Total energy consumed 15.644790 Ave. Power Level 55.887162
	-------- Loop 10 (sock 1 consumed 7.884510, avg temp 36.500000, final temp 36 ) ------
	-------- Loop 10 (sock 2 consumed 7.760280, avg temp 33.000000, final temp 33 ) ------
Loop 11 <line-131> - Time 0.015860 Total energy consumed 0.879465 Ave. Power Level 55.451433
	-------- Loop 11 (sock 1 consumed 0.442590, avg temp 36.500000, final temp 36 ) ------
	-------- Loop 11 (sock 2 consumed 0.436875, avg temp 33.500000, final temp 33 ) ------
Loop 12 <line-167> - Time 0.327713 Total energy consumed 17.339625 Ave. Power Level 52.911002
	-------- Loop 12 (sock 1 consumed 8.791200, avg temp 36.500000, final temp 36 ) ------
	-------- Loop 12 (sock 2 consumed 8.548425, avg temp 32.000000, final temp 32 ) ------
Loop 13 <line-213> - Time 10.860912 Total energy consumed 585.522180 Ave. Power Level 53.910961
	-------- Loop 13 (sock 1 consumed 297.434820, avg temp 37.500000, final temp 37 ) ------
	-------- Loop 13 (sock 2 consumed 288.087360, avg temp 33.000000, final temp 33 ) ------
Loop 14 <line-99> - Time 8.281336 Total energy consumed 331.634160 Ave. Power Level 40.045974
	-------- Loop 14 (sock 1 consumed 170.062965, avg temp 37.285714, final temp 37 ) ------
	-------- Loop 14 (sock 2 consumed 161.571195, avg temp 32.428571, final temp 32 ) ------
Loop 15 <line-160> - Time 0.206770 Total energy consumed 9.001725 Ave. Power Level 43.534986
	-------- Loop 15 (sock 1 consumed 4.564380, avg temp 37.285714, final temp 36 ) ------
	-------- Loop 15 (sock 2 consumed 4.437345, avg temp 32.714286, final temp 33 ) ------
Loop 16 <line-269> - Time 9.369398 Total energy consumed 357.801360 Ave. Power Level 38.188297
	-------- Loop 16 (sock 1 consumed 179.348025, avg temp 36.733333, final temp 36 ) ------
	-------- Loop 16 (sock 2 consumed 178.453335, avg temp 32.233333, final temp 32 ) ------
Loop 17 <line-300> - Time 0.004066 Total energy consumed 0.000000 Ave. Power Level 0.000000
	-------- Loop 17 (sock 1 consumed 0.000000, avg temp 36.833333, final temp 37 ) ------
	-------- Loop 17 (sock 2 consumed 0.000000, avg temp 32.291667, final temp 32 ) ------
Loop 18 <line-147> - Time 0.000626 Total energy consumed 0.000000 Ave. Power Level 0.000000
	-------- Loop 18 (sock 1 consumed 0.000000, avg temp 36.000000, final temp 36 ) ------
	-------- Loop 18 (sock 2 consumed 0.000000, avg temp 33.000000, final temp 33 ) ------
Application(EnergyStat) - Time 65.496295 Total energy consumed 2680.642155 Ave. Power Level 40.928149 Final Temperature socket 1 : 37  socket 2 : 32 
