Memory used: 1.29297
Loading 32-bit binary file: pnnl.bin, numvertices: 2361670, numEdges: 191402826
File read time: 4.23292
Before allocating graph
Allocated graph: 0x7ef550
Processing edges for vertex: 0, range(0, 166)
Processing edges for vertex: 100000, range(58444108, 58444133)
Processing edges for vertex: 200000, range(84376057, 84376362)
Processing edges for vertex: 300000, range(106069163, 106069503)
Processing edges for vertex: 400000, range(122097114, 122097513)
Processing edges for vertex: 500000, range(135096418, 135096483)
Processing edges for vertex: 600000, range(146097008, 146097061)
Processing edges for vertex: 700000, range(155415410, 155415531)
Processing edges for vertex: 800000, range(162595900, 162595989)
Processing edges for vertex: 900000, range(168508374, 168508464)
Processing edges for vertex: 1000000, range(173203321, 173203442)
Processing edges for vertex: 1100000, range(176935100, 176935110)
Processing edges for vertex: 1200000, range(179876260, 179876270)
Processing edges for vertex: 1300000, range(182240081, 182240092)
Processing edges for vertex: 1400000, range(184224513, 184224521)
Processing edges for vertex: 1500000, range(185795161, 185795170)
Processing edges for vertex: 1600000, range(187104124, 187104130)
Processing edges for vertex: 1700000, range(188148455, 188148461)
Processing edges for vertex: 1800000, range(188997836, 188997842)
Processing edges for vertex: 1900000, range(189691532, 189691535)
Processing edges for vertex: 2000000, range(190254658, 190254660)
Processing edges for vertex: 2100000, range(190705814, 190705822)
Processing edges for vertex: 2200000, range(191052755, 191052764)
Processing edges for vertex: 2300000, range(191302662, 191302663)
Graph populate time: 22.559
Total I/O time: 26.792
Running on: 16 threads
Loaded graph from file: pnnl.bin
Memory used: 2949.09
Maximum degree for the graph: 5520
Iteration: 0, conflicts: 48
Iteration: 1, conflicts: 9
Iteration: 2, conflicts: 2
Iteration: 3, conflicts: 0
Total number of colors used: 1195
Total number of conflicts overall: 0
Number of rounds: 4
SUCCESS: No conflicts found
Coloring time: 1.70417
Memory used: 2949.09
Number of reordered colors: 1021
End position for large colors: 0, node count: 550550, largest: 550550
Node count cutoff: 472334
e_xx: 1.2027e+08, a2_x: 6.07302e+11, currMod: 0.628345
e_xx: 1.65043e+08, a2_x: 6.35116e+11, currMod: 0.862266
e_xx: 1.7241e+08, a2_x: 5.2378e+11, currMod: 0.900757
e_xx: 1.75375e+08, a2_x: 5.20066e+11, currMod: 0.916245
e_xx: 1.76761e+08, a2_x: 5.39169e+11, currMod: 0.923486
currMod: 0.916245, prevMod: -1
Louvain time: 18.2436
numClusters: 203465, time: 0.338892
Next phase: 2
Memory used: 2949.09
End Structure 1277044 203465 vs 2755816
Build next level time: 8.12016
Iteration time: 26.7111
Memory used: 2949.09
e_xx: 1.57931e+08, a2_x: 5.41504e+11, currMod: 0.915171
e_xx: 1.6633e+08, a2_x: 3.34365e+11, currMod: 0.963847
e_xx: 1.67502e+08, a2_x: 2.78125e+11, currMod: 0.97064
e_xx: 1.67865e+08, a2_x: 2.77879e+11, currMod: 0.972748
e_xx: 1.67914e+08, a2_x: 2.88327e+11, currMod: 0.973032
e_xx: 1.68017e+08, a2_x: 2.53761e+11, currMod: 0.973628
e_xx: 1.67999e+08, a2_x: 2.84868e+11, currMod: 0.973522
currMod: 0.973628, prevMod: 0.916245
Louvain time: 4.48478
numClusters: 53384, time: 0.049594
Next phase: 3
Memory used: 2949.09
End Structure 522002 53384 vs 1097374
Build next level time: 0.460955
Iteration time: 4.9965
Memory used: 2949.09
e_xx: 1.68017e+08, a2_x: 2.56296e+11, currMod: 0.973606
e_xx: 1.68897e+08, a2_x: 8.83775e+10, currMod: 0.978709
e_xx: 1.68977e+08, a2_x: 6.74527e+10, currMod: 0.979178
e_xx: 1.69079e+08, a2_x: 5.41228e+10, currMod: 0.979768
e_xx: 1.69008e+08, a2_x: 6.66725e+10, currMod: 0.979356
currMod: 0.979768, prevMod: 0.973628
Louvain time: 1.65407
numClusters: 25724, time: 0.015862
Next phase: 4
Memory used: 2949.09
End Structure 183948 25724 vs 393620
Build next level time: 0.231931
Iteration time: 1.90265
Memory used: 2949.09
e_xx: 1.69079e+08, a2_x: 5.55042e+10, currMod: 0.979755
e_xx: 1.69305e+08, a2_x: 2.33705e+10, currMod: 0.981065
e_xx: 1.69331e+08, a2_x: 1.19142e+09, currMod: 0.981216
e_xx: 1.69344e+08, a2_x: -1.6816e+10, currMod: 0.981294
e_xx: 1.69345e+08, a2_x: 8.34043e+09, currMod: 0.981296
e_xx: 1.69346e+08, a2_x: -1.58383e+10, currMod: 0.981304
e_xx: 1.69345e+08, a2_x: 1.52517e+09, currMod: 0.981296
currMod: 0.981304, prevMod: 0.979768
Louvain time: 1.26809
numClusters: 22165, time: 0.010099
Next phase: 5
Memory used: 2949.09
End Structure 85973 22165 vs 194111
Build next level time: 0.093233
Iteration time: 1.37212
Memory used: 2949.09
e_xx: 1.69346e+08, a2_x: -1.58777e+10, currMod: 0.981302
e_xx: 1.6935e+08, a2_x: -1.37556e+09, currMod: 0.981326
e_xx: 1.69351e+08, a2_x: -1.19868e+09, currMod: 0.981328
e_xx: 1.69351e+08, a2_x: -2.20856e+10, currMod: 0.98133
e_xx: 1.69351e+08, a2_x: -9.10217e+09, currMod: 0.981329
currMod: 0.98133, prevMod: 0.981304
Louvain time: 0.433838
numClusters: 21969, time: 0.008938
Next phase: 6
Memory used: 2949.09
End Structure 71178 21969 vs 164325
Build next level time: 0.061997
Iteration time: 0.505547
Memory used: 2949.09
e_xx: 1.69351e+08, a2_x: -2.20856e+10, currMod: 0.98133
e_xx: 1.69351e+08, a2_x: -1.776e+10, currMod: 0.98133
currMod: 0.98133, prevMod: 0.98133
Louvain time: 0.171695
numClusters: 21969, time: 0.008847
Maximum degree for the graph: 460
Iteration: 0, conflicts: 0
Total number of colors used: 178
Total number of conflicts overall: 0
Number of rounds: 1
SUCCESS: No conflicts found
Number of reordered colors: 175
End position for large colors: 0, node count: 21551, largest: 21551
Node count cutoff: 4394
e_xx: 1.69351e+08, a2_x: -2.53252e+10, currMod: 0.98133
End Structure 69496 21956 vs 160948
currMod: 0.98133, prevMod: 0.98133
numClusters: 21956
Total iteration time: 35.4879

Loop 0 <line-37> - Time 0.001532 Total energy consumed 0.076320 Ave. Power Level 49.817167
	-------- Loop 0 (sock 1 consumed 0.040185, avg temp 37.500000, final temp 38 ) ------
	-------- Loop 0 (sock 2 consumed 0.036135, avg temp 32.500000, final temp 32 ) ------
Loop 1 <line-54> - Time 0.000526 Total energy consumed 0.000000 Ave. Power Level 0.000000
	-------- Loop 1 (sock 1 consumed 0.000000, avg temp 37.500000, final temp 38 ) ------
	-------- Loop 1 (sock 2 consumed 0.000000, avg temp 32.000000, final temp 32 ) ------
Loop 2 <line-76> - Time 0.000656 Total energy consumed 0.000000 Ave. Power Level 0.000000
	-------- Loop 2 (sock 1 consumed 0.000000, avg temp 37.500000, final temp 38 ) ------
	-------- Loop 2 (sock 2 consumed 0.000000, avg temp 32.000000, final temp 32 ) ------
Loop 3 <line-170> - Time 1.025074 Total energy consumed 42.035820 Ave. Power Level 41.007603
	-------- Loop 3 (sock 1 consumed 21.941460, avg temp 37.200000, final temp 38 ) ------
	-------- Loop 3 (sock 2 consumed 20.094360, avg temp 32.000000, final temp 32 ) ------
Loop 4 <line-192> - Time 0.000590 Total energy consumed 0.000000 Ave. Power Level 0.000000
	-------- Loop 4 (sock 1 consumed 0.000000, avg temp 37.500000, final temp 38 ) ------
	-------- Loop 4 (sock 2 consumed 0.000000, avg temp 32.000000, final temp 32 ) ------
Loop 5 <line-222> - Time 0.369649 Total energy consumed 15.406095 Ave. Power Level 41.677674
	-------- Loop 5 (sock 1 consumed 7.785690, avg temp 37.000000, final temp 38 ) ------
	-------- Loop 5 (sock 2 consumed 7.620405, avg temp 32.000000, final temp 32 ) ------
Loop 6 <line-115> - Time 0.003514 Total energy consumed 0.164505 Ave. Power Level 46.819968
	-------- Loop 6 (sock 1 consumed 0.057450, avg temp 37.166667, final temp 37 ) ------
	-------- Loop 6 (sock 2 consumed 0.107055, avg temp 32.166667, final temp 32 ) ------
Loop 7 <line-334> - Time 0.919568 Total energy consumed 35.898495 Ave. Power Level 39.038420
	-------- Loop 7 (sock 1 consumed 18.547200, avg temp 37.142857, final temp 38 ) ------
	-------- Loop 7 (sock 2 consumed 17.351295, avg temp 32.285714, final temp 32 ) ------
Loop 8 <line-353> - Time 0.001123 Total energy consumed 0.018840 Ave. Power Level 16.773818
	-------- Loop 8 (sock 1 consumed 0.000000, avg temp 37.142857, final temp 38 ) ------
	-------- Loop 8 (sock 2 consumed 0.018840, avg temp 32.285714, final temp 32 ) ------
Loop 9 <line-375> - Time 0.001563 Total energy consumed 0.000000 Ave. Power Level 0.000000
	-------- Loop 9 (sock 1 consumed 0.000000, avg temp 37.142857, final temp 38 ) ------
	-------- Loop 9 (sock 2 consumed 0.000000, avg temp 32.285714, final temp 32 ) ------
Loop 10 <line-85> - Time 0.283231 Total energy consumed 15.710595 Ave. Power Level 55.469267
	-------- Loop 10 (sock 1 consumed 7.930395, avg temp 37.750000, final temp 38 ) ------
	-------- Loop 10 (sock 2 consumed 7.780200, avg temp 33.000000, final temp 33 ) ------
Loop 11 <line-131> - Time 0.008383 Total energy consumed 0.436080 Ave. Power Level 52.016995
	-------- Loop 11 (sock 1 consumed 0.221340, avg temp 37.500000, final temp 38 ) ------
	-------- Loop 11 (sock 2 consumed 0.214740, avg temp 32.500000, final temp 32 ) ------
Loop 12 <line-167> - Time 0.374229 Total energy consumed 20.009835 Ave. Power Level 53.469535
	-------- Loop 12 (sock 1 consumed 10.173705, avg temp 38.000000, final temp 38 ) ------
	-------- Loop 12 (sock 2 consumed 9.836130, avg temp 33.000000, final temp 33 ) ------
Loop 13 <line-213> - Time 10.723688 Total energy consumed 580.537110 Ave. Power Level 54.135956
	-------- Loop 13 (sock 1 consumed 294.794970, avg temp 38.000000, final temp 38 ) ------
	-------- Loop 13 (sock 2 consumed 285.742140, avg temp 34.166667, final temp 33 ) ------
Loop 14 <line-99> - Time 8.233706 Total energy consumed 329.846940 Ave. Power Level 40.060568
	-------- Loop 14 (sock 1 consumed 170.466705, avg temp 37.333333, final temp 37 ) ------
	-------- Loop 14 (sock 2 consumed 159.380235, avg temp 32.000000, final temp 32 ) ------
Loop 15 <line-160> - Time 0.218936 Total energy consumed 9.596280 Ave. Power Level 43.831495
	-------- Loop 15 (sock 1 consumed 4.805310, avg temp 37.166667, final temp 38 ) ------
	-------- Loop 15 (sock 2 consumed 4.790970, avg temp 32.500000, final temp 33 ) ------
Loop 16 <line-269> - Time 7.961194 Total energy consumed 304.372005 Ave. Power Level 38.231956
	-------- Loop 16 (sock 1 consumed 149.230410, avg temp 36.769231, final temp 37 ) ------
	-------- Loop 16 (sock 2 consumed 155.141595, avg temp 32.192308, final temp 32 ) ------
Loop 17 <line-300> - Time 0.003358 Total energy consumed 0.000000 Ave. Power Level 0.000000
	-------- Loop 17 (sock 1 consumed 0.000000, avg temp 36.714286, final temp 37 ) ------
	-------- Loop 17 (sock 2 consumed 0.000000, avg temp 32.238095, final temp 33 ) ------
Loop 18 <line-147> - Time 0.000553 Total energy consumed 0.000000 Ave. Power Level 0.000000
	-------- Loop 18 (sock 1 consumed 0.000000, avg temp 38.000000, final temp 38 ) ------
	-------- Loop 18 (sock 2 consumed 0.000000, avg temp 32.000000, final temp 32 ) ------
Application(EnergyStat) - Time 64.284572 Total energy consumed 2636.310930 Ave. Power Level 41.010010 Final Temperature socket 1 : 37  socket 2 : 32 
