Memory used: 1.29297
Loading 32-bit binary file: pnnl.bin, numvertices: 2361670, numEdges: 191402826
File read time: 4.23186
Before allocating graph
Allocated graph: 0xe1a550
Processing edges for vertex: 0, range(0, 166)
Processing edges for vertex: 100000, range(58444108, 58444133)
Processing edges for vertex: 200000, range(84376057, 84376362)
Processing edges for vertex: 300000, range(106069163, 106069503)
Processing edges for vertex: 400000, range(122097114, 122097513)
Processing edges for vertex: 500000, range(135096418, 135096483)
Processing edges for vertex: 600000, range(146097008, 146097061)
Processing edges for vertex: 700000, range(155415410, 155415531)
Processing edges for vertex: 800000, range(162595900, 162595989)
Processing edges for vertex: 900000, range(168508374, 168508464)
Processing edges for vertex: 1000000, range(173203321, 173203442)
Processing edges for vertex: 1100000, range(176935100, 176935110)
Processing edges for vertex: 1200000, range(179876260, 179876270)
Processing edges for vertex: 1300000, range(182240081, 182240092)
Processing edges for vertex: 1400000, range(184224513, 184224521)
Processing edges for vertex: 1500000, range(185795161, 185795170)
Processing edges for vertex: 1600000, range(187104124, 187104130)
Processing edges for vertex: 1700000, range(188148455, 188148461)
Processing edges for vertex: 1800000, range(188997836, 188997842)
Processing edges for vertex: 1900000, range(189691532, 189691535)
Processing edges for vertex: 2000000, range(190254658, 190254660)
Processing edges for vertex: 2100000, range(190705814, 190705822)
Processing edges for vertex: 2200000, range(191052755, 191052764)
Processing edges for vertex: 2300000, range(191302662, 191302663)
Graph populate time: 22.5984
Total I/O time: 26.8303
Running on: 16 threads
Loaded graph from file: pnnl.bin
Memory used: 2949.09
Maximum degree for the graph: 5520
Iteration: 0, conflicts: 33
Iteration: 1, conflicts: 7
Iteration: 2, conflicts: 2
Iteration: 3, conflicts: 0
Total number of colors used: 1194
Total number of conflicts overall: 0
Number of rounds: 4
SUCCESS: No conflicts found
Coloring time: 1.74195
Memory used: 2949.09
Number of reordered colors: 1015
End position for large colors: 0, node count: 550510, largest: 550510
Node count cutoff: 472334
e_xx: 1.21721e+08, a2_x: 5.79946e+11, currMod: 0.635926
e_xx: 1.6467e+08, a2_x: 6.22379e+11, currMod: 0.860314
e_xx: 1.71523e+08, a2_x: 5.50175e+11, currMod: 0.896123
e_xx: 1.74281e+08, a2_x: 5.65842e+11, currMod: 0.910531
e_xx: 1.76054e+08, a2_x: 5.27396e+11, currMod: 0.919796
currMod: 0.910531, prevMod: -1
Louvain time: 18.31
numClusters: 204779, time: 0.342847
Next phase: 2
Memory used: 2949.09
End Structure 1309748 204779 vs 2822468
Build next level time: 8.9327
Iteration time: 27.5935
Memory used: 2949.09
e_xx: 1.56703e+08, a2_x: 5.26901e+11, currMod: 0.910813
e_xx: 1.65441e+08, a2_x: 3.44526e+11, currMod: 0.961609
e_xx: 1.66923e+08, a2_x: 3.09812e+11, currMod: 0.970222
e_xx: 1.67297e+08, a2_x: 2.53656e+11, currMod: 0.972397
e_xx: 1.67371e+08, a2_x: 2.86283e+11, currMod: 0.97283
e_xx: 1.67496e+08, a2_x: 2.80391e+11, currMod: 0.973558
e_xx: 1.67475e+08, a2_x: 2.7147e+11, currMod: 0.973433
currMod: 0.973558, prevMod: 0.910531
Louvain time: 4.68841
numClusters: 55583, time: 0.04965
Next phase: 3
Memory used: 2949.09
End Structure 569618 55583 vs 1194805
Build next level time: 0.438244
Iteration time: 5.17806
Memory used: 2949.09
e_xx: 1.67496e+08, a2_x: 2.78664e+11, currMod: 0.973532
e_xx: 1.6835e+08, a2_x: 7.57462e+10, currMod: 0.978499
e_xx: 1.68441e+08, a2_x: 6.98105e+10, currMod: 0.979031
e_xx: 1.68559e+08, a2_x: 7.52298e+10, currMod: 0.979717
e_xx: 1.68502e+08, a2_x: 1.03861e+11, currMod: 0.979382
currMod: 0.979717, prevMod: 0.973558
Louvain time: 1.74992
numClusters: 26062, time: 0.015881
Next phase: 4
Memory used: 2949.09
End Structure 182524 26062 vs 391110
Build next level time: 0.217325
Iteration time: 1.9838
Memory used: 2949.09
e_xx: 1.68559e+08, a2_x: 7.56561e+10, currMod: 0.979702
e_xx: 1.68755e+08, a2_x: -1.03743e+09, currMod: 0.980844
e_xx: 1.68807e+08, a2_x: 2.52669e+10, currMod: 0.981144
e_xx: 1.68808e+08, a2_x: 2.84691e+10, currMod: 0.981151
e_xx: 1.68808e+08, a2_x: 3.34711e+10, currMod: 0.981147
currMod: 0.981151, prevMod: 0.979717
Louvain time: 0.769857
numClusters: 22210, time: 0.010211
Next phase: 5
Memory used: 2949.09
End Structure 92375 22210 vs 206960
Build next level time: 0.093388
Iteration time: 0.874269
Memory used: 2949.09
e_xx: 1.68808e+08, a2_x: 2.98215e+10, currMod: 0.981149
e_xx: 1.68813e+08, a2_x: 2.54298e+10, currMod: 0.981177
e_xx: 1.68814e+08, a2_x: 2.31276e+10, currMod: 0.98118
e_xx: 1.68814e+08, a2_x: 3.24724e+10, currMod: 0.98118
currMod: 0.98118, prevMod: 0.981151
Louvain time: 0.376716
numClusters: 21998, time: 0.008941
Next phase: 6
Memory used: 2949.09
End Structure 80687 21998 vs 183372
Build next level time: 0.067478
Iteration time: 0.453621
Memory used: 2949.09
e_xx: 1.68814e+08, a2_x: 2.01494e+10, currMod: 0.98118
e_xx: 1.68814e+08, a2_x: 1.40091e+10, currMod: 0.98118
currMod: 0.98118, prevMod: 0.98118
Louvain time: 0.165655
numClusters: 21998, time: 0.008842
Maximum degree for the graph: 493
Iteration: 0, conflicts: 0
Total number of colors used: 184
Total number of conflicts overall: 0
Number of rounds: 1
SUCCESS: No conflicts found
Number of reordered colors: 180
End position for large colors: 0, node count: 21548, largest: 21548
Node count cutoff: 4400
e_xx: 1.68818e+08, a2_x: -3.65768e+09, currMod: 0.981207
e_xx: 1.69322e+08, a2_x: -2.61084e+10, currMod: 0.984136
e_xx: 1.69318e+08, a2_x: -3.09975e+10, currMod: 0.984115
End Structure 9267 21683 vs 40217
currMod: 0.984136, prevMod: 0.98118
numClusters: 21683
Total iteration time: 36.0833

Loop 0 <line-37> - Time 0.001535 Total energy consumed 0.037350 Ave. Power Level 24.336941
	-------- Loop 0 (sock 1 consumed 0.019275, avg temp 36.500000, final temp 37 ) ------
	-------- Loop 0 (sock 2 consumed 0.018075, avg temp 33.000000, final temp 33 ) ------
Loop 1 <line-54> - Time 0.000546 Total energy consumed 0.000000 Ave. Power Level 0.000000
	-------- Loop 1 (sock 1 consumed 0.000000, avg temp 37.000000, final temp 37 ) ------
	-------- Loop 1 (sock 2 consumed 0.000000, avg temp 33.500000, final temp 33 ) ------
Loop 2 <line-76> - Time 0.000634 Total energy consumed 0.000000 Ave. Power Level 0.000000
	-------- Loop 2 (sock 1 consumed 0.000000, avg temp 37.000000, final temp 37 ) ------
	-------- Loop 2 (sock 2 consumed 0.000000, avg temp 33.500000, final temp 33 ) ------
Loop 3 <line-170> - Time 1.031371 Total energy consumed 42.291690 Ave. Power Level 41.005303
	-------- Loop 3 (sock 1 consumed 22.108995, avg temp 37.000000, final temp 37 ) ------
	-------- Loop 3 (sock 2 consumed 20.182695, avg temp 33.800000, final temp 33 ) ------
Loop 4 <line-192> - Time 0.000630 Total energy consumed 0.000000 Ave. Power Level 0.000000
	-------- Loop 4 (sock 1 consumed 0.000000, avg temp 37.000000, final temp 37 ) ------
	-------- Loop 4 (sock 2 consumed 0.000000, avg temp 33.500000, final temp 33 ) ------
Loop 5 <line-222> - Time 0.398421 Total energy consumed 16.437570 Ave. Power Level 41.256836
	-------- Loop 5 (sock 1 consumed 7.687395, avg temp 37.000000, final temp 37 ) ------
	-------- Loop 5 (sock 2 consumed 8.750175, avg temp 33.000000, final temp 33 ) ------
Loop 6 <line-115> - Time 0.003454 Total energy consumed 0.073800 Ave. Power Level 21.364614
	-------- Loop 6 (sock 1 consumed 0.038220, avg temp 36.833333, final temp 37 ) ------
	-------- Loop 6 (sock 2 consumed 0.035580, avg temp 32.833333, final temp 34 ) ------
Loop 7 <line-334> - Time 0.923027 Total energy consumed 35.824305 Ave. Power Level 38.811746
	-------- Loop 7 (sock 1 consumed 18.227085, avg temp 37.285714, final temp 37 ) ------
	-------- Loop 7 (sock 2 consumed 17.597220, avg temp 32.857143, final temp 33 ) ------
Loop 8 <line-353> - Time 0.001459 Total energy consumed 0.037620 Ave. Power Level 25.789115
	-------- Loop 8 (sock 1 consumed 0.018315, avg temp 37.285714, final temp 37 ) ------
	-------- Loop 8 (sock 2 consumed 0.019305, avg temp 32.857143, final temp 33 ) ------
Loop 9 <line-375> - Time 0.001490 Total energy consumed 0.000000 Ave. Power Level 0.000000
	-------- Loop 9 (sock 1 consumed 0.000000, avg temp 37.285714, final temp 37 ) ------
	-------- Loop 9 (sock 2 consumed 0.000000, avg temp 32.857143, final temp 33 ) ------
Loop 10 <line-85> - Time 0.275311 Total energy consumed 15.308325 Ave. Power Level 55.603686
	-------- Loop 10 (sock 1 consumed 7.727010, avg temp 36.750000, final temp 37 ) ------
	-------- Loop 10 (sock 2 consumed 7.581315, avg temp 33.250000, final temp 34 ) ------
Loop 11 <line-131> - Time 0.008279 Total energy consumed 0.436740 Ave. Power Level 52.753162
	-------- Loop 11 (sock 1 consumed 0.221490, avg temp 36.500000, final temp 37 ) ------
	-------- Loop 11 (sock 2 consumed 0.215250, avg temp 33.000000, final temp 33 ) ------
Loop 12 <line-167> - Time 0.344016 Total energy consumed 18.373230 Ave. Power Level 53.408070
	-------- Loop 12 (sock 1 consumed 9.294660, avg temp 36.500000, final temp 37 ) ------
	-------- Loop 12 (sock 2 consumed 9.078570, avg temp 33.500000, final temp 34 ) ------
Loop 13 <line-213> - Time 10.805841 Total energy consumed 582.998910 Ave. Power Level 53.952201
	-------- Loop 13 (sock 1 consumed 295.873995, avg temp 37.875000, final temp 37 ) ------
	-------- Loop 13 (sock 2 consumed 287.124915, avg temp 34.375000, final temp 34 ) ------
Loop 14 <line-99> - Time 9.022262 Total energy consumed 355.868145 Ave. Power Level 39.443338
	-------- Loop 14 (sock 1 consumed 177.776730, avg temp 37.500000, final temp 38 ) ------
	-------- Loop 14 (sock 2 consumed 178.091415, avg temp 33.166667, final temp 33 ) ------
Loop 15 <line-160> - Time 0.204588 Total energy consumed 9.111120 Ave. Power Level 44.533885
	-------- Loop 15 (sock 1 consumed 4.625400, avg temp 37.500000, final temp 38 ) ------
	-------- Loop 15 (sock 2 consumed 4.485720, avg temp 32.666667, final temp 33 ) ------
Loop 16 <line-269> - Time 7.699502 Total energy consumed 294.388845 Ave. Power Level 38.234789
	-------- Loop 16 (sock 1 consumed 146.011065, avg temp 37.130435, final temp 37 ) ------
	-------- Loop 16 (sock 2 consumed 148.377780, avg temp 32.782609, final temp 34 ) ------
Loop 17 <line-300> - Time 0.003171 Total energy consumed 0.000000 Ave. Power Level 0.000000
	-------- Loop 17 (sock 1 consumed 0.000000, avg temp 37.222222, final temp 37 ) ------
	-------- Loop 17 (sock 2 consumed 0.000000, avg temp 32.666667, final temp 33 ) ------
Loop 18 <line-147> - Time 0.000601 Total energy consumed 0.000000 Ave. Power Level 0.000000
	-------- Loop 18 (sock 1 consumed 0.000000, avg temp 37.000000, final temp 37 ) ------
	-------- Loop 18 (sock 2 consumed 0.000000, avg temp 33.000000, final temp 33 ) ------
Application(EnergyStat) - Time 64.931073 Total energy consumed 2655.481035 Ave. Power Level 40.896922 Final Temperature socket 1 : 37  socket 2 : 33 
