Memory used: 1.29297
Loading 32-bit binary file: pnnl.bin, numvertices: 2361670, numEdges: 191402826
File read time: 4.38608
Before allocating graph
Allocated graph: 0x20bf550
Processing edges for vertex: 0, range(0, 166)
Processing edges for vertex: 100000, range(58444108, 58444133)
Processing edges for vertex: 200000, range(84376057, 84376362)
Processing edges for vertex: 300000, range(106069163, 106069503)
Processing edges for vertex: 400000, range(122097114, 122097513)
Processing edges for vertex: 500000, range(135096418, 135096483)
Processing edges for vertex: 600000, range(146097008, 146097061)
Processing edges for vertex: 700000, range(155415410, 155415531)
Processing edges for vertex: 800000, range(162595900, 162595989)
Processing edges for vertex: 900000, range(168508374, 168508464)
Processing edges for vertex: 1000000, range(173203321, 173203442)
Processing edges for vertex: 1100000, range(176935100, 176935110)
Processing edges for vertex: 1200000, range(179876260, 179876270)
Processing edges for vertex: 1300000, range(182240081, 182240092)
Processing edges for vertex: 1400000, range(184224513, 184224521)
Processing edges for vertex: 1500000, range(185795161, 185795170)
Processing edges for vertex: 1600000, range(187104124, 187104130)
Processing edges for vertex: 1700000, range(188148455, 188148461)
Processing edges for vertex: 1800000, range(188997836, 188997842)
Processing edges for vertex: 1900000, range(189691532, 189691535)
Processing edges for vertex: 2000000, range(190254658, 190254660)
Processing edges for vertex: 2100000, range(190705814, 190705822)
Processing edges for vertex: 2200000, range(191052755, 191052764)
Processing edges for vertex: 2300000, range(191302662, 191302663)
Graph populate time: 24.0943
Total I/O time: 28.4804
Running on: 16 threads
Loaded graph from file: pnnl.bin
Memory used: 2949.09
Maximum degree for the graph: 5520
Iteration: 0, conflicts: 36
Iteration: 1, conflicts: 0
Total number of colors used: 1194
Total number of conflicts overall: 0
Number of rounds: 2
SUCCESS: No conflicts found
Coloring time: 1.76463
Memory used: 2949.09
Number of reordered colors: 1020
End position for large colors: 0, node count: 550598, largest: 550598
Node count cutoff: 472334
e_xx: 1.19682e+08, a2_x: 6.72463e+11, currMod: 0.625268
e_xx: 1.62568e+08, a2_x: 5.78301e+11, currMod: 0.849332
e_xx: 1.69501e+08, a2_x: 5.68935e+11, currMod: 0.885554
e_xx: 1.72093e+08, a2_x: 5.26289e+11, currMod: 0.899098
e_xx: 1.73202e+08, a2_x: 5.27108e+11, currMod: 0.904894
currMod: 0.899098, prevMod: -1
Louvain time: 18.0582
numClusters: 204565, time: 0.359343
Next phase: 2
Memory used: 2949.09
End Structure 1304424 204565 vs 2811606
Build next level time: 9.356
Iteration time: 27.7832
Memory used: 2949.09
e_xx: 1.6855e+08, a2_x: 5.25937e+11, currMod: 0.902554
e_xx: 1.7898e+08, a2_x: 3.23842e+11, currMod: 0.95841
e_xx: 1.80388e+08, a2_x: 2.89733e+11, currMod: 0.965953
e_xx: 1.81648e+08, a2_x: 2.84658e+11, currMod: 0.972698
e_xx: 1.81805e+08, a2_x: 2.97045e+11, currMod: 0.97354
e_xx: 1.81946e+08, a2_x: 2.7442e+11, currMod: 0.974294
e_xx: 1.81954e+08, a2_x: 2.75733e+11, currMod: 0.974335
e_xx: 1.82017e+08, a2_x: 2.61033e+11, currMod: 0.974674
e_xx: 1.82001e+08, a2_x: 2.81914e+11, currMod: 0.974589
currMod: 0.974674, prevMod: 0.899098
Louvain time: 5.84716
numClusters: 53108, time: 0.048754
Next phase: 3
Memory used: 2949.09
End Structure 527981 53108 vs 1109063
Build next level time: 0.462141
Iteration time: 6.35933
Memory used: 2949.09
e_xx: 1.82016e+08, a2_x: 2.6278e+11, currMod: 0.974667
e_xx: 1.83053e+08, a2_x: 1.53157e+11, currMod: 0.980221
e_xx: 1.83172e+08, a2_x: 5.59221e+10, currMod: 0.980863
e_xx: 1.83288e+08, a2_x: 6.76913e+10, currMod: 0.981482
e_xx: 1.83216e+08, a2_x: 9.35991e+10, currMod: 0.981096
currMod: 0.981482, prevMod: 0.974674
Louvain time: 1.66393
numClusters: 25837, time: 0.015687
Next phase: 4
Memory used: 2949.09
End Structure 175058 25837 vs 375951
Build next level time: 0.18873
Iteration time: 1.87024
Memory used: 2949.09
e_xx: 1.83288e+08, a2_x: 6.50991e+10, currMod: 0.981461
e_xx: 1.83558e+08, a2_x: 1.84201e+10, currMod: 0.982909
e_xx: 1.8353e+08, a2_x: -6.64477e+09, currMod: 0.982762
currMod: 0.982909, prevMod: 0.981482
Louvain time: 0.451945
numClusters: 22657, time: 0.010116
Next phase: 5
Memory used: 2949.09
End Structure 102521 22657 vs 227698
Build next level time: 0.097107
Iteration time: 0.559857
Memory used: 2949.09
e_xx: 1.83558e+08, a2_x: 2.16103e+10, currMod: 0.982905
e_xx: 1.83567e+08, a2_x: -4.34683e+09, currMod: 0.982952
e_xx: 1.8357e+08, a2_x: -6.17486e+09, currMod: 0.982968
e_xx: 1.83573e+08, a2_x: 1.52032e+10, currMod: 0.982985
e_xx: 1.83578e+08, a2_x: 1.36414e+10, currMod: 0.983014
e_xx: 1.83579e+08, a2_x: 1.54621e+10, currMod: 0.983018
e_xx: 1.8358e+08, a2_x: 2.33758e+10, currMod: 0.983023
e_xx: 1.83584e+08, a2_x: 8.91137e+09, currMod: 0.983043
e_xx: 1.83581e+08, a2_x: -1.69221e+09, currMod: 0.983028
currMod: 0.983043, prevMod: 0.982909
Louvain time: 0.915326
numClusters: 21878, time: 0.009206
Next phase: 6
Memory used: 2949.09
End Structure 39321 21878 vs 100520
Build next level time: 0.051156
Iteration time: 0.976139
Memory used: 2949.09
e_xx: 1.83584e+08, a2_x: 9.04768e+09, currMod: 0.983042
e_xx: 1.83584e+08, a2_x: 6.51829e+09, currMod: 0.983045
e_xx: 1.83584e+08, a2_x: 1.31162e+10, currMod: 0.983045
currMod: 0.983045, prevMod: 0.983043
Louvain time: 0.1966
numClusters: 21844, time: 0.008833
Next phase: 7
Memory used: 2949.09
End Structure 38065 21844 vs 97974
Build next level time: 0.038802
Iteration time: 0.244798
Memory used: 2949.09
e_xx: 1.83584e+08, a2_x: 5.95215e+09, currMod: 0.983045
e_xx: 1.83584e+08, a2_x: 5.98809e+09, currMod: 0.983045
currMod: 0.983045, prevMod: 0.983045
Louvain time: 0.080475
numClusters: 21844, time: 0.008855
Maximum degree for the graph: 342
Iteration: 0, conflicts: 0
Total number of colors used: 140
Total number of conflicts overall: 0
Number of rounds: 1
SUCCESS: No conflicts found
Number of reordered colors: 139
End position for large colors: 0, node count: 21545, largest: 21545
Node count cutoff: 4369
e_xx: 1.83584e+08, a2_x: 5.98809e+09, currMod: 0.983045
End Structure 38040 21843 vs 97923
currMod: 0.983045, prevMod: 0.983045
numClusters: 21843
Total iteration time: 37.7936

Loop 0 <line-37> - Time 0.001388 Total energy consumed 0.036465 Ave. Power Level 26.278903
	-------- Loop 0 (sock 1 consumed 0.018285, avg temp 36.500000, final temp 37 ) ------
	-------- Loop 0 (sock 2 consumed 0.018180, avg temp 32.500000, final temp 33 ) ------
Loop 1 <line-54> - Time 0.000510 Total energy consumed 0.000000 Ave. Power Level 0.000000
	-------- Loop 1 (sock 1 consumed 0.000000, avg temp 36.500000, final temp 36 ) ------
	-------- Loop 1 (sock 2 consumed 0.000000, avg temp 33.000000, final temp 33 ) ------
Loop 2 <line-76> - Time 0.000667 Total energy consumed 0.000000 Ave. Power Level 0.000000
	-------- Loop 2 (sock 1 consumed 0.000000, avg temp 36.500000, final temp 36 ) ------
	-------- Loop 2 (sock 2 consumed 0.000000, avg temp 33.000000, final temp 33 ) ------
Loop 3 <line-170> - Time 1.057611 Total energy consumed 43.108215 Ave. Power Level 40.759973
	-------- Loop 3 (sock 1 consumed 21.536115, avg temp 37.000000, final temp 37 ) ------
	-------- Loop 3 (sock 2 consumed 21.572100, avg temp 33.000000, final temp 33 ) ------
Loop 4 <line-192> - Time 0.000649 Total energy consumed 0.000000 Ave. Power Level 0.000000
	-------- Loop 4 (sock 1 consumed 0.000000, avg temp 37.000000, final temp 37 ) ------
	-------- Loop 4 (sock 2 consumed 0.000000, avg temp 33.000000, final temp 33 ) ------
Loop 5 <line-222> - Time 0.377117 Total energy consumed 15.640485 Ave. Power Level 41.473781
	-------- Loop 5 (sock 1 consumed 7.225290, avg temp 37.000000, final temp 37 ) ------
	-------- Loop 5 (sock 2 consumed 8.415195, avg temp 33.000000, final temp 33 ) ------
Loop 6 <line-115> - Time 0.004700 Total energy consumed 0.106155 Ave. Power Level 22.585046
	-------- Loop 6 (sock 1 consumed 0.045390, avg temp 36.714286, final temp 37 ) ------
	-------- Loop 6 (sock 2 consumed 0.060765, avg temp 32.857143, final temp 33 ) ------
Loop 7 <line-334> - Time 0.882994 Total energy consumed 34.709790 Ave. Power Level 39.309188
	-------- Loop 7 (sock 1 consumed 17.542185, avg temp 36.625000, final temp 37 ) ------
	-------- Loop 7 (sock 2 consumed 17.167605, avg temp 32.750000, final temp 33 ) ------
Loop 8 <line-353> - Time 0.001057 Total energy consumed 0.053070 Ave. Power Level 50.215833
	-------- Loop 8 (sock 1 consumed 0.027000, avg temp 36.625000, final temp 37 ) ------
	-------- Loop 8 (sock 2 consumed 0.026070, avg temp 32.750000, final temp 33 ) ------
Loop 9 <line-375> - Time 0.001933 Total energy consumed 0.101760 Ave. Power Level 52.652276
	-------- Loop 9 (sock 1 consumed 0.051495, avg temp 36.750000, final temp 37 ) ------
	-------- Loop 9 (sock 2 consumed 0.050265, avg temp 32.625000, final temp 33 ) ------
Loop 10 <line-85> - Time 0.277278 Total energy consumed 15.036210 Ave. Power Level 54.228019
	-------- Loop 10 (sock 1 consumed 7.615530, avg temp 36.750000, final temp 36 ) ------
	-------- Loop 10 (sock 2 consumed 7.420680, avg temp 34.000000, final temp 35 ) ------
Loop 11 <line-131> - Time 0.009394 Total energy consumed 0.515700 Ave. Power Level 54.896351
	-------- Loop 11 (sock 1 consumed 0.248325, avg temp 36.500000, final temp 36 ) ------
	-------- Loop 11 (sock 2 consumed 0.267375, avg temp 33.500000, final temp 34 ) ------
Loop 12 <line-167> - Time 0.383318 Total energy consumed 20.417010 Ave. Power Level 53.263841
	-------- Loop 12 (sock 1 consumed 10.363035, avg temp 37.000000, final temp 37 ) ------
	-------- Loop 12 (sock 2 consumed 10.053975, avg temp 33.000000, final temp 33 ) ------
Loop 13 <line-213> - Time 10.681665 Total energy consumed 578.526840 Ave. Power Level 54.160735
	-------- Loop 13 (sock 1 consumed 291.929850, avg temp 37.333333, final temp 36 ) ------
	-------- Loop 13 (sock 2 consumed 286.596990, avg temp 34.000000, final temp 34 ) ------
Loop 14 <line-99> - Time 9.447887 Total energy consumed 369.799065 Ave. Power Level 39.140928
	-------- Loop 14 (sock 1 consumed 184.027395, avg temp 37.000000, final temp 37 ) ------
	-------- Loop 14 (sock 2 consumed 185.771670, avg temp 32.857143, final temp 33 ) ------
Loop 15 <line-160> - Time 0.202084 Total energy consumed 9.171585 Ave. Power Level 45.384922
	-------- Loop 15 (sock 1 consumed 4.645095, avg temp 36.857143, final temp 37 ) ------
	-------- Loop 15 (sock 2 consumed 4.526490, avg temp 32.857143, final temp 33 ) ------
Loop 16 <line-269> - Time 9.069092 Total energy consumed 348.511185 Ave. Power Level 38.428454
	-------- Loop 16 (sock 1 consumed 171.849105, avg temp 36.580645, final temp 36 ) ------
	-------- Loop 16 (sock 2 consumed 176.662080, avg temp 32.741935, final temp 33 ) ------
Loop 17 <line-300> - Time 0.027348 Total energy consumed 1.218195 Ave. Power Level 44.543565
	-------- Loop 17 (sock 1 consumed 0.612960, avg temp 36.640000, final temp 37 ) ------
	-------- Loop 17 (sock 2 consumed 0.605235, avg temp 32.680000, final temp 33 ) ------
Loop 18 <line-147> - Time 0.000518 Total energy consumed 0.000000 Ave. Power Level 0.000000
	-------- Loop 18 (sock 1 consumed 0.000000, avg temp 37.000000, final temp 37 ) ------
	-------- Loop 18 (sock 2 consumed 0.000000, avg temp 33.000000, final temp 33 ) ------
Application(EnergyStat) - Time 68.213064 Total energy consumed 2762.526450 Ave. Power Level 40.498495 Final Temperature socket 1 : 36  socket 2 : 33 
