Memory used: 1.28906
Loading 32-bit binary file: pnnl.bin, numvertices: 2361670, numEdges: 191402826
File read time: 4.39759
Before allocating graph
Allocated graph: 0x7ae550
Processing edges for vertex: 0, range(0, 166)
Processing edges for vertex: 100000, range(58444108, 58444133)
Processing edges for vertex: 200000, range(84376057, 84376362)
Processing edges for vertex: 300000, range(106069163, 106069503)
Processing edges for vertex: 400000, range(122097114, 122097513)
Processing edges for vertex: 500000, range(135096418, 135096483)
Processing edges for vertex: 600000, range(146097008, 146097061)
Processing edges for vertex: 700000, range(155415410, 155415531)
Processing edges for vertex: 800000, range(162595900, 162595989)
Processing edges for vertex: 900000, range(168508374, 168508464)
Processing edges for vertex: 1000000, range(173203321, 173203442)
Processing edges for vertex: 1100000, range(176935100, 176935110)
Processing edges for vertex: 1200000, range(179876260, 179876270)
Processing edges for vertex: 1300000, range(182240081, 182240092)
Processing edges for vertex: 1400000, range(184224513, 184224521)
Processing edges for vertex: 1500000, range(185795161, 185795170)
Processing edges for vertex: 1600000, range(187104124, 187104130)
Processing edges for vertex: 1700000, range(188148455, 188148461)
Processing edges for vertex: 1800000, range(188997836, 188997842)
Processing edges for vertex: 1900000, range(189691532, 189691535)
Processing edges for vertex: 2000000, range(190254658, 190254660)
Processing edges for vertex: 2100000, range(190705814, 190705822)
Processing edges for vertex: 2200000, range(191052755, 191052764)
Processing edges for vertex: 2300000, range(191302662, 191302663)
Graph populate time: 24.1926
Total I/O time: 28.5903
Running on: 16 threads
Loaded graph from file: pnnl.bin
Memory used: 2949.09
Maximum degree for the graph: 5520
Iteration: 0, conflicts: 42
Iteration: 1, conflicts: 7
Iteration: 2, conflicts: 3
Iteration: 3, conflicts: 1
Iteration: 4, conflicts: 0
Total number of colors used: 1195
Total number of conflicts overall: 0
Number of rounds: 5
SUCCESS: No conflicts found
Coloring time: 2.12781
Memory used: 2949.09
Number of reordered colors: 1043
End position for large colors: 0, node count: 550599, largest: 550599
Node count cutoff: 472334
e_xx: 1.20104e+08, a2_x: 6.53513e+11, currMod: 0.627477
e_xx: 1.66282e+08, a2_x: 6.0156e+11, currMod: 0.86874
e_xx: 1.73229e+08, a2_x: 5.47179e+11, currMod: 0.905034
e_xx: 1.76012e+08, a2_x: 5.48124e+11, currMod: 0.919573
e_xx: 1.77426e+08, a2_x: 5.44958e+11, currMod: 0.92696
currMod: 0.919573, prevMod: -1
Louvain time: 19.7985
numClusters: 204638, time: 0.305585
Next phase: 2
Memory used: 2949.09
End Structure 1310227 204638 vs 2823301
Build next level time: 10.501
Iteration time: 30.6141
Memory used: 2949.09
e_xx: 1.54908e+08, a2_x: 5.46753e+11, currMod: 0.917261
e_xx: 1.62366e+08, a2_x: 3.65643e+11, currMod: 0.961428
e_xx: 1.63657e+08, a2_x: 2.73307e+11, currMod: 0.969075
e_xx: 1.63948e+08, a2_x: 2.07616e+11, currMod: 0.970799
e_xx: 1.64035e+08, a2_x: 2.53996e+11, currMod: 0.971311
e_xx: 1.64124e+08, a2_x: 2.14928e+11, currMod: 0.971844
e_xx: 1.64129e+08, a2_x: 2.42147e+11, currMod: 0.971869
e_xx: 1.64176e+08, a2_x: 2.24623e+11, currMod: 0.97215
e_xx: 1.64167e+08, a2_x: 2.2851e+11, currMod: 0.972098
currMod: 0.97215, prevMod: 0.919573
Louvain time: 5.97396
numClusters: 54188, time: 0.048797
Next phase: 3
Memory used: 2949.09
End Structure 568147 54188 vs 1190477
Build next level time: 0.544745
Iteration time: 6.57036
Memory used: 2949.09
e_xx: 1.64176e+08, a2_x: 2.28758e+11, currMod: 0.972122
e_xx: 1.65149e+08, a2_x: 9.62354e+10, currMod: 0.977889
e_xx: 1.65326e+08, a2_x: 9.22254e+10, currMod: 0.978939
e_xx: 1.65388e+08, a2_x: 8.94368e+10, currMod: 0.979304
e_xx: 1.65374e+08, a2_x: 4.62097e+10, currMod: 0.979223
currMod: 0.979304, prevMod: 0.97215
Louvain time: 1.89706
numClusters: 26099, time: 0.016013
Next phase: 4
Memory used: 2949.09
End Structure 194982 26099 vs 416063
Build next level time: 0.214294
Iteration time: 2.12811
Memory used: 2949.09
e_xx: 1.65388e+08, a2_x: 8.99614e+10, currMod: 0.97929
e_xx: 1.65604e+08, a2_x: 1.14242e+10, currMod: 0.980571
e_xx: 1.65509e+08, a2_x: 2.73595e+10, currMod: 0.980009
currMod: 0.980571, prevMod: 0.979304
Louvain time: 0.501706
numClusters: 22748, time: 0.010163
Next phase: 5
Memory used: 2949.09
End Structure 114417 22748 vs 251582
Build next level time: 0.10254
Iteration time: 0.615168
Memory used: 2949.09
e_xx: 1.65604e+08, a2_x: 1.14329e+10, currMod: 0.980568
e_xx: 1.65674e+08, a2_x: 3.201e+09, currMod: 0.980988
e_xx: 1.65676e+08, a2_x: -3.22331e+10, currMod: 0.981
e_xx: 1.65676e+08, a2_x: -2.61349e+10, currMod: 0.981
currMod: 0.981, prevMod: 0.980571
Louvain time: 0.442942
numClusters: 22057, time: 0.00923
Next phase: 6
Memory used: 2949.09
End Structure 80341 22057 vs 182739
Build next level time: 0.071801
Iteration time: 0.524459
Memory used: 2949.09
e_xx: 1.65676e+08, a2_x: -3.06301e+10, currMod: 0.980999
e_xx: 1.65676e+08, a2_x: -2.76776e+10, currMod: 0.981001
e_xx: 1.65677e+08, a2_x: -3.52166e+10, currMod: 0.981005
e_xx: 1.65677e+08, a2_x: -4.13514e+10, currMod: 0.981005
currMod: 0.981005, prevMod: 0.981
Louvain time: 0.335992
numClusters: 21964, time: 0.008927
Next phase: 7
Memory used: 2949.09
End Structure 70413 21964 vs 162790
Build next level time: 0.086168
Iteration time: 0.431669
Memory used: 2949.09
e_xx: 1.65677e+08, a2_x: -3.47984e+10, currMod: 0.981005
e_xx: 1.65677e+08, a2_x: -3.41224e+10, currMod: 0.981005
currMod: 0.981005, prevMod: 0.981005
Louvain time: 0.146601
numClusters: 21964, time: 0.008838
Maximum degree for the graph: 457
Iteration: 0, conflicts: 0
Total number of colors used: 176
Total number of conflicts overall: 0
Number of rounds: 1
SUCCESS: No conflicts found
Number of reordered colors: 176
End position for large colors: 0, node count: 21547, largest: 21547
Node count cutoff: 4393
e_xx: 1.65865e+08, a2_x: -1.52098e+10, currMod: 0.982117
e_xx: 1.65854e+08, a2_x: -1.49225e+10, currMod: 0.982053
End Structure 15788 21723 vs 53299
currMod: 0.982117, prevMod: 0.981005
numClusters: 21723
Total iteration time: 40.8839

Loop 0 <line-37> - Time 0.001375 Total energy consumed 0.054375 Ave. Power Level 39.540767
	-------- Loop 0 (sock 1 consumed 0.018315, avg temp 36.500000, final temp 36 ) ------
	-------- Loop 0 (sock 2 consumed 0.036060, avg temp 32.500000, final temp 33 ) ------
Loop 1 <line-54> - Time 0.000576 Total energy consumed 0.000000 Ave. Power Level 0.000000
	-------- Loop 1 (sock 1 consumed 0.000000, avg temp 36.500000, final temp 36 ) ------
	-------- Loop 1 (sock 2 consumed 0.000000, avg temp 32.500000, final temp 33 ) ------
Loop 2 <line-76> - Time 0.000602 Total energy consumed 0.000000 Ave. Power Level 0.000000
	-------- Loop 2 (sock 1 consumed 0.000000, avg temp 36.500000, final temp 36 ) ------
	-------- Loop 2 (sock 2 consumed 0.000000, avg temp 32.500000, final temp 33 ) ------
Loop 3 <line-170> - Time 1.430955 Total energy consumed 57.192255 Ave. Power Level 39.967903
	-------- Loop 3 (sock 1 consumed 28.025940, avg temp 36.833333, final temp 36 ) ------
	-------- Loop 3 (sock 2 consumed 29.166315, avg temp 33.000000, final temp 33 ) ------
Loop 4 <line-192> - Time 0.000615 Total energy consumed 0.000000 Ave. Power Level 0.000000
	-------- Loop 4 (sock 1 consumed 0.000000, avg temp 36.500000, final temp 36 ) ------
	-------- Loop 4 (sock 2 consumed 0.000000, avg temp 33.000000, final temp 33 ) ------
Loop 5 <line-222> - Time 0.370288 Total energy consumed 15.448230 Ave. Power Level 41.719499
	-------- Loop 5 (sock 1 consumed 7.843005, avg temp 36.500000, final temp 36 ) ------
	-------- Loop 5 (sock 2 consumed 7.605225, avg temp 33.000000, final temp 33 ) ------
Loop 6 <line-115> - Time 0.003552 Total energy consumed 0.000000 Ave. Power Level 0.000000
	-------- Loop 6 (sock 1 consumed 0.000000, avg temp 37.000000, final temp 37 ) ------
	-------- Loop 6 (sock 2 consumed 0.000000, avg temp 33.000000, final temp 34 ) ------
Loop 7 <line-334> - Time 0.922779 Total energy consumed 35.557545 Ave. Power Level 38.533112
	-------- Loop 7 (sock 1 consumed 17.534580, avg temp 36.875000, final temp 36 ) ------
	-------- Loop 7 (sock 2 consumed 18.022965, avg temp 32.875000, final temp 33 ) ------
Loop 8 <line-353> - Time 0.000705 Total energy consumed 0.000000 Ave. Power Level 0.000000
	-------- Loop 8 (sock 1 consumed 0.000000, avg temp 36.875000, final temp 36 ) ------
	-------- Loop 8 (sock 2 consumed 0.000000, avg temp 32.875000, final temp 33 ) ------
Loop 9 <line-375> - Time 0.001559 Total energy consumed 0.000000 Ave. Power Level 0.000000
	-------- Loop 9 (sock 1 consumed 0.000000, avg temp 36.875000, final temp 36 ) ------
	-------- Loop 9 (sock 2 consumed 0.000000, avg temp 32.875000, final temp 33 ) ------
Loop 10 <line-85> - Time 0.281703 Total energy consumed 15.148335 Ave. Power Level 53.774185
	-------- Loop 10 (sock 1 consumed 7.653015, avg temp 36.750000, final temp 36 ) ------
	-------- Loop 10 (sock 2 consumed 7.495320, avg temp 33.000000, final temp 33 ) ------
Loop 11 <line-131> - Time 0.008906 Total energy consumed 0.462780 Ave. Power Level 51.960954
	-------- Loop 11 (sock 1 consumed 0.221115, avg temp 36.500000, final temp 36 ) ------
	-------- Loop 11 (sock 2 consumed 0.241665, avg temp 33.000000, final temp 33 ) ------
Loop 12 <line-167> - Time 0.369315 Total energy consumed 20.120655 Ave. Power Level 54.481075
	-------- Loop 12 (sock 1 consumed 10.141560, avg temp 37.000000, final temp 37 ) ------
	-------- Loop 12 (sock 2 consumed 9.979095, avg temp 33.000000, final temp 33 ) ------
Loop 13 <line-213> - Time 12.320504 Total energy consumed 652.909770 Ave. Power Level 52.993756
	-------- Loop 13 (sock 1 consumed 330.261435, avg temp 37.571429, final temp 37 ) ------
	-------- Loop 13 (sock 2 consumed 322.648335, avg temp 33.571429, final temp 33 ) ------
Loop 14 <line-99> - Time 10.662235 Total energy consumed 417.848415 Ave. Power Level 39.189571
	-------- Loop 14 (sock 1 consumed 204.440355, avg temp 37.285714, final temp 36 ) ------
	-------- Loop 14 (sock 2 consumed 213.408060, avg temp 33.000000, final temp 32 ) ------
Loop 15 <line-160> - Time 0.220724 Total energy consumed 9.611970 Ave. Power Level 43.547543
	-------- Loop 15 (sock 1 consumed 4.778040, avg temp 37.285714, final temp 37 ) ------
	-------- Loop 15 (sock 2 consumed 4.833930, avg temp 32.857143, final temp 32 ) ------
Loop 16 <line-269> - Time 9.243255 Total energy consumed 357.289755 Ave. Power Level 38.654105
	-------- Loop 16 (sock 1 consumed 175.324695, avg temp 36.925926, final temp 36 ) ------
	-------- Loop 16 (sock 2 consumed 181.965060, avg temp 32.666667, final temp 33 ) ------
Loop 17 <line-300> - Time 0.003830 Total energy consumed 0.000000 Ave. Power Level 0.000000
	-------- Loop 17 (sock 1 consumed 0.000000, avg temp 37.000000, final temp 37 ) ------
	-------- Loop 17 (sock 2 consumed 0.000000, avg temp 32.571429, final temp 32 ) ------
Loop 18 <line-147> - Time 0.000614 Total energy consumed 0.000000 Ave. Power Level 0.000000
	-------- Loop 18 (sock 1 consumed 0.000000, avg temp 36.000000, final temp 36 ) ------
	-------- Loop 18 (sock 2 consumed 0.000000, avg temp 33.000000, final temp 33 ) ------
Application(EnergyStat) - Time 71.866964 Total energy consumed 2916.147315 Ave. Power Level 40.577021 Final Temperature socket 1 : 37  socket 2 : 33 
