Memory used: 1.29297
Loading 32-bit binary file: pnnl.bin, numvertices: 2361670, numEdges: 191402826
File read time: 4.23384
Before allocating graph
Allocated graph: 0x21a8550
Processing edges for vertex: 0, range(0, 166)
Processing edges for vertex: 100000, range(58444108, 58444133)
Processing edges for vertex: 200000, range(84376057, 84376362)
Processing edges for vertex: 300000, range(106069163, 106069503)
Processing edges for vertex: 400000, range(122097114, 122097513)
Processing edges for vertex: 500000, range(135096418, 135096483)
Processing edges for vertex: 600000, range(146097008, 146097061)
Processing edges for vertex: 700000, range(155415410, 155415531)
Processing edges for vertex: 800000, range(162595900, 162595989)
Processing edges for vertex: 900000, range(168508374, 168508464)
Processing edges for vertex: 1000000, range(173203321, 173203442)
Processing edges for vertex: 1100000, range(176935100, 176935110)
Processing edges for vertex: 1200000, range(179876260, 179876270)
Processing edges for vertex: 1300000, range(182240081, 182240092)
Processing edges for vertex: 1400000, range(184224513, 184224521)
Processing edges for vertex: 1500000, range(185795161, 185795170)
Processing edges for vertex: 1600000, range(187104124, 187104130)
Processing edges for vertex: 1700000, range(188148455, 188148461)
Processing edges for vertex: 1800000, range(188997836, 188997842)
Processing edges for vertex: 1900000, range(189691532, 189691535)
Processing edges for vertex: 2000000, range(190254658, 190254660)
Processing edges for vertex: 2100000, range(190705814, 190705822)
Processing edges for vertex: 2200000, range(191052755, 191052764)
Processing edges for vertex: 2300000, range(191302662, 191302663)
Graph populate time: 22.5607
Total I/O time: 26.7946
Running on: 16 threads
Loaded graph from file: pnnl.bin
Memory used: 2949.09
Maximum degree for the graph: 5520
Iteration: 0, conflicts: 57
Iteration: 1, conflicts: 11
Iteration: 2, conflicts: 5
Iteration: 3, conflicts: 1
Iteration: 4, conflicts: 0
Total number of colors used: 1189
Total number of conflicts overall: 0
Number of rounds: 5
SUCCESS: No conflicts found
Coloring time: 1.73325
Memory used: 2949.09
Number of reordered colors: 1017
End position for large colors: 0, node count: 550551, largest: 550551
Node count cutoff: 472334
e_xx: 1.21089e+08, a2_x: 6.88199e+11, currMod: 0.632623
e_xx: 1.67258e+08, a2_x: 5.97361e+11, currMod: 0.873835
e_xx: 1.73405e+08, a2_x: 5.43936e+11, currMod: 0.905954
e_xx: 1.75869e+08, a2_x: 5.06632e+11, currMod: 0.918828
e_xx: 1.7718e+08, a2_x: 5.44869e+11, currMod: 0.925675
currMod: 0.918828, prevMod: -1
Louvain time: 18.1709
numClusters: 204361, time: 0.303138
Next phase: 2
Memory used: 2949.09
End Structure 1290451 204361 vs 2783494
Build next level time: 8.49361
Iteration time: 26.976
Memory used: 2949.09
e_xx: 1.55035e+08, a2_x: 5.4662e+11, currMod: 0.915989
e_xx: 1.62839e+08, a2_x: 3.60375e+11, currMod: 0.962108
e_xx: 1.64237e+08, a2_x: 2.65027e+11, currMod: 0.970368
e_xx: 1.64568e+08, a2_x: 2.8121e+11, currMod: 0.972327
e_xx: 1.64716e+08, a2_x: 2.97004e+11, currMod: 0.973202
e_xx: 1.64779e+08, a2_x: 2.65928e+11, currMod: 0.973576
e_xx: 1.6483e+08, a2_x: 2.77308e+11, currMod: 0.973875
e_xx: 1.64853e+08, a2_x: 2.75675e+11, currMod: 0.974012
e_xx: 1.64879e+08, a2_x: 2.84965e+11, currMod: 0.974161
e_xx: 1.64882e+08, a2_x: 2.81495e+11, currMod: 0.97418
e_xx: 1.64902e+08, a2_x: 2.71955e+11, currMod: 0.9743
e_xx: 1.64898e+08, a2_x: 2.83078e+11, currMod: 0.974277
currMod: 0.9743, prevMod: 0.918828
Louvain time: 6.9557
numClusters: 43498, time: 0.040994
Next phase: 3
Memory used: 2949.09
End Structure 381899 43498 vs 807292
Build next level time: 0.659893
Iteration time: 7.65834
Memory used: 2949.09
e_xx: 1.64902e+08, a2_x: 2.72288e+11, currMod: 0.974266
e_xx: 1.65732e+08, a2_x: 9.22954e+10, currMod: 0.979176
e_xx: 1.65864e+08, a2_x: 5.58568e+10, currMod: 0.979956
e_xx: 1.65895e+08, a2_x: 5.53913e+10, currMod: 0.980144
e_xx: 1.65905e+08, a2_x: 7.53821e+10, currMod: 0.980199
e_xx: 1.6591e+08, a2_x: 7.03636e+10, currMod: 0.980228
e_xx: 1.65907e+08, a2_x: 6.77198e+10, currMod: 0.980211
currMod: 0.980228, prevMod: 0.9743
Louvain time: 1.94454
numClusters: 24245, time: 0.01369
Next phase: 4
Memory used: 2949.09
End Structure 153833 24245 vs 331911
Build next level time: 0.168987
Iteration time: 2.12793
Memory used: 2949.09
e_xx: 1.6591e+08, a2_x: 6.75437e+10, currMod: 0.98022
e_xx: 1.66007e+08, a2_x: 1.4467e+10, currMod: 0.980797
e_xx: 1.65992e+08, a2_x: 1.85622e+10, currMod: 0.980709
currMod: 0.980797, prevMod: 0.980228
Louvain time: 0.541929
numClusters: 22535, time: 0.009646
Next phase: 5
Memory used: 2949.09
End Structure 107823 22535 vs 238181
Build next level time: 0.093682
Iteration time: 0.645885
Memory used: 2949.09
e_xx: 1.66007e+08, a2_x: 1.65734e+10, currMod: 0.980796
e_xx: 1.66015e+08, a2_x: -5.73968e+09, currMod: 0.980843
e_xx: 1.66016e+08, a2_x: 8.19113e+09, currMod: 0.980849
e_xx: 1.66017e+08, a2_x: 2.86837e+09, currMod: 0.980852
e_xx: 1.66017e+08, a2_x: 6.4204e+08, currMod: 0.980853
currMod: 0.980852, prevMod: 0.980797
Louvain time: 0.541581
numClusters: 22073, time: 0.009095
Next phase: 6
Memory used: 2949.09
End Structure 83456 22073 vs 188985
Build next level time: 0.082146
Iteration time: 0.633261
Memory used: 2949.09
e_xx: 1.66017e+08, a2_x: 3.86415e+09, currMod: 0.980851
e_xx: 1.66017e+08, a2_x: 4.5439e+09, currMod: 0.980852
currMod: 0.980852, prevMod: 0.980852
Louvain time: 0.172179
numClusters: 22073, time: 0.008896
Maximum degree for the graph: 562
Iteration: 0, conflicts: 0
Total number of colors used: 174
Total number of conflicts overall: 0
Number of rounds: 1
SUCCESS: No conflicts found
Number of reordered colors: 172
End position for large colors: 0, node count: 21604, largest: 21604
Node count cutoff: 4415
e_xx: 1.66075e+08, a2_x: 1.06325e+10, currMod: 0.981197
e_xx: 1.66631e+08, a2_x: 1.0798e+10, currMod: 0.984482
e_xx: 1.66986e+08, a2_x: -3.50995e+09, currMod: 0.98658
e_xx: 1.68707e+08, a2_x: -5.59574e+09, currMod: 0.99675
e_xx: 1.67996e+08, a2_x: -1.0003e+10, currMod: 0.99255
End Structure 2028 21657 vs 25713
currMod: 0.99675, prevMod: 0.980852
numClusters: 21657
Total iteration time: 38.0414

Loop 0 <line-37> - Time 0.001345 Total energy consumed 0.074145 Ave. Power Level 55.124058
	-------- Loop 0 (sock 1 consumed 0.038340, avg temp 37.000000, final temp 37 ) ------
	-------- Loop 0 (sock 2 consumed 0.035805, avg temp 32.500000, final temp 33 ) ------
Loop 1 <line-54> - Time 0.000481 Total energy consumed 0.000000 Ave. Power Level 0.000000
	-------- Loop 1 (sock 1 consumed 0.000000, avg temp 36.500000, final temp 37 ) ------
	-------- Loop 1 (sock 2 consumed 0.000000, avg temp 33.000000, final temp 33 ) ------
Loop 2 <line-76> - Time 0.000638 Total energy consumed 0.000000 Ave. Power Level 0.000000
	-------- Loop 2 (sock 1 consumed 0.000000, avg temp 36.500000, final temp 37 ) ------
	-------- Loop 2 (sock 2 consumed 0.000000, avg temp 33.000000, final temp 33 ) ------
Loop 3 <line-170> - Time 1.027675 Total energy consumed 42.175545 Ave. Power Level 41.039788
	-------- Loop 3 (sock 1 consumed 21.784005, avg temp 37.000000, final temp 37 ) ------
	-------- Loop 3 (sock 2 consumed 20.391540, avg temp 32.166667, final temp 33 ) ------
Loop 4 <line-192> - Time 0.000632 Total energy consumed 0.000000 Ave. Power Level 0.000000
	-------- Loop 4 (sock 1 consumed 0.000000, avg temp 37.000000, final temp 37 ) ------
	-------- Loop 4 (sock 2 consumed 0.000000, avg temp 32.500000, final temp 33 ) ------
Loop 5 <line-222> - Time 0.396152 Total energy consumed 16.426800 Ave. Power Level 41.465922
	-------- Loop 5 (sock 1 consumed 7.786545, avg temp 37.000000, final temp 37 ) ------
	-------- Loop 5 (sock 2 consumed 8.640255, avg temp 33.000000, final temp 33 ) ------
Loop 6 <line-115> - Time 0.002779 Total energy consumed 0.000000 Ave. Power Level 0.000000
	-------- Loop 6 (sock 1 consumed 0.000000, avg temp 37.000000, final temp 37 ) ------
	-------- Loop 6 (sock 2 consumed 0.000000, avg temp 32.666667, final temp 32 ) ------
Loop 7 <line-334> - Time 0.917203 Total energy consumed 35.374350 Ave. Power Level 38.567655
	-------- Loop 7 (sock 1 consumed 17.181330, avg temp 36.857143, final temp 37 ) ------
	-------- Loop 7 (sock 2 consumed 18.193020, avg temp 32.714286, final temp 33 ) ------
Loop 8 <line-353> - Time 0.000821 Total energy consumed 0.000000 Ave. Power Level 0.000000
	-------- Loop 8 (sock 1 consumed 0.000000, avg temp 36.857143, final temp 37 ) ------
	-------- Loop 8 (sock 2 consumed 0.000000, avg temp 32.714286, final temp 33 ) ------
Loop 9 <line-375> - Time 0.001536 Total energy consumed 0.000000 Ave. Power Level 0.000000
	-------- Loop 9 (sock 1 consumed 0.000000, avg temp 36.857143, final temp 37 ) ------
	-------- Loop 9 (sock 2 consumed 0.000000, avg temp 32.714286, final temp 33 ) ------
Loop 10 <line-85> - Time 0.279967 Total energy consumed 15.146790 Ave. Power Level 54.102056
	-------- Loop 10 (sock 1 consumed 7.653540, avg temp 37.000000, final temp 36 ) ------
	-------- Loop 10 (sock 2 consumed 7.493250, avg temp 33.000000, final temp 33 ) ------
Loop 11 <line-131> - Time 0.008563 Total energy consumed 0.436335 Ave. Power Level 50.956458
	-------- Loop 11 (sock 1 consumed 0.221205, avg temp 37.500000, final temp 37 ) ------
	-------- Loop 11 (sock 2 consumed 0.215130, avg temp 32.500000, final temp 33 ) ------
Loop 12 <line-167> - Time 0.246700 Total energy consumed 13.094835 Ave. Power Level 53.080059
	-------- Loop 12 (sock 1 consumed 6.630000, avg temp 37.500000, final temp 37 ) ------
	-------- Loop 12 (sock 2 consumed 6.464835, avg temp 33.000000, final temp 33 ) ------
Loop 13 <line-213> - Time 10.826442 Total energy consumed 583.423860 Ave. Power Level 53.888789
	-------- Loop 13 (sock 1 consumed 295.855830, avg temp 37.900000, final temp 38 ) ------
	-------- Loop 13 (sock 2 consumed 287.568030, avg temp 33.500000, final temp 33 ) ------
Loop 14 <line-99> - Time 8.821711 Total energy consumed 357.701745 Ave. Power Level 40.547887
	-------- Loop 14 (sock 1 consumed 185.133330, avg temp 37.166667, final temp 37 ) ------
	-------- Loop 14 (sock 2 consumed 172.568415, avg temp 32.833333, final temp 33 ) ------
Loop 15 <line-160> - Time 0.183075 Total energy consumed 8.231445 Ave. Power Level 44.962264
	-------- Loop 15 (sock 1 consumed 4.134975, avg temp 37.333333, final temp 37 ) ------
	-------- Loop 15 (sock 2 consumed 4.096470, avg temp 32.666667, final temp 33 ) ------
Loop 16 <line-269> - Time 10.107609 Total energy consumed 386.510055 Ave. Power Level 38.239516
	-------- Loop 16 (sock 1 consumed 189.940215, avg temp 37.068966, final temp 37 ) ------
	-------- Loop 16 (sock 2 consumed 196.569840, avg temp 32.758621, final temp 32 ) ------
Loop 17 <line-300> - Time 0.004839 Total energy consumed 0.000000 Ave. Power Level 0.000000
	-------- Loop 17 (sock 1 consumed 0.000000, avg temp 37.041667, final temp 37 ) ------
	-------- Loop 17 (sock 2 consumed 0.000000, avg temp 32.791667, final temp 32 ) ------
Loop 18 <line-147> - Time 0.000491 Total energy consumed 0.000000 Ave. Power Level 0.000000
	-------- Loop 18 (sock 1 consumed 0.000000, avg temp 37.000000, final temp 37 ) ------
	-------- Loop 18 (sock 2 consumed 0.000000, avg temp 33.000000, final temp 33 ) ------
Application(EnergyStat) - Time 66.862556 Total energy consumed 2737.873200 Ave. Power Level 40.947780 Final Temperature socket 1 : 37  socket 2 : 33 
