Memory used: 1.28906
Loading 32-bit binary file: pnnl.bin, numvertices: 2361670, numEdges: 191402826
File read time: 4.23228
Before allocating graph
Allocated graph: 0x1a9e550
Processing edges for vertex: 0, range(0, 166)
Processing edges for vertex: 100000, range(58444108, 58444133)
Processing edges for vertex: 200000, range(84376057, 84376362)
Processing edges for vertex: 300000, range(106069163, 106069503)
Processing edges for vertex: 400000, range(122097114, 122097513)
Processing edges for vertex: 500000, range(135096418, 135096483)
Processing edges for vertex: 600000, range(146097008, 146097061)
Processing edges for vertex: 700000, range(155415410, 155415531)
Processing edges for vertex: 800000, range(162595900, 162595989)
Processing edges for vertex: 900000, range(168508374, 168508464)
Processing edges for vertex: 1000000, range(173203321, 173203442)
Processing edges for vertex: 1100000, range(176935100, 176935110)
Processing edges for vertex: 1200000, range(179876260, 179876270)
Processing edges for vertex: 1300000, range(182240081, 182240092)
Processing edges for vertex: 1400000, range(184224513, 184224521)
Processing edges for vertex: 1500000, range(185795161, 185795170)
Processing edges for vertex: 1600000, range(187104124, 187104130)
Processing edges for vertex: 1700000, range(188148455, 188148461)
Processing edges for vertex: 1800000, range(188997836, 188997842)
Processing edges for vertex: 1900000, range(189691532, 189691535)
Processing edges for vertex: 2000000, range(190254658, 190254660)
Processing edges for vertex: 2100000, range(190705814, 190705822)
Processing edges for vertex: 2200000, range(191052755, 191052764)
Processing edges for vertex: 2300000, range(191302662, 191302663)
Graph populate time: 22.5466
Total I/O time: 26.7789
Running on: 16 threads
Loaded graph from file: pnnl.bin
Memory used: 2949.09
Maximum degree for the graph: 5520
Iteration: 0, conflicts: 36
Iteration: 1, conflicts: 7
Iteration: 2, conflicts: 2
Iteration: 3, conflicts: 0
Total number of colors used: 1189
Total number of conflicts overall: 0
Number of rounds: 4
SUCCESS: No conflicts found
Coloring time: 1.67888
Memory used: 2949.09
Number of reordered colors: 1009
End position for large colors: 0, node count: 550630, largest: 550630
Node count cutoff: 472334
e_xx: 1.19263e+08, a2_x: 6.09707e+11, currMod: 0.623082
e_xx: 1.65138e+08, a2_x: 5.83813e+11, currMod: 0.862759
e_xx: 1.72578e+08, a2_x: 5.53234e+11, currMod: 0.901635
e_xx: 1.75361e+08, a2_x: 5.46793e+11, currMod: 0.916171
e_xx: 1.76639e+08, a2_x: 5.09638e+11, currMod: 0.922849
currMod: 0.916171, prevMod: -1
Louvain time: 18.1221
numClusters: 203596, time: 0.339702
Next phase: 2
Memory used: 2949.09
End Structure 1260747 203596 vs 2723135
Build next level time: 8.1833
Iteration time: 26.6539
Memory used: 2949.09
e_xx: 1.57289e+08, a2_x: 5.08676e+11, currMod: 0.914209
e_xx: 1.6567e+08, a2_x: 3.12491e+11, currMod: 0.962929
e_xx: 1.67071e+08, a2_x: 2.81417e+11, currMod: 0.971072
e_xx: 1.67401e+08, a2_x: 2.70788e+11, currMod: 0.972988
e_xx: 1.67487e+08, a2_x: 2.6469e+11, currMod: 0.973493
e_xx: 1.6758e+08, a2_x: 2.68461e+11, currMod: 0.974029
e_xx: 1.6758e+08, a2_x: 2.69967e+11, currMod: 0.974031
e_xx: 1.67634e+08, a2_x: 2.62632e+11, currMod: 0.974346
e_xx: 1.6761e+08, a2_x: 2.71326e+11, currMod: 0.974204
currMod: 0.974346, prevMod: 0.916171
Louvain time: 5.57144
numClusters: 50430, time: 0.046657
Next phase: 3
Memory used: 2949.09
End Structure 481557 50430 vs 1013531
Build next level time: 0.464739
Iteration time: 6.08397
Memory used: 2949.09
e_xx: 1.67634e+08, a2_x: 2.65683e+11, currMod: 0.974318
e_xx: 1.68455e+08, a2_x: 1.1144e+11, currMod: 0.979097
e_xx: 1.68523e+08, a2_x: 1.15174e+11, currMod: 0.979492
e_xx: 1.68631e+08, a2_x: 1.23047e+11, currMod: 0.980116
e_xx: 1.68547e+08, a2_x: 1.30812e+11, currMod: 0.979628
currMod: 0.980116, prevMod: 0.974346
Louvain time: 1.78757
numClusters: 25427, time: 0.0151
Next phase: 4
Memory used: 2949.09
End Structure 174438 25427 vs 374303
Build next level time: 0.19202
Iteration time: 1.99536
Memory used: 2949.09
e_xx: 1.68631e+08, a2_x: 1.23317e+11, currMod: 0.980105
e_xx: 1.68784e+08, a2_x: 4.36635e+10, currMod: 0.980998
e_xx: 1.68787e+08, a2_x: 3.82922e+10, currMod: 0.981015
e_xx: 1.68788e+08, a2_x: 1.58884e+10, currMod: 0.981022
e_xx: 1.68788e+08, a2_x: 2.18611e+10, currMod: 0.981023
e_xx: 1.68788e+08, a2_x: 2.00543e+10, currMod: 0.981024
currMod: 0.981023, prevMod: 0.980116
Louvain time: 0.904914
numClusters: 22143, time: 0.009979
Next phase: 5
Memory used: 2949.09
End Structure 86854 22143 vs 195851
Build next level time: 0.092461
Iteration time: 1.00801
Memory used: 2949.09
e_xx: 1.68788e+08, a2_x: 2.26409e+10, currMod: 0.981021
e_xx: 1.68791e+08, a2_x: 1.40456e+10, currMod: 0.981039
e_xx: 1.68791e+08, a2_x: 1.66605e+10, currMod: 0.981036
currMod: 0.981039, prevMod: 0.981023
Louvain time: 0.265278
numClusters: 22004, time: 0.008922
Next phase: 6
Memory used: 2949.09
End Structure 76872 22004 vs 175748
Build next level time: 0.067817
Iteration time: 0.342445
Memory used: 2949.09
e_xx: 1.68791e+08, a2_x: 1.46219e+10, currMod: 0.981039
e_xx: 1.68791e+08, a2_x: 9.27976e+08, currMod: 0.981042
e_xx: 1.68791e+08, a2_x: -2.17326e+09, currMod: 0.981042
currMod: 0.981042, prevMod: 0.981039
Louvain time: 0.23367
numClusters: 21978, time: 0.008813
Next phase: 7
Memory used: 2949.09
End Structure 74800 21978 vs 171578
Build next level time: 0.067024
Iteration time: 0.309951
Memory used: 2949.09
e_xx: 1.68791e+08, a2_x: 9.27976e+08, currMod: 0.981042
e_xx: 1.68791e+08, a2_x: 9.3974e+08, currMod: 0.981042
currMod: 0.981042, prevMod: 0.981042
Louvain time: 0.152271
numClusters: 21978, time: 0.008798
Maximum degree for the graph: 470
Iteration: 0, conflicts: 0
Total number of colors used: 181
Total number of conflicts overall: 0
Number of rounds: 1
SUCCESS: No conflicts found
Number of reordered colors: 179
End position for large colors: 0, node count: 21550, largest: 21550
Node count cutoff: 4396
e_xx: 1.68791e+08, a2_x: 9.3974e+08, currMod: 0.981042
End Structure 74785 21977 vs 171547
currMod: 0.981042, prevMod: 0.981042
numClusters: 21977
Total iteration time: 36.3936

Loop 0 <line-37> - Time 0.001310 Total energy consumed 0.036945 Ave. Power Level 28.213015
	-------- Loop 0 (sock 1 consumed 0.018870, avg temp 37.000000, final temp 37 ) ------
	-------- Loop 0 (sock 2 consumed 0.018075, avg temp 32.500000, final temp 33 ) ------
Loop 1 <line-54> - Time 0.000534 Total energy consumed 0.000000 Ave. Power Level 0.000000
	-------- Loop 1 (sock 1 consumed 0.000000, avg temp 37.000000, final temp 37 ) ------
	-------- Loop 1 (sock 2 consumed 0.000000, avg temp 32.500000, final temp 33 ) ------
Loop 2 <line-76> - Time 0.000660 Total energy consumed 0.000000 Ave. Power Level 0.000000
	-------- Loop 2 (sock 1 consumed 0.000000, avg temp 37.000000, final temp 37 ) ------
	-------- Loop 2 (sock 2 consumed 0.000000, avg temp 32.500000, final temp 33 ) ------
Loop 3 <line-170> - Time 0.968609 Total energy consumed 40.157340 Ave. Power Level 41.458759
	-------- Loop 3 (sock 1 consumed 20.931495, avg temp 36.200000, final temp 37 ) ------
	-------- Loop 3 (sock 2 consumed 19.225845, avg temp 33.000000, final temp 33 ) ------
Loop 4 <line-192> - Time 0.000641 Total energy consumed 0.000000 Ave. Power Level 0.000000
	-------- Loop 4 (sock 1 consumed 0.000000, avg temp 36.500000, final temp 37 ) ------
	-------- Loop 4 (sock 2 consumed 0.000000, avg temp 33.000000, final temp 33 ) ------
Loop 5 <line-222> - Time 0.398050 Total energy consumed 16.591050 Ave. Power Level 41.680779
	-------- Loop 5 (sock 1 consumed 8.170545, avg temp 37.000000, final temp 37 ) ------
	-------- Loop 5 (sock 2 consumed 8.420505, avg temp 32.500000, final temp 33 ) ------
Loop 6 <line-115> - Time 0.003372 Total energy consumed 0.037605 Ave. Power Level 11.152817
	-------- Loop 6 (sock 1 consumed 0.019035, avg temp 36.571429, final temp 36 ) ------
	-------- Loop 6 (sock 2 consumed 0.018570, avg temp 32.285714, final temp 32 ) ------
Loop 7 <line-334> - Time 0.919584 Total energy consumed 35.361960 Ave. Power Level 38.454315
	-------- Loop 7 (sock 1 consumed 18.190335, avg temp 36.625000, final temp 37 ) ------
	-------- Loop 7 (sock 2 consumed 17.171625, avg temp 32.250000, final temp 33 ) ------
Loop 8 <line-353> - Time 0.000936 Total energy consumed 0.000000 Ave. Power Level 0.000000
	-------- Loop 8 (sock 1 consumed 0.000000, avg temp 36.625000, final temp 37 ) ------
	-------- Loop 8 (sock 2 consumed 0.000000, avg temp 32.250000, final temp 33 ) ------
Loop 9 <line-375> - Time 0.001523 Total energy consumed 0.000000 Ave. Power Level 0.000000
	-------- Loop 9 (sock 1 consumed 0.000000, avg temp 36.625000, final temp 37 ) ------
	-------- Loop 9 (sock 2 consumed 0.000000, avg temp 32.250000, final temp 33 ) ------
Loop 10 <line-85> - Time 0.280132 Total energy consumed 15.601980 Ave. Power Level 55.695153
	-------- Loop 10 (sock 1 consumed 7.890915, avg temp 37.000000, final temp 37 ) ------
	-------- Loop 10 (sock 2 consumed 7.711065, avg temp 32.500000, final temp 32 ) ------
Loop 11 <line-131> - Time 0.008662 Total energy consumed 0.490185 Ave. Power Level 56.588744
	-------- Loop 11 (sock 1 consumed 0.248685, avg temp 37.000000, final temp 37 ) ------
	-------- Loop 11 (sock 2 consumed 0.241500, avg temp 33.000000, final temp 33 ) ------
Loop 12 <line-167> - Time 0.257580 Total energy consumed 13.729755 Ave. Power Level 53.302927
	-------- Loop 12 (sock 1 consumed 6.965010, avg temp 36.500000, final temp 36 ) ------
	-------- Loop 12 (sock 2 consumed 6.764745, avg temp 33.000000, final temp 33 ) ------
Loop 13 <line-213> - Time 10.755624 Total energy consumed 580.611585 Ave. Power Level 53.982137
	-------- Loop 13 (sock 1 consumed 294.419100, avg temp 37.833333, final temp 37 ) ------
	-------- Loop 13 (sock 2 consumed 286.192485, avg temp 34.166667, final temp 33 ) ------
Loop 14 <line-99> - Time 8.322617 Total energy consumed 332.305950 Ave. Power Level 39.928062
	-------- Loop 14 (sock 1 consumed 170.141730, avg temp 36.714286, final temp 37 ) ------
	-------- Loop 14 (sock 2 consumed 162.164220, avg temp 32.142857, final temp 32 ) ------
Loop 15 <line-160> - Time 0.222310 Total energy consumed 9.265695 Ave. Power Level 41.679238
	-------- Loop 15 (sock 1 consumed 4.652115, avg temp 36.714286, final temp 38 ) ------
	-------- Loop 15 (sock 2 consumed 4.613580, avg temp 32.714286, final temp 33 ) ------
Loop 16 <line-269> - Time 8.862473 Total energy consumed 338.117790 Ave. Power Level 38.151629
	-------- Loop 16 (sock 1 consumed 168.229860, avg temp 36.464286, final temp 36 ) ------
	-------- Loop 16 (sock 2 consumed 169.887930, avg temp 32.357143, final temp 33 ) ------
Loop 17 <line-300> - Time 0.003881 Total energy consumed 0.000000 Ave. Power Level 0.000000
	-------- Loop 17 (sock 1 consumed 0.000000, avg temp 36.500000, final temp 36 ) ------
	-------- Loop 17 (sock 2 consumed 0.000000, avg temp 32.318182, final temp 32 ) ------
Loop 18 <line-147> - Time 0.000601 Total energy consumed 0.000000 Ave. Power Level 0.000000
	-------- Loop 18 (sock 1 consumed 0.000000, avg temp 37.000000, final temp 37 ) ------
	-------- Loop 18 (sock 2 consumed 0.000000, avg temp 33.000000, final temp 33 ) ------
Application(EnergyStat) - Time 65.131599 Total energy consumed 2663.513070 Ave. Power Level 40.894329 Final Temperature socket 1 : 37  socket 2 : 32 
