Memory used: 1.28906
Loading 32-bit binary file: pnnl.bin, numvertices: 2361670, numEdges: 191402826
File read time: 4.22636
Before allocating graph
Allocated graph: 0x1d49550
Processing edges for vertex: 0, range(0, 166)
Processing edges for vertex: 100000, range(58444108, 58444133)
Processing edges for vertex: 200000, range(84376057, 84376362)
Processing edges for vertex: 300000, range(106069163, 106069503)
Processing edges for vertex: 400000, range(122097114, 122097513)
Processing edges for vertex: 500000, range(135096418, 135096483)
Processing edges for vertex: 600000, range(146097008, 146097061)
Processing edges for vertex: 700000, range(155415410, 155415531)
Processing edges for vertex: 800000, range(162595900, 162595989)
Processing edges for vertex: 900000, range(168508374, 168508464)
Processing edges for vertex: 1000000, range(173203321, 173203442)
Processing edges for vertex: 1100000, range(176935100, 176935110)
Processing edges for vertex: 1200000, range(179876260, 179876270)
Processing edges for vertex: 1300000, range(182240081, 182240092)
Processing edges for vertex: 1400000, range(184224513, 184224521)
Processing edges for vertex: 1500000, range(185795161, 185795170)
Processing edges for vertex: 1600000, range(187104124, 187104130)
Processing edges for vertex: 1700000, range(188148455, 188148461)
Processing edges for vertex: 1800000, range(188997836, 188997842)
Processing edges for vertex: 1900000, range(189691532, 189691535)
Processing edges for vertex: 2000000, range(190254658, 190254660)
Processing edges for vertex: 2100000, range(190705814, 190705822)
Processing edges for vertex: 2200000, range(191052755, 191052764)
Processing edges for vertex: 2300000, range(191302662, 191302663)
Graph populate time: 22.5613
Total I/O time: 26.7878
Running on: 16 threads
Loaded graph from file: pnnl.bin
Memory used: 2949.09
Maximum degree for the graph: 5520
Iteration: 0, conflicts: 20
Iteration: 1, conflicts: 3
Iteration: 2, conflicts: 0
Total number of colors used: 1190
Total number of conflicts overall: 0
Number of rounds: 3
SUCCESS: No conflicts found
Coloring time: 1.68129
Memory used: 2949.09
Number of reordered colors: 1037
End position for large colors: 0, node count: 550595, largest: 550595
Node count cutoff: 472334
e_xx: 1.24121e+08, a2_x: 6.05851e+11, currMod: 0.648464
e_xx: 1.66648e+08, a2_x: 5.73199e+11, currMod: 0.870651
e_xx: 1.73281e+08, a2_x: 5.4993e+11, currMod: 0.905308
e_xx: 1.76131e+08, a2_x: 5.12864e+11, currMod: 0.920195
e_xx: 1.77475e+08, a2_x: 5.06346e+11, currMod: 0.927222
currMod: 0.920195, prevMod: -1
Louvain time: 18.1827
numClusters: 203004, time: 0.302582
Next phase: 2
Memory used: 2949.09
End Structure 1253530 203004 vs 2708179
Build next level time: 8.54864
Iteration time: 27.0418
Memory used: 2949.09
e_xx: 1.55235e+08, a2_x: 5.07738e+11, currMod: 0.917691
e_xx: 1.62712e+08, a2_x: 3.25623e+11, currMod: 0.9619
e_xx: 1.64128e+08, a2_x: 2.99589e+11, currMod: 0.970268
e_xx: 1.64467e+08, a2_x: 3.05907e+11, currMod: 0.972273
e_xx: 1.64542e+08, a2_x: 2.94891e+11, currMod: 0.972719
e_xx: 1.64679e+08, a2_x: 3.07621e+11, currMod: 0.973529
e_xx: 1.64727e+08, a2_x: 3.03921e+11, currMod: 0.973811
e_xx: 1.64799e+08, a2_x: 3.07434e+11, currMod: 0.974239
e_xx: 1.64785e+08, a2_x: 2.96513e+11, currMod: 0.974152
currMod: 0.974239, prevMod: 0.920195
Louvain time: 5.34539
numClusters: 46228, time: 0.041604
Next phase: 3
Memory used: 2949.09
End Structure 404555 46228 vs 855329
Build next level time: 0.584789
Iteration time: 5.97333
Memory used: 2949.09
e_xx: 1.64799e+08, a2_x: 3.05703e+11, currMod: 0.974208
e_xx: 1.65654e+08, a2_x: 1.32752e+11, currMod: 0.979266
e_xx: 1.65785e+08, a2_x: 7.40894e+10, currMod: 0.980046
e_xx: 1.65809e+08, a2_x: 5.5613e+10, currMod: 0.980188
e_xx: 1.65798e+08, a2_x: 6.39396e+10, currMod: 0.98012
currMod: 0.980188, prevMod: 0.974239
Louvain time: 1.37496
numClusters: 24613, time: 0.014563
Next phase: 4
Memory used: 2949.09
End Structure 157422 24613 vs 339456
Build next level time: 0.177728
Iteration time: 1.568
Memory used: 2949.09
e_xx: 1.65809e+08, a2_x: 5.24168e+10, currMod: 0.980179
e_xx: 1.65904e+08, a2_x: 3.05226e+10, currMod: 0.980737
e_xx: 1.659e+08, a2_x: 4.15625e+10, currMod: 0.980716
currMod: 0.980737, prevMod: 0.980188
Louvain time: 0.440197
numClusters: 22578, time: 0.00973
Next phase: 5
Memory used: 2949.09
End Structure 106354 22578 vs 235286
Build next level time: 0.09545
Iteration time: 0.54685
Memory used: 2949.09
e_xx: 1.65904e+08, a2_x: 3.14755e+10, currMod: 0.980736
e_xx: 1.65933e+08, a2_x: -4.33945e+09, currMod: 0.980909
e_xx: 1.65934e+08, a2_x: 1.29534e+10, currMod: 0.980916
e_xx: 1.65937e+08, a2_x: 3.07154e+10, currMod: 0.980932
e_xx: 1.65936e+08, a2_x: 1.1017e+10, currMod: 0.980928
currMod: 0.980932, prevMod: 0.980737
Louvain time: 0.626272
numClusters: 22051, time: 0.009096
Next phase: 6
Memory used: 2949.09
End Structure 76518 22051 vs 175087
Build next level time: 0.071929
Iteration time: 0.707765
Memory used: 2949.09
e_xx: 1.65937e+08, a2_x: 3.157e+10, currMod: 0.980932
e_xx: 1.65937e+08, a2_x: 3.09132e+10, currMod: 0.980933
currMod: 0.980932, prevMod: 0.980932
Louvain time: 0.157344
numClusters: 22051, time: 0.008896
Maximum degree for the graph: 542
Iteration: 0, conflicts: 0
Total number of colors used: 175
Total number of conflicts overall: 0
Number of rounds: 1
SUCCESS: No conflicts found
Number of reordered colors: 169
End position for large colors: 0, node count: 21570, largest: 21570
Node count cutoff: 4411
e_xx: 1.65937e+08, a2_x: 3.01719e+10, currMod: 0.980933
End Structure 74160 22017 vs 170337
currMod: 0.980932, prevMod: 0.980932
numClusters: 22017
Total iteration time: 35.8377

Loop 0 <line-37> - Time 0.001410 Total energy consumed 0.075645 Ave. Power Level 53.631059
	-------- Loop 0 (sock 1 consumed 0.038985, avg temp 36.500000, final temp 36 ) ------
	-------- Loop 0 (sock 2 consumed 0.036660, avg temp 32.000000, final temp 32 ) ------
Loop 1 <line-54> - Time 0.000640 Total energy consumed 0.000000 Ave. Power Level 0.000000
	-------- Loop 1 (sock 1 consumed 0.000000, avg temp 36.500000, final temp 36 ) ------
	-------- Loop 1 (sock 2 consumed 0.000000, avg temp 32.000000, final temp 32 ) ------
Loop 2 <line-76> - Time 0.000631 Total energy consumed 0.000000 Ave. Power Level 0.000000
	-------- Loop 2 (sock 1 consumed 0.000000, avg temp 36.500000, final temp 36 ) ------
	-------- Loop 2 (sock 2 consumed 0.000000, avg temp 32.000000, final temp 32 ) ------
Loop 3 <line-170> - Time 1.001500 Total energy consumed 41.266875 Ave. Power Level 41.205058
	-------- Loop 3 (sock 1 consumed 21.475320, avg temp 36.750000, final temp 36 ) ------
	-------- Loop 3 (sock 2 consumed 19.791555, avg temp 32.750000, final temp 32 ) ------
Loop 4 <line-192> - Time 0.000632 Total energy consumed 0.000000 Ave. Power Level 0.000000
	-------- Loop 4 (sock 1 consumed 0.000000, avg temp 36.500000, final temp 36 ) ------
	-------- Loop 4 (sock 2 consumed 0.000000, avg temp 32.500000, final temp 32 ) ------
Loop 5 <line-222> - Time 0.369940 Total energy consumed 15.565635 Ave. Power Level 42.076084
	-------- Loop 5 (sock 1 consumed 7.845450, avg temp 36.000000, final temp 36 ) ------
	-------- Loop 5 (sock 2 consumed 7.720185, avg temp 32.000000, final temp 32 ) ------
Loop 6 <line-115> - Time 0.003800 Total energy consumed 0.110565 Ave. Power Level 29.097186
	-------- Loop 6 (sock 1 consumed 0.038280, avg temp 36.666667, final temp 37 ) ------
	-------- Loop 6 (sock 2 consumed 0.072285, avg temp 32.666667, final temp 33 ) ------
Loop 7 <line-334> - Time 0.919513 Total energy consumed 35.323275 Ave. Power Level 38.415216
	-------- Loop 7 (sock 1 consumed 17.533440, avg temp 37.000000, final temp 36 ) ------
	-------- Loop 7 (sock 2 consumed 17.789835, avg temp 32.714286, final temp 32 ) ------
Loop 8 <line-353> - Time 0.001047 Total energy consumed 0.000000 Ave. Power Level 0.000000
	-------- Loop 8 (sock 1 consumed 0.000000, avg temp 37.000000, final temp 36 ) ------
	-------- Loop 8 (sock 2 consumed 0.000000, avg temp 32.714286, final temp 32 ) ------
Loop 9 <line-375> - Time 0.001444 Total energy consumed 0.000000 Ave. Power Level 0.000000
	-------- Loop 9 (sock 1 consumed 0.000000, avg temp 37.000000, final temp 36 ) ------
	-------- Loop 9 (sock 2 consumed 0.000000, avg temp 32.714286, final temp 32 ) ------
Loop 10 <line-85> - Time 0.278102 Total energy consumed 15.507000 Ave. Power Level 55.760021
	-------- Loop 10 (sock 1 consumed 7.832010, avg temp 37.000000, final temp 36 ) ------
	-------- Loop 10 (sock 2 consumed 7.674990, avg temp 32.500000, final temp 33 ) ------
Loop 11 <line-131> - Time 0.008504 Total energy consumed 0.436995 Ave. Power Level 51.389641
	-------- Loop 11 (sock 1 consumed 0.221595, avg temp 37.000000, final temp 36 ) ------
	-------- Loop 11 (sock 2 consumed 0.215400, avg temp 32.500000, final temp 32 ) ------
Loop 12 <line-167> - Time 0.222532 Total energy consumed 11.806995 Ave. Power Level 53.057503
	-------- Loop 12 (sock 1 consumed 5.981100, avg temp 37.000000, final temp 36 ) ------
	-------- Loop 12 (sock 2 consumed 5.825895, avg temp 33.000000, final temp 33 ) ------
Loop 13 <line-213> - Time 10.676882 Total energy consumed 576.703980 Ave. Power Level 54.014268
	-------- Loop 13 (sock 1 consumed 291.766395, avg temp 37.500000, final temp 36 ) ------
	-------- Loop 13 (sock 2 consumed 284.937585, avg temp 34.333333, final temp 33 ) ------
Loop 14 <line-99> - Time 8.853720 Total energy consumed 355.785705 Ave. Power Level 40.184885
	-------- Loop 14 (sock 1 consumed 182.559510, avg temp 36.833333, final temp 36 ) ------
	-------- Loop 14 (sock 2 consumed 173.226195, avg temp 32.666667, final temp 32 ) ------
Loop 15 <line-160> - Time 0.190767 Total energy consumed 8.548695 Ave. Power Level 44.812136
	-------- Loop 15 (sock 1 consumed 4.302435, avg temp 37.000000, final temp 37 ) ------
	-------- Loop 15 (sock 2 consumed 4.246260, avg temp 32.666667, final temp 33 ) ------
Loop 16 <line-269> - Time 7.896248 Total energy consumed 302.347200 Ave. Power Level 38.289981
	-------- Loop 16 (sock 1 consumed 151.359210, avg temp 36.750000, final temp 36 ) ------
	-------- Loop 16 (sock 2 consumed 150.987990, avg temp 32.583333, final temp 32 ) ------
Loop 17 <line-300> - Time 0.003463 Total energy consumed 0.000000 Ave. Power Level 0.000000
	-------- Loop 17 (sock 1 consumed 0.000000, avg temp 36.736842, final temp 37 ) ------
	-------- Loop 17 (sock 2 consumed 0.000000, avg temp 32.631579, final temp 32 ) ------
Loop 18 <line-147> - Time 0.000520 Total energy consumed 0.000000 Ave. Power Level 0.000000
	-------- Loop 18 (sock 1 consumed 0.000000, avg temp 36.000000, final temp 36 ) ------
	-------- Loop 18 (sock 2 consumed 0.000000, avg temp 32.000000, final temp 32 ) ------
Application(EnergyStat) - Time 64.589983 Total energy consumed 2644.465350 Ave. Power Level 40.942344 Final Temperature socket 1 : 37  socket 2 : 32 
