Memory used: 1.29297
Loading 32-bit binary file: pnnl.bin, numvertices: 2361670, numEdges: 191402826
File read time: 4.22704
Before allocating graph
Allocated graph: 0xe7f550
Processing edges for vertex: 0, range(0, 166)
Processing edges for vertex: 100000, range(58444108, 58444133)
Processing edges for vertex: 200000, range(84376057, 84376362)
Processing edges for vertex: 300000, range(106069163, 106069503)
Processing edges for vertex: 400000, range(122097114, 122097513)
Processing edges for vertex: 500000, range(135096418, 135096483)
Processing edges for vertex: 600000, range(146097008, 146097061)
Processing edges for vertex: 700000, range(155415410, 155415531)
Processing edges for vertex: 800000, range(162595900, 162595989)
Processing edges for vertex: 900000, range(168508374, 168508464)
Processing edges for vertex: 1000000, range(173203321, 173203442)
Processing edges for vertex: 1100000, range(176935100, 176935110)
Processing edges for vertex: 1200000, range(179876260, 179876270)
Processing edges for vertex: 1300000, range(182240081, 182240092)
Processing edges for vertex: 1400000, range(184224513, 184224521)
Processing edges for vertex: 1500000, range(185795161, 185795170)
Processing edges for vertex: 1600000, range(187104124, 187104130)
Processing edges for vertex: 1700000, range(188148455, 188148461)
Processing edges for vertex: 1800000, range(188997836, 188997842)
Processing edges for vertex: 1900000, range(189691532, 189691535)
Processing edges for vertex: 2000000, range(190254658, 190254660)
Processing edges for vertex: 2100000, range(190705814, 190705822)
Processing edges for vertex: 2200000, range(191052755, 191052764)
Processing edges for vertex: 2300000, range(191302662, 191302663)
Graph populate time: 22.5437
Total I/O time: 26.7708
Running on: 16 threads
Loaded graph from file: pnnl.bin
Memory used: 2949.09
Maximum degree for the graph: 5520
Iteration: 0, conflicts: 37
Iteration: 1, conflicts: 2
Iteration: 2, conflicts: 0
Total number of colors used: 1192
Total number of conflicts overall: 0
Number of rounds: 3
SUCCESS: No conflicts found
Coloring time: 1.71555
Memory used: 2949.09
Number of reordered colors: 1014
End position for large colors: 0, node count: 550566, largest: 550566
Node count cutoff: 472334
e_xx: 1.11829e+08, a2_x: 6.14414e+11, currMod: 0.584244
e_xx: 1.55412e+08, a2_x: 5.98374e+11, currMod: 0.811946
e_xx: 1.63592e+08, a2_x: 5.67692e+11, currMod: 0.854685
e_xx: 1.66932e+08, a2_x: 5.57004e+11, currMod: 0.872135
e_xx: 1.68523e+08, a2_x: 5.24136e+11, currMod: 0.880448
currMod: 0.872135, prevMod: -1
Louvain time: 18.3492
numClusters: 202687, time: 0.306424
Next phase: 2
Memory used: 2949.09
End Structure 1237195 202687 vs 2674972
Build next level time: 7.71946
Iteration time: 26.3838
Memory used: 2949.09
e_xx: 1.68523e+08, a2_x: 5.24136e+11, currMod: 0.880448
e_xx: 1.80271e+08, a2_x: 3.29925e+11, currMod: 0.94183
e_xx: 1.82698e+08, a2_x: 2.44438e+11, currMod: 0.954515
e_xx: 1.83104e+08, a2_x: 2.84656e+11, currMod: 0.956633
e_xx: 1.83158e+08, a2_x: 2.62703e+11, currMod: 0.956915
e_xx: 1.83296e+08, a2_x: 2.62099e+11, currMod: 0.957637
e_xx: 1.83254e+08, a2_x: 2.61083e+11, currMod: 0.957417
currMod: 0.957637, prevMod: 0.872135
Louvain time: 4.35973
numClusters: 52008, time: 0.045121
Next phase: 3
Memory used: 2949.09
End Structure 499668 52008 vs 1051328
Build next level time: 0.539401
Iteration time: 4.9458
Memory used: 2949.09
e_xx: 1.83296e+08, a2_x: 2.63248e+11, currMod: 0.957647
e_xx: 1.84233e+08, a2_x: 3.75389e+10, currMod: 0.962549
e_xx: 1.84261e+08, a2_x: 5.62843e+10, currMod: 0.962695
e_xx: 1.84353e+08, a2_x: 2.5989e+10, currMod: 0.963178
e_xx: 1.84279e+08, a2_x: 1.32185e+10, currMod: 0.962791
currMod: 0.963178, prevMod: 0.957637
Louvain time: 1.55461
numClusters: 25369, time: 0.015331
Next phase: 4
Memory used: 2949.09
End Structure 167852 25369 vs 361072
Build next level time: 0.184365
Iteration time: 1.75497
Memory used: 2949.09
e_xx: 1.84353e+08, a2_x: 2.59842e+10, currMod: 0.96317
e_xx: 1.84562e+08, a2_x: -4.44047e+10, currMod: 0.964263
e_xx: 1.84584e+08, a2_x: -2.20937e+10, currMod: 0.964376
e_xx: 1.84586e+08, a2_x: -3.65085e+10, currMod: 0.964386
e_xx: 1.84587e+08, a2_x: -2.11832e+09, currMod: 0.96439
e_xx: 1.84586e+08, a2_x: -3.21997e+10, currMod: 0.964387
currMod: 0.96439, prevMod: 0.963178
Louvain time: 1.00413
numClusters: 22119, time: 0.009954
Next phase: 5
Memory used: 2949.09
End Structure 83960 22119 vs 190039
Build next level time: 0.086214
Iteration time: 1.10096
Memory used: 2949.09
e_xx: 1.84587e+08, a2_x: -8.60255e+08, currMod: 0.964389
e_xx: 1.84589e+08, a2_x: -1.54788e+10, currMod: 0.964401
e_xx: 1.84589e+08, a2_x: -2.52712e+10, currMod: 0.9644
currMod: 0.964401, prevMod: 0.96439
Louvain time: 0.305898
numClusters: 21982, time: 0.008841
Next phase: 6
Memory used: 2949.09
End Structure 75838 21982 vs 173658
Build next level time: 0.066736
Iteration time: 0.382155
Memory used: 2949.09
e_xx: 1.84589e+08, a2_x: -1.40229e+10, currMod: 0.964401
e_xx: 1.84589e+08, a2_x: -1.69462e+10, currMod: 0.964402
currMod: 0.964401, prevMod: 0.964401
Louvain time: 0.154852
numClusters: 21982, time: 0.008862
Maximum degree for the graph: 477
Iteration: 0, conflicts: 0
Total number of colors used: 183
Total number of conflicts overall: 0
Number of rounds: 1
SUCCESS: No conflicts found
Number of reordered colors: 180
End position for large colors: 0, node count: 21541, largest: 21541
Node count cutoff: 4397
e_xx: 1.84719e+08, a2_x: -1.57351e+10, currMod: 0.965079
e_xx: 1.84932e+08, a2_x: -1.70833e+10, currMod: 0.966193
e_xx: 1.84937e+08, a2_x: -1.86002e+10, currMod: 0.966222
e_xx: 1.84905e+08, a2_x: -1.93616e+10, currMod: 0.966053
End Structure 13792 21705 vs 49289
currMod: 0.966222, prevMod: 0.964401
numClusters: 21705
Total iteration time: 34.5677

Loop 0 <line-37> - Time 0.001523 Total energy consumed 0.054960 Ave. Power Level 36.092453
	-------- Loop 0 (sock 1 consumed 0.019140, avg temp 36.500000, final temp 36 ) ------
	-------- Loop 0 (sock 2 consumed 0.035820, avg temp 32.500000, final temp 33 ) ------
Loop 1 <line-54> - Time 0.001972 Total energy consumed 0.090990 Ave. Power Level 46.137347
	-------- Loop 1 (sock 1 consumed 0.045930, avg temp 36.500000, final temp 36 ) ------
	-------- Loop 1 (sock 2 consumed 0.045060, avg temp 32.500000, final temp 33 ) ------
Loop 2 <line-76> - Time 0.000645 Total energy consumed 0.000000 Ave. Power Level 0.000000
	-------- Loop 2 (sock 1 consumed 0.000000, avg temp 36.500000, final temp 36 ) ------
	-------- Loop 2 (sock 2 consumed 0.000000, avg temp 32.500000, final temp 33 ) ------
Loop 3 <line-170> - Time 1.031832 Total energy consumed 42.089760 Ave. Power Level 40.791294
	-------- Loop 3 (sock 1 consumed 21.864495, avg temp 37.500000, final temp 36 ) ------
	-------- Loop 3 (sock 2 consumed 20.225265, avg temp 32.250000, final temp 33 ) ------
Loop 4 <line-192> - Time 0.000652 Total energy consumed 0.000000 Ave. Power Level 0.000000
	-------- Loop 4 (sock 1 consumed 0.000000, avg temp 37.000000, final temp 36 ) ------
	-------- Loop 4 (sock 2 consumed 0.000000, avg temp 32.500000, final temp 33 ) ------
Loop 5 <line-222> - Time 0.371060 Total energy consumed 15.490725 Ave. Power Level 41.747268
	-------- Loop 5 (sock 1 consumed 7.785885, avg temp 36.500000, final temp 36 ) ------
	-------- Loop 5 (sock 2 consumed 7.704840, avg temp 32.500000, final temp 33 ) ------
Loop 6 <line-115> - Time 0.003284 Total energy consumed 0.037185 Ave. Power Level 11.322416
	-------- Loop 6 (sock 1 consumed 0.017535, avg temp 36.333333, final temp 37 ) ------
	-------- Loop 6 (sock 2 consumed 0.019650, avg temp 32.833333, final temp 34 ) ------
Loop 7 <line-334> - Time 0.924187 Total energy consumed 35.818680 Ave. Power Level 38.756947
	-------- Loop 7 (sock 1 consumed 17.818500, avg temp 36.571429, final temp 36 ) ------
	-------- Loop 7 (sock 2 consumed 18.000180, avg temp 33.285714, final temp 33 ) ------
Loop 8 <line-353> - Time 0.000710 Total energy consumed 0.000000 Ave. Power Level 0.000000
	-------- Loop 8 (sock 1 consumed 0.000000, avg temp 36.571429, final temp 36 ) ------
	-------- Loop 8 (sock 2 consumed 0.000000, avg temp 33.285714, final temp 33 ) ------
Loop 9 <line-375> - Time 0.001823 Total energy consumed 0.052860 Ave. Power Level 29.003049
	-------- Loop 9 (sock 1 consumed 0.026700, avg temp 36.714286, final temp 36 ) ------
	-------- Loop 9 (sock 2 consumed 0.026160, avg temp 33.142857, final temp 33 ) ------
Loop 10 <line-85> - Time 0.276395 Total energy consumed 15.419550 Ave. Power Level 55.788064
	-------- Loop 10 (sock 1 consumed 7.771080, avg temp 37.000000, final temp 37 ) ------
	-------- Loop 10 (sock 2 consumed 7.648470, avg temp 33.500000, final temp 34 ) ------
Loop 11 <line-131> - Time 0.008793 Total energy consumed 0.436665 Ave. Power Level 49.663327
	-------- Loop 11 (sock 1 consumed 0.221430, avg temp 36.500000, final temp 36 ) ------
	-------- Loop 11 (sock 2 consumed 0.215235, avg temp 33.000000, final temp 33 ) ------
Loop 12 <line-167> - Time 0.225022 Total energy consumed 11.940180 Ave. Power Level 53.062181
	-------- Loop 12 (sock 1 consumed 6.052635, avg temp 37.000000, final temp 37 ) ------
	-------- Loop 12 (sock 2 consumed 5.887545, avg temp 34.000000, final temp 34 ) ------
Loop 13 <line-213> - Time 10.980093 Total energy consumed 590.010075 Ave. Power Level 53.734526
	-------- Loop 13 (sock 1 consumed 299.738835, avg temp 37.555556, final temp 37 ) ------
	-------- Loop 13 (sock 2 consumed 290.271240, avg temp 34.000000, final temp 33 ) ------
Loop 14 <line-99> - Time 7.916091 Total energy consumed 317.263005 Ave. Power Level 40.078240
	-------- Loop 14 (sock 1 consumed 160.929795, avg temp 36.333333, final temp 36 ) ------
	-------- Loop 14 (sock 2 consumed 156.333210, avg temp 33.166667, final temp 34 ) ------
Loop 15 <line-160> - Time 0.192483 Total energy consumed 8.115975 Ave. Power Level 42.164540
	-------- Loop 15 (sock 1 consumed 4.082115, avg temp 36.333333, final temp 36 ) ------
	-------- Loop 15 (sock 2 consumed 4.033860, avg temp 33.166667, final temp 34 ) ------
Loop 16 <line-269> - Time 7.297918 Total energy consumed 277.938105 Ave. Power Level 38.084573
	-------- Loop 16 (sock 1 consumed 135.292095, avg temp 36.521739, final temp 37 ) ------
	-------- Loop 16 (sock 2 consumed 142.646010, avg temp 32.782609, final temp 34 ) ------
Loop 17 <line-300> - Time 0.026405 Total energy consumed 1.270095 Ave. Power Level 48.100143
	-------- Loop 17 (sock 1 consumed 0.644775, avg temp 36.666667, final temp 37 ) ------
	-------- Loop 17 (sock 2 consumed 0.625320, avg temp 32.777778, final temp 32 ) ------
Loop 18 <line-147> - Time 0.000590 Total energy consumed 0.000000 Ave. Power Level 0.000000
	-------- Loop 18 (sock 1 consumed 0.000000, avg temp 36.000000, final temp 36 ) ------
	-------- Loop 18 (sock 2 consumed 0.000000, avg temp 33.000000, final temp 33 ) ------
Application(EnergyStat) - Time 63.322187 Total energy consumed 2595.477195 Ave. Power Level 40.988433 Final Temperature socket 1 : 37  socket 2 : 34 
