Memory used: 1.29688
Loading 32-bit binary file: pnnl.bin, numvertices: 2361670, numEdges: 191402826
File read time: 1.98866
Before allocating graph
Allocated graph: 0x1eba550
Processing edges for vertex: 0, range(0, 166)
Processing edges for vertex: 100000, range(58444108, 58444133)
Processing edges for vertex: 200000, range(84376057, 84376362)
Processing edges for vertex: 300000, range(106069163, 106069503)
Processing edges for vertex: 400000, range(122097114, 122097513)
Processing edges for vertex: 500000, range(135096418, 135096483)
Processing edges for vertex: 600000, range(146097008, 146097061)
Processing edges for vertex: 700000, range(155415410, 155415531)
Processing edges for vertex: 800000, range(162595900, 162595989)
Processing edges for vertex: 900000, range(168508374, 168508464)
Processing edges for vertex: 1000000, range(173203321, 173203442)
Processing edges for vertex: 1100000, range(176935100, 176935110)
Processing edges for vertex: 1200000, range(179876260, 179876270)
Processing edges for vertex: 1300000, range(182240081, 182240092)
Processing edges for vertex: 1400000, range(184224513, 184224521)
Processing edges for vertex: 1500000, range(185795161, 185795170)
Processing edges for vertex: 1600000, range(187104124, 187104130)
Processing edges for vertex: 1700000, range(188148455, 188148461)
Processing edges for vertex: 1800000, range(188997836, 188997842)
Processing edges for vertex: 1900000, range(189691532, 189691535)
Processing edges for vertex: 2000000, range(190254658, 190254660)
Processing edges for vertex: 2100000, range(190705814, 190705822)
Processing edges for vertex: 2200000, range(191052755, 191052764)
Processing edges for vertex: 2300000, range(191302662, 191302663)
Graph populate time: 9.70231
Total I/O time: 11.691
Running on: 16 threads
Loaded graph from file: pnnl.bin
Memory used: 2949.1
Maximum degree for the graph: 5520
Iteration: 0, conflicts: 50
Iteration: 1, conflicts: 8
Iteration: 2, conflicts: 4
Iteration: 3, conflicts: 3
Iteration: 4, conflicts: 2
Iteration: 5, conflicts: 1
Iteration: 6, conflicts: 0
Total number of colors used: 1193
Total number of conflicts overall: 0
Number of rounds: 7
SUCCESS: No conflicts found
Coloring time: 0.805202
Memory used: 2949.1
Number of reordered colors: 1027
End position for large colors: 0, node count: 550377, largest: 550377
Node count cutoff: 472334
e_xx: 1.24242e+08, a2_x: 6.53083e+11, currMod: 0.649094
e_xx: 1.66592e+08, a2_x: 5.32545e+11, currMod: 0.870359
e_xx: 1.73676e+08, a2_x: 4.89295e+11, currMod: 0.90737
e_xx: 1.76463e+08, a2_x: 5.60321e+11, currMod: 0.921929
e_xx: 1.77674e+08, a2_x: 4.8654e+11, currMod: 0.928261
currMod: 0.921929, prevMod: -1
Louvain time: 7.94354
numClusters: 204383, time: 0.130632
Next phase: 2
Memory used: 2949.1
End Structure 1294130 204383 vs 2790768
Build next level time: 4.14664
Iteration time: 12.2248
Memory used: 2949.1
e_xx: 1.57181e+08, a2_x: 4.83976e+11, currMod: 0.9197
e_xx: 1.64687e+08, a2_x: 3.29124e+11, currMod: 0.963629
e_xx: 1.65791e+08, a2_x: 2.9642e+11, currMod: 0.97009
e_xx: 1.66166e+08, a2_x: 2.65414e+11, currMod: 0.972283
e_xx: 1.66266e+08, a2_x: 2.50849e+11, currMod: 0.972873
e_xx: 1.6639e+08, a2_x: 2.75996e+11, currMod: 0.973593
e_xx: 1.6637e+08, a2_x: 2.49691e+11, currMod: 0.97348
currMod: 0.973593, prevMod: 0.921929
Louvain time: 1.96974
numClusters: 53803, time: 0.020509
Next phase: 3
Memory used: 2949.1
End Structure 533056 53803 vs 1119903
Build next level time: 0.22417
Iteration time: 2.21515
Memory used: 2949.1
e_xx: 1.66389e+08, a2_x: 2.75456e+11, currMod: 0.973562
e_xx: 1.67281e+08, a2_x: 1.15594e+11, currMod: 0.978786
e_xx: 1.67306e+08, a2_x: 9.57435e+10, currMod: 0.97893
e_xx: 1.67423e+08, a2_x: 7.3041e+10, currMod: 0.979619
e_xx: 1.67344e+08, a2_x: 9.32792e+10, currMod: 0.979154
currMod: 0.979619, prevMod: 0.973593
Louvain time: 0.727348
numClusters: 25857, time: 0.006644
Next phase: 4
Memory used: 2949.1
End Structure 184120 25857 vs 394097
Build next level time: 0.09518
Iteration time: 0.829627
Memory used: 2949.1
e_xx: 1.67423e+08, a2_x: 7.11986e+10, currMod: 0.979606
e_xx: 1.67632e+08, a2_x: 2.08693e+10, currMod: 0.98083
e_xx: 1.67667e+08, a2_x: 2.75607e+10, currMod: 0.981031
e_xx: 1.67666e+08, a2_x: 3.97716e+10, currMod: 0.981027
currMod: 0.981031, prevMod: 0.979619
Louvain time: 0.275287
numClusters: 22282, time: 0.004225
Next phase: 5
Memory used: 2949.1
End Structure 100481 22282 vs 223244
Build next level time: 0.04272
Iteration time: 0.32266
Memory used: 2949.1
e_xx: 1.67667e+08, a2_x: 2.948e+10, currMod: 0.981028
e_xx: 1.6767e+08, a2_x: 1.55351e+10, currMod: 0.981047
e_xx: 1.6767e+08, a2_x: -2.22218e+09, currMod: 0.98105
e_xx: 1.67672e+08, a2_x: 4.59543e+08, currMod: 0.981062
e_xx: 1.67673e+08, a2_x: 2.2954e+10, currMod: 0.981066
e_xx: 1.67673e+08, a2_x: 1.75747e+10, currMod: 0.981067
e_xx: 1.67674e+08, a2_x: 3.13968e+10, currMod: 0.981073
e_xx: 1.67679e+08, a2_x: 1.8651e+10, currMod: 0.981103
e_xx: 1.67679e+08, a2_x: 2.34906e+10, currMod: 0.9811
currMod: 0.981103, prevMod: 0.981031
Louvain time: 0.36738
numClusters: 21919, time: 0.003782
Next phase: 6
Memory used: 2949.1
End Structure 54633 21919 vs 131185
Build next level time: 0.023424
Iteration time: 0.394819
Memory used: 2949.1
e_xx: 1.67679e+08, a2_x: 1.92744e+10, currMod: 0.981103
e_xx: 1.6768e+08, a2_x: 1.75109e+10, currMod: 0.981107
e_xx: 1.6768e+08, a2_x: 1.75109e+10, currMod: 0.981107
currMod: 0.981107, prevMod: 0.981103
Louvain time: 0.0745
numClusters: 21903, time: 0.003715
Next phase: 7
Memory used: 2949.1
End Structure 53910 21903 vs 129723
Build next level time: 0.019689
Iteration time: 0.098121
Memory used: 2949.1
e_xx: 1.6768e+08, a2_x: 1.78226e+10, currMod: 0.981107
e_xx: 1.6768e+08, a2_x: 1.78226e+10, currMod: 0.981107
currMod: 0.981107, prevMod: 0.981107
Louvain time: 0.046909
numClusters: 21903, time: 0.003695
Maximum degree for the graph: 400
Iteration: 0, conflicts: 0
Total number of colors used: 156
Total number of conflicts overall: 0
Number of rounds: 1
SUCCESS: No conflicts found
Number of reordered colors: 156
End position for large colors: 0, node count: 21544, largest: 21544
Node count cutoff: 4381
e_xx: 1.6768e+08, a2_x: 1.78226e+10, currMod: 0.981107
End Structure 53910 21903 vs 129723
currMod: 0.981107, prevMod: 0.981107
numClusters: 21903
Total iteration time: 16.0852

Loop 0 <line-37> - Time 0.000712 Total energy consumed 0.047190 Ave. Power Level 66.248966
	-------- Loop 0 (sock 1 consumed 0.026205, avg temp 43.500000, final temp 44 ) ------
	-------- Loop 0 (sock 2 consumed 0.020985, avg temp 37.000000, final temp 38 ) ------
Loop 1 <line-54> - Time 0.000380 Total energy consumed 0.000000 Ave. Power Level 0.000000
	-------- Loop 1 (sock 1 consumed 0.000000, avg temp 44.000000, final temp 45 ) ------
	-------- Loop 1 (sock 2 consumed 0.000000, avg temp 37.500000, final temp 38 ) ------
Loop 2 <line-76> - Time 0.000369 Total energy consumed 0.000000 Ave. Power Level 0.000000
	-------- Loop 2 (sock 1 consumed 0.000000, avg temp 44.000000, final temp 45 ) ------
	-------- Loop 2 (sock 2 consumed 0.000000, avg temp 37.500000, final temp 38 ) ------
Loop 3 <line-170> - Time 0.478724 Total energy consumed 28.032195 Ave. Power Level 58.556034
	-------- Loop 3 (sock 1 consumed 14.602845, avg temp 43.250000, final temp 45 ) ------
	-------- Loop 3 (sock 2 consumed 13.429350, avg temp 37.125000, final temp 38 ) ------
Loop 4 <line-192> - Time 0.000397 Total energy consumed 0.078495 Ave. Power Level 197.744312
	-------- Loop 4 (sock 1 consumed 0.053115, avg temp 44.000000, final temp 45 ) ------
	-------- Loop 4 (sock 2 consumed 0.025380, avg temp 37.500000, final temp 38 ) ------
Loop 5 <line-222> - Time 0.192099 Total energy consumed 11.338050 Ave. Power Level 59.021821
	-------- Loop 5 (sock 1 consumed 4.626180, avg temp 43.500000, final temp 44 ) ------
	-------- Loop 5 (sock 2 consumed 6.711870, avg temp 38.000000, final temp 38 ) ------
Loop 6 <line-115> - Time 0.002018 Total energy consumed 0.000000 Ave. Power Level 0.000000
	-------- Loop 6 (sock 1 consumed 0.000000, avg temp 43.857143, final temp 44 ) ------
	-------- Loop 6 (sock 2 consumed 0.000000, avg temp 37.428571, final temp 38 ) ------
Loop 7 <line-334> - Time 0.388004 Total energy consumed 20.878260 Ave. Power Level 53.809376
	-------- Loop 7 (sock 1 consumed 9.965655, avg temp 44.375000, final temp 44 ) ------
	-------- Loop 7 (sock 2 consumed 10.912605, avg temp 37.750000, final temp 38 ) ------
Loop 8 <line-353> - Time 0.000412 Total energy consumed 0.000000 Ave. Power Level 0.000000
	-------- Loop 8 (sock 1 consumed 0.000000, avg temp 44.375000, final temp 44 ) ------
	-------- Loop 8 (sock 2 consumed 0.000000, avg temp 37.750000, final temp 38 ) ------
Loop 9 <line-375> - Time 0.000795 Total energy consumed 0.000000 Ave. Power Level 0.000000
	-------- Loop 9 (sock 1 consumed 0.000000, avg temp 44.375000, final temp 44 ) ------
	-------- Loop 9 (sock 2 consumed 0.000000, avg temp 37.750000, final temp 38 ) ------
Loop 10 <line-85> - Time 0.159010 Total energy consumed 14.990100 Ave. Power Level 94.271376
	-------- Loop 10 (sock 1 consumed 7.539180, avg temp 44.750000, final temp 45 ) ------
	-------- Loop 10 (sock 2 consumed 7.450920, avg temp 38.500000, final temp 38 ) ------
Loop 11 <line-131> - Time 0.003035 Total energy consumed 0.195690 Ave. Power Level 64.469284
	-------- Loop 11 (sock 1 consumed 0.099435, avg temp 45.000000, final temp 45 ) ------
	-------- Loop 11 (sock 2 consumed 0.096255, avg temp 38.500000, final temp 38 ) ------
Loop 12 <line-167> - Time 0.223731 Total energy consumed 20.903505 Ave. Power Level 93.431581
	-------- Loop 12 (sock 1 consumed 10.674795, avg temp 44.500000, final temp 45 ) ------
	-------- Loop 12 (sock 2 consumed 10.228710, avg temp 39.000000, final temp 39 ) ------
Loop 13 <line-213> - Time 4.617239 Total energy consumed 444.949575 Ave. Power Level 96.367024
	-------- Loop 13 (sock 1 consumed 226.168365, avg temp 46.833333, final temp 45 ) ------
	-------- Loop 13 (sock 2 consumed 218.781210, avg temp 40.333333, final temp 38 ) ------
Loop 14 <line-99> - Time 4.194854 Total energy consumed 237.226035 Ave. Power Level 56.551678
	-------- Loop 14 (sock 1 consumed 119.756100, avg temp 44.285714, final temp 44 ) ------
	-------- Loop 14 (sock 2 consumed 117.469935, avg temp 37.714286, final temp 39 ) ------
Loop 15 <line-160> - Time 0.102464 Total energy consumed 6.535740 Ave. Power Level 63.785491
	-------- Loop 15 (sock 1 consumed 3.333165, avg temp 44.571429, final temp 45 ) ------
	-------- Loop 15 (sock 2 consumed 3.202575, avg temp 37.714286, final temp 39 ) ------
Loop 16 <line-269> - Time 3.438126 Total energy consumed 171.985350 Ave. Power Level 50.022990
	-------- Loop 16 (sock 1 consumed 84.250185, avg temp 43.966667, final temp 45 ) ------
	-------- Loop 16 (sock 2 consumed 87.735165, avg temp 37.300000, final temp 37 ) ------
Loop 17 <line-300> - Time 0.001961 Total energy consumed 0.137925 Ave. Power Level 70.345277
	-------- Loop 17 (sock 1 consumed 0.059430, avg temp 43.916667, final temp 43 ) ------
	-------- Loop 17 (sock 2 consumed 0.078495, avg temp 37.333333, final temp 37 ) ------
Loop 18 <line-147> - Time 0.000496 Total energy consumed 0.092520 Ave. Power Level 186.566111
	-------- Loop 18 (sock 1 consumed 0.071040, avg temp 44.000000, final temp 44 ) ------
	-------- Loop 18 (sock 2 consumed 0.021480, avg temp 38.000000, final temp 38 ) ------
Application(EnergyStat) - Time 28.672828 Total energy consumed 1681.689840 Ave. Power Level 58.650994 Final Temperature socket 1 : 44  socket 2 : 38 
