Memory used: 1.29297
Loading 32-bit binary file: pnnl.bin, numvertices: 2361670, numEdges: 191402826
File read time: 1.99283
Before allocating graph
Allocated graph: 0x191a550
Processing edges for vertex: 0, range(0, 166)
Processing edges for vertex: 100000, range(58444108, 58444133)
Processing edges for vertex: 200000, range(84376057, 84376362)
Processing edges for vertex: 300000, range(106069163, 106069503)
Processing edges for vertex: 400000, range(122097114, 122097513)
Processing edges for vertex: 500000, range(135096418, 135096483)
Processing edges for vertex: 600000, range(146097008, 146097061)
Processing edges for vertex: 700000, range(155415410, 155415531)
Processing edges for vertex: 800000, range(162595900, 162595989)
Processing edges for vertex: 900000, range(168508374, 168508464)
Processing edges for vertex: 1000000, range(173203321, 173203442)
Processing edges for vertex: 1100000, range(176935100, 176935110)
Processing edges for vertex: 1200000, range(179876260, 179876270)
Processing edges for vertex: 1300000, range(182240081, 182240092)
Processing edges for vertex: 1400000, range(184224513, 184224521)
Processing edges for vertex: 1500000, range(185795161, 185795170)
Processing edges for vertex: 1600000, range(187104124, 187104130)
Processing edges for vertex: 1700000, range(188148455, 188148461)
Processing edges for vertex: 1800000, range(188997836, 188997842)
Processing edges for vertex: 1900000, range(189691532, 189691535)
Processing edges for vertex: 2000000, range(190254658, 190254660)
Processing edges for vertex: 2100000, range(190705814, 190705822)
Processing edges for vertex: 2200000, range(191052755, 191052764)
Processing edges for vertex: 2300000, range(191302662, 191302663)
Graph populate time: 9.6778
Total I/O time: 11.6707
Running on: 16 threads
Loaded graph from file: pnnl.bin
Memory used: 2949.09
Maximum degree for the graph: 5520
Iteration: 0, conflicts: 28
Iteration: 1, conflicts: 2
Iteration: 2, conflicts: 1
Iteration: 3, conflicts: 0
Total number of colors used: 1195
Total number of conflicts overall: 0
Number of rounds: 4
SUCCESS: No conflicts found
Coloring time: 0.798972
Memory used: 2949.09
Number of reordered colors: 1015
End position for large colors: 0, node count: 550586, largest: 550586
Node count cutoff: 472334
e_xx: 1.12462e+08, a2_x: 6.83129e+11, currMod: 0.587548
e_xx: 1.56496e+08, a2_x: 5.36871e+11, currMod: 0.817611
e_xx: 1.63897e+08, a2_x: 5.86352e+11, currMod: 0.85628
e_xx: 1.66656e+08, a2_x: 5.40693e+11, currMod: 0.870694
e_xx: 1.67873e+08, a2_x: 5.8423e+11, currMod: 0.877052
currMod: 0.870694, prevMod: -1
Louvain time: 7.8549
numClusters: 204480, time: 0.141064
Next phase: 2
Memory used: 2949.09
End Structure 1299028 204480 vs 2800708
Build next level time: 3.74481
Iteration time: 11.7451
Memory used: 2949.09
e_xx: 1.67873e+08, a2_x: 5.8423e+11, currMod: 0.877052
e_xx: 1.8125e+08, a2_x: 3.53278e+11, currMod: 0.946947
e_xx: 1.82647e+08, a2_x: 3.04877e+11, currMod: 0.954247
e_xx: 1.83016e+08, a2_x: 3.04624e+11, currMod: 0.956175
e_xx: 1.83147e+08, a2_x: 2.99039e+11, currMod: 0.95686
e_xx: 1.83221e+08, a2_x: 2.9978e+11, currMod: 0.957244
e_xx: 1.83241e+08, a2_x: 2.76039e+11, currMod: 0.957348
e_xx: 1.83291e+08, a2_x: 2.92155e+11, currMod: 0.957609
e_xx: 1.83289e+08, a2_x: 2.6869e+11, currMod: 0.9576
currMod: 0.957609, prevMod: 0.870694
Louvain time: 2.48429
numClusters: 51320, time: 0.020146
Next phase: 3
Memory used: 2949.09
End Structure 501856 51320 vs 1055020
Build next level time: 0.22745
Iteration time: 2.73269
Memory used: 2949.09
e_xx: 1.83291e+08, a2_x: 2.92605e+11, currMod: 0.957619
e_xx: 1.84246e+08, a2_x: 1.16428e+11, currMod: 0.962617
e_xx: 1.84306e+08, a2_x: 1.2624e+11, currMod: 0.962931
e_xx: 1.84461e+08, a2_x: 8.58491e+10, currMod: 0.963741
e_xx: 1.84377e+08, a2_x: 1.11933e+11, currMod: 0.9633
currMod: 0.963741, prevMod: 0.957609
Louvain time: 0.669537
numClusters: 25529, time: 0.006401
Next phase: 4
Memory used: 2949.09
End Structure 169804 25529 vs 365137
Build next level time: 0.09116
Iteration time: 0.767582
Memory used: 2949.09
e_xx: 1.84461e+08, a2_x: 8.78231e+10, currMod: 0.963733
e_xx: 1.84677e+08, a2_x: 2.22103e+10, currMod: 0.964861
e_xx: 1.84671e+08, a2_x: 9.85266e+09, currMod: 0.964828
currMod: 0.964861, prevMod: 0.963741
Louvain time: 0.186217
numClusters: 22590, time: 0.004226
Next phase: 5
Memory used: 2949.09
End Structure 100893 22590 vs 224376
Build next level time: 0.04394
Iteration time: 0.234811
Memory used: 2949.09
e_xx: 1.84677e+08, a2_x: 2.2184e+10, currMod: 0.964859
e_xx: 1.84694e+08, a2_x: 1.19094e+10, currMod: 0.96495
e_xx: 1.84697e+08, a2_x: 2.3849e+10, currMod: 0.964966
e_xx: 1.84703e+08, a2_x: 8.45784e+09, currMod: 0.964996
e_xx: 1.84711e+08, a2_x: 8.24206e+09, currMod: 0.96504
e_xx: 1.8471e+08, a2_x: 1.35174e+10, currMod: 0.965031
currMod: 0.96504, prevMod: 0.964861
Louvain time: 0.249178
numClusters: 21914, time: 0.003871
Next phase: 6
Memory used: 2949.09
End Structure 48961 21914 vs 119836
Build next level time: 0.024523
Iteration time: 0.277802
Memory used: 2949.09
e_xx: 1.84711e+08, a2_x: 6.26587e+09, currMod: 0.96504
e_xx: 1.84712e+08, a2_x: 7.40922e+09, currMod: 0.965044
e_xx: 1.84712e+08, a2_x: 5.61698e+09, currMod: 0.965044
currMod: 0.965044, prevMod: 0.96504
Louvain time: 0.066875
numClusters: 21870, time: 0.003687
Next phase: 7
Memory used: 2949.09
End Structure 46765 21870 vs 115400
Build next level time: 0.020207
Iteration time: 0.090967
Memory used: 2949.09
e_xx: 1.84712e+08, a2_x: 8.88482e+09, currMod: 0.965044
e_xx: 1.84712e+08, a2_x: 8.88482e+09, currMod: 0.965044
currMod: 0.965044, prevMod: 0.965044
Louvain time: 0.0443
numClusters: 21870, time: 0.003722
Maximum degree for the graph: 365
Iteration: 0, conflicts: 0
Total number of colors used: 160
Total number of conflicts overall: 0
Number of rounds: 1
SUCCESS: No conflicts found
Number of reordered colors: 159
End position for large colors: 0, node count: 21538, largest: 21538
Node count cutoff: 4374
e_xx: 1.84712e+08, a2_x: 8.88482e+09, currMod: 0.965044
End Structure 46765 21870 vs 115400
currMod: 0.965044, prevMod: 0.965044
numClusters: 21870
Total iteration time: 15.849

Loop 0 <line-37> - Time 0.000673 Total energy consumed 0.000000 Ave. Power Level 0.000000
	-------- Loop 0 (sock 1 consumed 0.000000, avg temp 44.000000, final temp 44 ) ------
	-------- Loop 0 (sock 2 consumed 0.000000, avg temp 37.500000, final temp 38 ) ------
Loop 1 <line-54> - Time 0.000350 Total energy consumed 0.000000 Ave. Power Level 0.000000
	-------- Loop 1 (sock 1 consumed 0.000000, avg temp 43.500000, final temp 44 ) ------
	-------- Loop 1 (sock 2 consumed 0.000000, avg temp 37.500000, final temp 39 ) ------
Loop 2 <line-76> - Time 0.000345 Total energy consumed 0.000000 Ave. Power Level 0.000000
	-------- Loop 2 (sock 1 consumed 0.000000, avg temp 43.500000, final temp 44 ) ------
	-------- Loop 2 (sock 2 consumed 0.000000, avg temp 37.500000, final temp 39 ) ------
Loop 3 <line-170> - Time 0.466326 Total energy consumed 27.607530 Ave. Power Level 59.202169
	-------- Loop 3 (sock 1 consumed 14.373630, avg temp 44.000000, final temp 44 ) ------
	-------- Loop 3 (sock 2 consumed 13.233900, avg temp 37.400000, final temp 39 ) ------
Loop 4 <line-192> - Time 0.000265 Total energy consumed 0.000000 Ave. Power Level 0.000000
	-------- Loop 4 (sock 1 consumed 0.000000, avg temp 44.000000, final temp 44 ) ------
	-------- Loop 4 (sock 2 consumed 0.000000, avg temp 38.000000, final temp 39 ) ------
Loop 5 <line-222> - Time 0.198656 Total energy consumed 11.543535 Ave. Power Level 58.108233
	-------- Loop 5 (sock 1 consumed 4.773810, avg temp 44.000000, final temp 44 ) ------
	-------- Loop 5 (sock 2 consumed 6.769725, avg temp 38.500000, final temp 38 ) ------
Loop 6 <line-115> - Time 0.002116 Total energy consumed 0.000000 Ave. Power Level 0.000000
	-------- Loop 6 (sock 1 consumed 0.000000, avg temp 44.142857, final temp 44 ) ------
	-------- Loop 6 (sock 2 consumed 0.000000, avg temp 38.000000, final temp 38 ) ------
Loop 7 <line-334> - Time 0.387036 Total energy consumed 19.970055 Ave. Power Level 51.597380
	-------- Loop 7 (sock 1 consumed 9.906915, avg temp 43.875000, final temp 44 ) ------
	-------- Loop 7 (sock 2 consumed 10.063140, avg temp 37.875000, final temp 38 ) ------
Loop 8 <line-353> - Time 0.000455 Total energy consumed 0.000000 Ave. Power Level 0.000000
	-------- Loop 8 (sock 1 consumed 0.000000, avg temp 43.875000, final temp 44 ) ------
	-------- Loop 8 (sock 2 consumed 0.000000, avg temp 37.875000, final temp 38 ) ------
Loop 9 <line-375> - Time 0.000838 Total energy consumed 0.000000 Ave. Power Level 0.000000
	-------- Loop 9 (sock 1 consumed 0.000000, avg temp 43.875000, final temp 44 ) ------
	-------- Loop 9 (sock 2 consumed 0.000000, avg temp 37.875000, final temp 38 ) ------
Loop 10 <line-85> - Time 0.158756 Total energy consumed 14.874450 Ave. Power Level 93.693894
	-------- Loop 10 (sock 1 consumed 7.523805, avg temp 44.500000, final temp 44 ) ------
	-------- Loop 10 (sock 2 consumed 7.350645, avg temp 38.750000, final temp 39 ) ------
Loop 11 <line-131> - Time 0.003138 Total energy consumed 0.387300 Ave. Power Level 123.416151
	-------- Loop 11 (sock 1 consumed 0.197235, avg temp 44.500000, final temp 44 ) ------
	-------- Loop 11 (sock 2 consumed 0.190065, avg temp 38.500000, final temp 39 ) ------
Loop 12 <line-167> - Time 0.210986 Total energy consumed 19.612710 Ave. Power Level 92.957563
	-------- Loop 12 (sock 1 consumed 9.971565, avg temp 43.500000, final temp 43 ) ------
	-------- Loop 12 (sock 2 consumed 9.641145, avg temp 39.000000, final temp 39 ) ------
Loop 13 <line-213> - Time 4.633206 Total energy consumed 447.429255 Ave. Power Level 96.570120
	-------- Loop 13 (sock 1 consumed 227.445540, avg temp 46.833333, final temp 44 ) ------
	-------- Loop 13 (sock 2 consumed 219.983715, avg temp 40.333333, final temp 39 ) ------
Loop 14 <line-99> - Time 3.757660 Total energy consumed 218.195355 Ave. Power Level 58.066820
	-------- Loop 14 (sock 1 consumed 106.957290, avg temp 44.142857, final temp 44 ) ------
	-------- Loop 14 (sock 2 consumed 111.238065, avg temp 37.428571, final temp 38 ) ------
Loop 15 <line-160> - Time 0.112768 Total energy consumed 7.023675 Ave. Power Level 62.284263
	-------- Loop 15 (sock 1 consumed 3.344445, avg temp 44.142857, final temp 44 ) ------
	-------- Loop 15 (sock 2 consumed 3.679230, avg temp 38.142857, final temp 38 ) ------
Loop 16 <line-269> - Time 3.678135 Total energy consumed 185.952855 Ave. Power Level 50.556291
	-------- Loop 16 (sock 1 consumed 90.106545, avg temp 43.571429, final temp 43 ) ------
	-------- Loop 16 (sock 2 consumed 95.846310, avg temp 37.357143, final temp 39 ) ------
Loop 17 <line-300> - Time 0.002071 Total energy consumed 0.045360 Ave. Power Level 21.903499
	-------- Loop 17 (sock 1 consumed 0.019890, avg temp 43.727273, final temp 43 ) ------
	-------- Loop 17 (sock 2 consumed 0.025470, avg temp 37.272727, final temp 38 ) ------
Loop 18 <line-147> - Time 0.000456 Total energy consumed 0.077715 Ave. Power Level 170.562286
	-------- Loop 18 (sock 1 consumed 0.036705, avg temp 44.000000, final temp 44 ) ------
	-------- Loop 18 (sock 2 consumed 0.041010, avg temp 38.000000, final temp 38 ) ------
Application(EnergyStat) - Time 28.406646 Total energy consumed 1672.481475 Ave. Power Level 58.876414 Final Temperature socket 1 : 45  socket 2 : 38 
