Memory used: 1.28906
Loading 32-bit binary file: pnnl.bin, numvertices: 2361670, numEdges: 191402826
File read time: 1.9928
Before allocating graph
Allocated graph: 0x2026550
Processing edges for vertex: 0, range(0, 166)
Processing edges for vertex: 100000, range(58444108, 58444133)
Processing edges for vertex: 200000, range(84376057, 84376362)
Processing edges for vertex: 300000, range(106069163, 106069503)
Processing edges for vertex: 400000, range(122097114, 122097513)
Processing edges for vertex: 500000, range(135096418, 135096483)
Processing edges for vertex: 600000, range(146097008, 146097061)
Processing edges for vertex: 700000, range(155415410, 155415531)
Processing edges for vertex: 800000, range(162595900, 162595989)
Processing edges for vertex: 900000, range(168508374, 168508464)
Processing edges for vertex: 1000000, range(173203321, 173203442)
Processing edges for vertex: 1100000, range(176935100, 176935110)
Processing edges for vertex: 1200000, range(179876260, 179876270)
Processing edges for vertex: 1300000, range(182240081, 182240092)
Processing edges for vertex: 1400000, range(184224513, 184224521)
Processing edges for vertex: 1500000, range(185795161, 185795170)
Processing edges for vertex: 1600000, range(187104124, 187104130)
Processing edges for vertex: 1700000, range(188148455, 188148461)
Processing edges for vertex: 1800000, range(188997836, 188997842)
Processing edges for vertex: 1900000, range(189691532, 189691535)
Processing edges for vertex: 2000000, range(190254658, 190254660)
Processing edges for vertex: 2100000, range(190705814, 190705822)
Processing edges for vertex: 2200000, range(191052755, 191052764)
Processing edges for vertex: 2300000, range(191302662, 191302663)
Graph populate time: 9.68117
Total I/O time: 11.674
Running on: 16 threads
Loaded graph from file: pnnl.bin
Memory used: 2949.09
Maximum degree for the graph: 5520
Iteration: 0, conflicts: 50
Iteration: 1, conflicts: 12
Iteration: 2, conflicts: 6
Iteration: 3, conflicts: 4
Iteration: 4, conflicts: 1
Iteration: 5, conflicts: 0
Total number of colors used: 1190
Total number of conflicts overall: 0
Number of rounds: 6
SUCCESS: No conflicts found
Coloring time: 0.804405
Memory used: 2949.09
Number of reordered colors: 1007
End position for large colors: 0, node count: 550427, largest: 550427
Node count cutoff: 472334
e_xx: 1.16874e+08, a2_x: 6.39261e+11, currMod: 0.6106
e_xx: 1.62105e+08, a2_x: 5.85206e+11, currMod: 0.846914
e_xx: 1.70268e+08, a2_x: 5.27305e+11, currMod: 0.889565
e_xx: 1.73135e+08, a2_x: 5.23816e+11, currMod: 0.904543
e_xx: 1.74371e+08, a2_x: 5.37682e+11, currMod: 0.911
currMod: 0.904543, prevMod: -1
Louvain time: 7.78343
numClusters: 204506, time: 0.144977
Next phase: 2
Memory used: 2949.09
End Structure 1310735 204506 vs 2824230
Build next level time: 4.58677
Iteration time: 12.5193
Memory used: 2949.09
e_xx: 1.66878e+08, a2_x: 5.36711e+11, currMod: 0.907404
e_xx: 1.77234e+08, a2_x: 3.20222e+11, currMod: 0.963727
e_xx: 1.78721e+08, a2_x: 2.49619e+11, currMod: 0.971813
e_xx: 1.79072e+08, a2_x: 2.24504e+11, currMod: 0.973721
e_xx: 1.792e+08, a2_x: 2.53389e+11, currMod: 0.974415
e_xx: 1.79287e+08, a2_x: 2.61446e+11, currMod: 0.974892
e_xx: 1.79352e+08, a2_x: 2.41736e+11, currMod: 0.975243
e_xx: 1.79405e+08, a2_x: 2.64209e+11, currMod: 0.975529
e_xx: 1.79432e+08, a2_x: 2.35359e+11, currMod: 0.975679
e_xx: 1.79449e+08, a2_x: 2.36043e+11, currMod: 0.975771
e_xx: 1.79461e+08, a2_x: 2.34854e+11, currMod: 0.975835
e_xx: 1.79469e+08, a2_x: 2.35415e+11, currMod: 0.97588
e_xx: 1.79473e+08, a2_x: 2.32979e+11, currMod: 0.975903
e_xx: 1.79477e+08, a2_x: 2.33789e+11, currMod: 0.975923
e_xx: 1.79478e+08, a2_x: 2.41619e+11, currMod: 0.975931
e_xx: 1.7948e+08, a2_x: 2.31169e+11, currMod: 0.975941
e_xx: 1.79481e+08, a2_x: 2.49897e+11, currMod: 0.975945
e_xx: 1.79482e+08, a2_x: 2.39646e+11, currMod: 0.97595
e_xx: 1.79482e+08, a2_x: 2.49251e+11, currMod: 0.975949
currMod: 0.97595, prevMod: 0.904543
Louvain time: 4.91035
numClusters: 48362, time: 0.019624
Next phase: 3
Memory used: 2949.09
End Structure 460455 48362 vs 969266
Build next level time: 0.217611
Iteration time: 5.14858
Memory used: 2949.09
e_xx: 1.79482e+08, a2_x: 2.40006e+11, currMod: 0.975928
e_xx: 1.80363e+08, a2_x: 6.27166e+10, currMod: 0.980723
e_xx: 1.80389e+08, a2_x: 9.12404e+10, currMod: 0.980865
e_xx: 1.805e+08, a2_x: 8.14713e+10, currMod: 0.98147
e_xx: 1.80409e+08, a2_x: 8.43461e+10, currMod: 0.980975
currMod: 0.98147, prevMod: 0.97595
Louvain time: 0.619416
numClusters: 25299, time: 0.006212
Next phase: 4
Memory used: 2949.09
End Structure 165466 25299 vs 356231
Build next level time: 0.076989
Iteration time: 0.703135
Memory used: 2949.09
e_xx: 1.805e+08, a2_x: 8.22566e+10, currMod: 0.98146
e_xx: 1.8068e+08, a2_x: 4.02614e+10, currMod: 0.982439
e_xx: 1.80683e+08, a2_x: 5.2494e+10, currMod: 0.982458
e_xx: 1.80688e+08, a2_x: 5.0308e+10, currMod: 0.982482
e_xx: 1.80684e+08, a2_x: 5.12235e+10, currMod: 0.982462
currMod: 0.982482, prevMod: 0.98147
Louvain time: 0.332233
numClusters: 22147, time: 0.004187
Next phase: 5
Memory used: 2949.09
End Structure 86070 22147 vs 194287
Build next level time: 0.03574
Iteration time: 0.372581
Memory used: 2949.09
e_xx: 1.80688e+08, a2_x: 5.03676e+10, currMod: 0.98248
e_xx: 1.80691e+08, a2_x: 4.44217e+10, currMod: 0.982496
e_xx: 1.80691e+08, a2_x: 3.38549e+10, currMod: 0.982497
currMod: 0.982496, prevMod: 0.982482
Louvain time: 0.117164
numClusters: 22014, time: 0.003748
Next phase: 6
Memory used: 2949.09
End Structure 77822 22014 vs 177658
Build next level time: 0.027572
Iteration time: 0.148739
Memory used: 2949.09
e_xx: 1.80691e+08, a2_x: 4.44217e+10, currMod: 0.982496
e_xx: 1.80691e+08, a2_x: 4.07188e+10, currMod: 0.982498
e_xx: 1.80691e+08, a2_x: 4.85996e+10, currMod: 0.982498
currMod: 0.982498, prevMod: 0.982496
Louvain time: 0.102116
numClusters: 21981, time: 0.00373
Next phase: 7
Memory used: 2949.09
End Structure 75300 21981 vs 172581
Build next level time: 0.029491
Iteration time: 0.135634
Memory used: 2949.09
e_xx: 1.80691e+08, a2_x: 4.22755e+10, currMod: 0.982498
e_xx: 1.80691e+08, a2_x: 3.92091e+10, currMod: 0.982498
currMod: 0.982498, prevMod: 0.982498
Louvain time: 0.069753
numClusters: 21981, time: 0.003733
Maximum degree for the graph: 479
Iteration: 0, conflicts: 0
Total number of colors used: 182
Total number of conflicts overall: 0
Number of rounds: 1
SUCCESS: No conflicts found
Number of reordered colors: 181
End position for large colors: 0, node count: 21547, largest: 21547
Node count cutoff: 4397
e_xx: 1.80691e+08, a2_x: 4.35328e+10, currMod: 0.982499
End Structure 71068 21962 vs 164098
currMod: 0.982498, prevMod: 0.982498
numClusters: 21962
Total iteration time: 19.028

Loop 0 <line-37> - Time 0.000694 Total energy consumed 0.074100 Ave. Power Level 106.706527
	-------- Loop 0 (sock 1 consumed 0.053220, avg temp 44.000000, final temp 45 ) ------
	-------- Loop 0 (sock 2 consumed 0.020880, avg temp 37.000000, final temp 38 ) ------
Loop 1 <line-54> - Time 0.000335 Total energy consumed 0.000000 Ave. Power Level 0.000000
	-------- Loop 1 (sock 1 consumed 0.000000, avg temp 43.000000, final temp 44 ) ------
	-------- Loop 1 (sock 2 consumed 0.000000, avg temp 36.500000, final temp 37 ) ------
Loop 2 <line-76> - Time 0.000346 Total energy consumed 0.000000 Ave. Power Level 0.000000
	-------- Loop 2 (sock 1 consumed 0.000000, avg temp 43.000000, final temp 44 ) ------
	-------- Loop 2 (sock 2 consumed 0.000000, avg temp 36.500000, final temp 37 ) ------
Loop 3 <line-170> - Time 0.474980 Total energy consumed 28.067400 Ave. Power Level 59.091749
	-------- Loop 3 (sock 1 consumed 14.531790, avg temp 44.000000, final temp 44 ) ------
	-------- Loop 3 (sock 2 consumed 13.535610, avg temp 38.000000, final temp 38 ) ------
Loop 4 <line-192> - Time 0.000281 Total energy consumed 0.000000 Ave. Power Level 0.000000
	-------- Loop 4 (sock 1 consumed 0.000000, avg temp 44.000000, final temp 44 ) ------
	-------- Loop 4 (sock 2 consumed 0.000000, avg temp 38.000000, final temp 38 ) ------
Loop 5 <line-222> - Time 0.195204 Total energy consumed 11.242680 Ave. Power Level 57.594607
	-------- Loop 5 (sock 1 consumed 4.740720, avg temp 43.500000, final temp 44 ) ------
	-------- Loop 5 (sock 2 consumed 6.501960, avg temp 38.500000, final temp 38 ) ------
Loop 6 <line-115> - Time 0.002257 Total energy consumed 0.193155 Ave. Power Level 85.595738
	-------- Loop 6 (sock 1 consumed 0.111105, avg temp 43.857143, final temp 43 ) ------
	-------- Loop 6 (sock 2 consumed 0.082050, avg temp 37.000000, final temp 37 ) ------
Loop 7 <line-334> - Time 0.382923 Total energy consumed 20.302650 Ave. Power Level 53.020123
	-------- Loop 7 (sock 1 consumed 10.622085, avg temp 44.250000, final temp 44 ) ------
	-------- Loop 7 (sock 2 consumed 9.680565, avg temp 37.375000, final temp 38 ) ------
Loop 8 <line-353> - Time 0.000464 Total energy consumed 0.000000 Ave. Power Level 0.000000
	-------- Loop 8 (sock 1 consumed 0.000000, avg temp 44.250000, final temp 44 ) ------
	-------- Loop 8 (sock 2 consumed 0.000000, avg temp 37.375000, final temp 38 ) ------
Loop 9 <line-375> - Time 0.000930 Total energy consumed 0.112905 Ave. Power Level 121.344380
	-------- Loop 9 (sock 1 consumed 0.072255, avg temp 44.250000, final temp 44 ) ------
	-------- Loop 9 (sock 2 consumed 0.040650, avg temp 37.250000, final temp 38 ) ------
Loop 10 <line-85> - Time 0.158824 Total energy consumed 14.744115 Ave. Power Level 92.833016
	-------- Loop 10 (sock 1 consumed 7.460625, avg temp 44.000000, final temp 44 ) ------
	-------- Loop 10 (sock 2 consumed 7.283490, avg temp 37.750000, final temp 38 ) ------
Loop 11 <line-131> - Time 0.003249 Total energy consumed 0.338295 Ave. Power Level 104.136108
	-------- Loop 11 (sock 1 consumed 0.150375, avg temp 44.000000, final temp 44 ) ------
	-------- Loop 11 (sock 2 consumed 0.187920, avg temp 38.000000, final temp 38 ) ------
Loop 12 <line-167> - Time 0.137194 Total energy consumed 12.755820 Ave. Power Level 92.976640
	-------- Loop 12 (sock 1 consumed 6.465015, avg temp 44.000000, final temp 44 ) ------
	-------- Loop 12 (sock 2 consumed 6.290805, avg temp 37.500000, final temp 37 ) ------
Loop 13 <line-213> - Time 4.596072 Total energy consumed 444.984120 Ave. Power Level 96.818344
	-------- Loop 13 (sock 1 consumed 226.855110, avg temp 47.000000, final temp 45 ) ------
	-------- Loop 13 (sock 2 consumed 218.129010, avg temp 40.166667, final temp 38 ) ------
Loop 14 <line-99> - Time 4.631481 Total energy consumed 261.315000 Ave. Power Level 56.421476
	-------- Loop 14 (sock 1 consumed 131.948535, avg temp 44.857143, final temp 45 ) ------
	-------- Loop 14 (sock 2 consumed 129.366465, avg temp 36.571429, final temp 37 ) ------
Loop 15 <line-160> - Time 0.099237 Total energy consumed 6.782505 Ave. Power Level 68.346641
	-------- Loop 15 (sock 1 consumed 3.490680, avg temp 44.285714, final temp 44 ) ------
	-------- Loop 15 (sock 2 consumed 3.291825, avg temp 37.142857, final temp 38 ) ------
Loop 16 <line-269> - Time 6.125441 Total energy consumed 310.573335 Ave. Power Level 50.702198
	-------- Loop 16 (sock 1 consumed 148.311480, avg temp 43.594595, final temp 43 ) ------
	-------- Loop 16 (sock 2 consumed 162.261855, avg temp 37.216216, final temp 37 ) ------
Loop 17 <line-300> - Time 0.003694 Total energy consumed 0.045525 Ave. Power Level 12.323432
	-------- Loop 17 (sock 1 consumed 0.019905, avg temp 43.580645, final temp 43 ) ------
	-------- Loop 17 (sock 2 consumed 0.025620, avg temp 37.225806, final temp 36 ) ------
Loop 18 <line-147> - Time 0.000402 Total energy consumed 0.000000 Ave. Power Level 0.000000
	-------- Loop 18 (sock 1 consumed 0.000000, avg temp 45.000000, final temp 45 ) ------
	-------- Loop 18 (sock 2 consumed 0.000000, avg temp 38.000000, final temp 38 ) ------
Application(EnergyStat) - Time 31.630404 Total energy consumed 1832.437095 Ave. Power Level 57.932776 Final Temperature socket 1 : 44  socket 2 : 38 
