Memory used: 1.29297
Loading 32-bit binary file: pnnl.bin, numvertices: 2361670, numEdges: 191402826
File read time: 1.95568
Before allocating graph
Allocated graph: 0x1633550
Processing edges for vertex: 0, range(0, 166)
Processing edges for vertex: 100000, range(58444108, 58444133)
Processing edges for vertex: 200000, range(84376057, 84376362)
Processing edges for vertex: 300000, range(106069163, 106069503)
Processing edges for vertex: 400000, range(122097114, 122097513)
Processing edges for vertex: 500000, range(135096418, 135096483)
Processing edges for vertex: 600000, range(146097008, 146097061)
Processing edges for vertex: 700000, range(155415410, 155415531)
Processing edges for vertex: 800000, range(162595900, 162595989)
Processing edges for vertex: 900000, range(168508374, 168508464)
Processing edges for vertex: 1000000, range(173203321, 173203442)
Processing edges for vertex: 1100000, range(176935100, 176935110)
Processing edges for vertex: 1200000, range(179876260, 179876270)
Processing edges for vertex: 1300000, range(182240081, 182240092)
Processing edges for vertex: 1400000, range(184224513, 184224521)
Processing edges for vertex: 1500000, range(185795161, 185795170)
Processing edges for vertex: 1600000, range(187104124, 187104130)
Processing edges for vertex: 1700000, range(188148455, 188148461)
Processing edges for vertex: 1800000, range(188997836, 188997842)
Processing edges for vertex: 1900000, range(189691532, 189691535)
Processing edges for vertex: 2000000, range(190254658, 190254660)
Processing edges for vertex: 2100000, range(190705814, 190705822)
Processing edges for vertex: 2200000, range(191052755, 191052764)
Processing edges for vertex: 2300000, range(191302662, 191302663)
Graph populate time: 9.68411
Total I/O time: 11.6398
Running on: 16 threads
Loaded graph from file: pnnl.bin
Memory used: 2949.09
Maximum degree for the graph: 5520
Iteration: 0, conflicts: 57
Iteration: 1, conflicts: 7
Iteration: 2, conflicts: 3
Iteration: 3, conflicts: 2
Iteration: 4, conflicts: 1
Iteration: 5, conflicts: 0
Total number of colors used: 1196
Total number of conflicts overall: 0
Number of rounds: 6
SUCCESS: No conflicts found
Coloring time: 0.743803
Memory used: 2949.09
Number of reordered colors: 1025
End position for large colors: 0, node count: 550484, largest: 550484
Node count cutoff: 472334
e_xx: 1.24294e+08, a2_x: 6.04752e+11, currMod: 0.649365
e_xx: 1.67351e+08, a2_x: 6.21436e+11, currMod: 0.874324
e_xx: 1.7345e+08, a2_x: 5.88611e+11, currMod: 0.906187
e_xx: 1.7583e+08, a2_x: 5.28358e+11, currMod: 0.918624
e_xx: 1.76992e+08, a2_x: 5.57733e+11, currMod: 0.924693
currMod: 0.918624, prevMod: -1
Louvain time: 7.92944
numClusters: 202735, time: 0.144719
Next phase: 2
Memory used: 2949.09
End Structure 1251424 202735 vs 2703804
Build next level time: 5.00639
Iteration time: 13.0845
Memory used: 2949.09
e_xx: 1.5733e+08, a2_x: 5.58374e+11, currMod: 0.91611
e_xx: 1.65165e+08, a2_x: 3.0005e+11, currMod: 0.96174
e_xx: 1.66461e+08, a2_x: 2.73907e+11, currMod: 0.969288
e_xx: 1.66748e+08, a2_x: 2.74577e+11, currMod: 0.97096
e_xx: 1.6682e+08, a2_x: 2.75861e+11, currMod: 0.971379
e_xx: 1.66889e+08, a2_x: 2.70602e+11, currMod: 0.971784
e_xx: 1.66895e+08, a2_x: 2.8102e+11, currMod: 0.971817
e_xx: 1.66936e+08, a2_x: 2.73581e+11, currMod: 0.972058
e_xx: 1.66931e+08, a2_x: 2.69943e+11, currMod: 0.972025
currMod: 0.972058, prevMod: 0.918624
Louvain time: 2.26988
numClusters: 49732, time: 0.01929
Next phase: 3
Memory used: 2949.09
End Structure 462630 49732 vs 974984
Build next level time: 0.254182
Iteration time: 2.54416
Memory used: 2949.09
e_xx: 1.66936e+08, a2_x: 2.74191e+11, currMod: 0.972027
e_xx: 1.6809e+08, a2_x: 1.106e+11, currMod: 0.978749
e_xx: 1.6836e+08, a2_x: 8.11315e+10, currMod: 0.980327
e_xx: 1.68411e+08, a2_x: 9.05022e+10, currMod: 0.980623
e_xx: 1.68426e+08, a2_x: 1.36338e+11, currMod: 0.98071
e_xx: 1.68432e+08, a2_x: 9.54772e+10, currMod: 0.980744
e_xx: 1.68433e+08, a2_x: 1.28471e+11, currMod: 0.980751
e_xx: 1.68434e+08, a2_x: 9.6277e+10, currMod: 0.980755
e_xx: 1.68434e+08, a2_x: 1.31595e+11, currMod: 0.980753
currMod: 0.980755, prevMod: 0.972058
Louvain time: 1.12322
numClusters: 24317, time: 0.006198
Next phase: 4
Memory used: 2949.09
End Structure 157994 24317 vs 340305
Build next level time: 0.09391
Iteration time: 1.22382
Memory used: 2949.09
e_xx: 1.68434e+08, a2_x: 9.569e+10, currMod: 0.980744
e_xx: 1.68488e+08, a2_x: 2.4169e+10, currMod: 0.981062
e_xx: 1.68491e+08, a2_x: 1.75732e+10, currMod: 0.981078
e_xx: 1.68493e+08, a2_x: 2.21661e+10, currMod: 0.981088
e_xx: 1.68492e+08, a2_x: 2.32777e+10, currMod: 0.981084
currMod: 0.981088, prevMod: 0.980755
Louvain time: 0.303951
numClusters: 22163, time: 0.004082
Next phase: 5
Memory used: 2949.09
End Structure 90249 22163 vs 202661
Build next level time: 0.036339
Iteration time: 0.344897
Memory used: 2949.09
e_xx: 1.68493e+08, a2_x: 2.21348e+10, currMod: 0.981087
e_xx: 1.68496e+08, a2_x: 3.56852e+10, currMod: 0.981108
e_xx: 1.68497e+08, a2_x: 3.19652e+10, currMod: 0.981109
e_xx: 1.68497e+08, a2_x: 2.44287e+10, currMod: 0.981109
currMod: 0.981109, prevMod: 0.981088
Louvain time: 0.155176
numClusters: 22002, time: 0.003767
Next phase: 6
Memory used: 2949.09
End Structure 78945 22002 vs 179892
Build next level time: 0.031414
Iteration time: 0.190605
Memory used: 2949.09
e_xx: 1.68497e+08, a2_x: 2.91374e+10, currMod: 0.981109
e_xx: 1.68497e+08, a2_x: 3.00585e+10, currMod: 0.98111
currMod: 0.981109, prevMod: 0.981109
Louvain time: 0.067851
numClusters: 22002, time: 0.003734
Maximum degree for the graph: 498
Iteration: 0, conflicts: 0
Total number of colors used: 183
Total number of conflicts overall: 0
Number of rounds: 1
SUCCESS: No conflicts found
Number of reordered colors: 181
End position for large colors: 0, node count: 21555, largest: 21555
Node count cutoff: 4401
e_xx: 1.6853e+08, a2_x: 1.68227e+10, currMod: 0.981307
e_xx: 1.6857e+08, a2_x: 8.89675e+09, currMod: 0.98154
e_xx: 1.68593e+08, a2_x: 1.89813e+10, currMod: 0.98167
e_xx: 1.71219e+08, a2_x: 1.44627e+09, currMod: 0.996962
e_xx: 1.71237e+08, a2_x: 2.30329e+09, currMod: 0.997067
e_xx: 1.71268e+08, a2_x: -6.06782e+09, currMod: 0.997245
e_xx: 1.7144e+08, a2_x: 2.42787e+09, currMod: 0.99825
e_xx: 1.712e+08, a2_x: 4.23935e+08, currMod: 0.996853
End Structure 360 21571 vs 22291
currMod: 0.99825, prevMod: 0.981109
numClusters: 21571
Total iteration time: 17.388

Loop 0 <line-37> - Time 0.005275 Total energy consumed 0.486495 Ave. Power Level 92.220544
	-------- Loop 0 (sock 1 consumed 0.255840, avg temp 44.000000, final temp 44 ) ------
	-------- Loop 0 (sock 2 consumed 0.230655, avg temp 38.000000, final temp 39 ) ------
Loop 1 <line-54> - Time 0.000685 Total energy consumed 0.000000 Ave. Power Level 0.000000
	-------- Loop 1 (sock 1 consumed 0.000000, avg temp 43.000000, final temp 44 ) ------
	-------- Loop 1 (sock 2 consumed 0.000000, avg temp 37.500000, final temp 38 ) ------
Loop 2 <line-76> - Time 0.000332 Total energy consumed 0.000000 Ave. Power Level 0.000000
	-------- Loop 2 (sock 1 consumed 0.000000, avg temp 43.000000, final temp 44 ) ------
	-------- Loop 2 (sock 2 consumed 0.000000, avg temp 37.500000, final temp 38 ) ------
Loop 3 <line-170> - Time 0.441080 Total energy consumed 26.394435 Ave. Power Level 59.840531
	-------- Loop 3 (sock 1 consumed 14.109885, avg temp 44.857143, final temp 44 ) ------
	-------- Loop 3 (sock 2 consumed 12.284550, avg temp 37.285714, final temp 39 ) ------
Loop 4 <line-192> - Time 0.000389 Total energy consumed 0.045690 Ave. Power Level 117.547782
	-------- Loop 4 (sock 1 consumed 0.025095, avg temp 44.500000, final temp 44 ) ------
	-------- Loop 4 (sock 2 consumed 0.020595, avg temp 38.000000, final temp 39 ) ------
Loop 5 <line-222> - Time 0.163548 Total energy consumed 10.029195 Ave. Power Level 61.322682
	-------- Loop 5 (sock 1 consumed 5.044965, avg temp 43.500000, final temp 44 ) ------
	-------- Loop 5 (sock 2 consumed 4.984230, avg temp 38.000000, final temp 39 ) ------
Loop 6 <line-115> - Time 0.002027 Total energy consumed 0.047460 Ave. Power Level 23.416615
	-------- Loop 6 (sock 1 consumed 0.026400, avg temp 43.833333, final temp 44 ) ------
	-------- Loop 6 (sock 2 consumed 0.021060, avg temp 38.333333, final temp 38 ) ------
Loop 7 <line-334> - Time 0.386452 Total energy consumed 20.625090 Ave. Power Level 53.370315
	-------- Loop 7 (sock 1 consumed 10.141755, avg temp 43.714286, final temp 43 ) ------
	-------- Loop 7 (sock 2 consumed 10.483335, avg temp 38.428571, final temp 38 ) ------
Loop 8 <line-353> - Time 0.000498 Total energy consumed 0.000000 Ave. Power Level 0.000000
	-------- Loop 8 (sock 1 consumed 0.000000, avg temp 43.714286, final temp 43 ) ------
	-------- Loop 8 (sock 2 consumed 0.000000, avg temp 38.428571, final temp 38 ) ------
Loop 9 <line-375> - Time 0.000758 Total energy consumed 0.000000 Ave. Power Level 0.000000
	-------- Loop 9 (sock 1 consumed 0.000000, avg temp 43.714286, final temp 43 ) ------
	-------- Loop 9 (sock 2 consumed 0.000000, avg temp 38.428571, final temp 38 ) ------
Loop 10 <line-85> - Time 0.155991 Total energy consumed 14.554590 Ave. Power Level 93.304074
	-------- Loop 10 (sock 1 consumed 7.392045, avg temp 44.250000, final temp 44 ) ------
	-------- Loop 10 (sock 2 consumed 7.162545, avg temp 39.000000, final temp 39 ) ------
Loop 11 <line-131> - Time 0.003175 Total energy consumed 0.339660 Ave. Power Level 106.968005
	-------- Loop 11 (sock 1 consumed 0.150105, avg temp 45.000000, final temp 44 ) ------
	-------- Loop 11 (sock 2 consumed 0.189555, avg temp 39.000000, final temp 39 ) ------
Loop 12 <line-167> - Time 0.214462 Total energy consumed 19.975890 Ave. Power Level 93.144310
	-------- Loop 12 (sock 1 consumed 10.199010, avg temp 44.500000, final temp 44 ) ------
	-------- Loop 12 (sock 2 consumed 9.776880, avg temp 39.000000, final temp 39 ) ------
Loop 13 <line-213> - Time 4.608488 Total energy consumed 444.785835 Ave. Power Level 96.514484
	-------- Loop 13 (sock 1 consumed 226.762965, avg temp 45.692308, final temp 45 ) ------
	-------- Loop 13 (sock 2 consumed 218.022870, avg temp 40.076923, final temp 40 ) ------
Loop 14 <line-99> - Time 5.050669 Total energy consumed 286.970505 Ave. Power Level 56.818316
	-------- Loop 14 (sock 1 consumed 136.344375, avg temp 44.500000, final temp 44 ) ------
	-------- Loop 14 (sock 2 consumed 150.626130, avg temp 38.166667, final temp 39 ) ------
Loop 15 <line-160> - Time 0.105507 Total energy consumed 6.176580 Ave. Power Level 58.541934
	-------- Loop 15 (sock 1 consumed 2.986440, avg temp 44.166667, final temp 44 ) ------
	-------- Loop 15 (sock 2 consumed 3.190140, avg temp 38.500000, final temp 39 ) ------
Loop 16 <line-269> - Time 3.898843 Total energy consumed 196.093935 Ave. Power Level 50.295420
	-------- Loop 16 (sock 1 consumed 94.617780, avg temp 43.482759, final temp 43 ) ------
	-------- Loop 16 (sock 2 consumed 101.476155, avg temp 38.034483, final temp 38 ) ------
Loop 17 <line-300> - Time 0.002057 Total energy consumed 0.000000 Ave. Power Level 0.000000
	-------- Loop 17 (sock 1 consumed 0.000000, avg temp 43.500000, final temp 43 ) ------
	-------- Loop 17 (sock 2 consumed 0.000000, avg temp 37.958333, final temp 38 ) ------
Loop 18 <line-147> - Time 0.000405 Total energy consumed 0.000000 Ave. Power Level 0.000000
	-------- Loop 18 (sock 1 consumed 0.000000, avg temp 44.000000, final temp 44 ) ------
	-------- Loop 18 (sock 2 consumed 0.000000, avg temp 39.000000, final temp 39 ) ------
Application(EnergyStat) - Time 29.900515 Total energy consumed 1754.946540 Ave. Power Level 58.692853 Final Temperature socket 1 : 44  socket 2 : 40 
