Memory used: 1.29688
Loading 32-bit binary file: pnnl.bin, numvertices: 2361670, numEdges: 191402826
File read time: 1.99232
Before allocating graph
Allocated graph: 0x144b550
Processing edges for vertex: 0, range(0, 166)
Processing edges for vertex: 100000, range(58444108, 58444133)
Processing edges for vertex: 200000, range(84376057, 84376362)
Processing edges for vertex: 300000, range(106069163, 106069503)
Processing edges for vertex: 400000, range(122097114, 122097513)
Processing edges for vertex: 500000, range(135096418, 135096483)
Processing edges for vertex: 600000, range(146097008, 146097061)
Processing edges for vertex: 700000, range(155415410, 155415531)
Processing edges for vertex: 800000, range(162595900, 162595989)
Processing edges for vertex: 900000, range(168508374, 168508464)
Processing edges for vertex: 1000000, range(173203321, 173203442)
Processing edges for vertex: 1100000, range(176935100, 176935110)
Processing edges for vertex: 1200000, range(179876260, 179876270)
Processing edges for vertex: 1300000, range(182240081, 182240092)
Processing edges for vertex: 1400000, range(184224513, 184224521)
Processing edges for vertex: 1500000, range(185795161, 185795170)
Processing edges for vertex: 1600000, range(187104124, 187104130)
Processing edges for vertex: 1700000, range(188148455, 188148461)
Processing edges for vertex: 1800000, range(188997836, 188997842)
Processing edges for vertex: 1900000, range(189691532, 189691535)
Processing edges for vertex: 2000000, range(190254658, 190254660)
Processing edges for vertex: 2100000, range(190705814, 190705822)
Processing edges for vertex: 2200000, range(191052755, 191052764)
Processing edges for vertex: 2300000, range(191302662, 191302663)
Graph populate time: 9.68594
Total I/O time: 11.6783
Running on: 16 threads
Loaded graph from file: pnnl.bin
Memory used: 2949.1
Maximum degree for the graph: 5520
Iteration: 0, conflicts: 32
Iteration: 1, conflicts: 4
Iteration: 2, conflicts: 1
Iteration: 3, conflicts: 0
Total number of colors used: 1188
Total number of conflicts overall: 0
Number of rounds: 4
SUCCESS: No conflicts found
Coloring time: 0.808091
Memory used: 2949.1
Number of reordered colors: 1016
End position for large colors: 0, node count: 550446, largest: 550446
Node count cutoff: 472334
e_xx: 1.2172e+08, a2_x: 6.28255e+11, currMod: 0.635917
e_xx: 1.65655e+08, a2_x: 5.75136e+11, currMod: 0.865461
e_xx: 1.72289e+08, a2_x: 5.19202e+11, currMod: 0.900123
e_xx: 1.75121e+08, a2_x: 4.91184e+11, currMod: 0.914921
e_xx: 1.76458e+08, a2_x: 4.90513e+11, currMod: 0.921907
currMod: 0.914921, prevMod: -1
Louvain time: 7.84895
numClusters: 203998, time: 0.144298
Next phase: 2
Memory used: 2949.1
End Structure 1276370 203998 vs 2754882
Build next level time: 4.24637
Iteration time: 12.244
Memory used: 2949.1
e_xx: 1.57024e+08, a2_x: 4.89581e+11, currMod: 0.913119
e_xx: 1.65548e+08, a2_x: 3.38776e+11, currMod: 0.962695
e_xx: 1.66907e+08, a2_x: 2.92379e+11, currMod: 0.970598
e_xx: 1.67217e+08, a2_x: 2.8167e+11, currMod: 0.972404
e_xx: 1.67339e+08, a2_x: 2.77877e+11, currMod: 0.973111
e_xx: 1.67414e+08, a2_x: 2.59721e+11, currMod: 0.973547
e_xx: 1.67405e+08, a2_x: 2.85294e+11, currMod: 0.973497
currMod: 0.973547, prevMod: 0.914921
Louvain time: 1.97274
numClusters: 54164, time: 0.021793
Next phase: 3
Memory used: 2949.1
End Structure 549890 54164 vs 1153935
Build next level time: 0.240207
Iteration time: 2.23549
Memory used: 2949.1
e_xx: 1.67414e+08, a2_x: 2.61048e+11, currMod: 0.973522
e_xx: 1.68236e+08, a2_x: 3.81845e+10, currMod: 0.978312
e_xx: 1.68402e+08, a2_x: 6.31209e+10, currMod: 0.979273
e_xx: 1.68437e+08, a2_x: 7.28663e+10, currMod: 0.97948
e_xx: 1.68436e+08, a2_x: 5.33836e+10, currMod: 0.979476
currMod: 0.97948, prevMod: 0.973547
Louvain time: 0.708581
numClusters: 25856, time: 0.006596
Next phase: 4
Memory used: 2949.1
End Structure 188074 25856 vs 402004
Build next level time: 0.098977
Iteration time: 0.814644
Memory used: 2949.1
e_xx: 1.68437e+08, a2_x: 7.26436e+10, currMod: 0.979465
e_xx: 1.68682e+08, a2_x: -4.10192e+09, currMod: 0.980892
e_xx: 1.68695e+08, a2_x: -7.96289e+09, currMod: 0.980966
e_xx: 1.68696e+08, a2_x: -9.35025e+09, currMod: 0.980973
e_xx: 1.68696e+08, a2_x: 5.93244e+08, currMod: 0.980975
e_xx: 1.68697e+08, a2_x: 1.29801e+10, currMod: 0.980977
e_xx: 1.68697e+08, a2_x: -4.80681e+09, currMod: 0.980977
currMod: 0.980977, prevMod: 0.97948
Louvain time: 0.446505
numClusters: 22176, time: 0.004262
Next phase: 5
Memory used: 2949.1
End Structure 87286 22176 vs 196748
Build next level time: 0.040128
Iteration time: 0.491362
Memory used: 2949.1
e_xx: 1.68697e+08, a2_x: 1.40414e+10, currMod: 0.980975
e_xx: 1.6872e+08, a2_x: 1.16936e+10, currMod: 0.981108
e_xx: 1.6872e+08, a2_x: 1.70989e+09, currMod: 0.981109
currMod: 0.981108, prevMod: 0.980977
Louvain time: 0.111527
numClusters: 22029, time: 0.003772
Next phase: 6
Memory used: 2949.1
End Structure 78567 22029 vs 179163
Build next level time: 0.029591
Iteration time: 0.145158
Memory used: 2949.1
e_xx: 1.6872e+08, a2_x: 1.29315e+10, currMod: 0.981108
e_xx: 1.6872e+08, a2_x: 1.18316e+10, currMod: 0.981109
currMod: 0.981108, prevMod: 0.981108
Louvain time: 0.070743
numClusters: 22029, time: 0.003743
Maximum degree for the graph: 515
Iteration: 0, conflicts: 0
Total number of colors used: 180
Total number of conflicts overall: 0
Number of rounds: 1
SUCCESS: No conflicts found
Number of reordered colors: 180
End position for large colors: 0, node count: 21577, largest: 21577
Node count cutoff: 4406
e_xx: 1.68739e+08, a2_x: -3.08484e+09, currMod: 0.981219
e_xx: 1.68913e+08, a2_x: -1.20707e+10, currMod: 0.98223
e_xx: 1.68926e+08, a2_x: -1.39952e+10, currMod: 0.982308
e_xx: 1.69022e+08, a2_x: -1.38598e+10, currMod: 0.982868
e_xx: 1.69035e+08, a2_x: -9.62051e+09, currMod: 0.982944
e_xx: 1.69942e+08, a2_x: 3.10456e+09, currMod: 0.988216
e_xx: 1.70874e+08, a2_x: -1.21252e+08, currMod: 0.993637
e_xx: 1.71789e+08, a2_x: 4.40487e+09, currMod: 0.998954
e_xx: 1.71707e+08, a2_x: 5.20901e+09, currMod: 0.998482
End Structure 376 21585 vs 22337
currMod: 0.998954, prevMod: 0.981108
numClusters: 21585
Total iteration time: 15.9306

Loop 0 <line-37> - Time 0.000717 Total energy consumed 0.047760 Ave. Power Level 66.655874
	-------- Loop 0 (sock 1 consumed 0.026760, avg temp 43.000000, final temp 43 ) ------
	-------- Loop 0 (sock 2 consumed 0.021000, avg temp 37.500000, final temp 38 ) ------
Loop 1 <line-54> - Time 0.000361 Total energy consumed 0.000000 Ave. Power Level 0.000000
	-------- Loop 1 (sock 1 consumed 0.000000, avg temp 43.000000, final temp 43 ) ------
	-------- Loop 1 (sock 2 consumed 0.000000, avg temp 38.000000, final temp 39 ) ------
Loop 2 <line-76> - Time 0.000382 Total energy consumed 0.000000 Ave. Power Level 0.000000
	-------- Loop 2 (sock 1 consumed 0.000000, avg temp 43.000000, final temp 43 ) ------
	-------- Loop 2 (sock 2 consumed 0.000000, avg temp 38.000000, final temp 39 ) ------
Loop 3 <line-170> - Time 0.479096 Total energy consumed 28.140255 Ave. Power Level 58.736209
	-------- Loop 3 (sock 1 consumed 14.298150, avg temp 43.000000, final temp 43 ) ------
	-------- Loop 3 (sock 2 consumed 13.842105, avg temp 37.200000, final temp 38 ) ------
Loop 4 <line-192> - Time 0.000390 Total energy consumed 0.102750 Ave. Power Level 263.196992
	-------- Loop 4 (sock 1 consumed 0.045420, avg temp 43.000000, final temp 43 ) ------
	-------- Loop 4 (sock 2 consumed 0.057330, avg temp 37.500000, final temp 38 ) ------
Loop 5 <line-222> - Time 0.194412 Total energy consumed 11.308845 Ave. Power Level 58.169342
	-------- Loop 5 (sock 1 consumed 4.569495, avg temp 42.500000, final temp 43 ) ------
	-------- Loop 5 (sock 2 consumed 6.739350, avg temp 37.500000, final temp 38 ) ------
Loop 6 <line-115> - Time 0.002030 Total energy consumed 0.047325 Ave. Power Level 23.315920
	-------- Loop 6 (sock 1 consumed 0.026250, avg temp 43.500000, final temp 44 ) ------
	-------- Loop 6 (sock 2 consumed 0.021075, avg temp 38.166667, final temp 38 ) ------
Loop 7 <line-334> - Time 0.372502 Total energy consumed 20.368935 Ave. Power Level 54.681376
	-------- Loop 7 (sock 1 consumed 11.154900, avg temp 43.285714, final temp 44 ) ------
	-------- Loop 7 (sock 2 consumed 9.214035, avg temp 38.000000, final temp 39 ) ------
Loop 8 <line-353> - Time 0.000427 Total energy consumed 0.000000 Ave. Power Level 0.000000
	-------- Loop 8 (sock 1 consumed 0.000000, avg temp 43.285714, final temp 44 ) ------
	-------- Loop 8 (sock 2 consumed 0.000000, avg temp 38.000000, final temp 39 ) ------
Loop 9 <line-375> - Time 0.000789 Total energy consumed 0.000000 Ave. Power Level 0.000000
	-------- Loop 9 (sock 1 consumed 0.000000, avg temp 43.285714, final temp 44 ) ------
	-------- Loop 9 (sock 2 consumed 0.000000, avg temp 38.000000, final temp 39 ) ------
Loop 10 <line-85> - Time 0.158738 Total energy consumed 14.832180 Ave. Power Level 93.438227
	-------- Loop 10 (sock 1 consumed 7.533375, avg temp 43.750000, final temp 43 ) ------
	-------- Loop 10 (sock 2 consumed 7.298805, avg temp 39.000000, final temp 39 ) ------
Loop 11 <line-131> - Time 0.003062 Total energy consumed 0.197100 Ave. Power Level 64.366687
	-------- Loop 11 (sock 1 consumed 0.100905, avg temp 44.000000, final temp 43 ) ------
	-------- Loop 11 (sock 2 consumed 0.096195, avg temp 38.500000, final temp 39 ) ------
Loop 12 <line-167> - Time 0.182132 Total energy consumed 16.791600 Ave. Power Level 92.194786
	-------- Loop 12 (sock 1 consumed 8.563710, avg temp 44.000000, final temp 43 ) ------
	-------- Loop 12 (sock 2 consumed 8.227890, avg temp 38.500000, final temp 39 ) ------
Loop 13 <line-213> - Time 4.625827 Total energy consumed 446.692815 Ave. Power Level 96.564965
	-------- Loop 13 (sock 1 consumed 227.838390, avg temp 45.214286, final temp 44 ) ------
	-------- Loop 13 (sock 2 consumed 218.854425, avg temp 39.714286, final temp 39 ) ------
Loop 14 <line-99> - Time 4.287371 Total energy consumed 238.546860 Ave. Power Level 55.639421
	-------- Loop 14 (sock 1 consumed 120.383280, avg temp 43.833333, final temp 43 ) ------
	-------- Loop 14 (sock 2 consumed 118.163580, avg temp 38.833333, final temp 40 ) ------
Loop 15 <line-160> - Time 0.099681 Total energy consumed 6.384420 Ave. Power Level 64.048601
	-------- Loop 15 (sock 1 consumed 3.181320, avg temp 43.500000, final temp 43 ) ------
	-------- Loop 15 (sock 2 consumed 3.203100, avg temp 39.166667, final temp 40 ) ------
Loop 16 <line-269> - Time 3.288731 Total energy consumed 165.089790 Ave. Power Level 50.198630
	-------- Loop 16 (sock 1 consumed 77.067645, avg temp 43.125000, final temp 43 ) ------
	-------- Loop 16 (sock 2 consumed 88.022145, avg temp 38.291667, final temp 38 ) ------
Loop 17 <line-300> - Time 0.001687 Total energy consumed 0.000000 Ave. Power Level 0.000000
	-------- Loop 17 (sock 1 consumed 0.000000, avg temp 43.157895, final temp 42 ) ------
	-------- Loop 17 (sock 2 consumed 0.000000, avg temp 38.368421, final temp 40 ) ------
Loop 18 <line-147> - Time 0.000351 Total energy consumed 0.000000 Ave. Power Level 0.000000
	-------- Loop 18 (sock 1 consumed 0.000000, avg temp 43.000000, final temp 43 ) ------
	-------- Loop 18 (sock 2 consumed 0.000000, avg temp 38.000000, final temp 38 ) ------
Application(EnergyStat) - Time 28.550425 Total energy consumed 1671.568830 Ave. Power Level 58.547949 Final Temperature socket 1 : 44  socket 2 : 39 
