Memory used: 1.29297
Loading 32-bit binary file: pnnl.bin, numvertices: 2361670, numEdges: 191402826
File read time: 1.98201
Before allocating graph
Allocated graph: 0x154e550
Processing edges for vertex: 0, range(0, 166)
Processing edges for vertex: 100000, range(58444108, 58444133)
Processing edges for vertex: 200000, range(84376057, 84376362)
Processing edges for vertex: 300000, range(106069163, 106069503)
Processing edges for vertex: 400000, range(122097114, 122097513)
Processing edges for vertex: 500000, range(135096418, 135096483)
Processing edges for vertex: 600000, range(146097008, 146097061)
Processing edges for vertex: 700000, range(155415410, 155415531)
Processing edges for vertex: 800000, range(162595900, 162595989)
Processing edges for vertex: 900000, range(168508374, 168508464)
Processing edges for vertex: 1000000, range(173203321, 173203442)
Processing edges for vertex: 1100000, range(176935100, 176935110)
Processing edges for vertex: 1200000, range(179876260, 179876270)
Processing edges for vertex: 1300000, range(182240081, 182240092)
Processing edges for vertex: 1400000, range(184224513, 184224521)
Processing edges for vertex: 1500000, range(185795161, 185795170)
Processing edges for vertex: 1600000, range(187104124, 187104130)
Processing edges for vertex: 1700000, range(188148455, 188148461)
Processing edges for vertex: 1800000, range(188997836, 188997842)
Processing edges for vertex: 1900000, range(189691532, 189691535)
Processing edges for vertex: 2000000, range(190254658, 190254660)
Processing edges for vertex: 2100000, range(190705814, 190705822)
Processing edges for vertex: 2200000, range(191052755, 191052764)
Processing edges for vertex: 2300000, range(191302662, 191302663)
Graph populate time: 9.87133
Total I/O time: 11.8534
Running on: 16 threads
Loaded graph from file: pnnl.bin
Memory used: 2949.09
Maximum degree for the graph: 5520
Iteration: 0, conflicts: 32
Iteration: 1, conflicts: 4
Iteration: 2, conflicts: 1
Iteration: 3, conflicts: 0
Total number of colors used: 1193
Total number of conflicts overall: 0
Number of rounds: 4
SUCCESS: No conflicts found
Coloring time: 0.740604
Memory used: 2949.09
Number of reordered colors: 1016
End position for large colors: 0, node count: 550553, largest: 550553
Node count cutoff: 472334
e_xx: 1.12463e+08, a2_x: 6.77845e+11, currMod: 0.587555
e_xx: 1.56922e+08, a2_x: 6.26409e+11, currMod: 0.819833
e_xx: 1.6403e+08, a2_x: 5.8282e+11, currMod: 0.856971
e_xx: 1.66892e+08, a2_x: 5.0099e+11, currMod: 0.871928
e_xx: 1.6859e+08, a2_x: 4.76508e+11, currMod: 0.880797
currMod: 0.871928, prevMod: -1
Louvain time: 7.99566
numClusters: 204134, time: 0.144745
Next phase: 2
Memory used: 2949.09
End Structure 1298687 204134 vs 2799740
Build next level time: 3.96467
Iteration time: 12.1117
Memory used: 2949.09
e_xx: 1.6859e+08, a2_x: 4.75895e+11, currMod: 0.88082
e_xx: 1.84457e+08, a2_x: 3.36921e+11, currMod: 0.963725
e_xx: 1.85706e+08, a2_x: 2.54699e+11, currMod: 0.970252
e_xx: 1.8612e+08, a2_x: 3.14576e+11, currMod: 0.972415
e_xx: 1.8617e+08, a2_x: 2.84023e+11, currMod: 0.972678
e_xx: 1.86275e+08, a2_x: 2.90057e+11, currMod: 0.973225
e_xx: 1.86271e+08, a2_x: 2.84131e+11, currMod: 0.973205
currMod: 0.973225, prevMod: 0.871928
Louvain time: 1.93088
numClusters: 53654, time: 0.021359
Next phase: 3
Memory used: 2949.09
End Structure 525019 53654 vs 1103675
Build next level time: 0.218491
Iteration time: 2.17183
Memory used: 2949.09
e_xx: 1.86274e+08, a2_x: 2.88751e+11, currMod: 0.973223
e_xx: 1.87762e+08, a2_x: 1.05276e+11, currMod: 0.981005
e_xx: 1.87798e+08, a2_x: 8.0491e+10, currMod: 0.981189
e_xx: 1.87894e+08, a2_x: 8.24985e+10, currMod: 0.981691
e_xx: 1.87825e+08, a2_x: 5.06522e+10, currMod: 0.981336
currMod: 0.981691, prevMod: 0.973225
Louvain time: 0.687716
numClusters: 25600, time: 0.006613
Next phase: 4
Memory used: 2949.09
End Structure 176028 25600 vs 377655
Build next level time: 0.088515
Iteration time: 0.783404
Memory used: 2949.09
e_xx: 1.87894e+08, a2_x: 7.99142e+10, currMod: 0.981672
e_xx: 1.88158e+08, a2_x: 1.34983e+10, currMod: 0.983057
e_xx: 1.88169e+08, a2_x: 2.77731e+10, currMod: 0.983111
e_xx: 1.8814e+08, a2_x: -6.5734e+09, currMod: 0.982962
currMod: 0.983111, prevMod: 0.981691
Louvain time: 0.267874
numClusters: 22242, time: 0.004243
Next phase: 5
Memory used: 2949.09
End Structure 91835 22242 vs 205912
Build next level time: 0.041895
Iteration time: 0.314469
Memory used: 2949.09
e_xx: 1.88169e+08, a2_x: 2.80466e+10, currMod: 0.983107
e_xx: 1.88205e+08, a2_x: 2.19664e+10, currMod: 0.983295
e_xx: 1.88206e+08, a2_x: 2.96508e+10, currMod: 0.983299
e_xx: 1.88207e+08, a2_x: -5.00227e+09, currMod: 0.983309
e_xx: 1.88213e+08, a2_x: 1.33656e+10, currMod: 0.983337
e_xx: 1.88211e+08, a2_x: 1.47169e+10, currMod: 0.983328
currMod: 0.983337, prevMod: 0.983111
Louvain time: 0.222543
numClusters: 21915, time: 0.003781
Next phase: 6
Memory used: 2949.09
End Structure 55916 21915 vs 133747
Build next level time: 0.025148
Iteration time: 0.251819
Memory used: 2949.09
e_xx: 1.88213e+08, a2_x: 1.46481e+10, currMod: 0.983336
e_xx: 1.88213e+08, a2_x: 1.34141e+10, currMod: 0.983338
e_xx: 1.88213e+08, a2_x: 1.62658e+10, currMod: 0.983338
currMod: 0.983338, prevMod: 0.983337
Louvain time: 0.078443
numClusters: 21902, time: 0.003724
Next phase: 7
Memory used: 2949.09
End Structure 54927 21902 vs 131756
Build next level time: 0.020232
Iteration time: 0.102635
Memory used: 2949.09
e_xx: 1.88213e+08, a2_x: 1.34141e+10, currMod: 0.983338
e_xx: 1.88213e+08, a2_x: 1.34141e+10, currMod: 0.983338
currMod: 0.983338, prevMod: 0.983338
Louvain time: 0.05063
numClusters: 21902, time: 0.003706
Maximum degree for the graph: 405
Iteration: 0, conflicts: 0
Total number of colors used: 161
Total number of conflicts overall: 0
Number of rounds: 1
SUCCESS: No conflicts found
Number of reordered colors: 161
End position for large colors: 0, node count: 21540, largest: 21540
Node count cutoff: 4381
e_xx: 1.88213e+08, a2_x: 1.34141e+10, currMod: 0.983338
End Structure 54927 21902 vs 131756
currMod: 0.983338, prevMod: 0.983338
numClusters: 21902
Total iteration time: 15.7358

Loop 0 <line-37> - Time 0.000720 Total energy consumed 0.049755 Ave. Power Level 69.067523
	-------- Loop 0 (sock 1 consumed 0.027135, avg temp 43.500000, final temp 44 ) ------
	-------- Loop 0 (sock 2 consumed 0.022620, avg temp 37.500000, final temp 38 ) ------
Loop 1 <line-54> - Time 0.000334 Total energy consumed 0.000000 Ave. Power Level 0.000000
	-------- Loop 1 (sock 1 consumed 0.000000, avg temp 43.000000, final temp 43 ) ------
	-------- Loop 1 (sock 2 consumed 0.000000, avg temp 37.000000, final temp 38 ) ------
Loop 2 <line-76> - Time 0.000376 Total energy consumed 0.000000 Ave. Power Level 0.000000
	-------- Loop 2 (sock 1 consumed 0.000000, avg temp 43.000000, final temp 43 ) ------
	-------- Loop 2 (sock 2 consumed 0.000000, avg temp 37.000000, final temp 38 ) ------
Loop 3 <line-170> - Time 0.421576 Total energy consumed 26.022120 Ave. Power Level 61.725882
	-------- Loop 3 (sock 1 consumed 14.047920, avg temp 43.000000, final temp 43 ) ------
	-------- Loop 3 (sock 2 consumed 11.974200, avg temp 37.200000, final temp 38 ) ------
Loop 4 <line-192> - Time 0.000285 Total energy consumed 0.000000 Ave. Power Level 0.000000
	-------- Loop 4 (sock 1 consumed 0.000000, avg temp 43.000000, final temp 43 ) ------
	-------- Loop 4 (sock 2 consumed 0.000000, avg temp 37.500000, final temp 38 ) ------
Loop 5 <line-222> - Time 0.185053 Total energy consumed 10.972905 Ave. Power Level 59.296054
	-------- Loop 5 (sock 1 consumed 4.970970, avg temp 42.500000, final temp 43 ) ------
	-------- Loop 5 (sock 2 consumed 6.001935, avg temp 37.500000, final temp 38 ) ------
Loop 6 <line-115> - Time 0.003679 Total energy consumed 0.170955 Ave. Power Level 46.471087
	-------- Loop 6 (sock 1 consumed 0.086400, avg temp 43.142857, final temp 44 ) ------
	-------- Loop 6 (sock 2 consumed 0.084555, avg temp 38.428571, final temp 39 ) ------
Loop 7 <line-334> - Time 0.384183 Total energy consumed 20.550720 Ave. Power Level 53.491958
	-------- Loop 7 (sock 1 consumed 10.926570, avg temp 43.500000, final temp 43 ) ------
	-------- Loop 7 (sock 2 consumed 9.624150, avg temp 38.500000, final temp 38 ) ------
Loop 8 <line-353> - Time 0.000468 Total energy consumed 0.000000 Ave. Power Level 0.000000
	-------- Loop 8 (sock 1 consumed 0.000000, avg temp 43.500000, final temp 43 ) ------
	-------- Loop 8 (sock 2 consumed 0.000000, avg temp 38.500000, final temp 38 ) ------
Loop 9 <line-375> - Time 0.000868 Total energy consumed 0.141390 Ave. Power Level 162.902590
	-------- Loop 9 (sock 1 consumed 0.047895, avg temp 43.625000, final temp 44 ) ------
	-------- Loop 9 (sock 2 consumed 0.093495, avg temp 38.625000, final temp 39 ) ------
Loop 10 <line-85> - Time 0.157816 Total energy consumed 14.775315 Ave. Power Level 93.623426
	-------- Loop 10 (sock 1 consumed 7.526490, avg temp 44.250000, final temp 44 ) ------
	-------- Loop 10 (sock 2 consumed 7.248825, avg temp 39.000000, final temp 39 ) ------
Loop 11 <line-131> - Time 0.003035 Total energy consumed 0.243180 Ave. Power Level 80.118712
	-------- Loop 11 (sock 1 consumed 0.099975, avg temp 44.000000, final temp 44 ) ------
	-------- Loop 11 (sock 2 consumed 0.143205, avg temp 38.500000, final temp 39 ) ------
Loop 12 <line-167> - Time 0.222969 Total energy consumed 20.703615 Ave. Power Level 92.854087
	-------- Loop 12 (sock 1 consumed 10.521930, avg temp 44.000000, final temp 43 ) ------
	-------- Loop 12 (sock 2 consumed 10.181685, avg temp 38.000000, final temp 38 ) ------
Loop 13 <line-213> - Time 4.648062 Total energy consumed 449.754840 Ave. Power Level 96.761796
	-------- Loop 13 (sock 1 consumed 228.677610, avg temp 46.333333, final temp 44 ) ------
	-------- Loop 13 (sock 2 consumed 221.077230, avg temp 40.500000, final temp 38 ) ------
Loop 14 <line-99> - Time 3.964036 Total energy consumed 225.229095 Ave. Power Level 56.818121
	-------- Loop 14 (sock 1 consumed 116.538420, avg temp 43.428571, final temp 43 ) ------
	-------- Loop 14 (sock 2 consumed 108.690675, avg temp 39.142857, final temp 39 ) ------
Loop 15 <line-160> - Time 0.108008 Total energy consumed 7.037445 Ave. Power Level 65.156783
	-------- Loop 15 (sock 1 consumed 3.554190, avg temp 43.857143, final temp 44 ) ------
	-------- Loop 15 (sock 2 consumed 3.483255, avg temp 39.000000, final temp 39 ) ------
Loop 16 <line-269> - Time 3.215603 Total energy consumed 161.461380 Ave. Power Level 50.211845
	-------- Loop 16 (sock 1 consumed 78.296580, avg temp 43.222222, final temp 43 ) ------
	-------- Loop 16 (sock 2 consumed 83.164800, avg temp 38.222222, final temp 38 ) ------
Loop 17 <line-300> - Time 0.001685 Total energy consumed 0.000000 Ave. Power Level 0.000000
	-------- Loop 17 (sock 1 consumed 0.000000, avg temp 43.285714, final temp 43 ) ------
	-------- Loop 17 (sock 2 consumed 0.000000, avg temp 38.285714, final temp 38 ) ------
Loop 18 <line-147> - Time 0.000403 Total energy consumed 0.000000 Ave. Power Level 0.000000
	-------- Loop 18 (sock 1 consumed 0.000000, avg temp 44.000000, final temp 44 ) ------
	-------- Loop 18 (sock 2 consumed 0.000000, avg temp 38.000000, final temp 38 ) ------
Application(EnergyStat) - Time 28.428947 Total energy consumed 1667.915760 Ave. Power Level 58.669629 Final Temperature socket 1 : 44  socket 2 : 39 
