Memory used: 1.29297
Loading 32-bit binary file: pnnl.bin, numvertices: 2361670, numEdges: 191402826
File read time: 1.99596
Before allocating graph
Allocated graph: 0xb13550
Processing edges for vertex: 0, range(0, 166)
Processing edges for vertex: 100000, range(58444108, 58444133)
Processing edges for vertex: 200000, range(84376057, 84376362)
Processing edges for vertex: 300000, range(106069163, 106069503)
Processing edges for vertex: 400000, range(122097114, 122097513)
Processing edges for vertex: 500000, range(135096418, 135096483)
Processing edges for vertex: 600000, range(146097008, 146097061)
Processing edges for vertex: 700000, range(155415410, 155415531)
Processing edges for vertex: 800000, range(162595900, 162595989)
Processing edges for vertex: 900000, range(168508374, 168508464)
Processing edges for vertex: 1000000, range(173203321, 173203442)
Processing edges for vertex: 1100000, range(176935100, 176935110)
Processing edges for vertex: 1200000, range(179876260, 179876270)
Processing edges for vertex: 1300000, range(182240081, 182240092)
Processing edges for vertex: 1400000, range(184224513, 184224521)
Processing edges for vertex: 1500000, range(185795161, 185795170)
Processing edges for vertex: 1600000, range(187104124, 187104130)
Processing edges for vertex: 1700000, range(188148455, 188148461)
Processing edges for vertex: 1800000, range(188997836, 188997842)
Processing edges for vertex: 1900000, range(189691532, 189691535)
Processing edges for vertex: 2000000, range(190254658, 190254660)
Processing edges for vertex: 2100000, range(190705814, 190705822)
Processing edges for vertex: 2200000, range(191052755, 191052764)
Processing edges for vertex: 2300000, range(191302662, 191302663)
Graph populate time: 9.67369
Total I/O time: 11.6697
Running on: 16 threads
Loaded graph from file: pnnl.bin
Memory used: 2949.09
Maximum degree for the graph: 5520
Iteration: 0, conflicts: 25
Iteration: 1, conflicts: 2
Iteration: 2, conflicts: 0
Total number of colors used: 1194
Total number of conflicts overall: 0
Number of rounds: 3
SUCCESS: No conflicts found
Coloring time: 0.740695
Memory used: 2949.09
Number of reordered colors: 1027
End position for large colors: 0, node count: 550527, largest: 550527
Node count cutoff: 472334
e_xx: 1.18087e+08, a2_x: 6.5632e+11, currMod: 0.616937
e_xx: 1.62745e+08, a2_x: 5.93666e+11, currMod: 0.850258
e_xx: 1.70044e+08, a2_x: 5.59044e+11, currMod: 0.888392
e_xx: 1.72912e+08, a2_x: 5.44238e+11, currMod: 0.903377
e_xx: 1.74457e+08, a2_x: 5.26753e+11, currMod: 0.911452
currMod: 0.903377, prevMod: -1
Louvain time: 7.88367
numClusters: 203759, time: 0.129327
Next phase: 2
Memory used: 2949.09
End Structure 1286114 203759 vs 2774139
Build next level time: 4.75201
Iteration time: 12.7693
Memory used: 2949.09
e_xx: 1.67105e+08, a2_x: 5.27131e+11, currMod: 0.907944
e_xx: 1.77817e+08, a2_x: 3.55135e+11, currMod: 0.966153
e_xx: 1.79028e+08, a2_x: 2.84225e+11, currMod: 0.972734
e_xx: 1.794e+08, a2_x: 2.41534e+11, currMod: 0.974759
e_xx: 1.79426e+08, a2_x: 2.68671e+11, currMod: 0.974898
e_xx: 1.79523e+08, a2_x: 2.56545e+11, currMod: 0.975428
e_xx: 1.79491e+08, a2_x: 2.72945e+11, currMod: 0.975254
currMod: 0.975428, prevMod: 0.903377
Louvain time: 1.98399
numClusters: 53232, time: 0.019897
Next phase: 3
Memory used: 2949.09
End Structure 527038 53232 vs 1107290
Build next level time: 0.241061
Iteration time: 2.24573
Memory used: 2949.09
e_xx: 1.79523e+08, a2_x: 2.55259e+11, currMod: 0.975409
e_xx: 1.80403e+08, a2_x: 6.24262e+10, currMod: 0.980195
e_xx: 1.80456e+08, a2_x: 1.11297e+11, currMod: 0.980481
e_xx: 1.8056e+08, a2_x: 5.09477e+10, currMod: 0.981047
e_xx: 1.80477e+08, a2_x: 6.04166e+10, currMod: 0.980595
currMod: 0.981047, prevMod: 0.975428
Louvain time: 0.705137
numClusters: 25776, time: 0.006568
Next phase: 4
Memory used: 2949.09
End Structure 177480 25776 vs 380735
Build next level time: 0.099677
Iteration time: 0.81183
Memory used: 2949.09
e_xx: 1.8056e+08, a2_x: 4.70013e+10, currMod: 0.981036
e_xx: 1.80812e+08, a2_x: 2.62591e+10, currMod: 0.982407
e_xx: 1.80837e+08, a2_x: 1.94857e+10, currMod: 0.982543
e_xx: 1.80835e+08, a2_x: -2.03099e+10, currMod: 0.982535
currMod: 0.982543, prevMod: 0.981047
Louvain time: 0.254573
numClusters: 22265, time: 0.004252
Next phase: 5
Memory used: 2949.09
End Structure 95541 22265 vs 213347
Build next level time: 0.041117
Iteration time: 0.300417
Memory used: 2949.09
e_xx: 1.80837e+08, a2_x: 2.31341e+10, currMod: 0.982541
e_xx: 1.80843e+08, a2_x: 1.75759e+10, currMod: 0.982574
e_xx: 1.80842e+08, a2_x: 3.11169e+10, currMod: 0.982567
currMod: 0.982574, prevMod: 0.982543
Louvain time: 0.120187
numClusters: 22041, time: 0.003781
Next phase: 6
Memory used: 2949.09
End Structure 83078 22041 vs 188197
Build next level time: 0.032917
Iteration time: 0.157129
Memory used: 2949.09
e_xx: 1.80843e+08, a2_x: 1.45827e+10, currMod: 0.982574
e_xx: 1.80843e+08, a2_x: 1.16341e+10, currMod: 0.982576
e_xx: 1.80843e+08, a2_x: 9.44895e+09, currMod: 0.982576
currMod: 0.982576, prevMod: 0.982574
Louvain time: 0.120712
numClusters: 21991, time: 0.00375
Next phase: 7
Memory used: 2949.09
End Structure 79670 21991 vs 181331
Build next level time: 0.03096
Iteration time: 0.155669
Memory used: 2949.09
e_xx: 1.80843e+08, a2_x: 1.18945e+10, currMod: 0.982576
e_xx: 1.80843e+08, a2_x: 1.2815e+10, currMod: 0.982576
currMod: 0.982576, prevMod: 0.982576
Louvain time: 0.069286
numClusters: 21991, time: 0.003727
Maximum degree for the graph: 487
Iteration: 0, conflicts: 0
Total number of colors used: 186
Total number of conflicts overall: 0
Number of rounds: 1
SUCCESS: No conflicts found
Number of reordered colors: 184
End position for large colors: 0, node count: 21546, largest: 21546
Node count cutoff: 4399
e_xx: 1.80887e+08, a2_x: -4.4979e+09, currMod: 0.982815
e_xx: 1.80901e+08, a2_x: -5.34973e+09, currMod: 0.982889
e_xx: 1.81588e+08, a2_x: -2.7455e+10, currMod: 0.986625
e_xx: 1.8244e+08, a2_x: -2.54099e+10, currMod: 0.991254
e_xx: 1.82314e+08, a2_x: -2.42762e+10, currMod: 0.990569
End Structure 5593 21648 vs 32834
currMod: 0.991254, prevMod: 0.982576
numClusters: 21648
Total iteration time: 16.44

Loop 0 <line-37> - Time 0.000922 Total energy consumed 0.108690 Ave. Power Level 117.851160
	-------- Loop 0 (sock 1 consumed 0.061440, avg temp 43.500000, final temp 44 ) ------
	-------- Loop 0 (sock 2 consumed 0.047250, avg temp 37.500000, final temp 38 ) ------
Loop 1 <line-54> - Time 0.000359 Total energy consumed 0.000000 Ave. Power Level 0.000000
	-------- Loop 1 (sock 1 consumed 0.000000, avg temp 44.000000, final temp 45 ) ------
	-------- Loop 1 (sock 2 consumed 0.000000, avg temp 37.000000, final temp 38 ) ------
Loop 2 <line-76> - Time 0.000372 Total energy consumed 0.000000 Ave. Power Level 0.000000
	-------- Loop 2 (sock 1 consumed 0.000000, avg temp 44.000000, final temp 45 ) ------
	-------- Loop 2 (sock 2 consumed 0.000000, avg temp 37.000000, final temp 38 ) ------
Loop 3 <line-170> - Time 0.421667 Total energy consumed 26.190510 Ave. Power Level 62.111836
	-------- Loop 3 (sock 1 consumed 14.341695, avg temp 43.500000, final temp 45 ) ------
	-------- Loop 3 (sock 2 consumed 11.848815, avg temp 36.500000, final temp 38 ) ------
Loop 4 <line-192> - Time 0.000263 Total energy consumed 0.000000 Ave. Power Level 0.000000
	-------- Loop 4 (sock 1 consumed 0.000000, avg temp 44.000000, final temp 45 ) ------
	-------- Loop 4 (sock 2 consumed 0.000000, avg temp 37.000000, final temp 38 ) ------
Loop 5 <line-222> - Time 0.185701 Total energy consumed 11.063475 Ave. Power Level 59.576755
	-------- Loop 5 (sock 1 consumed 4.919985, avg temp 44.000000, final temp 45 ) ------
	-------- Loop 5 (sock 2 consumed 6.143490, avg temp 37.000000, final temp 38 ) ------
Loop 6 <line-115> - Time 0.002086 Total energy consumed 0.066330 Ave. Power Level 31.792060
	-------- Loop 6 (sock 1 consumed 0.025950, avg temp 43.571429, final temp 43 ) ------
	-------- Loop 6 (sock 2 consumed 0.040380, avg temp 37.571429, final temp 38 ) ------
Loop 7 <line-334> - Time 0.388165 Total energy consumed 20.710560 Ave. Power Level 53.355020
	-------- Loop 7 (sock 1 consumed 10.143810, avg temp 43.750000, final temp 46 ) ------
	-------- Loop 7 (sock 2 consumed 10.566750, avg temp 38.125000, final temp 39 ) ------
Loop 8 <line-353> - Time 0.000570 Total energy consumed 0.061800 Ave. Power Level 108.435130
	-------- Loop 8 (sock 1 consumed 0.029865, avg temp 43.750000, final temp 46 ) ------
	-------- Loop 8 (sock 2 consumed 0.031935, avg temp 38.125000, final temp 39 ) ------
Loop 9 <line-375> - Time 0.000843 Total energy consumed 0.000000 Ave. Power Level 0.000000
	-------- Loop 9 (sock 1 consumed 0.000000, avg temp 43.750000, final temp 46 ) ------
	-------- Loop 9 (sock 2 consumed 0.000000, avg temp 38.125000, final temp 39 ) ------
Loop 10 <line-85> - Time 0.154765 Total energy consumed 14.527110 Ave. Power Level 93.865712
	-------- Loop 10 (sock 1 consumed 7.342755, avg temp 44.500000, final temp 45 ) ------
	-------- Loop 10 (sock 2 consumed 7.184355, avg temp 38.500000, final temp 39 ) ------
Loop 11 <line-131> - Time 0.003171 Total energy consumed 0.197370 Ave. Power Level 62.237465
	-------- Loop 11 (sock 1 consumed 0.100935, avg temp 44.500000, final temp 45 ) ------
	-------- Loop 11 (sock 2 consumed 0.096435, avg temp 38.500000, final temp 39 ) ------
Loop 12 <line-167> - Time 0.211555 Total energy consumed 19.664295 Ave. Power Level 92.951391
	-------- Loop 12 (sock 1 consumed 10.017870, avg temp 45.500000, final temp 46 ) ------
	-------- Loop 12 (sock 2 consumed 9.646425, avg temp 38.500000, final temp 39 ) ------
Loop 13 <line-213> - Time 4.623281 Total energy consumed 445.778925 Ave. Power Level 96.420465
	-------- Loop 13 (sock 1 consumed 226.723575, avg temp 46.200000, final temp 45 ) ------
	-------- Loop 13 (sock 2 consumed 219.055350, avg temp 39.900000, final temp 39 ) ------
Loop 14 <line-99> - Time 4.822614 Total energy consumed 275.252640 Ave. Power Level 57.075407
	-------- Loop 14 (sock 1 consumed 134.393475, avg temp 43.714286, final temp 44 ) ------
	-------- Loop 14 (sock 2 consumed 140.859165, avg temp 38.714286, final temp 39 ) ------
Loop 15 <line-160> - Time 0.114973 Total energy consumed 7.208460 Ave. Power Level 62.697152
	-------- Loop 15 (sock 1 consumed 3.469335, avg temp 43.571429, final temp 44 ) ------
	-------- Loop 15 (sock 2 consumed 3.739125, avg temp 38.285714, final temp 38 ) ------
Loop 16 <line-269> - Time 3.231392 Total energy consumed 161.821560 Ave. Power Level 50.077973
	-------- Loop 16 (sock 1 consumed 78.652350, avg temp 43.708333, final temp 45 ) ------
	-------- Loop 16 (sock 2 consumed 83.169210, avg temp 37.708333, final temp 37 ) ------
Loop 17 <line-300> - Time 0.001557 Total energy consumed 0.000000 Ave. Power Level 0.000000
	-------- Loop 17 (sock 1 consumed 0.000000, avg temp 43.722222, final temp 44 ) ------
	-------- Loop 17 (sock 2 consumed 0.000000, avg temp 37.611111, final temp 37 ) ------
Loop 18 <line-147> - Time 0.000358 Total energy consumed 0.000000 Ave. Power Level 0.000000
	-------- Loop 18 (sock 1 consumed 0.000000, avg temp 44.000000, final temp 44 ) ------
	-------- Loop 18 (sock 2 consumed 0.000000, avg temp 38.000000, final temp 38 ) ------
Application(EnergyStat) - Time 28.970683 Total energy consumed 1702.442250 Ave. Power Level 58.764311 Final Temperature socket 1 : 44  socket 2 : 39 
