Memory used: 1.29688
Loading 32-bit binary file: pnnl.bin, numvertices: 2361670, numEdges: 191402826
File read time: 1.96455
Before allocating graph
Allocated graph: 0x714550
Processing edges for vertex: 0, range(0, 166)
Processing edges for vertex: 100000, range(58444108, 58444133)
Processing edges for vertex: 200000, range(84376057, 84376362)
Processing edges for vertex: 300000, range(106069163, 106069503)
Processing edges for vertex: 400000, range(122097114, 122097513)
Processing edges for vertex: 500000, range(135096418, 135096483)
Processing edges for vertex: 600000, range(146097008, 146097061)
Processing edges for vertex: 700000, range(155415410, 155415531)
Processing edges for vertex: 800000, range(162595900, 162595989)
Processing edges for vertex: 900000, range(168508374, 168508464)
Processing edges for vertex: 1000000, range(173203321, 173203442)
Processing edges for vertex: 1100000, range(176935100, 176935110)
Processing edges for vertex: 1200000, range(179876260, 179876270)
Processing edges for vertex: 1300000, range(182240081, 182240092)
Processing edges for vertex: 1400000, range(184224513, 184224521)
Processing edges for vertex: 1500000, range(185795161, 185795170)
Processing edges for vertex: 1600000, range(187104124, 187104130)
Processing edges for vertex: 1700000, range(188148455, 188148461)
Processing edges for vertex: 1800000, range(188997836, 188997842)
Processing edges for vertex: 1900000, range(189691532, 189691535)
Processing edges for vertex: 2000000, range(190254658, 190254660)
Processing edges for vertex: 2100000, range(190705814, 190705822)
Processing edges for vertex: 2200000, range(191052755, 191052764)
Processing edges for vertex: 2300000, range(191302662, 191302663)
Graph populate time: 9.69637
Total I/O time: 11.661
Running on: 16 threads
Loaded graph from file: pnnl.bin
Memory used: 2949.1
Maximum degree for the graph: 5520
Iteration: 0, conflicts: 49
Iteration: 1, conflicts: 12
Iteration: 2, conflicts: 6
Iteration: 3, conflicts: 4
Iteration: 4, conflicts: 3
Iteration: 5, conflicts: 2
Iteration: 6, conflicts: 1
Iteration: 7, conflicts: 0
Total number of colors used: 1192
Total number of conflicts overall: 0
Number of rounds: 8
SUCCESS: No conflicts found
Coloring time: 0.777092
Memory used: 2949.1
Number of reordered colors: 1038
End position for large colors: 0, node count: 550575, largest: 550575
Node count cutoff: 472334
e_xx: 1.20515e+08, a2_x: 6.11728e+11, currMod: 0.629622
e_xx: 1.66267e+08, a2_x: 6.43539e+11, currMod: 0.86866
e_xx: 1.73287e+08, a2_x: 6.17794e+11, currMod: 0.905335
e_xx: 1.75715e+08, a2_x: 5.35321e+11, currMod: 0.918022
e_xx: 1.76808e+08, a2_x: 5.62071e+11, currMod: 0.923734
currMod: 0.918022, prevMod: -1
Louvain time: 8.04116
numClusters: 203614, time: 0.141455
Next phase: 2
Memory used: 2949.1
End Structure 1288082 203614 vs 2778034
Build next level time: 4.50701
Iteration time: 12.6952
Memory used: 2949.1
e_xx: 1.57366e+08, a2_x: 5.62415e+11, currMod: 0.915148
e_xx: 1.65542e+08, a2_x: 3.63645e+11, currMod: 0.962708
e_xx: 1.66744e+08, a2_x: 2.67697e+11, currMod: 0.969698
e_xx: 1.67118e+08, a2_x: 2.84131e+11, currMod: 0.971871
e_xx: 1.6718e+08, a2_x: 2.80825e+11, currMod: 0.972235
e_xx: 1.67294e+08, a2_x: 2.61218e+11, currMod: 0.972898
e_xx: 1.67265e+08, a2_x: 2.66214e+11, currMod: 0.972727
currMod: 0.972898, prevMod: 0.918022
Louvain time: 2.18872
numClusters: 53929, time: 0.020977
Next phase: 3
Memory used: 2949.1
End Structure 534372 53929 vs 1122661
Build next level time: 0.241724
Iteration time: 2.45258
Memory used: 2949.1
e_xx: 1.67294e+08, a2_x: 2.58809e+11, currMod: 0.972872
e_xx: 1.68302e+08, a2_x: 9.01957e+10, currMod: 0.978741
e_xx: 1.6837e+08, a2_x: 5.12055e+10, currMod: 0.979136
e_xx: 1.68484e+08, a2_x: 8.08414e+10, currMod: 0.9798
e_xx: 1.68422e+08, a2_x: 4.33063e+10, currMod: 0.97944
currMod: 0.9798, prevMod: 0.972898
Louvain time: 0.821791
numClusters: 25672, time: 0.006636
Next phase: 4
Memory used: 2949.1
End Structure 178795 25672 vs 383261
Build next level time: 0.108443
Iteration time: 0.937405
Memory used: 2949.1
e_xx: 1.68484e+08, a2_x: 8.21906e+10, currMod: 0.979786
e_xx: 1.68682e+08, a2_x: 2.00809e+10, currMod: 0.98094
e_xx: 1.68706e+08, a2_x: 2.78154e+10, currMod: 0.981081
e_xx: 1.6871e+08, a2_x: 2.89196e+10, currMod: 0.981101
e_xx: 1.68709e+08, a2_x: -4.66874e+08, currMod: 0.981097
currMod: 0.981101, prevMod: 0.9798
Louvain time: 0.321032
numClusters: 22191, time: 0.004222
Next phase: 5
Memory used: 2949.1
End Structure 92965 22191 vs 208120
Build next level time: 0.038894
Iteration time: 0.364563
Memory used: 2949.1
e_xx: 1.6871e+08, a2_x: 2.97311e+10, currMod: 0.981099
e_xx: 1.68722e+08, a2_x: 1.59042e+10, currMod: 0.981168
e_xx: 1.68726e+08, a2_x: 2.63007e+10, currMod: 0.98119
e_xx: 1.68722e+08, a2_x: 1.07387e+10, currMod: 0.981171
currMod: 0.98119, prevMod: 0.981101
Louvain time: 0.169415
numClusters: 21993, time: 0.004205
Next phase: 6
Memory used: 2949.1
End Structure 73613 21993 vs 169219
Build next level time: 0.033151
Iteration time: 0.207312
Memory used: 2949.1
e_xx: 1.68726e+08, a2_x: 2.67108e+10, currMod: 0.98119
e_xx: 1.68726e+08, a2_x: 2.38176e+10, currMod: 0.981191
e_xx: 1.68726e+08, a2_x: 2.46504e+10, currMod: 0.981191
currMod: 0.981191, prevMod: 0.98119
Louvain time: 0.095379
numClusters: 21983, time: 0.004148
Next phase: 7
Memory used: 2949.1
End Structure 72782 21983 vs 167547
Build next level time: 0.030252
Iteration time: 0.129994
Memory used: 2949.1
e_xx: 1.68726e+08, a2_x: 2.36536e+10, currMod: 0.981191
e_xx: 1.68726e+08, a2_x: 2.03413e+10, currMod: 0.981191
currMod: 0.981191, prevMod: 0.981191
Louvain time: 0.063997
numClusters: 21983, time: 0.004212
Maximum degree for the graph: 470
Iteration: 0, conflicts: 0
Total number of colors used: 174
Total number of conflicts overall: 0
Number of rounds: 1
SUCCESS: No conflicts found
Number of reordered colors: 171
End position for large colors: 0, node count: 21556, largest: 21556
Node count cutoff: 4397
e_xx: 1.68726e+08, a2_x: 2.05589e+10, currMod: 0.981191
End Structure 72608 21981 vs 167197
currMod: 0.981191, prevMod: 0.981191
numClusters: 21981
Total iteration time: 16.787

Loop 0 <line-37> - Time 0.001508 Total energy consumed 0.049785 Ave. Power Level 33.011802
	-------- Loop 0 (sock 1 consumed 0.027270, avg temp 44.500000, final temp 44 ) ------
	-------- Loop 0 (sock 2 consumed 0.022515, avg temp 37.500000, final temp 39 ) ------
Loop 1 <line-54> - Time 0.000345 Total energy consumed 0.000000 Ave. Power Level 0.000000
	-------- Loop 1 (sock 1 consumed 0.000000, avg temp 44.000000, final temp 44 ) ------
	-------- Loop 1 (sock 2 consumed 0.000000, avg temp 38.000000, final temp 39 ) ------
Loop 2 <line-76> - Time 0.000353 Total energy consumed 0.000000 Ave. Power Level 0.000000
	-------- Loop 2 (sock 1 consumed 0.000000, avg temp 44.000000, final temp 44 ) ------
	-------- Loop 2 (sock 2 consumed 0.000000, avg temp 38.000000, final temp 39 ) ------
Loop 3 <line-170> - Time 0.427771 Total energy consumed 26.322900 Ave. Power Level 61.535021
	-------- Loop 3 (sock 1 consumed 14.770995, avg temp 44.888889, final temp 44 ) ------
	-------- Loop 3 (sock 2 consumed 11.551905, avg temp 37.222222, final temp 39 ) ------
Loop 4 <line-192> - Time 0.000257 Total energy consumed 0.000000 Ave. Power Level 0.000000
	-------- Loop 4 (sock 1 consumed 0.000000, avg temp 44.500000, final temp 44 ) ------
	-------- Loop 4 (sock 2 consumed 0.000000, avg temp 38.000000, final temp 39 ) ------
Loop 5 <line-222> - Time 0.215179 Total energy consumed 12.348930 Ave. Power Level 57.389108
	-------- Loop 5 (sock 1 consumed 5.571075, avg temp 44.500000, final temp 45 ) ------
	-------- Loop 5 (sock 2 consumed 6.777855, avg temp 37.500000, final temp 39 ) ------
Loop 6 <line-115> - Time 0.002490 Total energy consumed 0.093930 Ave. Power Level 37.722861
	-------- Loop 6 (sock 1 consumed 0.047265, avg temp 44.142857, final temp 45 ) ------
	-------- Loop 6 (sock 2 consumed 0.046665, avg temp 38.285714, final temp 39 ) ------
Loop 7 <line-334> - Time 0.373143 Total energy consumed 20.546190 Ave. Power Level 55.062449
	-------- Loop 7 (sock 1 consumed 11.146755, avg temp 44.625000, final temp 45 ) ------
	-------- Loop 7 (sock 2 consumed 9.399435, avg temp 38.250000, final temp 39 ) ------
Loop 8 <line-353> - Time 0.001650 Total energy consumed 0.097890 Ave. Power Level 59.331120
	-------- Loop 8 (sock 1 consumed 0.033195, avg temp 44.750000, final temp 45 ) ------
	-------- Loop 8 (sock 2 consumed 0.064695, avg temp 38.125000, final temp 39 ) ------
Loop 9 <line-375> - Time 0.000777 Total energy consumed 0.000000 Ave. Power Level 0.000000
	-------- Loop 9 (sock 1 consumed 0.000000, avg temp 44.750000, final temp 45 ) ------
	-------- Loop 9 (sock 2 consumed 0.000000, avg temp 38.125000, final temp 39 ) ------
Loop 10 <line-85> - Time 0.155168 Total energy consumed 14.580105 Ave. Power Level 93.963375
	-------- Loop 10 (sock 1 consumed 7.377075, avg temp 45.500000, final temp 45 ) ------
	-------- Loop 10 (sock 2 consumed 7.203030, avg temp 38.250000, final temp 39 ) ------
Loop 11 <line-131> - Time 0.003162 Total energy consumed 0.339645 Ave. Power Level 107.408293
	-------- Loop 11 (sock 1 consumed 0.148455, avg temp 45.500000, final temp 45 ) ------
	-------- Loop 11 (sock 2 consumed 0.191190, avg temp 38.500000, final temp 39 ) ------
Loop 12 <line-167> - Time 0.137953 Total energy consumed 12.985425 Ave. Power Level 94.129353
	-------- Loop 12 (sock 1 consumed 6.634980, avg temp 45.500000, final temp 45 ) ------
	-------- Loop 12 (sock 2 consumed 6.350445, avg temp 38.500000, final temp 39 ) ------
Loop 13 <line-213> - Time 4.844174 Total energy consumed 471.027840 Ave. Power Level 97.235946
	-------- Loop 13 (sock 1 consumed 241.756635, avg temp 47.666667, final temp 45 ) ------
	-------- Loop 13 (sock 2 consumed 229.271205, avg temp 40.166667, final temp 40 ) ------
Loop 14 <line-99> - Time 4.572103 Total energy consumed 256.673730 Ave. Power Level 56.139097
	-------- Loop 14 (sock 1 consumed 134.279310, avg temp 44.714286, final temp 45 ) ------
	-------- Loop 14 (sock 2 consumed 122.394420, avg temp 38.428571, final temp 39 ) ------
Loop 15 <line-160> - Time 0.115270 Total energy consumed 7.551000 Ave. Power Level 65.507103
	-------- Loop 15 (sock 1 consumed 3.683085, avg temp 45.142857, final temp 45 ) ------
	-------- Loop 15 (sock 2 consumed 3.867915, avg temp 38.142857, final temp 39 ) ------
Loop 16 <line-269> - Time 3.635256 Total energy consumed 188.923845 Ave. Power Level 51.969894
	-------- Loop 16 (sock 1 consumed 90.849705, avg temp 44.346154, final temp 44 ) ------
	-------- Loop 16 (sock 2 consumed 98.074140, avg temp 38.000000, final temp 40 ) ------
Loop 17 <line-300> - Time 0.001668 Total energy consumed 0.000000 Ave. Power Level 0.000000
	-------- Loop 17 (sock 1 consumed 0.000000, avg temp 44.350000, final temp 45 ) ------
	-------- Loop 17 (sock 2 consumed 0.000000, avg temp 38.050000, final temp 38 ) ------
Loop 18 <line-147> - Time 0.000430 Total energy consumed 0.000000 Ave. Power Level 0.000000
	-------- Loop 18 (sock 1 consumed 0.000000, avg temp 44.000000, final temp 44 ) ------
	-------- Loop 18 (sock 2 consumed 0.000000, avg temp 39.000000, final temp 39 ) ------
Application(EnergyStat) - Time 29.351451 Total energy consumed 1740.533985 Ave. Power Level 59.299760 Final Temperature socket 1 : 45  socket 2 : 38 
