

Elapsed time = 4.584950e+02

Run completed:  
   Problem size        =  120 
   Iteration count     =  2297 
   Final Origin Energy = 2.668283e+05 
   Testing Plane 0 of Energy Array:
        MaxAbsDiff   = 8.731149e-11
        TotalAbsDiff = 3.358477e-09
        MaxRelDiff   = 1.422800e-12



Elapsed time = 6.828125e+01



Elapsed time = 6.105553e+01



Elapsed time = 1.058803e+02



Elapsed time = 6.059762e+01



Elapsed time = 9.656573e+00



Elapsed time = 2.393170e-01



Elapsed time = 1.564388e+01



Elapsed time = 8.533924e+01



Elapsed time = 4.326433e+01



Elapsed time = 2.524900e+00



Elapsed time = 5.211017e+00



Elapsed time = 7.895430e-01


Loop 0 <line-1313> - Time 68.277690 Total energy consumed 10425.864150 Ave. Power Level 152.697962 Memory 3929502 MemoryRefresh 114882
	-------- Loop 0 (sock 1 consumed 5541.930105, avg temp 77.771876, final temp 77 ) ------
	-------- Loop 0 (sock 2 consumed 4883.934045, avg temp 62.410971, final temp 63 ) ------
Loop 1 <line-1341> - Time 61.051630 Total energy consumed 8617.308870 Ave. Power Level 141.147892 Memory 4312501 MemoryRefresh 96450
	-------- Loop 1 (sock 1 consumed 4616.584455, avg temp 77.414018, final temp 77 ) ------
	-------- Loop 1 (sock 2 consumed 4000.724415, avg temp 61.581193, final temp 61 ) ------
Loop 2 <line-2361> - Time 105.876302 Total energy consumed 17747.005545 Ave. Power Level 167.620186 Memory 7843758929 MemoryRefresh 181449
	-------- Loop 2 (sock 1 consumed 9333.264015, avg temp 78.282542, final temp 78 ) ------
	-------- Loop 2 (sock 2 consumed 8413.741530, avg temp 62.896822, final temp 63 ) ------
Loop 3 <line-2389> - Time 60.593503 Total energy consumed 8519.638995 Ave. Power Level 140.603176 Memory 4261020 MemoryRefresh 94961
	-------- Loop 3 (sock 1 consumed 4564.811385, avg temp 77.558990, final temp 77 ) ------
	-------- Loop 3 (sock 2 consumed 3954.827610, avg temp 61.707444, final temp 62 ) ------
Loop 4 <line-2440> - Time 9.652463 Total energy consumed 1386.928605 Ave. Power Level 143.686498 Memory 651158 MemoryRefresh 15337
	-------- Loop 4 (sock 1 consumed 739.618425, avg temp 77.443622, final temp 77 ) ------
	-------- Loop 4 (sock 2 consumed 647.310180, avg temp 61.720505, final temp 61 ) ------
Loop 5 <line-2460> - Time 0.237975 Total energy consumed 4.406895 Ave. Power Level 18.518302 Memory 535 MemoryRefresh 48
	-------- Loop 5 (sock 1 consumed 2.642610, avg temp 77.442751, final temp 77 ) ------
	-------- Loop 5 (sock 2 consumed 1.764285, avg temp 61.720070, final temp 61 ) ------
Loop 6 <line-2514> - Time 15.639821 Total energy consumed 2224.872705 Ave. Power Level 142.256918 Memory 1082802 MemoryRefresh 22983
	-------- Loop 6 (sock 1 consumed 1194.803925, avg temp 77.508489, final temp 77 ) ------
	-------- Loop 6 (sock 2 consumed 1030.068780, avg temp 61.752721, final temp 62 ) ------
Loop 7 <line-3918> - Time 85.335101 Total energy consumed 13258.851945 Ave. Power Level 155.373953 Memory 7757259853 MemoryRefresh 147417
	-------- Loop 7 (sock 1 consumed 6966.171120, avg temp 77.941663, final temp 78 ) ------
	-------- Loop 7 (sock 2 consumed 6292.680825, avg temp 62.464954, final temp 62 ) ------
Loop 8 <line-3968> - Time 43.260432 Total energy consumed 6446.534820 Ave. Power Level 149.016886 Memory 2235077 MemoryRefresh 73687
	-------- Loop 8 (sock 1 consumed 3398.344275, avg temp 77.755333, final temp 78 ) ------
	-------- Loop 8 (sock 2 consumed 3048.190545, avg temp 62.350892, final temp 63 ) ------
Loop 9 <line-3990> - Time 2.523206 Total energy consumed 355.988910 Ave. Power Level 141.085970 Memory 154055 MemoryRefresh 4614
	-------- Loop 9 (sock 1 consumed 184.356360, avg temp 77.724423, final temp 77 ) ------
	-------- Loop 9 (sock 2 consumed 171.632550, avg temp 62.350892, final temp 63 ) ------
Loop 10 <line-4056> - Time 5.207596 Total energy consumed 755.213985 Ave. Power Level 145.021611 Memory 306301 MemoryRefresh 8924
	-------- Loop 10 (sock 1 consumed 401.138205, avg temp 77.642142, final temp 77 ) ------
	-------- Loop 10 (sock 2 consumed 354.075780, avg temp 62.236395, final temp 62 ) ------
Loop 11 <line-4117> - Time 0.787982 Total energy consumed 25.856040 Ave. Power Level 32.812984 Memory 9282 MemoryRefresh 314
	-------- Loop 11 (sock 1 consumed 13.785945, avg temp 77.635176, final temp 77 ) ------
	-------- Loop 11 (sock 2 consumed 12.070095, avg temp 62.231606, final temp 62 ) ------
Application(EnergyStat) - Time 459.018995 Total energy consumed 69799.060275 Ave. Power Level 152.061377 Memory 15617964021 MemoryRefresh 761936 Final Temperature socket 1 : 76  socket 2 : 62 
	 ParallelApplication(EnergyStat) - Time 458.443701 Total energy consumed 69768.471465 Ave. Power Level 152.185473 Memory 15617961015 MemoryRefresh 761066


Elapsed time = 4.405406e+02

Run completed:  
   Problem size        =  120 
   Iteration count     =  2297 
   Final Origin Energy = 2.668283e+05 
   Testing Plane 0 of Energy Array:
        MaxAbsDiff   = 8.731149e-11
        TotalAbsDiff = 3.358477e-09
        MaxRelDiff   = 1.422800e-12



Elapsed time = 6.229110e+01



Elapsed time = 5.966267e+01



Elapsed time = 1.021468e+02



Elapsed time = 5.926469e+01



Elapsed time = 9.094366e+00



Elapsed time = 2.556660e-01



Elapsed time = 1.522168e+01



Elapsed time = 8.393377e+01



Elapsed time = 4.056331e+01



Elapsed time = 2.473200e+00



Elapsed time = 4.853520e+00



Elapsed time = 7.706830e-01


Loop 0 <line-1313> - Time 62.287755 Total energy consumed 9628.743465 Ave. Power Level 154.584852 Memory 4001914 MemoryRefresh 105926
	-------- Loop 0 (sock 1 consumed 4813.526235, avg temp 75.662603, final temp 75 ) ------
	-------- Loop 0 (sock 2 consumed 4815.217230, avg temp 63.588594, final temp 64 ) ------
Loop 1 <line-1341> - Time 59.659080 Total energy consumed 8368.803645 Ave. Power Level 140.277115 Memory 4411664 MemoryRefresh 97427
	-------- Loop 1 (sock 1 consumed 4153.998330, avg temp 74.199826, final temp 74 ) ------
	-------- Loop 1 (sock 2 consumed 4214.805315, avg temp 63.232477, final temp 63 ) ------
Loop 2 <line-2361> - Time 102.143229 Total energy consumed 17311.783695 Ave. Power Level 169.485377 Memory 3475899 MemoryRefresh 176537
	-------- Loop 2 (sock 1 consumed 8750.760195, avg temp 76.423596, final temp 76 ) ------
	-------- Loop 2 (sock 2 consumed 8561.023500, avg temp 63.989116, final temp 64 ) ------
Loop 3 <line-2389> - Time 59.261038 Total energy consumed 8334.647250 Ave. Power Level 140.642951 Memory 15765700948 MemoryRefresh 96718
	-------- Loop 3 (sock 1 consumed 4132.848675, avg temp 74.414454, final temp 74 ) ------
	-------- Loop 3 (sock 2 consumed 4201.798575, avg temp 63.347845, final temp 64 ) ------
Loop 4 <line-2440> - Time 9.091362 Total energy consumed 1296.588330 Ave. Power Level 142.617608 Memory 673965 MemoryRefresh 14830
	-------- Loop 4 (sock 1 consumed 647.200470, avg temp 74.356987, final temp 74 ) ------
	-------- Loop 4 (sock 2 consumed 649.387860, avg temp 63.249891, final temp 64 ) ------
Loop 5 <line-2460> - Time 0.254281 Total energy consumed 31.910865 Ave. Power Level 125.494249 Memory 9128 MemoryRefresh 469
	-------- Loop 5 (sock 1 consumed 16.923885, avg temp 74.360470, final temp 74 ) ------
	-------- Loop 5 (sock 2 consumed 14.986980, avg temp 63.250327, final temp 64 ) ------
Loop 6 <line-2514> - Time 15.218438 Total energy consumed 2163.997710 Ave. Power Level 142.195787 Memory 1151478 MemoryRefresh 23721
	-------- Loop 6 (sock 1 consumed 1069.962915, avg temp 74.399652, final temp 74 ) ------
	-------- Loop 6 (sock 2 consumed 1094.034795, avg temp 63.318241, final temp 64 ) ------
Loop 7 <line-3918> - Time 83.930114 Total energy consumed 13034.524485 Ave. Power Level 155.302119 Memory 7820945970 MemoryRefresh 145095
	-------- Loop 7 (sock 1 consumed 6599.454975, avg temp 75.782760, final temp 75 ) ------
	-------- Loop 7 (sock 2 consumed 6435.069510, avg temp 63.683065, final temp 64 ) ------
Loop 8 <line-3968> - Time 40.560137 Total energy consumed 6087.737505 Ave. Power Level 150.091642 Memory 2268874 MemoryRefresh 69397
	-------- Loop 8 (sock 1 consumed 3041.302800, avg temp 75.451894, final temp 75 ) ------
	-------- Loop 8 (sock 2 consumed 3046.434705, avg temp 63.531998, final temp 64 ) ------
Loop 9 <line-3990> - Time 2.471491 Total energy consumed 365.713530 Ave. Power Level 147.972853 Memory 134133 MemoryRefresh 4420
	-------- Loop 9 (sock 1 consumed 188.178015, avg temp 75.468002, final temp 75 ) ------
	-------- Loop 9 (sock 2 consumed 177.535515, avg temp 63.512843, final temp 63 ) ------
Loop 10 <line-4056> - Time 4.850426 Total energy consumed 653.895885 Ave. Power Level 134.812053 Memory 305407 MemoryRefresh 8028
	-------- Loop 10 (sock 1 consumed 329.783370, avg temp 75.272529, final temp 76 ) ------
	-------- Loop 10 (sock 2 consumed 324.112515, avg temp 63.447540, final temp 64 ) ------
Loop 11 <line-4117> - Time 0.769280 Total energy consumed 106.385535 Ave. Power Level 138.292420 Memory 47180 MemoryRefresh 1375
	-------- Loop 11 (sock 1 consumed 53.033745, avg temp 75.231606, final temp 75 ) ------
	-------- Loop 11 (sock 2 consumed 53.351790, avg temp 63.405311, final temp 64 ) ------
Application(EnergyStat) - Time 441.077271 Total energy consumed 67416.770280 Ave. Power Level 152.845714 Memory 23603129916 MemoryRefresh 744852 Final Temperature socket 1 : 75  socket 2 : 64 
	 ParallelApplication(EnergyStat) - Time 440.496631 Total energy consumed 67384.731900 Ave. Power Level 152.974455 Memory 23603126560 MemoryRefresh 743943


Elapsed time = 4.394712e+02

Run completed:  
   Problem size        =  120 
   Iteration count     =  2297 
   Final Origin Energy = 2.668283e+05 
   Testing Plane 0 of Energy Array:
        MaxAbsDiff   = 8.731149e-11
        TotalAbsDiff = 3.358477e-09
        MaxRelDiff   = 1.422800e-12



Elapsed time = 6.262390e+01



Elapsed time = 6.004146e+01



Elapsed time = 1.023264e+02



Elapsed time = 5.970263e+01



Elapsed time = 9.135253e+00



Elapsed time = 2.442230e-01



Elapsed time = 1.513256e+01



Elapsed time = 8.251398e+01



Elapsed time = 3.954820e+01



Elapsed time = 2.504325e+00



Elapsed time = 4.853672e+00



Elapsed time = 8.336160e-01


Loop 0 <line-1313> - Time 62.620402 Total energy consumed 9624.067515 Ave. Power Level 153.689009 Memory 15360742015 MemoryRefresh 106332
	-------- Loop 0 (sock 1 consumed 4806.410370, avg temp 74.431432, final temp 74 ) ------
	-------- Loop 0 (sock 2 consumed 4817.657145, avg temp 63.408359, final temp 63 ) ------
Loop 1 <line-1341> - Time 60.037786 Total energy consumed 8409.138495 Ave. Power Level 140.064101 Memory 14388917115 MemoryRefresh 98348
	-------- Loop 1 (sock 1 consumed 4176.365220, avg temp 73.233783, final temp 73 ) ------
	-------- Loop 1 (sock 2 consumed 4232.773275, avg temp 63.047453, final temp 63 ) ------
Loop 2 <line-2361> - Time 102.321476 Total energy consumed 17268.021090 Ave. Power Level 168.762431 Memory 3459809 MemoryRefresh 176545
	-------- Loop 2 (sock 1 consumed 8725.666575, avg temp 75.314323, final temp 75 ) ------
	-------- Loop 2 (sock 2 consumed 8542.354515, avg temp 63.863735, final temp 64 ) ------
Loop 3 <line-2389> - Time 59.699061 Total energy consumed 8379.387810 Ave. Power Level 140.360463 Memory 4376732 MemoryRefresh 97754
	-------- Loop 3 (sock 1 consumed 4153.750875, avg temp 73.417501, final temp 73 ) ------
	-------- Loop 3 (sock 2 consumed 4225.636935, avg temp 63.178929, final temp 63 ) ------
Loop 4 <line-2440> - Time 9.131824 Total energy consumed 1279.611675 Ave. Power Level 140.126618 Memory 672327 MemoryRefresh 14772
	-------- Loop 4 (sock 1 consumed 636.182805, avg temp 73.351763, final temp 73 ) ------
	-------- Loop 4 (sock 2 consumed 643.428870, avg temp 63.080540, final temp 62 ) ------
Loop 5 <line-2460> - Time 0.243047 Total energy consumed 29.157615 Ave. Power Level 119.966819 Memory 9312 MemoryRefresh 407
	-------- Loop 5 (sock 1 consumed 15.293280, avg temp 73.349586, final temp 73 ) ------
	-------- Loop 5 (sock 2 consumed 13.864335, avg temp 63.081846, final temp 62 ) ------
Loop 6 <line-2514> - Time 15.128916 Total energy consumed 2155.452210 Ave. Power Level 142.472353 Memory 1138459 MemoryRefresh 23552
	-------- Loop 6 (sock 1 consumed 1067.102940, avg temp 73.398346, final temp 73 ) ------
	-------- Loop 6 (sock 2 consumed 1088.349270, avg temp 63.145842, final temp 63 ) ------
Loop 7 <line-3918> - Time 82.510068 Total energy consumed 12789.821835 Ave. Power Level 155.009227 Memory 2656739 MemoryRefresh 142194
	-------- Loop 7 (sock 1 consumed 6486.520980, avg temp 74.560296, final temp 73 ) ------
	-------- Loop 7 (sock 2 consumed 6303.300855, avg temp 63.560296, final temp 63 ) ------
Loop 8 <line-3968> - Time 39.544423 Total energy consumed 5962.012185 Ave. Power Level 150.767458 Memory 2251212 MemoryRefresh 68097
	-------- Loop 8 (sock 1 consumed 3011.652180, avg temp 74.209404, final temp 74 ) ------
	-------- Loop 8 (sock 2 consumed 2950.360005, avg temp 63.390509, final temp 64 ) ------
Loop 9 <line-3990> - Time 2.502492 Total energy consumed 377.268360 Ave. Power Level 150.757078 Memory 161974 MemoryRefresh 4650
	-------- Loop 9 (sock 1 consumed 195.656385, avg temp 74.225512, final temp 74 ) ------
	-------- Loop 9 (sock 2 consumed 181.611975, avg temp 63.363518, final temp 64 ) ------
Loop 10 <line-4056> - Time 4.850343 Total energy consumed 606.160590 Ave. Power Level 124.972737 Memory 275184 MemoryRefresh 7263
	-------- Loop 10 (sock 1 consumed 305.745390, avg temp 74.107096, final temp 73 ) ------
	-------- Loop 10 (sock 2 consumed 300.415200, avg temp 63.307357, final temp 63 ) ------
Loop 11 <line-4117> - Time 0.832242 Total energy consumed 159.847605 Ave. Power Level 192.068741 Memory 67970 MemoryRefresh 2005
	-------- Loop 11 (sock 1 consumed 78.989295, avg temp 74.050936, final temp 73 ) ------
	-------- Loop 11 (sock 2 consumed 80.858310, avg temp 63.260340, final temp 63 ) ------
Application(EnergyStat) - Time 440.073350 Total energy consumed 67077.096240 Ave. Power Level 152.422537 Memory 29764732560 MemoryRefresh 742962 Final Temperature socket 1 : 73  socket 2 : 63 
	 ParallelApplication(EnergyStat) - Time 439.422080 Total energy consumed 67039.946985 Ave. Power Level 152.563902 Memory 29764728848 MemoryRefresh 741919


Elapsed time = 4.504406e+02

Run completed:  
   Problem size        =  120 
   Iteration count     =  2297 
   Final Origin Energy = 2.668283e+05 
   Testing Plane 0 of Energy Array:
        MaxAbsDiff   = 8.731149e-11
        TotalAbsDiff = 3.358477e-09
        MaxRelDiff   = 1.422800e-12



Elapsed time = 6.828413e+01



Elapsed time = 6.086559e+01



Elapsed time = 1.058899e+02



Elapsed time = 6.047049e+01



Elapsed time = 9.585420e+00



Elapsed time = 2.341570e-01



Elapsed time = 1.571412e+01



Elapsed time = 8.208532e+01



Elapsed time = 3.877804e+01



Elapsed time = 2.603181e+00



Elapsed time = 5.114621e+00



Elapsed time = 8.041090e-01


Loop 0 <line-1313> - Time 68.280083 Total energy consumed 10296.895635 Ave. Power Level 150.803794 Memory 7671822265 MemoryRefresh 114787
	-------- Loop 0 (sock 1 consumed 5457.488085, avg temp 72.348716, final temp 71 ) ------
	-------- Loop 0 (sock 2 consumed 4839.407550, avg temp 60.003047, final temp 59 ) ------
Loop 1 <line-1341> - Time 60.861578 Total energy consumed 8447.211450 Ave. Power Level 138.793830 Memory 4310519 MemoryRefresh 95690
	-------- Loop 1 (sock 1 consumed 4516.913460, avg temp 72.026556, final temp 71 ) ------
	-------- Loop 1 (sock 2 consumed 3930.297990, avg temp 59.110579, final temp 59 ) ------
Loop 2 <line-2361> - Time 105.885587 Total energy consumed 17573.460930 Ave. Power Level 165.966507 Memory 15887475746 MemoryRefresh 181488
	-------- Loop 2 (sock 1 consumed 9210.444915, avg temp 72.851545, final temp 72 ) ------
	-------- Loop 2 (sock 2 consumed 8363.016015, avg temp 60.411406, final temp 60 ) ------
Loop 3 <line-2389> - Time 60.466303 Total energy consumed 8467.082745 Ave. Power Level 140.029775 Memory 13777985709 MemoryRefresh 95532
	-------- Loop 3 (sock 1 consumed 4523.199045, avg temp 72.133653, final temp 72 ) ------
	-------- Loop 3 (sock 2 consumed 3943.883700, avg temp 59.260775, final temp 59 ) ------
Loop 4 <line-2440> - Time 9.581422 Total energy consumed 1311.426795 Ave. Power Level 136.871828 Memory 653178 MemoryRefresh 14686
	-------- Loop 4 (sock 1 consumed 698.688345, avg temp 72.023509, final temp 72 ) ------
	-------- Loop 4 (sock 2 consumed 612.738450, avg temp 59.241184, final temp 59 ) ------
Loop 5 <line-2460> - Time 0.232770 Total energy consumed 5.913570 Ave. Power Level 25.405191 Memory 1108 MemoryRefresh 74
	-------- Loop 5 (sock 1 consumed 2.962440, avg temp 72.022203, final temp 72 ) ------
	-------- Loop 5 (sock 2 consumed 2.951130, avg temp 59.242490, final temp 59 ) ------
Loop 6 <line-2514> - Time 15.710017 Total energy consumed 2208.024615 Ave. Power Level 140.548836 Memory 1081880 MemoryRefresh 23017
	-------- Loop 6 (sock 1 consumed 1183.727865, avg temp 72.090553, final temp 71 ) ------
	-------- Loop 6 (sock 2 consumed 1024.296750, avg temp 59.282978, final temp 59 ) ------
Loop 7 <line-3918> - Time 82.080926 Total energy consumed 12701.119530 Ave. Power Level 154.738988 Memory 7794111761 MemoryRefresh 141736
	-------- Loop 7 (sock 1 consumed 6660.192495, avg temp 72.582499, final temp 72 ) ------
	-------- Loop 7 (sock 2 consumed 6040.927035, avg temp 60.090988, final temp 59 ) ------
Loop 8 <line-3968> - Time 38.774079 Total energy consumed 5824.495680 Ave. Power Level 150.216224 Memory 7810830921 MemoryRefresh 66226
	-------- Loop 8 (sock 1 consumed 3081.533820, avg temp 72.336091, final temp 72 ) ------
	-------- Loop 8 (sock 2 consumed 2742.961860, avg temp 59.964737, final temp 59 ) ------
Loop 9 <line-3990> - Time 2.601428 Total energy consumed 375.941505 Ave. Power Level 144.513541 Memory 173571 MemoryRefresh 4652
	-------- Loop 9 (sock 1 consumed 195.183075, avg temp 72.315629, final temp 72 ) ------
	-------- Loop 9 (sock 2 consumed 180.758430, avg temp 59.928603, final temp 59 ) ------
Loop 10 <line-4056> - Time 5.111083 Total energy consumed 644.588505 Ave. Power Level 126.115839 Memory 272929 MemoryRefresh 7778
	-------- Loop 10 (sock 1 consumed 338.657055, avg temp 72.235089, final temp 71 ) ------
	-------- Loop 10 (sock 2 consumed 305.931450, avg temp 59.804963, final temp 59 ) ------
Loop 11 <line-4117> - Time 0.802621 Total energy consumed 132.304110 Ave. Power Level 164.840063 Memory 50142 MemoryRefresh 1618
	-------- Loop 11 (sock 1 consumed 71.068800, avg temp 72.191554, final temp 71 ) ------
	-------- Loop 11 (sock 2 consumed 61.235310, avg temp 59.786678, final temp 59 ) ------
Application(EnergyStat) - Time 450.964898 Total energy consumed 68019.003945 Ave. Power Level 150.829930 Memory 52948772813 MemoryRefresh 748156 Final Temperature socket 1 : 71  socket 2 : 60 
	 ParallelApplication(EnergyStat) - Time 450.387896 Total energy consumed 67988.465070 Ave. Power Level 150.955356 Memory 52948769729 MemoryRefresh 747284


Elapsed time = 4.570542e+02

Run completed:  
   Problem size        =  120 
   Iteration count     =  2297 
   Final Origin Energy = 2.668283e+05 
   Testing Plane 0 of Energy Array:
        MaxAbsDiff   = 8.731149e-11
        TotalAbsDiff = 3.358477e-09
        MaxRelDiff   = 1.422800e-12



Elapsed time = 6.821955e+01



Elapsed time = 6.069374e+01



Elapsed time = 1.063355e+02



Elapsed time = 6.023910e+01



Elapsed time = 9.756190e+00



Elapsed time = 2.504610e-01



Elapsed time = 1.566255e+01



Elapsed time = 8.509205e+01



Elapsed time = 4.218994e+01



Elapsed time = 2.564290e+00



Elapsed time = 5.233288e+00



Elapsed time = 8.059670e-01


Loop 0 <line-1313> - Time 68.216611 Total energy consumed 10270.424400 Ave. Power Level 150.556064 Memory 3953500 MemoryRefresh 114764
	-------- Loop 0 (sock 1 consumed 5445.537405, avg temp 73.711798, final temp 76 ) ------
	-------- Loop 0 (sock 2 consumed 4824.886995, avg temp 60.717458, final temp 61 ) ------
Loop 1 <line-1341> - Time 60.689833 Total energy consumed 8508.967080 Ave. Power Level 140.204161 Memory 4304708 MemoryRefresh 96224
	-------- Loop 1 (sock 1 consumed 4555.992300, avg temp 73.286025, final temp 74 ) ------
	-------- Loop 1 (sock 2 consumed 3952.974780, avg temp 59.907706, final temp 61 ) ------
Loop 2 <line-2361> - Time 106.331140 Total energy consumed 17798.063415 Ave. Power Level 167.383359 Memory 3407809 MemoryRefresh 183931
	-------- Loop 2 (sock 1 consumed 9337.004235, avg temp 74.276012, final temp 76 ) ------
	-------- Loop 2 (sock 2 consumed 8461.059180, avg temp 61.104049, final temp 61 ) ------
Loop 3 <line-2389> - Time 60.234764 Total energy consumed 8306.484540 Ave. Power Level 137.901835 Memory 4248464 MemoryRefresh 93125
	-------- Loop 3 (sock 1 consumed 4447.559790, avg temp 73.432738, final temp 76 ) ------
	-------- Loop 3 (sock 2 consumed 3858.924750, avg temp 60.044406, final temp 60 ) ------
Loop 4 <line-2440> - Time 9.751883 Total energy consumed 1506.795480 Ave. Power Level 154.513292 Memory 682333 MemoryRefresh 16942
	-------- Loop 4 (sock 1 consumed 799.188630, avg temp 73.331737, final temp 75 ) ------
	-------- Loop 4 (sock 2 consumed 707.606850, avg temp 60.026556, final temp 60 ) ------
Loop 5 <line-2460> - Time 0.249041 Total energy consumed 24.926370 Ave. Power Level 100.089402 Memory 5229 MemoryRefresh 290
	-------- Loop 5 (sock 1 consumed 13.287240, avg temp 73.339573, final temp 75 ) ------
	-------- Loop 5 (sock 2 consumed 11.639130, avg temp 60.027427, final temp 60 ) ------
Loop 6 <line-2514> - Time 15.658312 Total energy consumed 2172.080595 Ave. Power Level 138.717416 Memory 1091205 MemoryRefresh 23024
	-------- Loop 6 (sock 1 consumed 1164.150030, avg temp 73.401393, final temp 75 ) ------
	-------- Loop 6 (sock 2 consumed 1007.930565, avg temp 60.063126, final temp 60 ) ------
Loop 7 <line-3918> - Time 85.087931 Total energy consumed 13115.197395 Ave. Power Level 154.136988 Memory 15753869238 MemoryRefresh 147098
	-------- Loop 7 (sock 1 consumed 6891.912900, avg temp 73.895951, final temp 76 ) ------
	-------- Loop 7 (sock 2 consumed 6223.284495, avg temp 60.750109, final temp 61 ) ------
Loop 8 <line-3968> - Time 42.185965 Total energy consumed 6099.483675 Ave. Power Level 144.585614 Memory 2251908 MemoryRefresh 69706
	-------- Loop 8 (sock 1 consumed 3235.330245, avg temp 73.710492, final temp 76 ) ------
	-------- Loop 8 (sock 2 consumed 2864.153430, avg temp 60.637353, final temp 61 ) ------
Loop 9 <line-3990> - Time 2.562597 Total energy consumed 350.762535 Ave. Power Level 136.877747 Memory 79527 MemoryRefresh 4633
	-------- Loop 9 (sock 1 consumed 180.195645, avg temp 73.683065, final temp 76 ) ------
	-------- Loop 9 (sock 2 consumed 170.566890, avg temp 60.619068, final temp 61 ) ------
Loop 10 <line-4056> - Time 5.229902 Total energy consumed 757.753935 Ave. Power Level 144.888749 Memory 349775 MemoryRefresh 8941
	-------- Loop 10 (sock 1 consumed 399.997440, avg temp 73.580322, final temp 75 ) ------
	-------- Loop 10 (sock 2 consumed 357.756495, avg temp 60.501088, final temp 61 ) ------
Loop 11 <line-4117> - Time 0.804451 Total energy consumed 105.361875 Ave. Power Level 130.973559 Memory 17327 MemoryRefresh 638
	-------- Loop 11 (sock 1 consumed 58.727085, avg temp 73.544188, final temp 75 ) ------
	-------- Loop 11 (sock 2 consumed 46.634790, avg temp 60.481933, final temp 61 ) ------
Application(EnergyStat) - Time 457.564636 Total energy consumed 69049.664475 Ave. Power Level 150.906908 Memory 15774264211 MemoryRefresh 760178 Final Temperature socket 1 : 76  socket 2 : 61 
	 ParallelApplication(EnergyStat) - Time 457.002430 Total energy consumed 69016.301295 Ave. Power Level 151.019550 Memory 15774261023 MemoryRefresh 759316
