

Elapsed time = 4.486194e+02

Run completed:  
   Problem size        =  120 
   Iteration count     =  2297 
   Final Origin Energy = 2.668283e+05 
   Testing Plane 0 of Energy Array:
        MaxAbsDiff   = 8.731149e-11
        TotalAbsDiff = 3.358477e-09
        MaxRelDiff   = 1.422800e-12



Elapsed time = 6.218343e+01



Elapsed time = 7.136553e+01



Elapsed time = 9.466852e+01



Elapsed time = 7.096466e+01



Elapsed time = 9.362228e+00



Elapsed time = 2.219690e-01



Elapsed time = 1.549535e+01



Elapsed time = 7.753627e+01



Elapsed time = 3.853133e+01



Elapsed time = 2.531158e+00



Elapsed time = 4.955320e+00



Elapsed time = 7.942810e-01


Loop 0 <line-1315> - Time 62.181267 Total energy consumed 10532.658075 Ave. Power Level 169.386353 Memory 26037239 MemoryRefresh 103939
	-------- Loop 0 (sock 1 consumed 5272.295730, avg temp 72.671310, final temp 74 ) ------
	-------- Loop 0 (sock 2 consumed 5260.362345, avg temp 60.536787, final temp 62 ) ------
Loop 1 <line-1345> - Time 71.363009 Total energy consumed 5409.881640 Ave. Power Level 75.807925 Memory 33823123 MemoryRefresh 101445
	-------- Loop 1 (sock 1 consumed 2630.286435, avg temp 69.399652, final temp 71 ) ------
	-------- Loop 1 (sock 2 consumed 2779.595205, avg temp 57.904658, final temp 60 ) ------
Loop 2 <line-2366> - Time 94.665516 Total energy consumed 17821.012140 Ave. Power Level 188.252417 Memory 3373294 MemoryRefresh 163873
	-------- Loop 2 (sock 1 consumed 9000.600375, avg temp 73.406182, final temp 75 ) ------
	-------- Loop 2 (sock 2 consumed 8820.411765, avg temp 61.055290, final temp 63 ) ------
Loop 3 <line-2396> - Time 70.961497 Total energy consumed 5390.815845 Ave. Power Level 75.968181 Memory 5465930 MemoryRefresh 101031
	-------- Loop 3 (sock 1 consumed 2613.990810, avg temp 69.448411, final temp 70 ) ------
	-------- Loop 3 (sock 2 consumed 2776.825035, avg temp 57.921637, final temp 60 ) ------
Loop 4 <line-2447> - Time 9.359009 Total energy consumed 1282.940085 Ave. Power Level 137.080765 Memory 644018 MemoryRefresh 14653
	-------- Loop 4 (sock 1 consumed 636.533490, avg temp 70.222029, final temp 72 ) ------
	-------- Loop 4 (sock 2 consumed 646.406595, avg temp 58.689160, final temp 60 ) ------
Loop 5 <line-2467> - Time 0.220929 Total energy consumed 19.260120 Ave. Power Level 87.177982 Memory 6235 MemoryRefresh 287
	-------- Loop 5 (sock 1 consumed 10.039020, avg temp 70.229430, final temp 72 ) ------
	-------- Loop 5 (sock 2 consumed 9.221100, avg temp 58.704397, final temp 60 ) ------
Loop 6 <line-2521> - Time 15.492249 Total energy consumed 2410.904280 Ave. Power Level 155.620031 Memory 1114851 MemoryRefresh 23077
	-------- Loop 6 (sock 1 consumed 1196.769015, avg temp 70.794079, final temp 73 ) ------
	-------- Loop 6 (sock 2 consumed 1214.135265, avg temp 59.328254, final temp 61 ) ------
Loop 7 <line-3927> - Time 77.533087 Total energy consumed 13396.808175 Ave. Power Level 172.788272 Memory 19527028 MemoryRefresh 134678
	-------- Loop 7 (sock 1 consumed 6784.808565, avg temp 72.581193, final temp 74 ) ------
	-------- Loop 7 (sock 2 consumed 6611.999610, avg temp 60.467131, final temp 62 ) ------
Loop 8 <line-3979> - Time 38.528765 Total energy consumed 6448.572105 Ave. Power Level 167.370328 Memory 13349093 MemoryRefresh 66790
	-------- Loop 8 (sock 1 consumed 3225.874335, avg temp 72.346974, final temp 74 ) ------
	-------- Loop 8 (sock 2 consumed 3222.697770, avg temp 60.436221, final temp 63 ) ------
Loop 9 <line-4001> - Time 2.529982 Total energy consumed 385.071015 Ave. Power Level 152.203060 Memory 152989 MemoryRefresh 4629
	-------- Loop 9 (sock 1 consumed 196.989600, avg temp 72.396604, final temp 75 ) ------
	-------- Loop 9 (sock 2 consumed 188.081415, avg temp 60.419678, final temp 62 ) ------
Loop 10 <line-4067> - Time 4.952160 Total energy consumed 732.640110 Ave. Power Level 147.943532 Memory 305735 MemoryRefresh 7654
	-------- Loop 10 (sock 1 consumed 369.939105, avg temp 72.237701, final temp 75 ) ------
	-------- Loop 10 (sock 2 consumed 362.701005, avg temp 60.324336, final temp 62 ) ------
Loop 11 <line-4128> - Time 0.793023 Total energy consumed 135.192615 Ave. Power Level 170.477597 Memory 56858 MemoryRefresh 1681
	-------- Loop 11 (sock 1 consumed 67.827555, avg temp 72.190684, final temp 74 ) ------
	-------- Loop 11 (sock 2 consumed 67.365060, avg temp 60.303004, final temp 62 ) ------
Application(EnergyStat) - Time 449.128730 Total energy consumed 64001.160810 Ave. Power Level 142.500705 Memory 103860232 MemoryRefresh 724660 Final Temperature socket 1 : 74  socket 2 : 62 
	 ParallelApplication(EnergyStat) - Time 448.580493 Total energy consumed 63965.756205 Ave. Power Level 142.595938 Memory 103856393 MemoryRefresh 723737


Elapsed time = 4.471298e+02

Run completed:  
   Problem size        =  120 
   Iteration count     =  2297 
   Final Origin Energy = 2.668283e+05 
   Testing Plane 0 of Energy Array:
        MaxAbsDiff   = 8.731149e-11
        TotalAbsDiff = 3.358477e-09
        MaxRelDiff   = 1.422800e-12



Elapsed time = 6.191860e+01



Elapsed time = 7.165080e+01



Elapsed time = 9.493096e+01



Elapsed time = 7.118303e+01



Elapsed time = 9.109764e+00



Elapsed time = 2.217970e-01



Elapsed time = 1.532643e+01



Elapsed time = 7.629372e+01



Elapsed time = 3.861345e+01



Elapsed time = 2.492275e+00



Elapsed time = 4.668102e+00



Elapsed time = 7.112700e-01


Loop 0 <line-1315> - Time 61.916498 Total energy consumed 10461.298185 Ave. Power Level 168.958169 Memory 36925781 MemoryRefresh 104173
	-------- Loop 0 (sock 1 consumed 5230.464975, avg temp 74.659121, final temp 76 ) ------
	-------- Loop 0 (sock 2 consumed 5230.833210, avg temp 61.921202, final temp 62 ) ------
Loop 1 <line-1345> - Time 71.647982 Total energy consumed 5455.796430 Ave. Power Level 76.147245 Memory 43992101 MemoryRefresh 101217
	-------- Loop 1 (sock 1 consumed 2662.765260, avg temp 71.132782, final temp 72 ) ------
	-------- Loop 1 (sock 2 consumed 2793.031170, avg temp 59.427514, final temp 60 ) ------
Loop 2 <line-2366> - Time 94.928525 Total energy consumed 17920.215870 Ave. Power Level 188.775880 Memory 3395149 MemoryRefresh 165276
	-------- Loop 2 (sock 1 consumed 9058.683930, avg temp 75.746191, final temp 77 ) ------
	-------- Loop 2 (sock 2 consumed 8861.531940, avg temp 62.308663, final temp 63 ) ------
Loop 3 <line-2396> - Time 71.180120 Total energy consumed 5443.365225 Ave. Power Level 76.473111 Memory 5473062 MemoryRefresh 101081
	-------- Loop 3 (sock 1 consumed 2649.590415, avg temp 71.182412, final temp 71 ) ------
	-------- Loop 3 (sock 2 consumed 2793.774810, avg temp 59.457118, final temp 60 ) ------
Loop 4 <line-2447> - Time 9.106548 Total energy consumed 1207.207125 Ave. Power Level 132.564730 Memory 604699 MemoryRefresh 13825
	-------- Loop 4 (sock 1 consumed 596.630025, avg temp 71.945581, final temp 73 ) ------
	-------- Loop 4 (sock 2 consumed 610.577100, avg temp 60.069656, final temp 60 ) ------
Loop 5 <line-2467> - Time 0.220750 Total energy consumed 39.772635 Ave. Power Level 180.170803 Memory 6745 MemoryRefresh 286
	-------- Loop 5 (sock 1 consumed 22.759185, avg temp 71.964737, final temp 73 ) ------
	-------- Loop 5 (sock 2 consumed 17.013450, avg temp 60.081846, final temp 60 ) ------
Loop 6 <line-2521> - Time 15.323586 Total energy consumed 2422.358970 Ave. Power Level 158.080419 Memory 1107958 MemoryRefresh 23101
	-------- Loop 6 (sock 1 consumed 1201.169775, avg temp 72.601654, final temp 73 ) ------
	-------- Loop 6 (sock 2 consumed 1221.189195, avg temp 60.627340, final temp 61 ) ------
Loop 7 <line-3927> - Time 76.290523 Total energy consumed 13275.881145 Ave. Power Level 174.017435 Memory 2619911 MemoryRefresh 132776
	-------- Loop 7 (sock 1 consumed 6732.077190, avg temp 74.683936, final temp 76 ) ------
	-------- Loop 7 (sock 2 consumed 6543.803955, avg temp 61.916848, final temp 62 ) ------
Loop 8 <line-3979> - Time 38.610759 Total energy consumed 6596.682600 Ave. Power Level 170.850892 Memory 30807279 MemoryRefresh 67464
	-------- Loop 8 (sock 1 consumed 3316.437705, avg temp 74.334349, final temp 76 ) ------
	-------- Loop 8 (sock 2 consumed 3280.244895, avg temp 61.777101, final temp 63 ) ------
Loop 9 <line-4001> - Time 2.490927 Total energy consumed 343.673610 Ave. Power Level 137.970186 Memory 92212 MemoryRefresh 3243
	-------- Loop 9 (sock 1 consumed 177.286305, avg temp 74.351763, final temp 76 ) ------
	-------- Loop 9 (sock 2 consumed 166.387305, avg temp 61.747932, final temp 63 ) ------
Loop 10 <line-4067> - Time 4.665228 Total energy consumed 588.280785 Ave. Power Level 126.099053 Memory 315840 MemoryRefresh 7527
	-------- Loop 10 (sock 1 consumed 296.417865, avg temp 74.188507, final temp 76 ) ------
	-------- Loop 10 (sock 2 consumed 291.862920, avg temp 61.678276, final temp 62 ) ------
Loop 11 <line-4128> - Time 0.710025 Total energy consumed 230.967915 Ave. Power Level 325.295370 Memory 46737 MemoryRefresh 1385
	-------- Loop 11 (sock 1 consumed 119.582700, avg temp 74.121027, final temp 75 ) ------
	-------- Loop 11 (sock 2 consumed 111.385215, avg temp 61.632129, final temp 62 ) ------
Application(EnergyStat) - Time 447.648185 Total energy consumed 64020.984675 Ave. Power Level 143.016294 Memory 125392107 MemoryRefresh 722276 Final Temperature socket 1 : 75  socket 2 : 62 
	 ParallelApplication(EnergyStat) - Time 447.091471 Total energy consumed 63985.500495 Ave. Power Level 143.115010 Memory 125387474 MemoryRefresh 721354


Elapsed time = 4.514684e+02

Run completed:  
   Problem size        =  120 
   Iteration count     =  2297 
   Final Origin Energy = 2.668283e+05 
   Testing Plane 0 of Energy Array:
        MaxAbsDiff   = 8.731149e-11
        TotalAbsDiff = 3.358477e-09
        MaxRelDiff   = 1.422800e-12



Elapsed time = 6.083509e+01



Elapsed time = 7.384430e+01



Elapsed time = 9.686372e+01



Elapsed time = 7.331645e+01



Elapsed time = 9.433743e+00



Elapsed time = 2.318420e-01



Elapsed time = 1.522892e+01



Elapsed time = 7.704583e+01



Elapsed time = 3.765773e+01



Elapsed time = 1.553607e+00



Elapsed time = 4.682748e+00



Elapsed time = 7.630300e-01


Loop 0 <line-1315> - Time 60.831605 Total energy consumed 10511.575140 Ave. Power Level 172.797925 Memory 70579210 MemoryRefresh 104773
	-------- Loop 0 (sock 1 consumed 5541.049680, avg temp 75.676970, final temp 75 ) ------
	-------- Loop 0 (sock 2 consumed 4970.525460, avg temp 60.563779, final temp 60 ) ------
Loop 1 <line-1345> - Time 73.840385 Total energy consumed 5557.036740 Ave. Power Level 75.257419 Memory 6086435 MemoryRefresh 106729
	-------- Loop 1 (sock 1 consumed 2989.614690, avg temp 71.755768, final temp 71 ) ------
	-------- Loop 1 (sock 2 consumed 2567.422050, avg temp 57.726600, final temp 57 ) ------
Loop 2 <line-2366> - Time 96.859291 Total energy consumed 18186.154965 Ave. Power Level 187.758498 Memory 3234791 MemoryRefresh 169122
	-------- Loop 2 (sock 1 consumed 9499.666185, avg temp 76.134088, final temp 75 ) ------
	-------- Loop 2 (sock 2 consumed 8686.488780, avg temp 60.903352, final temp 60 ) ------
Loop 3 <line-2396> - Time 73.312412 Total energy consumed 5553.237435 Ave. Power Level 75.747575 Memory 64283487 MemoryRefresh 106015
	-------- Loop 3 (sock 1 consumed 2985.945435, avg temp 71.792338, final temp 72 ) ------
	-------- Loop 3 (sock 2 consumed 2567.292000, avg temp 57.785808, final temp 57 ) ------
Loop 4 <line-2447> - Time 9.429356 Total energy consumed 1410.937935 Ave. Power Level 149.632476 Memory 680944 MemoryRefresh 17129
	-------- Loop 4 (sock 1 consumed 750.802605, avg temp 72.840662, final temp 72 ) ------
	-------- Loop 4 (sock 2 consumed 660.135330, avg temp 58.670004, final temp 58 ) ------
Loop 5 <line-2467> - Time 0.230548 Total energy consumed 26.745435 Ave. Power Level 116.008180 Memory 5440 MemoryRefresh 280
	-------- Loop 5 (sock 1 consumed 14.218725, avg temp 72.859817, final temp 72 ) ------
	-------- Loop 5 (sock 2 consumed 12.526710, avg temp 58.672181, final temp 58 ) ------
Loop 6 <line-2521> - Time 15.225051 Total energy consumed 2358.727905 Ave. Power Level 154.924142 Memory 1113843 MemoryRefresh 23202
	-------- Loop 6 (sock 1 consumed 1261.421970, avg temp 73.621245, final temp 73 ) ------
	-------- Loop 6 (sock 2 consumed 1097.305935, avg temp 59.192860, final temp 58 ) ------
Loop 7 <line-3927> - Time 77.041776 Total energy consumed 13209.914700 Ave. Power Level 171.464307 Memory 2433629 MemoryRefresh 132756
	-------- Loop 7 (sock 1 consumed 6857.993700, avg temp 75.619068, final temp 75 ) ------
	-------- Loop 7 (sock 2 consumed 6351.921000, avg temp 60.512843, final temp 60 ) ------
Loop 8 <line-3979> - Time 37.653782 Total energy consumed 6502.917060 Ave. Power Level 172.702891 Memory 2042051 MemoryRefresh 66275
	-------- Loop 8 (sock 1 consumed 3322.229145, avg temp 75.402264, final temp 75 ) ------
	-------- Loop 8 (sock 2 consumed 3180.687915, avg temp 60.427079, final temp 60 ) ------
Loop 9 <line-4001> - Time 1.552060 Total energy consumed 86.177325 Ave. Power Level 55.524494 Memory 25802 MemoryRefresh 1893
	-------- Loop 9 (sock 1 consumed 44.341530, avg temp 75.410971, final temp 75 ) ------
	-------- Loop 9 (sock 2 consumed 41.835795, avg temp 60.422290, final temp 60 ) ------
Loop 10 <line-4067> - Time 4.680330 Total energy consumed 795.301560 Ave. Power Level 169.924258 Memory 389343 MemoryRefresh 8742
	-------- Loop 10 (sock 1 consumed 405.811665, avg temp 75.269482, final temp 75 ) ------
	-------- Loop 10 (sock 2 consumed 389.489895, avg temp 60.384414, final temp 60 ) ------
Loop 11 <line-4128> - Time 0.761489 Total energy consumed 42.847275 Ave. Power Level 56.267756 Memory 14472 MemoryRefresh 426
	-------- Loop 11 (sock 1 consumed 21.587385, avg temp 75.247279, final temp 75 ) ------
	-------- Loop 11 (sock 2 consumed 21.259890, avg temp 60.364388, final temp 60 ) ------
Application(EnergyStat) - Time 451.982310 Total energy consumed 64276.247805 Ave. Power Level 142.209654 Memory 150892973 MemoryRefresh 738270 Final Temperature socket 1 : 74  socket 2 : 60 
	 ParallelApplication(EnergyStat) - Time 451.418085 Total energy consumed 64241.573475 Ave. Power Level 142.310589 Memory 150889447 MemoryRefresh 737342


Elapsed time = 4.576378e+02

Run completed:  
   Problem size        =  120 
   Iteration count     =  2297 
   Final Origin Energy = 2.668283e+05 
   Testing Plane 0 of Energy Array:
        MaxAbsDiff   = 8.731149e-11
        TotalAbsDiff = 3.358477e-09
        MaxRelDiff   = 1.422800e-12



Elapsed time = 6.667260e+01



Elapsed time = 7.348072e+01



Elapsed time = 9.830076e+01



Elapsed time = 7.300707e+01



Elapsed time = 9.356340e+00



Elapsed time = 2.230860e-01



Elapsed time = 1.528411e+01



Elapsed time = 7.539468e+01



Elapsed time = 3.770943e+01



Elapsed time = 2.490188e+00



Elapsed time = 4.927142e+00



Elapsed time = 7.816530e-01


Loop 0 <line-1315> - Time 66.669188 Total energy consumed 11195.331000 Ave. Power Level 167.923615 Memory 53057026 MemoryRefresh 112478
	-------- Loop 0 (sock 1 consumed 5943.377610, avg temp 74.765346, final temp 73 ) ------
	-------- Loop 0 (sock 2 consumed 5251.953390, avg temp 59.630387, final temp 59 ) ------
Loop 1 <line-1345> - Time 73.477303 Total energy consumed 5619.164415 Ave. Power Level 76.474832 Memory 6124987 MemoryRefresh 107530
	-------- Loop 1 (sock 1 consumed 3024.449370, avg temp 71.265999, final temp 70 ) ------
	-------- Loop 1 (sock 2 consumed 2594.715045, avg temp 56.494993, final temp 57 ) ------
Loop 2 <line-2366> - Time 98.296986 Total energy consumed 18382.514265 Ave. Power Level 187.009948 Memory 3377345 MemoryRefresh 170886
	-------- Loop 2 (sock 1 consumed 9654.109155, avg temp 75.315629, final temp 74 ) ------
	-------- Loop 2 (sock 2 consumed 8728.405110, avg temp 60.007401, final temp 60 ) ------
Loop 3 <line-2396> - Time 73.003791 Total energy consumed 5511.879060 Ave. Power Level 75.501271 Memory 74657024 MemoryRefresh 106642
	-------- Loop 3 (sock 1 consumed 2965.474590, avg temp 71.261646, final temp 71 ) ------
	-------- Loop 3 (sock 2 consumed 2546.404470, avg temp 56.558555, final temp 56 ) ------
Loop 4 <line-2447> - Time 9.352722 Total energy consumed 1280.161665 Ave. Power Level 136.875842 Memory 658206 MemoryRefresh 14953
	-------- Loop 4 (sock 1 consumed 686.358525, avg temp 72.191990, final temp 71 ) ------
	-------- Loop 4 (sock 2 consumed 593.803140, avg temp 57.294297, final temp 57 ) ------
Loop 5 <line-2467> - Time 0.221729 Total energy consumed 15.432990 Ave. Power Level 69.602984 Memory 3285 MemoryRefresh 174
	-------- Loop 5 (sock 1 consumed 7.965090, avg temp 72.202003, final temp 71 ) ------
	-------- Loop 5 (sock 2 consumed 7.467900, avg temp 57.297344, final temp 57 ) ------
Loop 6 <line-2521> - Time 15.280936 Total energy consumed 2380.668315 Ave. Power Level 155.793353 Memory 39270885 MemoryRefresh 23338
	-------- Loop 6 (sock 1 consumed 1274.335500, avg temp 73.041358, final temp 73 ) ------
	-------- Loop 6 (sock 2 consumed 1106.332815, avg temp 57.851981, final temp 58 ) ------
Loop 7 <line-3927> - Time 75.391237 Total energy consumed 13136.286240 Ave. Power Level 174.241553 Memory 47884188 MemoryRefresh 131477
	-------- Loop 7 (sock 1 consumed 6915.587970, avg temp 74.832825, final temp 74 ) ------
	-------- Loop 7 (sock 2 consumed 6220.698270, avg temp 59.616021, final temp 59 ) ------
Loop 8 <line-3979> - Time 37.706702 Total energy consumed 6296.250240 Ave. Power Level 166.979607 Memory 53136285 MemoryRefresh 64967
	-------- Loop 8 (sock 1 consumed 3347.269875, avg temp 74.569874, final temp 73 ) ------
	-------- Loop 8 (sock 2 consumed 2948.980365, avg temp 59.541141, final temp 59 ) ------
Loop 9 <line-4001> - Time 2.488739 Total energy consumed 375.133815 Ave. Power Level 150.732484 Memory 133246 MemoryRefresh 4578
	-------- Loop 9 (sock 1 consumed 191.586885, avg temp 74.552024, final temp 74 ) ------
	-------- Loop 9 (sock 2 consumed 183.546930, avg temp 59.491946, final temp 59 ) ------
Loop 10 <line-4067> - Time 4.924451 Total energy consumed 750.736635 Ave. Power Level 152.450831 Memory 313306 MemoryRefresh 8228
	-------- Loop 10 (sock 1 consumed 396.618915, avg temp 74.411842, final temp 74 ) ------
	-------- Loop 10 (sock 2 consumed 354.117720, avg temp 59.338267, final temp 59 ) ------
Loop 11 <line-4128> - Time 0.780235 Total energy consumed 113.550105 Ave. Power Level 145.533198 Memory 38193 MemoryRefresh 1266
	-------- Loop 11 (sock 1 consumed 60.523275, avg temp 74.371354, final temp 74 ) ------
	-------- Loop 11 (sock 2 consumed 53.026830, avg temp 59.319112, final temp 59 ) ------
Application(EnergyStat) - Time 458.127447 Total energy consumed 65091.284865 Ave. Power Level 142.081172 Memory 278656998 MemoryRefresh 747462 Final Temperature socket 1 : 74  socket 2 : 59 
	 ParallelApplication(EnergyStat) - Time 457.594019 Total energy consumed 65057.108745 Ave. Power Level 142.172113 Memory 278653976 MemoryRefresh 746517


Elapsed time = 4.055418e+02

Run completed:  
   Problem size        =  120 
   Iteration count     =  2297 
   Final Origin Energy = 2.668283e+05 
   Testing Plane 0 of Energy Array:
        MaxAbsDiff   = 8.731149e-11
        TotalAbsDiff = 3.358477e-09
        MaxRelDiff   = 1.422800e-12



Elapsed time = 5.018069e+01



Elapsed time = 5.452911e+01



Elapsed time = 9.473515e+01



Elapsed time = 5.413095e+01



Elapsed time = 9.354498e+00



Elapsed time = 2.389060e-01



Elapsed time = 1.526984e+01



Elapsed time = 7.786409e+01



Elapsed time = 4.110108e+01



Elapsed time = 2.444439e+00



Elapsed time = 4.867979e+00



Elapsed time = 8.162930e-01


Loop 0 <line-1315> - Time 50.177886 Total energy consumed 8766.045645 Ave. Power Level 174.699381 Memory 58643680 MemoryRefresh 84333
	-------- Loop 0 (sock 1 consumed 4467.804135, avg temp 77.693078, final temp 79 ) ------
	-------- Loop 0 (sock 2 consumed 4298.241510, avg temp 63.008707, final temp 64 ) ------
Loop 1 <line-1345> - Time 54.526257 Total energy consumed 5530.713300 Ave. Power Level 101.432110 Memory 68812864 MemoryRefresh 84783
	-------- Loop 1 (sock 1 consumed 2751.365730, avg temp 74.276883, final temp 77 ) ------
	-------- Loop 1 (sock 2 consumed 2779.347570, avg temp 60.558555, final temp 62 ) ------
Loop 2 <line-2366> - Time 94.732160 Total energy consumed 17865.862215 Ave. Power Level 188.593422 Memory 3149745 MemoryRefresh 163477
	-------- Loop 2 (sock 1 consumed 9140.802075, avg temp 78.077928, final temp 80 ) ------
	-------- Loop 2 (sock 2 consumed 8725.060140, avg temp 63.310405, final temp 65 ) ------
Loop 3 <line-2396> - Time 54.128269 Total energy consumed 5454.090645 Ave. Power Level 100.762333 Memory 4426526 MemoryRefresh 83133
	-------- Loop 3 (sock 1 consumed 2701.591485, avg temp 74.384850, final temp 77 ) ------
	-------- Loop 3 (sock 2 consumed 2752.499160, avg temp 60.652155, final temp 62 ) ------
Loop 4 <line-2447> - Time 9.350995 Total energy consumed 1388.735850 Ave. Power Level 148.512093 Memory 675611 MemoryRefresh 16191
	-------- Loop 4 (sock 1 consumed 695.730765, avg temp 75.263387, final temp 78 ) ------
	-------- Loop 4 (sock 2 consumed 693.005085, avg temp 61.323901, final temp 63 ) ------
Loop 5 <line-2467> - Time 0.237642 Total energy consumed 44.780610 Ave. Power Level 188.436991 Memory 16046 MemoryRefresh 803
	-------- Loop 5 (sock 1 consumed 23.588760, avg temp 75.274706, final temp 78 ) ------
	-------- Loop 5 (sock 2 consumed 21.191850, avg temp 61.353940, final temp 63 ) ------
Loop 6 <line-2521> - Time 15.266706 Total energy consumed 2373.671325 Ave. Power Level 155.480251 Memory 1109504 MemoryRefresh 22989
	-------- Loop 6 (sock 1 consumed 1185.063495, avg temp 75.766217, final temp 78 ) ------
	-------- Loop 6 (sock 2 consumed 1188.607830, avg temp 61.844145, final temp 63 ) ------
Loop 7 <line-3927> - Time 77.860967 Total energy consumed 13429.891080 Ave. Power Level 172.485542 Memory 2466954 MemoryRefresh 134112
	-------- Loop 7 (sock 1 consumed 6965.150040, avg temp 77.424467, final temp 79 ) ------
	-------- Loop 7 (sock 2 consumed 6464.741040, avg temp 62.770135, final temp 64 ) ------
Loop 8 <line-3979> - Time 41.098125 Total energy consumed 6958.640100 Ave. Power Level 169.317701 Memory 58429679 MemoryRefresh 72039
	-------- Loop 8 (sock 1 consumed 3657.847545, avg temp 77.261646, final temp 79 ) ------
	-------- Loop 8 (sock 2 consumed 3300.792555, avg temp 62.668698, final temp 64 ) ------
Loop 9 <line-4001> - Time 2.442884 Total energy consumed 342.947895 Ave. Power Level 140.386477 Memory 138592 MemoryRefresh 4299
	-------- Loop 9 (sock 1 consumed 181.113555, avg temp 77.249456, final temp 79 ) ------
	-------- Loop 9 (sock 2 consumed 161.834340, avg temp 62.638224, final temp 64 ) ------
Loop 10 <line-4067> - Time 4.864816 Total energy consumed 653.279595 Ave. Power Level 134.286602 Memory 269741 MemoryRefresh 6952
	-------- Loop 10 (sock 1 consumed 339.070020, avg temp 77.192860, final temp 79 ) ------
	-------- Loop 10 (sock 2 consumed 314.209575, avg temp 62.545929, final temp 64 ) ------
Loop 11 <line-4128> - Time 0.814981 Total energy consumed 259.429605 Ave. Power Level 318.325892 Memory 61144228 MemoryRefresh 2900
	-------- Loop 11 (sock 1 consumed 134.379975, avg temp 77.110144, final temp 79 ) ------
	-------- Loop 11 (sock 2 consumed 125.049630, avg temp 62.505877, final temp 64 ) ------
Application(EnergyStat) - Time 406.052431 Total energy consumed 63101.226135 Ave. Power Level 155.401671 Memory 259286854 MemoryRefresh 676921 Final Temperature socket 1 : 79  socket 2 : 64 
	 ParallelApplication(EnergyStat) - Time 405.501688 Total energy consumed 63068.087865 Ave. Power Level 155.531012 Memory 259283170 MemoryRefresh 676011
