

Elapsed time = 5.109898e+02

Run completed:  
   Problem size        =  120 
   Iteration count     =  2297 
   Final Origin Energy = 2.668283e+05 
   Testing Plane 0 of Energy Array:
        MaxAbsDiff   = 8.731149e-11
        TotalAbsDiff = 3.358477e-09
        MaxRelDiff   = 1.422800e-12



Elapsed time = 7.280578e+01



Elapsed time = 6.255372e+01



Elapsed time = 1.266261e+02



Elapsed time = 6.212364e+01



Elapsed time = 9.939887e+00



Elapsed time = 2.518280e-01



Elapsed time = 1.646209e+01



Elapsed time = 1.016785e+02



Elapsed time = 4.918783e+01



Elapsed time = 2.611534e+00



Elapsed time = 5.891698e+00



Elapsed time = 8.461020e-01


Loop 0 <line-1313> - Time 72.802795 Total energy consumed 8684.675415 Ave. Power Level 119.290412 Memory 3783542 MemoryRefresh 122256
	-------- Loop 0 (sock 1 consumed 4599.161790, avg temp 65.402264, final temp 66 ) ------
	-------- Loop 0 (sock 2 consumed 4085.513625, avg temp 52.353069, final temp 52 ) ------
Loop 1 <line-1341> - Time 62.550069 Total energy consumed 6957.920370 Ave. Power Level 111.237613 Memory 6873491435 MemoryRefresh 100324
	-------- Loop 1 (sock 1 consumed 3719.521740, avg temp 65.122333, final temp 65 ) ------
	-------- Loop 1 (sock 2 consumed 3238.398630, avg temp 51.920331, final temp 52 ) ------
Loop 2 <line-2361> - Time 126.622551 Total energy consumed 16271.082645 Ave. Power Level 128.500670 Memory 3535581 MemoryRefresh 214298
	-------- Loop 2 (sock 1 consumed 8494.817940, avg temp 65.631694, final temp 66 ) ------
	-------- Loop 2 (sock 2 consumed 7776.264705, avg temp 52.572486, final temp 54 ) ------
Loop 3 <line-2389> - Time 62.120263 Total energy consumed 6885.176325 Ave. Power Level 110.836239 Memory 4566187 MemoryRefresh 98988
	-------- Loop 3 (sock 1 consumed 3681.515355, avg temp 65.218981, final temp 66 ) ------
	-------- Loop 3 (sock 2 consumed 3203.660970, avg temp 51.975620, final temp 52 ) ------
Loop 4 <line-2440> - Time 9.936440 Total energy consumed 1083.833730 Ave. Power Level 109.076668 Memory 688309 MemoryRefresh 15546
	-------- Loop 4 (sock 1 consumed 575.264505, avg temp 65.136265, final temp 65 ) ------
	-------- Loop 4 (sock 2 consumed 508.569225, avg temp 51.975620, final temp 52 ) ------
Loop 5 <line-2460> - Time 0.250724 Total energy consumed 18.148710 Ave. Power Level 72.385216 Memory 5205 MemoryRefresh 276
	-------- Loop 5 (sock 1 consumed 9.709590, avg temp 65.138877, final temp 65 ) ------
	-------- Loop 5 (sock 2 consumed 8.439120, avg temp 51.973879, final temp 52 ) ------
Loop 6 <line-2514> - Time 16.458639 Total energy consumed 1869.427815 Ave. Power Level 113.583379 Memory 1179022 MemoryRefresh 25384
	-------- Loop 6 (sock 1 consumed 999.725220, avg temp 65.195908, final temp 65 ) ------
	-------- Loop 6 (sock 2 consumed 869.702595, avg temp 51.993470, final temp 52 ) ------
Loop 7 <line-3918> - Time 101.674665 Total energy consumed 12044.252880 Ave. Power Level 118.458742 Memory 2814244 MemoryRefresh 172274
	-------- Loop 7 (sock 1 consumed 6285.304680, avg temp 65.467131, final temp 66 ) ------
	-------- Loop 7 (sock 2 consumed 5758.948200, avg temp 52.346974, final temp 52 ) ------
Loop 8 <line-3968> - Time 49.184273 Total energy consumed 5687.944320 Ave. Power Level 115.645591 Memory 2417591 MemoryRefresh 83140
	-------- Loop 8 (sock 1 consumed 2991.877530, avg temp 65.353940, final temp 65 ) ------
	-------- Loop 8 (sock 2 consumed 2696.066790, avg temp 52.279930, final temp 52 ) ------
Loop 9 <line-3990> - Time 2.610017 Total energy consumed 277.524390 Ave. Power Level 106.330476 Memory 124590 MemoryRefresh 4604
	-------- Loop 9 (sock 1 consumed 141.993030, avg temp 65.307793, final temp 66 ) ------
	-------- Loop 9 (sock 2 consumed 135.531360, avg temp 52.268611, final temp 52 ) ------
Loop 10 <line-4056> - Time 5.888460 Total energy consumed 629.963880 Ave. Power Level 106.982789 Memory 314864 MemoryRefresh 9684
	-------- Loop 10 (sock 1 consumed 333.715950, avg temp 65.249020, final temp 65 ) ------
	-------- Loop 10 (sock 2 consumed 296.247930, avg temp 52.198955, final temp 52 ) ------
Loop 11 <line-4117> - Time 0.844612 Total energy consumed 106.171275 Ave. Power Level 125.704206 Memory 39972 MemoryRefresh 1625
	-------- Loop 11 (sock 1 consumed 56.420175, avg temp 65.225512, final temp 65 ) ------
	-------- Loop 11 (sock 2 consumed 49.751100, avg temp 52.189377, final temp 52 ) ------
Application(EnergyStat) - Time 511.592575 Total energy consumed 60546.219450 Ave. Power Level 118.348511 Memory 6892963953 MemoryRefresh 849384 Final Temperature socket 1 : 66  socket 2 : 52 
	 ParallelApplication(EnergyStat) - Time 510.943508 Total energy consumed 60516.121755 Ave. Power Level 118.439947 Memory 6892960542 MemoryRefresh 848399


Elapsed time = 4.900088e+02

Run completed:  
   Problem size        =  120 
   Iteration count     =  2297 
   Final Origin Energy = 2.668283e+05 
   Testing Plane 0 of Energy Array:
        MaxAbsDiff   = 8.731149e-11
        TotalAbsDiff = 3.358477e-09
        MaxRelDiff   = 1.422800e-12



Elapsed time = 6.659845e+01



Elapsed time = 6.140995e+01



Elapsed time = 1.231207e+02



Elapsed time = 6.114228e+01



Elapsed time = 9.512197e+00



Elapsed time = 2.574530e-01



Elapsed time = 1.600294e+01



Elapsed time = 9.649917e+01



Elapsed time = 4.605028e+01



Elapsed time = 2.657362e+00



Elapsed time = 5.831939e+00



Elapsed time = 9.102770e-01


Loop 0 <line-1313> - Time 66.594359 Total energy consumed 8122.534410 Ave. Power Level 121.970306 Memory 3777466 MemoryRefresh 111612
	-------- Loop 0 (sock 1 consumed 4002.308580, avg temp 65.124946, final temp 65 ) ------
	-------- Loop 0 (sock 2 consumed 4120.225830, avg temp 54.515455, final temp 56 ) ------
Loop 1 <line-1341> - Time 61.405939 Total energy consumed 6795.072075 Ave. Power Level 110.658222 Memory 28584804652 MemoryRefresh 96502
	-------- Loop 1 (sock 1 consumed 3315.650775, avg temp 64.349151, final temp 64 ) ------
	-------- Loop 1 (sock 2 consumed 3479.421300, avg temp 54.170657, final temp 55 ) ------
Loop 2 <line-2361> - Time 123.115998 Total energy consumed 16008.943545 Ave. Power Level 130.031383 Memory 8028772022 MemoryRefresh 208398
	-------- Loop 2 (sock 1 consumed 8019.584640, avg temp 65.397475, final temp 66 ) ------
	-------- Loop 2 (sock 2 consumed 7989.358905, avg temp 54.741402, final temp 55 ) ------
Loop 3 <line-2389> - Time 61.136999 Total energy consumed 6788.218260 Ave. Power Level 111.032899 Memory 4410368 MemoryRefresh 96343
	-------- Loop 3 (sock 1 consumed 3311.391060, avg temp 64.456247, final temp 65 ) ------
	-------- Loop 3 (sock 2 consumed 3476.827200, avg temp 54.254680, final temp 55 ) ------
Loop 4 <line-2440> - Time 9.508058 Total energy consumed 1001.858490 Ave. Power Level 105.369410 Memory 652711 MemoryRefresh 14028
	-------- Loop 4 (sock 1 consumed 490.391265, avg temp 64.458859, final temp 65 ) ------
	-------- Loop 4 (sock 2 consumed 511.467225, avg temp 54.215063, final temp 55 ) ------
Loop 5 <line-2460> - Time 0.255928 Total energy consumed 16.759410 Ave. Power Level 65.484751 Memory 5652 MemoryRefresh 248
	-------- Loop 5 (sock 1 consumed 8.777865, avg temp 64.458424, final temp 65 ) ------
	-------- Loop 5 (sock 2 consumed 7.981545, avg temp 54.222899, final temp 55 ) ------
Loop 6 <line-2514> - Time 15.997656 Total energy consumed 1803.481515 Ave. Power Level 112.734107 Memory 1135892 MemoryRefresh 23973
	-------- Loop 6 (sock 1 consumed 878.212260, avg temp 64.480192, final temp 65 ) ------
	-------- Loop 6 (sock 2 consumed 925.269255, avg temp 54.264258, final temp 55 ) ------
Loop 7 <line-3918> - Time 96.493581 Total energy consumed 11653.418355 Ave. Power Level 120.768846 Memory 2882956 MemoryRefresh 164354
	-------- Loop 7 (sock 1 consumed 5854.199685, avg temp 65.140183, final temp 65 ) ------
	-------- Loop 7 (sock 2 consumed 5799.218670, avg temp 54.558119, final temp 56 ) ------
Loop 8 <line-3968> - Time 46.044912 Total energy consumed 5385.819165 Ave. Power Level 116.968824 Memory 7294197875 MemoryRefresh 77533
	-------- Loop 8 (sock 1 consumed 2682.869250, avg temp 64.969961, final temp 65 ) ------
	-------- Loop 8 (sock 2 consumed 2702.949915, avg temp 54.444057, final temp 55 ) ------
Loop 9 <line-3990> - Time 2.655233 Total energy consumed 295.688685 Ave. Power Level 111.360715 Memory 164691 MemoryRefresh 4652
	-------- Loop 9 (sock 1 consumed 152.741760, avg temp 64.951676, final temp 65 ) ------
	-------- Loop 9 (sock 2 consumed 142.946925, avg temp 54.419242, final temp 55 ) ------
Loop 10 <line-4056> - Time 5.828079 Total energy consumed 611.281155 Ave. Power Level 104.885522 Memory 290799 MemoryRefresh 9316
	-------- Loop 10 (sock 1 consumed 303.200400, avg temp 64.881585, final temp 65 ) ------
	-------- Loop 10 (sock 2 consumed 308.080755, avg temp 54.349586, final temp 56 ) ------
Loop 11 <line-4117> - Time 0.908453 Total energy consumed 76.170225 Ave. Power Level 83.846117 Memory 28363 MemoryRefresh 1230
	-------- Loop 11 (sock 1 consumed 37.562895, avg temp 64.858076, final temp 65 ) ------
	-------- Loop 11 (sock 2 consumed 38.607330, avg temp 54.320853, final temp 56 ) ------
Application(EnergyStat) - Time 490.599912 Total energy consumed 58595.532060 Ave. Power Level 119.436491 Memory 43921128285 MemoryRefresh 809260 Final Temperature socket 1 : 64  socket 2 : 55 
	 ParallelApplication(EnergyStat) - Time 489.945197 Total energy consumed 58559.245290 Ave. Power Level 119.522032 Memory 43921123447 MemoryRefresh 808189


Elapsed time = 5.041682e+02

Run completed:  
   Problem size        =  120 
   Iteration count     =  2297 
   Final Origin Energy = 2.668283e+05 
   Testing Plane 0 of Energy Array:
        MaxAbsDiff   = 8.731149e-11
        TotalAbsDiff = 3.358477e-09
        MaxRelDiff   = 1.422800e-12



Elapsed time = 6.876237e+01



Elapsed time = 6.231788e+01



Elapsed time = 1.260432e+02



Elapsed time = 6.194354e+01



Elapsed time = 9.939560e+00



Elapsed time = 2.572510e-01



Elapsed time = 1.655751e+01



Elapsed time = 1.010838e+02



Elapsed time = 4.891828e+01



Elapsed time = 1.625195e+00



Elapsed time = 5.880028e+00



Elapsed time = 8.274390e-01


Loop 0 <line-1313> - Time 68.758204 Total energy consumed 8273.388480 Ave. Power Level 120.325837 Memory 7969580246 MemoryRefresh 115211
	-------- Loop 0 (sock 1 consumed 4345.890570, avg temp 65.878973, final temp 66 ) ------
	-------- Loop 0 (sock 2 consumed 3927.497910, avg temp 53.884632, final temp 53 ) ------
Loop 1 <line-1341> - Time 62.313754 Total energy consumed 6996.325830 Ave. Power Level 112.275788 Memory 4602319 MemoryRefresh 100514
	-------- Loop 1 (sock 1 consumed 3737.807640, avg temp 65.690030, final temp 66 ) ------
	-------- Loop 1 (sock 2 consumed 3258.518190, avg temp 53.181976, final temp 53 ) ------
Loop 2 <line-2361> - Time 126.038418 Total energy consumed 16195.379910 Ave. Power Level 128.495583 Memory 7323824671 MemoryRefresh 212400
	-------- Loop 2 (sock 1 consumed 8411.731095, avg temp 66.009578, final temp 66 ) ------
	-------- Loop 2 (sock 2 consumed 7783.648815, avg temp 54.077492, final temp 54 ) ------
Loop 3 <line-2389> - Time 61.939192 Total energy consumed 6980.581590 Ave. Power Level 112.700559 Memory 4557467 MemoryRefresh 100066
	-------- Loop 3 (sock 1 consumed 3727.938285, avg temp 65.750980, final temp 66 ) ------
	-------- Loop 3 (sock 2 consumed 3252.643305, avg temp 53.295168, final temp 53 ) ------
Loop 4 <line-2440> - Time 9.935687 Total energy consumed 1015.180335 Ave. Power Level 102.175158 Memory 682708 MemoryRefresh 14436
	-------- Loop 4 (sock 1 consumed 540.402240, avg temp 65.715281, final temp 66 ) ------
	-------- Loop 4 (sock 2 consumed 474.778095, avg temp 53.269482, final temp 53 ) ------
Loop 5 <line-2460> - Time 0.255901 Total energy consumed 14.774040 Ave. Power Level 57.733333 Memory 3702 MemoryRefresh 204
	-------- Loop 5 (sock 1 consumed 8.209095, avg temp 65.720070, final temp 66 ) ------
	-------- Loop 5 (sock 2 consumed 6.564945, avg temp 53.272094, final temp 53 ) ------
Loop 6 <line-2514> - Time 16.553317 Total energy consumed 1935.438585 Ave. Power Level 116.921494 Memory 1181084 MemoryRefresh 26154
	-------- Loop 6 (sock 1 consumed 1032.518925, avg temp 65.759687, final temp 66 ) ------
	-------- Loop 6 (sock 2 consumed 902.919660, avg temp 53.303875, final temp 53 ) ------
Loop 7 <line-3918> - Time 101.079325 Total energy consumed 12011.921250 Ave. Power Level 118.836580 Memory 8045309481 MemoryRefresh 171228
	-------- Loop 7 (sock 1 consumed 6138.747765, avg temp 65.921637, final temp 66 ) ------
	-------- Loop 7 (sock 2 consumed 5873.173485, avg temp 53.816717, final temp 54 ) ------
Loop 8 <line-3968> - Time 48.914307 Total energy consumed 5683.002075 Ave. Power Level 116.182820 Memory 2375686 MemoryRefresh 82714
	-------- Loop 8 (sock 1 consumed 2862.805455, avg temp 65.838485, final temp 66 ) ------
	-------- Loop 8 (sock 2 consumed 2820.196620, avg temp 53.777971, final temp 54 ) ------
Loop 9 <line-3990> - Time 1.623660 Total energy consumed 217.269105 Ave. Power Level 133.814415 Memory 84306 MemoryRefresh 2566
	-------- Loop 9 (sock 1 consumed 111.676470, avg temp 65.834131, final temp 66 ) ------
	-------- Loop 9 (sock 2 consumed 105.592635, avg temp 53.780583, final temp 54 ) ------
Loop 10 <line-4056> - Time 5.876575 Total energy consumed 646.579980 Ave. Power Level 110.026667 Memory 360289 MemoryRefresh 10969
	-------- Loop 10 (sock 1 consumed 321.828765, avg temp 65.777536, final temp 66 ) ------
	-------- Loop 10 (sock 2 consumed 324.751215, avg temp 53.680017, final temp 54 ) ------
Loop 11 <line-4117> - Time 0.826003 Total energy consumed 15.165735 Ave. Power Level 18.360398 Memory 5707 MemoryRefresh 231
	-------- Loop 11 (sock 1 consumed 7.573170, avg temp 65.774924, final temp 66 ) ------
	-------- Loop 11 (sock 2 consumed 7.592565, avg temp 53.678276, final temp 54 ) ------
Application(EnergyStat) - Time 504.783560 Total energy consumed 60016.271115 Ave. Power Level 118.895059 Memory 23352572084 MemoryRefresh 837718 Final Temperature socket 1 : 66  socket 2 : 53 
	 ParallelApplication(EnergyStat) - Time 504.114342 Total energy consumed 59985.006915 Ave. Power Level 118.990875 Memory 23352567666 MemoryRefresh 836693


Elapsed time = 4.960953e+02

Run completed:  
   Problem size        =  120 
   Iteration count     =  2297 
   Final Origin Energy = 2.668283e+05 
   Testing Plane 0 of Energy Array:
        MaxAbsDiff   = 8.731149e-11
        TotalAbsDiff = 3.358477e-09
        MaxRelDiff   = 1.422800e-12



Elapsed time = 6.633957e+01



Elapsed time = 6.143004e+01



Elapsed time = 1.233043e+02



Elapsed time = 6.104838e+01



Elapsed time = 9.471936e+00



Elapsed time = 2.368630e-01



Elapsed time = 1.600150e+01



Elapsed time = 1.013215e+02



Elapsed time = 4.769509e+01



Elapsed time = 2.549840e+00



Elapsed time = 5.814893e+00



Elapsed time = 8.687110e-01


Loop 0 <line-1313> - Time 66.335559 Total energy consumed 8057.139990 Ave. Power Level 121.460347 Memory 3758006 MemoryRefresh 110508
	-------- Loop 0 (sock 1 consumed 3970.470960, avg temp 65.152808, final temp 65 ) ------
	-------- Loop 0 (sock 2 consumed 4086.669030, avg temp 54.727471, final temp 55 ) ------
Loop 1 <line-1341> - Time 61.426336 Total energy consumed 6787.405980 Ave. Power Level 110.496677 Memory 4464135 MemoryRefresh 96513
	-------- Loop 1 (sock 1 consumed 3310.781100, avg temp 64.356552, final temp 65 ) ------
	-------- Loop 1 (sock 2 consumed 3476.624880, avg temp 54.397910, final temp 55 ) ------
Loop 2 <line-2361> - Time 123.299994 Total energy consumed 15939.562395 Ave. Power Level 129.274640 Memory 7267158868 MemoryRefresh 207269
	-------- Loop 2 (sock 1 consumed 7981.087665, avg temp 65.424902, final temp 66 ) ------
	-------- Loop 2 (sock 2 consumed 7958.474730, avg temp 54.991293, final temp 55 ) ------
Loop 3 <line-2389> - Time 61.044516 Total energy consumed 6799.377135 Ave. Power Level 111.383915 Memory 7826190164 MemoryRefresh 96384
	-------- Loop 3 (sock 1 consumed 3314.791500, avg temp 64.481062, final temp 64 ) ------
	-------- Loop 3 (sock 2 consumed 3484.585635, avg temp 54.446670, final temp 54 ) ------
Loop 4 <line-2440> - Time 9.467988 Total energy consumed 994.184325 Ave. Power Level 105.004818 Memory 640314 MemoryRefresh 13905
	-------- Loop 4 (sock 1 consumed 485.054940, avg temp 64.465825, final temp 64 ) ------
	-------- Loop 4 (sock 2 consumed 509.129385, avg temp 54.402699, final temp 54 ) ------
Loop 5 <line-2460> - Time 0.235563 Total energy consumed 8.834520 Ave. Power Level 37.503826 Memory 3009 MemoryRefresh 136
	-------- Loop 5 (sock 1 consumed 4.452375, avg temp 64.463213, final temp 64 ) ------
	-------- Loop 5 (sock 2 consumed 4.382145, avg temp 54.404005, final temp 54 ) ------
Loop 6 <line-2514> - Time 15.996949 Total energy consumed 1854.867930 Ave. Power Level 115.951357 Memory 1132130 MemoryRefresh 23813
	-------- Loop 6 (sock 1 consumed 907.958790, avg temp 64.492381, final temp 64 ) ------
	-------- Loop 6 (sock 2 consumed 946.909140, avg temp 54.475403, final temp 55 ) ------
Loop 7 <line-3918> - Time 101.317660 Total energy consumed 12136.457970 Ave. Power Level 119.786205 Memory 2847391 MemoryRefresh 173502
	-------- Loop 7 (sock 1 consumed 6096.810810, avg temp 65.057466, final temp 66 ) ------
	-------- Loop 7 (sock 2 consumed 6039.647160, avg temp 54.696125, final temp 55 ) ------
Loop 8 <line-3968> - Time 47.691146 Total energy consumed 5435.697480 Ave. Power Level 113.977079 Memory 2415119 MemoryRefresh 78520
	-------- Loop 8 (sock 1 consumed 2715.018510, avg temp 64.953418, final temp 65 ) ------
	-------- Loop 8 (sock 2 consumed 2720.678970, avg temp 54.656944, final temp 55 ) ------
Loop 9 <line-3990> - Time 2.548063 Total energy consumed 281.097675 Ave. Power Level 110.318201 Memory 88483 MemoryRefresh 4596
	-------- Loop 9 (sock 1 consumed 142.791630, avg temp 64.956900, final temp 65 ) ------
	-------- Loop 9 (sock 2 consumed 138.306045, avg temp 54.637353, final temp 55 ) ------
Loop 10 <line-4056> - Time 5.811311 Total energy consumed 615.437100 Ave. Power Level 105.903314 Memory 318641 MemoryRefresh 9214
	-------- Loop 10 (sock 1 consumed 304.359960, avg temp 64.848933, final temp 65 ) ------
	-------- Loop 10 (sock 2 consumed 311.077140, avg temp 54.601654, final temp 55 ) ------
Loop 11 <line-4117> - Time 0.867226 Total energy consumed 246.917340 Ave. Power Level 284.720717 Memory 94809 MemoryRefresh 3902
	-------- Loop 11 (sock 1 consumed 122.201175, avg temp 64.820636, final temp 65 ) ------
	-------- Loop 11 (sock 2 consumed 124.716165, avg temp 54.515890, final temp 55 ) ------
Application(EnergyStat) - Time 496.704661 Total energy consumed 59188.260720 Ave. Power Level 119.161879 Memory 15109114838 MemoryRefresh 819294 Final Temperature socket 1 : 65  socket 2 : 55 
	 ParallelApplication(EnergyStat) - Time 496.042310 Total energy consumed 59156.979840 Ave. Power Level 119.257932 Memory 15109111069 MemoryRefresh 818262


Elapsed time = 4.680472e+02

Run completed:  
   Problem size        =  120 
   Iteration count     =  2297 
   Final Origin Energy = 2.668283e+05 
   Testing Plane 0 of Energy Array:
        MaxAbsDiff   = 8.731149e-11
        TotalAbsDiff = 3.358477e-09
        MaxRelDiff   = 1.422800e-12



Elapsed time = 6.532847e+01



Elapsed time = 4.875082e+01



Elapsed time = 1.244757e+02



Elapsed time = 4.839255e+01



Elapsed time = 1.005209e+01



Elapsed time = 2.491830e-01



Elapsed time = 1.641142e+01



Elapsed time = 9.948774e+01



Elapsed time = 4.564408e+01



Elapsed time = 2.587913e+00



Elapsed time = 5.826814e+00



Elapsed time = 8.281020e-01


Loop 0 <line-1313> - Time 65.325687 Total energy consumed 7971.782700 Ave. Power Level 122.031364 Memory 7328568676 MemoryRefresh 110448
	-------- Loop 0 (sock 1 consumed 4131.457185, avg temp 66.038746, final temp 66 ) ------
	-------- Loop 0 (sock 2 consumed 3840.325515, avg temp 54.330866, final temp 55 ) ------
Loop 1 <line-1341> - Time 48.746583 Total energy consumed 5607.638835 Ave. Power Level 115.036553 Memory 4322421 MemoryRefresh 78026
	-------- Loop 1 (sock 1 consumed 2961.113595, avg temp 65.853722, final temp 66 ) ------
	-------- Loop 1 (sock 2 consumed 2646.525240, avg temp 53.709621, final temp 53 ) ------
Loop 2 <line-2361> - Time 124.471499 Total energy consumed 16169.137185 Ave. Power Level 129.902325 Memory 3393334 MemoryRefresh 211442
	-------- Loop 2 (sock 1 consumed 8333.943360, avg temp 66.121463, final temp 67 ) ------
	-------- Loop 2 (sock 2 consumed 7835.193825, avg temp 54.519808, final temp 54 ) ------
Loop 3 <line-2389> - Time 48.388163 Total energy consumed 5505.163365 Ave. Power Level 113.770869 Memory 6669091189 MemoryRefresh 76190
	-------- Loop 3 (sock 1 consumed 2908.719315, avg temp 65.918589, final temp 66 ) ------
	-------- Loop 3 (sock 2 consumed 2596.444050, avg temp 53.817588, final temp 54 ) ------
Loop 4 <line-2440> - Time 10.047831 Total energy consumed 1112.545815 Ave. Power Level 110.724972 Memory 707189 MemoryRefresh 15744
	-------- Loop 4 (sock 1 consumed 588.799845, avg temp 65.878537, final temp 66 ) ------
	-------- Loop 4 (sock 2 consumed 523.745970, avg temp 53.801480, final temp 54 ) ------
Loop 5 <line-2460> - Time 0.247862 Total energy consumed 11.094165 Ave. Power Level 44.759443 Memory 2243 MemoryRefresh 137
	-------- Loop 5 (sock 1 consumed 6.082815, avg temp 65.882020, final temp 66 ) ------
	-------- Loop 5 (sock 2 consumed 5.011350, avg temp 53.799303, final temp 54 ) ------
Loop 6 <line-2514> - Time 16.407271 Total energy consumed 1861.868265 Ave. Power Level 113.478244 Memory 1160812 MemoryRefresh 25110
	-------- Loop 6 (sock 1 consumed 994.730370, avg temp 65.902917, final temp 66 ) ------
	-------- Loop 6 (sock 2 consumed 867.137895, avg temp 53.818894, final temp 54 ) ------
Loop 7 <line-3918> - Time 99.483314 Total energy consumed 11893.081890 Ave. Power Level 119.548510 Memory 15398112795 MemoryRefresh 168296
	-------- Loop 7 (sock 1 consumed 6047.002185, avg temp 66.037005, final temp 66 ) ------
	-------- Loop 7 (sock 2 consumed 5846.079705, avg temp 54.282978, final temp 54 ) ------
Loop 8 <line-3968> - Time 45.639988 Total energy consumed 5402.430735 Ave. Power Level 118.370555 Memory 2424232 MemoryRefresh 77730
	-------- Loop 8 (sock 1 consumed 2689.439640, avg temp 65.971702, final temp 66 ) ------
	-------- Loop 8 (sock 2 consumed 2712.991095, avg temp 54.178058, final temp 54 ) ------
Loop 9 <line-3990> - Time 2.586335 Total energy consumed 290.973540 Ave. Power Level 112.504205 Memory 157617 MemoryRefresh 4324
	-------- Loop 9 (sock 1 consumed 149.890980, avg temp 65.969961, final temp 66 ) ------
	-------- Loop 9 (sock 2 consumed 141.082560, avg temp 54.155420, final temp 54 ) ------
Loop 10 <line-4056> - Time 5.823219 Total energy consumed 607.328730 Ave. Power Level 104.294339 Memory 304046 MemoryRefresh 9631
	-------- Loop 10 (sock 1 consumed 301.761900, avg temp 65.897693, final temp 66 ) ------
	-------- Loop 10 (sock 2 consumed 305.566830, avg temp 54.087941, final temp 54 ) ------
Loop 11 <line-4117> - Time 0.826625 Total energy consumed 35.066130 Ave. Power Level 42.420827 Memory 8868 MemoryRefresh 376
	-------- Loop 11 (sock 1 consumed 18.217695, avg temp 65.900305, final temp 66 ) ------
	-------- Loop 11 (sock 2 consumed 16.848435, avg temp 54.090118, final temp 54 ) ------
Application(EnergyStat) - Time 468.662413 Total energy consumed 56498.913480 Ave. Power Level 120.553541 Memory 29408257264 MemoryRefresh 778468 Final Temperature socket 1 : 66  socket 2 : 54 
	 ParallelApplication(EnergyStat) - Time 467.994376 Total energy consumed 56468.111355 Ave. Power Level 120.659807 Memory 29408253422 MemoryRefresh 777454
