

Elapsed time = 5.786571e+02

Run completed:  
   Problem size        =  120 
   Iteration count     =  2297 
   Final Origin Energy = 2.668283e+05 
   Testing Plane 0 of Energy Array:
        MaxAbsDiff   = 8.731149e-11
        TotalAbsDiff = 3.358477e-09
        MaxRelDiff   = 1.422800e-12



Elapsed time = 8.135571e+01



Elapsed time = 6.419810e+01



Elapsed time = 1.490802e+02



Elapsed time = 6.396093e+01



Elapsed time = 1.036100e+01



Elapsed time = 2.525100e-01



Elapsed time = 1.752196e+01



Elapsed time = 1.206205e+02



Elapsed time = 6.070699e+01



Elapsed time = 2.720779e+00



Elapsed time = 6.842785e+00



Elapsed time = 1.022634e+00


Loop 0 <line-1313> - Time 81.351154 Total energy consumed 8004.879150 Ave. Power Level 98.399086 Memory 3690904 MemoryRefresh 133969
	-------- Loop 0 (sock 1 consumed 4225.153635, avg temp 56.714410, final temp 57 ) ------
	-------- Loop 0 (sock 2 consumed 3779.725515, avg temp 47.043535, final temp 47 ) ------
Loop 1 <line-1341> - Time 64.193086 Total energy consumed 6003.166380 Ave. Power Level 93.517337 Memory 33952575188 MemoryRefresh 100838
	-------- Loop 1 (sock 1 consumed 3208.624305, avg temp 56.425773, final temp 58 ) ------
	-------- Loop 1 (sock 2 consumed 2794.542075, avg temp 46.533740, final temp 47 ) ------
Loop 2 <line-2361> - Time 149.075450 Total energy consumed 15728.202495 Ave. Power Level 105.504981 Memory 3748760 MemoryRefresh 248332
	-------- Loop 2 (sock 1 consumed 8179.899795, avg temp 56.919460, final temp 58 ) ------
	-------- Loop 2 (sock 2 consumed 7548.302700, avg temp 47.208098, final temp 47 ) ------
Loop 3 <line-2389> - Time 63.956013 Total energy consumed 6004.050240 Ave. Power Level 93.877807 Memory 4867014 MemoryRefresh 100820
	-------- Loop 3 (sock 1 consumed 3206.622810, avg temp 56.510231, final temp 57 ) ------
	-------- Loop 3 (sock 2 consumed 2797.427430, avg temp 46.616456, final temp 46 ) ------
Loop 4 <line-2440> - Time 10.356146 Total energy consumed 845.603520 Ave. Power Level 81.652336 Memory 692791 MemoryRefresh 14100
	-------- Loop 4 (sock 1 consumed 451.536420, avg temp 56.463213, final temp 57 ) ------
	-------- Loop 4 (sock 2 consumed 394.067100, avg temp 46.624728, final temp 47 ) ------
Loop 5 <line-2460> - Time 0.250800 Total energy consumed 5.461815 Ave. Power Level 21.777572 Memory 1610 MemoryRefresh 96
	-------- Loop 5 (sock 1 consumed 2.560695, avg temp 56.466696, final temp 57 ) ------
	-------- Loop 5 (sock 2 consumed 2.901120, avg temp 46.626034, final temp 47 ) ------
Loop 6 <line-2514> - Time 17.516980 Total energy consumed 1717.571055 Ave. Power Level 98.051780 Memory 1238687 MemoryRefresh 27444
	-------- Loop 6 (sock 1 consumed 916.442010, avg temp 56.567262, final temp 57 ) ------
	-------- Loop 6 (sock 2 consumed 801.129045, avg temp 46.660862, final temp 47 ) ------
Loop 7 <line-3918> - Time 120.616033 Total energy consumed 11807.632560 Ave. Power Level 97.894386 Memory 3045289 MemoryRefresh 202168
	-------- Loop 7 (sock 1 consumed 6133.181550, avg temp 56.737919, final temp 58 ) ------
	-------- Loop 7 (sock 2 consumed 5674.451010, avg temp 47.014367, final temp 46 ) ------
Loop 8 <line-3968> - Time 60.702767 Total energy consumed 5761.381125 Ave. Power Level 94.911342 Memory 2649255 MemoryRefresh 101082
	-------- Loop 8 (sock 1 consumed 3010.941945, avg temp 56.613844, final temp 57 ) ------
	-------- Loop 8 (sock 2 consumed 2750.439180, avg temp 46.959077, final temp 46 ) ------
Loop 9 <line-3990> - Time 2.718669 Total energy consumed 233.009535 Ave. Power Level 85.707219 Memory 167342 MemoryRefresh 4596
	-------- Loop 9 (sock 1 consumed 119.672610, avg temp 56.602960, final temp 57 ) ------
	-------- Loop 9 (sock 2 consumed 113.336925, avg temp 46.970396, final temp 47 ) ------
Loop 10 <line-4056> - Time 6.838217 Total energy consumed 556.051155 Ave. Power Level 81.315223 Memory 275590 MemoryRefresh 10090
	-------- Loop 10 (sock 1 consumed 292.976160, avg temp 56.577710, final temp 58 ) ------
	-------- Loop 10 (sock 2 consumed 263.074995, avg temp 46.892904, final temp 46 ) ------
Loop 11 <line-4117> - Time 1.020848 Total energy consumed 189.876660 Ave. Power Level 185.998969 Memory 83194 MemoryRefresh 3656
	-------- Loop 11 (sock 1 consumed 101.161005, avg temp 56.534610, final temp 57 ) ------
	-------- Loop 11 (sock 2 consumed 88.715655, avg temp 46.869830, final temp 46 ) ------
Application(EnergyStat) - Time 579.323961 Total energy consumed 56888.069415 Ave. Power Level 98.197336 Memory 33973039274 MemoryRefresh 948282 Final Temperature socket 1 : 57  socket 2 : 47 
	 ParallelApplication(EnergyStat) - Time 578.596162 Total energy consumed 56856.885690 Ave. Power Level 98.266960 Memory 33973035624 MemoryRefresh 947191


Elapsed time = 5.781673e+02

Run completed:  
   Problem size        =  120 
   Iteration count     =  2297 
   Final Origin Energy = 2.668283e+05 
   Testing Plane 0 of Energy Array:
        MaxAbsDiff   = 8.731149e-11
        TotalAbsDiff = 3.358477e-09
        MaxRelDiff   = 1.422800e-12



Elapsed time = 8.175039e+01



Elapsed time = 6.361494e+01



Elapsed time = 1.496984e+02



Elapsed time = 6.318687e+01



Elapsed time = 1.058044e+01



Elapsed time = 2.695920e-01



Elapsed time = 1.744773e+01



Elapsed time = 1.205446e+02



Elapsed time = 6.034025e+01



Elapsed time = 2.736572e+00



Elapsed time = 7.024943e+00



Elapsed time = 9.592470e-01


Loop 0 <line-1313> - Time 81.746867 Total energy consumed 8140.000170 Ave. Power Level 99.575683 Memory 3728211 MemoryRefresh 136696
	-------- Loop 0 (sock 1 consumed 4292.448210, avg temp 56.819765, final temp 57 ) ------
	-------- Loop 0 (sock 2 consumed 3847.551960, avg temp 46.730953, final temp 47 ) ------
Loop 1 <line-1341> - Time 63.610204 Total energy consumed 5887.958325 Ave. Power Level 92.563110 Memory 7979895146 MemoryRefresh 98693
	-------- Loop 1 (sock 1 consumed 3149.766495, avg temp 56.551589, final temp 57 ) ------
	-------- Loop 1 (sock 2 consumed 2738.191830, avg temp 46.250327, final temp 47 ) ------
Loop 2 <line-2361> - Time 149.693585 Total energy consumed 15861.360000 Ave. Power Level 105.958849 Memory 8592353272 MemoryRefresh 250402
	-------- Loop 2 (sock 1 consumed 8242.621695, avg temp 57.033522, final temp 57 ) ------
	-------- Loop 2 (sock 2 consumed 7618.738305, avg temp 46.907270, final temp 47 ) ------
Loop 3 <line-2389> - Time 63.181577 Total energy consumed 5834.770545 Ave. Power Level 92.349239 Memory 9129601113 MemoryRefresh 97524
	-------- Loop 3 (sock 1 consumed 3121.033905, avg temp 56.619068, final temp 57 ) ------
	-------- Loop 3 (sock 2 consumed 2713.736640, avg temp 46.320418, final temp 46 ) ------
Loop 4 <line-2440> - Time 10.575266 Total energy consumed 1019.974350 Ave. Power Level 96.449047 Memory 736764 MemoryRefresh 17207
	-------- Loop 4 (sock 1 consumed 540.111480, avg temp 56.585546, final temp 56 ) ------
	-------- Loop 4 (sock 2 consumed 479.862870, avg temp 46.335220, final temp 46 ) ------
Loop 5 <line-2460> - Time 0.267890 Total energy consumed 8.447790 Ave. Power Level 31.534541 Memory 2343 MemoryRefresh 141
	-------- Loop 5 (sock 1 consumed 4.443270, avg temp 56.584676, final temp 56 ) ------
	-------- Loop 5 (sock 2 consumed 4.004520, avg temp 46.336526, final temp 46 ) ------
Loop 6 <line-2514> - Time 17.442766 Total energy consumed 1646.229975 Ave. Power Level 94.378950 Memory 1206508 MemoryRefresh 26322
	-------- Loop 6 (sock 1 consumed 879.628560, avg temp 56.672616, final temp 56 ) ------
	-------- Loop 6 (sock 2 consumed 766.601415, avg temp 46.360906, final temp 46 ) ------
Loop 7 <line-3918> - Time 120.539466 Total energy consumed 11751.844245 Ave. Power Level 97.493747 Memory 3028485 MemoryRefresh 200826
	-------- Loop 7 (sock 1 consumed 6110.955540, avg temp 56.846321, final temp 57 ) ------
	-------- Loop 7 (sock 2 consumed 5640.888705, avg temp 46.733130, final temp 47 ) ------
Loop 8 <line-3968> - Time 60.335342 Total energy consumed 5731.204830 Ave. Power Level 94.989183 Memory 2639785 MemoryRefresh 100300
	-------- Loop 8 (sock 1 consumed 3009.231915, avg temp 56.751850, final temp 57 ) ------
	-------- Loop 8 (sock 2 consumed 2721.972915, avg temp 46.648672, final temp 46 ) ------
Loop 9 <line-3990> - Time 2.734557 Total energy consumed 234.799095 Ave. Power Level 85.863654 Memory 129044 MemoryRefresh 4594
	-------- Loop 9 (sock 1 consumed 118.995885, avg temp 56.724423, final temp 57 ) ------
	-------- Loop 9 (sock 2 consumed 115.803210, avg temp 46.642577, final temp 46 ) ------
Loop 10 <line-4056> - Time 7.020157 Total energy consumed 668.464815 Ave. Power Level 95.220773 Memory 352114 MemoryRefresh 12308
	-------- Loop 10 (sock 1 consumed 353.760345, avg temp 56.664780, final temp 56 ) ------
	-------- Loop 10 (sock 2 consumed 314.704470, avg temp 46.554201, final temp 46 ) ------
Loop 11 <line-4117> - Time 0.957461 Total energy consumed 46.112595 Ave. Power Level 48.161340 Memory 14072 MemoryRefresh 636
	-------- Loop 11 (sock 1 consumed 25.026390, avg temp 56.664780, final temp 56 ) ------
	-------- Loop 11 (sock 2 consumed 21.086205, avg temp 46.545059, final temp 46 ) ------
Application(EnergyStat) - Time 578.874720 Total energy consumed 56862.352725 Ave. Power Level 98.229117 Memory 25713690550 MemoryRefresh 946802 Final Temperature socket 1 : 56  socket 2 : 47 
	 ParallelApplication(EnergyStat) - Time 578.105140 Total energy consumed 56831.166735 Ave. Power Level 98.305936 Memory 25713686857 MemoryRefresh 945649


Elapsed time = 5.545959e+02

Run completed:  
   Problem size        =  120 
   Iteration count     =  2297 
   Final Origin Energy = 2.668283e+05 
   Testing Plane 0 of Energy Array:
        MaxAbsDiff   = 8.731149e-11
        TotalAbsDiff = 3.358477e-09
        MaxRelDiff   = 1.422800e-12



Elapsed time = 7.613793e+01



Elapsed time = 6.267218e+01



Elapsed time = 1.457348e+02



Elapsed time = 6.235891e+01



Elapsed time = 1.001047e+01



Elapsed time = 2.566090e-01



Elapsed time = 1.684889e+01



Elapsed time = 1.150958e+02



Elapsed time = 5.503402e+01



Elapsed time = 2.641639e+00



Elapsed time = 6.866026e+00



Elapsed time = 9.241630e-01


Loop 0 <line-1313> - Time 76.133324 Total energy consumed 7721.573310 Ave. Power Level 101.421729 Memory 3748630 MemoryRefresh 127508
	-------- Loop 0 (sock 1 consumed 3779.870505, avg temp 55.809316, final temp 56 ) ------
	-------- Loop 0 (sock 2 consumed 3941.702805, avg temp 47.871136, final temp 48 ) ------
Loop 1 <line-1341> - Time 62.667537 Total energy consumed 5810.176665 Ave. Power Level 92.714297 Memory 4636324 MemoryRefresh 96487
	-------- Loop 1 (sock 1 consumed 2804.059635, avg temp 55.117545, final temp 56 ) ------
	-------- Loop 1 (sock 2 consumed 3006.117030, avg temp 47.671746, final temp 47 ) ------
Loop 2 <line-2361> - Time 145.729259 Total energy consumed 15508.743090 Ave. Power Level 106.421615 Memory 8586337469 MemoryRefresh 243164
	-------- Loop 2 (sock 1 consumed 7732.870860, avg temp 55.920766, final temp 56 ) ------
	-------- Loop 2 (sock 2 consumed 7775.872230, avg temp 47.942534, final temp 48 ) ------
Loop 3 <line-2389> - Time 62.354217 Total energy consumed 5800.852125 Ave. Power Level 93.030630 Memory 4582659 MemoryRefresh 95507
	-------- Loop 3 (sock 1 consumed 2799.700515, avg temp 55.188507, final temp 55 ) ------
	-------- Loop 3 (sock 2 consumed 3001.151610, avg temp 47.722682, final temp 48 ) ------
Loop 4 <line-2440> - Time 10.005810 Total energy consumed 863.443260 Ave. Power Level 86.294190 Memory 697371 MemoryRefresh 14897
	-------- Loop 4 (sock 1 consumed 418.046565, avg temp 55.194602, final temp 55 ) ------
	-------- Loop 4 (sock 2 consumed 445.396695, avg temp 47.708751, final temp 48 ) ------
Loop 5 <line-2460> - Time 0.255213 Total energy consumed 8.919195 Ave. Power Level 34.948089 Memory 5755 MemoryRefresh 286
	-------- Loop 5 (sock 1 consumed 4.271670, avg temp 55.194166, final temp 55 ) ------
	-------- Loop 5 (sock 2 consumed 4.647525, avg temp 47.706574, final temp 48 ) ------
Loop 6 <line-2514> - Time 16.844247 Total energy consumed 1667.647620 Ave. Power Level 99.003989 Memory 1203701 MemoryRefresh 25608
	-------- Loop 6 (sock 1 consumed 807.577650, avg temp 55.257292, final temp 55 ) ------
	-------- Loop 6 (sock 2 consumed 860.069970, avg temp 47.743143, final temp 48 ) ------
Loop 7 <line-3918> - Time 115.090598 Total energy consumed 11289.928005 Ave. Power Level 98.096006 Memory 3049779 MemoryRefresh 192154
	-------- Loop 7 (sock 1 consumed 5642.836320, avg temp 55.777536, final temp 55 ) ------
	-------- Loop 7 (sock 2 consumed 5647.091685, avg temp 47.885938, final temp 48 ) ------
Loop 8 <line-3968> - Time 55.029427 Total energy consumed 5324.383245 Ave. Power Level 96.755201 Memory 8484044257 MemoryRefresh 91791
	-------- Loop 8 (sock 1 consumed 2645.983275, avg temp 55.600348, final temp 55 ) ------
	-------- Loop 8 (sock 2 consumed 2678.399970, avg temp 47.834567, final temp 48 ) ------
Loop 9 <line-3990> - Time 2.639650 Total energy consumed 233.539050 Ave. Power Level 88.473505 Memory 126309 MemoryRefresh 3806
	-------- Loop 9 (sock 1 consumed 115.977675, avg temp 55.582499, final temp 55 ) ------
	-------- Loop 9 (sock 2 consumed 117.561375, avg temp 47.813670, final temp 48 ) ------
Loop 10 <line-4056> - Time 6.862429 Total energy consumed 551.896680 Ave. Power Level 80.422936 Memory 332985 MemoryRefresh 11057
	-------- Loop 10 (sock 1 consumed 271.838085, avg temp 55.508489, final temp 55 ) ------
	-------- Loop 10 (sock 2 consumed 280.058595, avg temp 47.776230, final temp 48 ) ------
Loop 11 <line-4117> - Time 0.922494 Total energy consumed 53.459640 Ave. Power Level 57.951176 Memory 16419 MemoryRefresh 752
	-------- Loop 11 (sock 1 consumed 26.387835, avg temp 55.504571, final temp 55 ) ------
	-------- Loop 11 (sock 2 consumed 27.071805, avg temp 47.766652, final temp 48 ) ------
Application(EnergyStat) - Time 555.289332 Total energy consumed 54867.634560 Ave. Power Level 98.809092 Memory 17088787534 MemoryRefresh 904220 Final Temperature socket 1 : 55  socket 2 : 48 
	 ParallelApplication(EnergyStat) - Time 554.534204 Total energy consumed 54834.561885 Ave. Power Level 98.884003 Memory 17088781658 MemoryRefresh 903017


Elapsed time = 5.592460e+02

Run completed:  
   Problem size        =  120 
   Iteration count     =  2297 
   Final Origin Energy = 2.668283e+05 
   Testing Plane 0 of Energy Array:
        MaxAbsDiff   = 8.731149e-11
        TotalAbsDiff = 3.358477e-09
        MaxRelDiff   = 1.422800e-12



Elapsed time = 7.589457e+01



Elapsed time = 6.260542e+01



Elapsed time = 1.454410e+02



Elapsed time = 6.231428e+01



Elapsed time = 9.925663e+00



Elapsed time = 2.698380e-01



Elapsed time = 1.677485e+01



Elapsed time = 1.191213e+02



Elapsed time = 5.626971e+01



Elapsed time = 2.692585e+00



Elapsed time = 7.015517e+00



Elapsed time = 9.064460e-01


Loop 0 <line-1313> - Time 75.890434 Total energy consumed 7586.197140 Ave. Power Level 99.962495 Memory 3730271 MemoryRefresh 124715
	-------- Loop 0 (sock 1 consumed 3706.761750, avg temp 55.583805, final temp 56 ) ------
	-------- Loop 0 (sock 2 consumed 3879.435390, avg temp 47.817588, final temp 48 ) ------
Loop 1 <line-1341> - Time 62.600892 Total energy consumed 5809.392405 Ave. Power Level 92.800473 Memory 16752155002 MemoryRefresh 96486
	-------- Loop 1 (sock 1 consumed 2799.625455, avg temp 54.887680, final temp 55 ) ------
	-------- Loop 1 (sock 2 consumed 3009.766950, avg temp 47.549412, final temp 47 ) ------
Loop 2 <line-2361> - Time 145.436300 Total energy consumed 15500.954475 Ave. Power Level 106.582432 Memory 3772217 MemoryRefresh 243154
	-------- Loop 2 (sock 1 consumed 7721.395665, avg temp 55.708315, final temp 56 ) ------
	-------- Loop 2 (sock 2 consumed 7779.558810, avg temp 47.904223, final temp 48 ) ------
Loop 3 <line-2389> - Time 62.309600 Total energy consumed 5810.803620 Ave. Power Level 93.256957 Memory 4579525 MemoryRefresh 96278
	-------- Loop 3 (sock 1 consumed 2800.659885, avg temp 54.994340, final temp 55 ) ------
	-------- Loop 3 (sock 2 consumed 3010.143735, avg temp 47.625599, final temp 47 ) ------
Loop 4 <line-2440> - Time 9.921291 Total energy consumed 842.286705 Ave. Power Level 84.896884 Memory 674094 MemoryRefresh 14059
	-------- Loop 4 (sock 1 consumed 406.467810, avg temp 54.972138, final temp 55 ) ------
	-------- Loop 4 (sock 2 consumed 435.818895, avg temp 47.602090, final temp 48 ) ------
Loop 5 <line-2460> - Time 0.268494 Total energy consumed 10.271955 Ave. Power Level 38.257607 Memory 4150 MemoryRefresh 190
	-------- Loop 5 (sock 1 consumed 5.310045, avg temp 54.969961, final temp 55 ) ------
	-------- Loop 5 (sock 2 consumed 4.961910, avg temp 47.599042, final temp 48 ) ------
Loop 6 <line-2514> - Time 16.770162 Total energy consumed 1703.489535 Ave. Power Level 101.578599 Memory 8362988980 MemoryRefresh 26789
	-------- Loop 6 (sock 1 consumed 823.889880, avg temp 55.010013, final temp 54 ) ------
	-------- Loop 6 (sock 2 consumed 879.599655, avg temp 47.662603, final temp 48 ) ------
Loop 7 <line-3918> - Time 119.116997 Total energy consumed 11604.332490 Ave. Power Level 97.419619 Memory 9455842005 MemoryRefresh 198274
	-------- Loop 7 (sock 1 consumed 5794.043070, avg temp 55.456683, final temp 56 ) ------
	-------- Loop 7 (sock 2 consumed 5810.289420, avg temp 47.784937, final temp 48 ) ------
Loop 8 <line-3968> - Time 56.264895 Total energy consumed 5337.657270 Ave. Power Level 94.866564 Memory 17836679983 MemoryRefresh 92428
	-------- Loop 8 (sock 1 consumed 2643.316200, avg temp 55.377013, final temp 55 ) ------
	-------- Loop 8 (sock 2 consumed 2694.341070, avg temp 47.725729, final temp 48 ) ------
Loop 9 <line-3990> - Time 2.690899 Total energy consumed 231.964050 Ave. Power Level 86.203170 Memory 116486 MemoryRefresh 4564
	-------- Loop 9 (sock 1 consumed 116.022525, avg temp 55.369177, final temp 56 ) ------
	-------- Loop 9 (sock 2 consumed 115.941525, avg temp 47.729647, final temp 48 ) ------
Loop 10 <line-4056> - Time 7.011206 Total energy consumed 701.201955 Ave. Power Level 100.011597 Memory 363018 MemoryRefresh 12766
	-------- Loop 10 (sock 1 consumed 343.503525, avg temp 55.270353, final temp 55 ) ------
	-------- Loop 10 (sock 2 consumed 357.698430, avg temp 47.659121, final temp 47 ) ------
Loop 11 <line-4117> - Time 0.904940 Total energy consumed 37.865190 Ave. Power Level 41.842747 Memory 15129 MemoryRefresh 687
	-------- Loop 11 (sock 1 consumed 18.718260, avg temp 55.261210, final temp 55 ) ------
	-------- Loop 11 (sock 2 consumed 19.146930, avg temp 47.649108, final temp 47 ) ------
Application(EnergyStat) - Time 559.951003 Total energy consumed 55207.711350 Ave. Power Level 98.593825 Memory 52420924539 MemoryRefresh 911534 Final Temperature socket 1 : 55  socket 2 : 47 
	 ParallelApplication(EnergyStat) - Time 559.186112 Total energy consumed 55176.416790 Ave. Power Level 98.672724 Memory 52420920860 MemoryRefresh 910390


Elapsed time = 5.722820e+02

Run completed:  
   Problem size        =  120 
   Iteration count     =  2297 
   Final Origin Energy = 2.668283e+05 
   Testing Plane 0 of Energy Array:
        MaxAbsDiff   = 8.731149e-11
        TotalAbsDiff = 3.358477e-09
        MaxRelDiff   = 1.422800e-12



Elapsed time = 7.978784e+01



Elapsed time = 6.370941e+01



Elapsed time = 1.488550e+02



Elapsed time = 6.321585e+01



Elapsed time = 1.063180e+01



Elapsed time = 2.745670e-01



Elapsed time = 1.732091e+01



Elapsed time = 1.202437e+02



Elapsed time = 5.791710e+01



Elapsed time = 2.512176e+00



Elapsed time = 6.946280e+00



Elapsed time = 8.518560e-01


Loop 0 <line-1313> - Time 79.783380 Total energy consumed 7951.407270 Ave. Power Level 99.662452 Memory 3587329 MemoryRefresh 132808
	-------- Loop 0 (sock 1 consumed 4169.687385, avg temp 56.591641, final temp 57 ) ------
	-------- Loop 0 (sock 2 consumed 3781.719885, avg temp 46.781019, final temp 47 ) ------
Loop 1 <line-1341> - Time 63.704654 Total energy consumed 5923.030980 Ave. Power Level 92.976424 Memory 4898399 MemoryRefresh 99410
	-------- Loop 1 (sock 1 consumed 3163.816275, avg temp 56.278624, final temp 56 ) ------
	-------- Loop 1 (sock 2 consumed 2759.214705, avg temp 46.285155, final temp 46 ) ------
Loop 2 <line-2361> - Time 148.849942 Total energy consumed 15774.193440 Ave. Power Level 105.973797 Memory 3672796 MemoryRefresh 248742
	-------- Loop 2 (sock 1 consumed 8174.400075, avg temp 56.748803, final temp 57 ) ------
	-------- Loop 2 (sock 2 consumed 7599.793365, avg temp 46.946017, final temp 46 ) ------
Loop 3 <line-2389> - Time 63.210810 Total energy consumed 5843.085300 Ave. Power Level 92.438070 Memory 4850189 MemoryRefresh 97606
	-------- Loop 3 (sock 1 consumed 3121.907580, avg temp 56.370483, final temp 57 ) ------
	-------- Loop 3 (sock 2 consumed 2721.177720, avg temp 46.350892, final temp 46 ) ------
Loop 4 <line-2440> - Time 10.627242 Total energy consumed 1019.707350 Ave. Power Level 95.952213 Memory 734795 MemoryRefresh 17180
	-------- Loop 4 (sock 1 consumed 539.432850, avg temp 56.329125, final temp 57 ) ------
	-------- Loop 4 (sock 2 consumed 480.274500, avg temp 46.337832, final temp 46 ) ------
Loop 5 <line-2460> - Time 0.273050 Total energy consumed 4.717395 Ave. Power Level 17.276650 Memory 1399 MemoryRefresh 86
	-------- Loop 5 (sock 1 consumed 2.467530, avg temp 56.327384, final temp 57 ) ------
	-------- Loop 5 (sock 2 consumed 2.249865, avg temp 46.336091, final temp 46 ) ------
Loop 6 <line-2514> - Time 17.316196 Total energy consumed 1634.682345 Ave. Power Level 94.401930 Memory 1194295 MemoryRefresh 26072
	-------- Loop 6 (sock 1 consumed 873.949230, avg temp 56.399216, final temp 57 ) ------
	-------- Loop 6 (sock 2 consumed 760.733115, avg temp 46.401393, final temp 47 ) ------
Loop 7 <line-3918> - Time 120.238682 Total energy consumed 11729.674245 Ave. Power Level 97.553250 Memory 8318966887 MemoryRefresh 200480
	-------- Loop 7 (sock 1 consumed 6069.788490, avg temp 56.596865, final temp 58 ) ------
	-------- Loop 7 (sock 2 consumed 5659.885755, avg temp 46.738790, final temp 47 ) ------
Loop 8 <line-3968> - Time 57.912206 Total energy consumed 5542.316580 Ave. Power Level 95.702046 Memory 2571666 MemoryRefresh 96475
	-------- Loop 8 (sock 1 consumed 2866.581870, avg temp 56.489334, final temp 57 ) ------
	-------- Loop 8 (sock 2 consumed 2675.734710, avg temp 46.686548, final temp 47 ) ------
Loop 9 <line-3990> - Time 2.509980 Total energy consumed 229.621110 Ave. Power Level 91.483254 Memory 119491 MemoryRefresh 4473
	-------- Loop 9 (sock 1 consumed 117.590895, avg temp 56.479756, final temp 58 ) ------
	-------- Loop 9 (sock 2 consumed 112.030215, avg temp 46.664345, final temp 46 ) ------
Loop 10 <line-4056> - Time 6.942351 Total energy consumed 635.699415 Ave. Power Level 91.568318 Memory 332254 MemoryRefresh 11706
	-------- Loop 10 (sock 1 consumed 331.754595, avg temp 56.431432, final temp 57 ) ------
	-------- Loop 10 (sock 2 consumed 303.944820, avg temp 46.587723, final temp 47 ) ------
Loop 11 <line-4117> - Time 0.850067 Total energy consumed 61.697445 Ave. Power Level 72.579509 Memory 24067 MemoryRefresh 1065
	-------- Loop 11 (sock 1 consumed 32.954055, avg temp 56.411406, final temp 57 ) ------
	-------- Loop 11 (sock 2 consumed 28.743390, avg temp 46.581628, final temp 47 ) ------
Application(EnergyStat) - Time 572.995616 Total energy consumed 56381.639775 Ave. Power Level 98.398030 Memory 8340957403 MemoryRefresh 937252 Final Temperature socket 1 : 57  socket 2 : 46 
	 ParallelApplication(EnergyStat) - Time 572.218561 Total energy consumed 56349.832875 Ave. Power Level 98.476066 Memory 8340953567 MemoryRefresh 936103
