Memory used: 1.29297
Loading 32-bit binary file: pnnl.bin, numvertices: 2361670, numEdges: 191402826
File read time: 1.66202
Before allocating graph
Allocated graph: 0x17b9550
Processing edges for vertex: 0, range(0, 166)
Processing edges for vertex: 100000, range(58444108, 58444133)
Processing edges for vertex: 200000, range(84376057, 84376362)
Processing edges for vertex: 300000, range(106069163, 106069503)
Processing edges for vertex: 400000, range(122097114, 122097513)
Processing edges for vertex: 500000, range(135096418, 135096483)
Processing edges for vertex: 600000, range(146097008, 146097061)
Processing edges for vertex: 700000, range(155415410, 155415531)
Processing edges for vertex: 800000, range(162595900, 162595989)
Processing edges for vertex: 900000, range(168508374, 168508464)
Processing edges for vertex: 1000000, range(173203321, 173203442)
Processing edges for vertex: 1100000, range(176935100, 176935110)
Processing edges for vertex: 1200000, range(179876260, 179876270)
Processing edges for vertex: 1300000, range(182240081, 182240092)
Processing edges for vertex: 1400000, range(184224513, 184224521)
Processing edges for vertex: 1500000, range(185795161, 185795170)
Processing edges for vertex: 1600000, range(187104124, 187104130)
Processing edges for vertex: 1700000, range(188148455, 188148461)
Processing edges for vertex: 1800000, range(188997836, 188997842)
Processing edges for vertex: 1900000, range(189691532, 189691535)
Processing edges for vertex: 2000000, range(190254658, 190254660)
Processing edges for vertex: 2100000, range(190705814, 190705822)
Processing edges for vertex: 2200000, range(191052755, 191052764)
Processing edges for vertex: 2300000, range(191302662, 191302663)
Graph populate time: 7.64587
Total I/O time: 9.30792
Running on: 16 threads
Loaded graph from file: pnnl.bin
Memory used: 2949.09
Maximum degree for the graph: 5520
Iteration: 0, conflicts: 42
Iteration: 1, conflicts: 5
Iteration: 2, conflicts: 2
Iteration: 3, conflicts: 1
Iteration: 4, conflicts: 0
Total number of colors used: 1187
Total number of conflicts overall: 0
Number of rounds: 5
SUCCESS: No conflicts found
Coloring time: 0.652049
Memory used: 2949.09
Number of reordered colors: 992
End position for large colors: 0, node count: 550458, largest: 550458
Node count cutoff: 472334
e_xx: 1.21175e+08, a2_x: 6.6234e+11, currMod: 0.63307
e_xx: 1.62457e+08, a2_x: 6.02001e+11, currMod: 0.848756
e_xx: 1.69001e+08, a2_x: 5.31781e+11, currMod: 0.882943
e_xx: 1.71637e+08, a2_x: 5.38346e+11, currMod: 0.896715
e_xx: 1.73123e+08, a2_x: 5.12829e+11, currMod: 0.904479
currMod: 0.896715, prevMod: -1
Louvain time: 6.27366
numClusters: 204532, time: 0.10025
Next phase: 2
Memory used: 2949.09
End Structure 1300841 204532 vs 2804373
Build next level time: 3.17264
Iteration time: 9.54983
Memory used: 2949.09
e_xx: 1.69062e+08, a2_x: 5.14543e+11, currMod: 0.902435
e_xx: 1.7984e+08, a2_x: 3.11828e+11, currMod: 0.959971
e_xx: 1.77627e+08, a2_x: 3.16734e+11, currMod: 0.948158
currMod: 0.959971, prevMod: 0.896715
Louvain time: 0.730109
numClusters: 98653, time: 0.021758
Next phase: 3
Memory used: 2949.09
End Structure 941346 98653 vs 1981225
Build next level time: 0.199988
Iteration time: 0.952742
Memory used: 2949.09
e_xx: 1.7984e+08, a2_x: 3.1158e+11, currMod: 0.959972
e_xx: 1.82815e+08, a2_x: 2.33444e+11, currMod: 0.975856
e_xx: 1.83394e+08, a2_x: 1.70586e+11, currMod: 0.978945
e_xx: 1.83561e+08, a2_x: 1.43489e+11, currMod: 0.979838
e_xx: 1.83604e+08, a2_x: 1.4089e+11, currMod: 0.98007
e_xx: 1.83685e+08, a2_x: 1.32963e+11, currMod: 0.9805
e_xx: 1.83747e+08, a2_x: 1.42059e+11, currMod: 0.980831
e_xx: 1.83765e+08, a2_x: 1.49746e+11, currMod: 0.980928
e_xx: 1.83772e+08, a2_x: 1.30515e+11, currMod: 0.980966
e_xx: 1.83774e+08, a2_x: 1.38902e+11, currMod: 0.980977
e_xx: 1.83775e+08, a2_x: 1.275e+11, currMod: 0.980984
e_xx: 1.83776e+08, a2_x: 1.39718e+11, currMod: 0.980986
e_xx: 1.83772e+08, a2_x: 1.27392e+11, currMod: 0.980965
currMod: 0.980986, prevMod: 0.959971
Louvain time: 1.84863
numClusters: 27447, time: 0.006874
Next phase: 4
Memory used: 2949.09
End Structure 222989 27447 vs 473425
Build next level time: 0.158235
Iteration time: 2.01417
Memory used: 2949.09
e_xx: 1.83776e+08, a2_x: 1.41335e+11, currMod: 0.980962
e_xx: 1.84012e+08, a2_x: 4.13379e+10, currMod: 0.982228
e_xx: 1.84032e+08, a2_x: 3.55902e+10, currMod: 0.982335
e_xx: 1.84032e+08, a2_x: 3.52998e+10, currMod: 0.982333
currMod: 0.982335, prevMod: 0.980986
Louvain time: 0.242825
numClusters: 22765, time: 0.003451
Next phase: 5
Memory used: 2949.09
End Structure 110060 22765 vs 242885
Build next level time: 0.038439
Iteration time: 0.285124
Memory used: 2949.09
e_xx: 1.84032e+08, a2_x: 3.48887e+10, currMod: 0.98233
e_xx: 1.84108e+08, a2_x: 2.41407e+10, currMod: 0.982733
e_xx: 1.84071e+08, a2_x: 1.80559e+10, currMod: 0.982535
currMod: 0.982733, prevMod: 0.982335
Louvain time: 0.104274
numClusters: 22160, time: 0.002987
Next phase: 6
Memory used: 2949.09
End Structure 84444 22160 vs 191048
Build next level time: 0.027658
Iteration time: 0.135152
Memory used: 2949.09
e_xx: 1.84108e+08, a2_x: 2.5692e+10, currMod: 0.982733
e_xx: 1.84111e+08, a2_x: 1.48125e+10, currMod: 0.982751
e_xx: 1.84112e+08, a2_x: 1.82905e+10, currMod: 0.982753
e_xx: 1.84112e+08, a2_x: 1.44241e+10, currMod: 0.982755
e_xx: 1.84113e+08, a2_x: 2.42033e+10, currMod: 0.982759
e_xx: 1.84112e+08, a2_x: 1.79563e+10, currMod: 0.982754
currMod: 0.982759, prevMod: 0.982733
Louvain time: 0.168304
numClusters: 21991, time: 0.002932
Next phase: 7
Memory used: 2949.09
End Structure 68174 21991 vs 158339
Build next level time: 0.022172
Iteration time: 0.193619
Memory used: 2949.09
e_xx: 1.84113e+08, a2_x: 2.40007e+10, currMod: 0.982758
e_xx: 1.84113e+08, a2_x: 1.29278e+10, currMod: 0.982759
currMod: 0.982759, prevMod: 0.982759
Louvain time: 0.044853
numClusters: 21991, time: 0.002894
Maximum degree for the graph: 477
Iteration: 0, conflicts: 0
Total number of colors used: 177
Total number of conflicts overall: 0
Number of rounds: 1
SUCCESS: No conflicts found
Number of reordered colors: 174
End position for large colors: 0, node count: 21584, largest: 21584
Node count cutoff: 4399
e_xx: 1.84113e+08, a2_x: 1.29278e+10, currMod: 0.982759
End Structure 67363 21981 vs 156707
currMod: 0.982759, prevMod: 0.982759
numClusters: 21981
Total iteration time: 13.1306

Loop 0 <line-37> - Time 0.000581 Total energy consumed 0.000000 Ave. Power Level 0.000000
	-------- Loop 0 (sock 1 consumed 0.000000, avg temp 47.000000, final temp 48 ) ------
	-------- Loop 0 (sock 2 consumed 0.000000, avg temp 41.000000, final temp 42 ) ------
Loop 1 <line-54> - Time 0.000337 Total energy consumed 0.000000 Ave. Power Level 0.000000
	-------- Loop 1 (sock 1 consumed 0.000000, avg temp 47.500000, final temp 48 ) ------
	-------- Loop 1 (sock 2 consumed 0.000000, avg temp 40.500000, final temp 42 ) ------
Loop 2 <line-76> - Time 0.000391 Total energy consumed 0.000000 Ave. Power Level 0.000000
	-------- Loop 2 (sock 1 consumed 0.000000, avg temp 47.500000, final temp 48 ) ------
	-------- Loop 2 (sock 2 consumed 0.000000, avg temp 40.500000, final temp 42 ) ------
Loop 3 <line-170> - Time 0.384378 Total energy consumed 28.898670 Ave. Power Level 75.182869
	-------- Loop 3 (sock 1 consumed 14.601855, avg temp 47.166667, final temp 48 ) ------
	-------- Loop 3 (sock 2 consumed 14.296815, avg temp 40.333333, final temp 42 ) ------
Loop 4 <line-192> - Time 0.000240 Total energy consumed 0.000000 Ave. Power Level 0.000000
	-------- Loop 4 (sock 1 consumed 0.000000, avg temp 47.500000, final temp 48 ) ------
	-------- Loop 4 (sock 2 consumed 0.000000, avg temp 41.000000, final temp 42 ) ------
Loop 5 <line-222> - Time 0.162410 Total energy consumed 12.398550 Ave. Power Level 76.341025
	-------- Loop 5 (sock 1 consumed 4.822815, avg temp 47.000000, final temp 48 ) ------
	-------- Loop 5 (sock 2 consumed 7.575735, avg temp 41.500000, final temp 42 ) ------
Loop 6 <line-115> - Time 0.001932 Total energy consumed 0.000000 Ave. Power Level 0.000000
	-------- Loop 6 (sock 1 consumed 0.000000, avg temp 47.571429, final temp 47 ) ------
	-------- Loop 6 (sock 2 consumed 0.000000, avg temp 41.000000, final temp 41 ) ------
Loop 7 <line-334> - Time 0.337222 Total energy consumed 21.665130 Ave. Power Level 64.245944
	-------- Loop 7 (sock 1 consumed 9.823065, avg temp 47.750000, final temp 48 ) ------
	-------- Loop 7 (sock 2 consumed 11.842065, avg temp 41.500000, final temp 42 ) ------
Loop 8 <line-353> - Time 0.000479 Total energy consumed 0.000000 Ave. Power Level 0.000000
	-------- Loop 8 (sock 1 consumed 0.000000, avg temp 47.750000, final temp 48 ) ------
	-------- Loop 8 (sock 2 consumed 0.000000, avg temp 41.500000, final temp 42 ) ------
Loop 9 <line-375> - Time 0.000736 Total energy consumed 0.000000 Ave. Power Level 0.000000
	-------- Loop 9 (sock 1 consumed 0.000000, avg temp 47.875000, final temp 48 ) ------
	-------- Loop 9 (sock 2 consumed 0.000000, avg temp 41.500000, final temp 42 ) ------
Loop 10 <line-85> - Time 0.126141 Total energy consumed 16.319100 Ave. Power Level 129.372221
	-------- Loop 10 (sock 1 consumed 8.299560, avg temp 48.750000, final temp 49 ) ------
	-------- Loop 10 (sock 2 consumed 8.019540, avg temp 42.250000, final temp 42 ) ------
Loop 11 <line-131> - Time 0.002438 Total energy consumed 0.277080 Ave. Power Level 113.651838
	-------- Loop 11 (sock 1 consumed 0.141075, avg temp 49.000000, final temp 49 ) ------
	-------- Loop 11 (sock 2 consumed 0.136005, avg temp 42.500000, final temp 42 ) ------
Loop 12 <line-167> - Time 0.151984 Total energy consumed 19.471875 Ave. Power Level 128.117720
	-------- Loop 12 (sock 1 consumed 9.882705, avg temp 49.000000, final temp 49 ) ------
	-------- Loop 12 (sock 2 consumed 9.589170, avg temp 43.000000, final temp 43 ) ------
Loop 13 <line-213> - Time 3.627693 Total energy consumed 489.765990 Ave. Power Level 135.007568
	-------- Loop 13 (sock 1 consumed 250.493520, avg temp 51.666667, final temp 49 ) ------
	-------- Loop 13 (sock 2 consumed 239.272470, avg temp 46.000000, final temp 43 ) ------
Loop 14 <line-99> - Time 3.259353 Total energy consumed 248.037750 Ave. Power Level 76.100300
	-------- Loop 14 (sock 1 consumed 130.446285, avg temp 48.142857, final temp 48 ) ------
	-------- Loop 14 (sock 2 consumed 117.591465, avg temp 41.428571, final temp 42 ) ------
Loop 15 <line-160> - Time 0.106833 Total energy consumed 8.723400 Ave. Power Level 81.654285
	-------- Loop 15 (sock 1 consumed 4.351770, avg temp 48.428571, final temp 49 ) ------
	-------- Loop 15 (sock 2 consumed 4.371630, avg temp 41.571429, final temp 43 ) ------
Loop 16 <line-269> - Time 3.118263 Total energy consumed 191.988330 Ave. Power Level 61.568994
	-------- Loop 16 (sock 1 consumed 91.485990, avg temp 47.000000, final temp 47 ) ------
	-------- Loop 16 (sock 2 consumed 100.502340, avg temp 41.483871, final temp 41 ) ------
Loop 17 <line-300> - Time 0.001619 Total energy consumed 0.053445 Ave. Power Level 33.011179
	-------- Loop 17 (sock 1 consumed 0.022005, avg temp 46.840000, final temp 46 ) ------
	-------- Loop 17 (sock 2 consumed 0.031440, avg temp 41.680000, final temp 41 ) ------
Loop 18 <line-147> - Time 0.000395 Total energy consumed 0.000000 Ave. Power Level 0.000000
	-------- Loop 18 (sock 1 consumed 0.000000, avg temp 48.000000, final temp 48 ) ------
	-------- Loop 18 (sock 2 consumed 0.000000, avg temp 42.000000, final temp 42 ) ------
Application(EnergyStat) - Time 23.177542 Total energy consumed 1733.097570 Ave. Power Level 74.774866 Final Temperature socket 1 : 48  socket 2 : 43 
