Memory used: 1.28906
Loading 32-bit binary file: pnnl.bin, numvertices: 2361670, numEdges: 191402826
File read time: 1.65914
Before allocating graph
Allocated graph: 0x1753550
Processing edges for vertex: 0, range(0, 166)
Processing edges for vertex: 100000, range(58444108, 58444133)
Processing edges for vertex: 200000, range(84376057, 84376362)
Processing edges for vertex: 300000, range(106069163, 106069503)
Processing edges for vertex: 400000, range(122097114, 122097513)
Processing edges for vertex: 500000, range(135096418, 135096483)
Processing edges for vertex: 600000, range(146097008, 146097061)
Processing edges for vertex: 700000, range(155415410, 155415531)
Processing edges for vertex: 800000, range(162595900, 162595989)
Processing edges for vertex: 900000, range(168508374, 168508464)
Processing edges for vertex: 1000000, range(173203321, 173203442)
Processing edges for vertex: 1100000, range(176935100, 176935110)
Processing edges for vertex: 1200000, range(179876260, 179876270)
Processing edges for vertex: 1300000, range(182240081, 182240092)
Processing edges for vertex: 1400000, range(184224513, 184224521)
Processing edges for vertex: 1500000, range(185795161, 185795170)
Processing edges for vertex: 1600000, range(187104124, 187104130)
Processing edges for vertex: 1700000, range(188148455, 188148461)
Processing edges for vertex: 1800000, range(188997836, 188997842)
Processing edges for vertex: 1900000, range(189691532, 189691535)
Processing edges for vertex: 2000000, range(190254658, 190254660)
Processing edges for vertex: 2100000, range(190705814, 190705822)
Processing edges for vertex: 2200000, range(191052755, 191052764)
Processing edges for vertex: 2300000, range(191302662, 191302663)
Graph populate time: 7.64733
Total I/O time: 9.3065
Running on: 16 threads
Loaded graph from file: pnnl.bin
Memory used: 2949.09
Maximum degree for the graph: 5520
Iteration: 0, conflicts: 48
Iteration: 1, conflicts: 11
Iteration: 2, conflicts: 6
Iteration: 3, conflicts: 4
Iteration: 4, conflicts: 1
Iteration: 5, conflicts: 0
Total number of colors used: 1188
Total number of conflicts overall: 0
Number of rounds: 6
SUCCESS: No conflicts found
Coloring time: 0.661329
Memory used: 2949.09
Number of reordered colors: 1016
End position for large colors: 0, node count: 550351, largest: 550351
Node count cutoff: 472334
e_xx: 1.16428e+08, a2_x: 6.33865e+11, currMod: 0.608269
e_xx: 1.60838e+08, a2_x: 5.90661e+11, currMod: 0.840294
e_xx: 1.68378e+08, a2_x: 5.1602e+11, currMod: 0.879688
e_xx: 1.71647e+08, a2_x: 5.03954e+11, currMod: 0.896768
e_xx: 1.73227e+08, a2_x: 4.75733e+11, currMod: 0.905025
currMod: 0.896768, prevMod: -1
Louvain time: 6.29994
numClusters: 202720, time: 0.112366
Next phase: 2
Memory used: 2949.09
End Structure 1235319 202720 vs 2671260
Build next level time: 3.13083
Iteration time: 9.5468
Memory used: 2949.09
e_xx: 1.68979e+08, a2_x: 4.77479e+11, currMod: 0.902894
e_xx: 1.79796e+08, a2_x: 3.23787e+11, currMod: 0.960696
e_xx: 1.81159e+08, a2_x: 2.3806e+11, currMod: 0.967982
e_xx: 1.82377e+08, a2_x: 2.48381e+11, currMod: 0.97449
e_xx: 1.82477e+08, a2_x: 2.62743e+11, currMod: 0.975023
e_xx: 1.82556e+08, a2_x: 2.6142e+11, currMod: 0.975447
e_xx: 1.82566e+08, a2_x: 2.66553e+11, currMod: 0.975499
e_xx: 1.82613e+08, a2_x: 2.66457e+11, currMod: 0.975754
e_xx: 1.82604e+08, a2_x: 2.82756e+11, currMod: 0.975705
currMod: 0.975754, prevMod: 0.896768
Louvain time: 1.83445
numClusters: 50240, time: 0.015782
Next phase: 3
Memory used: 2949.09
End Structure 481709 50240 vs 1013653
Build next level time: 0.199637
Iteration time: 2.05047
Memory used: 2949.09
e_xx: 1.82613e+08, a2_x: 2.64175e+11, currMod: 0.975747
e_xx: 1.83566e+08, a2_x: 1.04494e+11, currMod: 0.980845
e_xx: 1.83613e+08, a2_x: 9.11242e+10, currMod: 0.981097
e_xx: 1.83719e+08, a2_x: 6.6918e+10, currMod: 0.981664
e_xx: 1.83648e+08, a2_x: 5.25683e+10, currMod: 0.981284
currMod: 0.981664, prevMod: 0.975754
Louvain time: 0.508175
numClusters: 25251, time: 0.00488
Next phase: 4
Memory used: 2949.09
End Structure 165924 25251 vs 357099
Build next level time: 0.063755
Iteration time: 0.577268
Memory used: 2949.09
e_xx: 1.83719e+08, a2_x: 6.89668e+10, currMod: 0.981646
e_xx: 1.83929e+08, a2_x: 4.83367e+10, currMod: 0.982768
e_xx: 1.83957e+08, a2_x: 6.46525e+10, currMod: 0.982915
e_xx: 1.83957e+08, a2_x: 7.61015e+10, currMod: 0.982918
e_xx: 1.83959e+08, a2_x: 5.4071e+10, currMod: 0.982927
e_xx: 1.83958e+08, a2_x: 6.27241e+10, currMod: 0.982922
currMod: 0.982927, prevMod: 0.981664
Louvain time: 0.274612
numClusters: 22141, time: 0.003232
Next phase: 5
Memory used: 2949.09
End Structure 83798 22141 vs 189737
Build next level time: 0.028303
Iteration time: 0.306562
Memory used: 2949.09
e_xx: 1.83959e+08, a2_x: 5.41966e+10, currMod: 0.982923
e_xx: 1.83963e+08, a2_x: 5.67326e+10, currMod: 0.982945
e_xx: 1.83962e+08, a2_x: 5.04524e+10, currMod: 0.982944
currMod: 0.982945, prevMod: 0.982927
Louvain time: 0.087259
numClusters: 22008, time: 0.002911
Next phase: 6
Memory used: 2949.09
End Structure 75140 22008 vs 172288
Build next level time: 0.024811
Iteration time: 0.115267
Memory used: 2949.09
e_xx: 1.83963e+08, a2_x: 5.47197e+10, currMod: 0.982945
e_xx: 1.83963e+08, a2_x: 5.66469e+10, currMod: 0.982946
e_xx: 1.83963e+08, a2_x: 5.52361e+10, currMod: 0.982946
currMod: 0.982946, prevMod: 0.982945
Louvain time: 0.074462
numClusters: 21980, time: 0.002889
Next phase: 7
Memory used: 2949.09
End Structure 73128 21980 vs 168236
Build next level time: 0.024297
Iteration time: 0.101908
Memory used: 2949.09
e_xx: 1.83963e+08, a2_x: 5.66469e+10, currMod: 0.982946
e_xx: 1.83963e+08, a2_x: 5.66469e+10, currMod: 0.982946
currMod: 0.982946, prevMod: 0.982946
Louvain time: 0.048782
numClusters: 21980, time: 0.002906
Maximum degree for the graph: 474
Iteration: 0, conflicts: 0
Total number of colors used: 174
Total number of conflicts overall: 0
Number of rounds: 1
SUCCESS: No conflicts found
Number of reordered colors: 171
End position for large colors: 0, node count: 21550, largest: 21550
Node count cutoff: 4396
e_xx: 1.83963e+08, a2_x: 5.66469e+10, currMod: 0.982946
End Structure 73128 21980 vs 168236
currMod: 0.982946, prevMod: 0.982946
numClusters: 21980
Total iteration time: 12.6983

Loop 0 <line-37> - Time 0.000557 Total energy consumed 0.000000 Ave. Power Level 0.000000
	-------- Loop 0 (sock 1 consumed 0.000000, avg temp 49.000000, final temp 49 ) ------
	-------- Loop 0 (sock 2 consumed 0.000000, avg temp 41.500000, final temp 42 ) ------
Loop 1 <line-54> - Time 0.000314 Total energy consumed 0.000000 Ave. Power Level 0.000000
	-------- Loop 1 (sock 1 consumed 0.000000, avg temp 49.000000, final temp 49 ) ------
	-------- Loop 1 (sock 2 consumed 0.000000, avg temp 41.500000, final temp 43 ) ------
Loop 2 <line-76> - Time 0.000353 Total energy consumed 0.000000 Ave. Power Level 0.000000
	-------- Loop 2 (sock 1 consumed 0.000000, avg temp 49.000000, final temp 49 ) ------
	-------- Loop 2 (sock 2 consumed 0.000000, avg temp 41.500000, final temp 43 ) ------
Loop 3 <line-170> - Time 0.382639 Total energy consumed 29.033370 Ave. Power Level 75.876699
	-------- Loop 3 (sock 1 consumed 14.132460, avg temp 49.000000, final temp 49 ) ------
	-------- Loop 3 (sock 2 consumed 14.900910, avg temp 43.857143, final temp 43 ) ------
Loop 4 <line-192> - Time 0.000232 Total energy consumed 0.000000 Ave. Power Level 0.000000
	-------- Loop 4 (sock 1 consumed 0.000000, avg temp 49.000000, final temp 49 ) ------
	-------- Loop 4 (sock 2 consumed 0.000000, avg temp 43.500000, final temp 43 ) ------
Loop 5 <line-222> - Time 0.173336 Total energy consumed 12.695625 Ave. Power Level 73.243019
	-------- Loop 5 (sock 1 consumed 4.707240, avg temp 49.000000, final temp 49 ) ------
	-------- Loop 5 (sock 2 consumed 7.988385, avg temp 43.500000, final temp 43 ) ------
Loop 6 <line-115> - Time 0.002157 Total energy consumed 0.252735 Ave. Power Level 117.168757
	-------- Loop 6 (sock 1 consumed 0.164550, avg temp 49.142857, final temp 50 ) ------
	-------- Loop 6 (sock 2 consumed 0.088185, avg temp 42.000000, final temp 42 ) ------
Loop 7 <line-334> - Time 0.304412 Total energy consumed 20.142885 Ave. Power Level 66.169888
	-------- Loop 7 (sock 1 consumed 9.763845, avg temp 48.875000, final temp 49 ) ------
	-------- Loop 7 (sock 2 consumed 10.379040, avg temp 42.375000, final temp 43 ) ------
Loop 8 <line-353> - Time 0.000483 Total energy consumed 0.000000 Ave. Power Level 0.000000
	-------- Loop 8 (sock 1 consumed 0.000000, avg temp 48.875000, final temp 49 ) ------
	-------- Loop 8 (sock 2 consumed 0.000000, avg temp 42.375000, final temp 43 ) ------
Loop 9 <line-375> - Time 0.000698 Total energy consumed 0.000000 Ave. Power Level 0.000000
	-------- Loop 9 (sock 1 consumed 0.000000, avg temp 48.875000, final temp 49 ) ------
	-------- Loop 9 (sock 2 consumed 0.000000, avg temp 42.375000, final temp 43 ) ------
Loop 10 <line-85> - Time 0.127352 Total energy consumed 16.634055 Ave. Power Level 130.614357
	-------- Loop 10 (sock 1 consumed 8.370225, avg temp 49.500000, final temp 49 ) ------
	-------- Loop 10 (sock 2 consumed 8.263830, avg temp 43.250000, final temp 43 ) ------
Loop 11 <line-131> - Time 0.002381 Total energy consumed 0.335040 Ave. Power Level 140.700926
	-------- Loop 11 (sock 1 consumed 0.137385, avg temp 50.000000, final temp 49 ) ------
	-------- Loop 11 (sock 2 consumed 0.197655, avg temp 43.000000, final temp 43 ) ------
Loop 12 <line-167> - Time 0.148455 Total energy consumed 19.329585 Ave. Power Level 130.204906
	-------- Loop 12 (sock 1 consumed 9.877155, avg temp 50.000000, final temp 49 ) ------
	-------- Loop 12 (sock 2 consumed 9.452430, avg temp 43.500000, final temp 43 ) ------
Loop 13 <line-213> - Time 3.678789 Total energy consumed 494.161875 Ave. Power Level 134.327308
	-------- Loop 13 (sock 1 consumed 250.820115, avg temp 53.333333, final temp 50 ) ------
	-------- Loop 13 (sock 2 consumed 243.341760, avg temp 46.000000, final temp 43 ) ------
Loop 14 <line-99> - Time 3.172453 Total energy consumed 229.181235 Ave. Power Level 72.241025
	-------- Loop 14 (sock 1 consumed 110.801490, avg temp 49.714286, final temp 50 ) ------
	-------- Loop 14 (sock 2 consumed 118.379745, avg temp 41.571429, final temp 41 ) ------
Loop 15 <line-160> - Time 0.090101 Total energy consumed 7.451190 Ave. Power Level 82.697901
	-------- Loop 15 (sock 1 consumed 3.711780, avg temp 49.428571, final temp 50 ) ------
	-------- Loop 15 (sock 2 consumed 3.739410, avg temp 42.428571, final temp 43 ) ------
Loop 16 <line-269> - Time 2.810097 Total energy consumed 173.508675 Ave. Power Level 61.744730
	-------- Loop 16 (sock 1 consumed 81.401175, avg temp 48.571429, final temp 49 ) ------
	-------- Loop 16 (sock 2 consumed 92.107500, avg temp 41.750000, final temp 41 ) ------
Loop 17 <line-300> - Time 0.001788 Total energy consumed 0.087045 Ave. Power Level 48.683648
	-------- Loop 17 (sock 1 consumed 0.064155, avg temp 48.772727, final temp 48 ) ------
	-------- Loop 17 (sock 2 consumed 0.022890, avg temp 41.545455, final temp 41 ) ------
Loop 18 <line-147> - Time 0.000407 Total energy consumed 0.000000 Ave. Power Level 0.000000
	-------- Loop 18 (sock 1 consumed 0.000000, avg temp 49.000000, final temp 49 ) ------
	-------- Loop 18 (sock 2 consumed 0.000000, avg temp 42.000000, final temp 42 ) ------
Application(EnergyStat) - Time 22.760993 Total energy consumed 1698.232050 Ave. Power Level 74.611511 Final Temperature socket 1 : 49  socket 2 : 42 
