Memory used: 1.28906
Loading 32-bit binary file: pnnl.bin, numvertices: 2361670, numEdges: 191402826
File read time: 1.65801
Before allocating graph
Allocated graph: 0xa0f550
Processing edges for vertex: 0, range(0, 166)
Processing edges for vertex: 100000, range(58444108, 58444133)
Processing edges for vertex: 200000, range(84376057, 84376362)
Processing edges for vertex: 300000, range(106069163, 106069503)
Processing edges for vertex: 400000, range(122097114, 122097513)
Processing edges for vertex: 500000, range(135096418, 135096483)
Processing edges for vertex: 600000, range(146097008, 146097061)
Processing edges for vertex: 700000, range(155415410, 155415531)
Processing edges for vertex: 800000, range(162595900, 162595989)
Processing edges for vertex: 900000, range(168508374, 168508464)
Processing edges for vertex: 1000000, range(173203321, 173203442)
Processing edges for vertex: 1100000, range(176935100, 176935110)
Processing edges for vertex: 1200000, range(179876260, 179876270)
Processing edges for vertex: 1300000, range(182240081, 182240092)
Processing edges for vertex: 1400000, range(184224513, 184224521)
Processing edges for vertex: 1500000, range(185795161, 185795170)
Processing edges for vertex: 1600000, range(187104124, 187104130)
Processing edges for vertex: 1700000, range(188148455, 188148461)
Processing edges for vertex: 1800000, range(188997836, 188997842)
Processing edges for vertex: 1900000, range(189691532, 189691535)
Processing edges for vertex: 2000000, range(190254658, 190254660)
Processing edges for vertex: 2100000, range(190705814, 190705822)
Processing edges for vertex: 2200000, range(191052755, 191052764)
Processing edges for vertex: 2300000, range(191302662, 191302663)
Graph populate time: 7.63051
Total I/O time: 9.28856
Running on: 16 threads
Loaded graph from file: pnnl.bin
Memory used: 2949.09
Maximum degree for the graph: 5520
Iteration: 0, conflicts: 63
Iteration: 1, conflicts: 15
Iteration: 2, conflicts: 7
Iteration: 3, conflicts: 3
Iteration: 4, conflicts: 1
Iteration: 5, conflicts: 0
Total number of colors used: 1192
Total number of conflicts overall: 0
Number of rounds: 6
SUCCESS: No conflicts found
Coloring time: 0.608687
Memory used: 2949.09
Number of reordered colors: 1013
End position for large colors: 0, node count: 550540, largest: 550540
Node count cutoff: 472334
e_xx: 1.23597e+08, a2_x: 6.5551e+11, currMod: 0.645727
e_xx: 1.66334e+08, a2_x: 5.98166e+11, currMod: 0.869007
e_xx: 1.72662e+08, a2_x: 6.02991e+11, currMod: 0.902072
e_xx: 1.75387e+08, a2_x: 5.68032e+11, currMod: 0.916311
e_xx: 1.76696e+08, a2_x: 5.53304e+11, currMod: 0.923149
currMod: 0.916311, prevMod: -1
Louvain time: 6.12462
numClusters: 204005, time: 0.113074
Next phase: 2
Memory used: 2949.09
End Structure 1289480 204005 vs 2781095
Build next level time: 4.686
Iteration time: 10.9274
Memory used: 2949.09
e_xx: 1.57253e+08, a2_x: 5.52961e+11, currMod: 0.914493
e_xx: 1.65473e+08, a2_x: 3.3762e+11, currMod: 0.962306
e_xx: 1.66736e+08, a2_x: 2.92998e+11, currMod: 0.969653
e_xx: 1.67135e+08, a2_x: 3.22186e+11, currMod: 0.97197
e_xx: 1.67252e+08, a2_x: 2.996e+11, currMod: 0.972652
e_xx: 1.67364e+08, a2_x: 2.78809e+11, currMod: 0.973308
e_xx: 1.67368e+08, a2_x: 2.74963e+11, currMod: 0.97333
e_xx: 1.67435e+08, a2_x: 2.91873e+11, currMod: 0.973717
e_xx: 1.67411e+08, a2_x: 2.73571e+11, currMod: 0.973581
currMod: 0.973717, prevMod: 0.916311
Louvain time: 1.91678
numClusters: 52219, time: 0.016128
Next phase: 3
Memory used: 2949.09
End Structure 509974 52219 vs 1072156
Build next level time: 0.201573
Iteration time: 2.13513
Memory used: 2949.09
e_xx: 1.67435e+08, a2_x: 2.92281e+11, currMod: 0.973693
e_xx: 1.68327e+08, a2_x: 7.6173e+10, currMod: 0.978892
e_xx: 1.68372e+08, a2_x: 1.03809e+11, currMod: 0.979151
e_xx: 1.68484e+08, a2_x: 1.07438e+11, currMod: 0.979798
e_xx: 1.684e+08, a2_x: 1.09552e+11, currMod: 0.97931
currMod: 0.979798, prevMod: 0.973717
Louvain time: 0.531357
numClusters: 25662, time: 0.005145
Next phase: 4
Memory used: 2949.09
End Structure 182781 25662 vs 391224
Build next level time: 0.078339
Iteration time: 0.61532
Memory used: 2949.09
e_xx: 1.68484e+08, a2_x: 1.08025e+11, currMod: 0.979786
e_xx: 1.68687e+08, a2_x: 5.22453e+10, currMod: 0.980972
e_xx: 1.68701e+08, a2_x: 5.90798e+10, currMod: 0.981054
e_xx: 1.68701e+08, a2_x: 4.4159e+10, currMod: 0.981055
e_xx: 1.68701e+08, a2_x: 2.42829e+10, currMod: 0.981052
currMod: 0.981055, prevMod: 0.979798
Louvain time: 0.250618
numClusters: 22179, time: 0.003276
Next phase: 5
Memory used: 2949.09
End Structure 95096 22179 vs 212371
Build next level time: 0.036051
Iteration time: 0.290411
Memory used: 2949.09
e_xx: 1.68701e+08, a2_x: 4.19985e+10, currMod: 0.981054
e_xx: 1.68705e+08, a2_x: 4.60711e+10, currMod: 0.981077
e_xx: 1.68706e+08, a2_x: 3.8627e+10, currMod: 0.981078
currMod: 0.981077, prevMod: 0.981055
Louvain time: 0.096515
numClusters: 22038, time: 0.002915
Next phase: 6
Memory used: 2949.09
End Structure 86691 22038 vs 195420
Build next level time: 0.027396
Iteration time: 0.127012
Memory used: 2949.09
e_xx: 1.68705e+08, a2_x: 4.76265e+10, currMod: 0.981077
e_xx: 1.68706e+08, a2_x: 4.93637e+10, currMod: 0.981078
currMod: 0.981077, prevMod: 0.981077
Louvain time: 0.058253
numClusters: 22038, time: 0.002914
Maximum degree for the graph: 528
Iteration: 0, conflicts: 0
Total number of colors used: 185
Total number of conflicts overall: 0
Number of rounds: 1
SUCCESS: No conflicts found
Number of reordered colors: 180
End position for large colors: 0, node count: 21561, largest: 21561
Node count cutoff: 4408
e_xx: 1.68751e+08, a2_x: 4.31605e+10, currMod: 0.981341
e_xx: 1.68794e+08, a2_x: 2.96837e+10, currMod: 0.981592
e_xx: 1.68809e+08, a2_x: 2.14494e+10, currMod: 0.98168
e_xx: 1.69819e+08, a2_x: 1.77601e+10, currMod: 0.987553
e_xx: 1.6985e+08, a2_x: 1.65109e+10, currMod: 0.987732
e_xx: 1.69605e+08, a2_x: 1.55372e+10, currMod: 0.986312
End Structure 2135 21613 vs 25883
currMod: 0.987732, prevMod: 0.981077
numClusters: 21613
Total iteration time: 14.0953

Loop 0 <line-37> - Time 0.000579 Total energy consumed 0.000000 Ave. Power Level 0.000000
	-------- Loop 0 (sock 1 consumed 0.000000, avg temp 49.000000, final temp 49 ) ------
	-------- Loop 0 (sock 2 consumed 0.000000, avg temp 40.000000, final temp 41 ) ------
Loop 1 <line-54> - Time 0.000325 Total energy consumed 0.000000 Ave. Power Level 0.000000
	-------- Loop 1 (sock 1 consumed 0.000000, avg temp 48.500000, final temp 49 ) ------
	-------- Loop 1 (sock 2 consumed 0.000000, avg temp 40.500000, final temp 41 ) ------
Loop 2 <line-76> - Time 0.000352 Total energy consumed 0.000000 Ave. Power Level 0.000000
	-------- Loop 2 (sock 1 consumed 0.000000, avg temp 48.500000, final temp 49 ) ------
	-------- Loop 2 (sock 2 consumed 0.000000, avg temp 40.500000, final temp 41 ) ------
Loop 3 <line-170> - Time 0.338609 Total energy consumed 27.057720 Ave. Power Level 79.908457
	-------- Loop 3 (sock 1 consumed 14.825265, avg temp 49.000000, final temp 49 ) ------
	-------- Loop 3 (sock 2 consumed 12.232455, avg temp 40.285714, final temp 42 ) ------
Loop 4 <line-192> - Time 0.000218 Total energy consumed 0.000000 Ave. Power Level 0.000000
	-------- Loop 4 (sock 1 consumed 0.000000, avg temp 49.000000, final temp 49 ) ------
	-------- Loop 4 (sock 2 consumed 0.000000, avg temp 41.000000, final temp 42 ) ------
Loop 5 <line-222> - Time 0.164289 Total energy consumed 12.435195 Ave. Power Level 75.691164
	-------- Loop 5 (sock 1 consumed 4.928220, avg temp 48.500000, final temp 49 ) ------
	-------- Loop 5 (sock 2 consumed 7.506975, avg temp 41.000000, final temp 42 ) ------
Loop 6 <line-115> - Time 0.001911 Total energy consumed 0.149145 Ave. Power Level 78.051775
	-------- Loop 6 (sock 1 consumed 0.065220, avg temp 49.166667, final temp 50 ) ------
	-------- Loop 6 (sock 2 consumed 0.083925, avg temp 41.000000, final temp 42 ) ------
Loop 7 <line-334> - Time 0.297632 Total energy consumed 19.917990 Ave. Power Level 66.921478
	-------- Loop 7 (sock 1 consumed 10.865430, avg temp 49.142857, final temp 49 ) ------
	-------- Loop 7 (sock 2 consumed 9.052560, avg temp 41.428571, final temp 42 ) ------
Loop 8 <line-353> - Time 0.000471 Total energy consumed 0.000000 Ave. Power Level 0.000000
	-------- Loop 8 (sock 1 consumed 0.000000, avg temp 49.142857, final temp 49 ) ------
	-------- Loop 8 (sock 2 consumed 0.000000, avg temp 41.428571, final temp 42 ) ------
Loop 9 <line-375> - Time 0.000675 Total energy consumed 0.000000 Ave. Power Level 0.000000
	-------- Loop 9 (sock 1 consumed 0.000000, avg temp 49.142857, final temp 49 ) ------
	-------- Loop 9 (sock 2 consumed 0.000000, avg temp 41.428571, final temp 42 ) ------
Loop 10 <line-85> - Time 0.131042 Total energy consumed 17.343285 Ave. Power Level 132.348719
	-------- Loop 10 (sock 1 consumed 8.765115, avg temp 49.750000, final temp 49 ) ------
	-------- Loop 10 (sock 2 consumed 8.578170, avg temp 42.000000, final temp 42 ) ------
Loop 11 <line-131> - Time 0.002394 Total energy consumed 0.278280 Ave. Power Level 116.230746
	-------- Loop 11 (sock 1 consumed 0.142845, avg temp 50.000000, final temp 49 ) ------
	-------- Loop 11 (sock 2 consumed 0.135435, avg temp 42.500000, final temp 42 ) ------
Loop 12 <line-167> - Time 0.109143 Total energy consumed 14.212875 Ave. Power Level 130.222232
	-------- Loop 12 (sock 1 consumed 7.250700, avg temp 49.500000, final temp 49 ) ------
	-------- Loop 12 (sock 2 consumed 6.962175, avg temp 42.500000, final temp 42 ) ------
Loop 13 <line-213> - Time 3.610802 Total energy consumed 489.961410 Ave. Power Level 135.693227
	-------- Loop 13 (sock 1 consumed 250.277145, avg temp 52.454545, final temp 51 ) ------
	-------- Loop 13 (sock 2 consumed 239.684265, avg temp 44.636364, final temp 44 ) ------
Loop 14 <line-99> - Time 4.692928 Total energy consumed 349.662375 Ave. Power Level 74.508359
	-------- Loop 14 (sock 1 consumed 173.624265, avg temp 50.000000, final temp 50 ) ------
	-------- Loop 14 (sock 2 consumed 176.038110, avg temp 42.333333, final temp 42 ) ------
Loop 15 <line-160> - Time 0.100467 Total energy consumed 7.736235 Ave. Power Level 77.002367
	-------- Loop 15 (sock 1 consumed 3.619815, avg temp 49.166667, final temp 50 ) ------
	-------- Loop 15 (sock 2 consumed 4.116420, avg temp 41.833333, final temp 42 ) ------
Loop 16 <line-269> - Time 2.836339 Total energy consumed 173.951685 Ave. Power Level 61.329661
	-------- Loop 16 (sock 1 consumed 84.810000, avg temp 49.083333, final temp 49 ) ------
	-------- Loop 16 (sock 2 consumed 89.141685, avg temp 41.541667, final temp 41 ) ------
Loop 17 <line-300> - Time 0.001617 Total energy consumed 0.000000 Ave. Power Level 0.000000
	-------- Loop 17 (sock 1 consumed 0.000000, avg temp 49.105263, final temp 49 ) ------
	-------- Loop 17 (sock 2 consumed 0.000000, avg temp 41.631579, final temp 41 ) ------
Loop 18 <line-147> - Time 0.000391 Total energy consumed 0.148950 Ave. Power Level 380.674659
	-------- Loop 18 (sock 1 consumed 0.107685, avg temp 49.000000, final temp 49 ) ------
	-------- Loop 18 (sock 2 consumed 0.041265, avg temp 41.000000, final temp 41 ) ------
Application(EnergyStat) - Time 24.095088 Total energy consumed 1809.361530 Ave. Power Level 75.092548 Final Temperature socket 1 : 50  socket 2 : 43 
