Memory used: 1.29688
Loading 32-bit binary file: pnnl.bin, numvertices: 2361670, numEdges: 191402826
File read time: 1.65914
Before allocating graph
Allocated graph: 0x227c550
Processing edges for vertex: 0, range(0, 166)
Processing edges for vertex: 100000, range(58444108, 58444133)
Processing edges for vertex: 200000, range(84376057, 84376362)
Processing edges for vertex: 300000, range(106069163, 106069503)
Processing edges for vertex: 400000, range(122097114, 122097513)
Processing edges for vertex: 500000, range(135096418, 135096483)
Processing edges for vertex: 600000, range(146097008, 146097061)
Processing edges for vertex: 700000, range(155415410, 155415531)
Processing edges for vertex: 800000, range(162595900, 162595989)
Processing edges for vertex: 900000, range(168508374, 168508464)
Processing edges for vertex: 1000000, range(173203321, 173203442)
Processing edges for vertex: 1100000, range(176935100, 176935110)
Processing edges for vertex: 1200000, range(179876260, 179876270)
Processing edges for vertex: 1300000, range(182240081, 182240092)
Processing edges for vertex: 1400000, range(184224513, 184224521)
Processing edges for vertex: 1500000, range(185795161, 185795170)
Processing edges for vertex: 1600000, range(187104124, 187104130)
Processing edges for vertex: 1700000, range(188148455, 188148461)
Processing edges for vertex: 1800000, range(188997836, 188997842)
Processing edges for vertex: 1900000, range(189691532, 189691535)
Processing edges for vertex: 2000000, range(190254658, 190254660)
Processing edges for vertex: 2100000, range(190705814, 190705822)
Processing edges for vertex: 2200000, range(191052755, 191052764)
Processing edges for vertex: 2300000, range(191302662, 191302663)
Graph populate time: 7.63493
Total I/O time: 9.29411
Running on: 16 threads
Loaded graph from file: pnnl.bin
Memory used: 2949.1
Maximum degree for the graph: 5520
Iteration: 0, conflicts: 72
Iteration: 1, conflicts: 18
Iteration: 2, conflicts: 12
Iteration: 3, conflicts: 7
Iteration: 4, conflicts: 4
Iteration: 5, conflicts: 2
Iteration: 6, conflicts: 1
Iteration: 7, conflicts: 0
Total number of colors used: 1192
Total number of conflicts overall: 0
Number of rounds: 8
SUCCESS: No conflicts found
Coloring time: 0.58889
Memory used: 2949.1
Number of reordered colors: 1005
End position for large colors: 0, node count: 550353, largest: 550353
Node count cutoff: 472334
e_xx: 1.23923e+08, a2_x: 6.65424e+11, currMod: 0.647427
e_xx: 1.67191e+08, a2_x: 6.3681e+11, currMod: 0.873485
e_xx: 1.73501e+08, a2_x: 4.97126e+11, currMod: 0.906454
e_xx: 1.75994e+08, a2_x: 5.52864e+11, currMod: 0.919483
e_xx: 1.77237e+08, a2_x: 5.3612e+11, currMod: 0.925974
currMod: 0.919483, prevMod: -1
Louvain time: 6.21223
numClusters: 204379, time: 0.113326
Next phase: 2
Memory used: 2949.1
End Structure 1296790 204379 vs 2796077
Build next level time: 3.70304
Iteration time: 10.0336
Memory used: 2949.1
e_xx: 1.56787e+08, a2_x: 5.35687e+11, currMod: 0.917159
e_xx: 1.64488e+08, a2_x: 3.38806e+11, currMod: 0.962217
e_xx: 1.657e+08, a2_x: 2.17386e+11, currMod: 0.969313
e_xx: 1.66053e+08, a2_x: 2.49567e+11, currMod: 0.971377
e_xx: 1.66162e+08, a2_x: 2.5479e+11, currMod: 0.972013
e_xx: 1.66306e+08, a2_x: 2.53286e+11, currMod: 0.972856
e_xx: 1.66303e+08, a2_x: 2.31022e+11, currMod: 0.972841
currMod: 0.972856, prevMod: 0.919483
Louvain time: 1.54118
numClusters: 56121, time: 0.017486
Next phase: 3
Memory used: 2949.1
End Structure 577111 56121 vs 1210325
Build next level time: 0.17385
Iteration time: 1.73336
Memory used: 2949.1
e_xx: 1.66306e+08, a2_x: 2.51821e+11, currMod: 0.972828
e_xx: 1.67306e+08, a2_x: 1.01952e+11, currMod: 0.978682
e_xx: 1.67354e+08, a2_x: 8.63846e+10, currMod: 0.978966
e_xx: 1.67454e+08, a2_x: 8.02372e+10, currMod: 0.979553
e_xx: 1.67388e+08, a2_x: 9.25214e+10, currMod: 0.979164
currMod: 0.979553, prevMod: 0.972856
Louvain time: 0.585689
numClusters: 26089, time: 0.005364
Next phase: 4
Memory used: 2949.1
End Structure 189118 26089 vs 404325
Build next level time: 0.087504
Iteration time: 0.679072
Memory used: 2949.1
e_xx: 1.67454e+08, a2_x: 8.01959e+10, currMod: 0.979538
e_xx: 1.67671e+08, a2_x: -1.8219e+10, currMod: 0.980808
e_xx: 1.67679e+08, a2_x: -8.97182e+09, currMod: 0.980856
e_xx: 1.6768e+08, a2_x: -6.92841e+09, currMod: 0.98086
e_xx: 1.6768e+08, a2_x: -3.62633e+10, currMod: 0.980863
e_xx: 1.6768e+08, a2_x: -2.30189e+09, currMod: 0.980859
currMod: 0.980863, prevMod: 0.979553
Louvain time: 0.31289
numClusters: 22172, time: 0.003345
Next phase: 5
Memory used: 2949.1
End Structure 89741 22172 vs 201654
Build next level time: 0.035283
Iteration time: 0.351951
Memory used: 2949.1
e_xx: 1.6768e+08, a2_x: -3.62966e+10, currMod: 0.980861
e_xx: 1.67683e+08, a2_x: -2.37944e+10, currMod: 0.980875
e_xx: 1.67692e+08, a2_x: -2.14278e+10, currMod: 0.980927
e_xx: 1.67687e+08, a2_x: -1.69017e+10, currMod: 0.980901
currMod: 0.980927, prevMod: 0.980863
Louvain time: 0.116594
numClusters: 21958, time: 0.003294
Next phase: 6
Memory used: 2949.1
End Structure 67315 21958 vs 156588
Build next level time: 0.022702
Iteration time: 0.142818
Memory used: 2949.1
e_xx: 1.67692e+08, a2_x: -2.46323e+10, currMod: 0.980927
e_xx: 1.67692e+08, a2_x: -2.98811e+10, currMod: 0.980928
currMod: 0.980927, prevMod: 0.980927
Louvain time: 0.045008
numClusters: 21958, time: 0.003273
Maximum degree for the graph: 451
Iteration: 0, conflicts: 0
Total number of colors used: 174
Total number of conflicts overall: 0
Number of rounds: 1
SUCCESS: No conflicts found
Number of reordered colors: 172
End position for large colors: 0, node count: 21547, largest: 21547
Node count cutoff: 4392
e_xx: 1.67692e+08, a2_x: -3.35264e+10, currMod: 0.980928
End Structure 66080 21942 vs 154102
currMod: 0.980927, prevMod: 0.980927
numClusters: 21942
Total iteration time: 12.9408

Loop 0 <line-37> - Time 0.000585 Total energy consumed 0.000000 Ave. Power Level 0.000000
	-------- Loop 0 (sock 1 consumed 0.000000, avg temp 49.000000, final temp 49 ) ------
	-------- Loop 0 (sock 2 consumed 0.000000, avg temp 41.500000, final temp 43 ) ------
Loop 1 <line-54> - Time 0.000312 Total energy consumed 0.000000 Ave. Power Level 0.000000
	-------- Loop 1 (sock 1 consumed 0.000000, avg temp 49.000000, final temp 49 ) ------
	-------- Loop 1 (sock 2 consumed 0.000000, avg temp 40.500000, final temp 42 ) ------
Loop 2 <line-76> - Time 0.000317 Total energy consumed 0.000000 Ave. Power Level 0.000000
	-------- Loop 2 (sock 1 consumed 0.000000, avg temp 49.000000, final temp 49 ) ------
	-------- Loop 2 (sock 2 consumed 0.000000, avg temp 40.500000, final temp 42 ) ------
Loop 3 <line-170> - Time 0.349853 Total energy consumed 27.405015 Ave. Power Level 78.332949
	-------- Loop 3 (sock 1 consumed 14.257845, avg temp 51.666667, final temp 49 ) ------
	-------- Loop 3 (sock 2 consumed 13.147170, avg temp 40.222222, final temp 42 ) ------
Loop 4 <line-192> - Time 0.000235 Total energy consumed 0.000000 Ave. Power Level 0.000000
	-------- Loop 4 (sock 1 consumed 0.000000, avg temp 50.500000, final temp 49 ) ------
	-------- Loop 4 (sock 2 consumed 0.000000, avg temp 41.000000, final temp 42 ) ------
Loop 5 <line-222> - Time 0.133414 Total energy consumed 10.560030 Ave. Power Level 79.152515
	-------- Loop 5 (sock 1 consumed 5.904930, avg temp 49.000000, final temp 49 ) ------
	-------- Loop 5 (sock 2 consumed 4.655100, avg temp 41.000000, final temp 42 ) ------
Loop 6 <line-115> - Time 0.002065 Total energy consumed 0.000000 Ave. Power Level 0.000000
	-------- Loop 6 (sock 1 consumed 0.000000, avg temp 48.500000, final temp 49 ) ------
	-------- Loop 6 (sock 2 consumed 0.000000, avg temp 42.666667, final temp 43 ) ------
Loop 7 <line-334> - Time 0.298387 Total energy consumed 20.335605 Ave. Power Level 68.151836
	-------- Loop 7 (sock 1 consumed 10.897440, avg temp 49.000000, final temp 49 ) ------
	-------- Loop 7 (sock 2 consumed 9.438165, avg temp 42.571429, final temp 43 ) ------
Loop 8 <line-353> - Time 0.000474 Total energy consumed 0.000000 Ave. Power Level 0.000000
	-------- Loop 8 (sock 1 consumed 0.000000, avg temp 49.000000, final temp 49 ) ------
	-------- Loop 8 (sock 2 consumed 0.000000, avg temp 42.571429, final temp 43 ) ------
Loop 9 <line-375> - Time 0.000708 Total energy consumed 0.000000 Ave. Power Level 0.000000
	-------- Loop 9 (sock 1 consumed 0.000000, avg temp 49.000000, final temp 49 ) ------
	-------- Loop 9 (sock 2 consumed 0.000000, avg temp 42.571429, final temp 43 ) ------
Loop 10 <line-85> - Time 0.130666 Total energy consumed 17.092080 Ave. Power Level 130.807451
	-------- Loop 10 (sock 1 consumed 8.693445, avg temp 49.750000, final temp 49 ) ------
	-------- Loop 10 (sock 2 consumed 8.398635, avg temp 42.500000, final temp 42 ) ------
Loop 11 <line-131> - Time 0.002480 Total energy consumed 0.470220 Ave. Power Level 189.590543
	-------- Loop 11 (sock 1 consumed 0.204960, avg temp 50.000000, final temp 49 ) ------
	-------- Loop 11 (sock 2 consumed 0.265260, avg temp 43.000000, final temp 43 ) ------
Loop 12 <line-167> - Time 0.113088 Total energy consumed 14.548095 Ave. Power Level 128.643940
	-------- Loop 12 (sock 1 consumed 7.396170, avg temp 49.500000, final temp 48 ) ------
	-------- Loop 12 (sock 2 consumed 7.151925, avg temp 43.000000, final temp 43 ) ------
Loop 13 <line-213> - Time 3.631595 Total energy consumed 491.814585 Ave. Power Level 135.426612
	-------- Loop 13 (sock 1 consumed 251.274300, avg temp 53.166667, final temp 50 ) ------
	-------- Loop 13 (sock 2 consumed 240.540285, avg temp 45.833333, final temp 43 ) ------
Loop 14 <line-99> - Time 3.703972 Total energy consumed 264.326100 Ave. Power Level 71.362878
	-------- Loop 14 (sock 1 consumed 138.039330, avg temp 48.833333, final temp 49 ) ------
	-------- Loop 14 (sock 2 consumed 126.286770, avg temp 42.666667, final temp 42 ) ------
Loop 15 <line-160> - Time 0.092753 Total energy consumed 7.537590 Ave. Power Level 81.265441
	-------- Loop 15 (sock 1 consumed 3.522480, avg temp 49.000000, final temp 48 ) ------
	-------- Loop 15 (sock 2 consumed 4.015110, avg temp 42.666667, final temp 42 ) ------
Loop 16 <line-269> - Time 2.583328 Total energy consumed 159.262635 Ave. Power Level 61.650173
	-------- Loop 16 (sock 1 consumed 74.042985, avg temp 47.958333, final temp 48 ) ------
	-------- Loop 16 (sock 2 consumed 85.219650, avg temp 42.291667, final temp 42 ) ------
Loop 17 <line-300> - Time 0.001503 Total energy consumed 0.055305 Ave. Power Level 36.785100
	-------- Loop 17 (sock 1 consumed 0.022140, avg temp 47.947368, final temp 48 ) ------
	-------- Loop 17 (sock 2 consumed 0.033165, avg temp 42.421053, final temp 42 ) ------
Loop 18 <line-147> - Time 0.000389 Total energy consumed 0.000000 Ave. Power Level 0.000000
	-------- Loop 18 (sock 1 consumed 0.000000, avg temp 49.000000, final temp 49 ) ------
	-------- Loop 18 (sock 2 consumed 0.000000, avg temp 43.000000, final temp 43 ) ------
Application(EnergyStat) - Time 22.911389 Total energy consumed 1707.443040 Ave. Power Level 74.523770 Final Temperature socket 1 : 49  socket 2 : 42 
