Memory used: 1.29297
Loading 32-bit binary file: pnnl.bin, numvertices: 2361670, numEdges: 191402826
File read time: 1.66331
Before allocating graph
Allocated graph: 0x2017550
Processing edges for vertex: 0, range(0, 166)
Processing edges for vertex: 100000, range(58444108, 58444133)
Processing edges for vertex: 200000, range(84376057, 84376362)
Processing edges for vertex: 300000, range(106069163, 106069503)
Processing edges for vertex: 400000, range(122097114, 122097513)
Processing edges for vertex: 500000, range(135096418, 135096483)
Processing edges for vertex: 600000, range(146097008, 146097061)
Processing edges for vertex: 700000, range(155415410, 155415531)
Processing edges for vertex: 800000, range(162595900, 162595989)
Processing edges for vertex: 900000, range(168508374, 168508464)
Processing edges for vertex: 1000000, range(173203321, 173203442)
Processing edges for vertex: 1100000, range(176935100, 176935110)
Processing edges for vertex: 1200000, range(179876260, 179876270)
Processing edges for vertex: 1300000, range(182240081, 182240092)
Processing edges for vertex: 1400000, range(184224513, 184224521)
Processing edges for vertex: 1500000, range(185795161, 185795170)
Processing edges for vertex: 1600000, range(187104124, 187104130)
Processing edges for vertex: 1700000, range(188148455, 188148461)
Processing edges for vertex: 1800000, range(188997836, 188997842)
Processing edges for vertex: 1900000, range(189691532, 189691535)
Processing edges for vertex: 2000000, range(190254658, 190254660)
Processing edges for vertex: 2100000, range(190705814, 190705822)
Processing edges for vertex: 2200000, range(191052755, 191052764)
Processing edges for vertex: 2300000, range(191302662, 191302663)
Graph populate time: 7.79913
Total I/O time: 9.46248
Running on: 16 threads
Loaded graph from file: pnnl.bin
Memory used: 2949.09
Maximum degree for the graph: 5520
Iteration: 0, conflicts: 51
Iteration: 1, conflicts: 6
Iteration: 2, conflicts: 3
Iteration: 3, conflicts: 1
Iteration: 4, conflicts: 0
Total number of colors used: 1196
Total number of conflicts overall: 0
Number of rounds: 5
SUCCESS: No conflicts found
Coloring time: 0.62689
Memory used: 2949.09
Number of reordered colors: 1028
End position for large colors: 0, node count: 550471, largest: 550471
Node count cutoff: 472334
e_xx: 1.23642e+08, a2_x: 6.89989e+11, currMod: 0.64596
e_xx: 1.66211e+08, a2_x: 5.9737e+11, currMod: 0.868366
e_xx: 1.7247e+08, a2_x: 5.63648e+11, currMod: 0.901071
e_xx: 1.75284e+08, a2_x: 5.04796e+11, currMod: 0.915771
e_xx: 1.76703e+08, a2_x: 5.37613e+11, currMod: 0.923185
currMod: 0.915771, prevMod: -1
Louvain time: 6.22085
numClusters: 202936, time: 0.101251
Next phase: 2
Memory used: 2949.09
End Structure 1244018 202936 vs 2689086
Build next level time: 3.57756
Iteration time: 9.90335
Memory used: 2949.09
e_xx: 1.57297e+08, a2_x: 5.37834e+11, currMod: 0.914555
e_xx: 1.65383e+08, a2_x: 2.88786e+11, currMod: 0.961579
e_xx: 1.66385e+08, a2_x: 2.68771e+11, currMod: 0.967404
e_xx: 1.66635e+08, a2_x: 2.42613e+11, currMod: 0.968859
e_xx: 1.66754e+08, a2_x: 2.53204e+11, currMod: 0.969552
e_xx: 1.66776e+08, a2_x: 2.5982e+11, currMod: 0.969679
e_xx: 1.66823e+08, a2_x: 2.51474e+11, currMod: 0.969951
e_xx: 1.66812e+08, a2_x: 2.53488e+11, currMod: 0.969886
currMod: 0.969951, prevMod: 0.915771
Louvain time: 1.62065
numClusters: 50819, time: 0.015448
Next phase: 3
Memory used: 2949.09
End Structure 491606 50819 vs 1034021
Build next level time: 0.173569
Iteration time: 1.8103
Memory used: 2949.09
e_xx: 1.66823e+08, a2_x: 2.54496e+11, currMod: 0.969923
e_xx: 1.68227e+08, a2_x: 9.36179e+10, currMod: 0.978092
e_xx: 1.68375e+08, a2_x: 1.09318e+11, currMod: 0.978952
e_xx: 1.68491e+08, a2_x: 1.1586e+11, currMod: 0.979626
e_xx: 1.68413e+08, a2_x: 1.14489e+11, currMod: 0.979176
currMod: 0.979626, prevMod: 0.969951
Louvain time: 0.525457
numClusters: 25437, time: 0.005068
Next phase: 4
Memory used: 2949.09
End Structure 174590 25437 vs 374617
Build next level time: 0.06586
Iteration time: 0.596946
Memory used: 2949.09
e_xx: 1.68491e+08, a2_x: 1.16302e+11, currMod: 0.979614
e_xx: 1.68706e+08, a2_x: 5.42194e+10, currMod: 0.980866
e_xx: 1.68713e+08, a2_x: 7.54424e+10, currMod: 0.980906
e_xx: 1.68716e+08, a2_x: 4.71814e+10, currMod: 0.980925
e_xx: 1.68713e+08, a2_x: 7.40621e+10, currMod: 0.980911
currMod: 0.980925, prevMod: 0.979626
Louvain time: 0.248247
numClusters: 22165, time: 0.003351
Next phase: 5
Memory used: 2949.09
End Structure 90346 22165 vs 202857
Build next level time: 0.028748
Iteration time: 0.280809
Memory used: 2949.09
e_xx: 1.68716e+08, a2_x: 5.03175e+10, currMod: 0.980923
e_xx: 1.68722e+08, a2_x: 4.68275e+10, currMod: 0.980961
e_xx: 1.68723e+08, a2_x: 3.19707e+10, currMod: 0.980964
e_xx: 1.68722e+08, a2_x: 3.87824e+10, currMod: 0.980963
currMod: 0.980964, prevMod: 0.980925
Louvain time: 0.118793
numClusters: 21986, time: 0.002965
Next phase: 6
Memory used: 2949.09
End Structure 74435 21986 vs 170856
Build next level time: 0.021051
Iteration time: 0.143095
Memory used: 2949.09
e_xx: 1.68723e+08, a2_x: 3.24627e+10, currMod: 0.980964
e_xx: 1.68723e+08, a2_x: 2.97925e+10, currMod: 0.980964
currMod: 0.980964, prevMod: 0.980964
Louvain time: 0.049517
numClusters: 21986, time: 0.002967
Maximum degree for the graph: 477
Iteration: 0, conflicts: 0
Total number of colors used: 180
Total number of conflicts overall: 0
Number of rounds: 1
SUCCESS: No conflicts found
Number of reordered colors: 177
End position for large colors: 0, node count: 21550, largest: 21550
Node count cutoff: 4398
e_xx: 1.68753e+08, a2_x: 2.88985e+10, currMod: 0.981142
e_xx: 1.68753e+08, a2_x: 2.47314e+10, currMod: 0.981144
e_xx: 1.69269e+08, a2_x: 3.45956e+09, currMod: 0.984144
e_xx: 1.69288e+08, a2_x: 8.31459e+09, currMod: 0.984251
e_xx: 1.69288e+08, a2_x: 8.27016e+09, currMod: 0.984255
e_xx: 1.69235e+08, a2_x: 5.46966e+09, currMod: 0.983943
End Structure 8744 21682 vs 39170
currMod: 0.984255, prevMod: 0.980964
numClusters: 21682
Total iteration time: 12.7345

Loop 0 <line-37> - Time 0.000574 Total energy consumed 0.000000 Ave. Power Level 0.000000
	-------- Loop 0 (sock 1 consumed 0.000000, avg temp 49.000000, final temp 49 ) ------
	-------- Loop 0 (sock 2 consumed 0.000000, avg temp 41.500000, final temp 43 ) ------
Loop 1 <line-54> - Time 0.000308 Total energy consumed 0.000000 Ave. Power Level 0.000000
	-------- Loop 1 (sock 1 consumed 0.000000, avg temp 48.500000, final temp 48 ) ------
	-------- Loop 1 (sock 2 consumed 0.000000, avg temp 42.000000, final temp 44 ) ------
Loop 2 <line-76> - Time 0.000329 Total energy consumed 0.000000 Ave. Power Level 0.000000
	-------- Loop 2 (sock 1 consumed 0.000000, avg temp 48.500000, final temp 48 ) ------
	-------- Loop 2 (sock 2 consumed 0.000000, avg temp 42.000000, final temp 44 ) ------
Loop 3 <line-170> - Time 0.378842 Total energy consumed 28.316400 Ave. Power Level 74.744672
	-------- Loop 3 (sock 1 consumed 14.703915, avg temp 49.666667, final temp 48 ) ------
	-------- Loop 3 (sock 2 consumed 13.612485, avg temp 40.666667, final temp 44 ) ------
Loop 4 <line-192> - Time 0.000238 Total energy consumed 0.000000 Ave. Power Level 0.000000
	-------- Loop 4 (sock 1 consumed 0.000000, avg temp 49.000000, final temp 48 ) ------
	-------- Loop 4 (sock 2 consumed 0.000000, avg temp 42.000000, final temp 44 ) ------
Loop 5 <line-222> - Time 0.142540 Total energy consumed 10.586265 Ave. Power Level 74.268592
	-------- Loop 5 (sock 1 consumed 3.975315, avg temp 48.500000, final temp 49 ) ------
	-------- Loop 5 (sock 2 consumed 6.610950, avg temp 44.000000, final temp 44 ) ------
Loop 6 <line-115> - Time 0.002015 Total energy consumed 0.244500 Ave. Power Level 121.324416
	-------- Loop 6 (sock 1 consumed 0.116175, avg temp 48.000000, final temp 48 ) ------
	-------- Loop 6 (sock 2 consumed 0.128325, avg temp 43.500000, final temp 45 ) ------
Loop 7 <line-334> - Time 0.295806 Total energy consumed 20.021670 Ave. Power Level 67.685111
	-------- Loop 7 (sock 1 consumed 9.414990, avg temp 48.428571, final temp 49 ) ------
	-------- Loop 7 (sock 2 consumed 10.606680, avg temp 43.571429, final temp 44 ) ------
Loop 8 <line-353> - Time 0.000460 Total energy consumed 0.000000 Ave. Power Level 0.000000
	-------- Loop 8 (sock 1 consumed 0.000000, avg temp 48.428571, final temp 49 ) ------
	-------- Loop 8 (sock 2 consumed 0.000000, avg temp 43.571429, final temp 44 ) ------
Loop 9 <line-375> - Time 0.000669 Total energy consumed 0.000000 Ave. Power Level 0.000000
	-------- Loop 9 (sock 1 consumed 0.000000, avg temp 48.428571, final temp 49 ) ------
	-------- Loop 9 (sock 2 consumed 0.000000, avg temp 43.571429, final temp 44 ) ------
Loop 10 <line-85> - Time 0.127163 Total energy consumed 16.573650 Ave. Power Level 130.333566
	-------- Loop 10 (sock 1 consumed 8.415525, avg temp 48.750000, final temp 48 ) ------
	-------- Loop 10 (sock 2 consumed 8.158125, avg temp 43.500000, final temp 44 ) ------
Loop 11 <line-131> - Time 0.002391 Total energy consumed 0.337185 Ave. Power Level 141.009315
	-------- Loop 11 (sock 1 consumed 0.139320, avg temp 49.000000, final temp 48 ) ------
	-------- Loop 11 (sock 2 consumed 0.197865, avg temp 43.500000, final temp 44 ) ------
Loop 12 <line-167> - Time 0.176057 Total energy consumed 23.105085 Ave. Power Level 131.236431
	-------- Loop 12 (sock 1 consumed 11.719170, avg temp 50.000000, final temp 49 ) ------
	-------- Loop 12 (sock 2 consumed 11.385915, avg temp 43.500000, final temp 43 ) ------
Loop 13 <line-213> - Time 3.614045 Total energy consumed 488.947740 Ave. Power Level 135.290981
	-------- Loop 13 (sock 1 consumed 247.287855, avg temp 51.272727, final temp 50 ) ------
	-------- Loop 13 (sock 2 consumed 241.659885, avg temp 45.181818, final temp 44 ) ------
Loop 14 <line-99> - Time 3.560735 Total energy consumed 259.898250 Ave. Power Level 72.990054
	-------- Loop 14 (sock 1 consumed 129.102540, avg temp 48.500000, final temp 49 ) ------
	-------- Loop 14 (sock 2 consumed 130.795710, avg temp 43.333333, final temp 45 ) ------
Loop 15 <line-160> - Time 0.080751 Total energy consumed 7.247430 Ave. Power Level 89.750269
	-------- Loop 15 (sock 1 consumed 3.580785, avg temp 48.666667, final temp 49 ) ------
	-------- Loop 15 (sock 2 consumed 3.666645, avg temp 43.333333, final temp 45 ) ------
Loop 16 <line-269> - Time 2.545282 Total energy consumed 155.933640 Ave. Power Level 61.263803
	-------- Loop 16 (sock 1 consumed 72.380970, avg temp 48.208333, final temp 48 ) ------
	-------- Loop 16 (sock 2 consumed 83.552670, avg temp 42.166667, final temp 42 ) ------
Loop 17 <line-300> - Time 0.001564 Total energy consumed 0.000000 Ave. Power Level 0.000000
	-------- Loop 17 (sock 1 consumed 0.000000, avg temp 48.263158, final temp 48 ) ------
	-------- Loop 17 (sock 2 consumed 0.000000, avg temp 42.263158, final temp 43 ) ------
Loop 18 <line-147> - Time 0.000432 Total energy consumed 0.000000 Ave. Power Level 0.000000
	-------- Loop 18 (sock 1 consumed 0.000000, avg temp 49.000000, final temp 49 ) ------
	-------- Loop 18 (sock 2 consumed 0.000000, avg temp 43.000000, final temp 43 ) ------
Application(EnergyStat) - Time 22.916798 Total energy consumed 1713.850830 Ave. Power Level 74.785788 Final Temperature socket 1 : 49  socket 2 : 45 
