Memory used: 1.28906
Loading 32-bit binary file: pnnl.bin, numvertices: 2361670, numEdges: 191402826
File read time: 1.66355
Before allocating graph
Allocated graph: 0x72d550
Processing edges for vertex: 0, range(0, 166)
Processing edges for vertex: 100000, range(58444108, 58444133)
Processing edges for vertex: 200000, range(84376057, 84376362)
Processing edges for vertex: 300000, range(106069163, 106069503)
Processing edges for vertex: 400000, range(122097114, 122097513)
Processing edges for vertex: 500000, range(135096418, 135096483)
Processing edges for vertex: 600000, range(146097008, 146097061)
Processing edges for vertex: 700000, range(155415410, 155415531)
Processing edges for vertex: 800000, range(162595900, 162595989)
Processing edges for vertex: 900000, range(168508374, 168508464)
Processing edges for vertex: 1000000, range(173203321, 173203442)
Processing edges for vertex: 1100000, range(176935100, 176935110)
Processing edges for vertex: 1200000, range(179876260, 179876270)
Processing edges for vertex: 1300000, range(182240081, 182240092)
Processing edges for vertex: 1400000, range(184224513, 184224521)
Processing edges for vertex: 1500000, range(185795161, 185795170)
Processing edges for vertex: 1600000, range(187104124, 187104130)
Processing edges for vertex: 1700000, range(188148455, 188148461)
Processing edges for vertex: 1800000, range(188997836, 188997842)
Processing edges for vertex: 1900000, range(189691532, 189691535)
Processing edges for vertex: 2000000, range(190254658, 190254660)
Processing edges for vertex: 2100000, range(190705814, 190705822)
Processing edges for vertex: 2200000, range(191052755, 191052764)
Processing edges for vertex: 2300000, range(191302662, 191302663)
Graph populate time: 7.63436
Total I/O time: 9.29794
Running on: 16 threads
Loaded graph from file: pnnl.bin
Memory used: 2949.09
Maximum degree for the graph: 5520
Iteration: 0, conflicts: 56
Iteration: 1, conflicts: 13
Iteration: 2, conflicts: 7
Iteration: 3, conflicts: 4
Iteration: 4, conflicts: 2
Iteration: 5, conflicts: 1
Iteration: 6, conflicts: 0
Total number of colors used: 1198
Total number of conflicts overall: 0
Number of rounds: 7
SUCCESS: No conflicts found
Coloring time: 0.712604
Memory used: 2949.09
Number of reordered colors: 1023
End position for large colors: 0, node count: 550418, largest: 550418
Node count cutoff: 472334
e_xx: 1.15094e+08, a2_x: 6.88484e+11, currMod: 0.601299
e_xx: 1.60642e+08, a2_x: 5.61112e+11, currMod: 0.839274
e_xx: 1.68302e+08, a2_x: 5.71195e+11, currMod: 0.879292
e_xx: 1.71329e+08, a2_x: 5.31393e+11, currMod: 0.895108
e_xx: 1.72818e+08, a2_x: 5.12544e+11, currMod: 0.902886
currMod: 0.895108, prevMod: -1
Louvain time: 6.31753
numClusters: 204453, time: 0.100829
Next phase: 2
Memory used: 2949.09
End Structure 1300005 204453 vs 2802610
Build next level time: 3.2618
Iteration time: 9.68359
Memory used: 2949.09
e_xx: 1.69468e+08, a2_x: 5.12951e+11, currMod: 0.901181
e_xx: 1.79739e+08, a2_x: 3.20027e+11, currMod: 0.955806
e_xx: 1.78254e+08, a2_x: 2.69924e+11, currMod: 0.94791
currMod: 0.955806, prevMod: 0.895108
Louvain time: 0.779234
numClusters: 98503, time: 0.02105
Next phase: 3
Memory used: 2949.09
End Structure 931916 98503 vs 1962187
Build next level time: 0.191335
Iteration time: 0.992367
Memory used: 2949.09
e_xx: 1.79739e+08, a2_x: 3.20681e+11, currMod: 0.955805
e_xx: 1.83494e+08, a2_x: 1.96897e+11, currMod: 0.975777
e_xx: 1.84089e+08, a2_x: 1.81488e+11, currMod: 0.978942
e_xx: 1.84248e+08, a2_x: 1.33458e+11, currMod: 0.979788
e_xx: 1.84294e+08, a2_x: 1.3921e+11, currMod: 0.980033
e_xx: 1.8432e+08, a2_x: 1.423e+11, currMod: 0.98017
e_xx: 1.84329e+08, a2_x: 1.48723e+11, currMod: 0.980215
e_xx: 1.84337e+08, a2_x: 1.34112e+11, currMod: 0.980261
e_xx: 1.84339e+08, a2_x: 1.55035e+11, currMod: 0.980268
e_xx: 1.84342e+08, a2_x: 1.33224e+11, currMod: 0.980289
e_xx: 1.84341e+08, a2_x: 1.57748e+11, currMod: 0.980282
currMod: 0.980289, prevMod: 0.955806
Louvain time: 1.71259
numClusters: 29199, time: 0.007321
Next phase: 4
Memory used: 2949.09
End Structure 258208 29199 vs 545615
Build next level time: 0.113033
Iteration time: 1.8334
Memory used: 2949.09
e_xx: 1.84342e+08, a2_x: 1.30539e+11, currMod: 0.98027
e_xx: 1.84706e+08, a2_x: 3.23556e+10, currMod: 0.982204
e_xx: 1.84611e+08, a2_x: 4.04205e+10, currMod: 0.981701
currMod: 0.982204, prevMod: 0.980289
Louvain time: 0.208851
numClusters: 23871, time: 0.003625
Next phase: 5
Memory used: 2949.09
End Structure 138593 23871 vs 301057
Build next level time: 0.039215
Iteration time: 0.252113
Memory used: 2949.09
e_xx: 1.84706e+08, a2_x: 3.43904e+10, currMod: 0.982199
e_xx: 1.84762e+08, a2_x: 2.84934e+10, currMod: 0.982501
e_xx: 1.84773e+08, a2_x: 8.00166e+09, currMod: 0.982556
e_xx: 1.84773e+08, a2_x: 3.411e+10, currMod: 0.982559
e_xx: 1.84776e+08, a2_x: 3.19668e+10, currMod: 0.982573
e_xx: 1.84774e+08, a2_x: 4.00411e+10, currMod: 0.982563
currMod: 0.982573, prevMod: 0.982204
Louvain time: 0.249812
numClusters: 22022, time: 0.003117
Next phase: 6
Memory used: 2949.09
End Structure 66145 22022 vs 154312
Build next level time: 0.021425
Iteration time: 0.274756
Memory used: 2949.09
e_xx: 1.84776e+08, a2_x: 2.98127e+10, currMod: 0.982571
e_xx: 1.84779e+08, a2_x: 2.34416e+10, currMod: 0.982588
e_xx: 1.84779e+08, a2_x: 2.23562e+10, currMod: 0.982587
currMod: 0.982588, prevMod: 0.982573
Louvain time: 0.066609
numClusters: 21930, time: 0.002899
Next phase: 7
Memory used: 2949.09
End Structure 59563 21930 vs 141056
Build next level time: 0.019783
Iteration time: 0.089494
Memory used: 2949.09
e_xx: 1.84779e+08, a2_x: 2.7151e+10, currMod: 0.982588
e_xx: 1.84779e+08, a2_x: 2.80125e+10, currMod: 0.982588
currMod: 0.982588, prevMod: 0.982588
Louvain time: 0.040402
numClusters: 21930, time: 0.002886
Maximum degree for the graph: 424
Iteration: 0, conflicts: 0
Total number of colors used: 182
Total number of conflicts overall: 0
Number of rounds: 1
SUCCESS: No conflicts found
Number of reordered colors: 180
End position for large colors: 0, node count: 21555, largest: 21555
Node count cutoff: 4386
e_xx: 1.84795e+08, a2_x: 3.583e+10, currMod: 0.982672
e_xx: 1.85929e+08, a2_x: 6.86956e+09, currMod: 0.988705
e_xx: 1.86949e+08, a2_x: 9.06609e+09, currMod: 0.994129
e_xx: 1.87567e+08, a2_x: 9.01532e+08, currMod: 0.997414
e_xx: 1.87507e+08, a2_x: -5.69047e+09, currMod: 0.997093
End Structure 1011 21590 vs 23612
currMod: 0.997414, prevMod: 0.982588
numClusters: 21590
Total iteration time: 13.1257

Loop 0 <line-37> - Time 0.000579 Total energy consumed 0.112545 Ave. Power Level 194.509255
	-------- Loop 0 (sock 1 consumed 0.067785, avg temp 49.000000, final temp 49 ) ------
	-------- Loop 0 (sock 2 consumed 0.044760, avg temp 41.500000, final temp 43 ) ------
Loop 1 <line-54> - Time 0.000318 Total energy consumed 0.000000 Ave. Power Level 0.000000
	-------- Loop 1 (sock 1 consumed 0.000000, avg temp 49.000000, final temp 49 ) ------
	-------- Loop 1 (sock 2 consumed 0.000000, avg temp 41.500000, final temp 43 ) ------
Loop 2 <line-76> - Time 0.000327 Total energy consumed 0.000000 Ave. Power Level 0.000000
	-------- Loop 2 (sock 1 consumed 0.000000, avg temp 49.000000, final temp 49 ) ------
	-------- Loop 2 (sock 2 consumed 0.000000, avg temp 41.500000, final temp 43 ) ------
Loop 3 <line-170> - Time 0.437658 Total energy consumed 31.569105 Ave. Power Level 72.131921
	-------- Loop 3 (sock 1 consumed 14.137410, avg temp 48.125000, final temp 49 ) ------
	-------- Loop 3 (sock 2 consumed 17.431695, avg temp 40.375000, final temp 43 ) ------
Loop 4 <line-192> - Time 0.000218 Total energy consumed 0.000000 Ave. Power Level 0.000000
	-------- Loop 4 (sock 1 consumed 0.000000, avg temp 48.500000, final temp 49 ) ------
	-------- Loop 4 (sock 2 consumed 0.000000, avg temp 41.500000, final temp 43 ) ------
Loop 5 <line-222> - Time 0.169546 Total energy consumed 12.524640 Ave. Power Level 73.871762
	-------- Loop 5 (sock 1 consumed 4.611390, avg temp 48.500000, final temp 49 ) ------
	-------- Loop 5 (sock 2 consumed 7.913250, avg temp 42.000000, final temp 43 ) ------
Loop 6 <line-115> - Time 0.002128 Total energy consumed 0.057075 Ave. Power Level 26.825787
	-------- Loop 6 (sock 1 consumed 0.033000, avg temp 48.571429, final temp 49 ) ------
	-------- Loop 6 (sock 2 consumed 0.024075, avg temp 41.571429, final temp 43 ) ------
Loop 7 <line-334> - Time 0.338524 Total energy consumed 22.086840 Ave. Power Level 65.244472
	-------- Loop 7 (sock 1 consumed 9.960135, avg temp 48.625000, final temp 49 ) ------
	-------- Loop 7 (sock 2 consumed 12.126705, avg temp 42.125000, final temp 43 ) ------
Loop 8 <line-353> - Time 0.000527 Total energy consumed 0.053685 Ave. Power Level 101.952063
	-------- Loop 8 (sock 1 consumed 0.022275, avg temp 48.625000, final temp 49 ) ------
	-------- Loop 8 (sock 2 consumed 0.031410, avg temp 42.000000, final temp 43 ) ------
Loop 9 <line-375> - Time 0.000756 Total energy consumed 0.075030 Ave. Power Level 99.207189
	-------- Loop 9 (sock 1 consumed 0.075030, avg temp 48.750000, final temp 49 ) ------
	-------- Loop 9 (sock 2 consumed 0.000000, avg temp 42.000000, final temp 43 ) ------
Loop 10 <line-85> - Time 0.128933 Total energy consumed 16.432470 Ave. Power Level 127.449558
	-------- Loop 10 (sock 1 consumed 8.278605, avg temp 49.500000, final temp 49 ) ------
	-------- Loop 10 (sock 2 consumed 8.153865, avg temp 43.000000, final temp 43 ) ------
Loop 11 <line-131> - Time 0.002372 Total energy consumed 0.268410 Ave. Power Level 113.148705
	-------- Loop 11 (sock 1 consumed 0.137670, avg temp 49.500000, final temp 49 ) ------
	-------- Loop 11 (sock 2 consumed 0.130740, avg temp 43.000000, final temp 43 ) ------
Loop 12 <line-167> - Time 0.155733 Total energy consumed 20.147640 Ave. Power Level 129.372930
	-------- Loop 12 (sock 1 consumed 10.233270, avg temp 49.500000, final temp 49 ) ------
	-------- Loop 12 (sock 2 consumed 9.914370, avg temp 43.000000, final temp 43 ) ------
Loop 13 <line-213> - Time 3.737491 Total energy consumed 505.845345 Ave. Power Level 135.343560
	-------- Loop 13 (sock 1 consumed 260.665185, avg temp 51.700000, final temp 50 ) ------
	-------- Loop 13 (sock 2 consumed 245.180160, avg temp 44.900000, final temp 44 ) ------
Loop 14 <line-99> - Time 3.277000 Total energy consumed 230.971950 Ave. Power Level 70.482743
	-------- Loop 14 (sock 1 consumed 105.408330, avg temp 49.428571, final temp 50 ) ------
	-------- Loop 14 (sock 2 consumed 125.563620, avg temp 42.000000, final temp 44 ) ------
Loop 15 <line-160> - Time 0.104031 Total energy consumed 8.426850 Ave. Power Level 81.003563
	-------- Loop 15 (sock 1 consumed 4.200240, avg temp 49.000000, final temp 49 ) ------
	-------- Loop 15 (sock 2 consumed 4.226610, avg temp 42.428571, final temp 42 ) ------
Loop 16 <line-269> - Time 3.036483 Total energy consumed 186.166920 Ave. Power Level 61.310040
	-------- Loop 16 (sock 1 consumed 85.590630, avg temp 48.571429, final temp 49 ) ------
	-------- Loop 16 (sock 2 consumed 100.576290, avg temp 41.464286, final temp 42 ) ------
Loop 17 <line-300> - Time 0.001672 Total energy consumed 0.221220 Ave. Power Level 132.281159
	-------- Loop 17 (sock 1 consumed 0.103275, avg temp 48.500000, final temp 48 ) ------
	-------- Loop 17 (sock 2 consumed 0.117945, avg temp 41.500000, final temp 42 ) ------
Loop 18 <line-147> - Time 0.000409 Total energy consumed 0.084510 Ave. Power Level 206.456310
	-------- Loop 18 (sock 1 consumed 0.042045, avg temp 49.000000, final temp 49 ) ------
	-------- Loop 18 (sock 2 consumed 0.042465, avg temp 43.000000, final temp 43 ) ------
Application(EnergyStat) - Time 23.210677 Total energy consumed 1728.096885 Ave. Power Level 74.452671 Final Temperature socket 1 : 49  socket 2 : 43 
