Memory used: 1.28906
Loading 32-bit binary file: pnnl.bin, numvertices: 2361670, numEdges: 191402826
File read time: 1.61705
Before allocating graph
Allocated graph: 0x1994550
Processing edges for vertex: 0, range(0, 166)
Processing edges for vertex: 100000, range(58444108, 58444133)
Processing edges for vertex: 200000, range(84376057, 84376362)
Processing edges for vertex: 300000, range(106069163, 106069503)
Processing edges for vertex: 400000, range(122097114, 122097513)
Processing edges for vertex: 500000, range(135096418, 135096483)
Processing edges for vertex: 600000, range(146097008, 146097061)
Processing edges for vertex: 700000, range(155415410, 155415531)
Processing edges for vertex: 800000, range(162595900, 162595989)
Processing edges for vertex: 900000, range(168508374, 168508464)
Processing edges for vertex: 1000000, range(173203321, 173203442)
Processing edges for vertex: 1100000, range(176935100, 176935110)
Processing edges for vertex: 1200000, range(179876260, 179876270)
Processing edges for vertex: 1300000, range(182240081, 182240092)
Processing edges for vertex: 1400000, range(184224513, 184224521)
Processing edges for vertex: 1500000, range(185795161, 185795170)
Processing edges for vertex: 1600000, range(187104124, 187104130)
Processing edges for vertex: 1700000, range(188148455, 188148461)
Processing edges for vertex: 1800000, range(188997836, 188997842)
Processing edges for vertex: 1900000, range(189691532, 189691535)
Processing edges for vertex: 2000000, range(190254658, 190254660)
Processing edges for vertex: 2100000, range(190705814, 190705822)
Processing edges for vertex: 2200000, range(191052755, 191052764)
Processing edges for vertex: 2300000, range(191302662, 191302663)
Graph populate time: 7.63668
Total I/O time: 9.25376
Running on: 16 threads
Loaded graph from file: pnnl.bin
Memory used: 2949.09
Maximum degree for the graph: 5520
Iteration: 0, conflicts: 32
Iteration: 1, conflicts: 6
Iteration: 2, conflicts: 1
Iteration: 3, conflicts: 0
Total number of colors used: 1196
Total number of conflicts overall: 0
Number of rounds: 4
SUCCESS: No conflicts found
Coloring time: 0.617171
Memory used: 2949.09
Number of reordered colors: 1025
End position for large colors: 0, node count: 550410, largest: 550410
Node count cutoff: 472334
e_xx: 1.10798e+08, a2_x: 6.25924e+11, currMod: 0.578858
e_xx: 1.5542e+08, a2_x: 5.55992e+11, currMod: 0.811991
e_xx: 1.65608e+08, a2_x: 5.6834e+11, currMod: 0.865215
e_xx: 1.69309e+08, a2_x: 5.73689e+11, currMod: 0.884552
e_xx: 1.70928e+08, a2_x: 5.40505e+11, currMod: 0.893014
currMod: 0.884552, prevMod: -1
Louvain time: 6.42381
numClusters: 204424, time: 0.113723
Next phase: 2
Memory used: 2949.09
End Structure 1308766 204424 vs 2820229
Build next level time: 3.28516
Iteration time: 9.82638
Memory used: 2949.09
e_xx: 1.6417e+08, a2_x: 5.39916e+11, currMod: 0.889127
e_xx: 1.76473e+08, a2_x: 3.47299e+11, currMod: 0.95577
e_xx: 1.78327e+08, a2_x: 3.0847e+11, currMod: 0.96581
e_xx: 1.79051e+08, a2_x: 2.93373e+11, currMod: 0.969734
e_xx: 1.78782e+08, a2_x: 2.40894e+11, currMod: 0.968278
currMod: 0.969734, prevMod: 0.884552
Louvain time: 1.19892
numClusters: 62277, time: 0.019663
Next phase: 3
Memory used: 2949.09
End Structure 701636 62277 vs 1465532
Build next level time: 0.194277
Iteration time: 1.41359
Memory used: 2949.09
e_xx: 1.79051e+08, a2_x: 2.9504e+11, currMod: 0.969719
e_xx: 1.80764e+08, a2_x: 1.10166e+11, currMod: 0.979001
e_xx: 1.80918e+08, a2_x: 1.37463e+11, currMod: 0.979834
e_xx: 1.81017e+08, a2_x: 9.45879e+10, currMod: 0.980372
e_xx: 1.80974e+08, a2_x: 1.07612e+11, currMod: 0.980137
currMod: 0.980372, prevMod: 0.969734
Louvain time: 0.655636
numClusters: 27066, time: 0.005606
Next phase: 4
Memory used: 2949.09
End Structure 209492 27066 vs 446049
Build next level time: 0.089677
Iteration time: 0.751379
Memory used: 2949.09
e_xx: 1.81017e+08, a2_x: 9.77746e+10, currMod: 0.980356
e_xx: 1.81213e+08, a2_x: 2.40674e+10, currMod: 0.981422
e_xx: 1.81231e+08, a2_x: 1.5177e+10, currMod: 0.981519
e_xx: 1.81233e+08, a2_x: 1.12574e+10, currMod: 0.981529
e_xx: 1.81234e+08, a2_x: 1.46828e+10, currMod: 0.981533
e_xx: 1.81234e+08, a2_x: 6.8232e+09, currMod: 0.981534
e_xx: 1.81234e+08, a2_x: 1.21557e+10, currMod: 0.981533
currMod: 0.981534, prevMod: 0.980372
Louvain time: 0.37071
numClusters: 22184, time: 0.003382
Next phase: 5
Memory used: 2949.09
End Structure 90827 22184 vs 203838
Build next level time: 0.03616
Iteration time: 0.410652
Memory used: 2949.09
e_xx: 1.81234e+08, a2_x: 7.76314e+09, currMod: 0.981531
e_xx: 1.8138e+08, a2_x: 1.12554e+10, currMod: 0.982324
e_xx: 1.8139e+08, a2_x: -2.56872e+08, currMod: 0.982379
e_xx: 1.81384e+08, a2_x: 1.36137e+10, currMod: 0.982344
currMod: 0.982379, prevMod: 0.981534
Louvain time: 0.12445
numClusters: 21934, time: 0.002952
Next phase: 6
Memory used: 2949.09
End Structure 61976 21934 vs 145886
Build next level time: 0.018942
Iteration time: 0.146634
Memory used: 2949.09
e_xx: 1.8139e+08, a2_x: -2.42853e+09, currMod: 0.982378
e_xx: 1.81391e+08, a2_x: 3.28193e+09, currMod: 0.982379
currMod: 0.982379, prevMod: 0.982379
Louvain time: 0.044529
numClusters: 21934, time: 0.002883
Maximum degree for the graph: 439
Iteration: 0, conflicts: 0
Total number of colors used: 164
Total number of conflicts overall: 0
Number of rounds: 1
SUCCESS: No conflicts found
Number of reordered colors: 163
End position for large colors: 0, node count: 21543, largest: 21543
Node count cutoff: 4387
e_xx: 1.81498e+08, a2_x: -1.26162e+10, currMod: 0.982961
e_xx: 1.84315e+08, a2_x: 1.28913e+10, currMod: 0.998216
e_xx: 1.84382e+08, a2_x: 9.98769e+09, currMod: 0.998579
e_xx: 1.84337e+08, a2_x: 6.41148e+09, currMod: 0.998334
End Structure 683 21572 vs 22938
currMod: 0.998579, prevMod: 0.982379
numClusters: 21572
Total iteration time: 12.5486

Loop 0 <line-37> - Time 0.000678 Total energy consumed 0.057645 Ave. Power Level 84.967609
	-------- Loop 0 (sock 1 consumed 0.034110, avg temp 45.000000, final temp 45 ) ------
	-------- Loop 0 (sock 2 consumed 0.023535, avg temp 40.000000, final temp 42 ) ------
Loop 1 <line-54> - Time 0.000316 Total energy consumed 0.023175 Ave. Power Level 73.388075
	-------- Loop 1 (sock 1 consumed 0.000000, avg temp 45.000000, final temp 45 ) ------
	-------- Loop 1 (sock 2 consumed 0.023175, avg temp 39.500000, final temp 42 ) ------
Loop 2 <line-76> - Time 0.000345 Total energy consumed 0.000000 Ave. Power Level 0.000000
	-------- Loop 2 (sock 1 consumed 0.000000, avg temp 45.000000, final temp 45 ) ------
	-------- Loop 2 (sock 2 consumed 0.000000, avg temp 39.500000, final temp 42 ) ------
Loop 3 <line-170> - Time 0.380061 Total energy consumed 28.914255 Ave. Power Level 76.077850
	-------- Loop 3 (sock 1 consumed 15.236895, avg temp 44.400000, final temp 46 ) ------
	-------- Loop 3 (sock 2 consumed 13.677360, avg temp 40.400000, final temp 42 ) ------
Loop 4 <line-192> - Time 0.000314 Total energy consumed 0.054060 Ave. Power Level 172.154092
	-------- Loop 4 (sock 1 consumed 0.022455, avg temp 45.500000, final temp 46 ) ------
	-------- Loop 4 (sock 2 consumed 0.031605, avg temp 40.500000, final temp 42 ) ------
Loop 5 <line-222> - Time 0.131334 Total energy consumed 10.646640 Ave. Power Level 81.065304
	-------- Loop 5 (sock 1 consumed 5.414535, avg temp 45.500000, final temp 46 ) ------
	-------- Loop 5 (sock 2 consumed 5.232105, avg temp 40.500000, final temp 42 ) ------
Loop 6 <line-115> - Time 0.001922 Total energy consumed 0.000000 Ave. Power Level 0.000000
	-------- Loop 6 (sock 1 consumed 0.000000, avg temp 45.333333, final temp 46 ) ------
	-------- Loop 6 (sock 2 consumed 0.000000, avg temp 40.166667, final temp 41 ) ------
Loop 7 <line-334> - Time 0.336279 Total energy consumed 21.469395 Ave. Power Level 63.843972
	-------- Loop 7 (sock 1 consumed 9.917295, avg temp 45.285714, final temp 46 ) ------
	-------- Loop 7 (sock 2 consumed 11.552100, avg temp 40.714286, final temp 42 ) ------
Loop 8 <line-353> - Time 0.000528 Total energy consumed 0.067095 Ave. Power Level 127.018774
	-------- Loop 8 (sock 1 consumed 0.032595, avg temp 45.142857, final temp 46 ) ------
	-------- Loop 8 (sock 2 consumed 0.034500, avg temp 40.714286, final temp 42 ) ------
Loop 9 <line-375> - Time 0.000794 Total energy consumed 0.196125 Ave. Power Level 247.158232
	-------- Loop 9 (sock 1 consumed 0.067230, avg temp 45.285714, final temp 46 ) ------
	-------- Loop 9 (sock 2 consumed 0.128895, avg temp 40.857143, final temp 42 ) ------
Loop 10 <line-85> - Time 0.125730 Total energy consumed 16.111365 Ave. Power Level 128.142542
	-------- Loop 10 (sock 1 consumed 8.176320, avg temp 46.750000, final temp 46 ) ------
	-------- Loop 10 (sock 2 consumed 7.935045, avg temp 41.500000, final temp 42 ) ------
Loop 11 <line-131> - Time 0.002400 Total energy consumed 0.332295 Ave. Power Level 138.437619
	-------- Loop 11 (sock 1 consumed 0.204300, avg temp 47.000000, final temp 46 ) ------
	-------- Loop 11 (sock 2 consumed 0.127995, avg temp 41.500000, final temp 42 ) ------
Loop 12 <line-167> - Time 0.177585 Total energy consumed 23.025750 Ave. Power Level 129.660514
	-------- Loop 12 (sock 1 consumed 11.743140, avg temp 47.000000, final temp 47 ) ------
	-------- Loop 12 (sock 2 consumed 11.282610, avg temp 42.000000, final temp 43 ) ------
Loop 13 <line-213> - Time 3.795471 Total energy consumed 509.946990 Ave. Power Level 134.356719
	-------- Loop 13 (sock 1 consumed 258.471285, avg temp 48.555556, final temp 47 ) ------
	-------- Loop 13 (sock 2 consumed 251.475705, avg temp 44.222222, final temp 43 ) ------
Loop 14 <line-99> - Time 3.272120 Total energy consumed 237.291120 Ave. Power Level 72.519077
	-------- Loop 14 (sock 1 consumed 108.328395, avg temp 46.000000, final temp 47 ) ------
	-------- Loop 14 (sock 2 consumed 128.962725, avg temp 41.833333, final temp 44 ) ------
Loop 15 <line-160> - Time 0.109812 Total energy consumed 7.992030 Ave. Power Level 72.779523
	-------- Loop 15 (sock 1 consumed 3.770655, avg temp 45.166667, final temp 47 ) ------
	-------- Loop 15 (sock 2 consumed 4.221375, avg temp 41.500000, final temp 44 ) ------
Loop 16 <line-269> - Time 2.372993 Total energy consumed 144.089985 Ave. Power Level 60.720788
	-------- Loop 16 (sock 1 consumed 68.735310, avg temp 45.521739, final temp 45 ) ------
	-------- Loop 16 (sock 2 consumed 75.354675, avg temp 40.434783, final temp 43 ) ------
Loop 17 <line-300> - Time 0.001143 Total energy consumed 0.000000 Ave. Power Level 0.000000
	-------- Loop 17 (sock 1 consumed 0.000000, avg temp 45.611111, final temp 44 ) ------
	-------- Loop 17 (sock 2 consumed 0.000000, avg temp 40.277778, final temp 40 ) ------
Loop 18 <line-147> - Time 0.000393 Total energy consumed 0.000000 Ave. Power Level 0.000000
	-------- Loop 18 (sock 1 consumed 0.000000, avg temp 45.000000, final temp 45 ) ------
	-------- Loop 18 (sock 2 consumed 0.000000, avg temp 42.000000, final temp 42 ) ------
Application(EnergyStat) - Time 22.499127 Total energy consumed 1693.818735 Ave. Power Level 75.283754 Final Temperature socket 1 : 47  socket 2 : 43 
