Memory used: 1.29297
Loading 32-bit binary file: pnnl.bin, numvertices: 2361670, numEdges: 191402826
File read time: 1.6627
Before allocating graph
Allocated graph: 0x146d550
Processing edges for vertex: 0, range(0, 166)
Processing edges for vertex: 100000, range(58444108, 58444133)
Processing edges for vertex: 200000, range(84376057, 84376362)
Processing edges for vertex: 300000, range(106069163, 106069503)
Processing edges for vertex: 400000, range(122097114, 122097513)
Processing edges for vertex: 500000, range(135096418, 135096483)
Processing edges for vertex: 600000, range(146097008, 146097061)
Processing edges for vertex: 700000, range(155415410, 155415531)
Processing edges for vertex: 800000, range(162595900, 162595989)
Processing edges for vertex: 900000, range(168508374, 168508464)
Processing edges for vertex: 1000000, range(173203321, 173203442)
Processing edges for vertex: 1100000, range(176935100, 176935110)
Processing edges for vertex: 1200000, range(179876260, 179876270)
Processing edges for vertex: 1300000, range(182240081, 182240092)
Processing edges for vertex: 1400000, range(184224513, 184224521)
Processing edges for vertex: 1500000, range(185795161, 185795170)
Processing edges for vertex: 1600000, range(187104124, 187104130)
Processing edges for vertex: 1700000, range(188148455, 188148461)
Processing edges for vertex: 1800000, range(188997836, 188997842)
Processing edges for vertex: 1900000, range(189691532, 189691535)
Processing edges for vertex: 2000000, range(190254658, 190254660)
Processing edges for vertex: 2100000, range(190705814, 190705822)
Processing edges for vertex: 2200000, range(191052755, 191052764)
Processing edges for vertex: 2300000, range(191302662, 191302663)
Graph populate time: 7.63403
Total I/O time: 9.29677
Running on: 16 threads
Loaded graph from file: pnnl.bin
Memory used: 2949.09
Maximum degree for the graph: 5520
Iteration: 0, conflicts: 49
Iteration: 1, conflicts: 11
Iteration: 2, conflicts: 6
Iteration: 3, conflicts: 3
Iteration: 4, conflicts: 2
Iteration: 5, conflicts: 1
Iteration: 6, conflicts: 0
Total number of colors used: 1193
Total number of conflicts overall: 0
Number of rounds: 7
SUCCESS: No conflicts found
Coloring time: 0.613694
Memory used: 2949.09
Number of reordered colors: 1037
End position for large colors: 0, node count: 550347, largest: 550347
Node count cutoff: 472334
e_xx: 1.24501e+08, a2_x: 6.26267e+11, currMod: 0.650449
e_xx: 1.66666e+08, a2_x: 6.04283e+11, currMod: 0.870743
e_xx: 1.73087e+08, a2_x: 5.9289e+11, currMod: 0.904289
e_xx: 1.75616e+08, a2_x: 5.82179e+11, currMod: 0.917503
e_xx: 1.76818e+08, a2_x: 5.56688e+11, currMod: 0.923783
currMod: 0.917503, prevMod: -1
Louvain time: 6.21838
numClusters: 203414, time: 0.101696
Next phase: 2
Memory used: 2949.09
End Structure 1252725 203414 vs 2706858
Build next level time: 3.15325
Iteration time: 9.47678
Memory used: 2949.09
e_xx: 1.57389e+08, a2_x: 5.55753e+11, currMod: 0.915209
e_xx: 1.6566e+08, a2_x: 3.33701e+11, currMod: 0.963316
e_xx: 1.66883e+08, a2_x: 2.82879e+11, currMod: 0.970429
e_xx: 1.67182e+08, a2_x: 2.74868e+11, currMod: 0.972166
e_xx: 1.67209e+08, a2_x: 2.68603e+11, currMod: 0.972325
e_xx: 1.67296e+08, a2_x: 2.77825e+11, currMod: 0.972833
e_xx: 1.67273e+08, a2_x: 2.71182e+11, currMod: 0.972694
currMod: 0.972833, prevMod: 0.917503
Louvain time: 1.47384
numClusters: 53722, time: 0.014987
Next phase: 3
Memory used: 2949.09
End Structure 536791 53722 vs 1127287
Build next level time: 0.192254
Iteration time: 1.68189
Memory used: 2949.09
e_xx: 1.67296e+08, a2_x: 2.74427e+11, currMod: 0.972806
e_xx: 1.68196e+08, a2_x: 8.85953e+10, currMod: 0.978047
e_xx: 1.684e+08, a2_x: 9.35994e+10, currMod: 0.979228
e_xx: 1.68477e+08, a2_x: 8.80478e+10, currMod: 0.979678
e_xx: 1.68481e+08, a2_x: 7.58472e+10, currMod: 0.979701
e_xx: 1.68487e+08, a2_x: 7.98457e+10, currMod: 0.979734
e_xx: 1.68483e+08, a2_x: 6.82592e+10, currMod: 0.979715
currMod: 0.979734, prevMod: 0.972833
Louvain time: 0.741022
numClusters: 25020, time: 0.004954
Next phase: 4
Memory used: 2949.09
End Structure 172346 25020 vs 369712
Build next level time: 0.071076
Iteration time: 0.817545
Memory used: 2949.09
e_xx: 1.68487e+08, a2_x: 8.23867e+10, currMod: 0.97972
e_xx: 1.68674e+08, a2_x: -2.47879e+09, currMod: 0.980811
e_xx: 1.68682e+08, a2_x: 1.19291e+10, currMod: 0.980858
e_xx: 1.68682e+08, a2_x: 1.38597e+10, currMod: 0.980858
currMod: 0.980858, prevMod: 0.979734
Louvain time: 0.195396
numClusters: 22270, time: 0.003245
Next phase: 5
Memory used: 2949.09
End Structure 99950 22270 vs 222170
Build next level time: 0.035989
Iteration time: 0.235034
Memory used: 2949.09
e_xx: 1.68682e+08, a2_x: 9.70751e+09, currMod: 0.980857
e_xx: 1.68686e+08, a2_x: -1.72713e+10, currMod: 0.980879
e_xx: 1.68686e+08, a2_x: -1.87191e+10, currMod: 0.98088
currMod: 0.980879, prevMod: 0.980858
Louvain time: 0.099447
numClusters: 22069, time: 0.002932
Next phase: 6
Memory used: 2949.09
End Structure 89497 22069 vs 201063
Build next level time: 0.024092
Iteration time: 0.126695
Memory used: 2949.09
e_xx: 1.68686e+08, a2_x: -1.67792e+10, currMod: 0.980879
e_xx: 1.68686e+08, a2_x: -2.16012e+10, currMod: 0.980881
e_xx: 1.68686e+08, a2_x: -2.1106e+10, currMod: 0.980881
currMod: 0.980881, prevMod: 0.980879
Louvain time: 0.089327
numClusters: 22030, time: 0.002916
Next phase: 7
Memory used: 2949.09
End Structure 87027 22030 vs 196084
Build next level time: 0.026822
Iteration time: 0.119253
Memory used: 2949.09
e_xx: 1.68686e+08, a2_x: -2.19293e+10, currMod: 0.980881
e_xx: 1.68686e+08, a2_x: -2.31278e+10, currMod: 0.980881
currMod: 0.980881, prevMod: 0.980881
Louvain time: 0.062387
numClusters: 22030, time: 0.002898
Maximum degree for the graph: 517
Iteration: 0, conflicts: 0
Total number of colors used: 181
Total number of conflicts overall: 0
Number of rounds: 1
SUCCESS: No conflicts found
Number of reordered colors: 180
End position for large colors: 0, node count: 21559, largest: 21559
Node count cutoff: 4406
e_xx: 1.68686e+08, a2_x: -2.50083e+10, currMod: 0.980881
End Structure 86135 22020 vs 194290
currMod: 0.980881, prevMod: 0.980881
numClusters: 22020
Total iteration time: 12.4572

Loop 0 <line-37> - Time 0.000633 Total energy consumed 0.080085 Ave. Power Level 126.605391
	-------- Loop 0 (sock 1 consumed 0.034005, avg temp 46.500000, final temp 46 ) ------
	-------- Loop 0 (sock 2 consumed 0.046080, avg temp 40.500000, final temp 42 ) ------
Loop 1 <line-54> - Time 0.000315 Total energy consumed 0.000000 Ave. Power Level 0.000000
	-------- Loop 1 (sock 1 consumed 0.000000, avg temp 46.500000, final temp 46 ) ------
	-------- Loop 1 (sock 2 consumed 0.000000, avg temp 41.000000, final temp 42 ) ------
Loop 2 <line-76> - Time 0.000341 Total energy consumed 0.000000 Ave. Power Level 0.000000
	-------- Loop 2 (sock 1 consumed 0.000000, avg temp 46.500000, final temp 46 ) ------
	-------- Loop 2 (sock 2 consumed 0.000000, avg temp 41.000000, final temp 42 ) ------
Loop 3 <line-170> - Time 0.349542 Total energy consumed 27.328095 Ave. Power Level 78.182626
	-------- Loop 3 (sock 1 consumed 14.085600, avg temp 48.750000, final temp 47 ) ------
	-------- Loop 3 (sock 2 consumed 13.242495, avg temp 40.250000, final temp 42 ) ------
Loop 4 <line-192> - Time 0.000248 Total energy consumed 0.000000 Ave. Power Level 0.000000
	-------- Loop 4 (sock 1 consumed 0.000000, avg temp 48.000000, final temp 47 ) ------
	-------- Loop 4 (sock 2 consumed 0.000000, avg temp 41.000000, final temp 42 ) ------
Loop 5 <line-222> - Time 0.158666 Total energy consumed 12.022260 Ave. Power Level 75.770714
	-------- Loop 5 (sock 1 consumed 5.166345, avg temp 46.500000, final temp 47 ) ------
	-------- Loop 5 (sock 2 consumed 6.855915, avg temp 41.000000, final temp 42 ) ------
Loop 6 <line-115> - Time 0.001975 Total energy consumed 0.056925 Ave. Power Level 28.822201
	-------- Loop 6 (sock 1 consumed 0.032955, avg temp 47.000000, final temp 47 ) ------
	-------- Loop 6 (sock 2 consumed 0.023970, avg temp 41.142857, final temp 42 ) ------
Loop 7 <line-334> - Time 0.305413 Total energy consumed 20.648910 Ave. Power Level 67.609809
	-------- Loop 7 (sock 1 consumed 10.008000, avg temp 47.250000, final temp 48 ) ------
	-------- Loop 7 (sock 2 consumed 10.640910, avg temp 41.750000, final temp 42 ) ------
Loop 8 <line-353> - Time 0.000441 Total energy consumed 0.000000 Ave. Power Level 0.000000
	-------- Loop 8 (sock 1 consumed 0.000000, avg temp 47.250000, final temp 48 ) ------
	-------- Loop 8 (sock 2 consumed 0.000000, avg temp 41.750000, final temp 42 ) ------
Loop 9 <line-375> - Time 0.000706 Total energy consumed 0.000000 Ave. Power Level 0.000000
	-------- Loop 9 (sock 1 consumed 0.000000, avg temp 47.250000, final temp 48 ) ------
	-------- Loop 9 (sock 2 consumed 0.000000, avg temp 41.750000, final temp 42 ) ------
Loop 10 <line-85> - Time 0.131952 Total energy consumed 17.169960 Ave. Power Level 130.122615
	-------- Loop 10 (sock 1 consumed 8.676660, avg temp 48.250000, final temp 48 ) ------
	-------- Loop 10 (sock 2 consumed 8.493300, avg temp 42.000000, final temp 42 ) ------
Loop 11 <line-131> - Time 0.002352 Total energy consumed 0.278115 Ave. Power Level 118.259749
	-------- Loop 11 (sock 1 consumed 0.142065, avg temp 48.500000, final temp 48 ) ------
	-------- Loop 11 (sock 2 consumed 0.136050, avg temp 42.000000, final temp 42 ) ------
Loop 12 <line-167> - Time 0.181775 Total energy consumed 23.655210 Ave. Power Level 130.134558
	-------- Loop 12 (sock 1 consumed 12.027180, avg temp 48.500000, final temp 48 ) ------
	-------- Loop 12 (sock 2 consumed 11.628030, avg temp 42.000000, final temp 42 ) ------
Loop 13 <line-213> - Time 3.586538 Total energy consumed 487.040085 Ave. Power Level 135.796735
	-------- Loop 13 (sock 1 consumed 249.532860, avg temp 51.500000, final temp 48 ) ------
	-------- Loop 13 (sock 2 consumed 237.507225, avg temp 45.333333, final temp 43 ) ------
Loop 14 <line-99> - Time 3.189221 Total energy consumed 233.850255 Ave. Power Level 73.325207
	-------- Loop 14 (sock 1 consumed 105.362745, avg temp 47.714286, final temp 47 ) ------
	-------- Loop 14 (sock 2 consumed 128.487510, avg temp 41.428571, final temp 41 ) ------
Loop 15 <line-160> - Time 0.097403 Total energy consumed 7.792860 Ave. Power Level 80.006245
	-------- Loop 15 (sock 1 consumed 3.700710, avg temp 47.285714, final temp 47 ) ------
	-------- Loop 15 (sock 2 consumed 4.092150, avg temp 42.142857, final temp 42 ) ------
Loop 16 <line-269> - Time 2.643352 Total energy consumed 162.054540 Ave. Power Level 61.306444
	-------- Loop 16 (sock 1 consumed 78.284880, avg temp 46.346154, final temp 46 ) ------
	-------- Loop 16 (sock 2 consumed 83.769660, avg temp 41.153846, final temp 41 ) ------
Loop 17 <line-300> - Time 0.001411 Total energy consumed 0.000000 Ave. Power Level 0.000000
	-------- Loop 17 (sock 1 consumed 0.000000, avg temp 46.500000, final temp 46 ) ------
	-------- Loop 17 (sock 2 consumed 0.000000, avg temp 41.250000, final temp 41 ) ------
Loop 18 <line-147> - Time 0.000376 Total energy consumed 0.000000 Ave. Power Level 0.000000
	-------- Loop 18 (sock 1 consumed 0.000000, avg temp 46.000000, final temp 46 ) ------
	-------- Loop 18 (sock 2 consumed 0.000000, avg temp 42.000000, final temp 42 ) ------
Application(EnergyStat) - Time 22.473698 Total energy consumed 1686.433170 Ave. Power Level 75.040306 Final Temperature socket 1 : 48  socket 2 : 42 
