

Elapsed time = 2.405301e+02

Run completed:  
   Problem size        =  80 
   Iteration count     =  1925 
   Final Origin Energy = 3.241094e+05 
   Testing Plane 0 of Energy Array:
        MaxAbsDiff   = 9.094947e-11
        TotalAbsDiff = 3.376788e-09
        MaxRelDiff   = 1.406644e-12



Elapsed time = 4.158459e+01



Elapsed time = 1.168253e+01



Elapsed time = 7.981742e+01



Elapsed time = 1.128748e+01



Elapsed time = 3.303990e+00



Elapsed time = 6.931500e-02



Elapsed time = 3.689843e+00



Elapsed time = 6.062496e+01



Elapsed time = 2.370493e+01



Elapsed time = 5.971670e-01



Elapsed time = 3.694155e+00



Elapsed time = 4.657960e-01


Loop 0 <line-1313> - Time 41.581044 Total energy consumed 2846.515830 Ave. Power Level 68.457055 Memory 688962 MemoryRefresh 70189
	-------- Loop 0 (sock 1 consumed 1370.428710, avg temp 45.896104, final temp 47 ) ------
	-------- Loop 0 (sock 2 consumed 1476.087120, avg temp 40.479481, final temp 41 ) ------
Loop 1 <line-1341> - Time 11.678574 Total energy consumed 841.728090 Ave. Power Level 72.074564 Memory 718967 MemoryRefresh 19265
	-------- Loop 1 (sock 1 consumed 387.179910, avg temp 45.627532, final temp 46 ) ------
	-------- Loop 1 (sock 2 consumed 454.548180, avg temp 40.276364, final temp 41 ) ------
Loop 2 <line-2361> - Time 79.813176 Total energy consumed 5742.273510 Ave. Power Level 71.946435 Memory 747075 MemoryRefresh 135299
	-------- Loop 2 (sock 1 consumed 2805.828015, avg temp 46.238442, final temp 46 ) ------
	-------- Loop 2 (sock 2 consumed 2936.445495, avg temp 40.833247, final temp 41 ) ------
Loop 3 <line-2389> - Time 11.283510 Total energy consumed 826.172970 Ave. Power Level 73.219498 Memory 701948 MemoryRefresh 18676
	-------- Loop 3 (sock 1 consumed 381.354030, avg temp 45.850909, final temp 46 ) ------
	-------- Loop 3 (sock 2 consumed 444.818940, avg temp 40.511688, final temp 41 ) ------
Loop 4 <line-2440> - Time 3.301487 Total energy consumed 210.710685 Ave. Power Level 63.822969 Memory 124238 MemoryRefresh 5221
	-------- Loop 4 (sock 1 consumed 105.364290, avg temp 45.804675, final temp 47 ) ------
	-------- Loop 4 (sock 2 consumed 105.346395, avg temp 40.412468, final temp 41 ) ------
Loop 5 <line-2460> - Time 0.068262 Total energy consumed 5.370525 Ave. Power Level 78.675534 Memory 2868 MemoryRefresh 141
	-------- Loop 5 (sock 1 consumed 2.658630, avg temp 45.798961, final temp 47 ) ------
	-------- Loop 5 (sock 2 consumed 2.711895, avg temp 40.411948, final temp 41 ) ------
Loop 6 <line-2514> - Time 3.687248 Total energy consumed 264.695850 Ave. Power Level 71.786829 Memory 132242 MemoryRefresh 6453
	-------- Loop 6 (sock 1 consumed 125.430285, avg temp 45.759481, final temp 46 ) ------
	-------- Loop 6 (sock 2 consumed 139.265565, avg temp 40.367273, final temp 41 ) ------
Loop 7 <line-3918> - Time 60.621015 Total energy consumed 4122.537690 Ave. Power Level 68.005092 Memory 534638 MemoryRefresh 102749
	-------- Loop 7 (sock 1 consumed 2004.557385, avg temp 45.945974, final temp 46 ) ------
	-------- Loop 7 (sock 2 consumed 2117.980305, avg temp 40.543896, final temp 41 ) ------
Loop 8 <line-3968> - Time 23.701188 Total energy consumed 1560.815400 Ave. Power Level 65.853888 Memory 392839 MemoryRefresh 39994
	-------- Loop 8 (sock 1 consumed 753.619995, avg temp 45.843117, final temp 46 ) ------
	-------- Loop 8 (sock 2 consumed 807.195405, avg temp 40.413506, final temp 41 ) ------
Loop 9 <line-3990> - Time 0.595687 Total energy consumed 26.439300 Ave. Power Level 44.384566 Memory 5953 MemoryRefresh 686
	-------- Loop 9 (sock 1 consumed 12.616605, avg temp 45.844156, final temp 46 ) ------
	-------- Loop 9 (sock 2 consumed 13.822695, avg temp 40.425455, final temp 41 ) ------
Loop 10 <line-4056> - Time 3.692857 Total energy consumed 250.832700 Ave. Power Level 67.923747 Memory 70830 MemoryRefresh 6499
	-------- Loop 10 (sock 1 consumed 121.189320, avg temp 45.836883, final temp 47 ) ------
	-------- Loop 10 (sock 2 consumed 129.643380, avg temp 40.410909, final temp 41 ) ------
Loop 11 <line-4117> - Time 0.464827 Total energy consumed 24.691785 Ave. Power Level 53.120379 Memory 4729 MemoryRefresh 774
	-------- Loop 11 (sock 1 consumed 11.754900, avg temp 45.810390, final temp 46 ) ------
	-------- Loop 11 (sock 2 consumed 12.936885, avg temp 40.393247, final temp 41 ) ------
Application(EnergyStat) - Time 240.742090 Total energy consumed 16734.957390 Ave. Power Level 69.514049 Memory 4126848 MemoryRefresh 406334 Final Temperature socket 1 : 45  socket 2 : 41 
	 ParallelApplication(EnergyStat) - Time 240.488875 Total energy consumed 16722.784335 Ave. Power Level 69.536623 Memory 4125289 MemoryRefresh 405946


Elapsed time = 2.398605e+02

Run completed:  
   Problem size        =  80 
   Iteration count     =  1925 
   Final Origin Energy = 3.241094e+05 
   Testing Plane 0 of Energy Array:
        MaxAbsDiff   = 9.094947e-11
        TotalAbsDiff = 3.376788e-09
        MaxRelDiff   = 1.406644e-12



Elapsed time = 4.102190e+01



Elapsed time = 1.150452e+01



Elapsed time = 7.970542e+01



Elapsed time = 1.110514e+01



Elapsed time = 3.354754e+00



Elapsed time = 7.456100e-02



Elapsed time = 3.832458e+00



Elapsed time = 6.083515e+01



Elapsed time = 2.364124e+01



Elapsed time = 6.107680e-01



Elapsed time = 3.697029e+00



Elapsed time = 4.693800e-01


Loop 0 <line-1313> - Time 41.018395 Total energy consumed 2816.291295 Ave. Power Level 68.659227 Memory 694437 MemoryRefresh 69294
	-------- Loop 0 (sock 1 consumed 1354.334760, avg temp 46.547532, final temp 46 ) ------
	-------- Loop 0 (sock 2 consumed 1461.956535, avg temp 40.816104, final temp 42 ) ------
Loop 1 <line-1341> - Time 11.500654 Total energy consumed 839.388900 Ave. Power Level 72.986187 Memory 18150238321 MemoryRefresh 18818
	-------- Loop 1 (sock 1 consumed 386.745660, avg temp 46.277922, final temp 46 ) ------
	-------- Loop 1 (sock 2 consumed 452.643240, avg temp 40.611429, final temp 42 ) ------
Loop 2 <line-2361> - Time 79.701200 Total energy consumed 5737.753800 Ave. Power Level 71.990808 Memory 762199 MemoryRefresh 135283
	-------- Loop 2 (sock 1 consumed 2801.294730, avg temp 46.908571, final temp 47 ) ------
	-------- Loop 2 (sock 2 consumed 2936.459070, avg temp 41.154286, final temp 42 ) ------
Loop 3 <line-2389> - Time 11.101711 Total energy consumed 809.821605 Ave. Power Level 72.945658 Memory 685303 MemoryRefresh 18081
	-------- Loop 3 (sock 1 consumed 372.998010, avg temp 46.512727, final temp 48 ) ------
	-------- Loop 3 (sock 2 consumed 436.823595, avg temp 40.811948, final temp 41 ) ------
Loop 4 <line-2440> - Time 3.352524 Total energy consumed 226.630620 Ave. Power Level 67.600000 Memory 134358 MemoryRefresh 5634
	-------- Loop 4 (sock 1 consumed 112.705050, avg temp 46.449870, final temp 47 ) ------
	-------- Loop 4 (sock 2 consumed 113.925570, avg temp 40.737662, final temp 42 ) ------
Loop 5 <line-2460> - Time 0.073520 Total energy consumed 4.544640 Ave. Power Level 61.814628 Memory 2417 MemoryRefresh 130
	-------- Loop 5 (sock 1 consumed 2.197530, avg temp 46.446753, final temp 47 ) ------
	-------- Loop 5 (sock 2 consumed 2.347110, avg temp 40.732468, final temp 42 ) ------
Loop 6 <line-2514> - Time 3.830089 Total energy consumed 274.164855 Ave. Power Level 71.581844 Memory 138515 MemoryRefresh 6489
	-------- Loop 6 (sock 1 consumed 131.030265, avg temp 46.402078, final temp 48 ) ------
	-------- Loop 6 (sock 2 consumed 143.134590, avg temp 40.695065, final temp 42 ) ------
Loop 7 <line-3918> - Time 60.831404 Total energy consumed 4134.393450 Ave. Power Level 67.964787 Memory 536285 MemoryRefresh 103075
	-------- Loop 7 (sock 1 consumed 2009.398590, avg temp 46.621818, final temp 47 ) ------
	-------- Loop 7 (sock 2 consumed 2124.994860, avg temp 40.857143, final temp 42 ) ------
Loop 8 <line-3968> - Time 23.637711 Total energy consumed 1568.015595 Ave. Power Level 66.335341 Memory 390920 MemoryRefresh 39906
	-------- Loop 8 (sock 1 consumed 756.683130, avg temp 46.499740, final temp 47 ) ------
	-------- Loop 8 (sock 2 consumed 811.332465, avg temp 40.756883, final temp 42 ) ------
Loop 9 <line-3990> - Time 0.609240 Total energy consumed 32.301660 Ave. Power Level 53.019600 Memory 7894 MemoryRefresh 923
	-------- Loop 9 (sock 1 consumed 15.590640, avg temp 46.494026, final temp 47 ) ------
	-------- Loop 9 (sock 2 consumed 16.711020, avg temp 40.760519, final temp 42 ) ------
Loop 10 <line-4056> - Time 3.695696 Total energy consumed 239.925390 Ave. Power Level 64.920226 Memory 68923 MemoryRefresh 6254
	-------- Loop 10 (sock 1 consumed 116.128530, avg temp 46.476883, final temp 48 ) ------
	-------- Loop 10 (sock 2 consumed 123.796860, avg temp 40.715844, final temp 42 ) ------
Loop 11 <line-4117> - Time 0.468206 Total energy consumed 31.789350 Ave. Power Level 67.896113 Memory 5418 MemoryRefresh 893
	-------- Loop 11 (sock 1 consumed 15.425760, avg temp 46.460779, final temp 48 ) ------
	-------- Loop 11 (sock 2 consumed 16.363590, avg temp 40.708571, final temp 42 ) ------
Application(EnergyStat) - Time 240.067788 Total energy consumed 16726.638180 Ave. Power Level 69.674646 Memory 18153666957 MemoryRefresh 405180 Final Temperature socket 1 : 47  socket 2 : 41 
	 ParallelApplication(EnergyStat) - Time 239.820350 Total energy consumed 16715.021160 Ave. Power Level 69.698093 Memory 18153664990 MemoryRefresh 404780


Elapsed time = 2.402903e+02

Run completed:  
   Problem size        =  80 
   Iteration count     =  1925 
   Final Origin Energy = 3.241094e+05 
   Testing Plane 0 of Energy Array:
        MaxAbsDiff   = 9.094947e-11
        TotalAbsDiff = 3.376788e-09
        MaxRelDiff   = 1.406644e-12



Elapsed time = 4.122858e+01



Elapsed time = 1.168355e+01



Elapsed time = 7.994564e+01



Elapsed time = 1.126806e+01



Elapsed time = 3.304266e+00



Elapsed time = 7.820700e-02



Elapsed time = 3.695320e+00



Elapsed time = 6.061648e+01



Elapsed time = 2.369707e+01



Elapsed time = 6.033540e-01



Elapsed time = 3.692230e+00



Elapsed time = 4.691500e-01


Loop 0 <line-1313> - Time 41.225019 Total energy consumed 2831.641560 Ave. Power Level 68.687453 Memory 18411530497 MemoryRefresh 69694
	-------- Loop 0 (sock 1 consumed 1364.848395, avg temp 46.834805, final temp 46 ) ------
	-------- Loop 0 (sock 2 consumed 1466.793165, avg temp 40.928312, final temp 42 ) ------
Loop 1 <line-1341> - Time 11.679931 Total energy consumed 842.550060 Ave. Power Level 72.136563 Memory 724331 MemoryRefresh 19233
	-------- Loop 1 (sock 1 consumed 388.257540, avg temp 46.533506, final temp 47 ) ------
	-------- Loop 1 (sock 2 consumed 454.292520, avg temp 40.721039, final temp 42 ) ------
Loop 2 <line-2361> - Time 79.941576 Total energy consumed 5753.611665 Ave. Power Level 71.972708 Memory 769592 MemoryRefresh 135583
	-------- Loop 2 (sock 1 consumed 2814.822000, avg temp 47.207273, final temp 48 ) ------
	-------- Loop 2 (sock 2 consumed 2938.789665, avg temp 41.305455, final temp 43 ) ------
Loop 3 <line-2389> - Time 11.264260 Total energy consumed 822.722295 Ave. Power Level 73.038292 Memory 699855 MemoryRefresh 18407
	-------- Loop 3 (sock 1 consumed 379.465635, avg temp 46.794805, final temp 47 ) ------
	-------- Loop 3 (sock 2 consumed 443.256660, avg temp 40.956883, final temp 42 ) ------
Loop 4 <line-2440> - Time 3.302219 Total energy consumed 213.983820 Ave. Power Level 64.800009 Memory 130972 MemoryRefresh 5462
	-------- Loop 4 (sock 1 consumed 106.767825, avg temp 46.755844, final temp 47 ) ------
	-------- Loop 4 (sock 2 consumed 107.215995, avg temp 40.870649, final temp 42 ) ------
Loop 5 <line-2460> - Time 0.077162 Total energy consumed 4.942140 Ave. Power Level 64.049178 Memory 1967 MemoryRefresh 102
	-------- Loop 5 (sock 1 consumed 2.307165, avg temp 46.754286, final temp 47 ) ------
	-------- Loop 5 (sock 2 consumed 2.634975, avg temp 40.869091, final temp 42 ) ------
Loop 6 <line-2514> - Time 3.693016 Total energy consumed 268.888470 Ave. Power Level 72.809987 Memory 132434 MemoryRefresh 6346
	-------- Loop 6 (sock 1 consumed 128.062920, avg temp 46.711688, final temp 47 ) ------
	-------- Loop 6 (sock 2 consumed 140.825550, avg temp 40.853506, final temp 42 ) ------
Loop 7 <line-3918> - Time 60.612713 Total energy consumed 4108.282365 Ave. Power Level 67.779219 Memory 534001 MemoryRefresh 102512
	-------- Loop 7 (sock 1 consumed 2000.758515, avg temp 46.885195, final temp 47 ) ------
	-------- Loop 7 (sock 2 consumed 2107.523850, avg temp 40.996364, final temp 42 ) ------
Loop 8 <line-3968> - Time 23.693369 Total energy consumed 1578.003240 Ave. Power Level 66.601049 Memory 392987 MemoryRefresh 40227
	-------- Loop 8 (sock 1 consumed 762.464025, avg temp 46.797922, final temp 47 ) ------
	-------- Loop 8 (sock 2 consumed 815.539215, avg temp 40.884156, final temp 42 ) ------
Loop 9 <line-3990> - Time 0.601842 Total energy consumed 30.514215 Ave. Power Level 50.701336 Memory 7664 MemoryRefresh 890
	-------- Loop 9 (sock 1 consumed 15.277275, avg temp 46.792727, final temp 47 ) ------
	-------- Loop 9 (sock 2 consumed 15.236940, avg temp 40.890390, final temp 42 ) ------
Loop 10 <line-4056> - Time 3.690796 Total energy consumed 240.267780 Ave. Power Level 65.099184 Memory 69125 MemoryRefresh 6188
	-------- Loop 10 (sock 1 consumed 116.828535, avg temp 46.771429, final temp 47 ) ------
	-------- Loop 10 (sock 2 consumed 123.439245, avg temp 40.841558, final temp 42 ) ------
Loop 11 <line-4117> - Time 0.468159 Total energy consumed 30.422400 Ave. Power Level 64.982993 Memory 5384 MemoryRefresh 891
	-------- Loop 11 (sock 1 consumed 14.159775, avg temp 46.737143, final temp 47 ) ------
	-------- Loop 11 (sock 2 consumed 16.262625, avg temp 40.814545, final temp 42 ) ------
Application(EnergyStat) - Time 240.496779 Total energy consumed 16737.223620 Ave. Power Level 69.594377 Memory 18415000501 MemoryRefresh 405924 Final Temperature socket 1 : 47  socket 2 : 42 
	 ParallelApplication(EnergyStat) - Time 240.250062 Total energy consumed 16725.830010 Ave. Power Level 69.618421 Memory 18414998809 MemoryRefresh 405535


Elapsed time = 2.404446e+02

Run completed:  
   Problem size        =  80 
   Iteration count     =  1925 
   Final Origin Energy = 3.241094e+05 
   Testing Plane 0 of Energy Array:
        MaxAbsDiff   = 9.094947e-11
        TotalAbsDiff = 3.376788e-09
        MaxRelDiff   = 1.406644e-12



Elapsed time = 4.167476e+01



Elapsed time = 1.153988e+01



Elapsed time = 7.969251e+01



Elapsed time = 1.114626e+01



Elapsed time = 3.367874e+00



Elapsed time = 7.188600e-02



Elapsed time = 3.788248e+00



Elapsed time = 6.065749e+01



Elapsed time = 2.371405e+01



Elapsed time = 6.184050e-01



Elapsed time = 3.700614e+00



Elapsed time = 4.646450e-01


Loop 0 <line-1313> - Time 41.671572 Total energy consumed 2857.482960 Ave. Power Level 68.571519 Memory 692799 MemoryRefresh 70402
	-------- Loop 0 (sock 1 consumed 1379.590425, avg temp 47.420260, final temp 47 ) ------
	-------- Loop 0 (sock 2 consumed 1477.892535, avg temp 41.707532, final temp 40 ) ------
Loop 1 <line-1341> - Time 11.536056 Total energy consumed 838.059060 Ave. Power Level 72.646930 Memory 715474 MemoryRefresh 19000
	-------- Loop 1 (sock 1 consumed 386.425440, avg temp 47.145974, final temp 47 ) ------
	-------- Loop 1 (sock 2 consumed 451.633620, avg temp 41.451429, final temp 40 ) ------
Loop 2 <line-2361> - Time 79.688352 Total energy consumed 5736.817860 Ave. Power Level 71.990670 Memory 758764 MemoryRefresh 135138
	-------- Loop 2 (sock 1 consumed 2807.685885, avg temp 47.753766, final temp 47 ) ------
	-------- Loop 2 (sock 2 consumed 2929.131975, avg temp 42.100779, final temp 41 ) ------
Loop 3 <line-2389> - Time 11.142381 Total energy consumed 815.472825 Ave. Power Level 73.186587 Memory 696870 MemoryRefresh 18286
	-------- Loop 3 (sock 1 consumed 376.094070, avg temp 47.381299, final temp 46 ) ------
	-------- Loop 3 (sock 2 consumed 439.378755, avg temp 41.723636, final temp 41 ) ------
Loop 4 <line-2440> - Time 3.365486 Total energy consumed 220.219485 Ave. Power Level 65.434667 Memory 131712 MemoryRefresh 5524
	-------- Loop 4 (sock 1 consumed 110.336355, avg temp 47.348571, final temp 47 ) ------
	-------- Loop 4 (sock 2 consumed 109.883130, avg temp 41.638961, final temp 41 ) ------
Loop 5 <line-2460> - Time 0.070681 Total energy consumed 4.750755 Ave. Power Level 67.213573 Memory 2599 MemoryRefresh 136
	-------- Loop 5 (sock 1 consumed 2.477595, avg temp 47.344935, final temp 47 ) ------
	-------- Loop 5 (sock 2 consumed 2.273160, avg temp 41.637403, final temp 41 ) ------
Loop 6 <line-2514> - Time 3.785532 Total energy consumed 272.717280 Ave. Power Level 72.041989 Memory 135636 MemoryRefresh 6577
	-------- Loop 6 (sock 1 consumed 129.735360, avg temp 47.269610, final temp 47 ) ------
	-------- Loop 6 (sock 2 consumed 142.981920, avg temp 41.585455, final temp 41 ) ------
Loop 7 <line-3918> - Time 60.653639 Total energy consumed 4123.229640 Ave. Power Level 67.979922 Memory 532792 MemoryRefresh 102618
	-------- Loop 7 (sock 1 consumed 2010.123750, avg temp 47.473766, final temp 47 ) ------
	-------- Loop 7 (sock 2 consumed 2113.105890, avg temp 41.783377, final temp 41 ) ------
Loop 8 <line-3968> - Time 23.710536 Total energy consumed 1565.814180 Ave. Power Level 66.038751 Memory 392490 MemoryRefresh 39999
	-------- Loop 8 (sock 1 consumed 757.317930, avg temp 47.367273, final temp 46 ) ------
	-------- Loop 8 (sock 2 consumed 808.496250, avg temp 41.672727, final temp 41 ) ------
Loop 9 <line-3990> - Time 0.616887 Total energy consumed 35.643750 Ave. Power Level 57.780029 Memory 8941 MemoryRefresh 1026
	-------- Loop 9 (sock 1 consumed 17.173920, avg temp 47.369870, final temp 46 ) ------
	-------- Loop 9 (sock 2 consumed 18.469830, avg temp 41.663896, final temp 41 ) ------
Loop 10 <line-4056> - Time 3.699274 Total energy consumed 242.932185 Ave. Power Level 65.670241 Memory 17143111401 MemoryRefresh 6347
	-------- Loop 10 (sock 1 consumed 118.393185, avg temp 47.334545, final temp 47 ) ------
	-------- Loop 10 (sock 2 consumed 124.539000, avg temp 41.612987, final temp 41 ) ------
Loop 11 <line-4117> - Time 0.463664 Total energy consumed 26.850735 Ave. Power Level 57.909843 Memory 4296 MemoryRefresh 713
	-------- Loop 11 (sock 1 consumed 12.527730, avg temp 47.314286, final temp 47 ) ------
	-------- Loop 11 (sock 2 consumed 14.323005, avg temp 41.590130, final temp 41 ) ------
Application(EnergyStat) - Time 240.651555 Total energy consumed 16752.174195 Ave. Power Level 69.611743 Memory 17147185570 MemoryRefresh 406161 Final Temperature socket 1 : 47  socket 2 : 41 
	 ParallelApplication(EnergyStat) - Time 240.404060 Total energy consumed 16739.990715 Ave. Power Level 69.632729 Memory 17147183774 MemoryRefresh 405766


Elapsed time = 2.399147e+02

Run completed:  
   Problem size        =  80 
   Iteration count     =  1925 
   Final Origin Energy = 3.241094e+05 
   Testing Plane 0 of Energy Array:
        MaxAbsDiff   = 9.094947e-11
        TotalAbsDiff = 3.376788e-09
        MaxRelDiff   = 1.406644e-12



Elapsed time = 4.110944e+01



Elapsed time = 1.142502e+01



Elapsed time = 7.989198e+01



Elapsed time = 1.104483e+01



Elapsed time = 3.317305e+00



Elapsed time = 9.547700e-02



Elapsed time = 3.705517e+00



Elapsed time = 6.080351e+01



Elapsed time = 2.374969e+01



Elapsed time = 6.040160e-01



Elapsed time = 3.693582e+00



Elapsed time = 4.662830e-01


Loop 0 <line-1313> - Time 41.105909 Total energy consumed 2822.098200 Ave. Power Level 68.654320 Memory 699820 MemoryRefresh 69427
	-------- Loop 0 (sock 1 consumed 1359.000570, avg temp 47.069091, final temp 48 ) ------
	-------- Loop 0 (sock 2 consumed 1463.097630, avg temp 40.917922, final temp 41 ) ------
Loop 1 <line-1341> - Time 11.421153 Total energy consumed 834.286155 Ave. Power Level 73.047457 Memory 722834 MemoryRefresh 18795
	-------- Loop 1 (sock 1 consumed 385.040145, avg temp 46.778182, final temp 48 ) ------
	-------- Loop 1 (sock 2 consumed 449.246010, avg temp 40.723117, final temp 41 ) ------
Loop 2 <line-2361> - Time 79.887813 Total energy consumed 5746.470060 Ave. Power Level 71.931748 Memory 769136 MemoryRefresh 135423
	-------- Loop 2 (sock 1 consumed 2810.448390, avg temp 47.421818, final temp 48 ) ------
	-------- Loop 2 (sock 2 consumed 2936.021670, avg temp 41.280000, final temp 42 ) ------
Loop 3 <line-2389> - Time 11.041003 Total energy consumed 809.262150 Ave. Power Level 73.296075 Memory 698613 MemoryRefresh 18131
	-------- Loop 3 (sock 1 consumed 373.585635, avg temp 47.015065, final temp 48 ) ------
	-------- Loop 3 (sock 2 consumed 435.676515, avg temp 40.952727, final temp 41 ) ------
Loop 4 <line-2440> - Time 3.315349 Total energy consumed 217.904190 Ave. Power Level 65.725872 Memory 133989 MemoryRefresh 5487
	-------- Loop 4 (sock 1 consumed 108.792630, avg temp 46.981818, final temp 48 ) ------
	-------- Loop 4 (sock 2 consumed 109.111560, avg temp 40.863377, final temp 41 ) ------
Loop 5 <line-2460> - Time 0.094472 Total energy consumed 4.486545 Ave. Power Level 47.490593 Memory 1895 MemoryRefresh 99
	-------- Loop 5 (sock 1 consumed 2.311650, avg temp 46.978701, final temp 48 ) ------
	-------- Loop 5 (sock 2 consumed 2.174895, avg temp 40.861299, final temp 41 ) ------
Loop 6 <line-2514> - Time 3.702725 Total energy consumed 272.125455 Ave. Power Level 73.493295 Memory 132421 MemoryRefresh 6385
	-------- Loop 6 (sock 1 consumed 128.292315, avg temp 46.932987, final temp 48 ) ------
	-------- Loop 6 (sock 2 consumed 143.833140, avg temp 40.830649, final temp 41 ) ------
Loop 7 <line-3918> - Time 60.799559 Total energy consumed 4128.257670 Ave. Power Level 67.899468 Memory 532328 MemoryRefresh 102857
	-------- Loop 7 (sock 1 consumed 2012.178195, avg temp 47.117922, final temp 48 ) ------
	-------- Loop 7 (sock 2 consumed 2116.079475, avg temp 40.965195, final temp 42 ) ------
Loop 8 <line-3968> - Time 23.746000 Total energy consumed 1576.899510 Ave. Power Level 66.406952 Memory 391818 MemoryRefresh 40317
	-------- Loop 8 (sock 1 consumed 762.241185, avg temp 47.010390, final temp 48 ) ------
	-------- Loop 8 (sock 2 consumed 814.658325, avg temp 40.872208, final temp 41 ) ------
Loop 9 <line-3990> - Time 0.602517 Total energy consumed 33.849150 Ave. Power Level 56.179546 Memory 7844 MemoryRefresh 900
	-------- Loop 9 (sock 1 consumed 16.334940, avg temp 47.026494, final temp 48 ) ------
	-------- Loop 9 (sock 2 consumed 17.514210, avg temp 40.875844, final temp 41 ) ------
Loop 10 <line-4056> - Time 3.692338 Total energy consumed 244.056780 Ave. Power Level 66.098168 Memory 69540 MemoryRefresh 6369
	-------- Loop 10 (sock 1 consumed 117.152625, avg temp 46.996883, final temp 48 ) ------
	-------- Loop 10 (sock 2 consumed 126.904155, avg temp 40.841039, final temp 40 ) ------
Loop 11 <line-4117> - Time 0.465286 Total energy consumed 28.065240 Ave. Power Level 60.318259 Memory 4565 MemoryRefresh 784
	-------- Loop 11 (sock 1 consumed 13.514550, avg temp 46.977143, final temp 48 ) ------
	-------- Loop 11 (sock 2 consumed 14.550690, avg temp 40.823896, final temp 41 ) ------
Application(EnergyStat) - Time 240.125966 Total energy consumed 16729.754940 Ave. Power Level 69.670745 Memory 4166731 MemoryRefresh 405377 Final Temperature socket 1 : 48  socket 2 : 41 
	 ParallelApplication(EnergyStat) - Time 239.874124 Total energy consumed 16717.761105 Ave. Power Level 69.693891 Memory 4164803 MemoryRefresh 404974


Elapsed time = 2.409739e+02

Run completed:  
   Problem size        =  80 
   Iteration count     =  1925 
   Final Origin Energy = 3.241094e+05 
   Testing Plane 0 of Energy Array:
        MaxAbsDiff   = 9.094947e-11
        TotalAbsDiff = 3.376788e-09
        MaxRelDiff   = 1.406644e-12



Elapsed time = 4.212378e+01



Elapsed time = 1.149219e+01



Elapsed time = 7.973223e+01



Elapsed time = 1.110034e+01



Elapsed time = 3.374768e+00



Elapsed time = 8.017100e-02



Elapsed time = 3.849640e+00



Elapsed time = 6.073911e+01



Elapsed time = 2.371127e+01



Elapsed time = 6.019380e-01



Elapsed time = 3.697366e+00



Elapsed time = 4.629680e-01


Loop 0 <line-1313> - Time 42.120302 Total energy consumed 2893.295265 Ave. Power Level 68.691228 Memory 699065 MemoryRefresh 71273
	-------- Loop 0 (sock 1 consumed 1395.671400, avg temp 47.547532, final temp 47 ) ------
	-------- Loop 0 (sock 2 consumed 1497.623865, avg temp 41.352727, final temp 40 ) ------
Loop 1 <line-1341> - Time 11.488279 Total energy consumed 833.904405 Ave. Power Level 72.587410 Memory 710546 MemoryRefresh 18845
	-------- Loop 1 (sock 1 consumed 384.900480, avg temp 47.265455, final temp 47 ) ------
	-------- Loop 1 (sock 2 consumed 449.003925, avg temp 41.092468, final temp 40 ) ------
Loop 2 <line-2361> - Time 79.728061 Total energy consumed 5741.023080 Ave. Power Level 72.007559 Memory 768282 MemoryRefresh 135264
	-------- Loop 2 (sock 1 consumed 2807.313135, avg temp 47.884675, final temp 48 ) ------
	-------- Loop 2 (sock 2 consumed 2933.709945, avg temp 41.741818, final temp 41 ) ------
Loop 3 <line-2389> - Time 11.096608 Total energy consumed 808.837530 Ave. Power Level 72.890519 Memory 691006 MemoryRefresh 18045
	-------- Loop 3 (sock 1 consumed 373.222020, avg temp 47.518442, final temp 48 ) ------
	-------- Loop 3 (sock 2 consumed 435.615510, avg temp 41.365714, final temp 40 ) ------
Loop 4 <line-2440> - Time 3.372703 Total energy consumed 221.322285 Ave. Power Level 65.621633 Memory 132087 MemoryRefresh 5574
	-------- Loop 4 (sock 1 consumed 109.809915, avg temp 47.472208, final temp 47 ) ------
	-------- Loop 4 (sock 2 consumed 111.512370, avg temp 41.267532, final temp 40 ) ------
Loop 5 <line-2460> - Time 0.078904 Total energy consumed 5.674605 Ave. Power Level 71.917960 Memory 1930 MemoryRefresh 104
	-------- Loop 5 (sock 1 consumed 2.689935, avg temp 47.470649, final temp 47 ) ------
	-------- Loop 5 (sock 2 consumed 2.984670, avg temp 41.261299, final temp 40 ) ------
Loop 6 <line-2514> - Time 3.847246 Total energy consumed 279.631665 Ave. Power Level 72.683600 Memory 140507 MemoryRefresh 6740
	-------- Loop 6 (sock 1 consumed 133.429860, avg temp 47.409870, final temp 48 ) ------
	-------- Loop 6 (sock 2 consumed 146.201805, avg temp 41.217662, final temp 41 ) ------
Loop 7 <line-3918> - Time 60.735234 Total energy consumed 4127.374065 Ave. Power Level 67.956832 Memory 17166819243 MemoryRefresh 102804
	-------- Loop 7 (sock 1 consumed 2010.386100, avg temp 47.628052, final temp 48 ) ------
	-------- Loop 7 (sock 2 consumed 2116.987965, avg temp 41.398961, final temp 40 ) ------
Loop 8 <line-3968> - Time 23.707707 Total energy consumed 1568.916630 Ave. Power Level 66.177494 Memory 393094 MemoryRefresh 40074
	-------- Loop 8 (sock 1 consumed 758.197980, avg temp 47.513247, final temp 48 ) ------
	-------- Loop 8 (sock 2 consumed 810.718650, avg temp 41.293506, final temp 40 ) ------
Loop 9 <line-3990> - Time 0.600405 Total energy consumed 28.844985 Ave. Power Level 48.042560 Memory 6533 MemoryRefresh 746
	-------- Loop 9 (sock 1 consumed 14.100060, avg temp 47.506494, final temp 48 ) ------
	-------- Loop 9 (sock 2 consumed 14.744925, avg temp 41.287792, final temp 40 ) ------
Loop 10 <line-4056> - Time 3.696016 Total energy consumed 248.657940 Ave. Power Level 67.277282 Memory 70683 MemoryRefresh 6515
	-------- Loop 10 (sock 1 consumed 120.510855, avg temp 47.451429, final temp 47 ) ------
	-------- Loop 10 (sock 2 consumed 128.147085, avg temp 41.254545, final temp 40 ) ------
Loop 11 <line-4117> - Time 0.462009 Total energy consumed 24.357105 Ave. Power Level 52.719943 Memory 4159 MemoryRefresh 690
	-------- Loop 11 (sock 1 consumed 11.850255, avg temp 47.441558, final temp 47 ) ------
	-------- Loop 11 (sock 2 consumed 12.506850, avg temp 41.238961, final temp 40 ) ------
Application(EnergyStat) - Time 241.181541 Total energy consumed 16793.736795 Ave. Power Level 69.631103 Memory 17170438853 MemoryRefresh 407058 Final Temperature socket 1 : 47  socket 2 : 40 
	 ParallelApplication(EnergyStat) - Time 240.933474 Total energy consumed 16781.839560 Ave. Power Level 69.653416 Memory 17170437135 MemoryRefresh 406674


Elapsed time = 2.394816e+02

Run completed:  
   Problem size        =  80 
   Iteration count     =  1925 
   Final Origin Energy = 3.241094e+05 
   Testing Plane 0 of Energy Array:
        MaxAbsDiff   = 9.094947e-11
        TotalAbsDiff = 3.376788e-09
        MaxRelDiff   = 1.406644e-12



Elapsed time = 4.100190e+01



Elapsed time = 1.139027e+01



Elapsed time = 7.980244e+01



Elapsed time = 1.103222e+01



Elapsed time = 3.310682e+00



Elapsed time = 6.587900e-02



Elapsed time = 3.703269e+00



Elapsed time = 6.068360e+01



Elapsed time = 2.370003e+01



Elapsed time = 6.271850e-01



Elapsed time = 3.692258e+00



Elapsed time = 4.638480e-01


Loop 0 <line-1313> - Time 40.998478 Total energy consumed 2816.196390 Ave. Power Level 68.690266 Memory 694810 MemoryRefresh 69277
	-------- Loop 0 (sock 1 consumed 1355.846805, avg temp 47.699221, final temp 48 ) ------
	-------- Loop 0 (sock 2 consumed 1460.349585, avg temp 41.280519, final temp 42 ) ------
Loop 1 <line-1341> - Time 11.386364 Total energy consumed 833.366790 Ave. Power Level 73.189894 Memory 719707 MemoryRefresh 18766
	-------- Loop 1 (sock 1 consumed 385.141410, avg temp 47.434805, final temp 47 ) ------
	-------- Loop 1 (sock 2 consumed 448.225380, avg temp 41.063896, final temp 41 ) ------
Loop 2 <line-2361> - Time 79.798161 Total energy consumed 5752.024515 Ave. Power Level 72.082169 Memory 764497 MemoryRefresh 135364
	-------- Loop 2 (sock 1 consumed 2811.984390, avg temp 48.045714, final temp 49 ) ------
	-------- Loop 2 (sock 2 consumed 2940.040125, avg temp 41.669091, final temp 41 ) ------
Loop 3 <line-2389> - Time 11.028407 Total energy consumed 810.800520 Ave. Power Level 73.519280 Memory 695560 MemoryRefresh 18085
	-------- Loop 3 (sock 1 consumed 373.884630, avg temp 47.664935, final temp 48 ) ------
	-------- Loop 3 (sock 2 consumed 436.915890, avg temp 41.292987, final temp 41 ) ------
Loop 4 <line-2440> - Time 3.308717 Total energy consumed 216.331320 Ave. Power Level 65.382240 Memory 130561 MemoryRefresh 5447
	-------- Loop 4 (sock 1 consumed 107.274225, avg temp 47.610909, final temp 48 ) ------
	-------- Loop 4 (sock 2 consumed 109.057095, avg temp 41.212468, final temp 41 ) ------
Loop 5 <line-2460> - Time 0.064874 Total energy consumed 3.181140 Ave. Power Level 49.035779 Memory 1615 MemoryRefresh 90
	-------- Loop 5 (sock 1 consumed 1.582695, avg temp 47.608831, final temp 48 ) ------
	-------- Loop 5 (sock 2 consumed 1.598445, avg temp 41.211429, final temp 41 ) ------
Loop 6 <line-2514> - Time 3.700507 Total energy consumed 269.389365 Ave. Power Level 72.797952 Memory 129142 MemoryRefresh 6382
	-------- Loop 6 (sock 1 consumed 128.753685, avg temp 47.587013, final temp 47 ) ------
	-------- Loop 6 (sock 2 consumed 140.635680, avg temp 41.161039, final temp 42 ) ------
Loop 7 <line-3918> - Time 60.679975 Total energy consumed 4128.667800 Ave. Power Level 68.040038 Memory 534851 MemoryRefresh 102537
	-------- Loop 7 (sock 1 consumed 2011.222485, avg temp 47.759481, final temp 48 ) ------
	-------- Loop 7 (sock 2 consumed 2117.445315, avg temp 41.348052, final temp 41 ) ------
Loop 8 <line-3968> - Time 23.696313 Total energy consumed 1570.205220 Ave. Power Level 66.263692 Memory 393822 MemoryRefresh 40042
	-------- Loop 8 (sock 1 consumed 758.795865, avg temp 47.650390, final temp 47 ) ------
	-------- Loop 8 (sock 2 consumed 811.409355, avg temp 41.203636, final temp 41 ) ------
Loop 9 <line-3990> - Time 0.625731 Total energy consumed 44.783085 Ave. Power Level 71.569254 Memory 11098 MemoryRefresh 1178
	-------- Loop 9 (sock 1 consumed 21.889020, avg temp 47.655065, final temp 47 ) ------
	-------- Loop 9 (sock 2 consumed 22.894065, avg temp 41.199481, final temp 41 ) ------
Loop 10 <line-4056> - Time 3.690903 Total energy consumed 236.977395 Ave. Power Level 64.205802 Memory 68947 MemoryRefresh 6223
	-------- Loop 10 (sock 1 consumed 115.019070, avg temp 47.656104, final temp 47 ) ------
	-------- Loop 10 (sock 2 consumed 121.958325, avg temp 41.165195, final temp 41 ) ------
Loop 11 <line-4117> - Time 0.462858 Total energy consumed 27.608205 Ave. Power Level 59.647195 Memory 3967 MemoryRefresh 674
	-------- Loop 11 (sock 1 consumed 13.598670, avg temp 47.638961, final temp 47 ) ------
	-------- Loop 11 (sock 2 consumed 14.009535, avg temp 41.153247, final temp 41 ) ------
Application(EnergyStat) - Time 239.688204 Total energy consumed 16721.085690 Ave. Power Level 69.761821 Memory 4150096 MemoryRefresh 404440 Final Temperature socket 1 : 47  socket 2 : 41 
	 ParallelApplication(EnergyStat) - Time 239.441289 Total energy consumed 16709.531745 Ave. Power Level 69.785507 Memory 4148577 MemoryRefresh 404065


Elapsed time = 2.406821e+02

Run completed:  
   Problem size        =  80 
   Iteration count     =  1925 
   Final Origin Energy = 3.241094e+05 
   Testing Plane 0 of Energy Array:
        MaxAbsDiff   = 9.094947e-11
        TotalAbsDiff = 3.376788e-09
        MaxRelDiff   = 1.406644e-12



Elapsed time = 4.185490e+01



Elapsed time = 1.150068e+01



Elapsed time = 7.973238e+01



Elapsed time = 1.109947e+01



Elapsed time = 3.383525e+00



Elapsed time = 7.650300e-02



Elapsed time = 3.764328e+00



Elapsed time = 6.073077e+01



Elapsed time = 2.375868e+01



Elapsed time = 6.106050e-01



Elapsed time = 3.699808e+00



Elapsed time = 4.620900e-01


Loop 0 <line-1313> - Time 41.851629 Total energy consumed 2879.337180 Ave. Power Level 68.798688 Memory 692968 MemoryRefresh 70731
	-------- Loop 0 (sock 1 consumed 1390.813890, avg temp 47.794805, final temp 48 ) ------
	-------- Loop 0 (sock 2 consumed 1488.523290, avg temp 40.727273, final temp 42 ) ------
Loop 1 <line-1341> - Time 11.496708 Total energy consumed 838.492680 Ave. Power Level 72.933285 Memory 709105 MemoryRefresh 18922
	-------- Loop 1 (sock 1 consumed 387.325950, avg temp 47.510130, final temp 48 ) ------
	-------- Loop 1 (sock 2 consumed 451.166730, avg temp 40.535584, final temp 41 ) ------
Loop 2 <line-2361> - Time 79.728970 Total energy consumed 5748.790665 Ave. Power Level 72.104163 Memory 757962 MemoryRefresh 135216
	-------- Loop 2 (sock 1 consumed 2814.643800, avg temp 48.105455, final temp 49 ) ------
	-------- Loop 2 (sock 2 consumed 2934.146865, avg temp 41.108052, final temp 41 ) ------
Loop 3 <line-2389> - Time 11.095578 Total energy consumed 815.383620 Ave. Power Level 73.487258 Memory 687797 MemoryRefresh 18218
	-------- Loop 3 (sock 1 consumed 377.257545, avg temp 47.757403, final temp 48 ) ------
	-------- Loop 3 (sock 2 consumed 438.126075, avg temp 40.750649, final temp 41 ) ------
Loop 4 <line-2440> - Time 3.381381 Total energy consumed 217.928745 Ave. Power Level 64.449630 Memory 129444 MemoryRefresh 5416
	-------- Loop 4 (sock 1 consumed 109.267815, avg temp 47.700260, final temp 48 ) ------
	-------- Loop 4 (sock 2 consumed 108.660930, avg temp 40.702857, final temp 40 ) ------
Loop 5 <line-2460> - Time 0.075418 Total energy consumed 5.940000 Ave. Power Level 78.761256 Memory 2300 MemoryRefresh 127
	-------- Loop 5 (sock 1 consumed 2.943900, avg temp 47.700260, final temp 48 ) ------
	-------- Loop 5 (sock 2 consumed 2.996100, avg temp 40.699221, final temp 40 ) ------
Loop 6 <line-2514> - Time 3.761776 Total energy consumed 275.835885 Ave. Power Level 73.325980 Memory 138214 MemoryRefresh 6634
	-------- Loop 6 (sock 1 consumed 130.494480, avg temp 47.660779, final temp 48 ) ------
	-------- Loop 6 (sock 2 consumed 145.341405, avg temp 40.644675, final temp 40 ) ------
Loop 7 <line-3918> - Time 60.727067 Total energy consumed 4137.593685 Ave. Power Level 68.134259 Memory 532496 MemoryRefresh 102828
	-------- Loop 7 (sock 1 consumed 2018.068905, avg temp 47.846753, final temp 48 ) ------
	-------- Loop 7 (sock 2 consumed 2119.524780, avg temp 40.808312, final temp 41 ) ------
Loop 8 <line-3968> - Time 23.755129 Total energy consumed 1571.003250 Ave. Power Level 66.133222 Memory 392175 MemoryRefresh 40099
	-------- Loop 8 (sock 1 consumed 760.487955, avg temp 47.757922, final temp 48 ) ------
	-------- Loop 8 (sock 2 consumed 810.515295, avg temp 40.700779, final temp 41 ) ------
Loop 9 <line-3990> - Time 0.609055 Total energy consumed 34.821000 Ave. Power Level 57.172202 Memory 7225 MemoryRefresh 788
	-------- Loop 9 (sock 1 consumed 16.782900, avg temp 47.763117, final temp 48 ) ------
	-------- Loop 9 (sock 2 consumed 18.038100, avg temp 40.699221, final temp 41 ) ------
Loop 10 <line-4056> - Time 3.698313 Total energy consumed 247.709850 Ave. Power Level 66.979146 Memory 71132 MemoryRefresh 6566
	-------- Loop 10 (sock 1 consumed 119.779110, avg temp 47.729351, final temp 48 ) ------
	-------- Loop 10 (sock 2 consumed 127.930740, avg temp 40.652468, final temp 40 ) ------
Loop 11 <line-4117> - Time 0.460978 Total energy consumed 23.978475 Ave. Power Level 52.016556 Memory 3727 MemoryRefresh 630
	-------- Loop 11 (sock 1 consumed 11.530035, avg temp 47.711688, final temp 48 ) ------
	-------- Loop 11 (sock 2 consumed 12.448440, avg temp 40.637403, final temp 41 ) ------
Application(EnergyStat) - Time 240.888676 Total energy consumed 16807.736505 Ave. Power Level 69.773875 Memory 4126486 MemoryRefresh 406560 Final Temperature socket 1 : 48  socket 2 : 41 
	 ParallelApplication(EnergyStat) - Time 240.642001 Total energy consumed 16796.815035 Ave. Power Level 69.800014 Memory 4124545 MemoryRefresh 406175


Elapsed time = 2.396713e+02

Run completed:  
   Problem size        =  80 
   Iteration count     =  1925 
   Final Origin Energy = 3.241094e+05 
   Testing Plane 0 of Energy Array:
        MaxAbsDiff   = 9.094947e-11
        TotalAbsDiff = 3.376788e-09
        MaxRelDiff   = 1.406644e-12



Elapsed time = 4.100296e+01



Elapsed time = 1.151189e+01



Elapsed time = 7.970078e+01



Elapsed time = 1.113740e+01



Elapsed time = 3.308768e+00



Elapsed time = 6.853900e-02



Elapsed time = 3.705635e+00



Elapsed time = 6.074029e+01



Elapsed time = 2.371378e+01



Elapsed time = 6.133620e-01



Elapsed time = 3.693773e+00



Elapsed time = 4.660700e-01


Loop 0 <line-1313> - Time 41.000126 Total energy consumed 2818.323450 Ave. Power Level 68.739385 Memory 692896 MemoryRefresh 69242
	-------- Loop 0 (sock 1 consumed 1358.923590, avg temp 47.495584, final temp 47 ) ------
	-------- Loop 0 (sock 2 consumed 1459.399860, avg temp 41.083117, final temp 41 ) ------
Loop 1 <line-1341> - Time 11.508091 Total energy consumed 841.122390 Ave. Power Level 73.089655 Memory 714152 MemoryRefresh 18978
	-------- Loop 1 (sock 1 consumed 387.657150, avg temp 47.247792, final temp 46 ) ------
	-------- Loop 1 (sock 2 consumed 453.465240, avg temp 40.853506, final temp 40 ) ------
Loop 2 <line-2361> - Time 79.696837 Total energy consumed 5749.205190 Ave. Power Level 72.138436 Memory 751689 MemoryRefresh 135142
	-------- Loop 2 (sock 1 consumed 2812.326525, avg temp 47.865455, final temp 47 ) ------
	-------- Loop 2 (sock 2 consumed 2936.878665, avg temp 41.477922, final temp 41 ) ------
Loop 3 <line-2389> - Time 11.133669 Total energy consumed 816.898800 Ave. Power Level 73.371932 Memory 689180 MemoryRefresh 18097
	-------- Loop 3 (sock 1 consumed 377.095545, avg temp 47.469610, final temp 47 ) ------
	-------- Loop 3 (sock 2 consumed 439.803255, avg temp 41.091948, final temp 41 ) ------
Loop 4 <line-2440> - Time 3.307121 Total energy consumed 217.433565 Ave. Power Level 65.747095 Memory 135720 MemoryRefresh 5627
	-------- Loop 4 (sock 1 consumed 108.125835, avg temp 47.447273, final temp 47 ) ------
	-------- Loop 4 (sock 2 consumed 109.307730, avg temp 41.011429, final temp 40 ) ------
Loop 5 <line-2460> - Time 0.067575 Total energy consumed 4.538670 Ave. Power Level 67.165237 Memory 1463 MemoryRefresh 82
	-------- Loop 5 (sock 1 consumed 2.304300, avg temp 47.445714, final temp 47 ) ------
	-------- Loop 5 (sock 2 consumed 2.234370, avg temp 41.009351, final temp 40 ) ------
Loop 6 <line-2514> - Time 3.703131 Total energy consumed 262.745970 Ave. Power Level 70.952390 Memory 127712 MemoryRefresh 6184
	-------- Loop 6 (sock 1 consumed 125.654415, avg temp 47.396883, final temp 47 ) ------
	-------- Loop 6 (sock 2 consumed 137.091555, avg temp 40.990649, final temp 40 ) ------
Loop 7 <line-3918> - Time 60.736538 Total energy consumed 4136.460060 Ave. Power Level 68.104969 Memory 539712 MemoryRefresh 102830
	-------- Loop 7 (sock 1 consumed 2014.181025, avg temp 47.573506, final temp 48 ) ------
	-------- Loop 7 (sock 2 consumed 2122.279035, avg temp 41.170909, final temp 40 ) ------
Loop 8 <line-3968> - Time 23.710146 Total energy consumed 1575.589680 Ave. Power Level 66.452129 Memory 392026 MemoryRefresh 40229
	-------- Loop 8 (sock 1 consumed 761.295225, avg temp 47.473247, final temp 47 ) ------
	-------- Loop 8 (sock 2 consumed 814.294455, avg temp 41.051948, final temp 40 ) ------
Loop 9 <line-3990> - Time 0.611857 Total energy consumed 39.511050 Ave. Power Level 64.575677 Memory 9146 MemoryRefresh 1014
	-------- Loop 9 (sock 1 consumed 19.324005, avg temp 47.476883, final temp 47 ) ------
	-------- Loop 9 (sock 2 consumed 20.187045, avg temp 41.058701, final temp 40 ) ------
Loop 10 <line-4056> - Time 3.692405 Total energy consumed 239.837685 Ave. Power Level 64.954331 Memory 68547 MemoryRefresh 6232
	-------- Loop 10 (sock 1 consumed 116.534130, avg temp 47.447792, final temp 47 ) ------
	-------- Loop 10 (sock 2 consumed 123.303555, avg temp 40.996883, final temp 41 ) ------
Loop 11 <line-4117> - Time 0.465023 Total energy consumed 28.574460 Ave. Power Level 61.447446 Memory 4613 MemoryRefresh 794
	-------- Loop 11 (sock 1 consumed 13.485765, avg temp 47.429610, final temp 47 ) ------
	-------- Loop 11 (sock 2 consumed 15.088695, avg temp 40.977143, final temp 41 ) ------
Application(EnergyStat) - Time 239.878626 Total energy consumed 16741.749405 Ave. Power Level 69.792585 Memory 4128991 MemoryRefresh 404854 Final Temperature socket 1 : 47  socket 2 : 41 
	 ParallelApplication(EnergyStat) - Time 239.632517 Total energy consumed 16730.240970 Ave. Power Level 69.816239 Memory 4126856 MemoryRefresh 404451


Elapsed time = 2.400561e+02

Run completed:  
   Problem size        =  80 
   Iteration count     =  1925 
   Final Origin Energy = 3.241094e+05 
   Testing Plane 0 of Energy Array:
        MaxAbsDiff   = 9.094947e-11
        TotalAbsDiff = 3.376788e-09
        MaxRelDiff   = 1.406644e-12



Elapsed time = 4.104786e+01



Elapsed time = 1.152521e+01



Elapsed time = 7.965602e+01



Elapsed time = 1.114175e+01



Elapsed time = 3.368116e+00



Elapsed time = 7.300000e-02



Elapsed time = 3.832479e+00



Elapsed time = 6.095503e+01



Elapsed time = 2.368282e+01



Elapsed time = 6.051170e-01



Elapsed time = 3.693814e+00



Elapsed time = 4.666330e-01


Loop 0 <line-1313> - Time 41.044448 Total energy consumed 2818.803315 Ave. Power Level 68.676847 Memory 691379 MemoryRefresh 69326
	-------- Loop 0 (sock 1 consumed 1356.588315, avg temp 46.743896, final temp 46 ) ------
	-------- Loop 0 (sock 2 consumed 1462.215000, avg temp 40.552727, final temp 42 ) ------
Loop 1 <line-1341> - Time 11.521833 Total energy consumed 838.406790 Ave. Power Level 72.766789 Memory 711574 MemoryRefresh 18994
	-------- Loop 1 (sock 1 consumed 386.258235, avg temp 46.463377, final temp 46 ) ------
	-------- Loop 1 (sock 2 consumed 452.148555, avg temp 40.375065, final temp 41 ) ------
Loop 2 <line-2361> - Time 79.651929 Total energy consumed 5741.095740 Ave. Power Level 72.077297 Memory 762066 MemoryRefresh 135088
	-------- Loop 2 (sock 1 consumed 2805.673560, avg temp 47.085195, final temp 48 ) ------
	-------- Loop 2 (sock 2 consumed 2935.422180, avg temp 40.888831, final temp 42 ) ------
Loop 3 <line-2389> - Time 11.137917 Total energy consumed 811.166085 Ave. Power Level 72.829246 Memory 688945 MemoryRefresh 18193
	-------- Loop 3 (sock 1 consumed 374.264490, avg temp 46.701818, final temp 47 ) ------
	-------- Loop 3 (sock 2 consumed 436.901595, avg temp 40.567792, final temp 41 ) ------
Loop 4 <line-2440> - Time 3.366114 Total energy consumed 230.964300 Ave. Power Level 68.614528 Memory 133699 MemoryRefresh 5666
	-------- Loop 4 (sock 1 consumed 114.545505, avg temp 46.629091, final temp 48 ) ------
	-------- Loop 4 (sock 2 consumed 116.418795, avg temp 40.479481, final temp 41 ) ------
Loop 5 <line-2460> - Time 0.071953 Total energy consumed 5.585010 Ave. Power Level 77.620110 Memory 2770 MemoryRefresh 149
	-------- Loop 5 (sock 1 consumed 2.457840, avg temp 46.626494, final temp 48 ) ------
	-------- Loop 5 (sock 2 consumed 3.127170, avg temp 40.478442, final temp 41 ) ------
Loop 6 <line-2514> - Time 3.829875 Total energy consumed 268.442160 Ave. Power Level 70.091620 Memory 131531 MemoryRefresh 6466
	-------- Loop 6 (sock 1 consumed 128.420790, avg temp 46.591169, final temp 47 ) ------
	-------- Loop 6 (sock 2 consumed 140.021370, avg temp 40.448831, final temp 41 ) ------
Loop 7 <line-3918> - Time 60.951415 Total energy consumed 4148.388690 Ave. Power Level 68.060580 Memory 536307 MemoryRefresh 103084
	-------- Loop 7 (sock 1 consumed 2019.032535, avg temp 46.830649, final temp 47 ) ------
	-------- Loop 7 (sock 2 consumed 2129.356155, avg temp 40.613506, final temp 41 ) ------
Loop 8 <line-3968> - Time 23.679040 Total energy consumed 1565.510595 Ave. Power Level 66.113768 Memory 391577 MemoryRefresh 39935
	-------- Loop 8 (sock 1 consumed 755.932035, avg temp 46.694026, final temp 47 ) ------
	-------- Loop 8 (sock 2 consumed 809.578560, avg temp 40.514286, final temp 41 ) ------
Loop 9 <line-3990> - Time 0.603610 Total energy consumed 47.338560 Ave. Power Level 78.425678 Memory 10664 MemoryRefresh 1171
	-------- Loop 9 (sock 1 consumed 22.907130, avg temp 46.693506, final temp 47 ) ------
	-------- Loop 9 (sock 2 consumed 24.431430, avg temp 40.516883, final temp 41 ) ------
Loop 10 <line-4056> - Time 3.692528 Total energy consumed 231.415305 Ave. Power Level 62.671241 Memory 66515 MemoryRefresh 6154
	-------- Loop 10 (sock 1 consumed 112.161060, avg temp 46.675325, final temp 47 ) ------
	-------- Loop 10 (sock 2 consumed 119.254245, avg temp 40.488312, final temp 41 ) ------
Loop 11 <line-4117> - Time 0.465572 Total energy consumed 29.135610 Ave. Power Level 62.580244 Memory 4438 MemoryRefresh 747
	-------- Loop 11 (sock 1 consumed 14.290500, avg temp 46.649351, final temp 47 ) ------
	-------- Loop 11 (sock 2 consumed 14.845110, avg temp 40.466494, final temp 41 ) ------
Application(EnergyStat) - Time 240.263312 Total energy consumed 16747.548885 Ave. Power Level 69.704978 Memory 4132807 MemoryRefresh 405348 Final Temperature socket 1 : 47  socket 2 : 41 
	 ParallelApplication(EnergyStat) - Time 240.016236 Total energy consumed 16736.252160 Ave. Power Level 69.729667 Memory 4131465 MemoryRefresh 404973
