

Elapsed time = 1.299454e+02

Run completed:  
   Problem size        =  80 
   Iteration count     =  1925 
   Final Origin Energy = 3.241094e+05 
   Testing Plane 0 of Energy Array:
        MaxAbsDiff   = 9.094947e-11
        TotalAbsDiff = 3.376788e-09
        MaxRelDiff   = 1.406644e-12



Elapsed time = 1.984909e+01



Elapsed time = 1.253651e+01



Elapsed time = 3.813641e+01



Elapsed time = 1.222056e+01



Elapsed time = 2.011452e+00



Elapsed time = 4.619000e-02



Elapsed time = 2.115098e+00



Elapsed time = 2.885109e+01



Elapsed time = 1.160881e+01



Elapsed time = 5.557410e-01



Elapsed time = 1.762555e+00



Elapsed time = 2.435080e-01


Loop 0 <line-1313> - Time 19.845617 Total energy consumed 2020.462230 Ave. Power Level 101.808991 Memory 746801 MemoryRefresh 33206
	-------- Loop 0 (sock 1 consumed 1045.996920, avg temp 55.941818, final temp 56 ) ------
	-------- Loop 0 (sock 2 consumed 974.465310, avg temp 46.934545, final temp 48 ) ------
Loop 1 <line-1341> - Time 12.532885 Total energy consumed 1230.753330 Ave. Power Level 98.201917 Memory 910162 MemoryRefresh 19768
	-------- Loop 1 (sock 1 consumed 647.861955, avg temp 55.607273, final temp 56 ) ------
	-------- Loop 1 (sock 2 consumed 582.891375, avg temp 46.522597, final temp 46 ) ------
Loop 2 <line-2361> - Time 38.132713 Total energy consumed 4190.077380 Ave. Power Level 109.881439 Memory 17096891081 MemoryRefresh 64860
	-------- Loop 2 (sock 1 consumed 2133.880635, avg temp 56.260260, final temp 57 ) ------
	-------- Loop 2 (sock 2 consumed 2056.196745, avg temp 47.194805, final temp 48 ) ------
Loop 3 <line-2389> - Time 12.217070 Total energy consumed 1195.951350 Ave. Power Level 97.891828 Memory 872883 MemoryRefresh 19361
	-------- Loop 3 (sock 1 consumed 625.969440, avg temp 55.811429, final temp 56 ) ------
	-------- Loop 3 (sock 2 consumed 569.981910, avg temp 46.690909, final temp 48 ) ------
Loop 4 <line-2440> - Time 2.008918 Total energy consumed 213.745680 Ave. Power Level 106.398419 Memory 115596 MemoryRefresh 3491
	-------- Loop 4 (sock 1 consumed 104.199600, avg temp 55.781299, final temp 57 ) ------
	-------- Loop 4 (sock 2 consumed 109.546080, avg temp 46.664416, final temp 47 ) ------
Loop 5 <line-2460> - Time 0.045295 Total energy consumed 2.100795 Ave. Power Level 46.380241 Memory 3204 MemoryRefresh 90
	-------- Loop 5 (sock 1 consumed 1.192410, avg temp 55.780260, final temp 57 ) ------
	-------- Loop 5 (sock 2 consumed 0.908385, avg temp 46.663377, final temp 47 ) ------
Loop 6 <line-2514> - Time 2.112436 Total energy consumed 219.332400 Ave. Power Level 103.829129 Memory 138962 MemoryRefresh 3338
	-------- Loop 6 (sock 1 consumed 114.618495, avg temp 55.709610, final temp 56 ) ------
	-------- Loop 6 (sock 2 consumed 104.713905, avg temp 46.656104, final temp 47 ) ------
Loop 7 <line-3918> - Time 28.847197 Total energy consumed 2916.207345 Ave. Power Level 101.091532 Memory 569939 MemoryRefresh 48448
	-------- Loop 7 (sock 1 consumed 1487.045430, avg temp 55.963117, final temp 57 ) ------
	-------- Loop 7 (sock 2 consumed 1429.161915, avg temp 46.974026, final temp 48 ) ------
Loop 8 <line-3968> - Time 11.605649 Total energy consumed 1144.179660 Ave. Power Level 98.588165 Memory 18186046810 MemoryRefresh 19608
	-------- Loop 8 (sock 1 consumed 587.917155, avg temp 55.892987, final temp 57 ) ------
	-------- Loop 8 (sock 2 consumed 556.262505, avg temp 46.931429, final temp 48 ) ------
Loop 9 <line-3990> - Time 0.554356 Total energy consumed 74.384430 Ave. Power Level 134.181628 Memory 25126 MemoryRefresh 1296
	-------- Loop 9 (sock 1 consumed 37.885065, avg temp 55.885195, final temp 57 ) ------
	-------- Loop 9 (sock 2 consumed 36.499365, avg temp 46.934026, final temp 48 ) ------
Loop 10 <line-4056> - Time 1.761187 Total energy consumed 140.455215 Ave. Power Level 79.750303 Memory 57134 MemoryRefresh 2612
	-------- Loop 10 (sock 1 consumed 70.649625, avg temp 55.896623, final temp 57 ) ------
	-------- Loop 10 (sock 2 consumed 69.805590, avg temp 46.914805, final temp 47 ) ------
Loop 11 <line-4117> - Time 0.242452 Total energy consumed 30.172890 Ave. Power Level 124.448707 Memory 8983 MemoryRefresh 428
	-------- Loop 11 (sock 1 consumed 16.043880, avg temp 55.894545, final temp 57 ) ------
	-------- Loop 11 (sock 2 consumed 14.129010, avg temp 46.910649, final temp 47 ) ------
Application(EnergyStat) - Time 130.143664 Total energy consumed 13391.552250 Ave. Power Level 102.898226 Memory 35286388431 MemoryRefresh 216884 Final Temperature socket 1 : 57  socket 2 : 47 
	 ParallelApplication(EnergyStat) - Time 129.905776 Total energy consumed 13377.822705 Ave. Power Level 102.980969 Memory 35286386681 MemoryRefresh 216506


Elapsed time = 1.301453e+02

Run completed:  
   Problem size        =  80 
   Iteration count     =  1925 
   Final Origin Energy = 3.241094e+05 
   Testing Plane 0 of Energy Array:
        MaxAbsDiff   = 9.094947e-11
        TotalAbsDiff = 3.376788e-09
        MaxRelDiff   = 1.406644e-12



Elapsed time = 1.988703e+01



Elapsed time = 1.255581e+01



Elapsed time = 3.817926e+01



Elapsed time = 1.225641e+01



Elapsed time = 2.047740e+00



Elapsed time = 4.181000e-02



Elapsed time = 2.147198e+00



Elapsed time = 2.884143e+01



Elapsed time = 1.161716e+01



Elapsed time = 5.518400e-01



Elapsed time = 1.765481e+00



Elapsed time = 2.453370e-01


Loop 0 <line-1313> - Time 19.883312 Total energy consumed 2032.645365 Ave. Power Level 102.228710 Memory 746029 MemoryRefresh 33344
	-------- Loop 0 (sock 1 consumed 1053.145125, avg temp 57.523117, final temp 59 ) ------
	-------- Loop 0 (sock 2 consumed 979.500240, avg temp 47.197403, final temp 47 ) ------
Loop 1 <line-1341> - Time 12.552382 Total energy consumed 1225.325925 Ave. Power Level 97.617006 Memory 908413 MemoryRefresh 19674
	-------- Loop 1 (sock 1 consumed 645.880230, avg temp 57.132987, final temp 58 ) ------
	-------- Loop 1 (sock 2 consumed 579.445695, avg temp 46.829610, final temp 47 ) ------
Loop 2 <line-2361> - Time 38.175485 Total energy consumed 4207.274625 Ave. Power Level 110.208807 Memory 806509 MemoryRefresh 64929
	-------- Loop 2 (sock 1 consumed 2144.976615, avg temp 57.840519, final temp 59 ) ------
	-------- Loop 2 (sock 2 consumed 2062.298010, avg temp 47.496104, final temp 47 ) ------
Loop 3 <line-2389> - Time 12.253030 Total energy consumed 1201.066770 Ave. Power Level 98.022024 Memory 872838 MemoryRefresh 19316
	-------- Loop 3 (sock 1 consumed 629.297100, avg temp 57.316364, final temp 58 ) ------
	-------- Loop 3 (sock 2 consumed 571.769670, avg temp 46.966753, final temp 46 ) ------
Loop 4 <line-2440> - Time 2.045947 Total energy consumed 213.873780 Ave. Power Level 104.535341 Memory 115146 MemoryRefresh 3476
	-------- Loop 4 (sock 1 consumed 104.840355, avg temp 57.282078, final temp 58 ) ------
	-------- Loop 4 (sock 2 consumed 109.033425, avg temp 46.934026, final temp 47 ) ------
Loop 5 <line-2460> - Time 0.040877 Total energy consumed 2.118375 Ave. Power Level 51.823642 Memory 3471 MemoryRefresh 93
	-------- Loop 5 (sock 1 consumed 0.864465, avg temp 57.283636, final temp 58 ) ------
	-------- Loop 5 (sock 2 consumed 1.253910, avg temp 46.934026, final temp 47 ) ------
Loop 6 <line-2514> - Time 2.144163 Total energy consumed 220.810470 Ave. Power Level 102.982146 Memory 136856 MemoryRefresh 3339
	-------- Loop 6 (sock 1 consumed 114.391920, avg temp 57.246234, final temp 58 ) ------
	-------- Loop 6 (sock 2 consumed 106.418550, avg temp 46.926753, final temp 47 ) ------
Loop 7 <line-3918> - Time 28.837804 Total energy consumed 2924.721525 Ave. Power Level 101.419704 Memory 17025312514 MemoryRefresh 48670
	-------- Loop 7 (sock 1 consumed 1493.926020, avg temp 57.524156, final temp 58 ) ------
	-------- Loop 7 (sock 2 consumed 1430.795505, avg temp 47.238961, final temp 47 ) ------
Loop 8 <line-3968> - Time 11.613832 Total energy consumed 1140.714210 Ave. Power Level 98.220312 Memory 421489 MemoryRefresh 19468
	-------- Loop 8 (sock 1 consumed 586.941210, avg temp 57.453506, final temp 58 ) ------
	-------- Loop 8 (sock 2 consumed 553.773000, avg temp 47.171948, final temp 47 ) ------
Loop 9 <line-3990> - Time 0.550404 Total energy consumed 78.008610 Ave. Power Level 141.729621 Memory 23318 MemoryRefresh 1207
	-------- Loop 9 (sock 1 consumed 39.685770, avg temp 57.462338, final temp 58 ) ------
	-------- Loop 9 (sock 2 consumed 38.322840, avg temp 47.170390, final temp 47 ) ------
Loop 10 <line-4056> - Time 1.764110 Total energy consumed 135.980625 Ave. Power Level 77.081725 Memory 57562 MemoryRefresh 2657
	-------- Loop 10 (sock 1 consumed 68.649315, avg temp 57.449351, final temp 58 ) ------
	-------- Loop 10 (sock 2 consumed 67.331310, avg temp 47.162597, final temp 47 ) ------
Loop 11 <line-4117> - Time 0.244197 Total energy consumed 32.525280 Ave. Power Level 133.192927 Memory 8972 MemoryRefresh 458
	-------- Loop 11 (sock 1 consumed 17.333085, avg temp 57.446753, final temp 58 ) ------
	-------- Loop 11 (sock 2 consumed 15.192195, avg temp 47.166753, final temp 47 ) ------
Application(EnergyStat) - Time 130.343918 Total energy consumed 13428.346155 Ave. Power Level 103.022422 Memory 17029415317 MemoryRefresh 217028 Final Temperature socket 1 : 58  socket 2 : 47 
	 ParallelApplication(EnergyStat) - Time 130.105542 Total energy consumed 13415.065560 Ave. Power Level 103.109102 Memory 17029413117 MemoryRefresh 216631


Elapsed time = 1.297383e+02

Run completed:  
   Problem size        =  80 
   Iteration count     =  1925 
   Final Origin Energy = 3.241094e+05 
   Testing Plane 0 of Energy Array:
        MaxAbsDiff   = 9.094947e-11
        TotalAbsDiff = 3.376788e-09
        MaxRelDiff   = 1.406644e-12



Elapsed time = 1.985331e+01



Elapsed time = 1.248733e+01



Elapsed time = 3.806132e+01



Elapsed time = 1.216979e+01



Elapsed time = 2.019383e+00



Elapsed time = 4.356900e-02



Elapsed time = 2.125850e+00



Elapsed time = 2.881569e+01



Elapsed time = 1.160199e+01



Elapsed time = 5.438740e-01



Elapsed time = 1.761253e+00



Elapsed time = 2.454430e-01


Loop 0 <line-1313> - Time 19.850235 Total energy consumed 2034.843840 Ave. Power Level 102.509810 Memory 749129 MemoryRefresh 33555
	-------- Loop 0 (sock 1 consumed 1052.922795, avg temp 57.448831, final temp 58 ) ------
	-------- Loop 0 (sock 2 consumed 981.921045, avg temp 46.923117, final temp 47 ) ------
Loop 1 <line-1341> - Time 12.484119 Total energy consumed 1217.277090 Ave. Power Level 97.506049 Memory 896696 MemoryRefresh 19498
	-------- Loop 1 (sock 1 consumed 642.947730, avg temp 57.073247, final temp 58 ) ------
	-------- Loop 1 (sock 2 consumed 574.329360, avg temp 46.505974, final temp 46 ) ------
Loop 2 <line-2361> - Time 38.058111 Total energy consumed 4207.729995 Ave. Power Level 110.560664 Memory 810720 MemoryRefresh 65038
	-------- Loop 2 (sock 1 consumed 2145.445035, avg temp 57.776623, final temp 58 ) ------
	-------- Loop 2 (sock 2 consumed 2062.284960, avg temp 47.168831, final temp 47 ) ------
Loop 3 <line-2389> - Time 12.166263 Total energy consumed 1196.639775 Ave. Power Level 98.357214 Memory 869090 MemoryRefresh 19275
	-------- Loop 3 (sock 1 consumed 628.051005, avg temp 57.281039, final temp 58 ) ------
	-------- Loop 3 (sock 2 consumed 568.588770, avg temp 46.673247, final temp 47 ) ------
Loop 4 <line-2440> - Time 2.017119 Total energy consumed 216.225135 Ave. Power Level 107.195012 Memory 128807 MemoryRefresh 3627
	-------- Loop 4 (sock 1 consumed 105.620115, avg temp 57.232208, final temp 58 ) ------
	-------- Loop 4 (sock 2 consumed 110.605020, avg temp 46.646753, final temp 47 ) ------
Loop 5 <line-2460> - Time 0.042747 Total energy consumed 1.450155 Ave. Power Level 33.924406 Memory 1838 MemoryRefresh 51
	-------- Loop 5 (sock 1 consumed 0.633855, avg temp 57.233766, final temp 58 ) ------
	-------- Loop 5 (sock 2 consumed 0.816300, avg temp 46.647792, final temp 47 ) ------
Loop 6 <line-2514> - Time 2.122883 Total energy consumed 229.111725 Ave. Power Level 107.924821 Memory 16265530013 MemoryRefresh 3526
	-------- Loop 6 (sock 1 consumed 118.711860, avg temp 57.179740, final temp 58 ) ------
	-------- Loop 6 (sock 2 consumed 110.399865, avg temp 46.630649, final temp 47 ) ------
Loop 7 <line-3918> - Time 28.812177 Total energy consumed 2868.941505 Ave. Power Level 99.573923 Memory 545303 MemoryRefresh 47655
	-------- Loop 7 (sock 1 consumed 1466.096535, avg temp 57.449870, final temp 58 ) ------
	-------- Loop 7 (sock 2 consumed 1402.844970, avg temp 46.929870, final temp 46 ) ------
Loop 8 <line-3968> - Time 11.598486 Total energy consumed 1150.001385 Ave. Power Level 99.150990 Memory 417050 MemoryRefresh 19538
	-------- Loop 8 (sock 1 consumed 591.360330, avg temp 57.404675, final temp 58 ) ------
	-------- Loop 8 (sock 2 consumed 558.641055, avg temp 46.894026, final temp 47 ) ------
Loop 9 <line-3990> - Time 0.542253 Total energy consumed 116.636025 Ave. Power Level 215.095095 Memory 29152 MemoryRefresh 1513
	-------- Loop 9 (sock 1 consumed 60.533250, avg temp 57.388052, final temp 58 ) ------
	-------- Loop 9 (sock 2 consumed 56.102775, avg temp 46.870649, final temp 47 ) ------
Loop 10 <line-4056> - Time 1.759864 Total energy consumed 98.778390 Ave. Power Level 56.128428 Memory 51361 MemoryRefresh 2362
	-------- Loop 10 (sock 1 consumed 50.533830, avg temp 57.385455, final temp 58 ) ------
	-------- Loop 10 (sock 2 consumed 48.244560, avg temp 46.876883, final temp 47 ) ------
Loop 11 <line-4117> - Time 0.244201 Total energy consumed 31.370280 Ave. Power Level 128.461148 Memory 9517 MemoryRefresh 472
	-------- Loop 11 (sock 1 consumed 16.590825, avg temp 57.380260, final temp 58 ) ------
	-------- Loop 11 (sock 2 consumed 14.779455, avg temp 46.872208, final temp 47 ) ------
Application(EnergyStat) - Time 129.936774 Total energy consumed 13381.727340 Ave. Power Level 102.986452 Memory 16270040570 MemoryRefresh 216494 Final Temperature socket 1 : 59  socket 2 : 47 
	 ParallelApplication(EnergyStat) - Time 129.698458 Total energy consumed 13369.005300 Ave. Power Level 103.077597 Memory 16270038676 MemoryRefresh 216110


Elapsed time = 1.304408e+02

Run completed:  
   Problem size        =  80 
   Iteration count     =  1925 
   Final Origin Energy = 3.241094e+05 
   Testing Plane 0 of Energy Array:
        MaxAbsDiff   = 9.094947e-11
        TotalAbsDiff = 3.376788e-09
        MaxRelDiff   = 1.406644e-12



Elapsed time = 1.985668e+01



Elapsed time = 1.282650e+01



Elapsed time = 3.814845e+01



Elapsed time = 1.248871e+01



Elapsed time = 2.008088e+00



Elapsed time = 4.280600e-02



Elapsed time = 2.020344e+00



Elapsed time = 2.890571e+01



Elapsed time = 1.158750e+01



Elapsed time = 5.378610e-01



Elapsed time = 1.766473e+00



Elapsed time = 2.429310e-01


Loop 0 <line-1313> - Time 19.853224 Total energy consumed 2034.539640 Ave. Power Level 102.479053 Memory 16921255873 MemoryRefresh 33435
	-------- Loop 0 (sock 1 consumed 1053.941595, avg temp 57.763117, final temp 58 ) ------
	-------- Loop 0 (sock 2 consumed 980.598045, avg temp 47.760000, final temp 48 ) ------
Loop 1 <line-1341> - Time 12.823541 Total energy consumed 1255.437075 Ave. Power Level 97.900970 Memory 933955 MemoryRefresh 20169
	-------- Loop 1 (sock 1 consumed 661.103205, avg temp 57.377662, final temp 58 ) ------
	-------- Loop 1 (sock 2 consumed 594.333870, avg temp 47.420260, final temp 48 ) ------
Loop 2 <line-2361> - Time 38.144782 Total energy consumed 4202.332605 Ave. Power Level 110.167955 Memory 804657 MemoryRefresh 64752
	-------- Loop 2 (sock 1 consumed 2140.380300, avg temp 58.069610, final temp 58 ) ------
	-------- Loop 2 (sock 2 consumed 2061.952305, avg temp 47.939740, final temp 48 ) ------
Loop 3 <line-2389> - Time 12.485466 Total energy consumed 1224.883455 Ave. Power Level 98.104742 Memory 891347 MemoryRefresh 19713
	-------- Loop 3 (sock 1 consumed 642.627300, avg temp 57.578701, final temp 58 ) ------
	-------- Loop 3 (sock 2 consumed 582.256155, avg temp 47.555844, final temp 48 ) ------
Loop 4 <line-2440> - Time 2.006252 Total energy consumed 201.789855 Ave. Power Level 100.580510 Memory 111411 MemoryRefresh 3405
	-------- Loop 4 (sock 1 consumed 98.831940, avg temp 57.542338, final temp 57 ) ------
	-------- Loop 4 (sock 2 consumed 102.957915, avg temp 47.529351, final temp 48 ) ------
Loop 5 <line-2460> - Time 0.041775 Total energy consumed 3.765945 Ave. Power Level 90.148344 Memory 1726 MemoryRefresh 49
	-------- Loop 5 (sock 1 consumed 1.943370, avg temp 57.543377, final temp 57 ) ------
	-------- Loop 5 (sock 2 consumed 1.822575, avg temp 47.528312, final temp 48 ) ------
Loop 6 <line-2514> - Time 2.017604 Total energy consumed 212.869155 Ave. Power Level 105.505911 Memory 131602 MemoryRefresh 3227
	-------- Loop 6 (sock 1 consumed 109.778115, avg temp 57.474805, final temp 58 ) ------
	-------- Loop 6 (sock 2 consumed 103.091040, avg temp 47.507532, final temp 47 ) ------
Loop 7 <line-3918> - Time 28.902254 Total energy consumed 2940.241275 Ave. Power Level 101.730520 Memory 584960 MemoryRefresh 48992
	-------- Loop 7 (sock 1 consumed 1500.085365, avg temp 57.788571, final temp 58 ) ------
	-------- Loop 7 (sock 2 consumed 1440.155910, avg temp 47.761039, final temp 48 ) ------
Loop 8 <line-3968> - Time 11.584079 Total energy consumed 1135.071405 Ave. Power Level 97.985467 Memory 421944 MemoryRefresh 19404
	-------- Loop 8 (sock 1 consumed 582.997590, avg temp 57.701299, final temp 58 ) ------
	-------- Loop 8 (sock 2 consumed 552.073815, avg temp 47.715325, final temp 48 ) ------
Loop 9 <line-3990> - Time 0.536451 Total energy consumed 71.095650 Ave. Power Level 132.529733 Memory 20642 MemoryRefresh 1048
	-------- Loop 9 (sock 1 consumed 36.565275, avg temp 57.694026, final temp 58 ) ------
	-------- Loop 9 (sock 2 consumed 34.530375, avg temp 47.716364, final temp 48 ) ------
Loop 10 <line-4056> - Time 1.765166 Total energy consumed 144.874155 Ave. Power Level 82.073973 Memory 61066 MemoryRefresh 2836
	-------- Loop 10 (sock 1 consumed 73.892685, avg temp 57.696104, final temp 58 ) ------
	-------- Loop 10 (sock 2 consumed 70.981470, avg temp 47.728312, final temp 48 ) ------
Loop 11 <line-4117> - Time 0.241907 Total energy consumed 31.956360 Ave. Power Level 132.101716 Memory 6519 MemoryRefresh 345
	-------- Loop 11 (sock 1 consumed 17.003865, avg temp 57.691948, final temp 58 ) ------
	-------- Loop 11 (sock 2 consumed 14.952495, avg temp 47.728831, final temp 47 ) ------
Application(EnergyStat) - Time 130.639135 Total energy consumed 13471.995795 Ave. Power Level 103.123737 Memory 16925227628 MemoryRefresh 217748 Final Temperature socket 1 : 58  socket 2 : 47 
	 ParallelApplication(EnergyStat) - Time 130.402500 Total energy consumed 13458.856575 Ave. Power Level 103.210111 Memory 16925225702 MemoryRefresh 217375


Elapsed time = 1.302265e+02

Run completed:  
   Problem size        =  80 
   Iteration count     =  1925 
   Final Origin Energy = 3.241094e+05 
   Testing Plane 0 of Energy Array:
        MaxAbsDiff   = 9.094947e-11
        TotalAbsDiff = 3.376788e-09
        MaxRelDiff   = 1.406644e-12



Elapsed time = 1.983516e+01



Elapsed time = 1.258924e+01



Elapsed time = 3.830830e+01



Elapsed time = 1.227126e+01



Elapsed time = 2.005400e+00



Elapsed time = 4.367200e-02



Elapsed time = 2.129946e+00



Elapsed time = 2.887699e+01



Elapsed time = 1.159086e+01



Elapsed time = 5.510370e-01



Elapsed time = 1.768655e+00



Elapsed time = 2.471290e-01


Loop 0 <line-1313> - Time 19.831601 Total energy consumed 2029.214970 Ave. Power Level 102.322297 Memory 741622 MemoryRefresh 33251
	-------- Loop 0 (sock 1 consumed 1051.954320, avg temp 57.540779, final temp 58 ) ------
	-------- Loop 0 (sock 2 consumed 977.260650, avg temp 47.585974, final temp 47 ) ------
Loop 1 <line-1341> - Time 12.585661 Total energy consumed 1234.825770 Ave. Power Level 98.113702 Memory 915759 MemoryRefresh 19842
	-------- Loop 1 (sock 1 consumed 650.450970, avg temp 57.162597, final temp 58 ) ------
	-------- Loop 1 (sock 2 consumed 584.374800, avg temp 47.176104, final temp 46 ) ------
Loop 2 <line-2361> - Time 38.304241 Total energy consumed 4210.437525 Ave. Power Level 109.920923 Memory 17118693425 MemoryRefresh 65042
	-------- Loop 2 (sock 1 consumed 2146.662420, avg temp 57.895065, final temp 58 ) ------
	-------- Loop 2 (sock 2 consumed 2063.775105, avg temp 47.807273, final temp 47 ) ------
Loop 3 <line-2389> - Time 12.267728 Total energy consumed 1201.112805 Ave. Power Level 97.908337 Memory 875486 MemoryRefresh 19388
	-------- Loop 3 (sock 1 consumed 631.214475, avg temp 57.377143, final temp 59 ) ------
	-------- Loop 3 (sock 2 consumed 569.898330, avg temp 47.340260, final temp 46 ) ------
Loop 4 <line-2440> - Time 2.003298 Total energy consumed 212.227860 Ave. Power Level 105.939248 Memory 112311 MemoryRefresh 3398
	-------- Loop 4 (sock 1 consumed 103.648800, avg temp 57.339221, final temp 58 ) ------
	-------- Loop 4 (sock 2 consumed 108.579060, avg temp 47.300779, final temp 46 ) ------
Loop 5 <line-2460> - Time 0.042733 Total energy consumed 1.787145 Ave. Power Level 41.820960 Memory 3516 MemoryRefresh 97
	-------- Loop 5 (sock 1 consumed 1.068195, avg temp 57.336623, final temp 58 ) ------
	-------- Loop 5 (sock 2 consumed 0.718950, avg temp 47.299740, final temp 46 ) ------
Loop 6 <line-2514> - Time 2.127162 Total energy consumed 218.121300 Ave. Power Level 102.540988 Memory 132889 MemoryRefresh 3220
	-------- Loop 6 (sock 1 consumed 113.179425, avg temp 57.265974, final temp 58 ) ------
	-------- Loop 6 (sock 2 consumed 104.941875, avg temp 47.282597, final temp 46 ) ------
Loop 7 <line-3918> - Time 28.873370 Total energy consumed 2934.592830 Ave. Power Level 101.636657 Memory 582288 MemoryRefresh 48873
	-------- Loop 7 (sock 1 consumed 1497.828855, avg temp 57.559481, final temp 58 ) ------
	-------- Loop 7 (sock 2 consumed 1436.763975, avg temp 47.611948, final temp 47 ) ------
Loop 8 <line-3968> - Time 11.587505 Total energy consumed 1135.062030 Ave. Power Level 97.955692 Memory 422443 MemoryRefresh 19486
	-------- Loop 8 (sock 1 consumed 583.198305, avg temp 57.471169, final temp 57 ) ------
	-------- Loop 8 (sock 2 consumed 551.863725, avg temp 47.559481, final temp 47 ) ------
Loop 9 <line-3990> - Time 0.549522 Total energy consumed 71.607945 Ave. Power Level 130.309576 Memory 20062 MemoryRefresh 1033
	-------- Loop 9 (sock 1 consumed 37.355940, avg temp 57.476364, final temp 58 ) ------
	-------- Loop 9 (sock 2 consumed 34.252005, avg temp 47.550130, final temp 47 ) ------
Loop 10 <line-4056> - Time 1.767265 Total energy consumed 143.526510 Ave. Power Level 81.213901 Memory 61971 MemoryRefresh 2852
	-------- Loop 10 (sock 1 consumed 73.120785, avg temp 57.487792, final temp 58 ) ------
	-------- Loop 10 (sock 2 consumed 70.405725, avg temp 47.553766, final temp 47 ) ------
Loop 11 <line-4117> - Time 0.245878 Total energy consumed 27.839295 Ave. Power Level 113.224210 Memory 7532 MemoryRefresh 374
	-------- Loop 11 (sock 1 consumed 14.977740, avg temp 57.477403, final temp 58 ) ------
	-------- Loop 11 (sock 2 consumed 12.861555, avg temp 47.564156, final temp 47 ) ------
Application(EnergyStat) - Time 130.426994 Total energy consumed 13434.512400 Ave. Power Level 103.004079 Memory 17122571549 MemoryRefresh 217264 Final Temperature socket 1 : 58  socket 2 : 47 
	 ParallelApplication(EnergyStat) - Time 130.185963 Total energy consumed 13420.355985 Ave. Power Level 103.086045 Memory 17122569304 MemoryRefresh 216856


Elapsed time = 1.296915e+02

Run completed:  
   Problem size        =  80 
   Iteration count     =  1925 
   Final Origin Energy = 3.241094e+05 
   Testing Plane 0 of Energy Array:
        MaxAbsDiff   = 9.094947e-11
        TotalAbsDiff = 3.376788e-09
        MaxRelDiff   = 1.406644e-12



Elapsed time = 1.981324e+01



Elapsed time = 1.251855e+01



Elapsed time = 3.802865e+01



Elapsed time = 1.219717e+01



Elapsed time = 2.014822e+00



Elapsed time = 4.163900e-02



Elapsed time = 2.091538e+00



Elapsed time = 2.882232e+01



Elapsed time = 1.161285e+01



Elapsed time = 5.375700e-01



Elapsed time = 1.760293e+00



Elapsed time = 2.439200e-01


Loop 0 <line-1313> - Time 19.810440 Total energy consumed 2044.277775 Ave. Power Level 103.191945 Memory 754226 MemoryRefresh 33685
	-------- Loop 0 (sock 1 consumed 1060.014765, avg temp 56.793247, final temp 57 ) ------
	-------- Loop 0 (sock 2 consumed 984.263010, avg temp 46.514805, final temp 47 ) ------
Loop 1 <line-1341> - Time 12.515088 Total energy consumed 1218.002280 Ave. Power Level 97.322708 Memory 907246 MemoryRefresh 19494
	-------- Loop 1 (sock 1 consumed 642.918735, avg temp 56.473247, final temp 57 ) ------
	-------- Loop 1 (sock 2 consumed 575.083545, avg temp 46.151169, final temp 47 ) ------
Loop 2 <line-2361> - Time 38.025090 Total energy consumed 4206.145515 Ave. Power Level 110.615004 Memory 814571 MemoryRefresh 65059
	-------- Loop 2 (sock 1 consumed 2144.861610, avg temp 57.100260, final temp 58 ) ------
	-------- Loop 2 (sock 2 consumed 2061.283905, avg temp 46.796364, final temp 47 ) ------
Loop 3 <line-2389> - Time 12.193620 Total energy consumed 1198.988775 Ave. Power Level 98.329187 Memory 877385 MemoryRefresh 19270
	-------- Loop 3 (sock 1 consumed 630.672255, avg temp 56.646234, final temp 57 ) ------
	-------- Loop 3 (sock 2 consumed 568.316520, avg temp 46.288831, final temp 47 ) ------
Loop 4 <line-2440> - Time 2.012888 Total energy consumed 220.283970 Ave. Power Level 109.436759 Memory 132833 MemoryRefresh 3654
	-------- Loop 4 (sock 1 consumed 107.921430, avg temp 56.618182, final temp 58 ) ------
	-------- Loop 4 (sock 2 consumed 112.362540, avg temp 46.274805, final temp 47 ) ------
Loop 5 <line-2460> - Time 0.040692 Total energy consumed 1.157340 Ave. Power Level 28.441619 Memory 1516 MemoryRefresh 43
	-------- Loop 5 (sock 1 consumed 0.435930, avg temp 56.617143, final temp 58 ) ------
	-------- Loop 5 (sock 2 consumed 0.721410, avg temp 46.274805, final temp 47 ) ------
Loop 6 <line-2514> - Time 2.088675 Total energy consumed 229.888815 Ave. Power Level 110.064452 Memory 144196 MemoryRefresh 3494
	-------- Loop 6 (sock 1 consumed 118.348110, avg temp 56.565195, final temp 58 ) ------
	-------- Loop 6 (sock 2 consumed 111.540705, avg temp 46.245714, final temp 48 ) ------
Loop 7 <line-3918> - Time 28.818691 Total energy consumed 2856.631560 Ave. Power Level 99.124265 Memory 540229 MemoryRefresh 47489
	-------- Loop 7 (sock 1 consumed 1460.171715, avg temp 56.819221, final temp 57 ) ------
	-------- Loop 7 (sock 2 consumed 1396.459845, avg temp 46.543377, final temp 47 ) ------
Loop 8 <line-3968> - Time 11.609492 Total energy consumed 1141.611885 Ave. Power Level 98.334355 Memory 416377 MemoryRefresh 19506
	-------- Loop 8 (sock 1 consumed 587.166540, avg temp 56.750649, final temp 57 ) ------
	-------- Loop 8 (sock 2 consumed 554.445345, avg temp 46.472727, final temp 47 ) ------
Loop 9 <line-3990> - Time 0.535885 Total energy consumed 124.276875 Ave. Power Level 231.909661 Memory 28660 MemoryRefresh 1482
	-------- Loop 9 (sock 1 consumed 64.790220, avg temp 56.745455, final temp 57 ) ------
	-------- Loop 9 (sock 2 consumed 59.486655, avg temp 46.496104, final temp 47 ) ------
Loop 10 <line-4056> - Time 1.758803 Total energy consumed 93.420075 Ave. Power Level 53.115702 Memory 51283 MemoryRefresh 2370
	-------- Loop 10 (sock 1 consumed 46.779120, avg temp 56.743377, final temp 56 ) ------
	-------- Loop 10 (sock 2 consumed 46.640955, avg temp 46.498182, final temp 47 ) ------
Loop 11 <line-4117> - Time 0.242788 Total energy consumed 28.959000 Ave. Power Level 119.276859 Memory 7721 MemoryRefresh 395
	-------- Loop 11 (sock 1 consumed 15.211815, avg temp 56.736623, final temp 56 ) ------
	-------- Loop 11 (sock 2 consumed 13.747185, avg temp 46.496623, final temp 47 ) ------
Application(EnergyStat) - Time 129.884714 Total energy consumed 13376.194905 Ave. Power Level 102.985136 Memory 4678275 MemoryRefresh 216330 Final Temperature socket 1 : 56  socket 2 : 47 
	 ParallelApplication(EnergyStat) - Time 129.652152 Total energy consumed 13363.643865 Ave. Power Level 103.073058 Memory 4676243 MemoryRefresh 215941


Elapsed time = 1.295308e+02

Run completed:  
   Problem size        =  80 
   Iteration count     =  1925 
   Final Origin Energy = 3.241094e+05 
   Testing Plane 0 of Energy Array:
        MaxAbsDiff   = 9.094947e-11
        TotalAbsDiff = 3.376788e-09
        MaxRelDiff   = 1.406644e-12



Elapsed time = 1.986733e+01



Elapsed time = 1.244192e+01



Elapsed time = 3.802757e+01



Elapsed time = 1.212171e+01



Elapsed time = 2.013823e+00



Elapsed time = 4.059900e-02



Elapsed time = 2.071279e+00



Elapsed time = 2.881153e+01



Elapsed time = 1.158257e+01



Elapsed time = 5.536000e-01



Elapsed time = 1.742440e+00



Elapsed time = 2.475660e-01


Loop 0 <line-1313> - Time 19.863823 Total energy consumed 2039.212905 Ave. Power Level 102.659638 Memory 758914 MemoryRefresh 33895
	-------- Loop 0 (sock 1 consumed 1055.576880, avg temp 57.356883, final temp 58 ) ------
	-------- Loop 0 (sock 2 consumed 983.636025, avg temp 47.510649, final temp 48 ) ------
Loop 1 <line-1341> - Time 12.438535 Total energy consumed 1211.193015 Ave. Power Level 97.374252 Memory 895834 MemoryRefresh 19337
	-------- Loop 1 (sock 1 consumed 638.432955, avg temp 57.001039, final temp 58 ) ------
	-------- Loop 1 (sock 2 consumed 572.760060, avg temp 47.178701, final temp 48 ) ------
Loop 2 <line-2361> - Time 38.023698 Total energy consumed 4230.257880 Ave. Power Level 111.253194 Memory 815553 MemoryRefresh 65309
	-------- Loop 2 (sock 1 consumed 2154.659325, avg temp 57.687792, final temp 58 ) ------
	-------- Loop 2 (sock 2 consumed 2075.598555, avg temp 47.765195, final temp 48 ) ------
Loop 3 <line-2389> - Time 12.118302 Total energy consumed 1199.853285 Ave. Power Level 99.011671 Memory 879221 MemoryRefresh 19251
	-------- Loop 3 (sock 1 consumed 628.669905, avg temp 57.190649, final temp 58 ) ------
	-------- Loop 3 (sock 2 consumed 571.183380, avg temp 47.322078, final temp 48 ) ------
Loop 4 <line-2440> - Time 2.012313 Total energy consumed 225.025395 Ave. Power Level 111.824253 Memory 142752 MemoryRefresh 3800
	-------- Loop 4 (sock 1 consumed 110.680125, avg temp 57.184935, final temp 58 ) ------
	-------- Loop 4 (sock 2 consumed 114.345270, avg temp 47.275844, final temp 48 ) ------
Loop 5 <line-2460> - Time 0.039701 Total energy consumed 0.335610 Ave. Power Level 8.453434 Memory 348 MemoryRefresh 9
	-------- Loop 5 (sock 1 consumed 0.141705, avg temp 57.185455, final temp 58 ) ------
	-------- Loop 5 (sock 2 consumed 0.193905, avg temp 47.274286, final temp 48 ) ------
Loop 6 <line-2514> - Time 2.068566 Total energy consumed 237.892785 Ave. Power Level 115.003706 Memory 130475 MemoryRefresh 3217
	-------- Loop 6 (sock 1 consumed 123.468225, avg temp 57.117403, final temp 58 ) ------
	-------- Loop 6 (sock 2 consumed 114.424560, avg temp 47.269091, final temp 48 ) ------
Loop 7 <line-3918> - Time 28.808070 Total energy consumed 2811.534330 Ave. Power Level 97.595373 Memory 533913 MemoryRefresh 47100
	-------- Loop 7 (sock 1 consumed 1434.896670, avg temp 57.377143, final temp 58 ) ------
	-------- Loop 7 (sock 2 consumed 1376.637660, avg temp 47.549610, final temp 48 ) ------
Loop 8 <line-3968> - Time 11.579280 Total energy consumed 1136.165220 Ave. Power Level 98.120539 Memory 412572 MemoryRefresh 19347
	-------- Loop 8 (sock 1 consumed 584.096790, avg temp 57.317403, final temp 58 ) ------
	-------- Loop 8 (sock 2 consumed 552.068430, avg temp 47.494545, final temp 48 ) ------
Loop 9 <line-3990> - Time 0.551931 Total energy consumed 189.818340 Ave. Power Level 343.916581 Memory 48779 MemoryRefresh 2411
	-------- Loop 9 (sock 1 consumed 96.784815, avg temp 57.332468, final temp 58 ) ------
	-------- Loop 9 (sock 2 consumed 93.033525, avg temp 47.473247, final temp 48 ) ------
Loop 10 <line-4056> - Time 1.741151 Total energy consumed 31.256490 Ave. Power Level 17.951628 Memory 31929 MemoryRefresh 1421
	-------- Loop 10 (sock 1 consumed 14.659455, avg temp 57.336623, final temp 57 ) ------
	-------- Loop 10 (sock 2 consumed 16.597035, avg temp 47.475844, final temp 48 ) ------
Loop 11 <line-4117> - Time 0.246488 Total energy consumed 51.686415 Ave. Power Level 209.691013 Memory 9568 MemoryRefresh 533
	-------- Loop 11 (sock 1 consumed 27.613170, avg temp 57.322078, final temp 57 ) ------
	-------- Loop 11 (sock 2 consumed 24.073245, avg temp 47.481558, final temp 48 ) ------
Application(EnergyStat) - Time 129.729808 Total energy consumed 13375.489500 Ave. Power Level 103.102669 Memory 4663101 MemoryRefresh 216048 Final Temperature socket 1 : 58  socket 2 : 48 
	 ParallelApplication(EnergyStat) - Time 129.491859 Total energy consumed 13364.231670 Ave. Power Level 103.205188 Memory 4659858 MemoryRefresh 215630


Elapsed time = 1.297955e+02

Run completed:  
   Problem size        =  80 
   Iteration count     =  1925 
   Final Origin Energy = 3.241094e+05 
   Testing Plane 0 of Energy Array:
        MaxAbsDiff   = 9.094947e-11
        TotalAbsDiff = 3.376788e-09
        MaxRelDiff   = 1.406644e-12



Elapsed time = 1.985264e+01



Elapsed time = 1.248510e+01



Elapsed time = 3.804939e+01



Elapsed time = 1.214685e+01



Elapsed time = 2.030236e+00



Elapsed time = 4.193200e-02



Elapsed time = 2.156136e+00



Elapsed time = 2.887305e+01



Elapsed time = 1.159506e+01



Elapsed time = 5.552650e-01



Elapsed time = 1.756547e+00



Elapsed time = 2.444940e-01


Loop 0 <line-1313> - Time 19.849319 Total energy consumed 2031.054795 Ave. Power Level 102.323652 Memory 743847 MemoryRefresh 33366
	-------- Loop 0 (sock 1 consumed 1051.481835, avg temp 57.449870, final temp 59 ) ------
	-------- Loop 0 (sock 2 consumed 979.572960, avg temp 47.881039, final temp 48 ) ------
Loop 1 <line-1341> - Time 12.481684 Total energy consumed 1220.973840 Ave. Power Level 97.821243 Memory 898098 MemoryRefresh 19591
	-------- Loop 1 (sock 1 consumed 644.932170, avg temp 57.073247, final temp 58 ) ------
	-------- Loop 1 (sock 2 consumed 576.041670, avg temp 47.559481, final temp 48 ) ------
Loop 2 <line-2361> - Time 38.045501 Total energy consumed 4208.567010 Ave. Power Level 110.619309 Memory 806464 MemoryRefresh 64928
	-------- Loop 2 (sock 1 consumed 2143.265700, avg temp 57.787013, final temp 58 ) ------
	-------- Loop 2 (sock 2 consumed 2065.301310, avg temp 48.043636, final temp 48 ) ------
Loop 3 <line-2389> - Time 12.143401 Total energy consumed 1196.214435 Ave. Power Level 98.507362 Memory 864463 MemoryRefresh 19295
	-------- Loop 3 (sock 1 consumed 625.798800, avg temp 57.308052, final temp 58 ) ------
	-------- Loop 3 (sock 2 consumed 570.415635, avg temp 47.697662, final temp 48 ) ------
Loop 4 <line-2440> - Time 2.028516 Total energy consumed 216.113550 Ave. Power Level 106.537778 Memory 124983 MemoryRefresh 3581
	-------- Loop 4 (sock 1 consumed 104.862105, avg temp 57.265974, final temp 58 ) ------
	-------- Loop 4 (sock 2 consumed 111.251445, avg temp 47.655065, final temp 48 ) ------
Loop 5 <line-2460> - Time 0.041033 Total energy consumed 1.594410 Ave. Power Level 38.856884 Memory 1569 MemoryRefresh 43
	-------- Loop 5 (sock 1 consumed 0.825675, avg temp 57.263377, final temp 58 ) ------
	-------- Loop 5 (sock 2 consumed 0.768735, avg temp 47.653506, final temp 48 ) ------
Loop 6 <line-2514> - Time 2.153293 Total energy consumed 229.976430 Ave. Power Level 106.802206 Memory 146368 MemoryRefresh 3550
	-------- Loop 6 (sock 1 consumed 118.635735, avg temp 57.204675, final temp 57 ) ------
	-------- Loop 6 (sock 2 consumed 111.340695, avg temp 47.654026, final temp 47 ) ------
Loop 7 <line-3918> - Time 28.869431 Total energy consumed 2897.739120 Ave. Power Level 100.373961 Memory 548700 MemoryRefresh 47941
	-------- Loop 7 (sock 1 consumed 1481.598960, avg temp 57.487273, final temp 58 ) ------
	-------- Loop 7 (sock 2 consumed 1416.140160, avg temp 47.905455, final temp 48 ) ------
Loop 8 <line-3968> - Time 11.591544 Total energy consumed 1145.070315 Ave. Power Level 98.784969 Memory 420655 MemoryRefresh 19623
	-------- Loop 8 (sock 1 consumed 587.764800, avg temp 57.412987, final temp 58 ) ------
	-------- Loop 8 (sock 2 consumed 557.305515, avg temp 47.849870, final temp 48 ) ------
Loop 9 <line-3990> - Time 0.553897 Total energy consumed 102.893640 Ave. Power Level 185.763236 Memory 33684 MemoryRefresh 1691
	-------- Loop 9 (sock 1 consumed 52.782495, avg temp 57.419221, final temp 58 ) ------
	-------- Loop 9 (sock 2 consumed 50.111145, avg temp 47.851948, final temp 48 ) ------
Loop 10 <line-4056> - Time 1.755322 Total energy consumed 111.552045 Ave. Power Level 63.550743 Memory 48205 MemoryRefresh 2204
	-------- Loop 10 (sock 1 consumed 56.573940, avg temp 57.406234, final temp 58 ) ------
	-------- Loop 10 (sock 2 consumed 54.978105, avg temp 47.861299, final temp 48 ) ------
Loop 11 <line-4117> - Time 0.243508 Total energy consumed 34.417380 Ave. Power Level 141.339602 Memory 8854 MemoryRefresh 444
	-------- Loop 11 (sock 1 consumed 18.034920, avg temp 57.397922, final temp 58 ) ------
	-------- Loop 11 (sock 2 consumed 16.382460, avg temp 47.857143, final temp 48 ) ------
Application(EnergyStat) - Time 129.997368 Total energy consumed 13408.972965 Ave. Power Level 103.148035 Memory 4648051 MemoryRefresh 216660 Final Temperature socket 1 : 57  socket 2 : 48 
	 ParallelApplication(EnergyStat) - Time 129.756449 Total energy consumed 13396.166970 Ave. Power Level 103.240857 Memory 4645890 MemoryRefresh 216257


Elapsed time = 1.301063e+02

Run completed:  
   Problem size        =  80 
   Iteration count     =  1925 
   Final Origin Energy = 3.241094e+05 
   Testing Plane 0 of Energy Array:
        MaxAbsDiff   = 9.094947e-11
        TotalAbsDiff = 3.376788e-09
        MaxRelDiff   = 1.406644e-12



Elapsed time = 1.984465e+01



Elapsed time = 1.262456e+01



Elapsed time = 3.818488e+01



Elapsed time = 1.227103e+01



Elapsed time = 2.007255e+00



Elapsed time = 4.420300e-02



Elapsed time = 2.142290e+00



Elapsed time = 2.886627e+01



Elapsed time = 1.154954e+01



Elapsed time = 5.580520e-01



Elapsed time = 1.760445e+00



Elapsed time = 2.443260e-01


Loop 0 <line-1313> - Time 19.841248 Total energy consumed 2034.751665 Ave. Power Level 102.551598 Memory 748567 MemoryRefresh 33414
	-------- Loop 0 (sock 1 consumed 1053.076770, avg temp 57.302857, final temp 56 ) ------
	-------- Loop 0 (sock 2 consumed 981.674895, avg temp 47.908052, final temp 48 ) ------
Loop 1 <line-1341> - Time 12.621064 Total energy consumed 1232.124810 Ave. Power Level 97.624481 Memory 911558 MemoryRefresh 19775
	-------- Loop 1 (sock 1 consumed 647.901255, avg temp 56.940260, final temp 57 ) ------
	-------- Loop 1 (sock 2 consumed 584.223555, avg temp 47.606234, final temp 47 ) ------
Loop 2 <line-2361> - Time 38.180827 Total energy consumed 4206.340755 Ave. Power Level 110.168928 Memory 815068 MemoryRefresh 65015
	-------- Loop 2 (sock 1 consumed 2141.444220, avg temp 57.633766, final temp 57 ) ------
	-------- Loop 2 (sock 2 consumed 2064.896535, avg temp 48.069610, final temp 48 ) ------
Loop 3 <line-2389> - Time 12.267700 Total energy consumed 1201.151190 Ave. Power Level 97.911686 Memory 872215 MemoryRefresh 19357
	-------- Loop 3 (sock 1 consumed 630.322080, avg temp 57.105455, final temp 57 ) ------
	-------- Loop 3 (sock 2 consumed 570.829110, avg temp 47.744935, final temp 48 ) ------
Loop 4 <line-2440> - Time 2.005628 Total energy consumed 217.968825 Ave. Power Level 108.678575 Memory 120222 MemoryRefresh 3550
	-------- Loop 4 (sock 1 consumed 105.885990, avg temp 57.084675, final temp 57 ) ------
	-------- Loop 4 (sock 2 consumed 112.082835, avg temp 47.715844, final temp 48 ) ------
Loop 5 <line-2460> - Time 0.043204 Total energy consumed 1.788900 Ave. Power Level 41.405705 Memory 1997 MemoryRefresh 57
	-------- Loop 5 (sock 1 consumed 1.019790, avg temp 57.083636, final temp 57 ) ------
	-------- Loop 5 (sock 2 consumed 0.769110, avg temp 47.714286, final temp 48 ) ------
Loop 6 <line-2514> - Time 2.139538 Total energy consumed 225.705075 Ave. Power Level 105.492448 Memory 142905 MemoryRefresh 3452
	-------- Loop 6 (sock 1 consumed 116.240715, avg temp 57.033247, final temp 56 ) ------
	-------- Loop 6 (sock 2 consumed 109.464360, avg temp 47.692987, final temp 48 ) ------
Loop 7 <line-3918> - Time 28.862941 Total energy consumed 2912.251155 Ave. Power Level 100.899323 Memory 563950 MemoryRefresh 48425
	-------- Loop 7 (sock 1 consumed 1486.062720, avg temp 57.302857, final temp 57 ) ------
	-------- Loop 7 (sock 2 consumed 1426.188435, avg temp 47.918442, final temp 48 ) ------
Loop 8 <line-3968> - Time 11.546017 Total energy consumed 1132.757550 Ave. Power Level 98.108083 Memory 419388 MemoryRefresh 19396
	-------- Loop 8 (sock 1 consumed 582.056250, avg temp 57.237922, final temp 57 ) ------
	-------- Loop 8 (sock 2 consumed 550.701300, avg temp 47.883117, final temp 48 ) ------
Loop 9 <line-3990> - Time 0.556543 Total energy consumed 91.606530 Ave. Power Level 164.599069 Memory 30172 MemoryRefresh 1478
	-------- Loop 9 (sock 1 consumed 46.662690, avg temp 57.231169, final temp 57 ) ------
	-------- Loop 9 (sock 2 consumed 44.943840, avg temp 47.887273, final temp 48 ) ------
Loop 10 <line-4056> - Time 1.759172 Total energy consumed 124.146825 Ave. Power Level 70.571171 Memory 53299 MemoryRefresh 2434
	-------- Loop 10 (sock 1 consumed 62.206575, avg temp 57.233766, final temp 57 ) ------
	-------- Loop 10 (sock 2 consumed 61.940250, avg temp 47.894026, final temp 48 ) ------
Loop 11 <line-4117> - Time 0.243268 Total energy consumed 31.023825 Ave. Power Level 127.529437 Memory 8386 MemoryRefresh 423
	-------- Loop 11 (sock 1 consumed 16.614960, avg temp 57.232727, final temp 57 ) ------
	-------- Loop 11 (sock 2 consumed 14.408865, avg temp 47.890390, final temp 48 ) ------
Application(EnergyStat) - Time 130.302770 Total energy consumed 13423.450245 Ave. Power Level 103.017382 Memory 4689745 MemoryRefresh 217162 Final Temperature socket 1 : 57  socket 2 : 48 
	 ParallelApplication(EnergyStat) - Time 130.067149 Total energy consumed 13411.617105 Ave. Power Level 103.113024 Memory 4687727 MemoryRefresh 216776


Elapsed time = 1.298835e+02

Run completed:  
   Problem size        =  80 
   Iteration count     =  1925 
   Final Origin Energy = 3.241094e+05 
   Testing Plane 0 of Energy Array:
        MaxAbsDiff   = 9.094947e-11
        TotalAbsDiff = 3.376788e-09
        MaxRelDiff   = 1.406644e-12



Elapsed time = 1.987557e+01



Elapsed time = 1.252305e+01



Elapsed time = 3.813737e+01



Elapsed time = 1.219233e+01



Elapsed time = 2.005372e+00



Elapsed time = 4.127800e-02



Elapsed time = 2.129696e+00



Elapsed time = 2.883365e+01



Elapsed time = 1.158739e+01



Elapsed time = 5.480030e-01



Elapsed time = 1.758067e+00



Elapsed time = 2.424480e-01


Loop 0 <line-1313> - Time 19.872046 Total energy consumed 2032.038150 Ave. Power Level 102.256111 Memory 750768 MemoryRefresh 33496
	-------- Loop 0 (sock 1 consumed 1051.516875, avg temp 57.453506, final temp 57 ) ------
	-------- Loop 0 (sock 2 consumed 980.521275, avg temp 47.475325, final temp 47 ) ------
Loop 1 <line-1341> - Time 12.520254 Total energy consumed 1224.013590 Ave. Power Level 97.762677 Memory 900422 MemoryRefresh 19635
	-------- Loop 1 (sock 1 consumed 645.407625, avg temp 57.069091, final temp 57 ) ------
	-------- Loop 1 (sock 2 consumed 578.605965, avg temp 47.079481, final temp 47 ) ------
Loop 2 <line-2361> - Time 38.133890 Total energy consumed 4204.725120 Ave. Power Level 110.262161 Memory 808801 MemoryRefresh 65059
	-------- Loop 2 (sock 1 consumed 2142.957225, avg temp 57.815065, final temp 58 ) ------
	-------- Loop 2 (sock 2 consumed 2061.767895, avg temp 47.744935, final temp 48 ) ------
Loop 3 <line-2389> - Time 12.188793 Total energy consumed 1197.130215 Ave. Power Level 98.215651 Memory 865850 MemoryRefresh 19304
	-------- Loop 3 (sock 1 consumed 627.844830, avg temp 57.281039, final temp 57 ) ------
	-------- Loop 3 (sock 2 consumed 569.285385, avg temp 47.248831, final temp 47 ) ------
Loop 4 <line-2440> - Time 2.003237 Total energy consumed 216.511860 Ave. Power Level 108.081008 Memory 122338 MemoryRefresh 3604
	-------- Loop 4 (sock 1 consumed 104.850450, avg temp 57.243636, final temp 57 ) ------
	-------- Loop 4 (sock 2 consumed 111.661410, avg temp 47.209870, final temp 47 ) ------
Loop 5 <line-2460> - Time 0.040431 Total energy consumed 1.260000 Ave. Power Level 31.164154 Memory 2202 MemoryRefresh 61
	-------- Loop 5 (sock 1 consumed 0.636720, avg temp 57.245714, final temp 57 ) ------
	-------- Loop 5 (sock 2 consumed 0.623280, avg temp 47.210909, final temp 47 ) ------
Loop 6 <line-2514> - Time 2.126718 Total energy consumed 227.477040 Ave. Power Level 106.961544 Memory 143280 MemoryRefresh 3455
	-------- Loop 6 (sock 1 consumed 118.444965, avg temp 57.191688, final temp 58 ) ------
	-------- Loop 6 (sock 2 consumed 109.032075, avg temp 47.194286, final temp 47 ) ------
Loop 7 <line-3918> - Time 28.830240 Total energy consumed 2885.191980 Ave. Power Level 100.075197 Memory 551909 MemoryRefresh 47840
	-------- Loop 7 (sock 1 consumed 1473.726450, avg temp 57.482078, final temp 57 ) ------
	-------- Loop 7 (sock 2 consumed 1411.465530, avg temp 47.526753, final temp 47 ) ------
Loop 8 <line-3968> - Time 11.583802 Total energy consumed 1143.428565 Ave. Power Level 98.709263 Memory 419214 MemoryRefresh 19585
	-------- Loop 8 (sock 1 consumed 587.587290, avg temp 57.404156, final temp 57 ) ------
	-------- Loop 8 (sock 2 consumed 555.841275, avg temp 47.472727, final temp 47 ) ------
Loop 9 <line-3990> - Time 0.546351 Total energy consumed 107.603730 Ave. Power Level 196.949920 Memory 30360 MemoryRefresh 1535
	-------- Loop 9 (sock 1 consumed 55.655445, avg temp 57.401039, final temp 57 ) ------
	-------- Loop 9 (sock 2 consumed 51.948285, avg temp 47.461299, final temp 47 ) ------
Loop 10 <line-4056> - Time 1.756745 Total energy consumed 109.827570 Ave. Power Level 62.517651 Memory 51365 MemoryRefresh 2357
	-------- Loop 10 (sock 1 consumed 55.046025, avg temp 57.412987, final temp 57 ) ------
	-------- Loop 10 (sock 2 consumed 54.781545, avg temp 47.458701, final temp 47 ) ------
Loop 11 <line-4117> - Time 0.241299 Total energy consumed 30.077715 Ave. Power Level 124.649368 Memory 7723 MemoryRefresh 376
	-------- Loop 11 (sock 1 consumed 16.483800, avg temp 57.407273, final temp 57 ) ------
	-------- Loop 11 (sock 2 consumed 13.593915, avg temp 47.460779, final temp 47 ) ------
Application(EnergyStat) - Time 130.082015 Total energy consumed 13392.265260 Ave. Power Level 102.952474 Memory 4656369 MemoryRefresh 216698 Final Temperature socket 1 : 57  socket 2 : 47 
	 ParallelApplication(EnergyStat) - Time 129.843806 Total energy consumed 13379.285535 Ave. Power Level 103.041385 Memory 4654232 MemoryRefresh 216307
