

Elapsed time = 1.351167e+02

Run completed:  
   Problem size        =  80 
   Iteration count     =  1925 
   Final Origin Energy = 3.241094e+05 
   Testing Plane 0 of Energy Array:
        MaxAbsDiff   = 9.094947e-11
        TotalAbsDiff = 3.376788e-09
        MaxRelDiff   = 1.406644e-12



Elapsed time = 2.003220e+01



Elapsed time = 1.576678e+01



Elapsed time = 3.719837e+01



Elapsed time = 1.542602e+01



Elapsed time = 2.179602e+00



Elapsed time = 5.558900e-02



Elapsed time = 2.286170e+00



Elapsed time = 2.832219e+01



Elapsed time = 1.123960e+01



Elapsed time = 6.299800e-01



Elapsed time = 1.743613e+00



Elapsed time = 2.267720e-01


Loop 0 <line-1313> - Time 20.029078 Total energy consumed 2015.321595 Ave. Power Level 100.619791 Memory 878568 MemoryRefresh 33875
	-------- Loop 0 (sock 1 consumed 1062.514335, avg temp 54.040519, final temp 55 ) ------
	-------- Loop 0 (sock 2 consumed 952.807260, avg temp 44.897662, final temp 45 ) ------
Loop 1 <line-1341> - Time 15.762815 Total energy consumed 1417.378515 Ave. Power Level 89.919122 Memory 1167511 MemoryRefresh 23931
	-------- Loop 1 (sock 1 consumed 758.804355, avg temp 53.788052, final temp 55 ) ------
	-------- Loop 1 (sock 2 consumed 658.574160, avg temp 44.569351, final temp 44 ) ------
Loop 2 <line-2361> - Time 37.194118 Total energy consumed 3953.175120 Ave. Power Level 106.284953 Memory 911745 MemoryRefresh 62325
	-------- Loop 2 (sock 1 consumed 2047.363500, avg temp 54.204675, final temp 55 ) ------
	-------- Loop 2 (sock 2 consumed 1905.811620, avg temp 45.083117, final temp 45 ) ------
Loop 3 <line-2389> - Time 15.422148 Total energy consumed 1415.271075 Ave. Power Level 91.768738 Memory 1136102 MemoryRefresh 23832
	-------- Loop 3 (sock 1 consumed 755.560530, avg temp 53.851948, final temp 54 ) ------
	-------- Loop 3 (sock 2 consumed 659.710545, avg temp 44.643636, final temp 44 ) ------
Loop 4 <line-2440> - Time 2.177792 Total energy consumed 210.713010 Ave. Power Level 96.755343 Memory 123473 MemoryRefresh 3531
	-------- Loop 4 (sock 1 consumed 108.550395, avg temp 53.857662, final temp 54 ) ------
	-------- Loop 4 (sock 2 consumed 102.162615, avg temp 44.640519, final temp 44 ) ------
Loop 5 <line-2460> - Time 0.054585 Total energy consumed 5.160615 Ave. Power Level 94.543402 Memory 13977 MemoryRefresh 333
	-------- Loop 5 (sock 1 consumed 2.145570, avg temp 53.857143, final temp 54 ) ------
	-------- Loop 5 (sock 2 consumed 3.015045, avg temp 44.640000, final temp 44 ) ------
Loop 6 <line-2514> - Time 2.283073 Total energy consumed 217.840845 Ave. Power Level 95.415640 Memory 157589 MemoryRefresh 3616
	-------- Loop 6 (sock 1 consumed 114.645855, avg temp 53.838961, final temp 54 ) ------
	-------- Loop 6 (sock 2 consumed 103.194990, avg temp 44.632208, final temp 44 ) ------
Loop 7 <line-3918> - Time 28.318376 Total energy consumed 2778.601650 Ave. Power Level 98.120093 Memory 19969241872 MemoryRefresh 47016
	-------- Loop 7 (sock 1 consumed 1444.076280, avg temp 54.032727, final temp 55 ) ------
	-------- Loop 7 (sock 2 consumed 1334.525370, avg temp 44.930909, final temp 45 ) ------
Loop 8 <line-3968> - Time 11.235972 Total energy consumed 1057.558275 Ave. Power Level 94.122541 Memory 483058 MemoryRefresh 18779
	-------- Loop 8 (sock 1 consumed 553.324230, avg temp 54.004156, final temp 54 ) ------
	-------- Loop 8 (sock 2 consumed 504.234045, avg temp 44.876883, final temp 44 ) ------
Loop 9 <line-3990> - Time 0.628615 Total energy consumed 50.581650 Ave. Power Level 80.465219 Memory 14553 MemoryRefresh 903
	-------- Loop 9 (sock 1 consumed 26.599395, avg temp 53.997403, final temp 54 ) ------
	-------- Loop 9 (sock 2 consumed 23.982255, avg temp 44.879481, final temp 44 ) ------
Loop 10 <line-4056> - Time 1.742030 Total energy consumed 154.065630 Ave. Power Level 88.440270 Memory 65124 MemoryRefresh 2962
	-------- Loop 10 (sock 1 consumed 78.526650, avg temp 53.995325, final temp 55 ) ------
	-------- Loop 10 (sock 2 consumed 75.538980, avg temp 44.862857, final temp 44 ) ------
Loop 11 <line-4117> - Time 0.225526 Total energy consumed 2.079690 Ave. Power Level 9.221508 Memory 74 MemoryRefresh 5
	-------- Loop 11 (sock 1 consumed 1.363530, avg temp 53.994286, final temp 55 ) ------
	-------- Loop 11 (sock 2 consumed 0.716160, avg temp 44.863896, final temp 44 ) ------
Application(EnergyStat) - Time 135.335749 Total energy consumed 13289.195235 Ave. Power Level 98.194271 Memory 19974194653 MemoryRefresh 221471 Final Temperature socket 1 : 54  socket 2 : 45 
	 ParallelApplication(EnergyStat) - Time 135.074128 Total energy consumed 13277.747670 Ave. Power Level 98.299710 Memory 19974193646 MemoryRefresh 221108


Elapsed time = 1.348308e+02

Run completed:  
   Problem size        =  80 
   Iteration count     =  1925 
   Final Origin Energy = 3.241094e+05 
   Testing Plane 0 of Energy Array:
        MaxAbsDiff   = 9.094947e-11
        TotalAbsDiff = 3.376788e-09
        MaxRelDiff   = 1.406644e-12



Elapsed time = 2.016401e+01



Elapsed time = 1.542549e+01



Elapsed time = 3.723569e+01



Elapsed time = 1.508620e+01



Elapsed time = 2.181354e+00



Elapsed time = 4.556400e-02



Elapsed time = 2.580944e+00



Elapsed time = 2.844615e+01



Elapsed time = 1.111286e+01



Elapsed time = 7.057750e-01



Elapsed time = 1.622348e+00



Elapsed time = 2.152840e-01


Loop 0 <line-1313> - Time 20.160197 Total energy consumed 2051.801235 Ave. Power Level 101.774859 Memory 890922 MemoryRefresh 34590
	-------- Loop 0 (sock 1 consumed 1080.874365, avg temp 54.330909, final temp 55 ) ------
	-------- Loop 0 (sock 2 consumed 970.926870, avg temp 44.765195, final temp 44 ) ------
Loop 1 <line-1341> - Time 15.421583 Total energy consumed 1382.620980 Ave. Power Level 89.654931 Memory 19130660050 MemoryRefresh 23154
	-------- Loop 1 (sock 1 consumed 741.830085, avg temp 54.023377, final temp 55 ) ------
	-------- Loop 1 (sock 2 consumed 640.790895, avg temp 44.436364, final temp 44 ) ------
Loop 2 <line-2361> - Time 37.231365 Total energy consumed 3938.050470 Ave. Power Level 105.772389 Memory 19936596468 MemoryRefresh 61760
	-------- Loop 2 (sock 1 consumed 2040.184110, avg temp 54.513247, final temp 55 ) ------
	-------- Loop 2 (sock 2 consumed 1897.866360, avg temp 44.949610, final temp 44 ) ------
Loop 3 <line-2389> - Time 15.082473 Total energy consumed 1385.129715 Ave. Power Level 91.837043 Memory 1085567 MemoryRefresh 23150
	-------- Loop 3 (sock 1 consumed 740.970600, avg temp 54.104416, final temp 54 ) ------
	-------- Loop 3 (sock 2 consumed 644.159115, avg temp 44.498182, final temp 44 ) ------
Loop 4 <line-2440> - Time 2.179340 Total energy consumed 217.433640 Ave. Power Level 99.770412 Memory 118455 MemoryRefresh 3820
	-------- Loop 4 (sock 1 consumed 109.704345, avg temp 54.108052, final temp 54 ) ------
	-------- Loop 4 (sock 2 consumed 107.729295, avg temp 44.477403, final temp 44 ) ------
Loop 5 <line-2460> - Time 0.044327 Total energy consumed 0.980295 Ave. Power Level 22.114917 Memory 1491 MemoryRefresh 36
	-------- Loop 5 (sock 1 consumed 0.322215, avg temp 54.108052, final temp 54 ) ------
	-------- Loop 5 (sock 2 consumed 0.658080, avg temp 44.477922, final temp 44 ) ------
Loop 6 <line-2514> - Time 2.578257 Total energy consumed 233.488575 Ave. Power Level 90.560637 Memory 174260 MemoryRefresh 3858
	-------- Loop 6 (sock 1 consumed 122.862465, avg temp 54.092987, final temp 54 ) ------
	-------- Loop 6 (sock 2 consumed 110.626110, avg temp 44.472727, final temp 44 ) ------
Loop 7 <line-3918> - Time 28.442370 Total energy consumed 2855.236335 Ave. Power Level 100.386723 Memory 665173 MemoryRefresh 48096
	-------- Loop 7 (sock 1 consumed 1484.831715, avg temp 54.314805, final temp 55 ) ------
	-------- Loop 7 (sock 2 consumed 1370.404620, avg temp 44.779221, final temp 44 ) ------
Loop 8 <line-3968> - Time 11.109072 Total energy consumed 986.222970 Ave. Power Level 88.776360 Memory 470254 MemoryRefresh 17455
	-------- Loop 8 (sock 1 consumed 517.459845, avg temp 54.279481, final temp 54 ) ------
	-------- Loop 8 (sock 2 consumed 468.763125, avg temp 44.737662, final temp 44 ) ------
Loop 9 <line-3990> - Time 0.704326 Total energy consumed 147.487260 Ave. Power Level 209.401841 Memory 45766 MemoryRefresh 2611
	-------- Loop 9 (sock 1 consumed 76.422495, avg temp 54.260260, final temp 55 ) ------
	-------- Loop 9 (sock 2 consumed 71.064765, avg temp 44.731948, final temp 44 ) ------
Loop 10 <line-4056> - Time 1.621118 Total energy consumed 64.383270 Ave. Power Level 39.715354 Memory 23070 MemoryRefresh 1242
	-------- Loop 10 (sock 1 consumed 32.465250, avg temp 54.249870, final temp 55 ) ------
	-------- Loop 10 (sock 2 consumed 31.918020, avg temp 44.723636, final temp 44 ) ------
Loop 11 <line-4117> - Time 0.214089 Total energy consumed 15.374280 Ave. Power Level 71.812454 Memory 403 MemoryRefresh 24
	-------- Loop 11 (sock 1 consumed 8.903940, avg temp 54.245195, final temp 54 ) ------
	-------- Loop 11 (sock 2 consumed 6.470340, avg temp 44.728312, final temp 44 ) ------
Application(EnergyStat) - Time 135.056683 Total energy consumed 13289.461695 Ave. Power Level 98.399142 Memory 39070732941 MemoryRefresh 220158 Final Temperature socket 1 : 54  socket 2 : 44 
	 ParallelApplication(EnergyStat) - Time 134.788518 Total energy consumed 13278.209025 Ave. Power Level 98.511425 Memory 39070731879 MemoryRefresh 219796


Elapsed time = 1.352882e+02

Run completed:  
   Problem size        =  80 
   Iteration count     =  1925 
   Final Origin Energy = 3.241094e+05 
   Testing Plane 0 of Energy Array:
        MaxAbsDiff   = 9.094947e-11
        TotalAbsDiff = 3.376788e-09
        MaxRelDiff   = 1.406644e-12



Elapsed time = 2.011735e+01



Elapsed time = 1.576337e+01



Elapsed time = 3.722467e+01



Elapsed time = 1.540310e+01



Elapsed time = 2.160902e+00



Elapsed time = 5.897000e-02



Elapsed time = 2.380011e+00



Elapsed time = 2.831543e+01



Elapsed time = 1.125012e+01



Elapsed time = 6.353770e-01



Elapsed time = 1.745459e+00



Elapsed time = 2.232410e-01


Loop 0 <line-1313> - Time 20.113646 Total energy consumed 2029.289385 Ave. Power Level 100.891176 Memory 885573 MemoryRefresh 34091
	-------- Loop 0 (sock 1 consumed 1069.373235, avg temp 54.526753, final temp 54 ) ------
	-------- Loop 0 (sock 2 consumed 959.916150, avg temp 44.829610, final temp 45 ) ------
Loop 1 <line-1341> - Time 15.760289 Total energy consumed 1413.272505 Ave. Power Level 89.673006 Memory 1155103 MemoryRefresh 23750
	-------- Loop 1 (sock 1 consumed 756.475215, avg temp 54.231169, final temp 54 ) ------
	-------- Loop 1 (sock 2 consumed 656.797290, avg temp 44.486753, final temp 45 ) ------
Loop 2 <line-2361> - Time 37.220354 Total energy consumed 3958.078950 Ave. Power Level 106.341786 Memory 913263 MemoryRefresh 62302
	-------- Loop 2 (sock 1 consumed 2049.242340, avg temp 54.723117, final temp 55 ) ------
	-------- Loop 2 (sock 2 consumed 1908.836610, avg temp 45.028052, final temp 45 ) ------
Loop 3 <line-2389> - Time 15.399432 Total energy consumed 1415.797050 Ave. Power Level 91.938266 Memory 1122935 MemoryRefresh 23730
	-------- Loop 3 (sock 1 consumed 755.963700, avg temp 54.342338, final temp 54 ) ------
	-------- Loop 3 (sock 2 consumed 659.833350, avg temp 44.564675, final temp 45 ) ------
Loop 4 <line-2440> - Time 2.159037 Total energy consumed 207.954810 Ave. Power Level 96.318334 Memory 119700 MemoryRefresh 3469
	-------- Loop 4 (sock 1 consumed 106.593045, avg temp 54.338701, final temp 55 ) ------
	-------- Loop 4 (sock 2 consumed 101.361765, avg temp 44.559481, final temp 45 ) ------
Loop 5 <line-2460> - Time 0.057947 Total energy consumed 8.226885 Ave. Power Level 141.972216 Memory 15170 MemoryRefresh 361
	-------- Loop 5 (sock 1 consumed 3.489615, avg temp 54.337143, final temp 55 ) ------
	-------- Loop 5 (sock 2 consumed 4.737270, avg temp 44.558442, final temp 45 ) ------
Loop 6 <line-2514> - Time 2.376997 Total energy consumed 233.855745 Ave. Power Level 98.382843 Memory 169079 MemoryRefresh 3874
	-------- Loop 6 (sock 1 consumed 122.468295, avg temp 54.328312, final temp 55 ) ------
	-------- Loop 6 (sock 2 consumed 111.387450, avg temp 44.561039, final temp 45 ) ------
Loop 7 <line-3918> - Time 28.311667 Total energy consumed 2775.685845 Ave. Power Level 98.040352 Memory 628375 MemoryRefresh 46774
	-------- Loop 7 (sock 1 consumed 1442.220645, avg temp 54.546494, final temp 55 ) ------
	-------- Loop 7 (sock 2 consumed 1333.465200, avg temp 44.859221, final temp 45 ) ------
Loop 8 <line-3968> - Time 11.247304 Total energy consumed 1058.921115 Ave. Power Level 94.148884 Memory 483621 MemoryRefresh 18768
	-------- Loop 8 (sock 1 consumed 554.139285, avg temp 54.486234, final temp 55 ) ------
	-------- Loop 8 (sock 2 consumed 504.781830, avg temp 44.794805, final temp 44 ) ------
Loop 9 <line-3990> - Time 0.634096 Total energy consumed 55.121400 Ave. Power Level 86.929109 Memory 16239 MemoryRefresh 984
	-------- Loop 9 (sock 1 consumed 28.457430, avg temp 54.485714, final temp 55 ) ------
	-------- Loop 9 (sock 2 consumed 26.663970, avg temp 44.788052, final temp 44 ) ------
Loop 10 <line-4056> - Time 1.744064 Total energy consumed 150.800985 Ave. Power Level 86.465300 Memory 62744 MemoryRefresh 2870
	-------- Loop 10 (sock 1 consumed 76.941630, avg temp 54.490909, final temp 54 ) ------
	-------- Loop 10 (sock 2 consumed 73.859355, avg temp 44.790130, final temp 45 ) ------
Loop 11 <line-4117> - Time 0.222005 Total energy consumed 2.272815 Ave. Power Level 10.237679 Memory 177 MemoryRefresh 11
	-------- Loop 11 (sock 1 consumed 1.508655, avg temp 54.492468, final temp 54 ) ------
	-------- Loop 11 (sock 2 consumed 0.764160, avg temp 44.792727, final temp 45 ) ------
Application(EnergyStat) - Time 135.513295 Total energy consumed 13319.945505 Ave. Power Level 98.292536 Memory 5573086 MemoryRefresh 221344 Final Temperature socket 1 : 54  socket 2 : 45 
	 ParallelApplication(EnergyStat) - Time 135.246838 Total energy consumed 13309.277490 Ave. Power Level 98.407310 Memory 5571979 MemoryRefresh 220984


Elapsed time = 1.353116e+02

Run completed:  
   Problem size        =  80 
   Iteration count     =  1925 
   Final Origin Energy = 3.241094e+05 
   Testing Plane 0 of Energy Array:
        MaxAbsDiff   = 9.094947e-11
        TotalAbsDiff = 3.376788e-09
        MaxRelDiff   = 1.406644e-12



Elapsed time = 2.006451e+01



Elapsed time = 1.576326e+01



Elapsed time = 3.721810e+01



Elapsed time = 1.539999e+01



Elapsed time = 2.221233e+00



Elapsed time = 5.228800e-02



Elapsed time = 2.517365e+00



Elapsed time = 2.832375e+01



Elapsed time = 1.118484e+01



Elapsed time = 6.194030e-01



Elapsed time = 1.718411e+00



Elapsed time = 2.179420e-01


Loop 0 <line-1313> - Time 20.061013 Total energy consumed 2027.128470 Ave. Power Level 101.048163 Memory 879391 MemoryRefresh 34133
	-------- Loop 0 (sock 1 consumed 1066.503315, avg temp 54.684156, final temp 54 ) ------
	-------- Loop 0 (sock 2 consumed 960.625155, avg temp 45.233766, final temp 45 ) ------
Loop 1 <line-1341> - Time 15.759428 Total energy consumed 1407.317565 Ave. Power Level 89.300044 Memory 18374858396 MemoryRefresh 23672
	-------- Loop 1 (sock 1 consumed 753.292560, avg temp 54.415065, final temp 54 ) ------
	-------- Loop 1 (sock 2 consumed 654.025005, avg temp 44.833247, final temp 44 ) ------
Loop 2 <line-2361> - Time 37.213730 Total energy consumed 3968.187300 Ave. Power Level 106.632344 Memory 912864 MemoryRefresh 62556
	-------- Loop 2 (sock 1 consumed 2053.337985, avg temp 54.875325, final temp 55 ) ------
	-------- Loop 2 (sock 2 consumed 1914.849315, avg temp 45.371948, final temp 46 ) ------
Loop 3 <line-2389> - Time 15.396465 Total energy consumed 1404.931755 Ave. Power Level 91.250279 Memory 19177195375 MemoryRefresh 23572
	-------- Loop 3 (sock 1 consumed 751.003740, avg temp 54.488312, final temp 54 ) ------
	-------- Loop 3 (sock 2 consumed 653.928015, avg temp 44.911688, final temp 45 ) ------
Loop 4 <line-2440> - Time 2.219229 Total energy consumed 213.091500 Ave. Power Level 96.020521 Memory 127103 MemoryRefresh 3661
	-------- Loop 4 (sock 1 consumed 107.924370, avg temp 54.508571, final temp 54 ) ------
	-------- Loop 4 (sock 2 consumed 105.167130, avg temp 44.923636, final temp 45 ) ------
Loop 5 <line-2460> - Time 0.051230 Total energy consumed 3.008070 Ave. Power Level 58.717164 Memory 8176 MemoryRefresh 193
	-------- Loop 5 (sock 1 consumed 1.083615, avg temp 54.508052, final temp 54 ) ------
	-------- Loop 5 (sock 2 consumed 1.924455, avg temp 44.922078, final temp 45 ) ------
Loop 6 <line-2514> - Time 2.514408 Total energy consumed 230.871300 Ave. Power Level 91.819340 Memory 171631 MemoryRefresh 3864
	-------- Loop 6 (sock 1 consumed 121.635390, avg temp 54.481039, final temp 54 ) ------
	-------- Loop 6 (sock 2 consumed 109.235910, avg temp 44.883636, final temp 45 ) ------
Loop 7 <line-3918> - Time 28.319703 Total energy consumed 2806.560465 Ave. Power Level 99.102750 Memory 640267 MemoryRefresh 47388
	-------- Loop 7 (sock 1 consumed 1458.146940, avg temp 54.699740, final temp 55 ) ------
	-------- Loop 7 (sock 2 consumed 1348.413525, avg temp 45.220779, final temp 45 ) ------
Loop 8 <line-3968> - Time 11.181027 Total energy consumed 1032.646260 Ave. Power Level 92.357011 Memory 475466 MemoryRefresh 18310
	-------- Loop 8 (sock 1 consumed 539.878560, avg temp 54.657662, final temp 55 ) ------
	-------- Loop 8 (sock 2 consumed 492.767700, avg temp 45.151688, final temp 45 ) ------
Loop 9 <line-3990> - Time 0.618011 Total energy consumed 70.806240 Ave. Power Level 114.571185 Memory 21946 MemoryRefresh 1262
	-------- Loop 9 (sock 1 consumed 37.048065, avg temp 54.661818, final temp 55 ) ------
	-------- Loop 9 (sock 2 consumed 33.758175, avg temp 45.161558, final temp 45 ) ------
Loop 10 <line-4056> - Time 1.717060 Total energy consumed 136.781700 Ave. Power Level 79.660392 Memory 55148 MemoryRefresh 2590
	-------- Loop 10 (sock 1 consumed 69.607875, avg temp 54.646234, final temp 55 ) ------
	-------- Loop 10 (sock 2 consumed 67.173825, avg temp 45.177662, final temp 45 ) ------
Loop 11 <line-4117> - Time 0.216655 Total energy consumed 5.644125 Ave. Power Level 26.051173 Memory 98 MemoryRefresh 11
	-------- Loop 11 (sock 1 consumed 3.700410, avg temp 54.645714, final temp 55 ) ------
	-------- Loop 11 (sock 2 consumed 1.943715, avg temp 45.178701, final temp 45 ) ------
Application(EnergyStat) - Time 135.536895 Total energy consumed 13317.733830 Ave. Power Level 98.259104 Memory 37555346950 MemoryRefresh 221576 Final Temperature socket 1 : 55  socket 2 : 45 
	 ParallelApplication(EnergyStat) - Time 135.267960 Total energy consumed 13306.974750 Ave. Power Level 98.374920 Memory 37555345861 MemoryRefresh 221212


Elapsed time = 1.348767e+02

Run completed:  
   Problem size        =  80 
   Iteration count     =  1925 
   Final Origin Energy = 3.241094e+05 
   Testing Plane 0 of Energy Array:
        MaxAbsDiff   = 9.094947e-11
        TotalAbsDiff = 3.376788e-09
        MaxRelDiff   = 1.406644e-12



Elapsed time = 2.004308e+01



Elapsed time = 1.564118e+01



Elapsed time = 3.717915e+01



Elapsed time = 1.526682e+01



Elapsed time = 2.194265e+00



Elapsed time = 5.611800e-02



Elapsed time = 2.413292e+00



Elapsed time = 2.832022e+01



Elapsed time = 1.116641e+01



Elapsed time = 6.442770e-01



Elapsed time = 1.718656e+00



Elapsed time = 2.231800e-01


Loop 0 <line-1313> - Time 20.039733 Total energy consumed 2027.574675 Ave. Power Level 101.177727 Memory 881566 MemoryRefresh 34110
	-------- Loop 0 (sock 1 consumed 1067.585415, avg temp 54.161039, final temp 54 ) ------
	-------- Loop 0 (sock 2 consumed 959.989260, avg temp 44.753247, final temp 44 ) ------
Loop 1 <line-1341> - Time 15.637530 Total energy consumed 1406.567505 Ave. Power Level 89.948187 Memory 1162956 MemoryRefresh 23668
	-------- Loop 1 (sock 1 consumed 753.794445, avg temp 53.905974, final temp 54 ) ------
	-------- Loop 1 (sock 2 consumed 652.773060, avg temp 44.388571, final temp 44 ) ------
Loop 2 <line-2361> - Time 37.175170 Total energy consumed 3939.094740 Ave. Power Level 105.960368 Memory 912651 MemoryRefresh 62025
	-------- Loop 2 (sock 1 consumed 2038.811310, avg temp 54.337143, final temp 54 ) ------
	-------- Loop 2 (sock 2 consumed 1900.283430, avg temp 44.914805, final temp 44 ) ------
Loop 3 <line-2389> - Time 15.263210 Total energy consumed 1399.209495 Ave. Power Level 91.672036 Memory 1121784 MemoryRefresh 23487
	-------- Loop 3 (sock 1 consumed 747.718590, avg temp 53.972987, final temp 54 ) ------
	-------- Loop 3 (sock 2 consumed 651.490905, avg temp 44.446753, final temp 44 ) ------
Loop 4 <line-2440> - Time 2.192124 Total energy consumed 211.207935 Ave. Power Level 96.348556 Memory 118234 MemoryRefresh 3548
	-------- Loop 4 (sock 1 consumed 107.807235, avg temp 53.969351, final temp 54 ) ------
	-------- Loop 4 (sock 2 consumed 103.400700, avg temp 44.431169, final temp 44 ) ------
Loop 5 <line-2460> - Time 0.055087 Total energy consumed 6.553620 Ave. Power Level 118.969571 Memory 12785 MemoryRefresh 304
	-------- Loop 5 (sock 1 consumed 2.444070, avg temp 53.969351, final temp 54 ) ------
	-------- Loop 5 (sock 2 consumed 4.109550, avg temp 44.434805, final temp 44 ) ------
Loop 6 <line-2514> - Time 2.410403 Total energy consumed 230.962680 Ave. Power Level 95.819125 Memory 167667 MemoryRefresh 3864
	-------- Loop 6 (sock 1 consumed 121.884990, avg temp 53.952727, final temp 54 ) ------
	-------- Loop 6 (sock 2 consumed 109.077690, avg temp 44.447273, final temp 44 ) ------
Loop 7 <line-3918> - Time 28.316494 Total energy consumed 2799.423705 Ave. Power Level 98.861946 Memory 639421 MemoryRefresh 47176
	-------- Loop 7 (sock 1 consumed 1454.539575, avg temp 54.165195, final temp 54 ) ------
	-------- Loop 7 (sock 2 consumed 1344.884130, avg temp 44.762597, final temp 45 ) ------
Loop 8 <line-3968> - Time 11.163388 Total energy consumed 1034.070555 Ave. Power Level 92.630527 Memory 479093 MemoryRefresh 18384
	-------- Loop 8 (sock 1 consumed 541.002120, avg temp 54.105974, final temp 54 ) ------
	-------- Loop 8 (sock 2 consumed 493.068435, avg temp 44.673247, final temp 44 ) ------
Loop 9 <line-3990> - Time 0.642893 Total energy consumed 68.902800 Ave. Power Level 107.176194 Memory 21286 MemoryRefresh 1204
	-------- Loop 9 (sock 1 consumed 35.917545, avg temp 54.120000, final temp 54 ) ------
	-------- Loop 9 (sock 2 consumed 32.985255, avg temp 44.679481, final temp 44 ) ------
Loop 10 <line-4056> - Time 1.717206 Total energy consumed 140.121585 Ave. Power Level 81.598597 Memory 57159 MemoryRefresh 2654
	-------- Loop 10 (sock 1 consumed 71.696760, avg temp 54.113247, final temp 54 ) ------
	-------- Loop 10 (sock 2 consumed 68.424825, avg temp 44.680519, final temp 44 ) ------
Loop 11 <line-4117> - Time 0.222040 Total energy consumed 3.747435 Ave. Power Level 16.877284 Memory 191 MemoryRefresh 12
	-------- Loop 11 (sock 1 consumed 2.385855, avg temp 54.111169, final temp 54 ) ------
	-------- Loop 11 (sock 2 consumed 1.361580, avg temp 44.680000, final temp 44 ) ------
Application(EnergyStat) - Time 135.101332 Total energy consumed 13278.184905 Ave. Power Level 98.283153 Memory 5575829 MemoryRefresh 220794 Final Temperature socket 1 : 54  socket 2 : 44 
	 ParallelApplication(EnergyStat) - Time 134.835278 Total energy consumed 13267.436730 Ave. Power Level 98.397370 Memory 5574793 MemoryRefresh 220436


Elapsed time = 1.353542e+02

Run completed:  
   Problem size        =  80 
   Iteration count     =  1925 
   Final Origin Energy = 3.241094e+05 
   Testing Plane 0 of Energy Array:
        MaxAbsDiff   = 9.094947e-11
        TotalAbsDiff = 3.376788e-09
        MaxRelDiff   = 1.406644e-12



Elapsed time = 2.002816e+01



Elapsed time = 1.586481e+01



Elapsed time = 3.721044e+01



Elapsed time = 1.553019e+01



Elapsed time = 2.197154e+00



Elapsed time = 5.887500e-02



Elapsed time = 2.344168e+00



Elapsed time = 2.829551e+01



Elapsed time = 1.122810e+01



Elapsed time = 6.146800e-01



Elapsed time = 1.757293e+00



Elapsed time = 2.148710e-01


Loop 0 <line-1313> - Time 20.024486 Total energy consumed 2013.077865 Ave. Power Level 100.530812 Memory 868856 MemoryRefresh 33759
	-------- Loop 0 (sock 1 consumed 1062.482355, avg temp 54.244675, final temp 55 ) ------
	-------- Loop 0 (sock 2 consumed 950.595510, avg temp 44.204156, final temp 46 ) ------
Loop 1 <line-1341> - Time 15.860877 Total energy consumed 1430.727795 Ave. Power Level 90.204837 Memory 1164995 MemoryRefresh 24102
	-------- Loop 1 (sock 1 consumed 767.275350, avg temp 53.958961, final temp 54 ) ------
	-------- Loop 1 (sock 2 consumed 663.452445, avg temp 43.938701, final temp 44 ) ------
Loop 2 <line-2361> - Time 37.206301 Total energy consumed 3960.662715 Ave. Power Level 106.451396 Memory 903281 MemoryRefresh 62300
	-------- Loop 2 (sock 1 consumed 2052.802290, avg temp 54.387013, final temp 54 ) ------
	-------- Loop 2 (sock 2 consumed 1907.860425, avg temp 44.307013, final temp 45 ) ------
Loop 3 <line-2389> - Time 15.526438 Total energy consumed 1429.954215 Ave. Power Level 92.098021 Memory 1133586 MemoryRefresh 24024
	-------- Loop 3 (sock 1 consumed 765.074115, avg temp 54.036364, final temp 54 ) ------
	-------- Loop 3 (sock 2 consumed 664.880100, avg temp 43.989610, final temp 45 ) ------
Loop 4 <line-2440> - Time 2.194989 Total energy consumed 210.583185 Ave. Power Level 95.938169 Memory 124336 MemoryRefresh 3501
	-------- Loop 4 (sock 1 consumed 107.961420, avg temp 54.051429, final temp 54 ) ------
	-------- Loop 4 (sock 2 consumed 102.621765, avg temp 43.974545, final temp 45 ) ------
Loop 5 <line-2460> - Time 0.057624 Total energy consumed 6.913065 Ave. Power Level 119.969279 Memory 14789 MemoryRefresh 351
	-------- Loop 5 (sock 1 consumed 2.592510, avg temp 54.052468, final temp 54 ) ------
	-------- Loop 5 (sock 2 consumed 4.320555, avg temp 43.982338, final temp 45 ) ------
Loop 6 <line-2514> - Time 2.341325 Total energy consumed 223.645935 Ave. Power Level 95.521081 Memory 160490 MemoryRefresh 3696
	-------- Loop 6 (sock 1 consumed 118.916100, avg temp 54.012987, final temp 55 ) ------
	-------- Loop 6 (sock 2 consumed 104.729835, avg temp 43.976104, final temp 44 ) ------
Loop 7 <line-3918> - Time 28.291706 Total energy consumed 2779.167015 Ave. Power Level 98.232572 Memory 632326 MemoryRefresh 46938
	-------- Loop 7 (sock 1 consumed 1444.855080, avg temp 54.211429, final temp 55 ) ------
	-------- Loop 7 (sock 2 consumed 1334.311935, avg temp 44.175065, final temp 46 ) ------
Loop 8 <line-3968> - Time 11.225253 Total energy consumed 1061.212755 Ave. Power Level 94.537978 Memory 483630 MemoryRefresh 18806
	-------- Loop 8 (sock 1 consumed 556.286160, avg temp 54.174026, final temp 55 ) ------
	-------- Loop 8 (sock 2 consumed 504.926595, avg temp 44.144935, final temp 45 ) ------
Loop 9 <line-3990> - Time 0.613437 Total energy consumed 44.601630 Ave. Power Level 72.707702 Memory 12950 MemoryRefresh 790
	-------- Loop 9 (sock 1 consumed 23.107725, avg temp 54.175065, final temp 55 ) ------
	-------- Loop 9 (sock 2 consumed 21.493905, avg temp 44.144935, final temp 45 ) ------
Loop 10 <line-4056> - Time 1.755854 Total energy consumed 163.702980 Ave. Power Level 93.232675 Memory 67759 MemoryRefresh 3068
	-------- Loop 10 (sock 1 consumed 83.646945, avg temp 54.180779, final temp 55 ) ------
	-------- Loop 10 (sock 2 consumed 80.056035, avg temp 44.147013, final temp 46 ) ------
Loop 11 <line-4117> - Time 0.213691 Total energy consumed 1.719180 Ave. Power Level 8.045179 Memory 39 MemoryRefresh 2
	-------- Loop 11 (sock 1 consumed 0.957540, avg temp 54.181818, final temp 55 ) ------
	-------- Loop 11 (sock 2 consumed 0.761640, avg temp 44.148052, final temp 46 ) ------
Application(EnergyStat) - Time 135.579745 Total energy consumed 13337.485875 Ave. Power Level 98.373735 Memory 5568063 MemoryRefresh 221696 Final Temperature socket 1 : 55  socket 2 : 46 
	 ParallelApplication(EnergyStat) - Time 135.311981 Total energy consumed 13325.968335 Ave. Power Level 98.483285 Memory 5567037 MemoryRefresh 221337


Elapsed time = 1.354874e+02

Run completed:  
   Problem size        =  80 
   Iteration count     =  1925 
   Final Origin Energy = 3.241094e+05 
   Testing Plane 0 of Energy Array:
        MaxAbsDiff   = 9.094947e-11
        TotalAbsDiff = 3.376788e-09
        MaxRelDiff   = 1.406644e-12



Elapsed time = 2.002968e+01



Elapsed time = 1.588625e+01



Elapsed time = 3.716340e+01



Elapsed time = 1.548030e+01



Elapsed time = 2.188076e+00



Elapsed time = 6.658600e-02



Elapsed time = 2.622009e+00



Elapsed time = 2.828195e+01



Elapsed time = 1.118249e+01



Elapsed time = 6.103200e-01



Elapsed time = 1.752758e+00



Elapsed time = 2.140520e-01


Loop 0 <line-1313> - Time 20.025760 Total energy consumed 2002.205610 Ave. Power Level 99.981503 Memory 876303 MemoryRefresh 33692
	-------- Loop 0 (sock 1 consumed 1055.430540, avg temp 54.743896, final temp 56 ) ------
	-------- Loop 0 (sock 2 consumed 946.775070, avg temp 45.189610, final temp 45 ) ------
Loop 1 <line-1341> - Time 15.882685 Total energy consumed 1435.287645 Ave. Power Level 90.368076 Memory 18601446153 MemoryRefresh 24214
	-------- Loop 1 (sock 1 consumed 767.841630, avg temp 54.467532, final temp 55 ) ------
	-------- Loop 1 (sock 2 consumed 667.446015, avg temp 44.805195, final temp 45 ) ------
Loop 2 <line-2361> - Time 37.159374 Total energy consumed 3945.109290 Ave. Power Level 106.167271 Memory 904191 MemoryRefresh 62274
	-------- Loop 2 (sock 1 consumed 2042.926635, avg temp 54.889870, final temp 56 ) ------
	-------- Loop 2 (sock 2 consumed 1902.182655, avg temp 45.368312, final temp 46 ) ------
Loop 3 <line-2389> - Time 15.476684 Total energy consumed 1416.897585 Ave. Power Level 91.550460 Memory 1133698 MemoryRefresh 23874
	-------- Loop 3 (sock 1 consumed 757.306005, avg temp 54.539740, final temp 55 ) ------
	-------- Loop 3 (sock 2 consumed 659.591580, avg temp 44.897143, final temp 45 ) ------
Loop 4 <line-2440> - Time 2.186073 Total energy consumed 208.205400 Ave. Power Level 95.241762 Memory 120486 MemoryRefresh 3464
	-------- Loop 4 (sock 1 consumed 106.331115, avg temp 54.542857, final temp 55 ) ------
	-------- Loop 4 (sock 2 consumed 101.874285, avg temp 44.880519, final temp 45 ) ------
Loop 5 <line-2460> - Time 0.065527 Total energy consumed 7.042440 Ave. Power Level 107.473784 Memory 16636 MemoryRefresh 393
	-------- Loop 5 (sock 1 consumed 2.632440, avg temp 54.545455, final temp 55 ) ------
	-------- Loop 5 (sock 2 consumed 4.410000, avg temp 44.881558, final temp 45 ) ------
Loop 6 <line-2514> - Time 2.618765 Total energy consumed 233.806260 Ave. Power Level 89.281107 Memory 177456 MemoryRefresh 3912
	-------- Loop 6 (sock 1 consumed 123.061395, avg temp 54.540779, final temp 55 ) ------
	-------- Loop 6 (sock 2 consumed 110.744865, avg temp 44.876883, final temp 46 ) ------
Loop 7 <line-3918> - Time 28.278275 Total energy consumed 2798.423775 Ave. Power Level 98.960199 Memory 636067 MemoryRefresh 47340
	-------- Loop 7 (sock 1 consumed 1454.467170, avg temp 54.754286, final temp 55 ) ------
	-------- Loop 7 (sock 2 consumed 1343.956605, avg temp 45.188571, final temp 45 ) ------
Loop 8 <line-3968> - Time 11.179011 Total energy consumed 1044.745290 Ave. Power Level 93.455969 Memory 480623 MemoryRefresh 18582
	-------- Loop 8 (sock 1 consumed 546.445230, avg temp 54.714805, final temp 56 ) ------
	-------- Loop 8 (sock 2 consumed 498.300060, avg temp 45.125714, final temp 45 ) ------
Loop 9 <line-3990> - Time 0.609024 Total energy consumed 45.516945 Ave. Power Level 74.737501 Memory 14493 MemoryRefresh 812
	-------- Loop 9 (sock 1 consumed 23.712840, avg temp 54.708052, final temp 56 ) ------
	-------- Loop 9 (sock 2 consumed 21.804105, avg temp 45.129351, final temp 45 ) ------
Loop 10 <line-4056> - Time 1.751437 Total energy consumed 161.146650 Ave. Power Level 92.008246 Memory 67552 MemoryRefresh 3048
	-------- Loop 10 (sock 1 consumed 82.714935, avg temp 54.704416, final temp 56 ) ------
	-------- Loop 10 (sock 2 consumed 78.431715, avg temp 45.136104, final temp 45 ) ------
Loop 11 <line-4117> - Time 0.212821 Total energy consumed 7.348650 Ave. Power Level 34.529676 Memory 632 MemoryRefresh 33
	-------- Loop 11 (sock 1 consumed 4.288290, avg temp 54.708571, final temp 56 ) ------
	-------- Loop 11 (sock 2 consumed 3.060360, avg temp 45.131948, final temp 45 ) ------
Application(EnergyStat) - Time 135.705951 Total energy consumed 13316.674830 Ave. Power Level 98.128893 Memory 18605875330 MemoryRefresh 222000 Final Temperature socket 1 : 56  socket 2 : 45 
	 ParallelApplication(EnergyStat) - Time 135.445437 Total energy consumed 13305.735540 Ave. Power Level 98.236869 Memory 18605874290 MemoryRefresh 221638


Elapsed time = 1.352388e+02

Run completed:  
   Problem size        =  80 
   Iteration count     =  1925 
   Final Origin Energy = 3.241094e+05 
   Testing Plane 0 of Energy Array:
        MaxAbsDiff   = 9.094947e-11
        TotalAbsDiff = 3.376788e-09
        MaxRelDiff   = 1.406644e-12



Elapsed time = 1.998976e+01



Elapsed time = 1.588586e+01



Elapsed time = 3.715014e+01



Elapsed time = 1.549482e+01



Elapsed time = 2.182147e+00



Elapsed time = 6.005900e-02



Elapsed time = 2.405629e+00



Elapsed time = 2.827850e+01



Elapsed time = 1.119708e+01



Elapsed time = 6.286570e-01



Elapsed time = 1.742359e+00



Elapsed time = 2.147020e-01


Loop 0 <line-1313> - Time 19.985846 Total energy consumed 2009.128830 Ave. Power Level 100.527583 Memory 874619 MemoryRefresh 33770
	-------- Loop 0 (sock 1 consumed 1058.493000, avg temp 54.563117, final temp 54 ) ------
	-------- Loop 0 (sock 2 consumed 950.635830, avg temp 44.771429, final temp 44 ) ------
Loop 1 <line-1341> - Time 15.881981 Total energy consumed 1429.331295 Ave. Power Level 89.997043 Memory 1161597 MemoryRefresh 24114
	-------- Loop 1 (sock 1 consumed 763.517055, avg temp 54.279481, final temp 55 ) ------
	-------- Loop 1 (sock 2 consumed 665.814240, avg temp 44.394805, final temp 44 ) ------
Loop 2 <line-2361> - Time 37.145713 Total energy consumed 3945.029820 Ave. Power Level 106.204175 Memory 903735 MemoryRefresh 62290
	-------- Loop 2 (sock 1 consumed 2041.159485, avg temp 54.728831, final temp 55 ) ------
	-------- Loop 2 (sock 2 consumed 1903.870335, avg temp 44.934545, final temp 45 ) ------
Loop 3 <line-2389> - Time 15.491082 Total energy consumed 1416.706035 Ave. Power Level 91.453009 Memory 1126815 MemoryRefresh 23840
	-------- Loop 3 (sock 1 consumed 755.540160, avg temp 54.384416, final temp 54 ) ------
	-------- Loop 3 (sock 2 consumed 661.165875, avg temp 44.489351, final temp 44 ) ------
Loop 4 <line-2440> - Time 2.180072 Total energy consumed 209.579520 Ave. Power Level 96.134235 Memory 123855 MemoryRefresh 3521
	-------- Loop 4 (sock 1 consumed 107.564910, avg temp 54.387013, final temp 54 ) ------
	-------- Loop 4 (sock 2 consumed 102.014610, avg temp 44.483636, final temp 44 ) ------
Loop 5 <line-2460> - Time 0.058988 Total energy consumed 6.408855 Ave. Power Level 108.647466 Memory 13626 MemoryRefresh 325
	-------- Loop 5 (sock 1 consumed 2.480730, avg temp 54.384416, final temp 54 ) ------
	-------- Loop 5 (sock 2 consumed 3.928125, avg temp 44.486753, final temp 44 ) ------
Loop 6 <line-2514> - Time 2.402383 Total energy consumed 233.066370 Ave. Power Level 97.014651 Memory 169823 MemoryRefresh 3870
	-------- Loop 6 (sock 1 consumed 122.363460, avg temp 54.366753, final temp 54 ) ------
	-------- Loop 6 (sock 2 consumed 110.702910, avg temp 44.489870, final temp 44 ) ------
Loop 7 <line-3918> - Time 28.274600 Total energy consumed 2775.180570 Ave. Power Level 98.151010 Memory 627866 MemoryRefresh 47004
	-------- Loop 7 (sock 1 consumed 1441.462155, avg temp 54.581299, final temp 54 ) ------
	-------- Loop 7 (sock 2 consumed 1333.718415, avg temp 44.775065, final temp 45 ) ------
Loop 8 <line-3968> - Time 11.193554 Total energy consumed 1047.875385 Ave. Power Level 93.614181 Memory 482597 MemoryRefresh 18624
	-------- Loop 8 (sock 1 consumed 547.770525, avg temp 54.518442, final temp 54 ) ------
	-------- Loop 8 (sock 2 consumed 500.104860, avg temp 44.727273, final temp 44 ) ------
Loop 9 <line-3990> - Time 0.627307 Total energy consumed 52.168920 Ave. Power Level 83.163366 Memory 15976 MemoryRefresh 924
	-------- Loop 9 (sock 1 consumed 27.225780, avg temp 54.524675, final temp 54 ) ------
	-------- Loop 9 (sock 2 consumed 24.943140, avg temp 44.710649, final temp 44 ) ------
Loop 10 <line-4056> - Time 1.740783 Total energy consumed 155.420160 Ave. Power Level 89.281771 Memory 65098 MemoryRefresh 2932
	-------- Loop 10 (sock 1 consumed 79.119855, avg temp 54.515844, final temp 54 ) ------
	-------- Loop 10 (sock 2 consumed 76.300305, avg temp 44.715325, final temp 44 ) ------
Loop 11 <line-4117> - Time 0.213544 Total energy consumed 2.041290 Ave. Power Level 9.559113 Memory 92 MemoryRefresh 6
	-------- Loop 11 (sock 1 consumed 1.364130, avg temp 54.514805, final temp 54 ) ------
	-------- Loop 11 (sock 2 consumed 0.677160, avg temp 44.713766, final temp 44 ) ------
Application(EnergyStat) - Time 135.458784 Total energy consumed 13292.913660 Ave. Power Level 98.132534 Memory 5566694 MemoryRefresh 221582 Final Temperature socket 1 : 54  socket 2 : 44 
	 ParallelApplication(EnergyStat) - Time 135.195852 Total energy consumed 13281.937050 Ave. Power Level 98.242194 Memory 5565699 MemoryRefresh 221220


Elapsed time = 1.353935e+02

Run completed:  
   Problem size        =  80 
   Iteration count     =  1925 
   Final Origin Energy = 3.241094e+05 
   Testing Plane 0 of Energy Array:
        MaxAbsDiff   = 9.094947e-11
        TotalAbsDiff = 3.376788e-09
        MaxRelDiff   = 1.406644e-12



Elapsed time = 2.006750e+01



Elapsed time = 1.583009e+01



Elapsed time = 3.721224e+01



Elapsed time = 1.548664e+01



Elapsed time = 2.210456e+00



Elapsed time = 5.272200e-02



Elapsed time = 2.385167e+00



Elapsed time = 2.831648e+01



Elapsed time = 1.124475e+01



Elapsed time = 6.131510e-01



Elapsed time = 1.750602e+00



Elapsed time = 2.143430e-01


Loop 0 <line-1313> - Time 20.063494 Total energy consumed 2010.747750 Ave. Power Level 100.219219 Memory 872981 MemoryRefresh 33743
	-------- Loop 0 (sock 1 consumed 1058.346300, avg temp 54.248312, final temp 55 ) ------
	-------- Loop 0 (sock 2 consumed 952.401450, avg temp 44.273247, final temp 45 ) ------
Loop 1 <line-1341> - Time 15.826566 Total energy consumed 1429.742580 Ave. Power Level 90.338141 Memory 1164048 MemoryRefresh 24094
	-------- Loop 1 (sock 1 consumed 765.063855, avg temp 53.982338, final temp 54 ) ------
	-------- Loop 1 (sock 2 consumed 664.678725, avg temp 44.041039, final temp 44 ) ------
Loop 2 <line-2361> - Time 37.207876 Total energy consumed 3942.609330 Ave. Power Level 105.961687 Memory 901585 MemoryRefresh 62112
	-------- Loop 2 (sock 1 consumed 2041.058130, avg temp 54.386494, final temp 55 ) ------
	-------- Loop 2 (sock 2 consumed 1901.551200, avg temp 44.429091, final temp 44 ) ------
Loop 3 <line-2389> - Time 15.482966 Total energy consumed 1424.101770 Ave. Power Level 91.978616 Memory 1131930 MemoryRefresh 23942
	-------- Loop 3 (sock 1 consumed 761.001150, avg temp 54.051429, final temp 54 ) ------
	-------- Loop 3 (sock 2 consumed 663.100620, avg temp 44.097143, final temp 44 ) ------
Loop 4 <line-2440> - Time 2.208528 Total energy consumed 213.731910 Ave. Power Level 96.775723 Memory 127027 MemoryRefresh 3586
	-------- Loop 4 (sock 1 consumed 108.352050, avg temp 54.045195, final temp 54 ) ------
	-------- Loop 4 (sock 2 consumed 105.379860, avg temp 44.085195, final temp 44 ) ------
Loop 5 <line-2460> - Time 0.051705 Total energy consumed 3.671490 Ave. Power Level 71.008213 Memory 11191 MemoryRefresh 264
	-------- Loop 5 (sock 1 consumed 1.274055, avg temp 54.044675, final temp 54 ) ------
	-------- Loop 5 (sock 2 consumed 2.397435, avg temp 44.085195, final temp 44 ) ------
Loop 6 <line-2514> - Time 2.382144 Total energy consumed 229.712805 Ave. Power Level 96.431111 Memory 167576 MemoryRefresh 3858
	-------- Loop 6 (sock 1 consumed 119.969715, avg temp 54.025974, final temp 55 ) ------
	-------- Loop 6 (sock 2 consumed 109.743090, avg temp 44.080000, final temp 44 ) ------
Loop 7 <line-3918> - Time 28.312630 Total energy consumed 2776.762545 Ave. Power Level 98.075047 Memory 629796 MemoryRefresh 46860
	-------- Loop 7 (sock 1 consumed 1442.926980, avg temp 54.255065, final temp 55 ) ------
	-------- Loop 7 (sock 2 consumed 1333.835565, avg temp 44.294026, final temp 45 ) ------
Loop 8 <line-3968> - Time 11.241229 Total energy consumed 1056.099690 Ave. Power Level 93.948773 Memory 481361 MemoryRefresh 18774
	-------- Loop 8 (sock 1 consumed 552.317610, avg temp 54.195325, final temp 55 ) ------
	-------- Loop 8 (sock 2 consumed 503.782080, avg temp 44.240519, final temp 45 ) ------
Loop 9 <line-3990> - Time 0.611770 Total energy consumed 47.411250 Ave. Power Level 77.498517 Memory 14302 MemoryRefresh 858
	-------- Loop 9 (sock 1 consumed 24.342600, avg temp 54.203117, final temp 55 ) ------
	-------- Loop 9 (sock 2 consumed 23.068650, avg temp 44.242597, final temp 45 ) ------
Loop 10 <line-4056> - Time 1.749015 Total energy consumed 158.148420 Ave. Power Level 90.421413 Memory 65677 MemoryRefresh 2996
	-------- Loop 10 (sock 1 consumed 81.715305, avg temp 54.200000, final temp 55 ) ------
	-------- Loop 10 (sock 2 consumed 76.433115, avg temp 44.263896, final temp 45 ) ------
Loop 11 <line-4117> - Time 0.213162 Total energy consumed 1.284510 Ave. Power Level 6.025974 Memory 95 MemoryRefresh 7
	-------- Loop 11 (sock 1 consumed 0.865680, avg temp 54.200000, final temp 55 ) ------
	-------- Loop 11 (sock 2 consumed 0.418830, avg temp 44.263896, final temp 45 ) ------
Application(EnergyStat) - Time 135.619773 Total energy consumed 13304.674305 Ave. Power Level 98.102762 Memory 5568607 MemoryRefresh 221458 Final Temperature socket 1 : 55  socket 2 : 45 
	 ParallelApplication(EnergyStat) - Time 135.351086 Total energy consumed 13294.024050 Ave. Power Level 98.218820 Memory 5567569 MemoryRefresh 221094


Elapsed time = 1.354638e+02

Run completed:  
   Problem size        =  80 
   Iteration count     =  1925 
   Final Origin Energy = 3.241094e+05 
   Testing Plane 0 of Energy Array:
        MaxAbsDiff   = 9.094947e-11
        TotalAbsDiff = 3.376788e-09
        MaxRelDiff   = 1.406644e-12



Elapsed time = 2.010651e+01



Elapsed time = 1.586538e+01



Elapsed time = 3.721386e+01



Elapsed time = 1.552187e+01



Elapsed time = 2.195464e+00



Elapsed time = 5.470700e-02



Elapsed time = 2.371635e+00



Elapsed time = 2.833093e+01



Elapsed time = 1.121306e+01



Elapsed time = 6.214600e-01



Elapsed time = 1.742595e+00



Elapsed time = 2.168120e-01


Loop 0 <line-1313> - Time 20.102497 Total energy consumed 2019.977970 Ave. Power Level 100.483932 Memory 876269 MemoryRefresh 33990
	-------- Loop 0 (sock 1 consumed 1063.747575, avg temp 54.882078, final temp 54 ) ------
	-------- Loop 0 (sock 2 consumed 956.230395, avg temp 45.219221, final temp 46 ) ------
Loop 1 <line-1341> - Time 15.861780 Total energy consumed 1421.058075 Ave. Power Level 89.590077 Memory 1159755 MemoryRefresh 23944
	-------- Loop 1 (sock 1 consumed 762.065115, avg temp 54.604156, final temp 54 ) ------
	-------- Loop 1 (sock 2 consumed 658.992960, avg temp 44.869091, final temp 45 ) ------
Loop 2 <line-2361> - Time 37.209615 Total energy consumed 3957.554595 Ave. Power Level 106.358386 Memory 916254 MemoryRefresh 62430
	-------- Loop 2 (sock 1 consumed 2049.701115, avg temp 55.076364, final temp 55 ) ------
	-------- Loop 2 (sock 2 consumed 1907.853480, avg temp 45.401558, final temp 46 ) ------
Loop 3 <line-2389> - Time 15.518179 Total energy consumed 1420.504845 Ave. Power Level 91.538114 Memory 1130364 MemoryRefresh 23886
	-------- Loop 3 (sock 1 consumed 759.457455, avg temp 54.688831, final temp 55 ) ------
	-------- Loop 3 (sock 2 consumed 661.047390, avg temp 44.944416, final temp 45 ) ------
Loop 4 <line-2440> - Time 2.193600 Total energy consumed 210.167160 Ave. Power Level 95.809266 Memory 126330 MemoryRefresh 3553
	-------- Loop 4 (sock 1 consumed 107.187870, avg temp 54.683636, final temp 54 ) ------
	-------- Loop 4 (sock 2 consumed 102.979290, avg temp 44.930909, final temp 46 ) ------
Loop 5 <line-2460> - Time 0.053630 Total energy consumed 5.160405 Ave. Power Level 96.222059 Memory 12645 MemoryRefresh 301
	-------- Loop 5 (sock 1 consumed 1.969575, avg temp 54.680519, final temp 54 ) ------
	-------- Loop 5 (sock 2 consumed 3.190830, avg temp 44.935584, final temp 46 ) ------
Loop 6 <line-2514> - Time 2.368635 Total energy consumed 232.087305 Ave. Power Level 97.983572 Memory 168964 MemoryRefresh 3859
	-------- Loop 6 (sock 1 consumed 121.813275, avg temp 54.682078, final temp 55 ) ------
	-------- Loop 6 (sock 2 consumed 110.274030, avg temp 44.921039, final temp 46 ) ------
Loop 7 <line-3918> - Time 28.327139 Total energy consumed 2775.331005 Ave. Power Level 97.974277 Memory 627102 MemoryRefresh 46931
	-------- Loop 7 (sock 1 consumed 1443.189660, avg temp 54.894545, final temp 55 ) ------
	-------- Loop 7 (sock 2 consumed 1332.141345, avg temp 45.252987, final temp 46 ) ------
Loop 8 <line-3968> - Time 11.209302 Total energy consumed 1049.800545 Ave. Power Level 93.654405 Memory 479251 MemoryRefresh 18620
	-------- Loop 8 (sock 1 consumed 549.144360, avg temp 54.858182, final temp 55 ) ------
	-------- Loop 8 (sock 2 consumed 500.656185, avg temp 45.188571, final temp 46 ) ------
Loop 9 <line-3990> - Time 0.620148 Total energy consumed 54.510255 Ave. Power Level 87.898794 Memory 16714 MemoryRefresh 988
	-------- Loop 9 (sock 1 consumed 28.278255, avg temp 54.862857, final temp 55 ) ------
	-------- Loop 9 (sock 2 consumed 26.232000, avg temp 45.193247, final temp 46 ) ------
Loop 10 <line-4056> - Time 1.741154 Total energy consumed 152.292405 Ave. Power Level 87.466375 Memory 62951 MemoryRefresh 2868
	-------- Loop 10 (sock 1 consumed 78.523635, avg temp 54.843636, final temp 55 ) ------
	-------- Loop 10 (sock 2 consumed 73.768770, avg temp 45.183377, final temp 46 ) ------
Loop 11 <line-4117> - Time 0.215591 Total energy consumed 1.914030 Ave. Power Level 8.878063 Memory 106 MemoryRefresh 6
	-------- Loop 11 (sock 1 consumed 1.277850, avg temp 54.844156, final temp 55 ) ------
	-------- Loop 11 (sock 2 consumed 0.636180, avg temp 45.183377, final temp 46 ) ------
Application(EnergyStat) - Time 135.684392 Total energy consumed 13311.501630 Ave. Power Level 98.106358 Memory 5577729 MemoryRefresh 221738 Final Temperature socket 1 : 55  socket 2 : 46 
	 ParallelApplication(EnergyStat) - Time 135.421270 Total energy consumed 13300.358595 Ave. Power Level 98.214694 Memory 5576705 MemoryRefresh 221376
