

Elapsed time = 2.646067e+02

Run completed:  
   Problem size        =  80 
   Iteration count     =  1925 
   Final Origin Energy = 3.241094e+05 
   Testing Plane 0 of Energy Array:
        MaxAbsDiff   = 9.094947e-11
        TotalAbsDiff = 3.376788e-09
        MaxRelDiff   = 1.406644e-12



Elapsed time = 4.572690e+01



Elapsed time = 1.197663e+01



Elapsed time = 8.876896e+01



Elapsed time = 1.154385e+01



Elapsed time = 3.615768e+00



Elapsed time = 6.902200e-02



Elapsed time = 4.097637e+00



Elapsed time = 6.734368e+01



Elapsed time = 2.624496e+01



Elapsed time = 6.402030e-01



Elapsed time = 4.082322e+00



Elapsed time = 4.894780e-01


Loop 0 <line-1313> - Time 45.724427 Total energy consumed 3700.301250 Ave. Power Level 80.926138 Memory 595754 MemoryRefresh 79368
	-------- Loop 0 (sock 1 consumed 1778.959470, avg temp 54.346494, final temp 56 ) ------
	-------- Loop 0 (sock 2 consumed 1921.341780, avg temp 48.971429, final temp 51 ) ------
Loop 1 <line-1341> - Time 11.973657 Total energy consumed 1017.500415 Ave. Power Level 84.978249 Memory 26879119699 MemoryRefresh 20314
	-------- Loop 1 (sock 1 consumed 471.826755, avg temp 53.890909, final temp 56 ) ------
	-------- Loop 1 (sock 2 consumed 545.673660, avg temp 48.587013, final temp 50 ) ------
Loop 2 <line-2361> - Time 88.765559 Total energy consumed 7528.807425 Ave. Power Level 84.816764 Memory 13765524825 MemoryRefresh 154473
	-------- Loop 2 (sock 1 consumed 3661.987950, avg temp 54.939740, final temp 57 ) ------
	-------- Loop 2 (sock 2 consumed 3866.819475, avg temp 49.711169, final temp 51 ) ------
Loop 3 <line-2389> - Time 11.540459 Total energy consumed 990.191205 Ave. Power Level 85.801715 Memory 584155 MemoryRefresh 19685
	-------- Loop 3 (sock 1 consumed 460.872840, avg temp 54.300779, final temp 56 ) ------
	-------- Loop 3 (sock 2 consumed 529.318365, avg temp 48.992727, final temp 51 ) ------
Loop 4 <line-2440> - Time 3.614355 Total energy consumed 288.897165 Ave. Power Level 79.930497 Memory 111211 MemoryRefresh 6200
	-------- Loop 4 (sock 1 consumed 142.187895, avg temp 54.172468, final temp 56 ) ------
	-------- Loop 4 (sock 2 consumed 146.709270, avg temp 48.807792, final temp 51 ) ------
Loop 5 <line-2460> - Time 0.068150 Total energy consumed 5.718765 Ave. Power Level 83.913798 Memory 1588 MemoryRefresh 109
	-------- Loop 5 (sock 1 consumed 2.698605, avg temp 54.167792, final temp 56 ) ------
	-------- Loop 5 (sock 2 consumed 3.020160, avg temp 48.803117, final temp 51 ) ------
Loop 6 <line-2514> - Time 4.095506 Total energy consumed 338.690205 Ave. Power Level 82.698019 Memory 115108 MemoryRefresh 7088
	-------- Loop 6 (sock 1 consumed 161.533830, avg temp 54.127273, final temp 56 ) ------
	-------- Loop 6 (sock 2 consumed 177.156375, avg temp 48.777143, final temp 51 ) ------
Loop 7 <line-3918> - Time 67.340140 Total energy consumed 5414.888235 Ave. Power Level 80.411003 Memory 447319 MemoryRefresh 117069
	-------- Loop 7 (sock 1 consumed 2624.867025, avg temp 54.478442, final temp 56 ) ------
	-------- Loop 7 (sock 2 consumed 2790.021210, avg temp 49.105974, final temp 52 ) ------
Loop 8 <line-3968> - Time 26.241813 Total energy consumed 2055.064260 Ave. Power Level 78.312587 Memory 340169 MemoryRefresh 45521
	-------- Loop 8 (sock 1 consumed 989.746260, avg temp 54.241039, final temp 56 ) ------
	-------- Loop 8 (sock 2 consumed 1065.318000, avg temp 48.900260, final temp 52 ) ------
Loop 9 <line-3990> - Time 0.638894 Total energy consumed 48.634515 Ave. Power Level 76.123005 Memory 8415 MemoryRefresh 1108
	-------- Loop 9 (sock 1 consumed 23.630295, avg temp 54.246234, final temp 56 ) ------
	-------- Loop 9 (sock 2 consumed 25.004220, avg temp 48.904416, final temp 51 ) ------
Loop 10 <line-4056> - Time 4.081301 Total energy consumed 309.248505 Ave. Power Level 75.772036 Memory 59581 MemoryRefresh 7034
	-------- Loop 10 (sock 1 consumed 149.574630, avg temp 54.209870, final temp 56 ) ------
	-------- Loop 10 (sock 2 consumed 159.673875, avg temp 48.782338, final temp 52 ) ------
Loop 11 <line-4117> - Time 0.488563 Total energy consumed 35.686740 Ave. Power Level 73.044222 Memory 3735 MemoryRefresh 862
	-------- Loop 11 (sock 1 consumed 17.083770, avg temp 54.162597, final temp 55 ) ------
	-------- Loop 11 (sock 2 consumed 18.602970, avg temp 48.732468, final temp 51 ) ------
Application(EnergyStat) - Time 264.772681 Total energy consumed 21745.610415 Ave. Power Level 82.129359 Memory 40646912678 MemoryRefresh 459150 Final Temperature socket 1 : 55  socket 2 : 51 
	 ParallelApplication(EnergyStat) - Time 264.572824 Total energy consumed 21733.628685 Ave. Power Level 82.146111 Memory 40646911559 MemoryRefresh 458831


Elapsed time = 2.657086e+02

Run completed:  
   Problem size        =  80 
   Iteration count     =  1925 
   Final Origin Energy = 3.241094e+05 
   Testing Plane 0 of Energy Array:
        MaxAbsDiff   = 9.094947e-11
        TotalAbsDiff = 3.376788e-09
        MaxRelDiff   = 1.406644e-12



Elapsed time = 4.695993e+01



Elapsed time = 1.195525e+01



Elapsed time = 8.882410e+01



Elapsed time = 1.152356e+01



Elapsed time = 3.639110e+00



Elapsed time = 7.179400e-02



Elapsed time = 4.072471e+00



Elapsed time = 6.713223e+01



Elapsed time = 2.631589e+01



Elapsed time = 6.283110e-01



Elapsed time = 4.088535e+00



Elapsed time = 4.899130e-01


Loop 0 <line-1313> - Time 46.956723 Total energy consumed 3811.342770 Ave. Power Level 81.167137 Memory 597797 MemoryRefresh 81493
	-------- Loop 0 (sock 1 consumed 1837.155825, avg temp 55.688312, final temp 56 ) ------
	-------- Loop 0 (sock 2 consumed 1974.186945, avg temp 50.360519, final temp 50 ) ------
Loop 1 <line-1341> - Time 11.952201 Total energy consumed 1018.620000 Ave. Power Level 85.224467 Memory 595737 MemoryRefresh 20340
	-------- Loop 1 (sock 1 consumed 473.613375, avg temp 55.233247, final temp 55 ) ------
	-------- Loop 1 (sock 2 consumed 545.006625, avg temp 49.822857, final temp 50 ) ------
Loop 2 <line-2361> - Time 88.820343 Total energy consumed 7557.839850 Ave. Power Level 85.091316 Memory 628508 MemoryRefresh 154637
	-------- Loop 2 (sock 1 consumed 3679.428720, avg temp 56.338701, final temp 57 ) ------
	-------- Loop 2 (sock 2 consumed 3878.411130, avg temp 51.132468, final temp 51 ) ------
Loop 3 <line-2389> - Time 11.520362 Total energy consumed 989.487930 Ave. Power Level 85.890354 Memory 12449283166 MemoryRefresh 19551
	-------- Loop 3 (sock 1 consumed 460.791720, avg temp 55.667013, final temp 56 ) ------
	-------- Loop 3 (sock 2 consumed 528.696210, avg temp 50.377662, final temp 50 ) ------
Loop 4 <line-2440> - Time 3.637205 Total energy consumed 291.976770 Ave. Power Level 80.275049 Memory 115447 MemoryRefresh 6290
	-------- Loop 4 (sock 1 consumed 143.747235, avg temp 55.514805, final temp 56 ) ------
	-------- Loop 4 (sock 2 consumed 148.229535, avg temp 50.121039, final temp 50 ) ------
Loop 5 <line-2460> - Time 0.070933 Total energy consumed 5.638290 Ave. Power Level 79.487471 Memory 1446 MemoryRefresh 99
	-------- Loop 5 (sock 1 consumed 2.822160, avg temp 55.508052, final temp 56 ) ------
	-------- Loop 5 (sock 2 consumed 2.816130, avg temp 50.114286, final temp 50 ) ------
Loop 6 <line-2514> - Time 4.070328 Total energy consumed 334.865535 Ave. Power Level 82.269919 Memory 107898 MemoryRefresh 7030
	-------- Loop 6 (sock 1 consumed 159.385650, avg temp 55.467013, final temp 56 ) ------
	-------- Loop 6 (sock 2 consumed 175.479885, avg temp 50.088831, final temp 50 ) ------
Loop 7 <line-3918> - Time 67.128746 Total energy consumed 5418.472860 Ave. Power Level 80.717624 Memory 445604 MemoryRefresh 116689
	-------- Loop 7 (sock 1 consumed 2627.898450, avg temp 55.842597, final temp 57 ) ------
	-------- Loop 7 (sock 2 consumed 2790.574410, avg temp 50.539740, final temp 51 ) ------
Loop 8 <line-3968> - Time 26.312571 Total energy consumed 2065.386135 Ave. Power Level 78.494274 Memory 341117 MemoryRefresh 45640
	-------- Loop 8 (sock 1 consumed 996.194910, avg temp 55.616104, final temp 56 ) ------
	-------- Loop 8 (sock 2 consumed 1069.191225, avg temp 50.238442, final temp 50 ) ------
Loop 9 <line-3990> - Time 0.627057 Total energy consumed 46.811325 Ave. Power Level 74.652434 Memory 7439 MemoryRefresh 1045
	-------- Loop 9 (sock 1 consumed 22.637445, avg temp 55.610909, final temp 56 ) ------
	-------- Loop 9 (sock 2 consumed 24.173880, avg temp 50.255065, final temp 51 ) ------
Loop 10 <line-4056> - Time 4.087430 Total energy consumed 314.383710 Ave. Power Level 76.914770 Memory 59055 MemoryRefresh 7113
	-------- Loop 10 (sock 1 consumed 151.860765, avg temp 55.552727, final temp 56 ) ------
	-------- Loop 10 (sock 2 consumed 162.522945, avg temp 50.097662, final temp 52 ) ------
Loop 11 <line-4117> - Time 0.488953 Total energy consumed 33.540375 Ave. Power Level 68.596259 Memory 3284 MemoryRefresh 798
	-------- Loop 11 (sock 1 consumed 16.094220, avg temp 55.507532, final temp 56 ) ------
	-------- Loop 11 (sock 2 consumed 17.446155, avg temp 50.038961, final temp 52 ) ------
Application(EnergyStat) - Time 265.873902 Total energy consumed 21900.221370 Ave. Power Level 82.370707 Memory 12452187814 MemoryRefresh 461046 Final Temperature socket 1 : 56  socket 2 : 52 
	 ParallelApplication(EnergyStat) - Time 265.672851 Total energy consumed 21888.365550 Ave. Power Level 82.388417 Memory 12452186498 MemoryRefresh 460725


Elapsed time = 2.648250e+02

Run completed:  
   Problem size        =  80 
   Iteration count     =  1925 
   Final Origin Energy = 3.241094e+05 
   Testing Plane 0 of Energy Array:
        MaxAbsDiff   = 9.094947e-11
        TotalAbsDiff = 3.376788e-09
        MaxRelDiff   = 1.406644e-12



Elapsed time = 4.650369e+01



Elapsed time = 1.183904e+01



Elapsed time = 8.873393e+01



Elapsed time = 1.140775e+01



Elapsed time = 3.628011e+00



Elapsed time = 6.946600e-02



Elapsed time = 4.091916e+00



Elapsed time = 6.705322e+01



Elapsed time = 2.629526e+01



Elapsed time = 6.287620e-01



Elapsed time = 4.080117e+00



Elapsed time = 4.869050e-01


Loop 0 <line-1313> - Time 46.500526 Total energy consumed 3778.821435 Ave. Power Level 81.264058 Memory 600277 MemoryRefresh 80677
	-------- Loop 0 (sock 1 consumed 1821.671625, avg temp 55.981818, final temp 55 ) ------
	-------- Loop 0 (sock 2 consumed 1957.149810, avg temp 50.410390, final temp 49 ) ------
Loop 1 <line-1341> - Time 11.835521 Total energy consumed 1008.344010 Ave. Power Level 85.196419 Memory 589880 MemoryRefresh 20016
	-------- Loop 1 (sock 1 consumed 469.488960, avg temp 55.522597, final temp 56 ) ------
	-------- Loop 1 (sock 2 consumed 538.855050, avg temp 49.849351, final temp 50 ) ------
Loop 2 <line-2361> - Time 88.730670 Total energy consumed 7561.470495 Ave. Power Level 85.218228 Memory 622540 MemoryRefresh 154494
	-------- Loop 2 (sock 1 consumed 3683.651730, avg temp 56.604156, final temp 57 ) ------
	-------- Loop 2 (sock 2 consumed 3877.818765, avg temp 51.177143, final temp 51 ) ------
Loop 3 <line-2389> - Time 11.404145 Total energy consumed 982.267650 Ave. Power Level 86.132514 Memory 577047 MemoryRefresh 19396
	-------- Loop 3 (sock 1 consumed 458.105250, avg temp 55.950130, final temp 57 ) ------
	-------- Loop 3 (sock 2 consumed 524.162400, avg temp 50.438961, final temp 50 ) ------
Loop 4 <line-2440> - Time 3.626433 Total energy consumed 296.944620 Ave. Power Level 81.883397 Memory 117688 MemoryRefresh 6370
	-------- Loop 4 (sock 1 consumed 146.166060, avg temp 55.771948, final temp 56 ) ------
	-------- Loop 4 (sock 2 consumed 150.778560, avg temp 50.200000, final temp 49 ) ------
Loop 5 <line-2460> - Time 0.068520 Total energy consumed 3.681255 Ave. Power Level 53.725209 Memory 1750 MemoryRefresh 117
	-------- Loop 5 (sock 1 consumed 1.545810, avg temp 55.768831, final temp 56 ) ------
	-------- Loop 5 (sock 2 consumed 2.135445, avg temp 50.190649, final temp 49 ) ------
Loop 6 <line-2514> - Time 4.089590 Total energy consumed 340.877700 Ave. Power Level 83.352528 Memory 106873 MemoryRefresh 7028
	-------- Loop 6 (sock 1 consumed 162.924840, avg temp 55.774545, final temp 55 ) ------
	-------- Loop 6 (sock 2 consumed 177.952860, avg temp 50.153766, final temp 50 ) ------
Loop 7 <line-3918> - Time 67.049656 Total energy consumed 5409.975315 Ave. Power Level 80.686101 Memory 444949 MemoryRefresh 116509
	-------- Loop 7 (sock 1 consumed 2625.467970, avg temp 56.083636, final temp 56 ) ------
	-------- Loop 7 (sock 2 consumed 2784.507345, avg temp 50.570909, final temp 49 ) ------
Loop 8 <line-3968> - Time 26.291995 Total energy consumed 2075.235120 Ave. Power Level 78.930301 Memory 341883 MemoryRefresh 45650
	-------- Loop 8 (sock 1 consumed 1001.636175, avg temp 55.867013, final temp 56 ) ------
	-------- Loop 8 (sock 2 consumed 1073.598945, avg temp 50.266494, final temp 49 ) ------
Loop 9 <line-3990> - Time 0.627425 Total energy consumed 44.065215 Ave. Power Level 70.231880 Memory 7196 MemoryRefresh 1051
	-------- Loop 9 (sock 1 consumed 21.160890, avg temp 55.879481, final temp 56 ) ------
	-------- Loop 9 (sock 2 consumed 22.904325, avg temp 50.269091, final temp 49 ) ------
Loop 10 <line-4056> - Time 4.079076 Total energy consumed 314.452770 Ave. Power Level 77.089223 Memory 59384 MemoryRefresh 7178
	-------- Loop 10 (sock 1 consumed 152.096835, avg temp 55.817662, final temp 56 ) ------
	-------- Loop 10 (sock 2 consumed 162.355935, avg temp 50.152208, final temp 49 ) ------
Loop 11 <line-4117> - Time 0.486174 Total energy consumed 33.136950 Ave. Power Level 68.158682 Memory 3055 MemoryRefresh 777
	-------- Loop 11 (sock 1 consumed 16.001280, avg temp 55.780260, final temp 56 ) ------
	-------- Loop 11 (sock 2 consumed 17.135670, avg temp 50.089870, final temp 49 ) ------
Application(EnergyStat) - Time 264.991468 Total energy consumed 21860.638950 Ave. Power Level 82.495633 Memory 3473817 MemoryRefresh 459586 Final Temperature socket 1 : 56  socket 2 : 49 
	 ParallelApplication(EnergyStat) - Time 264.789730 Total energy consumed 21849.272535 Ave. Power Level 82.515559 Memory 3472522 MemoryRefresh 459263


Elapsed time = 2.648809e+02

Run completed:  
   Problem size        =  80 
   Iteration count     =  1925 
   Final Origin Energy = 3.241094e+05 
   Testing Plane 0 of Energy Array:
        MaxAbsDiff   = 9.094947e-11
        TotalAbsDiff = 3.376788e-09
        MaxRelDiff   = 1.406644e-12



Elapsed time = 4.643016e+01



Elapsed time = 1.188900e+01



Elapsed time = 8.863256e+01



Elapsed time = 1.145577e+01



Elapsed time = 3.670847e+00



Elapsed time = 7.148300e-02



Elapsed time = 4.148630e+00



Elapsed time = 6.707654e+01



Elapsed time = 2.629608e+01



Elapsed time = 6.303410e-01



Elapsed time = 4.085237e+00



Elapsed time = 4.873460e-01


Loop 0 <line-1313> - Time 46.427528 Total energy consumed 3774.890730 Ave. Power Level 81.307166 Memory 595075 MemoryRefresh 80577
	-------- Loop 0 (sock 1 consumed 1820.750055, avg temp 55.994805, final temp 57 ) ------
	-------- Loop 0 (sock 2 consumed 1954.140675, avg temp 50.271169, final temp 50 ) ------
Loop 1 <line-1341> - Time 11.886036 Total energy consumed 1009.701465 Ave. Power Level 84.948547 Memory 591016 MemoryRefresh 20198
	-------- Loop 1 (sock 1 consumed 469.683465, avg temp 55.507013, final temp 56 ) ------
	-------- Loop 1 (sock 2 consumed 540.018000, avg temp 49.698701, final temp 50 ) ------
Loop 2 <line-2361> - Time 88.628831 Total energy consumed 7550.808165 Ave. Power Level 85.195845 Memory 615635 MemoryRefresh 154242
	-------- Loop 2 (sock 1 consumed 3680.873460, avg temp 56.629091, final temp 57 ) ------
	-------- Loop 2 (sock 2 consumed 3869.934705, avg temp 51.037922, final temp 51 ) ------
Loop 3 <line-2389> - Time 11.452463 Total energy consumed 985.034025 Ave. Power Level 86.010673 Memory 13469905963 MemoryRefresh 19437
	-------- Loop 3 (sock 1 consumed 459.776520, avg temp 55.955325, final temp 57 ) ------
	-------- Loop 3 (sock 2 consumed 525.257505, avg temp 50.308571, final temp 51 ) ------
Loop 4 <line-2440> - Time 3.669319 Total energy consumed 302.033580 Ave. Power Level 82.313256 Memory 114786 MemoryRefresh 6462
	-------- Loop 4 (sock 1 consumed 148.035735, avg temp 55.810390, final temp 57 ) ------
	-------- Loop 4 (sock 2 consumed 153.997845, avg temp 50.024935, final temp 51 ) ------
Loop 5 <line-2460> - Time 0.070662 Total energy consumed 5.122215 Ave. Power Level 72.488978 Memory 1395 MemoryRefresh 99
	-------- Loop 5 (sock 1 consumed 2.700975, avg temp 55.810909, final temp 57 ) ------
	-------- Loop 5 (sock 2 consumed 2.421240, avg temp 50.017662, final temp 51 ) ------
Loop 6 <line-2514> - Time 4.146276 Total energy consumed 346.577820 Ave. Power Level 83.587738 Memory 107489 MemoryRefresh 7206
	-------- Loop 6 (sock 1 consumed 165.823290, avg temp 55.780260, final temp 56 ) ------
	-------- Loop 6 (sock 2 consumed 180.754530, avg temp 50.014026, final temp 50 ) ------
Loop 7 <line-3918> - Time 67.073668 Total energy consumed 5409.054120 Ave. Power Level 80.643482 Memory 443924 MemoryRefresh 116490
	-------- Loop 7 (sock 1 consumed 2627.883915, avg temp 56.120000, final temp 56 ) ------
	-------- Loop 7 (sock 2 consumed 2781.170205, avg temp 50.395325, final temp 50 ) ------
Loop 8 <line-3968> - Time 26.292924 Total energy consumed 2073.444045 Ave. Power Level 78.859394 Memory 341959 MemoryRefresh 45682
	-------- Loop 8 (sock 1 consumed 1000.421100, avg temp 55.899221, final temp 56 ) ------
	-------- Loop 8 (sock 2 consumed 1073.022945, avg temp 50.093506, final temp 50 ) ------
Loop 9 <line-3990> - Time 0.628965 Total energy consumed 46.411845 Ave. Power Level 73.790798 Memory 7415 MemoryRefresh 1038
	-------- Loop 9 (sock 1 consumed 22.476615, avg temp 55.905455, final temp 57 ) ------
	-------- Loop 9 (sock 2 consumed 23.935230, avg temp 50.101818, final temp 50 ) ------
Loop 10 <line-4056> - Time 4.084209 Total energy consumed 313.380525 Ave. Power Level 76.729788 Memory 59423 MemoryRefresh 7107
	-------- Loop 10 (sock 1 consumed 151.582860, avg temp 55.832208, final temp 57 ) ------
	-------- Loop 10 (sock 2 consumed 161.797665, avg temp 49.961558, final temp 49 ) ------
Loop 11 <line-4117> - Time 0.486477 Total energy consumed 36.488490 Ave. Power Level 75.005519 Memory 3676 MemoryRefresh 883
	-------- Loop 11 (sock 1 consumed 17.259840, avg temp 55.767273, final temp 57 ) ------
	-------- Loop 11 (sock 2 consumed 19.228650, avg temp 49.896623, final temp 49 ) ------
Application(EnergyStat) - Time 265.046370 Total energy consumed 21864.199605 Ave. Power Level 82.491979 Memory 13472788898 MemoryRefresh 459734 Final Temperature socket 1 : 57  socket 2 : 49 
	 ParallelApplication(EnergyStat) - Time 264.847358 Total energy consumed 21852.947025 Ave. Power Level 82.511478 Memory 13472787756 MemoryRefresh 459421


Elapsed time = 2.660491e+02

Run completed:  
   Problem size        =  80 
   Iteration count     =  1925 
   Final Origin Energy = 3.241094e+05 
   Testing Plane 0 of Energy Array:
        MaxAbsDiff   = 9.094947e-11
        TotalAbsDiff = 3.376788e-09
        MaxRelDiff   = 1.406644e-12



Elapsed time = 4.708297e+01



Elapsed time = 1.204689e+01



Elapsed time = 8.863263e+01



Elapsed time = 1.162241e+01



Elapsed time = 3.689067e+00



Elapsed time = 7.332600e-02



Elapsed time = 4.195692e+00



Elapsed time = 6.726087e+01



Elapsed time = 2.621372e+01



Elapsed time = 6.445620e-01



Elapsed time = 4.089929e+00



Elapsed time = 4.896630e-01


Loop 0 <line-1313> - Time 47.079793 Total energy consumed 3822.812415 Ave. Power Level 81.198581 Memory 598496 MemoryRefresh 81668
	-------- Loop 0 (sock 1 consumed 1843.787640, avg temp 56.232208, final temp 56 ) ------
	-------- Loop 0 (sock 2 consumed 1979.024775, avg temp 50.185974, final temp 50 ) ------
Loop 1 <line-1341> - Time 12.043508 Total energy consumed 1023.110280 Ave. Power Level 84.951183 Memory 607447 MemoryRefresh 20525
	-------- Loop 1 (sock 1 consumed 477.440010, avg temp 55.797403, final temp 56 ) ------
	-------- Loop 1 (sock 2 consumed 545.670270, avg temp 49.645714, final temp 50 ) ------
Loop 2 <line-2361> - Time 88.628683 Total energy consumed 7549.436625 Ave. Power Level 85.180513 Memory 13834386932 MemoryRefresh 154191
	-------- Loop 2 (sock 1 consumed 3678.456450, avg temp 56.937143, final temp 58 ) ------
	-------- Loop 2 (sock 2 consumed 3870.980175, avg temp 51.022338, final temp 51 ) ------
Loop 3 <line-2389> - Time 11.619007 Total energy consumed 995.393280 Ave. Power Level 85.669391 Memory 591648 MemoryRefresh 19733
	-------- Loop 3 (sock 1 consumed 464.177550, avg temp 56.224935, final temp 56 ) ------
	-------- Loop 3 (sock 2 consumed 531.215730, avg temp 50.233766, final temp 51 ) ------
Loop 4 <line-2440> - Time 3.687274 Total energy consumed 301.825710 Ave. Power Level 81.856047 Memory 116856 MemoryRefresh 6423
	-------- Loop 4 (sock 1 consumed 148.605210, avg temp 56.080000, final temp 57 ) ------
	-------- Loop 4 (sock 2 consumed 153.220500, avg temp 49.991169, final temp 49 ) ------
Loop 5 <line-2460> - Time 0.072369 Total energy consumed 5.850570 Ave. Power Level 80.843330 Memory 1623 MemoryRefresh 113
	-------- Loop 5 (sock 1 consumed 2.703405, avg temp 56.075325, final temp 57 ) ------
	-------- Loop 5 (sock 2 consumed 3.147165, avg temp 49.983377, final temp 49 ) ------
Loop 6 <line-2514> - Time 4.193202 Total energy consumed 345.694035 Ave. Power Level 82.441536 Memory 113572 MemoryRefresh 7232
	-------- Loop 6 (sock 1 consumed 163.905990, avg temp 56.054026, final temp 57 ) ------
	-------- Loop 6 (sock 2 consumed 181.788045, avg temp 49.970390, final temp 50 ) ------
Loop 7 <line-3918> - Time 67.257278 Total energy consumed 5428.585005 Ave. Power Level 80.713719 Memory 442256 MemoryRefresh 116727
	-------- Loop 7 (sock 1 consumed 2636.347875, avg temp 56.370390, final temp 57 ) ------
	-------- Loop 7 (sock 2 consumed 2792.237130, avg temp 50.403117, final temp 51 ) ------
Loop 8 <line-3968> - Time 26.210508 Total energy consumed 2060.568675 Ave. Power Level 78.616129 Memory 339956 MemoryRefresh 45453
	-------- Loop 8 (sock 1 consumed 993.202110, avg temp 56.145455, final temp 56 ) ------
	-------- Loop 8 (sock 2 consumed 1067.366565, avg temp 50.078961, final temp 51 ) ------
Loop 9 <line-3990> - Time 0.643200 Total energy consumed 49.325910 Ave. Power Level 76.688324 Memory 8212 MemoryRefresh 1071
	-------- Loop 9 (sock 1 consumed 24.536550, avg temp 56.150130, final temp 56 ) ------
	-------- Loop 9 (sock 2 consumed 24.789360, avg temp 50.099221, final temp 51 ) ------
Loop 10 <line-4056> - Time 4.088832 Total energy consumed 313.100700 Ave. Power Level 76.574609 Memory 59407 MemoryRefresh 7087
	-------- Loop 10 (sock 1 consumed 151.230720, avg temp 56.117403, final temp 56 ) ------
	-------- Loop 10 (sock 2 consumed 161.869980, avg temp 49.971948, final temp 50 ) ------
Loop 11 <line-4117> - Time 0.488725 Total energy consumed 35.865045 Ave. Power Level 73.384907 Memory 3361 MemoryRefresh 851
	-------- Loop 11 (sock 1 consumed 17.329185, avg temp 56.078442, final temp 56 ) ------
	-------- Loop 11 (sock 2 consumed 18.535860, avg temp 49.912208, final temp 50 ) ------
Application(EnergyStat) - Time 266.215787 Total energy consumed 21942.961950 Ave. Power Level 82.425472 Memory 13837270813 MemoryRefresh 461396 Final Temperature socket 1 : 56  socket 2 : 50 
	 ParallelApplication(EnergyStat) - Time 266.012380 Total energy consumed 21931.568250 Ave. Power Level 82.445668 Memory 13837269766 MemoryRefresh 461074


Elapsed time = 2.654482e+02

Run completed:  
   Problem size        =  80 
   Iteration count     =  1925 
   Final Origin Energy = 3.241094e+05 
   Testing Plane 0 of Energy Array:
        MaxAbsDiff   = 9.094947e-11
        TotalAbsDiff = 3.376788e-09
        MaxRelDiff   = 1.406644e-12



Elapsed time = 4.703272e+01



Elapsed time = 1.188102e+01



Elapsed time = 8.873558e+01



Elapsed time = 1.145885e+01



Elapsed time = 3.611989e+00



Elapsed time = 6.709500e-02



Elapsed time = 4.085240e+00



Elapsed time = 6.711070e+01



Elapsed time = 2.625169e+01



Elapsed time = 6.359900e-01



Elapsed time = 4.080722e+00



Elapsed time = 4.894490e-01


Loop 0 <line-1313> - Time 47.029665 Total energy consumed 3817.915380 Ave. Power Level 81.181003 Memory 597469 MemoryRefresh 81530
	-------- Loop 0 (sock 1 consumed 1842.610830, avg temp 56.003636, final temp 57 ) ------
	-------- Loop 0 (sock 2 consumed 1975.304550, avg temp 50.074286, final temp 50 ) ------
Loop 1 <line-1341> - Time 11.877790 Total energy consumed 1011.270135 Ave. Power Level 85.139590 Memory 595448 MemoryRefresh 20125
	-------- Loop 1 (sock 1 consumed 471.302070, avg temp 55.557922, final temp 56 ) ------
	-------- Loop 1 (sock 2 consumed 539.968065, avg temp 49.540260, final temp 49 ) ------
Loop 2 <line-2361> - Time 88.732085 Total energy consumed 7563.842190 Ave. Power Level 85.243598 Memory 619058 MemoryRefresh 154499
	-------- Loop 2 (sock 1 consumed 3686.202330, avg temp 56.629610, final temp 57 ) ------
	-------- Loop 2 (sock 2 consumed 3877.639860, avg temp 50.957922, final temp 51 ) ------
Loop 3 <line-2389> - Time 11.455400 Total energy consumed 982.313700 Ave. Power Level 85.751144 Memory 579972 MemoryRefresh 19445
	-------- Loop 3 (sock 1 consumed 459.788955, avg temp 55.983896, final temp 56 ) ------
	-------- Loop 3 (sock 2 consumed 522.524745, avg temp 50.154805, final temp 50 ) ------
Loop 4 <line-2440> - Time 3.610564 Total energy consumed 300.680850 Ave. Power Level 83.278074 Memory 116430 MemoryRefresh 6354
	-------- Loop 4 (sock 1 consumed 147.141105, avg temp 55.823896, final temp 56 ) ------
	-------- Loop 4 (sock 2 consumed 153.539745, avg temp 49.887792, final temp 49 ) ------
Loop 5 <line-2460> - Time 0.066272 Total energy consumed 3.775980 Ave. Power Level 56.977214 Memory 1704 MemoryRefresh 110
	-------- Loop 5 (sock 1 consumed 1.896255, avg temp 55.821299, final temp 56 ) ------
	-------- Loop 5 (sock 2 consumed 1.879725, avg temp 49.883636, final temp 49 ) ------
Loop 6 <line-2514> - Time 4.083206 Total energy consumed 341.037225 Ave. Power Level 83.521935 Memory 112182 MemoryRefresh 7010
	-------- Loop 6 (sock 1 consumed 163.136730, avg temp 55.805195, final temp 56 ) ------
	-------- Loop 6 (sock 2 consumed 177.900495, avg temp 49.847792, final temp 49 ) ------
Loop 7 <line-3918> - Time 67.106966 Total energy consumed 5412.980235 Ave. Power Level 80.661972 Memory 446907 MemoryRefresh 116585
	-------- Loop 7 (sock 1 consumed 2627.826555, avg temp 56.134026, final temp 56 ) ------
	-------- Loop 7 (sock 2 consumed 2785.153680, avg temp 50.322078, final temp 50 ) ------
Loop 8 <line-3968> - Time 26.248372 Total energy consumed 2069.400420 Ave. Power Level 78.839193 Memory 341052 MemoryRefresh 45583
	-------- Loop 8 (sock 1 consumed 998.769285, avg temp 55.918442, final temp 55 ) ------
	-------- Loop 8 (sock 2 consumed 1070.631135, avg temp 49.959481, final temp 50 ) ------
Loop 9 <line-3990> - Time 0.634751 Total energy consumed 47.355825 Ave. Power Level 74.605401 Memory 7967 MemoryRefresh 1086
	-------- Loop 9 (sock 1 consumed 23.254470, avg temp 55.917403, final temp 55 ) ------
	-------- Loop 9 (sock 2 consumed 24.101355, avg temp 49.970909, final temp 50 ) ------
Loop 10 <line-4056> - Time 4.079669 Total energy consumed 314.128785 Ave. Power Level 76.998589 Memory 59438 MemoryRefresh 7084
	-------- Loop 10 (sock 1 consumed 151.437315, avg temp 55.858701, final temp 56 ) ------
	-------- Loop 10 (sock 2 consumed 162.691470, avg temp 49.836364, final temp 49 ) ------
Loop 11 <line-4117> - Time 0.488576 Total energy consumed 37.148235 Ave. Power Level 76.033711 Memory 3603 MemoryRefresh 863
	-------- Loop 11 (sock 1 consumed 18.174030, avg temp 55.808831, final temp 56 ) ------
	-------- Loop 11 (sock 2 consumed 18.974205, avg temp 49.762597, final temp 49 ) ------
Application(EnergyStat) - Time 265.614121 Total energy consumed 21913.455945 Ave. Power Level 82.501096 Memory 3482440 MemoryRefresh 460586 Final Temperature socket 1 : 56  socket 2 : 49 
	 ParallelApplication(EnergyStat) - Time 265.413316 Total energy consumed 21901.848960 Ave. Power Level 82.519782 Memory 3481230 MemoryRefresh 460274


Elapsed time = 2.645083e+02

Run completed:  
   Problem size        =  80 
   Iteration count     =  1925 
   Final Origin Energy = 3.241094e+05 
   Testing Plane 0 of Energy Array:
        MaxAbsDiff   = 9.094947e-11
        TotalAbsDiff = 3.376788e-09
        MaxRelDiff   = 1.406644e-12



Elapsed time = 4.568982e+01



Elapsed time = 1.185650e+01



Elapsed time = 8.898567e+01



Elapsed time = 1.141958e+01



Elapsed time = 3.641621e+00



Elapsed time = 7.272500e-02



Elapsed time = 4.112451e+00



Elapsed time = 6.717098e+01



Elapsed time = 2.633319e+01



Elapsed time = 6.372120e-01



Elapsed time = 4.089968e+00



Elapsed time = 4.910670e-01


Loop 0 <line-1313> - Time 45.687030 Total energy consumed 3717.894195 Ave. Power Level 81.377454 Memory 591690 MemoryRefresh 79311
	-------- Loop 0 (sock 1 consumed 1791.003525, avg temp 56.497662, final temp 57 ) ------
	-------- Loop 0 (sock 2 consumed 1926.890670, avg temp 50.417662, final temp 51 ) ------
Loop 1 <line-1341> - Time 11.853168 Total energy consumed 1013.036040 Ave. Power Level 85.465424 Memory 592397 MemoryRefresh 20113
	-------- Loop 1 (sock 1 consumed 471.357210, avg temp 56.038961, final temp 56 ) ------
	-------- Loop 1 (sock 2 consumed 541.678830, avg temp 49.884156, final temp 51 ) ------
Loop 2 <line-2361> - Time 88.981855 Total energy consumed 7580.923230 Ave. Power Level 85.196282 Memory 619561 MemoryRefresh 154785
	-------- Loop 2 (sock 1 consumed 3695.977425, avg temp 57.231688, final temp 58 ) ------
	-------- Loop 2 (sock 2 consumed 3884.945805, avg temp 51.192208, final temp 52 ) ------
Loop 3 <line-2389> - Time 11.416222 Total energy consumed 982.517430 Ave. Power Level 86.063270 Memory 575901 MemoryRefresh 19391
	-------- Loop 3 (sock 1 consumed 458.354355, avg temp 56.472208, final temp 57 ) ------
	-------- Loop 3 (sock 2 consumed 524.163075, avg temp 50.442078, final temp 51 ) ------
Loop 4 <line-2440> - Time 3.640165 Total energy consumed 298.917570 Ave. Power Level 82.116492 Memory 116615 MemoryRefresh 6389
	-------- Loop 4 (sock 1 consumed 147.105210, avg temp 56.332987, final temp 57 ) ------
	-------- Loop 4 (sock 2 consumed 151.812360, avg temp 50.200000, final temp 50 ) ------
Loop 5 <line-2460> - Time 0.071853 Total energy consumed 5.125725 Ave. Power Level 71.335905 Memory 1762 MemoryRefresh 113
	-------- Loop 5 (sock 1 consumed 2.355420, avg temp 56.327792, final temp 57 ) ------
	-------- Loop 5 (sock 2 consumed 2.770305, avg temp 50.189091, final temp 50 ) ------
Loop 6 <line-2514> - Time 4.110180 Total energy consumed 342.959535 Ave. Power Level 83.441478 Memory 110138 MemoryRefresh 7162
	-------- Loop 6 (sock 1 consumed 163.543395, avg temp 56.277403, final temp 57 ) ------
	-------- Loop 6 (sock 2 consumed 179.416140, avg temp 50.168312, final temp 51 ) ------
Loop 7 <line-3918> - Time 67.167488 Total energy consumed 5427.692460 Ave. Power Level 80.808329 Memory 444978 MemoryRefresh 116644
	-------- Loop 7 (sock 1 consumed 2639.000085, avg temp 56.650909, final temp 57 ) ------
	-------- Loop 7 (sock 2 consumed 2788.692375, avg temp 50.579740, final temp 50 ) ------
Loop 8 <line-3968> - Time 26.330007 Total energy consumed 2074.438155 Ave. Power Level 78.786083 Memory 13698363643 MemoryRefresh 45724
	-------- Loop 8 (sock 1 consumed 1001.693460, avg temp 56.402078, final temp 57 ) ------
	-------- Loop 8 (sock 2 consumed 1072.744695, avg temp 50.293506, final temp 51 ) ------
Loop 9 <line-3990> - Time 0.635986 Total energy consumed 46.651140 Ave. Power Level 73.352500 Memory 7520 MemoryRefresh 1033
	-------- Loop 9 (sock 1 consumed 22.873035, avg temp 56.411948, final temp 57 ) ------
	-------- Loop 9 (sock 2 consumed 23.778105, avg temp 50.296623, final temp 51 ) ------
Loop 10 <line-4056> - Time 4.088831 Total energy consumed 314.772060 Ave. Power Level 76.983386 Memory 60074 MemoryRefresh 7102
	-------- Loop 10 (sock 1 consumed 151.818675, avg temp 56.344416, final temp 57 ) ------
	-------- Loop 10 (sock 2 consumed 162.953385, avg temp 50.167792, final temp 51 ) ------
Loop 11 <line-4117> - Time 0.490130 Total energy consumed 35.367300 Ave. Power Level 72.158966 Memory 3442 MemoryRefresh 837
	-------- Loop 11 (sock 1 consumed 16.789065, avg temp 56.294026, final temp 56 ) ------
	-------- Loop 11 (sock 2 consumed 18.578235, avg temp 50.097662, final temp 50 ) ------
Application(EnergyStat) - Time 264.673907 Total energy consumed 21852.191010 Ave. Power Level 82.562695 Memory 13701488896 MemoryRefresh 458922 Final Temperature socket 1 : 56  socket 2 : 50 
	 ParallelApplication(EnergyStat) - Time 264.472917 Total energy consumed 21840.294840 Ave. Power Level 82.580459 Memory 13701487721 MemoryRefresh 458604


Elapsed time = 2.658367e+02

Run completed:  
   Problem size        =  80 
   Iteration count     =  1925 
   Final Origin Energy = 3.241094e+05 
   Testing Plane 0 of Energy Array:
        MaxAbsDiff   = 9.094947e-11
        TotalAbsDiff = 3.376788e-09
        MaxRelDiff   = 1.406644e-12



Elapsed time = 4.702461e+01



Elapsed time = 1.192894e+01



Elapsed time = 8.863483e+01



Elapsed time = 1.148287e+01



Elapsed time = 3.717111e+00



Elapsed time = 7.131100e-02



Elapsed time = 4.178431e+00



Elapsed time = 6.729870e+01



Elapsed time = 2.628767e+01



Elapsed time = 6.355880e-01



Elapsed time = 4.082222e+00



Elapsed time = 4.874260e-01


Loop 0 <line-1313> - Time 47.021539 Total energy consumed 3825.949740 Ave. Power Level 81.365898 Memory 593154 MemoryRefresh 81675
	-------- Loop 0 (sock 1 consumed 1843.952700, avg temp 56.388052, final temp 56 ) ------
	-------- Loop 0 (sock 2 consumed 1981.997040, avg temp 50.816623, final temp 51 ) ------
Loop 1 <line-1341> - Time 11.925836 Total energy consumed 1014.945180 Ave. Power Level 85.104740 Memory 590882 MemoryRefresh 20317
	-------- Loop 1 (sock 1 consumed 473.268960, avg temp 55.939221, final temp 56 ) ------
	-------- Loop 1 (sock 2 consumed 541.676220, avg temp 50.325195, final temp 51 ) ------
Loop 2 <line-2361> - Time 88.631103 Total energy consumed 7549.430955 Ave. Power Level 85.178123 Memory 620030 MemoryRefresh 154240
	-------- Loop 2 (sock 1 consumed 3676.268085, avg temp 57.076883, final temp 57 ) ------
	-------- Loop 2 (sock 2 consumed 3873.162870, avg temp 51.525195, final temp 52 ) ------
Loop 3 <line-2389> - Time 11.479581 Total energy consumed 984.204840 Ave. Power Level 85.735256 Memory 573692 MemoryRefresh 19422
	-------- Loop 3 (sock 1 consumed 458.113920, avg temp 56.366753, final temp 57 ) ------
	-------- Loop 3 (sock 2 consumed 526.090920, avg temp 50.906494, final temp 51 ) ------
Loop 4 <line-2440> - Time 3.715737 Total energy consumed 308.888220 Ave. Power Level 83.129725 Memory 117966 MemoryRefresh 6508
	-------- Loop 4 (sock 1 consumed 152.974920, avg temp 56.207273, final temp 56 ) ------
	-------- Loop 4 (sock 2 consumed 155.913300, avg temp 50.663896, final temp 51 ) ------
Loop 5 <line-2460> - Time 0.070350 Total energy consumed 4.600560 Ave. Power Level 65.395481 Memory 1739 MemoryRefresh 121
	-------- Loop 5 (sock 1 consumed 2.006910, avg temp 56.202597, final temp 56 ) ------
	-------- Loop 5 (sock 2 consumed 2.593650, avg temp 50.663377, final temp 51 ) ------
Loop 6 <line-2514> - Time 4.176243 Total energy consumed 346.283970 Ave. Power Level 82.917573 Memory 111531 MemoryRefresh 7202
	-------- Loop 6 (sock 1 consumed 165.297960, avg temp 56.175065, final temp 56 ) ------
	-------- Loop 6 (sock 2 consumed 180.986010, avg temp 50.667532, final temp 51 ) ------
Loop 7 <line-3918> - Time 67.295293 Total energy consumed 5427.697725 Ave. Power Level 80.654938 Memory 442964 MemoryRefresh 116929
	-------- Loop 7 (sock 1 consumed 2632.970895, avg temp 56.512208, final temp 57 ) ------
	-------- Loop 7 (sock 2 consumed 2794.726830, avg temp 50.993766, final temp 52 ) ------
Loop 8 <line-3968> - Time 26.284298 Total energy consumed 2073.050070 Ave. Power Level 78.870284 Memory 12876179150 MemoryRefresh 45634
	-------- Loop 8 (sock 1 consumed 1001.159280, avg temp 56.286753, final temp 56 ) ------
	-------- Loop 8 (sock 2 consumed 1071.890790, avg temp 50.734026, final temp 50 ) ------
Loop 9 <line-3990> - Time 0.634359 Total energy consumed 43.444350 Ave. Power Level 68.485457 Memory 6893 MemoryRefresh 957
	-------- Loop 9 (sock 1 consumed 21.210780, avg temp 56.292987, final temp 56 ) ------
	-------- Loop 9 (sock 2 consumed 22.233570, avg temp 50.756364, final temp 50 ) ------
Loop 10 <line-4056> - Time 4.081269 Total energy consumed 313.373670 Ave. Power Level 76.783385 Memory 59490 MemoryRefresh 7146
	-------- Loop 10 (sock 1 consumed 151.052310, avg temp 56.257143, final temp 57 ) ------
	-------- Loop 10 (sock 2 consumed 162.321360, avg temp 50.623896, final temp 51 ) ------
Loop 11 <line-4117> - Time 0.486618 Total energy consumed 36.210615 Ave. Power Level 74.412748 Memory 3514 MemoryRefresh 800
	-------- Loop 11 (sock 1 consumed 17.866365, avg temp 56.201558, final temp 56 ) ------
	-------- Loop 11 (sock 2 consumed 18.344250, avg temp 50.567792, final temp 51 ) ------
Application(EnergyStat) - Time 266.002253 Total energy consumed 21939.200535 Ave. Power Level 82.477499 Memory 12879302135 MemoryRefresh 461262 Final Temperature socket 1 : 56  socket 2 : 51 
	 ParallelApplication(EnergyStat) - Time 265.802228 Total energy consumed 21928.079895 Ave. Power Level 82.497728 Memory 12879301005 MemoryRefresh 460951


Elapsed time = 2.644080e+02

Run completed:  
   Problem size        =  80 
   Iteration count     =  1925 
   Final Origin Energy = 3.241094e+05 
   Testing Plane 0 of Energy Array:
        MaxAbsDiff   = 9.094947e-11
        TotalAbsDiff = 3.376788e-09
        MaxRelDiff   = 1.406644e-12



Elapsed time = 4.576808e+01



Elapsed time = 1.185269e+01



Elapsed time = 8.875266e+01



Elapsed time = 1.138531e+01



Elapsed time = 3.666672e+00



Elapsed time = 7.548100e-02



Elapsed time = 4.115056e+00



Elapsed time = 6.727100e+01



Elapsed time = 2.629713e+01



Elapsed time = 6.352850e-01



Elapsed time = 4.091020e+00



Elapsed time = 4.904560e-01


Loop 0 <line-1313> - Time 45.765046 Total energy consumed 3722.706345 Ave. Power Level 81.343878 Memory 595579 MemoryRefresh 79365
	-------- Loop 0 (sock 1 consumed 1793.062035, avg temp 56.305974, final temp 55 ) ------
	-------- Loop 0 (sock 2 consumed 1929.644310, avg temp 50.580260, final temp 51 ) ------
Loop 1 <line-1341> - Time 11.849794 Total energy consumed 1013.806800 Ave. Power Level 85.554801 Memory 593486 MemoryRefresh 20170
	-------- Loop 1 (sock 1 consumed 472.133115, avg temp 55.872208, final temp 55 ) ------
	-------- Loop 1 (sock 2 consumed 541.673685, avg temp 50.025974, final temp 51 ) ------
Loop 2 <line-2361> - Time 88.749152 Total energy consumed 7566.038655 Ave. Power Level 85.251955 Memory 618803 MemoryRefresh 154443
	-------- Loop 2 (sock 1 consumed 3686.493840, avg temp 56.992727, final temp 56 ) ------
	-------- Loop 2 (sock 2 consumed 3879.544815, avg temp 51.318442, final temp 52 ) ------
Loop 3 <line-2389> - Time 11.382078 Total energy consumed 976.557000 Ave. Power Level 85.797782 Memory 574874 MemoryRefresh 19322
	-------- Loop 3 (sock 1 consumed 455.852835, avg temp 56.297143, final temp 56 ) ------
	-------- Loop 3 (sock 2 consumed 520.704165, avg temp 50.616623, final temp 51 ) ------
Loop 4 <line-2440> - Time 3.665194 Total energy consumed 304.834545 Ave. Power Level 83.170103 Memory 115418 MemoryRefresh 6371
	-------- Loop 4 (sock 1 consumed 150.254790, avg temp 56.158442, final temp 57 ) ------
	-------- Loop 4 (sock 2 consumed 154.579755, avg temp 50.350649, final temp 51 ) ------
Loop 5 <line-2460> - Time 0.074520 Total energy consumed 5.345505 Ave. Power Level 71.732204 Memory 2315 MemoryRefresh 150
	-------- Loop 5 (sock 1 consumed 2.364900, avg temp 56.155844, final temp 57 ) ------
	-------- Loop 5 (sock 2 consumed 2.980605, avg temp 50.343377, final temp 51 ) ------
Loop 6 <line-2514> - Time 4.112824 Total energy consumed 339.522750 Ave. Power Level 82.552226 Memory 109195 MemoryRefresh 7049
	-------- Loop 6 (sock 1 consumed 161.525040, avg temp 56.094545, final temp 55 ) ------
	-------- Loop 6 (sock 2 consumed 177.997710, avg temp 50.326753, final temp 50 ) ------
Loop 7 <line-3918> - Time 67.268530 Total energy consumed 5438.753535 Ave. Power Level 80.851381 Memory 443454 MemoryRefresh 116958
	-------- Loop 7 (sock 1 consumed 2643.316650, avg temp 56.445195, final temp 56 ) ------
	-------- Loop 7 (sock 2 consumed 2795.436885, avg temp 50.742338, final temp 52 ) ------
Loop 8 <line-3968> - Time 26.293799 Total energy consumed 2071.904520 Ave. Power Level 78.798219 Memory 340332 MemoryRefresh 45590
	-------- Loop 8 (sock 1 consumed 999.730395, avg temp 56.218701, final temp 56 ) ------
	-------- Loop 8 (sock 2 consumed 1072.174125, avg temp 50.455584, final temp 51 ) ------
Loop 9 <line-3990> - Time 0.633983 Total energy consumed 45.400140 Ave. Power Level 71.610967 Memory 7476 MemoryRefresh 1070
	-------- Loop 9 (sock 1 consumed 22.432950, avg temp 56.230130, final temp 56 ) ------
	-------- Loop 9 (sock 2 consumed 22.967190, avg temp 50.458701, final temp 51 ) ------
Loop 10 <line-4056> - Time 4.089910 Total energy consumed 316.272990 Ave. Power Level 77.330062 Memory 59315 MemoryRefresh 7138
	-------- Loop 10 (sock 1 consumed 153.129675, avg temp 56.184416, final temp 56 ) ------
	-------- Loop 10 (sock 2 consumed 163.143315, avg temp 50.316364, final temp 51 ) ------
Loop 11 <line-4117> - Time 0.489562 Total energy consumed 33.722100 Ave. Power Level 68.882221 Memory 3379 MemoryRefresh 822
	-------- Loop 11 (sock 1 consumed 16.161420, avg temp 56.144416, final temp 56 ) ------
	-------- Loop 11 (sock 2 consumed 17.560680, avg temp 50.262857, final temp 51 ) ------
Application(EnergyStat) - Time 264.573883 Total energy consumed 21846.404640 Ave. Power Level 82.572038 Memory 3464813 MemoryRefresh 458764 Final Temperature socket 1 : 56  socket 2 : 51 
	 ParallelApplication(EnergyStat) - Time 264.374391 Total energy consumed 21834.864885 Ave. Power Level 82.590696 Memory 3463626 MemoryRefresh 458448


Elapsed time = 2.661318e+02

Run completed:  
   Problem size        =  80 
   Iteration count     =  1925 
   Final Origin Energy = 3.241094e+05 
   Testing Plane 0 of Energy Array:
        MaxAbsDiff   = 9.094947e-11
        TotalAbsDiff = 3.376788e-09
        MaxRelDiff   = 1.406644e-12



Elapsed time = 4.619365e+01



Elapsed time = 1.200347e+01



Elapsed time = 8.950011e+01



Elapsed time = 1.159120e+01



Elapsed time = 3.735927e+00



Elapsed time = 7.151000e-02



Elapsed time = 4.302734e+00



Elapsed time = 6.730315e+01



Elapsed time = 2.620415e+01



Elapsed time = 6.386730e-01



Elapsed time = 4.088301e+00



Elapsed time = 4.914400e-01


Loop 0 <line-1313> - Time 46.191151 Total energy consumed 3752.054700 Ave. Power Level 81.228864 Memory 597432 MemoryRefresh 80068
	-------- Loop 0 (sock 1 consumed 1808.609505, avg temp 56.105455, final temp 57 ) ------
	-------- Loop 0 (sock 2 consumed 1943.445195, avg temp 50.442597, final temp 51 ) ------
Loop 1 <line-1341> - Time 12.000389 Total energy consumed 1027.557810 Ave. Power Level 85.627038 Memory 13439118270 MemoryRefresh 20484
	-------- Loop 1 (sock 1 consumed 478.397670, avg temp 55.612468, final temp 56 ) ------
	-------- Loop 1 (sock 2 consumed 549.160140, avg temp 49.874286, final temp 49 ) ------
Loop 2 <line-2361> - Time 89.496535 Total energy consumed 7617.695745 Ave. Power Level 85.117214 Memory 618659 MemoryRefresh 155784
	-------- Loop 2 (sock 1 consumed 3710.829060, avg temp 56.728831, final temp 58 ) ------
	-------- Loop 2 (sock 2 consumed 3906.866685, avg temp 51.135584, final temp 51 ) ------
Loop 3 <line-2389> - Time 11.587939 Total energy consumed 992.327550 Ave. Power Level 85.634518 Memory 579139 MemoryRefresh 19672
	-------- Loop 3 (sock 1 consumed 462.838275, avg temp 56.054545, final temp 57 ) ------
	-------- Loop 3 (sock 2 consumed 529.489275, avg temp 50.410909, final temp 50 ) ------
Loop 4 <line-2440> - Time 3.734451 Total energy consumed 303.426060 Ave. Power Level 81.250506 Memory 114322 MemoryRefresh 6441
	-------- Loop 4 (sock 1 consumed 150.140760, avg temp 55.892987, final temp 57 ) ------
	-------- Loop 4 (sock 2 consumed 153.285300, avg temp 50.157922, final temp 50 ) ------
Loop 5 <line-2460> - Time 0.070597 Total energy consumed 5.686800 Ave. Power Level 80.553448 Memory 1904 MemoryRefresh 132
	-------- Loop 5 (sock 1 consumed 2.698410, avg temp 55.887792, final temp 57 ) ------
	-------- Loop 5 (sock 2 consumed 2.988390, avg temp 50.152727, final temp 50 ) ------
Loop 6 <line-2514> - Time 4.300391 Total energy consumed 351.088320 Ave. Power Level 81.641022 Memory 111774 MemoryRefresh 7428
	-------- Loop 6 (sock 1 consumed 167.761185, avg temp 55.860260, final temp 57 ) ------
	-------- Loop 6 (sock 2 consumed 183.327135, avg temp 50.144416, final temp 50 ) ------
Loop 7 <line-3918> - Time 67.299544 Total energy consumed 5435.731440 Ave. Power Level 80.769216 Memory 440315 MemoryRefresh 116944
	-------- Loop 7 (sock 1 consumed 2637.854445, avg temp 56.206234, final temp 57 ) ------
	-------- Loop 7 (sock 2 consumed 2797.876995, avg temp 50.604156, final temp 51 ) ------
Loop 8 <line-3968> - Time 26.201123 Total energy consumed 2058.549420 Ave. Power Level 78.567220 Memory 340000 MemoryRefresh 45421
	-------- Loop 8 (sock 1 consumed 994.093575, avg temp 56.005195, final temp 56 ) ------
	-------- Loop 8 (sock 2 consumed 1064.455845, avg temp 50.315325, final temp 50 ) ------
Loop 9 <line-3990> - Time 0.637466 Total energy consumed 50.797230 Ave. Power Level 79.686217 Memory 8352 MemoryRefresh 1109
	-------- Loop 9 (sock 1 consumed 24.606570, avg temp 56.009351, final temp 56 ) ------
	-------- Loop 9 (sock 2 consumed 26.190660, avg temp 50.310649, final temp 50 ) ------
Loop 10 <line-4056> - Time 4.087156 Total energy consumed 316.346250 Ave. Power Level 77.400091 Memory 58786 MemoryRefresh 7083
	-------- Loop 10 (sock 1 consumed 152.832060, avg temp 55.943896, final temp 57 ) ------
	-------- Loop 10 (sock 2 consumed 163.514190, avg temp 50.180260, final temp 50 ) ------
Loop 11 <line-4117> - Time 0.490467 Total energy consumed 37.008795 Ave. Power Level 75.456313 Memory 3517 MemoryRefresh 889
	-------- Loop 11 (sock 1 consumed 18.005490, avg temp 55.890909, final temp 57 ) ------
	-------- Loop 11 (sock 2 consumed 19.003305, avg temp 50.111688, final temp 50 ) ------
Application(EnergyStat) - Time 266.297989 Total energy consumed 21959.941485 Ave. Power Level 82.463790 Memory 13441993675 MemoryRefresh 461780 Final Temperature socket 1 : 57  socket 2 : 50 
	 ParallelApplication(EnergyStat) - Time 266.097209 Total energy consumed 21948.270120 Ave. Power Level 82.482151 Memory 13441992470 MemoryRefresh 461455
