

Elapsed time = 2.111015e+02

Run completed:  
   Problem size        =  80 
   Iteration count     =  1925 
   Final Origin Energy = 3.241094e+05 
   Testing Plane 0 of Energy Array:
        MaxAbsDiff   = 9.094947e-11
        TotalAbsDiff = 3.376788e-09
        MaxRelDiff   = 1.406644e-12



Elapsed time = 3.585403e+01



Elapsed time = 1.122266e+01



Elapsed time = 6.929506e+01



Elapsed time = 1.083640e+01



Elapsed time = 2.899927e+00



Elapsed time = 6.701800e-02



Elapsed time = 3.250194e+00



Elapsed time = 5.282949e+01



Elapsed time = 2.065317e+01



Elapsed time = 5.745700e-01



Elapsed time = 3.206293e+00



Elapsed time = 4.048400e-01


Loop 0 <line-1313> - Time 35.851334 Total energy consumed 2831.943720 Ave. Power Level 78.991308 Memory 658609 MemoryRefresh 61247
	-------- Loop 0 (sock 1 consumed 1359.086340, avg temp 49.944416, final temp 51 ) ------
	-------- Loop 0 (sock 2 consumed 1472.857380, avg temp 43.454545, final temp 45 ) ------
Loop 1 <line-1341> - Time 11.219210 Total energy consumed 928.510455 Ave. Power Level 82.760773 Memory 694605 MemoryRefresh 18645
	-------- Loop 1 (sock 1 consumed 428.943240, avg temp 49.636883, final temp 51 ) ------
	-------- Loop 1 (sock 2 consumed 499.567215, avg temp 43.222338, final temp 45 ) ------
Loop 2 <line-2361> - Time 69.291446 Total energy consumed 5777.350500 Ave. Power Level 83.377542 Memory 734755 MemoryRefresh 119000
	-------- Loop 2 (sock 1 consumed 2817.751545, avg temp 50.343377, final temp 52 ) ------
	-------- Loop 2 (sock 2 consumed 2959.598955, avg temp 43.858701, final temp 44 ) ------
Loop 3 <line-2389> - Time 10.832619 Total energy consumed 901.193295 Ave. Power Level 83.192560 Memory 673769 MemoryRefresh 18002
	-------- Loop 3 (sock 1 consumed 416.874765, avg temp 49.886753, final temp 50 ) ------
	-------- Loop 3 (sock 2 consumed 484.318530, avg temp 43.474286, final temp 45 ) ------
Loop 4 <line-2440> - Time 2.897899 Total energy consumed 221.177745 Ave. Power Level 76.323490 Memory 124396 MemoryRefresh 4978
	-------- Loop 4 (sock 1 consumed 110.737950, avg temp 49.824935, final temp 50 ) ------
	-------- Loop 4 (sock 2 consumed 110.439795, avg temp 43.402078, final temp 44 ) ------
Loop 5 <line-2460> - Time 0.066031 Total energy consumed 4.626975 Ave. Power Level 70.073270 Memory 2332 MemoryRefresh 109
	-------- Loop 5 (sock 1 consumed 2.121555, avg temp 49.824416, final temp 50 ) ------
	-------- Loop 5 (sock 2 consumed 2.505420, avg temp 43.400000, final temp 44 ) ------
Loop 6 <line-2514> - Time 3.248145 Total energy consumed 256.741215 Ave. Power Level 79.042407 Memory 124152 MemoryRefresh 5429
	-------- Loop 6 (sock 1 consumed 121.935285, avg temp 49.769351, final temp 51 ) ------
	-------- Loop 6 (sock 2 consumed 134.805930, avg temp 43.335065, final temp 45 ) ------
Loop 7 <line-3918> - Time 52.826122 Total energy consumed 4153.366185 Ave. Power Level 78.623341 Memory 487340 MemoryRefresh 90737
	-------- Loop 7 (sock 1 consumed 2017.084845, avg temp 50.019740, final temp 51 ) ------
	-------- Loop 7 (sock 2 consumed 2136.281340, avg temp 43.541818, final temp 45 ) ------
Loop 8 <line-3968> - Time 20.649584 Total energy consumed 1566.430140 Ave. Power Level 75.857708 Memory 373757 MemoryRefresh 35213
	-------- Loop 8 (sock 1 consumed 754.658220, avg temp 49.902857, final temp 51 ) ------
	-------- Loop 8 (sock 2 consumed 811.771920, avg temp 43.431688, final temp 45 ) ------
Loop 9 <line-3990> - Time 0.573242 Total energy consumed 44.710410 Ave. Power Level 77.995647 Memory 9635 MemoryRefresh 957
	-------- Loop 9 (sock 1 consumed 22.014660, avg temp 49.902857, final temp 51 ) ------
	-------- Loop 9 (sock 2 consumed 22.695750, avg temp 43.416623, final temp 45 ) ------
Loop 10 <line-4056> - Time 3.205142 Total energy consumed 237.675000 Ave. Power Level 74.154269 Memory 65638 MemoryRefresh 5540
	-------- Loop 10 (sock 1 consumed 114.662460, avg temp 49.887792, final temp 52 ) ------
	-------- Loop 10 (sock 2 consumed 123.012540, avg temp 43.397403, final temp 45 ) ------
Loop 11 <line-4117> - Time 0.403989 Total energy consumed 29.949150 Ave. Power Level 74.133610 Memory 4883 MemoryRefresh 700
	-------- Loop 11 (sock 1 consumed 14.277135, avg temp 49.872208, final temp 52 ) ------
	-------- Loop 11 (sock 2 consumed 15.672015, avg temp 43.375584, final temp 45 ) ------
Application(EnergyStat) - Time 211.285883 Total energy consumed 16965.525885 Ave. Power Level 80.296542 Memory 3955382 MemoryRefresh 360908 Final Temperature socket 1 : 52  socket 2 : 45 
	 ParallelApplication(EnergyStat) - Time 211.064763 Total energy consumed 16953.674790 Ave. Power Level 80.324515 Memory 3953871 MemoryRefresh 360557


Elapsed time = 2.118006e+02

Run completed:  
   Problem size        =  80 
   Iteration count     =  1925 
   Final Origin Energy = 3.241094e+05 
   Testing Plane 0 of Energy Array:
        MaxAbsDiff   = 9.094947e-11
        TotalAbsDiff = 3.376788e-09
        MaxRelDiff   = 1.406644e-12



Elapsed time = 3.597734e+01



Elapsed time = 1.119960e+01



Elapsed time = 6.992613e+01



Elapsed time = 1.081456e+01



Elapsed time = 2.953992e+00



Elapsed time = 6.700900e-02



Elapsed time = 3.294266e+00



Elapsed time = 5.272628e+01



Elapsed time = 2.065201e+01



Elapsed time = 5.613160e-01



Elapsed time = 3.210490e+00



Elapsed time = 4.095830e-01


Loop 0 <line-1313> - Time 35.974030 Total energy consumed 2859.415995 Ave. Power Level 79.485562 Memory 661117 MemoryRefresh 61492
	-------- Loop 0 (sock 1 consumed 1374.773565, avg temp 52.053506, final temp 52 ) ------
	-------- Loop 0 (sock 2 consumed 1484.642430, avg temp 45.629610, final temp 46 ) ------
Loop 1 <line-1341> - Time 11.195951 Total energy consumed 927.207645 Ave. Power Level 82.816333 Memory 14936497071 MemoryRefresh 18553
	-------- Loop 1 (sock 1 consumed 428.724180, avg temp 51.685714, final temp 51 ) ------
	-------- Loop 1 (sock 2 consumed 498.483465, avg temp 45.317403, final temp 45 ) ------
Loop 2 <line-2361> - Time 69.922245 Total energy consumed 5853.899205 Ave. Power Level 83.720127 Memory 726870 MemoryRefresh 120178
	-------- Loop 2 (sock 1 consumed 2856.526605, avg temp 52.445714, final temp 52 ) ------
	-------- Loop 2 (sock 2 consumed 2997.372600, avg temp 46.009351, final temp 46 ) ------
Loop 3 <line-2389> - Time 10.811051 Total energy consumed 897.524520 Ave. Power Level 83.019175 Memory 677796 MemoryRefresh 17895
	-------- Loop 3 (sock 1 consumed 414.802680, avg temp 51.989091, final temp 52 ) ------
	-------- Loop 3 (sock 2 consumed 482.721840, avg temp 45.609870, final temp 45 ) ------
Loop 4 <line-2440> - Time 2.951965 Total energy consumed 234.226965 Ave. Power Level 79.346114 Memory 128115 MemoryRefresh 5133
	-------- Loop 4 (sock 1 consumed 117.969105, avg temp 51.913766, final temp 52 ) ------
	-------- Loop 4 (sock 2 consumed 116.257860, avg temp 45.517922, final temp 46 ) ------
Loop 5 <line-2460> - Time 0.066017 Total energy consumed 3.565860 Ave. Power Level 54.014171 Memory 2513 MemoryRefresh 116
	-------- Loop 5 (sock 1 consumed 1.747560, avg temp 51.911169, final temp 52 ) ------
	-------- Loop 5 (sock 2 consumed 1.818300, avg temp 45.517403, final temp 46 ) ------
Loop 6 <line-2514> - Time 3.291503 Total energy consumed 263.108595 Ave. Power Level 79.935707 Memory 121038 MemoryRefresh 5515
	-------- Loop 6 (sock 1 consumed 125.067090, avg temp 51.858182, final temp 52 ) ------
	-------- Loop 6 (sock 2 consumed 138.041505, avg temp 45.447792, final temp 46 ) ------
Loop 7 <line-3918> - Time 52.722490 Total energy consumed 4165.579350 Ave. Power Level 79.009534 Memory 489384 MemoryRefresh 90506
	-------- Loop 7 (sock 1 consumed 2022.584910, avg temp 52.137143, final temp 52 ) ------
	-------- Loop 7 (sock 2 consumed 2142.994440, avg temp 45.661818, final temp 45 ) ------
Loop 8 <line-3968> - Time 20.648687 Total energy consumed 1580.427120 Ave. Power Level 76.538868 Memory 374805 MemoryRefresh 35247
	-------- Loop 8 (sock 1 consumed 761.859030, avg temp 51.981299, final temp 52 ) ------
	-------- Loop 8 (sock 2 consumed 818.568090, avg temp 45.556883, final temp 46 ) ------
Loop 9 <line-3990> - Time 0.559931 Total energy consumed 38.098680 Ave. Power Level 68.041766 Memory 8829 MemoryRefresh 925
	-------- Loop 9 (sock 1 consumed 18.129195, avg temp 51.977662, final temp 52 ) ------
	-------- Loop 9 (sock 2 consumed 19.969485, avg temp 45.561558, final temp 46 ) ------
Loop 10 <line-4056> - Time 3.209357 Total energy consumed 236.219805 Ave. Power Level 73.603466 Memory 64223 MemoryRefresh 5409
	-------- Loop 10 (sock 1 consumed 113.945115, avg temp 51.983896, final temp 53 ) ------
	-------- Loop 10 (sock 2 consumed 122.274690, avg temp 45.553766, final temp 46 ) ------
Loop 11 <line-4117> - Time 0.408602 Total energy consumed 35.502945 Ave. Power Level 86.888811 Memory 5598 MemoryRefresh 796
	-------- Loop 11 (sock 1 consumed 17.000985, avg temp 51.961558, final temp 53 ) ------
	-------- Loop 11 (sock 2 consumed 18.501960, avg temp 45.529870, final temp 46 ) ------
Application(EnergyStat) - Time 211.985164 Total energy consumed 17106.409275 Ave. Power Level 80.696257 Memory 14939759393 MemoryRefresh 362128 Final Temperature socket 1 : 53  socket 2 : 46 
	 ParallelApplication(EnergyStat) - Time 211.761829 Total energy consumed 17094.776685 Ave. Power Level 80.726431 Memory 14939757359 MemoryRefresh 361765


Elapsed time = 2.123625e+02

Run completed:  
   Problem size        =  80 
   Iteration count     =  1925 
   Final Origin Energy = 3.241094e+05 
   Testing Plane 0 of Energy Array:
        MaxAbsDiff   = 9.094947e-11
        TotalAbsDiff = 3.376788e-09
        MaxRelDiff   = 1.406644e-12



Elapsed time = 3.682695e+01



Elapsed time = 1.143544e+01



Elapsed time = 6.944576e+01



Elapsed time = 1.102145e+01



Elapsed time = 2.892335e+00



Elapsed time = 5.785900e-02



Elapsed time = 3.211507e+00



Elapsed time = 5.264224e+01



Elapsed time = 2.063687e+01



Elapsed time = 5.720280e-01



Elapsed time = 3.209871e+00



Elapsed time = 4.029660e-01


Loop 0 <line-1313> - Time 36.823712 Total energy consumed 2924.703030 Ave. Power Level 79.424449 Memory 664327 MemoryRefresh 62983
	-------- Loop 0 (sock 1 consumed 1408.673655, avg temp 52.312208, final temp 53 ) ------
	-------- Loop 0 (sock 2 consumed 1516.029375, avg temp 44.961039, final temp 45 ) ------
Loop 1 <line-1341> - Time 11.431766 Total energy consumed 939.211080 Ave. Power Level 82.158003 Memory 704082 MemoryRefresh 19011
	-------- Loop 1 (sock 1 consumed 435.116625, avg temp 51.953247, final temp 52 ) ------
	-------- Loop 1 (sock 2 consumed 504.094455, avg temp 44.697143, final temp 45 ) ------
Loop 2 <line-2361> - Time 69.441889 Total energy consumed 5824.168245 Ave. Power Level 83.871109 Memory 740430 MemoryRefresh 119293
	-------- Loop 2 (sock 1 consumed 2845.062315, avg temp 52.705974, final temp 53 ) ------
	-------- Loop 2 (sock 2 consumed 2979.105930, avg temp 45.387013, final temp 46 ) ------
Loop 3 <line-2389> - Time 11.017757 Total energy consumed 915.582615 Ave. Power Level 83.100633 Memory 14890159320 MemoryRefresh 18283
	-------- Loop 3 (sock 1 consumed 424.576500, avg temp 52.228571, final temp 53 ) ------
	-------- Loop 3 (sock 2 consumed 491.006115, avg temp 44.950130, final temp 46 ) ------
Loop 4 <line-2440> - Time 2.890319 Total energy consumed 220.601730 Ave. Power Level 76.324357 Memory 123910 MemoryRefresh 4962
	-------- Loop 4 (sock 1 consumed 111.225600, avg temp 52.169351, final temp 53 ) ------
	-------- Loop 4 (sock 2 consumed 109.376130, avg temp 44.866494, final temp 46 ) ------
Loop 5 <line-2460> - Time 0.056932 Total energy consumed 3.170160 Ave. Power Level 55.683130 Memory 1797 MemoryRefresh 80
	-------- Loop 5 (sock 1 consumed 1.530000, avg temp 52.171429, final temp 53 ) ------
	-------- Loop 5 (sock 2 consumed 1.640160, avg temp 44.863896, final temp 46 ) ------
Loop 6 <line-2514> - Time 3.209009 Total energy consumed 256.565010 Ave. Power Level 79.951469 Memory 114758 MemoryRefresh 5328
	-------- Loop 6 (sock 1 consumed 122.107995, avg temp 52.122078, final temp 53 ) ------
	-------- Loop 6 (sock 2 consumed 134.457015, avg temp 44.798442, final temp 45 ) ------
Loop 7 <line-3918> - Time 52.638679 Total energy consumed 4163.924250 Ave. Power Level 79.103889 Memory 493038 MemoryRefresh 90342
	-------- Loop 7 (sock 1 consumed 2024.436075, avg temp 52.378701, final temp 53 ) ------
	-------- Loop 7 (sock 2 consumed 2139.488175, avg temp 45.065455, final temp 45 ) ------
Loop 8 <line-3968> - Time 20.633286 Total energy consumed 1575.750690 Ave. Power Level 76.369351 Memory 33136009414 MemoryRefresh 35207
	-------- Loop 8 (sock 1 consumed 760.631235, avg temp 52.262338, final temp 53 ) ------
	-------- Loop 8 (sock 2 consumed 815.119455, avg temp 44.913766, final temp 45 ) ------
Loop 9 <line-3990> - Time 0.570649 Total energy consumed 34.129695 Ave. Power Level 59.808569 Memory 8078 MemoryRefresh 836
	-------- Loop 9 (sock 1 consumed 16.474320, avg temp 52.266494, final temp 53 ) ------
	-------- Loop 9 (sock 2 consumed 17.655375, avg temp 44.913766, final temp 45 ) ------
Loop 10 <line-4056> - Time 3.208631 Total energy consumed 246.542460 Ave. Power Level 76.837264 Memory 66147 MemoryRefresh 5629
	-------- Loop 10 (sock 1 consumed 119.616525, avg temp 52.247273, final temp 53 ) ------
	-------- Loop 10 (sock 2 consumed 126.925935, avg temp 44.874805, final temp 45 ) ------
Loop 11 <line-4117> - Time 0.402029 Total energy consumed 25.299645 Ave. Power Level 62.929942 Memory 4231 MemoryRefresh 638
	-------- Loop 11 (sock 1 consumed 12.015075, avg temp 52.222857, final temp 53 ) ------
	-------- Loop 11 (sock 2 consumed 13.284570, avg temp 44.861818, final temp 45 ) ------
Application(EnergyStat) - Time 212.547289 Total energy consumed 17141.616405 Ave. Power Level 80.648483 Memory 48029091221 MemoryRefresh 362944 Final Temperature socket 1 : 52  socket 2 : 45 
	 ParallelApplication(EnergyStat) - Time 212.324659 Total energy consumed 17129.648610 Ave. Power Level 80.676680 Memory 48029089532 MemoryRefresh 362592


Elapsed time = 2.115495e+02

Run completed:  
   Problem size        =  80 
   Iteration count     =  1925 
   Final Origin Energy = 3.241094e+05 
   Testing Plane 0 of Energy Array:
        MaxAbsDiff   = 9.094947e-11
        TotalAbsDiff = 3.376788e-09
        MaxRelDiff   = 1.406644e-12



Elapsed time = 3.592482e+01



Elapsed time = 1.119595e+01



Elapsed time = 6.962676e+01



Elapsed time = 1.082813e+01



Elapsed time = 2.957661e+00



Elapsed time = 7.303200e-02



Elapsed time = 3.360612e+00



Elapsed time = 5.275793e+01



Elapsed time = 2.063791e+01



Elapsed time = 5.605220e-01



Elapsed time = 3.211650e+00



Elapsed time = 4.068790e-01


Loop 0 <line-1313> - Time 35.921742 Total energy consumed 2854.459515 Ave. Power Level 79.463282 Memory 656230 MemoryRefresh 61409
	-------- Loop 0 (sock 1 consumed 1370.793030, avg temp 52.075844, final temp 53 ) ------
	-------- Loop 0 (sock 2 consumed 1483.666485, avg temp 45.510649, final temp 46 ) ------
Loop 1 <line-1341> - Time 11.192478 Total energy consumed 929.097630 Ave. Power Level 83.010900 Memory 16161223450 MemoryRefresh 18673
	-------- Loop 1 (sock 1 consumed 429.242175, avg temp 51.714805, final temp 52 ) ------
	-------- Loop 1 (sock 2 consumed 499.855455, avg temp 45.225455, final temp 45 ) ------
Loop 2 <line-2361> - Time 69.623150 Total energy consumed 5838.356835 Ave. Power Level 83.856545 Memory 727044 MemoryRefresh 119585
	-------- Loop 2 (sock 1 consumed 2849.078940, avg temp 52.464416, final temp 52 ) ------
	-------- Loop 2 (sock 2 consumed 2989.277895, avg temp 45.891429, final temp 46 ) ------
Loop 3 <line-2389> - Time 10.824586 Total energy consumed 895.535040 Ave. Power Level 82.731573 Memory 673569 MemoryRefresh 18010
	-------- Loop 3 (sock 1 consumed 414.287685, avg temp 51.979221, final temp 52 ) ------
	-------- Loop 3 (sock 2 consumed 481.247355, avg temp 45.511169, final temp 46 ) ------
Loop 4 <line-2440> - Time 2.955812 Total energy consumed 227.127960 Ave. Power Level 76.841145 Memory 124073 MemoryRefresh 4961
	-------- Loop 4 (sock 1 consumed 113.539005, avg temp 51.926753, final temp 52 ) ------
	-------- Loop 4 (sock 2 consumed 113.588955, avg temp 45.430130, final temp 46 ) ------
Loop 5 <line-2460> - Time 0.072022 Total energy consumed 3.773925 Ave. Power Level 52.399661 Memory 2620 MemoryRefresh 116
	-------- Loop 5 (sock 1 consumed 2.071920, avg temp 51.924675, final temp 52 ) ------
	-------- Loop 5 (sock 2 consumed 1.702005, avg temp 45.427532, final temp 46 ) ------
Loop 6 <line-2514> - Time 3.358079 Total energy consumed 272.019585 Ave. Power Level 81.004517 Memory 127394 MemoryRefresh 5717
	-------- Loop 6 (sock 1 consumed 129.291135, avg temp 51.861299, final temp 51 ) ------
	-------- Loop 6 (sock 2 consumed 142.728450, avg temp 45.347532, final temp 46 ) ------
Loop 7 <line-3918> - Time 52.754566 Total energy consumed 4162.486410 Ave. Power Level 78.902864 Memory 486799 MemoryRefresh 90471
	-------- Loop 7 (sock 1 consumed 2021.014455, avg temp 52.144935, final temp 53 ) ------
	-------- Loop 7 (sock 2 consumed 2141.471955, avg temp 45.565195, final temp 45 ) ------
Loop 8 <line-3968> - Time 20.634403 Total energy consumed 1579.030560 Ave. Power Level 76.524171 Memory 373801 MemoryRefresh 35177
	-------- Loop 8 (sock 1 consumed 761.299110, avg temp 52.027532, final temp 51 ) ------
	-------- Loop 8 (sock 2 consumed 817.731450, avg temp 45.433766, final temp 46 ) ------
Loop 9 <line-3990> - Time 0.559155 Total energy consumed 44.349585 Ave. Power Level 79.315436 Memory 10415 MemoryRefresh 1084
	-------- Loop 9 (sock 1 consumed 21.330930, avg temp 52.023377, final temp 51 ) ------
	-------- Loop 9 (sock 2 consumed 23.018655, avg temp 45.444675, final temp 46 ) ------
Loop 10 <line-4056> - Time 3.210397 Total energy consumed 237.344745 Ave. Power Level 73.930039 Memory 63788 MemoryRefresh 5419
	-------- Loop 10 (sock 1 consumed 115.795935, avg temp 52.009870, final temp 52 ) ------
	-------- Loop 10 (sock 2 consumed 121.548810, avg temp 45.431688, final temp 46 ) ------
Loop 11 <line-4117> - Time 0.405912 Total energy consumed 28.192815 Ave. Power Level 69.455446 Memory 4333 MemoryRefresh 642
	-------- Loop 11 (sock 1 consumed 13.158555, avg temp 51.998961, final temp 52 ) ------
	-------- Loop 11 (sock 2 consumed 15.034260, avg temp 45.414545, final temp 46 ) ------
Application(EnergyStat) - Time 211.735882 Total energy consumed 17083.814040 Ave. Power Level 80.684548 Memory 16164474996 MemoryRefresh 361618 Final Temperature socket 1 : 51  socket 2 : 46 
	 ParallelApplication(EnergyStat) - Time 211.512301 Total energy consumed 17071.774605 Ave. Power Level 80.712916 Memory 16164473516 MemoryRefresh 361264


Elapsed time = 2.116641e+02

Run completed:  
   Problem size        =  80 
   Iteration count     =  1925 
   Final Origin Energy = 3.241094e+05 
   Testing Plane 0 of Energy Array:
        MaxAbsDiff   = 9.094947e-11
        TotalAbsDiff = 3.376788e-09
        MaxRelDiff   = 1.406644e-12



Elapsed time = 3.682021e+01



Elapsed time = 1.102625e+01



Elapsed time = 6.942184e+01



Elapsed time = 1.066201e+01



Elapsed time = 2.893430e+00



Elapsed time = 6.138300e-02



Elapsed time = 3.273063e+00



Elapsed time = 5.268361e+01



Elapsed time = 2.063471e+01



Elapsed time = 5.638210e-01



Elapsed time = 3.208956e+00



Elapsed time = 4.072170e-01


Loop 0 <line-1313> - Time 36.816808 Total energy consumed 2923.237470 Ave. Power Level 79.399536 Memory 665775 MemoryRefresh 62904
	-------- Loop 0 (sock 1 consumed 1407.776115, avg temp 52.213506, final temp 52 ) ------
	-------- Loop 0 (sock 2 consumed 1515.461355, avg temp 45.206234, final temp 45 ) ------
Loop 1 <line-1341> - Time 11.022511 Total energy consumed 914.822775 Ave. Power Level 82.995862 Memory 693111 MemoryRefresh 18374
	-------- Loop 1 (sock 1 consumed 423.271470, avg temp 51.845714, final temp 53 ) ------
	-------- Loop 1 (sock 2 consumed 491.551305, avg temp 44.940260, final temp 45 ) ------
Loop 2 <line-2361> - Time 69.417933 Total energy consumed 5821.107255 Ave. Power Level 83.855958 Memory 729156 MemoryRefresh 119176
	-------- Loop 2 (sock 1 consumed 2843.057010, avg temp 52.592727, final temp 52 ) ------
	-------- Loop 2 (sock 2 consumed 2978.050245, avg temp 45.647273, final temp 45 ) ------
Loop 3 <line-2389> - Time 10.658250 Total energy consumed 887.484735 Ave. Power Level 83.267394 Memory 670095 MemoryRefresh 17647
	-------- Loop 3 (sock 1 consumed 410.832720, avg temp 52.102857, final temp 52 ) ------
	-------- Loop 3 (sock 2 consumed 476.652015, avg temp 45.216104, final temp 45 ) ------
Loop 4 <line-2440> - Time 2.891771 Total energy consumed 227.713140 Ave. Power Level 78.745231 Memory 126202 MemoryRefresh 5081
	-------- Loop 4 (sock 1 consumed 114.339960, avg temp 52.059221, final temp 52 ) ------
	-------- Loop 4 (sock 2 consumed 113.373180, avg temp 45.131429, final temp 45 ) ------
Loop 5 <line-2460> - Time 0.060479 Total energy consumed 3.502575 Ave. Power Level 57.914106 Memory 2404 MemoryRefresh 109
	-------- Loop 5 (sock 1 consumed 1.563270, avg temp 52.060779, final temp 52 ) ------
	-------- Loop 5 (sock 2 consumed 1.939305, avg temp 45.129351, final temp 45 ) ------
Loop 6 <line-2514> - Time 3.270158 Total energy consumed 260.578860 Ave. Power Level 79.683872 Memory 126923 MemoryRefresh 5400
	-------- Loop 6 (sock 1 consumed 123.271530, avg temp 52.001558, final temp 52 ) ------
	-------- Loop 6 (sock 2 consumed 137.307330, avg temp 45.060779, final temp 45 ) ------
Loop 7 <line-3918> - Time 52.679898 Total energy consumed 4167.174075 Ave. Power Level 79.103686 Memory 496772 MemoryRefresh 90523
	-------- Loop 7 (sock 1 consumed 2026.433280, avg temp 52.255584, final temp 52 ) ------
	-------- Loop 7 (sock 2 consumed 2140.740795, avg temp 45.288312, final temp 46 ) ------
Loop 8 <line-3968> - Time 20.631274 Total energy consumed 1573.859955 Ave. Power Level 76.285155 Memory 374701 MemoryRefresh 35153
	-------- Loop 8 (sock 1 consumed 759.078375, avg temp 52.144935, final temp 52 ) ------
	-------- Loop 8 (sock 2 consumed 814.781580, avg temp 45.148052, final temp 45 ) ------
Loop 9 <line-3990> - Time 0.562512 Total energy consumed 36.928470 Ave. Power Level 65.649269 Memory 8534 MemoryRefresh 859
	-------- Loop 9 (sock 1 consumed 17.904690, avg temp 52.143377, final temp 52 ) ------
	-------- Loop 9 (sock 2 consumed 19.023780, avg temp 45.160000, final temp 45 ) ------
Loop 10 <line-4056> - Time 3.207695 Total energy consumed 243.222900 Ave. Power Level 75.824814 Memory 65270 MemoryRefresh 5574
	-------- Loop 10 (sock 1 consumed 118.470435, avg temp 52.144935, final temp 52 ) ------
	-------- Loop 10 (sock 2 consumed 124.752465, avg temp 45.127273, final temp 45 ) ------
Loop 11 <line-4117> - Time 0.406286 Total energy consumed 30.515835 Ave. Power Level 75.109187 Memory 4867 MemoryRefresh 712
	-------- Loop 11 (sock 1 consumed 14.720850, avg temp 52.130390, final temp 52 ) ------
	-------- Loop 11 (sock 2 consumed 15.794985, avg temp 45.105455, final temp 45 ) ------
Application(EnergyStat) - Time 211.848478 Total energy consumed 17101.999560 Ave. Power Level 80.727507 Memory 3965573 MemoryRefresh 361865 Final Temperature socket 1 : 52  socket 2 : 45 
	 ParallelApplication(EnergyStat) - Time 211.625575 Total energy consumed 17090.148045 Ave. Power Level 80.756535 Memory 3963810 MemoryRefresh 361512


Elapsed time = 2.114898e+02

Run completed:  
   Problem size        =  80 
   Iteration count     =  1925 
   Final Origin Energy = 3.241094e+05 
   Testing Plane 0 of Energy Array:
        MaxAbsDiff   = 9.094947e-11
        TotalAbsDiff = 3.376788e-09
        MaxRelDiff   = 1.406644e-12



Elapsed time = 3.649610e+01



Elapsed time = 1.102182e+01



Elapsed time = 6.935698e+01



Elapsed time = 1.064885e+01



Elapsed time = 2.982979e+00



Elapsed time = 6.718700e-02



Elapsed time = 3.372714e+00



Elapsed time = 5.275826e+01



Elapsed time = 2.059234e+01



Elapsed time = 5.667940e-01



Elapsed time = 3.212628e+00



Elapsed time = 4.051900e-01


Loop 0 <line-1313> - Time 36.493274 Total energy consumed 2900.484480 Ave. Power Level 79.479975 Memory 659856 MemoryRefresh 62347
	-------- Loop 0 (sock 1 consumed 1395.974820, avg temp 52.422338, final temp 52 ) ------
	-------- Loop 0 (sock 2 consumed 1504.509660, avg temp 45.476364, final temp 46 ) ------
Loop 1 <line-1341> - Time 11.018303 Total energy consumed 915.348930 Ave. Power Level 83.075306 Memory 689151 MemoryRefresh 18425
	-------- Loop 1 (sock 1 consumed 422.893155, avg temp 52.081558, final temp 52 ) ------
	-------- Loop 1 (sock 2 consumed 492.455775, avg temp 45.184416, final temp 46 ) ------
Loop 2 <line-2361> - Time 69.353354 Total energy consumed 5819.361690 Ave. Power Level 83.908872 Memory 15581581098 MemoryRefresh 119049
	-------- Loop 2 (sock 1 consumed 2841.189240, avg temp 52.805714, final temp 53 ) ------
	-------- Loop 2 (sock 2 consumed 2978.172450, avg temp 45.872727, final temp 46 ) ------
Loop 3 <line-2389> - Time 10.645416 Total energy consumed 881.654625 Ave. Power Level 82.820116 Memory 665524 MemoryRefresh 17585
	-------- Loop 3 (sock 1 consumed 407.738580, avg temp 52.343377, final temp 53 ) ------
	-------- Loop 3 (sock 2 consumed 473.916045, avg temp 45.478442, final temp 46 ) ------
Loop 4 <line-2440> - Time 2.980525 Total energy consumed 237.961005 Ave. Power Level 79.838608 Memory 129851 MemoryRefresh 5220
	-------- Loop 4 (sock 1 consumed 118.991385, avg temp 52.298701, final temp 53 ) ------
	-------- Loop 4 (sock 2 consumed 118.969620, avg temp 45.382857, final temp 45 ) ------
Loop 5 <line-2460> - Time 0.066182 Total energy consumed 4.995210 Ave. Power Level 75.477159 Memory 2541 MemoryRefresh 116
	-------- Loop 5 (sock 1 consumed 2.521635, avg temp 52.300260, final temp 53 ) ------
	-------- Loop 5 (sock 2 consumed 2.473575, avg temp 45.380260, final temp 45 ) ------
Loop 6 <line-2514> - Time 3.370388 Total energy consumed 266.282745 Ave. Power Level 79.006549 Memory 125020 MemoryRefresh 5571
	-------- Loop 6 (sock 1 consumed 126.821055, avg temp 52.225455, final temp 53 ) ------
	-------- Loop 6 (sock 2 consumed 139.461690, avg temp 45.308571, final temp 46 ) ------
Loop 7 <line-3918> - Time 52.754604 Total energy consumed 4172.716995 Ave. Power Level 79.096737 Memory 488146 MemoryRefresh 90638
	-------- Loop 7 (sock 1 consumed 2027.742135, avg temp 52.500260, final temp 53 ) ------
	-------- Loop 7 (sock 2 consumed 2144.974860, avg temp 45.542338, final temp 46 ) ------
Loop 8 <line-3968> - Time 20.589142 Total energy consumed 1574.210340 Ave. Power Level 76.458279 Memory 373556 MemoryRefresh 35094
	-------- Loop 8 (sock 1 consumed 759.106230, avg temp 52.374545, final temp 52 ) ------
	-------- Loop 8 (sock 2 consumed 815.104110, avg temp 45.384935, final temp 46 ) ------
Loop 9 <line-3990> - Time 0.565345 Total energy consumed 39.466515 Ave. Power Level 69.809571 Memory 8920 MemoryRefresh 872
	-------- Loop 9 (sock 1 consumed 19.784565, avg temp 52.366234, final temp 52 ) ------
	-------- Loop 9 (sock 2 consumed 19.681950, avg temp 45.393247, final temp 46 ) ------
Loop 10 <line-4056> - Time 3.211476 Total energy consumed 244.374495 Ave. Power Level 76.094143 Memory 65658 MemoryRefresh 5598
	-------- Loop 10 (sock 1 consumed 117.730380, avg temp 52.347013, final temp 53 ) ------
	-------- Loop 10 (sock 2 consumed 126.644115, avg temp 45.398961, final temp 46 ) ------
Loop 11 <line-4117> - Time 0.404264 Total energy consumed 28.819110 Ave. Power Level 71.287910 Memory 4795 MemoryRefresh 716
	-------- Loop 11 (sock 1 consumed 13.588350, avg temp 52.334026, final temp 53 ) ------
	-------- Loop 11 (sock 2 consumed 15.230760, avg temp 45.380779, final temp 46 ) ------
Application(EnergyStat) - Time 211.674804 Total energy consumed 17097.584250 Ave. Power Level 80.772883 Memory 15584795679 MemoryRefresh 361582 Final Temperature socket 1 : 52  socket 2 : 46 
	 ParallelApplication(EnergyStat) - Time 211.452273 Total energy consumed 17085.676140 Ave. Power Level 80.801572 Memory 15584794116 MemoryRefresh 361231


Elapsed time = 2.107339e+02

Run completed:  
   Problem size        =  80 
   Iteration count     =  1925 
   Final Origin Energy = 3.241094e+05 
   Testing Plane 0 of Energy Array:
        MaxAbsDiff   = 9.094947e-11
        TotalAbsDiff = 3.376788e-09
        MaxRelDiff   = 1.406644e-12



Elapsed time = 3.581786e+01



Elapsed time = 1.112371e+01



Elapsed time = 6.925102e+01



Elapsed time = 1.077210e+01



Elapsed time = 2.894816e+00



Elapsed time = 6.503600e-02



Elapsed time = 3.209366e+00



Elapsed time = 5.271701e+01



Elapsed time = 2.069515e+01



Elapsed time = 5.650080e-01



Elapsed time = 3.210327e+00



Elapsed time = 4.049520e-01


Loop 0 <line-1313> - Time 35.814494 Total energy consumed 2852.043900 Ave. Power Level 79.633791 Memory 661520 MemoryRefresh 61232
	-------- Loop 0 (sock 1 consumed 1372.406055, avg temp 52.662857, final temp 53 ) ------
	-------- Loop 0 (sock 2 consumed 1479.637845, avg temp 45.321558, final temp 45 ) ------
Loop 1 <line-1341> - Time 11.120282 Total energy consumed 924.972690 Ave. Power Level 83.178891 Memory 31121348173 MemoryRefresh 18570
	-------- Loop 1 (sock 1 consumed 428.492970, avg temp 52.338701, final temp 52 ) ------
	-------- Loop 1 (sock 2 consumed 496.479720, avg temp 45.046234, final temp 44 ) ------
Loop 2 <line-2361> - Time 69.247075 Total energy consumed 5808.152310 Ave. Power Level 83.875779 Memory 732981 MemoryRefresh 118840
	-------- Loop 2 (sock 1 consumed 2837.629140, avg temp 52.980260, final temp 53 ) ------
	-------- Loop 2 (sock 2 consumed 2970.523170, avg temp 45.725714, final temp 45 ) ------
Loop 3 <line-2389> - Time 10.768689 Total energy consumed 894.266190 Ave. Power Level 83.043184 Memory 676324 MemoryRefresh 17812
	-------- Loop 3 (sock 1 consumed 414.255450, avg temp 52.628052, final temp 52 ) ------
	-------- Loop 3 (sock 2 consumed 480.010740, avg temp 45.301299, final temp 45 ) ------
Loop 4 <line-2440> - Time 2.892939 Total energy consumed 228.084540 Ave. Power Level 78.841797 Memory 126037 MemoryRefresh 5021
	-------- Loop 4 (sock 1 consumed 114.320355, avg temp 52.554286, final temp 52 ) ------
	-------- Loop 4 (sock 2 consumed 113.764185, avg temp 45.230649, final temp 45 ) ------
Loop 5 <line-2460> - Time 0.064133 Total energy consumed 3.578145 Ave. Power Level 55.792880 Memory 2599 MemoryRefresh 115
	-------- Loop 5 (sock 1 consumed 1.880145, avg temp 52.551169, final temp 52 ) ------
	-------- Loop 5 (sock 2 consumed 1.698000, avg temp 45.226494, final temp 45 ) ------
Loop 6 <line-2514> - Time 3.206786 Total energy consumed 254.075970 Ave. Power Level 79.230720 Memory 114589 MemoryRefresh 5302
	-------- Loop 6 (sock 1 consumed 120.781320, avg temp 52.498182, final temp 53 ) ------
	-------- Loop 6 (sock 2 consumed 133.294650, avg temp 45.148571, final temp 45 ) ------
Loop 7 <line-3918> - Time 52.713423 Total energy consumed 4173.367545 Ave. Power Level 79.170869 Memory 495052 MemoryRefresh 90630
	-------- Loop 7 (sock 1 consumed 2029.900845, avg temp 52.729870, final temp 52 ) ------
	-------- Loop 7 (sock 2 consumed 2143.466700, avg temp 45.392208, final temp 45 ) ------
Loop 8 <line-3968> - Time 20.691916 Total energy consumed 1576.900935 Ave. Power Level 76.208550 Memory 375773 MemoryRefresh 35244
	-------- Loop 8 (sock 1 consumed 761.175210, avg temp 52.621818, final temp 52 ) ------
	-------- Loop 8 (sock 2 consumed 815.725725, avg temp 45.245714, final temp 45 ) ------
Loop 9 <line-3990> - Time 0.563612 Total energy consumed 40.096050 Ave. Power Level 71.141171 Memory 8696 MemoryRefresh 892
	-------- Loop 9 (sock 1 consumed 19.676910, avg temp 52.620260, final temp 52 ) ------
	-------- Loop 9 (sock 2 consumed 20.419140, avg temp 45.252468, final temp 44 ) ------
Loop 10 <line-4056> - Time 3.209122 Total energy consumed 245.080455 Ave. Power Level 76.369945 Memory 64874 MemoryRefresh 5618
	-------- Loop 10 (sock 1 consumed 118.743600, avg temp 52.614026, final temp 52 ) ------
	-------- Loop 10 (sock 2 consumed 126.336855, avg temp 45.244156, final temp 44 ) ------
Loop 11 <line-4117> - Time 0.404057 Total energy consumed 26.704110 Ave. Power Level 66.089901 Memory 4752 MemoryRefresh 683
	-------- Loop 11 (sock 1 consumed 12.957615, avg temp 52.610390, final temp 52 ) ------
	-------- Loop 11 (sock 2 consumed 13.746495, avg temp 45.218182, final temp 44 ) ------
Application(EnergyStat) - Time 210.918350 Total energy consumed 17039.057415 Ave. Power Level 80.785088 Memory 31124612711 MemoryRefresh 360310 Final Temperature socket 1 : 52  socket 2 : 45 
	 ParallelApplication(EnergyStat) - Time 210.696528 Total energy consumed 17027.322840 Ave. Power Level 80.814444 Memory 31124611370 MemoryRefresh 359959


Elapsed time = 2.113614e+02

Run completed:  
   Problem size        =  80 
   Iteration count     =  1925 
   Final Origin Energy = 3.241094e+05 
   Testing Plane 0 of Energy Array:
        MaxAbsDiff   = 9.094947e-11
        TotalAbsDiff = 3.376788e-09
        MaxRelDiff   = 1.406644e-12



Elapsed time = 3.628456e+01



Elapsed time = 1.103335e+01



Elapsed time = 6.936670e+01



Elapsed time = 1.066874e+01



Elapsed time = 2.984303e+00



Elapsed time = 6.692800e-02



Elapsed time = 3.304398e+00



Elapsed time = 5.279536e+01



Elapsed time = 2.065100e+01



Elapsed time = 5.792770e-01



Elapsed time = 3.214112e+00



Elapsed time = 4.048410e-01


Loop 0 <line-1313> - Time 36.281452 Total energy consumed 2877.469410 Ave. Power Level 79.309654 Memory 654984 MemoryRefresh 61956
	-------- Loop 0 (sock 1 consumed 1385.372385, avg temp 52.000519, final temp 52 ) ------
	-------- Loop 0 (sock 2 consumed 1492.097025, avg temp 44.476883, final temp 44 ) ------
Loop 1 <line-1341> - Time 11.029594 Total energy consumed 919.783155 Ave. Power Level 83.392293 Memory 691467 MemoryRefresh 18510
	-------- Loop 1 (sock 1 consumed 425.794935, avg temp 51.642078, final temp 51 ) ------
	-------- Loop 1 (sock 2 consumed 493.988220, avg temp 44.274286, final temp 45 ) ------
Loop 2 <line-2361> - Time 69.362786 Total energy consumed 5810.383800 Ave. Power Level 83.768028 Memory 720662 MemoryRefresh 119070
	-------- Loop 2 (sock 1 consumed 2839.074600, avg temp 52.400000, final temp 53 ) ------
	-------- Loop 2 (sock 2 consumed 2971.309200, avg temp 44.875844, final temp 46 ) ------
Loop 3 <line-2389> - Time 10.665121 Total energy consumed 880.323600 Ave. Power Level 82.542297 Memory 663909 MemoryRefresh 17488
	-------- Loop 3 (sock 1 consumed 407.134275, avg temp 51.933506, final temp 52 ) ------
	-------- Loop 3 (sock 2 consumed 473.189325, avg temp 44.473766, final temp 45 ) ------
Loop 4 <line-2440> - Time 2.982253 Total energy consumed 238.630215 Ave. Power Level 80.016753 Memory 132000 MemoryRefresh 5321
	-------- Loop 4 (sock 1 consumed 119.707890, avg temp 51.874805, final temp 52 ) ------
	-------- Loop 4 (sock 2 consumed 118.922325, avg temp 44.418701, final temp 45 ) ------
Loop 5 <line-2460> - Time 0.065887 Total energy consumed 5.016435 Ave. Power Level 76.137045 Memory 1882 MemoryRefresh 82
	-------- Loop 5 (sock 1 consumed 2.334870, avg temp 51.871688, final temp 52 ) ------
	-------- Loop 5 (sock 2 consumed 2.681565, avg temp 44.420260, final temp 45 ) ------
Loop 6 <line-2514> - Time 3.301765 Total energy consumed 258.238065 Ave. Power Level 78.212128 Memory 119713 MemoryRefresh 5389
	-------- Loop 6 (sock 1 consumed 123.306420, avg temp 51.817143, final temp 52 ) ------
	-------- Loop 6 (sock 2 consumed 134.931645, avg temp 44.370390, final temp 45 ) ------
Loop 7 <line-3918> - Time 52.791781 Total energy consumed 4169.306325 Ave. Power Level 78.976429 Memory 492570 MemoryRefresh 90833
	-------- Loop 7 (sock 1 consumed 2027.838210, avg temp 52.055584, final temp 53 ) ------
	-------- Loop 7 (sock 2 consumed 2141.468115, avg temp 44.549610, final temp 46 ) ------
Loop 8 <line-3968> - Time 20.647505 Total energy consumed 1570.650555 Ave. Power Level 76.069752 Memory 374565 MemoryRefresh 35068
	-------- Loop 8 (sock 1 consumed 758.415870, avg temp 51.952208, final temp 52 ) ------
	-------- Loop 8 (sock 2 consumed 812.234685, avg temp 44.431688, final temp 45 ) ------
Loop 9 <line-3990> - Time 0.577896 Total energy consumed 44.575065 Ave. Power Level 77.133373 Memory 9438 MemoryRefresh 930
	-------- Loop 9 (sock 1 consumed 21.461265, avg temp 51.957403, final temp 52 ) ------
	-------- Loop 9 (sock 2 consumed 23.113800, avg temp 44.438961, final temp 45 ) ------
Loop 10 <line-4056> - Time 3.212784 Total energy consumed 248.817510 Ave. Power Level 77.446083 Memory 66622 MemoryRefresh 5745
	-------- Loop 10 (sock 1 consumed 120.448005, avg temp 51.945974, final temp 52 ) ------
	-------- Loop 10 (sock 2 consumed 128.369505, avg temp 44.417143, final temp 46 ) ------
Loop 11 <line-4117> - Time 0.403831 Total energy consumed 22.687545 Ave. Power Level 56.180859 Memory 4070 MemoryRefresh 581
	-------- Loop 11 (sock 1 consumed 10.690410, avg temp 51.918961, final temp 53 ) ------
	-------- Loop 11 (sock 2 consumed 11.997135, avg temp 44.404675, final temp 46 ) ------
Application(EnergyStat) - Time 211.546073 Total energy consumed 17057.598855 Ave. Power Level 80.633021 Memory 3934159 MemoryRefresh 361348 Final Temperature socket 1 : 53  socket 2 : 46 
	 ParallelApplication(EnergyStat) - Time 211.322654 Total energy consumed 17045.881680 Ave. Power Level 80.662822 Memory 3931882 MemoryRefresh 360973


Elapsed time = 2.114867e+02

Run completed:  
   Problem size        =  80 
   Iteration count     =  1925 
   Final Origin Energy = 3.241094e+05 
   Testing Plane 0 of Energy Array:
        MaxAbsDiff   = 9.094947e-11
        TotalAbsDiff = 3.376788e-09
        MaxRelDiff   = 1.406644e-12



Elapsed time = 3.628027e+01



Elapsed time = 1.117232e+01



Elapsed time = 6.953504e+01



Elapsed time = 1.080658e+01



Elapsed time = 2.899772e+00



Elapsed time = 6.355100e-02



Elapsed time = 3.246945e+00



Elapsed time = 5.267764e+01



Elapsed time = 2.061411e+01



Elapsed time = 5.721150e-01



Elapsed time = 3.205742e+00



Elapsed time = 4.053270e-01


Loop 0 <line-1313> - Time 36.276957 Total energy consumed 2882.180250 Ave. Power Level 79.449340 Memory 658050 MemoryRefresh 62046
	-------- Loop 0 (sock 1 consumed 1386.304845, avg temp 52.048312, final temp 52 ) ------
	-------- Loop 0 (sock 2 consumed 1495.875405, avg temp 45.238961, final temp 45 ) ------
Loop 1 <line-1341> - Time 11.168631 Total energy consumed 922.716600 Ave. Power Level 82.616801 Memory 16520120014 MemoryRefresh 18538
	-------- Loop 1 (sock 1 consumed 426.784170, avg temp 51.699740, final temp 52 ) ------
	-------- Loop 1 (sock 2 consumed 495.932430, avg temp 44.957922, final temp 45 ) ------
Loop 2 <line-2361> - Time 69.531045 Total energy consumed 5828.403195 Ave. Power Level 83.824473 Memory 16696490884 MemoryRefresh 119418
	-------- Loop 2 (sock 1 consumed 2845.433340, avg temp 52.449870, final temp 52 ) ------
	-------- Loop 2 (sock 2 consumed 2982.969855, avg temp 45.646753, final temp 45 ) ------
Loop 3 <line-2389> - Time 10.802988 Total energy consumed 893.769690 Ave. Power Level 82.733562 Memory 666841 MemoryRefresh 17859
	-------- Loop 3 (sock 1 consumed 412.914765, avg temp 51.970390, final temp 52 ) ------
	-------- Loop 3 (sock 2 consumed 480.854925, avg temp 45.245195, final temp 45 ) ------
Loop 4 <line-2440> - Time 2.897771 Total energy consumed 226.822695 Ave. Power Level 78.274899 Memory 126606 MemoryRefresh 5056
	-------- Loop 4 (sock 1 consumed 113.932080, avg temp 51.917922, final temp 52 ) ------
	-------- Loop 4 (sock 2 consumed 112.890615, avg temp 45.151169, final temp 45 ) ------
Loop 5 <line-2460> - Time 0.062588 Total energy consumed 4.258065 Ave. Power Level 68.033731 Memory 2693 MemoryRefresh 121
	-------- Loop 5 (sock 1 consumed 1.909590, avg temp 51.916364, final temp 52 ) ------
	-------- Loop 5 (sock 2 consumed 2.348475, avg temp 45.149091, final temp 45 ) ------
Loop 6 <line-2514> - Time 3.243963 Total energy consumed 254.470425 Ave. Power Level 78.444294 Memory 121108 MemoryRefresh 5347
	-------- Loop 6 (sock 1 consumed 121.188060, avg temp 51.863896, final temp 53 ) ------
	-------- Loop 6 (sock 2 consumed 133.282365, avg temp 45.074286, final temp 44 ) ------
Loop 7 <line-3918> - Time 52.674006 Total energy consumed 4165.032795 Ave. Power Level 79.071882 Memory 495496 MemoryRefresh 90559
	-------- Loop 7 (sock 1 consumed 2023.869345, avg temp 52.123117, final temp 52 ) ------
	-------- Loop 7 (sock 2 consumed 2141.163450, avg temp 45.299740, final temp 45 ) ------
Loop 8 <line-3968> - Time 20.610837 Total energy consumed 1572.272670 Ave. Power Level 76.283785 Memory 375018 MemoryRefresh 35150
	-------- Loop 8 (sock 1 consumed 758.209680, avg temp 52.009870, final temp 53 ) ------
	-------- Loop 8 (sock 2 consumed 814.062990, avg temp 45.183377, final temp 45 ) ------
Loop 9 <line-3990> - Time 0.570857 Total energy consumed 41.570370 Ave. Power Level 72.821003 Memory 9198 MemoryRefresh 912
	-------- Loop 9 (sock 1 consumed 20.270175, avg temp 52.028052, final temp 53 ) ------
	-------- Loop 9 (sock 2 consumed 21.300195, avg temp 45.180779, final temp 45 ) ------
Loop 10 <line-4056> - Time 3.204630 Total energy consumed 240.305760 Ave. Power Level 74.987059 Memory 65357 MemoryRefresh 5519
	-------- Loop 10 (sock 1 consumed 115.773885, avg temp 51.997922, final temp 53 ) ------
	-------- Loop 10 (sock 2 consumed 124.531875, avg temp 45.177143, final temp 45 ) ------
Loop 11 <line-4117> - Time 0.404458 Total energy consumed 31.197990 Ave. Power Level 77.135282 Memory 5147 MemoryRefresh 737
	-------- Loop 11 (sock 1 consumed 14.839920, avg temp 51.982338, final temp 53 ) ------
	-------- Loop 11 (sock 2 consumed 16.358070, avg temp 45.154805, final temp 45 ) ------
Application(EnergyStat) - Time 211.671248 Total energy consumed 17074.956585 Ave. Power Level 80.667340 Memory 33219138238 MemoryRefresh 361616 Final Temperature socket 1 : 52  socket 2 : 45 
	 ParallelApplication(EnergyStat) - Time 211.448731 Total energy consumed 17063.000505 Ave. Power Level 80.695687 Memory 33219136412 MemoryRefresh 361262


Elapsed time = 2.118215e+02

Run completed:  
   Problem size        =  80 
   Iteration count     =  1925 
   Final Origin Energy = 3.241094e+05 
   Testing Plane 0 of Energy Array:
        MaxAbsDiff   = 9.094947e-11
        TotalAbsDiff = 3.376788e-09
        MaxRelDiff   = 1.406644e-12



Elapsed time = 3.617137e+01



Elapsed time = 1.120303e+01



Elapsed time = 6.971791e+01



Elapsed time = 1.081876e+01



Elapsed time = 2.926748e+00



Elapsed time = 6.931800e-02



Elapsed time = 3.402126e+00



Elapsed time = 5.271412e+01



Elapsed time = 2.061082e+01



Elapsed time = 5.617820e-01



Elapsed time = 3.211579e+00



Elapsed time = 4.062210e-01


Loop 0 <line-1313> - Time 36.168508 Total energy consumed 2872.297500 Ave. Power Level 79.414322 Memory 659001 MemoryRefresh 61892
	-------- Loop 0 (sock 1 consumed 1381.933035, avg temp 52.002078, final temp 53 ) ------
	-------- Loop 0 (sock 2 consumed 1490.364465, avg temp 45.161558, final temp 45 ) ------
Loop 1 <line-1341> - Time 11.199272 Total energy consumed 927.702645 Ave. Power Level 82.835981 Memory 696267 MemoryRefresh 18587
	-------- Loop 1 (sock 1 consumed 430.452150, avg temp 51.631688, final temp 52 ) ------
	-------- Loop 1 (sock 2 consumed 497.250495, avg temp 44.905974, final temp 45 ) ------
Loop 2 <line-2361> - Time 69.714019 Total energy consumed 5841.376155 Ave. Power Level 83.790552 Memory 726523 MemoryRefresh 119907
	-------- Loop 2 (sock 1 consumed 2852.642775, avg temp 52.385974, final temp 53 ) ------
	-------- Loop 2 (sock 2 consumed 2988.733380, avg temp 45.576623, final temp 45 ) ------
Loop 3 <line-2389> - Time 10.815046 Total energy consumed 894.713190 Ave. Power Level 82.728559 Memory 15306218386 MemoryRefresh 17830
	-------- Loop 3 (sock 1 consumed 414.778200, avg temp 51.902857, final temp 52 ) ------
	-------- Loop 3 (sock 2 consumed 479.934990, avg temp 45.171429, final temp 45 ) ------
Loop 4 <line-2440> - Time 2.924463 Total energy consumed 225.706185 Ave. Power Level 77.178684 Memory 122730 MemoryRefresh 4991
	-------- Loop 4 (sock 1 consumed 113.341380, avg temp 51.823896, final temp 52 ) ------
	-------- Loop 4 (sock 2 consumed 112.364805, avg temp 45.091948, final temp 45 ) ------
Loop 5 <line-2460> - Time 0.068266 Total energy consumed 5.196030 Ave. Power Level 76.114845 Memory 3243 MemoryRefresh 138
	-------- Loop 5 (sock 1 consumed 2.367345, avg temp 51.823377, final temp 52 ) ------
	-------- Loop 5 (sock 2 consumed 2.828685, avg temp 45.093506, final temp 45 ) ------
Loop 6 <line-2514> - Time 3.400128 Total energy consumed 271.266870 Ave. Power Level 79.781380 Memory 127585 MemoryRefresh 5706
	-------- Loop 6 (sock 1 consumed 128.999775, avg temp 51.784416, final temp 52 ) ------
	-------- Loop 6 (sock 2 consumed 142.267095, avg temp 45.026494, final temp 45 ) ------
Loop 7 <line-3918> - Time 52.710624 Total energy consumed 4159.099320 Ave. Power Level 78.904384 Memory 487442 MemoryRefresh 90531
	-------- Loop 7 (sock 1 consumed 2022.423525, avg temp 52.058701, final temp 52 ) ------
	-------- Loop 7 (sock 2 consumed 2136.675795, avg temp 45.235844, final temp 46 ) ------
Loop 8 <line-3968> - Time 20.607501 Total energy consumed 1575.968925 Ave. Power Level 76.475499 Memory 374489 MemoryRefresh 35162
	-------- Loop 8 (sock 1 consumed 760.613715, avg temp 51.937143, final temp 53 ) ------
	-------- Loop 8 (sock 2 consumed 815.355210, avg temp 45.115325, final temp 45 ) ------
Loop 9 <line-3990> - Time 0.560370 Total energy consumed 40.631805 Ave. Power Level 72.508944 Memory 9137 MemoryRefresh 935
	-------- Loop 9 (sock 1 consumed 19.851450, avg temp 51.940260, final temp 52 ) ------
	-------- Loop 9 (sock 2 consumed 20.780355, avg temp 45.116883, final temp 45 ) ------
Loop 10 <line-4056> - Time 3.210316 Total energy consumed 237.526215 Ave. Power Level 73.988433 Memory 64495 MemoryRefresh 5504
	-------- Loop 10 (sock 1 consumed 114.840075, avg temp 51.920000, final temp 52 ) ------
	-------- Loop 10 (sock 2 consumed 122.686140, avg temp 45.097662, final temp 45 ) ------
Loop 11 <line-4117> - Time 0.405324 Total energy consumed 31.944885 Ave. Power Level 78.813171 Memory 4359 MemoryRefresh 645
	-------- Loop 11 (sock 1 consumed 15.758730, avg temp 51.891948, final temp 52 ) ------
	-------- Loop 11 (sock 2 consumed 16.186155, avg temp 45.081039, final temp 45 ) ------
Application(EnergyStat) - Time 212.006049 Total energy consumed 17095.298700 Ave. Power Level 80.635901 Memory 15309495634 MemoryRefresh 362194 Final Temperature socket 1 : 52  socket 2 : 45 
	 ParallelApplication(EnergyStat) - Time 211.783835 Total energy consumed 17083.429725 Ave. Power Level 80.664465 Memory 15309493657 MemoryRefresh 361828
