

Elapsed time = 2.041419e+02

Run completed:  
   Problem size        =  80 
   Iteration count     =  1925 
   Final Origin Energy = 3.241094e+05 
   Testing Plane 0 of Energy Array:
        MaxAbsDiff   = 9.094947e-11
        TotalAbsDiff = 3.376788e-09
        MaxRelDiff   = 1.406644e-12



Elapsed time = 3.415510e+01



Elapsed time = 1.181886e+01



Elapsed time = 6.636953e+01



Elapsed time = 1.144995e+01



Elapsed time = 2.759766e+00



Elapsed time = 7.007300e-02



Elapsed time = 3.173591e+00



Elapsed time = 5.052076e+01



Elapsed time = 1.972552e+01



Elapsed time = 5.929470e-01



Elapsed time = 3.094852e+00



Elapsed time = 4.009080e-01


Loop 0 <line-1313> - Time 34.152096 Total energy consumed 2395.783455 Ave. Power Level 70.150407 Memory 743526 MemoryRefresh 56846
	-------- Loop 0 (sock 1 consumed 1223.207475, avg temp 45.754805, final temp 46 ) ------
	-------- Loop 0 (sock 2 consumed 1172.575980, avg temp 38.031688, final temp 39 ) ------
Loop 1 <line-1341> - Time 11.815258 Total energy consumed 856.620660 Ave. Power Level 72.501225 Memory 19090595679 MemoryRefresh 18962
	-------- Loop 1 (sock 1 consumed 452.561235, avg temp 45.575584, final temp 47 ) ------
	-------- Loop 1 (sock 2 consumed 404.059425, avg temp 37.791688, final temp 38 ) ------
Loop 2 <line-2361> - Time 66.365116 Total energy consumed 4915.811025 Ave. Power Level 74.072213 Memory 818846 MemoryRefresh 111201
	-------- Loop 2 (sock 1 consumed 2474.933175, avg temp 46.051429, final temp 47 ) ------
	-------- Loop 2 (sock 2 consumed 2440.877850, avg temp 38.292468, final temp 39 ) ------
Loop 3 <line-2389> - Time 11.446309 Total energy consumed 825.693705 Ave. Power Level 72.136242 Memory 773451 MemoryRefresh 18246
	-------- Loop 3 (sock 1 consumed 437.119740, avg temp 45.765714, final temp 47 ) ------
	-------- Loop 3 (sock 2 consumed 388.573965, avg temp 37.951169, final temp 39 ) ------
Loop 4 <line-2440> - Time 2.756790 Total energy consumed 192.676245 Ave. Power Level 69.891515 Memory 126689 MemoryRefresh 4613
	-------- Loop 4 (sock 1 consumed 92.644500, avg temp 45.716364, final temp 47 ) ------
	-------- Loop 4 (sock 2 consumed 100.031745, avg temp 37.916364, final temp 39 ) ------
Loop 5 <line-2460> - Time 0.069031 Total energy consumed 5.338485 Ave. Power Level 77.334051 Memory 4035 MemoryRefresh 131
	-------- Loop 5 (sock 1 consumed 2.617380, avg temp 45.713247, final temp 47 ) ------
	-------- Loop 5 (sock 2 consumed 2.721105, avg temp 37.915844, final temp 39 ) ------
Loop 6 <line-2514> - Time 3.170872 Total energy consumed 219.168705 Ave. Power Level 69.119375 Memory 140110 MemoryRefresh 5005
	-------- Loop 6 (sock 1 consumed 112.953315, avg temp 45.654026, final temp 47 ) ------
	-------- Loop 6 (sock 2 consumed 106.215390, avg temp 37.896104, final temp 39 ) ------
Loop 7 <line-3918> - Time 50.516887 Total energy consumed 3513.166005 Ave. Power Level 69.544388 Memory 588245 MemoryRefresh 84609
	-------- Loop 7 (sock 1 consumed 1769.899515, avg temp 45.813506, final temp 47 ) ------
	-------- Loop 7 (sock 2 consumed 1743.266490, avg temp 38.071169, final temp 39 ) ------
Loop 8 <line-3968> - Time 19.721753 Total energy consumed 1333.730595 Ave. Power Level 67.627385 Memory 421730 MemoryRefresh 32933
	-------- Loop 8 (sock 1 consumed 677.231730, avg temp 45.725195, final temp 47 ) ------
	-------- Loop 8 (sock 2 consumed 656.498865, avg temp 38.009351, final temp 39 ) ------
Loop 9 <line-3990> - Time 0.591387 Total energy consumed 37.622145 Ave. Power Level 63.616821 Memory 11513 MemoryRefresh 974
	-------- Loop 9 (sock 1 consumed 18.484605, avg temp 45.718442, final temp 47 ) ------
	-------- Loop 9 (sock 2 consumed 19.137540, avg temp 37.996364, final temp 40 ) ------
Loop 10 <line-4056> - Time 3.093335 Total energy consumed 200.741640 Ave. Power Level 64.894893 Memory 74043 MemoryRefresh 5147
	-------- Loop 10 (sock 1 consumed 101.553120, avg temp 45.717922, final temp 47 ) ------
	-------- Loop 10 (sock 2 consumed 99.188520, avg temp 38.008831, final temp 39 ) ------
Loop 11 <line-4117> - Time 0.399771 Total energy consumed 27.427050 Ave. Power Level 68.606929 Memory 6059 MemoryRefresh 718
	-------- Loop 11 (sock 1 consumed 13.913220, avg temp 45.694026, final temp 47 ) ------
	-------- Loop 11 (sock 2 consumed 13.513830, avg temp 37.997403, final temp 39 ) ------
Application(EnergyStat) - Time 204.366555 Total energy consumed 14536.146300 Ave. Power Level 71.127814 Memory 19094305672 MemoryRefresh 339806 Final Temperature socket 1 : 46  socket 2 : 38 
	 ParallelApplication(EnergyStat) - Time 204.098606 Total energy consumed 14523.779715 Ave. Power Level 71.160602 Memory 19094303926 MemoryRefresh 339385


Elapsed time = 2.041794e+02

Run completed:  
   Problem size        =  80 
   Iteration count     =  1925 
   Final Origin Energy = 3.241094e+05 
   Testing Plane 0 of Energy Array:
        MaxAbsDiff   = 9.094947e-11
        TotalAbsDiff = 3.376788e-09
        MaxRelDiff   = 1.406644e-12



Elapsed time = 3.411982e+01



Elapsed time = 1.181004e+01



Elapsed time = 6.661640e+01



Elapsed time = 1.142816e+01



Elapsed time = 2.741929e+00



Elapsed time = 6.104200e-02



Elapsed time = 3.066580e+00



Elapsed time = 5.046116e+01



Elapsed time = 1.979366e+01



Elapsed time = 5.805140e-01



Elapsed time = 3.092334e+00



Elapsed time = 3.981170e-01


Loop 0 <line-1313> - Time 34.115592 Total energy consumed 2390.562615 Ave. Power Level 70.072435 Memory 742314 MemoryRefresh 56747
	-------- Loop 0 (sock 1 consumed 1220.463735, avg temp 47.008831, final temp 46 ) ------
	-------- Loop 0 (sock 2 consumed 1170.098880, avg temp 39.821818, final temp 40 ) ------
Loop 1 <line-1341> - Time 11.806011 Total energy consumed 853.136310 Ave. Power Level 72.262874 Memory 801202 MemoryRefresh 18960
	-------- Loop 1 (sock 1 consumed 450.573540, avg temp 46.816623, final temp 47 ) ------
	-------- Loop 1 (sock 2 consumed 402.562770, avg temp 39.629091, final temp 39 ) ------
Loop 2 <line-2361> - Time 66.611733 Total energy consumed 4917.424650 Ave. Power Level 73.822199 Memory 816344 MemoryRefresh 111657
	-------- Loop 2 (sock 1 consumed 2475.455280, avg temp 47.293506, final temp 47 ) ------
	-------- Loop 2 (sock 2 consumed 2441.969370, avg temp 40.006753, final temp 40 ) ------
Loop 3 <line-2389> - Time 11.424013 Total energy consumed 826.637220 Ave. Power Level 72.359618 Memory 776053 MemoryRefresh 18299
	-------- Loop 3 (sock 1 consumed 436.764735, avg temp 47.018182, final temp 47 ) ------
	-------- Loop 3 (sock 2 consumed 389.872485, avg temp 39.767792, final temp 40 ) ------
Loop 4 <line-2440> - Time 2.739537 Total energy consumed 185.620545 Ave. Power Level 67.756168 Memory 125090 MemoryRefresh 4521
	-------- Loop 4 (sock 1 consumed 89.492760, avg temp 46.941299, final temp 47 ) ------
	-------- Loop 4 (sock 2 consumed 96.127785, avg temp 39.770909, final temp 40 ) ------
Loop 5 <line-2460> - Time 0.060088 Total energy consumed 4.295805 Ave. Power Level 71.492121 Memory 3005 MemoryRefresh 95
	-------- Loop 5 (sock 1 consumed 2.243310, avg temp 46.943896, final temp 47 ) ------
	-------- Loop 5 (sock 2 consumed 2.052495, avg temp 39.773506, final temp 40 ) ------
Loop 6 <line-2514> - Time 3.063112 Total energy consumed 210.721680 Ave. Power Level 68.793324 Memory 131259 MemoryRefresh 4819
	-------- Loop 6 (sock 1 consumed 108.778155, avg temp 46.876883, final temp 47 ) ------
	-------- Loop 6 (sock 2 consumed 101.943525, avg temp 39.730909, final temp 40 ) ------
Loop 7 <line-3918> - Time 50.457054 Total energy consumed 3503.055435 Ave. Power Level 69.426475 Memory 19922562731 MemoryRefresh 84566
	-------- Loop 7 (sock 1 consumed 1765.068120, avg temp 47.028052, final temp 47 ) ------
	-------- Loop 7 (sock 2 consumed 1737.987315, avg temp 39.850390, final temp 40 ) ------
Loop 8 <line-3968> - Time 19.789927 Total energy consumed 1341.631410 Ave. Power Level 67.793651 Memory 424317 MemoryRefresh 33076
	-------- Loop 8 (sock 1 consumed 681.347805, avg temp 46.949091, final temp 47 ) ------
	-------- Loop 8 (sock 2 consumed 660.283605, avg temp 39.801039, final temp 40 ) ------
Loop 9 <line-3990> - Time 0.579017 Total energy consumed 34.962675 Ave. Power Level 60.382815 Memory 10533 MemoryRefresh 920
	-------- Loop 9 (sock 1 consumed 17.768070, avg temp 46.936623, final temp 47 ) ------
	-------- Loop 9 (sock 2 consumed 17.194605, avg temp 39.797403, final temp 39 ) ------
Loop 10 <line-4056> - Time 3.090654 Total energy consumed 201.122040 Ave. Power Level 65.074256 Memory 74088 MemoryRefresh 5161
	-------- Loop 10 (sock 1 consumed 101.526480, avg temp 46.960000, final temp 47 ) ------
	-------- Loop 10 (sock 2 consumed 99.595560, avg temp 39.804675, final temp 40 ) ------
Loop 11 <line-4117> - Time 0.396812 Total energy consumed 26.873535 Ave. Power Level 67.723522 Memory 6400 MemoryRefresh 721
	-------- Loop 11 (sock 1 consumed 13.396380, avg temp 46.938701, final temp 47 ) ------
	-------- Loop 11 (sock 2 consumed 13.477155, avg temp 39.798961, final temp 40 ) ------
Application(EnergyStat) - Time 204.405342 Total energy consumed 14508.029520 Ave. Power Level 70.976763 Memory 19926475137 MemoryRefresh 339964 Final Temperature socket 1 : 47  socket 2 : 40 
	 ParallelApplication(EnergyStat) - Time 204.133552 Total energy consumed 14496.043920 Ave. Power Level 71.012549 Memory 19926473336 MemoryRefresh 339542


Elapsed time = 2.042991e+02

Run completed:  
   Problem size        =  80 
   Iteration count     =  1925 
   Final Origin Energy = 3.241094e+05 
   Testing Plane 0 of Energy Array:
        MaxAbsDiff   = 9.094947e-11
        TotalAbsDiff = 3.376788e-09
        MaxRelDiff   = 1.406644e-12



Elapsed time = 3.412632e+01



Elapsed time = 1.185150e+01



Elapsed time = 6.630213e+01



Elapsed time = 1.149328e+01



Elapsed time = 2.799709e+00



Elapsed time = 7.053200e-02



Elapsed time = 3.169074e+00



Elapsed time = 5.058935e+01



Elapsed time = 1.979875e+01



Elapsed time = 5.960820e-01



Elapsed time = 3.095586e+00



Elapsed time = 3.970360e-01


Loop 0 <line-1313> - Time 34.122178 Total energy consumed 2395.785750 Ave. Power Level 70.211982 Memory 741918 MemoryRefresh 56811
	-------- Loop 0 (sock 1 consumed 1222.017630, avg temp 47.307013, final temp 47 ) ------
	-------- Loop 0 (sock 2 consumed 1173.768120, avg temp 39.122597, final temp 39 ) ------
Loop 1 <line-1341> - Time 11.847509 Total energy consumed 855.599640 Ave. Power Level 72.217680 Memory 801630 MemoryRefresh 19015
	-------- Loop 1 (sock 1 consumed 451.015545, avg temp 47.110649, final temp 47 ) ------
	-------- Loop 1 (sock 2 consumed 404.584095, avg temp 38.870130, final temp 38 ) ------
Loop 2 <line-2361> - Time 66.297533 Total energy consumed 4904.267385 Ave. Power Level 73.973603 Memory 817153 MemoryRefresh 111041
	-------- Loop 2 (sock 1 consumed 2467.048395, avg temp 47.611429, final temp 48 ) ------
	-------- Loop 2 (sock 2 consumed 2437.218990, avg temp 39.427013, final temp 39 ) ------
Loop 3 <line-2389> - Time 11.489384 Total energy consumed 831.307290 Ave. Power Level 72.354380 Memory 777946 MemoryRefresh 18376
	-------- Loop 3 (sock 1 consumed 438.548085, avg temp 47.310130, final temp 47 ) ------
	-------- Loop 3 (sock 2 consumed 392.759205, avg temp 39.068571, final temp 39 ) ------
Loop 4 <line-2440> - Time 2.796998 Total energy consumed 192.895755 Ave. Power Level 68.965292 Memory 125663 MemoryRefresh 4588
	-------- Loop 4 (sock 1 consumed 93.388305, avg temp 47.257143, final temp 47 ) ------
	-------- Loop 4 (sock 2 consumed 99.507450, avg temp 39.051429, final temp 38 ) ------
Loop 5 <line-2460> - Time 0.069432 Total energy consumed 5.159835 Ave. Power Level 74.314444 Memory 4021 MemoryRefresh 134
	-------- Loop 5 (sock 1 consumed 2.444655, avg temp 47.259221, final temp 47 ) ------
	-------- Loop 5 (sock 2 consumed 2.715180, avg temp 39.046753, final temp 38 ) ------
Loop 6 <line-2514> - Time 3.165563 Total energy consumed 220.300245 Ave. Power Level 69.592751 Memory 141915 MemoryRefresh 5041
	-------- Loop 6 (sock 1 consumed 113.458620, avg temp 47.191169, final temp 47 ) ------
	-------- Loop 6 (sock 2 consumed 106.841625, avg temp 39.012468, final temp 38 ) ------
Loop 7 <line-3918> - Time 50.585082 Total energy consumed 3515.378040 Ave. Power Level 69.494363 Memory 583731 MemoryRefresh 84609
	-------- Loop 7 (sock 1 consumed 1770.490365, avg temp 47.342857, final temp 48 ) ------
	-------- Loop 7 (sock 2 consumed 1744.887675, avg temp 39.198442, final temp 39 ) ------
Loop 8 <line-3968> - Time 19.795092 Total energy consumed 1337.028675 Ave. Power Level 67.543443 Memory 422491 MemoryRefresh 33051
	-------- Loop 8 (sock 1 consumed 677.394495, avg temp 47.265974, final temp 47 ) ------
	-------- Loop 8 (sock 2 consumed 659.634180, avg temp 39.116364, final temp 38 ) ------
Loop 9 <line-3990> - Time 0.594475 Total energy consumed 38.084355 Ave. Power Level 64.063864 Memory 11336 MemoryRefresh 959
	-------- Loop 9 (sock 1 consumed 19.077330, avg temp 47.254026, final temp 47 ) ------
	-------- Loop 9 (sock 2 consumed 19.007025, avg temp 39.100260, final temp 38 ) ------
Loop 10 <line-4056> - Time 3.093561 Total energy consumed 203.556825 Ave. Power Level 65.800167 Memory 75443 MemoryRefresh 5211
	-------- Loop 10 (sock 1 consumed 102.665070, avg temp 47.245195, final temp 47 ) ------
	-------- Loop 10 (sock 2 consumed 100.891755, avg temp 39.109091, final temp 39 ) ------
Loop 11 <line-4117> - Time 0.395676 Total energy consumed 24.762090 Ave. Power Level 62.581807 Memory 6054 MemoryRefresh 677
	-------- Loop 11 (sock 1 consumed 12.767070, avg temp 47.234805, final temp 48 ) ------
	-------- Loop 11 (sock 2 consumed 11.995020, avg temp 39.102338, final temp 39 ) ------
Application(EnergyStat) - Time 204.525488 Total energy consumed 14536.547895 Ave. Power Level 71.074505 Memory 4510998 MemoryRefresh 339940 Final Temperature socket 1 : 48  socket 2 : 39 
	 ParallelApplication(EnergyStat) - Time 204.252483 Total energy consumed 14524.125885 Ave. Power Level 71.108687 Memory 4509301 MemoryRefresh 339513


Elapsed time = 2.042104e+02

Run completed:  
   Problem size        =  80 
   Iteration count     =  1925 
   Final Origin Energy = 3.241094e+05 
   Testing Plane 0 of Energy Array:
        MaxAbsDiff   = 9.094947e-11
        TotalAbsDiff = 3.376788e-09
        MaxRelDiff   = 1.406644e-12



Elapsed time = 3.410193e+01



Elapsed time = 1.180981e+01



Elapsed time = 6.656801e+01



Elapsed time = 1.144737e+01



Elapsed time = 2.748938e+00



Elapsed time = 7.490700e-02



Elapsed time = 3.081354e+00



Elapsed time = 5.048563e+01



Elapsed time = 1.980886e+01



Elapsed time = 5.816720e-01



Elapsed time = 3.094060e+00



Elapsed time = 3.975250e-01


Loop 0 <line-1313> - Time 34.098077 Total energy consumed 2392.956750 Ave. Power Level 70.178642 Memory 742551 MemoryRefresh 56838
	-------- Loop 0 (sock 1 consumed 1222.173510, avg temp 47.666494, final temp 47 ) ------
	-------- Loop 0 (sock 2 consumed 1170.783240, avg temp 39.696104, final temp 40 ) ------
Loop 1 <line-1341> - Time 11.805990 Total energy consumed 856.675095 Ave. Power Level 72.562748 Memory 804897 MemoryRefresh 18945
	-------- Loop 1 (sock 1 consumed 453.120930, avg temp 47.487792, final temp 47 ) ------
	-------- Loop 1 (sock 2 consumed 403.554165, avg temp 39.487792, final temp 40 ) ------
Loop 2 <line-2361> - Time 66.563716 Total energy consumed 4916.997390 Ave. Power Level 73.869034 Memory 818643 MemoryRefresh 111589
	-------- Loop 2 (sock 1 consumed 2474.507655, avg temp 47.913766, final temp 48 ) ------
	-------- Loop 2 (sock 2 consumed 2442.489735, avg temp 39.884675, final temp 40 ) ------
Loop 3 <line-2389> - Time 11.443274 Total energy consumed 826.746900 Ave. Power Level 72.247412 Memory 779537 MemoryRefresh 18229
	-------- Loop 3 (sock 1 consumed 437.462475, avg temp 47.654026, final temp 47 ) ------
	-------- Loop 3 (sock 2 consumed 389.284425, avg temp 39.654026, final temp 40 ) ------
Loop 4 <line-2440> - Time 2.747091 Total energy consumed 188.134560 Ave. Power Level 68.485017 Memory 129025 MemoryRefresh 4586
	-------- Loop 4 (sock 1 consumed 90.151890, avg temp 47.593247, final temp 46 ) ------
	-------- Loop 4 (sock 2 consumed 97.982670, avg temp 39.623896, final temp 39 ) ------
Loop 5 <line-2460> - Time 0.073952 Total energy consumed 4.020435 Ave. Power Level 54.365462 Memory 4170 MemoryRefresh 130
	-------- Loop 5 (sock 1 consumed 2.119860, avg temp 47.592727, final temp 46 ) ------
	-------- Loop 5 (sock 2 consumed 1.900575, avg temp 39.621299, final temp 39 ) ------
Loop 6 <line-2514> - Time 3.078652 Total energy consumed 211.839420 Ave. Power Level 68.809151 Memory 138941 MemoryRefresh 4857
	-------- Loop 6 (sock 1 consumed 108.991620, avg temp 47.566234, final temp 47 ) ------
	-------- Loop 6 (sock 2 consumed 102.847800, avg temp 39.591169, final temp 39 ) ------
Loop 7 <line-3918> - Time 50.481578 Total energy consumed 3508.152990 Ave. Power Level 69.493727 Memory 39825886064 MemoryRefresh 84535
	-------- Loop 7 (sock 1 consumed 1768.527060, avg temp 47.725714, final temp 47 ) ------
	-------- Loop 7 (sock 2 consumed 1739.625930, avg temp 39.749091, final temp 40 ) ------
Loop 8 <line-3968> - Time 19.805279 Total energy consumed 1336.690380 Ave. Power Level 67.491622 Memory 423120 MemoryRefresh 33063
	-------- Loop 8 (sock 1 consumed 678.145620, avg temp 47.625455, final temp 47 ) ------
	-------- Loop 8 (sock 2 consumed 658.544760, avg temp 39.689870, final temp 40 ) ------
Loop 9 <line-3990> - Time 0.580027 Total energy consumed 36.696450 Ave. Power Level 63.266828 Memory 11138 MemoryRefresh 972
	-------- Loop 9 (sock 1 consumed 18.262365, avg temp 47.627532, final temp 47 ) ------
	-------- Loop 9 (sock 2 consumed 18.434085, avg temp 39.686753, final temp 40 ) ------
Loop 10 <line-4056> - Time 3.092486 Total energy consumed 201.949635 Ave. Power Level 65.303338 Memory 73424 MemoryRefresh 5147
	-------- Loop 10 (sock 1 consumed 102.366465, avg temp 47.593766, final temp 47 ) ------
	-------- Loop 10 (sock 2 consumed 99.583170, avg temp 39.674805, final temp 40 ) ------
Loop 11 <line-4117> - Time 0.396261 Total energy consumed 23.708100 Ave. Power Level 59.829566 Memory 5873 MemoryRefresh 683
	-------- Loop 11 (sock 1 consumed 11.981745, avg temp 47.588052, final temp 47 ) ------
	-------- Loop 11 (sock 2 consumed 11.726355, avg temp 39.667013, final temp 40 ) ------
Application(EnergyStat) - Time 204.436605 Total energy consumed 14516.147730 Ave. Power Level 71.005619 Memory 39829819020 MemoryRefresh 339996 Final Temperature socket 1 : 47  socket 2 : 40 
	 ParallelApplication(EnergyStat) - Time 204.166381 Total energy consumed 14504.568105 Ave. Power Level 71.042882 Memory 39829817383 MemoryRefresh 339574


Elapsed time = 2.044125e+02

Run completed:  
   Problem size        =  80 
   Iteration count     =  1925 
   Final Origin Energy = 3.241094e+05 
   Testing Plane 0 of Energy Array:
        MaxAbsDiff   = 9.094947e-11
        TotalAbsDiff = 3.376788e-09
        MaxRelDiff   = 1.406644e-12



Elapsed time = 3.410253e+01



Elapsed time = 1.186549e+01



Elapsed time = 6.661617e+01



Elapsed time = 1.146943e+01



Elapsed time = 2.761067e+00



Elapsed time = 6.831200e-02



Elapsed time = 3.168145e+00



Elapsed time = 5.049827e+01



Elapsed time = 1.975878e+01



Elapsed time = 5.972480e-01



Elapsed time = 3.096211e+00



Elapsed time = 4.010090e-01


Loop 0 <line-1313> - Time 34.098928 Total energy consumed 2393.182920 Ave. Power Level 70.183524 Memory 743010 MemoryRefresh 56741
	-------- Loop 0 (sock 1 consumed 1222.335630, avg temp 47.354286, final temp 47 ) ------
	-------- Loop 0 (sock 2 consumed 1170.847290, avg temp 39.111169, final temp 38 ) ------
Loop 1 <line-1341> - Time 11.861313 Total energy consumed 855.542190 Ave. Power Level 72.128791 Memory 805354 MemoryRefresh 18993
	-------- Loop 1 (sock 1 consumed 451.720860, avg temp 47.138701, final temp 47 ) ------
	-------- Loop 1 (sock 2 consumed 403.821330, avg temp 38.896623, final temp 38 ) ------
Loop 2 <line-2361> - Time 66.611617 Total energy consumed 4921.438830 Ave. Power Level 73.882590 Memory 819193 MemoryRefresh 111564
	-------- Loop 2 (sock 1 consumed 2476.887360, avg temp 47.610390, final temp 47 ) ------
	-------- Loop 2 (sock 2 consumed 2444.551470, avg temp 39.392208, final temp 39 ) ------
Loop 3 <line-2389> - Time 11.465363 Total energy consumed 828.245520 Ave. Power Level 72.238929 Memory 776466 MemoryRefresh 18238
	-------- Loop 3 (sock 1 consumed 438.218475, avg temp 47.290390, final temp 48 ) ------
	-------- Loop 3 (sock 2 consumed 390.027045, avg temp 39.061299, final temp 39 ) ------
Loop 4 <line-2440> - Time 2.758797 Total energy consumed 188.942565 Ave. Power Level 68.487301 Memory 125575 MemoryRefresh 4612
	-------- Loop 4 (sock 1 consumed 90.669630, avg temp 47.242078, final temp 47 ) ------
	-------- Loop 4 (sock 2 consumed 98.272935, avg temp 39.053506, final temp 38 ) ------
Loop 5 <line-2460> - Time 0.067246 Total energy consumed 4.028040 Ave. Power Level 59.900382 Memory 3915 MemoryRefresh 125
	-------- Loop 5 (sock 1 consumed 2.248080, avg temp 47.244156, final temp 47 ) ------
	-------- Loop 5 (sock 2 consumed 1.779960, avg temp 39.050390, final temp 38 ) ------
Loop 6 <line-2514> - Time 3.165031 Total energy consumed 219.756300 Ave. Power Level 69.432596 Memory 141206 MemoryRefresh 4993
	-------- Loop 6 (sock 1 consumed 112.962765, avg temp 47.191169, final temp 47 ) ------
	-------- Loop 6 (sock 2 consumed 106.793535, avg temp 39.004675, final temp 39 ) ------
Loop 7 <line-3918> - Time 50.494191 Total energy consumed 3507.861165 Ave. Power Level 69.470588 Memory 588728 MemoryRefresh 84563
	-------- Loop 7 (sock 1 consumed 1767.937185, avg temp 47.365195, final temp 48 ) ------
	-------- Loop 7 (sock 2 consumed 1739.923980, avg temp 39.183377, final temp 39 ) ------
Loop 8 <line-3968> - Time 19.755063 Total energy consumed 1330.659870 Ave. Power Level 67.357914 Memory 422811 MemoryRefresh 32928
	-------- Loop 8 (sock 1 consumed 674.873805, avg temp 47.277922, final temp 47 ) ------
	-------- Loop 8 (sock 2 consumed 655.786065, avg temp 39.090909, final temp 38 ) ------
Loop 9 <line-3990> - Time 0.595626 Total energy consumed 43.850700 Ave. Power Level 73.621227 Memory 11800 MemoryRefresh 971
	-------- Loop 9 (sock 1 consumed 22.514085, avg temp 47.266494, final temp 47 ) ------
	-------- Loop 9 (sock 2 consumed 21.336615, avg temp 39.096623, final temp 38 ) ------
Loop 10 <line-4056> - Time 3.094259 Total energy consumed 199.861575 Ave. Power Level 64.591085 Memory 74038 MemoryRefresh 5181
	-------- Loop 10 (sock 1 consumed 100.456500, avg temp 47.278961, final temp 48 ) ------
	-------- Loop 10 (sock 2 consumed 99.405075, avg temp 39.106494, final temp 39 ) ------
Loop 11 <line-4117> - Time 0.399776 Total energy consumed 25.905450 Ave. Power Level 64.799986 Memory 6008 MemoryRefresh 707
	-------- Loop 11 (sock 1 consumed 13.247100, avg temp 47.263377, final temp 48 ) ------
	-------- Loop 11 (sock 2 consumed 12.658350, avg temp 39.099221, final temp 39 ) ------
Application(EnergyStat) - Time 204.639272 Total energy consumed 14531.707620 Ave. Power Level 71.011334 Memory 4519671 MemoryRefresh 340042 Final Temperature socket 1 : 47  socket 2 : 38 
	 ParallelApplication(EnergyStat) - Time 204.367210 Total energy consumed 14519.275125 Ave. Power Level 71.045033 Memory 4518104 MemoryRefresh 339616


Elapsed time = 2.040803e+02

Run completed:  
   Problem size        =  80 
   Iteration count     =  1925 
   Final Origin Energy = 3.241094e+05 
   Testing Plane 0 of Energy Array:
        MaxAbsDiff   = 9.094947e-11
        TotalAbsDiff = 3.376788e-09
        MaxRelDiff   = 1.406644e-12



Elapsed time = 3.409727e+01



Elapsed time = 1.180167e+01



Elapsed time = 6.658464e+01



Elapsed time = 1.140630e+01



Elapsed time = 2.732762e+00



Elapsed time = 6.600400e-02



Elapsed time = 3.068732e+00



Elapsed time = 5.046326e+01



Elapsed time = 1.977686e+01



Elapsed time = 5.851000e-01



Elapsed time = 3.091736e+00



Elapsed time = 3.959770e-01


Loop 0 <line-1313> - Time 34.093300 Total energy consumed 2391.972555 Ave. Power Level 70.159608 Memory 742435 MemoryRefresh 56838
	-------- Loop 0 (sock 1 consumed 1220.704650, avg temp 47.165714, final temp 48 ) ------
	-------- Loop 0 (sock 2 consumed 1171.267905, avg temp 39.480519, final temp 40 ) ------
Loop 1 <line-1341> - Time 11.797637 Total energy consumed 858.657480 Ave. Power Level 72.782157 Memory 18801900575 MemoryRefresh 18877
	-------- Loop 1 (sock 1 consumed 454.393725, avg temp 46.980260, final temp 47 ) ------
	-------- Loop 1 (sock 2 consumed 404.263755, avg temp 39.276364, final temp 40 ) ------
Loop 2 <line-2361> - Time 66.580103 Total energy consumed 4921.830165 Ave. Power Level 73.923439 Memory 818398 MemoryRefresh 111605
	-------- Loop 2 (sock 1 consumed 2478.474600, avg temp 47.443636, final temp 48 ) ------
	-------- Loop 2 (sock 2 consumed 2443.355565, avg temp 39.703377, final temp 40 ) ------
Loop 3 <line-2389> - Time 11.402554 Total energy consumed 822.586275 Ave. Power Level 72.140527 Memory 771647 MemoryRefresh 18145
	-------- Loop 3 (sock 1 consumed 434.475870, avg temp 47.144416, final temp 48 ) ------
	-------- Loop 3 (sock 2 consumed 388.110405, avg temp 39.437403, final temp 40 ) ------
Loop 4 <line-2440> - Time 2.730901 Total energy consumed 188.103915 Ave. Power Level 68.879796 Memory 126604 MemoryRefresh 4588
	-------- Loop 4 (sock 1 consumed 91.698900, avg temp 47.092987, final temp 47 ) ------
	-------- Loop 4 (sock 2 consumed 96.405015, avg temp 39.421818, final temp 40 ) ------
Loop 5 <line-2460> - Time 0.064728 Total energy consumed 3.312840 Ave. Power Level 51.181095 Memory 3805 MemoryRefresh 119
	-------- Loop 5 (sock 1 consumed 1.693995, avg temp 47.094026, final temp 47 ) ------
	-------- Loop 5 (sock 2 consumed 1.618845, avg temp 39.423377, final temp 40 ) ------
Loop 6 <line-2514> - Time 3.065824 Total energy consumed 213.754380 Ave. Power Level 69.721683 Memory 133135 MemoryRefresh 4857
	-------- Loop 6 (sock 1 consumed 109.238130, avg temp 47.033766, final temp 47 ) ------
	-------- Loop 6 (sock 2 consumed 104.516250, avg temp 39.386494, final temp 40 ) ------
Loop 7 <line-3918> - Time 50.459091 Total energy consumed 3508.688535 Ave. Power Level 69.535311 Memory 581561 MemoryRefresh 84557
	-------- Loop 7 (sock 1 consumed 1769.663520, avg temp 47.208312, final temp 48 ) ------
	-------- Loop 7 (sock 2 consumed 1739.025015, avg temp 39.514805, final temp 40 ) ------
Loop 8 <line-3968> - Time 19.772946 Total energy consumed 1335.632670 Ave. Power Level 67.548491 Memory 421867 MemoryRefresh 33029
	-------- Loop 8 (sock 1 consumed 677.148855, avg temp 47.100779, final temp 48 ) ------
	-------- Loop 8 (sock 2 consumed 658.483815, avg temp 39.475844, final temp 41 ) ------
Loop 9 <line-3990> - Time 0.583578 Total energy consumed 35.605815 Ave. Power Level 61.012989 Memory 10367 MemoryRefresh 897
	-------- Loop 9 (sock 1 consumed 17.535585, avg temp 47.103377, final temp 48 ) ------
	-------- Loop 9 (sock 2 consumed 18.070230, avg temp 39.471688, final temp 40 ) ------
Loop 10 <line-4056> - Time 3.090202 Total energy consumed 203.430255 Ave. Power Level 65.830734 Memory 73945 MemoryRefresh 5246
	-------- Loop 10 (sock 1 consumed 103.332780, avg temp 47.108052, final temp 47 ) ------
	-------- Loop 10 (sock 2 consumed 100.097475, avg temp 39.453506, final temp 40 ) ------
Loop 11 <line-4117> - Time 0.394837 Total energy consumed 25.095570 Ave. Power Level 63.559249 Memory 5317 MemoryRefresh 654
	-------- Loop 11 (sock 1 consumed 13.127490, avg temp 47.094026, final temp 47 ) ------
	-------- Loop 11 (sock 2 consumed 11.968080, avg temp 39.452468, final temp 40 ) ------
Application(EnergyStat) - Time 204.306561 Total energy consumed 14520.457800 Ave. Power Level 71.071911 Memory 18805591281 MemoryRefresh 339844 Final Temperature socket 1 : 47  socket 2 : 40 
	 ParallelApplication(EnergyStat) - Time 204.035700 Total energy consumed 14508.670455 Ave. Power Level 71.108490 Memory 18805589656 MemoryRefresh 339412


Elapsed time = 2.040806e+02

Run completed:  
   Problem size        =  80 
   Iteration count     =  1925 
   Final Origin Energy = 3.241094e+05 
   Testing Plane 0 of Energy Array:
        MaxAbsDiff   = 9.094947e-11
        TotalAbsDiff = 3.376788e-09
        MaxRelDiff   = 1.406644e-12



Elapsed time = 3.410618e+01



Elapsed time = 1.180821e+01



Elapsed time = 6.631951e+01



Elapsed time = 1.144745e+01



Elapsed time = 2.825553e+00



Elapsed time = 7.151900e-02



Elapsed time = 3.156698e+00



Elapsed time = 5.047667e+01



Elapsed time = 1.977065e+01



Elapsed time = 5.995820e-01



Elapsed time = 3.090958e+00



Elapsed time = 3.969700e-01


Loop 0 <line-1313> - Time 34.102410 Total energy consumed 2390.489535 Ave. Power Level 70.097377 Memory 741848 MemoryRefresh 56802
	-------- Loop 0 (sock 1 consumed 1222.194315, avg temp 47.558442, final temp 47 ) ------
	-------- Loop 0 (sock 2 consumed 1168.295220, avg temp 39.183377, final temp 39 ) ------
Loop 1 <line-1341> - Time 11.804275 Total energy consumed 858.910605 Ave. Power Level 72.762676 Memory 801719 MemoryRefresh 18894
	-------- Loop 1 (sock 1 consumed 453.395160, avg temp 47.369351, final temp 46 ) ------
	-------- Loop 1 (sock 2 consumed 405.515445, avg temp 38.945974, final temp 39 ) ------
Loop 2 <line-2361> - Time 66.315020 Total energy consumed 4903.827555 Ave. Power Level 73.947464 Memory 816215 MemoryRefresh 111139
	-------- Loop 2 (sock 1 consumed 2471.193255, avg temp 47.835325, final temp 47 ) ------
	-------- Loop 2 (sock 2 consumed 2432.634300, avg temp 39.434805, final temp 39 ) ------
Loop 3 <line-2389> - Time 11.443497 Total energy consumed 825.671475 Ave. Power Level 72.152022 Memory 776230 MemoryRefresh 18246
	-------- Loop 3 (sock 1 consumed 437.641305, avg temp 47.556364, final temp 47 ) ------
	-------- Loop 3 (sock 2 consumed 388.030170, avg temp 39.108571, final temp 39 ) ------
Loop 4 <line-2440> - Time 2.822588 Total energy consumed 194.571345 Ave. Power Level 68.933680 Memory 127551 MemoryRefresh 4643
	-------- Loop 4 (sock 1 consumed 94.419735, avg temp 47.498701, final temp 47 ) ------
	-------- Loop 4 (sock 2 consumed 100.151610, avg temp 39.083117, final temp 38 ) ------
Loop 5 <line-2460> - Time 0.070509 Total energy consumed 4.771650 Ave. Power Level 67.674635 Memory 4260 MemoryRefresh 145
	-------- Loop 5 (sock 1 consumed 2.128380, avg temp 47.498182, final temp 47 ) ------
	-------- Loop 5 (sock 2 consumed 2.643270, avg temp 39.082078, final temp 38 ) ------
Loop 6 <line-2514> - Time 3.153388 Total energy consumed 217.389060 Ave. Power Level 68.938255 Memory 138254 MemoryRefresh 4972
	-------- Loop 6 (sock 1 consumed 112.807110, avg temp 47.443636, final temp 47 ) ------
	-------- Loop 6 (sock 2 consumed 104.581950, avg temp 39.053506, final temp 39 ) ------
Loop 7 <line-3918> - Time 50.472477 Total energy consumed 3508.169055 Ave. Power Level 69.506576 Memory 587869 MemoryRefresh 84517
	-------- Loop 7 (sock 1 consumed 1768.932330, avg temp 47.590130, final temp 47 ) ------
	-------- Loop 7 (sock 2 consumed 1739.236725, avg temp 39.236883, final temp 39 ) ------
Loop 8 <line-3968> - Time 19.767653 Total energy consumed 1336.268295 Ave. Power Level 67.598733 Memory 422755 MemoryRefresh 33065
	-------- Loop 8 (sock 1 consumed 678.662070, avg temp 47.535584, final temp 47 ) ------
	-------- Loop 8 (sock 2 consumed 657.606225, avg temp 39.156883, final temp 39 ) ------
Loop 9 <line-3990> - Time 0.598078 Total energy consumed 36.466815 Ave. Power Level 60.973323 Memory 11114 MemoryRefresh 945
	-------- Loop 9 (sock 1 consumed 18.185100, avg temp 47.536623, final temp 47 ) ------
	-------- Loop 9 (sock 2 consumed 18.281715, avg temp 39.157922, final temp 38 ) ------
Loop 10 <line-4056> - Time 3.089390 Total energy consumed 200.910135 Ave. Power Level 65.032304 Memory 74592 MemoryRefresh 5160
	-------- Loop 10 (sock 1 consumed 102.198285, avg temp 47.501299, final temp 47 ) ------
	-------- Loop 10 (sock 2 consumed 98.711850, avg temp 39.164675, final temp 39 ) ------
Loop 11 <line-4117> - Time 0.395766 Total energy consumed 26.722725 Ave. Power Level 67.521551 Memory 6020 MemoryRefresh 706
	-------- Loop 11 (sock 1 consumed 13.719840, avg temp 47.501299, final temp 47 ) ------
	-------- Loop 11 (sock 2 consumed 13.002885, avg temp 39.155325, final temp 39 ) ------
Application(EnergyStat) - Time 204.307344 Total energy consumed 14516.246655 Ave. Power Level 71.051027 Memory 4510220 MemoryRefresh 339659 Final Temperature socket 1 : 47  socket 2 : 38 
	 ParallelApplication(EnergyStat) - Time 204.035050 Total energy consumed 14504.168250 Ave. Power Level 71.086650 Memory 4508427 MemoryRefresh 339234


Elapsed time = 2.045507e+02

Run completed:  
   Problem size        =  80 
   Iteration count     =  1925 
   Final Origin Energy = 3.241094e+05 
   Testing Plane 0 of Energy Array:
        MaxAbsDiff   = 9.094947e-11
        TotalAbsDiff = 3.376788e-09
        MaxRelDiff   = 1.406644e-12



Elapsed time = 3.410879e+01



Elapsed time = 1.172927e+01



Elapsed time = 6.690307e+01



Elapsed time = 1.143569e+01



Elapsed time = 2.757716e+00



Elapsed time = 7.472500e-02



Elapsed time = 3.128091e+00



Elapsed time = 5.050153e+01



Elapsed time = 1.980961e+01



Elapsed time = 6.039390e-01



Elapsed time = 3.091054e+00



Elapsed time = 3.975650e-01


Loop 0 <line-1313> - Time 34.105056 Total energy consumed 2390.461455 Ave. Power Level 70.091116 Memory 738523 MemoryRefresh 56724
	-------- Loop 0 (sock 1 consumed 1222.014600, avg temp 47.513766, final temp 48 ) ------
	-------- Loop 0 (sock 2 consumed 1168.446855, avg temp 39.464935, final temp 39 ) ------
Loop 1 <line-1341> - Time 11.725195 Total energy consumed 847.925370 Ave. Power Level 72.316527 Memory 796614 MemoryRefresh 18744
	-------- Loop 1 (sock 1 consumed 448.566180, avg temp 47.303377, final temp 47 ) ------
	-------- Loop 1 (sock 2 consumed 399.359190, avg temp 39.245714, final temp 40 ) ------
Loop 2 <line-2361> - Time 66.898475 Total energy consumed 4939.311210 Ave. Power Level 73.832942 Memory 822884 MemoryRefresh 112136
	-------- Loop 2 (sock 1 consumed 2488.604685, avg temp 47.797403, final temp 48 ) ------
	-------- Loop 2 (sock 2 consumed 2450.706525, avg temp 39.659221, final temp 40 ) ------
Loop 3 <line-2389> - Time 11.431735 Total energy consumed 826.169670 Ave. Power Level 72.269840 Memory 39498563306 MemoryRefresh 18277
	-------- Loop 3 (sock 1 consumed 436.865040, avg temp 47.496623, final temp 48 ) ------
	-------- Loop 3 (sock 2 consumed 389.304630, avg temp 39.387013, final temp 40 ) ------
Loop 4 <line-2440> - Time 2.755433 Total energy consumed 191.179560 Ave. Power Level 69.382769 Memory 127015 MemoryRefresh 4560
	-------- Loop 4 (sock 1 consumed 92.208135, avg temp 47.441558, final temp 48 ) ------
	-------- Loop 4 (sock 2 consumed 98.971425, avg temp 39.375584, final temp 40 ) ------
Loop 5 <line-2460> - Time 0.073646 Total energy consumed 4.421325 Ave. Power Level 60.034877 Memory 3750 MemoryRefresh 117
	-------- Loop 5 (sock 1 consumed 2.331300, avg temp 47.444156, final temp 48 ) ------
	-------- Loop 5 (sock 2 consumed 2.090025, avg temp 39.373506, final temp 40 ) ------
Loop 6 <line-2514> - Time 3.124511 Total energy consumed 220.425045 Ave. Power Level 70.547063 Memory 147474 MemoryRefresh 4908
	-------- Loop 6 (sock 1 consumed 114.223830, avg temp 47.387013, final temp 48 ) ------
	-------- Loop 6 (sock 2 consumed 106.201215, avg temp 39.354805, final temp 40 ) ------
Loop 7 <line-3918> - Time 50.497290 Total energy consumed 3507.689055 Ave. Power Level 69.462917 Memory 588248 MemoryRefresh 84601
	-------- Loop 7 (sock 1 consumed 1769.105760, avg temp 47.540260, final temp 47 ) ------
	-------- Loop 7 (sock 2 consumed 1738.583295, avg temp 39.482078, final temp 40 ) ------
Loop 8 <line-3968> - Time 19.805844 Total energy consumed 1338.382905 Ave. Power Level 67.575150 Memory 424387 MemoryRefresh 33217
	-------- Loop 8 (sock 1 consumed 679.837530, avg temp 47.476364, final temp 48 ) ------
	-------- Loop 8 (sock 2 consumed 658.545375, avg temp 39.423896, final temp 40 ) ------
Loop 9 <line-3990> - Time 0.602494 Total energy consumed 34.004115 Ave. Power Level 56.438966 Memory 10106 MemoryRefresh 871
	-------- Loop 9 (sock 1 consumed 17.008470, avg temp 47.480519, final temp 48 ) ------
	-------- Loop 9 (sock 2 consumed 16.995645, avg temp 39.430130, final temp 40 ) ------
Loop 10 <line-4056> - Time 3.089533 Total energy consumed 205.761780 Ave. Power Level 66.599628 Memory 75184 MemoryRefresh 5226
	-------- Loop 10 (sock 1 consumed 104.361585, avg temp 47.424935, final temp 48 ) ------
	-------- Loop 10 (sock 2 consumed 101.400195, avg temp 39.437403, final temp 40 ) ------
Loop 11 <line-4117> - Time 0.396332 Total energy consumed 26.634780 Ave. Power Level 67.203255 Memory 6286 MemoryRefresh 721
	-------- Loop 11 (sock 1 consumed 13.043670, avg temp 47.415065, final temp 48 ) ------
	-------- Loop 11 (sock 2 consumed 13.591110, avg temp 39.429091, final temp 41 ) ------
Application(EnergyStat) - Time 204.776549 Total energy consumed 14545.312560 Ave. Power Level 71.030167 Memory 39502305637 MemoryRefresh 340544 Final Temperature socket 1 : 48  socket 2 : 41 
	 ParallelApplication(EnergyStat) - Time 204.505544 Total energy consumed 14532.366270 Ave. Power Level 71.060989 Memory 39502303777 MemoryRefresh 340102


Elapsed time = 2.040680e+02

Run completed:  
   Problem size        =  80 
   Iteration count     =  1925 
   Final Origin Energy = 3.241094e+05 
   Testing Plane 0 of Energy Array:
        MaxAbsDiff   = 9.094947e-11
        TotalAbsDiff = 3.376788e-09
        MaxRelDiff   = 1.406644e-12



Elapsed time = 3.409896e+01



Elapsed time = 1.174222e+01



Elapsed time = 6.640257e+01



Elapsed time = 1.140505e+01



Elapsed time = 2.797606e+00



Elapsed time = 6.928300e-02



Elapsed time = 3.219258e+00



Elapsed time = 5.051940e+01



Elapsed time = 1.972086e+01



Elapsed time = 5.903480e-01



Elapsed time = 3.094681e+00



Elapsed time = 3.981920e-01


Loop 0 <line-1313> - Time 34.095073 Total energy consumed 2390.391630 Ave. Power Level 70.109591 Memory 741702 MemoryRefresh 56745
	-------- Loop 0 (sock 1 consumed 1222.256925, avg temp 47.454545, final temp 48 ) ------
	-------- Loop 0 (sock 2 consumed 1168.134705, avg temp 39.644156, final temp 39 ) ------
Loop 1 <line-1341> - Time 11.737371 Total energy consumed 851.791515 Ave. Power Level 72.570897 Memory 20759883061 MemoryRefresh 18779
	-------- Loop 1 (sock 1 consumed 451.222380, avg temp 47.244675, final temp 48 ) ------
	-------- Loop 1 (sock 2 consumed 400.569135, avg temp 39.411948, final temp 38 ) ------
Loop 2 <line-2361> - Time 66.398068 Total energy consumed 4905.574935 Ave. Power Level 73.881290 Memory 817633 MemoryRefresh 111178
	-------- Loop 2 (sock 1 consumed 2473.114545, avg temp 47.743377, final temp 48 ) ------
	-------- Loop 2 (sock 2 consumed 2432.460390, avg temp 39.833766, final temp 39 ) ------
Loop 3 <line-2389> - Time 11.400937 Total energy consumed 823.144905 Ave. Power Level 72.199762 Memory 21008260586 MemoryRefresh 18190
	-------- Loop 3 (sock 1 consumed 434.922525, avg temp 47.450909, final temp 47 ) ------
	-------- Loop 3 (sock 2 consumed 388.222380, avg temp 39.576104, final temp 38 ) ------
Loop 4 <line-2440> - Time 2.795115 Total energy consumed 191.739525 Ave. Power Level 68.598089 Memory 129173 MemoryRefresh 4671
	-------- Loop 4 (sock 1 consumed 92.750535, avg temp 47.370909, final temp 47 ) ------
	-------- Loop 4 (sock 2 consumed 98.988990, avg temp 39.572468, final temp 39 ) ------
Loop 5 <line-2460> - Time 0.068221 Total energy consumed 4.313550 Ave. Power Level 63.229527 Memory 3705 MemoryRefresh 119
	-------- Loop 5 (sock 1 consumed 2.363205, avg temp 47.368831, final temp 47 ) ------
	-------- Loop 5 (sock 2 consumed 1.950345, avg temp 39.569351, final temp 39 ) ------
Loop 6 <line-2514> - Time 3.215778 Total energy consumed 224.877135 Ave. Power Level 69.929314 Memory 148368 MemoryRefresh 5103
	-------- Loop 6 (sock 1 consumed 116.567610, avg temp 47.327273, final temp 48 ) ------
	-------- Loop 6 (sock 2 consumed 108.309525, avg temp 39.522597, final temp 39 ) ------
Loop 7 <line-3918> - Time 50.515229 Total energy consumed 3509.339175 Ave. Power Level 69.470914 Memory 585212 MemoryRefresh 84413
	-------- Loop 7 (sock 1 consumed 1771.140315, avg temp 47.470130, final temp 47 ) ------
	-------- Loop 7 (sock 2 consumed 1738.198860, avg temp 39.682078, final temp 40 ) ------
Loop 8 <line-3968> - Time 19.716943 Total energy consumed 1329.353130 Ave. Power Level 67.421867 Memory 422024 MemoryRefresh 32938
	-------- Loop 8 (sock 1 consumed 675.726210, avg temp 47.394286, final temp 47 ) ------
	-------- Loop 8 (sock 2 consumed 653.626920, avg temp 39.618182, final temp 39 ) ------
Loop 9 <line-3990> - Time 0.588752 Total energy consumed 38.837625 Ave. Power Level 65.965979 Memory 11247 MemoryRefresh 925
	-------- Loop 9 (sock 1 consumed 19.215570, avg temp 47.389610, final temp 47 ) ------
	-------- Loop 9 (sock 2 consumed 19.622055, avg temp 39.616104, final temp 39 ) ------
Loop 10 <line-4056> - Time 3.092897 Total energy consumed 203.400075 Ave. Power Level 65.763620 Memory 74213 MemoryRefresh 5166
	-------- Loop 10 (sock 1 consumed 103.192125, avg temp 47.380260, final temp 46 ) ------
	-------- Loop 10 (sock 2 consumed 100.207950, avg temp 39.622338, final temp 39 ) ------
Loop 11 <line-4117> - Time 0.396861 Total energy consumed 24.320580 Ave. Power Level 61.282290 Memory 6085 MemoryRefresh 712
	-------- Loop 11 (sock 1 consumed 12.195615, avg temp 47.374545, final temp 47 ) ------
	-------- Loop 11 (sock 2 consumed 12.124965, avg temp 39.600519, final temp 39 ) ------
Application(EnergyStat) - Time 204.293648 Total energy consumed 14509.385625 Ave. Power Level 71.022206 Memory 41771084711 MemoryRefresh 339366 Final Temperature socket 1 : 47  socket 2 : 39 
	 ParallelApplication(EnergyStat) - Time 204.021244 Total energy consumed 14497.083780 Ave. Power Level 71.056736 Memory 41771083009 MemoryRefresh 338939


Elapsed time = 2.040232e+02

Run completed:  
   Problem size        =  80 
   Iteration count     =  1925 
   Final Origin Energy = 3.241094e+05 
   Testing Plane 0 of Energy Array:
        MaxAbsDiff   = 9.094947e-11
        TotalAbsDiff = 3.376788e-09
        MaxRelDiff   = 1.406644e-12



Elapsed time = 3.411837e+01



Elapsed time = 1.178437e+01



Elapsed time = 6.648411e+01



Elapsed time = 1.141469e+01



Elapsed time = 2.742431e+00



Elapsed time = 6.484800e-02



Elapsed time = 3.098765e+00



Elapsed time = 5.043681e+01



Elapsed time = 1.978875e+01



Elapsed time = 5.904720e-01



Elapsed time = 3.091873e+00



Elapsed time = 3.975600e-01


Loop 0 <line-1313> - Time 34.115167 Total energy consumed 2396.189070 Ave. Power Level 70.238233 Memory 742854 MemoryRefresh 56862
	-------- Loop 0 (sock 1 consumed 1223.321730, avg temp 47.202078, final temp 47 ) ------
	-------- Loop 0 (sock 2 consumed 1172.867340, avg temp 39.357403, final temp 40 ) ------
Loop 1 <line-1341> - Time 11.780876 Total energy consumed 856.551300 Ave. Power Level 72.706925 Memory 799414 MemoryRefresh 18842
	-------- Loop 1 (sock 1 consumed 453.514020, avg temp 46.996364, final temp 47 ) ------
	-------- Loop 1 (sock 2 consumed 403.037280, avg temp 39.116883, final temp 40 ) ------
Loop 2 <line-2361> - Time 66.479681 Total energy consumed 4921.021650 Ave. Power Level 74.022943 Memory 821391 MemoryRefresh 111408
	-------- Loop 2 (sock 1 consumed 2476.431555, avg temp 47.481558, final temp 47 ) ------
	-------- Loop 2 (sock 2 consumed 2444.590095, avg temp 39.569870, final temp 40 ) ------
Loop 3 <line-2389> - Time 11.410740 Total energy consumed 830.088375 Ave. Power Level 72.746238 Memory 19975714049 MemoryRefresh 18212
	-------- Loop 3 (sock 1 consumed 438.832635, avg temp 47.161039, final temp 48 ) ------
	-------- Loop 3 (sock 2 consumed 391.255740, avg temp 39.280000, final temp 40 ) ------
Loop 4 <line-2440> - Time 2.740491 Total energy consumed 185.666085 Ave. Power Level 67.749214 Memory 127268 MemoryRefresh 4572
	-------- Loop 4 (sock 1 consumed 89.448360, avg temp 47.110649, final temp 47 ) ------
	-------- Loop 4 (sock 2 consumed 96.217725, avg temp 39.267013, final temp 40 ) ------
Loop 5 <line-2460> - Time 0.063906 Total energy consumed 3.383070 Ave. Power Level 52.938370 Memory 3333 MemoryRefresh 106
	-------- Loop 5 (sock 1 consumed 1.761390, avg temp 47.108571, final temp 47 ) ------
	-------- Loop 5 (sock 2 consumed 1.621680, avg temp 39.269610, final temp 40 ) ------
Loop 6 <line-2514> - Time 3.095599 Total energy consumed 215.573445 Ave. Power Level 69.638683 Memory 136780 MemoryRefresh 4877
	-------- Loop 6 (sock 1 consumed 111.305760, avg temp 47.054026, final temp 47 ) ------
	-------- Loop 6 (sock 2 consumed 104.267685, avg temp 39.236364, final temp 40 ) ------
Loop 7 <line-3918> - Time 50.432733 Total energy consumed 3510.403200 Ave. Power Level 69.605650 Memory 589783 MemoryRefresh 84489
	-------- Loop 7 (sock 1 consumed 1768.427355, avg temp 47.223896, final temp 47 ) ------
	-------- Loop 7 (sock 2 consumed 1741.975845, avg temp 39.388571, final temp 40 ) ------
Loop 8 <line-3968> - Time 19.784868 Total energy consumed 1337.357685 Ave. Power Level 67.594975 Memory 423697 MemoryRefresh 33012
	-------- Loop 8 (sock 1 consumed 678.959565, avg temp 47.135584, final temp 47 ) ------
	-------- Loop 8 (sock 2 consumed 658.398120, avg temp 39.342857, final temp 40 ) ------
Loop 9 <line-3990> - Time 0.588970 Total energy consumed 39.191220 Ave. Power Level 66.541955 Memory 11354 MemoryRefresh 968
	-------- Loop 9 (sock 1 consumed 19.379190, avg temp 47.131948, final temp 47 ) ------
	-------- Loop 9 (sock 2 consumed 19.812030, avg temp 39.338182, final temp 40 ) ------
Loop 10 <line-4056> - Time 3.090279 Total energy consumed 200.665605 Ave. Power Level 64.934453 Memory 74346 MemoryRefresh 5149
	-------- Loop 10 (sock 1 consumed 101.312145, avg temp 47.128312, final temp 46 ) ------
	-------- Loop 10 (sock 2 consumed 99.353460, avg temp 39.334545, final temp 39 ) ------
Loop 11 <line-4117> - Time 0.396323 Total energy consumed 24.499770 Ave. Power Level 61.817744 Memory 5801 MemoryRefresh 672
	-------- Loop 11 (sock 1 consumed 12.511005, avg temp 47.125714, final temp 47 ) ------
	-------- Loop 11 (sock 2 consumed 11.988765, avg temp 39.330390, final temp 40 ) ------
Application(EnergyStat) - Time 204.249105 Total energy consumed 14532.846360 Ave. Power Level 71.152558 Memory 19979451776 MemoryRefresh 339600 Final Temperature socket 1 : 47  socket 2 : 40 
	 ParallelApplication(EnergyStat) - Time 203.979634 Total energy consumed 14520.590475 Ave. Power Level 71.186472 Memory 19979450070 MemoryRefresh 339169
