

Elapsed time = 1.227800e+02

Run completed:  
   Problem size        =  80 
   Iteration count     =  1925 
   Final Origin Energy = 3.241094e+05 
   Testing Plane 0 of Energy Array:
        MaxAbsDiff   = 9.094947e-11
        TotalAbsDiff = 3.376788e-09
        MaxRelDiff   = 1.406644e-12



Elapsed time = 1.758930e+01



Elapsed time = 1.563761e+01



Elapsed time = 3.291584e+01



Elapsed time = 1.527105e+01



Elapsed time = 2.117270e+00



Elapsed time = 4.954400e-02



Elapsed time = 2.263709e+00



Elapsed time = 2.501002e+01



Elapsed time = 9.592196e+00



Elapsed time = 5.354370e-01



Elapsed time = 1.592371e+00



Elapsed time = 1.972350e-01


Loop 0 <line-1313> - Time 17.585719 Total energy consumed 1988.934900 Ave. Power Level 113.099436 Memory 808859 MemoryRefresh 29530
	-------- Loop 0 (sock 1 consumed 1036.106865, avg temp 59.768312, final temp 60 ) ------
	-------- Loop 0 (sock 2 consumed 952.828035, avg temp 49.244675, final temp 48 ) ------
Loop 1 <line-1341> - Time 15.634363 Total energy consumed 1602.129855 Ave. Power Level 102.474902 Memory 1151295 MemoryRefresh 24386
	-------- Loop 1 (sock 1 consumed 856.320645, avg temp 59.420260, final temp 60 ) ------
	-------- Loop 1 (sock 2 consumed 745.809210, avg temp 48.750649, final temp 48 ) ------
Loop 2 <line-2361> - Time 32.911664 Total energy consumed 3994.021140 Ave. Power Level 121.355794 Memory 860036 MemoryRefresh 55770
	-------- Loop 2 (sock 1 consumed 2062.873425, avg temp 60.003636, final temp 60 ) ------
	-------- Loop 2 (sock 2 consumed 1931.147715, avg temp 49.467532, final temp 49 ) ------
Loop 3 <line-2389> - Time 15.267366 Total energy consumed 1566.724905 Ave. Power Level 102.619204 Memory 16926608646 MemoryRefresh 23846
	-------- Loop 3 (sock 1 consumed 837.379095, avg temp 59.510130, final temp 61 ) ------
	-------- Loop 3 (sock 2 consumed 729.345810, avg temp 48.842078, final temp 48 ) ------
Loop 4 <line-2440> - Time 2.115562 Total energy consumed 237.043230 Ave. Power Level 112.047429 Memory 131753 MemoryRefresh 3592
	-------- Loop 4 (sock 1 consumed 120.013305, avg temp 59.517922, final temp 60 ) ------
	-------- Loop 4 (sock 2 consumed 117.029925, avg temp 48.812987, final temp 49 ) ------
Loop 5 <line-2460> - Time 0.048442 Total energy consumed 3.841440 Ave. Power Level 79.299095 Memory 10258 MemoryRefresh 255
	-------- Loop 5 (sock 1 consumed 1.617945, avg temp 59.517403, final temp 60 ) ------
	-------- Loop 5 (sock 2 consumed 2.223495, avg temp 48.811429, final temp 49 ) ------
Loop 6 <line-2514> - Time 2.261160 Total energy consumed 242.236965 Ave. Power Level 107.129508 Memory 154367 MemoryRefresh 3549
	-------- Loop 6 (sock 1 consumed 128.759760, avg temp 59.482078, final temp 60 ) ------
	-------- Loop 6 (sock 2 consumed 113.477205, avg temp 48.801558, final temp 49 ) ------
Loop 7 <line-3918> - Time 25.006798 Total energy consumed 2816.903655 Ave. Power Level 112.645514 Memory 580819 MemoryRefresh 42228
	-------- Loop 7 (sock 1 consumed 1434.303900, avg temp 59.763636, final temp 60 ) ------
	-------- Loop 7 (sock 2 consumed 1382.599755, avg temp 49.220260, final temp 49 ) ------
Loop 8 <line-3968> - Time 9.589224 Total energy consumed 1005.338250 Ave. Power Level 104.840420 Memory 453607 MemoryRefresh 15870
	-------- Loop 8 (sock 1 consumed 496.342320, avg temp 59.677403, final temp 60 ) ------
	-------- Loop 8 (sock 2 consumed 508.995930, avg temp 49.167792, final temp 48 ) ------
Loop 9 <line-3990> - Time 0.534058 Total energy consumed 28.569450 Ave. Power Level 53.495004 Memory 4790 MemoryRefresh 193
	-------- Loop 9 (sock 1 consumed 14.683290, avg temp 59.676364, final temp 60 ) ------
	-------- Loop 9 (sock 2 consumed 13.886160, avg temp 49.163636, final temp 48 ) ------
Loop 10 <line-4056> - Time 1.591070 Total energy consumed 202.722720 Ave. Power Level 127.412795 Memory 86447 MemoryRefresh 3480
	-------- Loop 10 (sock 1 consumed 101.999115, avg temp 59.673766, final temp 60 ) ------
	-------- Loop 10 (sock 2 consumed 100.723605, avg temp 49.167792, final temp 49 ) ------
Loop 11 <line-4117> - Time 0.196091 Total energy consumed 9.655635 Ave. Power Level 49.240619 Memory 4690 MemoryRefresh 182
	-------- Loop 11 (sock 1 consumed 4.439565, avg temp 59.670649, final temp 60 ) ------
	-------- Loop 11 (sock 2 consumed 5.216070, avg temp 49.166753, final temp 49 ) ------
Application(EnergyStat) - Time 122.988351 Total energy consumed 13708.911690 Ave. Power Level 111.465123 Memory 16930856845 MemoryRefresh 203225 Final Temperature socket 1 : 60  socket 2 : 49 
	 ParallelApplication(EnergyStat) - Time 122.741518 Total energy consumed 13698.122145 Ave. Power Level 111.601375 Memory 16930855567 MemoryRefresh 202881


Elapsed time = 1.205577e+02

Run completed:  
   Problem size        =  80 
   Iteration count     =  1925 
   Final Origin Energy = 3.241094e+05 
   Testing Plane 0 of Energy Array:
        MaxAbsDiff   = 9.094947e-11
        TotalAbsDiff = 3.376788e-09
        MaxRelDiff   = 1.406644e-12



Elapsed time = 1.680018e+01



Elapsed time = 1.515448e+01



Elapsed time = 3.239071e+01



Elapsed time = 1.480980e+01



Elapsed time = 2.023523e+00



Elapsed time = 7.135300e-02



Elapsed time = 2.380564e+00



Elapsed time = 2.487249e+01



Elapsed time = 9.669823e+00



Elapsed time = 5.676430e-01



Elapsed time = 1.605614e+00



Elapsed time = 2.031860e-01


Loop 0 <line-1313> - Time 16.796434 Total energy consumed 1866.485310 Ave. Power Level 111.123906 Memory 836009 MemoryRefresh 27446
	-------- Loop 0 (sock 1 consumed 916.023795, avg temp 60.295584, final temp 60 ) ------
	-------- Loop 0 (sock 2 consumed 950.461515, avg temp 50.792208, final temp 51 ) ------
Loop 1 <line-1341> - Time 15.150696 Total energy consumed 1575.029715 Ave. Power Level 103.957580 Memory 1074929 MemoryRefresh 23100
	-------- Loop 1 (sock 1 consumed 763.484715, avg temp 59.834805, final temp 60 ) ------
	-------- Loop 1 (sock 2 consumed 811.545000, avg temp 50.403636, final temp 52 ) ------
Loop 2 <line-2361> - Time 32.386652 Total energy consumed 3973.405335 Ave. Power Level 122.686511 Memory 901202 MemoryRefresh 55379
	-------- Loop 2 (sock 1 consumed 1990.278945, avg temp 60.550649, final temp 60 ) ------
	-------- Loop 2 (sock 2 consumed 1983.126390, avg temp 51.043117, final temp 52 ) ------
Loop 3 <line-2389> - Time 14.805956 Total energy consumed 1543.699200 Ave. Power Level 104.262041 Memory 1045544 MemoryRefresh 23052
	-------- Loop 3 (sock 1 consumed 746.128815, avg temp 59.929870, final temp 60 ) ------
	-------- Loop 3 (sock 2 consumed 797.570385, avg temp 50.561558, final temp 52 ) ------
Loop 4 <line-2440> - Time 2.021838 Total energy consumed 214.423260 Ave. Power Level 106.053616 Memory 115299 MemoryRefresh 2930
	-------- Loop 4 (sock 1 consumed 110.585670, avg temp 59.895584, final temp 60 ) ------
	-------- Loop 4 (sock 2 consumed 103.837590, avg temp 50.539221, final temp 51 ) ------
Loop 5 <line-2460> - Time 0.070194 Total energy consumed 12.474675 Ave. Power Level 177.718333 Memory 32407 MemoryRefresh 781
	-------- Loop 5 (sock 1 consumed 5.045580, avg temp 59.896623, final temp 60 ) ------
	-------- Loop 5 (sock 2 consumed 7.429095, avg temp 50.540260, final temp 51 ) ------
Loop 6 <line-2514> - Time 2.378140 Total energy consumed 259.340160 Ave. Power Level 109.051685 Memory 170738 MemoryRefresh 3660
	-------- Loop 6 (sock 1 consumed 127.853820, avg temp 59.895065, final temp 60 ) ------
	-------- Loop 6 (sock 2 consumed 131.486340, avg temp 50.484675, final temp 51 ) ------
Loop 7 <line-3918> - Time 24.868680 Total energy consumed 2766.704985 Ave. Power Level 111.252588 Memory 592353 MemoryRefresh 41403
	-------- Loop 7 (sock 1 consumed 1382.628750, avg temp 60.297662, final temp 61 ) ------
	-------- Loop 7 (sock 2 consumed 1384.076235, avg temp 50.802597, final temp 52 ) ------
Loop 8 <line-3968> - Time 9.666407 Total energy consumed 1061.529705 Ave. Power Level 109.816366 Memory 17009740349 MemoryRefresh 16746
	-------- Loop 8 (sock 1 consumed 524.331195, avg temp 60.243117, final temp 60 ) ------
	-------- Loop 8 (sock 2 consumed 537.198510, avg temp 50.740779, final temp 51 ) ------
Loop 9 <line-3990> - Time 0.566100 Total energy consumed 10.686690 Ave. Power Level 18.877756 Memory 1987 MemoryRefresh 83
	-------- Loop 9 (sock 1 consumed 5.515695, avg temp 60.246234, final temp 60 ) ------
	-------- Loop 9 (sock 2 consumed 5.170995, avg temp 50.739740, final temp 51 ) ------
Loop 10 <line-4056> - Time 1.604130 Total energy consumed 220.545300 Ave. Power Level 137.485963 Memory 92823 MemoryRefresh 3629
	-------- Loop 10 (sock 1 consumed 111.410505, avg temp 60.258701, final temp 59 ) ------
	-------- Loop 10 (sock 2 consumed 109.134795, avg temp 50.731429, final temp 51 ) ------
Loop 11 <line-4117> - Time 0.202112 Total energy consumed 7.255110 Ave. Power Level 35.896500 Memory 3764 MemoryRefresh 140
	-------- Loop 11 (sock 1 consumed 2.997840, avg temp 60.261818, final temp 59 ) ------
	-------- Loop 11 (sock 2 consumed 4.257270, avg temp 50.728312, final temp 51 ) ------
Application(EnergyStat) - Time 120.764487 Total energy consumed 13523.329230 Ave. Power Level 111.981010 Memory 17014608779 MemoryRefresh 198695 Final Temperature socket 1 : 60  socket 2 : 52 
	 ParallelApplication(EnergyStat) - Time 120.517337 Total energy consumed 13511.579445 Ave. Power Level 112.113159 Memory 17014607404 MemoryRefresh 198349


Elapsed time = 1.206373e+02

Run completed:  
   Problem size        =  80 
   Iteration count     =  1925 
   Final Origin Energy = 3.241094e+05 
   Testing Plane 0 of Energy Array:
        MaxAbsDiff   = 9.094947e-11
        TotalAbsDiff = 3.376788e-09
        MaxRelDiff   = 1.406644e-12



Elapsed time = 1.678950e+01



Elapsed time = 1.531508e+01



Elapsed time = 3.239962e+01



Elapsed time = 1.494158e+01



Elapsed time = 2.026300e+00



Elapsed time = 4.784300e-02



Elapsed time = 2.179996e+00



Elapsed time = 2.484856e+01



Elapsed time = 9.722567e+00



Elapsed time = 5.613490e-01



Elapsed time = 1.585417e+00



Elapsed time = 2.107460e-01


Loop 0 <line-1313> - Time 16.785935 Total energy consumed 1854.469845 Ave. Power Level 110.477602 Memory 829826 MemoryRefresh 27185
	-------- Loop 0 (sock 1 consumed 909.004740, avg temp 60.315325, final temp 60 ) ------
	-------- Loop 0 (sock 2 consumed 945.465105, avg temp 51.486753, final temp 52 ) ------
Loop 1 <line-1341> - Time 15.311134 Total energy consumed 1616.208705 Ave. Power Level 105.557739 Memory 1086476 MemoryRefresh 23268
	-------- Loop 1 (sock 1 consumed 785.037645, avg temp 59.850390, final temp 60 ) ------
	-------- Loop 1 (sock 2 consumed 831.171060, avg temp 51.126234, final temp 52 ) ------
Loop 2 <line-2361> - Time 32.395869 Total energy consumed 3960.743295 Ave. Power Level 122.260753 Memory 901993 MemoryRefresh 55549
	-------- Loop 2 (sock 1 consumed 1982.616570, avg temp 60.557403, final temp 60 ) ------
	-------- Loop 2 (sock 2 consumed 1978.126725, avg temp 51.686753, final temp 52 ) ------
Loop 3 <line-2389> - Time 14.937895 Total energy consumed 1544.273265 Ave. Power Level 103.379577 Memory 16583082081 MemoryRefresh 23094
	-------- Loop 3 (sock 1 consumed 746.000940, avg temp 59.977662, final temp 60 ) ------
	-------- Loop 3 (sock 2 consumed 798.272325, avg temp 51.237922, final temp 52 ) ------
Loop 4 <line-2440> - Time 2.024516 Total energy consumed 240.994755 Ave. Power Level 119.038230 Memory 139667 MemoryRefresh 3529
	-------- Loop 4 (sock 1 consumed 122.539560, avg temp 59.937143, final temp 60 ) ------
	-------- Loop 4 (sock 2 consumed 118.455195, avg temp 51.245714, final temp 52 ) ------
Loop 5 <line-2460> - Time 0.046835 Total energy consumed 1.791750 Ave. Power Level 38.257000 Memory 12913 MemoryRefresh 328
	-------- Loop 5 (sock 1 consumed 0.717540, avg temp 59.936104, final temp 60 ) ------
	-------- Loop 5 (sock 2 consumed 1.074210, avg temp 51.247273, final temp 52 ) ------
Loop 6 <line-2514> - Time 2.177432 Total energy consumed 245.275320 Ave. Power Level 112.644316 Memory 133544 MemoryRefresh 2919
	-------- Loop 6 (sock 1 consumed 122.955915, avg temp 59.899221, final temp 60 ) ------
	-------- Loop 6 (sock 2 consumed 122.319405, avg temp 51.216623, final temp 52 ) ------
Loop 7 <line-3918> - Time 24.844747 Total energy consumed 2742.350055 Ave. Power Level 110.379470 Memory 623501 MemoryRefresh 41517
	-------- Loop 7 (sock 1 consumed 1367.831775, avg temp 60.328831, final temp 60 ) ------
	-------- Loop 7 (sock 2 consumed 1374.518280, avg temp 51.490909, final temp 52 ) ------
Loop 8 <line-3968> - Time 9.719226 Total energy consumed 1095.807285 Ave. Power Level 112.746350 Memory 466303 MemoryRefresh 17176
	-------- Loop 8 (sock 1 consumed 541.646655, avg temp 60.251429, final temp 60 ) ------
	-------- Loop 8 (sock 2 consumed 554.160630, avg temp 51.409870, final temp 52 ) ------
Loop 9 <line-3990> - Time 0.559952 Total energy consumed 2.319315 Ave. Power Level 4.141990 Memory 256 MemoryRefresh 10
	-------- Loop 9 (sock 1 consumed 1.174935, avg temp 60.254545, final temp 60 ) ------
	-------- Loop 9 (sock 2 consumed 1.144380, avg temp 51.408831, final temp 52 ) ------
Loop 10 <line-4056> - Time 1.584198 Total energy consumed 205.338540 Ave. Power Level 129.616742 Memory 83536 MemoryRefresh 3282
	-------- Loop 10 (sock 1 consumed 104.965320, avg temp 60.278961, final temp 60 ) ------
	-------- Loop 10 (sock 2 consumed 100.373220, avg temp 51.423896, final temp 52 ) ------
Loop 11 <line-4117> - Time 0.209550 Total energy consumed 29.417535 Ave. Power Level 140.384653 Memory 14895 MemoryRefresh 558
	-------- Loop 11 (sock 1 consumed 13.081050, avg temp 60.275325, final temp 60 ) ------
	-------- Loop 11 (sock 2 consumed 16.336485, avg temp 51.419221, final temp 52 ) ------
Application(EnergyStat) - Time 120.845905 Total energy consumed 13550.817945 Ave. Power Level 112.133034 Memory 16587377462 MemoryRefresh 198784 Final Temperature socket 1 : 60  socket 2 : 52 
	 ParallelApplication(EnergyStat) - Time 120.597287 Total energy consumed 13538.989665 Ave. Power Level 112.266121 Memory 16587374991 MemoryRefresh 198415


Elapsed time = 1.207300e+02

Run completed:  
   Problem size        =  80 
   Iteration count     =  1925 
   Final Origin Energy = 3.241094e+05 
   Testing Plane 0 of Energy Array:
        MaxAbsDiff   = 9.094947e-11
        TotalAbsDiff = 3.376788e-09
        MaxRelDiff   = 1.406644e-12



Elapsed time = 1.683523e+01



Elapsed time = 1.537626e+01



Elapsed time = 3.237052e+01



Elapsed time = 1.495462e+01



Elapsed time = 2.031300e+00



Elapsed time = 4.593700e-02



Elapsed time = 2.168451e+00



Elapsed time = 2.485275e+01



Elapsed time = 9.697677e+00



Elapsed time = 5.827020e-01



Elapsed time = 1.603710e+00



Elapsed time = 2.022620e-01


Loop 0 <line-1313> - Time 16.831602 Total energy consumed 1861.205760 Ave. Power Level 110.578052 Memory 35376982820 MemoryRefresh 27352
	-------- Loop 0 (sock 1 consumed 913.712190, avg temp 60.473766, final temp 61 ) ------
	-------- Loop 0 (sock 2 consumed 947.493570, avg temp 51.011429, final temp 51 ) ------
Loop 1 <line-1341> - Time 15.372200 Total energy consumed 1626.314085 Ave. Power Level 105.795791 Memory 1088135 MemoryRefresh 23321
	-------- Loop 1 (sock 1 consumed 790.487715, avg temp 60.047792, final temp 60 ) ------
	-------- Loop 1 (sock 2 consumed 835.826370, avg temp 50.617662, final temp 50 ) ------
Loop 2 <line-2361> - Time 32.366404 Total energy consumed 3944.680365 Ave. Power Level 121.875769 Memory 902181 MemoryRefresh 55428
	-------- Loop 2 (sock 1 consumed 1975.286490, avg temp 60.724675, final temp 61 ) ------
	-------- Loop 2 (sock 2 consumed 1969.393875, avg temp 51.255584, final temp 51 ) ------
Loop 3 <line-2389> - Time 14.950910 Total energy consumed 1542.850395 Ave. Power Level 103.194413 Memory 1048279 MemoryRefresh 23097
	-------- Loop 3 (sock 1 consumed 746.582715, avg temp 60.140260, final temp 60 ) ------
	-------- Loop 3 (sock 2 consumed 796.267680, avg temp 50.747532, final temp 51 ) ------
Loop 4 <line-2440> - Time 2.029544 Total energy consumed 239.548065 Ave. Power Level 118.030460 Memory 142335 MemoryRefresh 3590
	-------- Loop 4 (sock 1 consumed 122.852895, avg temp 60.098701, final temp 60 ) ------
	-------- Loop 4 (sock 2 consumed 116.695170, avg temp 50.751688, final temp 51 ) ------
Loop 5 <line-2460> - Time 0.044912 Total energy consumed 1.875405 Ave. Power Level 41.756899 Memory 10121 MemoryRefresh 254
	-------- Loop 5 (sock 1 consumed 0.671355, avg temp 60.098701, final temp 60 ) ------
	-------- Loop 5 (sock 2 consumed 1.204050, avg temp 50.752727, final temp 51 ) ------
Loop 6 <line-2514> - Time 2.165282 Total energy consumed 257.612685 Ave. Power Level 118.974215 Memory 132400 MemoryRefresh 2895
	-------- Loop 6 (sock 1 consumed 126.005820, avg temp 60.091948, final temp 60 ) ------
	-------- Loop 6 (sock 2 consumed 131.606865, avg temp 50.721558, final temp 50 ) ------
Loop 7 <line-3918> - Time 24.849171 Total energy consumed 2735.403045 Ave. Power Level 110.080256 Memory 619160 MemoryRefresh 41615
	-------- Loop 7 (sock 1 consumed 1367.183880, avg temp 60.517403, final temp 61 ) ------
	-------- Loop 7 (sock 2 consumed 1368.219165, avg temp 51.020779, final temp 51 ) ------
Loop 8 <line-3968> - Time 9.693957 Total energy consumed 1086.462570 Ave. Power Level 112.076268 Memory 465552 MemoryRefresh 17098
	-------- Loop 8 (sock 1 consumed 536.973435, avg temp 60.446753, final temp 61 ) ------
	-------- Loop 8 (sock 2 consumed 549.489135, avg temp 50.939221, final temp 51 ) ------
Loop 9 <line-3990> - Time 0.581264 Total energy consumed 2.896410 Ave. Power Level 4.982947 Memory 567 MemoryRefresh 26
	-------- Loop 9 (sock 1 consumed 1.437915, avg temp 60.443117, final temp 61 ) ------
	-------- Loop 9 (sock 2 consumed 1.458495, avg temp 50.938701, final temp 51 ) ------
Loop 10 <line-4056> - Time 1.602335 Total energy consumed 220.758825 Ave. Power Level 137.773198 Memory 90044 MemoryRefresh 3528
	-------- Loop 10 (sock 1 consumed 111.100065, avg temp 60.460260, final temp 61 ) ------
	-------- Loop 10 (sock 2 consumed 109.658760, avg temp 50.960000, final temp 51 ) ------
Loop 11 <line-4117> - Time 0.201044 Total energy consumed 14.335710 Ave. Power Level 71.306178 Memory 8257 MemoryRefresh 308
	-------- Loop 11 (sock 1 consumed 5.523975, avg temp 60.461299, final temp 61 ) ------
	-------- Loop 11 (sock 2 consumed 8.811735, avg temp 50.961558, final temp 51 ) ------
Application(EnergyStat) - Time 120.936562 Total energy consumed 13545.826470 Ave. Power Level 112.007702 Memory 35381493016 MemoryRefresh 198892 Final Temperature socket 1 : 60  socket 2 : 51 
	 ParallelApplication(EnergyStat) - Time 120.688627 Total energy consumed 13533.943320 Ave. Power Level 112.139343 Memory 35381489851 MemoryRefresh 198512


Elapsed time = 1.209326e+02

Run completed:  
   Problem size        =  80 
   Iteration count     =  1925 
   Final Origin Energy = 3.241094e+05 
   Testing Plane 0 of Energy Array:
        MaxAbsDiff   = 9.094947e-11
        TotalAbsDiff = 3.376788e-09
        MaxRelDiff   = 1.406644e-12



Elapsed time = 1.686460e+01



Elapsed time = 1.535254e+01



Elapsed time = 3.240486e+01



Elapsed time = 1.496299e+01



Elapsed time = 2.038744e+00



Elapsed time = 4.303000e-02



Elapsed time = 2.270602e+00



Elapsed time = 2.492124e+01



Elapsed time = 9.686672e+00



Elapsed time = 5.691970e-01



Elapsed time = 1.611316e+00



Elapsed time = 1.982940e-01


Loop 0 <line-1313> - Time 16.860931 Total energy consumed 1887.113790 Ave. Power Level 111.922276 Memory 847683 MemoryRefresh 27706
	-------- Loop 0 (sock 1 consumed 924.679470, avg temp 60.633247, final temp 61 ) ------
	-------- Loop 0 (sock 2 consumed 962.434320, avg temp 51.632208, final temp 52 ) ------
Loop 1 <line-1341> - Time 15.348713 Total energy consumed 1595.602050 Ave. Power Level 103.956730 Memory 1081880 MemoryRefresh 23193
	-------- Loop 1 (sock 1 consumed 775.691565, avg temp 60.168312, final temp 61 ) ------
	-------- Loop 1 (sock 2 consumed 819.910485, avg temp 51.339740, final temp 52 ) ------
Loop 2 <line-2361> - Time 32.400407 Total energy consumed 3965.718255 Ave. Power Level 122.397175 Memory 903958 MemoryRefresh 55456
	-------- Loop 2 (sock 1 consumed 1984.951275, avg temp 60.874286, final temp 61 ) ------
	-------- Loop 2 (sock 2 consumed 1980.766980, avg temp 51.821818, final temp 52 ) ------
Loop 3 <line-2389> - Time 14.959246 Total energy consumed 1547.271270 Ave. Power Level 103.432435 Memory 1047212 MemoryRefresh 23097
	-------- Loop 3 (sock 1 consumed 749.068545, avg temp 60.295584, final temp 61 ) ------
	-------- Loop 3 (sock 2 consumed 798.202725, avg temp 51.442597, final temp 52 ) ------
Loop 4 <line-2440> - Time 2.036936 Total energy consumed 238.357800 Ave. Power Level 117.017823 Memory 139549 MemoryRefresh 3517
	-------- Loop 4 (sock 1 consumed 120.821340, avg temp 60.249870, final temp 60 ) ------
	-------- Loop 4 (sock 2 consumed 117.536460, avg temp 51.446753, final temp 52 ) ------
Loop 5 <line-2460> - Time 0.041959 Total energy consumed 1.090635 Ave. Power Level 25.992970 Memory 13502 MemoryRefresh 332
	-------- Loop 5 (sock 1 consumed 0.260730, avg temp 60.250909, final temp 60 ) ------
	-------- Loop 5 (sock 2 consumed 0.829905, avg temp 51.445714, final temp 52 ) ------
Loop 6 <line-2514> - Time 2.268359 Total energy consumed 257.543610 Ave. Power Level 113.537424 Memory 151946 MemoryRefresh 3318
	-------- Loop 6 (sock 1 consumed 127.832625, avg temp 60.228571, final temp 61 ) ------
	-------- Loop 6 (sock 2 consumed 129.710985, avg temp 51.417662, final temp 52 ) ------
Loop 7 <line-3918> - Time 24.917215 Total energy consumed 2758.918665 Ave. Power Level 110.723394 Memory 18243773906 MemoryRefresh 41500
	-------- Loop 7 (sock 1 consumed 1379.057760, avg temp 60.652987, final temp 61 ) ------
	-------- Loop 7 (sock 2 consumed 1379.860905, avg temp 51.653506, final temp 52 ) ------
Loop 8 <line-3968> - Time 9.683833 Total energy consumed 1070.771385 Ave. Power Level 110.573093 Memory 460519 MemoryRefresh 16822
	-------- Loop 8 (sock 1 consumed 528.130260, avg temp 60.594805, final temp 61 ) ------
	-------- Loop 8 (sock 2 consumed 542.641125, avg temp 51.604156, final temp 52 ) ------
Loop 9 <line-3990> - Time 0.567817 Total energy consumed 16.356060 Ave. Power Level 28.805147 Memory 1590 MemoryRefresh 58
	-------- Loop 9 (sock 1 consumed 9.220230, avg temp 60.596883, final temp 61 ) ------
	-------- Loop 9 (sock 2 consumed 7.135830, avg temp 51.602078, final temp 52 ) ------
Loop 10 <line-4056> - Time 1.609978 Total energy consumed 222.897645 Ave. Power Level 138.447600 Memory 95290 MemoryRefresh 3751
	-------- Loop 10 (sock 1 consumed 112.295520, avg temp 60.602597, final temp 61 ) ------
	-------- Loop 10 (sock 2 consumed 110.602125, avg temp 51.597403, final temp 52 ) ------
Loop 11 <line-4117> - Time 0.197160 Total energy consumed 1.875150 Ave. Power Level 9.510809 Memory 1210 MemoryRefresh 46
	-------- Loop 11 (sock 1 consumed 0.611655, avg temp 60.601558, final temp 61 ) ------
	-------- Loop 11 (sock 2 consumed 1.263495, avg temp 51.598442, final temp 52 ) ------
Application(EnergyStat) - Time 121.132139 Total energy consumed 13574.924340 Ave. Power Level 112.067073 Memory 18248520354 MemoryRefresh 199158 Final Temperature socket 1 : 61  socket 2 : 52 
	 ParallelApplication(EnergyStat) - Time 120.892555 Total energy consumed 13563.516315 Ave. Power Level 112.194802 Memory 18248518245 MemoryRefresh 198796


Elapsed time = 1.146973e+02

Run completed:  
   Problem size        =  80 
   Iteration count     =  1925 
   Final Origin Energy = 3.241094e+05 
   Testing Plane 0 of Energy Array:
        MaxAbsDiff   = 9.094947e-11
        TotalAbsDiff = 3.376788e-09
        MaxRelDiff   = 1.406644e-12



Elapsed time = 1.682886e+01



Elapsed time = 1.250739e+01



Elapsed time = 3.236540e+01



Elapsed time = 1.210849e+01



Elapsed time = 1.770552e+00



Elapsed time = 4.575800e-02



Elapsed time = 2.098564e+00



Elapsed time = 2.495620e+01



Elapsed time = 9.656871e+00



Elapsed time = 5.789810e-01



Elapsed time = 1.576775e+00



Elapsed time = 1.949980e-01


Loop 0 <line-1313> - Time 16.825273 Total energy consumed 1889.243880 Ave. Power Level 112.286076 Memory 841838 MemoryRefresh 27752
	-------- Loop 0 (sock 1 consumed 926.320845, avg temp 61.131948, final temp 62 ) ------
	-------- Loop 0 (sock 2 consumed 962.923035, avg temp 51.769870, final temp 51 ) ------
Loop 1 <line-1341> - Time 12.503794 Total energy consumed 1326.155205 Ave. Power Level 106.060225 Memory 1011317 MemoryRefresh 19262
	-------- Loop 1 (sock 1 consumed 647.135295, avg temp 60.753766, final temp 61 ) ------
	-------- Loop 1 (sock 2 consumed 679.019910, avg temp 51.511688, final temp 51 ) ------
Loop 2 <line-2361> - Time 32.361146 Total energy consumed 3953.358210 Ave. Power Level 122.163729 Memory 18466746300 MemoryRefresh 54672
	-------- Loop 2 (sock 1 consumed 1982.693190, avg temp 61.364156, final temp 62 ) ------
	-------- Loop 2 (sock 2 consumed 1970.665020, avg temp 51.911169, final temp 52 ) ------
Loop 3 <line-2389> - Time 12.104693 Total energy consumed 1305.388050 Ave. Power Level 107.841482 Memory 973779 MemoryRefresh 19146
	-------- Loop 3 (sock 1 consumed 635.966895, avg temp 60.841039, final temp 61 ) ------
	-------- Loop 3 (sock 2 consumed 669.421155, avg temp 51.609351, final temp 52 ) ------
Loop 4 <line-2440> - Time 1.768712 Total energy consumed 185.743710 Ave. Power Level 105.016365 Memory 121498 MemoryRefresh 2970
	-------- Loop 4 (sock 1 consumed 97.988280, avg temp 60.829091, final temp 61 ) ------
	-------- Loop 4 (sock 2 consumed 87.755430, avg temp 51.603636, final temp 52 ) ------
Loop 5 <line-2460> - Time 0.044641 Total energy consumed 6.290895 Ave. Power Level 140.923432 Memory 7311 MemoryRefresh 168
	-------- Loop 5 (sock 1 consumed 2.972760, avg temp 60.822338, final temp 61 ) ------
	-------- Loop 5 (sock 2 consumed 3.318135, avg temp 51.605195, final temp 52 ) ------
Loop 6 <line-2514> - Time 2.095801 Total energy consumed 245.937495 Ave. Power Level 117.347705 Memory 166420 MemoryRefresh 3435
	-------- Loop 6 (sock 1 consumed 128.509665, avg temp 60.833766, final temp 61 ) ------
	-------- Loop 6 (sock 2 consumed 117.427830, avg temp 51.576623, final temp 52 ) ------
Loop 7 <line-3918> - Time 24.952138 Total energy consumed 2809.522890 Ave. Power Level 112.596479 Memory 36271646842 MemoryRefresh 42013
	-------- Loop 7 (sock 1 consumed 1405.866780, avg temp 61.137662, final temp 62 ) ------
	-------- Loop 7 (sock 2 consumed 1403.656110, avg temp 51.771948, final temp 52 ) ------
Loop 8 <line-3968> - Time 9.652967 Total energy consumed 1031.863935 Ave. Power Level 106.896041 Memory 461377 MemoryRefresh 16230
	-------- Loop 8 (sock 1 consumed 509.233050, avg temp 61.088312, final temp 62 ) ------
	-------- Loop 8 (sock 2 consumed 522.630885, avg temp 51.719481, final temp 52 ) ------
Loop 9 <line-3990> - Time 0.577494 Total energy consumed 46.521375 Ave. Power Level 80.557304 Memory 11472 MemoryRefresh 450
	-------- Loop 9 (sock 1 consumed 23.375565, avg temp 61.091948, final temp 62 ) ------
	-------- Loop 9 (sock 2 consumed 23.145810, avg temp 51.715325, final temp 52 ) ------
Loop 10 <line-4056> - Time 1.575170 Total energy consumed 190.768860 Ave. Power Level 121.109996 Memory 84841 MemoryRefresh 3308
	-------- Loop 10 (sock 1 consumed 95.674185, avg temp 61.089870, final temp 62 ) ------
	-------- Loop 10 (sock 2 consumed 95.094675, avg temp 51.723636, final temp 52 ) ------
Loop 11 <line-4117> - Time 0.193772 Total energy consumed 3.313410 Ave. Power Level 17.099492 Memory 2481 MemoryRefresh 92
	-------- Loop 11 (sock 1 consumed 0.767880, avg temp 61.088831, final temp 62 ) ------
	-------- Loop 11 (sock 2 consumed 2.545530, avg temp 51.723636, final temp 52 ) ------
Application(EnergyStat) - Time 114.903677 Total energy consumed 13005.521610 Ave. Power Level 113.186296 Memory 54742077021 MemoryRefresh 189854 Final Temperature socket 1 : 62  socket 2 : 52 
	 ParallelApplication(EnergyStat) - Time 114.655601 Total energy consumed 12994.107915 Ave. Power Level 113.331645 Memory 54742075476 MemoryRefresh 189498


Elapsed time = 1.206647e+02

Run completed:  
   Problem size        =  80 
   Iteration count     =  1925 
   Final Origin Energy = 3.241094e+05 
   Testing Plane 0 of Energy Array:
        MaxAbsDiff   = 9.094947e-11
        TotalAbsDiff = 3.376788e-09
        MaxRelDiff   = 1.406644e-12



Elapsed time = 1.680308e+01



Elapsed time = 1.531193e+01



Elapsed time = 3.239925e+01



Elapsed time = 1.492944e+01



Elapsed time = 2.061241e+00



Elapsed time = 4.626200e-02



Elapsed time = 2.183389e+00



Elapsed time = 2.486485e+01



Elapsed time = 9.694762e+00



Elapsed time = 5.613340e-01



Elapsed time = 1.598119e+00



Elapsed time = 2.028320e-01


Loop 0 <line-1313> - Time 16.799370 Total energy consumed 1860.261525 Ave. Power Level 110.734005 Memory 831611 MemoryRefresh 27372
	-------- Loop 0 (sock 1 consumed 911.858310, avg temp 60.504416, final temp 61 ) ------
	-------- Loop 0 (sock 2 consumed 948.403215, avg temp 51.515844, final temp 52 ) ------
Loop 1 <line-1341> - Time 15.308031 Total energy consumed 1599.380160 Ave. Power Level 104.479809 Memory 1079591 MemoryRefresh 23210
	-------- Loop 1 (sock 1 consumed 776.850765, avg temp 60.057662, final temp 60 ) ------
	-------- Loop 1 (sock 2 consumed 822.529395, avg temp 51.176623, final temp 51 ) ------
Loop 2 <line-2361> - Time 32.394895 Total energy consumed 3969.840075 Ave. Power Level 122.545237 Memory 902342 MemoryRefresh 55515
	-------- Loop 2 (sock 1 consumed 1990.546860, avg temp 60.764156, final temp 61 ) ------
	-------- Loop 2 (sock 2 consumed 1979.293215, avg temp 51.734545, final temp 52 ) ------
Loop 3 <line-2389> - Time 14.925795 Total energy consumed 1542.369570 Ave. Power Level 103.335843 Memory 15988168541 MemoryRefresh 23105
	-------- Loop 3 (sock 1 consumed 744.989280, avg temp 60.162597, final temp 61 ) ------
	-------- Loop 3 (sock 2 consumed 797.380290, avg temp 51.283117, final temp 51 ) ------
Loop 4 <line-2440> - Time 2.059663 Total energy consumed 238.079775 Ave. Power Level 115.591613 Memory 139869 MemoryRefresh 3486
	-------- Loop 4 (sock 1 consumed 123.208290, avg temp 60.129870, final temp 61 ) ------
	-------- Loop 4 (sock 2 consumed 114.871485, avg temp 51.281039, final temp 51 ) ------
Loop 5 <line-2460> - Time 0.045172 Total energy consumed 2.380230 Ave. Power Level 52.692385 Memory 15040 MemoryRefresh 360
	-------- Loop 5 (sock 1 consumed 0.781575, avg temp 60.131429, final temp 61 ) ------
	-------- Loop 5 (sock 2 consumed 1.598655, avg temp 51.277922, final temp 51 ) ------
Loop 6 <line-2514> - Time 2.180604 Total energy consumed 252.168030 Ave. Power Level 115.641365 Memory 143531 MemoryRefresh 3153
	-------- Loop 6 (sock 1 consumed 123.612885, avg temp 60.106494, final temp 61 ) ------
	-------- Loop 6 (sock 2 consumed 128.555145, avg temp 51.287273, final temp 51 ) ------
Loop 7 <line-3918> - Time 24.860857 Total energy consumed 2743.586205 Ave. Power Level 110.357666 Memory 613383 MemoryRefresh 41449
	-------- Loop 7 (sock 1 consumed 1371.742920, avg temp 60.549091, final temp 61 ) ------
	-------- Loop 7 (sock 2 consumed 1371.843285, avg temp 51.532468, final temp 52 ) ------
Loop 8 <line-3968> - Time 9.691371 Total energy consumed 1081.918470 Ave. Power Level 111.637295 Memory 463898 MemoryRefresh 17030
	-------- Loop 8 (sock 1 consumed 536.309010, avg temp 60.445195, final temp 61 ) ------
	-------- Loop 8 (sock 2 consumed 545.609460, avg temp 51.481039, final temp 51 ) ------
Loop 9 <line-3990> - Time 0.559902 Total energy consumed 4.847475 Ave. Power Level 8.657726 Memory 556 MemoryRefresh 24
	-------- Loop 9 (sock 1 consumed 2.664945, avg temp 60.445714, final temp 61 ) ------
	-------- Loop 9 (sock 2 consumed 2.182530, avg temp 51.482597, final temp 51 ) ------
Loop 10 <line-4056> - Time 1.596807 Total energy consumed 216.816630 Ave. Power Level 135.781383 Memory 88408 MemoryRefresh 3489
	-------- Loop 10 (sock 1 consumed 107.899455, avg temp 60.470649, final temp 61 ) ------
	-------- Loop 10 (sock 2 consumed 108.917175, avg temp 51.484156, final temp 51 ) ------
Loop 11 <line-4117> - Time 0.201729 Total energy consumed 15.889800 Ave. Power Level 78.768063 Memory 8911 MemoryRefresh 336
	-------- Loop 11 (sock 1 consumed 6.885810, avg temp 60.471169, final temp 61 ) ------
	-------- Loop 11 (sock 2 consumed 9.003990, avg temp 51.478442, final temp 51 ) ------
Application(EnergyStat) - Time 120.871404 Total energy consumed 13539.970140 Ave. Power Level 112.019632 Memory 15992458083 MemoryRefresh 198892 Final Temperature socket 1 : 61  socket 2 : 52 
	 ParallelApplication(EnergyStat) - Time 120.624196 Total energy consumed 13527.537945 Ave. Power Level 112.146140 Memory 15992455681 MemoryRefresh 198529


Elapsed time = 1.175496e+02

Run completed:  
   Problem size        =  80 
   Iteration count     =  1925 
   Final Origin Energy = 3.241094e+05 
   Testing Plane 0 of Energy Array:
        MaxAbsDiff   = 9.094947e-11
        TotalAbsDiff = 3.376788e-09
        MaxRelDiff   = 1.406644e-12



Elapsed time = 1.688505e+01



Elapsed time = 1.396380e+01



Elapsed time = 3.235857e+01



Elapsed time = 1.359606e+01



Elapsed time = 1.716975e+00



Elapsed time = 4.392300e-02



Elapsed time = 2.092210e+00



Elapsed time = 2.491576e+01



Elapsed time = 9.630242e+00



Elapsed time = 5.692960e-01



Elapsed time = 1.568247e+00



Elapsed time = 2.013750e-01


Loop 0 <line-1313> - Time 16.881280 Total energy consumed 1916.336820 Ave. Power Level 113.518455 Memory 848555 MemoryRefresh 28186
	-------- Loop 0 (sock 1 consumed 940.866225, avg temp 60.829091, final temp 61 ) ------
	-------- Loop 0 (sock 2 consumed 975.470595, avg temp 51.513247, final temp 52 ) ------
Loop 1 <line-1341> - Time 13.959976 Total energy consumed 1483.536975 Ave. Power Level 106.270740 Memory 1085955 MemoryRefresh 21706
	-------- Loop 1 (sock 1 consumed 721.527105, avg temp 60.388571, final temp 60 ) ------
	-------- Loop 1 (sock 2 consumed 762.009870, avg temp 51.155844, final temp 51 ) ------
Loop 2 <line-2361> - Time 32.354341 Total energy consumed 3948.142185 Ave. Power Level 122.028204 Memory 883927 MemoryRefresh 54877
	-------- Loop 2 (sock 1 consumed 1979.622195, avg temp 61.058701, final temp 61 ) ------
	-------- Loop 2 (sock 2 consumed 1968.519990, avg temp 51.717403, final temp 52 ) ------
Loop 3 <line-2389> - Time 13.592003 Total energy consumed 1422.570795 Ave. Power Level 104.662338 Memory 1032130 MemoryRefresh 20559
	-------- Loop 3 (sock 1 consumed 691.023060, avg temp 60.517922, final temp 60 ) ------
	-------- Loop 3 (sock 2 consumed 731.547735, avg temp 51.280519, final temp 52 ) ------
Loop 4 <line-2440> - Time 1.715344 Total energy consumed 152.853165 Ave. Power Level 89.109323 Memory 96685 MemoryRefresh 2775
	-------- Loop 4 (sock 1 consumed 78.100665, avg temp 60.486234, final temp 60 ) ------
	-------- Loop 4 (sock 2 consumed 74.752500, avg temp 51.294026, final temp 52 ) ------
Loop 5 <line-2460> - Time 0.042917 Total energy consumed 3.173310 Ave. Power Level 73.941152 Memory 11835 MemoryRefresh 286
	-------- Loop 5 (sock 1 consumed 1.324710, avg temp 60.486234, final temp 60 ) ------
	-------- Loop 5 (sock 2 consumed 1.848600, avg temp 51.292468, final temp 52 ) ------
Loop 6 <line-2514> - Time 2.089657 Total energy consumed 236.946285 Ave. Power Level 113.390029 Memory 168204 MemoryRefresh 3425
	-------- Loop 6 (sock 1 consumed 119.558070, avg temp 60.484675, final temp 60 ) ------
	-------- Loop 6 (sock 2 consumed 117.388215, avg temp 51.235325, final temp 52 ) ------
Loop 7 <line-3918> - Time 24.911848 Total energy consumed 2821.973175 Ave. Power Level 113.278354 Memory 624381 MemoryRefresh 42191
	-------- Loop 7 (sock 1 consumed 1409.844135, avg temp 60.855065, final temp 61 ) ------
	-------- Loop 7 (sock 2 consumed 1412.129040, avg temp 51.502857, final temp 51 ) ------
Loop 8 <line-3968> - Time 9.626602 Total energy consumed 1018.984770 Ave. Power Level 105.850930 Memory 453294 MemoryRefresh 16005
	-------- Loop 8 (sock 1 consumed 503.688525, avg temp 60.804156, final temp 60 ) ------
	-------- Loop 8 (sock 2 consumed 515.296245, avg temp 51.459740, final temp 52 ) ------
Loop 9 <line-3990> - Time 0.567868 Total energy consumed 45.059835 Ave. Power Level 79.349148 Memory 12115 MemoryRefresh 498
	-------- Loop 9 (sock 1 consumed 23.073705, avg temp 60.801558, final temp 60 ) ------
	-------- Loop 9 (sock 2 consumed 21.986130, avg temp 51.456623, final temp 52 ) ------
Loop 10 <line-4056> - Time 1.566987 Total energy consumed 179.620635 Ave. Power Level 114.628002 Memory 77108 MemoryRefresh 3066
	-------- Loop 10 (sock 1 consumed 89.504010, avg temp 60.797922, final temp 60 ) ------
	-------- Loop 10 (sock 2 consumed 90.116625, avg temp 51.452468, final temp 52 ) ------
Loop 11 <line-4117> - Time 0.200207 Total energy consumed 15.467370 Ave. Power Level 77.257079 Memory 7613 MemoryRefresh 286
	-------- Loop 11 (sock 1 consumed 7.172430, avg temp 60.796364, final temp 60 ) ------
	-------- Loop 11 (sock 2 consumed 8.294940, avg temp 51.449351, final temp 52 ) ------
Application(EnergyStat) - Time 117.758557 Total energy consumed 13256.621460 Ave. Power Level 112.574592 Memory 5304050 MemoryRefresh 194226 Final Temperature socket 1 : 60  socket 2 : 51 
	 ParallelApplication(EnergyStat) - Time 117.509030 Total energy consumed 13244.665320 Ave. Power Level 112.711894 Memory 5301802 MemoryRefresh 193860


Elapsed time = 1.209402e+02

Run completed:  
   Problem size        =  80 
   Iteration count     =  1925 
   Final Origin Energy = 3.241094e+05 
   Testing Plane 0 of Energy Array:
        MaxAbsDiff   = 9.094947e-11
        TotalAbsDiff = 3.376788e-09
        MaxRelDiff   = 1.406644e-12



Elapsed time = 1.686655e+01



Elapsed time = 1.550023e+01



Elapsed time = 3.235368e+01



Elapsed time = 1.508986e+01



Elapsed time = 2.035923e+00



Elapsed time = 3.565700e-02



Elapsed time = 2.136888e+00



Elapsed time = 2.486763e+01



Elapsed time = 9.689460e+00



Elapsed time = 5.531390e-01



Elapsed time = 1.596170e+00



Elapsed time = 2.063860e-01


Loop 0 <line-1313> - Time 16.863357 Total energy consumed 1891.505025 Ave. Power Level 112.166575 Memory 850177 MemoryRefresh 27830
	-------- Loop 0 (sock 1 consumed 928.937325, avg temp 60.097662, final temp 61 ) ------
	-------- Loop 0 (sock 2 consumed 962.567700, avg temp 51.497662, final temp 51 ) ------
Loop 1 <line-1341> - Time 15.496438 Total energy consumed 1612.579455 Ave. Power Level 104.061295 Memory 17240878754 MemoryRefresh 23623
	-------- Loop 1 (sock 1 consumed 781.228050, avg temp 59.644156, final temp 59 ) ------
	-------- Loop 1 (sock 2 consumed 831.351405, avg temp 51.175584, final temp 51 ) ------
Loop 2 <line-2361> - Time 32.349397 Total energy consumed 3945.021405 Ave. Power Level 121.950385 Memory 890806 MemoryRefresh 54968
	-------- Loop 2 (sock 1 consumed 1977.839310, avg temp 60.366753, final temp 61 ) ------
	-------- Loop 2 (sock 2 consumed 1967.182095, avg temp 51.683636, final temp 52 ) ------
Loop 3 <line-2389> - Time 15.086127 Total energy consumed 1547.713860 Ave. Power Level 102.591862 Memory 1048859 MemoryRefresh 23098
	-------- Loop 3 (sock 1 consumed 748.958625, avg temp 59.742857, final temp 60 ) ------
	-------- Loop 3 (sock 2 consumed 798.755235, avg temp 51.285714, final temp 51 ) ------
Loop 4 <line-2440> - Time 2.034483 Total energy consumed 238.623945 Ave. Power Level 117.289715 Memory 143950 MemoryRefresh 3759
	-------- Loop 4 (sock 1 consumed 122.193540, avg temp 59.708052, final temp 59 ) ------
	-------- Loop 4 (sock 2 consumed 116.430405, avg temp 51.266494, final temp 51 ) ------
Loop 5 <line-2460> - Time 0.034680 Total energy consumed 0.100785 Ave. Power Level 2.906173 Memory 4423 MemoryRefresh 111
	-------- Loop 5 (sock 1 consumed 0.000000, avg temp 59.708052, final temp 59 ) ------
	-------- Loop 5 (sock 2 consumed 0.100785, avg temp 51.266494, final temp 51 ) ------
Loop 6 <line-2514> - Time 2.134354 Total energy consumed 252.501540 Ave. Power Level 118.303485 Memory 150583 MemoryRefresh 3331
	-------- Loop 6 (sock 1 consumed 121.970775, avg temp 59.709091, final temp 59 ) ------
	-------- Loop 6 (sock 2 consumed 130.530765, avg temp 51.251948, final temp 50 ) ------
Loop 7 <line-3918> - Time 24.863734 Total energy consumed 2754.926205 Ave. Power Level 110.800985 Memory 611927 MemoryRefresh 41439
	-------- Loop 7 (sock 1 consumed 1377.445170, avg temp 60.141299, final temp 59 ) ------
	-------- Loop 7 (sock 2 consumed 1377.481035, avg temp 51.478961, final temp 51 ) ------
Loop 8 <line-3968> - Time 9.686004 Total energy consumed 1074.376215 Ave. Power Level 110.920477 Memory 461109 MemoryRefresh 16871
	-------- Loop 8 (sock 1 consumed 531.685380, avg temp 60.080000, final temp 60 ) ------
	-------- Loop 8 (sock 2 consumed 542.690835, avg temp 51.446753, final temp 51 ) ------
Loop 9 <line-3990> - Time 0.551780 Total energy consumed 10.880280 Ave. Power Level 19.718499 Memory 912 MemoryRefresh 44
	-------- Loop 9 (sock 1 consumed 6.293625, avg temp 60.073247, final temp 60 ) ------
	-------- Loop 9 (sock 2 consumed 4.586655, avg temp 51.448312, final temp 51 ) ------
Loop 10 <line-4056> - Time 1.594847 Total energy consumed 209.712315 Ave. Power Level 131.493658 Memory 88272 MemoryRefresh 3476
	-------- Loop 10 (sock 1 consumed 103.111125, avg temp 60.065974, final temp 59 ) ------
	-------- Loop 10 (sock 2 consumed 106.601190, avg temp 51.453506, final temp 51 ) ------
Loop 11 <line-4117> - Time 0.205320 Total energy consumed 16.179750 Ave. Power Level 78.802438 Memory 8836 MemoryRefresh 336
	-------- Loop 11 (sock 1 consumed 6.763860, avg temp 60.076883, final temp 59 ) ------
	-------- Loop 11 (sock 2 consumed 9.415890, avg temp 51.454026, final temp 51 ) ------
Application(EnergyStat) - Time 121.147599 Total energy consumed 13565.689470 Ave. Power Level 111.976544 Memory 17245140867 MemoryRefresh 199252 Final Temperature socket 1 : 60  socket 2 : 51 
	 ParallelApplication(EnergyStat) - Time 120.900523 Total energy consumed 13554.120780 Ave. Power Level 112.109695 Memory 17245138608 MemoryRefresh 198886


Elapsed time = 1.186721e+02

Run completed:  
   Problem size        =  80 
   Iteration count     =  1925 
   Final Origin Energy = 3.241094e+05 
   Testing Plane 0 of Energy Array:
        MaxAbsDiff   = 9.094947e-11
        TotalAbsDiff = 3.376788e-09
        MaxRelDiff   = 1.406644e-12



Elapsed time = 1.697354e+01



Elapsed time = 1.427356e+01



Elapsed time = 3.240142e+01



Elapsed time = 1.392056e+01



Elapsed time = 1.957012e+00



Elapsed time = 4.875100e-02



Elapsed time = 2.111380e+00



Elapsed time = 2.496729e+01



Elapsed time = 9.657971e+00



Elapsed time = 5.883660e-01



Elapsed time = 1.568366e+00



Elapsed time = 1.954960e-01


Loop 0 <line-1313> - Time 16.970299 Total energy consumed 1959.481890 Ave. Power Level 115.465370 Memory 879417 MemoryRefresh 28898
	-------- Loop 0 (sock 1 consumed 963.211170, avg temp 60.178182, final temp 60 ) ------
	-------- Loop 0 (sock 2 consumed 996.270720, avg temp 51.011429, final temp 51 ) ------
Loop 1 <line-1341> - Time 14.269434 Total energy consumed 1489.974435 Ave. Power Level 104.417205 Memory 1071524 MemoryRefresh 21342
	-------- Loop 1 (sock 1 consumed 727.435620, avg temp 59.736623, final temp 60 ) ------
	-------- Loop 1 (sock 2 consumed 762.538815, avg temp 50.649870, final temp 51 ) ------
Loop 2 <line-2361> - Time 32.397193 Total energy consumed 3961.618020 Ave. Power Level 122.282754 Memory 905387 MemoryRefresh 55665
	-------- Loop 2 (sock 1 consumed 1984.985730, avg temp 60.438442, final temp 61 ) ------
	-------- Loop 2 (sock 2 consumed 1976.632290, avg temp 51.290390, final temp 51 ) ------
Loop 3 <line-2389> - Time 13.916564 Total energy consumed 1415.795475 Ave. Power Level 101.734555 Memory 1027261 MemoryRefresh 20627
	-------- Loop 3 (sock 1 consumed 687.174300, avg temp 59.865974, final temp 61 ) ------
	-------- Loop 3 (sock 2 consumed 728.621175, avg temp 50.772468, final temp 50 ) ------
Loop 4 <line-2440> - Time 1.955190 Total energy consumed 187.211130 Ave. Power Level 95.750848 Memory 113504 MemoryRefresh 3289
	-------- Loop 4 (sock 1 consumed 96.662565, avg temp 59.832208, final temp 61 ) ------
	-------- Loop 4 (sock 2 consumed 90.548565, avg temp 50.773506, final temp 50 ) ------
Loop 5 <line-2460> - Time 0.047741 Total energy consumed 7.088160 Ave. Power Level 148.470043 Memory 11845 MemoryRefresh 278
	-------- Loop 5 (sock 1 consumed 3.053265, avg temp 59.830130, final temp 61 ) ------
	-------- Loop 5 (sock 2 consumed 4.034895, avg temp 50.774026, final temp 50 ) ------
Loop 6 <line-2514> - Time 2.108843 Total energy consumed 243.481485 Ave. Power Level 115.457357 Memory 159586 MemoryRefresh 3423
	-------- Loop 6 (sock 1 consumed 120.517005, avg temp 59.790649, final temp 60 ) ------
	-------- Loop 6 (sock 2 consumed 122.964480, avg temp 50.725714, final temp 51 ) ------
Loop 7 <line-3918> - Time 24.963311 Total energy consumed 2801.834415 Ave. Power Level 112.238091 Memory 636380 MemoryRefresh 41961
	-------- Loop 7 (sock 1 consumed 1399.617030, avg temp 60.200000, final temp 61 ) ------
	-------- Loop 7 (sock 2 consumed 1402.217385, avg temp 51.055584, final temp 51 ) ------
Loop 8 <line-3968> - Time 9.654095 Total energy consumed 1033.843245 Ave. Power Level 107.088574 Memory 448626 MemoryRefresh 16282
	-------- Loop 8 (sock 1 consumed 511.724580, avg temp 60.132468, final temp 60 ) ------
	-------- Loop 8 (sock 2 consumed 522.118665, avg temp 50.967792, final temp 51 ) ------
Loop 9 <line-3990> - Time 0.586923 Total energy consumed 55.934370 Ave. Power Level 95.301079 Memory 16952 MemoryRefresh 689
	-------- Loop 9 (sock 1 consumed 28.172940, avg temp 60.135065, final temp 60 ) ------
	-------- Loop 9 (sock 2 consumed 27.761430, avg temp 50.959481, final temp 51 ) ------
Loop 10 <line-4056> - Time 1.567001 Total energy consumed 182.813340 Ave. Power Level 116.664457 Memory 18403316977 MemoryRefresh 3133
	-------- Loop 10 (sock 1 consumed 90.099660, avg temp 60.148052, final temp 61 ) ------
	-------- Loop 10 (sock 2 consumed 92.713680, avg temp 50.962597, final temp 51 ) ------
Loop 11 <line-4117> - Time 0.194311 Total energy consumed 1.569135 Ave. Power Level 8.075373 Memory 704 MemoryRefresh 26
	-------- Loop 11 (sock 1 consumed 0.866385, avg temp 60.149091, final temp 61 ) ------
	-------- Loop 11 (sock 2 consumed 0.702750, avg temp 50.963117, final temp 51 ) ------
Application(EnergyStat) - Time 118.878753 Total energy consumed 13354.093005 Ave. Power Level 112.333723 Memory 18408591368 MemoryRefresh 196006 Final Temperature socket 1 : 61  socket 2 : 51 
	 ParallelApplication(EnergyStat) - Time 118.630908 Total energy consumed 13340.645100 Ave. Power Level 112.455054 Memory 18408588163 MemoryRefresh 195613
