Memory used: 1.28906
Loading 32-bit binary file: pnnl.bin, numvertices: 2361670, numEdges: 191402826
File read time: 3.11311
Before allocating graph
Allocated graph: 0x17d5550
Processing edges for vertex: 0, range(0, 166)
Processing edges for vertex: 100000, range(58444108, 58444133)
Processing edges for vertex: 200000, range(84376057, 84376362)
Processing edges for vertex: 300000, range(106069163, 106069503)
Processing edges for vertex: 400000, range(122097114, 122097513)
Processing edges for vertex: 500000, range(135096418, 135096483)
Processing edges for vertex: 600000, range(146097008, 146097061)
Processing edges for vertex: 700000, range(155415410, 155415531)
Processing edges for vertex: 800000, range(162595900, 162595989)
Processing edges for vertex: 900000, range(168508374, 168508464)
Processing edges for vertex: 1000000, range(173203321, 173203442)
Processing edges for vertex: 1100000, range(176935100, 176935110)
Processing edges for vertex: 1200000, range(179876260, 179876270)
Processing edges for vertex: 1300000, range(182240081, 182240092)
Processing edges for vertex: 1400000, range(184224513, 184224521)
Processing edges for vertex: 1500000, range(185795161, 185795170)
Processing edges for vertex: 1600000, range(187104124, 187104130)
Processing edges for vertex: 1700000, range(188148455, 188148461)
Processing edges for vertex: 1800000, range(188997836, 188997842)
Processing edges for vertex: 1900000, range(189691532, 189691535)
Processing edges for vertex: 2000000, range(190254658, 190254660)
Processing edges for vertex: 2100000, range(190705814, 190705822)
Processing edges for vertex: 2200000, range(191052755, 191052764)
Processing edges for vertex: 2300000, range(191302662, 191302663)
Graph populate time: 16.553
Total I/O time: 19.6662
Running on: 16 threads
Loaded graph from file: pnnl.bin
Memory used: 2949.09
Maximum degree for the graph: 5520
Iteration: 0, conflicts: 23
Iteration: 1, conflicts: 1
Iteration: 2, conflicts: 0
Total number of colors used: 1191
Total number of conflicts overall: 0
Number of rounds: 3
SUCCESS: No conflicts found
Coloring time: 1.21057
Memory used: 2949.09
Number of reordered colors: 1016
End position for large colors: 0, node count: 550591, largest: 550591
Node count cutoff: 472334
e_xx: 1.13436e+08, a2_x: 6.2614e+11, currMod: 0.592639
e_xx: 1.61772e+08, a2_x: 5.96139e+11, currMod: 0.845175
e_xx: 1.7001e+08, a2_x: 6.01586e+11, currMod: 0.888214
e_xx: 1.73084e+08, a2_x: 5.62886e+11, currMod: 0.904277
e_xx: 1.74916e+08, a2_x: 5.76038e+11, currMod: 0.91385
currMod: 0.904277, prevMod: -1
Louvain time: 13.3493
numClusters: 204161, time: 0.221852
Next phase: 2
Memory used: 2949.09
End Structure 1296108 204161 vs 2794573
Build next level time: 7.059
Iteration time: 20.6363
Memory used: 2949.09
e_xx: 1.59208e+08, a2_x: 5.73158e+11, currMod: 0.90618
e_xx: 1.69358e+08, a2_x: 3.41287e+11, currMod: 0.963963
e_xx: 1.70412e+08, a2_x: 3.17751e+11, currMod: 0.969963
e_xx: 1.70737e+08, a2_x: 2.8907e+11, currMod: 0.971815
e_xx: 1.7081e+08, a2_x: 3.22601e+11, currMod: 0.972227
e_xx: 1.70913e+08, a2_x: 2.81198e+11, currMod: 0.972817
e_xx: 1.70922e+08, a2_x: 3.12469e+11, currMod: 0.972862
e_xx: 1.70994e+08, a2_x: 2.78983e+11, currMod: 0.973273
e_xx: 1.70976e+08, a2_x: 2.97112e+11, currMod: 0.973175
currMod: 0.973273, prevMod: 0.904277
Louvain time: 4.35012
numClusters: 50867, time: 0.03335
Next phase: 3
Memory used: 2949.09
End Structure 489826 50867 vs 1030509
Build next level time: 0.384216
Iteration time: 4.769
Memory used: 2949.09
e_xx: 1.70993e+08, a2_x: 2.77165e+11, currMod: 0.973249
e_xx: 1.72136e+08, a2_x: 1.20803e+11, currMod: 0.979761
e_xx: 1.72283e+08, a2_x: 1.00028e+11, currMod: 0.980596
e_xx: 1.72383e+08, a2_x: 6.58217e+10, currMod: 0.981166
e_xx: 1.72343e+08, a2_x: 9.35366e+10, currMod: 0.980935
currMod: 0.981166, prevMod: 0.973273
Louvain time: 1.15441
numClusters: 25103, time: 0.010811
Next phase: 4
Memory used: 2949.09
End Structure 164547 25103 vs 354197
Build next level time: 0.169214
Iteration time: 1.33501
Memory used: 2949.09
e_xx: 1.72383e+08, a2_x: 6.58831e+10, currMod: 0.981155
e_xx: 1.72481e+08, a2_x: 5.72626e+10, currMod: 0.981716
e_xx: 1.72481e+08, a2_x: 2.84331e+10, currMod: 0.981715
currMod: 0.981716, prevMod: 0.981166
Louvain time: 0.337149
numClusters: 22636, time: 0.007259
Next phase: 5
Memory used: 2949.09
End Structure 108461 22636 vs 239558
Build next level time: 0.075687
Iteration time: 0.420651
Memory used: 2949.09
e_xx: 1.72481e+08, a2_x: 5.65659e+10, currMod: 0.981714
e_xx: 1.72491e+08, a2_x: 5.4113e+10, currMod: 0.981768
e_xx: 1.72493e+08, a2_x: 5.52646e+10, currMod: 0.981783
e_xx: 1.72493e+08, a2_x: 6.58874e+10, currMod: 0.981777
currMod: 0.981783, prevMod: 0.981716
Louvain time: 0.315624
numClusters: 22041, time: 0.006742
Next phase: 6
Memory used: 2949.09
End Structure 75883 22041 vs 173807
Build next level time: 0.050128
Iteration time: 0.372871
Memory used: 2949.09
e_xx: 1.72493e+08, a2_x: 5.77796e+10, currMod: 0.981782
e_xx: 1.72494e+08, a2_x: 5.86746e+10, currMod: 0.981784
e_xx: 1.72494e+08, a2_x: 6.14714e+10, currMod: 0.981784
currMod: 0.981784, prevMod: 0.981783
Louvain time: 0.16956
numClusters: 21981, time: 0.006514
Next phase: 7
Memory used: 2949.09
End Structure 71411 21981 vs 164803
Build next level time: 0.048982
Iteration time: 0.225394
Memory used: 2949.09
e_xx: 1.72494e+08, a2_x: 5.84811e+10, currMod: 0.981784
e_xx: 1.72494e+08, a2_x: 5.93478e+10, currMod: 0.981784
currMod: 0.981784, prevMod: 0.981784
Louvain time: 0.118562
numClusters: 21981, time: 0.006528
Maximum degree for the graph: 476
Iteration: 0, conflicts: 0
Total number of colors used: 174
Total number of conflicts overall: 0
Number of rounds: 1
SUCCESS: No conflicts found
Number of reordered colors: 174
End position for large colors: 0, node count: 21552, largest: 21552
Node count cutoff: 4397
e_xx: 1.72494e+08, a2_x: 5.93478e+10, currMod: 0.981784
End Structure 71236 21978 vs 164450
currMod: 0.981784, prevMod: 0.981784
numClusters: 21978
Total iteration time: 27.7593

Loop 0 <line-37> - Time 0.000980 Total energy consumed 0.000000 Ave. Power Level 0.000000
	-------- Loop 0 (sock 1 consumed 0.000000, avg temp 37.000000, final temp 37 ) ------
	-------- Loop 0 (sock 2 consumed 0.000000, avg temp 33.500000, final temp 34 ) ------
Loop 1 <line-54> - Time 0.000993 Total energy consumed 0.000000 Ave. Power Level 0.000000
	-------- Loop 1 (sock 1 consumed 0.000000, avg temp 37.000000, final temp 37 ) ------
	-------- Loop 1 (sock 2 consumed 0.000000, avg temp 32.500000, final temp 33 ) ------
Loop 2 <line-76> - Time 0.000491 Total energy consumed 0.000000 Ave. Power Level 0.000000
	-------- Loop 2 (sock 1 consumed 0.000000, avg temp 37.000000, final temp 37 ) ------
	-------- Loop 2 (sock 2 consumed 0.000000, avg temp 32.500000, final temp 33 ) ------
Loop 3 <line-170> - Time 0.709695 Total energy consumed 30.524835 Ave. Power Level 43.011212
	-------- Loop 3 (sock 1 consumed 15.769110, avg temp 37.000000, final temp 37 ) ------
	-------- Loop 3 (sock 2 consumed 14.755725, avg temp 32.500000, final temp 34 ) ------
Loop 4 <line-192> - Time 0.000434 Total energy consumed 0.000000 Ave. Power Level 0.000000
	-------- Loop 4 (sock 1 consumed 0.000000, avg temp 37.000000, final temp 37 ) ------
	-------- Loop 4 (sock 2 consumed 0.000000, avg temp 33.000000, final temp 34 ) ------
Loop 5 <line-222> - Time 0.272267 Total energy consumed 11.731695 Ave. Power Level 43.088970
	-------- Loop 5 (sock 1 consumed 5.804730, avg temp 37.000000, final temp 37 ) ------
	-------- Loop 5 (sock 2 consumed 5.926965, avg temp 33.000000, final temp 34 ) ------
Loop 6 <line-115> - Time 0.002603 Total energy consumed 0.000000 Ave. Power Level 0.000000
	-------- Loop 6 (sock 1 consumed 0.000000, avg temp 37.714286, final temp 38 ) ------
	-------- Loop 6 (sock 2 consumed 0.000000, avg temp 32.857143, final temp 33 ) ------
Loop 7 <line-334> - Time 0.675343 Total energy consumed 26.228415 Ave. Power Level 38.837203
	-------- Loop 7 (sock 1 consumed 12.986040, avg temp 37.750000, final temp 37 ) ------
	-------- Loop 7 (sock 2 consumed 13.242375, avg temp 33.000000, final temp 33 ) ------
Loop 8 <line-353> - Time 0.000717 Total energy consumed 0.000000 Ave. Power Level 0.000000
	-------- Loop 8 (sock 1 consumed 0.000000, avg temp 37.750000, final temp 37 ) ------
	-------- Loop 8 (sock 2 consumed 0.000000, avg temp 33.000000, final temp 33 ) ------
Loop 9 <line-375> - Time 0.001388 Total energy consumed 0.080040 Ave. Power Level 57.664709
	-------- Loop 9 (sock 1 consumed 0.029010, avg temp 37.625000, final temp 37 ) ------
	-------- Loop 9 (sock 2 consumed 0.051030, avg temp 33.000000, final temp 33 ) ------
Loop 10 <line-85> - Time 0.274933 Total energy consumed 15.504270 Ave. Power Level 56.392833
	-------- Loop 10 (sock 1 consumed 7.804605, avg temp 37.750000, final temp 37 ) ------
	-------- Loop 10 (sock 2 consumed 7.699665, avg temp 33.500000, final temp 33 ) ------
Loop 11 <line-131> - Time 0.005981 Total energy consumed 0.376845 Ave. Power Level 63.011405
	-------- Loop 11 (sock 1 consumed 0.205050, avg temp 38.000000, final temp 38 ) ------
	-------- Loop 11 (sock 2 consumed 0.171795, avg temp 34.000000, final temp 34 ) ------
Loop 12 <line-167> - Time 0.231727 Total energy consumed 12.922755 Ave. Power Level 55.767100
	-------- Loop 12 (sock 1 consumed 6.558690, avg temp 37.500000, final temp 37 ) ------
	-------- Loop 12 (sock 2 consumed 6.364065, avg temp 33.000000, final temp 33 ) ------
Loop 13 <line-213> - Time 7.871248 Total energy consumed 454.935060 Ave. Power Level 57.797072
	-------- Loop 13 (sock 1 consumed 230.857860, avg temp 38.500000, final temp 38 ) ------
	-------- Loop 13 (sock 2 consumed 224.077200, avg temp 35.166667, final temp 35 ) ------
Loop 14 <line-99> - Time 7.245226 Total energy consumed 295.672860 Ave. Power Level 40.809337
	-------- Loop 14 (sock 1 consumed 148.167435, avg temp 37.857143, final temp 37 ) ------
	-------- Loop 14 (sock 2 consumed 147.505425, avg temp 32.857143, final temp 32 ) ------
Loop 15 <line-160> - Time 0.170346 Total energy consumed 7.753260 Ave. Power Level 45.514873
	-------- Loop 15 (sock 1 consumed 3.865185, avg temp 37.428571, final temp 37 ) ------
	-------- Loop 15 (sock 2 consumed 3.888075, avg temp 33.142857, final temp 33 ) ------
Loop 16 <line-269> - Time 6.377550 Total energy consumed 247.405650 Ave. Power Level 38.793213
	-------- Loop 16 (sock 1 consumed 123.875685, avg temp 37.269231, final temp 38 ) ------
	-------- Loop 16 (sock 2 consumed 123.529965, avg temp 32.730769, final temp 33 ) ------
Loop 17 <line-300> - Time 0.020033 Total energy consumed 0.789105 Ave. Power Level 39.390295
	-------- Loop 17 (sock 1 consumed 0.513105, avg temp 37.200000, final temp 37 ) ------
	-------- Loop 17 (sock 2 consumed 0.276000, avg temp 32.650000, final temp 32 ) ------
Loop 18 <line-147> - Time 0.000454 Total energy consumed 0.000000 Ave. Power Level 0.000000
	-------- Loop 18 (sock 1 consumed 0.000000, avg temp 37.000000, final temp 37 ) ------
	-------- Loop 18 (sock 2 consumed 0.000000, avg temp 34.000000, final temp 34 ) ------
Application(EnergyStat) - Time 48.841074 Total energy consumed 2052.248505 Ave. Power Level 42.018907 Final Temperature socket 1 : 38  socket 2 : 34 
