Memory used: 1.28906
Loading 32-bit binary file: pnnl.bin, numvertices: 2361670, numEdges: 191402826
File read time: 3.10767
Before allocating graph
Allocated graph: 0x1ec6550
Processing edges for vertex: 0, range(0, 166)
Processing edges for vertex: 100000, range(58444108, 58444133)
Processing edges for vertex: 200000, range(84376057, 84376362)
Processing edges for vertex: 300000, range(106069163, 106069503)
Processing edges for vertex: 400000, range(122097114, 122097513)
Processing edges for vertex: 500000, range(135096418, 135096483)
Processing edges for vertex: 600000, range(146097008, 146097061)
Processing edges for vertex: 700000, range(155415410, 155415531)
Processing edges for vertex: 800000, range(162595900, 162595989)
Processing edges for vertex: 900000, range(168508374, 168508464)
Processing edges for vertex: 1000000, range(173203321, 173203442)
Processing edges for vertex: 1100000, range(176935100, 176935110)
Processing edges for vertex: 1200000, range(179876260, 179876270)
Processing edges for vertex: 1300000, range(182240081, 182240092)
Processing edges for vertex: 1400000, range(184224513, 184224521)
Processing edges for vertex: 1500000, range(185795161, 185795170)
Processing edges for vertex: 1600000, range(187104124, 187104130)
Processing edges for vertex: 1700000, range(188148455, 188148461)
Processing edges for vertex: 1800000, range(188997836, 188997842)
Processing edges for vertex: 1900000, range(189691532, 189691535)
Processing edges for vertex: 2000000, range(190254658, 190254660)
Processing edges for vertex: 2100000, range(190705814, 190705822)
Processing edges for vertex: 2200000, range(191052755, 191052764)
Processing edges for vertex: 2300000, range(191302662, 191302663)
Graph populate time: 16.5626
Total I/O time: 19.6703
Running on: 16 threads
Loaded graph from file: pnnl.bin
Memory used: 2949.09
Maximum degree for the graph: 5520
Iteration: 0, conflicts: 53
Iteration: 1, conflicts: 10
Iteration: 2, conflicts: 5
Iteration: 3, conflicts: 2
Iteration: 4, conflicts: 0
Total number of colors used: 1192
Total number of conflicts overall: 0
Number of rounds: 5
SUCCESS: No conflicts found
Coloring time: 1.24327
Memory used: 2949.09
Number of reordered colors: 1004
End position for large colors: 0, node count: 550597, largest: 550597
Node count cutoff: 472334
e_xx: 1.22472e+08, a2_x: 6.15704e+11, currMod: 0.63985
e_xx: 1.64448e+08, a2_x: 5.28713e+11, currMod: 0.85916
e_xx: 1.70717e+08, a2_x: 5.32926e+11, currMod: 0.891911
e_xx: 1.73557e+08, a2_x: 5.06363e+11, currMod: 0.906751
e_xx: 1.75307e+08, a2_x: 5.04214e+11, currMod: 0.915892
currMod: 0.906751, prevMod: -1
Louvain time: 13.4436
numClusters: 202755, time: 0.224373
Next phase: 2
Memory used: 2949.09
End Structure 1226223 202755 vs 2653080
Build next level time: 7.06965
Iteration time: 20.7443
Memory used: 2949.09
e_xx: 1.59489e+08, a2_x: 5.04493e+11, currMod: 0.908347
e_xx: 1.69383e+08, a2_x: 3.12247e+11, currMod: 0.964709
e_xx: 1.70601e+08, a2_x: 2.92298e+11, currMod: 0.971644
e_xx: 1.70884e+08, a2_x: 2.62643e+11, currMod: 0.973256
e_xx: 1.70964e+08, a2_x: 2.83146e+11, currMod: 0.973712
e_xx: 1.7102e+08, a2_x: 2.58434e+11, currMod: 0.974032
e_xx: 1.71017e+08, a2_x: 2.66817e+11, currMod: 0.974017
currMod: 0.974032, prevMod: 0.906751
Louvain time: 3.26578
numClusters: 51474, time: 0.034394
Next phase: 3
Memory used: 2949.09
End Structure 487492 51474 vs 1026446
Build next level time: 0.363093
Iteration time: 3.66441
Memory used: 2949.09
e_xx: 1.7102e+08, a2_x: 2.5874e+11, currMod: 0.974009
e_xx: 1.71983e+08, a2_x: 1.1006e+11, currMod: 0.979498
e_xx: 1.72041e+08, a2_x: 7.98876e+10, currMod: 0.97983
e_xx: 1.72172e+08, a2_x: 7.29781e+10, currMod: 0.980574
e_xx: 1.72079e+08, a2_x: 6.04361e+10, currMod: 0.980045
currMod: 0.980574, prevMod: 0.974032
Louvain time: 1.15439
numClusters: 25380, time: 0.011567
Next phase: 4
Memory used: 2949.09
End Structure 170011 25380 vs 365402
Build next level time: 0.140828
Iteration time: 1.30736
Memory used: 2949.09
e_xx: 1.72172e+08, a2_x: 7.29784e+10, currMod: 0.980564
e_xx: 1.72356e+08, a2_x: 1.00369e+10, currMod: 0.981615
e_xx: 1.7236e+08, a2_x: 4.21365e+10, currMod: 0.981634
e_xx: 1.72359e+08, a2_x: 9.71206e+09, currMod: 0.981631
currMod: 0.981634, prevMod: 0.980574
Louvain time: 0.464977
numClusters: 22227, time: 0.007478
Next phase: 5
Memory used: 2949.09
End Structure 97811 22227 vs 217849
Build next level time: 0.074496
Iteration time: 0.54746
Memory used: 2949.09
e_xx: 1.7236e+08, a2_x: 4.56435e+10, currMod: 0.981632
e_xx: 1.72367e+08, a2_x: 4.39233e+10, currMod: 0.981673
e_xx: 1.72365e+08, a2_x: 1.83845e+10, currMod: 0.981662
currMod: 0.981673, prevMod: 0.981634
Louvain time: 0.219933
numClusters: 22044, time: 0.006726
Next phase: 6
Memory used: 2949.09
End Structure 86500 22044 vs 195044
Build next level time: 0.054668
Iteration time: 0.281671
Memory used: 2949.09
e_xx: 1.72367e+08, a2_x: 4.33447e+10, currMod: 0.981673
e_xx: 1.72367e+08, a2_x: 4.31627e+10, currMod: 0.981674
currMod: 0.981673, prevMod: 0.981673
Louvain time: 0.133339
numClusters: 22044, time: 0.006668
Maximum degree for the graph: 537
Iteration: 0, conflicts: 0
Total number of colors used: 175
Total number of conflicts overall: 0
Number of rounds: 1
SUCCESS: No conflicts found
Number of reordered colors: 170
End position for large colors: 0, node count: 21557, largest: 21557
Node count cutoff: 4409
e_xx: 1.72392e+08, a2_x: 3.46388e+10, currMod: 0.981818
e_xx: 1.72488e+08, a2_x: 4.27312e+09, currMod: 0.982368
e_xx: 1.72574e+08, a2_x: 1.04029e+10, currMod: 0.982855
e_xx: 1.72587e+08, a2_x: 8.6132e+09, currMod: 0.98293
e_xx: 1.72949e+08, a2_x: -1.02845e+09, currMod: 0.984992
e_xx: 1.74481e+08, a2_x: 9.38041e+09, currMod: 0.993713
e_xx: 1.74578e+08, a2_x: 8.97102e+09, currMod: 0.994266
e_xx: 1.75066e+08, a2_x: -2.80226e+09, currMod: 0.997046
e_xx: 1.75301e+08, a2_x: -3.8523e+09, currMod: 0.998388
e_xx: 1.75148e+08, a2_x: -4.2629e+09, currMod: 0.997516
End Structure 645 21575 vs 22865
currMod: 0.998388, prevMod: 0.981673
numClusters: 21575
Total iteration time: 26.5452

Loop 0 <line-37> - Time 0.001035 Total energy consumed 0.037410 Ave. Power Level 36.148455
	-------- Loop 0 (sock 1 consumed 0.019350, avg temp 37.000000, final temp 38 ) ------
	-------- Loop 0 (sock 2 consumed 0.018060, avg temp 33.000000, final temp 33 ) ------
Loop 1 <line-54> - Time 0.000540 Total energy consumed 0.037860 Ave. Power Level 70.062975
	-------- Loop 1 (sock 1 consumed 0.019830, avg temp 37.500000, final temp 38 ) ------
	-------- Loop 1 (sock 2 consumed 0.018030, avg temp 33.000000, final temp 33 ) ------
Loop 2 <line-76> - Time 0.000476 Total energy consumed 0.000000 Ave. Power Level 0.000000
	-------- Loop 2 (sock 1 consumed 0.000000, avg temp 37.500000, final temp 38 ) ------
	-------- Loop 2 (sock 2 consumed 0.000000, avg temp 33.000000, final temp 33 ) ------
Loop 3 <line-170> - Time 0.740161 Total energy consumed 31.557885 Ave. Power Level 42.636536
	-------- Loop 3 (sock 1 consumed 16.386975, avg temp 37.166667, final temp 38 ) ------
	-------- Loop 3 (sock 2 consumed 15.170910, avg temp 33.000000, final temp 33 ) ------
Loop 4 <line-192> - Time 0.000469 Total energy consumed 0.000000 Ave. Power Level 0.000000
	-------- Loop 4 (sock 1 consumed 0.000000, avg temp 37.500000, final temp 38 ) ------
	-------- Loop 4 (sock 2 consumed 0.000000, avg temp 33.000000, final temp 33 ) ------
Loop 5 <line-222> - Time 0.274084 Total energy consumed 11.829465 Ave. Power Level 43.159970
	-------- Loop 5 (sock 1 consumed 6.297780, avg temp 37.500000, final temp 38 ) ------
	-------- Loop 5 (sock 2 consumed 5.531685, avg temp 32.500000, final temp 33 ) ------
Loop 6 <line-115> - Time 0.002434 Total energy consumed 0.000000 Ave. Power Level 0.000000
	-------- Loop 6 (sock 1 consumed 0.000000, avg temp 37.166667, final temp 37 ) ------
	-------- Loop 6 (sock 2 consumed 0.000000, avg temp 32.666667, final temp 32 ) ------
Loop 7 <line-334> - Time 0.670884 Total energy consumed 26.389995 Ave. Power Level 39.336159
	-------- Loop 7 (sock 1 consumed 13.568310, avg temp 37.714286, final temp 38 ) ------
	-------- Loop 7 (sock 2 consumed 12.821685, avg temp 33.142857, final temp 33 ) ------
Loop 8 <line-353> - Time 0.000693 Total energy consumed 0.000000 Ave. Power Level 0.000000
	-------- Loop 8 (sock 1 consumed 0.000000, avg temp 37.714286, final temp 38 ) ------
	-------- Loop 8 (sock 2 consumed 0.000000, avg temp 33.142857, final temp 33 ) ------
Loop 9 <line-375> - Time 0.001162 Total energy consumed 0.000000 Ave. Power Level 0.000000
	-------- Loop 9 (sock 1 consumed 0.000000, avg temp 37.714286, final temp 38 ) ------
	-------- Loop 9 (sock 2 consumed 0.000000, avg temp 33.142857, final temp 33 ) ------
Loop 10 <line-85> - Time 0.268741 Total energy consumed 14.996940 Ave. Power Level 55.804534
	-------- Loop 10 (sock 1 consumed 7.561980, avg temp 37.750000, final temp 38 ) ------
	-------- Loop 10 (sock 2 consumed 7.434960, avg temp 32.750000, final temp 33 ) ------
Loop 11 <line-131> - Time 0.005963 Total energy consumed 0.377745 Ave. Power Level 63.350346
	-------- Loop 11 (sock 1 consumed 0.205710, avg temp 38.000000, final temp 38 ) ------
	-------- Loop 11 (sock 2 consumed 0.172035, avg temp 33.000000, final temp 33 ) ------
Loop 12 <line-167> - Time 0.238857 Total energy consumed 13.987530 Ave. Power Level 58.560250
	-------- Loop 12 (sock 1 consumed 7.089960, avg temp 38.000000, final temp 38 ) ------
	-------- Loop 12 (sock 2 consumed 6.897570, avg temp 33.000000, final temp 33 ) ------
Loop 13 <line-213> - Time 7.905579 Total energy consumed 456.997965 Ave. Power Level 57.807018
	-------- Loop 13 (sock 1 consumed 232.303920, avg temp 38.000000, final temp 38 ) ------
	-------- Loop 13 (sock 2 consumed 224.694045, avg temp 33.666667, final temp 33 ) ------
Loop 14 <line-99> - Time 7.176838 Total energy consumed 292.808520 Ave. Power Level 40.799097
	-------- Loop 14 (sock 1 consumed 144.500340, avg temp 37.333333, final temp 37 ) ------
	-------- Loop 14 (sock 2 consumed 148.308180, avg temp 33.333333, final temp 33 ) ------
Loop 15 <line-160> - Time 0.144428 Total energy consumed 6.557055 Ave. Power Level 45.400215
	-------- Loop 15 (sock 1 consumed 3.341370, avg temp 37.000000, final temp 37 ) ------
	-------- Loop 15 (sock 2 consumed 3.215685, avg temp 33.333333, final temp 33 ) ------
Loop 16 <line-269> - Time 5.203904 Total energy consumed 200.342730 Ave. Power Level 38.498548
	-------- Loop 16 (sock 1 consumed 98.514345, avg temp 37.190476, final temp 38 ) ------
	-------- Loop 16 (sock 2 consumed 101.828385, avg temp 33.333333, final temp 33 ) ------
Loop 17 <line-300> - Time 0.002169 Total energy consumed 0.000000 Ave. Power Level 0.000000
	-------- Loop 17 (sock 1 consumed 0.000000, avg temp 37.250000, final temp 38 ) ------
	-------- Loop 17 (sock 2 consumed 0.000000, avg temp 33.562500, final temp 33 ) ------
Loop 18 <line-147> - Time 0.000465 Total energy consumed 0.000000 Ave. Power Level 0.000000
	-------- Loop 18 (sock 1 consumed 0.000000, avg temp 38.000000, final temp 38 ) ------
	-------- Loop 18 (sock 2 consumed 0.000000, avg temp 33.000000, final temp 33 ) ------
Application(EnergyStat) - Time 47.710689 Total energy consumed 2007.945150 Ave. Power Level 42.085855 Final Temperature socket 1 : 38  socket 2 : 33 
