Memory used: 1.28906
Loading 32-bit binary file: pnnl.bin, numvertices: 2361670, numEdges: 191402826
File read time: 3.11549
Before allocating graph
Allocated graph: 0x18e9550
Processing edges for vertex: 0, range(0, 166)
Processing edges for vertex: 100000, range(58444108, 58444133)
Processing edges for vertex: 200000, range(84376057, 84376362)
Processing edges for vertex: 300000, range(106069163, 106069503)
Processing edges for vertex: 400000, range(122097114, 122097513)
Processing edges for vertex: 500000, range(135096418, 135096483)
Processing edges for vertex: 600000, range(146097008, 146097061)
Processing edges for vertex: 700000, range(155415410, 155415531)
Processing edges for vertex: 800000, range(162595900, 162595989)
Processing edges for vertex: 900000, range(168508374, 168508464)
Processing edges for vertex: 1000000, range(173203321, 173203442)
Processing edges for vertex: 1100000, range(176935100, 176935110)
Processing edges for vertex: 1200000, range(179876260, 179876270)
Processing edges for vertex: 1300000, range(182240081, 182240092)
Processing edges for vertex: 1400000, range(184224513, 184224521)
Processing edges for vertex: 1500000, range(185795161, 185795170)
Processing edges for vertex: 1600000, range(187104124, 187104130)
Processing edges for vertex: 1700000, range(188148455, 188148461)
Processing edges for vertex: 1800000, range(188997836, 188997842)
Processing edges for vertex: 1900000, range(189691532, 189691535)
Processing edges for vertex: 2000000, range(190254658, 190254660)
Processing edges for vertex: 2100000, range(190705814, 190705822)
Processing edges for vertex: 2200000, range(191052755, 191052764)
Processing edges for vertex: 2300000, range(191302662, 191302663)
Graph populate time: 16.5715
Total I/O time: 19.687
Running on: 16 threads
Loaded graph from file: pnnl.bin
Memory used: 2949.09
Maximum degree for the graph: 5520
Iteration: 0, conflicts: 64
Iteration: 1, conflicts: 7
Iteration: 2, conflicts: 2
Iteration: 3, conflicts: 1
Iteration: 4, conflicts: 0
Total number of colors used: 1193
Total number of conflicts overall: 0
Number of rounds: 5
SUCCESS: No conflicts found
Coloring time: 1.28636
Memory used: 2949.09
Number of reordered colors: 1016
End position for large colors: 0, node count: 550518, largest: 550518
Node count cutoff: 472334
e_xx: 1.1959e+08, a2_x: 6.0593e+11, currMod: 0.624789
e_xx: 1.62687e+08, a2_x: 6.41628e+11, currMod: 0.849955
e_xx: 1.69706e+08, a2_x: 5.46791e+11, currMod: 0.886628
e_xx: 1.72048e+08, a2_x: 5.65194e+11, currMod: 0.898865
e_xx: 1.73222e+08, a2_x: 5.51512e+11, currMod: 0.904995
currMod: 0.898865, prevMod: -1
Louvain time: 13.7476
numClusters: 205082, time: 0.225697
Next phase: 2
Memory used: 2949.09
End Structure 1330162 205082 vs 2863670
Build next level time: 6.84935
Iteration time: 20.8291
Memory used: 2949.09
e_xx: 1.69973e+08, a2_x: 5.54594e+11, currMod: 0.903379
e_xx: 1.8021e+08, a2_x: 3.50521e+11, currMod: 0.957789
e_xx: 1.82933e+08, a2_x: 2.52901e+11, currMod: 0.972269
e_xx: 1.83278e+08, a2_x: 2.65938e+11, currMod: 0.974101
e_xx: 1.83334e+08, a2_x: 2.27213e+11, currMod: 0.974399
e_xx: 1.83441e+08, a2_x: 2.30791e+11, currMod: 0.974965
e_xx: 1.83441e+08, a2_x: 2.30939e+11, currMod: 0.974966
e_xx: 1.83508e+08, a2_x: 2.3165e+11, currMod: 0.975321
e_xx: 1.83479e+08, a2_x: 2.15578e+11, currMod: 0.975168
currMod: 0.975321, prevMod: 0.898865
Louvain time: 4.39999
numClusters: 54851, time: 0.035068
Next phase: 3
Memory used: 2949.09
End Structure 577817 54851 vs 1210476
Build next level time: 0.357235
Iteration time: 4.79342
Memory used: 2949.09
e_xx: 1.83507e+08, a2_x: 2.27883e+11, currMod: 0.975321
e_xx: 1.84442e+08, a2_x: 1.02275e+11, currMod: 0.980296
e_xx: 1.84615e+08, a2_x: 5.56151e+10, currMod: 0.981217
e_xx: 1.84677e+08, a2_x: 7.07902e+10, currMod: 0.981543
e_xx: 1.84665e+08, a2_x: 5.77862e+10, currMod: 0.98148
currMod: 0.981543, prevMod: 0.975321
Louvain time: 1.26703
numClusters: 26100, time: 0.011535
Next phase: 4
Memory used: 2949.09
End Structure 184986 26100 vs 396071
Build next level time: 0.151542
Iteration time: 1.4307
Memory used: 2949.09
e_xx: 1.84677e+08, a2_x: 7.29901e+10, currMod: 0.981522
e_xx: 1.84867e+08, a2_x: 2.48953e+10, currMod: 0.982536
e_xx: 1.84943e+08, a2_x: 2.10531e+10, currMod: 0.982941
e_xx: 1.84945e+08, a2_x: 3.02613e+10, currMod: 0.982948
e_xx: 1.84946e+08, a2_x: 3.84462e+10, currMod: 0.982955
e_xx: 1.84945e+08, a2_x: 3.66263e+10, currMod: 0.982949
currMod: 0.982955, prevMod: 0.981543
Louvain time: 0.744811
numClusters: 22143, time: 0.007446
Next phase: 5
Memory used: 2949.09
End Structure 85541 22143 vs 193225
Build next level time: 0.067223
Iteration time: 0.820219
Memory used: 2949.09
e_xx: 1.84946e+08, a2_x: 3.8578e+10, currMod: 0.98295
e_xx: 1.84949e+08, a2_x: 5.72309e+10, currMod: 0.982966
e_xx: 1.84949e+08, a2_x: 4.41827e+10, currMod: 0.982967
currMod: 0.982966, prevMod: 0.982955
Louvain time: 0.195455
numClusters: 22007, time: 0.006579
Next phase: 6
Memory used: 2949.09
End Structure 77466 22007 vs 176939
Build next level time: 0.052041
Iteration time: 0.254469
Memory used: 2949.09
e_xx: 1.84949e+08, a2_x: 5.7631e+10, currMod: 0.982966
e_xx: 1.84949e+08, a2_x: 5.15424e+10, currMod: 0.982967
currMod: 0.982966, prevMod: 0.982966
Louvain time: 0.115841
numClusters: 22007, time: 0.00651
Maximum degree for the graph: 497
Iteration: 0, conflicts: 0
Total number of colors used: 180
Total number of conflicts overall: 0
Number of rounds: 1
SUCCESS: No conflicts found
Number of reordered colors: 173
End position for large colors: 0, node count: 21560, largest: 21560
Node count cutoff: 4402
e_xx: 1.85098e+08, a2_x: 2.48162e+10, currMod: 0.983758
e_xx: 1.87912e+08, a2_x: 1.34305e+10, currMod: 0.998715
e_xx: 1.87914e+08, a2_x: 1.87827e+10, currMod: 0.998722
e_xx: 1.87941e+08, a2_x: 8.96888e+09, currMod: 0.998868
e_xx: 1.87881e+08, a2_x: 1.35777e+10, currMod: 0.99855
End Structure 315 21571 vs 22201
currMod: 0.998868, prevMod: 0.982966
numClusters: 21571
Total iteration time: 28.1279

Loop 0 <line-37> - Time 0.000953 Total energy consumed 0.037920 Ave. Power Level 39.786421
	-------- Loop 0 (sock 1 consumed 0.019935, avg temp 37.000000, final temp 38 ) ------
	-------- Loop 0 (sock 2 consumed 0.017985, avg temp 32.500000, final temp 33 ) ------
Loop 1 <line-54> - Time 0.000457 Total energy consumed 0.000000 Ave. Power Level 0.000000
	-------- Loop 1 (sock 1 consumed 0.000000, avg temp 37.500000, final temp 38 ) ------
	-------- Loop 1 (sock 2 consumed 0.000000, avg temp 32.500000, final temp 33 ) ------
Loop 2 <line-76> - Time 0.000497 Total energy consumed 0.000000 Ave. Power Level 0.000000
	-------- Loop 2 (sock 1 consumed 0.000000, avg temp 37.500000, final temp 38 ) ------
	-------- Loop 2 (sock 2 consumed 0.000000, avg temp 32.500000, final temp 33 ) ------
Loop 3 <line-170> - Time 0.786304 Total energy consumed 32.953965 Ave. Power Level 41.909938
	-------- Loop 3 (sock 1 consumed 16.282005, avg temp 37.166667, final temp 38 ) ------
	-------- Loop 3 (sock 2 consumed 16.671960, avg temp 33.000000, final temp 33 ) ------
Loop 4 <line-192> - Time 0.000435 Total energy consumed 0.000000 Ave. Power Level 0.000000
	-------- Loop 4 (sock 1 consumed 0.000000, avg temp 37.500000, final temp 38 ) ------
	-------- Loop 4 (sock 2 consumed 0.000000, avg temp 33.000000, final temp 33 ) ------
Loop 5 <line-222> - Time 0.272961 Total energy consumed 11.698635 Ave. Power Level 42.858297
	-------- Loop 5 (sock 1 consumed 5.917575, avg temp 37.500000, final temp 38 ) ------
	-------- Loop 5 (sock 2 consumed 5.781060, avg temp 33.000000, final temp 33 ) ------
Loop 6 <line-115> - Time 0.002752 Total energy consumed 0.113055 Ave. Power Level 41.083674
	-------- Loop 6 (sock 1 consumed 0.059415, avg temp 37.333333, final temp 37 ) ------
	-------- Loop 6 (sock 2 consumed 0.053640, avg temp 33.000000, final temp 33 ) ------
Loop 7 <line-334> - Time 0.674733 Total energy consumed 26.835735 Ave. Power Level 39.772404
	-------- Loop 7 (sock 1 consumed 13.446360, avg temp 37.571429, final temp 38 ) ------
	-------- Loop 7 (sock 2 consumed 13.389375, avg temp 32.714286, final temp 33 ) ------
Loop 8 <line-353> - Time 0.000682 Total energy consumed 0.000000 Ave. Power Level 0.000000
	-------- Loop 8 (sock 1 consumed 0.000000, avg temp 37.571429, final temp 38 ) ------
	-------- Loop 8 (sock 2 consumed 0.000000, avg temp 32.714286, final temp 33 ) ------
Loop 9 <line-375> - Time 0.001117 Total energy consumed 0.000000 Ave. Power Level 0.000000
	-------- Loop 9 (sock 1 consumed 0.000000, avg temp 37.571429, final temp 38 ) ------
	-------- Loop 9 (sock 2 consumed 0.000000, avg temp 32.714286, final temp 33 ) ------
Loop 10 <line-85> - Time 0.271929 Total energy consumed 15.142785 Ave. Power Level 55.686562
	-------- Loop 10 (sock 1 consumed 7.632705, avg temp 38.000000, final temp 38 ) ------
	-------- Loop 10 (sock 2 consumed 7.510080, avg temp 32.750000, final temp 33 ) ------
Loop 11 <line-131> - Time 0.005913 Total energy consumed 0.376980 Ave. Power Level 63.755733
	-------- Loop 11 (sock 1 consumed 0.205260, avg temp 38.000000, final temp 38 ) ------
	-------- Loop 11 (sock 2 consumed 0.171720, avg temp 32.500000, final temp 33 ) ------
Loop 12 <line-167> - Time 0.399384 Total energy consumed 22.799490 Ave. Power Level 57.086667
	-------- Loop 12 (sock 1 consumed 11.581665, avg temp 38.000000, final temp 38 ) ------
	-------- Loop 12 (sock 2 consumed 11.217825, avg temp 33.500000, final temp 34 ) ------
Loop 13 <line-213> - Time 8.066373 Total energy consumed 463.167195 Ave. Power Level 57.419512
	-------- Loop 13 (sock 1 consumed 235.727280, avg temp 38.200000, final temp 38 ) ------
	-------- Loop 13 (sock 2 consumed 227.439915, avg temp 34.000000, final temp 34 ) ------
Loop 14 <line-99> - Time 6.948417 Total energy consumed 287.378040 Ave. Power Level 41.358776
	-------- Loop 14 (sock 1 consumed 146.454000, avg temp 38.166667, final temp 39 ) ------
	-------- Loop 14 (sock 2 consumed 140.924040, avg temp 33.000000, final temp 33 ) ------
Loop 15 <line-160> - Time 0.152094 Total energy consumed 6.988185 Ave. Power Level 45.946593
	-------- Loop 15 (sock 1 consumed 3.545745, avg temp 37.833333, final temp 39 ) ------
	-------- Loop 15 (sock 2 consumed 3.442440, avg temp 32.833333, final temp 33 ) ------
Loop 16 <line-269> - Time 6.682518 Total energy consumed 259.473105 Ave. Power Level 38.828641
	-------- Loop 16 (sock 1 consumed 128.704035, avg temp 37.080000, final temp 37 ) ------
	-------- Loop 16 (sock 2 consumed 130.769070, avg temp 32.840000, final temp 32 ) ------
Loop 17 <line-300> - Time 0.002812 Total energy consumed 0.000000 Ave. Power Level 0.000000
	-------- Loop 17 (sock 1 consumed 0.000000, avg temp 37.050000, final temp 37 ) ------
	-------- Loop 17 (sock 2 consumed 0.000000, avg temp 32.950000, final temp 33 ) ------
Loop 18 <line-147> - Time 0.000464 Total energy consumed 0.000000 Ave. Power Level 0.000000
	-------- Loop 18 (sock 1 consumed 0.000000, avg temp 38.000000, final temp 38 ) ------
	-------- Loop 18 (sock 2 consumed 0.000000, avg temp 33.000000, final temp 33 ) ------
Application(EnergyStat) - Time 49.300496 Total energy consumed 2076.482280 Ave. Power Level 42.118892 Final Temperature socket 1 : 38  socket 2 : 34 
