Memory used: 1.29688
Loading 32-bit binary file: pnnl.bin, numvertices: 2361670, numEdges: 191402826
File read time: 3.10043
Before allocating graph
Allocated graph: 0x1055550
Processing edges for vertex: 0, range(0, 166)
Processing edges for vertex: 100000, range(58444108, 58444133)
Processing edges for vertex: 200000, range(84376057, 84376362)
Processing edges for vertex: 300000, range(106069163, 106069503)
Processing edges for vertex: 400000, range(122097114, 122097513)
Processing edges for vertex: 500000, range(135096418, 135096483)
Processing edges for vertex: 600000, range(146097008, 146097061)
Processing edges for vertex: 700000, range(155415410, 155415531)
Processing edges for vertex: 800000, range(162595900, 162595989)
Processing edges for vertex: 900000, range(168508374, 168508464)
Processing edges for vertex: 1000000, range(173203321, 173203442)
Processing edges for vertex: 1100000, range(176935100, 176935110)
Processing edges for vertex: 1200000, range(179876260, 179876270)
Processing edges for vertex: 1300000, range(182240081, 182240092)
Processing edges for vertex: 1400000, range(184224513, 184224521)
Processing edges for vertex: 1500000, range(185795161, 185795170)
Processing edges for vertex: 1600000, range(187104124, 187104130)
Processing edges for vertex: 1700000, range(188148455, 188148461)
Processing edges for vertex: 1800000, range(188997836, 188997842)
Processing edges for vertex: 1900000, range(189691532, 189691535)
Processing edges for vertex: 2000000, range(190254658, 190254660)
Processing edges for vertex: 2100000, range(190705814, 190705822)
Processing edges for vertex: 2200000, range(191052755, 191052764)
Processing edges for vertex: 2300000, range(191302662, 191302663)
Graph populate time: 16.543
Total I/O time: 19.6435
Running on: 16 threads
Loaded graph from file: pnnl.bin
Memory used: 2949.1
Maximum degree for the graph: 5520
Iteration: 0, conflicts: 37
Iteration: 1, conflicts: 6
Iteration: 2, conflicts: 4
Iteration: 3, conflicts: 3
Iteration: 4, conflicts: 2
Iteration: 5, conflicts: 1
Iteration: 6, conflicts: 0
Total number of colors used: 1194
Total number of conflicts overall: 0
Number of rounds: 7
SUCCESS: No conflicts found
Coloring time: 1.24281
Memory used: 2949.1
Number of reordered colors: 1010
End position for large colors: 0, node count: 550537, largest: 550537
Node count cutoff: 472334
e_xx: 1.17709e+08, a2_x: 6.2411e+11, currMod: 0.614965
e_xx: 1.60731e+08, a2_x: 6.0514e+11, currMod: 0.839738
e_xx: 1.67326e+08, a2_x: 5.5756e+11, currMod: 0.874195
e_xx: 1.6978e+08, a2_x: 4.89056e+11, currMod: 0.887014
e_xx: 1.71003e+08, a2_x: 4.53375e+11, currMod: 0.893409
currMod: 0.887014, prevMod: -1
Louvain time: 13.5676
numClusters: 204742, time: 0.226204
Next phase: 2
Memory used: 2949.1
End Structure 1302087 204742 vs 2807080
Build next level time: 7.18175
Iteration time: 20.9818
Memory used: 2949.1
e_xx: 1.66111e+08, a2_x: 4.52339e+11, currMod: 0.890641
e_xx: 1.78196e+08, a2_x: 3.29733e+11, currMod: 0.955442
e_xx: 1.81245e+08, a2_x: 3.04669e+11, currMod: 0.971793
e_xx: 1.81624e+08, a2_x: 2.60286e+11, currMod: 0.973824
e_xx: 1.81608e+08, a2_x: 2.80783e+11, currMod: 0.973737
currMod: 0.973824, prevMod: 0.887014
Louvain time: 2.57059
numClusters: 61168, time: 0.036009
Next phase: 3
Memory used: 2949.1
End Structure 658142 61168 vs 1377427
Build next level time: 0.322058
Iteration time: 2.92971
Memory used: 2949.1
e_xx: 1.81623e+08, a2_x: 2.62803e+11, currMod: 0.973824
e_xx: 1.8264e+08, a2_x: 1.01554e+11, currMod: 0.979284
e_xx: 1.82786e+08, a2_x: 8.33825e+10, currMod: 0.980066
e_xx: 1.82888e+08, a2_x: 5.44439e+10, currMod: 0.980611
e_xx: 1.82838e+08, a2_x: 6.80087e+10, currMod: 0.980343
currMod: 0.980611, prevMod: 0.973824
Louvain time: 1.39869
numClusters: 26880, time: 0.012629
Next phase: 4
Memory used: 2949.1
End Structure 208447 26880 vs 443773
Build next level time: 0.188191
Iteration time: 1.60014
Memory used: 2949.1
e_xx: 1.82888e+08, a2_x: 5.1655e+10, currMod: 0.980585
e_xx: 1.83207e+08, a2_x: 1.4186e+10, currMod: 0.9823
e_xx: 1.83238e+08, a2_x: 2.70625e+10, currMod: 0.982461
e_xx: 1.83239e+08, a2_x: 2.88053e+10, currMod: 0.982467
e_xx: 1.83238e+08, a2_x: 1.93548e+10, currMod: 0.982466
currMod: 0.982467, prevMod: 0.980611
Louvain time: 0.624573
numClusters: 22238, time: 0.007591
Next phase: 5
Memory used: 2949.1
End Structure 96758 22238 vs 215754
Build next level time: 0.078169
Iteration time: 0.710875
Memory used: 2949.1
e_xx: 1.83239e+08, a2_x: 2.79117e+10, currMod: 0.982463
e_xx: 1.83243e+08, a2_x: 3.55293e+10, currMod: 0.982486
e_xx: 1.83243e+08, a2_x: 3.66794e+10, currMod: 0.982488
e_xx: 1.83245e+08, a2_x: 2.70418e+10, currMod: 0.982497
e_xx: 1.83244e+08, a2_x: 2.33491e+10, currMod: 0.982492
currMod: 0.982497, prevMod: 0.982467
Louvain time: 0.362858
numClusters: 21974, time: 0.006574
Next phase: 6
Memory used: 2949.1
End Structure 73403 21974 vs 168780
Build next level time: 0.04659
Iteration time: 0.416368
Memory used: 2949.1
e_xx: 1.83245e+08, a2_x: 2.47125e+10, currMod: 0.982497
e_xx: 1.83245e+08, a2_x: 2.78594e+10, currMod: 0.982497
currMod: 0.982497, prevMod: 0.982497
Louvain time: 0.110238
numClusters: 21974, time: 0.006488
Maximum degree for the graph: 474
Iteration: 0, conflicts: 0
Total number of colors used: 185
Total number of conflicts overall: 0
Number of rounds: 1
SUCCESS: No conflicts found
Number of reordered colors: 180
End position for large colors: 0, node count: 21551, largest: 21551
Node count cutoff: 4395
e_xx: 1.83263e+08, a2_x: 2.85437e+10, currMod: 0.98259
e_xx: 1.83873e+08, a2_x: 3.43764e+10, currMod: 0.985861
e_xx: 1.86239e+08, a2_x: 6.95956e+09, currMod: 0.998548
e_xx: 1.86172e+08, a2_x: 5.54674e+09, currMod: 0.998192
End Structure 394 21567 vs 22355
currMod: 0.998548, prevMod: 0.982497
numClusters: 21567
Total iteration time: 26.6389

Loop 0 <line-37> - Time 0.000959 Total energy consumed 0.037230 Ave. Power Level 38.825576
	-------- Loop 0 (sock 1 consumed 0.019260, avg temp 36.000000, final temp 36 ) ------
	-------- Loop 0 (sock 2 consumed 0.017970, avg temp 33.000000, final temp 33 ) ------
Loop 1 <line-54> - Time 0.000468 Total energy consumed 0.000000 Ave. Power Level 0.000000
	-------- Loop 1 (sock 1 consumed 0.000000, avg temp 36.000000, final temp 36 ) ------
	-------- Loop 1 (sock 2 consumed 0.000000, avg temp 33.000000, final temp 33 ) ------
Loop 2 <line-76> - Time 0.000451 Total energy consumed 0.000000 Ave. Power Level 0.000000
	-------- Loop 2 (sock 1 consumed 0.000000, avg temp 36.000000, final temp 36 ) ------
	-------- Loop 2 (sock 2 consumed 0.000000, avg temp 33.000000, final temp 33 ) ------
Loop 3 <line-170> - Time 0.720908 Total energy consumed 30.903255 Ave. Power Level 42.867134
	-------- Loop 3 (sock 1 consumed 16.280820, avg temp 36.000000, final temp 36 ) ------
	-------- Loop 3 (sock 2 consumed 14.622435, avg temp 33.000000, final temp 33 ) ------
Loop 4 <line-192> - Time 0.000481 Total energy consumed 0.000000 Ave. Power Level 0.000000
	-------- Loop 4 (sock 1 consumed 0.000000, avg temp 36.000000, final temp 36 ) ------
	-------- Loop 4 (sock 2 consumed 0.000000, avg temp 33.000000, final temp 33 ) ------
Loop 5 <line-222> - Time 0.292536 Total energy consumed 12.562755 Ave. Power Level 42.944372
	-------- Loop 5 (sock 1 consumed 6.291510, avg temp 36.000000, final temp 36 ) ------
	-------- Loop 5 (sock 2 consumed 6.271245, avg temp 33.500000, final temp 33 ) ------
Loop 6 <line-115> - Time 0.002355 Total energy consumed 0.056115 Ave. Power Level 23.826174
	-------- Loop 6 (sock 1 consumed 0.019590, avg temp 36.500000, final temp 36 ) ------
	-------- Loop 6 (sock 2 consumed 0.036525, avg temp 32.833333, final temp 33 ) ------
Loop 7 <line-334> - Time 0.645449 Total energy consumed 25.807410 Ave. Power Level 39.983641
	-------- Loop 7 (sock 1 consumed 13.321005, avg temp 36.857143, final temp 36 ) ------
	-------- Loop 7 (sock 2 consumed 12.486405, avg temp 33.285714, final temp 33 ) ------
Loop 8 <line-353> - Time 0.000785 Total energy consumed 0.054555 Ave. Power Level 69.496727
	-------- Loop 8 (sock 1 consumed 0.035895, avg temp 36.857143, final temp 36 ) ------
	-------- Loop 8 (sock 2 consumed 0.018660, avg temp 33.285714, final temp 33 ) ------
Loop 9 <line-375> - Time 0.001175 Total energy consumed 0.000000 Ave. Power Level 0.000000
	-------- Loop 9 (sock 1 consumed 0.000000, avg temp 36.857143, final temp 36 ) ------
	-------- Loop 9 (sock 2 consumed 0.000000, avg temp 33.285714, final temp 33 ) ------
Loop 10 <line-85> - Time 0.274264 Total energy consumed 15.198615 Ave. Power Level 55.416053
	-------- Loop 10 (sock 1 consumed 7.669020, avg temp 36.500000, final temp 36 ) ------
	-------- Loop 10 (sock 2 consumed 7.529595, avg temp 33.500000, final temp 33 ) ------
Loop 11 <line-131> - Time 0.005706 Total energy consumed 0.294135 Ave. Power Level 51.551984
	-------- Loop 11 (sock 1 consumed 0.149205, avg temp 36.500000, final temp 36 ) ------
	-------- Loop 11 (sock 2 consumed 0.144930, avg temp 34.000000, final temp 33 ) ------
Loop 12 <line-167> - Time 0.383407 Total energy consumed 22.035525 Ave. Power Level 57.472923
	-------- Loop 12 (sock 1 consumed 11.171910, avg temp 37.000000, final temp 37 ) ------
	-------- Loop 12 (sock 2 consumed 10.863615, avg temp 33.500000, final temp 33 ) ------
Loop 13 <line-213> - Time 7.979774 Total energy consumed 458.708100 Ave. Power Level 57.483843
	-------- Loop 13 (sock 1 consumed 233.396055, avg temp 37.666667, final temp 36 ) ------
	-------- Loop 13 (sock 2 consumed 225.312045, avg temp 34.111111, final temp 33 ) ------
Loop 14 <line-99> - Time 7.246890 Total energy consumed 293.629740 Ave. Power Level 40.518036
	-------- Loop 14 (sock 1 consumed 147.787815, avg temp 36.833333, final temp 37 ) ------
	-------- Loop 14 (sock 2 consumed 145.841925, avg temp 33.500000, final temp 33 ) ------
Loop 15 <line-160> - Time 0.160671 Total energy consumed 7.356000 Ave. Power Level 45.782938
	-------- Loop 15 (sock 1 consumed 3.731775, avg temp 36.833333, final temp 37 ) ------
	-------- Loop 15 (sock 2 consumed 3.624225, avg temp 33.166667, final temp 33 ) ------
Loop 16 <line-269> - Time 5.029811 Total energy consumed 194.365785 Ave. Power Level 38.642762
	-------- Loop 16 (sock 1 consumed 96.787080, avg temp 36.545455, final temp 36 ) ------
	-------- Loop 16 (sock 2 consumed 97.578705, avg temp 32.772727, final temp 33 ) ------
Loop 17 <line-300> - Time 0.001844 Total energy consumed 0.000000 Ave. Power Level 0.000000
	-------- Loop 17 (sock 1 consumed 0.000000, avg temp 36.529412, final temp 36 ) ------
	-------- Loop 17 (sock 2 consumed 0.000000, avg temp 32.764706, final temp 32 ) ------
Loop 18 <line-147> - Time 0.000472 Total energy consumed 0.000000 Ave. Power Level 0.000000
	-------- Loop 18 (sock 1 consumed 0.000000, avg temp 36.000000, final temp 36 ) ------
	-------- Loop 18 (sock 2 consumed 0.000000, avg temp 33.000000, final temp 33 ) ------
Application(EnergyStat) - Time 47.713284 Total energy consumed 2008.055325 Ave. Power Level 42.085876 Final Temperature socket 1 : 37  socket 2 : 34 
