Memory used: 1.29297
Loading 32-bit binary file: pnnl.bin, numvertices: 2361670, numEdges: 191402826
File read time: 2.70142
Before allocating graph
Allocated graph: 0xa5c550
Processing edges for vertex: 0, range(0, 166)
Processing edges for vertex: 100000, range(58444108, 58444133)
Processing edges for vertex: 200000, range(84376057, 84376362)
Processing edges for vertex: 300000, range(106069163, 106069503)
Processing edges for vertex: 400000, range(122097114, 122097513)
Processing edges for vertex: 500000, range(135096418, 135096483)
Processing edges for vertex: 600000, range(146097008, 146097061)
Processing edges for vertex: 700000, range(155415410, 155415531)
Processing edges for vertex: 800000, range(162595900, 162595989)
Processing edges for vertex: 900000, range(168508374, 168508464)
Processing edges for vertex: 1000000, range(173203321, 173203442)
Processing edges for vertex: 1100000, range(176935100, 176935110)
Processing edges for vertex: 1200000, range(179876260, 179876270)
Processing edges for vertex: 1300000, range(182240081, 182240092)
Processing edges for vertex: 1400000, range(184224513, 184224521)
Processing edges for vertex: 1500000, range(185795161, 185795170)
Processing edges for vertex: 1600000, range(187104124, 187104130)
Processing edges for vertex: 1700000, range(188148455, 188148461)
Processing edges for vertex: 1800000, range(188997836, 188997842)
Processing edges for vertex: 1900000, range(189691532, 189691535)
Processing edges for vertex: 2000000, range(190254658, 190254660)
Processing edges for vertex: 2100000, range(190705814, 190705822)
Processing edges for vertex: 2200000, range(191052755, 191052764)
Processing edges for vertex: 2300000, range(191302662, 191302663)
Graph populate time: 13.5179
Total I/O time: 16.2194
Running on: 16 threads
Loaded graph from file: pnnl.bin
Memory used: 2949.09
Maximum degree for the graph: 5520
Iteration: 0, conflicts: 45
Iteration: 1, conflicts: 10
Iteration: 2, conflicts: 5
Iteration: 3, conflicts: 0
Total number of colors used: 1195
Total number of conflicts overall: 0
Number of rounds: 4
SUCCESS: No conflicts found
Coloring time: 1.01922
Memory used: 2949.09
Number of reordered colors: 1019
End position for large colors: 0, node count: 550373, largest: 550373
Node count cutoff: 472334
e_xx: 1.24117e+08, a2_x: 6.43195e+11, currMod: 0.648441
e_xx: 1.67432e+08, a2_x: 5.38441e+11, currMod: 0.874748
e_xx: 1.73702e+08, a2_x: 5.28977e+11, currMod: 0.907506
e_xx: 1.76215e+08, a2_x: 5.53696e+11, currMod: 0.920635
e_xx: 1.77503e+08, a2_x: 5.33956e+11, currMod: 0.927364
currMod: 0.920635, prevMod: -1
Louvain time: 11.0674
numClusters: 204114, time: 0.201553
Next phase: 2
Memory used: 2949.09
End Structure 1288785 204114 vs 2780027
Build next level time: 5.7738
Iteration time: 17.049
Memory used: 2949.09
e_xx: 1.55505e+08, a2_x: 5.35439e+11, currMod: 0.91797
e_xx: 1.62768e+08, a2_x: 3.18752e+11, currMod: 0.960852
e_xx: 1.63768e+08, a2_x: 3.03249e+11, currMod: 0.966756
e_xx: 1.64072e+08, a2_x: 2.66236e+11, currMod: 0.96855
e_xx: 1.64113e+08, a2_x: 2.94446e+11, currMod: 0.968794
e_xx: 1.64209e+08, a2_x: 2.65498e+11, currMod: 0.969362
e_xx: 1.64185e+08, a2_x: 2.96247e+11, currMod: 0.969218
currMod: 0.969362, prevMod: 0.920635
Louvain time: 2.88448
numClusters: 56008, time: 0.02955
Next phase: 3
Memory used: 2949.09
End Structure 580190 56008 vs 1216375
Build next level time: 0.295207
Iteration time: 3.21008
Memory used: 2949.09
e_xx: 1.64209e+08, a2_x: 2.63694e+11, currMod: 0.969336
e_xx: 1.6559e+08, a2_x: 9.27232e+10, currMod: 0.977493
e_xx: 1.65676e+08, a2_x: 8.27869e+10, currMod: 0.978001
e_xx: 1.65701e+08, a2_x: 8.74248e+10, currMod: 0.978148
e_xx: 1.65703e+08, a2_x: 8.99314e+10, currMod: 0.978161
e_xx: 1.6571e+08, a2_x: 7.30266e+10, currMod: 0.978203
e_xx: 1.65706e+08, a2_x: 9.86747e+10, currMod: 0.978176
currMod: 0.978203, prevMod: 0.969362
Louvain time: 1.43189
numClusters: 25603, time: 0.009346
Next phase: 4
Memory used: 2949.09
End Structure 187159 25603 vs 399921
Build next level time: 0.136282
Iteration time: 1.57808
Memory used: 2949.09
e_xx: 1.6571e+08, a2_x: 7.26133e+10, currMod: 0.978188
e_xx: 1.66022e+08, a2_x: 4.51164e+10, currMod: 0.980028
e_xx: 1.66046e+08, a2_x: 3.24919e+10, currMod: 0.98017
e_xx: 1.66045e+08, a2_x: 3.68965e+10, currMod: 0.980169
currMod: 0.98017, prevMod: 0.978203
Louvain time: 0.367059
numClusters: 22281, time: 0.005922
Next phase: 5
Memory used: 2949.09
End Structure 103050 22281 vs 228381
Build next level time: 0.06258
Iteration time: 0.436171
Memory used: 2949.09
e_xx: 1.66046e+08, a2_x: 3.16635e+10, currMod: 0.980168
e_xx: 1.66048e+08, a2_x: 3.21279e+10, currMod: 0.980184
e_xx: 1.66049e+08, a2_x: 2.0522e+10, currMod: 0.980186
e_xx: 1.6605e+08, a2_x: 2.44072e+10, currMod: 0.980192
e_xx: 1.66049e+08, a2_x: 2.33574e+10, currMod: 0.980188
currMod: 0.980192, prevMod: 0.98017
Louvain time: 0.306994
numClusters: 22001, time: 0.005265
Next phase: 6
Memory used: 2949.09
End Structure 80986 22001 vs 183973
Build next level time: 0.045607
Iteration time: 0.35834
Memory used: 2949.09
e_xx: 1.6605e+08, a2_x: 2.49813e+10, currMod: 0.980192
e_xx: 1.6605e+08, a2_x: 2.42586e+10, currMod: 0.980192
currMod: 0.980192, prevMod: 0.980192
Louvain time: 0.097844
numClusters: 22001, time: 0.005225
Maximum degree for the graph: 500
Iteration: 0, conflicts: 0
Total number of colors used: 180
Total number of conflicts overall: 0
Number of rounds: 1
SUCCESS: No conflicts found
Number of reordered colors: 179
End position for large colors: 0, node count: 21548, largest: 21548
Node count cutoff: 4401
e_xx: 1.66129e+08, a2_x: 1.60764e+10, currMod: 0.98066
e_xx: 1.66132e+08, a2_x: 1.00977e+10, currMod: 0.980677
e_xx: 1.66188e+08, a2_x: 9.71739e+09, currMod: 0.981008
e_xx: 1.66194e+08, a2_x: 7.91971e+09, currMod: 0.981045
e_xx: 1.66227e+08, a2_x: 1.66475e+10, currMod: 0.981237
e_xx: 1.68763e+08, a2_x: 1.64859e+10, currMod: 0.996209
e_xx: 1.68803e+08, a2_x: 1.65284e+10, currMod: 0.996443
e_xx: 1.68797e+08, a2_x: 1.86751e+10, currMod: 0.996407
End Structure 1419 21598 vs 24436
currMod: 0.996443, prevMod: 0.980192
numClusters: 21598
Total iteration time: 22.6317

Loop 0 <line-37> - Time 0.000900 Total energy consumed 0.040305 Ave. Power Level 44.776169
	-------- Loop 0 (sock 1 consumed 0.021390, avg temp 39.000000, final temp 39 ) ------
	-------- Loop 0 (sock 2 consumed 0.018915, avg temp 33.500000, final temp 34 ) ------
Loop 1 <line-54> - Time 0.000409 Total energy consumed 0.000000 Ave. Power Level 0.000000
	-------- Loop 1 (sock 1 consumed 0.000000, avg temp 39.000000, final temp 39 ) ------
	-------- Loop 1 (sock 2 consumed 0.000000, avg temp 33.000000, final temp 34 ) ------
Loop 2 <line-76> - Time 0.000380 Total energy consumed 0.000000 Ave. Power Level 0.000000
	-------- Loop 2 (sock 1 consumed 0.000000, avg temp 39.000000, final temp 39 ) ------
	-------- Loop 2 (sock 2 consumed 0.000000, avg temp 33.000000, final temp 34 ) ------
Loop 3 <line-170> - Time 0.603359 Total energy consumed 28.950105 Ave. Power Level 47.981589
	-------- Loop 3 (sock 1 consumed 14.794065, avg temp 39.000000, final temp 39 ) ------
	-------- Loop 3 (sock 2 consumed 14.156040, avg temp 33.200000, final temp 34 ) ------
Loop 4 <line-192> - Time 0.000355 Total energy consumed 0.000000 Ave. Power Level 0.000000
	-------- Loop 4 (sock 1 consumed 0.000000, avg temp 39.000000, final temp 39 ) ------
	-------- Loop 4 (sock 2 consumed 0.000000, avg temp 33.500000, final temp 34 ) ------
Loop 5 <line-222> - Time 0.230534 Total energy consumed 10.935990 Ave. Power Level 47.437660
	-------- Loop 5 (sock 1 consumed 4.702140, avg temp 39.000000, final temp 39 ) ------
	-------- Loop 5 (sock 2 consumed 6.233850, avg temp 33.500000, final temp 34 ) ------
Loop 6 <line-115> - Time 0.002472 Total energy consumed 0.080610 Ave. Power Level 32.609289
	-------- Loop 6 (sock 1 consumed 0.042690, avg temp 39.000000, final temp 39 ) ------
	-------- Loop 6 (sock 2 consumed 0.037920, avg temp 34.500000, final temp 35 ) ------
Loop 7 <line-334> - Time 0.533497 Total energy consumed 23.136525 Ave. Power Level 43.367703
	-------- Loop 7 (sock 1 consumed 11.443545, avg temp 39.285714, final temp 39 ) ------
	-------- Loop 7 (sock 2 consumed 11.692980, avg temp 34.714286, final temp 34 ) ------
Loop 8 <line-353> - Time 0.000542 Total energy consumed 0.000000 Ave. Power Level 0.000000
	-------- Loop 8 (sock 1 consumed 0.000000, avg temp 39.285714, final temp 39 ) ------
	-------- Loop 8 (sock 2 consumed 0.000000, avg temp 34.714286, final temp 34 ) ------
Loop 9 <line-375> - Time 0.001005 Total energy consumed 0.000000 Ave. Power Level 0.000000
	-------- Loop 9 (sock 1 consumed 0.000000, avg temp 39.285714, final temp 39 ) ------
	-------- Loop 9 (sock 2 consumed 0.000000, avg temp 34.714286, final temp 34 ) ------
Loop 10 <line-85> - Time 0.220823 Total energy consumed 14.594460 Ave. Power Level 66.091315
	-------- Loop 10 (sock 1 consumed 7.357170, avg temp 39.500000, final temp 39 ) ------
	-------- Loop 10 (sock 2 consumed 7.237290, avg temp 34.750000, final temp 34 ) ------
Loop 11 <line-131> - Time 0.004562 Total energy consumed 0.277755 Ave. Power Level 60.890473
	-------- Loop 11 (sock 1 consumed 0.140745, avg temp 39.500000, final temp 39 ) ------
	-------- Loop 11 (sock 2 consumed 0.137010, avg temp 35.000000, final temp 34 ) ------
Loop 12 <line-167> - Time 0.312800 Total energy consumed 21.224235 Ave. Power Level 67.852394
	-------- Loop 12 (sock 1 consumed 10.744170, avg temp 39.500000, final temp 39 ) ------
	-------- Loop 12 (sock 2 consumed 10.480065, avg temp 35.500000, final temp 35 ) ------
Loop 13 <line-213> - Time 6.472562 Total energy consumed 440.070690 Ave. Power Level 67.990189
	-------- Loop 13 (sock 1 consumed 221.213745, avg temp 40.384615, final temp 39 ) ------
	-------- Loop 13 (sock 2 consumed 218.856945, avg temp 36.000000, final temp 36 ) ------
Loop 14 <line-99> - Time 5.851940 Total energy consumed 263.822205 Ave. Power Level 45.082865
	-------- Loop 14 (sock 1 consumed 138.309585, avg temp 39.666667, final temp 39 ) ------
	-------- Loop 14 (sock 2 consumed 125.512620, avg temp 34.333333, final temp 34 ) ------
Loop 15 <line-160> - Time 0.127515 Total energy consumed 6.114495 Ave. Power Level 47.951337
	-------- Loop 15 (sock 1 consumed 3.123555, avg temp 39.166667, final temp 39 ) ------
	-------- Loop 15 (sock 2 consumed 2.990940, avg temp 34.500000, final temp 35 ) ------
Loop 16 <line-269> - Time 5.058547 Total energy consumed 211.491330 Ave. Power Level 41.808714
	-------- Loop 16 (sock 1 consumed 105.305775, avg temp 39.240000, final temp 39 ) ------
	-------- Loop 16 (sock 2 consumed 106.185555, avg temp 34.320000, final temp 34 ) ------
Loop 17 <line-300> - Time 0.001976 Total energy consumed 0.000000 Ave. Power Level 0.000000
	-------- Loop 17 (sock 1 consumed 0.000000, avg temp 39.300000, final temp 39 ) ------
	-------- Loop 17 (sock 2 consumed 0.000000, avg temp 34.300000, final temp 35 ) ------
Loop 18 <line-147> - Time 0.000429 Total energy consumed 0.000000 Ave. Power Level 0.000000
	-------- Loop 18 (sock 1 consumed 0.000000, avg temp 39.000000, final temp 39 ) ------
	-------- Loop 18 (sock 2 consumed 0.000000, avg temp 34.000000, final temp 34 ) ------
Application(EnergyStat) - Time 40.056764 Total energy consumed 1863.877155 Ave. Power Level 46.530897 Final Temperature socket 1 : 39  socket 2 : 35 
