Memory used: 1.29297
Loading 32-bit binary file: pnnl.bin, numvertices: 2361670, numEdges: 191402826
File read time: 2.5988
Before allocating graph
Allocated graph: 0x1af5550
Processing edges for vertex: 0, range(0, 166)
Processing edges for vertex: 100000, range(58444108, 58444133)
Processing edges for vertex: 200000, range(84376057, 84376362)
Processing edges for vertex: 300000, range(106069163, 106069503)
Processing edges for vertex: 400000, range(122097114, 122097513)
Processing edges for vertex: 500000, range(135096418, 135096483)
Processing edges for vertex: 600000, range(146097008, 146097061)
Processing edges for vertex: 700000, range(155415410, 155415531)
Processing edges for vertex: 800000, range(162595900, 162595989)
Processing edges for vertex: 900000, range(168508374, 168508464)
Processing edges for vertex: 1000000, range(173203321, 173203442)
Processing edges for vertex: 1100000, range(176935100, 176935110)
Processing edges for vertex: 1200000, range(179876260, 179876270)
Processing edges for vertex: 1300000, range(182240081, 182240092)
Processing edges for vertex: 1400000, range(184224513, 184224521)
Processing edges for vertex: 1500000, range(185795161, 185795170)
Processing edges for vertex: 1600000, range(187104124, 187104130)
Processing edges for vertex: 1700000, range(188148455, 188148461)
Processing edges for vertex: 1800000, range(188997836, 188997842)
Processing edges for vertex: 1900000, range(189691532, 189691535)
Processing edges for vertex: 2000000, range(190254658, 190254660)
Processing edges for vertex: 2100000, range(190705814, 190705822)
Processing edges for vertex: 2200000, range(191052755, 191052764)
Processing edges for vertex: 2300000, range(191302662, 191302663)
Graph populate time: 13.4224
Total I/O time: 16.0212
Running on: 16 threads
Loaded graph from file: pnnl.bin
Memory used: 2949.09
Maximum degree for the graph: 5520
Iteration: 0, conflicts: 35
Iteration: 1, conflicts: 8
Iteration: 2, conflicts: 2
Iteration: 3, conflicts: 1
Iteration: 4, conflicts: 0
Total number of colors used: 1194
Total number of conflicts overall: 0
Number of rounds: 5
SUCCESS: No conflicts found
Coloring time: 0.982831
Memory used: 2949.09
Number of reordered colors: 1014
End position for large colors: 0, node count: 550386, largest: 550386
Node count cutoff: 472334
e_xx: 1.1665e+08, a2_x: 6.61722e+11, currMod: 0.609429
e_xx: 1.59156e+08, a2_x: 6.21147e+11, currMod: 0.831509
e_xx: 1.67581e+08, a2_x: 5.11149e+11, currMod: 0.875529
e_xx: 1.71175e+08, a2_x: 5.04766e+11, currMod: 0.894302
e_xx: 1.73139e+08, a2_x: 5.13695e+11, currMod: 0.904568
e_xx: 1.74724e+08, a2_x: 4.88657e+11, currMod: 0.912849
currMod: 0.904568, prevMod: -1
Louvain time: 12.3454
numClusters: 202215, time: 0.200933
Next phase: 2
Memory used: 2949.09
End Structure 1299614 202215 vs 2800692
Build next level time: 5.06623
Iteration time: 17.6178
Memory used: 2949.09
e_xx: 1.59278e+08, a2_x: 4.88591e+11, currMod: 0.905231
e_xx: 1.69383e+08, a2_x: 3.25651e+11, currMod: 0.962668
e_xx: 1.70776e+08, a2_x: 2.76604e+11, currMod: 0.970586
e_xx: 1.71103e+08, a2_x: 2.52297e+11, currMod: 0.972443
e_xx: 1.71158e+08, a2_x: 2.30663e+11, currMod: 0.972755
e_xx: 1.71254e+08, a2_x: 2.53829e+11, currMod: 0.973301
e_xx: 1.71267e+08, a2_x: 2.14786e+11, currMod: 0.973375
e_xx: 1.71327e+08, a2_x: 2.2802e+11, currMod: 0.973716
e_xx: 1.71325e+08, a2_x: 2.17028e+11, currMod: 0.973709
currMod: 0.973716, prevMod: 0.904568
Louvain time: 3.63629
numClusters: 54772, time: 0.029052
Next phase: 3
Memory used: 2949.09
End Structure 566612 54772 vs 1187991
Build next level time: 0.296793
Iteration time: 3.96318
Memory used: 2949.09
e_xx: 1.71326e+08, a2_x: 2.28725e+11, currMod: 0.973696
e_xx: 1.72374e+08, a2_x: 8.82125e+10, currMod: 0.979657
e_xx: 1.72534e+08, a2_x: 4.53956e+10, currMod: 0.980563
e_xx: 1.72572e+08, a2_x: 4.54635e+10, currMod: 0.980783
e_xx: 1.72574e+08, a2_x: 4.81041e+10, currMod: 0.980791
e_xx: 1.7259e+08, a2_x: 3.81108e+10, currMod: 0.980885
e_xx: 1.72592e+08, a2_x: 5.17989e+10, currMod: 0.980893
e_xx: 1.72602e+08, a2_x: 3.70441e+10, currMod: 0.980951
e_xx: 1.72593e+08, a2_x: 6.28198e+10, currMod: 0.980901
currMod: 0.980951, prevMod: 0.973716
Louvain time: 1.74211
numClusters: 25188, time: 0.009104
Next phase: 4
Memory used: 2949.09
End Structure 177293 25188 vs 379774
Build next level time: 0.133807
Iteration time: 1.88555
Memory used: 2949.09
e_xx: 1.72602e+08, a2_x: 3.63204e+10, currMod: 0.980937
e_xx: 1.72779e+08, a2_x: -1.51568e+10, currMod: 0.981944
e_xx: 1.72785e+08, a2_x: 2.68475e+10, currMod: 0.98198
e_xx: 1.72786e+08, a2_x: 5.99118e+09, currMod: 0.981984
e_xx: 1.72786e+08, a2_x: 3.46883e+10, currMod: 0.981984
currMod: 0.981984, prevMod: 0.980951
Louvain time: 0.479138
numClusters: 22159, time: 0.00586
Next phase: 5
Memory used: 2949.09
End Structure 91340 22159 vs 204839
Build next level time: 0.057209
Iteration time: 0.542685
Memory used: 2949.09
e_xx: 1.72786e+08, a2_x: 7.08788e+09, currMod: 0.981982
e_xx: 1.7279e+08, a2_x: 2.74222e+10, currMod: 0.982005
e_xx: 1.7279e+08, a2_x: 3.18807e+10, currMod: 0.982005
currMod: 0.982005, prevMod: 0.981984
Louvain time: 0.160669
numClusters: 22020, time: 0.005258
Next phase: 6
Memory used: 2949.09
End Structure 79056 22020 vs 180132
Build next level time: 0.0437
Iteration time: 0.209918
Memory used: 2949.09
e_xx: 1.7279e+08, a2_x: 2.46761e+10, currMod: 0.982005
e_xx: 1.7279e+08, a2_x: 2.52067e+10, currMod: 0.982006
e_xx: 1.7279e+08, a2_x: 2.93545e+10, currMod: 0.982007
currMod: 0.982006, prevMod: 0.982005
Louvain time: 0.149571
numClusters: 21981, time: 0.005241
Next phase: 7
Memory used: 2949.09
End Structure 75744 21981 vs 173469
Build next level time: 0.036991
Iteration time: 0.192076
Memory used: 2949.09
e_xx: 1.7279e+08, a2_x: 2.60328e+10, currMod: 0.982006
e_xx: 1.7279e+08, a2_x: 2.7928e+10, currMod: 0.982006
currMod: 0.982006, prevMod: 0.982006
Louvain time: 0.096729
numClusters: 21981, time: 0.005226
Maximum degree for the graph: 479
Iteration: 0, conflicts: 0
Total number of colors used: 185
Total number of conflicts overall: 0
Number of rounds: 1
SUCCESS: No conflicts found
Number of reordered colors: 181
End position for large colors: 0, node count: 21552, largest: 21552
Node count cutoff: 4397
e_xx: 1.72791e+08, a2_x: 2.05545e+10, currMod: 0.98201
e_xx: 1.72862e+08, a2_x: 1.13669e+10, currMod: 0.982416
e_xx: 1.72893e+08, a2_x: 1.4049e+10, currMod: 0.982591
e_xx: 1.73121e+08, a2_x: 4.57467e+09, currMod: 0.983887
e_xx: 1.73143e+08, a2_x: 1.0268e+09, currMod: 0.984012
e_xx: 1.7481e+08, a2_x: -8.80161e+09, currMod: 0.993487
e_xx: 1.74951e+08, a2_x: -1.40925e+10, currMod: 0.994289
e_xx: 1.74892e+08, a2_x: -1.49677e+10, currMod: 0.993953
End Structure 6914 21672 vs 35500
currMod: 0.994289, prevMod: 0.982006
numClusters: 21672
Total iteration time: 24.4113

Loop 0 <line-37> - Time 0.000828 Total energy consumed 0.040710 Ave. Power Level 49.166310
	-------- Loop 0 (sock 1 consumed 0.022050, avg temp 39.500000, final temp 40 ) ------
	-------- Loop 0 (sock 2 consumed 0.018660, avg temp 33.000000, final temp 33 ) ------
Loop 1 <line-54> - Time 0.000420 Total energy consumed 0.000000 Ave. Power Level 0.000000
	-------- Loop 1 (sock 1 consumed 0.000000, avg temp 39.500000, final temp 40 ) ------
	-------- Loop 1 (sock 2 consumed 0.000000, avg temp 33.500000, final temp 33 ) ------
Loop 2 <line-76> - Time 0.000390 Total energy consumed 0.000000 Ave. Power Level 0.000000
	-------- Loop 2 (sock 1 consumed 0.000000, avg temp 39.500000, final temp 40 ) ------
	-------- Loop 2 (sock 2 consumed 0.000000, avg temp 33.500000, final temp 33 ) ------
Loop 3 <line-170> - Time 0.577427 Total energy consumed 27.702195 Ave. Power Level 47.975266
	-------- Loop 3 (sock 1 consumed 14.566080, avg temp 39.166667, final temp 40 ) ------
	-------- Loop 3 (sock 2 consumed 13.136115, avg temp 33.000000, final temp 33 ) ------
Loop 4 <line-192> - Time 0.000363 Total energy consumed 0.000000 Ave. Power Level 0.000000
	-------- Loop 4 (sock 1 consumed 0.000000, avg temp 39.500000, final temp 40 ) ------
	-------- Loop 4 (sock 2 consumed 0.000000, avg temp 33.000000, final temp 33 ) ------
Loop 5 <line-222> - Time 0.222339 Total energy consumed 10.736970 Ave. Power Level 48.290898
	-------- Loop 5 (sock 1 consumed 5.404140, avg temp 39.500000, final temp 40 ) ------
	-------- Loop 5 (sock 2 consumed 5.332830, avg temp 33.500000, final temp 33 ) ------
Loop 6 <line-115> - Time 0.002366 Total energy consumed 0.019050 Ave. Power Level 8.052204
	-------- Loop 6 (sock 1 consumed 0.000000, avg temp 39.142857, final temp 39 ) ------
	-------- Loop 6 (sock 2 consumed 0.019050, avg temp 33.714286, final temp 34 ) ------
Loop 7 <line-334> - Time 0.543740 Total energy consumed 23.586390 Ave. Power Level 43.378073
	-------- Loop 7 (sock 1 consumed 11.746530, avg temp 39.125000, final temp 40 ) ------
	-------- Loop 7 (sock 2 consumed 11.839860, avg temp 33.750000, final temp 33 ) ------
Loop 8 <line-353> - Time 0.000601 Total energy consumed 0.000000 Ave. Power Level 0.000000
	-------- Loop 8 (sock 1 consumed 0.000000, avg temp 39.125000, final temp 40 ) ------
	-------- Loop 8 (sock 2 consumed 0.000000, avg temp 33.750000, final temp 33 ) ------
Loop 9 <line-375> - Time 0.001032 Total energy consumed 0.000000 Ave. Power Level 0.000000
	-------- Loop 9 (sock 1 consumed 0.000000, avg temp 39.125000, final temp 40 ) ------
	-------- Loop 9 (sock 2 consumed 0.000000, avg temp 33.750000, final temp 33 ) ------
Loop 10 <line-85> - Time 0.221182 Total energy consumed 14.694585 Ave. Power Level 66.436556
	-------- Loop 10 (sock 1 consumed 7.368885, avg temp 40.000000, final temp 40 ) ------
	-------- Loop 10 (sock 2 consumed 7.325700, avg temp 34.000000, final temp 33 ) ------
Loop 11 <line-131> - Time 0.004712 Total energy consumed 0.346230 Ave. Power Level 73.474346
	-------- Loop 11 (sock 1 consumed 0.174945, avg temp 40.000000, final temp 40 ) ------
	-------- Loop 11 (sock 2 consumed 0.171285, avg temp 34.000000, final temp 33 ) ------
Loop 12 <line-167> - Time 0.311113 Total energy consumed 21.049770 Ave. Power Level 67.659522
	-------- Loop 12 (sock 1 consumed 10.669515, avg temp 40.500000, final temp 40 ) ------
	-------- Loop 12 (sock 2 consumed 10.380255, avg temp 34.500000, final temp 34 ) ------
Loop 13 <line-213> - Time 7.125286 Total energy consumed 488.290170 Ave. Power Level 68.529200
	-------- Loop 13 (sock 1 consumed 248.478795, avg temp 40.357143, final temp 40 ) ------
	-------- Loop 13 (sock 2 consumed 239.811375, avg temp 35.500000, final temp 35 ) ------
Loop 14 <line-99> - Time 5.130770 Total energy consumed 235.006665 Ave. Power Level 45.803390
	-------- Loop 14 (sock 1 consumed 122.562975, avg temp 39.285714, final temp 39 ) ------
	-------- Loop 14 (sock 2 consumed 112.443690, avg temp 34.142857, final temp 35 ) ------
Loop 15 <line-160> - Time 0.143458 Total energy consumed 7.313325 Ave. Power Level 50.978785
	-------- Loop 15 (sock 1 consumed 3.655005, avg temp 39.000000, final temp 39 ) ------
	-------- Loop 15 (sock 2 consumed 3.658320, avg temp 34.142857, final temp 35 ) ------
Loop 16 <line-269> - Time 6.232228 Total energy consumed 260.754495 Ave. Power Level 41.839689
	-------- Loop 16 (sock 1 consumed 128.244465, avg temp 38.709677, final temp 39 ) ------
	-------- Loop 16 (sock 2 consumed 132.510030, avg temp 33.967742, final temp 33 ) ------
Loop 17 <line-300> - Time 0.002612 Total energy consumed 0.000000 Ave. Power Level 0.000000
	-------- Loop 17 (sock 1 consumed 0.000000, avg temp 38.760000, final temp 39 ) ------
	-------- Loop 17 (sock 2 consumed 0.000000, avg temp 34.040000, final temp 35 ) ------
Loop 18 <line-147> - Time 0.000438 Total energy consumed 0.000000 Ave. Power Level 0.000000
	-------- Loop 18 (sock 1 consumed 0.000000, avg temp 40.000000, final temp 40 ) ------
	-------- Loop 18 (sock 2 consumed 0.000000, avg temp 33.000000, final temp 33 ) ------
Application(EnergyStat) - Time 41.595427 Total energy consumed 1955.693640 Ave. Power Level 47.017035 Final Temperature socket 1 : 39  socket 2 : 35 
