Memory used: 1.28906
Loading 32-bit binary file: pnnl.bin, numvertices: 2361670, numEdges: 191402826
File read time: 2.60543
Before allocating graph
Allocated graph: 0x1077550
Processing edges for vertex: 0, range(0, 166)
Processing edges for vertex: 100000, range(58444108, 58444133)
Processing edges for vertex: 200000, range(84376057, 84376362)
Processing edges for vertex: 300000, range(106069163, 106069503)
Processing edges for vertex: 400000, range(122097114, 122097513)
Processing edges for vertex: 500000, range(135096418, 135096483)
Processing edges for vertex: 600000, range(146097008, 146097061)
Processing edges for vertex: 700000, range(155415410, 155415531)
Processing edges for vertex: 800000, range(162595900, 162595989)
Processing edges for vertex: 900000, range(168508374, 168508464)
Processing edges for vertex: 1000000, range(173203321, 173203442)
Processing edges for vertex: 1100000, range(176935100, 176935110)
Processing edges for vertex: 1200000, range(179876260, 179876270)
Processing edges for vertex: 1300000, range(182240081, 182240092)
Processing edges for vertex: 1400000, range(184224513, 184224521)
Processing edges for vertex: 1500000, range(185795161, 185795170)
Processing edges for vertex: 1600000, range(187104124, 187104130)
Processing edges for vertex: 1700000, range(188148455, 188148461)
Processing edges for vertex: 1800000, range(188997836, 188997842)
Processing edges for vertex: 1900000, range(189691532, 189691535)
Processing edges for vertex: 2000000, range(190254658, 190254660)
Processing edges for vertex: 2100000, range(190705814, 190705822)
Processing edges for vertex: 2200000, range(191052755, 191052764)
Processing edges for vertex: 2300000, range(191302662, 191302663)
Graph populate time: 13.8081
Total I/O time: 16.4136
Running on: 16 threads
Loaded graph from file: pnnl.bin
Memory used: 2949.09
Maximum degree for the graph: 5520
Iteration: 0, conflicts: 33
Iteration: 1, conflicts: 4
Iteration: 2, conflicts: 0
Total number of colors used: 1192
Total number of conflicts overall: 0
Number of rounds: 3
SUCCESS: No conflicts found
Coloring time: 0.988864
Memory used: 2949.09
Number of reordered colors: 1005
End position for large colors: 0, node count: 550423, largest: 550423
Node count cutoff: 472334
e_xx: 1.14595e+08, a2_x: 6.69582e+11, currMod: 0.59869
e_xx: 1.57135e+08, a2_x: 6.37989e+11, currMod: 0.820948
e_xx: 1.63581e+08, a2_x: 5.79614e+11, currMod: 0.854629
e_xx: 1.66636e+08, a2_x: 5.75114e+11, currMod: 0.870587
e_xx: 1.68331e+08, a2_x: 5.28042e+11, currMod: 0.879447
currMod: 0.870587, prevMod: -1
Louvain time: 10.8536
numClusters: 203467, time: 0.181405
Next phase: 2
Memory used: 2949.09
End Structure 1267270 203467 vs 2735950
Build next level time: 4.91657
Iteration time: 15.9571
Memory used: 2949.09
e_xx: 1.68331e+08, a2_x: 5.28042e+11, currMod: 0.879447
e_xx: 1.7966e+08, a2_x: 3.5115e+11, currMod: 0.938637
e_xx: 1.86203e+08, a2_x: 2.14617e+11, currMod: 0.972827
e_xx: 1.82719e+08, a2_x: 2.18832e+11, currMod: 0.954623
currMod: 0.972827, prevMod: 0.870587
Louvain time: 1.61502
numClusters: 68055, time: 0.034252
Next phase: 3
Memory used: 2949.09
End Structure 695411 68055 vs 1458844
Build next level time: 0.318302
Iteration time: 1.96845
Memory used: 2949.09
e_xx: 1.86202e+08, a2_x: 2.14196e+11, currMod: 0.972859
e_xx: 1.87481e+08, a2_x: 1.54728e+11, currMod: 0.97954
e_xx: 1.87761e+08, a2_x: 1.27351e+11, currMod: 0.981006
e_xx: 1.87827e+08, a2_x: 8.12281e+10, currMod: 0.981351
e_xx: 1.87862e+08, a2_x: 6.93579e+10, currMod: 0.981532
e_xx: 1.8788e+08, a2_x: 6.10089e+10, currMod: 0.981626
e_xx: 1.87883e+08, a2_x: 7.47844e+10, currMod: 0.981641
e_xx: 1.87884e+08, a2_x: 7.71511e+10, currMod: 0.981648
e_xx: 1.87885e+08, a2_x: 7.93436e+10, currMod: 0.981653
e_xx: 1.87886e+08, a2_x: 7.7259e+10, currMod: 0.981659
e_xx: 1.87886e+08, a2_x: 7.89674e+10, currMod: 0.981656
currMod: 0.981659, prevMod: 0.972827
Louvain time: 2.39298
numClusters: 25335, time: 0.009783
Next phase: 4
Memory used: 2949.09
End Structure 181994 25335 vs 389323
Build next level time: 0.154092
Iteration time: 2.55736
Memory used: 2949.09
e_xx: 1.87886e+08, a2_x: 7.82428e+10, currMod: 0.981629
e_xx: 1.88135e+08, a2_x: 4.91534e+10, currMod: 0.982934
e_xx: 1.88139e+08, a2_x: 4.26389e+10, currMod: 0.982951
e_xx: 1.88141e+08, a2_x: 4.92238e+10, currMod: 0.982965
e_xx: 1.88142e+08, a2_x: 4.74681e+10, currMod: 0.982966
currMod: 0.982965, prevMod: 0.981659
Louvain time: 0.466908
numClusters: 22236, time: 0.005903
Next phase: 5
Memory used: 2949.09
End Structure 88848 22236 vs 199932
Build next level time: 0.051212
Iteration time: 0.524588
Memory used: 2949.09
e_xx: 1.88141e+08, a2_x: 4.81785e+10, currMod: 0.982962
e_xx: 1.88148e+08, a2_x: 3.59824e+10, currMod: 0.982995
e_xx: 1.88156e+08, a2_x: 2.82631e+10, currMod: 0.983039
e_xx: 1.88151e+08, a2_x: 1.83613e+10, currMod: 0.983013
currMod: 0.983039, prevMod: 0.982965
Louvain time: 0.207666
numClusters: 21965, time: 0.005274
Next phase: 6
Memory used: 2949.09
End Structure 64506 21965 vs 150977
Build next level time: 0.03766
Iteration time: 0.250902
Memory used: 2949.09
e_xx: 1.88156e+08, a2_x: 2.84423e+10, currMod: 0.983039
e_xx: 1.88156e+08, a2_x: 2.16366e+10, currMod: 0.98304
currMod: 0.983039, prevMod: 0.983039
Louvain time: 0.08345
numClusters: 21965, time: 0.005267
Maximum degree for the graph: 451
Iteration: 0, conflicts: 0
Total number of colors used: 171
Total number of conflicts overall: 0
Number of rounds: 1
SUCCESS: No conflicts found
Number of reordered colors: 170
End position for large colors: 0, node count: 21561, largest: 21561
Node count cutoff: 4393
e_xx: 1.89805e+08, a2_x: 2.92111e+10, currMod: 0.991655
e_xx: 1.89835e+08, a2_x: 2.13028e+10, currMod: 0.991813
e_xx: 1.89942e+08, a2_x: 2.37147e+10, currMod: 0.992368
e_xx: 1.89937e+08, a2_x: 2.32938e+10, currMod: 0.992344
End Structure 7764 21687 vs 37215
currMod: 0.992368, prevMod: 0.983039
numClusters: 21687
Total iteration time: 21.2584

Loop 0 <line-37> - Time 0.001008 Total energy consumed 0.040065 Ave. Power Level 39.766434
	-------- Loop 0 (sock 1 consumed 0.021240, avg temp 38.500000, final temp 39 ) ------
	-------- Loop 0 (sock 2 consumed 0.018825, avg temp 34.000000, final temp 35 ) ------
Loop 1 <line-54> - Time 0.000394 Total energy consumed 0.000000 Ave. Power Level 0.000000
	-------- Loop 1 (sock 1 consumed 0.000000, avg temp 39.000000, final temp 39 ) ------
	-------- Loop 1 (sock 2 consumed 0.000000, avg temp 34.000000, final temp 35 ) ------
Loop 2 <line-76> - Time 0.000402 Total energy consumed 0.000000 Ave. Power Level 0.000000
	-------- Loop 2 (sock 1 consumed 0.000000, avg temp 39.000000, final temp 39 ) ------
	-------- Loop 2 (sock 2 consumed 0.000000, avg temp 34.000000, final temp 35 ) ------
Loop 3 <line-170> - Time 0.580218 Total energy consumed 27.917340 Ave. Power Level 48.115227
	-------- Loop 3 (sock 1 consumed 14.862675, avg temp 39.000000, final temp 39 ) ------
	-------- Loop 3 (sock 2 consumed 13.054665, avg temp 33.750000, final temp 36 ) ------
Loop 4 <line-192> - Time 0.000366 Total energy consumed 0.000000 Ave. Power Level 0.000000
	-------- Loop 4 (sock 1 consumed 0.000000, avg temp 39.000000, final temp 39 ) ------
	-------- Loop 4 (sock 2 consumed 0.000000, avg temp 34.500000, final temp 36 ) ------
Loop 5 <line-222> - Time 0.223751 Total energy consumed 10.807110 Ave. Power Level 48.299631
	-------- Loop 5 (sock 1 consumed 5.549085, avg temp 38.500000, final temp 39 ) ------
	-------- Loop 5 (sock 2 consumed 5.258025, avg temp 34.500000, final temp 36 ) ------
Loop 6 <line-115> - Time 0.002173 Total energy consumed 0.061215 Ave. Power Level 28.168035
	-------- Loop 6 (sock 1 consumed 0.042270, avg temp 38.833333, final temp 40 ) ------
	-------- Loop 6 (sock 2 consumed 0.018945, avg temp 33.666667, final temp 34 ) ------
Loop 7 <line-334> - Time 0.539767 Total energy consumed 23.530770 Ave. Power Level 43.594344
	-------- Loop 7 (sock 1 consumed 12.314595, avg temp 39.000000, final temp 39 ) ------
	-------- Loop 7 (sock 2 consumed 11.216175, avg temp 34.000000, final temp 35 ) ------
Loop 8 <line-353> - Time 0.000540 Total energy consumed 0.000000 Ave. Power Level 0.000000
	-------- Loop 8 (sock 1 consumed 0.000000, avg temp 39.000000, final temp 39 ) ------
	-------- Loop 8 (sock 2 consumed 0.000000, avg temp 34.000000, final temp 35 ) ------
Loop 9 <line-375> - Time 0.000992 Total energy consumed 0.000000 Ave. Power Level 0.000000
	-------- Loop 9 (sock 1 consumed 0.000000, avg temp 39.000000, final temp 39 ) ------
	-------- Loop 9 (sock 2 consumed 0.000000, avg temp 34.000000, final temp 35 ) ------
Loop 10 <line-85> - Time 0.260688 Total energy consumed 17.297760 Ave. Power Level 66.354257
	-------- Loop 10 (sock 1 consumed 8.728755, avg temp 39.000000, final temp 39 ) ------
	-------- Loop 10 (sock 2 consumed 8.569005, avg temp 35.000000, final temp 35 ) ------
Loop 11 <line-131> - Time 0.004502 Total energy consumed 0.278145 Ave. Power Level 61.782665
	-------- Loop 11 (sock 1 consumed 0.140475, avg temp 39.000000, final temp 39 ) ------
	-------- Loop 11 (sock 2 consumed 0.137670, avg temp 35.000000, final temp 35 ) ------
Loop 12 <line-167> - Time 0.184883 Total energy consumed 12.274110 Ave. Power Level 66.388445
	-------- Loop 12 (sock 1 consumed 6.190335, avg temp 38.500000, final temp 39 ) ------
	-------- Loop 12 (sock 2 consumed 6.083775, avg temp 34.500000, final temp 35 ) ------
Loop 13 <line-213> - Time 6.393193 Total energy consumed 439.194375 Ave. Power Level 68.697191
	-------- Loop 13 (sock 1 consumed 223.867485, avg temp 39.777778, final temp 40 ) ------
	-------- Loop 13 (sock 2 consumed 215.326890, avg temp 35.777778, final temp 35 ) ------
Loop 14 <line-99> - Time 5.005699 Total energy consumed 227.813565 Ave. Power Level 45.510836
	-------- Loop 14 (sock 1 consumed 119.951535, avg temp 39.166667, final temp 39 ) ------
	-------- Loop 14 (sock 2 consumed 107.862030, avg temp 33.833333, final temp 35 ) ------
Loop 15 <line-160> - Time 0.132336 Total energy consumed 6.526635 Ave. Power Level 49.318688
	-------- Loop 15 (sock 1 consumed 3.317295, avg temp 39.500000, final temp 39 ) ------
	-------- Loop 15 (sock 2 consumed 3.209340, avg temp 34.166667, final temp 35 ) ------
Loop 16 <line-269> - Time 4.735666 Total energy consumed 197.943000 Ave. Power Level 41.798342
	-------- Loop 16 (sock 1 consumed 99.327270, avg temp 38.538462, final temp 39 ) ------
	-------- Loop 16 (sock 2 consumed 98.615730, avg temp 33.769231, final temp 34 ) ------
Loop 17 <line-300> - Time 0.001972 Total energy consumed 0.059280 Ave. Power Level 30.064038
	-------- Loop 17 (sock 1 consumed 0.038550, avg temp 38.571429, final temp 38 ) ------
	-------- Loop 17 (sock 2 consumed 0.020730, avg temp 33.714286, final temp 33 ) ------
Loop 18 <line-147> - Time 0.000453 Total energy consumed 0.000000 Ave. Power Level 0.000000
	-------- Loop 18 (sock 1 consumed 0.000000, avg temp 39.000000, final temp 39 ) ------
	-------- Loop 18 (sock 2 consumed 0.000000, avg temp 35.000000, final temp 35 ) ------
Application(EnergyStat) - Time 38.805761 Total energy consumed 1805.670300 Ave. Power Level 46.530985 Final Temperature socket 1 : 39  socket 2 : 35 
