MiniFE Mini-App, OpenMP Peer Implementation
Creating OpenMP Thread Pool...
Counted: 16 threads.
Running MiniFE Mini-App...
      creating/filling mesh...0.777667s, total time: 0.777667
generating matrix structure...32.8472s, total time: 33.6248
         assembling FE data...18.4185s, total time: 52.0433
      imposing Dirichlet BC...7.46573s, total time: 59.509
      imposing Dirichlet BC...4.74467s, total time: 64.2537
making matrix indices local...0s, total time: 64.2537
Starting CG solver ... 
Initial Residual = 301.002
Iteration = 20   Residual = 0.0582629
Iteration = 40   Residual = 0.0263031
Iteration = 60   Residual = 0.0165032
Iteration = 80   Residual = 0.0113525
Iteration = 100   Residual = 0.00846781
Iteration = 120   Residual = 0.00643412
Iteration = 140   Residual = 0.00508404
Iteration = 160   Residual = 0.00397659
Iteration = 180   Residual = 0.00608079
Iteration = 200   Residual = 0.00247174
Final Resid Norm: 0.00247174

Loop 0 <line-186> - Time 32.847270 Total energy consumed 1247.784720 Ave. Power Level 37.987471 Memory 98075 MemoryRefresh 47238
	-------- Loop 0 (sock 1 consumed 626.014425, avg temp 45.000000, final temp 45 ) ------
	-------- Loop 0 (sock 2 consumed 621.770295, avg temp 37.000000, final temp 37 ) ------
Loop 1 <line-202> - Time 18.419345 Total energy consumed 1020.937380 Ave. Power Level 55.427454 Memory 46200 MemoryRefresh 27950
	-------- Loop 1 (sock 1 consumed 519.222705, avg temp 45.000000, final temp 45 ) ------
	-------- Loop 1 (sock 2 consumed 501.714675, avg temp 37.000000, final temp 37 ) ------
Loop 2 <line-487> - Time 12.085819 Total energy consumed 620.695095 Ave. Power Level 51.357305 Memory 20641 MemoryRefresh 18258
	-------- Loop 2 (sock 1 consumed 310.998690, avg temp 44.000000, final temp 45 ) ------
	-------- Loop 2 (sock 2 consumed 309.696405, avg temp 36.500000, final temp 36 ) ------
Loop 3 <line-535> - Time 41.035274 Total energy consumed 3958.105710 Ave. Power Level 96.456179 Memory 8584807674 MemoryRefresh 62001
	-------- Loop 3 (sock 1 consumed 2020.899930, avg temp 47.253731, final temp 49 ) ------
	-------- Loop 3 (sock 2 consumed 1937.205780, avg temp 40.034826, final temp 42 ) ------
Application(EnergyStat) - Time 129.769677 Total energy consumed 8406.379455 Ave. Power Level 64.779228 Memory 8586478078 MemoryRefresh 190922 Final Temperature socket 1 : 48  socket 2 : 41 
	 ParallelApplication(EnergyStat) - Time 104.387707 Total energy consumed 6847.522905 Ave. Power Level 65.597024 Memory 8584972590 MemoryRefresh 155447
MiniFE Mini-App, OpenMP Peer Implementation
Creating OpenMP Thread Pool...
Counted: 16 threads.
Running MiniFE Mini-App...
      creating/filling mesh...0.7409s, total time: 0.740901
generating matrix structure...32.627s, total time: 33.3679
         assembling FE data...18.1672s, total time: 51.535
      imposing Dirichlet BC...7.48706s, total time: 59.0221
      imposing Dirichlet BC...4.80558s, total time: 63.8277
making matrix indices local...9.53674e-07s, total time: 63.8277
Starting CG solver ... 
Initial Residual = 301.002
Iteration = 20   Residual = 0.0582629
Iteration = 40   Residual = 0.0263031
Iteration = 60   Residual = 0.0165032
Iteration = 80   Residual = 0.0113525
Iteration = 100   Residual = 0.00846781
Iteration = 120   Residual = 0.00643412
Iteration = 140   Residual = 0.00508404
Iteration = 160   Residual = 0.00397659
Iteration = 180   Residual = 0.00608079
Iteration = 200   Residual = 0.00247174
Final Resid Norm: 0.00247174

Loop 0 <line-186> - Time 32.627476 Total energy consumed 1244.681070 Ave. Power Level 38.148249 Memory 98266 MemoryRefresh 46488
	-------- Loop 0 (sock 1 consumed 616.616010, avg temp 44.000000, final temp 44 ) ------
	-------- Loop 0 (sock 2 consumed 628.065060, avg temp 37.000000, final temp 37 ) ------
Loop 1 <line-202> - Time 18.167643 Total energy consumed 1012.722180 Ave. Power Level 55.743180 Memory 46166 MemoryRefresh 27672
	-------- Loop 1 (sock 1 consumed 511.800030, avg temp 44.000000, final temp 44 ) ------
	-------- Loop 1 (sock 2 consumed 500.922150, avg temp 37.000000, final temp 37 ) ------
Loop 2 <line-487> - Time 12.168057 Total energy consumed 624.210165 Ave. Power Level 51.299082 Memory 20881 MemoryRefresh 18364
	-------- Loop 2 (sock 1 consumed 312.917025, avg temp 43.500000, final temp 43 ) ------
	-------- Loop 2 (sock 2 consumed 311.293140, avg temp 36.500000, final temp 36 ) ------
Loop 3 <line-535> - Time 61.632840 Total energy consumed 4309.278870 Ave. Power Level 69.918551 Memory 37946829622 MemoryRefresh 88377
	-------- Loop 3 (sock 1 consumed 2195.806725, avg temp 45.751244, final temp 47 ) ------
	-------- Loop 3 (sock 2 consumed 2113.472145, avg temp 38.577114, final temp 38 ) ------
Application(EnergyStat) - Time 150.225733 Total energy consumed 8760.468450 Ave. Power Level 58.315365 Memory 37948540861 MemoryRefresh 216891 Final Temperature socket 1 : 46  socket 2 : 39 
	 ParallelApplication(EnergyStat) - Time 124.596016 Total energy consumed 7190.892285 Ave. Power Level 57.713661 Memory 37946994935 MemoryRefresh 180901
MiniFE Mini-App, OpenMP Peer Implementation
Creating OpenMP Thread Pool...
Counted: 16 threads.
Running MiniFE Mini-App...
      creating/filling mesh...0.745404s, total time: 0.745405
generating matrix structure...31.6513s, total time: 32.3967
         assembling FE data...18.5925s, total time: 50.9892
      imposing Dirichlet BC...7.47934s, total time: 58.4686
      imposing Dirichlet BC...4.84997s, total time: 63.3186
making matrix indices local...0s, total time: 63.3186
Starting CG solver ... 
Initial Residual = 301.002
Iteration = 20   Residual = 0.0582629
Iteration = 40   Residual = 0.0263031
Iteration = 60   Residual = 0.0165032
Iteration = 80   Residual = 0.0113525
Iteration = 100   Residual = 0.00846781
Iteration = 120   Residual = 0.00643412
Iteration = 140   Residual = 0.00508404
Iteration = 160   Residual = 0.00397659
Iteration = 180   Residual = 0.00608079
Iteration = 200   Residual = 0.00247174
Final Resid Norm: 0.00247174

Loop 0 <line-186> - Time 31.651993 Total energy consumed 1218.189120 Ave. Power Level 38.486965 Memory 101180 MemoryRefresh 44612
	-------- Loop 0 (sock 1 consumed 605.494365, avg temp 42.000000, final temp 42 ) ------
	-------- Loop 0 (sock 2 consumed 612.694755, avg temp 36.000000, final temp 36 ) ------
Loop 1 <line-202> - Time 18.593008 Total energy consumed 1025.341680 Ave. Power Level 55.146627 Memory 45774 MemoryRefresh 28014
	-------- Loop 1 (sock 1 consumed 518.517900, avg temp 42.000000, final temp 42 ) ------
	-------- Loop 1 (sock 2 consumed 506.823780, avg temp 36.000000, final temp 36 ) ------
Loop 2 <line-487> - Time 12.205427 Total energy consumed 624.412260 Ave. Power Level 51.158576 Memory 20862 MemoryRefresh 18222
	-------- Loop 2 (sock 1 consumed 314.608290, avg temp 42.500000, final temp 42 ) ------
	-------- Loop 2 (sock 2 consumed 309.803970, avg temp 36.000000, final temp 36 ) ------
Loop 3 <line-535> - Time 40.423811 Total energy consumed 3930.425610 Ave. Power Level 97.230457 Memory 4090522 MemoryRefresh 61059
	-------- Loop 3 (sock 1 consumed 2006.323680, avg temp 46.313433, final temp 48 ) ------
	-------- Loop 3 (sock 2 consumed 1924.101930, avg temp 39.477612, final temp 40 ) ------
Application(EnergyStat) - Time 128.197645 Total energy consumed 8354.442315 Ave. Power Level 65.168454 Memory 5763184 MemoryRefresh 187231 Final Temperature socket 1 : 47  socket 2 : 40 
	 ParallelApplication(EnergyStat) - Time 102.874239 Total energy consumed 6798.368670 Ave. Power Level 66.084267 Memory 4258338 MemoryRefresh 151907
MiniFE Mini-App, OpenMP Peer Implementation
Creating OpenMP Thread Pool...
Counted: 16 threads.
Running MiniFE Mini-App...
      creating/filling mesh...0.77303s, total time: 0.773032
generating matrix structure...32.0158s, total time: 32.7888
         assembling FE data...18.8146s, total time: 51.6034
      imposing Dirichlet BC...11.1641s, total time: 62.7675
      imposing Dirichlet BC...4.70922s, total time: 67.4767
making matrix indices local...0s, total time: 67.4767
Starting CG solver ... 
Initial Residual = 301.002
Iteration = 20   Residual = 0.0582629
Iteration = 40   Residual = 0.0263031
Iteration = 60   Residual = 0.0165032
Iteration = 80   Residual = 0.0113525
Iteration = 100   Residual = 0.00846781
Iteration = 120   Residual = 0.00643412
Iteration = 140   Residual = 0.00508404
Iteration = 160   Residual = 0.00397659
Iteration = 180   Residual = 0.00608079
Iteration = 200   Residual = 0.00247174
Final Resid Norm: 0.00247174

Loop 0 <line-186> - Time 32.016330 Total energy consumed 1227.047985 Ave. Power Level 38.325691 Memory 100548 MemoryRefresh 45472
	-------- Loop 0 (sock 1 consumed 618.531195, avg temp 43.000000, final temp 43 ) ------
	-------- Loop 0 (sock 2 consumed 608.516790, avg temp 37.000000, final temp 37 ) ------
Loop 1 <line-202> - Time 18.815091 Total energy consumed 1034.935290 Ave. Power Level 55.005595 Memory 46228 MemoryRefresh 28386
	-------- Loop 1 (sock 1 consumed 524.749545, avg temp 44.000000, final temp 44 ) ------
	-------- Loop 1 (sock 2 consumed 510.185745, avg temp 36.000000, final temp 36 ) ------
Loop 2 <line-487> - Time 15.758622 Total energy consumed 774.035850 Ave. Power Level 49.118246 Memory 22097 MemoryRefresh 23916
	-------- Loop 2 (sock 1 consumed 389.165070, avg temp 43.000000, final temp 43 ) ------
	-------- Loop 2 (sock 2 consumed 384.870780, avg temp 37.000000, final temp 37 ) ------
Loop 3 <line-535> - Time 36.375175 Total energy consumed 3779.154780 Ave. Power Level 103.893789 Memory 7726037854 MemoryRefresh 55030
	-------- Loop 3 (sock 1 consumed 1934.707590, avg temp 46.751244, final temp 49 ) ------
	-------- Loop 3 (sock 2 consumed 1844.447190, avg temp 40.179104, final temp 41 ) ------
Application(EnergyStat) - Time 128.268795 Total energy consumed 8372.479215 Ave. Power Level 65.272923 Memory 7727716359 MemoryRefresh 188220 Final Temperature socket 1 : 49  socket 2 : 41 
	 ParallelApplication(EnergyStat) - Time 102.965219 Total energy consumed 6815.173905 Ave. Power Level 66.189088 Memory 7726206727 MemoryRefresh 152804
MiniFE Mini-App, OpenMP Peer Implementation
Creating OpenMP Thread Pool...
Counted: 16 threads.
Running MiniFE Mini-App...
      creating/filling mesh...0.775416s, total time: 0.775417
generating matrix structure...32.9911s, total time: 33.7666
         assembling FE data...18.5588s, total time: 52.3254
      imposing Dirichlet BC...11.681s, total time: 64.0064
      imposing Dirichlet BC...4.84451s, total time: 68.8509
making matrix indices local...0s, total time: 68.8509
Starting CG solver ... 
Initial Residual = 301.002
Iteration = 20   Residual = 0.0582629
Iteration = 40   Residual = 0.0263031
Iteration = 60   Residual = 0.0165032
Iteration = 80   Residual = 0.0113525
Iteration = 100   Residual = 0.00846781
Iteration = 120   Residual = 0.00643412
Iteration = 140   Residual = 0.00508404
Iteration = 160   Residual = 0.00397659
Iteration = 180   Residual = 0.00608079
Iteration = 200   Residual = 0.00247174
Final Resid Norm: 0.00247174

Loop 0 <line-186> - Time 32.991626 Total energy consumed 1251.918015 Ave. Power Level 37.946539 Memory 97727 MemoryRefresh 47542
	-------- Loop 0 (sock 1 consumed 629.124525, avg temp 44.000000, final temp 44 ) ------
	-------- Loop 0 (sock 2 consumed 622.793490, avg temp 37.000000, final temp 37 ) ------
Loop 1 <line-202> - Time 18.559340 Total energy consumed 1026.323790 Ave. Power Level 55.299585 Memory 46163 MemoryRefresh 27988
	-------- Loop 1 (sock 1 consumed 518.987595, avg temp 43.000000, final temp 43 ) ------
	-------- Loop 1 (sock 2 consumed 507.336195, avg temp 37.000000, final temp 37 ) ------
Loop 2 <line-487> - Time 16.404731 Total energy consumed 814.459560 Ave. Power Level 49.647845 Memory 24501 MemoryRefresh 24562
	-------- Loop 2 (sock 1 consumed 413.346750, avg temp 42.500000, final temp 43 ) ------
	-------- Loop 2 (sock 2 consumed 401.112810, avg temp 36.000000, final temp 36 ) ------
Loop 3 <line-535> - Time 39.202498 Total energy consumed 3858.873345 Ave. Power Level 98.434374 Memory 7873657908 MemoryRefresh 59141
	-------- Loop 3 (sock 1 consumed 1969.900530, avg temp 45.935323, final temp 48 ) ------
	-------- Loop 3 (sock 2 consumed 1888.972815, avg temp 39.736318, final temp 41 ) ------
Application(EnergyStat) - Time 132.475994 Total energy consumed 8509.783815 Ave. Power Level 64.236422 Memory 19660823165 MemoryRefresh 194585 Final Temperature socket 1 : 47  socket 2 : 40 
	 ParallelApplication(EnergyStat) - Time 107.158195 Total energy consumed 6951.574710 Ave. Power Level 64.872078 Memory 7873826299 MemoryRefresh 159233
MiniFE Mini-App, OpenMP Peer Implementation
Creating OpenMP Thread Pool...
Counted: 16 threads.
Running MiniFE Mini-App...
      creating/filling mesh...0.756159s, total time: 0.756159
generating matrix structure...31.7947s, total time: 32.5508
         assembling FE data...18.5927s, total time: 51.1435
      imposing Dirichlet BC...7.47699s, total time: 58.6205
      imposing Dirichlet BC...4.74625s, total time: 63.3667
making matrix indices local...0s, total time: 63.3667
Starting CG solver ... 
Initial Residual = 301.002
Iteration = 20   Residual = 0.0582629
Iteration = 40   Residual = 0.0263031
Iteration = 60   Residual = 0.0165032
Iteration = 80   Residual = 0.0113525
Iteration = 100   Residual = 0.00846781
Iteration = 120   Residual = 0.00643412
Iteration = 140   Residual = 0.00508404
Iteration = 160   Residual = 0.00397659
Iteration = 180   Residual = 0.00608079
Iteration = 200   Residual = 0.00247174
Final Resid Norm: 0.00247174

Loop 0 <line-186> - Time 31.795132 Total energy consumed 1225.903935 Ave. Power Level 38.556340 Memory 101507 MemoryRefresh 45116
	-------- Loop 0 (sock 1 consumed 622.470180, avg temp 43.000000, final temp 43 ) ------
	-------- Loop 0 (sock 2 consumed 603.433755, avg temp 37.000000, final temp 37 ) ------
Loop 1 <line-202> - Time 18.593155 Total energy consumed 1028.373135 Ave. Power Level 55.309232 Memory 45842 MemoryRefresh 28178
	-------- Loop 1 (sock 1 consumed 522.563385, avg temp 44.000000, final temp 44 ) ------
	-------- Loop 1 (sock 2 consumed 505.809750, avg temp 36.000000, final temp 36 ) ------
Loop 2 <line-487> - Time 12.098889 Total energy consumed 621.460035 Ave. Power Level 51.365052 Memory 20505 MemoryRefresh 18310
	-------- Loop 2 (sock 1 consumed 316.483830, avg temp 43.000000, final temp 43 ) ------
	-------- Loop 2 (sock 2 consumed 304.976205, avg temp 37.500000, final temp 38 ) ------
Loop 3 <line-535> - Time 36.807091 Total energy consumed 3798.547935 Ave. Power Level 103.201526 Memory 4159518 MemoryRefresh 55741
	-------- Loop 3 (sock 1 consumed 1944.455055, avg temp 46.885572, final temp 49 ) ------
	-------- Loop 3 (sock 2 consumed 1854.092880, avg temp 40.487562, final temp 42 ) ------
Application(EnergyStat) - Time 124.599965 Total energy consumed 8231.387205 Ave. Power Level 66.062516 Memory 5838780 MemoryRefresh 182758 Final Temperature socket 1 : 49  socket 2 : 42 
	 ParallelApplication(EnergyStat) - Time 99.294267 Total energy consumed 6674.285040 Ave. Power Level 67.217225 Memory 4327372 MemoryRefresh 147345
MiniFE Mini-App, OpenMP Peer Implementation
Creating OpenMP Thread Pool...
Counted: 16 threads.
Running MiniFE Mini-App...
      creating/filling mesh...0.773812s, total time: 0.773813
generating matrix structure...31.8445s, total time: 32.6184
         assembling FE data...18.7608s, total time: 51.3792
      imposing Dirichlet BC...7.46801s, total time: 58.8472
      imposing Dirichlet BC...4.84002s, total time: 63.6872
making matrix indices local...1.19209e-06s, total time: 63.6872
Starting CG solver ... 
Initial Residual = 301.002
Iteration = 20   Residual = 0.0582629
Iteration = 40   Residual = 0.0263031
Iteration = 60   Residual = 0.0165032
Iteration = 80   Residual = 0.0113525
Iteration = 100   Residual = 0.00846781
Iteration = 120   Residual = 0.00643412
Iteration = 140   Residual = 0.00508404
Iteration = 160   Residual = 0.00397659
Iteration = 180   Residual = 0.00608079
Iteration = 200   Residual = 0.00247174
Final Resid Norm: 0.00247174

Loop 0 <line-186> - Time 31.845108 Total energy consumed 1222.513920 Ave. Power Level 38.389379 Memory 98520 MemoryRefresh 45219
	-------- Loop 0 (sock 1 consumed 619.755300, avg temp 44.000000, final temp 44 ) ------
	-------- Loop 0 (sock 2 consumed 602.758620, avg temp 36.000000, final temp 36 ) ------
Loop 1 <line-202> - Time 18.761275 Total energy consumed 1032.185085 Ave. Power Level 55.016788 Memory 46063 MemoryRefresh 28248
	-------- Loop 1 (sock 1 consumed 522.540075, avg temp 45.000000, final temp 45 ) ------
	-------- Loop 1 (sock 2 consumed 509.645010, avg temp 37.000000, final temp 37 ) ------
Loop 2 <line-487> - Time 12.183373 Total energy consumed 625.366140 Ave. Power Level 51.329476 Memory 20499 MemoryRefresh 18258
	-------- Loop 2 (sock 1 consumed 317.617095, avg temp 43.500000, final temp 44 ) ------
	-------- Loop 2 (sock 2 consumed 307.749045, avg temp 36.500000, final temp 36 ) ------
Loop 3 <line-535> - Time 42.450274 Total energy consumed 4119.498030 Ave. Power Level 97.042909 Memory 4122882 MemoryRefresh 64502
	-------- Loop 3 (sock 1 consumed 2106.384705, avg temp 47.313433, final temp 49 ) ------
	-------- Loop 3 (sock 2 consumed 2013.113325, avg temp 40.119403, final temp 41 ) ------
Application(EnergyStat) - Time 130.589194 Total energy consumed 8557.789080 Ave. Power Level 65.532138 Memory 5793157 MemoryRefresh 191574 Final Temperature socket 1 : 49  socket 2 : 41 
	 ParallelApplication(EnergyStat) - Time 105.240029 Total energy consumed 6999.563175 Ave. Power Level 66.510464 Memory 4287964 MemoryRefresh 156227
MiniFE Mini-App, OpenMP Peer Implementation
Creating OpenMP Thread Pool...
Counted: 16 threads.
Running MiniFE Mini-App...
      creating/filling mesh...0.77563s, total time: 0.77563
generating matrix structure...31.9301s, total time: 32.7057
         assembling FE data...18.5637s, total time: 51.2694
      imposing Dirichlet BC...9.13697s, total time: 60.4064
      imposing Dirichlet BC...4.8486s, total time: 65.255
making matrix indices local...0s, total time: 65.255
Starting CG solver ... 
Initial Residual = 301.002
Iteration = 20   Residual = 0.0582629
Iteration = 40   Residual = 0.0263031
Iteration = 60   Residual = 0.0165032
Iteration = 80   Residual = 0.0113525
Iteration = 100   Residual = 0.00846781
Iteration = 120   Residual = 0.00643412
Iteration = 140   Residual = 0.00508404
Iteration = 160   Residual = 0.00397659
Iteration = 180   Residual = 0.00608079
Iteration = 200   Residual = 0.00247174
Final Resid Norm: 0.00247174

Loop 0 <line-186> - Time 31.930661 Total energy consumed 1225.243260 Ave. Power Level 38.371998 Memory 100748 MemoryRefresh 45424
	-------- Loop 0 (sock 1 consumed 619.187400, avg temp 44.000000, final temp 44 ) ------
	-------- Loop 0 (sock 2 consumed 606.055860, avg temp 37.000000, final temp 37 ) ------
Loop 1 <line-202> - Time 18.564188 Total energy consumed 1021.701090 Ave. Power Level 55.036131 Memory 46705 MemoryRefresh 28100
	-------- Loop 1 (sock 1 consumed 516.485610, avg temp 43.000000, final temp 43 ) ------
	-------- Loop 1 (sock 2 consumed 505.215480, avg temp 37.000000, final temp 37 ) ------
Loop 2 <line-487> - Time 13.860335 Total energy consumed 682.140135 Ave. Power Level 49.215271 Memory 20358 MemoryRefresh 20714
	-------- Loop 2 (sock 1 consumed 340.327470, avg temp 43.000000, final temp 43 ) ------
	-------- Loop 2 (sock 2 consumed 341.812665, avg temp 37.000000, final temp 37 ) ------
Loop 3 <line-535> - Time 37.362883 Total energy consumed 3763.199010 Ave. Power Level 100.720253 Memory 4122802 MemoryRefresh 56366
	-------- Loop 3 (sock 1 consumed 1923.438420, avg temp 46.960199, final temp 48 ) ------
	-------- Loop 3 (sock 2 consumed 1839.760590, avg temp 40.084577, final temp 41 ) ------
Application(EnergyStat) - Time 127.061172 Total energy consumed 8250.254880 Ave. Power Level 64.931361 Memory 5796120 MemoryRefresh 185958 Final Temperature socket 1 : 48  socket 2 : 41 
	 ParallelApplication(EnergyStat) - Time 101.718067 Total energy consumed 6692.283495 Ave. Power Level 65.792476 Memory 4290613 MemoryRefresh 150604
MiniFE Mini-App, OpenMP Peer Implementation
Creating OpenMP Thread Pool...
Counted: 16 threads.
Running MiniFE Mini-App...
      creating/filling mesh...0.752539s, total time: 0.752539
generating matrix structure...33.0534s, total time: 33.8059
         assembling FE data...18.8656s, total time: 52.6716
      imposing Dirichlet BC...7.40881s, total time: 60.0804
      imposing Dirichlet BC...4.80498s, total time: 64.8854
making matrix indices local...0s, total time: 64.8854
Starting CG solver ... 
Initial Residual = 301.002
Iteration = 20   Residual = 0.0582629
Iteration = 40   Residual = 0.0263031
Iteration = 60   Residual = 0.0165032
Iteration = 80   Residual = 0.0113525
Iteration = 100   Residual = 0.00846781
Iteration = 120   Residual = 0.00643412
Iteration = 140   Residual = 0.00508404
Iteration = 160   Residual = 0.00397659
Iteration = 180   Residual = 0.00608079
Iteration = 200   Residual = 0.00247174
Final Resid Norm: 0.00247174

Loop 0 <line-186> - Time 33.053876 Total energy consumed 1254.204480 Ave. Power Level 37.944249 Memory 97984 MemoryRefresh 47697
	-------- Loop 0 (sock 1 consumed 632.896050, avg temp 44.000000, final temp 44 ) ------
	-------- Loop 0 (sock 2 consumed 621.308430, avg temp 36.000000, final temp 36 ) ------
Loop 1 <line-202> - Time 18.865794 Total energy consumed 1035.850215 Ave. Power Level 54.906260 Memory 46366 MemoryRefresh 28534
	-------- Loop 1 (sock 1 consumed 523.300830, avg temp 43.000000, final temp 43 ) ------
	-------- Loop 1 (sock 2 consumed 512.549385, avg temp 37.000000, final temp 37 ) ------
Loop 2 <line-487> - Time 12.089613 Total energy consumed 620.327925 Ave. Power Level 51.310819 Memory 20715 MemoryRefresh 18290
	-------- Loop 2 (sock 1 consumed 313.102455, avg temp 43.000000, final temp 43 ) ------
	-------- Loop 2 (sock 2 consumed 307.225470, avg temp 37.000000, final temp 36 ) ------
Loop 3 <line-535> - Time 38.716772 Total energy consumed 3834.662475 Ave. Power Level 99.043962 Memory 21449393728 MemoryRefresh 58448
	-------- Loop 3 (sock 1 consumed 1956.189375, avg temp 46.835821, final temp 49 ) ------
	-------- Loop 3 (sock 2 consumed 1878.473100, avg temp 40.119403, final temp 41 ) ------
Application(EnergyStat) - Time 128.114707 Total energy consumed 8306.714685 Ave. Power Level 64.838104 Memory 21451065167 MemoryRefresh 188434 Final Temperature socket 1 : 48  socket 2 : 41 
	 ParallelApplication(EnergyStat) - Time 102.726055 Total energy consumed 6745.045095 Ave. Power Level 65.660510 Memory 21449558793 MemoryRefresh 152969
MiniFE Mini-App, OpenMP Peer Implementation
Creating OpenMP Thread Pool...
Counted: 16 threads.
Running MiniFE Mini-App...
      creating/filling mesh...0.773889s, total time: 0.77389
generating matrix structure...32.0614s, total time: 32.8353
         assembling FE data...18.5333s, total time: 51.3686
      imposing Dirichlet BC...11.1909s, total time: 62.5595
      imposing Dirichlet BC...4.78746s, total time: 67.3469
making matrix indices local...0s, total time: 67.3469
Starting CG solver ... 
Initial Residual = 301.002
Iteration = 20   Residual = 0.0582629
Iteration = 40   Residual = 0.0263031
Iteration = 60   Residual = 0.0165032
Iteration = 80   Residual = 0.0113525
Iteration = 100   Residual = 0.00846781
Iteration = 120   Residual = 0.00643412
Iteration = 140   Residual = 0.00508404
Iteration = 160   Residual = 0.00397659
Iteration = 180   Residual = 0.00608079
Iteration = 200   Residual = 0.00247174
Final Resid Norm: 0.00247174

Loop 0 <line-186> - Time 32.062029 Total energy consumed 1230.366735 Ave. Power Level 38.374575 Memory 100492 MemoryRefresh 45412
	-------- Loop 0 (sock 1 consumed 619.777635, avg temp 44.000000, final temp 44 ) ------
	-------- Loop 0 (sock 2 consumed 610.589100, avg temp 37.000000, final temp 37 ) ------
Loop 1 <line-202> - Time 18.533782 Total energy consumed 1023.989010 Ave. Power Level 55.249869 Memory 45536 MemoryRefresh 27748
	-------- Loop 1 (sock 1 consumed 518.191350, avg temp 43.000000, final temp 43 ) ------
	-------- Loop 1 (sock 2 consumed 505.797660, avg temp 36.000000, final temp 36 ) ------
Loop 2 <line-487> - Time 15.857136 Total energy consumed 781.660365 Ave. Power Level 49.293917 Memory 23305 MemoryRefresh 23669
	-------- Loop 2 (sock 1 consumed 389.607495, avg temp 42.000000, final temp 42 ) ------
	-------- Loop 2 (sock 2 consumed 392.052870, avg temp 36.500000, final temp 37 ) ------
Loop 3 <line-535> - Time 60.917000 Total energy consumed 4129.520640 Ave. Power Level 67.789298 Memory 5407782 MemoryRefresh 86279
	-------- Loop 3 (sock 1 consumed 2105.171100, avg temp 44.741294, final temp 45 ) ------
	-------- Loop 3 (sock 2 consumed 2024.349540, avg temp 38.497512, final temp 39 ) ------
Application(EnergyStat) - Time 153.197594 Total energy consumed 8746.974435 Ave. Power Level 57.096030 Memory 7139276 MemoryRefresh 219372 Final Temperature socket 1 : 45  socket 2 : 39 
	 ParallelApplication(EnergyStat) - Time 127.369947 Total energy consumed 7165.536750 Ave. Power Level 56.257672 Memory 5577115 MemoryRefresh 183108
