MiniFE Mini-App, OpenMP Peer Implementation
Creating OpenMP Thread Pool...
Counted: 16 threads.
Running MiniFE Mini-App...
      creating/filling mesh...0.613785s, total time: 0.613785
generating matrix structure...26.2008s, total time: 26.8146
         assembling FE data...13.9253s, total time: 40.7399
      imposing Dirichlet BC...6.86437s, total time: 47.6042
      imposing Dirichlet BC...3.85992s, total time: 51.4642
making matrix indices local...0s, total time: 51.4642
Starting CG solver ... 
Initial Residual = 301.002
Iteration = 20   Residual = 0.0582629
Iteration = 40   Residual = 0.0263031
Iteration = 60   Residual = 0.0165032
Iteration = 80   Residual = 0.0113525
Iteration = 100   Residual = 0.00846781
Iteration = 120   Residual = 0.00643412
Iteration = 140   Residual = 0.00508404
Iteration = 160   Residual = 0.00397659
Iteration = 180   Residual = 0.00608079
Iteration = 200   Residual = 0.00247174
Final Resid Norm: 0.00247174

Loop 0 <line-186> - Time 26.201185 Total energy consumed 1037.520150 Ave. Power Level 39.598215 Memory 106885 MemoryRefresh 40232
	-------- Loop 0 (sock 1 consumed 528.509715, avg temp 49.000000, final temp 49 ) ------
	-------- Loop 0 (sock 2 consumed 509.010435, avg temp 39.000000, final temp 39 ) ------
Loop 1 <line-202> - Time 13.925820 Total energy consumed 857.180355 Ave. Power Level 61.553312 Memory 13699806758 MemoryRefresh 22422
	-------- Loop 1 (sock 1 consumed 434.300190, avg temp 46.000000, final temp 46 ) ------
	-------- Loop 1 (sock 2 consumed 422.880165, avg temp 40.000000, final temp 40 ) ------
Loop 2 <line-487> - Time 10.624359 Total energy consumed 579.412290 Ave. Power Level 54.536210 Memory 20423 MemoryRefresh 17022
	-------- Loop 2 (sock 1 consumed 291.482565, avg temp 47.500000, final temp 48 ) ------
	-------- Loop 2 (sock 2 consumed 287.929725, avg temp 38.000000, final temp 38 ) ------
Loop 3 <line-535> - Time 31.268106 Total energy consumed 3521.945625 Ave. Power Level 112.636999 Memory 4209322 MemoryRefresh 49124
	-------- Loop 3 (sock 1 consumed 1798.100280, avg temp 50.616915, final temp 53 ) ------
	-------- Loop 3 (sock 2 consumed 1723.845345, avg temp 42.840796, final temp 45 ) ------
Application(EnergyStat) - Time 103.550782 Total energy consumed 7455.559320 Ave. Power Level 71.999063 Memory 13705683481 MemoryRefresh 160658 Final Temperature socket 1 : 52  socket 2 : 43 
	 ParallelApplication(EnergyStat) - Time 82.019471 Total energy consumed 5996.058420 Ave. Power Level 73.105305 Memory 13704143388 MemoryRefresh 128800
MiniFE Mini-App, OpenMP Peer Implementation
Creating OpenMP Thread Pool...
Counted: 16 threads.
Running MiniFE Mini-App...
      creating/filling mesh...0.610699s, total time: 0.6107
generating matrix structure...25.5481s, total time: 26.1588
         assembling FE data...14.1116s, total time: 40.2704
      imposing Dirichlet BC...6.08417s, total time: 46.3546
      imposing Dirichlet BC...3.63603s, total time: 49.9906
making matrix indices local...0s, total time: 49.9906
Starting CG solver ... 
Initial Residual = 301.002
Iteration = 20   Residual = 0.0582629
Iteration = 40   Residual = 0.0263031
Iteration = 60   Residual = 0.0165032
Iteration = 80   Residual = 0.0113525
Iteration = 100   Residual = 0.00846781
Iteration = 120   Residual = 0.00643412
Iteration = 140   Residual = 0.00508404
Iteration = 160   Residual = 0.00397659
Iteration = 180   Residual = 0.00608079
Iteration = 200   Residual = 0.00247174
Final Resid Norm: 0.00247174

Loop 0 <line-186> - Time 25.548482 Total energy consumed 1023.765015 Ave. Power Level 40.071462 Memory 105090 MemoryRefresh 38874
	-------- Loop 0 (sock 1 consumed 527.561745, avg temp 48.000000, final temp 48 ) ------
	-------- Loop 0 (sock 2 consumed 496.203270, avg temp 38.000000, final temp 38 ) ------
Loop 1 <line-202> - Time 14.112035 Total energy consumed 863.584770 Ave. Power Level 61.194916 Memory 56602 MemoryRefresh 22579
	-------- Loop 1 (sock 1 consumed 437.549760, avg temp 46.000000, final temp 46 ) ------
	-------- Loop 1 (sock 2 consumed 426.035010, avg temp 39.000000, final temp 39 ) ------
Loop 2 <line-487> - Time 9.620501 Total energy consumed 540.094965 Ave. Power Level 56.140006 Memory 19944 MemoryRefresh 15495
	-------- Loop 2 (sock 1 consumed 276.254670, avg temp 47.500000, final temp 48 ) ------
	-------- Loop 2 (sock 2 consumed 263.840295, avg temp 38.500000, final temp 39 ) ------
Loop 3 <line-535> - Time 32.319921 Total energy consumed 3622.481700 Ave. Power Level 112.082011 Memory 8891234501 MemoryRefresh 50658
	-------- Loop 3 (sock 1 consumed 1851.193380, avg temp 50.636816, final temp 52 ) ------
	-------- Loop 3 (sock 2 consumed 1771.288320, avg temp 42.278607, final temp 44 ) ------
Application(EnergyStat) - Time 103.137290 Total energy consumed 7509.261060 Ave. Power Level 72.808400 Memory 21985458975 MemoryRefresh 159484 Final Temperature socket 1 : 51  socket 2 : 43 
	 ParallelApplication(EnergyStat) - Time 81.600938 Total energy consumed 6049.926450 Ave. Power Level 74.140404 Memory 8891416137 MemoryRefresh 127606
MiniFE Mini-App, OpenMP Peer Implementation
Creating OpenMP Thread Pool...
Counted: 16 threads.
Running MiniFE Mini-App...
      creating/filling mesh...0.68228s, total time: 0.682282
generating matrix structure...25.9178s, total time: 26.6001
         assembling FE data...13.9976s, total time: 40.5977
      imposing Dirichlet BC...6.02861s, total time: 46.6263
      imposing Dirichlet BC...3.64442s, total time: 50.2707
making matrix indices local...0s, total time: 50.2707
Starting CG solver ... 
Initial Residual = 301.002
Iteration = 20   Residual = 0.0582629
Iteration = 40   Residual = 0.0263031
Iteration = 60   Residual = 0.0165032
Iteration = 80   Residual = 0.0113525
Iteration = 100   Residual = 0.00846781
Iteration = 120   Residual = 0.00643412
Iteration = 140   Residual = 0.00508404
Iteration = 160   Residual = 0.00397659
Iteration = 180   Residual = 0.00608079
Iteration = 200   Residual = 0.00247174
Final Resid Norm: 0.00247174

Loop 0 <line-186> - Time 25.917880 Total energy consumed 1029.494925 Ave. Power Level 39.721417 Memory 103921 MemoryRefresh 39756
	-------- Loop 0 (sock 1 consumed 509.070780, avg temp 48.000000, final temp 48 ) ------
	-------- Loop 0 (sock 2 consumed 520.424145, avg temp 38.000000, final temp 38 ) ------
Loop 1 <line-202> - Time 13.998360 Total energy consumed 860.092590 Ave. Power Level 61.442383 Memory 57066 MemoryRefresh 22516
	-------- Loop 1 (sock 1 consumed 435.834330, avg temp 46.000000, final temp 46 ) ------
	-------- Loop 1 (sock 2 consumed 424.258260, avg temp 40.000000, final temp 40 ) ------
Loop 2 <line-487> - Time 9.577116 Total energy consumed 540.573345 Ave. Power Level 56.444271 Memory 20110 MemoryRefresh 15344
	-------- Loop 2 (sock 1 consumed 274.709130, avg temp 47.000000, final temp 48 ) ------
	-------- Loop 2 (sock 2 consumed 265.864215, avg temp 39.000000, final temp 39 ) ------
Loop 3 <line-535> - Time 33.966127 Total energy consumed 3687.477960 Ave. Power Level 108.563391 Memory 7925761241 MemoryRefresh 53562
	-------- Loop 3 (sock 1 consumed 1881.270180, avg temp 49.930348, final temp 51 ) ------
	-------- Loop 3 (sock 2 consumed 1806.207780, avg temp 42.338308, final temp 44 ) ------
Application(EnergyStat) - Time 105.093225 Total energy consumed 7581.271335 Ave. Power Level 72.138536 Memory 20031465956 MemoryRefresh 163204 Final Temperature socket 1 : 51  socket 2 : 42 
	 ParallelApplication(EnergyStat) - Time 83.459484 Total energy consumed 6117.638820 Ave. Power Level 73.300703 Memory 7925942338 MemoryRefresh 131178
MiniFE Mini-App, OpenMP Peer Implementation
Creating OpenMP Thread Pool...
Counted: 16 threads.
Running MiniFE Mini-App...
      creating/filling mesh...0.72444s, total time: 0.724442
generating matrix structure...25.7756s, total time: 26.5001
         assembling FE data...14.2798s, total time: 40.7799
      imposing Dirichlet BC...6.84197s, total time: 47.6218
      imposing Dirichlet BC...3.65827s, total time: 51.2801
making matrix indices local...0s, total time: 51.2801
Starting CG solver ... 
Initial Residual = 301.002
Iteration = 20   Residual = 0.0582629
Iteration = 40   Residual = 0.0263031
Iteration = 60   Residual = 0.0165032
Iteration = 80   Residual = 0.0113525
Iteration = 100   Residual = 0.00846781
Iteration = 120   Residual = 0.00643412
Iteration = 140   Residual = 0.00508404
Iteration = 160   Residual = 0.00397659
Iteration = 180   Residual = 0.00608079
Iteration = 200   Residual = 0.00247174
Final Resid Norm: 0.00247174

Loop 0 <line-186> - Time 25.776075 Total energy consumed 1026.468570 Ave. Power Level 39.822532 Memory 103723 MemoryRefresh 39326
	-------- Loop 0 (sock 1 consumed 521.620725, avg temp 47.000000, final temp 47 ) ------
	-------- Loop 0 (sock 2 consumed 504.847845, avg temp 38.000000, final temp 38 ) ------
Loop 1 <line-202> - Time 14.280249 Total energy consumed 867.708210 Ave. Power Level 60.762819 Memory 56752 MemoryRefresh 22928
	-------- Loop 1 (sock 1 consumed 439.121085, avg temp 46.000000, final temp 46 ) ------
	-------- Loop 1 (sock 2 consumed 428.587125, avg temp 39.000000, final temp 39 ) ------
Loop 2 <line-487> - Time 10.400589 Total energy consumed 567.806910 Ave. Power Level 54.593727 Memory 20190 MemoryRefresh 16612
	-------- Loop 2 (sock 1 consumed 290.033355, avg temp 46.000000, final temp 46 ) ------
	-------- Loop 2 (sock 2 consumed 277.773555, avg temp 38.500000, final temp 38 ) ------
Loop 3 <line-535> - Time 36.151583 Total energy consumed 3847.496850 Ave. Power Level 106.426788 Memory 7986873006 MemoryRefresh 57067
	-------- Loop 3 (sock 1 consumed 1963.651650, avg temp 49.766169, final temp 52 ) ------
	-------- Loop 3 (sock 2 consumed 1883.845200, avg temp 42.149254, final temp 44 ) ------
Application(EnergyStat) - Time 108.250621 Total energy consumed 7769.012700 Ave. Power Level 71.768759 Memory 7988594698 MemoryRefresh 167914 Final Temperature socket 1 : 51  socket 2 : 43 
	 ParallelApplication(EnergyStat) - Time 86.608496 Total energy consumed 6309.480540 Ave. Power Level 72.850596 Memory 7987053671 MemoryRefresh 135933
MiniFE Mini-App, OpenMP Peer Implementation
Creating OpenMP Thread Pool...
Counted: 16 threads.
Running MiniFE Mini-App...
      creating/filling mesh...0.723411s, total time: 0.723412
generating matrix structure...25.5726s, total time: 26.296
         assembling FE data...14.0698s, total time: 40.3657
      imposing Dirichlet BC...6.08166s, total time: 46.4474
      imposing Dirichlet BC...3.64421s, total time: 50.0916
making matrix indices local...0s, total time: 50.0916
Starting CG solver ... 
Initial Residual = 301.002
Iteration = 20   Residual = 0.0582629
Iteration = 40   Residual = 0.0263031
Iteration = 60   Residual = 0.0165032
Iteration = 80   Residual = 0.0113525
Iteration = 100   Residual = 0.00846781
Iteration = 120   Residual = 0.00643412
Iteration = 140   Residual = 0.00508404
Iteration = 160   Residual = 0.00397659
Iteration = 180   Residual = 0.00608079
Iteration = 200   Residual = 0.00247174
Final Resid Norm: 0.00247174

Loop 0 <line-186> - Time 25.572981 Total energy consumed 1020.434790 Ave. Power Level 39.902849 Memory 105317 MemoryRefresh 38964
	-------- Loop 0 (sock 1 consumed 522.850350, avg temp 47.000000, final temp 47 ) ------
	-------- Loop 0 (sock 2 consumed 497.584440, avg temp 38.000000, final temp 38 ) ------
Loop 1 <line-202> - Time 14.069862 Total energy consumed 859.921770 Ave. Power Level 61.117996 Memory 56616 MemoryRefresh 22500
	-------- Loop 1 (sock 1 consumed 434.557605, avg temp 46.000000, final temp 46 ) ------
	-------- Loop 1 (sock 2 consumed 425.364165, avg temp 38.000000, final temp 38 ) ------
Loop 2 <line-487> - Time 9.626163 Total energy consumed 539.875245 Ave. Power Level 56.084156 Memory 21276 MemoryRefresh 15435
	-------- Loop 2 (sock 1 consumed 269.245920, avg temp 46.000000, final temp 46 ) ------
	-------- Loop 2 (sock 2 consumed 270.629325, avg temp 38.500000, final temp 39 ) ------
Loop 3 <line-535> - Time 30.854397 Total energy consumed 3507.054075 Ave. Power Level 113.664646 Memory 12258665724 MemoryRefresh 48634
	-------- Loop 3 (sock 1 consumed 1788.848115, avg temp 50.124378, final temp 51 ) ------
	-------- Loop 3 (sock 2 consumed 1718.205960, avg temp 42.701493, final temp 43 ) ------
Application(EnergyStat) - Time 101.752937 Total energy consumed 7385.802375 Ave. Power Level 72.585643 Memory 12260391298 MemoryRefresh 157526 Final Temperature socket 1 : 51  socket 2 : 43 
	 ParallelApplication(EnergyStat) - Time 80.123403 Total energy consumed 5927.285880 Ave. Power Level 73.976962 Memory 12258848933 MemoryRefresh 125533
MiniFE Mini-App, OpenMP Peer Implementation
Creating OpenMP Thread Pool...
Counted: 16 threads.
Running MiniFE Mini-App...
      creating/filling mesh...0.687546s, total time: 0.687549
generating matrix structure...25.7063s, total time: 26.3939
         assembling FE data...14.2833s, total time: 40.6772
      imposing Dirichlet BC...6.08443s, total time: 46.7616
      imposing Dirichlet BC...3.66599s, total time: 50.4276
making matrix indices local...0s, total time: 50.4276
Starting CG solver ... 
Initial Residual = 301.002
Iteration = 20   Residual = 0.0582629
Iteration = 40   Residual = 0.0263031
Iteration = 60   Residual = 0.0165032
Iteration = 80   Residual = 0.0113525
Iteration = 100   Residual = 0.00846781
Iteration = 120   Residual = 0.00643412
Iteration = 140   Residual = 0.00508404
Iteration = 160   Residual = 0.00397659
Iteration = 180   Residual = 0.00608079
Iteration = 200   Residual = 0.00247174
Final Resid Norm: 0.00247174

Loop 0 <line-186> - Time 25.706768 Total energy consumed 1024.454955 Ave. Power Level 39.851565 Memory 104105 MemoryRefresh 39144
	-------- Loop 0 (sock 1 consumed 518.477970, avg temp 47.000000, final temp 47 ) ------
	-------- Loop 0 (sock 2 consumed 505.976985, avg temp 39.000000, final temp 39 ) ------
Loop 1 <line-202> - Time 14.283379 Total energy consumed 869.681010 Ave. Power Level 60.887622 Memory 56462 MemoryRefresh 22816
	-------- Loop 1 (sock 1 consumed 440.460375, avg temp 47.000000, final temp 47 ) ------
	-------- Loop 1 (sock 2 consumed 429.220635, avg temp 39.000000, final temp 39 ) ------
Loop 2 <line-487> - Time 9.652606 Total energy consumed 543.107250 Ave. Power Level 56.265350 Memory 21414 MemoryRefresh 15387
	-------- Loop 2 (sock 1 consumed 282.431130, avg temp 46.500000, final temp 47 ) ------
	-------- Loop 2 (sock 2 consumed 260.676120, avg temp 38.500000, final temp 39 ) ------
Loop 3 <line-535> - Time 33.351378 Total energy consumed 3653.519025 Ave. Power Level 109.546268 Memory 8036563934 MemoryRefresh 52666
	-------- Loop 3 (sock 1 consumed 1864.123680, avg temp 49.711443, final temp 51 ) ------
	-------- Loop 3 (sock 2 consumed 1789.395345, avg temp 42.333333, final temp 44 ) ------
Application(EnergyStat) - Time 104.653115 Total energy consumed 7554.360480 Ave. Power Level 72.184765 Memory 8038289592 MemoryRefresh 162074 Final Temperature socket 1 : 50  socket 2 : 44 
	 ParallelApplication(EnergyStat) - Time 82.994132 Total energy consumed 6090.762240 Ave. Power Level 73.387866 Memory 8036745915 MemoryRefresh 130013
MiniFE Mini-App, OpenMP Peer Implementation
Creating OpenMP Thread Pool...
Counted: 16 threads.
Running MiniFE Mini-App...
      creating/filling mesh...0.744362s, total time: 0.744363
generating matrix structure...25.6077s, total time: 26.3521
         assembling FE data...14.1174s, total time: 40.4694
      imposing Dirichlet BC...6.10167s, total time: 46.5711
      imposing Dirichlet BC...3.66845s, total time: 50.2396
making matrix indices local...0s, total time: 50.2396
Starting CG solver ... 
Initial Residual = 301.002
Iteration = 20   Residual = 0.0582629
Iteration = 40   Residual = 0.0263031
Iteration = 60   Residual = 0.0165032
Iteration = 80   Residual = 0.0113525
Iteration = 100   Residual = 0.00846781
Iteration = 120   Residual = 0.00643412
Iteration = 140   Residual = 0.00508404
Iteration = 160   Residual = 0.00397659
Iteration = 180   Residual = 0.00608079
Iteration = 200   Residual = 0.00247174
Final Resid Norm: 0.00247174

Loop 0 <line-186> - Time 25.608121 Total energy consumed 1023.030900 Ave. Power Level 39.949472 Memory 106088 MemoryRefresh 38982
	-------- Loop 0 (sock 1 consumed 523.806300, avg temp 45.000000, final temp 45 ) ------
	-------- Loop 0 (sock 2 consumed 499.224600, avg temp 37.000000, final temp 37 ) ------
Loop 1 <line-202> - Time 14.117784 Total energy consumed 863.652180 Ave. Power Level 61.174771 Memory 56666 MemoryRefresh 22616
	-------- Loop 1 (sock 1 consumed 437.521770, avg temp 46.000000, final temp 46 ) ------
	-------- Loop 1 (sock 2 consumed 426.130410, avg temp 39.000000, final temp 39 ) ------
Loop 2 <line-487> - Time 9.669363 Total energy consumed 541.731825 Ave. Power Level 56.025598 Memory 21032 MemoryRefresh 15428
	-------- Loop 2 (sock 1 consumed 269.007600, avg temp 45.000000, final temp 46 ) ------
	-------- Loop 2 (sock 2 consumed 272.724225, avg temp 38.000000, final temp 38 ) ------
Loop 3 <line-535> - Time 32.528998 Total energy consumed 3621.213480 Ave. Power Level 111.322625 Memory 4321567 MemoryRefresh 50995
	-------- Loop 3 (sock 1 consumed 1852.885830, avg temp 49.417910, final temp 51 ) ------
	-------- Loop 3 (sock 2 consumed 1768.327650, avg temp 42.328358, final temp 44 ) ------
Application(EnergyStat) - Time 103.607519 Total energy consumed 7513.060545 Ave. Power Level 72.514627 Memory 6047870 MemoryRefresh 160140 Final Temperature socket 1 : 50  socket 2 : 43 
	 ParallelApplication(EnergyStat) - Time 81.924266 Total energy consumed 6049.628385 Ave. Power Level 73.844158 Memory 4505353 MemoryRefresh 128021
MiniFE Mini-App, OpenMP Peer Implementation
Creating OpenMP Thread Pool...
Counted: 16 threads.
Running MiniFE Mini-App...
      creating/filling mesh...0.613926s, total time: 0.613927
generating matrix structure...26.1728s, total time: 26.7868
         assembling FE data...14.2122s, total time: 40.9989
      imposing Dirichlet BC...6.4902s, total time: 47.4891
      imposing Dirichlet BC...3.66958s, total time: 51.1587
making matrix indices local...0s, total time: 51.1587
Starting CG solver ... 
Initial Residual = 301.002
Iteration = 20   Residual = 0.0582629
Iteration = 40   Residual = 0.0263031
Iteration = 60   Residual = 0.0165032
Iteration = 80   Residual = 0.0113525
Iteration = 100   Residual = 0.00846781
Iteration = 120   Residual = 0.00643412
Iteration = 140   Residual = 0.00508404
Iteration = 160   Residual = 0.00397659
Iteration = 180   Residual = 0.00608079
Iteration = 200   Residual = 0.00247174
Final Resid Norm: 0.00247174

Loop 0 <line-186> - Time 26.173248 Total energy consumed 1035.906420 Ave. Power Level 39.578826 Memory 107176 MemoryRefresh 40342
	-------- Loop 0 (sock 1 consumed 506.146320, avg temp 46.000000, final temp 46 ) ------
	-------- Loop 0 (sock 2 consumed 529.760100, avg temp 38.000000, final temp 38 ) ------
Loop 1 <line-202> - Time 14.213245 Total energy consumed 866.782875 Ave. Power Level 60.984164 Memory 56441 MemoryRefresh 22722
	-------- Loop 1 (sock 1 consumed 438.536475, avg temp 46.000000, final temp 46 ) ------
	-------- Loop 1 (sock 2 consumed 428.246400, avg temp 39.000000, final temp 39 ) ------
Loop 2 <line-487> - Time 10.060947 Total energy consumed 556.511595 Ave. Power Level 55.314039 Memory 20433 MemoryRefresh 16166
	-------- Loop 2 (sock 1 consumed 280.920300, avg temp 47.000000, final temp 47 ) ------
	-------- Loop 2 (sock 2 consumed 275.591295, avg temp 38.000000, final temp 38 ) ------
Loop 3 <line-535> - Time 36.023536 Total energy consumed 3836.542620 Ave. Power Level 106.500999 Memory 4315546 MemoryRefresh 56766
	-------- Loop 3 (sock 1 consumed 1958.903055, avg temp 49.263682, final temp 51 ) ------
	-------- Loop 3 (sock 2 consumed 1877.639565, avg temp 41.875622, final temp 43 ) ------
Application(EnergyStat) - Time 108.007124 Total energy consumed 7754.217855 Ave. Power Level 71.793578 Memory 6040977 MemoryRefresh 167886 Final Temperature socket 1 : 50  socket 2 : 43 
	 ParallelApplication(EnergyStat) - Time 86.470976 Total energy consumed 6295.743510 Ave. Power Level 72.807591 Memory 4499596 MemoryRefresh 135996
MiniFE Mini-App, OpenMP Peer Implementation
Creating OpenMP Thread Pool...
Counted: 16 threads.
Running MiniFE Mini-App...
      creating/filling mesh...0.721301s, total time: 0.721303
generating matrix structure...26.5246s, total time: 27.2459
         assembling FE data...13.9556s, total time: 41.2015
      imposing Dirichlet BC...6.05147s, total time: 47.2529
      imposing Dirichlet BC...3.6289s, total time: 50.8818
making matrix indices local...0s, total time: 50.8818
Starting CG solver ... 
Initial Residual = 301.002
Iteration = 20   Residual = 0.0582629
Iteration = 40   Residual = 0.0263031
Iteration = 60   Residual = 0.0165032
Iteration = 80   Residual = 0.0113525
Iteration = 100   Residual = 0.00846781
Iteration = 120   Residual = 0.00643412
Iteration = 140   Residual = 0.00508404
Iteration = 160   Residual = 0.00397659
Iteration = 180   Residual = 0.00608079
Iteration = 200   Residual = 0.00247174
Final Resid Norm: 0.00247174

Loop 0 <line-186> - Time 26.524971 Total energy consumed 1043.060355 Ave. Power Level 39.323714 Memory 105607 MemoryRefresh 40922
	-------- Loop 0 (sock 1 consumed 535.256580, avg temp 47.000000, final temp 47 ) ------
	-------- Loop 0 (sock 2 consumed 507.803775, avg temp 38.000000, final temp 38 ) ------
Loop 1 <line-202> - Time 13.955970 Total energy consumed 857.091435 Ave. Power Level 61.413962 Memory 54409 MemoryRefresh 22480
	-------- Loop 1 (sock 1 consumed 434.307900, avg temp 45.000000, final temp 45 ) ------
	-------- Loop 1 (sock 2 consumed 422.783535, avg temp 39.000000, final temp 39 ) ------
Loop 2 <line-487> - Time 9.582872 Total energy consumed 540.839085 Ave. Power Level 56.438097 Memory 19818 MemoryRefresh 15360
	-------- Loop 2 (sock 1 consumed 271.419585, avg temp 45.500000, final temp 46 ) ------
	-------- Loop 2 (sock 2 consumed 269.419500, avg temp 38.500000, final temp 39 ) ------
Loop 3 <line-535> - Time 43.229543 Total energy consumed 3497.515770 Ave. Power Level 80.905684 Memory 24425769957 MemoryRefresh 64701
	-------- Loop 3 (sock 1 consumed 1791.741780, avg temp 48.233831, final temp 49 ) ------
	-------- Loop 3 (sock 2 consumed 1705.773990, avg temp 40.462687, final temp 41 ) ------
Application(EnergyStat) - Time 114.899918 Total energy consumed 7394.486235 Ave. Power Level 64.355888 Memory 24427489264 MemoryRefresh 175389 Final Temperature socket 1 : 49  socket 2 : 41 
	 ParallelApplication(EnergyStat) - Time 93.293356 Total energy consumed 5938.506645 Ave. Power Level 63.654122 Memory 24425949791 MemoryRefresh 143463
MiniFE Mini-App, OpenMP Peer Implementation
Creating OpenMP Thread Pool...
Counted: 16 threads.
Running MiniFE Mini-App...
      creating/filling mesh...0.726981s, total time: 0.726983
generating matrix structure...25.6794s, total time: 26.4063
         assembling FE data...14.1723s, total time: 40.5787
      imposing Dirichlet BC...6.09218s, total time: 46.6709
      imposing Dirichlet BC...3.59601s, total time: 50.2669
making matrix indices local...0s, total time: 50.2669
Starting CG solver ... 
Initial Residual = 301.002
Iteration = 20   Residual = 0.0582629
Iteration = 40   Residual = 0.0263031
Iteration = 60   Residual = 0.0165032
Iteration = 80   Residual = 0.0113525
Iteration = 100   Residual = 0.00846781
Iteration = 120   Residual = 0.00643412
Iteration = 140   Residual = 0.00508404
Iteration = 160   Residual = 0.00397659
Iteration = 180   Residual = 0.00608079
Iteration = 200   Residual = 0.00247174
Final Resid Norm: 0.00247174

Loop 0 <line-186> - Time 25.679778 Total energy consumed 1024.314690 Ave. Power Level 39.887988 Memory 107861 MemoryRefresh 39108
	-------- Loop 0 (sock 1 consumed 527.100855, avg temp 44.000000, final temp 44 ) ------
	-------- Loop 0 (sock 2 consumed 497.213835, avg temp 37.000000, final temp 37 ) ------
Loop 1 <line-202> - Time 14.172773 Total energy consumed 862.726320 Ave. Power Level 60.872091 Memory 56716 MemoryRefresh 22772
	-------- Loop 1 (sock 1 consumed 436.494285, avg temp 45.000000, final temp 45 ) ------
	-------- Loop 1 (sock 2 consumed 426.232035, avg temp 38.000000, final temp 38 ) ------
Loop 2 <line-487> - Time 9.587520 Total energy consumed 538.289685 Ave. Power Level 56.144831 Memory 20229 MemoryRefresh 15364
	-------- Loop 2 (sock 1 consumed 270.732345, avg temp 45.000000, final temp 45 ) ------
	-------- Loop 2 (sock 2 consumed 267.557340, avg temp 37.500000, final temp 38 ) ------
Loop 3 <line-535> - Time 30.036147 Total energy consumed 3483.607035 Ave. Power Level 115.980488 Memory 4180840 MemoryRefresh 47200
	-------- Loop 3 (sock 1 consumed 1782.252900, avg temp 49.044776, final temp 50 ) ------
	-------- Loop 3 (sock 2 consumed 1701.354135, avg temp 42.353234, final temp 44 ) ------
Application(EnergyStat) - Time 101.096277 Total energy consumed 7370.151945 Ave. Power Level 72.902308 Memory 5909186 MemoryRefresh 156426 Final Temperature socket 1 : 50  socket 2 : 43 
	 ParallelApplication(EnergyStat) - Time 79.476218 Total energy consumed 5908.937730 Ave. Power Level 74.348501 Memory 4365646 MemoryRefresh 124444
