MiniFE Mini-App, OpenMP Peer Implementation
Creating OpenMP Thread Pool...
Counted: 16 threads.
Running MiniFE Mini-App...
      creating/filling mesh...1.16649s, total time: 1.16649
generating matrix structure...53.1767s, total time: 54.3432
         assembling FE data...31.4574s, total time: 85.8006
      imposing Dirichlet BC...12.3804s, total time: 98.181
      imposing Dirichlet BC...8.47475s, total time: 106.656
making matrix indices local...0s, total time: 106.656
Starting CG solver ... 
Initial Residual = 301.002
Iteration = 20   Residual = 0.0582629
Iteration = 40   Residual = 0.0263031
Iteration = 60   Residual = 0.0165032
Iteration = 80   Residual = 0.0113525
Iteration = 100   Residual = 0.00846781
Iteration = 120   Residual = 0.00643412
Iteration = 140   Residual = 0.00508404
Iteration = 160   Residual = 0.00397659
Iteration = 180   Residual = 0.00608079
Iteration = 200   Residual = 0.00247174
Final Resid Norm: 0.00247174

Loop 0 <line-186> - Time 53.177322 Total energy consumed 1974.320625 Ave. Power Level 37.127117 Memory 58104 MemoryRefresh 60806
	-------- Loop 0 (sock 1 consumed 989.513160, avg temp 41.000000, final temp 41 ) ------
	-------- Loop 0 (sock 2 consumed 984.807465, avg temp 32.000000, final temp 32 ) ------
Loop 1 <line-202> - Time 31.458229 Total energy consumed 1550.801595 Ave. Power Level 49.297168 Memory 30292 MemoryRefresh 38128
	-------- Loop 1 (sock 1 consumed 778.831935, avg temp 41.000000, final temp 41 ) ------
	-------- Loop 1 (sock 2 consumed 771.969660, avg temp 34.000000, final temp 34 ) ------
Loop 2 <line-487> - Time 20.668981 Total energy consumed 962.668785 Ave. Power Level 46.575532 Memory 15084 MemoryRefresh 23644
	-------- Loop 2 (sock 1 consumed 481.663590, avg temp 40.500000, final temp 41 ) ------
	-------- Loop 2 (sock 2 consumed 481.005195, avg temp 33.000000, final temp 33 ) ------
Loop 3 <line-535> - Time 97.519497 Total energy consumed 5706.306135 Ave. Power Level 58.514516 Memory 10841679560 MemoryRefresh 115422
	-------- Loop 3 (sock 1 consumed 2895.854310, avg temp 42.313433, final temp 43 ) ------
	-------- Loop 3 (sock 2 consumed 2810.451825, avg temp 36.109453, final temp 37 ) ------
Application(EnergyStat) - Time 241.941095 Total energy consumed 12329.914335 Ave. Power Level 50.962464 Memory 10842920077 MemoryRefresh 283852 Final Temperature socket 1 : 43  socket 2 : 36 
	 ParallelApplication(EnergyStat) - Time 202.824028 Total energy consumed 10194.097140 Ave. Power Level 50.260796 Memory 10841783040 MemoryRefresh 238000
MiniFE Mini-App, OpenMP Peer Implementation
Creating OpenMP Thread Pool...
Counted: 16 threads.
Running MiniFE Mini-App...
      creating/filling mesh...1.16712s, total time: 1.16712
generating matrix structure...52.7393s, total time: 53.9064
         assembling FE data...32.3172s, total time: 86.2236
      imposing Dirichlet BC...11.7135s, total time: 97.9371
      imposing Dirichlet BC...8.17143s, total time: 106.109
making matrix indices local...0s, total time: 106.109
Starting CG solver ... 
Initial Residual = 301.002
Iteration = 20   Residual = 0.0582629
Iteration = 40   Residual = 0.0263031
Iteration = 60   Residual = 0.0165032
Iteration = 80   Residual = 0.0113525
Iteration = 100   Residual = 0.00846781
Iteration = 120   Residual = 0.00643412
Iteration = 140   Residual = 0.00508404
Iteration = 160   Residual = 0.00397659
Iteration = 180   Residual = 0.00608079
Iteration = 200   Residual = 0.00247174
Final Resid Norm: 0.00247174

Loop 0 <line-186> - Time 52.740020 Total energy consumed 1953.206310 Ave. Power Level 37.034614 Memory 71321 MemoryRefresh 60540
	-------- Loop 0 (sock 1 consumed 976.973445, avg temp 40.000000, final temp 40 ) ------
	-------- Loop 0 (sock 2 consumed 976.232865, avg temp 33.000000, final temp 33 ) ------
Loop 1 <line-202> - Time 32.318211 Total energy consumed 1578.542175 Ave. Power Level 48.843736 Memory 28921 MemoryRefresh 38082
	-------- Loop 1 (sock 1 consumed 792.547530, avg temp 40.000000, final temp 40 ) ------
	-------- Loop 1 (sock 2 consumed 785.994645, avg temp 34.000000, final temp 34 ) ------
Loop 2 <line-487> - Time 19.696037 Total energy consumed 927.140685 Ave. Power Level 47.072448 Memory 16715 MemoryRefresh 23623
	-------- Loop 2 (sock 1 consumed 463.484010, avg temp 40.000000, final temp 40 ) ------
	-------- Loop 2 (sock 2 consumed 463.656675, avg temp 34.500000, final temp 35 ) ------
Loop 3 <line-535> - Time 94.042558 Total energy consumed 5531.521110 Ave. Power Level 58.819339 Memory 4218193 MemoryRefresh 113476
	-------- Loop 3 (sock 1 consumed 2810.448555, avg temp 41.786070, final temp 43 ) ------
	-------- Loop 3 (sock 2 consumed 2721.072555, avg temp 36.029851, final temp 36 ) ------
Application(EnergyStat) - Time 238.072696 Total energy consumed 12136.663695 Ave. Power Level 50.978814 Memory 10571784241 MemoryRefresh 281936 Final Temperature socket 1 : 44  socket 2 : 37 
	 ParallelApplication(EnergyStat) - Time 198.796827 Total energy consumed 9990.410280 Ave. Power Level 50.254375 Memory 4335150 MemoryRefresh 235721
MiniFE Mini-App, OpenMP Peer Implementation
Creating OpenMP Thread Pool...
Counted: 16 threads.
Running MiniFE Mini-App...
      creating/filling mesh...1.23608s, total time: 1.23608
generating matrix structure...53.3252s, total time: 54.5613
         assembling FE data...32.6862s, total time: 87.2474
      imposing Dirichlet BC...12.4529s, total time: 99.7004
      imposing Dirichlet BC...8.8087s, total time: 108.509
making matrix indices local...0s, total time: 108.509
Starting CG solver ... 
Initial Residual = 301.002
Iteration = 20   Residual = 0.0582629
Iteration = 40   Residual = 0.0263031
Iteration = 60   Residual = 0.0165032
Iteration = 80   Residual = 0.0113525
Iteration = 100   Residual = 0.00846781
Iteration = 120   Residual = 0.00643412
Iteration = 140   Residual = 0.00508404
Iteration = 160   Residual = 0.00397659
Iteration = 180   Residual = 0.00608079
Iteration = 200   Residual = 0.00247174
Final Resid Norm: 0.00247174

Loop 0 <line-186> - Time 53.325818 Total energy consumed 1973.043645 Ave. Power Level 36.999782 Memory 65611 MemoryRefresh 61308
	-------- Loop 0 (sock 1 consumed 986.977410, avg temp 40.000000, final temp 40 ) ------
	-------- Loop 0 (sock 2 consumed 986.066235, avg temp 32.000000, final temp 32 ) ------
Loop 1 <line-202> - Time 32.686959 Total energy consumed 1588.694145 Ave. Power Level 48.603301 Memory 30214 MemoryRefresh 40006
	-------- Loop 1 (sock 1 consumed 801.709110, avg temp 39.000000, final temp 39 ) ------
	-------- Loop 1 (sock 2 consumed 786.985035, avg temp 33.000000, final temp 33 ) ------
Loop 2 <line-487> - Time 21.073338 Total energy consumed 988.848045 Ave. Power Level 46.924129 Memory 20626 MemoryRefresh 21912
	-------- Loop 2 (sock 1 consumed 490.501920, avg temp 39.000000, final temp 39 ) ------
	-------- Loop 2 (sock 2 consumed 498.346125, avg temp 33.000000, final temp 32 ) ------
Loop 3 <line-535> - Time 93.552555 Total energy consumed 5504.951700 Ave. Power Level 58.843414 Memory 10696536459 MemoryRefresh 112668
	-------- Loop 3 (sock 1 consumed 2793.081585, avg temp 41.477612, final temp 42 ) ------
	-------- Loop 3 (sock 2 consumed 2711.870115, avg temp 36.034826, final temp 37 ) ------
Application(EnergyStat) - Time 240.170619 Total energy consumed 12210.490860 Ave. Power Level 50.840902 Memory 10697847769 MemoryRefresh 282622 Final Temperature socket 1 : 43  socket 2 : 36 
	 ParallelApplication(EnergyStat) - Time 200.638671 Total energy consumed 10055.537535 Ave. Power Level 50.117644 Memory 10696652910 MemoryRefresh 235894
MiniFE Mini-App, OpenMP Peer Implementation
Creating OpenMP Thread Pool...
Counted: 16 threads.
Running MiniFE Mini-App...
      creating/filling mesh...1.27551s, total time: 1.27551
generating matrix structure...53.0957s, total time: 54.3712
         assembling FE data...35.0192s, total time: 89.3904
      imposing Dirichlet BC...11.6948s, total time: 101.085
      imposing Dirichlet BC...8.61269s, total time: 109.698
making matrix indices local...0s, total time: 109.698
Starting CG solver ... 
Initial Residual = 301.002
Iteration = 20   Residual = 0.0582629
Iteration = 40   Residual = 0.0263031
Iteration = 60   Residual = 0.0165032
Iteration = 80   Residual = 0.0113525
Iteration = 100   Residual = 0.00846781
Iteration = 120   Residual = 0.00643412
Iteration = 140   Residual = 0.00508404
Iteration = 160   Residual = 0.00397659
Iteration = 180   Residual = 0.00608079
Iteration = 200   Residual = 0.00247174
Final Resid Norm: 0.00247174

Loop 0 <line-186> - Time 53.096297 Total energy consumed 1965.651930 Ave. Power Level 37.020509 Memory 62887 MemoryRefresh 60228
	-------- Loop 0 (sock 1 consumed 980.687580, avg temp 39.000000, final temp 39 ) ------
	-------- Loop 0 (sock 2 consumed 984.964350, avg temp 32.000000, final temp 32 ) ------
Loop 1 <line-202> - Time 35.019964 Total energy consumed 1677.450255 Ave. Power Level 47.899829 Memory 23987 MemoryRefresh 35700
	-------- Loop 1 (sock 1 consumed 840.958125, avg temp 39.000000, final temp 39 ) ------
	-------- Loop 1 (sock 2 consumed 836.492130, avg temp 33.000000, final temp 33 ) ------
Loop 2 <line-487> - Time 20.118127 Total energy consumed 943.005420 Ave. Power Level 46.873420 Memory 17522 MemoryRefresh 23372
	-------- Loop 2 (sock 1 consumed 467.308305, avg temp 39.000000, final temp 39 ) ------
	-------- Loop 2 (sock 2 consumed 475.697115, avg temp 32.500000, final temp 33 ) ------
Loop 3 <line-535> - Time 73.347455 Total energy consumed 4465.871610 Ave. Power Level 60.886524 Memory 11897527376 MemoryRefresh 96263
	-------- Loop 3 (sock 1 consumed 2270.890020, avg temp 41.562189, final temp 43 ) ------
	-------- Loop 3 (sock 2 consumed 2194.981590, avg temp 36.044776, final temp 37 ) ------
Application(EnergyStat) - Time 209.332718 Total energy consumed 10605.417630 Ave. Power Level 50.662972 Memory 11898955213 MemoryRefresh 251328 Final Temperature socket 1 : 43  socket 2 : 36 
	 ParallelApplication(EnergyStat) - Time 181.581843 Total energy consumed 9051.979215 Ave. Power Level 49.850685 Memory 11897631772 MemoryRefresh 215563
MiniFE Mini-App, OpenMP Peer Implementation
Creating OpenMP Thread Pool...
Counted: 16 threads.
Running MiniFE Mini-App...
      creating/filling mesh...1.1696s, total time: 1.1696
generating matrix structure...53.3864s, total time: 54.556
         assembling FE data...32.2306s, total time: 86.7865
      imposing Dirichlet BC...11.5997s, total time: 98.3863
      imposing Dirichlet BC...9.12041s, total time: 107.507
making matrix indices local...0s, total time: 107.507
Starting CG solver ... 
Initial Residual = 301.002
Iteration = 20   Residual = 0.0582629
Iteration = 40   Residual = 0.0263031
Iteration = 60   Residual = 0.0165032
Iteration = 80   Residual = 0.0113525
Iteration = 100   Residual = 0.00846781
Iteration = 120   Residual = 0.00643412
Iteration = 140   Residual = 0.00508404
Iteration = 160   Residual = 0.00397659
Iteration = 180   Residual = 0.00608079
Iteration = 200   Residual = 0.00247174
Final Resid Norm: 0.00247174

Loop 0 <line-186> - Time 53.387018 Total energy consumed 1976.598270 Ave. Power Level 37.023950 Memory 69902 MemoryRefresh 60902
	-------- Loop 0 (sock 1 consumed 989.803695, avg temp 39.000000, final temp 39 ) ------
	-------- Loop 0 (sock 2 consumed 986.794575, avg temp 33.000000, final temp 33 ) ------
Loop 1 <line-202> - Time 32.231241 Total energy consumed 1570.213170 Ave. Power Level 48.717119 Memory 31437 MemoryRefresh 41476
	-------- Loop 1 (sock 1 consumed 793.171755, avg temp 40.000000, final temp 40 ) ------
	-------- Loop 1 (sock 2 consumed 777.041415, avg temp 33.000000, final temp 33 ) ------
Loop 2 <line-487> - Time 20.531102 Total energy consumed 964.946490 Ave. Power Level 46.999255 Memory 17271 MemoryRefresh 24100
	-------- Loop 2 (sock 1 consumed 481.600020, avg temp 39.000000, final temp 39 ) ------
	-------- Loop 2 (sock 2 consumed 483.346470, avg temp 33.000000, final temp 33 ) ------
Loop 3 <line-535> - Time 100.577573 Total energy consumed 5865.556020 Ave. Power Level 58.318727 Memory 4735330 MemoryRefresh 129518
	-------- Loop 3 (sock 1 consumed 2977.482525, avg temp 41.268657, final temp 42 ) ------
	-------- Loop 3 (sock 2 consumed 2888.073495, avg temp 35.825871, final temp 36 ) ------
Application(EnergyStat) - Time 246.680079 Total energy consumed 12554.070960 Ave. Power Level 50.892115 Memory 6183384 MemoryRefresh 305132 Final Temperature socket 1 : 42  socket 2 : 36 
	 ParallelApplication(EnergyStat) - Time 206.726933 Total energy consumed 10377.313950 Ave. Power Level 50.198171 Memory 4853940 MemoryRefresh 255996
MiniFE Mini-App, OpenMP Peer Implementation
Creating OpenMP Thread Pool...
Counted: 16 threads.
Running MiniFE Mini-App...
      creating/filling mesh...1.40386s, total time: 1.40386
generating matrix structure...52.6213s, total time: 54.0252
         assembling FE data...33.8074s, total time: 87.8326
      imposing Dirichlet BC...18.4791s, total time: 106.312
      imposing Dirichlet BC...9.26123s, total time: 115.573
making matrix indices local...0s, total time: 115.573
Starting CG solver ... 
Initial Residual = 301.002
Iteration = 20   Residual = 0.0582629
Iteration = 40   Residual = 0.0263031
Iteration = 60   Residual = 0.0165032
Iteration = 80   Residual = 0.0113525
Iteration = 100   Residual = 0.00846781
Iteration = 120   Residual = 0.00643412
Iteration = 140   Residual = 0.00508404
Iteration = 160   Residual = 0.00397659
Iteration = 180   Residual = 0.00608079
Iteration = 200   Residual = 0.00247174
Final Resid Norm: 0.00247174

Loop 0 <line-186> - Time 52.621949 Total energy consumed 1950.411735 Ave. Power Level 37.064605 Memory 71509 MemoryRefresh 61221
	-------- Loop 0 (sock 1 consumed 975.532890, avg temp 40.000000, final temp 40 ) ------
	-------- Loop 0 (sock 2 consumed 974.878845, avg temp 33.000000, final temp 33 ) ------
Loop 1 <line-202> - Time 33.807958 Total energy consumed 1634.132175 Ave. Power Level 48.335725 Memory 26674 MemoryRefresh 38166
	-------- Loop 1 (sock 1 consumed 829.151355, avg temp 39.000000, final temp 39 ) ------
	-------- Loop 1 (sock 2 consumed 804.980820, avg temp 33.000000, final temp 33 ) ------
Loop 2 <line-487> - Time 27.549962 Total energy consumed 1235.091330 Ave. Power Level 44.830963 Memory 16140 MemoryRefresh 30918
	-------- Loop 2 (sock 1 consumed 626.733255, avg temp 39.000000, final temp 39 ) ------
	-------- Loop 2 (sock 2 consumed 608.358075, avg temp 33.000000, final temp 33 ) ------
Loop 3 <line-535> - Time 94.126845 Total energy consumed 5525.222280 Ave. Power Level 58.699750 Memory 10168414831 MemoryRefresh 114438
	-------- Loop 3 (sock 1 consumed 2802.934020, avg temp 40.960199, final temp 42 ) ------
	-------- Loop 3 (sock 2 consumed 2722.288260, avg temp 35.865672, final temp 36 ) ------
Application(EnergyStat) - Time 247.679556 Total energy consumed 12500.390295 Ave. Power Level 50.470013 Memory 10169685976 MemoryRefresh 291968 Final Temperature socket 1 : 42  socket 2 : 36 
	 ParallelApplication(EnergyStat) - Time 208.106715 Total energy consumed 10344.857520 Ave. Power Level 49.709388 Memory 10168529154 MemoryRefresh 244743
MiniFE Mini-App, OpenMP Peer Implementation
Creating OpenMP Thread Pool...
Counted: 16 threads.
Running MiniFE Mini-App...
      creating/filling mesh...1.22587s, total time: 1.22588
generating matrix structure...52.986s, total time: 54.2119
         assembling FE data...31.9379s, total time: 86.1497
      imposing Dirichlet BC...11.6291s, total time: 97.7788
      imposing Dirichlet BC...8.6838s, total time: 106.463
making matrix indices local...0s, total time: 106.463
Starting CG solver ... 
Initial Residual = 301.002
Iteration = 20   Residual = 0.0582629
Iteration = 40   Residual = 0.0263031
Iteration = 60   Residual = 0.0165032
Iteration = 80   Residual = 0.0113525
Iteration = 100   Residual = 0.00846781
Iteration = 120   Residual = 0.00643412
Iteration = 140   Residual = 0.00508404
Iteration = 160   Residual = 0.00397659
Iteration = 180   Residual = 0.00608079
Iteration = 200   Residual = 0.00247174
Final Resid Norm: 0.00247174

Loop 0 <line-186> - Time 52.986603 Total energy consumed 1961.031195 Ave. Power Level 37.009944 Memory 63441 MemoryRefresh 60664
	-------- Loop 0 (sock 1 consumed 980.688375, avg temp 40.000000, final temp 40 ) ------
	-------- Loop 0 (sock 2 consumed 980.342820, avg temp 32.000000, final temp 32 ) ------
Loop 1 <line-202> - Time 31.938517 Total energy consumed 1564.661940 Ave. Power Level 48.989812 Memory 30054 MemoryRefresh 39179
	-------- Loop 1 (sock 1 consumed 791.715900, avg temp 39.000000, final temp 39 ) ------
	-------- Loop 1 (sock 2 consumed 772.946040, avg temp 32.000000, final temp 32 ) ------
Loop 2 <line-487> - Time 20.114599 Total energy consumed 943.036365 Ave. Power Level 46.883180 Memory 14390 MemoryRefresh 22583
	-------- Loop 2 (sock 1 consumed 473.996235, avg temp 39.500000, final temp 40 ) ------
	-------- Loop 2 (sock 2 consumed 469.040130, avg temp 33.000000, final temp 33 ) ------
Loop 3 <line-535> - Time 92.956899 Total energy consumed 5470.123890 Ave. Power Level 58.845809 Memory 4437145 MemoryRefresh 116000
	-------- Loop 3 (sock 1 consumed 2778.012240, avg temp 41.228856, final temp 42 ) ------
	-------- Loop 3 (sock 2 consumed 2692.111650, avg temp 35.537313, final temp 37 ) ------
Application(EnergyStat) - Time 237.334997 Total energy consumed 12082.160775 Ave. Power Level 50.907624 Memory 9960084655 MemoryRefresh 286304 Final Temperature socket 1 : 41  socket 2 : 36 
	 ParallelApplication(EnergyStat) - Time 197.996618 Total energy consumed 9938.853390 Ave. Power Level 50.197087 Memory 4545030 MemoryRefresh 238426
MiniFE Mini-App, OpenMP Peer Implementation
Creating OpenMP Thread Pool...
Counted: 16 threads.
Running MiniFE Mini-App...
      creating/filling mesh...1.22396s, total time: 1.22396
generating matrix structure...53.1066s, total time: 54.3306
         assembling FE data...32.4853s, total time: 86.8159
      imposing Dirichlet BC...14.9857s, total time: 101.802
      imposing Dirichlet BC...8.68458s, total time: 110.486
making matrix indices local...0s, total time: 110.486
Starting CG solver ... 
Initial Residual = 301.002
Iteration = 20   Residual = 0.0582629
Iteration = 40   Residual = 0.0263031
Iteration = 60   Residual = 0.0165032
Iteration = 80   Residual = 0.0113525
Iteration = 100   Residual = 0.00846781
Iteration = 120   Residual = 0.00643412
Iteration = 140   Residual = 0.00508404
Iteration = 160   Residual = 0.00397659
Iteration = 180   Residual = 0.00608079
Iteration = 200   Residual = 0.00247174
Final Resid Norm: 0.00247174

Loop 0 <line-186> - Time 53.107235 Total energy consumed 1967.214930 Ave. Power Level 37.042315 Memory 73705 MemoryRefresh 61454
	-------- Loop 0 (sock 1 consumed 985.816560, avg temp 39.000000, final temp 39 ) ------
	-------- Loop 0 (sock 2 consumed 981.398370, avg temp 33.000000, final temp 33 ) ------
Loop 1 <line-202> - Time 32.485875 Total energy consumed 1585.647150 Ave. Power Level 48.810357 Memory 30016 MemoryRefresh 39420
	-------- Loop 1 (sock 1 consumed 803.576115, avg temp 39.000000, final temp 39 ) ------
	-------- Loop 1 (sock 2 consumed 782.071035, avg temp 32.000000, final temp 32 ) ------
Loop 2 <line-487> - Time 23.476460 Total energy consumed 1059.488115 Ave. Power Level 45.129807 Memory 15060 MemoryRefresh 26346
	-------- Loop 2 (sock 1 consumed 527.004675, avg temp 38.500000, final temp 38 ) ------
	-------- Loop 2 (sock 2 consumed 532.483440, avg temp 33.000000, final temp 33 ) ------
Loop 3 <line-535> - Time 95.322753 Total energy consumed 5599.444575 Ave. Power Level 58.741952 Memory 4500809 MemoryRefresh 119407
	-------- Loop 3 (sock 1 consumed 2838.718725, avg temp 41.303483, final temp 43 ) ------
	-------- Loop 3 (sock 2 consumed 2760.725850, avg temp 35.492537, final temp 37 ) ------
Application(EnergyStat) - Time 244.103688 Total energy consumed 12375.345465 Ave. Power Level 50.697085 Memory 10009066567 MemoryRefresh 294868 Final Temperature socket 1 : 42  socket 2 : 36 
	 ParallelApplication(EnergyStat) - Time 204.392323 Total energy consumed 10211.794770 Ave. Power Level 49.961734 Memory 4619590 MemoryRefresh 246627
MiniFE Mini-App, OpenMP Peer Implementation
Creating OpenMP Thread Pool...
Counted: 16 threads.
Running MiniFE Mini-App...
      creating/filling mesh...1.18078s, total time: 1.18078
generating matrix structure...52.7739s, total time: 53.9547
         assembling FE data...34.2466s, total time: 88.2013
      imposing Dirichlet BC...11.673s, total time: 99.8743
      imposing Dirichlet BC...8.44255s, total time: 108.317
making matrix indices local...9.53674e-07s, total time: 108.317
Starting CG solver ... 
Initial Residual = 301.002
Iteration = 20   Residual = 0.0582629
Iteration = 40   Residual = 0.0263031
Iteration = 60   Residual = 0.0165032
Iteration = 80   Residual = 0.0113525
Iteration = 100   Residual = 0.00846781
Iteration = 120   Residual = 0.00643412
Iteration = 140   Residual = 0.00508404
Iteration = 160   Residual = 0.00397659
Iteration = 180   Residual = 0.00608079
Iteration = 200   Residual = 0.00247174
Final Resid Norm: 0.00247174

Loop 0 <line-186> - Time 52.774498 Total energy consumed 1956.749520 Ave. Power Level 37.077558 Memory 61397 MemoryRefresh 60868
	-------- Loop 0 (sock 1 consumed 977.924265, avg temp 40.000000, final temp 40 ) ------
	-------- Loop 0 (sock 2 consumed 978.825255, avg temp 32.000000, final temp 32 ) ------
Loop 1 <line-202> - Time 34.247332 Total energy consumed 1646.436165 Ave. Power Level 48.074874 Memory 25615 MemoryRefresh 37296
	-------- Loop 1 (sock 1 consumed 828.646290, avg temp 40.000000, final temp 40 ) ------
	-------- Loop 1 (sock 2 consumed 817.789875, avg temp 32.000000, final temp 32 ) ------
Loop 2 <line-487> - Time 19.927073 Total energy consumed 936.317925 Ave. Power Level 46.987228 Memory 15604 MemoryRefresh 23032
	-------- Loop 2 (sock 1 consumed 473.701065, avg temp 38.500000, final temp 38 ) ------
	-------- Loop 2 (sock 2 consumed 462.616860, avg temp 32.500000, final temp 32 ) ------
Loop 3 <line-535> - Time 79.296900 Total energy consumed 4770.018255 Ave. Power Level 60.153906 Memory 3816955 MemoryRefresh 89260
	-------- Loop 3 (sock 1 consumed 2422.751895, avg temp 41.383085, final temp 43 ) ------
	-------- Loop 3 (sock 2 consumed 2347.266360, avg temp 35.502488, final temp 36 ) ------
Application(EnergyStat) - Time 214.432230 Total energy consumed 10889.175840 Ave. Power Level 50.781433 Memory 5012583 MemoryRefresh 241262 Final Temperature socket 1 : 43  socket 2 : 37 
	 ParallelApplication(EnergyStat) - Time 186.245803 Total energy consumed 9309.521865 Ave. Power Level 49.985137 Memory 3919571 MemoryRefresh 210456
MiniFE Mini-App, OpenMP Peer Implementation
Creating OpenMP Thread Pool...
Counted: 16 threads.
Running MiniFE Mini-App...
      creating/filling mesh...1.229s, total time: 1.229
generating matrix structure...53.3097s, total time: 54.5387
         assembling FE data...30.5986s, total time: 85.1373
      imposing Dirichlet BC...11.7003s, total time: 96.8376
      imposing Dirichlet BC...8.79598s, total time: 105.634
making matrix indices local...0s, total time: 105.634
Starting CG solver ... 
Initial Residual = 301.002
Iteration = 20   Residual = 0.0582629
Iteration = 40   Residual = 0.0263031
Iteration = 60   Residual = 0.0165032
Iteration = 80   Residual = 0.0113525
Iteration = 100   Residual = 0.00846781
Iteration = 120   Residual = 0.00643412
Iteration = 140   Residual = 0.00508404
Iteration = 160   Residual = 0.00397659
Iteration = 180   Residual = 0.00608079
Iteration = 200   Residual = 0.00247174
Final Resid Norm: 0.00247174

Loop 0 <line-186> - Time 53.310416 Total energy consumed 1971.145080 Ave. Power Level 36.974858 Memory 72755 MemoryRefresh 60993
	-------- Loop 0 (sock 1 consumed 983.664045, avg temp 40.000000, final temp 40 ) ------
	-------- Loop 0 (sock 2 consumed 987.481035, avg temp 33.000000, final temp 33 ) ------
Loop 1 <line-202> - Time 30.599277 Total energy consumed 1515.780945 Ave. Power Level 49.536496 Memory 32698 MemoryRefresh 40417
	-------- Loop 1 (sock 1 consumed 763.104660, avg temp 41.000000, final temp 41 ) ------
	-------- Loop 1 (sock 2 consumed 752.676285, avg temp 34.000000, final temp 34 ) ------
Loop 2 <line-487> - Time 20.309366 Total energy consumed 950.220225 Ave. Power Level 46.787292 Memory 16244 MemoryRefresh 23892
	-------- Loop 2 (sock 1 consumed 477.540150, avg temp 40.500000, final temp 41 ) ------
	-------- Loop 2 (sock 2 consumed 472.680075, avg temp 34.000000, final temp 34 ) ------
Loop 3 <line-535> - Time 100.870748 Total energy consumed 5878.081290 Ave. Power Level 58.273399 Memory 4725331 MemoryRefresh 129884
	-------- Loop 3 (sock 1 consumed 2977.711215, avg temp 41.995025, final temp 42 ) ------
	-------- Loop 3 (sock 2 consumed 2900.370075, avg temp 35.417910, final temp 36 ) ------
Application(EnergyStat) - Time 245.080337 Total energy consumed 12493.590240 Ave. Power Level 50.977530 Memory 6170015 MemoryRefresh 304826 Final Temperature socket 1 : 42  socket 2 : 37 
	 ParallelApplication(EnergyStat) - Time 205.089806 Total energy consumed 10315.227540 Ave. Power Level 50.296149 Memory 4847028 MemoryRefresh 255186
