

Elapsed time = 3.597224e+03

Run completed:  
   Problem size        =  120 
   Iteration count     =  2297 
   Final Origin Energy = 2.668283e+05 
   Testing Plane 0 of Energy Array:
        MaxAbsDiff   = 8.731149e-11
        TotalAbsDiff = 3.358477e-09
        MaxRelDiff   = 1.422800e-12



Elapsed time = 6.170598e+02



Elapsed time = 1.276946e+02



Elapsed time = 1.182107e+03



Elapsed time = 1.289608e+02



Elapsed time = 4.339462e+01



Elapsed time = 1.706716e+00



Elapsed time = 5.554956e+01



Elapsed time = 9.384811e+02



Elapsed time = 4.360793e+02



Elapsed time = 7.737378e+00



Elapsed time = 5.311531e+01



Elapsed time = 5.302042e+00


Loop 0 <line-1313> - Time 617.052785 Total energy consumed 30534.630750 Ave. Power Level 49.484633 Memory 2495588 MemoryRefresh 647659
	-------- Loop 0 (sock 1 consumed 15342.134835, avg temp 39.105790, final temp 39 ) ------
	-------- Loop 0 (sock 2 consumed 15192.495915, avg temp 34.487593, final temp 35 ) ------
Loop 1 <line-1341> - Time 127.684701 Total energy consumed 6699.862830 Ave. Power Level 52.471931 Memory 15320331727 MemoryRefresh 128494
	-------- Loop 1 (sock 1 consumed 3303.895380, avg temp 39.088811, final temp 38 ) ------
	-------- Loop 1 (sock 2 consumed 3395.967450, avg temp 34.455377, final temp 35 ) ------
Loop 2 <line-2361> - Time 1182.096764 Total energy consumed 59127.780990 Ave. Power Level 50.019409 Memory 2487156 MemoryRefresh 1244235
	-------- Loop 2 (sock 1 consumed 29821.141755, avg temp 39.090553, final temp 38 ) ------
	-------- Loop 2 (sock 2 consumed 29306.639235, avg temp 34.444928, final temp 35 ) ------
Loop 3 <line-2389> - Time 128.950364 Total energy consumed 6756.732810 Ave. Power Level 52.397935 Memory 3208688 MemoryRefresh 129582
	-------- Loop 3 (sock 1 consumed 3332.153340, avg temp 39.111450, final temp 39 ) ------
	-------- Loop 3 (sock 2 consumed 3424.579470, avg temp 34.434480, final temp 36 ) ------
Loop 4 <line-2440> - Time 43.385637 Total energy consumed 2144.640240 Ave. Power Level 49.432033 Memory 452717 MemoryRefresh 45152
	-------- Loop 4 (sock 1 consumed 1104.596115, avg temp 39.104049, final temp 39 ) ------
	-------- Loop 4 (sock 2 consumed 1040.044125, avg temp 34.438833, final temp 36 ) ------
Loop 5 <line-2460> - Time 1.702867 Total energy consumed 93.184635 Ave. Power Level 54.722199 Memory 2198 MemoryRefresh 1647
	-------- Loop 5 (sock 1 consumed 51.021780, avg temp 39.107096, final temp 39 ) ------
	-------- Loop 5 (sock 2 consumed 42.162855, avg temp 34.442316, final temp 36 ) ------
Loop 6 <line-2514> - Time 55.540820 Total energy consumed 2818.553265 Ave. Power Level 50.747419 Memory 705207 MemoryRefresh 57168
	-------- Loop 6 (sock 1 consumed 1456.033755, avg temp 39.108838, final temp 39 ) ------
	-------- Loop 6 (sock 2 consumed 1362.519510, avg temp 34.487593, final temp 36 ) ------
Loop 7 <line-3918> - Time 938.470347 Total energy consumed 46083.705600 Ave. Power Level 49.105127 Memory 15779654856 MemoryRefresh 988872
	-------- Loop 7 (sock 1 consumed 23273.886795, avg temp 39.115368, final temp 40 ) ------
	-------- Loop 7 (sock 2 consumed 22809.818805, avg temp 34.444493, final temp 35 ) ------
Loop 8 <line-3968> - Time 436.070716 Total energy consumed 21378.986655 Ave. Power Level 49.026421 Memory 2232903 MemoryRefresh 460683
	-------- Loop 8 (sock 1 consumed 10743.533700, avg temp 39.091424, final temp 39 ) ------
	-------- Loop 8 (sock 2 consumed 10635.452955, avg temp 34.454071, final temp 35 ) ------
Loop 9 <line-3990> - Time 7.732070 Total energy consumed 404.148015 Ave. Power Level 52.269056 Memory 125032 MemoryRefresh 8103
	-------- Loop 9 (sock 1 consumed 200.995215, avg temp 39.101872, final temp 39 ) ------
	-------- Loop 9 (sock 2 consumed 203.152800, avg temp 34.463213, final temp 35 ) ------
Loop 10 <line-4056> - Time 53.108245 Total energy consumed 2532.821760 Ave. Power Level 47.691686 Memory 204875 MemoryRefresh 56097
	-------- Loop 10 (sock 1 consumed 1266.697605, avg temp 39.083152, final temp 39 ) ------
	-------- Loop 10 (sock 2 consumed 1266.124155, avg temp 34.425773, final temp 34 ) ------
Loop 11 <line-4117> - Time 5.297837 Total energy consumed 266.917290 Ave. Power Level 50.382310 Memory 26635 MemoryRefresh 5644
	-------- Loop 11 (sock 1 consumed 135.394155, avg temp 39.094906, final temp 40 ) ------
	-------- Loop 11 (sock 2 consumed 131.523135, avg temp 34.423596, final temp 35 ) ------
Application(EnergyStat) - Time 3600.734640 Total energy consumed 178970.099415 Ave. Power Level 49.703774 Memory 31111929500 MemoryRefresh 3775966 Final Temperature socket 1 : 40  socket 2 : 35 
	 ParallelApplication(EnergyStat) - Time 3597.093153 Total energy consumed 178841.964840 Ave. Power Level 49.718469 Memory 31111927582 MemoryRefresh 3773336


Elapsed time = 3.705961e+03

Run completed:  
   Problem size        =  120 
   Iteration count     =  2297 
   Final Origin Energy = 2.668283e+05 
   Testing Plane 0 of Energy Array:
        MaxAbsDiff   = 8.731149e-11
        TotalAbsDiff = 3.358477e-09
        MaxRelDiff   = 1.422800e-12



Elapsed time = 6.431188e+02



Elapsed time = 1.603596e+02



Elapsed time = 1.199995e+03



Elapsed time = 1.602843e+02



Elapsed time = 4.319148e+01



Elapsed time = 1.866547e+00



Elapsed time = 5.725210e+01



Elapsed time = 9.388282e+02



Elapsed time = 4.344261e+02



Elapsed time = 8.626556e+00



Elapsed time = 5.304241e+01



Elapsed time = 4.930205e+00


Loop 0 <line-1313> - Time 643.110251 Total energy consumed 31730.783715 Ave. Power Level 49.339571 Memory 2420865 MemoryRefresh 681635
	-------- Loop 0 (sock 1 consumed 16170.647625, avg temp 39.406182, final temp 41 ) ------
	-------- Loop 0 (sock 2 consumed 15560.136090, avg temp 33.819330, final temp 33 ) ------
Loop 1 <line-1341> - Time 160.348413 Total energy consumed 8241.233490 Ave. Power Level 51.395791 Memory 29338331118 MemoryRefresh 162356
	-------- Loop 1 (sock 1 consumed 4305.070875, avg temp 39.407053, final temp 41 ) ------
	-------- Loop 1 (sock 2 consumed 3936.162615, avg temp 33.827601, final temp 35 ) ------
Loop 2 <line-2361> - Time 1199.983682 Total energy consumed 59867.454975 Ave. Power Level 49.890224 Memory 2551546 MemoryRefresh 1275467
	-------- Loop 2 (sock 1 consumed 30417.785070, avg temp 39.383108, final temp 40 ) ------
	-------- Loop 2 (sock 2 consumed 29449.669905, avg temp 33.817153, final temp 35 ) ------
Loop 3 <line-2389> - Time 160.272486 Total energy consumed 8218.110465 Ave. Power Level 51.275866 Memory 46349884512 MemoryRefresh 161436
	-------- Loop 3 (sock 1 consumed 4289.870745, avg temp 39.382673, final temp 40 ) ------
	-------- Loop 3 (sock 2 consumed 3928.239720, avg temp 33.798868, final temp 35 ) ------
Loop 4 <line-2440> - Time 43.181313 Total energy consumed 2140.903080 Ave. Power Level 49.579389 Memory 458686 MemoryRefresh 45181
	-------- Loop 4 (sock 1 consumed 1102.902150, avg temp 39.397040, final temp 40 ) ------
	-------- Loop 4 (sock 2 consumed 1038.000930, avg temp 33.843274, final temp 35 ) ------
Loop 5 <line-2460> - Time 1.863454 Total energy consumed 98.818725 Ave. Power Level 53.029883 Memory 2369 MemoryRefresh 1850
	-------- Loop 5 (sock 1 consumed 52.875375, avg temp 39.406617, final temp 40 ) ------
	-------- Loop 5 (sock 2 consumed 45.943350, avg temp 33.847192, final temp 35 ) ------
Loop 6 <line-2514> - Time 57.242718 Total energy consumed 2893.038930 Ave. Power Level 50.539860 Memory 706943 MemoryRefresh 58997
	-------- Loop 6 (sock 1 consumed 1493.967930, avg temp 39.431432, final temp 40 ) ------
	-------- Loop 6 (sock 2 consumed 1399.071000, avg temp 33.878102, final temp 35 ) ------
Loop 7 <line-3918> - Time 938.817968 Total energy consumed 46043.858775 Ave. Power Level 49.044501 Memory 16295483253 MemoryRefresh 997297
	-------- Loop 7 (sock 1 consumed 23375.662755, avg temp 39.385721, final temp 41 ) ------
	-------- Loop 7 (sock 2 consumed 22668.196020, avg temp 33.848498, final temp 34 ) ------
Loop 8 <line-3968> - Time 434.417582 Total energy consumed 21282.870945 Ave. Power Level 48.991735 Memory 2297261 MemoryRefresh 462433
	-------- Loop 8 (sock 1 consumed 10826.316720, avg temp 39.407053, final temp 40 ) ------
	-------- Loop 8 (sock 2 consumed 10456.554225, avg temp 33.827601, final temp 35 ) ------
Loop 9 <line-3990> - Time 8.622251 Total energy consumed 439.574520 Ave. Power Level 50.981411 Memory 128314 MemoryRefresh 8930
	-------- Loop 9 (sock 1 consumed 227.000055, avg temp 39.424031, final temp 40 ) ------
	-------- Loop 9 (sock 2 consumed 212.574465, avg temp 33.841097, final temp 34 ) ------
Loop 10 <line-4056> - Time 53.033516 Total energy consumed 2529.497745 Ave. Power Level 47.696211 Memory 198972 MemoryRefresh 56497
	-------- Loop 10 (sock 1 consumed 1287.053865, avg temp 39.391815, final temp 40 ) ------
	-------- Loop 10 (sock 2 consumed 1242.443880, avg temp 33.830649, final temp 34 ) ------
Loop 11 <line-4117> - Time 4.925611 Total energy consumed 250.646895 Ave. Power Level 50.886453 Memory 26648 MemoryRefresh 5156
	-------- Loop 11 (sock 1 consumed 127.222125, avg temp 39.377449, final temp 40 ) ------
	-------- Loop 11 (sock 2 consumed 123.424770, avg temp 33.832825, final temp 34 ) ------
Application(EnergyStat) - Time 3709.474676 Total energy consumed 183866.104770 Ave. Power Level 49.566615 Memory 91992492374 MemoryRefresh 3919894 Final Temperature socket 1 : 40  socket 2 : 35 
	 ParallelApplication(EnergyStat) - Time 3705.819245 Total energy consumed 183736.792260 Ave. Power Level 49.580614 Memory 91992490487 MemoryRefresh 3917235


Elapsed time = 3.559372e+03

Run completed:  
   Problem size        =  120 
   Iteration count     =  2297 
   Final Origin Energy = 2.668283e+05 
   Testing Plane 0 of Energy Array:
        MaxAbsDiff   = 8.731149e-11
        TotalAbsDiff = 3.358477e-09
        MaxRelDiff   = 1.422800e-12



Elapsed time = 6.060471e+02



Elapsed time = 1.354343e+02



Elapsed time = 1.160379e+03



Elapsed time = 1.363839e+02



Elapsed time = 4.117337e+01



Elapsed time = 1.694939e+00



Elapsed time = 5.117551e+01



Elapsed time = 9.243995e+02



Elapsed time = 4.376792e+02



Elapsed time = 7.655209e+00



Elapsed time = 5.241909e+01



Elapsed time = 4.903916e+00


Loop 0 <line-1313> - Time 606.041412 Total energy consumed 30016.692150 Ave. Power Level 49.529111 Memory 2507337 MemoryRefresh 650131
	-------- Loop 0 (sock 1 consumed 15040.042500, avg temp 39.586852, final temp 39 ) ------
	-------- Loop 0 (sock 2 consumed 14976.649650, avg temp 34.995646, final temp 36 ) ------
Loop 1 <line-1341> - Time 135.425493 Total energy consumed 7080.575700 Ave. Power Level 52.283920 Memory 16097791868 MemoryRefresh 139635
	-------- Loop 1 (sock 1 consumed 3437.917065, avg temp 39.570309, final temp 39 ) ------
	-------- Loop 1 (sock 2 consumed 3642.658635, avg temp 35.009578, final temp 35 ) ------
Loop 2 <line-2361> - Time 1160.371603 Total energy consumed 58120.340430 Ave. Power Level 50.087696 Memory 2753954 MemoryRefresh 1246547
	-------- Loop 2 (sock 1 consumed 29250.530475, avg temp 39.600784, final temp 39 ) ------
	-------- Loop 2 (sock 2 consumed 28869.809955, avg temp 34.994776, final temp 35 ) ------
Loop 3 <line-2389> - Time 136.374368 Total energy consumed 7115.132400 Ave. Power Level 52.173532 Memory 15292311405 MemoryRefresh 140186
	-------- Loop 3 (sock 1 consumed 3456.395460, avg temp 39.582934, final temp 38 ) ------
	-------- Loop 3 (sock 2 consumed 3658.736940, avg temp 35.012190, final temp 35 ) ------
Loop 4 <line-2440> - Time 41.166554 Total energy consumed 2042.291790 Ave. Power Level 49.610462 Memory 472018 MemoryRefresh 43862
	-------- Loop 4 (sock 1 consumed 1011.186660, avg temp 39.567697, final temp 40 ) ------
	-------- Loop 4 (sock 2 consumed 1031.105130, avg temp 35.018285, final temp 35 ) ------
Loop 5 <line-2460> - Time 1.692516 Total energy consumed 97.252500 Ave. Power Level 57.460324 Memory 2229 MemoryRefresh 1627
	-------- Loop 5 (sock 1 consumed 52.009125, avg temp 39.565520, final temp 39 ) ------
	-------- Loop 5 (sock 2 consumed 45.243375, avg temp 35.023509, final temp 35 ) ------
Loop 6 <line-2514> - Time 51.168477 Total energy consumed 2602.434405 Ave. Power Level 50.860111 Memory 733010 MemoryRefresh 54223
	-------- Loop 6 (sock 1 consumed 1278.006495, avg temp 39.597301, final temp 39 ) ------
	-------- Loop 6 (sock 2 consumed 1324.427910, avg temp 35.037005, final temp 35 ) ------
Loop 7 <line-3918> - Time 924.393297 Total energy consumed 45424.504905 Ave. Power Level 49.139803 Memory 2602895 MemoryRefresh 996119
	-------- Loop 7 (sock 1 consumed 22875.126120, avg temp 39.558555, final temp 39 ) ------
	-------- Loop 7 (sock 2 consumed 22549.378785, avg temp 34.987375, final temp 34 ) ------
Loop 8 <line-3968> - Time 437.672523 Total energy consumed 21463.848225 Ave. Power Level 49.040886 Memory 2300343 MemoryRefresh 472653
	-------- Loop 8 (sock 1 consumed 10786.431060, avg temp 39.588594, final temp 38 ) ------
	-------- Loop 8 (sock 2 consumed 10677.417165, avg temp 34.993034, final temp 35 ) ------
Loop 9 <line-3990> - Time 7.650943 Total energy consumed 400.072500 Ave. Power Level 52.290615 Memory 126781 MemoryRefresh 8194
	-------- Loop 9 (sock 1 consumed 197.880660, avg temp 39.598172, final temp 39 ) ------
	-------- Loop 9 (sock 2 consumed 202.191840, avg temp 35.034393, final temp 35 ) ------
Loop 10 <line-4056> - Time 52.413711 Total energy consumed 2496.945465 Ave. Power Level 47.639166 Memory 209722 MemoryRefresh 56502
	-------- Loop 10 (sock 1 consumed 1250.141325, avg temp 39.582064, final temp 39 ) ------
	-------- Loop 10 (sock 2 consumed 1246.804140, avg temp 34.990422, final temp 35 ) ------
Loop 11 <line-4117> - Time 4.898880 Total energy consumed 244.510755 Ave. Power Level 49.911564 Memory 29104 MemoryRefresh 5125
	-------- Loop 11 (sock 1 consumed 124.745835, avg temp 39.569438, final temp 39 ) ------
	-------- Loop 11 (sock 2 consumed 119.764920, avg temp 34.996517, final temp 35 ) ------
Application(EnergyStat) - Time 3562.622812 Total energy consumed 177225.490320 Ave. Power Level 49.745791 Memory 31401842525 MemoryRefresh 3817143 Final Temperature socket 1 : 39  socket 2 : 34 
	 ParallelApplication(EnergyStat) - Time 3559.269776 Total energy consumed 177104.601225 Ave. Power Level 49.758690 Memory 31401840666 MemoryRefresh 3814804


Elapsed time = 3.675644e+03

Run completed:  
   Problem size        =  120 
   Iteration count     =  2297 
   Final Origin Energy = 2.668283e+05 
   Testing Plane 0 of Energy Array:
        MaxAbsDiff   = 8.731149e-11
        TotalAbsDiff = 3.358477e-09
        MaxRelDiff   = 1.422800e-12



Elapsed time = 6.355890e+02



Elapsed time = 1.613660e+02



Elapsed time = 1.185473e+03



Elapsed time = 1.613206e+02



Elapsed time = 4.248344e+01



Elapsed time = 1.720280e+00



Elapsed time = 5.680407e+01



Elapsed time = 9.337134e+02



Elapsed time = 4.314903e+02



Elapsed time = 8.632217e+00



Elapsed time = 5.234547e+01



Elapsed time = 4.679258e+00


Loop 0 <line-1313> - Time 635.583752 Total energy consumed 31410.692340 Ave. Power Level 49.420225 Memory 2512500 MemoryRefresh 691252
	-------- Loop 0 (sock 1 consumed 16044.130290, avg temp 39.405311, final temp 40 ) ------
	-------- Loop 0 (sock 2 consumed 15366.562050, avg temp 34.914671, final temp 36 ) ------
Loop 1 <line-1341> - Time 161.358180 Total energy consumed 8294.243220 Ave. Power Level 51.402682 Memory 3452391 MemoryRefresh 166338
	-------- Loop 1 (sock 1 consumed 4336.862520, avg temp 39.409665, final temp 40 ) ------
	-------- Loop 1 (sock 2 consumed 3957.380700, avg temp 34.908141, final temp 35 ) ------
Loop 2 <line-2361> - Time 1185.465899 Total energy consumed 59264.714670 Ave. Power Level 49.992762 Memory 16077667571 MemoryRefresh 1293381
	-------- Loop 2 (sock 1 consumed 30164.077935, avg temp 39.398346, final temp 40 ) ------
	-------- Loop 2 (sock 2 consumed 29100.636735, avg temp 34.925555, final temp 36 ) ------
Loop 3 <line-2389> - Time 161.312643 Total energy consumed 8285.532960 Ave. Power Level 51.363196 Memory 3428421 MemoryRefresh 165812
	-------- Loop 3 (sock 1 consumed 4328.923755, avg temp 39.401828, final temp 40 ) ------
	-------- Loop 3 (sock 2 consumed 3956.609205, avg temp 34.914236, final temp 36 ) ------
Loop 4 <line-2440> - Time 42.475758 Total energy consumed 2104.249320 Ave. Power Level 49.540006 Memory 470502 MemoryRefresh 45368
	-------- Loop 4 (sock 1 consumed 1085.730390, avg temp 39.399216, final temp 40 ) ------
	-------- Loop 4 (sock 2 consumed 1018.518930, avg temp 34.915107, final temp 36 ) ------
Loop 5 <line-2460> - Time 1.717857 Total energy consumed 87.969000 Ave. Power Level 51.208580 Memory 1992 MemoryRefresh 1596
	-------- Loop 5 (sock 1 consumed 48.528960, avg temp 39.404441, final temp 39 ) ------
	-------- Loop 5 (sock 2 consumed 39.440040, avg temp 34.917719, final temp 36 ) ------
Loop 6 <line-2514> - Time 56.797675 Total energy consumed 2879.636565 Ave. Power Level 50.699902 Memory 719096 MemoryRefresh 59991
	-------- Loop 6 (sock 1 consumed 1487.945385, avg temp 39.410535, final temp 40 ) ------
	-------- Loop 6 (sock 2 consumed 1391.691180, avg temp 34.926426, final temp 35 ) ------
Loop 7 <line-3918> - Time 933.707354 Total energy consumed 45846.676485 Ave. Power Level 49.101762 Memory 16348502256 MemoryRefresh 1016317
	-------- Loop 7 (sock 1 consumed 23320.324935, avg temp 39.398346, final temp 39 ) ------
	-------- Loop 7 (sock 2 consumed 22526.351550, avg temp 34.916848, final temp 36 ) ------
Loop 8 <line-3968> - Time 431.484807 Total energy consumed 21164.417550 Ave. Power Level 49.050203 Memory 2328962 MemoryRefresh 471548
	-------- Loop 8 (sock 1 consumed 10783.798920, avg temp 39.403135, final temp 40 ) ------
	-------- Loop 8 (sock 2 consumed 10380.618630, avg temp 34.924249, final temp 35 ) ------
Loop 9 <line-3990> - Time 8.628629 Total energy consumed 432.023400 Ave. Power Level 50.068604 Memory 134631 MemoryRefresh 9122
	-------- Loop 9 (sock 1 consumed 223.742625, avg temp 39.416630, final temp 39 ) ------
	-------- Loop 9 (sock 2 consumed 208.280775, avg temp 34.944710, final temp 36 ) ------
Loop 10 <line-4056> - Time 52.339824 Total energy consumed 2505.175320 Ave. Power Level 47.863655 Memory 202838 MemoryRefresh 57515
	-------- Loop 10 (sock 1 consumed 1276.840995, avg temp 39.393992, final temp 40 ) ------
	-------- Loop 10 (sock 2 consumed 1228.334325, avg temp 34.899869, final temp 36 ) ------
Loop 11 <line-4117> - Time 4.675337 Total energy consumed 232.821330 Ave. Power Level 49.797764 Memory 28803 MemoryRefresh 4971
	-------- Loop 11 (sock 1 consumed 119.009535, avg temp 39.397475, final temp 40 ) ------
	-------- Loop 11 (sock 2 consumed 113.811795, avg temp 34.885067, final temp 36 ) ------
Application(EnergyStat) - Time 3679.139874 Total energy consumed 182634.917415 Ave. Power Level 49.640656 Memory 32439451764 MemoryRefresh 3985808 Final Temperature socket 1 : 40  socket 2 : 36 
	 ParallelApplication(EnergyStat) - Time 3675.547716 Total energy consumed 182508.152160 Ave. Power Level 49.654682 Memory 32439449963 MemoryRefresh 3983211


Elapsed time = 3.653811e+03

Run completed:  
   Problem size        =  120 
   Iteration count     =  2297 
   Final Origin Energy = 2.668283e+05 
   Testing Plane 0 of Energy Array:
        MaxAbsDiff   = 8.731149e-11
        TotalAbsDiff = 3.358477e-09
        MaxRelDiff   = 1.422800e-12



Elapsed time = 6.329177e+02



Elapsed time = 1.541622e+02



Elapsed time = 1.185301e+03



Elapsed time = 1.543252e+02



Elapsed time = 4.199234e+01



Elapsed time = 1.773575e+00



Elapsed time = 5.522778e+01



Elapsed time = 9.286359e+02



Elapsed time = 4.340075e+02



Elapsed time = 8.225608e+00



Elapsed time = 5.249094e+01



Elapsed time = 4.715771e+00


Loop 0 <line-1313> - Time 632.910019 Total energy consumed 31287.180255 Ave. Power Level 49.433852 Memory 2465252 MemoryRefresh 688132
	-------- Loop 0 (sock 1 consumed 15970.948140, avg temp 39.715281, final temp 39 ) ------
	-------- Loop 0 (sock 2 consumed 15316.232115, avg temp 35.511101, final temp 36 ) ------
Loop 1 <line-1341> - Time 154.151683 Total energy consumed 7957.926720 Ave. Power Level 51.624002 Memory 14766392482 MemoryRefresh 159689
	-------- Loop 1 (sock 1 consumed 4168.603050, avg temp 39.702220, final temp 39 ) ------
	-------- Loop 1 (sock 2 consumed 3789.323670, avg temp 35.517632, final temp 36 ) ------
Loop 2 <line-2361> - Time 1185.292033 Total energy consumed 59254.819740 Ave. Power Level 49.991747 Memory 2608575 MemoryRefresh 1292448
	-------- Loop 2 (sock 1 consumed 30159.488040, avg temp 39.695690, final temp 40 ) ------
	-------- Loop 2 (sock 2 consumed 29095.331700, avg temp 35.492817, final temp 36 ) ------
Loop 3 <line-2389> - Time 154.314534 Total energy consumed 7946.931930 Ave. Power Level 51.498273 Memory 14257879806 MemoryRefresh 159167
	-------- Loop 3 (sock 1 consumed 4159.923195, avg temp 39.686112, final temp 40 ) ------
	-------- Loop 3 (sock 2 consumed 3787.008735, avg temp 35.504136, final temp 36 ) ------
Loop 4 <line-2440> - Time 41.982310 Total energy consumed 2084.976000 Ave. Power Level 49.663203 Memory 471240 MemoryRefresh 45025
	-------- Loop 4 (sock 1 consumed 1076.090385, avg temp 39.706574, final temp 40 ) ------
	-------- Loop 4 (sock 2 consumed 1008.885615, avg temp 35.519808, final temp 36 ) ------
Loop 5 <line-2460> - Time 1.770673 Total energy consumed 90.938880 Ave. Power Level 51.358378 Memory 2445 MemoryRefresh 1871
	-------- Loop 5 (sock 1 consumed 48.507495, avg temp 39.698737, final temp 40 ) ------
	-------- Loop 5 (sock 2 consumed 42.431385, avg temp 35.522421, final temp 36 ) ------
Loop 6 <line-2514> - Time 55.219826 Total energy consumed 2805.683160 Ave. Power Level 50.809345 Memory 725300 MemoryRefresh 58486
	-------- Loop 6 (sock 1 consumed 1453.695810, avg temp 39.718328, final temp 39 ) ------
	-------- Loop 6 (sock 2 consumed 1351.987350, avg temp 35.513714, final temp 35 ) ------
Loop 7 <line-3918> - Time 928.627681 Total energy consumed 45612.354420 Ave. Power Level 49.118022 Memory 16111381930 MemoryRefresh 1012497
	-------- Loop 7 (sock 1 consumed 23202.927990, avg temp 39.715281, final temp 40 ) ------
	-------- Loop 7 (sock 2 consumed 22409.426430, avg temp 35.535481, final temp 36 ) ------
Loop 8 <line-3968> - Time 433.999086 Total energy consumed 21285.878025 Ave. Power Level 49.045905 Memory 2255174 MemoryRefresh 474067
	-------- Loop 8 (sock 1 consumed 10813.547580, avg temp 39.689160, final temp 40 ) ------
	-------- Loop 8 (sock 2 consumed 10472.330445, avg temp 35.524162, final temp 36 ) ------
Loop 9 <line-3990> - Time 8.219951 Total energy consumed 416.885130 Ave. Power Level 50.716255 Memory 131220 MemoryRefresh 8839
	-------- Loop 9 (sock 1 consumed 214.973460, avg temp 39.720505, final temp 40 ) ------
	-------- Loop 9 (sock 2 consumed 201.911670, avg temp 35.525468, final temp 36 ) ------
Loop 10 <line-4056> - Time 52.483457 Total energy consumed 2506.710570 Ave. Power Level 47.761918 Memory 203715 MemoryRefresh 57433
	-------- Loop 10 (sock 1 consumed 1278.362970, avg temp 39.713539, final temp 40 ) ------
	-------- Loop 10 (sock 2 consumed 1228.347600, avg temp 35.525033, final temp 36 ) ------
Loop 11 <line-4117> - Time 4.710678 Total energy consumed 235.994475 Ave. Power Level 50.097768 Memory 26949 MemoryRefresh 5013
	-------- Loop 11 (sock 1 consumed 119.820555, avg temp 39.702656, final temp 40 ) ------
	-------- Loop 11 (sock 2 consumed 116.173920, avg temp 35.495429, final temp 36 ) ------
Application(EnergyStat) - Time 3657.322301 Total energy consumed 181613.969490 Ave. Power Level 49.657633 Memory 45144545917 MemoryRefresh 3965260 Final Temperature socket 1 : 40  socket 2 : 36 
	 ParallelApplication(EnergyStat) - Time 3653.681929 Total energy consumed 181486.279305 Ave. Power Level 49.672162 Memory 45144544088 MemoryRefresh 3962667
