

Elapsed time = 5.044793e+02

Run completed:  
   Problem size        =  120 
   Iteration count     =  2297 
   Final Origin Energy = 2.668283e+05 
   Testing Plane 0 of Energy Array:
        MaxAbsDiff   = 8.731149e-11
        TotalAbsDiff = 3.358477e-09
        MaxRelDiff   = 1.422800e-12



Elapsed time = 7.308083e+01



Elapsed time = 6.210604e+01



Elapsed time = 1.267386e+02



Elapsed time = 6.171014e+01



Elapsed time = 1.015276e+01



Elapsed time = 2.622050e-01



Elapsed time = 1.655688e+01



Elapsed time = 9.755666e+01



Elapsed time = 4.681398e+01



Elapsed time = 2.674484e+00



Elapsed time = 5.935482e+00



Elapsed time = 8.776920e-01


Loop 0 <line-1313> - Time 73.076870 Total energy consumed 8743.293690 Ave. Power Level 119.645159 Memory 25735708708 MemoryRefresh 122620
	-------- Loop 0 (sock 1 consumed 4621.950480, avg temp 65.940792, final temp 66 ) ------
	-------- Loop 0 (sock 2 consumed 4121.343210, avg temp 53.274706, final temp 53 ) ------
Loop 1 <line-1341> - Time 62.101568 Total energy consumed 6870.615795 Ave. Power Level 110.635142 Memory 4488349 MemoryRefresh 96455
	-------- Loop 1 (sock 1 consumed 3674.644350, avg temp 65.763605, final temp 66 ) ------
	-------- Loop 1 (sock 2 consumed 3195.971445, avg temp 52.606879, final temp 53 ) ------
Loop 2 <line-2361> - Time 126.734298 Total energy consumed 16416.347490 Ave. Power Level 129.533581 Memory 13099340590 MemoryRefresh 215725
	-------- Loop 2 (sock 1 consumed 8562.315225, avg temp 66.042664, final temp 66 ) ------
	-------- Loop 2 (sock 2 consumed 7854.032265, avg temp 53.530257, final temp 53 ) ------
Loop 3 <line-2389> - Time 61.705965 Total energy consumed 6813.679350 Ave. Power Level 110.421730 Memory 4428919 MemoryRefresh 95179
	-------- Loop 3 (sock 1 consumed 3643.490625, avg temp 65.831955, final temp 66 ) ------
	-------- Loop 3 (sock 2 consumed 3170.188725, avg temp 52.720940, final temp 53 ) ------
Loop 4 <line-2440> - Time 10.148198 Total energy consumed 1115.142345 Ave. Power Level 109.885752 Memory 684877 MemoryRefresh 15571
	-------- Loop 4 (sock 1 consumed 591.263490, avg temp 65.793644, final temp 66 ) ------
	-------- Loop 4 (sock 2 consumed 523.878855, avg temp 52.728341, final temp 53 ) ------
Loop 5 <line-2460> - Time 0.260858 Total energy consumed 11.053890 Ave. Power Level 42.375203 Memory 2410 MemoryRefresh 160
	-------- Loop 5 (sock 1 consumed 5.717970, avg temp 65.797127, final temp 66 ) ------
	-------- Loop 5 (sock 2 consumed 5.335920, avg temp 52.725729, final temp 53 ) ------
Loop 6 <line-2514> - Time 16.552551 Total energy consumed 1827.437865 Ave. Power Level 110.402192 Memory 10898720077 MemoryRefresh 23742
	-------- Loop 6 (sock 1 consumed 978.739740, avg temp 65.824554, final temp 66 ) ------
	-------- Loop 6 (sock 2 consumed 848.698125, avg temp 52.757945, final temp 53 ) ------
Loop 7 <line-3918> - Time 97.552133 Total energy consumed 11742.606930 Ave. Power Level 120.372631 Memory 26421958420 MemoryRefresh 165403
	-------- Loop 7 (sock 1 consumed 6136.853250, avg temp 65.993034, final temp 66 ) ------
	-------- Loop 7 (sock 2 consumed 5605.753680, avg temp 53.391815, final temp 54 ) ------
Loop 8 <line-3968> - Time 46.809765 Total energy consumed 5454.280680 Ave. Power Level 116.520146 Memory 12852091782 MemoryRefresh 78385
	-------- Loop 8 (sock 1 consumed 2887.839000, avg temp 65.916848, final temp 67 ) ------
	-------- Loop 8 (sock 2 consumed 2566.441680, avg temp 53.168481, final temp 54 ) ------
Loop 9 <line-3990> - Time 2.672473 Total energy consumed 275.836635 Ave. Power Level 103.214015 Memory 137284 MemoryRefresh 4714
	-------- Loop 9 (sock 1 consumed 141.220035, avg temp 65.908576, final temp 66 ) ------
	-------- Loop 9 (sock 2 consumed 134.616600, avg temp 53.174576, final temp 53 ) ------
Loop 10 <line-4056> - Time 5.932181 Total energy consumed 634.073610 Ave. Power Level 106.887095 Memory 303904 MemoryRefresh 9580
	-------- Loop 10 (sock 1 consumed 335.489070, avg temp 65.883761, final temp 66 ) ------
	-------- Loop 10 (sock 2 consumed 298.584540, avg temp 53.073139, final temp 53 ) ------
Loop 11 <line-4117> - Time 0.876255 Total energy consumed 127.233600 Ave. Power Level 145.201596 Memory 37053 MemoryRefresh 1568
	-------- Loop 11 (sock 1 consumed 68.998605, avg temp 65.861123, final temp 66 ) ------
	-------- Loop 11 (sock 2 consumed 58.234995, avg temp 53.062690, final temp 53 ) ------
Application(EnergyStat) - Time 505.083732 Total energy consumed 60063.288030 Ave. Power Level 118.917487 Memory 89017905934 MemoryRefresh 830092 Final Temperature socket 1 : 66  socket 2 : 54 
	 ParallelApplication(EnergyStat) - Time 504.423114 Total energy consumed 60031.601880 Ave. Power Level 119.010411 Memory 89017902373 MemoryRefresh 829102


Elapsed time = 4.950356e+02

Run completed:  
   Problem size        =  120 
   Iteration count     =  2297 
   Final Origin Energy = 2.668283e+05 
   Testing Plane 0 of Energy Array:
        MaxAbsDiff   = 8.731149e-11
        TotalAbsDiff = 3.358477e-09
        MaxRelDiff   = 1.422800e-12



Elapsed time = 6.600485e+01



Elapsed time = 6.127357e+01



Elapsed time = 1.234777e+02



Elapsed time = 6.091494e+01



Elapsed time = 9.497388e+00



Elapsed time = 3.373350e-01



Elapsed time = 1.579338e+01



Elapsed time = 1.008518e+02



Elapsed time = 4.762611e+01



Elapsed time = 2.539836e+00



Elapsed time = 5.827600e+00



Elapsed time = 8.775870e-01


Loop 0 <line-1313> - Time 66.000896 Total energy consumed 8066.950005 Ave. Power Level 122.224856 Memory 3814224 MemoryRefresh 111392
	-------- Loop 0 (sock 1 consumed 3967.919055, avg temp 65.659991, final temp 66 ) ------
	-------- Loop 0 (sock 2 consumed 4099.030950, avg temp 55.288637, final temp 56 ) ------
Loop 1 <line-1341> - Time 61.269683 Total energy consumed 6790.664025 Ave. Power Level 110.832368 Memory 11958576446 MemoryRefresh 99289
	-------- Loop 1 (sock 1 consumed 3309.165765, avg temp 64.948193, final temp 65 ) ------
	-------- Loop 1 (sock 2 consumed 3481.498260, avg temp 54.954288, final temp 56 ) ------
Loop 2 <line-2361> - Time 123.473682 Total energy consumed 16046.137230 Ave. Power Level 129.955931 Memory 3583342 MemoryRefresh 209603
	-------- Loop 2 (sock 1 consumed 8027.580225, avg temp 65.869830, final temp 66 ) ------
	-------- Loop 2 (sock 2 consumed 8018.557005, avg temp 55.475838, final temp 56 ) ------
Loop 3 <line-2389> - Time 60.910629 Total energy consumed 6764.775450 Ave. Power Level 111.060672 Memory 11986685376 MemoryRefresh 97862
	-------- Loop 3 (sock 1 consumed 3294.921240, avg temp 65.035699, final temp 64 ) ------
	-------- Loop 3 (sock 2 consumed 3469.854210, avg temp 55.023944, final temp 56 ) ------
Loop 4 <line-2440> - Time 9.493181 Total energy consumed 1061.752590 Ave. Power Level 111.843714 Memory 706959 MemoryRefresh 15632
	-------- Loop 4 (sock 1 consumed 519.103215, avg temp 65.032216, final temp 65 ) ------
	-------- Loop 4 (sock 2 consumed 542.649375, avg temp 54.974314, final temp 56 ) ------
Loop 5 <line-2460> - Time 0.335995 Total energy consumed 35.063415 Ave. Power Level 104.356895 Memory 11041 MemoryRefresh 652
	-------- Loop 5 (sock 1 consumed 18.057030, avg temp 65.030910, final temp 65 ) ------
	-------- Loop 5 (sock 2 consumed 17.006385, avg temp 54.976056, final temp 56 ) ------
Loop 6 <line-2514> - Time 15.789363 Total energy consumed 1736.191770 Ave. Power Level 109.959583 Memory 1168301 MemoryRefresh 24137
	-------- Loop 6 (sock 1 consumed 844.465605, avg temp 65.054419, final temp 65 ) ------
	-------- Loop 6 (sock 2 consumed 891.726165, avg temp 55.042664, final temp 55 ) ------
Loop 7 <line-3918> - Time 100.848042 Total energy consumed 12054.474990 Ave. Power Level 119.531076 Memory 2837821 MemoryRefresh 171708
	-------- Loop 7 (sock 1 consumed 6049.261095, avg temp 65.612103, final temp 66 ) ------
	-------- Loop 7 (sock 2 consumed 6005.213895, avg temp 55.266434, final temp 56 ) ------
Loop 8 <line-3968> - Time 47.622415 Total energy consumed 5564.492265 Ave. Power Level 116.846074 Memory 2431026 MemoryRefresh 80780
	-------- Loop 8 (sock 1 consumed 2767.788855, avg temp 65.528515, final temp 66 ) ------
	-------- Loop 8 (sock 2 consumed 2796.703410, avg temp 55.201132, final temp 56 ) ------
Loop 9 <line-3990> - Time 2.538318 Total energy consumed 279.432720 Ave. Power Level 110.085786 Memory 144303 MemoryRefresh 4548
	-------- Loop 9 (sock 1 consumed 140.638500, avg temp 65.520679, final temp 66 ) ------
	-------- Loop 9 (sock 2 consumed 138.794220, avg temp 55.191990, final temp 56 ) ------
Loop 10 <line-4056> - Time 5.824117 Total energy consumed 599.275095 Ave. Power Level 102.895434 Memory 299711 MemoryRefresh 9366
	-------- Loop 10 (sock 1 consumed 296.147265, avg temp 65.424031, final temp 66 ) ------
	-------- Loop 10 (sock 2 consumed 303.127830, avg temp 55.142360, final temp 56 ) ------
Loop 11 <line-4117> - Time 0.876064 Total energy consumed 78.664155 Ave. Power Level 89.792723 Memory 25492 MemoryRefresh 1048
	-------- Loop 11 (sock 1 consumed 38.980005, avg temp 65.416195, final temp 66 ) ------
	-------- Loop 11 (sock 2 consumed 39.684150, avg temp 55.119721, final temp 56 ) ------
Application(EnergyStat) - Time 495.651290 Total energy consumed 59109.977685 Ave. Power Level 119.257185 Memory 23960287993 MemoryRefresh 827084 Final Temperature socket 1 : 66  socket 2 : 55 
	 ParallelApplication(EnergyStat) - Time 494.982385 Total energy consumed 59077.873710 Ave. Power Level 119.353487 Memory 23960284042 MemoryRefresh 826017


Elapsed time = 4.896446e+02

Run completed:  
   Problem size        =  120 
   Iteration count     =  2297 
   Final Origin Energy = 2.668283e+05 
   Testing Plane 0 of Energy Array:
        MaxAbsDiff   = 8.731149e-11
        TotalAbsDiff = 3.358477e-09
        MaxRelDiff   = 1.422800e-12



Elapsed time = 6.610012e+01



Elapsed time = 6.115265e+01



Elapsed time = 1.231785e+02



Elapsed time = 6.085222e+01



Elapsed time = 9.411264e+00



Elapsed time = 3.150520e-01



Elapsed time = 1.568542e+01



Elapsed time = 9.696124e+01



Elapsed time = 4.667887e+01



Elapsed time = 2.567409e+00



Elapsed time = 5.904621e+00



Elapsed time = 8.243510e-01


Loop 0 <line-1313> - Time 66.096429 Total energy consumed 8087.785155 Ave. Power Level 122.363420 Memory 12999042769 MemoryRefresh 111638
	-------- Loop 0 (sock 1 consumed 3977.031735, avg temp 65.897257, final temp 66 ) ------
	-------- Loop 0 (sock 2 consumed 4110.753420, avg temp 55.919025, final temp 57 ) ------
Loop 1 <line-1341> - Time 61.148653 Total energy consumed 6771.181305 Ave. Power Level 110.733122 Memory 4554815 MemoryRefresh 98434
	-------- Loop 1 (sock 1 consumed 3300.679575, avg temp 65.298650, final temp 66 ) ------
	-------- Loop 1 (sock 2 consumed 3470.501730, avg temp 55.646060, final temp 56 ) ------
Loop 2 <line-2361> - Time 123.174582 Total energy consumed 16071.126255 Ave. Power Level 130.474372 Memory 26216189673 MemoryRefresh 209754
	-------- Loop 2 (sock 1 consumed 8038.467240, avg temp 66.045276, final temp 66 ) ------
	-------- Loop 2 (sock 2 consumed 8032.659015, avg temp 56.053983, final temp 57 ) ------
Loop 3 <line-2389> - Time 60.848348 Total energy consumed 6729.980835 Ave. Power Level 110.602523 Memory 4498687 MemoryRefresh 97445
	-------- Loop 3 (sock 1 consumed 3277.054875, avg temp 65.398781, final temp 66 ) ------
	-------- Loop 3 (sock 2 consumed 3452.925960, avg temp 55.721811, final temp 56 ) ------
Loop 4 <line-2440> - Time 9.407134 Total energy consumed 1079.587125 Ave. Power Level 114.762594 Memory 709647 MemoryRefresh 15437
	-------- Loop 4 (sock 1 consumed 529.632930, avg temp 65.383979, final temp 65 ) ------
	-------- Loop 4 (sock 2 consumed 549.954195, avg temp 55.673052, final temp 55 ) ------
Loop 5 <line-2460> - Time 0.313896 Total energy consumed 36.630180 Ave. Power Level 116.695093 Memory 14104 MemoryRefresh 745
	-------- Loop 5 (sock 1 consumed 18.663705, avg temp 65.382238, final temp 65 ) ------
	-------- Loop 5 (sock 2 consumed 17.966475, avg temp 55.672616, final temp 55 ) ------
Loop 6 <line-2514> - Time 15.681455 Total energy consumed 1772.315010 Ave. Power Level 113.019807 Memory 1177397 MemoryRefresh 24381
	-------- Loop 6 (sock 1 consumed 862.110870, avg temp 65.427514, final temp 66 ) ------
	-------- Loop 6 (sock 2 consumed 910.204140, avg temp 55.730083, final temp 55 ) ------
Loop 7 <line-3918> - Time 96.956909 Total energy consumed 11663.667285 Ave. Power Level 120.297433 Memory 2836461 MemoryRefresh 164729
	-------- Loop 7 (sock 1 consumed 5854.405290, avg temp 65.916413, final temp 66 ) ------
	-------- Loop 7 (sock 2 consumed 5809.261995, avg temp 55.949935, final temp 56 ) ------
Loop 8 <line-3968> - Time 46.675190 Total energy consumed 5450.761545 Ave. Power Level 116.780704 Memory 2403131 MemoryRefresh 78480
	-------- Loop 8 (sock 1 consumed 2719.938840, avg temp 65.802786, final temp 66 ) ------
	-------- Loop 8 (sock 2 consumed 2730.822705, avg temp 55.827601, final temp 56 ) ------
Loop 9 <line-3990> - Time 2.565448 Total energy consumed 270.414225 Ave. Power Level 105.406222 Memory 123384 MemoryRefresh 4398
	-------- Loop 9 (sock 1 consumed 140.468340, avg temp 65.791032, final temp 66 ) ------
	-------- Loop 9 (sock 2 consumed 129.945885, avg temp 55.816717, final temp 56 ) ------
Loop 10 <line-4056> - Time 5.900980 Total energy consumed 639.350040 Ave. Power Level 108.346417 Memory 331392 MemoryRefresh 10116
	-------- Loop 10 (sock 1 consumed 316.408125, avg temp 65.709186, final temp 66 ) ------
	-------- Loop 10 (sock 2 consumed 322.941915, avg temp 55.781454, final temp 56 ) ------
Loop 11 <line-4117> - Time 0.822792 Total energy consumed 86.567325 Ave. Power Level 105.211620 Memory 29208 MemoryRefresh 1220
	-------- Loop 11 (sock 1 consumed 43.628970, avg temp 65.690030, final temp 66 ) ------
	-------- Loop 11 (sock 2 consumed 42.938355, avg temp 55.757945, final temp 55 ) ------
Application(EnergyStat) - Time 490.246600 Total energy consumed 58691.865015 Ave. Power Level 119.719066 Memory 39231914558 MemoryRefresh 817782 Final Temperature socket 1 : 66  socket 2 : 55 
	 ParallelApplication(EnergyStat) - Time 489.591818 Total energy consumed 58659.366285 Ave. Power Level 119.812799 Memory 39231910668 MemoryRefresh 816777


Elapsed time = 4.961637e+02

Run completed:  
   Problem size        =  120 
   Iteration count     =  2297 
   Final Origin Energy = 2.668283e+05 
   Testing Plane 0 of Energy Array:
        MaxAbsDiff   = 8.731149e-11
        TotalAbsDiff = 3.358477e-09
        MaxRelDiff   = 1.422800e-12



Elapsed time = 6.626539e+01



Elapsed time = 6.180476e+01



Elapsed time = 1.231927e+02



Elapsed time = 6.146827e+01



Elapsed time = 9.466933e+00



Elapsed time = 4.460470e-01



Elapsed time = 1.588403e+01



Elapsed time = 1.010251e+02



Elapsed time = 4.736183e+01



Elapsed time = 2.576032e+00



Elapsed time = 5.838112e+00



Elapsed time = 8.204150e-01


Loop 0 <line-1313> - Time 66.262120 Total energy consumed 8148.790800 Ave. Power Level 122.978118 Memory 3826976 MemoryRefresh 112421
	-------- Loop 0 (sock 1 consumed 4005.907695, avg temp 65.967784, final temp 66 ) ------
	-------- Loop 0 (sock 2 consumed 4142.883105, avg temp 55.825424, final temp 56 ) ------
Loop 1 <line-1341> - Time 61.801624 Total energy consumed 6819.509640 Ave. Power Level 110.345153 Memory 12437223380 MemoryRefresh 99466
	-------- Loop 1 (sock 1 consumed 3326.495460, avg temp 65.391815, final temp 66 ) ------
	-------- Loop 1 (sock 2 consumed 3493.014180, avg temp 55.533740, final temp 56 ) ------
Loop 2 <line-2361> - Time 123.189205 Total energy consumed 16086.669855 Ave. Power Level 130.585061 Memory 13190129458 MemoryRefresh 209811
	-------- Loop 2 (sock 1 consumed 8046.152955, avg temp 66.070091, final temp 66 ) ------
	-------- Loop 2 (sock 2 consumed 8040.516900, avg temp 55.986504, final temp 56 ) ------
Loop 3 <line-2389> - Time 61.465017 Total energy consumed 6825.279570 Ave. Power Level 111.043321 Memory 4512263 MemoryRefresh 99063
	-------- Loop 3 (sock 1 consumed 3325.668645, avg temp 65.502830, final temp 66 ) ------
	-------- Loop 3 (sock 2 consumed 3499.610925, avg temp 55.606008, final temp 56 ) ------
Loop 4 <line-2440> - Time 9.462885 Total energy consumed 1078.058385 Ave. Power Level 113.924920 Memory 708119 MemoryRefresh 15444
	-------- Loop 4 (sock 1 consumed 532.060020, avg temp 65.487593, final temp 66 ) ------
	-------- Loop 4 (sock 2 consumed 545.998365, avg temp 55.555507, final temp 56 ) ------
Loop 5 <line-2460> - Time 0.444783 Total energy consumed 37.841010 Ave. Power Level 85.077529 Memory 11593 MemoryRefresh 826
	-------- Loop 5 (sock 1 consumed 19.019085, avg temp 65.487157, final temp 66 ) ------
	-------- Loop 5 (sock 2 consumed 18.821925, avg temp 55.559861, final temp 56 ) ------
Loop 6 <line-2514> - Time 15.880243 Total energy consumed 1795.193115 Ave. Power Level 113.045698 Memory 1169260 MemoryRefresh 24170
	-------- Loop 6 (sock 1 consumed 871.152465, avg temp 65.531998, final temp 66 ) ------
	-------- Loop 6 (sock 2 consumed 924.040650, avg temp 55.626469, final temp 55 ) ------
Loop 7 <line-3918> - Time 101.022086 Total energy consumed 12066.350670 Ave. Power Level 119.442700 Memory 2831080 MemoryRefresh 171966
	-------- Loop 7 (sock 1 consumed 6059.445630, avg temp 65.930344, final temp 66 ) ------
	-------- Loop 7 (sock 2 consumed 6006.905040, avg temp 55.831955, final temp 56 ) ------
Loop 8 <line-3968> - Time 47.358837 Total energy consumed 5553.942690 Ave. Power Level 117.273629 Memory 26080653252 MemoryRefresh 80428
	-------- Loop 8 (sock 1 consumed 2765.180070, avg temp 65.884197, final temp 66 ) ------
	-------- Loop 8 (sock 2 consumed 2788.762620, avg temp 55.748367, final temp 56 ) ------
Loop 9 <line-3990> - Time 2.574671 Total energy consumed 296.681130 Ave. Power Level 115.230692 Memory 150297 MemoryRefresh 4460
	-------- Loop 9 (sock 1 consumed 147.903915, avg temp 65.878973, final temp 66 ) ------
	-------- Loop 9 (sock 2 consumed 148.777215, avg temp 55.745755, final temp 56 ) ------
Loop 10 <line-4056> - Time 5.835414 Total energy consumed 598.757760 Ave. Power Level 102.607594 Memory 296411 MemoryRefresh 9543
	-------- Loop 10 (sock 1 consumed 297.088740, avg temp 65.821942, final temp 66 ) ------
	-------- Loop 10 (sock 2 consumed 301.669020, avg temp 55.679147, final temp 55 ) ------
Loop 11 <line-4117> - Time 0.818910 Total energy consumed 35.622750 Ave. Power Level 43.500180 Memory 8161 MemoryRefresh 363
	-------- Loop 11 (sock 1 consumed 18.409095, avg temp 65.812364, final temp 66 ) ------
	-------- Loop 11 (sock 2 consumed 17.213655, avg temp 55.675664, final temp 55 ) ------
Application(EnergyStat) - Time 496.768647 Total energy consumed 59375.523285 Ave. Power Level 119.523492 Memory 51721524424 MemoryRefresh 828974 Final Temperature socket 1 : 66  socket 2 : 55 
	 ParallelApplication(EnergyStat) - Time 496.115794 Total energy consumed 59342.697375 Ave. Power Level 119.614610 Memory 51721520250 MemoryRefresh 827961


Elapsed time = 5.079931e+02

Run completed:  
   Problem size        =  120 
   Iteration count     =  2297 
   Final Origin Energy = 2.668283e+05 
   Testing Plane 0 of Energy Array:
        MaxAbsDiff   = 8.731149e-11
        TotalAbsDiff = 3.358477e-09
        MaxRelDiff   = 1.422800e-12



Elapsed time = 6.911757e+01



Elapsed time = 6.302155e+01



Elapsed time = 1.262681e+02



Elapsed time = 6.252942e+01



Elapsed time = 1.011068e+01



Elapsed time = 3.109970e-01



Elapsed time = 1.658703e+01



Elapsed time = 1.020946e+02



Elapsed time = 4.915556e+01



Elapsed time = 2.287631e+00



Elapsed time = 5.846071e+00



Elapsed time = 6.539830e-01


Loop 0 <line-1313> - Time 69.113906 Total energy consumed 8361.026115 Ave. Power Level 120.974586 Memory 12981104195 MemoryRefresh 116364
	-------- Loop 0 (sock 1 consumed 4396.273380, avg temp 66.020026, final temp 66 ) ------
	-------- Loop 0 (sock 2 consumed 3964.752735, avg temp 53.827166, final temp 53 ) ------
Loop 1 <line-1341> - Time 63.017831 Total energy consumed 6995.867130 Ave. Power Level 111.014090 Memory 4482903 MemoryRefresh 98352
	-------- Loop 1 (sock 1 consumed 3732.655620, avg temp 65.879408, final temp 66 ) ------
	-------- Loop 1 (sock 2 consumed 3263.211510, avg temp 53.167175, final temp 53 ) ------
Loop 2 <line-2361> - Time 126.264302 Total energy consumed 16320.638790 Ave. Power Level 129.257744 Memory 3495073 MemoryRefresh 214071
	-------- Loop 2 (sock 1 consumed 8489.576820, avg temp 66.114497, final temp 66 ) ------
	-------- Loop 2 (sock 2 consumed 7831.061970, avg temp 54.047453, final temp 53 ) ------
Loop 3 <line-2389> - Time 62.525904 Total energy consumed 6919.077075 Ave. Power Level 110.659369 Memory 4424921 MemoryRefresh 96715
	-------- Loop 3 (sock 1 consumed 3691.176075, avg temp 65.932521, final temp 66 ) ------
	-------- Loop 3 (sock 2 consumed 3227.901000, avg temp 53.253809, final temp 52 ) ------
Loop 4 <line-2440> - Time 10.107412 Total energy consumed 1115.479770 Ave. Power Level 110.362551 Memory 661973 MemoryRefresh 15535
	-------- Loop 4 (sock 1 consumed 591.223140, avg temp 65.879843, final temp 66 ) ------
	-------- Loop 4 (sock 2 consumed 524.256630, avg temp 53.260775, final temp 52 ) ------
Loop 5 <line-2460> - Time 0.309433 Total energy consumed 55.357635 Ave. Power Level 178.900182 Memory 13007 MemoryRefresh 781
	-------- Loop 5 (sock 1 consumed 30.018735, avg temp 65.881585, final temp 66 ) ------
	-------- Loop 5 (sock 2 consumed 25.338900, avg temp 53.259904, final temp 52 ) ------
Loop 6 <line-2514> - Time 16.583630 Total energy consumed 1856.113440 Ave. Power Level 111.924436 Memory 1127613 MemoryRefresh 24326
	-------- Loop 6 (sock 1 consumed 990.960990, avg temp 65.930779, final temp 66 ) ------
	-------- Loop 6 (sock 2 consumed 865.152450, avg temp 53.280801, final temp 52 ) ------
Loop 7 <line-3918> - Time 102.090667 Total energy consumed 12193.486080 Ave. Power Level 119.437814 Memory 13213345500 MemoryRefresh 173636
	-------- Loop 7 (sock 1 consumed 6315.085890, avg temp 66.019155, final temp 66 ) ------
	-------- Loop 7 (sock 2 consumed 5878.400190, avg temp 53.816282, final temp 53 ) ------
Loop 8 <line-3968> - Time 49.152018 Total energy consumed 5698.282020 Ave. Power Level 115.931802 Memory 2321371 MemoryRefresh 82930
	-------- Loop 8 (sock 1 consumed 2902.585215, avg temp 65.989116, final temp 66 ) ------
	-------- Loop 8 (sock 2 consumed 2795.696805, avg temp 53.721811, final temp 53 ) ------
Loop 9 <line-3990> - Time 2.285149 Total energy consumed 264.163980 Ave. Power Level 115.600310 Memory 135232 MemoryRefresh 4301
	-------- Loop 9 (sock 1 consumed 135.268875, avg temp 65.992164, final temp 66 ) ------
	-------- Loop 9 (sock 2 consumed 128.895105, avg temp 53.692207, final temp 53 ) ------
Loop 10 <line-4056> - Time 5.842597 Total energy consumed 620.829390 Ave. Power Level 106.259146 Memory 286502 MemoryRefresh 9578
	-------- Loop 10 (sock 1 consumed 324.549450, avg temp 65.956900, final temp 66 ) ------
	-------- Loop 10 (sock 2 consumed 296.279940, avg temp 53.606879, final temp 53 ) ------
Loop 11 <line-4117> - Time 0.652446 Total energy consumed 15.414810 Ave. Power Level 23.626169 Memory 3288 MemoryRefresh 150
	-------- Loop 11 (sock 1 consumed 8.505705, avg temp 65.956030, final temp 66 ) ------
	-------- Loop 11 (sock 2 consumed 6.909105, avg temp 53.604702, final temp 53 ) ------
Application(EnergyStat) - Time 508.619728 Total energy consumed 60446.413245 Ave. Power Level 118.844020 Memory 26211405099 MemoryRefresh 837768 Final Temperature socket 1 : 66  socket 2 : 53 
	 ParallelApplication(EnergyStat) - Time 507.945295 Total energy consumed 60415.736235 Ave. Power Level 118.941423 Memory 26211401578 MemoryRefresh 836739
