Memory used: 1.29688
Loading 32-bit binary file: pnnl.bin, numvertices: 2361670, numEdges: 191402826
File read time: 1.75096
Before allocating graph
Allocated graph: 0x723550
Processing edges for vertex: 0, range(0, 166)
Processing edges for vertex: 100000, range(58444108, 58444133)
Processing edges for vertex: 200000, range(84376057, 84376362)
Processing edges for vertex: 300000, range(106069163, 106069503)
Processing edges for vertex: 400000, range(122097114, 122097513)
Processing edges for vertex: 500000, range(135096418, 135096483)
Processing edges for vertex: 600000, range(146097008, 146097061)
Processing edges for vertex: 700000, range(155415410, 155415531)
Processing edges for vertex: 800000, range(162595900, 162595989)
Processing edges for vertex: 900000, range(168508374, 168508464)
Processing edges for vertex: 1000000, range(173203321, 173203442)
Processing edges for vertex: 1100000, range(176935100, 176935110)
Processing edges for vertex: 1200000, range(179876260, 179876270)
Processing edges for vertex: 1300000, range(182240081, 182240092)
Processing edges for vertex: 1400000, range(184224513, 184224521)
Processing edges for vertex: 1500000, range(185795161, 185795170)
Processing edges for vertex: 1600000, range(187104124, 187104130)
Processing edges for vertex: 1700000, range(188148455, 188148461)
Processing edges for vertex: 1800000, range(188997836, 188997842)
Processing edges for vertex: 1900000, range(189691532, 189691535)
Processing edges for vertex: 2000000, range(190254658, 190254660)
Processing edges for vertex: 2100000, range(190705814, 190705822)
Processing edges for vertex: 2200000, range(191052755, 191052764)
Processing edges for vertex: 2300000, range(191302662, 191302663)
Graph populate time: 8.20297
Total I/O time: 9.95396
Running on: 16 threads
Loaded graph from file: pnnl.bin
Memory used: 2949.1
Maximum degree for the graph: 5520
Iteration: 0, conflicts: 62
Iteration: 1, conflicts: 18
Iteration: 2, conflicts: 10
Iteration: 3, conflicts: 7
Iteration: 4, conflicts: 5
Iteration: 5, conflicts: 3
Iteration: 6, conflicts: 2
Iteration: 7, conflicts: 1
Iteration: 8, conflicts: 0
Total number of colors used: 1191
Total number of conflicts overall: 0
Number of rounds: 9
SUCCESS: No conflicts found
Coloring time: 0.711701
Memory used: 2949.1
Number of reordered colors: 1006
End position for large colors: 0, node count: 550511, largest: 550511
Node count cutoff: 472334
e_xx: 1.14867e+08, a2_x: 5.9555e+11, currMod: 0.600113
e_xx: 1.60708e+08, a2_x: 5.98637e+11, currMod: 0.839616
e_xx: 1.68854e+08, a2_x: 5.41905e+11, currMod: 0.882177
e_xx: 1.71878e+08, a2_x: 5.39767e+11, currMod: 0.897976
e_xx: 1.73276e+08, a2_x: 5.2261e+11, currMod: 0.905278
currMod: 0.897976, prevMod: -1
Louvain time: 6.62951
numClusters: 204354, time: 0.110711
Next phase: 2
Memory used: 2949.1
End Structure 1311131 204354 vs 2824761
Build next level time: 3.41301
Iteration time: 10.157
Memory used: 2949.1
e_xx: 1.68994e+08, a2_x: 5.23795e+11, currMod: 0.903137
e_xx: 1.79324e+08, a2_x: 3.13789e+11, currMod: 0.958348
e_xx: 1.81007e+08, a2_x: 2.77511e+11, currMod: 0.967344
e_xx: 1.82268e+08, a2_x: 2.64653e+11, currMod: 0.974082
e_xx: 1.82367e+08, a2_x: 2.39042e+11, currMod: 0.974616
e_xx: 1.82502e+08, a2_x: 2.65763e+11, currMod: 0.975333
e_xx: 1.82483e+08, a2_x: 2.1542e+11, currMod: 0.975235
currMod: 0.975333, prevMod: 0.897976
Louvain time: 1.64575
numClusters: 56532, time: 0.017314
Next phase: 3
Memory used: 2949.1
End Structure 598745 56532 vs 1254001
Build next level time: 0.190324
Iteration time: 1.85415
Memory used: 2949.1
e_xx: 1.82501e+08, a2_x: 2.66328e+11, currMod: 0.975333
e_xx: 1.83422e+08, a2_x: 7.50898e+10, currMod: 0.98026
e_xx: 1.83539e+08, a2_x: 9.90752e+10, currMod: 0.980887
e_xx: 1.83595e+08, a2_x: 4.61288e+10, currMod: 0.981185
e_xx: 1.83581e+08, a2_x: 9.85488e+10, currMod: 0.981108
currMod: 0.981185, prevMod: 0.975333
Louvain time: 0.648459
numClusters: 26315, time: 0.005846
Next phase: 4
Memory used: 2949.1
End Structure 190601 26315 vs 407516
Build next level time: 0.087267
Iteration time: 0.742039
Memory used: 2949.1
e_xx: 1.83595e+08, a2_x: 4.34188e+10, currMod: 0.981161
e_xx: 1.83708e+08, a2_x: -8.22176e+09, currMod: 0.981768
e_xx: 1.83771e+08, a2_x: -3.95747e+09, currMod: 0.982103
e_xx: 1.83739e+08, a2_x: 2.1695e+10, currMod: 0.981933
currMod: 0.982103, prevMod: 0.981185
Louvain time: 0.218458
numClusters: 22278, time: 0.003806
Next phase: 5
Memory used: 2949.1
End Structure 93742 22278 vs 209762
Build next level time: 0.037447
Iteration time: 0.260124
Memory used: 2949.1
e_xx: 1.83771e+08, a2_x: -5.08957e+09, currMod: 0.982098
e_xx: 1.83908e+08, a2_x: -1.17345e+10, currMod: 0.982834
e_xx: 1.83909e+08, a2_x: -3.33836e+10, currMod: 0.982838
e_xx: 1.83909e+08, a2_x: -3.98465e+10, currMod: 0.982838
currMod: 0.982838, prevMod: 0.982103
Louvain time: 0.131894
numClusters: 21986, time: 0.003372
Next phase: 6
Memory used: 2949.1
End Structure 70889 21986 vs 163764
Build next level time: 0.0258
Iteration time: 0.161315
Memory used: 2949.1
e_xx: 1.83909e+08, a2_x: -3.13878e+10, currMod: 0.982838
e_xx: 1.8391e+08, a2_x: -3.63363e+10, currMod: 0.982843
e_xx: 1.83909e+08, a2_x: -3.8178e+10, currMod: 0.982841
currMod: 0.982843, prevMod: 0.982838
Louvain time: 0.079344
numClusters: 21957, time: 0.003365
Next phase: 7
Memory used: 2949.1
End Structure 68048 21957 vs 158053
Build next level time: 0.020537
Iteration time: 0.103445
Memory used: 2949.1
e_xx: 1.8391e+08, a2_x: -3.74767e+10, currMod: 0.982843
e_xx: 1.8391e+08, a2_x: -3.74767e+10, currMod: 0.982843
currMod: 0.982843, prevMod: 0.982843
Louvain time: 0.054046
numClusters: 21957, time: 0.003333
Maximum degree for the graph: 454
Iteration: 0, conflicts: 0
Total number of colors used: 181
Total number of conflicts overall: 0
Number of rounds: 1
SUCCESS: No conflicts found
Number of reordered colors: 181
End position for large colors: 0, node count: 21552, largest: 21552
Node count cutoff: 4392
e_xx: 1.8391e+08, a2_x: -3.74767e+10, currMod: 0.982843
End Structure 68048 21957 vs 158053
currMod: 0.982843, prevMod: 0.982843
numClusters: 21957
Total iteration time: 13.2781

Loop 0 <line-37> - Time 0.000609 Total energy consumed 0.000000 Ave. Power Level 0.000000
	-------- Loop 0 (sock 1 consumed 0.000000, avg temp 47.500000, final temp 48 ) ------
	-------- Loop 0 (sock 2 consumed 0.000000, avg temp 39.000000, final temp 40 ) ------
Loop 1 <line-54> - Time 0.000416 Total energy consumed 0.133305 Ave. Power Level 320.573403
	-------- Loop 1 (sock 1 consumed 0.049860, avg temp 48.000000, final temp 48 ) ------
	-------- Loop 1 (sock 2 consumed 0.083445, avg temp 39.000000, final temp 40 ) ------
Loop 2 <line-76> - Time 0.000325 Total energy consumed 0.000000 Ave. Power Level 0.000000
	-------- Loop 2 (sock 1 consumed 0.000000, avg temp 48.000000, final temp 48 ) ------
	-------- Loop 2 (sock 2 consumed 0.000000, avg temp 39.000000, final temp 40 ) ------
Loop 3 <line-170> - Time 0.409917 Total energy consumed 28.322505 Ave. Power Level 69.093304
	-------- Loop 3 (sock 1 consumed 14.250690, avg temp 47.900000, final temp 48 ) ------
	-------- Loop 3 (sock 2 consumed 14.071815, avg temp 39.100000, final temp 40 ) ------
Loop 4 <line-192> - Time 0.000236 Total energy consumed 0.000000 Ave. Power Level 0.000000
	-------- Loop 4 (sock 1 consumed 0.000000, avg temp 48.000000, final temp 48 ) ------
	-------- Loop 4 (sock 2 consumed 0.000000, avg temp 39.500000, final temp 40 ) ------
Loop 5 <line-222> - Time 0.188770 Total energy consumed 12.721125 Ave. Power Level 67.389664
	-------- Loop 5 (sock 1 consumed 5.558145, avg temp 47.000000, final temp 47 ) ------
	-------- Loop 5 (sock 2 consumed 7.162980, avg temp 39.500000, final temp 40 ) ------
Loop 6 <line-115> - Time 0.002002 Total energy consumed 0.000000 Ave. Power Level 0.000000
	-------- Loop 6 (sock 1 consumed 0.000000, avg temp 47.714286, final temp 48 ) ------
	-------- Loop 6 (sock 2 consumed 0.000000, avg temp 40.142857, final temp 41 ) ------
Loop 7 <line-334> - Time 0.315777 Total energy consumed 19.945575 Ave. Power Level 63.163482
	-------- Loop 7 (sock 1 consumed 11.403120, avg temp 47.750000, final temp 47 ) ------
	-------- Loop 7 (sock 2 consumed 8.542455, avg temp 39.750000, final temp 40 ) ------
Loop 8 <line-353> - Time 0.000554 Total energy consumed 0.031080 Ave. Power Level 56.129452
	-------- Loop 8 (sock 1 consumed 0.000000, avg temp 47.750000, final temp 47 ) ------
	-------- Loop 8 (sock 2 consumed 0.031080, avg temp 39.750000, final temp 40 ) ------
Loop 9 <line-375> - Time 0.000720 Total energy consumed 0.000000 Ave. Power Level 0.000000
	-------- Loop 9 (sock 1 consumed 0.000000, avg temp 47.750000, final temp 47 ) ------
	-------- Loop 9 (sock 2 consumed 0.000000, avg temp 39.750000, final temp 40 ) ------
Loop 10 <line-85> - Time 0.134647 Total energy consumed 15.817530 Ave. Power Level 117.474071
	-------- Loop 10 (sock 1 consumed 8.062755, avg temp 48.500000, final temp 48 ) ------
	-------- Loop 10 (sock 2 consumed 7.754775, avg temp 40.250000, final temp 40 ) ------
Loop 11 <line-131> - Time 0.002552 Total energy consumed 0.300255 Ave. Power Level 117.663679
	-------- Loop 11 (sock 1 consumed 0.123435, avg temp 48.500000, final temp 48 ) ------
	-------- Loop 11 (sock 2 consumed 0.176820, avg temp 40.500000, final temp 40 ) ------
Loop 12 <line-167> - Time 0.119626 Total energy consumed 13.891260 Ave. Power Level 116.122060
	-------- Loop 12 (sock 1 consumed 7.111995, avg temp 48.500000, final temp 48 ) ------
	-------- Loop 12 (sock 2 consumed 6.779265, avg temp 41.000000, final temp 41 ) ------
Loop 13 <line-213> - Time 3.908865 Total energy consumed 471.881505 Ave. Power Level 120.720863
	-------- Loop 13 (sock 1 consumed 240.698790, avg temp 51.333333, final temp 49 ) ------
	-------- Loop 13 (sock 2 consumed 231.182715, avg temp 43.666667, final temp 41 ) ------
Loop 14 <line-99> - Time 3.429104 Total energy consumed 222.630720 Ave. Power Level 64.923879
	-------- Loop 14 (sock 1 consumed 101.727135, avg temp 48.000000, final temp 47 ) ------
	-------- Loop 14 (sock 2 consumed 120.903585, avg temp 40.714286, final temp 40 ) ------
Loop 15 <line-160> - Time 0.106840 Total energy consumed 7.829625 Ave. Power Level 73.283568
	-------- Loop 15 (sock 1 consumed 3.750135, avg temp 47.714286, final temp 48 ) ------
	-------- Loop 15 (sock 2 consumed 4.079490, avg temp 41.000000, final temp 41 ) ------
Loop 16 <line-269> - Time 2.758337 Total energy consumed 159.545520 Ave. Power Level 57.841203
	-------- Loop 16 (sock 1 consumed 80.753310, avg temp 47.480000, final temp 47 ) ------
	-------- Loop 16 (sock 2 consumed 78.792210, avg temp 40.240000, final temp 41 ) ------
Loop 17 <line-300> - Time 0.001429 Total energy consumed 0.000000 Ave. Power Level 0.000000
	-------- Loop 17 (sock 1 consumed 0.000000, avg temp 47.578947, final temp 50 ) ------
	-------- Loop 17 (sock 2 consumed 0.000000, avg temp 40.157895, final temp 40 ) ------
Loop 18 <line-147> - Time 0.000424 Total energy consumed 0.081195 Ave. Power Level 191.678470
	-------- Loop 18 (sock 1 consumed 0.037005, avg temp 48.000000, final temp 48 ) ------
	-------- Loop 18 (sock 2 consumed 0.044190, avg temp 40.000000, final temp 40 ) ------
Application(EnergyStat) - Time 24.039888 Total energy consumed 1648.830480 Ave. Power Level 68.587278 Final Temperature socket 1 : 48  socket 2 : 40 
