Memory used: 1.29297
Loading 32-bit binary file: pnnl.bin, numvertices: 2361670, numEdges: 191402826
File read time: 1.75066
Before allocating graph
Allocated graph: 0x1ba5550
Processing edges for vertex: 0, range(0, 166)
Processing edges for vertex: 100000, range(58444108, 58444133)
Processing edges for vertex: 200000, range(84376057, 84376362)
Processing edges for vertex: 300000, range(106069163, 106069503)
Processing edges for vertex: 400000, range(122097114, 122097513)
Processing edges for vertex: 500000, range(135096418, 135096483)
Processing edges for vertex: 600000, range(146097008, 146097061)
Processing edges for vertex: 700000, range(155415410, 155415531)
Processing edges for vertex: 800000, range(162595900, 162595989)
Processing edges for vertex: 900000, range(168508374, 168508464)
Processing edges for vertex: 1000000, range(173203321, 173203442)
Processing edges for vertex: 1100000, range(176935100, 176935110)
Processing edges for vertex: 1200000, range(179876260, 179876270)
Processing edges for vertex: 1300000, range(182240081, 182240092)
Processing edges for vertex: 1400000, range(184224513, 184224521)
Processing edges for vertex: 1500000, range(185795161, 185795170)
Processing edges for vertex: 1600000, range(187104124, 187104130)
Processing edges for vertex: 1700000, range(188148455, 188148461)
Processing edges for vertex: 1800000, range(188997836, 188997842)
Processing edges for vertex: 1900000, range(189691532, 189691535)
Processing edges for vertex: 2000000, range(190254658, 190254660)
Processing edges for vertex: 2100000, range(190705814, 190705822)
Processing edges for vertex: 2200000, range(191052755, 191052764)
Processing edges for vertex: 2300000, range(191302662, 191302663)
Graph populate time: 8.22357
Total I/O time: 9.97426
Running on: 16 threads
Loaded graph from file: pnnl.bin
Memory used: 2949.09
Maximum degree for the graph: 5520
Iteration: 0, conflicts: 30
Iteration: 1, conflicts: 5
Iteration: 2, conflicts: 2
Iteration: 3, conflicts: 0
Total number of colors used: 1193
Total number of conflicts overall: 0
Number of rounds: 4
SUCCESS: No conflicts found
Coloring time: 0.647881
Memory used: 2949.09
Number of reordered colors: 1015
End position for large colors: 0, node count: 550405, largest: 550405
Node count cutoff: 472334
e_xx: 1.17664e+08, a2_x: 6.09267e+11, currMod: 0.614727
e_xx: 1.63025e+08, a2_x: 5.71356e+11, currMod: 0.851724
e_xx: 1.69642e+08, a2_x: 5.37102e+11, currMod: 0.886295
e_xx: 1.72159e+08, a2_x: 5.67221e+11, currMod: 0.899444
e_xx: 1.73367e+08, a2_x: 5.33883e+11, currMod: 0.905756
currMod: 0.899444, prevMod: -1
Louvain time: 6.6763
numClusters: 203729, time: 0.121908
Next phase: 2
Memory used: 2949.09
End Structure 1270833 203729 vs 2743515
Build next level time: 3.4094
Iteration time: 10.2115
Memory used: 2949.09
e_xx: 1.68238e+08, a2_x: 5.35225e+11, currMod: 0.903189
e_xx: 1.78861e+08, a2_x: 3.30299e+11, currMod: 0.960222
e_xx: 1.81064e+08, a2_x: 2.87981e+11, currMod: 0.972052
e_xx: 1.81418e+08, a2_x: 2.83438e+11, currMod: 0.973952
e_xx: 1.81507e+08, a2_x: 2.47204e+11, currMod: 0.974431
e_xx: 1.81601e+08, a2_x: 2.56483e+11, currMod: 0.974937
e_xx: 1.81611e+08, a2_x: 2.55681e+11, currMod: 0.974992
e_xx: 1.81668e+08, a2_x: 2.55106e+11, currMod: 0.975299
e_xx: 1.81654e+08, a2_x: 2.54125e+11, currMod: 0.975221
currMod: 0.975299, prevMod: 0.899444
Louvain time: 1.97976
numClusters: 48343, time: 0.016295
Next phase: 3
Memory used: 2949.09
End Structure 440101 48343 vs 928540
Build next level time: 0.233304
Iteration time: 2.22999
Memory used: 2949.09
e_xx: 1.81668e+08, a2_x: 2.55095e+11, currMod: 0.975288
e_xx: 1.82645e+08, a2_x: 1.13087e+11, currMod: 0.980537
e_xx: 1.82677e+08, a2_x: 6.65501e+10, currMod: 0.980713
e_xx: 1.82699e+08, a2_x: 1.00116e+11, currMod: 0.980826
e_xx: 1.82703e+08, a2_x: 1.05879e+11, currMod: 0.980852
e_xx: 1.8271e+08, a2_x: 9.01598e+10, currMod: 0.980888
e_xx: 1.82706e+08, a2_x: 9.75552e+10, currMod: 0.980867
currMod: 0.980888, prevMod: 0.975299
Louvain time: 0.687808
numClusters: 24725, time: 0.005246
Next phase: 4
Memory used: 2949.09
End Structure 154204 24725 vs 333133
Build next level time: 0.069339
Iteration time: 0.762845
Memory used: 2949.09
e_xx: 1.8271e+08, a2_x: 8.85364e+10, currMod: 0.980872
e_xx: 1.83104e+08, a2_x: 8.78318e+09, currMod: 0.982988
e_xx: 1.83116e+08, a2_x: 2.02402e+10, currMod: 0.983055
e_xx: 1.83116e+08, a2_x: 1.70212e+10, currMod: 0.983055
currMod: 0.983055, prevMod: 0.980888
Louvain time: 0.193813
numClusters: 22213, time: 0.003472
Next phase: 5
Memory used: 2949.09
End Structure 90559 22213 vs 203331
Build next level time: 0.031535
Iteration time: 0.229218
Memory used: 2949.09
e_xx: 1.83116e+08, a2_x: 1.98292e+10, currMod: 0.983052
e_xx: 1.83121e+08, a2_x: 1.38499e+10, currMod: 0.983076
e_xx: 1.83122e+08, a2_x: 1.35573e+09, currMod: 0.983081
e_xx: 1.83121e+08, a2_x: -6.3712e+08, currMod: 0.983081
currMod: 0.983081, prevMod: 0.983055
Louvain time: 0.130914
numClusters: 21990, time: 0.003166
Next phase: 6
Memory used: 2949.09
End Structure 71236 21990 vs 164462
Build next level time: 0.025608
Iteration time: 0.16
Memory used: 2949.09
e_xx: 1.83122e+08, a2_x: 1.23483e+09, currMod: 0.983081
e_xx: 1.83122e+08, a2_x: 1.68444e+09, currMod: 0.983084
e_xx: 1.83122e+08, a2_x: 4.93667e+09, currMod: 0.983082
currMod: 0.983084, prevMod: 0.983081
Louvain time: 0.079127
numClusters: 21968, time: 0.003133
Next phase: 7
Memory used: 2949.09
End Structure 68547 21968 vs 159062
Build next level time: 0.023495
Iteration time: 0.10597
Memory used: 2949.09
e_xx: 1.83122e+08, a2_x: 4.03151e+09, currMod: 0.983084
e_xx: 1.83122e+08, a2_x: 4.36211e+09, currMod: 0.983084
currMod: 0.983084, prevMod: 0.983084
Louvain time: 0.049578
numClusters: 21968, time: 0.003119
Maximum degree for the graph: 461
Iteration: 0, conflicts: 0
Total number of colors used: 168
Total number of conflicts overall: 0
Number of rounds: 1
SUCCESS: No conflicts found
Number of reordered colors: 167
End position for large colors: 0, node count: 21556, largest: 21556
Node count cutoff: 4394
e_xx: 1.83122e+08, a2_x: 4.36211e+09, currMod: 0.983084
End Structure 68492 21967 vs 158951
currMod: 0.983084, prevMod: 0.983084
numClusters: 21967
Total iteration time: 13.6995

Loop 0 <line-37> - Time 0.000602 Total energy consumed 0.000000 Ave. Power Level 0.000000
	-------- Loop 0 (sock 1 consumed 0.000000, avg temp 46.500000, final temp 47 ) ------
	-------- Loop 0 (sock 2 consumed 0.000000, avg temp 39.500000, final temp 41 ) ------
Loop 1 <line-54> - Time 0.000324 Total energy consumed 0.000000 Ave. Power Level 0.000000
	-------- Loop 1 (sock 1 consumed 0.000000, avg temp 47.500000, final temp 48 ) ------
	-------- Loop 1 (sock 2 consumed 0.000000, avg temp 39.500000, final temp 42 ) ------
Loop 2 <line-76> - Time 0.000336 Total energy consumed 0.000000 Ave. Power Level 0.000000
	-------- Loop 2 (sock 1 consumed 0.000000, avg temp 47.500000, final temp 48 ) ------
	-------- Loop 2 (sock 2 consumed 0.000000, avg temp 39.500000, final temp 42 ) ------
Loop 3 <line-170> - Time 0.360609 Total energy consumed 26.292015 Ave. Power Level 72.910001
	-------- Loop 3 (sock 1 consumed 14.250765, avg temp 48.000000, final temp 48 ) ------
	-------- Loop 3 (sock 2 consumed 12.041250, avg temp 38.800000, final temp 42 ) ------
Loop 4 <line-192> - Time 0.000263 Total energy consumed 0.000000 Ave. Power Level 0.000000
	-------- Loop 4 (sock 1 consumed 0.000000, avg temp 48.000000, final temp 48 ) ------
	-------- Loop 4 (sock 2 consumed 0.000000, avg temp 40.000000, final temp 42 ) ------
Loop 5 <line-222> - Time 0.173958 Total energy consumed 11.905875 Ave. Power Level 68.441110
	-------- Loop 5 (sock 1 consumed 4.620015, avg temp 47.000000, final temp 48 ) ------
	-------- Loop 5 (sock 2 consumed 7.285860, avg temp 41.000000, final temp 42 ) ------
Loop 6 <line-115> - Time 0.002188 Total energy consumed 0.106530 Ave. Power Level 48.677688
	-------- Loop 6 (sock 1 consumed 0.060345, avg temp 47.571429, final temp 47 ) ------
	-------- Loop 6 (sock 2 consumed 0.046185, avg temp 39.571429, final temp 40 ) ------
Loop 7 <line-334> - Time 0.320914 Total energy consumed 19.242375 Ave. Power Level 59.961194
	-------- Loop 7 (sock 1 consumed 10.064760, avg temp 48.125000, final temp 48 ) ------
	-------- Loop 7 (sock 2 consumed 9.177615, avg temp 39.875000, final temp 42 ) ------
Loop 8 <line-353> - Time 0.000449 Total energy consumed 0.000000 Ave. Power Level 0.000000
	-------- Loop 8 (sock 1 consumed 0.000000, avg temp 48.125000, final temp 48 ) ------
	-------- Loop 8 (sock 2 consumed 0.000000, avg temp 39.875000, final temp 42 ) ------
Loop 9 <line-375> - Time 0.000726 Total energy consumed 0.000000 Ave. Power Level 0.000000
	-------- Loop 9 (sock 1 consumed 0.000000, avg temp 48.125000, final temp 48 ) ------
	-------- Loop 9 (sock 2 consumed 0.000000, avg temp 39.875000, final temp 42 ) ------
Loop 10 <line-85> - Time 0.139290 Total energy consumed 16.217595 Ave. Power Level 116.430333
	-------- Loop 10 (sock 1 consumed 8.254605, avg temp 48.750000, final temp 49 ) ------
	-------- Loop 10 (sock 2 consumed 7.962990, avg temp 41.250000, final temp 43 ) ------
Loop 11 <line-131> - Time 0.002557 Total energy consumed 0.246315 Ave. Power Level 96.341175
	-------- Loop 11 (sock 1 consumed 0.124500, avg temp 48.000000, final temp 48 ) ------
	-------- Loop 11 (sock 2 consumed 0.121815, avg temp 41.000000, final temp 42 ) ------
Loop 12 <line-167> - Time 0.191043 Total energy consumed 22.325145 Ave. Power Level 116.859480
	-------- Loop 12 (sock 1 consumed 11.430930, avg temp 49.000000, final temp 49 ) ------
	-------- Loop 12 (sock 2 consumed 10.894215, avg temp 41.000000, final temp 42 ) ------
Loop 13 <line-213> - Time 3.902492 Total energy consumed 472.553475 Ave. Power Level 121.090190
	-------- Loop 13 (sock 1 consumed 242.667570, avg temp 50.833333, final temp 49 ) ------
	-------- Loop 13 (sock 2 consumed 229.885905, avg temp 43.666667, final temp 42 ) ------
Loop 14 <line-99> - Time 3.470408 Total energy consumed 230.346585 Ave. Power Level 66.374495
	-------- Loop 14 (sock 1 consumed 114.725295, avg temp 48.000000, final temp 48 ) ------
	-------- Loop 14 (sock 2 consumed 115.621290, avg temp 40.285714, final temp 40 ) ------
Loop 15 <line-160> - Time 0.096292 Total energy consumed 7.054860 Ave. Power Level 73.265413
	-------- Loop 15 (sock 1 consumed 3.459300, avg temp 48.000000, final temp 48 ) ------
	-------- Loop 15 (sock 2 consumed 3.595560, avg temp 40.428571, final temp 41 ) ------
Loop 16 <line-269> - Time 3.100734 Total energy consumed 180.275280 Ave. Power Level 58.139548
	-------- Loop 16 (sock 1 consumed 87.109680, avg temp 47.206897, final temp 47 ) ------
	-------- Loop 16 (sock 2 consumed 93.165600, avg temp 39.758621, final temp 43 ) ------
Loop 17 <line-300> - Time 0.001798 Total energy consumed 0.000000 Ave. Power Level 0.000000
	-------- Loop 17 (sock 1 consumed 0.000000, avg temp 47.347826, final temp 47 ) ------
	-------- Loop 17 (sock 2 consumed 0.000000, avg temp 39.608696, final temp 40 ) ------
Loop 18 <line-147> - Time 0.000400 Total energy consumed 0.000000 Ave. Power Level 0.000000
	-------- Loop 18 (sock 1 consumed 0.000000, avg temp 47.000000, final temp 47 ) ------
	-------- Loop 18 (sock 2 consumed 0.000000, avg temp 41.000000, final temp 41 ) ------
Application(EnergyStat) - Time 24.417514 Total energy consumed 1684.919730 Ave. Power Level 69.004555 Final Temperature socket 1 : 48  socket 2 : 40 
