Memory used: 1.29688
Loading 32-bit binary file: pnnl.bin, numvertices: 2361670, numEdges: 191402826
File read time: 2.1932
Before allocating graph
Allocated graph: 0xd41550
Processing edges for vertex: 0, range(0, 166)
Processing edges for vertex: 100000, range(58444108, 58444133)
Processing edges for vertex: 200000, range(84376057, 84376362)
Processing edges for vertex: 300000, range(106069163, 106069503)
Processing edges for vertex: 400000, range(122097114, 122097513)
Processing edges for vertex: 500000, range(135096418, 135096483)
Processing edges for vertex: 600000, range(146097008, 146097061)
Processing edges for vertex: 700000, range(155415410, 155415531)
Processing edges for vertex: 800000, range(162595900, 162595989)
Processing edges for vertex: 900000, range(168508374, 168508464)
Processing edges for vertex: 1000000, range(173203321, 173203442)
Processing edges for vertex: 1100000, range(176935100, 176935110)
Processing edges for vertex: 1200000, range(179876260, 179876270)
Processing edges for vertex: 1300000, range(182240081, 182240092)
Processing edges for vertex: 1400000, range(184224513, 184224521)
Processing edges for vertex: 1500000, range(185795161, 185795170)
Processing edges for vertex: 1600000, range(187104124, 187104130)
Processing edges for vertex: 1700000, range(188148455, 188148461)
Processing edges for vertex: 1800000, range(188997836, 188997842)
Processing edges for vertex: 1900000, range(189691532, 189691535)
Processing edges for vertex: 2000000, range(190254658, 190254660)
Processing edges for vertex: 2100000, range(190705814, 190705822)
Processing edges for vertex: 2200000, range(191052755, 191052764)
Processing edges for vertex: 2300000, range(191302662, 191302663)
Graph populate time: 11.3285
Total I/O time: 13.5217
Running on: 16 threads
Loaded graph from file: pnnl.bin
Memory used: 2949.1
Maximum degree for the graph: 5520
Iteration: 0, conflicts: 67
Iteration: 1, conflicts: 26
Iteration: 2, conflicts: 20
Iteration: 3, conflicts: 17
Iteration: 4, conflicts: 15
Iteration: 5, conflicts: 12
Iteration: 6, conflicts: 10
Iteration: 7, conflicts: 8
Iteration: 8, conflicts: 6
Iteration: 9, conflicts: 4
Iteration: 10, conflicts: 3
Iteration: 11, conflicts: 2
Iteration: 12, conflicts: 1
Iteration: 13, conflicts: 0
Total number of colors used: 1197
Total number of conflicts overall: 0
Number of rounds: 14
SUCCESS: No conflicts found
Coloring time: 0.884026
Memory used: 2949.1
Number of reordered colors: 998
End position for large colors: 0, node count: 550576, largest: 550576
Node count cutoff: 472334
e_xx: 1.17408e+08, a2_x: 5.90573e+11, currMod: 0.61339
e_xx: 1.59488e+08, a2_x: 6.03139e+11, currMod: 0.83324
e_xx: 1.6654e+08, a2_x: 5.54536e+11, currMod: 0.870089
e_xx: 1.7033e+08, a2_x: 5.43574e+11, currMod: 0.88989
e_xx: 1.72322e+08, a2_x: 5.24477e+11, currMod: 0.900297
e_xx: 1.73236e+08, a2_x: 5.29638e+11, currMod: 0.905071
currMod: 0.900297, prevMod: -1
Louvain time: 10.424
numClusters: 202573, time: 0.198407
Next phase: 2
Memory used: 2949.1
End Structure 1296787 202573 vs 2795289
Build next level time: 5.36848
Iteration time: 15.9962
Memory used: 2949.1
e_xx: 1.69021e+08, a2_x: 5.3071e+11, currMod: 0.902959
e_xx: 1.79601e+08, a2_x: 3.36464e+11, currMod: 0.95949
e_xx: 1.81027e+08, a2_x: 2.90334e+11, currMod: 0.96711
e_xx: 1.82285e+08, a2_x: 2.64695e+11, currMod: 0.973831
e_xx: 1.82333e+08, a2_x: 2.60571e+11, currMod: 0.974084
e_xx: 1.82439e+08, a2_x: 2.55367e+11, currMod: 0.97465
e_xx: 1.8241e+08, a2_x: 2.61628e+11, currMod: 0.974499
currMod: 0.97465, prevMod: 0.900297
Louvain time: 2.37549
numClusters: 56425, time: 0.025009
Next phase: 3
Memory used: 2949.1
End Structure 587948 56425 vs 1232317
Build next level time: 0.237889
Iteration time: 2.64216
Memory used: 2949.1
e_xx: 1.82438e+08, a2_x: 2.55699e+11, currMod: 0.97465
e_xx: 1.83478e+08, a2_x: 1.08489e+11, currMod: 0.980212
e_xx: 1.83633e+08, a2_x: 4.30663e+10, currMod: 0.981042
e_xx: 1.83659e+08, a2_x: 1.74394e+10, currMod: 0.981183
e_xx: 1.8366e+08, a2_x: 3.66667e+10, currMod: 0.981188
e_xx: 1.83682e+08, a2_x: 9.93514e+09, currMod: 0.981303
e_xx: 1.83685e+08, a2_x: 2.97152e+10, currMod: 0.981317
e_xx: 1.83705e+08, a2_x: 1.35596e+10, currMod: 0.981426
e_xx: 1.83699e+08, a2_x: 3.30292e+10, currMod: 0.981392
currMod: 0.981426, prevMod: 0.97465
Louvain time: 1.47001
numClusters: 25203, time: 0.007596
Next phase: 4
Memory used: 2949.1
End Structure 175293 25203 vs 375789
Build next level time: 0.120051
Iteration time: 1.59816
Memory used: 2949.1
e_xx: 1.83705e+08, a2_x: 1.4535e+10, currMod: 0.981401
e_xx: 1.83902e+08, a2_x: 3.04319e+10, currMod: 0.982455
e_xx: 1.83912e+08, a2_x: -5.39512e+10, currMod: 0.982508
e_xx: 1.83911e+08, a2_x: 3.7238e+09, currMod: 0.982502
currMod: 0.982508, prevMod: 0.981426
Louvain time: 0.301749
numClusters: 22240, time: 0.004882
Next phase: 5
Memory used: 2949.1
End Structure 93164 22240 vs 208568
Build next level time: 0.048798
Iteration time: 0.355874
Memory used: 2949.1
e_xx: 1.83912e+08, a2_x: -5.5461e+10, currMod: 0.982505
e_xx: 1.83917e+08, a2_x: -2.51426e+10, currMod: 0.982534
e_xx: 1.83915e+08, a2_x: -3.15583e+10, currMod: 0.982524
currMod: 0.982534, prevMod: 0.982508
Louvain time: 0.138414
numClusters: 22030, time: 0.004414
Next phase: 6
Memory used: 2949.1
End Structure 81511 22030 vs 185052
Build next level time: 0.03829
Iteration time: 0.181385
Memory used: 2949.1
e_xx: 1.83917e+08, a2_x: -2.31417e+10, currMod: 0.982534
e_xx: 1.83917e+08, a2_x: -3.41171e+10, currMod: 0.982535
e_xx: 1.83918e+08, a2_x: -3.61778e+10, currMod: 0.982536
currMod: 0.982535, prevMod: 0.982534
Louvain time: 0.121738
numClusters: 21988, time: 0.00438
Next phase: 7
Memory used: 2949.1
End Structure 79311 21988 vs 180610
Build next level time: 0.037418
Iteration time: 0.163789
Memory used: 2949.1
e_xx: 1.83917e+08, a2_x: -3.55536e+10, currMod: 0.982535
e_xx: 1.83918e+08, a2_x: -3.13192e+10, currMod: 0.982536
currMod: 0.982535, prevMod: 0.982535
Louvain time: 0.090641
numClusters: 21988, time: 0.005019
Maximum degree for the graph: 492
Iteration: 0, conflicts: 0
Total number of colors used: 180
Total number of conflicts overall: 0
Number of rounds: 1
SUCCESS: No conflicts found
Number of reordered colors: 177
End position for large colors: 0, node count: 21546, largest: 21546
Node count cutoff: 4398
e_xx: 1.83936e+08, a2_x: -1.621e+10, currMod: 0.982632
e_xx: 1.84885e+08, a2_x: 2.69614e+09, currMod: 0.987705
e_xx: 1.86235e+08, a2_x: 1.60883e+09, currMod: 0.994915
e_xx: 1.86221e+08, a2_x: -2.76429e+09, currMod: 0.99484
End Structure 6405 21663 vs 34473
currMod: 0.994915, prevMod: 0.982535
numClusters: 21663
Total iteration time: 20.9375

Loop 0 <line-37> - Time 0.000780 Total energy consumed 0.000000 Ave. Power Level 0.000000
	-------- Loop 0 (sock 1 consumed 0.000000, avg temp 41.000000, final temp 41 ) ------
	-------- Loop 0 (sock 2 consumed 0.000000, avg temp 37.500000, final temp 37 ) ------
Loop 1 <line-54> - Time 0.000374 Total energy consumed 0.000000 Ave. Power Level 0.000000
	-------- Loop 1 (sock 1 consumed 0.000000, avg temp 41.500000, final temp 42 ) ------
	-------- Loop 1 (sock 2 consumed 0.000000, avg temp 37.000000, final temp 37 ) ------
Loop 2 <line-76> - Time 0.000346 Total energy consumed 0.000000 Ave. Power Level 0.000000
	-------- Loop 2 (sock 1 consumed 0.000000, avg temp 41.500000, final temp 42 ) ------
	-------- Loop 2 (sock 2 consumed 0.000000, avg temp 37.000000, final temp 37 ) ------
Loop 3 <line-170> - Time 0.523362 Total energy consumed 27.816105 Ave. Power Level 53.148858
	-------- Loop 3 (sock 1 consumed 12.693780, avg temp 41.066667, final temp 42 ) ------
	-------- Loop 3 (sock 2 consumed 15.122325, avg temp 36.066667, final temp 37 ) ------
Loop 4 <line-192> - Time 0.000317 Total energy consumed 0.000000 Ave. Power Level 0.000000
	-------- Loop 4 (sock 1 consumed 0.000000, avg temp 41.500000, final temp 42 ) ------
	-------- Loop 4 (sock 2 consumed 0.000000, avg temp 36.500000, final temp 37 ) ------
Loop 5 <line-222> - Time 0.201536 Total energy consumed 10.947285 Ave. Power Level 54.319319
	-------- Loop 5 (sock 1 consumed 5.452605, avg temp 42.000000, final temp 42 ) ------
	-------- Loop 5 (sock 2 consumed 5.494680, avg temp 37.000000, final temp 37 ) ------
Loop 6 <line-115> - Time 0.005161 Total energy consumed 0.265965 Ave. Power Level 51.532809
	-------- Loop 6 (sock 1 consumed 0.132870, avg temp 41.571429, final temp 41 ) ------
	-------- Loop 6 (sock 2 consumed 0.133095, avg temp 36.571429, final temp 37 ) ------
Loop 7 <line-334> - Time 0.448715 Total energy consumed 21.676710 Ave. Power Level 48.308406
	-------- Loop 7 (sock 1 consumed 10.875705, avg temp 42.000000, final temp 42 ) ------
	-------- Loop 7 (sock 2 consumed 10.801005, avg temp 36.750000, final temp 37 ) ------
Loop 8 <line-353> - Time 0.000496 Total energy consumed 0.000000 Ave. Power Level 0.000000
	-------- Loop 8 (sock 1 consumed 0.000000, avg temp 42.000000, final temp 42 ) ------
	-------- Loop 8 (sock 2 consumed 0.000000, avg temp 36.750000, final temp 37 ) ------
Loop 9 <line-375> - Time 0.000874 Total energy consumed 0.000000 Ave. Power Level 0.000000
	-------- Loop 9 (sock 1 consumed 0.000000, avg temp 42.000000, final temp 42 ) ------
	-------- Loop 9 (sock 2 consumed 0.000000, avg temp 36.750000, final temp 37 ) ------
Loop 10 <line-85> - Time 0.184914 Total energy consumed 14.584275 Ave. Power Level 78.870618
	-------- Loop 10 (sock 1 consumed 7.421940, avg temp 42.500000, final temp 42 ) ------
	-------- Loop 10 (sock 2 consumed 7.162335, avg temp 36.750000, final temp 37 ) ------
Loop 11 <line-131> - Time 0.003828 Total energy consumed 0.287145 Ave. Power Level 75.004016
	-------- Loop 11 (sock 1 consumed 0.124995, avg temp 42.500000, final temp 42 ) ------
	-------- Loop 11 (sock 2 consumed 0.162150, avg temp 37.500000, final temp 37 ) ------
Loop 12 <line-167> - Time 0.246785 Total energy consumed 19.573860 Ave. Power Level 79.315393
	-------- Loop 12 (sock 1 consumed 9.931455, avg temp 42.500000, final temp 42 ) ------
	-------- Loop 12 (sock 2 consumed 9.642405, avg temp 37.000000, final temp 37 ) ------
Loop 13 <line-213> - Time 6.027955 Total energy consumed 490.481805 Ave. Power Level 81.367856
	-------- Loop 13 (sock 1 consumed 249.174315, avg temp 43.700000, final temp 43 ) ------
	-------- Loop 13 (sock 2 consumed 241.307490, avg temp 38.800000, final temp 38 ) ------
Loop 14 <line-99> - Time 5.352258 Total energy consumed 272.558415 Ave. Power Level 50.924008
	-------- Loop 14 (sock 1 consumed 132.595950, avg temp 42.285714, final temp 42 ) ------
	-------- Loop 14 (sock 2 consumed 139.962465, avg temp 36.857143, final temp 37 ) ------
Loop 15 <line-160> - Time 0.131206 Total energy consumed 7.537335 Ave. Power Level 57.446617
	-------- Loop 15 (sock 1 consumed 3.787170, avg temp 42.428571, final temp 42 ) ------
	-------- Loop 15 (sock 2 consumed 3.750165, avg temp 36.714286, final temp 37 ) ------
Loop 16 <line-269> - Time 4.469643 Total energy consumed 204.721050 Ave. Power Level 45.802550
	-------- Loop 16 (sock 1 consumed 102.289725, avg temp 41.678571, final temp 41 ) ------
	-------- Loop 16 (sock 2 consumed 102.431325, avg temp 36.535714, final temp 36 ) ------
Loop 17 <line-300> - Time 0.001956 Total energy consumed 0.000000 Ave. Power Level 0.000000
	-------- Loop 17 (sock 1 consumed 0.000000, avg temp 41.772727, final temp 43 ) ------
	-------- Loop 17 (sock 2 consumed 0.000000, avg temp 36.545455, final temp 37 ) ------
Loop 18 <line-147> - Time 0.000417 Total energy consumed 0.000000 Ave. Power Level 0.000000
	-------- Loop 18 (sock 1 consumed 0.000000, avg temp 41.000000, final temp 41 ) ------
	-------- Loop 18 (sock 2 consumed 0.000000, avg temp 37.000000, final temp 37 ) ------
Application(EnergyStat) - Time 35.499459 Total energy consumed 1875.055740 Ave. Power Level 52.819276 Final Temperature socket 1 : 42  socket 2 : 38 
