Memory used: 1.29297
Loading 32-bit binary file: pnnl.bin, numvertices: 2361670, numEdges: 191402826
File read time: 2.24991
Before allocating graph
Allocated graph: 0x18ab550
Processing edges for vertex: 0, range(0, 166)
Processing edges for vertex: 100000, range(58444108, 58444133)
Processing edges for vertex: 200000, range(84376057, 84376362)
Processing edges for vertex: 300000, range(106069163, 106069503)
Processing edges for vertex: 400000, range(122097114, 122097513)
Processing edges for vertex: 500000, range(135096418, 135096483)
Processing edges for vertex: 600000, range(146097008, 146097061)
Processing edges for vertex: 700000, range(155415410, 155415531)
Processing edges for vertex: 800000, range(162595900, 162595989)
Processing edges for vertex: 900000, range(168508374, 168508464)
Processing edges for vertex: 1000000, range(173203321, 173203442)
Processing edges for vertex: 1100000, range(176935100, 176935110)
Processing edges for vertex: 1200000, range(179876260, 179876270)
Processing edges for vertex: 1300000, range(182240081, 182240092)
Processing edges for vertex: 1400000, range(184224513, 184224521)
Processing edges for vertex: 1500000, range(185795161, 185795170)
Processing edges for vertex: 1600000, range(187104124, 187104130)
Processing edges for vertex: 1700000, range(188148455, 188148461)
Processing edges for vertex: 1800000, range(188997836, 188997842)
Processing edges for vertex: 1900000, range(189691532, 189691535)
Processing edges for vertex: 2000000, range(190254658, 190254660)
Processing edges for vertex: 2100000, range(190705814, 190705822)
Processing edges for vertex: 2200000, range(191052755, 191052764)
Processing edges for vertex: 2300000, range(191302662, 191302663)
Graph populate time: 11.2282
Total I/O time: 13.4782
Running on: 16 threads
Loaded graph from file: pnnl.bin
Memory used: 2949.09
Maximum degree for the graph: 5520
Iteration: 0, conflicts: 60
Iteration: 1, conflicts: 10
Iteration: 2, conflicts: 1
Iteration: 3, conflicts: 0
Total number of colors used: 1193
Total number of conflicts overall: 0
Number of rounds: 4
SUCCESS: No conflicts found
Coloring time: 0.856428
Memory used: 2949.09
Number of reordered colors: 1014
End position for large colors: 0, node count: 550417, largest: 550417
Node count cutoff: 472334
e_xx: 1.16889e+08, a2_x: 6.5265e+11, currMod: 0.610679
e_xx: 1.61462e+08, a2_x: 6.13997e+11, currMod: 0.843553
e_xx: 1.68609e+08, a2_x: 5.66543e+11, currMod: 0.880897
e_xx: 1.71392e+08, a2_x: 5.42022e+11, currMod: 0.895436
e_xx: 1.72709e+08, a2_x: 5.37762e+11, currMod: 0.90232
currMod: 0.895436, prevMod: -1
Louvain time: 9.26362
numClusters: 204386, time: 0.168862
Next phase: 2
Memory used: 2949.09
End Structure 1305935 204386 vs 2814425
Build next level time: 4.97685
Iteration time: 14.4139
Memory used: 2949.09
e_xx: 1.68806e+08, a2_x: 5.41375e+11, currMod: 0.900312
e_xx: 1.77217e+08, a2_x: 3.63733e+11, currMod: 0.945173
e_xx: 1.82249e+08, a2_x: 2.80431e+11, currMod: 0.972017
e_xx: 1.82664e+08, a2_x: 2.74724e+11, currMod: 0.974228
e_xx: 1.82737e+08, a2_x: 2.65189e+11, currMod: 0.974617
e_xx: 1.82853e+08, a2_x: 2.70589e+11, currMod: 0.975239
e_xx: 1.82855e+08, a2_x: 2.59876e+11, currMod: 0.975248
e_xx: 1.82936e+08, a2_x: 2.68078e+11, currMod: 0.97568
e_xx: 1.82918e+08, a2_x: 2.40388e+11, currMod: 0.975582
currMod: 0.97568, prevMod: 0.895436
Louvain time: 2.92575
numClusters: 49682, time: 0.023141
Next phase: 3
Memory used: 2949.09
End Structure 467947 49682 vs 985564
Build next level time: 0.289793
Iteration time: 3.23954
Memory used: 2949.09
e_xx: 1.82936e+08, a2_x: 2.68462e+11, currMod: 0.975672
e_xx: 1.83935e+08, a2_x: 9.94434e+10, currMod: 0.981007
e_xx: 1.84084e+08, a2_x: 7.93797e+10, currMod: 0.981801
e_xx: 1.84131e+08, a2_x: 8.86696e+10, currMod: 0.982052
e_xx: 1.84119e+08, a2_x: 8.18205e+10, currMod: 0.98199
currMod: 0.982052, prevMod: 0.97568
Louvain time: 0.760211
numClusters: 24746, time: 0.007315
Next phase: 4
Memory used: 2949.09
End Structure 154249 24746 vs 333244
Build next level time: 0.102366
Iteration time: 0.870439
Memory used: 2949.09
e_xx: 1.84131e+08, a2_x: 8.79894e+10, currMod: 0.982035
e_xx: 1.8425e+08, a2_x: 8.9887e+09, currMod: 0.982671
e_xx: 1.84255e+08, a2_x: 4.64414e+10, currMod: 0.982697
e_xx: 1.84259e+08, a2_x: 1.77412e+10, currMod: 0.982723
e_xx: 1.84256e+08, a2_x: 1.36058e+10, currMod: 0.982703
currMod: 0.982723, prevMod: 0.982052
Louvain time: 0.347846
numClusters: 22156, time: 0.00481
Next phase: 5
Memory used: 2949.09
End Structure 87707 22156 vs 197570
Build next level time: 0.041068
Iteration time: 0.394174
Memory used: 2949.09
e_xx: 1.84259e+08, a2_x: 1.94491e+10, currMod: 0.982721
e_xx: 1.84262e+08, a2_x: 2.94996e+10, currMod: 0.982733
e_xx: 1.84263e+08, a2_x: 3.25043e+10, currMod: 0.982737
e_xx: 1.84263e+08, a2_x: 3.65168e+10, currMod: 0.982737
currMod: 0.982737, prevMod: 0.982723
Louvain time: 0.184054
numClusters: 21999, time: 0.004404
Next phase: 6
Memory used: 2949.09
End Structure 76292 21999 vs 174583
Build next level time: 0.03488
Iteration time: 0.223597
Memory used: 2949.09
e_xx: 1.84263e+08, a2_x: 3.13524e+10, currMod: 0.982737
e_xx: 1.84263e+08, a2_x: 3.24445e+10, currMod: 0.982738
currMod: 0.982737, prevMod: 0.982737
Louvain time: 0.076115
numClusters: 21999, time: 0.004345
Maximum degree for the graph: 487
Iteration: 0, conflicts: 0
Total number of colors used: 176
Total number of conflicts overall: 0
Number of rounds: 1
SUCCESS: No conflicts found
Number of reordered colors: 175
End position for large colors: 0, node count: 21559, largest: 21559
Node count cutoff: 4400
e_xx: 1.843e+08, a2_x: 1.23795e+10, currMod: 0.982936
e_xx: 1.84313e+08, a2_x: 1.28258e+10, currMod: 0.983004
e_xx: 1.84326e+08, a2_x: 1.39156e+10, currMod: 0.983076
e_xx: 1.84326e+08, a2_x: 7.29067e+09, currMod: 0.983077
e_xx: 1.85259e+08, a2_x: 2.79515e+09, currMod: 0.988054
e_xx: 1.8526e+08, a2_x: 6.25215e+09, currMod: 0.988059
e_xx: 1.85271e+08, a2_x: 1.1217e+09, currMod: 0.988117
e_xx: 1.85269e+08, a2_x: 7.14362e+09, currMod: 0.988106
End Structure 4057 21646 vs 29760
currMod: 0.988117, prevMod: 0.982737
numClusters: 21646
Total iteration time: 19.1417

Loop 0 <line-37> - Time 0.000744 Total energy consumed 0.000000 Ave. Power Level 0.000000
	-------- Loop 0 (sock 1 consumed 0.000000, avg temp 41.000000, final temp 42 ) ------
	-------- Loop 0 (sock 2 consumed 0.000000, avg temp 36.500000, final temp 37 ) ------
Loop 1 <line-54> - Time 0.000424 Total energy consumed 0.044385 Ave. Power Level 104.751026
	-------- Loop 1 (sock 1 consumed 0.024450, avg temp 40.500000, final temp 41 ) ------
	-------- Loop 1 (sock 2 consumed 0.019935, avg temp 36.000000, final temp 37 ) ------
Loop 2 <line-76> - Time 0.000371 Total energy consumed 0.000000 Ave. Power Level 0.000000
	-------- Loop 2 (sock 1 consumed 0.000000, avg temp 40.500000, final temp 41 ) ------
	-------- Loop 2 (sock 2 consumed 0.000000, avg temp 36.000000, final temp 37 ) ------
Loop 3 <line-170> - Time 0.489899 Total energy consumed 26.483055 Ave. Power Level 54.058145
	-------- Loop 3 (sock 1 consumed 14.367360, avg temp 41.200000, final temp 42 ) ------
	-------- Loop 3 (sock 2 consumed 12.115695, avg temp 36.200000, final temp 37 ) ------
Loop 4 <line-192> - Time 0.000302 Total energy consumed 0.000000 Ave. Power Level 0.000000
	-------- Loop 4 (sock 1 consumed 0.000000, avg temp 41.500000, final temp 42 ) ------
	-------- Loop 4 (sock 2 consumed 0.000000, avg temp 36.500000, final temp 37 ) ------
Loop 5 <line-222> - Time 0.211054 Total energy consumed 11.373450 Ave. Power Level 53.888779
	-------- Loop 5 (sock 1 consumed 5.442570, avg temp 40.500000, final temp 41 ) ------
	-------- Loop 5 (sock 2 consumed 5.930880, avg temp 36.500000, final temp 37 ) ------
Loop 6 <line-115> - Time 0.002084 Total energy consumed 0.043980 Ave. Power Level 21.106888
	-------- Loop 6 (sock 1 consumed 0.023655, avg temp 41.166667, final temp 41 ) ------
	-------- Loop 6 (sock 2 consumed 0.020325, avg temp 36.000000, final temp 37 ) ------
Loop 7 <line-334> - Time 0.445929 Total energy consumed 21.404085 Ave. Power Level 47.998870
	-------- Loop 7 (sock 1 consumed 11.253885, avg temp 41.571429, final temp 42 ) ------
	-------- Loop 7 (sock 2 consumed 10.150200, avg temp 36.285714, final temp 37 ) ------
Loop 8 <line-353> - Time 0.000497 Total energy consumed 0.000000 Ave. Power Level 0.000000
	-------- Loop 8 (sock 1 consumed 0.000000, avg temp 41.571429, final temp 42 ) ------
	-------- Loop 8 (sock 2 consumed 0.000000, avg temp 36.285714, final temp 37 ) ------
Loop 9 <line-375> - Time 0.001001 Total energy consumed 0.000000 Ave. Power Level 0.000000
	-------- Loop 9 (sock 1 consumed 0.000000, avg temp 41.428571, final temp 42 ) ------
	-------- Loop 9 (sock 2 consumed 0.000000, avg temp 36.428571, final temp 37 ) ------
Loop 10 <line-85> - Time 0.187060 Total energy consumed 14.763240 Ave. Power Level 78.922586
	-------- Loop 10 (sock 1 consumed 7.472670, avg temp 41.500000, final temp 41 ) ------
	-------- Loop 10 (sock 2 consumed 7.290570, avg temp 36.750000, final temp 37 ) ------
Loop 11 <line-131> - Time 0.003697 Total energy consumed 0.250845 Ave. Power Level 67.852520
	-------- Loop 11 (sock 1 consumed 0.127770, avg temp 42.000000, final temp 42 ) ------
	-------- Loop 11 (sock 2 consumed 0.123075, avg temp 37.000000, final temp 37 ) ------
Loop 12 <line-167> - Time 0.259034 Total energy consumed 20.223660 Ave. Power Level 78.073473
	-------- Loop 12 (sock 1 consumed 10.268940, avg temp 41.500000, final temp 41 ) ------
	-------- Loop 12 (sock 2 consumed 9.954720, avg temp 37.000000, final temp 37 ) ------
Loop 13 <line-213> - Time 5.483636 Total energy consumed 447.870330 Ave. Power Level 81.673965
	-------- Loop 13 (sock 1 consumed 228.272190, avg temp 42.923077, final temp 43 ) ------
	-------- Loop 13 (sock 2 consumed 219.598140, avg temp 38.076923, final temp 38 ) ------
Loop 14 <line-99> - Time 5.024768 Total energy consumed 255.696870 Ave. Power Level 50.887301
	-------- Loop 14 (sock 1 consumed 126.009285, avg temp 41.500000, final temp 41 ) ------
	-------- Loop 14 (sock 2 consumed 129.687585, avg temp 36.833333, final temp 37 ) ------
Loop 15 <line-160> - Time 0.119915 Total energy consumed 6.685335 Ave. Power Level 55.750648
	-------- Loop 15 (sock 1 consumed 3.247425, avg temp 41.333333, final temp 41 ) ------
	-------- Loop 15 (sock 2 consumed 3.437910, avg temp 36.500000, final temp 37 ) ------
Loop 16 <line-269> - Time 4.269661 Total energy consumed 195.755280 Ave. Power Level 45.847969
	-------- Loop 16 (sock 1 consumed 93.192150, avg temp 41.000000, final temp 41 ) ------
	-------- Loop 16 (sock 2 consumed 102.563130, avg temp 36.400000, final temp 37 ) ------
Loop 17 <line-300> - Time 0.002074 Total energy consumed 0.000000 Ave. Power Level 0.000000
	-------- Loop 17 (sock 1 consumed 0.000000, avg temp 40.950000, final temp 41 ) ------
	-------- Loop 17 (sock 2 consumed 0.000000, avg temp 36.400000, final temp 36 ) ------
Loop 18 <line-147> - Time 0.000417 Total energy consumed 0.000000 Ave. Power Level 0.000000
	-------- Loop 18 (sock 1 consumed 0.000000, avg temp 42.000000, final temp 42 ) ------
	-------- Loop 18 (sock 2 consumed 0.000000, avg temp 37.000000, final temp 37 ) ------
Application(EnergyStat) - Time 33.621898 Total energy consumed 1765.066590 Ave. Power Level 52.497530 Final Temperature socket 1 : 42  socket 2 : 38 
