Memory used: 1.28906
Loading 32-bit binary file: pnnl.bin, numvertices: 2361670, numEdges: 191402826
File read time: 2.24571
Before allocating graph
Allocated graph: 0x93f550
Processing edges for vertex: 0, range(0, 166)
Processing edges for vertex: 100000, range(58444108, 58444133)
Processing edges for vertex: 200000, range(84376057, 84376362)
Processing edges for vertex: 300000, range(106069163, 106069503)
Processing edges for vertex: 400000, range(122097114, 122097513)
Processing edges for vertex: 500000, range(135096418, 135096483)
Processing edges for vertex: 600000, range(146097008, 146097061)
Processing edges for vertex: 700000, range(155415410, 155415531)
Processing edges for vertex: 800000, range(162595900, 162595989)
Processing edges for vertex: 900000, range(168508374, 168508464)
Processing edges for vertex: 1000000, range(173203321, 173203442)
Processing edges for vertex: 1100000, range(176935100, 176935110)
Processing edges for vertex: 1200000, range(179876260, 179876270)
Processing edges for vertex: 1300000, range(182240081, 182240092)
Processing edges for vertex: 1400000, range(184224513, 184224521)
Processing edges for vertex: 1500000, range(185795161, 185795170)
Processing edges for vertex: 1600000, range(187104124, 187104130)
Processing edges for vertex: 1700000, range(188148455, 188148461)
Processing edges for vertex: 1800000, range(188997836, 188997842)
Processing edges for vertex: 1900000, range(189691532, 189691535)
Processing edges for vertex: 2000000, range(190254658, 190254660)
Processing edges for vertex: 2100000, range(190705814, 190705822)
Processing edges for vertex: 2200000, range(191052755, 191052764)
Processing edges for vertex: 2300000, range(191302662, 191302663)
Graph populate time: 11.2243
Total I/O time: 13.4701
Running on: 16 threads
Loaded graph from file: pnnl.bin
Memory used: 2949.09
Maximum degree for the graph: 5520
Iteration: 0, conflicts: 38
Iteration: 1, conflicts: 9
Iteration: 2, conflicts: 2
Iteration: 3, conflicts: 1
Iteration: 4, conflicts: 0
Total number of colors used: 1194
Total number of conflicts overall: 0
Number of rounds: 5
SUCCESS: No conflicts found
Coloring time: 0.887571
Memory used: 2949.09
Number of reordered colors: 1020
End position for large colors: 0, node count: 550493, largest: 550493
Node count cutoff: 472334
e_xx: 1.22262e+08, a2_x: 6.47195e+11, currMod: 0.638751
e_xx: 1.65208e+08, a2_x: 6.69036e+11, currMod: 0.863126
e_xx: 1.71851e+08, a2_x: 6.0237e+11, currMod: 0.897835
e_xx: 1.74632e+08, a2_x: 5.24552e+11, currMod: 0.912364
e_xx: 1.7623e+08, a2_x: 5.27515e+11, currMod: 0.920716
currMod: 0.912364, prevMod: -1
Louvain time: 9.17191
numClusters: 204889, time: 0.150568
Next phase: 2
Memory used: 2949.09
End Structure 1315810 204889 vs 2834733
Build next level time: 4.99858
Iteration time: 14.3258
Memory used: 2949.09
e_xx: 1.56927e+08, a2_x: 5.28638e+11, currMod: 0.91186
e_xx: 1.65601e+08, a2_x: 3.29577e+11, currMod: 0.962269
e_xx: 1.66908e+08, a2_x: 2.63883e+11, currMod: 0.969865
e_xx: 1.67245e+08, a2_x: 2.87301e+11, currMod: 0.971825
e_xx: 1.6736e+08, a2_x: 2.98651e+11, currMod: 0.972491
e_xx: 1.67463e+08, a2_x: 2.84379e+11, currMod: 0.973094
e_xx: 1.67477e+08, a2_x: 2.8367e+11, currMod: 0.973175
e_xx: 1.67537e+08, a2_x: 2.78157e+11, currMod: 0.973524
e_xx: 1.67525e+08, a2_x: 2.82002e+11, currMod: 0.973455
currMod: 0.973524, prevMod: 0.912364
Louvain time: 3.02994
numClusters: 53262, time: 0.024229
Next phase: 3
Memory used: 2949.09
End Structure 536409 53262 vs 1126072
Build next level time: 0.263335
Iteration time: 3.31839
Memory used: 2949.09
e_xx: 1.67537e+08, a2_x: 2.75317e+11, currMod: 0.973497
e_xx: 1.68425e+08, a2_x: 1.11624e+11, currMod: 0.978662
e_xx: 1.68488e+08, a2_x: 9.12144e+10, currMod: 0.979027
e_xx: 1.68595e+08, a2_x: 6.24076e+10, currMod: 0.97965
e_xx: 1.68515e+08, a2_x: 8.6308e+10, currMod: 0.979189
currMod: 0.97965, prevMod: 0.973524
Louvain time: 0.850259
numClusters: 25861, time: 0.00766
Next phase: 4
Memory used: 2949.09
End Structure 182574 25861 vs 391009
Build next level time: 0.094449
Iteration time: 0.952861
Memory used: 2949.09
e_xx: 1.68595e+08, a2_x: 6.16709e+10, currMod: 0.979638
e_xx: 1.68841e+08, a2_x: 3.14635e+10, currMod: 0.981068
e_xx: 1.68872e+08, a2_x: 2.06525e+10, currMod: 0.981254
e_xx: 1.68873e+08, a2_x: 1.79826e+10, currMod: 0.981257
e_xx: 1.68873e+08, a2_x: 1.26947e+10, currMod: 0.981259
e_xx: 1.68875e+08, a2_x: -7.53376e+09, currMod: 0.98127
e_xx: 1.68874e+08, a2_x: 1.13099e+10, currMod: 0.981264
currMod: 0.98127, prevMod: 0.97965
Louvain time: 0.512675
numClusters: 22128, time: 0.004954
Next phase: 5
Memory used: 2949.09
End Structure 80285 22128 vs 182698
Build next level time: 0.041808
Iteration time: 0.55989
Memory used: 2949.09
e_xx: 1.68875e+08, a2_x: -6.15406e+09, currMod: 0.981268
e_xx: 1.68917e+08, a2_x: -6.48157e+09, currMod: 0.981512
e_xx: 1.68917e+08, a2_x: -1.71482e+10, currMod: 0.981513
e_xx: 1.68917e+08, a2_x: -8.45871e+09, currMod: 0.981513
currMod: 0.981513, prevMod: 0.98127
Louvain time: 0.166286
numClusters: 21958, time: 0.00436
Next phase: 6
Memory used: 2949.09
End Structure 69294 21958 vs 160546
Build next level time: 0.032681
Iteration time: 0.203726
Memory used: 2949.09
e_xx: 1.68917e+08, a2_x: -1.94643e+10, currMod: 0.981513
e_xx: 1.68917e+08, a2_x: -2.39134e+10, currMod: 0.981513
currMod: 0.981513, prevMod: 0.981513
Louvain time: 0.078634
numClusters: 21958, time: 0.004337
Maximum degree for the graph: 455
Iteration: 0, conflicts: 0
Total number of colors used: 172
Total number of conflicts overall: 0
Number of rounds: 1
SUCCESS: No conflicts found
Number of reordered colors: 171
End position for large colors: 0, node count: 21544, largest: 21544
Node count cutoff: 4392
e_xx: 1.68968e+08, a2_x: -3.46578e+10, currMod: 0.98181
e_xx: 1.6897e+08, a2_x: -3.44787e+10, currMod: 0.98182
e_xx: 1.69236e+08, a2_x: -1.81408e+10, currMod: 0.983364
e_xx: 1.69845e+08, a2_x: -2.03679e+10, currMod: 0.986904
e_xx: 1.69919e+08, a2_x: -1.1852e+10, currMod: 0.987334
e_xx: 1.69917e+08, a2_x: -9.76226e+09, currMod: 0.987323
End Structure 12434 21701 vs 46569
currMod: 0.987334, prevMod: 0.981513
numClusters: 21701
Total iteration time: 19.3607

Loop 0 <line-37> - Time 0.000722 Total energy consumed 0.044715 Ave. Power Level 61.934020
	-------- Loop 0 (sock 1 consumed 0.024705, avg temp 41.500000, final temp 42 ) ------
	-------- Loop 0 (sock 2 consumed 0.020010, avg temp 36.000000, final temp 36 ) ------
Loop 1 <line-54> - Time 0.000369 Total energy consumed 0.000000 Ave. Power Level 0.000000
	-------- Loop 1 (sock 1 consumed 0.000000, avg temp 41.000000, final temp 42 ) ------
	-------- Loop 1 (sock 2 consumed 0.000000, avg temp 36.000000, final temp 36 ) ------
Loop 2 <line-76> - Time 0.000385 Total energy consumed 0.000000 Ave. Power Level 0.000000
	-------- Loop 2 (sock 1 consumed 0.000000, avg temp 41.000000, final temp 42 ) ------
	-------- Loop 2 (sock 2 consumed 0.000000, avg temp 36.000000, final temp 36 ) ------
Loop 3 <line-170> - Time 0.486890 Total energy consumed 26.560980 Ave. Power Level 54.552339
	-------- Loop 3 (sock 1 consumed 14.160645, avg temp 41.333333, final temp 43 ) ------
	-------- Loop 3 (sock 2 consumed 12.400335, avg temp 36.166667, final temp 37 ) ------
Loop 4 <line-192> - Time 0.000296 Total energy consumed 0.000000 Ave. Power Level 0.000000
	-------- Loop 4 (sock 1 consumed 0.000000, avg temp 42.000000, final temp 43 ) ------
	-------- Loop 4 (sock 2 consumed 0.000000, avg temp 36.500000, final temp 37 ) ------
Loop 5 <line-222> - Time 0.245919 Total energy consumed 12.603285 Ave. Power Level 51.249840
	-------- Loop 5 (sock 1 consumed 6.258465, avg temp 41.500000, final temp 43 ) ------
	-------- Loop 5 (sock 2 consumed 6.344820, avg temp 36.500000, final temp 37 ) ------
Loop 6 <line-115> - Time 0.002200 Total energy consumed 0.106950 Ave. Power Level 48.613371
	-------- Loop 6 (sock 1 consumed 0.047235, avg temp 41.166667, final temp 41 ) ------
	-------- Loop 6 (sock 2 consumed 0.059715, avg temp 36.333333, final temp 37 ) ------
Loop 7 <line-334> - Time 0.435038 Total energy consumed 20.628660 Ave. Power Level 47.418020
	-------- Loop 7 (sock 1 consumed 11.325405, avg temp 41.428571, final temp 43 ) ------
	-------- Loop 7 (sock 2 consumed 9.303255, avg temp 36.428571, final temp 36 ) ------
Loop 8 <line-353> - Time 0.000507 Total energy consumed 0.000000 Ave. Power Level 0.000000
	-------- Loop 8 (sock 1 consumed 0.000000, avg temp 41.428571, final temp 43 ) ------
	-------- Loop 8 (sock 2 consumed 0.000000, avg temp 36.428571, final temp 36 ) ------
Loop 9 <line-375> - Time 0.000870 Total energy consumed 0.000000 Ave. Power Level 0.000000
	-------- Loop 9 (sock 1 consumed 0.000000, avg temp 41.428571, final temp 43 ) ------
	-------- Loop 9 (sock 2 consumed 0.000000, avg temp 36.428571, final temp 36 ) ------
Loop 10 <line-85> - Time 0.185017 Total energy consumed 14.655060 Ave. Power Level 79.209459
	-------- Loop 10 (sock 1 consumed 7.408425, avg temp 42.500000, final temp 43 ) ------
	-------- Loop 10 (sock 2 consumed 7.246635, avg temp 36.750000, final temp 37 ) ------
Loop 11 <line-131> - Time 0.003730 Total energy consumed 0.288780 Ave. Power Level 77.411759
	-------- Loop 11 (sock 1 consumed 0.166635, avg temp 42.500000, final temp 43 ) ------
	-------- Loop 11 (sock 2 consumed 0.122145, avg temp 37.000000, final temp 37 ) ------
Loop 12 <line-167> - Time 0.256406 Total energy consumed 20.269140 Ave. Power Level 79.050853
	-------- Loop 12 (sock 1 consumed 10.297020, avg temp 43.000000, final temp 43 ) ------
	-------- Loop 12 (sock 2 consumed 9.972120, avg temp 36.500000, final temp 36 ) ------
Loop 13 <line-213> - Time 5.380214 Total energy consumed 437.664570 Ave. Power Level 81.347051
	-------- Loop 13 (sock 1 consumed 224.112810, avg temp 43.272727, final temp 42 ) ------
	-------- Loop 13 (sock 2 consumed 213.551760, avg temp 37.818182, final temp 37 ) ------
Loop 14 <line-99> - Time 5.024451 Total energy consumed 253.670235 Ave. Power Level 50.487151
	-------- Loop 14 (sock 1 consumed 126.837270, avg temp 41.500000, final temp 42 ) ------
	-------- Loop 14 (sock 2 consumed 126.832965, avg temp 36.666667, final temp 37 ) ------
Loop 15 <line-160> - Time 0.113331 Total energy consumed 6.474570 Ave. Power Level 57.129631
	-------- Loop 15 (sock 1 consumed 3.241575, avg temp 42.000000, final temp 42 ) ------
	-------- Loop 15 (sock 2 consumed 3.232995, avg temp 36.833333, final temp 37 ) ------
Loop 16 <line-269> - Time 4.612354 Total energy consumed 210.881460 Ave. Power Level 45.721003
	-------- Loop 16 (sock 1 consumed 100.656525, avg temp 41.037037, final temp 43 ) ------
	-------- Loop 16 (sock 2 consumed 110.224935, avg temp 36.370370, final temp 36 ) ------
Loop 17 <line-300> - Time 0.002222 Total energy consumed 0.000000 Ave. Power Level 0.000000
	-------- Loop 17 (sock 1 consumed 0.000000, avg temp 41.045455, final temp 41 ) ------
	-------- Loop 17 (sock 2 consumed 0.000000, avg temp 36.454545, final temp 36 ) ------
Loop 18 <line-147> - Time 0.000465 Total energy consumed 0.051780 Ave. Power Level 111.451190
	-------- Loop 18 (sock 1 consumed 0.029220, avg temp 42.000000, final temp 42 ) ------
	-------- Loop 18 (sock 2 consumed 0.022560, avg temp 36.000000, final temp 36 ) ------
Application(EnergyStat) - Time 33.859978 Total energy consumed 1769.168640 Ave. Power Level 52.249551 Final Temperature socket 1 : 41  socket 2 : 37 
