Memory used: 1.29297
Loading 32-bit binary file: pnnl.bin, numvertices: 2361670, numEdges: 191402826
File read time: 2.25095
Before allocating graph
Allocated graph: 0x116b550
Processing edges for vertex: 0, range(0, 166)
Processing edges for vertex: 100000, range(58444108, 58444133)
Processing edges for vertex: 200000, range(84376057, 84376362)
Processing edges for vertex: 300000, range(106069163, 106069503)
Processing edges for vertex: 400000, range(122097114, 122097513)
Processing edges for vertex: 500000, range(135096418, 135096483)
Processing edges for vertex: 600000, range(146097008, 146097061)
Processing edges for vertex: 700000, range(155415410, 155415531)
Processing edges for vertex: 800000, range(162595900, 162595989)
Processing edges for vertex: 900000, range(168508374, 168508464)
Processing edges for vertex: 1000000, range(173203321, 173203442)
Processing edges for vertex: 1100000, range(176935100, 176935110)
Processing edges for vertex: 1200000, range(179876260, 179876270)
Processing edges for vertex: 1300000, range(182240081, 182240092)
Processing edges for vertex: 1400000, range(184224513, 184224521)
Processing edges for vertex: 1500000, range(185795161, 185795170)
Processing edges for vertex: 1600000, range(187104124, 187104130)
Processing edges for vertex: 1700000, range(188148455, 188148461)
Processing edges for vertex: 1800000, range(188997836, 188997842)
Processing edges for vertex: 1900000, range(189691532, 189691535)
Processing edges for vertex: 2000000, range(190254658, 190254660)
Processing edges for vertex: 2100000, range(190705814, 190705822)
Processing edges for vertex: 2200000, range(191052755, 191052764)
Processing edges for vertex: 2300000, range(191302662, 191302663)
Graph populate time: 11.2222
Total I/O time: 13.4732
Running on: 16 threads
Loaded graph from file: pnnl.bin
Memory used: 2949.09
Maximum degree for the graph: 5520
Iteration: 0, conflicts: 40
Iteration: 1, conflicts: 6
Iteration: 2, conflicts: 2
Iteration: 3, conflicts: 1
Iteration: 4, conflicts: 0
Total number of colors used: 1193
Total number of conflicts overall: 0
Number of rounds: 5
SUCCESS: No conflicts found
Coloring time: 0.953964
Memory used: 2949.09
Number of reordered colors: 1028
End position for large colors: 0, node count: 550499, largest: 550499
Node count cutoff: 472334
e_xx: 1.13796e+08, a2_x: 6.43879e+11, currMod: 0.594519
e_xx: 1.56963e+08, a2_x: 5.9244e+11, currMod: 0.820048
e_xx: 1.64149e+08, a2_x: 4.75037e+11, currMod: 0.857596
e_xx: 1.6731e+08, a2_x: 5.06006e+11, currMod: 0.87411
e_xx: 1.68957e+08, a2_x: 4.97935e+11, currMod: 0.882716
currMod: 0.87411, prevMod: -1
Louvain time: 9.14538
numClusters: 203851, time: 0.150004
Next phase: 2
Memory used: 2949.09
End Structure 1280704 203851 vs 2763337
Build next level time: 4.15846
Iteration time: 13.4584
Memory used: 2949.09
e_xx: 1.68957e+08, a2_x: 4.97935e+11, currMod: 0.882716
e_xx: 1.80095e+08, a2_x: 3.51549e+11, currMod: 0.940913
e_xx: 1.81995e+08, a2_x: 2.93088e+11, currMod: 0.950842
e_xx: 1.82747e+08, a2_x: 2.9046e+11, currMod: 0.954771
e_xx: 1.82852e+08, a2_x: 2.74595e+11, currMod: 0.955316
e_xx: 1.82979e+08, a2_x: 2.75165e+11, currMod: 0.95598
e_xx: 1.82974e+08, a2_x: 2.51138e+11, currMod: 0.955956
currMod: 0.95598, prevMod: 0.87411
Louvain time: 2.38056
numClusters: 55833, time: 0.024329
Next phase: 3
Memory used: 2949.09
End Structure 569283 55833 vs 1194389
Build next level time: 0.246944
Iteration time: 2.65267
Memory used: 2949.09
e_xx: 1.82979e+08, a2_x: 2.78304e+11, currMod: 0.955992
e_xx: 1.84017e+08, a2_x: 8.41177e+10, currMod: 0.961423
e_xx: 1.84034e+08, a2_x: 8.779e+10, currMod: 0.961512
e_xx: 1.84158e+08, a2_x: 3.6099e+10, currMod: 0.962159
e_xx: 1.84059e+08, a2_x: 8.16113e+10, currMod: 0.961643
currMod: 0.962159, prevMod: 0.95598
Louvain time: 0.84944
numClusters: 25977, time: 0.008049
Next phase: 4
Memory used: 2949.09
End Structure 186410 25977 vs 398797
Build next level time: 0.114425
Iteration time: 0.972417
Memory used: 2949.09
e_xx: 1.84158e+08, a2_x: 3.80881e+10, currMod: 0.962149
e_xx: 1.84462e+08, a2_x: 1.82671e+10, currMod: 0.963737
e_xx: 1.84467e+08, a2_x: 2.05068e+10, currMod: 0.963766
e_xx: 1.84473e+08, a2_x: 1.11158e+10, currMod: 0.963795
e_xx: 1.8447e+08, a2_x: 6.8124e+09, currMod: 0.96378
currMod: 0.963795, prevMod: 0.962159
Louvain time: 0.395243
numClusters: 22162, time: 0.004919
Next phase: 5
Memory used: 2949.09
End Structure 89409 22162 vs 200980
Build next level time: 0.048618
Iteration time: 0.449233
Memory used: 2949.09
e_xx: 1.84473e+08, a2_x: 1.2681e+10, currMod: 0.963794
e_xx: 1.84478e+08, a2_x: 6.63888e+09, currMod: 0.96382
e_xx: 1.8448e+08, a2_x: 1.77878e+09, currMod: 0.963834
e_xx: 1.84481e+08, a2_x: -1.80764e+09, currMod: 0.963837
e_xx: 1.84481e+08, a2_x: 1.20815e+10, currMod: 0.963836
currMod: 0.963837, prevMod: 0.963795
Louvain time: 0.224447
numClusters: 21927, time: 0.004383
Next phase: 6
Memory used: 2949.09
End Structure 65092 21927 vs 152111
Build next level time: 0.031928
Iteration time: 0.261169
Memory used: 2949.09
e_xx: 1.84481e+08, a2_x: -4.65759e+09, currMod: 0.963837
e_xx: 1.84481e+08, a2_x: 2.80368e+08, currMod: 0.963837
currMod: 0.963837, prevMod: 0.963837
Louvain time: 0.06383
numClusters: 21927, time: 0.004351
Maximum degree for the graph: 424
Iteration: 0, conflicts: 0
Total number of colors used: 178
Total number of conflicts overall: 0
Number of rounds: 1
SUCCESS: No conflicts found
Number of reordered colors: 172
End position for large colors: 0, node count: 21516, largest: 21516
Node count cutoff: 4386
e_xx: 1.84489e+08, a2_x: -2.36444e+10, currMod: 0.963878
e_xx: 1.8494e+08, a2_x: -4.94266e+09, currMod: 0.966234
e_xx: 1.9068e+08, a2_x: 6.08982e+09, currMod: 0.996224
e_xx: 1.91065e+08, a2_x: -3.09992e+09, currMod: 0.998238
e_xx: 1.91053e+08, a2_x: 6.66085e+08, currMod: 0.998172
End Structure 215 21536 vs 21966
currMod: 0.998238, prevMod: 0.963837
numClusters: 21536
Total iteration time: 17.7939

Loop 0 <line-37> - Time 0.000829 Total energy consumed 0.044505 Ave. Power Level 53.689696
	-------- Loop 0 (sock 1 consumed 0.024495, avg temp 41.500000, final temp 42 ) ------
	-------- Loop 0 (sock 2 consumed 0.020010, avg temp 36.500000, final temp 37 ) ------
Loop 1 <line-54> - Time 0.000367 Total energy consumed 0.000000 Ave. Power Level 0.000000
	-------- Loop 1 (sock 1 consumed 0.000000, avg temp 41.500000, final temp 42 ) ------
	-------- Loop 1 (sock 2 consumed 0.000000, avg temp 36.000000, final temp 37 ) ------
Loop 2 <line-76> - Time 0.000365 Total energy consumed 0.000000 Ave. Power Level 0.000000
	-------- Loop 2 (sock 1 consumed 0.000000, avg temp 41.500000, final temp 42 ) ------
	-------- Loop 2 (sock 2 consumed 0.000000, avg temp 36.000000, final temp 37 ) ------
Loop 3 <line-170> - Time 0.545108 Total energy consumed 28.895055 Ave. Power Level 53.007904
	-------- Loop 3 (sock 1 consumed 13.808190, avg temp 41.166667, final temp 42 ) ------
	-------- Loop 3 (sock 2 consumed 15.086865, avg temp 37.000000, final temp 37 ) ------
Loop 4 <line-192> - Time 0.000320 Total energy consumed 0.000000 Ave. Power Level 0.000000
	-------- Loop 4 (sock 1 consumed 0.000000, avg temp 41.500000, final temp 42 ) ------
	-------- Loop 4 (sock 2 consumed 0.000000, avg temp 37.000000, final temp 37 ) ------
Loop 5 <line-222> - Time 0.254054 Total energy consumed 12.721905 Ave. Power Level 50.075543
	-------- Loop 5 (sock 1 consumed 5.522580, avg temp 41.000000, final temp 42 ) ------
	-------- Loop 5 (sock 2 consumed 7.199325, avg temp 36.000000, final temp 37 ) ------
Loop 6 <line-115> - Time 0.002121 Total energy consumed 0.069480 Ave. Power Level 32.759199
	-------- Loop 6 (sock 1 consumed 0.049545, avg temp 41.333333, final temp 42 ) ------
	-------- Loop 6 (sock 2 consumed 0.019935, avg temp 36.000000, final temp 36 ) ------
Loop 7 <line-334> - Time 0.432936 Total energy consumed 21.411360 Ave. Power Level 49.456212
	-------- Loop 7 (sock 1 consumed 11.312445, avg temp 41.428571, final temp 42 ) ------
	-------- Loop 7 (sock 2 consumed 10.098915, avg temp 36.000000, final temp 36 ) ------
Loop 8 <line-353> - Time 0.000530 Total energy consumed 0.000000 Ave. Power Level 0.000000
	-------- Loop 8 (sock 1 consumed 0.000000, avg temp 41.428571, final temp 42 ) ------
	-------- Loop 8 (sock 2 consumed 0.000000, avg temp 36.000000, final temp 36 ) ------
Loop 9 <line-375> - Time 0.000861 Total energy consumed 0.000000 Ave. Power Level 0.000000
	-------- Loop 9 (sock 1 consumed 0.000000, avg temp 41.428571, final temp 42 ) ------
	-------- Loop 9 (sock 2 consumed 0.000000, avg temp 36.000000, final temp 36 ) ------
Loop 10 <line-85> - Time 0.185364 Total energy consumed 14.785455 Ave. Power Level 79.764343
	-------- Loop 10 (sock 1 consumed 7.485915, avg temp 41.750000, final temp 42 ) ------
	-------- Loop 10 (sock 2 consumed 7.299540, avg temp 36.750000, final temp 37 ) ------
Loop 11 <line-131> - Time 0.003669 Total energy consumed 0.326865 Ave. Power Level 89.077625
	-------- Loop 11 (sock 1 consumed 0.166410, avg temp 41.500000, final temp 42 ) ------
	-------- Loop 11 (sock 2 consumed 0.160455, avg temp 37.000000, final temp 37 ) ------
Loop 12 <line-167> - Time 0.265727 Total energy consumed 20.773080 Ave. Power Level 78.174425
	-------- Loop 12 (sock 1 consumed 10.555560, avg temp 42.500000, final temp 42 ) ------
	-------- Loop 12 (sock 2 consumed 10.217520, avg temp 37.000000, final temp 37 ) ------
Loop 13 <line-213> - Time 5.358504 Total energy consumed 436.496220 Ave. Power Level 81.458592
	-------- Loop 13 (sock 1 consumed 222.510090, avg temp 43.300000, final temp 43 ) ------
	-------- Loop 13 (sock 2 consumed 213.986130, avg temp 37.600000, final temp 37 ) ------
Loop 14 <line-99> - Time 4.184957 Total energy consumed 212.731785 Ave. Power Level 50.832492
	-------- Loop 14 (sock 1 consumed 111.727185, avg temp 42.500000, final temp 42 ) ------
	-------- Loop 14 (sock 2 consumed 101.004600, avg temp 36.166667, final temp 37 ) ------
Loop 15 <line-160> - Time 0.120043 Total energy consumed 6.227640 Ave. Power Level 51.878290
	-------- Loop 15 (sock 1 consumed 3.098685, avg temp 42.333333, final temp 42 ) ------
	-------- Loop 15 (sock 2 consumed 3.128955, avg temp 36.500000, final temp 37 ) ------
Loop 16 <line-269> - Time 3.888642 Total energy consumed 176.692200 Ave. Power Level 45.438027
	-------- Loop 16 (sock 1 consumed 84.016110, avg temp 41.500000, final temp 41 ) ------
	-------- Loop 16 (sock 2 consumed 92.676090, avg temp 36.333333, final temp 36 ) ------
Loop 17 <line-300> - Time 0.002076 Total energy consumed 0.131775 Ave. Power Level 63.484883
	-------- Loop 17 (sock 1 consumed 0.059205, avg temp 41.526316, final temp 42 ) ------
	-------- Loop 17 (sock 2 consumed 0.072570, avg temp 36.315789, final temp 36 ) ------
Loop 18 <line-147> - Time 0.000433 Total energy consumed 0.000000 Ave. Power Level 0.000000
	-------- Loop 18 (sock 1 consumed 0.000000, avg temp 42.000000, final temp 42 ) ------
	-------- Loop 18 (sock 2 consumed 0.000000, avg temp 37.000000, final temp 37 ) ------
Application(EnergyStat) - Time 32.335552 Total energy consumed 1693.605975 Ave. Power Level 52.375972 Final Temperature socket 1 : 43  socket 2 : 37 
