Memory used: 1.29297
Loading 32-bit binary file: pnnl.bin, numvertices: 2361670, numEdges: 191402826
File read time: 2.25042
Before allocating graph
Allocated graph: 0x1008550
Processing edges for vertex: 0, range(0, 166)
Processing edges for vertex: 100000, range(58444108, 58444133)
Processing edges for vertex: 200000, range(84376057, 84376362)
Processing edges for vertex: 300000, range(106069163, 106069503)
Processing edges for vertex: 400000, range(122097114, 122097513)
Processing edges for vertex: 500000, range(135096418, 135096483)
Processing edges for vertex: 600000, range(146097008, 146097061)
Processing edges for vertex: 700000, range(155415410, 155415531)
Processing edges for vertex: 800000, range(162595900, 162595989)
Processing edges for vertex: 900000, range(168508374, 168508464)
Processing edges for vertex: 1000000, range(173203321, 173203442)
Processing edges for vertex: 1100000, range(176935100, 176935110)
Processing edges for vertex: 1200000, range(179876260, 179876270)
Processing edges for vertex: 1300000, range(182240081, 182240092)
Processing edges for vertex: 1400000, range(184224513, 184224521)
Processing edges for vertex: 1500000, range(185795161, 185795170)
Processing edges for vertex: 1600000, range(187104124, 187104130)
Processing edges for vertex: 1700000, range(188148455, 188148461)
Processing edges for vertex: 1800000, range(188997836, 188997842)
Processing edges for vertex: 1900000, range(189691532, 189691535)
Processing edges for vertex: 2000000, range(190254658, 190254660)
Processing edges for vertex: 2100000, range(190705814, 190705822)
Processing edges for vertex: 2200000, range(191052755, 191052764)
Processing edges for vertex: 2300000, range(191302662, 191302663)
Graph populate time: 11.2148
Total I/O time: 13.4652
Running on: 16 threads
Loaded graph from file: pnnl.bin
Memory used: 2949.09
Maximum degree for the graph: 5520
Iteration: 0, conflicts: 23
Iteration: 1, conflicts: 0
Total number of colors used: 1191
Total number of conflicts overall: 0
Number of rounds: 2
SUCCESS: No conflicts found
Coloring time: 0.855787
Memory used: 2949.09
Number of reordered colors: 1023
End position for large colors: 0, node count: 550418, largest: 550418
Node count cutoff: 472334
e_xx: 1.15778e+08, a2_x: 6.39713e+11, currMod: 0.604873
e_xx: 1.57467e+08, a2_x: 6.40339e+11, currMod: 0.822681
e_xx: 1.64213e+08, a2_x: 5.20405e+11, currMod: 0.857928
e_xx: 1.66864e+08, a2_x: 5.19909e+11, currMod: 0.871782
e_xx: 1.68286e+08, a2_x: 5.27359e+11, currMod: 0.879208
currMod: 0.871782, prevMod: -1
Louvain time: 9.12919
numClusters: 203471, time: 0.1678
Next phase: 2
Memory used: 2949.09
End Structure 1280473 203471 vs 2762657
Build next level time: 4.43053
Iteration time: 13.7324
Memory used: 2949.09
e_xx: 1.68286e+08, a2_x: 5.27359e+11, currMod: 0.879208
e_xx: 1.79482e+08, a2_x: 2.99255e+11, currMod: 0.937711
e_xx: 1.86089e+08, a2_x: 2.7031e+11, currMod: 0.972229
e_xx: 1.82909e+08, a2_x: 2.81149e+11, currMod: 0.955617
currMod: 0.972229, prevMod: 0.871782
Louvain time: 1.38959
numClusters: 68693, time: 0.029606
Next phase: 3
Memory used: 2949.09
End Structure 706919 68693 vs 1482484
Build next level time: 0.251534
Iteration time: 1.67149
Memory used: 2949.09
e_xx: 1.86088e+08, a2_x: 2.69237e+11, currMod: 0.972264
e_xx: 1.87432e+08, a2_x: 1.30942e+11, currMod: 0.979289
e_xx: 1.87557e+08, a2_x: 1.05601e+11, currMod: 0.979942
e_xx: 1.87734e+08, a2_x: 1.13886e+11, currMod: 0.980869
e_xx: 1.87639e+08, a2_x: 1.40862e+11, currMod: 0.980372
currMod: 0.980869, prevMod: 0.972229
Louvain time: 0.99245
numClusters: 27317, time: 0.008917
Next phase: 4
Memory used: 2949.09
End Structure 210815 27317 vs 448947
Build next level time: 0.135256
Iteration time: 1.1371
Memory used: 2949.09
e_xx: 1.87734e+08, a2_x: 1.16717e+11, currMod: 0.980839
e_xx: 1.88115e+08, a2_x: 5.24568e+10, currMod: 0.98283
e_xx: 1.88136e+08, a2_x: 5.33576e+10, currMod: 0.98294
e_xx: 1.88135e+08, a2_x: 5.07841e+10, currMod: 0.982934
currMod: 0.98294, prevMod: 0.980869
Louvain time: 0.333053
numClusters: 22381, time: 0.005147
Next phase: 5
Memory used: 2949.09
End Structure 97486 22381 vs 217353
Build next level time: 0.051712
Iteration time: 0.390383
Memory used: 2949.09
e_xx: 1.88136e+08, a2_x: 5.40355e+10, currMod: 0.982935
e_xx: 1.88146e+08, a2_x: 2.39289e+10, currMod: 0.982987
e_xx: 1.88147e+08, a2_x: 7.46944e+09, currMod: 0.982992
e_xx: 1.88147e+08, a2_x: 1.79384e+10, currMod: 0.982994
e_xx: 1.88148e+08, a2_x: 9.09082e+09, currMod: 0.983
e_xx: 1.88149e+08, a2_x: 1.17079e+10, currMod: 0.983004
e_xx: 1.88149e+08, a2_x: 2.46833e+09, currMod: 0.983001
currMod: 0.983004, prevMod: 0.98294
Louvain time: 0.34615
numClusters: 21939, time: 0.004428
Next phase: 6
Memory used: 2949.09
End Structure 62840 21939 vs 147619
Build next level time: 0.031959
Iteration time: 0.382809
Memory used: 2949.09
e_xx: 1.88149e+08, a2_x: 1.27406e+10, currMod: 0.983003
e_xx: 1.8815e+08, a2_x: 7.13551e+09, currMod: 0.983007
e_xx: 1.8815e+08, a2_x: 7.13551e+09, currMod: 0.983007
currMod: 0.983007, prevMod: 0.983004
Louvain time: 0.092251
numClusters: 21921, time: 0.004332
Next phase: 7
Memory used: 2949.09
End Structure 61620 21921 vs 145161
Build next level time: 0.025709
Iteration time: 0.122734
Memory used: 2949.09
e_xx: 1.8815e+08, a2_x: 5.85249e+09, currMod: 0.983007
e_xx: 1.8815e+08, a2_x: 5.85249e+09, currMod: 0.983007
currMod: 0.983007, prevMod: 0.983007
Louvain time: 0.063492
numClusters: 21921, time: 0.004322
Maximum degree for the graph: 425
Iteration: 0, conflicts: 0
Total number of colors used: 183
Total number of conflicts overall: 0
Number of rounds: 1
SUCCESS: No conflicts found
Number of reordered colors: 179
End position for large colors: 0, node count: 21540, largest: 21540
Node count cutoff: 4385
e_xx: 1.8815e+08, a2_x: 5.85249e+09, currMod: 0.983007
End Structure 61620 21921 vs 145161
currMod: 0.983007, prevMod: 0.983007
numClusters: 21921
Total iteration time: 17.4369

Loop 0 <line-37> - Time 0.000728 Total energy consumed 0.000000 Ave. Power Level 0.000000
	-------- Loop 0 (sock 1 consumed 0.000000, avg temp 41.500000, final temp 42 ) ------
	-------- Loop 0 (sock 2 consumed 0.000000, avg temp 36.000000, final temp 36 ) ------
Loop 1 <line-54> - Time 0.000374 Total energy consumed 0.000000 Ave. Power Level 0.000000
	-------- Loop 1 (sock 1 consumed 0.000000, avg temp 42.000000, final temp 43 ) ------
	-------- Loop 1 (sock 2 consumed 0.000000, avg temp 36.500000, final temp 37 ) ------
Loop 2 <line-76> - Time 0.000365 Total energy consumed 0.000000 Ave. Power Level 0.000000
	-------- Loop 2 (sock 1 consumed 0.000000, avg temp 42.000000, final temp 43 ) ------
	-------- Loop 2 (sock 2 consumed 0.000000, avg temp 36.500000, final temp 37 ) ------
Loop 3 <line-170> - Time 0.510469 Total energy consumed 27.131715 Ave. Power Level 53.150599
	-------- Loop 3 (sock 1 consumed 14.322495, avg temp 42.000000, final temp 42 ) ------
	-------- Loop 3 (sock 2 consumed 12.809220, avg temp 36.000000, final temp 36 ) ------
Loop 4 <line-192> - Time 0.000308 Total energy consumed 0.000000 Ave. Power Level 0.000000
	-------- Loop 4 (sock 1 consumed 0.000000, avg temp 42.000000, final temp 42 ) ------
	-------- Loop 4 (sock 2 consumed 0.000000, avg temp 36.000000, final temp 36 ) ------
Loop 5 <line-222> - Time 0.189696 Total energy consumed 10.223910 Ave. Power Level 53.896332
	-------- Loop 5 (sock 1 consumed 5.495415, avg temp 41.500000, final temp 42 ) ------
	-------- Loop 5 (sock 2 consumed 4.728495, avg temp 36.000000, final temp 36 ) ------
Loop 6 <line-115> - Time 0.002434 Total energy consumed 0.044250 Ave. Power Level 18.181213
	-------- Loop 6 (sock 1 consumed 0.023580, avg temp 41.000000, final temp 41 ) ------
	-------- Loop 6 (sock 2 consumed 0.020670, avg temp 36.000000, final temp 36 ) ------
Loop 7 <line-334> - Time 0.448248 Total energy consumed 21.615765 Ave. Power Level 48.222801
	-------- Loop 7 (sock 1 consumed 11.475990, avg temp 41.875000, final temp 42 ) ------
	-------- Loop 7 (sock 2 consumed 10.139775, avg temp 35.875000, final temp 36 ) ------
Loop 8 <line-353> - Time 0.000689 Total energy consumed 0.094260 Ave. Power Level 136.807165
	-------- Loop 8 (sock 1 consumed 0.034545, avg temp 41.875000, final temp 42 ) ------
	-------- Loop 8 (sock 2 consumed 0.059715, avg temp 36.000000, final temp 36 ) ------
Loop 9 <line-375> - Time 0.001030 Total energy consumed 0.118890 Ave. Power Level 115.443100
	-------- Loop 9 (sock 1 consumed 0.080505, avg temp 42.000000, final temp 42 ) ------
	-------- Loop 9 (sock 2 consumed 0.038385, avg temp 36.125000, final temp 36 ) ------
Loop 10 <line-85> - Time 0.191628 Total energy consumed 15.064800 Ave. Power Level 78.614696
	-------- Loop 10 (sock 1 consumed 7.562160, avg temp 42.500000, final temp 42 ) ------
	-------- Loop 10 (sock 2 consumed 7.502640, avg temp 36.750000, final temp 37 ) ------
Loop 11 <line-131> - Time 0.003674 Total energy consumed 0.249405 Ave. Power Level 67.881579
	-------- Loop 11 (sock 1 consumed 0.127005, avg temp 42.000000, final temp 42 ) ------
	-------- Loop 11 (sock 2 consumed 0.122400, avg temp 37.000000, final temp 37 ) ------
Loop 12 <line-167> - Time 0.159225 Total energy consumed 12.487185 Ave. Power Level 78.425008
	-------- Loop 12 (sock 1 consumed 6.343905, avg temp 42.000000, final temp 42 ) ------
	-------- Loop 12 (sock 2 consumed 6.143280, avg temp 36.000000, final temp 36 ) ------
Loop 13 <line-213> - Time 5.453768 Total energy consumed 445.255875 Ave. Power Level 81.641874
	-------- Loop 13 (sock 1 consumed 225.781875, avg temp 43.500000, final temp 42 ) ------
	-------- Loop 13 (sock 2 consumed 219.474000, avg temp 38.000000, final temp 37 ) ------
Loop 14 <line-99> - Time 4.467071 Total energy consumed 224.831490 Ave. Power Level 50.330857
	-------- Loop 14 (sock 1 consumed 108.813375, avg temp 41.857143, final temp 41 ) ------
	-------- Loop 14 (sock 2 consumed 116.018115, avg temp 36.142857, final temp 36 ) ------
Loop 15 <line-160> - Time 0.134946 Total energy consumed 7.835940 Ave. Power Level 58.067172
	-------- Loop 15 (sock 1 consumed 3.845415, avg temp 41.571429, final temp 42 ) ------
	-------- Loop 15 (sock 2 consumed 3.990525, avg temp 36.285714, final temp 36 ) ------
Loop 16 <line-269> - Time 3.173431 Total energy consumed 145.667385 Ave. Power Level 45.902168
	-------- Loop 16 (sock 1 consumed 72.589800, avg temp 41.280000, final temp 42 ) ------
	-------- Loop 16 (sock 2 consumed 73.077585, avg temp 36.040000, final temp 36 ) ------
Loop 17 <line-300> - Time 0.012705 Total energy consumed 0.905295 Ave. Power Level 71.256162
	-------- Loop 17 (sock 1 consumed 0.437640, avg temp 41.263158, final temp 42 ) ------
	-------- Loop 17 (sock 2 consumed 0.467655, avg temp 36.105263, final temp 36 ) ------
Loop 18 <line-147> - Time 0.000490 Total energy consumed 0.047775 Ave. Power Level 97.479907
	-------- Loop 18 (sock 1 consumed 0.027765, avg temp 42.000000, final temp 42 ) ------
	-------- Loop 18 (sock 2 consumed 0.020010, avg temp 36.000000, final temp 36 ) ------
Application(EnergyStat) - Time 31.879611 Total energy consumed 1677.445230 Ave. Power Level 52.618122 Final Temperature socket 1 : 41  socket 2 : 36 
