Memory used: 1.28906
Loading 32-bit binary file: pnnl.bin, numvertices: 2361670, numEdges: 191402826
File read time: 2.25133
Before allocating graph
Allocated graph: 0x1a81550
Processing edges for vertex: 0, range(0, 166)
Processing edges for vertex: 100000, range(58444108, 58444133)
Processing edges for vertex: 200000, range(84376057, 84376362)
Processing edges for vertex: 300000, range(106069163, 106069503)
Processing edges for vertex: 400000, range(122097114, 122097513)
Processing edges for vertex: 500000, range(135096418, 135096483)
Processing edges for vertex: 600000, range(146097008, 146097061)
Processing edges for vertex: 700000, range(155415410, 155415531)
Processing edges for vertex: 800000, range(162595900, 162595989)
Processing edges for vertex: 900000, range(168508374, 168508464)
Processing edges for vertex: 1000000, range(173203321, 173203442)
Processing edges for vertex: 1100000, range(176935100, 176935110)
Processing edges for vertex: 1200000, range(179876260, 179876270)
Processing edges for vertex: 1300000, range(182240081, 182240092)
Processing edges for vertex: 1400000, range(184224513, 184224521)
Processing edges for vertex: 1500000, range(185795161, 185795170)
Processing edges for vertex: 1600000, range(187104124, 187104130)
Processing edges for vertex: 1700000, range(188148455, 188148461)
Processing edges for vertex: 1800000, range(188997836, 188997842)
Processing edges for vertex: 1900000, range(189691532, 189691535)
Processing edges for vertex: 2000000, range(190254658, 190254660)
Processing edges for vertex: 2100000, range(190705814, 190705822)
Processing edges for vertex: 2200000, range(191052755, 191052764)
Processing edges for vertex: 2300000, range(191302662, 191302663)
Graph populate time: 11.67
Total I/O time: 13.9213
Running on: 16 threads
Loaded graph from file: pnnl.bin
Memory used: 2949.09
Maximum degree for the graph: 5520
Iteration: 0, conflicts: 21
Iteration: 1, conflicts: 1
Iteration: 2, conflicts: 0
Total number of colors used: 1192
Total number of conflicts overall: 0
Number of rounds: 3
SUCCESS: No conflicts found
Coloring time: 0.859606
Memory used: 2949.09
Number of reordered colors: 1028
End position for large colors: 0, node count: 550762, largest: 550762
Node count cutoff: 472334
e_xx: 1.21851e+08, a2_x: 6.6697e+11, currMod: 0.636601
e_xx: 1.65252e+08, a2_x: 5.30341e+11, currMod: 0.86336
e_xx: 1.72303e+08, a2_x: 5.49015e+11, currMod: 0.900199
e_xx: 1.75282e+08, a2_x: 5.5231e+11, currMod: 0.915761
e_xx: 1.76598e+08, a2_x: 5.06691e+11, currMod: 0.922639
currMod: 0.915761, prevMod: -1
Louvain time: 9.12645
numClusters: 204250, time: 0.156352
Next phase: 2
Memory used: 2949.09
End Structure 1288282 204250 vs 2778947
Build next level time: 4.92536
Iteration time: 14.2126
Memory used: 2949.09
e_xx: 1.55279e+08, a2_x: 5.07877e+11, currMod: 0.912981
e_xx: 1.63514e+08, a2_x: 3.04984e+11, currMod: 0.96141
e_xx: 1.64643e+08, a2_x: 3.18807e+11, currMod: 0.968047
e_xx: 1.6496e+08, a2_x: 2.79393e+11, currMod: 0.969914
e_xx: 1.64989e+08, a2_x: 2.82791e+11, currMod: 0.970082
e_xx: 1.65089e+08, a2_x: 3.00271e+11, currMod: 0.970669
e_xx: 1.65113e+08, a2_x: 2.68443e+11, currMod: 0.970814
e_xx: 1.65202e+08, a2_x: 2.99476e+11, currMod: 0.971338
e_xx: 1.65238e+08, a2_x: 2.6587e+11, currMod: 0.97155
e_xx: 1.65327e+08, a2_x: 2.81068e+11, currMod: 0.972073
e_xx: 1.65319e+08, a2_x: 2.65232e+11, currMod: 0.972022
currMod: 0.972073, prevMod: 0.915761
Louvain time: 3.536
numClusters: 54009, time: 0.024218
Next phase: 3
Memory used: 2949.09
End Structure 552867 54009 vs 1159732
Build next level time: 0.250538
Iteration time: 3.81444
Memory used: 2949.09
e_xx: 1.65327e+08, a2_x: 2.82685e+11, currMod: 0.972045
e_xx: 1.66416e+08, a2_x: 6.45798e+10, currMod: 0.978452
e_xx: 1.66507e+08, a2_x: 4.7637e+10, currMod: 0.978989
e_xx: 1.66601e+08, a2_x: 6.05124e+10, currMod: 0.979542
e_xx: 1.66542e+08, a2_x: 5.73095e+10, currMod: 0.979194
currMod: 0.979542, prevMod: 0.972073
Louvain time: 0.827628
numClusters: 26072, time: 0.007936
Next phase: 4
Memory used: 2949.09
End Structure 189185 26072 vs 404441
Build next level time: 0.117339
Iteration time: 0.953401
Memory used: 2949.09
e_xx: 1.66601e+08, a2_x: 5.96476e+10, currMod: 0.979528
e_xx: 1.66802e+08, a2_x: 5.26374e+10, currMod: 0.980711
e_xx: 1.66822e+08, a2_x: 3.22575e+10, currMod: 0.980826
e_xx: 1.66834e+08, a2_x: 2.87377e+10, currMod: 0.9809
e_xx: 1.66836e+08, a2_x: 3.72748e+10, currMod: 0.980911
e_xx: 1.66836e+08, a2_x: 1.95948e+10, currMod: 0.980909
currMod: 0.980911, prevMod: 0.979542
Louvain time: 0.470783
numClusters: 22152, time: 0.005153
Next phase: 5
Memory used: 2949.09
End Structure 87234 22152 vs 196620
Build next level time: 0.050918
Iteration time: 0.527346
Memory used: 2949.09
e_xx: 1.66836e+08, a2_x: 3.76304e+10, currMod: 0.980908
e_xx: 1.66841e+08, a2_x: 2.06889e+10, currMod: 0.980937
e_xx: 1.66841e+08, a2_x: 1.67566e+10, currMod: 0.98094
e_xx: 1.66841e+08, a2_x: 1.29532e+10, currMod: 0.980939
currMod: 0.98094, prevMod: 0.980911
Louvain time: 0.178777
numClusters: 21969, time: 0.004525
Next phase: 6
Memory used: 2949.09
End Structure 72491 21969 vs 166951
Build next level time: 0.036164
Iteration time: 0.21976
Memory used: 2949.09
e_xx: 1.66841e+08, a2_x: 1.79467e+10, currMod: 0.98094
e_xx: 1.66841e+08, a2_x: 1.18448e+10, currMod: 0.98094
currMod: 0.98094, prevMod: 0.98094
Louvain time: 0.071621
numClusters: 21969, time: 0.004426
Maximum degree for the graph: 465
Iteration: 0, conflicts: 0
Total number of colors used: 177
Total number of conflicts overall: 0
Number of rounds: 1
SUCCESS: No conflicts found
Number of reordered colors: 173
End position for large colors: 0, node count: 21544, largest: 21544
Node count cutoff: 4394
e_xx: 1.66841e+08, a2_x: 1.18448e+10, currMod: 0.98094
End Structure 72084 21962 vs 166130
currMod: 0.98094, prevMod: 0.98094
numClusters: 21962
Total iteration time: 19.7276

Loop 0 <line-37> - Time 0.000732 Total energy consumed 0.000000 Ave. Power Level 0.000000
	-------- Loop 0 (sock 1 consumed 0.000000, avg temp 42.000000, final temp 42 ) ------
	-------- Loop 0 (sock 2 consumed 0.000000, avg temp 35.500000, final temp 36 ) ------
Loop 1 <line-54> - Time 0.000362 Total energy consumed 0.000000 Ave. Power Level 0.000000
	-------- Loop 1 (sock 1 consumed 0.000000, avg temp 42.000000, final temp 42 ) ------
	-------- Loop 1 (sock 2 consumed 0.000000, avg temp 35.500000, final temp 36 ) ------
Loop 2 <line-76> - Time 0.000378 Total energy consumed 0.000000 Ave. Power Level 0.000000
	-------- Loop 2 (sock 1 consumed 0.000000, avg temp 42.000000, final temp 42 ) ------
	-------- Loop 2 (sock 2 consumed 0.000000, avg temp 35.500000, final temp 36 ) ------
Loop 3 <line-170> - Time 0.490572 Total energy consumed 26.823390 Ave. Power Level 54.677778
	-------- Loop 3 (sock 1 consumed 14.337810, avg temp 41.250000, final temp 42 ) ------
	-------- Loop 3 (sock 2 consumed 12.485580, avg temp 36.000000, final temp 36 ) ------
Loop 4 <line-192> - Time 0.000350 Total energy consumed 0.000000 Ave. Power Level 0.000000
	-------- Loop 4 (sock 1 consumed 0.000000, avg temp 41.500000, final temp 42 ) ------
	-------- Loop 4 (sock 2 consumed 0.000000, avg temp 36.000000, final temp 36 ) ------
Loop 5 <line-222> - Time 0.208985 Total energy consumed 11.012775 Ave. Power Level 52.696452
	-------- Loop 5 (sock 1 consumed 4.862385, avg temp 41.500000, final temp 42 ) ------
	-------- Loop 5 (sock 2 consumed 6.150390, avg temp 35.500000, final temp 36 ) ------
Loop 6 <line-115> - Time 0.004872 Total energy consumed 0.301440 Ave. Power Level 61.870537
	-------- Loop 6 (sock 1 consumed 0.161850, avg temp 42.000000, final temp 43 ) ------
	-------- Loop 6 (sock 2 consumed 0.139590, avg temp 35.666667, final temp 36 ) ------
Loop 7 <line-334> - Time 0.454026 Total energy consumed 22.050375 Ave. Power Level 48.566331
	-------- Loop 7 (sock 1 consumed 10.588875, avg temp 42.000000, final temp 42 ) ------
	-------- Loop 7 (sock 2 consumed 11.461500, avg temp 36.142857, final temp 36 ) ------
Loop 8 <line-353> - Time 0.001298 Total energy consumed 0.043005 Ave. Power Level 33.137204
	-------- Loop 8 (sock 1 consumed 0.022365, avg temp 42.000000, final temp 42 ) ------
	-------- Loop 8 (sock 2 consumed 0.020640, avg temp 36.142857, final temp 36 ) ------
Loop 9 <line-375> - Time 0.000842 Total energy consumed 0.000000 Ave. Power Level 0.000000
	-------- Loop 9 (sock 1 consumed 0.000000, avg temp 42.000000, final temp 42 ) ------
	-------- Loop 9 (sock 2 consumed 0.000000, avg temp 36.142857, final temp 36 ) ------
Loop 10 <line-85> - Time 0.186139 Total energy consumed 14.684760 Ave. Power Level 78.891416
	-------- Loop 10 (sock 1 consumed 7.389255, avg temp 42.000000, final temp 42 ) ------
	-------- Loop 10 (sock 2 consumed 7.295505, avg temp 36.500000, final temp 36 ) ------
Loop 11 <line-131> - Time 0.003731 Total energy consumed 0.329100 Ave. Power Level 88.209658
	-------- Loop 11 (sock 1 consumed 0.167385, avg temp 41.500000, final temp 42 ) ------
	-------- Loop 11 (sock 2 consumed 0.161715, avg temp 36.500000, final temp 36 ) ------
Loop 12 <line-167> - Time 0.157882 Total energy consumed 12.516780 Ave. Power Level 79.279557
	-------- Loop 12 (sock 1 consumed 6.342585, avg temp 41.500000, final temp 42 ) ------
	-------- Loop 12 (sock 2 consumed 6.174195, avg temp 36.500000, final temp 36 ) ------
Loop 13 <line-213> - Time 5.344297 Total energy consumed 435.537075 Ave. Power Level 81.495677
	-------- Loop 13 (sock 1 consumed 220.450170, avg temp 43.166667, final temp 42 ) ------
	-------- Loop 13 (sock 2 consumed 215.086905, avg temp 37.833333, final temp 36 ) ------
Loop 14 <line-99> - Time 4.980620 Total energy consumed 246.824340 Ave. Power Level 49.556948
	-------- Loop 14 (sock 1 consumed 115.379505, avg temp 41.833333, final temp 42 ) ------
	-------- Loop 14 (sock 2 consumed 131.444835, avg temp 36.333333, final temp 36 ) ------
Loop 15 <line-160> - Time 0.116812 Total energy consumed 6.513930 Ave. Power Level 55.764272
	-------- Loop 15 (sock 1 consumed 3.219165, avg temp 41.666667, final temp 43 ) ------
	-------- Loop 15 (sock 2 consumed 3.294765, avg temp 36.166667, final temp 36 ) ------
Loop 16 <line-269> - Time 5.056686 Total energy consumed 233.082465 Ave. Power Level 46.093917
	-------- Loop 16 (sock 1 consumed 111.710310, avg temp 40.750000, final temp 41 ) ------
	-------- Loop 16 (sock 2 consumed 121.372155, avg temp 35.928571, final temp 36 ) ------
Loop 17 <line-300> - Time 0.002616 Total energy consumed 0.041775 Ave. Power Level 15.969440
	-------- Loop 17 (sock 1 consumed 0.019080, avg temp 40.695652, final temp 41 ) ------
	-------- Loop 17 (sock 2 consumed 0.022695, avg temp 35.913043, final temp 36 ) ------
Loop 18 <line-147> - Time 0.000433 Total energy consumed 0.000000 Ave. Power Level 0.000000
	-------- Loop 18 (sock 1 consumed 0.000000, avg temp 42.000000, final temp 42 ) ------
	-------- Loop 18 (sock 2 consumed 0.000000, avg temp 36.000000, final temp 36 ) ------
Application(EnergyStat) - Time 34.640843 Total energy consumed 1784.391285 Ave. Power Level 51.511197 Final Temperature socket 1 : 43  socket 2 : 36 
