Memory used: 1.29297
Loading 32-bit binary file: pnnl.bin, numvertices: 2361670, numEdges: 191402826
File read time: 2.24216
Before allocating graph
Allocated graph: 0xb92550
Processing edges for vertex: 0, range(0, 166)
Processing edges for vertex: 100000, range(58444108, 58444133)
Processing edges for vertex: 200000, range(84376057, 84376362)
Processing edges for vertex: 300000, range(106069163, 106069503)
Processing edges for vertex: 400000, range(122097114, 122097513)
Processing edges for vertex: 500000, range(135096418, 135096483)
Processing edges for vertex: 600000, range(146097008, 146097061)
Processing edges for vertex: 700000, range(155415410, 155415531)
Processing edges for vertex: 800000, range(162595900, 162595989)
Processing edges for vertex: 900000, range(168508374, 168508464)
Processing edges for vertex: 1000000, range(173203321, 173203442)
Processing edges for vertex: 1100000, range(176935100, 176935110)
Processing edges for vertex: 1200000, range(179876260, 179876270)
Processing edges for vertex: 1300000, range(182240081, 182240092)
Processing edges for vertex: 1400000, range(184224513, 184224521)
Processing edges for vertex: 1500000, range(185795161, 185795170)
Processing edges for vertex: 1600000, range(187104124, 187104130)
Processing edges for vertex: 1700000, range(188148455, 188148461)
Processing edges for vertex: 1800000, range(188997836, 188997842)
Processing edges for vertex: 1900000, range(189691532, 189691535)
Processing edges for vertex: 2000000, range(190254658, 190254660)
Processing edges for vertex: 2100000, range(190705814, 190705822)
Processing edges for vertex: 2200000, range(191052755, 191052764)
Processing edges for vertex: 2300000, range(191302662, 191302663)
Graph populate time: 11.217
Total I/O time: 13.4592
Running on: 16 threads
Loaded graph from file: pnnl.bin
Memory used: 2949.09
Maximum degree for the graph: 5520
Iteration: 0, conflicts: 38
Iteration: 1, conflicts: 2
Iteration: 2, conflicts: 0
Total number of colors used: 1192
Total number of conflicts overall: 0
Number of rounds: 3
SUCCESS: No conflicts found
Coloring time: 0.853685
Memory used: 2949.09
Number of reordered colors: 1016
End position for large colors: 0, node count: 550704, largest: 550704
Node count cutoff: 472334
e_xx: 1.21845e+08, a2_x: 5.95578e+11, currMod: 0.636575
e_xx: 1.6609e+08, a2_x: 5.99261e+11, currMod: 0.867736
e_xx: 1.72808e+08, a2_x: 5.53711e+11, currMod: 0.902833
e_xx: 1.75481e+08, a2_x: 5.60729e+11, currMod: 0.916802
e_xx: 1.76705e+08, a2_x: 5.27742e+11, currMod: 0.923196
currMod: 0.916802, prevMod: -1
Louvain time: 9.19805
numClusters: 203284, time: 0.149428
Next phase: 2
Memory used: 2949.09
End Structure 1253767 203284 vs 2708894
Build next level time: 4.7809
Iteration time: 14.1329
Memory used: 2949.09
e_xx: 1.58293e+08, a2_x: 5.27272e+11, currMod: 0.915058
e_xx: 1.66689e+08, a2_x: 2.91969e+11, currMod: 0.963604
e_xx: 1.6792e+08, a2_x: 3.0625e+11, currMod: 0.970722
e_xx: 1.68192e+08, a2_x: 2.3581e+11, currMod: 0.972297
e_xx: 1.68248e+08, a2_x: 2.25238e+11, currMod: 0.972619
e_xx: 1.68318e+08, a2_x: 2.06743e+11, currMod: 0.973022
e_xx: 1.68305e+08, a2_x: 2.27037e+11, currMod: 0.972949
currMod: 0.973022, prevMod: 0.916802
Louvain time: 2.19246
numClusters: 52878, time: 0.023059
Next phase: 3
Memory used: 2949.09
End Structure 503615 52878 vs 1060100
Build next level time: 0.249142
Iteration time: 2.46673
Memory used: 2949.09
e_xx: 1.68318e+08, a2_x: 2.06562e+11, currMod: 0.972997
e_xx: 1.69292e+08, a2_x: 8.99024e+10, currMod: 0.978636
e_xx: 1.69544e+08, a2_x: 2.84303e+10, currMod: 0.980092
e_xx: 1.69593e+08, a2_x: 2.86531e+10, currMod: 0.980377
e_xx: 1.69607e+08, a2_x: 3.57494e+10, currMod: 0.980456
e_xx: 1.69613e+08, a2_x: 4.0631e+10, currMod: 0.980489
e_xx: 1.69615e+08, a2_x: 3.63888e+10, currMod: 0.980503
e_xx: 1.69618e+08, a2_x: 3.42641e+10, currMod: 0.980521
e_xx: 1.69617e+08, a2_x: 3.60341e+10, currMod: 0.980516
currMod: 0.980521, prevMod: 0.973022
Louvain time: 1.29539
numClusters: 24379, time: 0.00719
Next phase: 4
Memory used: 2949.09
End Structure 160699 24379 vs 345777
Build next level time: 0.118402
Iteration time: 1.42153
Memory used: 2949.09
e_xx: 1.69618e+08, a2_x: 3.39801e+10, currMod: 0.980507
e_xx: 1.69694e+08, a2_x: -1.06401e+08, currMod: 0.980947
e_xx: 1.69697e+08, a2_x: 7.3572e+08, currMod: 0.980967
e_xx: 1.69699e+08, a2_x: 1.72595e+10, currMod: 0.980974
e_xx: 1.69698e+08, a2_x: 2.04542e+10, currMod: 0.980971
currMod: 0.980974, prevMod: 0.980521
Louvain time: 0.373427
numClusters: 22142, time: 0.004741
Next phase: 5
Memory used: 2949.09
End Structure 86673 22142 vs 195488
Build next level time: 0.041622
Iteration time: 0.420301
Memory used: 2949.09
e_xx: 1.69699e+08, a2_x: 1.99415e+10, currMod: 0.980973
e_xx: 1.69702e+08, a2_x: 3.5529e+10, currMod: 0.980991
e_xx: 1.69708e+08, a2_x: 2.54142e+10, currMod: 0.981024
e_xx: 1.69737e+08, a2_x: 1.07593e+10, currMod: 0.981196
e_xx: 1.6978e+08, a2_x: 1.59856e+10, currMod: 0.981441
e_xx: 1.69732e+08, a2_x: 6.55268e+09, currMod: 0.981168
currMod: 0.981441, prevMod: 0.980974
Louvain time: 0.268479
numClusters: 21966, time: 0.004383
Next phase: 6
Memory used: 2949.09
End Structure 67300 21966 vs 156566
Build next level time: 0.033425
Iteration time: 0.306557
Memory used: 2949.09
e_xx: 1.6978e+08, a2_x: 1.30688e+10, currMod: 0.981441
e_xx: 1.6978e+08, a2_x: 1.72294e+10, currMod: 0.981442
currMod: 0.981441, prevMod: 0.981441
Louvain time: 0.067402
numClusters: 21966, time: 0.004315
Maximum degree for the graph: 457
Iteration: 0, conflicts: 0
Total number of colors used: 168
Total number of conflicts overall: 0
Number of rounds: 1
SUCCESS: No conflicts found
Number of reordered colors: 167
End position for large colors: 0, node count: 21549, largest: 21549
Node count cutoff: 4394
e_xx: 1.6978e+08, a2_x: 1.23599e+10, currMod: 0.981441
End Structure 67116 21961 vs 156193
currMod: 0.981441, prevMod: 0.981441
numClusters: 21961
Total iteration time: 18.748

Loop 0 <line-37> - Time 0.000841 Total energy consumed 0.067740 Ave. Power Level 80.549267
	-------- Loop 0 (sock 1 consumed 0.024375, avg temp 41.500000, final temp 42 ) ------
	-------- Loop 0 (sock 2 consumed 0.043365, avg temp 35.500000, final temp 36 ) ------
Loop 1 <line-54> - Time 0.000388 Total energy consumed 0.000000 Ave. Power Level 0.000000
	-------- Loop 1 (sock 1 consumed 0.000000, avg temp 41.000000, final temp 41 ) ------
	-------- Loop 1 (sock 2 consumed 0.000000, avg temp 36.000000, final temp 36 ) ------
Loop 2 <line-76> - Time 0.000390 Total energy consumed 0.000000 Ave. Power Level 0.000000
	-------- Loop 2 (sock 1 consumed 0.000000, avg temp 41.000000, final temp 41 ) ------
	-------- Loop 2 (sock 2 consumed 0.000000, avg temp 36.000000, final temp 36 ) ------
Loop 3 <line-170> - Time 0.485827 Total energy consumed 26.467020 Ave. Power Level 54.478273
	-------- Loop 3 (sock 1 consumed 13.987680, avg temp 41.000000, final temp 41 ) ------
	-------- Loop 3 (sock 2 consumed 12.479340, avg temp 36.000000, final temp 36 ) ------
Loop 4 <line-192> - Time 0.000429 Total energy consumed 0.081465 Ave. Power Level 189.746492
	-------- Loop 4 (sock 1 consumed 0.041325, avg temp 41.000000, final temp 41 ) ------
	-------- Loop 4 (sock 2 consumed 0.040140, avg temp 36.000000, final temp 36 ) ------
Loop 5 <line-222> - Time 0.213226 Total energy consumed 11.187045 Ave. Power Level 52.465605
	-------- Loop 5 (sock 1 consumed 4.970805, avg temp 41.000000, final temp 41 ) ------
	-------- Loop 5 (sock 2 consumed 6.216240, avg temp 36.000000, final temp 36 ) ------
Loop 6 <line-115> - Time 0.003172 Total energy consumed 0.255600 Ave. Power Level 80.578831
	-------- Loop 6 (sock 1 consumed 0.165285, avg temp 41.500000, final temp 42 ) ------
	-------- Loop 6 (sock 2 consumed 0.090315, avg temp 36.166667, final temp 37 ) ------
Loop 7 <line-334> - Time 0.451680 Total energy consumed 21.183075 Ave. Power Level 46.898408
	-------- Loop 7 (sock 1 consumed 10.420605, avg temp 41.571429, final temp 41 ) ------
	-------- Loop 7 (sock 2 consumed 10.762470, avg temp 36.285714, final temp 36 ) ------
Loop 8 <line-353> - Time 0.000435 Total energy consumed 0.000000 Ave. Power Level 0.000000
	-------- Loop 8 (sock 1 consumed 0.000000, avg temp 41.571429, final temp 41 ) ------
	-------- Loop 8 (sock 2 consumed 0.000000, avg temp 36.285714, final temp 36 ) ------
Loop 9 <line-375> - Time 0.000871 Total energy consumed 0.000000 Ave. Power Level 0.000000
	-------- Loop 9 (sock 1 consumed 0.000000, avg temp 41.571429, final temp 41 ) ------
	-------- Loop 9 (sock 2 consumed 0.000000, avg temp 36.285714, final temp 36 ) ------
Loop 10 <line-85> - Time 0.188580 Total energy consumed 14.712990 Ave. Power Level 78.019928
	-------- Loop 10 (sock 1 consumed 7.430370, avg temp 41.250000, final temp 41 ) ------
	-------- Loop 10 (sock 2 consumed 7.282620, avg temp 36.500000, final temp 37 ) ------
Loop 11 <line-131> - Time 0.003882 Total energy consumed 0.370035 Ave. Power Level 95.325205
	-------- Loop 11 (sock 1 consumed 0.208350, avg temp 41.500000, final temp 41 ) ------
	-------- Loop 11 (sock 2 consumed 0.161685, avg temp 36.500000, final temp 37 ) ------
Loop 12 <line-167> - Time 0.159373 Total energy consumed 12.565785 Ave. Power Level 78.845157
	-------- Loop 12 (sock 1 consumed 6.345885, avg temp 42.000000, final temp 42 ) ------
	-------- Loop 12 (sock 2 consumed 6.219900, avg temp 37.000000, final temp 37 ) ------
Loop 13 <line-213> - Time 5.427198 Total energy consumed 441.269325 Ave. Power Level 81.307026
	-------- Loop 13 (sock 1 consumed 223.549710, avg temp 43.833333, final temp 42 ) ------
	-------- Loop 13 (sock 2 consumed 217.719615, avg temp 38.000000, final temp 36 ) ------
Loop 14 <line-99> - Time 4.854004 Total energy consumed 254.490105 Ave. Power Level 52.428907
	-------- Loop 14 (sock 1 consumed 129.591645, avg temp 41.666667, final temp 42 ) ------
	-------- Loop 14 (sock 2 consumed 124.898460, avg temp 36.500000, final temp 36 ) ------
Loop 15 <line-160> - Time 0.110053 Total energy consumed 6.318690 Ave. Power Level 57.414999
	-------- Loop 15 (sock 1 consumed 3.209175, avg temp 41.833333, final temp 42 ) ------
	-------- Loop 15 (sock 2 consumed 3.109515, avg temp 36.500000, final temp 36 ) ------
Loop 16 <line-269> - Time 4.172727 Total energy consumed 191.422920 Ave. Power Level 45.874779
	-------- Loop 16 (sock 1 consumed 90.897510, avg temp 41.241379, final temp 41 ) ------
	-------- Loop 16 (sock 2 consumed 100.525410, avg temp 36.172414, final temp 36 ) ------
Loop 17 <line-300> - Time 0.002311 Total energy consumed 0.084120 Ave. Power Level 36.399622
	-------- Loop 17 (sock 1 consumed 0.041415, avg temp 41.291667, final temp 41 ) ------
	-------- Loop 17 (sock 2 consumed 0.042705, avg temp 36.125000, final temp 36 ) ------
Loop 18 <line-147> - Time 0.000405 Total energy consumed 0.000000 Ave. Power Level 0.000000
	-------- Loop 18 (sock 1 consumed 0.000000, avg temp 42.000000, final temp 42 ) ------
	-------- Loop 18 (sock 2 consumed 0.000000, avg temp 36.000000, final temp 36 ) ------
Application(EnergyStat) - Time 33.188343 Total energy consumed 1745.965200 Ave. Power Level 52.607785 Final Temperature socket 1 : 41  socket 2 : 36 
