Memory used: 1.28906
Loading 32-bit binary file: pnnl.bin, numvertices: 2361670, numEdges: 191402826
File read time: 2.25072
Before allocating graph
Allocated graph: 0xf72550
Processing edges for vertex: 0, range(0, 166)
Processing edges for vertex: 100000, range(58444108, 58444133)
Processing edges for vertex: 200000, range(84376057, 84376362)
Processing edges for vertex: 300000, range(106069163, 106069503)
Processing edges for vertex: 400000, range(122097114, 122097513)
Processing edges for vertex: 500000, range(135096418, 135096483)
Processing edges for vertex: 600000, range(146097008, 146097061)
Processing edges for vertex: 700000, range(155415410, 155415531)
Processing edges for vertex: 800000, range(162595900, 162595989)
Processing edges for vertex: 900000, range(168508374, 168508464)
Processing edges for vertex: 1000000, range(173203321, 173203442)
Processing edges for vertex: 1100000, range(176935100, 176935110)
Processing edges for vertex: 1200000, range(179876260, 179876270)
Processing edges for vertex: 1300000, range(182240081, 182240092)
Processing edges for vertex: 1400000, range(184224513, 184224521)
Processing edges for vertex: 1500000, range(185795161, 185795170)
Processing edges for vertex: 1600000, range(187104124, 187104130)
Processing edges for vertex: 1700000, range(188148455, 188148461)
Processing edges for vertex: 1800000, range(188997836, 188997842)
Processing edges for vertex: 1900000, range(189691532, 189691535)
Processing edges for vertex: 2000000, range(190254658, 190254660)
Processing edges for vertex: 2100000, range(190705814, 190705822)
Processing edges for vertex: 2200000, range(191052755, 191052764)
Processing edges for vertex: 2300000, range(191302662, 191302663)
Graph populate time: 11.2266
Total I/O time: 13.4774
Running on: 16 threads
Loaded graph from file: pnnl.bin
Memory used: 2949.09
Maximum degree for the graph: 5520
Iteration: 0, conflicts: 48
Iteration: 1, conflicts: 9
Iteration: 2, conflicts: 5
Iteration: 3, conflicts: 4
Iteration: 4, conflicts: 3
Iteration: 5, conflicts: 1
Iteration: 6, conflicts: 0
Total number of colors used: 1188
Total number of conflicts overall: 0
Number of rounds: 7
SUCCESS: No conflicts found
Coloring time: 0.882645
Memory used: 2949.09
Number of reordered colors: 1030
End position for large colors: 0, node count: 550652, largest: 550652
Node count cutoff: 472334
e_xx: 1.13923e+08, a2_x: 6.57161e+11, currMod: 0.595181
e_xx: 1.60058e+08, a2_x: 5.60688e+11, currMod: 0.83622
e_xx: 1.68927e+08, a2_x: 5.40259e+11, currMod: 0.882557
e_xx: 1.71809e+08, a2_x: 5.25045e+11, currMod: 0.897617
e_xx: 1.72985e+08, a2_x: 4.86277e+11, currMod: 0.903761
currMod: 0.897617, prevMod: -1
Louvain time: 9.15853
numClusters: 204333, time: 0.150652
Next phase: 2
Memory used: 2949.09
End Structure 1289899 204333 vs 2782211
Build next level time: 4.86367
Iteration time: 14.1776
Memory used: 2949.09
e_xx: 1.698e+08, a2_x: 4.86317e+11, currMod: 0.902157
e_xx: 1.78337e+08, a2_x: 3.98906e+11, currMod: 0.947516
e_xx: 1.83205e+08, a2_x: 2.84819e+11, currMod: 0.973384
e_xx: 1.83532e+08, a2_x: 2.80155e+11, currMod: 0.975121
e_xx: 1.83586e+08, a2_x: 2.51924e+11, currMod: 0.975408
e_xx: 1.83679e+08, a2_x: 2.60926e+11, currMod: 0.975902
e_xx: 1.83658e+08, a2_x: 2.56918e+11, currMod: 0.975792
currMod: 0.975902, prevMod: 0.897617
Louvain time: 2.17416
numClusters: 53089, time: 0.023688
Next phase: 3
Memory used: 2949.09
End Structure 514961 53089 vs 1083000
Build next level time: 0.279232
Iteration time: 2.47793
Memory used: 2949.09
e_xx: 1.83678e+08, a2_x: 2.59716e+11, currMod: 0.9759
e_xx: 1.84627e+08, a2_x: 6.77621e+10, currMod: 0.980943
e_xx: 1.84621e+08, a2_x: 6.37916e+10, currMod: 0.980912
currMod: 0.980943, prevMod: 0.975902
Louvain time: 0.50811
numClusters: 32020, time: 0.009704
Next phase: 4
Memory used: 2949.09
End Structure 261142 32020 vs 554303
Build next level time: 0.097787
Iteration time: 0.616113
Memory used: 2949.09
e_xx: 1.84627e+08, a2_x: 6.9068e+10, currMod: 0.980929
e_xx: 1.84896e+08, a2_x: 5.34331e+10, currMod: 0.982363
e_xx: 1.8496e+08, a2_x: 3.62368e+10, currMod: 0.982703
e_xx: 1.8497e+08, a2_x: 2.13315e+10, currMod: 0.982755
e_xx: 1.8497e+08, a2_x: 5.17996e+10, currMod: 0.982754
currMod: 0.982755, prevMod: 0.980943
Louvain time: 0.46509
numClusters: 22482, time: 0.005514
Next phase: 5
Memory used: 2949.09
End Structure 103921 22482 vs 230324
Build next level time: 0.060795
Iteration time: 0.532217
Memory used: 2949.09
e_xx: 1.8497e+08, a2_x: 2.05216e+10, currMod: 0.982745
e_xx: 1.84984e+08, a2_x: 1.38749e+10, currMod: 0.982818
e_xx: 1.84985e+08, a2_x: 4.98422e+10, currMod: 0.982823
e_xx: 1.84985e+08, a2_x: 5.84698e+10, currMod: 0.982823
currMod: 0.982823, prevMod: 0.982755
Louvain time: 0.207397
numClusters: 22004, time: 0.004446
Next phase: 6
Memory used: 2949.09
End Structure 75788 22004 vs 173580
Build next level time: 0.036722
Iteration time: 0.248898
Memory used: 2949.09
e_xx: 1.84985e+08, a2_x: 5.14208e+10, currMod: 0.982822
e_xx: 1.84985e+08, a2_x: 5.16444e+10, currMod: 0.982825
e_xx: 1.84985e+08, a2_x: 6.19725e+10, currMod: 0.982824
currMod: 0.982825, prevMod: 0.982823
Louvain time: 0.113317
numClusters: 21967, time: 0.004355
Next phase: 7
Memory used: 2949.09
End Structure 72990 21967 vs 167947
Build next level time: 0.033738
Iteration time: 0.151694
Memory used: 2949.09
e_xx: 1.84985e+08, a2_x: 5.25254e+10, currMod: 0.982825
e_xx: 1.84985e+08, a2_x: 5.29819e+10, currMod: 0.982825
currMod: 0.982825, prevMod: 0.982825
Louvain time: 0.07359
numClusters: 21967, time: 0.004356
Maximum degree for the graph: 468
Iteration: 0, conflicts: 0
Total number of colors used: 176
Total number of conflicts overall: 0
Number of rounds: 1
SUCCESS: No conflicts found
Number of reordered colors: 174
End position for large colors: 0, node count: 21540, largest: 21540
Node count cutoff: 4394
e_xx: 1.84985e+08, a2_x: 5.29819e+10, currMod: 0.982825
End Structure 72915 21965 vs 167795
currMod: 0.982825, prevMod: 0.982825
numClusters: 21965
Total iteration time: 18.2045

Loop 0 <line-37> - Time 0.000746 Total energy consumed 0.044190 Ave. Power Level 59.257690
	-------- Loop 0 (sock 1 consumed 0.024315, avg temp 40.500000, final temp 41 ) ------
	-------- Loop 0 (sock 2 consumed 0.019875, avg temp 35.500000, final temp 36 ) ------
Loop 1 <line-54> - Time 0.001383 Total energy consumed 0.087675 Ave. Power Level 63.410245
	-------- Loop 1 (sock 1 consumed 0.033015, avg temp 41.000000, final temp 41 ) ------
	-------- Loop 1 (sock 2 consumed 0.054660, avg temp 36.000000, final temp 37 ) ------
Loop 2 <line-76> - Time 0.000366 Total energy consumed 0.000000 Ave. Power Level 0.000000
	-------- Loop 2 (sock 1 consumed 0.000000, avg temp 41.000000, final temp 41 ) ------
	-------- Loop 2 (sock 2 consumed 0.000000, avg temp 36.000000, final temp 37 ) ------
Loop 3 <line-170> - Time 0.510833 Total energy consumed 27.527235 Ave. Power Level 53.886977
	-------- Loop 3 (sock 1 consumed 14.133180, avg temp 41.125000, final temp 42 ) ------
	-------- Loop 3 (sock 2 consumed 13.394055, avg temp 37.000000, final temp 37 ) ------
Loop 4 <line-192> - Time 0.000299 Total energy consumed 0.000000 Ave. Power Level 0.000000
	-------- Loop 4 (sock 1 consumed 0.000000, avg temp 41.500000, final temp 42 ) ------
	-------- Loop 4 (sock 2 consumed 0.000000, avg temp 37.000000, final temp 37 ) ------
Loop 5 <line-222> - Time 0.216379 Total energy consumed 11.464035 Ave. Power Level 52.981364
	-------- Loop 5 (sock 1 consumed 4.879110, avg temp 41.000000, final temp 41 ) ------
	-------- Loop 5 (sock 2 consumed 6.584925, avg temp 36.500000, final temp 37 ) ------
Loop 6 <line-115> - Time 0.002628 Total energy consumed 0.000000 Ave. Power Level 0.000000
	-------- Loop 6 (sock 1 consumed 0.000000, avg temp 41.285714, final temp 41 ) ------
	-------- Loop 6 (sock 2 consumed 0.000000, avg temp 36.142857, final temp 36 ) ------
Loop 7 <line-334> - Time 0.453870 Total energy consumed 21.356685 Ave. Power Level 47.054596
	-------- Loop 7 (sock 1 consumed 10.710960, avg temp 41.375000, final temp 41 ) ------
	-------- Loop 7 (sock 2 consumed 10.645725, avg temp 36.375000, final temp 37 ) ------
Loop 8 <line-353> - Time 0.000433 Total energy consumed 0.000000 Ave. Power Level 0.000000
	-------- Loop 8 (sock 1 consumed 0.000000, avg temp 41.375000, final temp 41 ) ------
	-------- Loop 8 (sock 2 consumed 0.000000, avg temp 36.375000, final temp 37 ) ------
Loop 9 <line-375> - Time 0.001031 Total energy consumed 0.039255 Ave. Power Level 38.077233
	-------- Loop 9 (sock 1 consumed 0.000000, avg temp 41.500000, final temp 42 ) ------
	-------- Loop 9 (sock 2 consumed 0.039255, avg temp 36.375000, final temp 37 ) ------
Loop 10 <line-85> - Time 0.186516 Total energy consumed 14.631855 Ave. Power Level 78.448285
	-------- Loop 10 (sock 1 consumed 7.418430, avg temp 41.750000, final temp 42 ) ------
	-------- Loop 10 (sock 2 consumed 7.213425, avg temp 36.500000, final temp 36 ) ------
Loop 11 <line-131> - Time 0.003720 Total energy consumed 0.288390 Ave. Power Level 77.534615
	-------- Loop 11 (sock 1 consumed 0.126585, avg temp 42.000000, final temp 42 ) ------
	-------- Loop 11 (sock 2 consumed 0.161805, avg temp 36.500000, final temp 37 ) ------
Loop 12 <line-167> - Time 0.219145 Total energy consumed 17.070255 Ave. Power Level 77.894619
	-------- Loop 12 (sock 1 consumed 8.614245, avg temp 42.500000, final temp 42 ) ------
	-------- Loop 12 (sock 2 consumed 8.456010, avg temp 36.500000, final temp 37 ) ------
Loop 13 <line-213> - Time 5.439555 Total energy consumed 444.185775 Ave. Power Level 81.658480
	-------- Loop 13 (sock 1 consumed 226.002900, avg temp 43.666667, final temp 43 ) ------
	-------- Loop 13 (sock 2 consumed 218.182875, avg temp 38.166667, final temp 37 ) ------
Loop 14 <line-99> - Time 4.946201 Total energy consumed 249.148335 Ave. Power Level 50.371651
	-------- Loop 14 (sock 1 consumed 123.885990, avg temp 41.428571, final temp 42 ) ------
	-------- Loop 14 (sock 2 consumed 125.262345, avg temp 36.571429, final temp 37 ) ------
Loop 15 <line-160> - Time 0.136223 Total energy consumed 7.708035 Ave. Power Level 56.583998
	-------- Loop 15 (sock 1 consumed 3.789090, avg temp 41.571429, final temp 42 ) ------
	-------- Loop 15 (sock 2 consumed 3.918945, avg temp 36.428571, final temp 38 ) ------
Loop 16 <line-269> - Time 3.515571 Total energy consumed 162.627765 Ave. Power Level 46.259276
	-------- Loop 16 (sock 1 consumed 81.148590, avg temp 41.125000, final temp 41 ) ------
	-------- Loop 16 (sock 2 consumed 81.479175, avg temp 36.166667, final temp 37 ) ------
Loop 17 <line-300> - Time 0.001650 Total energy consumed 0.000000 Ave. Power Level 0.000000
	-------- Loop 17 (sock 1 consumed 0.000000, avg temp 41.166667, final temp 41 ) ------
	-------- Loop 17 (sock 2 consumed 0.000000, avg temp 36.055556, final temp 36 ) ------
Loop 18 <line-147> - Time 0.000426 Total energy consumed 0.000000 Ave. Power Level 0.000000
	-------- Loop 18 (sock 1 consumed 0.000000, avg temp 41.000000, final temp 41 ) ------
	-------- Loop 18 (sock 2 consumed 0.000000, avg temp 36.000000, final temp 36 ) ------
Application(EnergyStat) - Time 32.697630 Total energy consumed 1717.997190 Ave. Power Level 52.541948 Final Temperature socket 1 : 42  socket 2 : 36 
