Memory used: 1.29297
Loading 32-bit binary file: pnnl.bin, numvertices: 2361670, numEdges: 191402826
File read time: 2.20277
Before allocating graph
Allocated graph: 0x1ef4550
Processing edges for vertex: 0, range(0, 166)
Processing edges for vertex: 100000, range(58444108, 58444133)
Processing edges for vertex: 200000, range(84376057, 84376362)
Processing edges for vertex: 300000, range(106069163, 106069503)
Processing edges for vertex: 400000, range(122097114, 122097513)
Processing edges for vertex: 500000, range(135096418, 135096483)
Processing edges for vertex: 600000, range(146097008, 146097061)
Processing edges for vertex: 700000, range(155415410, 155415531)
Processing edges for vertex: 800000, range(162595900, 162595989)
Processing edges for vertex: 900000, range(168508374, 168508464)
Processing edges for vertex: 1000000, range(173203321, 173203442)
Processing edges for vertex: 1100000, range(176935100, 176935110)
Processing edges for vertex: 1200000, range(179876260, 179876270)
Processing edges for vertex: 1300000, range(182240081, 182240092)
Processing edges for vertex: 1400000, range(184224513, 184224521)
Processing edges for vertex: 1500000, range(185795161, 185795170)
Processing edges for vertex: 1600000, range(187104124, 187104130)
Processing edges for vertex: 1700000, range(188148455, 188148461)
Processing edges for vertex: 1800000, range(188997836, 188997842)
Processing edges for vertex: 1900000, range(189691532, 189691535)
Processing edges for vertex: 2000000, range(190254658, 190254660)
Processing edges for vertex: 2100000, range(190705814, 190705822)
Processing edges for vertex: 2200000, range(191052755, 191052764)
Processing edges for vertex: 2300000, range(191302662, 191302663)
Graph populate time: 11.2371
Total I/O time: 13.4399
Running on: 16 threads
Loaded graph from file: pnnl.bin
Memory used: 2949.09
Maximum degree for the graph: 5520
Iteration: 0, conflicts: 56
Iteration: 1, conflicts: 7
Iteration: 2, conflicts: 2
Iteration: 3, conflicts: 0
Total number of colors used: 1195
Total number of conflicts overall: 0
Number of rounds: 4
SUCCESS: No conflicts found
Coloring time: 0.936325
Memory used: 2949.09
Number of reordered colors: 1017
End position for large colors: 0, node count: 550349, largest: 550349
Node count cutoff: 472334
e_xx: 1.25586e+08, a2_x: 5.94633e+11, currMod: 0.656119
e_xx: 1.66432e+08, a2_x: 6.20101e+11, currMod: 0.869523
e_xx: 1.72742e+08, a2_x: 5.40749e+11, currMod: 0.902492
e_xx: 1.75288e+08, a2_x: 5.14843e+11, currMod: 0.915795
e_xx: 1.76572e+08, a2_x: 5.72445e+11, currMod: 0.922498
currMod: 0.915795, prevMod: -1
Louvain time: 9.24807
numClusters: 204147, time: 0.168348
Next phase: 2
Memory used: 2949.09
End Structure 1300093 204147 vs 2802643
Build next level time: 6.21622
Iteration time: 15.6376
Memory used: 2949.09
e_xx: 1.56934e+08, a2_x: 5.75015e+11, currMod: 0.913677
e_xx: 1.65398e+08, a2_x: 3.22674e+11, currMod: 0.962963
e_xx: 1.66701e+08, a2_x: 3.19017e+11, currMod: 0.970547
e_xx: 1.67104e+08, a2_x: 2.57907e+11, currMod: 0.972898
e_xx: 1.67194e+08, a2_x: 2.62291e+11, currMod: 0.973423
e_xx: 1.67311e+08, a2_x: 2.51453e+11, currMod: 0.974103
e_xx: 1.67328e+08, a2_x: 2.45564e+11, currMod: 0.974204
e_xx: 1.67405e+08, a2_x: 2.45746e+11, currMod: 0.974648
e_xx: 1.67379e+08, a2_x: 2.4885e+11, currMod: 0.9745
currMod: 0.974648, prevMod: 0.915795
Louvain time: 2.81509
numClusters: 47046, time: 0.021952
Next phase: 3
Memory used: 2949.09
End Structure 417031 47046 vs 881098
Build next level time: 0.327898
Iteration time: 3.1658
Memory used: 2949.09
e_xx: 1.67404e+08, a2_x: 2.45513e+11, currMod: 0.974614
e_xx: 1.68239e+08, a2_x: 1.27531e+11, currMod: 0.979479
e_xx: 1.68334e+08, a2_x: 7.3603e+10, currMod: 0.980029
e_xx: 1.68382e+08, a2_x: 8.53258e+10, currMod: 0.98031
e_xx: 1.68353e+08, a2_x: 1.10346e+11, currMod: 0.980139
currMod: 0.98031, prevMod: 0.974648
Louvain time: 0.71739
numClusters: 24664, time: 0.00722
Next phase: 4
Memory used: 2949.09
End Structure 159654 24664 vs 343971
Build next level time: 0.088156
Iteration time: 0.813249
Memory used: 2949.09
e_xx: 1.68382e+08, a2_x: 8.70554e+10, currMod: 0.9803
e_xx: 1.68536e+08, a2_x: 1.93906e+10, currMod: 0.981198
e_xx: 1.68541e+08, a2_x: 2.80568e+10, currMod: 0.981227
e_xx: 1.68542e+08, a2_x: 4.50946e+10, currMod: 0.981236
e_xx: 1.68542e+08, a2_x: 3.98192e+10, currMod: 0.981235
currMod: 0.981236, prevMod: 0.98031
Louvain time: 0.377919
numClusters: 22199, time: 0.004787
Next phase: 5
Memory used: 2949.09
End Structure 91871 22199 vs 205941
Build next level time: 0.043957
Iteration time: 0.427111
Memory used: 2949.09
e_xx: 1.68542e+08, a2_x: 4.46329e+10, currMod: 0.981234
e_xx: 1.68546e+08, a2_x: 4.78847e+10, currMod: 0.981254
e_xx: 1.68546e+08, a2_x: 4.58323e+10, currMod: 0.981255
e_xx: 1.68546e+08, a2_x: 5.27752e+10, currMod: 0.981254
currMod: 0.981255, prevMod: 0.981236
Louvain time: 0.181402
numClusters: 22031, time: 0.004382
Next phase: 6
Memory used: 2949.09
End Structure 77942 22031 vs 177915
Build next level time: 0.034991
Iteration time: 0.221061
Memory used: 2949.09
e_xx: 1.68546e+08, a2_x: 4.59958e+10, currMod: 0.981255
e_xx: 1.68546e+08, a2_x: 4.15203e+10, currMod: 0.981256
currMod: 0.981255, prevMod: 0.981255
Louvain time: 0.078197
numClusters: 22031, time: 0.004362
Maximum degree for the graph: 518
Iteration: 0, conflicts: 0
Total number of colors used: 177
Total number of conflicts overall: 0
Number of rounds: 1
SUCCESS: No conflicts found
Number of reordered colors: 173
End position for large colors: 0, node count: 21587, largest: 21587
Node count cutoff: 4407
e_xx: 1.68624e+08, a2_x: 1.28491e+10, currMod: 0.981708
e_xx: 1.68654e+08, a2_x: 1.52845e+10, currMod: 0.981887
e_xx: 1.68693e+08, a2_x: 1.20126e+10, currMod: 0.982112
e_xx: 1.68693e+08, a2_x: 1.39273e+10, currMod: 0.982115
e_xx: 1.7117e+08, a2_x: -7.3158e+09, currMod: 0.996535
e_xx: 1.71152e+08, a2_x: -1.25397e+10, currMod: 0.99643
End Structure 2038 21643 vs 25719
currMod: 0.996535, prevMod: 0.981255
numClusters: 21643
Total iteration time: 20.2648

Loop 0 <line-37> - Time 0.000717 Total energy consumed 0.068145 Ave. Power Level 95.097812
	-------- Loop 0 (sock 1 consumed 0.048420, avg temp 41.500000, final temp 42 ) ------
	-------- Loop 0 (sock 2 consumed 0.019725, avg temp 36.500000, final temp 37 ) ------
Loop 1 <line-54> - Time 0.000368 Total energy consumed 0.000000 Ave. Power Level 0.000000
	-------- Loop 1 (sock 1 consumed 0.000000, avg temp 41.500000, final temp 42 ) ------
	-------- Loop 1 (sock 2 consumed 0.000000, avg temp 36.000000, final temp 36 ) ------
Loop 2 <line-76> - Time 0.000362 Total energy consumed 0.000000 Ave. Power Level 0.000000
	-------- Loop 2 (sock 1 consumed 0.000000, avg temp 41.500000, final temp 42 ) ------
	-------- Loop 2 (sock 2 consumed 0.000000, avg temp 36.000000, final temp 36 ) ------
Loop 3 <line-170> - Time 0.529739 Total energy consumed 27.767355 Ave. Power Level 52.417051
	-------- Loop 3 (sock 1 consumed 14.532345, avg temp 41.200000, final temp 42 ) ------
	-------- Loop 3 (sock 2 consumed 13.235010, avg temp 36.800000, final temp 36 ) ------
Loop 4 <line-192> - Time 0.000445 Total energy consumed 0.081150 Ave. Power Level 182.382092
	-------- Loop 4 (sock 1 consumed 0.041160, avg temp 41.500000, final temp 42 ) ------
	-------- Loop 4 (sock 2 consumed 0.039990, avg temp 37.000000, final temp 37 ) ------
Loop 5 <line-222> - Time 0.252476 Total energy consumed 12.808890 Ave. Power Level 50.733122
	-------- Loop 5 (sock 1 consumed 5.730345, avg temp 41.500000, final temp 42 ) ------
	-------- Loop 5 (sock 2 consumed 7.078545, avg temp 36.500000, final temp 37 ) ------
Loop 6 <line-115> - Time 0.002134 Total energy consumed 0.043725 Ave. Power Level 20.487147
	-------- Loop 6 (sock 1 consumed 0.023865, avg temp 41.500000, final temp 42 ) ------
	-------- Loop 6 (sock 2 consumed 0.019860, avg temp 36.833333, final temp 37 ) ------
Loop 7 <line-334> - Time 0.433975 Total energy consumed 21.234900 Ave. Power Level 48.931165
	-------- Loop 7 (sock 1 consumed 11.667330, avg temp 41.571429, final temp 42 ) ------
	-------- Loop 7 (sock 2 consumed 9.567570, avg temp 36.571429, final temp 37 ) ------
Loop 8 <line-353> - Time 0.000492 Total energy consumed 0.000000 Ave. Power Level 0.000000
	-------- Loop 8 (sock 1 consumed 0.000000, avg temp 41.571429, final temp 42 ) ------
	-------- Loop 8 (sock 2 consumed 0.000000, avg temp 36.571429, final temp 37 ) ------
Loop 9 <line-375> - Time 0.000876 Total energy consumed 0.000000 Ave. Power Level 0.000000
	-------- Loop 9 (sock 1 consumed 0.000000, avg temp 41.571429, final temp 42 ) ------
	-------- Loop 9 (sock 2 consumed 0.000000, avg temp 36.571429, final temp 37 ) ------
Loop 10 <line-85> - Time 0.186793 Total energy consumed 14.682405 Ave. Power Level 78.602426
	-------- Loop 10 (sock 1 consumed 7.429950, avg temp 42.250000, final temp 42 ) ------
	-------- Loop 10 (sock 2 consumed 7.252455, avg temp 36.500000, final temp 37 ) ------
Loop 11 <line-131> - Time 0.003686 Total energy consumed 0.326550 Ave. Power Level 88.590504
	-------- Loop 11 (sock 1 consumed 0.166125, avg temp 42.500000, final temp 42 ) ------
	-------- Loop 11 (sock 2 consumed 0.160425, avg temp 37.000000, final temp 37 ) ------
Loop 12 <line-167> - Time 0.251897 Total energy consumed 19.950780 Ave. Power Level 79.202271
	-------- Loop 12 (sock 1 consumed 10.103535, avg temp 42.500000, final temp 42 ) ------
	-------- Loop 12 (sock 2 consumed 9.847245, avg temp 37.000000, final temp 37 ) ------
Loop 13 <line-213> - Time 5.329130 Total energy consumed 434.640600 Ave. Power Level 81.559398
	-------- Loop 13 (sock 1 consumed 221.421450, avg temp 43.363636, final temp 43 ) ------
	-------- Loop 13 (sock 2 consumed 213.219150, avg temp 37.909091, final temp 37 ) ------
Loop 14 <line-99> - Time 6.319325 Total energy consumed 318.009750 Ave. Power Level 50.323376
	-------- Loop 14 (sock 1 consumed 164.588625, avg temp 41.833333, final temp 43 ) ------
	-------- Loop 14 (sock 2 consumed 153.421125, avg temp 36.833333, final temp 37 ) ------
Loop 15 <line-160> - Time 0.108293 Total energy consumed 6.317565 Ave. Power Level 58.337708
	-------- Loop 15 (sock 1 consumed 3.219885, avg temp 42.000000, final temp 42 ) ------
	-------- Loop 15 (sock 2 consumed 3.097680, avg temp 36.833333, final temp 37 ) ------
Loop 16 <line-269> - Time 4.145980 Total energy consumed 190.428195 Ave. Power Level 45.930803
	-------- Loop 16 (sock 1 consumed 90.013020, avg temp 41.120000, final temp 42 ) ------
	-------- Loop 16 (sock 2 consumed 100.415175, avg temp 36.440000, final temp 37 ) ------
Loop 17 <line-300> - Time 0.002080 Total energy consumed 0.000000 Ave. Power Level 0.000000
	-------- Loop 17 (sock 1 consumed 0.000000, avg temp 41.100000, final temp 42 ) ------
	-------- Loop 17 (sock 2 consumed 0.000000, avg temp 36.500000, final temp 36 ) ------
Loop 18 <line-147> - Time 0.000416 Total energy consumed 0.000000 Ave. Power Level 0.000000
	-------- Loop 18 (sock 1 consumed 0.000000, avg temp 42.000000, final temp 42 ) ------
	-------- Loop 18 (sock 2 consumed 0.000000, avg temp 37.000000, final temp 37 ) ------
Application(EnergyStat) - Time 34.783715 Total energy consumed 1818.957210 Ave. Power Level 52.293356 Final Temperature socket 1 : 42  socket 2 : 37 
