Memory used: 1.29688
Loading 32-bit binary file: pnnl.bin, numvertices: 2361670, numEdges: 191402826
File read time: 2.25241
Before allocating graph
Allocated graph: 0x2393550
Processing edges for vertex: 0, range(0, 166)
Processing edges for vertex: 100000, range(58444108, 58444133)
Processing edges for vertex: 200000, range(84376057, 84376362)
Processing edges for vertex: 300000, range(106069163, 106069503)
Processing edges for vertex: 400000, range(122097114, 122097513)
Processing edges for vertex: 500000, range(135096418, 135096483)
Processing edges for vertex: 600000, range(146097008, 146097061)
Processing edges for vertex: 700000, range(155415410, 155415531)
Processing edges for vertex: 800000, range(162595900, 162595989)
Processing edges for vertex: 900000, range(168508374, 168508464)
Processing edges for vertex: 1000000, range(173203321, 173203442)
Processing edges for vertex: 1100000, range(176935100, 176935110)
Processing edges for vertex: 1200000, range(179876260, 179876270)
Processing edges for vertex: 1300000, range(182240081, 182240092)
Processing edges for vertex: 1400000, range(184224513, 184224521)
Processing edges for vertex: 1500000, range(185795161, 185795170)
Processing edges for vertex: 1600000, range(187104124, 187104130)
Processing edges for vertex: 1700000, range(188148455, 188148461)
Processing edges for vertex: 1800000, range(188997836, 188997842)
Processing edges for vertex: 1900000, range(189691532, 189691535)
Processing edges for vertex: 2000000, range(190254658, 190254660)
Processing edges for vertex: 2100000, range(190705814, 190705822)
Processing edges for vertex: 2200000, range(191052755, 191052764)
Processing edges for vertex: 2300000, range(191302662, 191302663)
Graph populate time: 11.2401
Total I/O time: 13.4926
Running on: 16 threads
Loaded graph from file: pnnl.bin
Memory used: 2949.1
Maximum degree for the graph: 5520
Iteration: 0, conflicts: 51
Iteration: 1, conflicts: 12
Iteration: 2, conflicts: 5
Iteration: 3, conflicts: 3
Iteration: 4, conflicts: 1
Iteration: 5, conflicts: 0
Total number of colors used: 1191
Total number of conflicts overall: 0
Number of rounds: 6
SUCCESS: No conflicts found
Coloring time: 0.897678
Memory used: 2949.1
Number of reordered colors: 1016
End position for large colors: 0, node count: 550354, largest: 550354
Node count cutoff: 472334
e_xx: 1.16216e+08, a2_x: 7.30255e+11, currMod: 0.607162
e_xx: 1.60783e+08, a2_x: 5.92122e+11, currMod: 0.840009
e_xx: 1.67642e+08, a2_x: 5.3799e+11, currMod: 0.875843
e_xx: 1.70163e+08, a2_x: 5.51194e+11, currMod: 0.889016
e_xx: 1.71295e+08, a2_x: 5.34024e+11, currMod: 0.89493
currMod: 0.889016, prevMod: -1
Louvain time: 9.03432
numClusters: 203547, time: 0.168454
Next phase: 2
Memory used: 2949.1
End Structure 1259799 203547 vs 2721097
Build next level time: 5.03705
Iteration time: 14.2444
Memory used: 2949.1
e_xx: 1.6662e+08, a2_x: 5.33557e+11, currMod: 0.892326
e_xx: 1.79249e+08, a2_x: 3.57213e+11, currMod: 0.959971
e_xx: 1.80898e+08, a2_x: 2.74813e+11, currMod: 0.968804
e_xx: 1.82082e+08, a2_x: 2.68672e+11, currMod: 0.975145
e_xx: 1.82136e+08, a2_x: 2.37456e+11, currMod: 0.975434
e_xx: 1.82241e+08, a2_x: 2.33029e+11, currMod: 0.975997
e_xx: 1.82212e+08, a2_x: 2.27471e+11, currMod: 0.975843
currMod: 0.975997, prevMod: 0.889016
Louvain time: 2.2285
numClusters: 52677, time: 0.023752
Next phase: 3
Memory used: 2949.1
End Structure 504288 52677 vs 1061241
Build next level time: 0.260339
Iteration time: 2.51336
Memory used: 2949.1
e_xx: 1.8224e+08, a2_x: 2.3173e+11, currMod: 0.975989
e_xx: 1.83146e+08, a2_x: 5.35025e+10, currMod: 0.980847
e_xx: 1.83182e+08, a2_x: 6.55833e+10, currMod: 0.981036
e_xx: 1.83303e+08, a2_x: 5.93635e+10, currMod: 0.981685
e_xx: 1.83221e+08, a2_x: 4.19124e+10, currMod: 0.981245
currMod: 0.981685, prevMod: 0.975997
Louvain time: 0.783485
numClusters: 25482, time: 0.0076
Next phase: 4
Memory used: 2949.1
End Structure 170032 25482 vs 365545
Build next level time: 0.104909
Iteration time: 0.896507
Memory used: 2949.1
e_xx: 1.83303e+08, a2_x: 6.06438e+10, currMod: 0.981665
e_xx: 1.8354e+08, a2_x: 1.69934e+10, currMod: 0.982933
e_xx: 1.83545e+08, a2_x: -1.90101e+10, currMod: 0.982965
e_xx: 1.83547e+08, a2_x: -2.2373e+10, currMod: 0.982974
e_xx: 1.83546e+08, a2_x: -2.80522e+10, currMod: 0.982969
currMod: 0.982974, prevMod: 0.981685
Louvain time: 0.36664
numClusters: 22171, time: 0.004915
Next phase: 5
Memory used: 2949.1
End Structure 84796 22171 vs 191763
Build next level time: 0.042469
Iteration time: 0.414469
Memory used: 2949.1
e_xx: 1.83547e+08, a2_x: -2.1563e+10, currMod: 0.982971
e_xx: 1.83554e+08, a2_x: 3.82558e+07, currMod: 0.983006
e_xx: 1.83554e+08, a2_x: -5.90316e+09, currMod: 0.983009
e_xx: 1.83554e+08, a2_x: -9.64176e+09, currMod: 0.983009
currMod: 0.983009, prevMod: 0.982974
Louvain time: 0.175949
numClusters: 21985, time: 0.004385
Next phase: 6
Memory used: 2949.1
End Structure 71080 21985 vs 164145
Build next level time: 0.034614
Iteration time: 0.215223
Memory used: 2949.1
e_xx: 1.83554e+08, a2_x: -5.05748e+09, currMod: 0.983009
e_xx: 1.83554e+08, a2_x: -1.09025e+10, currMod: 0.98301
currMod: 0.983009, prevMod: 0.983009
Louvain time: 0.078141
numClusters: 21985, time: 0.004329
Maximum degree for the graph: 471
Iteration: 0, conflicts: 0
Total number of colors used: 175
Total number of conflicts overall: 0
Number of rounds: 1
SUCCESS: No conflicts found
Number of reordered colors: 173
End position for large colors: 0, node count: 21565, largest: 21565
Node count cutoff: 4397
e_xx: 1.83613e+08, a2_x: -8.04826e+09, currMod: 0.983324
e_xx: 1.83619e+08, a2_x: -1.16516e+10, currMod: 0.983354
e_xx: 1.84607e+08, a2_x: 4.36251e+09, currMod: 0.988647
e_xx: 1.84664e+08, a2_x: 6.21545e+09, currMod: 0.988952
e_xx: 1.86294e+08, a2_x: -1.96551e+09, currMod: 0.99768
e_xx: 1.86089e+08, a2_x: -3.91872e+08, currMod: 0.996584
End Structure 710 21594 vs 23014
currMod: 0.99768, prevMod: 0.983009
numClusters: 21594
Total iteration time: 18.284

Loop 0 <line-37> - Time 0.000780 Total energy consumed 0.044400 Ave. Power Level 56.942788
	-------- Loop 0 (sock 1 consumed 0.024420, avg temp 42.000000, final temp 43 ) ------
	-------- Loop 0 (sock 2 consumed 0.019980, avg temp 36.500000, final temp 37 ) ------
Loop 1 <line-54> - Time 0.000367 Total energy consumed 0.000000 Ave. Power Level 0.000000
	-------- Loop 1 (sock 1 consumed 0.000000, avg temp 41.500000, final temp 42 ) ------
	-------- Loop 1 (sock 2 consumed 0.000000, avg temp 36.500000, final temp 37 ) ------
Loop 2 <line-76> - Time 0.000366 Total energy consumed 0.000000 Ave. Power Level 0.000000
	-------- Loop 2 (sock 1 consumed 0.000000, avg temp 41.500000, final temp 42 ) ------
	-------- Loop 2 (sock 2 consumed 0.000000, avg temp 36.500000, final temp 37 ) ------
Loop 3 <line-170> - Time 0.555097 Total energy consumed 28.976160 Ave. Power Level 52.200156
	-------- Loop 3 (sock 1 consumed 13.693230, avg temp 41.285714, final temp 43 ) ------
	-------- Loop 3 (sock 2 consumed 15.282930, avg temp 37.000000, final temp 37 ) ------
Loop 4 <line-192> - Time 0.000315 Total energy consumed 0.000000 Ave. Power Level 0.000000
	-------- Loop 4 (sock 1 consumed 0.000000, avg temp 42.000000, final temp 43 ) ------
	-------- Loop 4 (sock 2 consumed 0.000000, avg temp 37.000000, final temp 37 ) ------
Loop 5 <line-222> - Time 0.187574 Total energy consumed 10.238340 Ave. Power Level 54.583014
	-------- Loop 5 (sock 1 consumed 5.135400, avg temp 41.500000, final temp 43 ) ------
	-------- Loop 5 (sock 2 consumed 5.102940, avg temp 36.500000, final temp 37 ) ------
Loop 6 <line-115> - Time 0.002049 Total energy consumed 0.000000 Ave. Power Level 0.000000
	-------- Loop 6 (sock 1 consumed 0.000000, avg temp 41.666667, final temp 42 ) ------
	-------- Loop 6 (sock 2 consumed 0.000000, avg temp 36.500000, final temp 36 ) ------
Loop 7 <line-334> - Time 0.451726 Total energy consumed 22.039980 Ave. Power Level 48.790585
	-------- Loop 7 (sock 1 consumed 11.071755, avg temp 42.000000, final temp 43 ) ------
	-------- Loop 7 (sock 2 consumed 10.968225, avg temp 37.142857, final temp 37 ) ------
Loop 8 <line-353> - Time 0.000529 Total energy consumed 0.000000 Ave. Power Level 0.000000
	-------- Loop 8 (sock 1 consumed 0.000000, avg temp 42.000000, final temp 43 ) ------
	-------- Loop 8 (sock 2 consumed 0.000000, avg temp 37.142857, final temp 37 ) ------
Loop 9 <line-375> - Time 0.000906 Total energy consumed 0.000000 Ave. Power Level 0.000000
	-------- Loop 9 (sock 1 consumed 0.000000, avg temp 42.000000, final temp 43 ) ------
	-------- Loop 9 (sock 2 consumed 0.000000, avg temp 37.142857, final temp 37 ) ------
Loop 10 <line-85> - Time 0.186527 Total energy consumed 14.663205 Ave. Power Level 78.611540
	-------- Loop 10 (sock 1 consumed 7.378215, avg temp 42.500000, final temp 43 ) ------
	-------- Loop 10 (sock 2 consumed 7.284990, avg temp 36.750000, final temp 37 ) ------
Loop 11 <line-131> - Time 0.003828 Total energy consumed 0.329370 Ave. Power Level 86.036521
	-------- Loop 11 (sock 1 consumed 0.167085, avg temp 42.500000, final temp 43 ) ------
	-------- Loop 11 (sock 2 consumed 0.162285, avg temp 36.500000, final temp 37 ) ------
Loop 12 <line-167> - Time 0.163899 Total energy consumed 12.960990 Ave. Power Level 79.079098
	-------- Loop 12 (sock 1 consumed 6.586620, avg temp 41.500000, final temp 42 ) ------
	-------- Loop 12 (sock 2 consumed 6.374370, avg temp 37.500000, final temp 37 ) ------
Loop 13 <line-213> - Time 5.362079 Total energy consumed 436.440015 Ave. Power Level 81.393805
	-------- Loop 13 (sock 1 consumed 221.579085, avg temp 43.454545, final temp 43 ) ------
	-------- Loop 13 (sock 2 consumed 214.860930, avg temp 38.000000, final temp 38 ) ------
Loop 14 <line-99> - Time 5.062422 Total energy consumed 252.681210 Ave. Power Level 49.913107
	-------- Loop 14 (sock 1 consumed 122.176380, avg temp 42.666667, final temp 43 ) ------
	-------- Loop 14 (sock 2 consumed 130.504830, avg temp 36.666667, final temp 37 ) ------
Loop 15 <line-160> - Time 0.111637 Total energy consumed 6.369990 Ave. Power Level 57.059934
	-------- Loop 15 (sock 1 consumed 3.096000, avg temp 42.666667, final temp 43 ) ------
	-------- Loop 15 (sock 2 consumed 3.273990, avg temp 36.666667, final temp 37 ) ------
Loop 16 <line-269> - Time 3.609075 Total energy consumed 165.239250 Ave. Power Level 45.784372
	-------- Loop 16 (sock 1 consumed 81.021285, avg temp 41.913043, final temp 42 ) ------
	-------- Loop 16 (sock 2 consumed 84.217965, avg temp 36.521739, final temp 36 ) ------
Loop 17 <line-300> - Time 0.001723 Total energy consumed 0.000000 Ave. Power Level 0.000000
	-------- Loop 17 (sock 1 consumed 0.000000, avg temp 41.888889, final temp 42 ) ------
	-------- Loop 17 (sock 2 consumed 0.000000, avg temp 36.555556, final temp 38 ) ------
Loop 18 <line-147> - Time 0.000422 Total energy consumed 0.000000 Ave. Power Level 0.000000
	-------- Loop 18 (sock 1 consumed 0.000000, avg temp 43.000000, final temp 43 ) ------
	-------- Loop 18 (sock 2 consumed 0.000000, avg temp 37.000000, final temp 37 ) ------
Application(EnergyStat) - Time 32.813132 Total energy consumed 1714.747170 Ave. Power Level 52.257954 Final Temperature socket 1 : 43  socket 2 : 38 
