Memory used: 1.29297
Loading 32-bit binary file: pnnl.bin, numvertices: 2361670, numEdges: 191402826
File read time: 2.25307
Before allocating graph
Allocated graph: 0x1a3e550
Processing edges for vertex: 0, range(0, 166)
Processing edges for vertex: 100000, range(58444108, 58444133)
Processing edges for vertex: 200000, range(84376057, 84376362)
Processing edges for vertex: 300000, range(106069163, 106069503)
Processing edges for vertex: 400000, range(122097114, 122097513)
Processing edges for vertex: 500000, range(135096418, 135096483)
Processing edges for vertex: 600000, range(146097008, 146097061)
Processing edges for vertex: 700000, range(155415410, 155415531)
Processing edges for vertex: 800000, range(162595900, 162595989)
Processing edges for vertex: 900000, range(168508374, 168508464)
Processing edges for vertex: 1000000, range(173203321, 173203442)
Processing edges for vertex: 1100000, range(176935100, 176935110)
Processing edges for vertex: 1200000, range(179876260, 179876270)
Processing edges for vertex: 1300000, range(182240081, 182240092)
Processing edges for vertex: 1400000, range(184224513, 184224521)
Processing edges for vertex: 1500000, range(185795161, 185795170)
Processing edges for vertex: 1600000, range(187104124, 187104130)
Processing edges for vertex: 1700000, range(188148455, 188148461)
Processing edges for vertex: 1800000, range(188997836, 188997842)
Processing edges for vertex: 1900000, range(189691532, 189691535)
Processing edges for vertex: 2000000, range(190254658, 190254660)
Processing edges for vertex: 2100000, range(190705814, 190705822)
Processing edges for vertex: 2200000, range(191052755, 191052764)
Processing edges for vertex: 2300000, range(191302662, 191302663)
Graph populate time: 11.2346
Total I/O time: 13.4877
Running on: 16 threads
Loaded graph from file: pnnl.bin
Memory used: 2949.09
Maximum degree for the graph: 5520
Iteration: 0, conflicts: 43
Iteration: 1, conflicts: 12
Iteration: 2, conflicts: 6
Iteration: 3, conflicts: 3
Iteration: 4, conflicts: 1
Iteration: 5, conflicts: 0
Total number of colors used: 1196
Total number of conflicts overall: 0
Number of rounds: 6
SUCCESS: No conflicts found
Coloring time: 0.881555
Memory used: 2949.09
Number of reordered colors: 1019
End position for large colors: 0, node count: 550412, largest: 550412
Node count cutoff: 472334
e_xx: 1.19696e+08, a2_x: 6.50886e+11, currMod: 0.625345
e_xx: 1.64227e+08, a2_x: 5.91998e+11, currMod: 0.858001
e_xx: 1.7188e+08, a2_x: 5.33517e+11, currMod: 0.897984
e_xx: 1.74757e+08, a2_x: 5.04748e+11, currMod: 0.91302
e_xx: 1.76436e+08, a2_x: 4.9198e+11, currMod: 0.921792
currMod: 0.91302, prevMod: -1
Louvain time: 9.28248
numClusters: 204863, time: 0.168806
Next phase: 2
Memory used: 2949.09
End Structure 1317951 204863 vs 2839032
Build next level time: 5.21286
Iteration time: 14.6685
Memory used: 2949.09
e_xx: 1.57822e+08, a2_x: 4.91047e+11, currMod: 0.913403
e_xx: 1.66232e+08, a2_x: 2.72059e+11, currMod: 0.962082
e_xx: 1.67452e+08, a2_x: 2.91902e+11, currMod: 0.969141
e_xx: 1.67818e+08, a2_x: 2.65611e+11, currMod: 0.971263
e_xx: 1.67882e+08, a2_x: 2.77709e+11, currMod: 0.971633
e_xx: 1.67991e+08, a2_x: 2.5928e+11, currMod: 0.972266
e_xx: 1.6797e+08, a2_x: 2.63997e+11, currMod: 0.97214
currMod: 0.972266, prevMod: 0.91302
Louvain time: 2.44497
numClusters: 57059, time: 0.025006
Next phase: 3
Memory used: 2949.09
End Structure 611216 57059 vs 1279477
Build next level time: 0.251743
Iteration time: 2.72259
Memory used: 2949.09
e_xx: 1.67991e+08, a2_x: 2.61223e+11, currMod: 0.972244
e_xx: 1.6895e+08, a2_x: 8.34556e+10, currMod: 0.9778
e_xx: 1.69155e+08, a2_x: 7.88962e+10, currMod: 0.978983
e_xx: 1.69243e+08, a2_x: 1.0273e+11, currMod: 0.979494
e_xx: 1.69243e+08, a2_x: 1.09437e+11, currMod: 0.979493
currMod: 0.979494, prevMod: 0.972266
Louvain time: 0.902775
numClusters: 26554, time: 0.008037
Next phase: 4
Memory used: 2949.09
End Structure 200717 26554 vs 427987
Build next level time: 0.120949
Iteration time: 1.03228
Memory used: 2949.09
e_xx: 1.69243e+08, a2_x: 1.00756e+11, currMod: 0.979479
e_xx: 1.69353e+08, a2_x: 1.59627e+10, currMod: 0.980116
e_xx: 1.6936e+08, a2_x: 3.0726e+10, currMod: 0.98016
e_xx: 1.6936e+08, a2_x: 1.66913e+10, currMod: 0.980161
currMod: 0.98016, prevMod: 0.979494
Louvain time: 0.378133
numClusters: 22319, time: 0.00504
Next phase: 5
Memory used: 2949.09
End Structure 98309 22319 vs 218937
Build next level time: 0.046061
Iteration time: 0.429832
Memory used: 2949.09
e_xx: 1.6936e+08, a2_x: 2.89473e+10, currMod: 0.980158
e_xx: 1.69364e+08, a2_x: 4.31353e+10, currMod: 0.980176
e_xx: 1.69363e+08, a2_x: 3.71376e+10, currMod: 0.980174
currMod: 0.980176, prevMod: 0.98016
Louvain time: 0.160199
numClusters: 22057, time: 0.004399
Next phase: 6
Memory used: 2949.09
End Structure 88121 22057 vs 198299
Build next level time: 0.038982
Iteration time: 0.203841
Memory used: 2949.09
e_xx: 1.69364e+08, a2_x: 4.43291e+10, currMod: 0.980176
e_xx: 1.69364e+08, a2_x: 3.70642e+10, currMod: 0.980179
e_xx: 1.69364e+08, a2_x: 3.74246e+10, currMod: 0.980179
currMod: 0.980179, prevMod: 0.980176
Louvain time: 0.131636
numClusters: 22008, time: 0.004375
Next phase: 7
Memory used: 2949.09
End Structure 84772 22008 vs 191552
Build next level time: 0.038623
Iteration time: 0.174908
Memory used: 2949.09
e_xx: 1.69364e+08, a2_x: 3.75758e+10, currMod: 0.980178
e_xx: 1.69364e+08, a2_x: 3.85482e+10, currMod: 0.980179
currMod: 0.980179, prevMod: 0.980179
Louvain time: 0.08473
numClusters: 22008, time: 0.004338
Maximum degree for the graph: 506
Iteration: 0, conflicts: 0
Total number of colors used: 182
Total number of conflicts overall: 0
Number of rounds: 1
SUCCESS: No conflicts found
Number of reordered colors: 180
End position for large colors: 0, node count: 21539, largest: 21539
Node count cutoff: 4402
e_xx: 1.69364e+08, a2_x: 3.29276e+10, currMod: 0.980179
End Structure 81791 21990 vs 185572
currMod: 0.980179, prevMod: 0.980179
numClusters: 21990
Total iteration time: 19.232

Loop 0 <line-37> - Time 0.000759 Total energy consumed 0.043680 Ave. Power Level 57.577703
	-------- Loop 0 (sock 1 consumed 0.023760, avg temp 40.000000, final temp 40 ) ------
	-------- Loop 0 (sock 2 consumed 0.019920, avg temp 35.500000, final temp 36 ) ------
Loop 1 <line-54> - Time 0.000366 Total energy consumed 0.000000 Ave. Power Level 0.000000
	-------- Loop 1 (sock 1 consumed 0.000000, avg temp 40.000000, final temp 40 ) ------
	-------- Loop 1 (sock 2 consumed 0.000000, avg temp 35.500000, final temp 36 ) ------
Loop 2 <line-76> - Time 0.000369 Total energy consumed 0.000000 Ave. Power Level 0.000000
	-------- Loop 2 (sock 1 consumed 0.000000, avg temp 40.000000, final temp 40 ) ------
	-------- Loop 2 (sock 2 consumed 0.000000, avg temp 35.500000, final temp 36 ) ------
Loop 3 <line-170> - Time 0.511575 Total energy consumed 27.281445 Ave. Power Level 53.328386
	-------- Loop 3 (sock 1 consumed 14.599260, avg temp 41.857143, final temp 41 ) ------
	-------- Loop 3 (sock 2 consumed 12.682185, avg temp 36.000000, final temp 36 ) ------
Loop 4 <line-192> - Time 0.000330 Total energy consumed 0.000000 Ave. Power Level 0.000000
	-------- Loop 4 (sock 1 consumed 0.000000, avg temp 41.500000, final temp 41 ) ------
	-------- Loop 4 (sock 2 consumed 0.000000, avg temp 36.000000, final temp 36 ) ------
Loop 5 <line-222> - Time 0.214788 Total energy consumed 11.353785 Ave. Power Level 52.860411
	-------- Loop 5 (sock 1 consumed 5.019090, avg temp 40.500000, final temp 41 ) ------
	-------- Loop 5 (sock 2 consumed 6.334695, avg temp 36.000000, final temp 36 ) ------
Loop 6 <line-115> - Time 0.002384 Total energy consumed 0.043215 Ave. Power Level 18.127554
	-------- Loop 6 (sock 1 consumed 0.023490, avg temp 40.714286, final temp 41 ) ------
	-------- Loop 6 (sock 2 consumed 0.019725, avg temp 36.428571, final temp 37 ) ------
Loop 7 <line-334> - Time 0.457353 Total energy consumed 22.049415 Ave. Power Level 48.210967
	-------- Loop 7 (sock 1 consumed 10.998480, avg temp 40.750000, final temp 41 ) ------
	-------- Loop 7 (sock 2 consumed 11.050935, avg temp 36.375000, final temp 37 ) ------
Loop 8 <line-353> - Time 0.000480 Total energy consumed 0.000000 Ave. Power Level 0.000000
	-------- Loop 8 (sock 1 consumed 0.000000, avg temp 40.750000, final temp 41 ) ------
	-------- Loop 8 (sock 2 consumed 0.000000, avg temp 36.375000, final temp 37 ) ------
Loop 9 <line-375> - Time 0.001026 Total energy consumed 0.079740 Ave. Power Level 77.724222
	-------- Loop 9 (sock 1 consumed 0.040335, avg temp 40.875000, final temp 41 ) ------
	-------- Loop 9 (sock 2 consumed 0.039405, avg temp 36.500000, final temp 37 ) ------
Loop 10 <line-85> - Time 0.190070 Total energy consumed 15.055305 Ave. Power Level 79.209449
	-------- Loop 10 (sock 1 consumed 7.628880, avg temp 42.000000, final temp 42 ) ------
	-------- Loop 10 (sock 2 consumed 7.426425, avg temp 36.500000, final temp 37 ) ------
Loop 11 <line-131> - Time 0.003682 Total energy consumed 0.281985 Ave. Power Level 76.587025
	-------- Loop 11 (sock 1 consumed 0.123570, avg temp 42.500000, final temp 42 ) ------
	-------- Loop 11 (sock 2 consumed 0.158415, avg temp 36.500000, final temp 37 ) ------
Loop 12 <line-167> - Time 0.255034 Total energy consumed 20.069295 Ave. Power Level 78.692753
	-------- Loop 12 (sock 1 consumed 10.183950, avg temp 41.500000, final temp 41 ) ------
	-------- Loop 12 (sock 2 consumed 9.885345, avg temp 36.500000, final temp 36 ) ------
Loop 13 <line-213> - Time 5.413031 Total energy consumed 440.853690 Ave. Power Level 81.443038
	-------- Loop 13 (sock 1 consumed 225.514275, avg temp 43.500000, final temp 42 ) ------
	-------- Loop 13 (sock 2 consumed 215.339415, avg temp 38.500000, final temp 37 ) ------
Loop 14 <line-99> - Time 5.251989 Total energy consumed 261.043695 Ave. Power Level 49.703776
	-------- Loop 14 (sock 1 consumed 124.993410, avg temp 40.571429, final temp 40 ) ------
	-------- Loop 14 (sock 2 consumed 136.050285, avg temp 36.428571, final temp 37 ) ------
Loop 15 <line-160> - Time 0.142135 Total energy consumed 8.153250 Ave. Power Level 57.362742
	-------- Loop 15 (sock 1 consumed 3.970110, avg temp 40.571429, final temp 40 ) ------
	-------- Loop 15 (sock 2 consumed 4.183140, avg temp 36.428571, final temp 37 ) ------
Loop 16 <line-269> - Time 4.075656 Total energy consumed 186.064215 Ave. Power Level 45.652582
	-------- Loop 16 (sock 1 consumed 90.686490, avg temp 40.375000, final temp 41 ) ------
	-------- Loop 16 (sock 2 consumed 95.377725, avg temp 36.250000, final temp 36 ) ------
Loop 17 <line-300> - Time 0.001733 Total energy consumed 0.000000 Ave. Power Level 0.000000
	-------- Loop 17 (sock 1 consumed 0.000000, avg temp 40.277778, final temp 41 ) ------
	-------- Loop 17 (sock 2 consumed 0.000000, avg temp 36.333333, final temp 36 ) ------
Loop 18 <line-147> - Time 0.000406 Total energy consumed 0.000000 Ave. Power Level 0.000000
	-------- Loop 18 (sock 1 consumed 0.000000, avg temp 40.000000, final temp 40 ) ------
	-------- Loop 18 (sock 2 consumed 0.000000, avg temp 36.000000, final temp 36 ) ------
Application(EnergyStat) - Time 33.755340 Total energy consumed 1760.952090 Ave. Power Level 52.168104 Final Temperature socket 1 : 41  socket 2 : 36 
