MiniFE Mini-App, OpenMP Peer Implementation
Creating OpenMP Thread Pool...
Counted: 8 threads.
Running MiniFE Mini-App...
      creating/filling mesh...0.32247s, total time: 0.32247
generating matrix structure...14.6764s, total time: 14.9988
         assembling FE data...12.529s, total time: 27.5279
      imposing Dirichlet BC...6.14903s, total time: 33.6769
      imposing Dirichlet BC...3.48527s, total time: 37.1622
making matrix indices local...9.53674e-07s, total time: 37.1622
Starting CG solver ... 
Initial Residual = 301.002
Iteration = 20   Residual = 0.0582628
Iteration = 40   Residual = 0.026277
Iteration = 60   Residual = 0.0165495
Iteration = 80   Residual = 0.01135
Iteration = 100   Residual = 0.0448937
Iteration = 120   Residual = 0.00643412
Iteration = 140   Residual = 0.00499619
Iteration = 160   Residual = 0.00392131
Iteration = 180   Residual = 0.00515284
Iteration = 200   Residual = 0.00273892
Final Resid Norm: 0.00273892

Loop 0 <line-186> - Time 14.676789 Total energy consumed 808.760805 Ave. Power Level 55.104750 Memory 68952 MemoryRefresh 24670
	-------- Loop 0 (sock 1 consumed 444.141330, avg temp 53.000000, final temp 53 ) ------
	-------- Loop 0 (sock 2 consumed 364.619475, avg temp 40.000000, final temp 40 ) ------
Loop 1 <line-202> - Time 12.529483 Total energy consumed 1130.859150 Ave. Power Level 90.255851 Memory 22235 MemoryRefresh 21796
	-------- Loop 1 (sock 1 consumed 560.947590, avg temp 55.000000, final temp 55 ) ------
	-------- Loop 1 (sock 2 consumed 569.911560, avg temp 46.000000, final temp 46 ) ------
Loop 2 <line-487> - Time 9.579518 Total energy consumed 754.102890 Ave. Power Level 78.720338 Memory 10912 MemoryRefresh 16560
	-------- Loop 2 (sock 1 consumed 369.927135, avg temp 52.000000, final temp 54 ) ------
	-------- Loop 2 (sock 2 consumed 384.175755, avg temp 43.000000, final temp 45 ) ------
Loop 3 <line-535> - Time 29.377503 Total energy consumed 3439.702890 Ave. Power Level 117.086290 Memory 3367875 MemoryRefresh 48728
	-------- Loop 3 (sock 1 consumed 1721.752635, avg temp 57.338308, final temp 59 ) ------
	-------- Loop 3 (sock 2 consumed 1717.950255, avg temp 47.373134, final temp 48 ) ------
Application(EnergyStat) - Time 82.737938 Total energy consumed 7741.463130 Ave. Power Level 93.566063 Memory 4620092 MemoryRefresh 138994 Final Temperature socket 1 : 58  socket 2 : 48 
	 ParallelApplication(EnergyStat) - Time 66.163294 Total energy consumed 6133.425735 Ave. Power Level 92.701336 Memory 3469974 MemoryRefresh 111754
MiniFE Mini-App, OpenMP Peer Implementation
Creating OpenMP Thread Pool...
Counted: 8 threads.
Running MiniFE Mini-App...
      creating/filling mesh...0.322672s, total time: 0.322672
generating matrix structure...14.6844s, total time: 15.0071
         assembling FE data...12.5116s, total time: 27.5187
      imposing Dirichlet BC...9.12716s, total time: 36.6458
      imposing Dirichlet BC...3.48434s, total time: 40.1302
making matrix indices local...0s, total time: 40.1302
Starting CG solver ... 
Initial Residual = 301.002
Iteration = 20   Residual = 0.0582628
Iteration = 40   Residual = 0.026277
Iteration = 60   Residual = 0.0165495
Iteration = 80   Residual = 0.01135
Iteration = 100   Residual = 0.0448937
Iteration = 120   Residual = 0.00643412
Iteration = 140   Residual = 0.00499619
Iteration = 160   Residual = 0.00392131
Iteration = 180   Residual = 0.00515284
Iteration = 200   Residual = 0.00273892
Final Resid Norm: 0.00273892

Loop 0 <line-186> - Time 14.684809 Total energy consumed 808.950390 Ave. Power Level 55.087566 Memory 69055 MemoryRefresh 24680
	-------- Loop 0 (sock 1 consumed 445.479345, avg temp 55.000000, final temp 55 ) ------
	-------- Loop 0 (sock 2 consumed 363.471045, avg temp 40.000000, final temp 40 ) ------
Loop 1 <line-202> - Time 12.511999 Total energy consumed 1135.027005 Ave. Power Level 90.715082 Memory 22249 MemoryRefresh 21764
	-------- Loop 1 (sock 1 consumed 563.840505, avg temp 57.000000, final temp 57 ) ------
	-------- Loop 1 (sock 2 consumed 571.186500, avg temp 46.000000, final temp 46 ) ------
Loop 2 <line-487> - Time 12.556724 Total energy consumed 943.179480 Ave. Power Level 75.113497 Memory 11799 MemoryRefresh 21596
	-------- Loop 2 (sock 1 consumed 459.339615, avg temp 53.500000, final temp 56 ) ------
	-------- Loop 2 (sock 2 consumed 483.839865, avg temp 43.500000, final temp 45 ) ------
Loop 3 <line-535> - Time 29.423459 Total energy consumed 3449.031600 Ave. Power Level 117.220465 Memory 2249496100 MemoryRefresh 48798
	-------- Loop 3 (sock 1 consumed 1725.460305, avg temp 58.601990, final temp 59 ) ------
	-------- Loop 3 (sock 2 consumed 1723.571295, avg temp 48.597015, final temp 50 ) ------
Application(EnergyStat) - Time 85.774140 Total energy consumed 7951.497555 Ave. Power Level 92.702737 Memory 3317403474 MemoryRefresh 144158 Final Temperature socket 1 : 59  socket 2 : 49 
	 ParallelApplication(EnergyStat) - Time 69.176992 Total energy consumed 6336.188475 Ave. Power Level 91.593871 Memory 2249599203 MemoryRefresh 116838
MiniFE Mini-App, OpenMP Peer Implementation
Creating OpenMP Thread Pool...
Counted: 8 threads.
Running MiniFE Mini-App...
      creating/filling mesh...0.325328s, total time: 0.325328
generating matrix structure...14.6716s, total time: 14.997
         assembling FE data...12.5889s, total time: 27.5859
      imposing Dirichlet BC...6.1752s, total time: 33.7611
      imposing Dirichlet BC...3.48519s, total time: 37.2462
making matrix indices local...0s, total time: 37.2462
Starting CG solver ... 
Initial Residual = 301.002
Iteration = 20   Residual = 0.0582628
Iteration = 40   Residual = 0.026277
Iteration = 60   Residual = 0.0165495
Iteration = 80   Residual = 0.01135
Iteration = 100   Residual = 0.0448937
Iteration = 120   Residual = 0.00643412
Iteration = 140   Residual = 0.00499619
Iteration = 160   Residual = 0.00392131
Iteration = 180   Residual = 0.00515284
Iteration = 200   Residual = 0.00273892
Final Resid Norm: 0.00273892

Loop 0 <line-186> - Time 14.672100 Total energy consumed 812.306475 Ave. Power Level 55.364021 Memory 69124 MemoryRefresh 24662
	-------- Loop 0 (sock 1 consumed 446.845830, avg temp 56.000000, final temp 56 ) ------
	-------- Loop 0 (sock 2 consumed 365.460645, avg temp 41.000000, final temp 41 ) ------
Loop 1 <line-202> - Time 12.589320 Total energy consumed 1146.110835 Ave. Power Level 91.038344 Memory 22233 MemoryRefresh 21900
	-------- Loop 1 (sock 1 consumed 568.937385, avg temp 58.000000, final temp 58 ) ------
	-------- Loop 1 (sock 2 consumed 577.173450, avg temp 47.000000, final temp 47 ) ------
Loop 2 <line-487> - Time 9.604697 Total energy consumed 760.565985 Ave. Power Level 79.186881 Memory 11071 MemoryRefresh 16604
	-------- Loop 2 (sock 1 consumed 373.045260, avg temp 54.000000, final temp 56 ) ------
	-------- Loop 2 (sock 2 consumed 387.520725, avg temp 44.500000, final temp 46 ) ------
Loop 3 <line-535> - Time 29.399494 Total energy consumed 3450.430275 Ave. Power Level 117.363594 Memory 3369147 MemoryRefresh 48789
	-------- Loop 3 (sock 1 consumed 1723.153380, avg temp 59.164179, final temp 60 ) ------
	-------- Loop 3 (sock 2 consumed 1727.276895, avg temp 49.218905, final temp 50 ) ------
Application(EnergyStat) - Time 82.814613 Total energy consumed 7779.013185 Ave. Power Level 93.932857 Memory 4623106 MemoryRefresh 139134 Final Temperature socket 1 : 59  socket 2 : 50 
	 ParallelApplication(EnergyStat) - Time 66.265611 Total energy consumed 6169.413570 Ave. Power Level 93.101285 Memory 3471575 MemoryRefresh 111955
MiniFE Mini-App, OpenMP Peer Implementation
Creating OpenMP Thread Pool...
Counted: 8 threads.
Running MiniFE Mini-App...
      creating/filling mesh...0.325311s, total time: 0.325311
generating matrix structure...14.6746s, total time: 14.9999
         assembling FE data...12.5882s, total time: 27.5881
      imposing Dirichlet BC...6.20521s, total time: 33.7934
      imposing Dirichlet BC...3.48538s, total time: 37.2787
making matrix indices local...0s, total time: 37.2787
Starting CG solver ... 
Initial Residual = 301.002
Iteration = 20   Residual = 0.0582628
Iteration = 40   Residual = 0.026277
Iteration = 60   Residual = 0.0165495
Iteration = 80   Residual = 0.01135
Iteration = 100   Residual = 0.0448937
Iteration = 120   Residual = 0.00643412
Iteration = 140   Residual = 0.00499619
Iteration = 160   Residual = 0.00392131
Iteration = 180   Residual = 0.00515284
Iteration = 200   Residual = 0.00273892
Final Resid Norm: 0.00273892

Loop 0 <line-186> - Time 14.675030 Total energy consumed 812.251290 Ave. Power Level 55.349208 Memory 69083 MemoryRefresh 24661
	-------- Loop 0 (sock 1 consumed 446.572860, avg temp 55.000000, final temp 55 ) ------
	-------- Loop 0 (sock 2 consumed 365.678430, avg temp 42.000000, final temp 42 ) ------
Loop 1 <line-202> - Time 12.588674 Total energy consumed 1143.816375 Ave. Power Level 90.860755 Memory 22261 MemoryRefresh 21895
	-------- Loop 1 (sock 1 consumed 567.862920, avg temp 56.000000, final temp 56 ) ------
	-------- Loop 1 (sock 2 consumed 575.953455, avg temp 47.000000, final temp 47 ) ------
Loop 2 <line-487> - Time 9.635050 Total energy consumed 761.498265 Ave. Power Level 79.034176 Memory 11063 MemoryRefresh 16642
	-------- Loop 2 (sock 1 consumed 373.424655, avg temp 53.000000, final temp 55 ) ------
	-------- Loop 2 (sock 2 consumed 388.073610, avg temp 44.500000, final temp 45 ) ------
Loop 3 <line-535> - Time 29.405405 Total energy consumed 3447.653175 Ave. Power Level 117.245560 Memory 3367338 MemoryRefresh 48739
	-------- Loop 3 (sock 1 consumed 1722.178455, avg temp 59.208955, final temp 61 ) ------
	-------- Loop 3 (sock 2 consumed 1725.474720, avg temp 48.835821, final temp 49 ) ------
Application(EnergyStat) - Time 82.904067 Total energy consumed 7782.442995 Ave. Power Level 93.872873 Memory 4623222 MemoryRefresh 139250 Final Temperature socket 1 : 59  socket 2 : 49 
	 ParallelApplication(EnergyStat) - Time 66.304159 Total energy consumed 6165.219105 Ave. Power Level 92.983897 Memory 3469745 MemoryRefresh 111937
MiniFE Mini-App, OpenMP Peer Implementation
Creating OpenMP Thread Pool...
Counted: 8 threads.
Running MiniFE Mini-App...
      creating/filling mesh...0.321711s, total time: 0.321711
generating matrix structure...14.6581s, total time: 14.9798
         assembling FE data...12.5391s, total time: 27.5189
      imposing Dirichlet BC...6.15081s, total time: 33.6697
      imposing Dirichlet BC...3.48335s, total time: 37.153
making matrix indices local...0s, total time: 37.153
Starting CG solver ... 
Initial Residual = 301.002
Iteration = 20   Residual = 0.0582628
Iteration = 40   Residual = 0.026277
Iteration = 60   Residual = 0.0165495
Iteration = 80   Residual = 0.01135
Iteration = 100   Residual = 0.0448937
Iteration = 120   Residual = 0.00643412
Iteration = 140   Residual = 0.00499619
Iteration = 160   Residual = 0.00392131
Iteration = 180   Residual = 0.00515284
Iteration = 200   Residual = 0.00273892
Final Resid Norm: 0.00273892

Loop 0 <line-186> - Time 14.658461 Total energy consumed 812.682300 Ave. Power Level 55.441176 Memory 68961 MemoryRefresh 24634
	-------- Loop 0 (sock 1 consumed 447.087390, avg temp 56.000000, final temp 56 ) ------
	-------- Loop 0 (sock 2 consumed 365.594910, avg temp 41.000000, final temp 41 ) ------
Loop 1 <line-202> - Time 12.539531 Total energy consumed 1142.023575 Ave. Power Level 91.073867 Memory 22272 MemoryRefresh 21812
	-------- Loop 1 (sock 1 consumed 567.877725, avg temp 57.000000, final temp 57 ) ------
	-------- Loop 1 (sock 2 consumed 574.145850, avg temp 46.000000, final temp 46 ) ------
Loop 2 <line-487> - Time 9.578407 Total energy consumed 759.438270 Ave. Power Level 79.286487 Memory 11039 MemoryRefresh 16560
	-------- Loop 2 (sock 1 consumed 373.932600, avg temp 54.500000, final temp 57 ) ------
	-------- Loop 2 (sock 2 consumed 385.505670, avg temp 44.500000, final temp 46 ) ------
Loop 3 <line-535> - Time 29.399273 Total energy consumed 3447.587910 Ave. Power Level 117.267795 Memory 3368230 MemoryRefresh 48750
	-------- Loop 3 (sock 1 consumed 1724.499090, avg temp 59.422886, final temp 60 ) ------
	-------- Loop 3 (sock 2 consumed 1723.088820, avg temp 48.512438, final temp 49 ) ------
Application(EnergyStat) - Time 82.768954 Total energy consumed 7778.768640 Ave. Power Level 93.981720 Memory 4624288 MemoryRefresh 139045 Final Temperature socket 1 : 59  socket 2 : 49 
	 ParallelApplication(EnergyStat) - Time 66.175672 Total energy consumed 6161.732055 Ave. Power Level 93.111742 Memory 3470502 MemoryRefresh 111756
MiniFE Mini-App, OpenMP Peer Implementation
Creating OpenMP Thread Pool...
Counted: 8 threads.
Running MiniFE Mini-App...
      creating/filling mesh...0.32165s, total time: 0.32165
generating matrix structure...14.6718s, total time: 14.9934
         assembling FE data...12.5567s, total time: 27.5501
      imposing Dirichlet BC...6.14695s, total time: 33.6971
      imposing Dirichlet BC...3.48423s, total time: 37.1813
making matrix indices local...0s, total time: 37.1813
Starting CG solver ... 
Initial Residual = 301.002
Iteration = 20   Residual = 0.0582628
Iteration = 40   Residual = 0.026277
Iteration = 60   Residual = 0.0165495
Iteration = 80   Residual = 0.01135
Iteration = 100   Residual = 0.0448937
Iteration = 120   Residual = 0.00643412
Iteration = 140   Residual = 0.00499619
Iteration = 160   Residual = 0.00392131
Iteration = 180   Residual = 0.00515284
Iteration = 200   Residual = 0.00273892
Final Resid Norm: 0.00273892

Loop 0 <line-186> - Time 14.672207 Total energy consumed 811.617255 Ave. Power Level 55.316644 Memory 69032 MemoryRefresh 24668
	-------- Loop 0 (sock 1 consumed 447.121545, avg temp 55.000000, final temp 55 ) ------
	-------- Loop 0 (sock 2 consumed 364.495710, avg temp 41.000000, final temp 41 ) ------
Loop 1 <line-202> - Time 12.557179 Total energy consumed 1139.832525 Ave. Power Level 90.771387 Memory 22231 MemoryRefresh 21843
	-------- Loop 1 (sock 1 consumed 566.768130, avg temp 57.000000, final temp 57 ) ------
	-------- Loop 1 (sock 2 consumed 573.064395, avg temp 47.000000, final temp 47 ) ------
Loop 2 <line-487> - Time 9.575161 Total energy consumed 756.463125 Ave. Power Level 79.002654 Memory 10955 MemoryRefresh 16548
	-------- Loop 2 (sock 1 consumed 371.878425, avg temp 54.000000, final temp 56 ) ------
	-------- Loop 2 (sock 2 consumed 384.584700, avg temp 45.000000, final temp 47 ) ------
Loop 3 <line-535> - Time 29.395550 Total energy consumed 3443.505030 Ave. Power Level 117.143752 Memory 1146180149 MemoryRefresh 48706
	-------- Loop 3 (sock 1 consumed 1722.086595, avg temp 59.099502, final temp 60 ) ------
	-------- Loop 3 (sock 2 consumed 1721.418435, avg temp 48.671642, final temp 50 ) ------
Application(EnergyStat) - Time 82.806228 Total energy consumed 7768.864635 Ave. Power Level 93.819811 Memory 1147435171 MemoryRefresh 139104 Final Temperature socket 1 : 59  socket 2 : 49 
	 ParallelApplication(EnergyStat) - Time 66.200097 Total energy consumed 6151.417935 Ave. Power Level 92.921585 Memory 1146282367 MemoryRefresh 111765
MiniFE Mini-App, OpenMP Peer Implementation
Creating OpenMP Thread Pool...
Counted: 8 threads.
Running MiniFE Mini-App...
      creating/filling mesh...0.321043s, total time: 0.321044
generating matrix structure...14.6549s, total time: 14.976
         assembling FE data...12.56s, total time: 27.536
      imposing Dirichlet BC...6.14618s, total time: 33.6821
      imposing Dirichlet BC...3.48525s, total time: 37.1674
making matrix indices local...0s, total time: 37.1674
Starting CG solver ... 
Initial Residual = 301.002
Iteration = 20   Residual = 0.0582628
Iteration = 40   Residual = 0.026277
Iteration = 60   Residual = 0.0165495
Iteration = 80   Residual = 0.01135
Iteration = 100   Residual = 0.0448937
Iteration = 120   Residual = 0.00643412
Iteration = 140   Residual = 0.00499619
Iteration = 160   Residual = 0.00392131
Iteration = 180   Residual = 0.00515284
Iteration = 200   Residual = 0.00273892
Final Resid Norm: 0.00273892

Loop 0 <line-186> - Time 14.655337 Total energy consumed 811.668960 Ave. Power Level 55.383847 Memory 68964 MemoryRefresh 24628
	-------- Loop 0 (sock 1 consumed 447.278280, avg temp 55.000000, final temp 55 ) ------
	-------- Loop 0 (sock 2 consumed 364.390680, avg temp 42.000000, final temp 42 ) ------
Loop 1 <line-202> - Time 12.560380 Total energy consumed 1141.006080 Ave. Power Level 90.841681 Memory 22332 MemoryRefresh 21849
	-------- Loop 1 (sock 1 consumed 567.028560, avg temp 57.000000, final temp 57 ) ------
	-------- Loop 1 (sock 2 consumed 573.977520, avg temp 48.000000, final temp 48 ) ------
Loop 2 <line-487> - Time 9.575623 Total energy consumed 758.273250 Ave. Power Level 79.187876 Memory 10888 MemoryRefresh 16550
	-------- Loop 2 (sock 1 consumed 372.851685, avg temp 54.000000, final temp 56 ) ------
	-------- Loop 2 (sock 2 consumed 385.421565, avg temp 45.500000, final temp 48 ) ------
Loop 3 <line-535> - Time 29.388980 Total energy consumed 3447.456885 Ave. Power Level 117.304406 Memory 1083533331 MemoryRefresh 48740
	-------- Loop 3 (sock 1 consumed 1722.541980, avg temp 59.791045, final temp 61 ) ------
	-------- Loop 3 (sock 2 consumed 1724.914905, avg temp 49.885572, final temp 51 ) ------
Application(EnergyStat) - Time 82.748626 Total energy consumed 7772.590575 Ave. Power Level 93.930147 Memory 2171265331 MemoryRefresh 139000 Final Temperature socket 1 : 59  socket 2 : 51 
	 ParallelApplication(EnergyStat) - Time 66.180321 Total energy consumed 6158.405175 Ave. Power Level 93.054930 Memory 1083635515 MemoryRefresh 111767
MiniFE Mini-App, OpenMP Peer Implementation
Creating OpenMP Thread Pool...
Counted: 8 threads.
Running MiniFE Mini-App...
      creating/filling mesh...0.321213s, total time: 0.321214
generating matrix structure...14.6779s, total time: 14.9991
         assembling FE data...12.5593s, total time: 27.5584
      imposing Dirichlet BC...6.1454s, total time: 33.7038
      imposing Dirichlet BC...3.48432s, total time: 37.1881
making matrix indices local...0s, total time: 37.1881
Starting CG solver ... 
Initial Residual = 301.002
Iteration = 20   Residual = 0.0582628
Iteration = 40   Residual = 0.026277
Iteration = 60   Residual = 0.0165495
Iteration = 80   Residual = 0.01135
Iteration = 100   Residual = 0.0448937
Iteration = 120   Residual = 0.00643412
Iteration = 140   Residual = 0.00499619
Iteration = 160   Residual = 0.00392131
Iteration = 180   Residual = 0.00515284
Iteration = 200   Residual = 0.00273892
Final Resid Norm: 0.00273892

Loop 0 <line-186> - Time 14.678284 Total energy consumed 813.349980 Ave. Power Level 55.411788 Memory 69099 MemoryRefresh 24678
	-------- Loop 0 (sock 1 consumed 447.824745, avg temp 55.000000, final temp 55 ) ------
	-------- Loop 0 (sock 2 consumed 365.525235, avg temp 41.000000, final temp 41 ) ------
Loop 1 <line-202> - Time 12.559340 Total energy consumed 1141.601700 Ave. Power Level 90.896634 Memory 22314 MemoryRefresh 21844
	-------- Loop 1 (sock 1 consumed 567.131535, avg temp 58.000000, final temp 58 ) ------
	-------- Loop 1 (sock 2 consumed 574.470165, avg temp 47.000000, final temp 47 ) ------
Loop 2 <line-487> - Time 9.573906 Total energy consumed 758.137005 Ave. Power Level 79.187848 Memory 10926 MemoryRefresh 16550
	-------- Loop 2 (sock 1 consumed 373.137750, avg temp 54.500000, final temp 57 ) ------
	-------- Loop 2 (sock 2 consumed 384.999255, avg temp 44.500000, final temp 46 ) ------
Loop 3 <line-535> - Time 29.369595 Total energy consumed 3445.866660 Ave. Power Level 117.327687 Memory 3368952 MemoryRefresh 48718
	-------- Loop 3 (sock 1 consumed 1723.022370, avg temp 59.995025, final temp 61 ) ------
	-------- Loop 3 (sock 2 consumed 1722.844290, avg temp 49.044776, final temp 51 ) ------
Application(EnergyStat) - Time 82.773976 Total energy consumed 7774.672695 Ave. Power Level 93.926534 Memory 4622446 MemoryRefresh 139066 Final Temperature socket 1 : 61  socket 2 : 49 
	 ParallelApplication(EnergyStat) - Time 66.181125 Total energy consumed 6158.955345 Ave. Power Level 93.062114 Memory 3471291 MemoryRefresh 111790
MiniFE Mini-App, OpenMP Peer Implementation
Creating OpenMP Thread Pool...
Counted: 8 threads.
Running MiniFE Mini-App...
      creating/filling mesh...0.325106s, total time: 0.325107
generating matrix structure...14.6813s, total time: 15.0064
         assembling FE data...12.5563s, total time: 27.5626
      imposing Dirichlet BC...6.14826s, total time: 33.7109
      imposing Dirichlet BC...3.48449s, total time: 37.1954
making matrix indices local...0s, total time: 37.1954
Starting CG solver ... 
Initial Residual = 301.002
Iteration = 20   Residual = 0.0582628
Iteration = 40   Residual = 0.026277
Iteration = 60   Residual = 0.0165495
Iteration = 80   Residual = 0.01135
Iteration = 100   Residual = 0.0448937
Iteration = 120   Residual = 0.00643412
Iteration = 140   Residual = 0.00499619
Iteration = 160   Residual = 0.00392131
Iteration = 180   Residual = 0.00515284
Iteration = 200   Residual = 0.00273892
Final Resid Norm: 0.00273892

Loop 0 <line-186> - Time 14.681300 Total energy consumed 812.377575 Ave. Power Level 55.334172 Memory 69155 MemoryRefresh 24671
	-------- Loop 0 (sock 1 consumed 447.796965, avg temp 56.000000, final temp 56 ) ------
	-------- Loop 0 (sock 2 consumed 364.580610, avg temp 41.000000, final temp 41 ) ------
Loop 1 <line-202> - Time 12.556647 Total energy consumed 1140.047700 Ave. Power Level 90.792368 Memory 22285 MemoryRefresh 21842
	-------- Loop 1 (sock 1 consumed 566.586480, avg temp 57.000000, final temp 57 ) ------
	-------- Loop 1 (sock 2 consumed 573.461220, avg temp 46.000000, final temp 46 ) ------
Loop 2 <line-487> - Time 9.576783 Total energy consumed 756.217665 Ave. Power Level 78.963643 Memory 10929 MemoryRefresh 16548
	-------- Loop 2 (sock 1 consumed 371.668935, avg temp 53.500000, final temp 56 ) ------
	-------- Loop 2 (sock 2 consumed 384.548730, avg temp 44.500000, final temp 46 ) ------
Loop 3 <line-535> - Time 29.388336 Total energy consumed 3445.022310 Ave. Power Level 117.224137 Memory 3367816 MemoryRefresh 48758
	-------- Loop 3 (sock 1 consumed 1722.911295, avg temp 59.293532, final temp 61 ) ------
	-------- Loop 3 (sock 2 consumed 1722.111015, avg temp 48.437811, final temp 49 ) ------
Application(EnergyStat) - Time 82.752674 Total energy consumed 7762.430805 Ave. Power Level 93.802779 Memory 4622243 MemoryRefresh 139004 Final Temperature socket 1 : 59  socket 2 : 49 
	 ParallelApplication(EnergyStat) - Time 66.203066 Total energy consumed 6153.665250 Ave. Power Level 92.951364 Memory 3470185 MemoryRefresh 111819
MiniFE Mini-App, OpenMP Peer Implementation
Creating OpenMP Thread Pool...
Counted: 8 threads.
Running MiniFE Mini-App...
      creating/filling mesh...0.32227s, total time: 0.322271
generating matrix structure...14.6573s, total time: 14.9796
         assembling FE data...12.5466s, total time: 27.5262
      imposing Dirichlet BC...6.11812s, total time: 33.6443
      imposing Dirichlet BC...3.48599s, total time: 37.1303
making matrix indices local...0s, total time: 37.1303
Starting CG solver ... 
Initial Residual = 301.002
Iteration = 20   Residual = 0.0582628
Iteration = 40   Residual = 0.026277
Iteration = 60   Residual = 0.0165495
Iteration = 80   Residual = 0.01135
Iteration = 100   Residual = 0.0448937
Iteration = 120   Residual = 0.00643412
Iteration = 140   Residual = 0.00499619
Iteration = 160   Residual = 0.00392131
Iteration = 180   Residual = 0.00515284
Iteration = 200   Residual = 0.00273892
Final Resid Norm: 0.00273892

Loop 0 <line-186> - Time 14.657734 Total energy consumed 810.466350 Ave. Power Level 55.292746 Memory 69082 MemoryRefresh 24644
	-------- Loop 0 (sock 1 consumed 446.759040, avg temp 55.000000, final temp 55 ) ------
	-------- Loop 0 (sock 2 consumed 363.707310, avg temp 41.000000, final temp 41 ) ------
Loop 1 <line-202> - Time 12.547016 Total energy consumed 1142.402325 Ave. Power Level 91.049721 Memory 22229 MemoryRefresh 21820
	-------- Loop 1 (sock 1 consumed 569.922750, avg temp 58.000000, final temp 58 ) ------
	-------- Loop 1 (sock 2 consumed 572.479575, avg temp 46.000000, final temp 46 ) ------
Loop 2 <line-487> - Time 9.548254 Total energy consumed 756.312885 Ave. Power Level 79.209549 Memory 11071 MemoryRefresh 16512
	-------- Loop 2 (sock 1 consumed 372.770835, avg temp 53.000000, final temp 55 ) ------
	-------- Loop 2 (sock 2 consumed 383.542050, avg temp 43.500000, final temp 46 ) ------
Loop 3 <line-535> - Time 29.380911 Total energy consumed 3444.389445 Ave. Power Level 117.232221 Memory 1161027265 MemoryRefresh 48757
	-------- Loop 3 (sock 1 consumed 1724.718990, avg temp 58.791045, final temp 60 ) ------
	-------- Loop 3 (sock 2 consumed 1719.670455, avg temp 48.049751, final temp 49 ) ------
Application(EnergyStat) - Time 82.726537 Total energy consumed 7765.543035 Ave. Power Level 93.870036 Memory 2273614097 MemoryRefresh 138984 Final Temperature socket 1 : 59  socket 2 : 49 
	 ParallelApplication(EnergyStat) - Time 66.133915 Total energy consumed 6153.571005 Ave. Power Level 93.047131 Memory 1161129647 MemoryRefresh 111733
