MiniFE Mini-App, OpenMP Peer Implementation
Creating OpenMP Thread Pool...
Counted: 4 threads.
Running MiniFE Mini-App...
      creating/filling mesh...0.319044s, total time: 0.319044
generating matrix structure...15.5706s, total time: 15.8896
         assembling FE data...24.9626s, total time: 40.8523
      imposing Dirichlet BC...10.9295s, total time: 51.7818
      imposing Dirichlet BC...6.84171s, total time: 58.6235
making matrix indices local...0s, total time: 58.6235
Starting CG solver ... 
Initial Residual = 301.002
Iteration = 20   Residual = 0.0582644
Iteration = 40   Residual = 0.0262833
Iteration = 60   Residual = 0.0165032
Iteration = 80   Residual = 0.0300054
Iteration = 100   Residual = 0.00846776
Iteration = 120   Residual = 0.00653361
Iteration = 140   Residual = 0.00947527
Iteration = 160   Residual = 0.00403271
Iteration = 180   Residual = 0.00321675
Iteration = 200   Residual = 0.0131765
Final Resid Norm: 0.0131765

Loop 0 <line-186> - Time 15.571006 Total energy consumed 828.334005 Ave. Power Level 53.197206 Memory 64715 MemoryRefresh 26206
	-------- Loop 0 (sock 1 consumed 453.422055, avg temp 48.000000, final temp 48 ) ------
	-------- Loop 0 (sock 2 consumed 374.911950, avg temp 36.000000, final temp 36 ) ------
Loop 1 <line-202> - Time 24.963107 Total energy consumed 1699.626540 Ave. Power Level 68.085536 Memory 2062 MemoryRefresh 43448
	-------- Loop 1 (sock 1 consumed 833.247810, avg temp 49.000000, final temp 49 ) ------
	-------- Loop 1 (sock 2 consumed 866.378730, avg temp 41.000000, final temp 41 ) ------
Loop 2 <line-487> - Time 17.713482 Total energy consumed 1116.057480 Ave. Power Level 63.006102 Memory 838 MemoryRefresh 30576
	-------- Loop 2 (sock 1 consumed 532.029705, avg temp 45.500000, final temp 48 ) ------
	-------- Loop 2 (sock 2 consumed 584.027775, avg temp 38.500000, final temp 38 ) ------
Loop 3 <line-535> - Time 48.502936 Total energy consumed 4125.676755 Ave. Power Level 85.060351 Memory 2212756914 MemoryRefresh 81679
	-------- Loop 3 (sock 1 consumed 2043.160515, avg temp 50.099502, final temp 51 ) ------
	-------- Loop 3 (sock 2 consumed 2082.516240, avg temp 44.089552, final temp 45 ) ------
Application(EnergyStat) - Time 123.637474 Total energy consumed 9078.573660 Ave. Power Level 73.428980 Memory 2213813302 MemoryRefresh 210368 Final Temperature socket 1 : 49  socket 2 : 44 
	 ParallelApplication(EnergyStat) - Time 106.750532 Total energy consumed 7769.694780 Ave. Power Level 72.783663 Memory 2212824529 MemoryRefresh 181909
MiniFE Mini-App, OpenMP Peer Implementation
Creating OpenMP Thread Pool...
Counted: 4 threads.
Running MiniFE Mini-App...
      creating/filling mesh...0.319824s, total time: 0.319824
generating matrix structure...15.5624s, total time: 15.8822
         assembling FE data...24.9879s, total time: 40.8701
      imposing Dirichlet BC...10.938s, total time: 51.8081
      imposing Dirichlet BC...6.84252s, total time: 58.6507
making matrix indices local...9.53674e-07s, total time: 58.6507
Starting CG solver ... 
Initial Residual = 301.002
Iteration = 20   Residual = 0.0582644
Iteration = 40   Residual = 0.0262833
Iteration = 60   Residual = 0.0165032
Iteration = 80   Residual = 0.0300054
Iteration = 100   Residual = 0.00846776
Iteration = 120   Residual = 0.00653361
Iteration = 140   Residual = 0.00947527
Iteration = 160   Residual = 0.00403271
Iteration = 180   Residual = 0.00321675
Iteration = 200   Residual = 0.0131765
Final Resid Norm: 0.0131765

Loop 0 <line-186> - Time 15.562805 Total energy consumed 830.668890 Ave. Power Level 53.375268 Memory 64628 MemoryRefresh 26215
	-------- Loop 0 (sock 1 consumed 455.205555, avg temp 48.000000, final temp 48 ) ------
	-------- Loop 0 (sock 2 consumed 375.463335, avg temp 37.000000, final temp 37 ) ------
Loop 1 <line-202> - Time 24.988009 Total energy consumed 1704.586740 Ave. Power Level 68.216188 Memory 2013 MemoryRefresh 43492
	-------- Loop 1 (sock 1 consumed 835.999320, avg temp 49.000000, final temp 49 ) ------
	-------- Loop 1 (sock 2 consumed 868.587420, avg temp 40.000000, final temp 40 ) ------
Loop 2 <line-487> - Time 17.721442 Total energy consumed 1116.706560 Ave. Power Level 63.014429 Memory 908 MemoryRefresh 30604
	-------- Loop 2 (sock 1 consumed 533.121195, avg temp 46.500000, final temp 49 ) ------
	-------- Loop 2 (sock 2 consumed 583.585365, avg temp 40.000000, final temp 41 ) ------
Loop 3 <line-535> - Time 48.519735 Total energy consumed 4131.188820 Ave. Power Level 85.144504 Memory 1037119462 MemoryRefresh 81698
	-------- Loop 3 (sock 1 consumed 2047.064130, avg temp 50.870647, final temp 52 ) ------
	-------- Loop 3 (sock 2 consumed 2084.124690, avg temp 44.144279, final temp 45 ) ------
Application(EnergyStat) - Time 123.620356 Total energy consumed 9090.382395 Ave. Power Level 73.534673 Memory 1038173447 MemoryRefresh 210393 Final Temperature socket 1 : 50  socket 2 : 43 
	 ParallelApplication(EnergyStat) - Time 106.791992 Total energy consumed 7783.151010 Ave. Power Level 72.881411 Memory 1037187011 MemoryRefresh 182009
MiniFE Mini-App, OpenMP Peer Implementation
Creating OpenMP Thread Pool...
Counted: 4 threads.
Running MiniFE Mini-App...
      creating/filling mesh...0.320265s, total time: 0.320265
generating matrix structure...15.4917s, total time: 15.8119
         assembling FE data...24.9372s, total time: 40.7491
      imposing Dirichlet BC...10.9354s, total time: 51.6845
      imposing Dirichlet BC...6.84196s, total time: 58.5265
making matrix indices local...0s, total time: 58.5265
Starting CG solver ... 
Initial Residual = 301.002
Iteration = 20   Residual = 0.0582644
Iteration = 40   Residual = 0.0262833
Iteration = 60   Residual = 0.0165032
Iteration = 80   Residual = 0.0300054
Iteration = 100   Residual = 0.00846776
Iteration = 120   Residual = 0.00653361
Iteration = 140   Residual = 0.00947527
Iteration = 160   Residual = 0.00403271
Iteration = 180   Residual = 0.00321675
Iteration = 200   Residual = 0.0131765
Final Resid Norm: 0.0131765

Loop 0 <line-186> - Time 15.492137 Total energy consumed 824.236260 Ave. Power Level 53.203522 Memory 64661 MemoryRefresh 26098
	-------- Loop 0 (sock 1 consumed 451.015710, avg temp 48.000000, final temp 48 ) ------
	-------- Loop 0 (sock 2 consumed 373.220550, avg temp 37.000000, final temp 37 ) ------
Loop 1 <line-202> - Time 24.937593 Total energy consumed 1699.719945 Ave. Power Level 68.158943 Memory 2095 MemoryRefresh 43400
	-------- Loop 1 (sock 1 consumed 834.059310, avg temp 48.000000, final temp 48 ) ------
	-------- Loop 1 (sock 2 consumed 865.660635, avg temp 40.000000, final temp 40 ) ------
Loop 2 <line-487> - Time 17.721515 Total energy consumed 1116.692325 Ave. Power Level 63.013368 Memory 828 MemoryRefresh 30607
	-------- Loop 2 (sock 1 consumed 534.233925, avg temp 45.500000, final temp 48 ) ------
	-------- Loop 2 (sock 2 consumed 582.458400, avg temp 39.000000, final temp 39 ) ------
Loop 3 <line-535> - Time 48.527704 Total energy consumed 4129.050075 Ave. Power Level 85.086450 Memory 2165847732 MemoryRefresh 81729
	-------- Loop 3 (sock 1 consumed 2045.603865, avg temp 50.766169, final temp 51 ) ------
	-------- Loop 3 (sock 2 consumed 2083.446210, avg temp 44.104478, final temp 45 ) ------
Application(EnergyStat) - Time 123.537887 Total energy consumed 9077.543325 Ave. Power Level 73.479833 Memory 2166903459 MemoryRefresh 210252 Final Temperature socket 1 : 50  socket 2 : 44 
	 ParallelApplication(EnergyStat) - Time 106.678949 Total energy consumed 7769.698605 Ave. Power Level 72.832538 Memory 2165915316 MemoryRefresh 181834
MiniFE Mini-App, OpenMP Peer Implementation
Creating OpenMP Thread Pool...
Counted: 4 threads.
Running MiniFE Mini-App...
      creating/filling mesh...0.318845s, total time: 0.318845
generating matrix structure...15.5251s, total time: 15.8439
         assembling FE data...24.913s, total time: 40.757
      imposing Dirichlet BC...10.928s, total time: 51.685
      imposing Dirichlet BC...6.8437s, total time: 58.5287
making matrix indices local...0s, total time: 58.5287
Starting CG solver ... 
Initial Residual = 301.002
Iteration = 20   Residual = 0.0582644
Iteration = 40   Residual = 0.0262833
Iteration = 60   Residual = 0.0165032
Iteration = 80   Residual = 0.0300054
Iteration = 100   Residual = 0.00846776
Iteration = 120   Residual = 0.00653361
Iteration = 140   Residual = 0.00947527
Iteration = 160   Residual = 0.00403271
Iteration = 180   Residual = 0.00321675
Iteration = 200   Residual = 0.0131765
Final Resid Norm: 0.0131765

Loop 0 <line-186> - Time 15.525537 Total energy consumed 826.648575 Ave. Power Level 53.244442 Memory 64726 MemoryRefresh 26148
	-------- Loop 0 (sock 1 consumed 451.877145, avg temp 48.000000, final temp 48 ) ------
	-------- Loop 0 (sock 2 consumed 374.771430, avg temp 37.000000, final temp 37 ) ------
Loop 1 <line-202> - Time 24.913512 Total energy consumed 1701.086565 Ave. Power Level 68.279677 Memory 2154 MemoryRefresh 43352
	-------- Loop 1 (sock 1 consumed 834.810840, avg temp 49.000000, final temp 49 ) ------
	-------- Loop 1 (sock 2 consumed 866.275725, avg temp 41.000000, final temp 41 ) ------
Loop 2 <line-487> - Time 17.716195 Total energy consumed 1118.257635 Ave. Power Level 63.120644 Memory 858 MemoryRefresh 30604
	-------- Loop 2 (sock 1 consumed 534.780345, avg temp 47.000000, final temp 49 ) ------
	-------- Loop 2 (sock 2 consumed 583.477290, avg temp 39.500000, final temp 40 ) ------
Loop 3 <line-535> - Time 48.515868 Total energy consumed 4138.609500 Ave. Power Level 85.304245 Memory 2908396 MemoryRefresh 81679
	-------- Loop 3 (sock 1 consumed 2050.100925, avg temp 51.786070, final temp 53 ) ------
	-------- Loop 3 (sock 2 consumed 2088.508575, avg temp 45.134328, final temp 46 ) ------
Application(EnergyStat) - Time 123.531249 Total energy consumed 9097.117005 Ave. Power Level 73.642233 Memory 3966704 MemoryRefresh 210222 Final Temperature socket 1 : 51  socket 2 : 45 
	 ParallelApplication(EnergyStat) - Time 106.671112 Total energy consumed 7784.602275 Ave. Power Level 72.977605 Memory 2976134 MemoryRefresh 181783
MiniFE Mini-App, OpenMP Peer Implementation
Creating OpenMP Thread Pool...
Counted: 4 threads.
Running MiniFE Mini-App...
      creating/filling mesh...0.319884s, total time: 0.319884
generating matrix structure...15.4932s, total time: 15.813
         assembling FE data...24.9504s, total time: 40.7635
      imposing Dirichlet BC...10.9307s, total time: 51.6942
      imposing Dirichlet BC...6.84287s, total time: 58.5371
making matrix indices local...0s, total time: 58.5371
Starting CG solver ... 
Initial Residual = 301.002
Iteration = 20   Residual = 0.0582644
Iteration = 40   Residual = 0.0262833
Iteration = 60   Residual = 0.0165032
Iteration = 80   Residual = 0.0300054
Iteration = 100   Residual = 0.00846776
Iteration = 120   Residual = 0.00653361
Iteration = 140   Residual = 0.00947527
Iteration = 160   Residual = 0.00403271
Iteration = 180   Residual = 0.00321675
Iteration = 200   Residual = 0.0131765
Final Resid Norm: 0.0131765

Loop 0 <line-186> - Time 15.493559 Total energy consumed 827.858745 Ave. Power Level 53.432447 Memory 64684 MemoryRefresh 26089
	-------- Loop 0 (sock 1 consumed 452.252595, avg temp 49.000000, final temp 49 ) ------
	-------- Loop 0 (sock 2 consumed 375.606150, avg temp 38.000000, final temp 38 ) ------
Loop 1 <line-202> - Time 24.950900 Total energy consumed 1705.477995 Ave. Power Level 68.353367 Memory 1973 MemoryRefresh 43431
	-------- Loop 1 (sock 1 consumed 837.762675, avg temp 49.000000, final temp 49 ) ------
	-------- Loop 1 (sock 2 consumed 867.715320, avg temp 42.000000, final temp 42 ) ------
Loop 2 <line-487> - Time 17.717885 Total energy consumed 1118.980515 Ave. Power Level 63.155422 Memory 860 MemoryRefresh 30600
	-------- Loop 2 (sock 1 consumed 535.197810, avg temp 47.000000, final temp 49 ) ------
	-------- Loop 2 (sock 2 consumed 583.782705, avg temp 39.500000, final temp 40 ) ------
Loop 3 <line-535> - Time 48.510801 Total energy consumed 4136.184270 Ave. Power Level 85.263161 Memory 2908700 MemoryRefresh 81681
	-------- Loop 3 (sock 1 consumed 2050.462680, avg temp 51.542289, final temp 52 ) ------
	-------- Loop 3 (sock 2 consumed 2085.721590, avg temp 44.766169, final temp 46 ) ------
Application(EnergyStat) - Time 123.543424 Total energy consumed 9098.501025 Ave. Power Level 73.646178 Memory 3965990 MemoryRefresh 210244 Final Temperature socket 1 : 51  socket 2 : 45 
	 ParallelApplication(EnergyStat) - Time 106.673145 Total energy consumed 7788.501525 Ave. Power Level 73.012768 Memory 2976217 MemoryRefresh 181801
MiniFE Mini-App, OpenMP Peer Implementation
Creating OpenMP Thread Pool...
Counted: 4 threads.
Running MiniFE Mini-App...
      creating/filling mesh...0.319875s, total time: 0.319877
generating matrix structure...15.5011s, total time: 15.821
         assembling FE data...25.0418s, total time: 40.8628
      imposing Dirichlet BC...10.9328s, total time: 51.7956
      imposing Dirichlet BC...6.84182s, total time: 58.6374
making matrix indices local...0s, total time: 58.6374
Starting CG solver ... 
Initial Residual = 301.002
Iteration = 20   Residual = 0.0582644
Iteration = 40   Residual = 0.0262833
Iteration = 60   Residual = 0.0165032
Iteration = 80   Residual = 0.0300054
Iteration = 100   Residual = 0.00846776
Iteration = 120   Residual = 0.00653361
Iteration = 140   Residual = 0.00947527
Iteration = 160   Residual = 0.00403271
Iteration = 180   Residual = 0.00321675
Iteration = 200   Residual = 0.0131765
Final Resid Norm: 0.0131765

Loop 0 <line-186> - Time 15.501553 Total energy consumed 826.224465 Ave. Power Level 53.299463 Memory 64718 MemoryRefresh 26110
	-------- Loop 0 (sock 1 consumed 452.232420, avg temp 49.000000, final temp 49 ) ------
	-------- Loop 0 (sock 2 consumed 373.992045, avg temp 37.000000, final temp 37 ) ------
Loop 1 <line-202> - Time 25.042214 Total energy consumed 1710.746970 Ave. Power Level 68.314526 Memory 2053 MemoryRefresh 43586
	-------- Loop 1 (sock 1 consumed 840.677370, avg temp 49.000000, final temp 49 ) ------
	-------- Loop 1 (sock 2 consumed 870.069600, avg temp 41.000000, final temp 41 ) ------
Loop 2 <line-487> - Time 17.716276 Total energy consumed 1116.276765 Ave. Power Level 63.008544 Memory 875 MemoryRefresh 30584
	-------- Loop 2 (sock 1 consumed 533.971140, avg temp 47.000000, final temp 49 ) ------
	-------- Loop 2 (sock 2 consumed 582.305625, avg temp 40.000000, final temp 41 ) ------
Loop 3 <line-535> - Time 48.519246 Total energy consumed 4132.441185 Ave. Power Level 85.171174 Memory 2907121 MemoryRefresh 81695
	-------- Loop 3 (sock 1 consumed 2049.722775, avg temp 51.656716, final temp 52 ) ------
	-------- Loop 3 (sock 2 consumed 2082.718410, avg temp 44.004975, final temp 45 ) ------
Application(EnergyStat) - Time 123.626333 Total energy consumed 9094.063620 Ave. Power Level 73.560894 Memory 3963797 MemoryRefresh 210394 Final Temperature socket 1 : 51  socket 2 : 43 
	 ParallelApplication(EnergyStat) - Time 106.779290 Total energy consumed 7785.689385 Ave. Power Level 72.913853 Memory 2974767 MemoryRefresh 181975
MiniFE Mini-App, OpenMP Peer Implementation
Creating OpenMP Thread Pool...
Counted: 4 threads.
Running MiniFE Mini-App...
      creating/filling mesh...0.319642s, total time: 0.319642
generating matrix structure...15.49s, total time: 15.8097
         assembling FE data...24.9412s, total time: 40.7508
      imposing Dirichlet BC...10.9274s, total time: 51.6782
      imposing Dirichlet BC...6.84146s, total time: 58.5197
making matrix indices local...0s, total time: 58.5197
Starting CG solver ... 
Initial Residual = 301.002
Iteration = 20   Residual = 0.0582644
Iteration = 40   Residual = 0.0262833
Iteration = 60   Residual = 0.0165032
Iteration = 80   Residual = 0.0300054
Iteration = 100   Residual = 0.00846776
Iteration = 120   Residual = 0.00653361
Iteration = 140   Residual = 0.00947527
Iteration = 160   Residual = 0.00403271
Iteration = 180   Residual = 0.00321675
Iteration = 200   Residual = 0.0131765
Final Resid Norm: 0.0131765

Loop 0 <line-186> - Time 15.490459 Total energy consumed 823.696410 Ave. Power Level 53.174434 Memory 64611 MemoryRefresh 26078
	-------- Loop 0 (sock 1 consumed 450.831060, avg temp 49.000000, final temp 49 ) ------
	-------- Loop 0 (sock 2 consumed 372.865350, avg temp 36.000000, final temp 36 ) ------
Loop 1 <line-202> - Time 24.941600 Total energy consumed 1701.071175 Ave. Power Level 68.202168 Memory 2091 MemoryRefresh 43403
	-------- Loop 1 (sock 1 consumed 835.519605, avg temp 49.000000, final temp 49 ) ------
	-------- Loop 1 (sock 2 consumed 865.551570, avg temp 41.000000, final temp 41 ) ------
Loop 2 <line-487> - Time 17.713275 Total energy consumed 1116.483645 Ave. Power Level 63.030899 Memory 971 MemoryRefresh 30580
	-------- Loop 2 (sock 1 consumed 534.551970, avg temp 46.000000, final temp 48 ) ------
	-------- Loop 2 (sock 2 consumed 581.931675, avg temp 38.500000, final temp 39 ) ------
Loop 3 <line-535> - Time 48.511635 Total energy consumed 4130.882805 Ave. Power Level 85.152413 Memory 1120191090 MemoryRefresh 81677
	-------- Loop 3 (sock 1 consumed 2046.980445, avg temp 50.965174, final temp 52 ) ------
	-------- Loop 3 (sock 2 consumed 2083.902360, avg temp 43.915423, final temp 45 ) ------
Application(EnergyStat) - Time 123.513941 Total energy consumed 9079.879830 Ave. Power Level 73.512996 Memory 1121248162 MemoryRefresh 210170 Final Temperature socket 1 : 50  socket 2 : 44 
	 ParallelApplication(EnergyStat) - Time 106.656969 Total energy consumed 7772.134035 Ave. Power Level 72.870381 Memory 1120258763 MemoryRefresh 181738
MiniFE Mini-App, OpenMP Peer Implementation
Creating OpenMP Thread Pool...
Counted: 4 threads.
Running MiniFE Mini-App...
      creating/filling mesh...0.320302s, total time: 0.320302
generating matrix structure...15.4911s, total time: 15.8114
         assembling FE data...24.9887s, total time: 40.8001
      imposing Dirichlet BC...10.9293s, total time: 51.7293
      imposing Dirichlet BC...6.83904s, total time: 58.5684
making matrix indices local...9.53674e-07s, total time: 58.5684
Starting CG solver ... 
Initial Residual = 301.002
Iteration = 20   Residual = 0.0582644
Iteration = 40   Residual = 0.0262833
Iteration = 60   Residual = 0.0165032
Iteration = 80   Residual = 0.0300054
Iteration = 100   Residual = 0.00846776
Iteration = 120   Residual = 0.00653361
Iteration = 140   Residual = 0.00947527
Iteration = 160   Residual = 0.00403271
Iteration = 180   Residual = 0.00321675
Iteration = 200   Residual = 0.0131765
Final Resid Norm: 0.0131765

Loop 0 <line-186> - Time 15.491473 Total energy consumed 825.723525 Ave. Power Level 53.301809 Memory 64688 MemoryRefresh 26098
	-------- Loop 0 (sock 1 consumed 451.572630, avg temp 49.000000, final temp 49 ) ------
	-------- Loop 0 (sock 2 consumed 374.150895, avg temp 38.000000, final temp 38 ) ------
Loop 1 <line-202> - Time 24.989140 Total energy consumed 1708.306935 Ave. Power Level 68.361974 Memory 2151 MemoryRefresh 43500
	-------- Loop 1 (sock 1 consumed 839.311800, avg temp 49.000000, final temp 49 ) ------
	-------- Loop 1 (sock 2 consumed 868.995135, avg temp 41.000000, final temp 41 ) ------
Loop 2 <line-487> - Time 17.712558 Total energy consumed 1118.247360 Ave. Power Level 63.133023 Memory 862 MemoryRefresh 30590
	-------- Loop 2 (sock 1 consumed 534.415680, avg temp 46.500000, final temp 49 ) ------
	-------- Loop 2 (sock 2 consumed 583.831680, avg temp 40.000000, final temp 40 ) ------
Loop 3 <line-535> - Time 48.544650 Total energy consumed 4139.415165 Ave. Power Level 85.270264 Memory 2911573 MemoryRefresh 81740
	-------- Loop 3 (sock 1 consumed 2050.010490, avg temp 51.427861, final temp 53 ) ------
	-------- Loop 3 (sock 2 consumed 2089.404675, avg temp 44.656716, final temp 46 ) ------
Application(EnergyStat) - Time 123.621489 Total energy consumed 9105.257835 Ave. Power Level 73.654329 Memory 1063103628 MemoryRefresh 210392 Final Temperature socket 1 : 51  socket 2 : 44 
	 ParallelApplication(EnergyStat) - Time 106.737822 Total energy consumed 7791.692985 Ave. Power Level 72.998426 Memory 2979274 MemoryRefresh 181928
MiniFE Mini-App, OpenMP Peer Implementation
Creating OpenMP Thread Pool...
Counted: 4 threads.
Running MiniFE Mini-App...
      creating/filling mesh...0.323812s, total time: 0.323812
generating matrix structure...15.4771s, total time: 15.8009
         assembling FE data...24.9624s, total time: 40.7634
      imposing Dirichlet BC...16.1321s, total time: 56.8955
      imposing Dirichlet BC...6.8414s, total time: 63.7369
making matrix indices local...0s, total time: 63.7369
Starting CG solver ... 
Initial Residual = 301.002
Iteration = 20   Residual = 0.0582644
Iteration = 40   Residual = 0.0262833
Iteration = 60   Residual = 0.0165032
Iteration = 80   Residual = 0.0300054
Iteration = 100   Residual = 0.00846776
Iteration = 120   Residual = 0.00653361
Iteration = 140   Residual = 0.00947527
Iteration = 160   Residual = 0.00403271
Iteration = 180   Residual = 0.00321675
Iteration = 200   Residual = 0.0131765
Final Resid Norm: 0.0131765

Loop 0 <line-186> - Time 15.477542 Total energy consumed 824.981355 Ave. Power Level 53.301833 Memory 64629 MemoryRefresh 26070
	-------- Loop 0 (sock 1 consumed 450.894855, avg temp 50.000000, final temp 50 ) ------
	-------- Loop 0 (sock 2 consumed 374.086500, avg temp 37.000000, final temp 37 ) ------
Loop 1 <line-202> - Time 24.962901 Total energy consumed 1704.508800 Ave. Power Level 68.281679 Memory 2006 MemoryRefresh 43452
	-------- Loop 1 (sock 1 consumed 837.120180, avg temp 49.000000, final temp 49 ) ------
	-------- Loop 1 (sock 2 consumed 867.388620, avg temp 41.000000, final temp 41 ) ------
Loop 2 <line-487> - Time 22.918881 Total energy consumed 1405.781160 Ave. Power Level 61.337251 Memory 407 MemoryRefresh 39330
	-------- Loop 2 (sock 1 consumed 663.255435, avg temp 46.000000, final temp 48 ) ------
	-------- Loop 2 (sock 2 consumed 742.525725, avg temp 38.500000, final temp 39 ) ------
Loop 3 <line-535> - Time 48.528302 Total energy consumed 4131.895860 Ave. Power Level 85.144043 Memory 1064359750 MemoryRefresh 81690
	-------- Loop 3 (sock 1 consumed 2047.613505, avg temp 50.910448, final temp 52 ) ------
	-------- Loop 3 (sock 2 consumed 2084.282355, avg temp 43.532338, final temp 44 ) ------
Application(EnergyStat) - Time 128.748607 Total energy consumed 9374.627190 Ave. Power Level 72.813426 Memory 1065417194 MemoryRefresh 218990 Final Temperature socket 1 : 49  socket 2 : 44 
	 ParallelApplication(EnergyStat) - Time 111.887626 Total energy consumed 8067.167175 Ave. Power Level 72.100620 Memory 1064426792 MemoryRefresh 190542
MiniFE Mini-App, OpenMP Peer Implementation
Creating OpenMP Thread Pool...
Counted: 4 threads.
Running MiniFE Mini-App...
      creating/filling mesh...0.319625s, total time: 0.319625
generating matrix structure...15.5268s, total time: 15.8464
         assembling FE data...24.8579s, total time: 40.7043
      imposing Dirichlet BC...17.0247s, total time: 57.7291
      imposing Dirichlet BC...6.84231s, total time: 64.5714
making matrix indices local...0s, total time: 64.5714
Starting CG solver ... 
Initial Residual = 301.002
Iteration = 20   Residual = 0.0582644
Iteration = 40   Residual = 0.0262833
Iteration = 60   Residual = 0.0165032
Iteration = 80   Residual = 0.0300054
Iteration = 100   Residual = 0.00846776
Iteration = 120   Residual = 0.00653361
Iteration = 140   Residual = 0.00947527
Iteration = 160   Residual = 0.00403271
Iteration = 180   Residual = 0.00321675
Iteration = 200   Residual = 0.0131765
Final Resid Norm: 0.0131765

Loop 0 <line-186> - Time 15.527267 Total energy consumed 825.802650 Ave. Power Level 53.184030 Memory 64665 MemoryRefresh 26148
	-------- Loop 0 (sock 1 consumed 451.954065, avg temp 48.000000, final temp 48 ) ------
	-------- Loop 0 (sock 2 consumed 373.848585, avg temp 36.000000, final temp 36 ) ------
Loop 1 <line-202> - Time 24.858300 Total energy consumed 1697.883015 Ave. Power Level 68.302459 Memory 2121 MemoryRefresh 43254
	-------- Loop 1 (sock 1 consumed 833.828790, avg temp 49.000000, final temp 49 ) ------
	-------- Loop 1 (sock 2 consumed 864.054225, avg temp 40.000000, final temp 40 ) ------
Loop 2 <line-487> - Time 23.812397 Total energy consumed 1467.180720 Ave. Power Level 61.614155 Memory 233 MemoryRefresh 40905
	-------- Loop 2 (sock 1 consumed 694.189410, avg temp 46.500000, final temp 49 ) ------
	-------- Loop 2 (sock 2 consumed 772.991310, avg temp 38.500000, final temp 39 ) ------
Loop 3 <line-535> - Time 48.508372 Total energy consumed 4131.518835 Ave. Power Level 85.171253 Memory 2907687 MemoryRefresh 81667
	-------- Loop 3 (sock 1 consumed 2045.747745, avg temp 50.810945, final temp 52 ) ------
	-------- Loop 3 (sock 2 consumed 2085.771090, avg temp 44.298507, final temp 45 ) ------
Application(EnergyStat) - Time 129.610994 Total energy consumed 9434.422455 Ave. Power Level 72.790295 Memory 3966878 MemoryRefresh 220484 Final Temperature socket 1 : 50  socket 2 : 45 
	 ParallelApplication(EnergyStat) - Time 112.706336 Total energy consumed 8122.385220 Ave. Power Level 72.066802 Memory 2974706 MemoryRefresh 191974
