MiniFE Mini-App, OpenMP Peer Implementation
Creating OpenMP Thread Pool...
Counted: 14 threads.
Running MiniFE Mini-App...
      creating/filling mesh...0.346743s, total time: 0.346743
generating matrix structure...15.4752s, total time: 15.8219
         assembling FE data...7.84869s, total time: 23.6706
      imposing Dirichlet BC...3.90958s, total time: 27.5802
      imposing Dirichlet BC...2.18091s, total time: 29.7611
making matrix indices local...9.53674e-07s, total time: 29.7611
Starting CG solver ... 
Initial Residual = 301.002
Iteration = 20   Residual = 0.0582631
Iteration = 40   Residual = 0.0263172
Iteration = 60   Residual = 0.0165032
Iteration = 80   Residual = 0.0116905
Iteration = 100   Residual = 0.00846776
Iteration = 120   Residual = 0.00655085
Iteration = 140   Residual = 0.00506854
Iteration = 160   Residual = 0.00419029
Iteration = 180   Residual = 0.00317176
Iteration = 200   Residual = 0.00280522
Final Resid Norm: 0.00280522

Loop 0 <line-186> - Time 15.475642 Total energy consumed 825.316020 Ave. Power Level 53.330001 Memory 79758 MemoryRefresh 25766
	-------- Loop 0 (sock 1 consumed 450.304470, avg temp 59.000000, final temp 59 ) ------
	-------- Loop 0 (sock 2 consumed 375.011550, avg temp 44.000000, final temp 44 ) ------
Loop 1 <line-202> - Time 7.849146 Total energy consumed 877.760340 Ave. Power Level 111.828765 Memory 35672 MemoryRefresh 13542
	-------- Loop 1 (sock 1 consumed 441.542010, avg temp 62.000000, final temp 62 ) ------
	-------- Loop 1 (sock 2 consumed 436.218330, avg temp 50.000000, final temp 50 ) ------
Loop 2 <line-487> - Time 6.032284 Total energy consumed 569.278020 Ave. Power Level 94.371881 Memory 13084 MemoryRefresh 10378
	-------- Loop 2 (sock 1 consumed 285.666885, avg temp 58.500000, final temp 61 ) ------
	-------- Loop 2 (sock 2 consumed 283.611135, avg temp 47.500000, final temp 49 ) ------
Loop 3 <line-535> - Time 27.542201 Total energy consumed 3753.628410 Ave. Power Level 136.286436 Memory 1431468223 MemoryRefresh 44246
	-------- Loop 3 (sock 1 consumed 1896.404220, avg temp 62.616915, final temp 63 ) ------
	-------- Loop 3 (sock 2 consumed 1857.224190, avg temp 51.681592, final temp 53 ) ------
Application(EnergyStat) - Time 73.910006 Total energy consumed 7978.227675 Ave. Power Level 107.945163 Memory 1432799972 MemoryRefresh 120600 Final Temperature socket 1 : 64  socket 2 : 52 
	 ParallelApplication(EnergyStat) - Time 56.899274 Total energy consumed 6025.982790 Ave. Power Level 105.906146 Memory 1431596737 MemoryRefresh 93932
MiniFE Mini-App, OpenMP Peer Implementation
Creating OpenMP Thread Pool...
Counted: 14 threads.
Running MiniFE Mini-App...
      creating/filling mesh...0.345891s, total time: 0.345891
generating matrix structure...15.5041s, total time: 15.85
         assembling FE data...7.85683s, total time: 23.7069
      imposing Dirichlet BC...3.91354s, total time: 27.6204
      imposing Dirichlet BC...2.18299s, total time: 29.8034
making matrix indices local...0s, total time: 29.8034
Starting CG solver ... 
Initial Residual = 301.002
Iteration = 20   Residual = 0.0582631
Iteration = 40   Residual = 0.0263172
Iteration = 60   Residual = 0.0165032
Iteration = 80   Residual = 0.0116905
Iteration = 100   Residual = 0.00846776
Iteration = 120   Residual = 0.00655085
Iteration = 140   Residual = 0.00506854
Iteration = 160   Residual = 0.00419029
Iteration = 180   Residual = 0.00317176
Iteration = 200   Residual = 0.00280522
Final Resid Norm: 0.00280522

Loop 0 <line-186> - Time 15.504579 Total energy consumed 828.757605 Ave. Power Level 53.452442 Memory 79619 MemoryRefresh 25836
	-------- Loop 0 (sock 1 consumed 452.218020, avg temp 60.000000, final temp 60 ) ------
	-------- Loop 0 (sock 2 consumed 376.539585, avg temp 45.000000, final temp 45 ) ------
Loop 1 <line-202> - Time 7.856893 Total energy consumed 881.413050 Ave. Power Level 112.183408 Memory 35343 MemoryRefresh 13558
	-------- Loop 1 (sock 1 consumed 443.419830, avg temp 62.000000, final temp 62 ) ------
	-------- Loop 1 (sock 2 consumed 437.993220, avg temp 51.000000, final temp 51 ) ------
Loop 2 <line-487> - Time 6.038256 Total energy consumed 572.311095 Ave. Power Level 94.780862 Memory 13069 MemoryRefresh 10392
	-------- Loop 2 (sock 1 consumed 286.996335, avg temp 59.000000, final temp 61 ) ------
	-------- Loop 2 (sock 2 consumed 285.314760, avg temp 49.000000, final temp 51 ) ------
Loop 3 <line-535> - Time 27.534279 Total energy consumed 3755.730105 Ave. Power Level 136.401979 Memory 1498862342 MemoryRefresh 44277
	-------- Loop 3 (sock 1 consumed 1897.123035, avg temp 63.004975, final temp 64 ) ------
	-------- Loop 3 (sock 2 consumed 1858.607070, avg temp 52.537313, final temp 54 ) ------
Application(EnergyStat) - Time 73.951895 Total energy consumed 7995.339105 Ave. Power Level 108.115405 Memory 1500192364 MemoryRefresh 120751 Final Temperature socket 1 : 63  socket 2 : 54 
	 ParallelApplication(EnergyStat) - Time 56.934007 Total energy consumed 6038.211855 Ave. Power Level 106.056331 Memory 1498990373 MemoryRefresh 94063
MiniFE Mini-App, OpenMP Peer Implementation
Creating OpenMP Thread Pool...
Counted: 14 threads.
Running MiniFE Mini-App...
      creating/filling mesh...0.34574s, total time: 0.34574
generating matrix structure...15.4665s, total time: 15.8122
         assembling FE data...7.86387s, total time: 23.6761
      imposing Dirichlet BC...3.90541s, total time: 27.5815
      imposing Dirichlet BC...2.18126s, total time: 29.7628
making matrix indices local...0s, total time: 29.7628
Starting CG solver ... 
Initial Residual = 301.002
Iteration = 20   Residual = 0.0582631
Iteration = 40   Residual = 0.0263172
Iteration = 60   Residual = 0.0165032
Iteration = 80   Residual = 0.0116905
Iteration = 100   Residual = 0.00846776
Iteration = 120   Residual = 0.00655085
Iteration = 140   Residual = 0.00506854
Iteration = 160   Residual = 0.00419029
Iteration = 180   Residual = 0.00317176
Iteration = 200   Residual = 0.00280522
Final Resid Norm: 0.00280522

Loop 0 <line-186> - Time 15.466916 Total energy consumed 828.046020 Ave. Power Level 53.536594 Memory 79760 MemoryRefresh 25774
	-------- Loop 0 (sock 1 consumed 451.908870, avg temp 61.000000, final temp 61 ) ------
	-------- Loop 0 (sock 2 consumed 376.137150, avg temp 46.000000, final temp 46 ) ------
Loop 1 <line-202> - Time 7.863927 Total energy consumed 881.612085 Ave. Power Level 112.108370 Memory 35207 MemoryRefresh 13571
	-------- Loop 1 (sock 1 consumed 443.345235, avg temp 62.000000, final temp 62 ) ------
	-------- Loop 1 (sock 2 consumed 438.266850, avg temp 50.000000, final temp 50 ) ------
Loop 2 <line-487> - Time 6.028405 Total energy consumed 569.872575 Ave. Power Level 94.531228 Memory 13127 MemoryRefresh 10377
	-------- Loop 2 (sock 1 consumed 284.821410, avg temp 59.500000, final temp 61 ) ------
	-------- Loop 2 (sock 2 consumed 285.051165, avg temp 49.000000, final temp 51 ) ------
Loop 3 <line-535> - Time 27.546049 Total energy consumed 3756.567240 Ave. Power Level 136.374087 Memory 3713625 MemoryRefresh 44282
	-------- Loop 3 (sock 1 consumed 1898.439960, avg temp 63.164179, final temp 64 ) ------
	-------- Loop 3 (sock 2 consumed 1858.127280, avg temp 52.975124, final temp 54 ) ------
Application(EnergyStat) - Time 73.924164 Total energy consumed 7990.188780 Ave. Power Level 108.086292 Memory 1491464275 MemoryRefresh 120655 Final Temperature socket 1 : 64  socket 2 : 53 
	 ParallelApplication(EnergyStat) - Time 56.905298 Total energy consumed 6036.097920 Ave. Power Level 106.072688 Memory 3841719 MemoryRefresh 94004
MiniFE Mini-App, OpenMP Peer Implementation
Creating OpenMP Thread Pool...
Counted: 14 threads.
Running MiniFE Mini-App...
      creating/filling mesh...0.350571s, total time: 0.350571
generating matrix structure...15.4598s, total time: 15.8104
         assembling FE data...7.87099s, total time: 23.6814
      imposing Dirichlet BC...3.91607s, total time: 27.5974
      imposing Dirichlet BC...2.18236s, total time: 29.7798
making matrix indices local...0s, total time: 29.7798
Starting CG solver ... 
Initial Residual = 301.002
Iteration = 20   Residual = 0.0582631
Iteration = 40   Residual = 0.0263172
Iteration = 60   Residual = 0.0165032
Iteration = 80   Residual = 0.0116905
Iteration = 100   Residual = 0.00846776
Iteration = 120   Residual = 0.00655085
Iteration = 140   Residual = 0.00506854
Iteration = 160   Residual = 0.00419029
Iteration = 180   Residual = 0.00317176
Iteration = 200   Residual = 0.00280522
Final Resid Norm: 0.00280522

Loop 0 <line-186> - Time 15.460249 Total energy consumed 828.342225 Ave. Power Level 53.578842 Memory 79254 MemoryRefresh 25765
	-------- Loop 0 (sock 1 consumed 451.176720, avg temp 60.000000, final temp 60 ) ------
	-------- Loop 0 (sock 2 consumed 377.165505, avg temp 47.000000, final temp 47 ) ------
Loop 1 <line-202> - Time 7.871053 Total energy consumed 883.323990 Ave. Power Level 112.224372 Memory 35284 MemoryRefresh 13570
	-------- Loop 1 (sock 1 consumed 444.412305, avg temp 63.000000, final temp 63 ) ------
	-------- Loop 1 (sock 2 consumed 438.911685, avg temp 51.000000, final temp 51 ) ------
Loop 2 <line-487> - Time 6.040240 Total energy consumed 570.882330 Ave. Power Level 94.513187 Memory 13113 MemoryRefresh 10397
	-------- Loop 2 (sock 1 consumed 285.213705, avg temp 60.000000, final temp 62 ) ------
	-------- Loop 2 (sock 2 consumed 285.668625, avg temp 49.500000, final temp 52 ) ------
Loop 3 <line-535> - Time 27.534064 Total energy consumed 3752.179140 Ave. Power Level 136.274075 Memory 3710769 MemoryRefresh 44260
	-------- Loop 3 (sock 1 consumed 1896.547200, avg temp 63.950249, final temp 65 ) ------
	-------- Loop 3 (sock 2 consumed 1855.631940, avg temp 52.990050, final temp 54 ) ------
Application(EnergyStat) - Time 73.940282 Total energy consumed 7990.000245 Ave. Power Level 108.060181 Memory 5038789 MemoryRefresh 120674 Final Temperature socket 1 : 64  socket 2 : 54 
	 ParallelApplication(EnergyStat) - Time 56.905606 Total energy consumed 6034.727685 Ave. Power Level 106.048035 Memory 3838420 MemoryRefresh 93992
MiniFE Mini-App, OpenMP Peer Implementation
Creating OpenMP Thread Pool...
Counted: 14 threads.
Running MiniFE Mini-App...
      creating/filling mesh...0.345131s, total time: 0.345132
generating matrix structure...15.5049s, total time: 15.85
         assembling FE data...7.86551s, total time: 23.7155
      imposing Dirichlet BC...3.91457s, total time: 27.6301
      imposing Dirichlet BC...2.18123s, total time: 29.8113
making matrix indices local...0s, total time: 29.8113
Starting CG solver ... 
Initial Residual = 301.002
Iteration = 20   Residual = 0.0582631
Iteration = 40   Residual = 0.0263172
Iteration = 60   Residual = 0.0165032
Iteration = 80   Residual = 0.0116905
Iteration = 100   Residual = 0.00846776
Iteration = 120   Residual = 0.00655085
Iteration = 140   Residual = 0.00506854
Iteration = 160   Residual = 0.00419029
Iteration = 180   Residual = 0.00317176
Iteration = 200   Residual = 0.00280522
Final Resid Norm: 0.00280522

Loop 0 <line-186> - Time 15.505310 Total energy consumed 830.865480 Ave. Power Level 53.585865 Memory 79374 MemoryRefresh 25838
	-------- Loop 0 (sock 1 consumed 453.753975, avg temp 61.000000, final temp 61 ) ------
	-------- Loop 0 (sock 2 consumed 377.111505, avg temp 46.000000, final temp 46 ) ------
Loop 1 <line-202> - Time 7.865862 Total energy consumed 885.857535 Ave. Power Level 112.620533 Memory 35122 MemoryRefresh 13576
	-------- Loop 1 (sock 1 consumed 446.452695, avg temp 63.000000, final temp 63 ) ------
	-------- Loop 1 (sock 2 consumed 439.404840, avg temp 52.000000, final temp 52 ) ------
Loop 2 <line-487> - Time 6.038786 Total energy consumed 575.373030 Ave. Power Level 95.279582 Memory 13138 MemoryRefresh 10396
	-------- Loop 2 (sock 1 consumed 288.989880, avg temp 61.000000, final temp 63 ) ------
	-------- Loop 2 (sock 2 consumed 286.383150, avg temp 50.000000, final temp 52 ) ------
Loop 3 <line-535> - Time 27.552698 Total energy consumed 3758.430240 Ave. Power Level 136.408793 Memory 2958713779 MemoryRefresh 44331
	-------- Loop 3 (sock 1 consumed 1902.144990, avg temp 64.298507, final temp 66 ) ------
	-------- Loop 3 (sock 2 consumed 1856.285250, avg temp 53.467662, final temp 55 ) ------
Application(EnergyStat) - Time 73.986656 Total energy consumed 8003.391105 Ave. Power Level 108.173441 Memory 2960040980 MemoryRefresh 120794 Final Temperature socket 1 : 65  socket 2 : 54 
	 ParallelApplication(EnergyStat) - Time 56.962656 Total energy consumed 6050.526285 Ave. Power Level 106.219174 Memory 2958841413 MemoryRefresh 94141
MiniFE Mini-App, OpenMP Peer Implementation
Creating OpenMP Thread Pool...
Counted: 14 threads.
Running MiniFE Mini-App...
      creating/filling mesh...0.34697s, total time: 0.34697
generating matrix structure...15.469s, total time: 15.816
         assembling FE data...7.85475s, total time: 23.6707
      imposing Dirichlet BC...5.77618s, total time: 29.4469
      imposing Dirichlet BC...2.18103s, total time: 31.628
making matrix indices local...0s, total time: 31.628
Starting CG solver ... 
Initial Residual = 301.002
Iteration = 20   Residual = 0.0582631
Iteration = 40   Residual = 0.0263172
Iteration = 60   Residual = 0.0165032
Iteration = 80   Residual = 0.0116905
Iteration = 100   Residual = 0.00846776
Iteration = 120   Residual = 0.00655085
Iteration = 140   Residual = 0.00506854
Iteration = 160   Residual = 0.00419029
Iteration = 180   Residual = 0.00317176
Iteration = 200   Residual = 0.00280522
Final Resid Norm: 0.00280522

Loop 0 <line-186> - Time 15.469076 Total energy consumed 828.900150 Ave. Power Level 53.584336 Memory 79616 MemoryRefresh 25758
	-------- Loop 0 (sock 1 consumed 452.870475, avg temp 62.000000, final temp 62 ) ------
	-------- Loop 0 (sock 2 consumed 376.029675, avg temp 46.000000, final temp 46 ) ------
Loop 1 <line-202> - Time 7.855192 Total energy consumed 884.757135 Ave. Power Level 112.633420 Memory 35238 MemoryRefresh 13554
	-------- Loop 1 (sock 1 consumed 446.218920, avg temp 64.000000, final temp 64 ) ------
	-------- Loop 1 (sock 2 consumed 438.538215, avg temp 52.000000, final temp 52 ) ------
Loop 2 <line-487> - Time 7.899760 Total energy consumed 701.377815 Ave. Power Level 88.784701 Memory 14172 MemoryRefresh 13531
	-------- Loop 2 (sock 1 consumed 350.044590, avg temp 60.000000, final temp 62 ) ------
	-------- Loop 2 (sock 2 consumed 351.333225, avg temp 49.500000, final temp 52 ) ------
Loop 3 <line-535> - Time 27.514964 Total energy consumed 3749.906340 Ave. Power Level 136.286072 Memory 1446026118 MemoryRefresh 44229
	-------- Loop 3 (sock 1 consumed 1900.294980, avg temp 64.119403, final temp 66 ) ------
	-------- Loop 3 (sock 2 consumed 1849.611360, avg temp 53.174129, final temp 55 ) ------
Application(EnergyStat) - Time 75.758398 Total energy consumed 8121.766575 Ave. Power Level 107.206155 Memory 1447357514 MemoryRefresh 123752 Final Temperature socket 1 : 65  socket 2 : 54 
	 ParallelApplication(EnergyStat) - Time 58.738991 Total energy consumed 6164.941440 Ave. Power Level 104.954840 Memory 1446155144 MemoryRefresh 97072
MiniFE Mini-App, OpenMP Peer Implementation
Creating OpenMP Thread Pool...
Counted: 14 threads.
Running MiniFE Mini-App...
      creating/filling mesh...0.353322s, total time: 0.353322
generating matrix structure...15.4756s, total time: 15.8289
         assembling FE data...7.85509s, total time: 23.684
      imposing Dirichlet BC...3.91246s, total time: 27.5965
      imposing Dirichlet BC...2.18132s, total time: 29.7778
making matrix indices local...0s, total time: 29.7778
Starting CG solver ... 
Initial Residual = 301.002
Iteration = 20   Residual = 0.0582631
Iteration = 40   Residual = 0.0263172
Iteration = 60   Residual = 0.0165032
Iteration = 80   Residual = 0.0116905
Iteration = 100   Residual = 0.00846776
Iteration = 120   Residual = 0.00655085
Iteration = 140   Residual = 0.00506854
Iteration = 160   Residual = 0.00419029
Iteration = 180   Residual = 0.00317176
Iteration = 200   Residual = 0.00280522
Final Resid Norm: 0.00280522

Loop 0 <line-186> - Time 15.476019 Total energy consumed 830.206605 Ave. Power Level 53.644713 Memory 79712 MemoryRefresh 25788
	-------- Loop 0 (sock 1 consumed 454.751565, avg temp 62.000000, final temp 62 ) ------
	-------- Loop 0 (sock 2 consumed 375.455040, avg temp 46.000000, final temp 46 ) ------
Loop 1 <line-202> - Time 7.855452 Total energy consumed 885.272175 Ave. Power Level 112.695261 Memory 35214 MemoryRefresh 13560
	-------- Loop 1 (sock 1 consumed 446.589975, avg temp 64.000000, final temp 64 ) ------
	-------- Loop 1 (sock 2 consumed 438.682200, avg temp 53.000000, final temp 53 ) ------
Loop 2 <line-487> - Time 6.035616 Total energy consumed 572.434155 Ave. Power Level 94.842702 Memory 13115 MemoryRefresh 10386
	-------- Loop 2 (sock 1 consumed 286.858935, avg temp 61.000000, final temp 63 ) ------
	-------- Loop 2 (sock 2 consumed 285.575220, avg temp 50.000000, final temp 52 ) ------
Loop 3 <line-535> - Time 27.523319 Total energy consumed 3752.682420 Ave. Power Level 136.345564 Memory 3710797 MemoryRefresh 44272
	-------- Loop 3 (sock 1 consumed 1897.870035, avg temp 64.119403, final temp 65 ) ------
	-------- Loop 3 (sock 2 consumed 1854.812385, avg temp 53.194030, final temp 54 ) ------
Application(EnergyStat) - Time 73.934020 Total energy consumed 7998.278895 Ave. Power Level 108.181307 Memory 5039857 MemoryRefresh 120676 Final Temperature socket 1 : 65  socket 2 : 54 
	 ParallelApplication(EnergyStat) - Time 56.890406 Total energy consumed 6040.595355 Ave. Power Level 106.179509 Memory 3838838 MemoryRefresh 94006
MiniFE Mini-App, OpenMP Peer Implementation
Creating OpenMP Thread Pool...
Counted: 14 threads.
Running MiniFE Mini-App...
      creating/filling mesh...0.34615s, total time: 0.34615
generating matrix structure...15.4656s, total time: 15.8118
         assembling FE data...7.90161s, total time: 23.7134
      imposing Dirichlet BC...3.91563s, total time: 27.629
      imposing Dirichlet BC...2.1811s, total time: 29.8101
making matrix indices local...0s, total time: 29.8101
Starting CG solver ... 
Initial Residual = 301.002
Iteration = 20   Residual = 0.0582631
Iteration = 40   Residual = 0.0263172
Iteration = 60   Residual = 0.0165032
Iteration = 80   Residual = 0.0116905
Iteration = 100   Residual = 0.00846776
Iteration = 120   Residual = 0.00655085
Iteration = 140   Residual = 0.00506854
Iteration = 160   Residual = 0.00419029
Iteration = 180   Residual = 0.00317176
Iteration = 200   Residual = 0.00280522
Final Resid Norm: 0.00280522

Loop 0 <line-186> - Time 15.466106 Total energy consumed 828.367650 Ave. Power Level 53.560195 Memory 79775 MemoryRefresh 25768
	-------- Loop 0 (sock 1 consumed 453.270090, avg temp 61.000000, final temp 61 ) ------
	-------- Loop 0 (sock 2 consumed 375.097560, avg temp 45.000000, final temp 45 ) ------
Loop 1 <line-202> - Time 7.902007 Total energy consumed 886.550550 Ave. Power Level 112.193084 Memory 34578 MemoryRefresh 13636
	-------- Loop 1 (sock 1 consumed 446.747760, avg temp 63.000000, final temp 63 ) ------
	-------- Loop 1 (sock 2 consumed 439.802790, avg temp 52.000000, final temp 52 ) ------
Loop 2 <line-487> - Time 6.038670 Total energy consumed 573.601440 Ave. Power Level 94.988043 Memory 13100 MemoryRefresh 10400
	-------- Loop 2 (sock 1 consumed 287.687565, avg temp 60.000000, final temp 62 ) ------
	-------- Loop 2 (sock 2 consumed 285.913875, avg temp 49.500000, final temp 52 ) ------
Loop 3 <line-535> - Time 27.544362 Total energy consumed 3755.795625 Ave. Power Level 136.354424 Memory 1437640487 MemoryRefresh 44293
	-------- Loop 3 (sock 1 consumed 1899.423180, avg temp 63.781095, final temp 65 ) ------
	-------- Loop 3 (sock 2 consumed 1856.372445, avg temp 52.880597, final temp 54 ) ------
Application(EnergyStat) - Time 74.001651 Total energy consumed 7998.676455 Ave. Power Level 108.087811 Memory 1438968896 MemoryRefresh 120778 Final Temperature socket 1 : 63  socket 2 : 53 
	 ParallelApplication(EnergyStat) - Time 56.951145 Total energy consumed 6044.315265 Ave. Power Level 106.131585 Memory 1437767940 MemoryRefresh 94097
MiniFE Mini-App, OpenMP Peer Implementation
Creating OpenMP Thread Pool...
Counted: 14 threads.
Running MiniFE Mini-App...
      creating/filling mesh...0.347248s, total time: 0.347248
generating matrix structure...15.4447s, total time: 15.7919
         assembling FE data...7.89971s, total time: 23.6916
      imposing Dirichlet BC...3.90802s, total time: 27.5997
      imposing Dirichlet BC...2.18152s, total time: 29.7812
making matrix indices local...0s, total time: 29.7812
Starting CG solver ... 
Initial Residual = 301.002
Iteration = 20   Residual = 0.0582631
Iteration = 40   Residual = 0.0263172
Iteration = 60   Residual = 0.0165032
Iteration = 80   Residual = 0.0116905
Iteration = 100   Residual = 0.00846776
Iteration = 120   Residual = 0.00655085
Iteration = 140   Residual = 0.00506854
Iteration = 160   Residual = 0.00419029
Iteration = 180   Residual = 0.00317176
Iteration = 200   Residual = 0.00280522
Final Resid Norm: 0.00280522

Loop 0 <line-186> - Time 15.445118 Total energy consumed 825.986910 Ave. Power Level 53.478833 Memory 79769 MemoryRefresh 25720
	-------- Loop 0 (sock 1 consumed 451.793430, avg temp 61.000000, final temp 61 ) ------
	-------- Loop 0 (sock 2 consumed 374.193480, avg temp 45.000000, final temp 45 ) ------
Loop 1 <line-202> - Time 7.899769 Total energy consumed 885.882720 Ave. Power Level 112.140332 Memory 34610 MemoryRefresh 13636
	-------- Loop 1 (sock 1 consumed 446.840475, avg temp 62.000000, final temp 62 ) ------
	-------- Loop 1 (sock 2 consumed 439.042245, avg temp 51.000000, final temp 51 ) ------
Loop 2 <line-487> - Time 6.031209 Total energy consumed 569.643810 Ave. Power Level 94.449355 Memory 13065 MemoryRefresh 10376
	-------- Loop 2 (sock 1 consumed 285.438990, avg temp 60.000000, final temp 62 ) ------
	-------- Loop 2 (sock 2 consumed 284.204820, avg temp 49.500000, final temp 52 ) ------
Loop 3 <line-535> - Time 27.532200 Total energy consumed 3753.408195 Ave. Power Level 136.327943 Memory 1610391045 MemoryRefresh 44313
	-------- Loop 3 (sock 1 consumed 1899.568935, avg temp 63.422886, final temp 64 ) ------
	-------- Loop 3 (sock 2 consumed 1853.839260, avg temp 52.651741, final temp 54 ) ------
Application(EnergyStat) - Time 74.009338 Total energy consumed 7993.164240 Ave. Power Level 108.002105 Memory 1611720411 MemoryRefresh 120774 Final Temperature socket 1 : 64  socket 2 : 54 
	 ParallelApplication(EnergyStat) - Time 56.908296 Total energy consumed 6034.921635 Ave. Power Level 106.046429 Memory 1610518489 MemoryRefresh 94045
MiniFE Mini-App, OpenMP Peer Implementation
Creating OpenMP Thread Pool...
Counted: 14 threads.
Running MiniFE Mini-App...
      creating/filling mesh...0.351556s, total time: 0.351557
generating matrix structure...15.4772s, total time: 15.8288
         assembling FE data...7.84598s, total time: 23.6748
      imposing Dirichlet BC...3.91699s, total time: 27.5917
      imposing Dirichlet BC...2.18265s, total time: 29.7744
making matrix indices local...0s, total time: 29.7744
Starting CG solver ... 
Initial Residual = 301.002
Iteration = 20   Residual = 0.0582631
Iteration = 40   Residual = 0.0263172
Iteration = 60   Residual = 0.0165032
Iteration = 80   Residual = 0.0116905
Iteration = 100   Residual = 0.00846776
Iteration = 120   Residual = 0.00655085
Iteration = 140   Residual = 0.00506854
Iteration = 160   Residual = 0.00419029
Iteration = 180   Residual = 0.00317176
Iteration = 200   Residual = 0.00280522
Final Resid Norm: 0.00280522

Loop 0 <line-186> - Time 15.477647 Total energy consumed 827.241645 Ave. Power Level 53.447505 Memory 79818 MemoryRefresh 25766
	-------- Loop 0 (sock 1 consumed 452.081280, avg temp 61.000000, final temp 61 ) ------
	-------- Loop 0 (sock 2 consumed 375.160365, avg temp 46.000000, final temp 46 ) ------
Loop 1 <line-202> - Time 7.846050 Total energy consumed 881.162010 Ave. Power Level 112.306446 Memory 35392 MemoryRefresh 13542
	-------- Loop 1 (sock 1 consumed 444.386775, avg temp 63.000000, final temp 63 ) ------
	-------- Loop 1 (sock 2 consumed 436.775235, avg temp 52.000000, final temp 52 ) ------
Loop 2 <line-487> - Time 6.041253 Total energy consumed 570.102285 Ave. Power Level 94.368214 Memory 13120 MemoryRefresh 10400
	-------- Loop 2 (sock 1 consumed 285.709950, avg temp 59.500000, final temp 62 ) ------
	-------- Loop 2 (sock 2 consumed 284.392335, avg temp 49.000000, final temp 51 ) ------
Loop 3 <line-535> - Time 27.512278 Total energy consumed 3743.803515 Ave. Power Level 136.077554 Memory 3709039 MemoryRefresh 44205
	-------- Loop 3 (sock 1 consumed 1890.967455, avg temp 63.119403, final temp 64 ) ------
	-------- Loop 3 (sock 2 consumed 1852.836060, avg temp 52.786070, final temp 54 ) ------
Application(EnergyStat) - Time 73.891277 Total energy consumed 7975.214700 Ave. Power Level 107.931747 Memory 5039254 MemoryRefresh 120602 Final Temperature socket 1 : 63  socket 2 : 54 
	 ParallelApplication(EnergyStat) - Time 56.877229 Total energy consumed 6022.309455 Ave. Power Level 105.882610 Memory 3837369 MemoryRefresh 93913
