MiniFE Mini-App, OpenMP Peer Implementation
Creating OpenMP Thread Pool...
Counted: 6 threads.
Running MiniFE Mini-App...
      creating/filling mesh...0.324605s, total time: 0.324606
generating matrix structure...14.9375s, total time: 15.2621
         assembling FE data...16.7067s, total time: 31.9689
      imposing Dirichlet BC...8.07615s, total time: 40.045
      imposing Dirichlet BC...4.6679s, total time: 44.7129
making matrix indices local...0s, total time: 44.7129
Starting CG solver ... 
Initial Residual = 301.002
Iteration = 20   Residual = 0.0582628
Iteration = 40   Residual = 0.0280374
Iteration = 60   Residual = 0.0165032
Iteration = 80   Residual = 0.011577
Iteration = 100   Residual = 0.0134452
Iteration = 120   Residual = 0.00653336
Iteration = 140   Residual = 0.00514213
Iteration = 160   Residual = 0.0349558
Iteration = 180   Residual = 0.00321674
Iteration = 200   Residual = 0.00254666
Final Resid Norm: 0.00254666

Loop 0 <line-186> - Time 14.937969 Total energy consumed 806.404155 Ave. Power Level 53.983521 Memory 66420 MemoryRefresh 25120
	-------- Loop 0 (sock 1 consumed 441.732915, avg temp 50.000000, final temp 50 ) ------
	-------- Loop 0 (sock 2 consumed 364.671240, avg temp 39.000000, final temp 39 ) ------
Loop 1 <line-202> - Time 16.706793 Total energy consumed 1321.571535 Ave. Power Level 79.103845 Memory 28442 MemoryRefresh 29072
	-------- Loop 1 (sock 1 consumed 650.154735, avg temp 50.000000, final temp 50 ) ------
	-------- Loop 1 (sock 2 consumed 671.416800, avg temp 44.000000, final temp 44 ) ------
Loop 2 <line-487> - Time 12.688589 Total energy consumed 888.064665 Ave. Power Level 69.989236 Memory 8374 MemoryRefresh 21888
	-------- Loop 2 (sock 1 consumed 423.787965, avg temp 47.000000, final temp 48 ) ------
	-------- Loop 2 (sock 2 consumed 464.276700, avg temp 40.500000, final temp 41 ) ------
Loop 3 <line-535> - Time 34.798697 Total energy consumed 3549.969450 Ave. Power Level 102.014436 Memory 1111954170 MemoryRefresh 58135
	-------- Loop 3 (sock 1 consumed 1764.057075, avg temp 53.363184, final temp 55 ) ------
	-------- Loop 3 (sock 2 consumed 1785.912375, avg temp 46.293532, final temp 47 ) ------
Application(EnergyStat) - Time 95.605251 Total energy consumed 7999.675980 Ave. Power Level 83.674023 Memory 1113156161 MemoryRefresh 161640 Final Temperature socket 1 : 53  socket 2 : 46 
	 ParallelApplication(EnergyStat) - Time 79.132048 Total energy consumed 6566.009805 Ave. Power Level 82.975356 Memory 1112057406 MemoryRefresh 134215
MiniFE Mini-App, OpenMP Peer Implementation
Creating OpenMP Thread Pool...
Counted: 6 threads.
Running MiniFE Mini-App...
      creating/filling mesh...0.318364s, total time: 0.318365
generating matrix structure...14.9928s, total time: 15.3111
         assembling FE data...16.6641s, total time: 31.9753
      imposing Dirichlet BC...8.10656s, total time: 40.0818
      imposing Dirichlet BC...4.66728s, total time: 44.7491
making matrix indices local...0s, total time: 44.7491
Starting CG solver ... 
Initial Residual = 301.002
Iteration = 20   Residual = 0.0582628
Iteration = 40   Residual = 0.0280374
Iteration = 60   Residual = 0.0165032
Iteration = 80   Residual = 0.011577
Iteration = 100   Residual = 0.0134452
Iteration = 120   Residual = 0.00653336
Iteration = 140   Residual = 0.00514213
Iteration = 160   Residual = 0.0349558
Iteration = 180   Residual = 0.00321674
Iteration = 200   Residual = 0.00254666
Final Resid Norm: 0.00254666

Loop 0 <line-186> - Time 14.993210 Total energy consumed 811.151460 Ave. Power Level 54.101254 Memory 66581 MemoryRefresh 25214
	-------- Loop 0 (sock 1 consumed 445.289685, avg temp 51.000000, final temp 51 ) ------
	-------- Loop 0 (sock 2 consumed 365.861775, avg temp 39.000000, final temp 39 ) ------
Loop 1 <line-202> - Time 16.664578 Total energy consumed 1322.453190 Ave. Power Level 79.357137 Memory 28433 MemoryRefresh 28998
	-------- Loop 1 (sock 1 consumed 649.988295, avg temp 52.000000, final temp 52 ) ------
	-------- Loop 1 (sock 2 consumed 672.464895, avg temp 44.000000, final temp 44 ) ------
Loop 2 <line-487> - Time 12.718063 Total energy consumed 890.234490 Ave. Power Level 69.997649 Memory 8536 MemoryRefresh 21932
	-------- Loop 2 (sock 1 consumed 425.214030, avg temp 47.500000, final temp 48 ) ------
	-------- Loop 2 (sock 2 consumed 465.020460, avg temp 40.500000, final temp 41 ) ------
Loop 3 <line-535> - Time 34.762932 Total energy consumed 3550.494045 Ave. Power Level 102.134482 Memory 1064244483 MemoryRefresh 58061
	-------- Loop 3 (sock 1 consumed 1765.604385, avg temp 54.303483, final temp 55 ) ------
	-------- Loop 3 (sock 2 consumed 1784.889660, avg temp 46.049751, final temp 47 ) ------
Application(EnergyStat) - Time 95.557230 Total energy consumed 8005.595940 Ave. Power Level 83.778024 Memory 1065445036 MemoryRefresh 161544 Final Temperature socket 1 : 54  socket 2 : 47 
	 ParallelApplication(EnergyStat) - Time 79.138783 Total energy consumed 6574.333185 Ave. Power Level 83.073469 Memory 1064348033 MemoryRefresh 134205
MiniFE Mini-App, OpenMP Peer Implementation
Creating OpenMP Thread Pool...
Counted: 6 threads.
Running MiniFE Mini-App...
      creating/filling mesh...0.314124s, total time: 0.314126
generating matrix structure...14.9793s, total time: 15.2935
         assembling FE data...16.722s, total time: 32.0154
      imposing Dirichlet BC...10.9948s, total time: 43.0103
      imposing Dirichlet BC...4.66988s, total time: 47.6801
making matrix indices local...0s, total time: 47.6801
Starting CG solver ... 
Initial Residual = 301.002
Iteration = 20   Residual = 0.0582628
Iteration = 40   Residual = 0.0280374
Iteration = 60   Residual = 0.0165032
Iteration = 80   Residual = 0.011577
Iteration = 100   Residual = 0.0134452
Iteration = 120   Residual = 0.00653336
Iteration = 140   Residual = 0.00514213
Iteration = 160   Residual = 0.0349558
Iteration = 180   Residual = 0.00321674
Iteration = 200   Residual = 0.00254666
Final Resid Norm: 0.00254666

Loop 0 <line-186> - Time 14.979810 Total energy consumed 811.630035 Ave. Power Level 54.181596 Memory 66452 MemoryRefresh 25187
	-------- Loop 0 (sock 1 consumed 446.242425, avg temp 52.000000, final temp 52 ) ------
	-------- Loop 0 (sock 2 consumed 365.387610, avg temp 39.000000, final temp 39 ) ------
Loop 1 <line-202> - Time 16.722376 Total energy consumed 1336.430505 Ave. Power Level 79.918697 Memory 28576 MemoryRefresh 29090
	-------- Loop 1 (sock 1 consumed 658.638180, avg temp 53.000000, final temp 53 ) ------
	-------- Loop 1 (sock 2 consumed 677.792325, avg temp 44.000000, final temp 44 ) ------
Loop 2 <line-487> - Time 15.610071 Total energy consumed 1078.255635 Ave. Power Level 69.074357 Memory 10407 MemoryRefresh 26754
	-------- Loop 2 (sock 1 consumed 499.574820, avg temp 48.500000, final temp 49 ) ------
	-------- Loop 2 (sock 2 consumed 578.680815, avg temp 41.500000, final temp 43 ) ------
Loop 3 <line-535> - Time 34.800388 Total energy consumed 3560.390700 Ave. Power Level 102.308936 Memory 1066165297 MemoryRefresh 58150
	-------- Loop 3 (sock 1 consumed 1768.906350, avg temp 54.223881, final temp 55 ) ------
	-------- Loop 3 (sock 2 consumed 1791.484350, avg temp 46.059701, final temp 47 ) ------
Application(EnergyStat) - Time 98.536264 Total energy consumed 8221.236705 Ave. Power Level 83.433615 Memory 1067371624 MemoryRefresh 166520 Final Temperature socket 1 : 54  socket 2 : 46 
	 ParallelApplication(EnergyStat) - Time 82.112646 Total energy consumed 6786.706875 Ave. Power Level 82.651178 Memory 1066270732 MemoryRefresh 139181
MiniFE Mini-App, OpenMP Peer Implementation
Creating OpenMP Thread Pool...
Counted: 6 threads.
Running MiniFE Mini-App...
      creating/filling mesh...0.319283s, total time: 0.319284
generating matrix structure...14.9175s, total time: 15.2368
         assembling FE data...16.7106s, total time: 31.9474
      imposing Dirichlet BC...8.11016s, total time: 40.0575
      imposing Dirichlet BC...4.67564s, total time: 44.7332
making matrix indices local...0s, total time: 44.7332
Starting CG solver ... 
Initial Residual = 301.002
Iteration = 20   Residual = 0.0582628
Iteration = 40   Residual = 0.0280374
Iteration = 60   Residual = 0.0165032
Iteration = 80   Residual = 0.011577
Iteration = 100   Residual = 0.0134452
Iteration = 120   Residual = 0.00653336
Iteration = 140   Residual = 0.00514213
Iteration = 160   Residual = 0.0349558
Iteration = 180   Residual = 0.00321674
Iteration = 200   Residual = 0.00254666
Final Resid Norm: 0.00254666

Loop 0 <line-186> - Time 14.918005 Total energy consumed 809.126970 Ave. Power Level 54.238282 Memory 66469 MemoryRefresh 25090
	-------- Loop 0 (sock 1 consumed 444.488610, avg temp 52.000000, final temp 52 ) ------
	-------- Loop 0 (sock 2 consumed 364.638360, avg temp 39.000000, final temp 39 ) ------
Loop 1 <line-202> - Time 16.711021 Total energy consumed 1327.805280 Ave. Power Level 79.456862 Memory 28512 MemoryRefresh 29080
	-------- Loop 1 (sock 1 consumed 652.906410, avg temp 53.000000, final temp 53 ) ------
	-------- Loop 1 (sock 2 consumed 674.898870, avg temp 44.000000, final temp 44 ) ------
Loop 2 <line-487> - Time 12.731186 Total energy consumed 893.021880 Ave. Power Level 70.144437 Memory 8539 MemoryRefresh 21956
	-------- Loop 2 (sock 1 consumed 426.047895, avg temp 49.000000, final temp 50 ) ------
	-------- Loop 2 (sock 2 consumed 466.973985, avg temp 41.500000, final temp 43 ) ------
Loop 3 <line-535> - Time 34.784163 Total energy consumed 3556.903605 Ave. Power Level 102.256408 Memory 3138579 MemoryRefresh 58096
	-------- Loop 3 (sock 1 consumed 1770.568230, avg temp 55.019900, final temp 56 ) ------
	-------- Loop 3 (sock 2 consumed 1786.335375, avg temp 46.582090, final temp 48 ) ------
Application(EnergyStat) - Time 95.625892 Total energy consumed 8024.600040 Ave. Power Level 83.916603 Memory 4340623 MemoryRefresh 161646 Final Temperature socket 1 : 55  socket 2 : 46 
	 ParallelApplication(EnergyStat) - Time 79.144376 Total energy consumed 6586.857735 Ave. Power Level 83.225847 Memory 3242099 MemoryRefresh 134222
MiniFE Mini-App, OpenMP Peer Implementation
Creating OpenMP Thread Pool...
Counted: 6 threads.
Running MiniFE Mini-App...
      creating/filling mesh...0.319858s, total time: 0.319858
generating matrix structure...14.9527s, total time: 15.2726
         assembling FE data...16.6758s, total time: 31.9484
      imposing Dirichlet BC...8.07846s, total time: 40.0269
      imposing Dirichlet BC...4.66723s, total time: 44.6941
making matrix indices local...0s, total time: 44.6941
Starting CG solver ... 
Initial Residual = 301.002
Iteration = 20   Residual = 0.0582628
Iteration = 40   Residual = 0.0280374
Iteration = 60   Residual = 0.0165032
Iteration = 80   Residual = 0.011577
Iteration = 100   Residual = 0.0134452
Iteration = 120   Residual = 0.00653336
Iteration = 140   Residual = 0.00514213
Iteration = 160   Residual = 0.0349558
Iteration = 180   Residual = 0.00321674
Iteration = 200   Residual = 0.00254666
Final Resid Norm: 0.00254666

Loop 0 <line-186> - Time 14.953109 Total energy consumed 810.630540 Ave. Power Level 54.211507 Memory 66519 MemoryRefresh 25148
	-------- Loop 0 (sock 1 consumed 445.607070, avg temp 52.000000, final temp 52 ) ------
	-------- Loop 0 (sock 2 consumed 365.023470, avg temp 40.000000, final temp 40 ) ------
Loop 1 <line-202> - Time 16.676302 Total energy consumed 1325.263860 Ave. Power Level 79.469888 Memory 28395 MemoryRefresh 29019
	-------- Loop 1 (sock 1 consumed 652.085565, avg temp 53.000000, final temp 53 ) ------
	-------- Loop 1 (sock 2 consumed 673.178295, avg temp 44.000000, final temp 44 ) ------
Loop 2 <line-487> - Time 12.690278 Total energy consumed 894.485430 Ave. Power Level 70.485884 Memory 8379 MemoryRefresh 21902
	-------- Loop 2 (sock 1 consumed 427.489245, avg temp 49.500000, final temp 51 ) ------
	-------- Loop 2 (sock 2 consumed 466.996185, avg temp 41.500000, final temp 42 ) ------
Loop 3 <line-535> - Time 34.791592 Total energy consumed 3557.388600 Ave. Power Level 102.248514 Memory 3136845 MemoryRefresh 58121
	-------- Loop 3 (sock 1 consumed 1771.754355, avg temp 55.517413, final temp 57 ) ------
	-------- Loop 3 (sock 2 consumed 1785.634245, avg temp 47.179104, final temp 48 ) ------
Application(EnergyStat) - Time 95.566090 Total energy consumed 8023.783500 Ave. Power Level 83.960571 Memory 1070135314 MemoryRefresh 161582 Final Temperature socket 1 : 54  socket 2 : 48 
	 ParallelApplication(EnergyStat) - Time 79.111280 Total energy consumed 6587.768430 Ave. Power Level 83.272176 Memory 3240138 MemoryRefresh 134190
MiniFE Mini-App, OpenMP Peer Implementation
Creating OpenMP Thread Pool...
Counted: 6 threads.
Running MiniFE Mini-App...
      creating/filling mesh...0.313679s, total time: 0.313679
generating matrix structure...14.9679s, total time: 15.2816
         assembling FE data...16.7731s, total time: 32.0547
      imposing Dirichlet BC...8.19419s, total time: 40.2489
      imposing Dirichlet BC...4.66711s, total time: 44.916
making matrix indices local...0s, total time: 44.916
Starting CG solver ... 
Initial Residual = 301.002
Iteration = 20   Residual = 0.0582628
Iteration = 40   Residual = 0.0280374
Iteration = 60   Residual = 0.0165032
Iteration = 80   Residual = 0.011577
Iteration = 100   Residual = 0.0134452
Iteration = 120   Residual = 0.00653336
Iteration = 140   Residual = 0.00514213
Iteration = 160   Residual = 0.0349558
Iteration = 180   Residual = 0.00321674
Iteration = 200   Residual = 0.00254666
Final Resid Norm: 0.00254666

Loop 0 <line-186> - Time 14.968393 Total energy consumed 812.156445 Ave. Power Level 54.258092 Memory 66489 MemoryRefresh 25171
	-------- Loop 0 (sock 1 consumed 446.315115, avg temp 53.000000, final temp 53 ) ------
	-------- Loop 0 (sock 2 consumed 365.841330, avg temp 40.000000, final temp 40 ) ------
Loop 1 <line-202> - Time 16.773483 Total energy consumed 1332.040365 Ave. Power Level 79.413461 Memory 28417 MemoryRefresh 29184
	-------- Loop 1 (sock 1 consumed 654.878835, avg temp 54.000000, final temp 54 ) ------
	-------- Loop 1 (sock 2 consumed 677.161530, avg temp 44.000000, final temp 44 ) ------
Loop 2 <line-487> - Time 12.806690 Total energy consumed 898.058505 Ave. Power Level 70.124171 Memory 8547 MemoryRefresh 22074
	-------- Loop 2 (sock 1 consumed 427.664865, avg temp 49.000000, final temp 50 ) ------
	-------- Loop 2 (sock 2 consumed 470.393640, avg temp 41.500000, final temp 43 ) ------
Loop 3 <line-535> - Time 34.791105 Total energy consumed 3556.646370 Ave. Power Level 102.228611 Memory 3137063 MemoryRefresh 58112
	-------- Loop 3 (sock 1 consumed 1770.490410, avg temp 55.686567, final temp 56 ) ------
	-------- Loop 3 (sock 2 consumed 1786.155960, avg temp 46.810945, final temp 49 ) ------
Application(EnergyStat) - Time 95.762647 Total energy consumed 8032.262100 Ave. Power Level 83.876776 Memory 4338588 MemoryRefresh 161880 Final Temperature socket 1 : 55  socket 2 : 47 
	 ParallelApplication(EnergyStat) - Time 79.339672 Total energy consumed 6598.901685 Ave. Power Level 83.172788 Memory 3240516 MemoryRefresh 134541
MiniFE Mini-App, OpenMP Peer Implementation
Creating OpenMP Thread Pool...
Counted: 6 threads.
Running MiniFE Mini-App...
      creating/filling mesh...0.318015s, total time: 0.318015
generating matrix structure...14.9562s, total time: 15.2742
         assembling FE data...16.6905s, total time: 31.9647
      imposing Dirichlet BC...8.80839s, total time: 40.7731
      imposing Dirichlet BC...4.66976s, total time: 45.4429
making matrix indices local...9.53674e-07s, total time: 45.4429
Starting CG solver ... 
Initial Residual = 301.002
Iteration = 20   Residual = 0.0582628
Iteration = 40   Residual = 0.0280374
Iteration = 60   Residual = 0.0165032
Iteration = 80   Residual = 0.011577
Iteration = 100   Residual = 0.0134452
Iteration = 120   Residual = 0.00653336
Iteration = 140   Residual = 0.00514213
Iteration = 160   Residual = 0.0349558
Iteration = 180   Residual = 0.00321674
Iteration = 200   Residual = 0.00254666
Final Resid Norm: 0.00254666

Loop 0 <line-186> - Time 14.956650 Total energy consumed 811.443510 Ave. Power Level 54.253024 Memory 66409 MemoryRefresh 25154
	-------- Loop 0 (sock 1 consumed 445.838910, avg temp 53.000000, final temp 53 ) ------
	-------- Loop 0 (sock 2 consumed 365.604600, avg temp 39.000000, final temp 39 ) ------
Loop 1 <line-202> - Time 16.691462 Total energy consumed 1325.352390 Ave. Power Level 79.403015 Memory 28348 MemoryRefresh 29044
	-------- Loop 1 (sock 1 consumed 652.013805, avg temp 53.000000, final temp 53 ) ------
	-------- Loop 1 (sock 2 consumed 673.338585, avg temp 43.000000, final temp 43 ) ------
Loop 2 <line-487> - Time 13.423571 Total energy consumed 937.760295 Ave. Power Level 69.859226 Memory 8561 MemoryRefresh 23134
	-------- Loop 2 (sock 1 consumed 447.592200, avg temp 50.500000, final temp 53 ) ------
	-------- Loop 2 (sock 2 consumed 490.168095, avg temp 42.000000, final temp 44 ) ------
Loop 3 <line-535> - Time 34.780001 Total energy consumed 3559.464375 Ave. Power Level 102.342273 Memory 3137856 MemoryRefresh 58098
	-------- Loop 3 (sock 1 consumed 1770.240660, avg temp 55.228856, final temp 56 ) ------
	-------- Loop 3 (sock 2 consumed 1789.223715, avg temp 46.199005, final temp 47 ) ------
Application(EnergyStat) - Time 96.281011 Total energy consumed 8068.800960 Ave. Power Level 83.804697 Memory 4339362 MemoryRefresh 162766 Final Temperature socket 1 : 55  socket 2 : 47 
	 ParallelApplication(EnergyStat) - Time 79.851685 Total energy consumed 6634.020570 Ave. Power Level 83.079281 Memory 3241174 MemoryRefresh 135430
MiniFE Mini-App, OpenMP Peer Implementation
Creating OpenMP Thread Pool...
Counted: 6 threads.
Running MiniFE Mini-App...
      creating/filling mesh...0.317667s, total time: 0.317667
generating matrix structure...14.9654s, total time: 15.283
         assembling FE data...16.6895s, total time: 31.9725
      imposing Dirichlet BC...8.11019s, total time: 40.0827
      imposing Dirichlet BC...4.66701s, total time: 44.7497
making matrix indices local...0s, total time: 44.7497
Starting CG solver ... 
Initial Residual = 301.002
Iteration = 20   Residual = 0.0582628
Iteration = 40   Residual = 0.0280374
Iteration = 60   Residual = 0.0165032
Iteration = 80   Residual = 0.011577
Iteration = 100   Residual = 0.0134452
Iteration = 120   Residual = 0.00653336
Iteration = 140   Residual = 0.00514213
Iteration = 160   Residual = 0.0349558
Iteration = 180   Residual = 0.00321674
Iteration = 200   Residual = 0.00254666
Final Resid Norm: 0.00254666

Loop 0 <line-186> - Time 14.965790 Total energy consumed 811.376850 Ave. Power Level 54.215438 Memory 66476 MemoryRefresh 25166
	-------- Loop 0 (sock 1 consumed 445.833345, avg temp 52.000000, final temp 52 ) ------
	-------- Loop 0 (sock 2 consumed 365.543505, avg temp 39.000000, final temp 39 ) ------
Loop 1 <line-202> - Time 16.690143 Total energy consumed 1321.901415 Ave. Power Level 79.202524 Memory 28430 MemoryRefresh 29042
	-------- Loop 1 (sock 1 consumed 650.639700, avg temp 53.000000, final temp 53 ) ------
	-------- Loop 1 (sock 2 consumed 671.261715, avg temp 44.000000, final temp 44 ) ------
Loop 2 <line-487> - Time 12.721397 Total energy consumed 890.699325 Ave. Power Level 70.015843 Memory 8444 MemoryRefresh 21935
	-------- Loop 2 (sock 1 consumed 426.036390, avg temp 49.000000, final temp 50 ) ------
	-------- Loop 2 (sock 2 consumed 464.662935, avg temp 40.500000, final temp 41 ) ------
Loop 3 <line-535> - Time 34.764162 Total energy consumed 3556.103520 Ave. Power Level 102.292225 Memory 1078462110 MemoryRefresh 58075
	-------- Loop 3 (sock 1 consumed 1767.924240, avg temp 54.990050, final temp 56 ) ------
	-------- Loop 3 (sock 2 consumed 1788.179280, avg temp 46.248756, final temp 47 ) ------
Application(EnergyStat) - Time 95.567581 Total energy consumed 8013.653745 Ave. Power Level 83.853266 Memory 1079664034 MemoryRefresh 161566 Final Temperature socket 1 : 55  socket 2 : 47 
	 ParallelApplication(EnergyStat) - Time 79.141492 Total energy consumed 6580.081110 Ave. Power Level 83.143253 Memory 1078565460 MemoryRefresh 134218
MiniFE Mini-App, OpenMP Peer Implementation
Creating OpenMP Thread Pool...
Counted: 6 threads.
Running MiniFE Mini-App...
      creating/filling mesh...0.318024s, total time: 0.318024
generating matrix structure...14.949s, total time: 15.267
         assembling FE data...16.7005s, total time: 31.9675
      imposing Dirichlet BC...8.1044s, total time: 40.0719
      imposing Dirichlet BC...4.66941s, total time: 44.7413
making matrix indices local...0s, total time: 44.7413
Starting CG solver ... 
Initial Residual = 301.002
Iteration = 20   Residual = 0.0582628
Iteration = 40   Residual = 0.0280374
Iteration = 60   Residual = 0.0165032
Iteration = 80   Residual = 0.011577
Iteration = 100   Residual = 0.0134452
Iteration = 120   Residual = 0.00653336
Iteration = 140   Residual = 0.00514213
Iteration = 160   Residual = 0.0349558
Iteration = 180   Residual = 0.00321674
Iteration = 200   Residual = 0.00254666
Final Resid Norm: 0.00254666

Loop 0 <line-186> - Time 14.949435 Total energy consumed 811.508475 Ave. Power Level 54.283555 Memory 66512 MemoryRefresh 25144
	-------- Loop 0 (sock 1 consumed 445.514160, avg temp 53.000000, final temp 53 ) ------
	-------- Loop 0 (sock 2 consumed 365.994315, avg temp 39.000000, final temp 39 ) ------
Loop 1 <line-202> - Time 16.700569 Total energy consumed 1327.155270 Ave. Power Level 79.467668 Memory 28412 MemoryRefresh 29060
	-------- Loop 1 (sock 1 consumed 652.936155, avg temp 53.000000, final temp 53 ) ------
	-------- Loop 1 (sock 2 consumed 674.219115, avg temp 44.000000, final temp 44 ) ------
Loop 2 <line-487> - Time 12.718409 Total energy consumed 892.888005 Ave. Power Level 70.204380 Memory 8471 MemoryRefresh 21931
	-------- Loop 2 (sock 1 consumed 426.932415, avg temp 49.500000, final temp 50 ) ------
	-------- Loop 2 (sock 2 consumed 465.955590, avg temp 41.500000, final temp 42 ) ------
Loop 3 <line-535> - Time 34.794129 Total energy consumed 3559.086705 Ave. Power Level 102.289864 Memory 2269454625 MemoryRefresh 58126
	-------- Loop 3 (sock 1 consumed 1772.181420, avg temp 55.701493, final temp 57 ) ------
	-------- Loop 3 (sock 2 consumed 1786.905285, avg temp 47.174129, final temp 49 ) ------
Application(EnergyStat) - Time 95.603390 Total energy consumed 8026.907565 Ave. Power Level 83.960491 Memory 2270654955 MemoryRefresh 161630 Final Temperature socket 1 : 55  socket 2 : 47 
	 ParallelApplication(EnergyStat) - Time 79.162541 Total energy consumed 6590.638455 Ave. Power Level 83.254508 Memory 2269558020 MemoryRefresh 134261
MiniFE Mini-App, OpenMP Peer Implementation
Creating OpenMP Thread Pool...
Counted: 6 threads.
Running MiniFE Mini-App...
      creating/filling mesh...0.32248s, total time: 0.32248
generating matrix structure...14.9299s, total time: 15.2524
         assembling FE data...16.7063s, total time: 31.9587
      imposing Dirichlet BC...8.64163s, total time: 40.6003
      imposing Dirichlet BC...4.66496s, total time: 45.2653
making matrix indices local...0s, total time: 45.2653
Starting CG solver ... 
Initial Residual = 301.002
Iteration = 20   Residual = 0.0582628
Iteration = 40   Residual = 0.0280374
Iteration = 60   Residual = 0.0165032
Iteration = 80   Residual = 0.011577
Iteration = 100   Residual = 0.0134452
Iteration = 120   Residual = 0.00653336
Iteration = 140   Residual = 0.00514213
Iteration = 160   Residual = 0.0349558
Iteration = 180   Residual = 0.00321674
Iteration = 200   Residual = 0.00254666
Final Resid Norm: 0.00254666

Loop 0 <line-186> - Time 14.934079 Total energy consumed 810.967560 Ave. Power Level 54.303152 Memory 66472 MemoryRefresh 25118
	-------- Loop 0 (sock 1 consumed 445.634670, avg temp 52.000000, final temp 52 ) ------
	-------- Loop 0 (sock 2 consumed 365.332890, avg temp 40.000000, final temp 40 ) ------
Loop 1 <line-202> - Time 16.706746 Total energy consumed 1328.187030 Ave. Power Level 79.500042 Memory 28472 MemoryRefresh 29072
	-------- Loop 1 (sock 1 consumed 653.512980, avg temp 53.000000, final temp 53 ) ------
	-------- Loop 1 (sock 2 consumed 674.674050, avg temp 45.000000, final temp 45 ) ------
Loop 2 <line-487> - Time 13.251069 Total energy consumed 941.526645 Ave. Power Level 71.052883 Memory 9706 MemoryRefresh 22883
	-------- Loop 2 (sock 1 consumed 450.522990, avg temp 50.500000, final temp 52 ) ------
	-------- Loop 2 (sock 2 consumed 491.003655, avg temp 42.500000, final temp 45 ) ------
Loop 3 <line-535> - Time 34.778005 Total energy consumed 3556.627350 Ave. Power Level 102.266571 Memory 3136799 MemoryRefresh 58073
	-------- Loop 3 (sock 1 consumed 1771.747665, avg temp 55.810945, final temp 58 ) ------
	-------- Loop 3 (sock 2 consumed 1784.879685, avg temp 46.646766, final temp 47 ) ------
Application(EnergyStat) - Time 96.077271 Total energy consumed 8073.009735 Ave. Power Level 84.026219 Memory 4337967 MemoryRefresh 162476 Final Temperature socket 1 : 55  socket 2 : 46 
	 ParallelApplication(EnergyStat) - Time 79.669899 Total energy consumed 6637.308585 Ave. Power Level 83.310116 Memory 3241449 MemoryRefresh 135146
