Memory used: 1.32031
Loading 32-bit binary file: pnnl.bin, numvertices: 2361670, numEdges: 191402826
File read time: 2.1115
Before allocating graph
Allocated graph: 0x202b570
Processing edges for vertex: 0, range(0, 166)
Processing edges for vertex: 100000, range(58444108, 58444133)
Processing edges for vertex: 200000, range(84376057, 84376362)
Processing edges for vertex: 300000, range(106069163, 106069503)
Processing edges for vertex: 400000, range(122097114, 122097513)
Processing edges for vertex: 500000, range(135096418, 135096483)
Processing edges for vertex: 600000, range(146097008, 146097061)
Processing edges for vertex: 700000, range(155415410, 155415531)
Processing edges for vertex: 800000, range(162595900, 162595989)
Processing edges for vertex: 900000, range(168508374, 168508464)
Processing edges for vertex: 1000000, range(173203321, 173203442)
Processing edges for vertex: 1100000, range(176935100, 176935110)
Processing edges for vertex: 1200000, range(179876260, 179876270)
Processing edges for vertex: 1300000, range(182240081, 182240092)
Processing edges for vertex: 1400000, range(184224513, 184224521)
Processing edges for vertex: 1500000, range(185795161, 185795170)
Processing edges for vertex: 1600000, range(187104124, 187104130)
Processing edges for vertex: 1700000, range(188148455, 188148461)
Processing edges for vertex: 1800000, range(188997836, 188997842)
Processing edges for vertex: 1900000, range(189691532, 189691535)
Processing edges for vertex: 2000000, range(190254658, 190254660)
Processing edges for vertex: 2100000, range(190705814, 190705822)
Processing edges for vertex: 2200000, range(191052755, 191052764)
Processing edges for vertex: 2300000, range(191302662, 191302663)
Graph populate time: 10.6119
Total I/O time: 12.7234

Regional(EnergyStat) - Time 12.728480 Total energy consumed 557.492115 Ave. Power Level 43.798796 
Running on: 12 threads
Loaded graph from file: pnnl.bin
Memory used: 2949.12
Maximum degree for the graph: 5520
Iteration: 0, conflicts: 17
Iteration: 1, conflicts: 3
Iteration: 2, conflicts: 1
Iteration: 3, conflicts: 0
Total number of colors used: 1181
Total number of conflicts overall: 0
Number of rounds: 4
SUCCESS: No conflicts found
Coloring time: 0.985923
Memory used: 2949.12
Number of reordered colors: 1006
End position for large colors: 0, node count: 550816, largest: 550816
Node count cutoff: 472334
e_xx: 1.20483e+08, a2_x: 6.27535e+11, currMod: 0.629458
e_xx: 1.61854e+08, a2_x: 5.56569e+11, currMod: 0.845606
e_xx: 1.69594e+08, a2_x: 5.04835e+11, currMod: 0.886043
e_xx: 1.725e+08, a2_x: 5.15505e+11, currMod: 0.901229
e_xx: 1.73628e+08, a2_x: 4.48852e+11, currMod: 0.907119
currMod: 0.901229, prevMod: -1
Louvain time: 10.4739
numClusters: 201174, time: 0.143471
Next phase: 2
Memory used: 2949.12
End Structure 1197902 201174 vs 2595042
Build next level time: 4.60958
Iteration time: 15.2315
Memory used: 2949.12
e_xx: 1.70031e+08, a2_x: 4.48672e+11, currMod: 0.905364
e_xx: 1.80164e+08, a2_x: 3.5532e+11, currMod: 0.959325
e_xx: 1.82788e+08, a2_x: 2.88436e+11, currMod: 0.973299
e_xx: 1.83199e+08, a2_x: 2.75506e+11, currMod: 0.975483
e_xx: 1.83248e+08, a2_x: 2.9055e+11, currMod: 0.975745
e_xx: 1.83334e+08, a2_x: 2.75048e+11, currMod: 0.976202
e_xx: 1.83305e+08, a2_x: 2.9764e+11, currMod: 0.976047
currMod: 0.976202, prevMod: 0.901229
Louvain time: 1.95135
numClusters: 51478, time: 0.020087
Next phase: 3
Memory used: 2949.12
End Structure 477190 51478 vs 1005846
Build next level time: 0.229392
Iteration time: 2.20432
Memory used: 2949.12
e_xx: 1.83333e+08, a2_x: 2.75484e+11, currMod: 0.976199
e_xx: 1.84257e+08, a2_x: 8.8818e+10, currMod: 0.981125
e_xx: 1.84266e+08, a2_x: 6.03442e+10, currMod: 0.981175
e_xx: 1.84394e+08, a2_x: 5.3664e+10, currMod: 0.981855
e_xx: 1.84312e+08, a2_x: 7.24022e+10, currMod: 0.981417
currMod: 0.981855, prevMod: 0.976202
Louvain time: 0.679637
numClusters: 25255, time: 0.006395
Next phase: 4
Memory used: 2949.12
End Structure 161859 25255 vs 348973
Build next level time: 0.077571
Iteration time: 0.764086
Memory used: 2949.12
e_xx: 1.84394e+08, a2_x: 5.11632e+10, currMod: 0.981836
e_xx: 1.84573e+08, a2_x: -1.38215e+10, currMod: 0.98279
e_xx: 1.84582e+08, a2_x: -2.06024e+10, currMod: 0.982842
e_xx: 1.84584e+08, a2_x: -3.81553e+10, currMod: 0.982849
e_xx: 1.84584e+08, a2_x: -1.47011e+10, currMod: 0.982849
currMod: 0.982849, prevMod: 0.981855
Louvain time: 0.302148
numClusters: 22160, time: 0.00406
Next phase: 5
Memory used: 2949.12
End Structure 85977 22160 vs 194114
Build next level time: 0.042147
Iteration time: 0.348738
Memory used: 2949.12
e_xx: 1.84584e+08, a2_x: -3.83626e+10, currMod: 0.982846
e_xx: 1.84591e+08, a2_x: -4.63156e+10, currMod: 0.982884
e_xx: 1.84591e+08, a2_x: -2.85385e+10, currMod: 0.982886
e_xx: 1.84591e+08, a2_x: -2.4694e+10, currMod: 0.982886
currMod: 0.982886, prevMod: 0.982849
Louvain time: 0.146221
numClusters: 21990, time: 0.003621
Next phase: 6
Memory used: 2949.12
End Structure 71533 21990 vs 165056
Build next level time: 0.030922
Iteration time: 0.181007
Memory used: 2949.12
e_xx: 1.84591e+08, a2_x: -2.65031e+10, currMod: 0.982886
e_xx: 1.84591e+08, a2_x: -3.63204e+10, currMod: 0.982886
currMod: 0.982886, prevMod: 0.982886
Louvain time: 0.0611
numClusters: 21990, time: 0.003597
Maximum degree for the graph: 474
Iteration: 0, conflicts: 0
Total number of colors used: 172
Total number of conflicts overall: 0
Number of rounds: 1
SUCCESS: No conflicts found
Number of reordered colors: 172
End position for large colors: 0, node count: 21565, largest: 21565
Node count cutoff: 4398
e_xx: 1.84592e+08, a2_x: -4.02132e+10, currMod: 0.982889
e_xx: 1.84592e+08, a2_x: -3.80101e+10, currMod: 0.98289
e_xx: 1.8702e+08, a2_x: -2.26465e+10, currMod: 0.995816
e_xx: 1.87016e+08, a2_x: -2.01147e+10, currMod: 0.995797
End Structure 3824 21659 vs 29307
currMod: 0.995816, prevMod: 0.982886
numClusters: 21659
Total iteration time: 18.7296

Loop 0 <line-37> - Time 0.000704 Total energy consumed 0.000000 Ave. Power Level 0.000000
	-------- Loop 0 (sock 1 consumed 0.000000, avg temp 43.000000, final temp 44 ) ------
	-------- Loop 0 (sock 2 consumed 0.000000, avg temp 37.500000, final temp 38 ) ------
Loop 1 <line-54> - Time 0.000446 Total energy consumed 0.000000 Ave. Power Level 0.000000
	-------- Loop 1 (sock 1 consumed 0.000000, avg temp 43.500000, final temp 44 ) ------
	-------- Loop 1 (sock 2 consumed 0.000000, avg temp 38.000000, final temp 39 ) ------
Loop 2 <line-76> - Time 0.000512 Total energy consumed 0.000000 Ave. Power Level 0.000000
	-------- Loop 2 (sock 1 consumed 0.000000, avg temp 43.500000, final temp 44 ) ------
	-------- Loop 2 (sock 2 consumed 0.000000, avg temp 38.000000, final temp 39 ) ------
Loop 3 <line-170> - Time 0.633649 Total energy consumed 33.231900 Ave. Power Level 52.445308
	-------- Loop 3 (sock 1 consumed 14.958915, avg temp 44.000000, final temp 44 ) ------
	-------- Loop 3 (sock 2 consumed 18.272985, avg temp 38.200000, final temp 39 ) ------
Loop 4 <line-192> - Time 0.000213 Total energy consumed 0.071760 Ave. Power Level 336.457537
	-------- Loop 4 (sock 1 consumed 0.019725, avg temp 44.000000, final temp 44 ) ------
	-------- Loop 4 (sock 2 consumed 0.052035, avg temp 39.000000, final temp 39 ) ------
Loop 5 <line-222> - Time 0.234876 Total energy consumed 12.299475 Ave. Power Level 52.365904
	-------- Loop 5 (sock 1 consumed 7.124505, avg temp 44.000000, final temp 44 ) ------
	-------- Loop 5 (sock 2 consumed 5.174970, avg temp 38.500000, final temp 39 ) ------
Loop 6 <line-116> - Time 0.004556 Total energy consumed 0.272400 Ave. Power Level 59.784630
	-------- Loop 6 (sock 1 consumed 0.152505, avg temp 43.833333, final temp 44 ) ------
	-------- Loop 6 (sock 2 consumed 0.119895, avg temp 38.333333, final temp 39 ) ------
Loop 7 <line-334> - Time 0.525160 Total energy consumed 25.827945 Ave. Power Level 49.181092
	-------- Loop 7 (sock 1 consumed 11.782635, avg temp 44.000000, final temp 44 ) ------
	-------- Loop 7 (sock 2 consumed 14.045310, avg temp 38.428571, final temp 38 ) ------
Loop 8 <line-353> - Time 0.000497 Total energy consumed 0.128505 Ave. Power Level 258.722745
	-------- Loop 8 (sock 1 consumed 0.040230, avg temp 44.000000, final temp 44 ) ------
	-------- Loop 8 (sock 2 consumed 0.088275, avg temp 38.428571, final temp 38 ) ------
Loop 9 <line-375> - Time 0.000733 Total energy consumed 0.078270 Ave. Power Level 106.739435
	-------- Loop 9 (sock 1 consumed 0.037500, avg temp 44.000000, final temp 44 ) ------
	-------- Loop 9 (sock 2 consumed 0.040770, avg temp 38.428571, final temp 38 ) ------
Loop 10 <line-85> - Time 0.173824 Total energy consumed 12.938025 Ave. Power Level 74.431890
	-------- Loop 10 (sock 1 consumed 6.533010, avg temp 44.000000, final temp 44 ) ------
	-------- Loop 10 (sock 2 consumed 6.405015, avg temp 38.750000, final temp 38 ) ------
Loop 11 <line-131> - Time 0.003663 Total energy consumed 0.308340 Ave. Power Level 84.177800
	-------- Loop 11 (sock 1 consumed 0.155385, avg temp 44.000000, final temp 44 ) ------
	-------- Loop 11 (sock 2 consumed 0.152955, avg temp 38.500000, final temp 38 ) ------
Loop 12 <line-167> - Time 0.231917 Total energy consumed 17.462565 Ave. Power Level 75.296524
	-------- Loop 12 (sock 1 consumed 8.789580, avg temp 43.500000, final temp 44 ) ------
	-------- Loop 12 (sock 2 consumed 8.672985, avg temp 39.000000, final temp 39 ) ------
Loop 13 <line-213> - Time 6.046586 Total energy consumed 465.019125 Ave. Power Level 76.906058
	-------- Loop 13 (sock 1 consumed 236.700405, avg temp 44.111111, final temp 44 ) ------
	-------- Loop 13 (sock 2 consumed 228.318720, avg temp 39.777778, final temp 39 ) ------
Loop 14 <line-99> - Time 4.600653 Total energy consumed 235.216665 Ave. Power Level 51.126796
	-------- Loop 14 (sock 1 consumed 109.160700, avg temp 44.333333, final temp 45 ) ------
	-------- Loop 14 (sock 2 consumed 126.055965, avg temp 38.333333, final temp 39 ) ------
Loop 15 <line-160> - Time 0.119674 Total energy consumed 6.390405 Ave. Power Level 53.398325
	-------- Loop 15 (sock 1 consumed 3.036975, avg temp 43.833333, final temp 44 ) ------
	-------- Loop 15 (sock 2 consumed 3.353430, avg temp 38.333333, final temp 39 ) ------
Loop 16 <line-269> - Time 3.118175 Total energy consumed 146.118090 Ave. Power Level 46.860126
	-------- Loop 16 (sock 1 consumed 75.801660, avg temp 44.000000, final temp 44 ) ------
	-------- Loop 16 (sock 2 consumed 70.316430, avg temp 37.956522, final temp 38 ) ------
Loop 17 <line-300> - Time 0.001550 Total energy consumed 0.020235 Ave. Power Level 13.058647
	-------- Loop 17 (sock 1 consumed 0.000000, avg temp 44.055556, final temp 44 ) ------
	-------- Loop 17 (sock 2 consumed 0.020235, avg temp 38.111111, final temp 38 ) ------
Loop 18 <line-148> - Time 0.000392 Total energy consumed 0.000000 Ave. Power Level 0.000000
	-------- Loop 18 (sock 1 consumed 0.000000, avg temp 44.000000, final temp 44 ) ------
	-------- Loop 18 (sock 2 consumed 0.000000, avg temp 38.000000, final temp 38 ) ------
Application(EnergyStat) - Time 32.553644 Total energy consumed 1715.237415 Ave. Power Level 52.689568 Final Temperature socket 1 : 44  socket 2 : 39 
	 ParallelApplication(EnergyStat) - Time 15.697781 Total energy consumed 955.383705 Ave. Power Level 60.861068
Memory used: 1.32031
Loading 32-bit binary file: pnnl.bin, numvertices: 2361670, numEdges: 191402826
File read time: 2.11939
Before allocating graph
Allocated graph: 0x18e2570
Processing edges for vertex: 0, range(0, 166)
Processing edges for vertex: 100000, range(58444108, 58444133)
Processing edges for vertex: 200000, range(84376057, 84376362)
Processing edges for vertex: 300000, range(106069163, 106069503)
Processing edges for vertex: 400000, range(122097114, 122097513)
Processing edges for vertex: 500000, range(135096418, 135096483)
Processing edges for vertex: 600000, range(146097008, 146097061)
Processing edges for vertex: 700000, range(155415410, 155415531)
Processing edges for vertex: 800000, range(162595900, 162595989)
Processing edges for vertex: 900000, range(168508374, 168508464)
Processing edges for vertex: 1000000, range(173203321, 173203442)
Processing edges for vertex: 1100000, range(176935100, 176935110)
Processing edges for vertex: 1200000, range(179876260, 179876270)
Processing edges for vertex: 1300000, range(182240081, 182240092)
Processing edges for vertex: 1400000, range(184224513, 184224521)
Processing edges for vertex: 1500000, range(185795161, 185795170)
Processing edges for vertex: 1600000, range(187104124, 187104130)
Processing edges for vertex: 1700000, range(188148455, 188148461)
Processing edges for vertex: 1800000, range(188997836, 188997842)
Processing edges for vertex: 1900000, range(189691532, 189691535)
Processing edges for vertex: 2000000, range(190254658, 190254660)
Processing edges for vertex: 2100000, range(190705814, 190705822)
Processing edges for vertex: 2200000, range(191052755, 191052764)
Processing edges for vertex: 2300000, range(191302662, 191302663)
Graph populate time: 10.8887
Total I/O time: 13.0081

Regional(EnergyStat) - Time 13.012375 Total energy consumed 572.371440 Ave. Power Level 43.986701 
Running on: 12 threads
Loaded graph from file: pnnl.bin
Memory used: 2949.12
Maximum degree for the graph: 5520
Iteration: 0, conflicts: 22
Iteration: 1, conflicts: 0
Total number of colors used: 1187
Total number of conflicts overall: 0
Number of rounds: 2
SUCCESS: No conflicts found
Coloring time: 1.0004
Memory used: 2949.12
Number of reordered colors: 1010
End position for large colors: 0, node count: 550782, largest: 550782
Node count cutoff: 472334
e_xx: 1.20386e+08, a2_x: 6.43455e+11, currMod: 0.62895
e_xx: 1.62206e+08, a2_x: 5.6794e+11, currMod: 0.847445
e_xx: 1.68833e+08, a2_x: 5.07793e+11, currMod: 0.882071
e_xx: 1.71307e+08, a2_x: 5.56299e+11, currMod: 0.894995
e_xx: 1.72845e+08, a2_x: 5.46262e+11, currMod: 0.903026
currMod: 0.894995, prevMod: -1
Louvain time: 10.4399
numClusters: 203206, time: 0.14387
Next phase: 2
Memory used: 2949.12
End Structure 1261531 203206 vs 2724529
Build next level time: 4.71518
Iteration time: 15.3041
Memory used: 2949.12
e_xx: 1.68679e+08, a2_x: 5.45373e+11, currMod: 0.900894
e_xx: 1.80647e+08, a2_x: 3.55278e+11, currMod: 0.964819
e_xx: 1.82105e+08, a2_x: 2.68516e+11, currMod: 0.97261
e_xx: 1.82418e+08, a2_x: 2.31895e+11, currMod: 0.974281
e_xx: 1.82476e+08, a2_x: 2.44052e+11, currMod: 0.974591
e_xx: 1.82537e+08, a2_x: 2.38899e+11, currMod: 0.974921
e_xx: 1.82547e+08, a2_x: 2.57446e+11, currMod: 0.974972
e_xx: 1.82579e+08, a2_x: 2.47349e+11, currMod: 0.975143
e_xx: 1.82572e+08, a2_x: 2.56452e+11, currMod: 0.975108
currMod: 0.975143, prevMod: 0.894995
Louvain time: 2.63324
numClusters: 52602, time: 0.020364
Next phase: 3
Memory used: 2949.12
End Structure 515301 52602 vs 1083193
Build next level time: 0.199421
Iteration time: 2.85392
Memory used: 2949.12
e_xx: 1.82578e+08, a2_x: 2.4362e+11, currMod: 0.975138
e_xx: 1.83596e+08, a2_x: 9.1818e+10, currMod: 0.980579
e_xx: 1.83698e+08, a2_x: 4.33299e+10, currMod: 0.981125
e_xx: 1.83826e+08, a2_x: 2.64781e+10, currMod: 0.981809
e_xx: 1.8374e+08, a2_x: 5.46872e+10, currMod: 0.981351
currMod: 0.981809, prevMod: 0.975143
Louvain time: 0.712692
numClusters: 25583, time: 0.006384
Next phase: 4
Memory used: 2949.12
End Structure 168681 25583 vs 362945
Build next level time: 0.095087
Iteration time: 0.814698
Memory used: 2949.12
e_xx: 1.83826e+08, a2_x: 2.71792e+10, currMod: 0.981789
e_xx: 1.84019e+08, a2_x: 3.68883e+10, currMod: 0.98282
e_xx: 1.84027e+08, a2_x: 3.14131e+10, currMod: 0.982863
e_xx: 1.84029e+08, a2_x: 4.89e+10, currMod: 0.98287
e_xx: 1.84029e+08, a2_x: 4.73562e+10, currMod: 0.98287
currMod: 0.98287, prevMod: 0.981809
Louvain time: 0.311029
numClusters: 22149, time: 0.00406
Next phase: 5
Memory used: 2949.12
End Structure 85135 22149 vs 192419
Build next level time: 0.041124
Iteration time: 0.356632
Memory used: 2949.12
e_xx: 1.84029e+08, a2_x: 4.9124e+10, currMod: 0.982867
e_xx: 1.84033e+08, a2_x: 5.46386e+10, currMod: 0.982889
e_xx: 1.84033e+08, a2_x: 4.03502e+10, currMod: 0.982892
e_xx: 1.84033e+08, a2_x: 4.33087e+10, currMod: 0.982891
currMod: 0.982892, prevMod: 0.98287
Louvain time: 0.145679
numClusters: 21967, time: 0.003586
Next phase: 6
Memory used: 2949.12
End Structure 72210 21967 vs 166387
Build next level time: 0.026673
Iteration time: 0.176177
Memory used: 2949.12
e_xx: 1.84033e+08, a2_x: 3.94867e+10, currMod: 0.982891
e_xx: 1.84033e+08, a2_x: 4.08508e+10, currMod: 0.982891
currMod: 0.982892, prevMod: 0.982892
Louvain time: 0.062246
numClusters: 21967, time: 0.003582
Maximum degree for the graph: 466
Iteration: 0, conflicts: 0
Total number of colors used: 181
Total number of conflicts overall: 0
Number of rounds: 1
SUCCESS: No conflicts found
Number of reordered colors: 180
End position for large colors: 0, node count: 21545, largest: 21545
Node count cutoff: 4394
e_xx: 1.84033e+08, a2_x: 4.08508e+10, currMod: 0.982891
End Structure 71978 21963 vs 165919
currMod: 0.982892, prevMod: 0.982892
numClusters: 21963
Total iteration time: 19.5056

Loop 0 <line-37> - Time 0.000712 Total energy consumed 0.000000 Ave. Power Level 0.000000
	-------- Loop 0 (sock 1 consumed 0.000000, avg temp 43.500000, final temp 44 ) ------
	-------- Loop 0 (sock 2 consumed 0.000000, avg temp 38.500000, final temp 40 ) ------
Loop 1 <line-54> - Time 0.000435 Total energy consumed 0.000000 Ave. Power Level 0.000000
	-------- Loop 1 (sock 1 consumed 0.000000, avg temp 44.000000, final temp 44 ) ------
	-------- Loop 1 (sock 2 consumed 0.000000, avg temp 39.000000, final temp 40 ) ------
Loop 2 <line-76> - Time 0.000528 Total energy consumed 0.000000 Ave. Power Level 0.000000
	-------- Loop 2 (sock 1 consumed 0.000000, avg temp 44.000000, final temp 44 ) ------
	-------- Loop 2 (sock 2 consumed 0.000000, avg temp 39.000000, final temp 40 ) ------
Loop 3 <line-170> - Time 0.652409 Total energy consumed 33.709800 Ave. Power Level 51.669705
	-------- Loop 3 (sock 1 consumed 15.561345, avg temp 43.333333, final temp 44 ) ------
	-------- Loop 3 (sock 2 consumed 18.148455, avg temp 39.666667, final temp 39 ) ------
Loop 4 <line-192> - Time 0.000269 Total energy consumed 0.000000 Ave. Power Level 0.000000
	-------- Loop 4 (sock 1 consumed 0.000000, avg temp 43.500000, final temp 44 ) ------
	-------- Loop 4 (sock 2 consumed 0.000000, avg temp 39.500000, final temp 39 ) ------
Loop 5 <line-222> - Time 0.231844 Total energy consumed 12.425790 Ave. Power Level 53.595525
	-------- Loop 5 (sock 1 consumed 6.785325, avg temp 44.000000, final temp 44 ) ------
	-------- Loop 5 (sock 2 consumed 5.640465, avg temp 39.000000, final temp 40 ) ------
Loop 6 <line-116> - Time 0.001930 Total energy consumed 0.000000 Ave. Power Level 0.000000
	-------- Loop 6 (sock 1 consumed 0.000000, avg temp 43.500000, final temp 43 ) ------
	-------- Loop 6 (sock 2 consumed 0.000000, avg temp 38.500000, final temp 39 ) ------
Loop 7 <line-334> - Time 0.528105 Total energy consumed 25.540455 Ave. Power Level 48.362415
	-------- Loop 7 (sock 1 consumed 11.208105, avg temp 43.714286, final temp 44 ) ------
	-------- Loop 7 (sock 2 consumed 14.332350, avg temp 38.857143, final temp 40 ) ------
Loop 8 <line-353> - Time 0.000486 Total energy consumed 0.000000 Ave. Power Level 0.000000
	-------- Loop 8 (sock 1 consumed 0.000000, avg temp 43.714286, final temp 44 ) ------
	-------- Loop 8 (sock 2 consumed 0.000000, avg temp 38.857143, final temp 40 ) ------
Loop 9 <line-375> - Time 0.000773 Total energy consumed 0.077460 Ave. Power Level 100.258866
	-------- Loop 9 (sock 1 consumed 0.037065, avg temp 43.571429, final temp 44 ) ------
	-------- Loop 9 (sock 2 consumed 0.040395, avg temp 38.714286, final temp 40 ) ------
Loop 10 <line-85> - Time 0.174747 Total energy consumed 13.132875 Ave. Power Level 75.153507
	-------- Loop 10 (sock 1 consumed 6.611835, avg temp 43.500000, final temp 44 ) ------
	-------- Loop 10 (sock 2 consumed 6.521040, avg temp 39.500000, final temp 39 ) ------
Loop 11 <line-131> - Time 0.003638 Total energy consumed 0.269115 Ave. Power Level 73.976835
	-------- Loop 11 (sock 1 consumed 0.115875, avg temp 43.500000, final temp 44 ) ------
	-------- Loop 11 (sock 2 consumed 0.153240, avg temp 39.500000, final temp 40 ) ------
Loop 12 <line-167> - Time 0.205812 Total energy consumed 15.314220 Ave. Power Level 74.408786
	-------- Loop 12 (sock 1 consumed 7.745175, avg temp 43.500000, final temp 44 ) ------
	-------- Loop 12 (sock 2 consumed 7.569045, avg temp 39.500000, final temp 40 ) ------
Loop 13 <line-213> - Time 6.041499 Total energy consumed 465.197790 Ave. Power Level 77.000393
	-------- Loop 13 (sock 1 consumed 236.008920, avg temp 44.833333, final temp 45 ) ------
	-------- Loop 13 (sock 2 consumed 229.188870, avg temp 40.333333, final temp 40 ) ------
Loop 14 <line-99> - Time 4.690051 Total energy consumed 234.113970 Ave. Power Level 49.917153
	-------- Loop 14 (sock 1 consumed 104.776125, avg temp 43.666667, final temp 44 ) ------
	-------- Loop 14 (sock 2 consumed 129.337845, avg temp 38.500000, final temp 38 ) ------
Loop 15 <line-160> - Time 0.119673 Total energy consumed 6.706965 Ave. Power Level 56.044261
	-------- Loop 15 (sock 1 consumed 3.223635, avg temp 44.166667, final temp 44 ) ------
	-------- Loop 15 (sock 2 consumed 3.483330, avg temp 38.666667, final temp 39 ) ------
Loop 16 <line-269> - Time 3.841267 Total energy consumed 180.590595 Ave. Power Level 47.013294
	-------- Loop 16 (sock 1 consumed 87.004320, avg temp 44.000000, final temp 43 ) ------
	-------- Loop 16 (sock 2 consumed 93.586275, avg temp 38.680000, final temp 40 ) ------
Loop 17 <line-300> - Time 0.001993 Total energy consumed 0.129930 Ave. Power Level 65.190592
	-------- Loop 17 (sock 1 consumed 0.061890, avg temp 44.000000, final temp 43 ) ------
	-------- Loop 17 (sock 2 consumed 0.068040, avg temp 38.750000, final temp 38 ) ------
Loop 18 <line-148> - Time 0.000391 Total energy consumed 0.000000 Ave. Power Level 0.000000
	-------- Loop 18 (sock 1 consumed 0.000000, avg temp 44.000000, final temp 44 ) ------
	-------- Loop 18 (sock 2 consumed 0.000000, avg temp 40.000000, final temp 40 ) ------
Application(EnergyStat) - Time 33.635851 Total energy consumed 1762.471800 Ave. Power Level 52.398609 Final Temperature socket 1 : 44  socket 2 : 39 
	 ParallelApplication(EnergyStat) - Time 16.496561 Total energy consumed 987.208965 Ave. Power Level 59.843321
Memory used: 1.32031
Loading 32-bit binary file: pnnl.bin, numvertices: 2361670, numEdges: 191402826
File read time: 2.10537
Before allocating graph
Allocated graph: 0x255d570
Processing edges for vertex: 0, range(0, 166)
Processing edges for vertex: 100000, range(58444108, 58444133)
Processing edges for vertex: 200000, range(84376057, 84376362)
Processing edges for vertex: 300000, range(106069163, 106069503)
Processing edges for vertex: 400000, range(122097114, 122097513)
Processing edges for vertex: 500000, range(135096418, 135096483)
Processing edges for vertex: 600000, range(146097008, 146097061)
Processing edges for vertex: 700000, range(155415410, 155415531)
Processing edges for vertex: 800000, range(162595900, 162595989)
Processing edges for vertex: 900000, range(168508374, 168508464)
Processing edges for vertex: 1000000, range(173203321, 173203442)
Processing edges for vertex: 1100000, range(176935100, 176935110)
Processing edges for vertex: 1200000, range(179876260, 179876270)
Processing edges for vertex: 1300000, range(182240081, 182240092)
Processing edges for vertex: 1400000, range(184224513, 184224521)
Processing edges for vertex: 1500000, range(185795161, 185795170)
Processing edges for vertex: 1600000, range(187104124, 187104130)
Processing edges for vertex: 1700000, range(188148455, 188148461)
Processing edges for vertex: 1800000, range(188997836, 188997842)
Processing edges for vertex: 1900000, range(189691532, 189691535)
Processing edges for vertex: 2000000, range(190254658, 190254660)
Processing edges for vertex: 2100000, range(190705814, 190705822)
Processing edges for vertex: 2200000, range(191052755, 191052764)
Processing edges for vertex: 2300000, range(191302662, 191302663)
Graph populate time: 10.5827
Total I/O time: 12.6882

Regional(EnergyStat) - Time 12.692215 Total energy consumed 568.284600 Ave. Power Level 44.774265 
Running on: 12 threads
Loaded graph from file: pnnl.bin
Memory used: 2949.12
Maximum degree for the graph: 5520
Iteration: 0, conflicts: 8
Iteration: 1, conflicts: 0
Total number of colors used: 1187
Total number of conflicts overall: 0
Number of rounds: 2
SUCCESS: No conflicts found
Coloring time: 1.0112
Memory used: 2949.12
Number of reordered colors: 1008
End position for large colors: 0, node count: 550823, largest: 550823
Node count cutoff: 472334
e_xx: 1.31477e+08, a2_x: 5.85256e+11, currMod: 0.686896
e_xx: 1.68581e+08, a2_x: 5.40192e+11, currMod: 0.880751
e_xx: 1.73957e+08, a2_x: 5.00815e+11, currMod: 0.908837
e_xx: 1.76021e+08, a2_x: 5.28952e+11, currMod: 0.919624
e_xx: 1.77159e+08, a2_x: 5.07947e+11, currMod: 0.925569
currMod: 0.919624, prevMod: -1
Louvain time: 10.4801
numClusters: 202400, time: 0.149217
Next phase: 2
Memory used: 2949.12
End Structure 1220698 202400 vs 2641851
Build next level time: 4.99043
Iteration time: 15.6244
Memory used: 2949.12
e_xx: 1.56462e+08, a2_x: 5.07413e+11, currMod: 0.916587
e_xx: 1.64155e+08, a2_x: 3.3686e+11, currMod: 0.96166
e_xx: 1.65622e+08, a2_x: 2.83006e+11, currMod: 0.970258
e_xx: 1.66016e+08, a2_x: 2.66314e+11, currMod: 0.972567
e_xx: 1.66025e+08, a2_x: 2.74903e+11, currMod: 0.972616
e_xx: 1.66149e+08, a2_x: 2.28253e+11, currMod: 0.973343
e_xx: 1.66089e+08, a2_x: 2.68427e+11, currMod: 0.97299
currMod: 0.973343, prevMod: 0.919624
Louvain time: 2.01202
numClusters: 52845, time: 0.021603
Next phase: 3
Memory used: 2949.12
End Structure 508174 52845 vs 1069184
Build next level time: 0.243018
Iteration time: 2.27763
Memory used: 2949.12
e_xx: 1.66149e+08, a2_x: 2.26725e+11, currMod: 0.973311
e_xx: 1.67011e+08, a2_x: 6.81436e+10, currMod: 0.97837
e_xx: 1.67191e+08, a2_x: 4.20954e+10, currMod: 0.979425
e_xx: 1.6721e+08, a2_x: 3.12514e+10, currMod: 0.979538
e_xx: 1.67222e+08, a2_x: 4.36083e+10, currMod: 0.979605
e_xx: 1.67218e+08, a2_x: 2.49664e+10, currMod: 0.979584
currMod: 0.979605, prevMod: 0.973343
Louvain time: 0.8354
numClusters: 25190, time: 0.006834
Next phase: 4
Memory used: 2949.12
End Structure 177147 25190 vs 379484
Build next level time: 0.1018
Iteration time: 0.944604
Memory used: 2949.12
e_xx: 1.67222e+08, a2_x: 4.50133e+10, currMod: 0.979591
e_xx: 1.6744e+08, a2_x: 4.374e+10, currMod: 0.980871
e_xx: 1.67465e+08, a2_x: 3.84306e+10, currMod: 0.981013
e_xx: 1.67466e+08, a2_x: 1.33827e+10, currMod: 0.981021
e_xx: 1.67466e+08, a2_x: 2.60743e+10, currMod: 0.981022
e_xx: 1.67466e+08, a2_x: 2.96728e+09, currMod: 0.981022
currMod: 0.981022, prevMod: 0.979605
Louvain time: 0.38888
numClusters: 22193, time: 0.004413
Next phase: 5
Memory used: 2949.12
End Structure 87450 22193 vs 197093
Build next level time: 0.042732
Iteration time: 0.436453
Memory used: 2949.12
e_xx: 1.67466e+08, a2_x: 2.40169e+10, currMod: 0.981021
e_xx: 1.6747e+08, a2_x: 3.09786e+10, currMod: 0.981047
e_xx: 1.67471e+08, a2_x: 2.69153e+10, currMod: 0.981049
e_xx: 1.67471e+08, a2_x: 3.47887e+10, currMod: 0.981048
currMod: 0.981049, prevMod: 0.981022
Louvain time: 0.147963
numClusters: 21990, time: 0.003929
Next phase: 6
Memory used: 2949.12
End Structure 71090 21990 vs 164170
Build next level time: 0.031509
Iteration time: 0.183644
Memory used: 2949.12
e_xx: 1.67471e+08, a2_x: 2.76943e+10, currMod: 0.981049
e_xx: 1.67471e+08, a2_x: 2.42204e+10, currMod: 0.98105
e_xx: 1.67471e+08, a2_x: 3.01444e+10, currMod: 0.981049
currMod: 0.98105, prevMod: 0.981049
Louvain time: 0.089837
numClusters: 21968, time: 0.003894
Next phase: 7
Memory used: 2949.12
End Structure 67800 21968 vs 157568
Build next level time: 0.026428
Iteration time: 0.120359
Memory used: 2949.12
e_xx: 1.67471e+08, a2_x: 2.4532e+10, currMod: 0.98105
e_xx: 1.67471e+08, a2_x: 2.08273e+10, currMod: 0.981051
currMod: 0.98105, prevMod: 0.98105
Louvain time: 0.058526
numClusters: 21968, time: 0.003904
Maximum degree for the graph: 455
Iteration: 0, conflicts: 0
Total number of colors used: 173
Total number of conflicts overall: 0
Number of rounds: 1
SUCCESS: No conflicts found
Number of reordered colors: 171
End position for large colors: 0, node count: 21562, largest: 21562
Node count cutoff: 4394
e_xx: 1.67495e+08, a2_x: 3.07162e+10, currMod: 0.981193
e_xx: 1.69839e+08, a2_x: 5.9682e+09, currMod: 0.994924
e_xx: 1.69785e+08, a2_x: 1.66068e+09, currMod: 0.994604
End Structure 4647 21666 vs 30960
currMod: 0.994924, prevMod: 0.98105
numClusters: 21666
Total iteration time: 19.5871

Loop 0 <line-37> - Time 0.000748 Total energy consumed 0.000000 Ave. Power Level 0.000000
	-------- Loop 0 (sock 1 consumed 0.000000, avg temp 43.500000, final temp 44 ) ------
	-------- Loop 0 (sock 2 consumed 0.000000, avg temp 38.500000, final temp 39 ) ------
Loop 1 <line-54> - Time 0.000431 Total energy consumed 0.000000 Ave. Power Level 0.000000
	-------- Loop 1 (sock 1 consumed 0.000000, avg temp 43.500000, final temp 44 ) ------
	-------- Loop 1 (sock 2 consumed 0.000000, avg temp 38.000000, final temp 39 ) ------
Loop 2 <line-76> - Time 0.000528 Total energy consumed 0.000000 Ave. Power Level 0.000000
	-------- Loop 2 (sock 1 consumed 0.000000, avg temp 43.500000, final temp 44 ) ------
	-------- Loop 2 (sock 2 consumed 0.000000, avg temp 38.000000, final temp 39 ) ------
Loop 3 <line-170> - Time 0.652542 Total energy consumed 33.561810 Ave. Power Level 51.432399
	-------- Loop 3 (sock 1 consumed 15.142035, avg temp 43.333333, final temp 44 ) ------
	-------- Loop 3 (sock 2 consumed 18.419775, avg temp 39.000000, final temp 39 ) ------
Loop 4 <line-192> - Time 0.000238 Total energy consumed 0.000000 Ave. Power Level 0.000000
	-------- Loop 4 (sock 1 consumed 0.000000, avg temp 43.500000, final temp 44 ) ------
	-------- Loop 4 (sock 2 consumed 0.000000, avg temp 39.000000, final temp 39 ) ------
Loop 5 <line-222> - Time 0.241917 Total energy consumed 12.808905 Ave. Power Level 52.947467
	-------- Loop 5 (sock 1 consumed 6.263100, avg temp 44.000000, final temp 44 ) ------
	-------- Loop 5 (sock 2 consumed 6.545805, avg temp 38.500000, final temp 39 ) ------
Loop 6 <line-116> - Time 0.002179 Total energy consumed 0.176730 Ave. Power Level 81.096149
	-------- Loop 6 (sock 1 consumed 0.090645, avg temp 43.857143, final temp 44 ) ------
	-------- Loop 6 (sock 2 consumed 0.086085, avg temp 38.571429, final temp 40 ) ------
Loop 7 <line-334> - Time 0.527665 Total energy consumed 25.515030 Ave. Power Level 48.354632
	-------- Loop 7 (sock 1 consumed 11.324715, avg temp 44.125000, final temp 44 ) ------
	-------- Loop 7 (sock 2 consumed 14.190315, avg temp 38.500000, final temp 39 ) ------
Loop 8 <line-353> - Time 0.000486 Total energy consumed 0.110640 Ave. Power Level 227.477862
	-------- Loop 8 (sock 1 consumed 0.065520, avg temp 44.125000, final temp 44 ) ------
	-------- Loop 8 (sock 2 consumed 0.045120, avg temp 38.500000, final temp 39 ) ------
Loop 9 <line-375> - Time 0.000736 Total energy consumed 0.078975 Ave. Power Level 107.260289
	-------- Loop 9 (sock 1 consumed 0.037890, avg temp 44.000000, final temp 44 ) ------
	-------- Loop 9 (sock 2 consumed 0.041085, avg temp 38.625000, final temp 39 ) ------
Loop 10 <line-85> - Time 0.166794 Total energy consumed 12.482445 Ave. Power Level 74.837384
	-------- Loop 10 (sock 1 consumed 6.293715, avg temp 44.250000, final temp 44 ) ------
	-------- Loop 10 (sock 2 consumed 6.188730, avg temp 38.250000, final temp 39 ) ------
Loop 11 <line-131> - Time 0.003639 Total energy consumed 0.310380 Ave. Power Level 85.283054
	-------- Loop 11 (sock 1 consumed 0.157530, avg temp 43.500000, final temp 44 ) ------
	-------- Loop 11 (sock 2 consumed 0.152850, avg temp 38.500000, final temp 38 ) ------
Loop 12 <line-167> - Time 0.204573 Total energy consumed 15.189825 Ave. Power Level 74.251464
	-------- Loop 12 (sock 1 consumed 7.657935, avg temp 44.000000, final temp 44 ) ------
	-------- Loop 12 (sock 2 consumed 7.531890, avg temp 39.500000, final temp 39 ) ------
Loop 13 <line-213> - Time 6.014150 Total energy consumed 463.404015 Ave. Power Level 77.052288
	-------- Loop 13 (sock 1 consumed 235.397460, avg temp 44.500000, final temp 44 ) ------
	-------- Loop 13 (sock 2 consumed 228.006555, avg temp 40.375000, final temp 40 ) ------
Loop 14 <line-99> - Time 5.008346 Total energy consumed 255.144675 Ave. Power Level 50.943900
	-------- Loop 14 (sock 1 consumed 119.363160, avg temp 43.857143, final temp 44 ) ------
	-------- Loop 14 (sock 2 consumed 135.781515, avg temp 38.571429, final temp 39 ) ------
Loop 15 <line-160> - Time 0.129239 Total energy consumed 6.961125 Ave. Power Level 53.862232
	-------- Loop 15 (sock 1 consumed 3.414825, avg temp 44.142857, final temp 44 ) ------
	-------- Loop 15 (sock 2 consumed 3.546300, avg temp 38.714286, final temp 39 ) ------
Loop 16 <line-269> - Time 3.508361 Total energy consumed 166.417065 Ave. Power Level 47.434413
	-------- Loop 16 (sock 1 consumed 83.483625, avg temp 43.892857, final temp 44 ) ------
	-------- Loop 16 (sock 2 consumed 82.933440, avg temp 38.107143, final temp 38 ) ------
Loop 17 <line-300> - Time 0.001873 Total energy consumed 0.107445 Ave. Power Level 57.378669
	-------- Loop 17 (sock 1 consumed 0.057555, avg temp 43.909091, final temp 46 ) ------
	-------- Loop 17 (sock 2 consumed 0.049890, avg temp 38.045455, final temp 38 ) ------
Loop 18 <line-148> - Time 0.000412 Total energy consumed 0.082680 Ave. Power Level 200.569104
	-------- Loop 18 (sock 1 consumed 0.051750, avg temp 44.000000, final temp 44 ) ------
	-------- Loop 18 (sock 2 consumed 0.030930, avg temp 39.000000, final temp 39 ) ------
Application(EnergyStat) - Time 33.393651 Total energy consumed 1768.151550 Ave. Power Level 52.948733 Final Temperature socket 1 : 45  socket 2 : 39 
	 ParallelApplication(EnergyStat) - Time 16.464859 Total energy consumed 992.351745 Ave. Power Level 60.270891
Memory used: 1.32031
Loading 32-bit binary file: pnnl.bin, numvertices: 2361670, numEdges: 191402826
File read time: 2.09582
Before allocating graph
Allocated graph: 0x1d03570
Processing edges for vertex: 0, range(0, 166)
Processing edges for vertex: 100000, range(58444108, 58444133)
Processing edges for vertex: 200000, range(84376057, 84376362)
Processing edges for vertex: 300000, range(106069163, 106069503)
Processing edges for vertex: 400000, range(122097114, 122097513)
Processing edges for vertex: 500000, range(135096418, 135096483)
Processing edges for vertex: 600000, range(146097008, 146097061)
Processing edges for vertex: 700000, range(155415410, 155415531)
Processing edges for vertex: 800000, range(162595900, 162595989)
Processing edges for vertex: 900000, range(168508374, 168508464)
Processing edges for vertex: 1000000, range(173203321, 173203442)
Processing edges for vertex: 1100000, range(176935100, 176935110)
Processing edges for vertex: 1200000, range(179876260, 179876270)
Processing edges for vertex: 1300000, range(182240081, 182240092)
Processing edges for vertex: 1400000, range(184224513, 184224521)
Processing edges for vertex: 1500000, range(185795161, 185795170)
Processing edges for vertex: 1600000, range(187104124, 187104130)
Processing edges for vertex: 1700000, range(188148455, 188148461)
Processing edges for vertex: 1800000, range(188997836, 188997842)
Processing edges for vertex: 1900000, range(189691532, 189691535)
Processing edges for vertex: 2000000, range(190254658, 190254660)
Processing edges for vertex: 2100000, range(190705814, 190705822)
Processing edges for vertex: 2200000, range(191052755, 191052764)
Processing edges for vertex: 2300000, range(191302662, 191302663)
Graph populate time: 10.3505
Total I/O time: 12.4463

Regional(EnergyStat) - Time 12.450610 Total energy consumed 557.047575 Ave. Power Level 44.740584 
Running on: 12 threads
Loaded graph from file: pnnl.bin
Memory used: 2949.12
Maximum degree for the graph: 5520
Iteration: 0, conflicts: 24
Iteration: 1, conflicts: 2
Iteration: 2, conflicts: 0
Total number of colors used: 1183
Total number of conflicts overall: 0
Number of rounds: 3
SUCCESS: No conflicts found
Coloring time: 0.962692
Memory used: 2949.12
Number of reordered colors: 996
End position for large colors: 0, node count: 550706, largest: 550706
Node count cutoff: 472334
e_xx: 1.32909e+08, a2_x: 6.45692e+11, currMod: 0.694376
e_xx: 1.70063e+08, a2_x: 6.10741e+11, currMod: 0.888492
e_xx: 1.75156e+08, a2_x: 5.45453e+11, currMod: 0.915102
e_xx: 1.77297e+08, a2_x: 5.29358e+11, currMod: 0.926286
e_xx: 1.78366e+08, a2_x: 5.22556e+11, currMod: 0.931874
currMod: 0.926286, prevMod: -1
Louvain time: 10.5021
numClusters: 202934, time: 0.12626
Next phase: 2
Memory used: 2949.12
End Structure 1239935 202934 vs 2680913
Build next level time: 5.1177
Iteration time: 15.7505
Memory used: 2949.12
e_xx: 1.5546e+08, a2_x: 5.21831e+11, currMod: 0.922656
e_xx: 1.62017e+08, a2_x: 3.40052e+11, currMod: 0.961578
e_xx: 1.6285e+08, a2_x: 3.09866e+11, currMod: 0.966525
e_xx: 1.63161e+08, a2_x: 2.60929e+11, currMod: 0.968372
e_xx: 1.63173e+08, a2_x: 2.70459e+11, currMod: 0.968439
e_xx: 1.63279e+08, a2_x: 2.57433e+11, currMod: 0.969073
e_xx: 1.63233e+08, a2_x: 2.63495e+11, currMod: 0.968795
currMod: 0.969073, prevMod: 0.926286
Louvain time: 2.02638
numClusters: 54057, time: 0.019614
Next phase: 3
Memory used: 2949.12
End Structure 533927 54057 vs 1121899
Build next level time: 0.2158
Iteration time: 2.26253
Memory used: 2949.12
e_xx: 1.63279e+08, a2_x: 2.56596e+11, currMod: 0.969042
e_xx: 1.64719e+08, a2_x: 1.32993e+11, currMod: 0.977592
e_xx: 1.64787e+08, a2_x: 4.07972e+10, currMod: 0.978
e_xx: 1.6484e+08, a2_x: 2.98828e+10, currMod: 0.978313
e_xx: 1.64824e+08, a2_x: 2.96607e+10, currMod: 0.97822
currMod: 0.978313, prevMod: 0.969073
Louvain time: 0.738303
numClusters: 25915, time: 0.006558
Next phase: 4
Memory used: 2949.12
End Structure 187228 25915 vs 400371
Build next level time: 0.098051
Iteration time: 0.843407
Memory used: 2949.12
e_xx: 1.6484e+08, a2_x: 3.11203e+10, currMod: 0.978299
e_xx: 1.65064e+08, a2_x: 3.81324e+10, currMod: 0.979626
e_xx: 1.65071e+08, a2_x: 1.13619e+10, currMod: 0.979673
e_xx: 1.65073e+08, a2_x: 9.60655e+09, currMod: 0.979684
e_xx: 1.65073e+08, a2_x: 1.8198e+09, currMod: 0.979681
currMod: 0.979684, prevMod: 0.978313
Louvain time: 0.336131
numClusters: 22220, time: 0.004095
Next phase: 5
Memory used: 2949.12
End Structure 98039 22220 vs 218298
Build next level time: 0.045452
Iteration time: 0.386139
Memory used: 2949.12
e_xx: 1.65073e+08, a2_x: 1.01231e+10, currMod: 0.979682
e_xx: 1.65077e+08, a2_x: 2.16789e+10, currMod: 0.979702
e_xx: 1.65088e+08, a2_x: 2.73611e+10, currMod: 0.979766
e_xx: 1.65088e+08, a2_x: 2.83977e+10, currMod: 0.979767
currMod: 0.979766, prevMod: 0.979684
Louvain time: 0.165975
numClusters: 22022, time: 0.003619
Next phase: 6
Memory used: 2949.12
End Structure 84338 22022 vs 190698
Build next level time: 0.035325
Iteration time: 0.205132
Memory used: 2949.12
e_xx: 1.65088e+08, a2_x: 2.74298e+10, currMod: 0.979766
e_xx: 1.65088e+08, a2_x: 3.21796e+10, currMod: 0.979767
e_xx: 1.65088e+08, a2_x: 2.86455e+10, currMod: 0.979768
currMod: 0.979767, prevMod: 0.979766
Louvain time: 0.107161
numClusters: 21997, time: 0.003587
Next phase: 7
Memory used: 2949.12
End Structure 80222 21997 vs 182441
Build next level time: 0.028293
Iteration time: 0.139249
Memory used: 2949.12
e_xx: 1.65088e+08, a2_x: 3.24545e+10, currMod: 0.979767
e_xx: 1.65088e+08, a2_x: 3.33568e+10, currMod: 0.979767
currMod: 0.979767, prevMod: 0.979767
Louvain time: 0.068599
numClusters: 21997, time: 0.003588
Maximum degree for the graph: 486
Iteration: 0, conflicts: 0
Total number of colors used: 185
Total number of conflicts overall: 0
Number of rounds: 1
SUCCESS: No conflicts found
Number of reordered colors: 185
End position for large colors: 0, node count: 21554, largest: 21554
Node count cutoff: 4400
e_xx: 1.65088e+08, a2_x: 3.33568e+10, currMod: 0.979767
End Structure 80011 21995 vs 182017
currMod: 0.979767, prevMod: 0.979767
numClusters: 21995
Total iteration time: 19.587

Loop 0 <line-37> - Time 0.000721 Total energy consumed 0.044850 Ave. Power Level 62.202682
	-------- Loop 0 (sock 1 consumed 0.019110, avg temp 43.500000, final temp 43 ) ------
	-------- Loop 0 (sock 2 consumed 0.025740, avg temp 38.500000, final temp 39 ) ------
Loop 1 <line-54> - Time 0.000444 Total energy consumed 0.000000 Ave. Power Level 0.000000
	-------- Loop 1 (sock 1 consumed 0.000000, avg temp 43.000000, final temp 44 ) ------
	-------- Loop 1 (sock 2 consumed 0.000000, avg temp 38.500000, final temp 38 ) ------
Loop 2 <line-76> - Time 0.000520 Total energy consumed 0.000000 Ave. Power Level 0.000000
	-------- Loop 2 (sock 1 consumed 0.000000, avg temp 43.000000, final temp 44 ) ------
	-------- Loop 2 (sock 2 consumed 0.000000, avg temp 38.500000, final temp 38 ) ------
Loop 3 <line-170> - Time 0.593770 Total energy consumed 31.734765 Ave. Power Level 53.446224
	-------- Loop 3 (sock 1 consumed 13.978605, avg temp 43.250000, final temp 44 ) ------
	-------- Loop 3 (sock 2 consumed 17.756160, avg temp 38.250000, final temp 39 ) ------
Loop 4 <line-192> - Time 0.000196 Total energy consumed 0.000000 Ave. Power Level 0.000000
	-------- Loop 4 (sock 1 consumed 0.000000, avg temp 43.500000, final temp 44 ) ------
	-------- Loop 4 (sock 2 consumed 0.000000, avg temp 38.500000, final temp 39 ) ------
Loop 5 <line-222> - Time 0.253487 Total energy consumed 13.344300 Ave. Power Level 52.642848
	-------- Loop 5 (sock 1 consumed 7.306680, avg temp 44.000000, final temp 44 ) ------
	-------- Loop 5 (sock 2 consumed 6.037620, avg temp 38.500000, final temp 39 ) ------
Loop 6 <line-116> - Time 0.002095 Total energy consumed 0.093405 Ave. Power Level 44.574683
	-------- Loop 6 (sock 1 consumed 0.040320, avg temp 43.000000, final temp 43 ) ------
	-------- Loop 6 (sock 2 consumed 0.053085, avg temp 38.857143, final temp 40 ) ------
Loop 7 <line-334> - Time 0.517323 Total energy consumed 25.219455 Ave. Power Level 48.749923
	-------- Loop 7 (sock 1 consumed 11.212455, avg temp 43.250000, final temp 44 ) ------
	-------- Loop 7 (sock 2 consumed 14.007000, avg temp 38.875000, final temp 39 ) ------
Loop 8 <line-353> - Time 0.000495 Total energy consumed 0.069915 Ave. Power Level 141.185095
	-------- Loop 8 (sock 1 consumed 0.049470, avg temp 43.250000, final temp 44 ) ------
	-------- Loop 8 (sock 2 consumed 0.020445, avg temp 38.875000, final temp 39 ) ------
Loop 9 <line-375> - Time 0.000790 Total energy consumed 0.037305 Ave. Power Level 47.215961
	-------- Loop 9 (sock 1 consumed 0.000000, avg temp 43.125000, final temp 43 ) ------
	-------- Loop 9 (sock 2 consumed 0.037305, avg temp 39.000000, final temp 39 ) ------
Loop 10 <line-85> - Time 0.175411 Total energy consumed 13.207770 Ave. Power Level 75.296326
	-------- Loop 10 (sock 1 consumed 6.681690, avg temp 43.500000, final temp 44 ) ------
	-------- Loop 10 (sock 2 consumed 6.526080, avg temp 39.250000, final temp 39 ) ------
Loop 11 <line-131> - Time 0.003657 Total energy consumed 0.269175 Ave. Power Level 73.596237
	-------- Loop 11 (sock 1 consumed 0.155235, avg temp 43.000000, final temp 43 ) ------
	-------- Loop 11 (sock 2 consumed 0.113940, avg temp 39.000000, final temp 39 ) ------
Loop 12 <line-167> - Time 0.213859 Total energy consumed 16.168485 Ave. Power Level 75.603471
	-------- Loop 12 (sock 1 consumed 8.220840, avg temp 44.500000, final temp 44 ) ------
	-------- Loop 12 (sock 2 consumed 7.947645, avg temp 39.500000, final temp 39 ) ------
Loop 13 <line-213> - Time 6.003872 Total energy consumed 463.589295 Ave. Power Level 77.215058
	-------- Loop 13 (sock 1 consumed 233.030010, avg temp 44.166667, final temp 43 ) ------
	-------- Loop 13 (sock 2 consumed 230.559285, avg temp 40.500000, final temp 40 ) ------
Loop 14 <line-99> - Time 5.158087 Total energy consumed 265.713210 Ave. Power Level 51.513902
	-------- Loop 14 (sock 1 consumed 122.671980, avg temp 43.142857, final temp 44 ) ------
	-------- Loop 14 (sock 2 consumed 143.041230, avg temp 38.857143, final temp 39 ) ------
Loop 15 <line-160> - Time 0.120498 Total energy consumed 6.851160 Ave. Power Level 56.856832
	-------- Loop 15 (sock 1 consumed 3.309375, avg temp 43.428571, final temp 44 ) ------
	-------- Loop 15 (sock 2 consumed 3.541785, avg temp 39.000000, final temp 39 ) ------
Loop 16 <line-269> - Time 3.418001 Total energy consumed 162.077325 Ave. Power Level 47.418753
	-------- Loop 16 (sock 1 consumed 82.368735, avg temp 43.038462, final temp 43 ) ------
	-------- Loop 16 (sock 2 consumed 79.708590, avg temp 38.730769, final temp 38 ) ------
Loop 17 <line-300> - Time 0.001674 Total energy consumed 0.000000 Ave. Power Level 0.000000
	-------- Loop 17 (sock 1 consumed 0.000000, avg temp 43.000000, final temp 43 ) ------
	-------- Loop 17 (sock 2 consumed 0.000000, avg temp 38.800000, final temp 38 ) ------
Loop 18 <line-148> - Time 0.000409 Total energy consumed 0.000000 Ave. Power Level 0.000000
	-------- Loop 18 (sock 1 consumed 0.000000, avg temp 43.000000, final temp 43 ) ------
	-------- Loop 18 (sock 2 consumed 0.000000, avg temp 39.000000, final temp 39 ) ------
Application(EnergyStat) - Time 33.123684 Total energy consumed 1761.435375 Ave. Power Level 53.177520 Final Temperature socket 1 : 43  socket 2 : 40 
	 ParallelApplication(EnergyStat) - Time 16.465311 Total energy consumed 998.420415 Ave. Power Level 60.637810
Memory used: 1.32031
Loading 32-bit binary file: pnnl.bin, numvertices: 2361670, numEdges: 191402826
File read time: 2.0333
Before allocating graph
Allocated graph: 0xef1570
Processing edges for vertex: 0, range(0, 166)
Processing edges for vertex: 100000, range(58444108, 58444133)
Processing edges for vertex: 200000, range(84376057, 84376362)
Processing edges for vertex: 300000, range(106069163, 106069503)
Processing edges for vertex: 400000, range(122097114, 122097513)
Processing edges for vertex: 500000, range(135096418, 135096483)
Processing edges for vertex: 600000, range(146097008, 146097061)
Processing edges for vertex: 700000, range(155415410, 155415531)
Processing edges for vertex: 800000, range(162595900, 162595989)
Processing edges for vertex: 900000, range(168508374, 168508464)
Processing edges for vertex: 1000000, range(173203321, 173203442)
Processing edges for vertex: 1100000, range(176935100, 176935110)
Processing edges for vertex: 1200000, range(179876260, 179876270)
Processing edges for vertex: 1300000, range(182240081, 182240092)
Processing edges for vertex: 1400000, range(184224513, 184224521)
Processing edges for vertex: 1500000, range(185795161, 185795170)
Processing edges for vertex: 1600000, range(187104124, 187104130)
Processing edges for vertex: 1700000, range(188148455, 188148461)
Processing edges for vertex: 1800000, range(188997836, 188997842)
Processing edges for vertex: 1900000, range(189691532, 189691535)
Processing edges for vertex: 2000000, range(190254658, 190254660)
Processing edges for vertex: 2100000, range(190705814, 190705822)
Processing edges for vertex: 2200000, range(191052755, 191052764)
Processing edges for vertex: 2300000, range(191302662, 191302663)
Graph populate time: 10.2865
Total I/O time: 12.3198

Regional(EnergyStat) - Time 12.323900 Total energy consumed 553.210005 Ave. Power Level 44.889199 
Running on: 12 threads
Loaded graph from file: pnnl.bin
Memory used: 2949.12
Maximum degree for the graph: 5520
Iteration: 0, conflicts: 21
Iteration: 1, conflicts: 4
Iteration: 2, conflicts: 1
Iteration: 3, conflicts: 0
Total number of colors used: 1183
Total number of conflicts overall: 0
Number of rounds: 4
SUCCESS: No conflicts found
Coloring time: 0.962862
Memory used: 2949.12
Number of reordered colors: 1023
End position for large colors: 0, node count: 550767, largest: 550767
Node count cutoff: 472334
e_xx: 1.17113e+08, a2_x: 6.09418e+11, currMod: 0.61185
e_xx: 1.58449e+08, a2_x: 5.60407e+11, currMod: 0.827817
e_xx: 1.65492e+08, a2_x: 5.16195e+11, currMod: 0.864613
e_xx: 1.688e+08, a2_x: 4.73637e+11, currMod: 0.881899
e_xx: 1.70547e+08, a2_x: 4.98203e+11, currMod: 0.891025
currMod: 0.881899, prevMod: -1
Louvain time: 10.4416
numClusters: 203027, time: 0.142856
Next phase: 2
Memory used: 2949.12
End Structure 1254526 203027 vs 2710201
Build next level time: 4.35222
Iteration time: 14.9414
Memory used: 2949.12
e_xx: 1.70547e+08, a2_x: 4.95575e+11, currMod: 0.891041
e_xx: 1.7992e+08, a2_x: 3.69786e+11, currMod: 0.940015
e_xx: 1.86347e+08, a2_x: 2.95049e+11, currMod: 0.973594
e_xx: 1.83085e+08, a2_x: 2.34579e+11, currMod: 0.956552
currMod: 0.973594, prevMod: 0.881899
Louvain time: 1.27051
numClusters: 67763, time: 0.024842
Next phase: 3
Memory used: 2949.12
End Structure 680738 67763 vs 1429195
Build next level time: 0.232046
Iteration time: 1.52836
Memory used: 2949.12
e_xx: 1.86346e+08, a2_x: 2.94152e+11, currMod: 0.973609
e_xx: 1.8751e+08, a2_x: 1.12818e+11, currMod: 0.979692
e_xx: 1.87781e+08, a2_x: 1.25848e+11, currMod: 0.981106
e_xx: 1.87842e+08, a2_x: 8.61653e+10, currMod: 0.981427
e_xx: 1.87858e+08, a2_x: 1.21968e+11, currMod: 0.981513
e_xx: 1.87863e+08, a2_x: 8.07469e+10, currMod: 0.981541
e_xx: 1.87868e+08, a2_x: 1.29021e+11, currMod: 0.981563
e_xx: 1.87866e+08, a2_x: 9.13832e+10, currMod: 0.981554
currMod: 0.981563, prevMod: 0.973594
Louvain time: 1.30517
numClusters: 25538, time: 0.006978
Next phase: 4
Memory used: 2949.12
End Structure 190315 25538 vs 406168
Build next level time: 0.131278
Iteration time: 1.44395
Memory used: 2949.12
e_xx: 1.87868e+08, a2_x: 1.29848e+11, currMod: 0.981535
e_xx: 1.88101e+08, a2_x: 4.90343e+10, currMod: 0.982755
e_xx: 1.88102e+08, a2_x: 5.60643e+10, currMod: 0.982761
e_xx: 1.88106e+08, a2_x: 5.36123e+10, currMod: 0.98278
e_xx: 1.88104e+08, a2_x: 5.31567e+10, currMod: 0.982768
currMod: 0.98278, prevMod: 0.981563
Louvain time: 0.348907
numClusters: 22230, time: 0.004066
Next phase: 5
Memory used: 2949.12
End Structure 94718 22230 vs 211666
Build next level time: 0.044767
Iteration time: 0.39818
Memory used: 2949.12
e_xx: 1.88106e+08, a2_x: 5.44519e+10, currMod: 0.982776
e_xx: 1.88148e+08, a2_x: 4.56788e+10, currMod: 0.982998
e_xx: 1.88148e+08, a2_x: 4.4216e+10, currMod: 0.982998
currMod: 0.982998, prevMod: 0.98278
Louvain time: 0.119984
numClusters: 22030, time: 0.003599
Next phase: 6
Memory used: 2949.12
End Structure 80935 22030 vs 183900
Build next level time: 0.029755
Iteration time: 0.153568
Memory used: 2949.12
e_xx: 1.88148e+08, a2_x: 4.74522e+10, currMod: 0.982997
e_xx: 1.88148e+08, a2_x: 5.00512e+10, currMod: 0.982998
currMod: 0.982998, prevMod: 0.982998
Louvain time: 0.069351
numClusters: 22030, time: 0.003586
Maximum degree for the graph: 515
Iteration: 0, conflicts: 0
Total number of colors used: 179
Total number of conflicts overall: 0
Number of rounds: 1
SUCCESS: No conflicts found
Number of reordered colors: 177
End position for large colors: 0, node count: 21560, largest: 21560
Node count cutoff: 4406
e_xx: 1.9054e+08, a2_x: 1.60535e+10, currMod: 0.995493
e_xx: 1.90831e+08, a2_x: 9.48374e+09, currMod: 0.997013
e_xx: 1.90873e+08, a2_x: 6.25896e+09, currMod: 0.997233
e_xx: 1.91035e+08, a2_x: 1.05875e+10, currMod: 0.998082
e_xx: 1.91016e+08, a2_x: 5.50714e+09, currMod: 0.997983
End Structure 1058 21599 vs 23715
currMod: 0.998082, prevMod: 0.982998
numClusters: 21599
Total iteration time: 18.4654

Loop 0 <line-37> - Time 0.000798 Total energy consumed 0.000000 Ave. Power Level 0.000000
	-------- Loop 0 (sock 1 consumed 0.000000, avg temp 44.000000, final temp 44 ) ------
	-------- Loop 0 (sock 2 consumed 0.000000, avg temp 37.000000, final temp 38 ) ------
Loop 1 <line-54> - Time 0.000571 Total energy consumed 0.000000 Ave. Power Level 0.000000
	-------- Loop 1 (sock 1 consumed 0.000000, avg temp 44.000000, final temp 44 ) ------
	-------- Loop 1 (sock 2 consumed 0.000000, avg temp 37.500000, final temp 38 ) ------
Loop 2 <line-76> - Time 0.000563 Total energy consumed 0.107595 Ave. Power Level 190.966645
	-------- Loop 2 (sock 1 consumed 0.057945, avg temp 44.000000, final temp 44 ) ------
	-------- Loop 2 (sock 2 consumed 0.049650, avg temp 37.500000, final temp 38 ) ------
Loop 3 <line-170> - Time 0.590862 Total energy consumed 32.211855 Ave. Power Level 54.516686
	-------- Loop 3 (sock 1 consumed 16.685280, avg temp 44.000000, final temp 44 ) ------
	-------- Loop 3 (sock 2 consumed 15.526575, avg temp 37.200000, final temp 38 ) ------
Loop 4 <line-192> - Time 0.000264 Total energy consumed 0.000000 Ave. Power Level 0.000000
	-------- Loop 4 (sock 1 consumed 0.000000, avg temp 44.000000, final temp 44 ) ------
	-------- Loop 4 (sock 2 consumed 0.000000, avg temp 37.500000, final temp 38 ) ------
Loop 5 <line-222> - Time 0.255525 Total energy consumed 13.512660 Ave. Power Level 52.881995
	-------- Loop 5 (sock 1 consumed 5.702250, avg temp 44.000000, final temp 44 ) ------
	-------- Loop 5 (sock 2 consumed 7.810410, avg temp 37.000000, final temp 37 ) ------
Loop 6 <line-116> - Time 0.001966 Total energy consumed 0.173745 Ave. Power Level 88.376941
	-------- Loop 6 (sock 1 consumed 0.108600, avg temp 44.000000, final temp 44 ) ------
	-------- Loop 6 (sock 2 consumed 0.065145, avg temp 37.833333, final temp 38 ) ------
Loop 7 <line-334> - Time 0.516684 Total energy consumed 25.516800 Ave. Power Level 49.385693
	-------- Loop 7 (sock 1 consumed 13.323495, avg temp 44.000000, final temp 44 ) ------
	-------- Loop 7 (sock 2 consumed 12.193305, avg temp 38.000000, final temp 37 ) ------
Loop 8 <line-353> - Time 0.000519 Total energy consumed 0.000000 Ave. Power Level 0.000000
	-------- Loop 8 (sock 1 consumed 0.000000, avg temp 44.000000, final temp 44 ) ------
	-------- Loop 8 (sock 2 consumed 0.000000, avg temp 38.000000, final temp 37 ) ------
Loop 9 <line-375> - Time 0.000771 Total energy consumed 0.038235 Ave. Power Level 49.614735
	-------- Loop 9 (sock 1 consumed 0.038235, avg temp 44.000000, final temp 44 ) ------
	-------- Loop 9 (sock 2 consumed 0.000000, avg temp 38.000000, final temp 37 ) ------
Loop 10 <line-85> - Time 0.170519 Total energy consumed 12.984015 Ave. Power Level 76.143894
	-------- Loop 10 (sock 1 consumed 6.440865, avg temp 44.000000, final temp 44 ) ------
	-------- Loop 10 (sock 2 consumed 6.543150, avg temp 37.750000, final temp 38 ) ------
Loop 11 <line-131> - Time 0.003658 Total energy consumed 0.315960 Ave. Power Level 86.371857
	-------- Loop 11 (sock 1 consumed 0.157860, avg temp 44.000000, final temp 44 ) ------
	-------- Loop 11 (sock 2 consumed 0.158100, avg temp 38.000000, final temp 38 ) ------
Loop 12 <line-167> - Time 0.214097 Total energy consumed 16.252650 Ave. Power Level 75.912601
	-------- Loop 12 (sock 1 consumed 8.089065, avg temp 44.000000, final temp 44 ) ------
	-------- Loop 12 (sock 2 consumed 8.163585, avg temp 38.000000, final temp 38 ) ------
Loop 13 <line-213> - Time 6.094612 Total energy consumed 478.818660 Ave. Power Level 78.564255
	-------- Loop 13 (sock 1 consumed 239.634525, avg temp 44.400000, final temp 44 ) ------
	-------- Loop 13 (sock 2 consumed 239.184135, avg temp 38.600000, final temp 38 ) ------
Loop 14 <line-99> - Time 4.358024 Total energy consumed 227.983260 Ave. Power Level 52.313452
	-------- Loop 14 (sock 1 consumed 119.724210, avg temp 44.333333, final temp 45 ) ------
	-------- Loop 14 (sock 2 consumed 108.259050, avg temp 38.000000, final temp 38 ) ------
Loop 15 <line-160> - Time 0.124798 Total energy consumed 7.197810 Ave. Power Level 57.675779
	-------- Loop 15 (sock 1 consumed 3.713355, avg temp 44.000000, final temp 44 ) ------
	-------- Loop 15 (sock 2 consumed 3.484455, avg temp 38.333333, final temp 38 ) ------
Loop 16 <line-269> - Time 3.090107 Total energy consumed 146.779815 Ave. Power Level 47.499914
	-------- Loop 16 (sock 1 consumed 70.853145, avg temp 43.590909, final temp 44 ) ------
	-------- Loop 16 (sock 2 consumed 75.926670, avg temp 37.954545, final temp 38 ) ------
Loop 17 <line-300> - Time 0.001228 Total energy consumed 0.072975 Ave. Power Level 59.411817
	-------- Loop 17 (sock 1 consumed 0.048750, avg temp 43.529412, final temp 44 ) ------
	-------- Loop 17 (sock 2 consumed 0.024225, avg temp 37.941176, final temp 39 ) ------
Loop 18 <line-148> - Time 0.000453 Total energy consumed 0.000000 Ave. Power Level 0.000000
	-------- Loop 18 (sock 1 consumed 0.000000, avg temp 44.000000, final temp 44 ) ------
	-------- Loop 18 (sock 2 consumed 0.000000, avg temp 38.000000, final temp 38 ) ------
Application(EnergyStat) - Time 31.873033 Total energy consumed 1718.834220 Ave. Power Level 53.927538 Final Temperature socket 1 : 44  socket 2 : 37 
	 ParallelApplication(EnergyStat) - Time 15.426019 Total energy consumed 961.966035 Ave. Power Level 62.359968
