Memory used: 1.32031
Loading 32-bit binary file: pnnl.bin, numvertices: 2361670, numEdges: 191402826
File read time: 1.74091
Before allocating graph
Allocated graph: 0x839570
Processing edges for vertex: 0, range(0, 166)
Processing edges for vertex: 100000, range(58444108, 58444133)
Processing edges for vertex: 200000, range(84376057, 84376362)
Processing edges for vertex: 300000, range(106069163, 106069503)
Processing edges for vertex: 400000, range(122097114, 122097513)
Processing edges for vertex: 500000, range(135096418, 135096483)
Processing edges for vertex: 600000, range(146097008, 146097061)
Processing edges for vertex: 700000, range(155415410, 155415531)
Processing edges for vertex: 800000, range(162595900, 162595989)
Processing edges for vertex: 900000, range(168508374, 168508464)
Processing edges for vertex: 1000000, range(173203321, 173203442)
Processing edges for vertex: 1100000, range(176935100, 176935110)
Processing edges for vertex: 1200000, range(179876260, 179876270)
Processing edges for vertex: 1300000, range(182240081, 182240092)
Processing edges for vertex: 1400000, range(184224513, 184224521)
Processing edges for vertex: 1500000, range(185795161, 185795170)
Processing edges for vertex: 1600000, range(187104124, 187104130)
Processing edges for vertex: 1700000, range(188148455, 188148461)
Processing edges for vertex: 1800000, range(188997836, 188997842)
Processing edges for vertex: 1900000, range(189691532, 189691535)
Processing edges for vertex: 2000000, range(190254658, 190254660)
Processing edges for vertex: 2100000, range(190705814, 190705822)
Processing edges for vertex: 2200000, range(191052755, 191052764)
Processing edges for vertex: 2300000, range(191302662, 191302663)
Graph populate time: 8.53876
Total I/O time: 10.2797

Regional(EnergyStat) - Time 10.284096 Total energy consumed 535.417065 Ave. Power Level 52.062629 
Running on: 11 threads
Loaded graph from file: pnnl.bin
Memory used: 2949.12
Maximum degree for the graph: 5520
Iteration: 0, conflicts: 75
Iteration: 1, conflicts: 22
Iteration: 2, conflicts: 16
Iteration: 3, conflicts: 9
Iteration: 4, conflicts: 6
Iteration: 5, conflicts: 5
Iteration: 6, conflicts: 3
Iteration: 7, conflicts: 2
Iteration: 8, conflicts: 1
Iteration: 9, conflicts: 0
Total number of colors used: 1188
Total number of conflicts overall: 0
Number of rounds: 10
SUCCESS: No conflicts found
Coloring time: 0.796856
Memory used: 2949.12
Number of reordered colors: 991
End position for large colors: 0, node count: 550235, largest: 550235
Node count cutoff: 472334
e_xx: 1.28557e+08, a2_x: 6.25514e+11, currMod: 0.671638
e_xx: 1.68072e+08, a2_x: 5.80425e+11, currMod: 0.878093
e_xx: 1.73996e+08, a2_x: 5.32807e+11, currMod: 0.909042
e_xx: 1.7645e+08, a2_x: 5.4338e+11, currMod: 0.921865
e_xx: 1.77641e+08, a2_x: 5.64924e+11, currMod: 0.928085
currMod: 0.921865, prevMod: -1
Louvain time: 9.00558
numClusters: 204201, time: 0.113987
Next phase: 2
Memory used: 2949.12
End Structure 1290121 204201 vs 2782674
Build next level time: 5.1071
Iteration time: 14.2303
Memory used: 2949.12
e_xx: 1.57122e+08, a2_x: 5.64803e+11, currMod: 0.919491
e_xx: 1.64444e+08, a2_x: 2.84885e+11, currMod: 0.962348
e_xx: 1.65913e+08, a2_x: 2.52254e+11, currMod: 0.970946
e_xx: 1.66227e+08, a2_x: 1.9106e+11, currMod: 0.972788
e_xx: 1.66315e+08, a2_x: 2.41807e+11, currMod: 0.973297
e_xx: 1.6644e+08, a2_x: 2.02691e+11, currMod: 0.97403
e_xx: 1.66436e+08, a2_x: 2.31201e+11, currMod: 0.974004
currMod: 0.97403, prevMod: 0.921865
Louvain time: 1.71809
numClusters: 55229, time: 0.016515
Next phase: 3
Memory used: 2949.12
End Structure 552173 55229 vs 1159551
Build next level time: 0.196057
Iteration time: 1.93159
Memory used: 2949.12
e_xx: 1.6644e+08, a2_x: 2.04623e+11, currMod: 0.974001
e_xx: 1.67213e+08, a2_x: 1.06886e+11, currMod: 0.978534
e_xx: 1.6726e+08, a2_x: 1.14593e+11, currMod: 0.978806
e_xx: 1.6735e+08, a2_x: 5.66253e+10, currMod: 0.979331
e_xx: 1.67306e+08, a2_x: 8.65659e+10, currMod: 0.979077
currMod: 0.979331, prevMod: 0.97403
Louvain time: 0.607266
numClusters: 25978, time: 0.005189
Next phase: 4
Memory used: 2949.12
End Structure 187090 25978 vs 400158
Build next level time: 0.079054
Iteration time: 0.691991
Memory used: 2949.12
e_xx: 1.6735e+08, a2_x: 5.58645e+10, currMod: 0.979317
e_xx: 1.6754e+08, a2_x: 4.533e+10, currMod: 0.98043
e_xx: 1.6758e+08, a2_x: 3.72674e+10, currMod: 0.980664
e_xx: 1.67581e+08, a2_x: 4.03999e+10, currMod: 0.980672
e_xx: 1.6758e+08, a2_x: 3.22388e+10, currMod: 0.980668
currMod: 0.980672, prevMod: 0.979331
Louvain time: 0.269525
numClusters: 22198, time: 0.00325
Next phase: 5
Memory used: 2949.12
End Structure 96520 22198 vs 215238
Build next level time: 0.036789
Iteration time: 0.309989
Memory used: 2949.12
e_xx: 1.67581e+08, a2_x: 3.89826e+10, currMod: 0.98067
e_xx: 1.67585e+08, a2_x: 3.1809e+10, currMod: 0.980695
e_xx: 1.67585e+08, a2_x: 2.21191e+10, currMod: 0.980696
e_xx: 1.67587e+08, a2_x: 2.17746e+10, currMod: 0.980704
e_xx: 1.67586e+08, a2_x: 2.53178e+10, currMod: 0.980699
currMod: 0.980704, prevMod: 0.980672
Louvain time: 0.159045
numClusters: 21987, time: 0.002864
Next phase: 6
Memory used: 2949.12
End Structure 74421 21987 vs 170829
Build next level time: 0.026101
Iteration time: 0.188239
Memory used: 2949.12
e_xx: 1.67587e+08, a2_x: 2.13087e+10, currMod: 0.980704
e_xx: 1.67587e+08, a2_x: 1.99824e+10, currMod: 0.980704
currMod: 0.980704, prevMod: 0.980704
Louvain time: 0.050965
numClusters: 21987, time: 0.002822
Maximum degree for the graph: 473
Iteration: 0, conflicts: 0
Total number of colors used: 180
Total number of conflicts overall: 0
Number of rounds: 1
SUCCESS: No conflicts found
Number of reordered colors: 179
End position for large colors: 0, node count: 21556, largest: 21556
Node count cutoff: 4398
e_xx: 1.67587e+08, a2_x: 2.22732e+10, currMod: 0.980704
End Structure 73864 21975 vs 169703
currMod: 0.980704, prevMod: 0.980704
numClusters: 21975
Total iteration time: 17.3521

Loop 0 <line-37> - Time 0.000682 Total energy consumed 0.052275 Ave. Power Level 76.679580
	-------- Loop 0 (sock 1 consumed 0.030210, avg temp 46.500000, final temp 47 ) ------
	-------- Loop 0 (sock 2 consumed 0.022065, avg temp 39.000000, final temp 40 ) ------
Loop 1 <line-54> - Time 0.000503 Total energy consumed 0.052245 Ave. Power Level 103.831501
	-------- Loop 1 (sock 1 consumed 0.030165, avg temp 47.000000, final temp 47 ) ------
	-------- Loop 1 (sock 2 consumed 0.022080, avg temp 39.000000, final temp 40 ) ------
Loop 2 <line-76> - Time 0.000471 Total energy consumed 0.000000 Ave. Power Level 0.000000
	-------- Loop 2 (sock 1 consumed 0.000000, avg temp 47.000000, final temp 47 ) ------
	-------- Loop 2 (sock 2 consumed 0.000000, avg temp 39.000000, final temp 40 ) ------
Loop 3 <line-170> - Time 0.511285 Total energy consumed 32.557890 Ave. Power Level 63.678500
	-------- Loop 3 (sock 1 consumed 18.831450, avg temp 47.909091, final temp 47 ) ------
	-------- Loop 3 (sock 2 consumed 13.726440, avg temp 39.090909, final temp 40 ) ------
Loop 4 <line-192> - Time 0.000132 Total energy consumed 0.000000 Ave. Power Level 0.000000
	-------- Loop 4 (sock 1 consumed 0.000000, avg temp 47.500000, final temp 47 ) ------
	-------- Loop 4 (sock 2 consumed 0.000000, avg temp 39.500000, final temp 40 ) ------
Loop 5 <line-222> - Time 0.191777 Total energy consumed 12.581205 Ave. Power Level 65.603345
	-------- Loop 5 (sock 1 consumed 6.502725, avg temp 47.000000, final temp 47 ) ------
	-------- Loop 5 (sock 2 consumed 6.078480, avg temp 39.000000, final temp 40 ) ------
Loop 6 <line-116> - Time 0.001863 Total energy consumed 0.103065 Ave. Power Level 55.314995
	-------- Loop 6 (sock 1 consumed 0.059085, avg temp 47.333333, final temp 47 ) ------
	-------- Loop 6 (sock 2 consumed 0.043980, avg temp 39.500000, final temp 40 ) ------
Loop 7 <line-334> - Time 0.428905 Total energy consumed 24.877140 Ave. Power Level 58.001473
	-------- Loop 7 (sock 1 consumed 13.018995, avg temp 47.142857, final temp 47 ) ------
	-------- Loop 7 (sock 2 consumed 11.858145, avg temp 39.714286, final temp 40 ) ------
Loop 8 <line-353> - Time 0.000432 Total energy consumed 0.000000 Ave. Power Level 0.000000
	-------- Loop 8 (sock 1 consumed 0.000000, avg temp 47.142857, final temp 47 ) ------
	-------- Loop 8 (sock 2 consumed 0.000000, avg temp 39.714286, final temp 40 ) ------
Loop 9 <line-375> - Time 0.000644 Total energy consumed 0.000000 Ave. Power Level 0.000000
	-------- Loop 9 (sock 1 consumed 0.000000, avg temp 47.142857, final temp 47 ) ------
	-------- Loop 9 (sock 2 consumed 0.000000, avg temp 39.714286, final temp 40 ) ------
Loop 10 <line-85> - Time 0.126597 Total energy consumed 12.114600 Ave. Power Level 95.694225
	-------- Loop 10 (sock 1 consumed 6.292620, avg temp 46.750000, final temp 46 ) ------
	-------- Loop 10 (sock 2 consumed 5.821980, avg temp 40.000000, final temp 40 ) ------
Loop 11 <line-131> - Time 0.003172 Total energy consumed 0.346305 Ave. Power Level 109.190470
	-------- Loop 11 (sock 1 consumed 0.205515, avg temp 47.000000, final temp 46 ) ------
	-------- Loop 11 (sock 2 consumed 0.140790, avg temp 39.500000, final temp 40 ) ------
Loop 12 <line-167> - Time 0.176419 Total energy consumed 16.836015 Ave. Power Level 95.431875
	-------- Loop 12 (sock 1 consumed 8.716245, avg temp 47.500000, final temp 47 ) ------
	-------- Loop 12 (sock 2 consumed 8.119770, avg temp 40.000000, final temp 40 ) ------
Loop 13 <line-213> - Time 5.263250 Total energy consumed 515.596185 Ave. Power Level 97.961559
	-------- Loop 13 (sock 1 consumed 267.778620, avg temp 48.000000, final temp 46 ) ------
	-------- Loop 13 (sock 2 consumed 247.817565, avg temp 40.500000, final temp 39 ) ------
Loop 14 <line-99> - Time 5.099376 Total energy consumed 317.675130 Ave. Power Level 62.296863
	-------- Loop 14 (sock 1 consumed 162.809460, avg temp 47.000000, final temp 46 ) ------
	-------- Loop 14 (sock 2 consumed 154.865670, avg temp 39.666667, final temp 40 ) ------
Loop 15 <line-160> - Time 0.113193 Total energy consumed 7.782375 Ave. Power Level 68.753185
	-------- Loop 15 (sock 1 consumed 3.952365, avg temp 47.000000, final temp 47 ) ------
	-------- Loop 15 (sock 2 consumed 3.830010, avg temp 39.833333, final temp 40 ) ------
Loop 16 <line-269> - Time 2.785545 Total energy consumed 155.489865 Ave. Power Level 55.820262
	-------- Loop 16 (sock 1 consumed 74.318130, avg temp 46.666667, final temp 46 ) ------
	-------- Loop 16 (sock 2 consumed 81.171735, avg temp 39.750000, final temp 40 ) ------
Loop 17 <line-300> - Time 0.001430 Total energy consumed 0.101295 Ave. Power Level 70.815905
	-------- Loop 17 (sock 1 consumed 0.049500, avg temp 46.736842, final temp 47 ) ------
	-------- Loop 17 (sock 2 consumed 0.051795, avg temp 39.842105, final temp 39 ) ------
Loop 18 <line-148> - Time 0.000377 Total energy consumed 0.000000 Ave. Power Level 0.000000
	-------- Loop 18 (sock 1 consumed 0.000000, avg temp 47.000000, final temp 47 ) ------
	-------- Loop 18 (sock 2 consumed 0.000000, avg temp 40.000000, final temp 40 ) ------
Application(EnergyStat) - Time 28.527049 Total energy consumed 1835.914395 Ave. Power Level 64.356969 Final Temperature socket 1 : 46  socket 2 : 39 
	 ParallelApplication(EnergyStat) - Time 14.706054 Total energy consumed 1096.165590 Ave. Power Level 74.538390
Memory used: 1.32031
Loading 32-bit binary file: pnnl.bin, numvertices: 2361670, numEdges: 191402826
File read time: 1.71077
Before allocating graph
Allocated graph: 0x16bf570
Processing edges for vertex: 0, range(0, 166)
Processing edges for vertex: 100000, range(58444108, 58444133)
Processing edges for vertex: 200000, range(84376057, 84376362)
Processing edges for vertex: 300000, range(106069163, 106069503)
Processing edges for vertex: 400000, range(122097114, 122097513)
Processing edges for vertex: 500000, range(135096418, 135096483)
Processing edges for vertex: 600000, range(146097008, 146097061)
Processing edges for vertex: 700000, range(155415410, 155415531)
Processing edges for vertex: 800000, range(162595900, 162595989)
Processing edges for vertex: 900000, range(168508374, 168508464)
Processing edges for vertex: 1000000, range(173203321, 173203442)
Processing edges for vertex: 1100000, range(176935100, 176935110)
Processing edges for vertex: 1200000, range(179876260, 179876270)
Processing edges for vertex: 1300000, range(182240081, 182240092)
Processing edges for vertex: 1400000, range(184224513, 184224521)
Processing edges for vertex: 1500000, range(185795161, 185795170)
Processing edges for vertex: 1600000, range(187104124, 187104130)
Processing edges for vertex: 1700000, range(188148455, 188148461)
Processing edges for vertex: 1800000, range(188997836, 188997842)
Processing edges for vertex: 1900000, range(189691532, 189691535)
Processing edges for vertex: 2000000, range(190254658, 190254660)
Processing edges for vertex: 2100000, range(190705814, 190705822)
Processing edges for vertex: 2200000, range(191052755, 191052764)
Processing edges for vertex: 2300000, range(191302662, 191302663)
Graph populate time: 8.46647
Total I/O time: 10.1773

Regional(EnergyStat) - Time 10.180659 Total energy consumed 533.091435 Ave. Power Level 52.363157 
Running on: 11 threads
Loaded graph from file: pnnl.bin
Memory used: 2949.12
Maximum degree for the graph: 5520
Iteration: 0, conflicts: 22
Iteration: 1, conflicts: 3
Iteration: 2, conflicts: 0
Total number of colors used: 1188
Total number of conflicts overall: 0
Number of rounds: 3
SUCCESS: No conflicts found
Coloring time: 0.823133
Memory used: 2949.12
Number of reordered colors: 1000
End position for large colors: 0, node count: 550210, largest: 550210
Node count cutoff: 472334
e_xx: 1.20965e+08, a2_x: 6.62841e+11, currMod: 0.631972
e_xx: 1.65347e+08, a2_x: 5.7292e+11, currMod: 0.863856
e_xx: 1.72522e+08, a2_x: 5.41551e+11, currMod: 0.901339
e_xx: 1.75468e+08, a2_x: 5.3068e+11, currMod: 0.916734
e_xx: 1.76813e+08, a2_x: 5.10146e+11, currMod: 0.923763
currMod: 0.916734, prevMod: -1
Louvain time: 9.09108
numClusters: 204279, time: 0.101512
Next phase: 2
Memory used: 2949.12
End Structure 1296129 204279 vs 2794814
Build next level time: 3.87256
Iteration time: 13.0687
Memory used: 2949.12
e_xx: 1.5841e+08, a2_x: 5.10274e+11, currMod: 0.915689
e_xx: 1.66459e+08, a2_x: 3.24738e+11, currMod: 0.962226
e_xx: 1.67799e+08, a2_x: 2.3458e+11, currMod: 0.96997
e_xx: 1.68199e+08, a2_x: 2.57448e+11, currMod: 0.972282
e_xx: 1.6834e+08, a2_x: 2.50524e+11, currMod: 0.9731
e_xx: 1.68432e+08, a2_x: 2.53719e+11, currMod: 0.973633
e_xx: 1.68425e+08, a2_x: 2.46059e+11, currMod: 0.97359
currMod: 0.973633, prevMod: 0.916734
Louvain time: 1.73851
numClusters: 54968, time: 0.016031
Next phase: 3
Memory used: 2949.12
End Structure 547576 54968 vs 1150108
Build next level time: 0.187437
Iteration time: 1.94271
Memory used: 2949.12
e_xx: 1.68432e+08, a2_x: 2.53636e+11, currMod: 0.973609
e_xx: 1.69293e+08, a2_x: 1.07411e+11, currMod: 0.978592
e_xx: 1.69379e+08, a2_x: 8.81672e+10, currMod: 0.979086
e_xx: 1.69479e+08, a2_x: 4.43864e+10, currMod: 0.979668
e_xx: 1.6941e+08, a2_x: 9.55396e+10, currMod: 0.979269
currMod: 0.979668, prevMod: 0.973633
Louvain time: 0.60428
numClusters: 26033, time: 0.005257
Next phase: 4
Memory used: 2949.12
End Structure 190155 26033 vs 406343
Build next level time: 0.076519
Iteration time: 0.686504
Memory used: 2949.12
e_xx: 1.69479e+08, a2_x: 4.4467e+10, currMod: 0.979654
e_xx: 1.69713e+08, a2_x: -4.7553e+09, currMod: 0.981008
e_xx: 1.69689e+08, a2_x: -1.10935e+10, currMod: 0.980869
currMod: 0.981008, prevMod: 0.979668
Louvain time: 0.168096
numClusters: 22755, time: 0.003259
Next phase: 5
Memory used: 2949.12
End Structure 111133 22755 vs 245021
Build next level time: 0.042843
Iteration time: 0.214606
Memory used: 2949.12
e_xx: 1.69713e+08, a2_x: -6.12686e+09, currMod: 0.981006
e_xx: 1.69726e+08, a2_x: -8.83826e+09, currMod: 0.981079
e_xx: 1.69729e+08, a2_x: 1.05306e+10, currMod: 0.981095
e_xx: 1.69731e+08, a2_x: -1.08191e+10, currMod: 0.981108
e_xx: 1.69746e+08, a2_x: -2.41641e+09, currMod: 0.981196
e_xx: 1.69743e+08, a2_x: -1.25178e+10, currMod: 0.981181
currMod: 0.981196, prevMod: 0.981008
Louvain time: 0.209545
numClusters: 21955, time: 0.002939
Next phase: 6
Memory used: 2949.12
End Structure 54952 21955 vs 131859
Build next level time: 0.020161
Iteration time: 0.232846
Memory used: 2949.12
e_xx: 1.69746e+08, a2_x: -1.55256e+09, currMod: 0.981196
e_xx: 1.69746e+08, a2_x: -4.87663e+08, currMod: 0.981198
e_xx: 1.69746e+08, a2_x: -7.47707e+09, currMod: 0.981198
currMod: 0.981198, prevMod: 0.981196
Louvain time: 0.056377
numClusters: 21908, time: 0.002848
Next phase: 7
Memory used: 2949.12
End Structure 52521 21908 vs 126950
Build next level time: 0.018674
Iteration time: 0.078094
Memory used: 2949.12
e_xx: 1.69746e+08, a2_x: 4.62572e+08, currMod: 0.981197
e_xx: 1.69746e+08, a2_x: 1.5109e+09, currMod: 0.981197
currMod: 0.981198, prevMod: 0.981198
Louvain time: 0.035831
numClusters: 21908, time: 0.002817
Maximum degree for the graph: 399
Iteration: 0, conflicts: 0
Total number of colors used: 158
Total number of conflicts overall: 0
Number of rounds: 1
SUCCESS: No conflicts found
Number of reordered colors: 155
End position for large colors: 0, node count: 21551, largest: 21551
Node count cutoff: 4382
e_xx: 1.69746e+08, a2_x: 1.5109e+09, currMod: 0.981197
End Structure 52387 21906 vs 126680
currMod: 0.981198, prevMod: 0.981198
numClusters: 21906
Total iteration time: 16.2235

Loop 0 <line-37> - Time 0.000653 Total energy consumed 0.087780 Ave. Power Level 134.376957
	-------- Loop 0 (sock 1 consumed 0.056745, avg temp 47.500000, final temp 47 ) ------
	-------- Loop 0 (sock 2 consumed 0.031035, avg temp 40.000000, final temp 40 ) ------
Loop 1 <line-54> - Time 0.000398 Total energy consumed 0.000000 Ave. Power Level 0.000000
	-------- Loop 1 (sock 1 consumed 0.000000, avg temp 46.500000, final temp 47 ) ------
	-------- Loop 1 (sock 2 consumed 0.000000, avg temp 40.000000, final temp 41 ) ------
Loop 2 <line-76> - Time 0.000455 Total energy consumed 0.000000 Ave. Power Level 0.000000
	-------- Loop 2 (sock 1 consumed 0.000000, avg temp 46.500000, final temp 47 ) ------
	-------- Loop 2 (sock 2 consumed 0.000000, avg temp 40.000000, final temp 41 ) ------
Loop 3 <line-170> - Time 0.506313 Total energy consumed 31.713255 Ave. Power Level 62.635632
	-------- Loop 3 (sock 1 consumed 13.142745, avg temp 46.250000, final temp 47 ) ------
	-------- Loop 3 (sock 2 consumed 18.570510, avg temp 40.000000, final temp 40 ) ------
Loop 4 <line-192> - Time 0.000185 Total energy consumed 0.000000 Ave. Power Level 0.000000
	-------- Loop 4 (sock 1 consumed 0.000000, avg temp 46.500000, final temp 47 ) ------
	-------- Loop 4 (sock 2 consumed 0.000000, avg temp 40.000000, final temp 40 ) ------
Loop 5 <line-222> - Time 0.223449 Total energy consumed 13.734405 Ave. Power Level 61.465425
	-------- Loop 5 (sock 1 consumed 8.024355, avg temp 46.500000, final temp 47 ) ------
	-------- Loop 5 (sock 2 consumed 5.710050, avg temp 39.500000, final temp 40 ) ------
Loop 6 <line-116> - Time 0.001911 Total energy consumed 0.000000 Ave. Power Level 0.000000
	-------- Loop 6 (sock 1 consumed 0.000000, avg temp 46.285714, final temp 47 ) ------
	-------- Loop 6 (sock 2 consumed 0.000000, avg temp 40.428571, final temp 41 ) ------
Loop 7 <line-334> - Time 0.430781 Total energy consumed 24.448140 Ave. Power Level 56.753086
	-------- Loop 7 (sock 1 consumed 10.078860, avg temp 46.625000, final temp 47 ) ------
	-------- Loop 7 (sock 2 consumed 14.369280, avg temp 40.375000, final temp 40 ) ------
Loop 8 <line-353> - Time 0.000428 Total energy consumed 0.000000 Ave. Power Level 0.000000
	-------- Loop 8 (sock 1 consumed 0.000000, avg temp 46.625000, final temp 47 ) ------
	-------- Loop 8 (sock 2 consumed 0.000000, avg temp 40.375000, final temp 40 ) ------
Loop 9 <line-375> - Time 0.000665 Total energy consumed 0.000000 Ave. Power Level 0.000000
	-------- Loop 9 (sock 1 consumed 0.000000, avg temp 46.625000, final temp 47 ) ------
	-------- Loop 9 (sock 2 consumed 0.000000, avg temp 40.375000, final temp 40 ) ------
Loop 10 <line-85> - Time 0.123834 Total energy consumed 11.487255 Ave. Power Level 92.763299
	-------- Loop 10 (sock 1 consumed 5.578980, avg temp 46.750000, final temp 47 ) ------
	-------- Loop 10 (sock 2 consumed 5.908275, avg temp 41.000000, final temp 41 ) ------
Loop 11 <line-131> - Time 0.003174 Total energy consumed 0.194565 Ave. Power Level 61.298231
	-------- Loop 11 (sock 1 consumed 0.093450, avg temp 47.000000, final temp 47 ) ------
	-------- Loop 11 (sock 2 consumed 0.101115, avg temp 41.000000, final temp 41 ) ------
Loop 12 <line-167> - Time 0.178577 Total energy consumed 16.722105 Ave. Power Level 93.640862
	-------- Loop 12 (sock 1 consumed 8.106900, avg temp 47.000000, final temp 47 ) ------
	-------- Loop 12 (sock 2 consumed 8.615205, avg temp 41.000000, final temp 41 ) ------
Loop 13 <line-213> - Time 5.435271 Total energy consumed 521.682240 Ave. Power Level 95.980903
	-------- Loop 13 (sock 1 consumed 250.019760, avg temp 48.000000, final temp 48 ) ------
	-------- Loop 13 (sock 2 consumed 271.662480, avg temp 43.500000, final temp 41 ) ------
Loop 14 <line-99> - Time 3.873410 Total energy consumed 228.983025 Ave. Power Level 59.116647
	-------- Loop 14 (sock 1 consumed 93.422085, avg temp 46.142857, final temp 47 ) ------
	-------- Loop 14 (sock 2 consumed 135.560940, avg temp 41.142857, final temp 41 ) ------
Loop 15 <line-160> - Time 0.105981 Total energy consumed 7.128735 Ave. Power Level 67.264387
	-------- Loop 15 (sock 1 consumed 3.271410, avg temp 46.428571, final temp 46 ) ------
	-------- Loop 15 (sock 2 consumed 3.857325, avg temp 41.142857, final temp 41 ) ------
Loop 16 <line-269> - Time 2.792547 Total energy consumed 152.752260 Ave. Power Level 54.699972
	-------- Loop 16 (sock 1 consumed 72.127275, avg temp 46.115385, final temp 46 ) ------
	-------- Loop 16 (sock 2 consumed 80.624985, avg temp 40.500000, final temp 40 ) ------
Loop 17 <line-300> - Time 0.001491 Total energy consumed 0.049515 Ave. Power Level 33.216184
	-------- Loop 17 (sock 1 consumed 0.021180, avg temp 46.200000, final temp 46 ) ------
	-------- Loop 17 (sock 2 consumed 0.028335, avg temp 40.650000, final temp 40 ) ------
Loop 18 <line-148> - Time 0.000394 Total energy consumed 0.000000 Ave. Power Level 0.000000
	-------- Loop 18 (sock 1 consumed 0.000000, avg temp 47.000000, final temp 47 ) ------
	-------- Loop 18 (sock 2 consumed 0.000000, avg temp 40.000000, final temp 40 ) ------
Application(EnergyStat) - Time 27.296494 Total energy consumed 1742.374650 Ave. Power Level 63.831444 Final Temperature socket 1 : 47  socket 2 : 41 
	 ParallelApplication(EnergyStat) - Time 13.679918 Total energy consumed 1008.983280 Ave. Power Level 73.756527
Memory used: 1.32031
Loading 32-bit binary file: pnnl.bin, numvertices: 2361670, numEdges: 191402826
File read time: 1.71116
Before allocating graph
Allocated graph: 0x24ee570
Processing edges for vertex: 0, range(0, 166)
Processing edges for vertex: 100000, range(58444108, 58444133)
Processing edges for vertex: 200000, range(84376057, 84376362)
Processing edges for vertex: 300000, range(106069163, 106069503)
Processing edges for vertex: 400000, range(122097114, 122097513)
Processing edges for vertex: 500000, range(135096418, 135096483)
Processing edges for vertex: 600000, range(146097008, 146097061)
Processing edges for vertex: 700000, range(155415410, 155415531)
Processing edges for vertex: 800000, range(162595900, 162595989)
Processing edges for vertex: 900000, range(168508374, 168508464)
Processing edges for vertex: 1000000, range(173203321, 173203442)
Processing edges for vertex: 1100000, range(176935100, 176935110)
Processing edges for vertex: 1200000, range(179876260, 179876270)
Processing edges for vertex: 1300000, range(182240081, 182240092)
Processing edges for vertex: 1400000, range(184224513, 184224521)
Processing edges for vertex: 1500000, range(185795161, 185795170)
Processing edges for vertex: 1600000, range(187104124, 187104130)
Processing edges for vertex: 1700000, range(188148455, 188148461)
Processing edges for vertex: 1800000, range(188997836, 188997842)
Processing edges for vertex: 1900000, range(189691532, 189691535)
Processing edges for vertex: 2000000, range(190254658, 190254660)
Processing edges for vertex: 2100000, range(190705814, 190705822)
Processing edges for vertex: 2200000, range(191052755, 191052764)
Processing edges for vertex: 2300000, range(191302662, 191302663)
Graph populate time: 8.30699
Total I/O time: 10.0182

Regional(EnergyStat) - Time 10.021563 Total energy consumed 523.857015 Ave. Power Level 52.272984 
Running on: 11 threads
Loaded graph from file: pnnl.bin
Memory used: 2949.12
Maximum degree for the graph: 5520
Iteration: 0, conflicts: 32
Iteration: 1, conflicts: 6
Iteration: 2, conflicts: 3
Iteration: 3, conflicts: 1
Iteration: 4, conflicts: 0
Total number of colors used: 1184
Total number of conflicts overall: 0
Number of rounds: 5
SUCCESS: No conflicts found
Coloring time: 0.819739
Memory used: 2949.12
Number of reordered colors: 990
End position for large colors: 0, node count: 550384, largest: 550384
Node count cutoff: 472334
e_xx: 1.25481e+08, a2_x: 6.54046e+11, currMod: 0.655571
e_xx: 1.67003e+08, a2_x: 5.36007e+11, currMod: 0.872508
e_xx: 1.73226e+08, a2_x: 5.35689e+11, currMod: 0.905019
e_xx: 1.75787e+08, a2_x: 5.33633e+11, currMod: 0.918399
e_xx: 1.77082e+08, a2_x: 5.06801e+11, currMod: 0.925165
currMod: 0.918399, prevMod: -1
Louvain time: 9.06298
numClusters: 199088, time: 0.099477
Next phase: 2
Memory used: 2949.12
End Structure 1135378 199088 vs 2467440
Build next level time: 3.7534
Iteration time: 12.9207
Memory used: 2949.12
e_xx: 1.56633e+08, a2_x: 5.04512e+11, currMod: 0.916252
e_xx: 1.64892e+08, a2_x: 3.21087e+11, currMod: 0.964569
e_xx: 1.65915e+08, a2_x: 2.34281e+11, currMod: 0.970557
e_xx: 1.66267e+08, a2_x: 2.22418e+11, currMod: 0.972617
e_xx: 1.66294e+08, a2_x: 2.14218e+11, currMod: 0.972779
e_xx: 1.66399e+08, a2_x: 2.16363e+11, currMod: 0.973391
e_xx: 1.66354e+08, a2_x: 2.19876e+11, currMod: 0.973129
currMod: 0.973391, prevMod: 0.918399
Louvain time: 1.45087
numClusters: 45203, time: 0.013427
Next phase: 3
Memory used: 2949.12
End Structure 376421 45203 vs 798032
Build next level time: 0.223317
Iteration time: 1.68861
Memory used: 2949.12
e_xx: 1.66399e+08, a2_x: 2.14998e+11, currMod: 0.973358
e_xx: 1.67475e+08, a2_x: 9.90967e+10, currMod: 0.979656
e_xx: 1.6759e+08, a2_x: 7.6983e+10, currMod: 0.98033
e_xx: 1.67601e+08, a2_x: 7.42608e+10, currMod: 0.980395
e_xx: 1.67608e+08, a2_x: 7.66649e+10, currMod: 0.980433
e_xx: 1.67624e+08, a2_x: 6.13885e+10, currMod: 0.980531
e_xx: 1.6763e+08, a2_x: 6.7518e+10, currMod: 0.980564
e_xx: 1.67633e+08, a2_x: 6.35452e+10, currMod: 0.980584
e_xx: 1.67631e+08, a2_x: 7.19939e+10, currMod: 0.98057
currMod: 0.980584, prevMod: 0.973391
Louvain time: 0.82541
numClusters: 24179, time: 0.004623
Next phase: 4
Memory used: 2949.12
End Structure 152391 24179 vs 328961
Build next level time: 0.063705
Iteration time: 0.894294
Memory used: 2949.12
e_xx: 1.67633e+08, a2_x: 6.17518e+10, currMod: 0.980575
e_xx: 1.67738e+08, a2_x: -2.57607e+10, currMod: 0.981192
e_xx: 1.67746e+08, a2_x: -1.03258e+10, currMod: 0.981238
e_xx: 1.67746e+08, a2_x: -1.30601e+10, currMod: 0.981237
currMod: 0.981238, prevMod: 0.980584
Louvain time: 0.201147
numClusters: 22278, time: 0.003086
Next phase: 5
Memory used: 2949.12
End Structure 94308 22278 vs 210894
Build next level time: 0.028608
Iteration time: 0.233228
Memory used: 2949.12
e_xx: 1.67746e+08, a2_x: -7.25204e+09, currMod: 0.981236
e_xx: 1.67748e+08, a2_x: -8.59237e+09, currMod: 0.98125
e_xx: 1.67749e+08, a2_x: -4.25591e+09, currMod: 0.981251
e_xx: 1.67749e+08, a2_x: 1.28379e+10, currMod: 0.981251
currMod: 0.981251, prevMod: 0.981238
Louvain time: 0.133475
numClusters: 22061, time: 0.002864
Next phase: 6
Memory used: 2949.12
End Structure 78755 22061 vs 179571
Build next level time: 0.025703
Iteration time: 0.162333
Memory used: 2949.12
e_xx: 1.67749e+08, a2_x: -8.3941e+09, currMod: 0.981252
e_xx: 1.67749e+08, a2_x: -1.11375e+10, currMod: 0.981253
e_xx: 1.67749e+08, a2_x: -1.10184e+10, currMod: 0.981253
currMod: 0.981253, prevMod: 0.981251
Louvain time: 0.085097
numClusters: 22040, time: 0.002894
Next phase: 7
Memory used: 2949.12
End Structure 76459 22040 vs 174958
Build next level time: 0.021706
Iteration time: 0.109872
Memory used: 2949.12
e_xx: 1.67749e+08, a2_x: -6.99933e+09, currMod: 0.981253
e_xx: 1.67749e+08, a2_x: -6.99933e+09, currMod: 0.981253
currMod: 0.981253, prevMod: 0.981253
Louvain time: 0.055555
numClusters: 22040, time: 0.00285
Maximum degree for the graph: 528
Iteration: 0, conflicts: 0
Total number of colors used: 172
Total number of conflicts overall: 0
Number of rounds: 1
SUCCESS: No conflicts found
Number of reordered colors: 170
End position for large colors: 0, node count: 21599, largest: 21599
Node count cutoff: 4408
e_xx: 1.67749e+08, a2_x: -6.99933e+09, currMod: 0.981253
End Structure 76459 22040 vs 174958
currMod: 0.981253, prevMod: 0.981253
numClusters: 22040
Total iteration time: 16.009

Loop 0 <line-37> - Time 0.000690 Total energy consumed 0.000000 Ave. Power Level 0.000000
	-------- Loop 0 (sock 1 consumed 0.000000, avg temp 46.500000, final temp 48 ) ------
	-------- Loop 0 (sock 2 consumed 0.000000, avg temp 40.500000, final temp 41 ) ------
Loop 1 <line-54> - Time 0.000504 Total energy consumed 0.000000 Ave. Power Level 0.000000
	-------- Loop 1 (sock 1 consumed 0.000000, avg temp 46.000000, final temp 48 ) ------
	-------- Loop 1 (sock 2 consumed 0.000000, avg temp 40.500000, final temp 41 ) ------
Loop 2 <line-76> - Time 0.000486 Total energy consumed 0.000000 Ave. Power Level 0.000000
	-------- Loop 2 (sock 1 consumed 0.000000, avg temp 46.000000, final temp 48 ) ------
	-------- Loop 2 (sock 2 consumed 0.000000, avg temp 40.500000, final temp 41 ) ------
Loop 3 <line-170> - Time 0.504672 Total energy consumed 31.224915 Ave. Power Level 61.871652
	-------- Loop 3 (sock 1 consumed 12.967935, avg temp 45.500000, final temp 48 ) ------
	-------- Loop 3 (sock 2 consumed 18.256980, avg temp 40.166667, final temp 41 ) ------
Loop 4 <line-192> - Time 0.000186 Total energy consumed 0.000000 Ave. Power Level 0.000000
	-------- Loop 4 (sock 1 consumed 0.000000, avg temp 46.500000, final temp 48 ) ------
	-------- Loop 4 (sock 2 consumed 0.000000, avg temp 40.500000, final temp 41 ) ------
Loop 5 <line-222> - Time 0.222670 Total energy consumed 13.644270 Ave. Power Level 61.275669
	-------- Loop 5 (sock 1 consumed 7.977495, avg temp 47.000000, final temp 48 ) ------
	-------- Loop 5 (sock 2 consumed 5.666775, avg temp 40.000000, final temp 41 ) ------
Loop 6 <line-116> - Time 0.002262 Total energy consumed 0.086550 Ave. Power Level 38.259640
	-------- Loop 6 (sock 1 consumed 0.063090, avg temp 46.857143, final temp 47 ) ------
	-------- Loop 6 (sock 2 consumed 0.023460, avg temp 40.000000, final temp 41 ) ------
Loop 7 <line-334> - Time 0.438346 Total energy consumed 24.183915 Ave. Power Level 55.170845
	-------- Loop 7 (sock 1 consumed 9.977040, avg temp 47.000000, final temp 48 ) ------
	-------- Loop 7 (sock 2 consumed 14.206875, avg temp 40.500000, final temp 41 ) ------
Loop 8 <line-353> - Time 0.000403 Total energy consumed 0.000000 Ave. Power Level 0.000000
	-------- Loop 8 (sock 1 consumed 0.000000, avg temp 47.000000, final temp 48 ) ------
	-------- Loop 8 (sock 2 consumed 0.000000, avg temp 40.500000, final temp 41 ) ------
Loop 9 <line-375> - Time 0.000636 Total energy consumed 0.000000 Ave. Power Level 0.000000
	-------- Loop 9 (sock 1 consumed 0.000000, avg temp 47.125000, final temp 48 ) ------
	-------- Loop 9 (sock 2 consumed 0.000000, avg temp 40.500000, final temp 41 ) ------
Loop 10 <line-85> - Time 0.121645 Total energy consumed 11.329965 Ave. Power Level 93.139238
	-------- Loop 10 (sock 1 consumed 5.468550, avg temp 46.500000, final temp 48 ) ------
	-------- Loop 10 (sock 2 consumed 5.861415, avg temp 41.250000, final temp 41 ) ------
Loop 11 <line-131> - Time 0.003173 Total energy consumed 0.334725 Ave. Power Level 105.489088
	-------- Loop 11 (sock 1 consumed 0.185130, avg temp 46.500000, final temp 48 ) ------
	-------- Loop 11 (sock 2 consumed 0.149595, avg temp 41.500000, final temp 41 ) ------
Loop 12 <line-167> - Time 0.200037 Total energy consumed 18.861315 Ave. Power Level 94.289025
	-------- Loop 12 (sock 1 consumed 9.111015, avg temp 47.000000, final temp 49 ) ------
	-------- Loop 12 (sock 2 consumed 9.750300, avg temp 41.500000, final temp 41 ) ------
Loop 13 <line-213> - Time 5.310219 Total energy consumed 508.453620 Ave. Power Level 95.750034
	-------- Loop 13 (sock 1 consumed 244.487940, avg temp 47.500000, final temp 49 ) ------
	-------- Loop 13 (sock 2 consumed 263.965680, avg temp 43.666667, final temp 41 ) ------
Loop 14 <line-99> - Time 3.823999 Total energy consumed 235.397250 Ave. Power Level 61.557875
	-------- Loop 14 (sock 1 consumed 103.359525, avg temp 47.142857, final temp 48 ) ------
	-------- Loop 14 (sock 2 consumed 132.037725, avg temp 40.142857, final temp 41 ) ------
Loop 15 <line-160> - Time 0.087654 Total energy consumed 5.876205 Ave. Power Level 67.038868
	-------- Loop 15 (sock 1 consumed 3.025680, avg temp 47.714286, final temp 48 ) ------
	-------- Loop 15 (sock 2 consumed 2.850525, avg temp 40.142857, final temp 40 ) ------
Loop 16 <line-269> - Time 2.732634 Total energy consumed 149.602275 Ave. Power Level 54.746556
	-------- Loop 16 (sock 1 consumed 76.421790, avg temp 46.655172, final temp 48 ) ------
	-------- Loop 16 (sock 2 consumed 73.180485, avg temp 40.310345, final temp 40 ) ------
Loop 17 <line-300> - Time 0.001625 Total energy consumed 0.000000 Ave. Power Level 0.000000
	-------- Loop 17 (sock 1 consumed 0.000000, avg temp 46.608696, final temp 46 ) ------
	-------- Loop 17 (sock 2 consumed 0.000000, avg temp 40.217391, final temp 40 ) ------
Loop 18 <line-148> - Time 0.000454 Total energy consumed 0.000000 Ave. Power Level 0.000000
	-------- Loop 18 (sock 1 consumed 0.000000, avg temp 48.000000, final temp 48 ) ------
	-------- Loop 18 (sock 2 consumed 0.000000, avg temp 41.000000, final temp 41 ) ------
Application(EnergyStat) - Time 26.949139 Total energy consumed 1722.402105 Ave. Power Level 63.913067 Final Temperature socket 1 : 47  socket 2 : 41 
	 ParallelApplication(EnergyStat) - Time 13.452296 Total energy consumed 998.995005 Ave. Power Level 74.262045
Memory used: 1.32422
Loading 32-bit binary file: pnnl.bin, numvertices: 2361670, numEdges: 191402826
File read time: 1.77452
Before allocating graph
Allocated graph: 0x1657570
Processing edges for vertex: 0, range(0, 166)
Processing edges for vertex: 100000, range(58444108, 58444133)
Processing edges for vertex: 200000, range(84376057, 84376362)
Processing edges for vertex: 300000, range(106069163, 106069503)
Processing edges for vertex: 400000, range(122097114, 122097513)
Processing edges for vertex: 500000, range(135096418, 135096483)
Processing edges for vertex: 600000, range(146097008, 146097061)
Processing edges for vertex: 700000, range(155415410, 155415531)
Processing edges for vertex: 800000, range(162595900, 162595989)
Processing edges for vertex: 900000, range(168508374, 168508464)
Processing edges for vertex: 1000000, range(173203321, 173203442)
Processing edges for vertex: 1100000, range(176935100, 176935110)
Processing edges for vertex: 1200000, range(179876260, 179876270)
Processing edges for vertex: 1300000, range(182240081, 182240092)
Processing edges for vertex: 1400000, range(184224513, 184224521)
Processing edges for vertex: 1500000, range(185795161, 185795170)
Processing edges for vertex: 1600000, range(187104124, 187104130)
Processing edges for vertex: 1700000, range(188148455, 188148461)
Processing edges for vertex: 1800000, range(188997836, 188997842)
Processing edges for vertex: 1900000, range(189691532, 189691535)
Processing edges for vertex: 2000000, range(190254658, 190254660)
Processing edges for vertex: 2100000, range(190705814, 190705822)
Processing edges for vertex: 2200000, range(191052755, 191052764)
Processing edges for vertex: 2300000, range(191302662, 191302663)
Graph populate time: 8.46177
Total I/O time: 10.2363

Regional(EnergyStat) - Time 10.240954 Total energy consumed 514.730580 Ave. Power Level 50.261977 
Running on: 11 threads
Loaded graph from file: pnnl.bin
Memory used: 2949.12
Maximum degree for the graph: 5520
Iteration: 0, conflicts: 47
Iteration: 1, conflicts: 12
Iteration: 2, conflicts: 6
Iteration: 3, conflicts: 3
Iteration: 4, conflicts: 1
Iteration: 5, conflicts: 0
Total number of colors used: 1186
Total number of conflicts overall: 0
Number of rounds: 6
SUCCESS: No conflicts found
Coloring time: 0.839332
Memory used: 2949.12
Number of reordered colors: 1015
End position for large colors: 0, node count: 550469, largest: 550469
Node count cutoff: 472334
e_xx: 1.27974e+08, a2_x: 6.89474e+11, currMod: 0.66859
e_xx: 1.68457e+08, a2_x: 5.77157e+11, currMod: 0.880104
e_xx: 1.74563e+08, a2_x: 5.70098e+11, currMod: 0.912005
e_xx: 1.77078e+08, a2_x: 5.48783e+11, currMod: 0.925143
e_xx: 1.7832e+08, a2_x: 5.06965e+11, currMod: 0.931633
currMod: 0.925143, prevMod: -1
Louvain time: 9.01809
numClusters: 202515, time: 0.113955
Next phase: 2
Memory used: 2949.12
End Structure 1237539 202515 vs 2675732
Build next level time: 4.08311
Iteration time: 13.2198
Memory used: 2949.12
e_xx: 1.55515e+08, a2_x: 5.05831e+11, currMod: 0.922427
e_xx: 1.62146e+08, a2_x: 3.30185e+11, currMod: 0.961761
e_xx: 1.63664e+08, a2_x: 2.75427e+11, currMod: 0.970771
e_xx: 1.63953e+08, a2_x: 2.33585e+11, currMod: 0.972484
e_xx: 1.64064e+08, a2_x: 2.33989e+11, currMod: 0.973143
e_xx: 1.64166e+08, a2_x: 2.44092e+11, currMod: 0.973747
e_xx: 1.64172e+08, a2_x: 2.29864e+11, currMod: 0.973784
e_xx: 1.64221e+08, a2_x: 2.56523e+11, currMod: 0.974077
e_xx: 1.64202e+08, a2_x: 2.28704e+11, currMod: 0.973964
currMod: 0.974077, prevMod: 0.925143
Louvain time: 1.96089
numClusters: 44665, time: 0.014134
Next phase: 3
Memory used: 2949.12
End Structure 381515 44665 vs 807691
Build next level time: 0.247486
Iteration time: 2.22326
Memory used: 2949.12
e_xx: 1.64221e+08, a2_x: 2.52951e+11, currMod: 0.974041
e_xx: 1.65124e+08, a2_x: 1.18203e+11, currMod: 0.979401
e_xx: 1.65161e+08, a2_x: 7.4355e+10, currMod: 0.979622
e_xx: 1.65214e+08, a2_x: 2.96448e+10, currMod: 0.979938
e_xx: 1.65171e+08, a2_x: 5.90021e+10, currMod: 0.97968
currMod: 0.979938, prevMod: 0.974077
Louvain time: 0.475344
numClusters: 24470, time: 0.004513
Next phase: 4
Memory used: 2949.12
End Structure 157795 24470 vs 340060
Build next level time: 0.061621
Iteration time: 0.541927
Memory used: 2949.12
e_xx: 1.65214e+08, a2_x: 2.99245e+10, currMod: 0.979929
e_xx: 1.65327e+08, a2_x: 2.17145e+10, currMod: 0.980597
e_xx: 1.65346e+08, a2_x: -4.35553e+09, currMod: 0.980714
e_xx: 1.65346e+08, a2_x: 4.01966e+08, currMod: 0.980713
currMod: 0.980714, prevMod: 0.979938
Louvain time: 0.203082
numClusters: 22261, time: 0.003118
Next phase: 5
Memory used: 2949.12
End Structure 95179 22261 vs 212619
Build next level time: 0.030384
Iteration time: 0.236873
Memory used: 2949.12
e_xx: 1.65346e+08, a2_x: -3.67425e+09, currMod: 0.980712
e_xx: 1.65349e+08, a2_x: -2.76081e+10, currMod: 0.980729
e_xx: 1.65349e+08, a2_x: -2.85533e+10, currMod: 0.980728
currMod: 0.980729, prevMod: 0.980714
Louvain time: 0.097953
numClusters: 22086, time: 0.002847
Next phase: 6
Memory used: 2949.12
End Structure 85991 22086 vs 194068
Build next level time: 0.02876
Iteration time: 0.129779
Memory used: 2949.12
e_xx: 1.65349e+08, a2_x: -2.84384e+10, currMod: 0.980729
e_xx: 1.65349e+08, a2_x: -3.26856e+10, currMod: 0.98073
currMod: 0.980729, prevMod: 0.980729
Louvain time: 0.05938
numClusters: 22086, time: 0.002842
Maximum degree for the graph: 574
Iteration: 0, conflicts: 0
Total number of colors used: 176
Total number of conflicts overall: 0
Number of rounds: 1
SUCCESS: No conflicts found
Number of reordered colors: 173
End position for large colors: 0, node count: 21605, largest: 21605
Node count cutoff: 4418
e_xx: 1.6535e+08, a2_x: -2.59889e+10, currMod: 0.980734
e_xx: 1.6576e+08, a2_x: -7.98744e+09, currMod: 0.983165
e_xx: 1.65757e+08, a2_x: -9.32256e+09, currMod: 0.983152
End Structure 15470 21787 vs 52727
currMod: 0.983165, prevMod: 0.980729
numClusters: 21787
Total iteration time: 16.3516

Loop 0 <line-37> - Time 0.000616 Total energy consumed 0.000000 Ave. Power Level 0.000000
	-------- Loop 0 (sock 1 consumed 0.000000, avg temp 46.000000, final temp 47 ) ------
	-------- Loop 0 (sock 2 consumed 0.000000, avg temp 39.000000, final temp 40 ) ------
Loop 1 <line-54> - Time 0.000393 Total energy consumed 0.000000 Ave. Power Level 0.000000
	-------- Loop 1 (sock 1 consumed 0.000000, avg temp 46.000000, final temp 47 ) ------
	-------- Loop 1 (sock 2 consumed 0.000000, avg temp 40.000000, final temp 40 ) ------
Loop 2 <line-76> - Time 0.000440 Total energy consumed 0.000000 Ave. Power Level 0.000000
	-------- Loop 2 (sock 1 consumed 0.000000, avg temp 46.000000, final temp 47 ) ------
	-------- Loop 2 (sock 2 consumed 0.000000, avg temp 40.000000, final temp 40 ) ------
Loop 3 <line-170> - Time 0.544281 Total energy consumed 34.028550 Ave. Power Level 62.520156
	-------- Loop 3 (sock 1 consumed 14.261445, avg temp 46.142857, final temp 47 ) ------
	-------- Loop 3 (sock 2 consumed 19.767105, avg temp 39.142857, final temp 40 ) ------
Loop 4 <line-192> - Time 0.000195 Total energy consumed 0.000000 Ave. Power Level 0.000000
	-------- Loop 4 (sock 1 consumed 0.000000, avg temp 46.500000, final temp 47 ) ------
	-------- Loop 4 (sock 2 consumed 0.000000, avg temp 39.500000, final temp 40 ) ------
Loop 5 <line-222> - Time 0.201302 Total energy consumed 12.489420 Ave. Power Level 62.043315
	-------- Loop 5 (sock 1 consumed 7.411665, avg temp 46.000000, final temp 47 ) ------
	-------- Loop 5 (sock 2 consumed 5.077755, avg temp 39.500000, final temp 40 ) ------
Loop 6 <line-116> - Time 0.001676 Total energy consumed 0.217455 Ave. Power Level 129.731636
	-------- Loop 6 (sock 1 consumed 0.088665, avg temp 45.666667, final temp 46 ) ------
	-------- Loop 6 (sock 2 consumed 0.128790, avg temp 39.833333, final temp 40 ) ------
Loop 7 <line-334> - Time 0.447822 Total energy consumed 24.793770 Ave. Power Level 55.365212
	-------- Loop 7 (sock 1 consumed 10.707615, avg temp 46.285714, final temp 47 ) ------
	-------- Loop 7 (sock 2 consumed 14.086155, avg temp 40.285714, final temp 40 ) ------
Loop 8 <line-353> - Time 0.000406 Total energy consumed 0.000000 Ave. Power Level 0.000000
	-------- Loop 8 (sock 1 consumed 0.000000, avg temp 46.285714, final temp 47 ) ------
	-------- Loop 8 (sock 2 consumed 0.000000, avg temp 40.285714, final temp 40 ) ------
Loop 9 <line-375> - Time 0.000647 Total energy consumed 0.153135 Ave. Power Level 236.737022
	-------- Loop 9 (sock 1 consumed 0.044640, avg temp 46.285714, final temp 47 ) ------
	-------- Loop 9 (sock 2 consumed 0.108495, avg temp 40.285714, final temp 40 ) ------
Loop 10 <line-85> - Time 0.126033 Total energy consumed 11.746500 Ave. Power Level 93.201822
	-------- Loop 10 (sock 1 consumed 5.681340, avg temp 46.750000, final temp 47 ) ------
	-------- Loop 10 (sock 2 consumed 6.065160, avg temp 41.000000, final temp 41 ) ------
Loop 11 <line-131> - Time 0.003167 Total energy consumed 0.339105 Ave. Power Level 107.060658
	-------- Loop 11 (sock 1 consumed 0.139920, avg temp 46.500000, final temp 47 ) ------
	-------- Loop 11 (sock 2 consumed 0.199185, avg temp 40.500000, final temp 40 ) ------
Loop 12 <line-167> - Time 0.175604 Total energy consumed 16.348725 Ave. Power Level 93.099837
	-------- Loop 12 (sock 1 consumed 7.921875, avg temp 46.500000, final temp 47 ) ------
	-------- Loop 12 (sock 2 consumed 8.426850, avg temp 40.500000, final temp 41 ) ------
Loop 13 <line-213> - Time 5.282301 Total energy consumed 507.677010 Ave. Power Level 96.109069
	-------- Loop 13 (sock 1 consumed 245.270160, avg temp 47.875000, final temp 48 ) ------
	-------- Loop 13 (sock 2 consumed 262.406850, avg temp 43.375000, final temp 42 ) ------
Loop 14 <line-99> - Time 4.117080 Total energy consumed 253.813005 Ave. Power Level 61.648793
	-------- Loop 14 (sock 1 consumed 117.774060, avg temp 46.500000, final temp 47 ) ------
	-------- Loop 14 (sock 2 consumed 136.038945, avg temp 40.500000, final temp 41 ) ------
Loop 15 <line-160> - Time 0.101712 Total energy consumed 6.452595 Ave. Power Level 63.439867
	-------- Loop 15 (sock 1 consumed 3.229095, avg temp 46.833333, final temp 47 ) ------
	-------- Loop 15 (sock 2 consumed 3.223500, avg temp 40.666667, final temp 41 ) ------
Loop 16 <line-269> - Time 2.778354 Total energy consumed 153.605025 Ave. Power Level 55.286334
	-------- Loop 16 (sock 1 consumed 78.504390, avg temp 45.869565, final temp 46 ) ------
	-------- Loop 16 (sock 2 consumed 75.100635, avg temp 40.043478, final temp 40 ) ------
Loop 17 <line-300> - Time 0.001776 Total energy consumed 0.333015 Ave. Power Level 187.461475
	-------- Loop 17 (sock 1 consumed 0.161295, avg temp 45.833333, final temp 46 ) ------
	-------- Loop 17 (sock 2 consumed 0.171720, avg temp 40.111111, final temp 40 ) ------
Loop 18 <line-148> - Time 0.000398 Total energy consumed 0.087165 Ave. Power Level 219.054871
	-------- Loop 18 (sock 1 consumed 0.039990, avg temp 47.000000, final temp 47 ) ------
	-------- Loop 18 (sock 2 consumed 0.047175, avg temp 40.000000, final temp 40 ) ------
Application(EnergyStat) - Time 27.533613 Total energy consumed 1738.911960 Ave. Power Level 63.155966 Final Temperature socket 1 : 48  socket 2 : 41 
	 ParallelApplication(EnergyStat) - Time 13.784205 Total energy consumed 1022.084475 Ave. Power Level 74.148963
Memory used: 1.32031
Loading 32-bit binary file: pnnl.bin, numvertices: 2361670, numEdges: 191402826
File read time: 1.7029
Before allocating graph
Allocated graph: 0x21fd570
Processing edges for vertex: 0, range(0, 166)
Processing edges for vertex: 100000, range(58444108, 58444133)
Processing edges for vertex: 200000, range(84376057, 84376362)
Processing edges for vertex: 300000, range(106069163, 106069503)
Processing edges for vertex: 400000, range(122097114, 122097513)
Processing edges for vertex: 500000, range(135096418, 135096483)
Processing edges for vertex: 600000, range(146097008, 146097061)
Processing edges for vertex: 700000, range(155415410, 155415531)
Processing edges for vertex: 800000, range(162595900, 162595989)
Processing edges for vertex: 900000, range(168508374, 168508464)
Processing edges for vertex: 1000000, range(173203321, 173203442)
Processing edges for vertex: 1100000, range(176935100, 176935110)
Processing edges for vertex: 1200000, range(179876260, 179876270)
Processing edges for vertex: 1300000, range(182240081, 182240092)
Processing edges for vertex: 1400000, range(184224513, 184224521)
Processing edges for vertex: 1500000, range(185795161, 185795170)
Processing edges for vertex: 1600000, range(187104124, 187104130)
Processing edges for vertex: 1700000, range(188148455, 188148461)
Processing edges for vertex: 1800000, range(188997836, 188997842)
Processing edges for vertex: 1900000, range(189691532, 189691535)
Processing edges for vertex: 2000000, range(190254658, 190254660)
Processing edges for vertex: 2100000, range(190705814, 190705822)
Processing edges for vertex: 2200000, range(191052755, 191052764)
Processing edges for vertex: 2300000, range(191302662, 191302663)
Graph populate time: 8.54949
Total I/O time: 10.2524

Regional(EnergyStat) - Time 10.255779 Total energy consumed 533.974245 Ave. Power Level 52.065696 
Running on: 11 threads
Loaded graph from file: pnnl.bin
Memory used: 2949.12
Maximum degree for the graph: 5520
Iteration: 0, conflicts: 29
Iteration: 1, conflicts: 6
Iteration: 2, conflicts: 5
Iteration: 3, conflicts: 4
Iteration: 4, conflicts: 3
Iteration: 5, conflicts: 2
Iteration: 6, conflicts: 1
Iteration: 7, conflicts: 0
Total number of colors used: 1182
Total number of conflicts overall: 0
Number of rounds: 8
SUCCESS: No conflicts found
Coloring time: 0.815854
Memory used: 2949.12
Number of reordered colors: 1016
End position for large colors: 0, node count: 550380, largest: 550380
Node count cutoff: 472334
e_xx: 1.26469e+08, a2_x: 5.91964e+11, currMod: 0.660729
e_xx: 1.67609e+08, a2_x: 5.44582e+11, currMod: 0.87567
e_xx: 1.73746e+08, a2_x: 5.08846e+11, currMod: 0.907735
e_xx: 1.75952e+08, a2_x: 5.51026e+11, currMod: 0.91926
e_xx: 1.76963e+08, a2_x: 5.39292e+11, currMod: 0.924543
currMod: 0.91926, prevMod: -1
Louvain time: 9.08531
numClusters: 203901, time: 0.114367
Next phase: 2
Memory used: 2949.12
End Structure 1282598 203901 vs 2767359
Build next level time: 3.79899
Iteration time: 13.0027
Memory used: 2949.12
e_xx: 1.56529e+08, a2_x: 5.39647e+11, currMod: 0.915565
e_xx: 1.64561e+08, a2_x: 3.22646e+11, currMod: 0.962552
e_xx: 1.65837e+08, a2_x: 2.44767e+11, currMod: 0.970019
e_xx: 1.66151e+08, a2_x: 2.73895e+11, currMod: 0.971855
e_xx: 1.6623e+08, a2_x: 2.26323e+11, currMod: 0.972319
e_xx: 1.66342e+08, a2_x: 2.61866e+11, currMod: 0.972975
e_xx: 1.66347e+08, a2_x: 2.30086e+11, currMod: 0.973002
e_xx: 1.66427e+08, a2_x: 2.58496e+11, currMod: 0.973469
e_xx: 1.66407e+08, a2_x: 2.35791e+11, currMod: 0.973356
currMod: 0.973469, prevMod: 0.91926
Louvain time: 2.11561
numClusters: 48566, time: 0.015524
Next phase: 3
Memory used: 2949.12
End Structure 439809 48566 vs 928175
Build next level time: 0.236725
Iteration time: 2.36858
Memory used: 2949.12
e_xx: 1.66426e+08, a2_x: 2.61002e+11, currMod: 0.973435
e_xx: 1.6742e+08, a2_x: 8.21578e+10, currMod: 0.979253
e_xx: 1.67575e+08, a2_x: 1.08833e+11, currMod: 0.980158
e_xx: 1.67609e+08, a2_x: 8.81571e+10, currMod: 0.980358
e_xx: 1.67597e+08, a2_x: 1.31443e+11, currMod: 0.980284
currMod: 0.980358, prevMod: 0.973469
Louvain time: 0.522195
numClusters: 24720, time: 0.004812
Next phase: 4
Memory used: 2949.12
End Structure 161360 24720 vs 347440
Build next level time: 0.078705
Iteration time: 0.60617
Memory used: 2949.12
e_xx: 1.67609e+08, a2_x: 8.8345e+10, currMod: 0.980347
e_xx: 1.67673e+08, a2_x: -4.07956e+09, currMod: 0.980722
e_xx: 1.67712e+08, a2_x: 3.38021e+10, currMod: 0.980951
e_xx: 1.67711e+08, a2_x: 1.60041e+10, currMod: 0.980949
currMod: 0.980951, prevMod: 0.980358
Louvain time: 0.202291
numClusters: 22255, time: 0.003139
Next phase: 5
Memory used: 2949.12
End Structure 95631 22255 vs 213517
Build next level time: 0.03683
Iteration time: 0.242625
Memory used: 2949.12
e_xx: 1.67712e+08, a2_x: 3.23178e+10, currMod: 0.980949
e_xx: 1.67715e+08, a2_x: -2.04881e+09, currMod: 0.980972
e_xx: 1.67716e+08, a2_x: 1.97823e+10, currMod: 0.980974
e_xx: 1.67716e+08, a2_x: 7.60005e+09, currMod: 0.980974
currMod: 0.980974, prevMod: 0.980951
Louvain time: 0.128902
numClusters: 22019, time: 0.002866
Next phase: 6
Memory used: 2949.12
End Structure 78008 22019 vs 178035
Build next level time: 0.023721
Iteration time: 0.155699
Memory used: 2949.12
e_xx: 1.67716e+08, a2_x: 1.96262e+10, currMod: 0.980974
e_xx: 1.67716e+08, a2_x: 8.69339e+09, currMod: 0.980975
e_xx: 1.67716e+08, a2_x: 9.50602e+09, currMod: 0.980975
currMod: 0.980975, prevMod: 0.980974
Louvain time: 0.082345
numClusters: 22002, time: 0.002821
Next phase: 7
Memory used: 2949.12
End Structure 76274 22002 vs 174550
Build next level time: 0.025111
Iteration time: 0.110464
Memory used: 2949.12
e_xx: 1.67716e+08, a2_x: 8.69339e+09, currMod: 0.980975
e_xx: 1.67716e+08, a2_x: 1.08077e+10, currMod: 0.980975
currMod: 0.980975, prevMod: 0.980975
Louvain time: 0.05255
numClusters: 22002, time: 0.002842
Maximum degree for the graph: 491
Iteration: 0, conflicts: 0
Total number of colors used: 183
Total number of conflicts overall: 0
Number of rounds: 1
SUCCESS: No conflicts found
Number of reordered colors: 183
End position for large colors: 0, node count: 21570, largest: 21570
Node count cutoff: 4401
e_xx: 1.67716e+08, a2_x: 1.08077e+10, currMod: 0.980975
End Structure 76021 22000 vs 174042
currMod: 0.980975, prevMod: 0.980975
numClusters: 22000
Total iteration time: 16.4863

Loop 0 <line-37> - Time 0.000627 Total energy consumed 0.000000 Ave. Power Level 0.000000
	-------- Loop 0 (sock 1 consumed 0.000000, avg temp 46.000000, final temp 46 ) ------
	-------- Loop 0 (sock 2 consumed 0.000000, avg temp 39.500000, final temp 40 ) ------
Loop 1 <line-54> - Time 0.000399 Total energy consumed 0.000000 Ave. Power Level 0.000000
	-------- Loop 1 (sock 1 consumed 0.000000, avg temp 46.000000, final temp 46 ) ------
	-------- Loop 1 (sock 2 consumed 0.000000, avg temp 39.500000, final temp 40 ) ------
Loop 2 <line-76> - Time 0.000450 Total energy consumed 0.000000 Ave. Power Level 0.000000
	-------- Loop 2 (sock 1 consumed 0.000000, avg temp 46.000000, final temp 46 ) ------
	-------- Loop 2 (sock 2 consumed 0.000000, avg temp 39.500000, final temp 40 ) ------
Loop 3 <line-170> - Time 0.504111 Total energy consumed 31.247880 Ave. Power Level 61.986112
	-------- Loop 3 (sock 1 consumed 12.800040, avg temp 45.222222, final temp 47 ) ------
	-------- Loop 3 (sock 2 consumed 18.447840, avg temp 39.111111, final temp 40 ) ------
Loop 4 <line-192> - Time 0.000167 Total energy consumed 0.000000 Ave. Power Level 0.000000
	-------- Loop 4 (sock 1 consumed 0.000000, avg temp 46.000000, final temp 47 ) ------
	-------- Loop 4 (sock 2 consumed 0.000000, avg temp 39.500000, final temp 40 ) ------
Loop 5 <line-222> - Time 0.218712 Total energy consumed 13.504770 Ave. Power Level 61.746776
	-------- Loop 5 (sock 1 consumed 7.547190, avg temp 46.000000, final temp 47 ) ------
	-------- Loop 5 (sock 2 consumed 5.957580, avg temp 39.500000, final temp 40 ) ------
Loop 6 <line-116> - Time 0.001961 Total energy consumed 0.056295 Ave. Power Level 28.712593
	-------- Loop 6 (sock 1 consumed 0.021045, avg temp 46.285714, final temp 48 ) ------
	-------- Loop 6 (sock 2 consumed 0.035250, avg temp 39.857143, final temp 40 ) ------
Loop 7 <line-334> - Time 0.439715 Total energy consumed 24.443700 Ave. Power Level 55.589877
	-------- Loop 7 (sock 1 consumed 9.999825, avg temp 46.500000, final temp 47 ) ------
	-------- Loop 7 (sock 2 consumed 14.443875, avg temp 40.250000, final temp 41 ) ------
Loop 8 <line-353> - Time 0.000432 Total energy consumed 0.000000 Ave. Power Level 0.000000
	-------- Loop 8 (sock 1 consumed 0.000000, avg temp 46.500000, final temp 47 ) ------
	-------- Loop 8 (sock 2 consumed 0.000000, avg temp 40.250000, final temp 41 ) ------
Loop 9 <line-375> - Time 0.000676 Total energy consumed 0.098790 Ave. Power Level 146.228391
	-------- Loop 9 (sock 1 consumed 0.044955, avg temp 46.500000, final temp 47 ) ------
	-------- Loop 9 (sock 2 consumed 0.053835, avg temp 40.375000, final temp 41 ) ------
Loop 10 <line-85> - Time 0.123074 Total energy consumed 11.526405 Ave. Power Level 93.653967
	-------- Loop 10 (sock 1 consumed 5.548920, avg temp 46.000000, final temp 47 ) ------
	-------- Loop 10 (sock 2 consumed 5.977485, avg temp 40.750000, final temp 41 ) ------
Loop 11 <line-131> - Time 0.003170 Total energy consumed 0.381540 Ave. Power Level 120.352788
	-------- Loop 11 (sock 1 consumed 0.184290, avg temp 46.000000, final temp 47 ) ------
	-------- Loop 11 (sock 2 consumed 0.197250, avg temp 41.000000, final temp 41 ) ------
Loop 12 <line-167> - Time 0.205912 Total energy consumed 19.194000 Ave. Power Level 93.214377
	-------- Loop 12 (sock 1 consumed 9.272070, avg temp 46.500000, final temp 47 ) ------
	-------- Loop 12 (sock 2 consumed 9.921930, avg temp 41.000000, final temp 40 ) ------
Loop 13 <line-213> - Time 5.312732 Total energy consumed 501.857805 Ave. Power Level 94.463222
	-------- Loop 13 (sock 1 consumed 254.748105, avg temp 49.666667, final temp 48 ) ------
	-------- Loop 13 (sock 2 consumed 247.109700, avg temp 42.500000, final temp 40 ) ------
Loop 14 <line-99> - Time 3.847093 Total energy consumed 235.139505 Ave. Power Level 61.121346
	-------- Loop 14 (sock 1 consumed 105.024960, avg temp 45.857143, final temp 46 ) ------
	-------- Loop 14 (sock 2 consumed 130.114545, avg temp 40.142857, final temp 40 ) ------
Loop 15 <line-160> - Time 0.115022 Total energy consumed 7.325265 Ave. Power Level 63.685939
	-------- Loop 15 (sock 1 consumed 3.648480, avg temp 46.714286, final temp 46 ) ------
	-------- Loop 15 (sock 2 consumed 3.676785, avg temp 40.142857, final temp 40 ) ------
Loop 16 <line-269> - Time 3.084177 Total energy consumed 170.519535 Ave. Power Level 55.288503
	-------- Loop 16 (sock 1 consumed 85.955220, avg temp 46.259259, final temp 46 ) ------
	-------- Loop 16 (sock 2 consumed 84.564315, avg temp 39.703704, final temp 40 ) ------
Loop 17 <line-300> - Time 0.001793 Total energy consumed 0.154440 Ave. Power Level 86.122721
	-------- Loop 17 (sock 1 consumed 0.107475, avg temp 46.238095, final temp 46 ) ------
	-------- Loop 17 (sock 2 consumed 0.046965, avg temp 39.714286, final temp 40 ) ------
Loop 18 <line-148> - Time 0.000370 Total energy consumed 0.000000 Ave. Power Level 0.000000
	-------- Loop 18 (sock 1 consumed 0.000000, avg temp 46.000000, final temp 46 ) ------
	-------- Loop 18 (sock 2 consumed 0.000000, avg temp 40.000000, final temp 40 ) ------
Application(EnergyStat) - Time 27.656809 Total energy consumed 1752.358905 Ave. Power Level 63.360849 Final Temperature socket 1 : 46  socket 2 : 40 
	 ParallelApplication(EnergyStat) - Time 13.860594 Total energy consumed 1015.449930 Ave. Power Level 73.261647
