Memory used: 1.32031
Loading 32-bit binary file: pnnl.bin, numvertices: 2361670, numEdges: 191402826
File read time: 2.24196
Before allocating graph
Allocated graph: 0x1595570
Processing edges for vertex: 0, range(0, 166)
Processing edges for vertex: 100000, range(58444108, 58444133)
Processing edges for vertex: 200000, range(84376057, 84376362)
Processing edges for vertex: 300000, range(106069163, 106069503)
Processing edges for vertex: 400000, range(122097114, 122097513)
Processing edges for vertex: 500000, range(135096418, 135096483)
Processing edges for vertex: 600000, range(146097008, 146097061)
Processing edges for vertex: 700000, range(155415410, 155415531)
Processing edges for vertex: 800000, range(162595900, 162595989)
Processing edges for vertex: 900000, range(168508374, 168508464)
Processing edges for vertex: 1000000, range(173203321, 173203442)
Processing edges for vertex: 1100000, range(176935100, 176935110)
Processing edges for vertex: 1200000, range(179876260, 179876270)
Processing edges for vertex: 1300000, range(182240081, 182240092)
Processing edges for vertex: 1400000, range(184224513, 184224521)
Processing edges for vertex: 1500000, range(185795161, 185795170)
Processing edges for vertex: 1600000, range(187104124, 187104130)
Processing edges for vertex: 1700000, range(188148455, 188148461)
Processing edges for vertex: 1800000, range(188997836, 188997842)
Processing edges for vertex: 1900000, range(189691532, 189691535)
Processing edges for vertex: 2000000, range(190254658, 190254660)
Processing edges for vertex: 2100000, range(190705814, 190705822)
Processing edges for vertex: 2200000, range(191052755, 191052764)
Processing edges for vertex: 2300000, range(191302662, 191302663)
Graph populate time: 11.7248
Total I/O time: 13.9668

Regional(EnergyStat) - Time 13.971737 Total energy consumed 598.361400 Ave. Power Level 42.826557 
Running on: 6 threads
Loaded graph from file: pnnl.bin
Memory used: 2949.12
Maximum degree for the graph: 5520
Iteration: 0, conflicts: 7
Iteration: 1, conflicts: 0
Total number of colors used: 1183
Total number of conflicts overall: 0
Number of rounds: 2
SUCCESS: No conflicts found
Coloring time: 1.54971
Memory used: 2949.12
Number of reordered colors: 1009
End position for large colors: 0, node count: 550851, largest: 550851
Node count cutoff: 472334
e_xx: 1.24662e+08, a2_x: 6.36799e+11, currMod: 0.651291
e_xx: 1.64805e+08, a2_x: 5.89264e+11, currMod: 0.861022
e_xx: 1.70387e+08, a2_x: 5.86088e+11, currMod: 0.890187
e_xx: 1.72459e+08, a2_x: 5.34389e+11, currMod: 0.901012
e_xx: 1.73495e+08, a2_x: 5.50937e+11, currMod: 0.906424
currMod: 0.901012, prevMod: -1
Louvain time: 20.1073
numClusters: 203788, time: 0.1616
Next phase: 2
Memory used: 2949.12
End Structure 1300168 203788 vs 2802320
Build next level time: 6.9696
Iteration time: 27.244
Memory used: 2949.12
e_xx: 1.70013e+08, a2_x: 5.51543e+11, currMod: 0.904714
e_xx: 1.80012e+08, a2_x: 3.42234e+11, currMod: 0.957929
e_xx: 1.8283e+08, a2_x: 2.86836e+11, currMod: 0.972929
e_xx: 1.83183e+08, a2_x: 2.5974e+11, currMod: 0.974807
e_xx: 1.83293e+08, a2_x: 3.24147e+11, currMod: 0.975393
e_xx: 1.83376e+08, a2_x: 2.79621e+11, currMod: 0.975834
e_xx: 1.83399e+08, a2_x: 3.26037e+11, currMod: 0.975957
e_xx: 1.83442e+08, a2_x: 2.73842e+11, currMod: 0.976187
e_xx: 1.83445e+08, a2_x: 3.1719e+11, currMod: 0.976203
e_xx: 1.83482e+08, a2_x: 2.5967e+11, currMod: 0.9764
e_xx: 1.83477e+08, a2_x: 3.05564e+11, currMod: 0.976372
currMod: 0.9764, prevMod: 0.901012
Louvain time: 4.37987
numClusters: 50732, time: 0.021072
Next phase: 3
Memory used: 2949.12
End Structure 486219 50732 vs 1023166
Build next level time: 0.280081
Iteration time: 4.68206
Memory used: 2949.12
e_xx: 1.83481e+08, a2_x: 2.61728e+11, currMod: 0.976394
e_xx: 1.84315e+08, a2_x: 1.06945e+11, currMod: 0.980834
e_xx: 1.84365e+08, a2_x: 5.50663e+10, currMod: 0.981101
e_xx: 1.84467e+08, a2_x: 4.60991e+10, currMod: 0.981646
e_xx: 1.84379e+08, a2_x: 2.81622e+10, currMod: 0.981178
currMod: 0.981646, prevMod: 0.9764
Louvain time: 0.871429
numClusters: 25545, time: 0.006968
Next phase: 4
Memory used: 2949.12
End Structure 168718 25545 vs 362981
Build next level time: 0.091699
Iteration time: 0.970794
Memory used: 2949.12
e_xx: 1.84467e+08, a2_x: 4.41885e+10, currMod: 0.981628
e_xx: 1.8471e+08, a2_x: 1.33344e+10, currMod: 0.982922
e_xx: 1.8473e+08, a2_x: -3.51728e+09, currMod: 0.983031
e_xx: 1.84731e+08, a2_x: 2.13551e+10, currMod: 0.983032
currMod: 0.983031, prevMod: 0.981646
Louvain time: 0.299214
numClusters: 22235, time: 0.004553
Next phase: 5
Memory used: 2949.12
End Structure 92675 22235 vs 207585
Build next level time: 0.042315
Iteration time: 0.346745
Memory used: 2949.12
e_xx: 1.8473e+08, a2_x: -6.87838e+08, currMod: 0.983027
e_xx: 1.84737e+08, a2_x: -2.97226e+09, currMod: 0.983062
e_xx: 1.84738e+08, a2_x: -6.90708e+09, currMod: 0.983066
e_xx: 1.84738e+08, a2_x: -5.38596e+09, currMod: 0.983068
e_xx: 1.84739e+08, a2_x: 2.8806e+09, currMod: 0.983073
e_xx: 1.8474e+08, a2_x: -1.72974e+09, currMod: 0.983078
e_xx: 1.84738e+08, a2_x: -7.22802e+09, currMod: 0.983069
currMod: 0.983078, prevMod: 0.983031
Louvain time: 0.300896
numClusters: 21939, time: 0.004028
Next phase: 6
Memory used: 2949.12
End Structure 60147 21939 vs 142233
Build next level time: 0.031124
Iteration time: 0.336723
Memory used: 2949.12
e_xx: 1.8474e+08, a2_x: -5.15013e+09, currMod: 0.983078
e_xx: 1.8474e+08, a2_x: -1.35732e+10, currMod: 0.98308
e_xx: 1.8474e+08, a2_x: -1.35732e+10, currMod: 0.98308
currMod: 0.98308, prevMod: 0.983078
Louvain time: 0.08715
numClusters: 21919, time: 0.003971
Next phase: 7
Memory used: 2949.12
End Structure 59226 21919 vs 140371
Build next level time: 0.027492
Iteration time: 0.119278
Memory used: 2949.12
e_xx: 1.8474e+08, a2_x: -1.26986e+10, currMod: 0.98308
e_xx: 1.8474e+08, a2_x: -1.26986e+10, currMod: 0.98308
currMod: 0.98308, prevMod: 0.98308
Louvain time: 0.061211
numClusters: 21919, time: 0.00401
Maximum degree for the graph: 417
Iteration: 0, conflicts: 0
Total number of colors used: 175
Total number of conflicts overall: 0
Number of rounds: 1
SUCCESS: No conflicts found
Number of reordered colors: 175
End position for large colors: 0, node count: 21549, largest: 21549
Node count cutoff: 4384
e_xx: 1.8474e+08, a2_x: -1.26986e+10, currMod: 0.98308
End Structure 59226 21919 vs 140371
currMod: 0.98308, prevMod: 0.98308
numClusters: 21919
Total iteration time: 33.6996

Loop 0 <line-37> - Time 0.000854 Total energy consumed 0.043080 Ave. Power Level 50.455600
	-------- Loop 0 (sock 1 consumed 0.023445, avg temp 40.500000, final temp 40 ) ------
	-------- Loop 0 (sock 2 consumed 0.019635, avg temp 36.000000, final temp 36 ) ------
Loop 1 <line-54> - Time 0.000550 Total energy consumed 0.042615 Ave. Power Level 77.498868
	-------- Loop 1 (sock 1 consumed 0.022785, avg temp 40.500000, final temp 40 ) ------
	-------- Loop 1 (sock 2 consumed 0.019830, avg temp 36.000000, final temp 36 ) ------
Loop 2 <line-76> - Time 0.001093 Total energy consumed 0.079035 Ave. Power Level 72.300895
	-------- Loop 2 (sock 1 consumed 0.027195, avg temp 40.500000, final temp 40 ) ------
	-------- Loop 2 (sock 2 consumed 0.051840, avg temp 36.000000, final temp 36 ) ------
Loop 3 <line-170> - Time 1.036060 Total energy consumed 47.725950 Ave. Power Level 46.064862
	-------- Loop 3 (sock 1 consumed 25.013235, avg temp 40.666667, final temp 40 ) ------
	-------- Loop 3 (sock 2 consumed 22.712715, avg temp 36.000000, final temp 36 ) ------
Loop 4 <line-192> - Time 0.000212 Total energy consumed 0.000000 Ave. Power Level 0.000000
	-------- Loop 4 (sock 1 consumed 0.000000, avg temp 40.500000, final temp 40 ) ------
	-------- Loop 4 (sock 2 consumed 0.000000, avg temp 36.000000, final temp 36 ) ------
Loop 5 <line-222> - Time 0.381858 Total energy consumed 17.495985 Ave. Power Level 45.818069
	-------- Loop 5 (sock 1 consumed 7.943310, avg temp 40.000000, final temp 40 ) ------
	-------- Loop 5 (sock 2 consumed 9.552675, avg temp 36.000000, final temp 36 ) ------
Loop 6 <line-116> - Time 0.004328 Total energy consumed 0.156240 Ave. Power Level 36.102760
	-------- Loop 6 (sock 1 consumed 0.057660, avg temp 40.428571, final temp 40 ) ------
	-------- Loop 6 (sock 2 consumed 0.098580, avg temp 35.857143, final temp 36 ) ------
Loop 7 <line-334> - Time 0.842622 Total energy consumed 36.871380 Ave. Power Level 43.757887
	-------- Loop 7 (sock 1 consumed 19.165260, avg temp 40.625000, final temp 41 ) ------
	-------- Loop 7 (sock 2 consumed 17.706120, avg temp 36.000000, final temp 36 ) ------
Loop 8 <line-353> - Time 0.000550 Total energy consumed 0.000000 Ave. Power Level 0.000000
	-------- Loop 8 (sock 1 consumed 0.000000, avg temp 40.625000, final temp 41 ) ------
	-------- Loop 8 (sock 2 consumed 0.000000, avg temp 36.000000, final temp 36 ) ------
Loop 9 <line-375> - Time 0.001015 Total energy consumed 0.057210 Ave. Power Level 56.345991
	-------- Loop 9 (sock 1 consumed 0.030120, avg temp 40.625000, final temp 41 ) ------
	-------- Loop 9 (sock 2 consumed 0.027090, avg temp 35.875000, final temp 36 ) ------
Loop 10 <line-85> - Time 0.201390 Total energy consumed 10.882905 Ave. Power Level 54.038865
	-------- Loop 10 (sock 1 consumed 5.360955, avg temp 40.750000, final temp 41 ) ------
	-------- Loop 10 (sock 2 consumed 5.521950, avg temp 36.000000, final temp 36 ) ------
Loop 11 <line-131> - Time 0.008067 Total energy consumed 0.416550 Ave. Power Level 51.637647
	-------- Loop 11 (sock 1 consumed 0.220110, avg temp 40.500000, final temp 41 ) ------
	-------- Loop 11 (sock 2 consumed 0.196440, avg temp 36.000000, final temp 36 ) ------
Loop 12 <line-167> - Time 0.258189 Total energy consumed 14.108580 Ave. Power Level 54.644465
	-------- Loop 12 (sock 1 consumed 7.059060, avg temp 40.500000, final temp 40 ) ------
	-------- Loop 12 (sock 2 consumed 7.049520, avg temp 36.000000, final temp 36 ) ------
Loop 13 <line-213> - Time 13.119565 Total energy consumed 720.666375 Ave. Power Level 54.930661
	-------- Loop 13 (sock 1 consumed 354.453360, avg temp 41.666667, final temp 40 ) ------
	-------- Loop 13 (sock 2 consumed 366.213015, avg temp 36.166667, final temp 35 ) ------
Loop 14 <line-99> - Time 6.950652 Total energy consumed 305.718030 Ave. Power Level 43.984082
	-------- Loop 14 (sock 1 consumed 150.356325, avg temp 40.571429, final temp 40 ) ------
	-------- Loop 14 (sock 2 consumed 155.361705, avg temp 35.857143, final temp 36 ) ------
Loop 15 <line-160> - Time 0.170099 Total energy consumed 7.901205 Ave. Power Level 46.450728
	-------- Loop 15 (sock 1 consumed 3.773115, avg temp 40.142857, final temp 40 ) ------
	-------- Loop 15 (sock 2 consumed 4.128090, avg temp 35.857143, final temp 36 ) ------
Loop 16 <line-269> - Time 5.967927 Total energy consumed 261.730440 Ave. Power Level 43.856173
	-------- Loop 16 (sock 1 consumed 130.468230, avg temp 40.125000, final temp 40 ) ------
	-------- Loop 16 (sock 2 consumed 131.262210, avg temp 35.781250, final temp 36 ) ------
Loop 17 <line-300> - Time 0.004277 Total energy consumed 0.103665 Ave. Power Level 24.236752
	-------- Loop 17 (sock 1 consumed 0.060210, avg temp 40.038462, final temp 40 ) ------
	-------- Loop 17 (sock 2 consumed 0.043455, avg temp 35.807692, final temp 36 ) ------
Loop 18 <line-148> - Time 0.000615 Total energy consumed 0.049500 Ave. Power Level 80.457977
	-------- Loop 18 (sock 1 consumed 0.022845, avg temp 40.000000, final temp 40 ) ------
	-------- Loop 18 (sock 2 consumed 0.026655, avg temp 36.000000, final temp 36 ) ------
Application(EnergyStat) - Time 49.341253 Total energy consumed 2304.245115 Ave. Power Level 46.700175 Final Temperature socket 1 : 40  socket 2 : 36 
	 ParallelApplication(EnergyStat) - Time 28.949922 Total energy consumed 1424.048745 Ave. Power Level 49.190071
Memory used: 1.32031
Loading 32-bit binary file: pnnl.bin, numvertices: 2361670, numEdges: 191402826
File read time: 2.32061
Before allocating graph
Allocated graph: 0x218e570
Processing edges for vertex: 0, range(0, 166)
Processing edges for vertex: 100000, range(58444108, 58444133)
Processing edges for vertex: 200000, range(84376057, 84376362)
Processing edges for vertex: 300000, range(106069163, 106069503)
Processing edges for vertex: 400000, range(122097114, 122097513)
Processing edges for vertex: 500000, range(135096418, 135096483)
Processing edges for vertex: 600000, range(146097008, 146097061)
Processing edges for vertex: 700000, range(155415410, 155415531)
Processing edges for vertex: 800000, range(162595900, 162595989)
Processing edges for vertex: 900000, range(168508374, 168508464)
Processing edges for vertex: 1000000, range(173203321, 173203442)
Processing edges for vertex: 1100000, range(176935100, 176935110)
Processing edges for vertex: 1200000, range(179876260, 179876270)
Processing edges for vertex: 1300000, range(182240081, 182240092)
Processing edges for vertex: 1400000, range(184224513, 184224521)
Processing edges for vertex: 1500000, range(185795161, 185795170)
Processing edges for vertex: 1600000, range(187104124, 187104130)
Processing edges for vertex: 1700000, range(188148455, 188148461)
Processing edges for vertex: 1800000, range(188997836, 188997842)
Processing edges for vertex: 1900000, range(189691532, 189691535)
Processing edges for vertex: 2000000, range(190254658, 190254660)
Processing edges for vertex: 2100000, range(190705814, 190705822)
Processing edges for vertex: 2200000, range(191052755, 191052764)
Processing edges for vertex: 2300000, range(191302662, 191302663)
Graph populate time: 11.499
Total I/O time: 13.8197

Regional(EnergyStat) - Time 13.824106 Total energy consumed 585.762000 Ave. Power Level 42.372504 
Running on: 6 threads
Loaded graph from file: pnnl.bin
Memory used: 2949.12
Maximum degree for the graph: 5520
Iteration: 0, conflicts: 16
Iteration: 1, conflicts: 0
Total number of colors used: 1181
Total number of conflicts overall: 0
Number of rounds: 2
SUCCESS: No conflicts found
Coloring time: 1.48224
Memory used: 2949.12
Number of reordered colors: 1008
End position for large colors: 0, node count: 550918, largest: 550918
Node count cutoff: 472334
e_xx: 1.2991e+08, a2_x: 5.77474e+11, currMod: 0.678712
e_xx: 1.68786e+08, a2_x: 5.52595e+11, currMod: 0.88182
e_xx: 1.74157e+08, a2_x: 5.35341e+11, currMod: 0.909881
e_xx: 1.76481e+08, a2_x: 5.34874e+11, currMod: 0.922023
e_xx: 1.77459e+08, a2_x: 4.90162e+11, currMod: 0.927136
currMod: 0.922023, prevMod: -1
Louvain time: 20.0945
numClusters: 201623, time: 0.160053
Next phase: 2
Memory used: 2949.12
End Structure 1215742 201623 vs 2631074
Build next level time: 7.0722
Iteration time: 27.3318
Memory used: 2949.12
e_xx: 1.5782e+08, a2_x: 4.87249e+11, currMod: 0.918844
e_xx: 1.6554e+08, a2_x: 3.22413e+11, currMod: 0.963795
e_xx: 1.66745e+08, a2_x: 3.05205e+11, currMod: 0.970809
e_xx: 1.66996e+08, a2_x: 2.71279e+11, currMod: 0.972275
e_xx: 1.67103e+08, a2_x: 2.802e+11, currMod: 0.972896
e_xx: 1.67209e+08, a2_x: 2.60057e+11, currMod: 0.973511
e_xx: 1.67223e+08, a2_x: 2.76476e+11, currMod: 0.973595
e_xx: 1.67252e+08, a2_x: 2.70601e+11, currMod: 0.973761
e_xx: 1.6725e+08, a2_x: 3.04908e+11, currMod: 0.973754
currMod: 0.973761, prevMod: 0.922023
Louvain time: 3.43357
numClusters: 49617, time: 0.021297
Next phase: 3
Memory used: 2949.12
End Structure 470448 49617 vs 990504
Build next level time: 0.268295
Iteration time: 3.72425
Memory used: 2949.12
e_xx: 1.67251e+08, a2_x: 2.70216e+11, currMod: 0.973731
e_xx: 1.68183e+08, a2_x: 9.50329e+10, currMod: 0.979159
e_xx: 1.68232e+08, a2_x: 8.89736e+10, currMod: 0.979444
e_xx: 1.68342e+08, a2_x: 5.37707e+10, currMod: 0.980089
e_xx: 1.68278e+08, a2_x: 8.12513e+10, currMod: 0.979715
currMod: 0.980089, prevMod: 0.973761
Louvain time: 0.872219
numClusters: 25219, time: 0.006894
Next phase: 4
Memory used: 2949.12
End Structure 167013 25219 vs 359245
Build next level time: 0.091681
Iteration time: 0.971528
Memory used: 2949.12
e_xx: 1.68342e+08, a2_x: 5.49943e+10, currMod: 0.980078
e_xx: 1.68528e+08, a2_x: 4.26633e+10, currMod: 0.981158
e_xx: 1.68516e+08, a2_x: 3.93021e+10, currMod: 0.981092
currMod: 0.981158, prevMod: 0.980089
Louvain time: 0.235221
numClusters: 22608, time: 0.00449
Next phase: 5
Memory used: 2949.12
End Structure 103770 22608 vs 230148
Build next level time: 0.044914
Iteration time: 0.285283
Memory used: 2949.12
e_xx: 1.68528e+08, a2_x: 4.17924e+10, currMod: 0.981157
e_xx: 1.68539e+08, a2_x: 4.89663e+10, currMod: 0.98122
e_xx: 1.68539e+08, a2_x: 5.97551e+10, currMod: 0.98122
currMod: 0.98122, prevMod: 0.981158
Louvain time: 0.154726
numClusters: 22137, time: 0.004096
Next phase: 6
Memory used: 2949.12
End Structure 89199 22137 vs 200535
Build next level time: 0.036152
Iteration time: 0.195627
Memory used: 2949.12
e_xx: 1.68539e+08, a2_x: 5.10769e+10, currMod: 0.981219
e_xx: 1.68539e+08, a2_x: 2.96063e+10, currMod: 0.981224
e_xx: 1.68539e+08, a2_x: 3.71638e+10, currMod: 0.981224
currMod: 0.981224, prevMod: 0.98122
Louvain time: 0.133571
numClusters: 22038, time: 0.004016
Next phase: 7
Memory used: 2949.12
End Structure 83652 22038 vs 189342
Build next level time: 0.037296
Iteration time: 0.175546
Memory used: 2949.12
e_xx: 1.68539e+08, a2_x: 2.96063e+10, currMod: 0.981224
e_xx: 1.68539e+08, a2_x: 2.60477e+10, currMod: 0.981225
e_xx: 1.68539e+08, a2_x: 3.01744e+10, currMod: 0.981225
currMod: 0.981225, prevMod: 0.981224
Louvain time: 0.122765
numClusters: 22011, time: 0.004004
Next phase: 8
Memory used: 2949.12
End Structure 81458 22011 vs 184927
Build next level time: 0.036599
Iteration time: 0.164047
Memory used: 2949.12
e_xx: 1.68539e+08, a2_x: 2.65347e+10, currMod: 0.981225
e_xx: 1.68539e+08, a2_x: 2.76378e+10, currMod: 0.981225
currMod: 0.981225, prevMod: 0.981225
Louvain time: 0.079634
numClusters: 22011, time: 0.004008
Maximum degree for the graph: 500
Iteration: 0, conflicts: 0
Total number of colors used: 180
Total number of conflicts overall: 0
Number of rounds: 1
SUCCESS: No conflicts found
Number of reordered colors: 176
End position for large colors: 0, node count: 21557, largest: 21557
Node count cutoff: 4403
e_xx: 1.68542e+08, a2_x: 1.68472e+10, currMod: 0.981242
e_xx: 1.68653e+08, a2_x: 8.26774e+09, currMod: 0.981889
e_xx: 1.68659e+08, a2_x: 2.7158e+09, currMod: 0.981923
e_xx: 1.68664e+08, a2_x: 1.04009e+09, currMod: 0.981951
e_xx: 1.6914e+08, a2_x: 1.77347e+10, currMod: 0.984724
e_xx: 1.69141e+08, a2_x: 1.51553e+10, currMod: 0.984727
e_xx: 1.69151e+08, a2_x: 2.05148e+10, currMod: 0.984786
e_xx: 1.69145e+08, a2_x: 2.24684e+10, currMod: 0.984751
End Structure 9698 21702 vs 41098
currMod: 0.984786, prevMod: 0.981225
numClusters: 21702
Total iteration time: 32.848

Loop 0 <line-37> - Time 0.000860 Total energy consumed 0.000000 Ave. Power Level 0.000000
	-------- Loop 0 (sock 1 consumed 0.000000, avg temp 41.000000, final temp 41 ) ------
	-------- Loop 0 (sock 2 consumed 0.000000, avg temp 36.000000, final temp 36 ) ------
Loop 1 <line-54> - Time 0.000469 Total energy consumed 0.022935 Ave. Power Level 48.857125
	-------- Loop 1 (sock 1 consumed 0.022935, avg temp 41.000000, final temp 41 ) ------
	-------- Loop 1 (sock 2 consumed 0.000000, avg temp 35.500000, final temp 36 ) ------
Loop 2 <line-76> - Time 0.001092 Total energy consumed 0.040380 Ave. Power Level 36.974704
	-------- Loop 2 (sock 1 consumed 0.000000, avg temp 41.000000, final temp 41 ) ------
	-------- Loop 2 (sock 2 consumed 0.040380, avg temp 35.500000, final temp 36 ) ------
Loop 3 <line-170> - Time 0.984915 Total energy consumed 45.541005 Ave. Power Level 46.238524
	-------- Loop 3 (sock 1 consumed 24.120495, avg temp 41.333333, final temp 42 ) ------
	-------- Loop 3 (sock 2 consumed 21.420510, avg temp 35.666667, final temp 36 ) ------
Loop 4 <line-192> - Time 0.000210 Total energy consumed 0.000000 Ave. Power Level 0.000000
	-------- Loop 4 (sock 1 consumed 0.000000, avg temp 41.500000, final temp 42 ) ------
	-------- Loop 4 (sock 2 consumed 0.000000, avg temp 35.500000, final temp 36 ) ------
Loop 5 <line-222> - Time 0.367566 Total energy consumed 17.003895 Ave. Power Level 46.260755
	-------- Loop 5 (sock 1 consumed 8.887485, avg temp 41.500000, final temp 42 ) ------
	-------- Loop 5 (sock 2 consumed 8.116410, avg temp 35.500000, final temp 36 ) ------
Loop 6 <line-116> - Time 0.004991 Total energy consumed 0.152970 Ave. Power Level 30.649580
	-------- Loop 6 (sock 1 consumed 0.066870, avg temp 41.250000, final temp 41 ) ------
	-------- Loop 6 (sock 2 consumed 0.086100, avg temp 36.000000, final temp 36 ) ------
Loop 7 <line-334> - Time 0.829494 Total energy consumed 36.409230 Ave. Power Level 43.893275
	-------- Loop 7 (sock 1 consumed 19.091640, avg temp 41.555556, final temp 42 ) ------
	-------- Loop 7 (sock 2 consumed 17.317590, avg temp 35.888889, final temp 36 ) ------
Loop 8 <line-353> - Time 0.000502 Total energy consumed 0.045195 Ave. Power Level 90.059123
	-------- Loop 8 (sock 1 consumed 0.045195, avg temp 41.555556, final temp 42 ) ------
	-------- Loop 8 (sock 2 consumed 0.000000, avg temp 35.888889, final temp 36 ) ------
Loop 9 <line-375> - Time 0.001063 Total energy consumed 0.115620 Ave. Power Level 108.773062
	-------- Loop 9 (sock 1 consumed 0.060315, avg temp 41.555556, final temp 42 ) ------
	-------- Loop 9 (sock 2 consumed 0.055305, avg temp 35.777778, final temp 36 ) ------
Loop 10 <line-85> - Time 0.211381 Total energy consumed 11.309625 Ave. Power Level 53.503399
	-------- Loop 10 (sock 1 consumed 5.569155, avg temp 41.000000, final temp 41 ) ------
	-------- Loop 10 (sock 2 consumed 5.740470, avg temp 36.000000, final temp 36 ) ------
Loop 11 <line-131> - Time 0.008113 Total energy consumed 0.498990 Ave. Power Level 61.503847
	-------- Loop 11 (sock 1 consumed 0.219045, avg temp 41.000000, final temp 41 ) ------
	-------- Loop 11 (sock 2 consumed 0.279945, avg temp 36.000000, final temp 36 ) ------
Loop 12 <line-167> - Time 0.250864 Total energy consumed 13.640025 Ave. Power Level 54.372202
	-------- Loop 12 (sock 1 consumed 6.765210, avg temp 41.500000, final temp 42 ) ------
	-------- Loop 12 (sock 2 consumed 6.874815, avg temp 36.000000, final temp 36 ) ------
Loop 13 <line-213> - Time 13.103515 Total energy consumed 721.919115 Ave. Power Level 55.093548
	-------- Loop 13 (sock 1 consumed 356.800965, avg temp 42.153846, final temp 43 ) ------
	-------- Loop 13 (sock 2 consumed 365.118150, avg temp 36.076923, final temp 36 ) ------
Loop 14 <line-99> - Time 7.099743 Total energy consumed 319.215360 Ave. Power Level 44.961540
	-------- Loop 14 (sock 1 consumed 163.036650, avg temp 41.250000, final temp 42 ) ------
	-------- Loop 14 (sock 2 consumed 156.178710, avg temp 36.000000, final temp 36 ) ------
Loop 15 <line-160> - Time 0.157441 Total energy consumed 7.435695 Ave. Power Level 47.228307
	-------- Loop 15 (sock 1 consumed 3.761730, avg temp 41.750000, final temp 42 ) ------
	-------- Loop 15 (sock 2 consumed 3.673965, avg temp 35.875000, final temp 36 ) ------
Loop 16 <line-269> - Time 4.999556 Total energy consumed 216.513975 Ave. Power Level 43.306639
	-------- Loop 16 (sock 1 consumed 112.270065, avg temp 42.000000, final temp 42 ) ------
	-------- Loop 16 (sock 2 consumed 104.243910, avg temp 35.892857, final temp 36 ) ------
Loop 17 <line-300> - Time 0.003301 Total energy consumed 0.209775 Ave. Power Level 63.543592
	-------- Loop 17 (sock 1 consumed 0.082305, avg temp 41.952381, final temp 41 ) ------
	-------- Loop 17 (sock 2 consumed 0.127470, avg temp 35.952381, final temp 36 ) ------
Loop 18 <line-148> - Time 0.000621 Total energy consumed 0.095235 Ave. Power Level 153.268883
	-------- Loop 18 (sock 1 consumed 0.044400, avg temp 41.000000, final temp 41 ) ------
	-------- Loop 18 (sock 2 consumed 0.050835, avg temp 36.000000, final temp 36 ) ------
Application(EnergyStat) - Time 48.336132 Total energy consumed 2261.235645 Ave. Power Level 46.781477 Final Temperature socket 1 : 42  socket 2 : 35 
	 ParallelApplication(EnergyStat) - Time 28.025698 Total energy consumed 1390.169025 Ave. Power Level 49.603368
Memory used: 1.32422
Loading 32-bit binary file: pnnl.bin, numvertices: 2361670, numEdges: 191402826
File read time: 2.31612
Before allocating graph
Allocated graph: 0x1d0e570
Processing edges for vertex: 0, range(0, 166)
Processing edges for vertex: 100000, range(58444108, 58444133)
Processing edges for vertex: 200000, range(84376057, 84376362)
Processing edges for vertex: 300000, range(106069163, 106069503)
Processing edges for vertex: 400000, range(122097114, 122097513)
Processing edges for vertex: 500000, range(135096418, 135096483)
Processing edges for vertex: 600000, range(146097008, 146097061)
Processing edges for vertex: 700000, range(155415410, 155415531)
Processing edges for vertex: 800000, range(162595900, 162595989)
Processing edges for vertex: 900000, range(168508374, 168508464)
Processing edges for vertex: 1000000, range(173203321, 173203442)
Processing edges for vertex: 1100000, range(176935100, 176935110)
Processing edges for vertex: 1200000, range(179876260, 179876270)
Processing edges for vertex: 1300000, range(182240081, 182240092)
Processing edges for vertex: 1400000, range(184224513, 184224521)
Processing edges for vertex: 1500000, range(185795161, 185795170)
Processing edges for vertex: 1600000, range(187104124, 187104130)
Processing edges for vertex: 1700000, range(188148455, 188148461)
Processing edges for vertex: 1800000, range(188997836, 188997842)
Processing edges for vertex: 1900000, range(189691532, 189691535)
Processing edges for vertex: 2000000, range(190254658, 190254660)
Processing edges for vertex: 2100000, range(190705814, 190705822)
Processing edges for vertex: 2200000, range(191052755, 191052764)
Processing edges for vertex: 2300000, range(191302662, 191302663)
Graph populate time: 11.5164
Total I/O time: 13.8326

Regional(EnergyStat) - Time 13.837868 Total energy consumed 589.459620 Ave. Power Level 42.597576 
Running on: 6 threads
Loaded graph from file: pnnl.bin
Memory used: 2949.12
Maximum degree for the graph: 5520
Iteration: 0, conflicts: 33
Iteration: 1, conflicts: 11
Iteration: 2, conflicts: 8
Iteration: 3, conflicts: 4
Iteration: 4, conflicts: 3
Iteration: 5, conflicts: 2
Iteration: 6, conflicts: 1
Iteration: 7, conflicts: 0
Total number of colors used: 1185
Total number of conflicts overall: 0
Number of rounds: 8
SUCCESS: No conflicts found
Coloring time: 1.5613
Memory used: 2949.12
Number of reordered colors: 1018
End position for large colors: 0, node count: 550985, largest: 550985
Node count cutoff: 472334
e_xx: 1.23648e+08, a2_x: 5.61039e+11, currMod: 0.645994
e_xx: 1.61934e+08, a2_x: 5.21973e+11, currMod: 0.846024
e_xx: 1.67611e+08, a2_x: 5.36794e+11, currMod: 0.875681
e_xx: 1.6975e+08, a2_x: 5.04361e+11, currMod: 0.886858
e_xx: 1.70742e+08, a2_x: 4.7648e+11, currMod: 0.892044
currMod: 0.886858, prevMod: -1
Louvain time: 20.3846
numClusters: 203618, time: 0.161258
Next phase: 2
Memory used: 2949.12
End Structure 1294934 203618 vs 2791682
Build next level time: 6.82262
Iteration time: 27.3742
Memory used: 2949.12
e_xx: 1.68636e+08, a2_x: 4.78817e+11, currMod: 0.890869
e_xx: 1.80816e+08, a2_x: 3.17918e+11, currMod: 0.955218
e_xx: 1.84085e+08, a2_x: 3.35378e+11, currMod: 0.97249
e_xx: 1.84488e+08, a2_x: 2.85351e+11, currMod: 0.974618
e_xx: 1.84605e+08, a2_x: 2.97734e+11, currMod: 0.975236
e_xx: 1.84717e+08, a2_x: 3.07761e+11, currMod: 0.975829
e_xx: 1.84719e+08, a2_x: 2.94589e+11, currMod: 0.975837
e_xx: 1.84786e+08, a2_x: 2.90238e+11, currMod: 0.976193
e_xx: 1.84762e+08, a2_x: 2.94551e+11, currMod: 0.976067
currMod: 0.976193, prevMod: 0.886858
Louvain time: 3.67016
numClusters: 52217, time: 0.022673
Next phase: 3
Memory used: 2949.12
End Structure 508881 52217 vs 1069970
Build next level time: 0.275539
Iteration time: 3.96956
Memory used: 2949.12
e_xx: 1.84785e+08, a2_x: 2.8686e+11, currMod: 0.976186
e_xx: 1.8571e+08, a2_x: 1.24046e+11, currMod: 0.981075
e_xx: 1.85755e+08, a2_x: 8.49681e+10, currMod: 0.981316
e_xx: 1.85867e+08, a2_x: 5.01221e+10, currMod: 0.981906
e_xx: 1.85786e+08, a2_x: 5.83819e+10, currMod: 0.981481
currMod: 0.981906, prevMod: 0.976193
Louvain time: 0.893246
numClusters: 25609, time: 0.006983
Next phase: 4
Memory used: 2949.12
End Structure 167218 25609 vs 360045
Build next level time: 0.100669
Iteration time: 1.00163
Memory used: 2949.12
e_xx: 1.85867e+08, a2_x: 5.28911e+10, currMod: 0.981887
e_xx: 1.86067e+08, a2_x: 1.64932e+10, currMod: 0.982945
e_xx: 1.86072e+08, a2_x: 5.09763e+10, currMod: 0.982971
e_xx: 1.86073e+08, a2_x: 5.30845e+10, currMod: 0.982975
e_xx: 1.86072e+08, a2_x: 5.6017e+10, currMod: 0.982973
currMod: 0.982975, prevMod: 0.981906
Louvain time: 0.365613
numClusters: 22160, time: 0.004535
Next phase: 5
Memory used: 2949.12
End Structure 85383 22160 vs 192926
Build next level time: 0.046469
Iteration time: 0.417325
Memory used: 2949.12
e_xx: 1.86073e+08, a2_x: 5.07972e+10, currMod: 0.982971
e_xx: 1.86078e+08, a2_x: 4.86525e+10, currMod: 0.982997
e_xx: 1.86081e+08, a2_x: 5.3547e+10, currMod: 0.983013
e_xx: 1.8608e+08, a2_x: 5.25996e+10, currMod: 0.983012
currMod: 0.983013, prevMod: 0.982975
Louvain time: 0.161122
numClusters: 21958, time: 0.00403
Next phase: 6
Memory used: 2949.12
End Structure 66776 21958 vs 155510
Build next level time: 0.032652
Iteration time: 0.198463
Memory used: 2949.12
e_xx: 1.86081e+08, a2_x: 5.23356e+10, currMod: 0.983013
e_xx: 1.86081e+08, a2_x: 4.74814e+10, currMod: 0.983015
e_xx: 1.86081e+08, a2_x: 4.06574e+10, currMod: 0.983015
currMod: 0.983015, prevMod: 0.983013
Louvain time: 0.09601
numClusters: 21945, time: 0.004035
Next phase: 7
Memory used: 2949.12
End Structure 64821 21945 vs 151587
Build next level time: 0.030568
Iteration time: 0.131283
Memory used: 2949.12
e_xx: 1.86081e+08, a2_x: 5.11707e+10, currMod: 0.983015
e_xx: 1.86081e+08, a2_x: 5.13775e+10, currMod: 0.983015
currMod: 0.983015, prevMod: 0.983015
Louvain time: 0.064833
numClusters: 21945, time: 0.004002
Maximum degree for the graph: 440
Iteration: 0, conflicts: 0
Total number of colors used: 169
Total number of conflicts overall: 0
Number of rounds: 1
SUCCESS: No conflicts found
Number of reordered colors: 168
End position for large colors: 0, node count: 21545, largest: 21545
Node count cutoff: 4389
e_xx: 1.86081e+08, a2_x: 5.13775e+10, currMod: 0.983015
End Structure 64782 21944 vs 151508
currMod: 0.983015, prevMod: 0.983015
numClusters: 21944
Total iteration time: 33.0925

Loop 0 <line-37> - Time 0.000812 Total energy consumed 0.000000 Ave. Power Level 0.000000
	-------- Loop 0 (sock 1 consumed 0.000000, avg temp 40.500000, final temp 41 ) ------
	-------- Loop 0 (sock 2 consumed 0.000000, avg temp 36.000000, final temp 36 ) ------
Loop 1 <line-54> - Time 0.000443 Total energy consumed 0.043350 Ave. Power Level 97.900834
	-------- Loop 1 (sock 1 consumed 0.018945, avg temp 41.000000, final temp 41 ) ------
	-------- Loop 1 (sock 2 consumed 0.024405, avg temp 36.000000, final temp 36 ) ------
Loop 2 <line-76> - Time 0.001097 Total energy consumed 0.053670 Ave. Power Level 48.930584
	-------- Loop 2 (sock 1 consumed 0.024990, avg temp 41.000000, final temp 41 ) ------
	-------- Loop 2 (sock 2 consumed 0.028680, avg temp 36.000000, final temp 36 ) ------
Loop 3 <line-170> - Time 1.039101 Total energy consumed 47.553090 Ave. Power Level 45.763703
	-------- Loop 3 (sock 1 consumed 21.593340, avg temp 41.000000, final temp 41 ) ------
	-------- Loop 3 (sock 2 consumed 25.959750, avg temp 36.000000, final temp 36 ) ------
Loop 4 <line-192> - Time 0.000223 Total energy consumed 0.000000 Ave. Power Level 0.000000
	-------- Loop 4 (sock 1 consumed 0.000000, avg temp 41.000000, final temp 41 ) ------
	-------- Loop 4 (sock 2 consumed 0.000000, avg temp 36.000000, final temp 36 ) ------
Loop 5 <line-222> - Time 0.393155 Total energy consumed 18.010950 Ave. Power Level 45.811336
	-------- Loop 5 (sock 1 consumed 8.345040, avg temp 40.500000, final temp 41 ) ------
	-------- Loop 5 (sock 2 consumed 9.665910, avg temp 36.000000, final temp 36 ) ------
Loop 6 <line-116> - Time 0.004411 Total energy consumed 0.190020 Ave. Power Level 43.078950
	-------- Loop 6 (sock 1 consumed 0.094425, avg temp 40.714286, final temp 41 ) ------
	-------- Loop 6 (sock 2 consumed 0.095595, avg temp 36.000000, final temp 36 ) ------
Loop 7 <line-334> - Time 0.846529 Total energy consumed 37.049475 Ave. Power Level 43.766343
	-------- Loop 7 (sock 1 consumed 16.610325, avg temp 41.375000, final temp 42 ) ------
	-------- Loop 7 (sock 2 consumed 20.439150, avg temp 36.125000, final temp 36 ) ------
Loop 8 <line-353> - Time 0.000599 Total energy consumed 0.000000 Ave. Power Level 0.000000
	-------- Loop 8 (sock 1 consumed 0.000000, avg temp 41.375000, final temp 42 ) ------
	-------- Loop 8 (sock 2 consumed 0.000000, avg temp 36.125000, final temp 36 ) ------
Loop 9 <line-375> - Time 0.001027 Total energy consumed 0.086100 Ave. Power Level 83.800025
	-------- Loop 9 (sock 1 consumed 0.054690, avg temp 41.250000, final temp 42 ) ------
	-------- Loop 9 (sock 2 consumed 0.031410, avg temp 36.125000, final temp 36 ) ------
Loop 10 <line-85> - Time 0.204551 Total energy consumed 11.042460 Ave. Power Level 53.983846
	-------- Loop 10 (sock 1 consumed 5.462310, avg temp 41.250000, final temp 42 ) ------
	-------- Loop 10 (sock 2 consumed 5.580150, avg temp 36.000000, final temp 36 ) ------
Loop 11 <line-131> - Time 0.008037 Total energy consumed 0.388830 Ave. Power Level 48.380763
	-------- Loop 11 (sock 1 consumed 0.192285, avg temp 41.500000, final temp 42 ) ------
	-------- Loop 11 (sock 2 consumed 0.196545, avg temp 36.000000, final temp 36 ) ------
Loop 12 <line-167> - Time 0.240916 Total energy consumed 13.029360 Ave. Power Level 54.082650
	-------- Loop 12 (sock 1 consumed 6.436335, avg temp 41.500000, final temp 42 ) ------
	-------- Loop 12 (sock 2 consumed 6.593025, avg temp 36.000000, final temp 36 ) ------
Loop 13 <line-213> - Time 13.396592 Total energy consumed 734.634735 Ave. Power Level 54.837433
	-------- Loop 13 (sock 1 consumed 361.163040, avg temp 42.000000, final temp 42 ) ------
	-------- Loop 13 (sock 2 consumed 373.471695, avg temp 36.333333, final temp 37 ) ------
Loop 14 <line-99> - Time 6.814675 Total energy consumed 302.377020 Ave. Power Level 44.371451
	-------- Loop 14 (sock 1 consumed 151.820445, avg temp 40.714286, final temp 40 ) ------
	-------- Loop 14 (sock 2 consumed 150.556575, avg temp 36.000000, final temp 36 ) ------
Loop 15 <line-160> - Time 0.175188 Total energy consumed 8.270565 Ave. Power Level 47.209757
	-------- Loop 15 (sock 1 consumed 3.899925, avg temp 40.857143, final temp 41 ) ------
	-------- Loop 15 (sock 2 consumed 4.370640, avg temp 36.000000, final temp 36 ) ------
Loop 16 <line-269> - Time 5.220255 Total energy consumed 226.591665 Ave. Power Level 43.406243
	-------- Loop 16 (sock 1 consumed 114.143160, avg temp 41.035714, final temp 40 ) ------
	-------- Loop 16 (sock 2 consumed 112.448505, avg temp 35.964286, final temp 36 ) ------
Loop 17 <line-300> - Time 0.003421 Total energy consumed 0.104070 Ave. Power Level 30.417880
	-------- Loop 17 (sock 1 consumed 0.043800, avg temp 41.227273, final temp 42 ) ------
	-------- Loop 17 (sock 2 consumed 0.060270, avg temp 35.954545, final temp 37 ) ------
Loop 18 <line-148> - Time 0.000625 Total energy consumed 0.046290 Ave. Power Level 74.056061
	-------- Loop 18 (sock 1 consumed 0.020640, avg temp 41.000000, final temp 41 ) ------
	-------- Loop 18 (sock 2 consumed 0.025650, avg temp 36.000000, final temp 36 ) ------
Application(EnergyStat) - Time 48.619015 Total energy consumed 2270.791200 Ave. Power Level 46.705825 Final Temperature socket 1 : 41  socket 2 : 36 
	 ParallelApplication(EnergyStat) - Time 28.351656 Total energy consumed 1399.471650 Ave. Power Level 49.361195
Memory used: 1.32422
Loading 32-bit binary file: pnnl.bin, numvertices: 2361670, numEdges: 191402826
File read time: 2.2414
Before allocating graph
Allocated graph: 0x233e570
Processing edges for vertex: 0, range(0, 166)
Processing edges for vertex: 100000, range(58444108, 58444133)
Processing edges for vertex: 200000, range(84376057, 84376362)
Processing edges for vertex: 300000, range(106069163, 106069503)
Processing edges for vertex: 400000, range(122097114, 122097513)
Processing edges for vertex: 500000, range(135096418, 135096483)
Processing edges for vertex: 600000, range(146097008, 146097061)
Processing edges for vertex: 700000, range(155415410, 155415531)
Processing edges for vertex: 800000, range(162595900, 162595989)
Processing edges for vertex: 900000, range(168508374, 168508464)
Processing edges for vertex: 1000000, range(173203321, 173203442)
Processing edges for vertex: 1100000, range(176935100, 176935110)
Processing edges for vertex: 1200000, range(179876260, 179876270)
Processing edges for vertex: 1300000, range(182240081, 182240092)
Processing edges for vertex: 1400000, range(184224513, 184224521)
Processing edges for vertex: 1500000, range(185795161, 185795170)
Processing edges for vertex: 1600000, range(187104124, 187104130)
Processing edges for vertex: 1700000, range(188148455, 188148461)
Processing edges for vertex: 1800000, range(188997836, 188997842)
Processing edges for vertex: 1900000, range(189691532, 189691535)
Processing edges for vertex: 2000000, range(190254658, 190254660)
Processing edges for vertex: 2100000, range(190705814, 190705822)
Processing edges for vertex: 2200000, range(191052755, 191052764)
Processing edges for vertex: 2300000, range(191302662, 191302663)
Graph populate time: 11.6237
Total I/O time: 13.8652

Regional(EnergyStat) - Time 13.869608 Total energy consumed 595.183320 Ave. Power Level 42.912773 
Running on: 6 threads
Loaded graph from file: pnnl.bin
Memory used: 2949.12
Maximum degree for the graph: 5520
Iteration: 0, conflicts: 33
Iteration: 1, conflicts: 11
Iteration: 2, conflicts: 7
Iteration: 3, conflicts: 5
Iteration: 4, conflicts: 4
Iteration: 5, conflicts: 3
Iteration: 6, conflicts: 2
Iteration: 7, conflicts: 1
Iteration: 8, conflicts: 0
Total number of colors used: 1186
Total number of conflicts overall: 0
Number of rounds: 9
SUCCESS: No conflicts found
Coloring time: 1.4822
Memory used: 2949.12
Number of reordered colors: 1010
End position for large colors: 0, node count: 550960, largest: 550960
Node count cutoff: 472334
e_xx: 1.2737e+08, a2_x: 6.12253e+11, currMod: 0.665439
e_xx: 1.67615e+08, a2_x: 5.9193e+11, currMod: 0.875701
e_xx: 1.73678e+08, a2_x: 5.65767e+11, currMod: 0.907377
e_xx: 1.7604e+08, a2_x: 5.51423e+11, currMod: 0.919722
e_xx: 1.77128e+08, a2_x: 5.36409e+11, currMod: 0.925408
currMod: 0.919722, prevMod: -1
Louvain time: 20.0614
numClusters: 203765, time: 0.142084
Next phase: 2
Memory used: 2949.12
End Structure 1297192 203765 vs 2796384
Build next level time: 6.80363
Iteration time: 27.0123
Memory used: 2949.12
e_xx: 1.58862e+08, a2_x: 5.38521e+11, currMod: 0.917574
e_xx: 1.66521e+08, a2_x: 3.56261e+11, currMod: 0.961817
e_xx: 1.6753e+08, a2_x: 3.12662e+11, currMod: 0.967647
e_xx: 1.67824e+08, a2_x: 3.09638e+11, currMod: 0.969347
e_xx: 1.67869e+08, a2_x: 3.39414e+11, currMod: 0.969602
e_xx: 1.67944e+08, a2_x: 3.16549e+11, currMod: 0.970038
e_xx: 1.6794e+08, a2_x: 3.37637e+11, currMod: 0.970013
currMod: 0.970038, prevMod: 0.919722
Louvain time: 2.93504
numClusters: 56021, time: 0.023068
Next phase: 3
Memory used: 2949.12
End Structure 584214 56021 vs 1224434
Build next level time: 0.294783
Iteration time: 3.25392
Memory used: 2949.12
e_xx: 1.67944e+08, a2_x: 3.17297e+11, currMod: 0.970016
e_xx: 1.694e+08, a2_x: 1.12871e+11, currMod: 0.978434
e_xx: 1.69588e+08, a2_x: 7.83125e+10, currMod: 0.979521
e_xx: 1.69629e+08, a2_x: 8.35901e+10, currMod: 0.979759
e_xx: 1.69646e+08, a2_x: 1.31381e+11, currMod: 0.979856
e_xx: 1.69656e+08, a2_x: 6.84819e+10, currMod: 0.979913
e_xx: 1.69653e+08, a2_x: 1.13447e+11, currMod: 0.979893
currMod: 0.979913, prevMod: 0.970038
Louvain time: 1.37128
numClusters: 25392, time: 0.007263
Next phase: 4
Memory used: 2949.12
End Structure 184065 25392 vs 393522
Build next level time: 0.119172
Iteration time: 1.49844
Memory used: 2949.12
e_xx: 1.69656e+08, a2_x: 7.16603e+10, currMod: 0.979897
e_xx: 1.69856e+08, a2_x: 1.10893e+10, currMod: 0.981053
e_xx: 1.69861e+08, a2_x: -7.84127e+09, currMod: 0.981088
e_xx: 1.69863e+08, a2_x: -4.02086e+08, currMod: 0.981095
e_xx: 1.69863e+08, a2_x: -3.06473e+08, currMod: 0.981096
e_xx: 1.69864e+08, a2_x: 3.1399e+09, currMod: 0.9811
e_xx: 1.69863e+08, a2_x: -2.44095e+09, currMod: 0.981097
currMod: 0.9811, prevMod: 0.979913
Louvain time: 0.560892
numClusters: 22138, time: 0.004504
Next phase: 5
Memory used: 2949.12
End Structure 89517 22138 vs 201172
Build next level time: 0.047776
Iteration time: 0.613865
Memory used: 2949.12
e_xx: 1.69864e+08, a2_x: 1.60032e+08, currMod: 0.981098
e_xx: 1.69867e+08, a2_x: 4.89924e+09, currMod: 0.98112
e_xx: 1.69868e+08, a2_x: 4.20106e+09, currMod: 0.981122
e_xx: 1.69868e+08, a2_x: -1.19101e+10, currMod: 0.981121
currMod: 0.981122, prevMod: 0.9811
Louvain time: 0.171546
numClusters: 21974, time: 0.00401
Next phase: 6
Memory used: 2949.12
End Structure 76031 21974 vs 174036
Build next level time: 0.034896
Iteration time: 0.211134
Memory used: 2949.12
e_xx: 1.69868e+08, a2_x: 4.5474e+09, currMod: 0.981122
e_xx: 1.69868e+08, a2_x: 1.9066e+09, currMod: 0.981123
currMod: 0.981122, prevMod: 0.981122
Louvain time: 0.074464
numClusters: 21974, time: 0.004031
Maximum degree for the graph: 470
Iteration: 0, conflicts: 0
Total number of colors used: 192
Total number of conflicts overall: 0
Number of rounds: 1
SUCCESS: No conflicts found
Number of reordered colors: 189
End position for large colors: 0, node count: 21547, largest: 21547
Node count cutoff: 4395
e_xx: 1.69911e+08, a2_x: 5.36109e+09, currMod: 0.981369
e_xx: 1.69924e+08, a2_x: 7.42585e+09, currMod: 0.981449
e_xx: 1.70604e+08, a2_x: 5.12793e+09, currMod: 0.985372
e_xx: 1.70588e+08, a2_x: 7.32147e+09, currMod: 0.985285
End Structure 5843 21651 vs 33337
currMod: 0.985372, prevMod: 0.981122
numClusters: 21651
Total iteration time: 32.5897

Loop 0 <line-37> - Time 0.000833 Total energy consumed 0.000000 Ave. Power Level 0.000000
	-------- Loop 0 (sock 1 consumed 0.000000, avg temp 40.000000, final temp 40 ) ------
	-------- Loop 0 (sock 2 consumed 0.000000, avg temp 36.000000, final temp 36 ) ------
Loop 1 <line-54> - Time 0.000456 Total energy consumed 0.042975 Ave. Power Level 94.208300
	-------- Loop 1 (sock 1 consumed 0.018780, avg temp 40.500000, final temp 41 ) ------
	-------- Loop 1 (sock 2 consumed 0.024195, avg temp 35.500000, final temp 36 ) ------
Loop 2 <line-76> - Time 0.001101 Total energy consumed 0.047970 Ave. Power Level 43.575498
	-------- Loop 2 (sock 1 consumed 0.020910, avg temp 40.500000, final temp 41 ) ------
	-------- Loop 2 (sock 2 consumed 0.027060, avg temp 36.000000, final temp 36 ) ------
Loop 3 <line-170> - Time 0.984510 Total energy consumed 45.258000 Ave. Power Level 45.970071
	-------- Loop 3 (sock 1 consumed 20.157495, avg temp 40.100000, final temp 41 ) ------
	-------- Loop 3 (sock 2 consumed 25.100505, avg temp 36.300000, final temp 36 ) ------
Loop 4 <line-192> - Time 0.000218 Total energy consumed 0.000000 Ave. Power Level 0.000000
	-------- Loop 4 (sock 1 consumed 0.000000, avg temp 40.500000, final temp 41 ) ------
	-------- Loop 4 (sock 2 consumed 0.000000, avg temp 36.000000, final temp 36 ) ------
Loop 5 <line-222> - Time 0.367896 Total energy consumed 16.885260 Ave. Power Level 45.896847
	-------- Loop 5 (sock 1 consumed 7.422030, avg temp 40.500000, final temp 41 ) ------
	-------- Loop 5 (sock 2 consumed 9.463230, avg temp 36.000000, final temp 36 ) ------
Loop 6 <line-116> - Time 0.003718 Total energy consumed 0.112635 Ave. Power Level 30.292305
	-------- Loop 6 (sock 1 consumed 0.037950, avg temp 40.333333, final temp 41 ) ------
	-------- Loop 6 (sock 2 consumed 0.074685, avg temp 35.833333, final temp 36 ) ------
Loop 7 <line-334> - Time 0.830553 Total energy consumed 36.240690 Ave. Power Level 43.634423
	-------- Loop 7 (sock 1 consumed 15.937260, avg temp 40.571429, final temp 41 ) ------
	-------- Loop 7 (sock 2 consumed 20.303430, avg temp 36.000000, final temp 36 ) ------
Loop 8 <line-353> - Time 0.000525 Total energy consumed 0.000000 Ave. Power Level 0.000000
	-------- Loop 8 (sock 1 consumed 0.000000, avg temp 40.571429, final temp 41 ) ------
	-------- Loop 8 (sock 2 consumed 0.000000, avg temp 36.000000, final temp 36 ) ------
Loop 9 <line-375> - Time 0.000993 Total energy consumed 0.000000 Ave. Power Level 0.000000
	-------- Loop 9 (sock 1 consumed 0.000000, avg temp 40.571429, final temp 41 ) ------
	-------- Loop 9 (sock 2 consumed 0.000000, avg temp 36.000000, final temp 36 ) ------
Loop 10 <line-85> - Time 0.204119 Total energy consumed 11.181885 Ave. Power Level 54.781331
	-------- Loop 10 (sock 1 consumed 5.544795, avg temp 40.750000, final temp 41 ) ------
	-------- Loop 10 (sock 2 consumed 5.637090, avg temp 35.250000, final temp 36 ) ------
Loop 11 <line-131> - Time 0.007946 Total energy consumed 0.443190 Ave. Power Level 55.778378
	-------- Loop 11 (sock 1 consumed 0.219135, avg temp 40.500000, final temp 41 ) ------
	-------- Loop 11 (sock 2 consumed 0.224055, avg temp 35.000000, final temp 35 ) ------
Loop 12 <line-167> - Time 0.220989 Total energy consumed 11.878560 Ave. Power Level 53.751734
	-------- Loop 12 (sock 1 consumed 5.875920, avg temp 41.000000, final temp 41 ) ------
	-------- Loop 12 (sock 2 consumed 6.002640, avg temp 36.000000, final temp 36 ) ------
Loop 13 <line-213> - Time 13.127058 Total energy consumed 723.092250 Ave. Power Level 55.084106
	-------- Loop 13 (sock 1 consumed 361.721100, avg temp 41.666667, final temp 41 ) ------
	-------- Loop 13 (sock 2 consumed 361.371150, avg temp 36.000000, final temp 36 ) ------
Loop 14 <line-99> - Time 6.819933 Total energy consumed 300.731655 Ave. Power Level 44.095982
	-------- Loop 14 (sock 1 consumed 160.461540, avg temp 40.666667, final temp 42 ) ------
	-------- Loop 14 (sock 2 consumed 140.270115, avg temp 36.000000, final temp 36 ) ------
Loop 15 <line-160> - Time 0.171128 Total energy consumed 7.856850 Ave. Power Level 45.912079
	-------- Loop 15 (sock 1 consumed 3.812745, avg temp 40.833333, final temp 41 ) ------
	-------- Loop 15 (sock 2 consumed 4.044105, avg temp 35.500000, final temp 36 ) ------
Loop 16 <line-269> - Time 5.082965 Total energy consumed 220.991490 Ave. Power Level 43.476885
	-------- Loop 16 (sock 1 consumed 102.331590, avg temp 40.370370, final temp 40 ) ------
	-------- Loop 16 (sock 2 consumed 118.659900, avg temp 35.518519, final temp 35 ) ------
Loop 17 <line-300> - Time 0.003005 Total energy consumed 0.061605 Ave. Power Level 20.500730
	-------- Loop 17 (sock 1 consumed 0.018570, avg temp 40.454545, final temp 40 ) ------
	-------- Loop 17 (sock 2 consumed 0.043035, avg temp 35.500000, final temp 36 ) ------
Loop 18 <line-148> - Time 0.000629 Total energy consumed 0.067110 Ave. Power Level 106.616210
	-------- Loop 18 (sock 1 consumed 0.044010, avg temp 40.000000, final temp 40 ) ------
	-------- Loop 18 (sock 2 consumed 0.023100, avg temp 36.000000, final temp 36 ) ------
Application(EnergyStat) - Time 48.081030 Total energy consumed 2249.904135 Ave. Power Level 46.794008 Final Temperature socket 1 : 42  socket 2 : 36 
	 ParallelApplication(EnergyStat) - Time 27.828575 Total energy consumed 1374.892125 Ave. Power Level 49.405768
Memory used: 1.32031
Loading 32-bit binary file: pnnl.bin, numvertices: 2361670, numEdges: 191402826
File read time: 2.31909
Before allocating graph
Allocated graph: 0x2365570
Processing edges for vertex: 0, range(0, 166)
Processing edges for vertex: 100000, range(58444108, 58444133)
Processing edges for vertex: 200000, range(84376057, 84376362)
Processing edges for vertex: 300000, range(106069163, 106069503)
Processing edges for vertex: 400000, range(122097114, 122097513)
Processing edges for vertex: 500000, range(135096418, 135096483)
Processing edges for vertex: 600000, range(146097008, 146097061)
Processing edges for vertex: 700000, range(155415410, 155415531)
Processing edges for vertex: 800000, range(162595900, 162595989)
Processing edges for vertex: 900000, range(168508374, 168508464)
Processing edges for vertex: 1000000, range(173203321, 173203442)
Processing edges for vertex: 1100000, range(176935100, 176935110)
Processing edges for vertex: 1200000, range(179876260, 179876270)
Processing edges for vertex: 1300000, range(182240081, 182240092)
Processing edges for vertex: 1400000, range(184224513, 184224521)
Processing edges for vertex: 1500000, range(185795161, 185795170)
Processing edges for vertex: 1600000, range(187104124, 187104130)
Processing edges for vertex: 1700000, range(188148455, 188148461)
Processing edges for vertex: 1800000, range(188997836, 188997842)
Processing edges for vertex: 1900000, range(189691532, 189691535)
Processing edges for vertex: 2000000, range(190254658, 190254660)
Processing edges for vertex: 2100000, range(190705814, 190705822)
Processing edges for vertex: 2200000, range(191052755, 191052764)
Processing edges for vertex: 2300000, range(191302662, 191302663)
Graph populate time: 11.6441
Total I/O time: 13.9632

Regional(EnergyStat) - Time 13.967891 Total energy consumed 595.439070 Ave. Power Level 42.629132 
Running on: 6 threads
Loaded graph from file: pnnl.bin
Memory used: 2949.12
Maximum degree for the graph: 5520
Iteration: 0, conflicts: 36
Iteration: 1, conflicts: 10
Iteration: 2, conflicts: 7
Iteration: 3, conflicts: 4
Iteration: 4, conflicts: 2
Iteration: 5, conflicts: 1
Iteration: 6, conflicts: 0
Total number of colors used: 1183
Total number of conflicts overall: 0
Number of rounds: 7
SUCCESS: No conflicts found
Coloring time: 1.5527
Memory used: 2949.12
Number of reordered colors: 1011
End position for large colors: 0, node count: 551003, largest: 551003
Node count cutoff: 472334
e_xx: 1.26405e+08, a2_x: 5.32803e+11, currMod: 0.6604
e_xx: 1.67582e+08, a2_x: 5.78314e+11, currMod: 0.87553
e_xx: 1.73511e+08, a2_x: 5.58538e+11, currMod: 0.90651
e_xx: 1.75716e+08, a2_x: 5.52639e+11, currMod: 0.918028
e_xx: 1.76684e+08, a2_x: 5.38392e+11, currMod: 0.923084
currMod: 0.918028, prevMod: -1
Louvain time: 20.0999
numClusters: 203937, time: 0.141573
Next phase: 2
Memory used: 2949.12
End Structure 1303438 203937 vs 2809013
Build next level time: 7.02285
Iteration time: 27.2695
Memory used: 2949.12
e_xx: 1.57171e+08, a2_x: 5.38682e+11, currMod: 0.914391
e_xx: 1.65243e+08, a2_x: 3.5952e+11, currMod: 0.961365
e_xx: 1.66785e+08, a2_x: 3.09265e+11, currMod: 0.970337
e_xx: 1.6712e+08, a2_x: 2.40003e+11, currMod: 0.972289
e_xx: 1.67214e+08, a2_x: 3.03245e+11, currMod: 0.972829
e_xx: 1.67307e+08, a2_x: 2.3308e+11, currMod: 0.973377
e_xx: 1.67345e+08, a2_x: 3.01602e+11, currMod: 0.973595
e_xx: 1.67391e+08, a2_x: 2.57112e+11, currMod: 0.973864
e_xx: 1.67391e+08, a2_x: 3.03864e+11, currMod: 0.973859
currMod: 0.973864, prevMod: 0.918028
Louvain time: 3.59134
numClusters: 51676, time: 0.021485
Next phase: 3
Memory used: 2949.12
End Structure 504965 51676 vs 1061594
Build next level time: 0.255474
Iteration time: 3.86935
Memory used: 2949.12
e_xx: 1.67391e+08, a2_x: 2.57095e+11, currMod: 0.973836
e_xx: 1.68331e+08, a2_x: 1.05753e+11, currMod: 0.97931
e_xx: 1.6837e+08, a2_x: 7.53224e+10, currMod: 0.979537
e_xx: 1.68474e+08, a2_x: 6.76465e+10, currMod: 0.980142
e_xx: 1.68397e+08, a2_x: 7.69048e+10, currMod: 0.979696
currMod: 0.980142, prevMod: 0.973864
Louvain time: 0.905017
numClusters: 25601, time: 0.007109
Next phase: 4
Memory used: 2949.12
End Structure 172472 25601 vs 370545
Build next level time: 0.094246
Iteration time: 1.00709
Memory used: 2949.12
e_xx: 1.68474e+08, a2_x: 6.75777e+10, currMod: 0.98013
e_xx: 1.68646e+08, a2_x: 1.9747e+10, currMod: 0.981134
e_xx: 1.68656e+08, a2_x: -3.84768e+09, currMod: 0.981191
e_xx: 1.68656e+08, a2_x: -1.96236e+09, currMod: 0.981193
e_xx: 1.68658e+08, a2_x: -1.2334e+10, currMod: 0.981202
e_xx: 1.68658e+08, a2_x: 3.66738e+09, currMod: 0.981201
currMod: 0.981202, prevMod: 0.980142
Louvain time: 0.454674
numClusters: 22137, time: 0.004572
Next phase: 5
Memory used: 2949.12
End Structure 84535 22137 vs 191207
Build next level time: 0.041392
Iteration time: 0.501327
Memory used: 2949.12
e_xx: 1.68658e+08, a2_x: -1.39032e+10, currMod: 0.981199
e_xx: 1.68661e+08, a2_x: -1.39044e+10, currMod: 0.981219
e_xx: 1.68661e+08, a2_x: -1.56546e+10, currMod: 0.981218
currMod: 0.981219, prevMod: 0.981202
Louvain time: 0.123458
numClusters: 22007, time: 0.00401
Next phase: 6
Memory used: 2949.12
End Structure 74923 22007 vs 171853
Build next level time: 0.03099
Iteration time: 0.159147
Memory used: 2949.12
e_xx: 1.68661e+08, a2_x: -1.4233e+10, currMod: 0.981219
e_xx: 1.68661e+08, a2_x: -1.90607e+10, currMod: 0.981219
currMod: 0.981219, prevMod: 0.981219
Louvain time: 0.075268
numClusters: 22007, time: 0.003995
Maximum degree for the graph: 493
Iteration: 0, conflicts: 0
Total number of colors used: 172
Total number of conflicts overall: 0
Number of rounds: 1
SUCCESS: No conflicts found
Number of reordered colors: 170
End position for large colors: 0, node count: 21566, largest: 21566
Node count cutoff: 4402
e_xx: 1.68663e+08, a2_x: -1.48215e+10, currMod: 0.981229
e_xx: 1.68747e+08, a2_x: -1.45175e+10, currMod: 0.981717
e_xx: 1.69365e+08, a2_x: -1.96554e+10, currMod: 0.985312
e_xx: 1.71677e+08, a2_x: 9.92699e+09, currMod: 0.998765
e_xx: 1.71669e+08, a2_x: 1.24249e+10, currMod: 0.998719
End Structure 404 21583 vs 22391
currMod: 0.998765, prevMod: 0.981219
numClusters: 21583
Total iteration time: 32.8064

Loop 0 <line-37> - Time 0.000817 Total energy consumed 0.000000 Ave. Power Level 0.000000
	-------- Loop 0 (sock 1 consumed 0.000000, avg temp 40.500000, final temp 41 ) ------
	-------- Loop 0 (sock 2 consumed 0.000000, avg temp 36.000000, final temp 36 ) ------
Loop 1 <line-54> - Time 0.000454 Total energy consumed 0.000000 Ave. Power Level 0.000000
	-------- Loop 1 (sock 1 consumed 0.000000, avg temp 41.000000, final temp 41 ) ------
	-------- Loop 1 (sock 2 consumed 0.000000, avg temp 36.000000, final temp 36 ) ------
Loop 2 <line-76> - Time 0.001090 Total energy consumed 0.042615 Ave. Power Level 39.081809
	-------- Loop 2 (sock 1 consumed 0.018930, avg temp 40.500000, final temp 41 ) ------
	-------- Loop 2 (sock 2 consumed 0.023685, avg temp 35.500000, final temp 36 ) ------
Loop 3 <line-170> - Time 1.039571 Total energy consumed 47.523540 Ave. Power Level 45.714585
	-------- Loop 3 (sock 1 consumed 21.487290, avg temp 40.250000, final temp 42 ) ------
	-------- Loop 3 (sock 2 consumed 26.036250, avg temp 35.000000, final temp 35 ) ------
Loop 4 <line-192> - Time 0.000206 Total energy consumed 0.000000 Ave. Power Level 0.000000
	-------- Loop 4 (sock 1 consumed 0.000000, avg temp 41.000000, final temp 42 ) ------
	-------- Loop 4 (sock 2 consumed 0.000000, avg temp 35.000000, final temp 35 ) ------
Loop 5 <line-222> - Time 0.385108 Total energy consumed 17.613495 Ave. Power Level 45.736565
	-------- Loop 5 (sock 1 consumed 9.665535, avg temp 41.500000, final temp 42 ) ------
	-------- Loop 5 (sock 2 consumed 7.947960, avg temp 35.000000, final temp 35 ) ------
Loop 6 <line-116> - Time 0.003759 Total energy consumed 0.172380 Ave. Power Level 45.860601
	-------- Loop 6 (sock 1 consumed 0.080820, avg temp 41.166667, final temp 41 ) ------
	-------- Loop 6 (sock 2 consumed 0.091560, avg temp 35.833333, final temp 36 ) ------
Loop 7 <line-334> - Time 0.846559 Total energy consumed 36.829995 Ave. Power Level 43.505534
	-------- Loop 7 (sock 1 consumed 16.437705, avg temp 41.000000, final temp 41 ) ------
	-------- Loop 7 (sock 2 consumed 20.392290, avg temp 35.571429, final temp 35 ) ------
Loop 8 <line-353> - Time 0.000479 Total energy consumed 0.000000 Ave. Power Level 0.000000
	-------- Loop 8 (sock 1 consumed 0.000000, avg temp 41.000000, final temp 41 ) ------
	-------- Loop 8 (sock 2 consumed 0.000000, avg temp 35.571429, final temp 35 ) ------
Loop 9 <line-375> - Time 0.000971 Total energy consumed 0.160800 Ave. Power Level 165.660308
	-------- Loop 9 (sock 1 consumed 0.074700, avg temp 41.000000, final temp 41 ) ------
	-------- Loop 9 (sock 2 consumed 0.086100, avg temp 35.571429, final temp 35 ) ------
Loop 10 <line-85> - Time 0.210136 Total energy consumed 11.426910 Ave. Power Level 54.378671
	-------- Loop 10 (sock 1 consumed 5.651415, avg temp 40.750000, final temp 41 ) ------
	-------- Loop 10 (sock 2 consumed 5.775495, avg temp 35.750000, final temp 36 ) ------
Loop 11 <line-131> - Time 0.008058 Total energy consumed 0.389070 Ave. Power Level 48.285119
	-------- Loop 11 (sock 1 consumed 0.192270, avg temp 41.000000, final temp 41 ) ------
	-------- Loop 11 (sock 2 consumed 0.196800, avg temp 36.000000, final temp 36 ) ------
Loop 12 <line-167> - Time 0.253326 Total energy consumed 13.639125 Ave. Power Level 53.840286
	-------- Loop 12 (sock 1 consumed 6.761715, avg temp 41.000000, final temp 41 ) ------
	-------- Loop 12 (sock 2 consumed 6.877410, avg temp 36.000000, final temp 36 ) ------
Loop 13 <line-213> - Time 13.075755 Total energy consumed 721.401195 Ave. Power Level 55.170900
	-------- Loop 13 (sock 1 consumed 356.338920, avg temp 42.000000, final temp 42 ) ------
	-------- Loop 13 (sock 2 consumed 365.062275, avg temp 35.600000, final temp 36 ) ------
Loop 14 <line-99> - Time 7.025845 Total energy consumed 315.110640 Ave. Power Level 44.850210
	-------- Loop 14 (sock 1 consumed 153.457305, avg temp 41.166667, final temp 42 ) ------
	-------- Loop 14 (sock 2 consumed 161.653335, avg temp 35.666667, final temp 35 ) ------
Loop 15 <line-160> - Time 0.138697 Total energy consumed 6.646080 Ave. Power Level 47.918002
	-------- Loop 15 (sock 1 consumed 3.389295, avg temp 41.500000, final temp 42 ) ------
	-------- Loop 15 (sock 2 consumed 3.256785, avg temp 35.500000, final temp 35 ) ------
Loop 16 <line-269> - Time 5.119129 Total energy consumed 223.046310 Ave. Power Level 43.571141
	-------- Loop 16 (sock 1 consumed 104.747565, avg temp 41.120000, final temp 41 ) ------
	-------- Loop 16 (sock 2 consumed 118.298745, avg temp 35.760000, final temp 36 ) ------
Loop 17 <line-300> - Time 0.003422 Total energy consumed 0.193950 Ave. Power Level 56.674516
	-------- Loop 17 (sock 1 consumed 0.103710, avg temp 41.100000, final temp 41 ) ------
	-------- Loop 17 (sock 2 consumed 0.090240, avg temp 35.700000, final temp 36 ) ------
Loop 18 <line-148> - Time 0.000636 Total energy consumed 0.072030 Ave. Power Level 113.222673
	-------- Loop 18 (sock 1 consumed 0.020460, avg temp 41.000000, final temp 41 ) ------
	-------- Loop 18 (sock 2 consumed 0.051570, avg temp 36.000000, final temp 36 ) ------
Application(EnergyStat) - Time 48.471806 Total energy consumed 2270.077620 Ave. Power Level 46.832949 Final Temperature socket 1 : 42  socket 2 : 35 
	 ParallelApplication(EnergyStat) - Time 28.114019 Total energy consumed 1394.268135 Ave. Power Level 49.593342
