Memory used: 1.32031
Loading 32-bit binary file: pnnl.bin, numvertices: 2361670, numEdges: 191402826
File read time: 2.54116
Before allocating graph
Allocated graph: 0xe77570
Processing edges for vertex: 0, range(0, 166)
Processing edges for vertex: 100000, range(58444108, 58444133)
Processing edges for vertex: 200000, range(84376057, 84376362)
Processing edges for vertex: 300000, range(106069163, 106069503)
Processing edges for vertex: 400000, range(122097114, 122097513)
Processing edges for vertex: 500000, range(135096418, 135096483)
Processing edges for vertex: 600000, range(146097008, 146097061)
Processing edges for vertex: 700000, range(155415410, 155415531)
Processing edges for vertex: 800000, range(162595900, 162595989)
Processing edges for vertex: 900000, range(168508374, 168508464)
Processing edges for vertex: 1000000, range(173203321, 173203442)
Processing edges for vertex: 1100000, range(176935100, 176935110)
Processing edges for vertex: 1200000, range(179876260, 179876270)
Processing edges for vertex: 1300000, range(182240081, 182240092)
Processing edges for vertex: 1400000, range(184224513, 184224521)
Processing edges for vertex: 1500000, range(185795161, 185795170)
Processing edges for vertex: 1600000, range(187104124, 187104130)
Processing edges for vertex: 1700000, range(188148455, 188148461)
Processing edges for vertex: 1800000, range(188997836, 188997842)
Processing edges for vertex: 1900000, range(189691532, 189691535)
Processing edges for vertex: 2000000, range(190254658, 190254660)
Processing edges for vertex: 2100000, range(190705814, 190705822)
Processing edges for vertex: 2200000, range(191052755, 191052764)
Processing edges for vertex: 2300000, range(191302662, 191302663)
Graph populate time: 13.175
Total I/O time: 15.7162

Regional(EnergyStat) - Time 15.721756 Total energy consumed 632.080815 Ave. Power Level 40.204212 
Running on: 14 threads
Loaded graph from file: pnnl.bin
Memory used: 2949.12
Maximum degree for the graph: 5520
Iteration: 0, conflicts: 47
Iteration: 1, conflicts: 7
Iteration: 2, conflicts: 4
Iteration: 3, conflicts: 2
Iteration: 4, conflicts: 1
Iteration: 5, conflicts: 0
Total number of colors used: 1191
Total number of conflicts overall: 0
Number of rounds: 6
SUCCESS: No conflicts found
Coloring time: 1.11134
Memory used: 2949.12
Number of reordered colors: 999
End position for large colors: 0, node count: 550878, largest: 550878
Node count cutoff: 472334
e_xx: 1.20825e+08, a2_x: 6.38313e+11, currMod: 0.631244
e_xx: 1.65036e+08, a2_x: 6.02712e+11, currMod: 0.862228
e_xx: 1.72666e+08, a2_x: 5.33921e+11, currMod: 0.902094
e_xx: 1.75738e+08, a2_x: 5.41627e+11, currMod: 0.918142
e_xx: 1.77318e+08, a2_x: 5.22338e+11, currMod: 0.9264
currMod: 0.918142, prevMod: -1
Louvain time: 11.4786
numClusters: 204959, time: 0.181804
Next phase: 2
Memory used: 2949.12
End Structure 1314831 204959 vs 2832732
Build next level time: 5.91132
Iteration time: 17.5773
Memory used: 2949.12
e_xx: 1.554e+08, a2_x: 5.20196e+11, currMod: 0.916919
e_xx: 1.62979e+08, a2_x: 3.33987e+11, currMod: 0.961642
e_xx: 1.64172e+08, a2_x: 2.89444e+11, currMod: 0.968684
e_xx: 1.64512e+08, a2_x: 2.62611e+11, currMod: 0.970691
e_xx: 1.64573e+08, a2_x: 2.96115e+11, currMod: 0.971051
e_xx: 1.64704e+08, a2_x: 2.49289e+11, currMod: 0.971827
e_xx: 1.64665e+08, a2_x: 2.67416e+11, currMod: 0.971595
currMod: 0.971827, prevMod: 0.918142
Louvain time: 2.65398
numClusters: 56606, time: 0.027144
Next phase: 3
Memory used: 2949.12
End Structure 601979 56606 vs 1260546
Build next level time: 0.279194
Iteration time: 2.96124
Memory used: 2949.12
e_xx: 1.64704e+08, a2_x: 2.49805e+11, currMod: 0.971803
e_xx: 1.65742e+08, a2_x: 1.0893e+11, currMod: 0.977931
e_xx: 1.65868e+08, a2_x: 6.5783e+10, currMod: 0.978673
e_xx: 1.65948e+08, a2_x: 3.74368e+10, currMod: 0.979152
e_xx: 1.65957e+08, a2_x: 8.51947e+10, currMod: 0.979201
e_xx: 1.65999e+08, a2_x: 6.2172e+10, currMod: 0.979448
e_xx: 1.65976e+08, a2_x: 8.65943e+10, currMod: 0.97931
currMod: 0.979448, prevMod: 0.971827
Louvain time: 1.33596
numClusters: 25436, time: 0.008277
Next phase: 4
Memory used: 2949.12
End Structure 186384 25436 vs 398204
Build next level time: 0.12486
Iteration time: 1.46963
Memory used: 2949.12
e_xx: 1.65999e+08, a2_x: 6.31781e+10, currMod: 0.979432
e_xx: 1.66209e+08, a2_x: -1.49206e+10, currMod: 0.980672
e_xx: 1.66205e+08, a2_x: -1.16178e+10, currMod: 0.980653
currMod: 0.980672, prevMod: 0.979448
Louvain time: 0.259584
numClusters: 22663, time: 0.00513
Next phase: 5
Memory used: 2949.12
End Structure 111375 22663 vs 245413
Build next level time: 0.053054
Iteration time: 0.318273
Memory used: 2949.12
e_xx: 1.66209e+08, a2_x: -1.49832e+10, currMod: 0.980671
e_xx: 1.66239e+08, a2_x: -5.04809e+09, currMod: 0.980849
e_xx: 1.66246e+08, a2_x: -1.21743e+10, currMod: 0.980889
e_xx: 1.66245e+08, a2_x: -2.3443e+10, currMod: 0.980885
currMod: 0.980889, prevMod: 0.980672
Louvain time: 0.230089
numClusters: 22040, time: 0.004656
Next phase: 6
Memory used: 2949.12
End Structure 78710 22040 vs 179460
Build next level time: 0.043233
Iteration time: 0.27824
Memory used: 2949.12
e_xx: 1.66246e+08, a2_x: -1.41567e+10, currMod: 0.980889
e_xx: 1.66246e+08, a2_x: -1.76244e+10, currMod: 0.980894
e_xx: 1.66246e+08, a2_x: -2.01254e+10, currMod: 0.980894
currMod: 0.980894, prevMod: 0.980889
Louvain time: 0.127133
numClusters: 21972, time: 0.004606
Next phase: 7
Memory used: 2949.12
End Structure 73766 21972 vs 169504
Build next level time: 0.03747
Iteration time: 0.169471
Memory used: 2949.12
e_xx: 1.66246e+08, a2_x: -1.70463e+10, currMod: 0.980894
e_xx: 1.66246e+08, a2_x: -1.88485e+10, currMod: 0.980894
currMod: 0.980894, prevMod: 0.980894
Louvain time: 0.079623
numClusters: 21972, time: 0.004532
Maximum degree for the graph: 468
Iteration: 0, conflicts: 0
Total number of colors used: 180
Total number of conflicts overall: 0
Number of rounds: 1
SUCCESS: No conflicts found
Number of reordered colors: 179
End position for large colors: 0, node count: 21542, largest: 21542
Node count cutoff: 4395
e_xx: 1.66364e+08, a2_x: -1.0992e+10, currMod: 0.981587
e_xx: 1.66362e+08, a2_x: -1.1295e+10, currMod: 0.981578
End Structure 24427 21767 vs 70621
currMod: 0.981587, prevMod: 0.980894
numClusters: 21767
Total iteration time: 22.7741

Loop 0 <line-37> - Time 0.000853 Total energy consumed 0.000000 Ave. Power Level 0.000000
	-------- Loop 0 (sock 1 consumed 0.000000, avg temp 42.000000, final temp 42 ) ------
	-------- Loop 0 (sock 2 consumed 0.000000, avg temp 36.000000, final temp 36 ) ------
Loop 1 <line-54> - Time 0.000447 Total energy consumed 0.000000 Ave. Power Level 0.000000
	-------- Loop 1 (sock 1 consumed 0.000000, avg temp 42.000000, final temp 42 ) ------
	-------- Loop 1 (sock 2 consumed 0.000000, avg temp 35.500000, final temp 36 ) ------
Loop 2 <line-76> - Time 0.000543 Total energy consumed 0.000000 Ave. Power Level 0.000000
	-------- Loop 2 (sock 1 consumed 0.000000, avg temp 42.000000, final temp 42 ) ------
	-------- Loop 2 (sock 2 consumed 0.000000, avg temp 35.500000, final temp 36 ) ------
Loop 3 <line-170> - Time 0.692254 Total energy consumed 32.114280 Ave. Power Level 46.390905
	-------- Loop 3 (sock 1 consumed 15.090885, avg temp 41.857143, final temp 41 ) ------
	-------- Loop 3 (sock 2 consumed 17.023395, avg temp 35.142857, final temp 36 ) ------
Loop 4 <line-192> - Time 0.000267 Total energy consumed 0.000000 Ave. Power Level 0.000000
	-------- Loop 4 (sock 1 consumed 0.000000, avg temp 41.500000, final temp 41 ) ------
	-------- Loop 4 (sock 2 consumed 0.000000, avg temp 35.500000, final temp 36 ) ------
Loop 5 <line-222> - Time 0.272198 Total energy consumed 12.557085 Ave. Power Level 46.132236
	-------- Loop 5 (sock 1 consumed 6.186900, avg temp 43.000000, final temp 43 ) ------
	-------- Loop 5 (sock 2 consumed 6.370185, avg temp 37.000000, final temp 37 ) ------
Loop 6 <line-116> - Time 0.002297 Total energy consumed 0.146055 Ave. Power Level 63.598761
	-------- Loop 6 (sock 1 consumed 0.082095, avg temp 42.285714, final temp 42 ) ------
	-------- Loop 6 (sock 2 consumed 0.063960, avg temp 36.000000, final temp 36 ) ------
Loop 7 <line-334> - Time 0.593312 Total energy consumed 25.862340 Ave. Power Level 43.589752
	-------- Loop 7 (sock 1 consumed 11.967150, avg temp 42.000000, final temp 42 ) ------
	-------- Loop 7 (sock 2 consumed 13.895190, avg temp 36.375000, final temp 37 ) ------
Loop 8 <line-353> - Time 0.000500 Total energy consumed 0.000000 Ave. Power Level 0.000000
	-------- Loop 8 (sock 1 consumed 0.000000, avg temp 42.000000, final temp 42 ) ------
	-------- Loop 8 (sock 2 consumed 0.000000, avg temp 36.375000, final temp 37 ) ------
Loop 9 <line-375> - Time 0.000836 Total energy consumed 0.180945 Ave. Power Level 216.448119
	-------- Loop 9 (sock 1 consumed 0.103605, avg temp 42.125000, final temp 42 ) ------
	-------- Loop 9 (sock 2 consumed 0.077340, avg temp 36.375000, final temp 37 ) ------
Loop 10 <line-85> - Time 0.175486 Total energy consumed 11.081895 Ave. Power Level 63.149728
	-------- Loop 10 (sock 1 consumed 5.611905, avg temp 42.000000, final temp 42 ) ------
	-------- Loop 10 (sock 2 consumed 5.469990, avg temp 37.000000, final temp 37 ) ------
Loop 11 <line-131> - Time 0.003976 Total energy consumed 0.232545 Ave. Power Level 58.487835
	-------- Loop 11 (sock 1 consumed 0.134235, avg temp 42.000000, final temp 42 ) ------
	-------- Loop 11 (sock 2 consumed 0.098310, avg temp 37.000000, final temp 37 ) ------
Loop 12 <line-167> - Time 0.273409 Total energy consumed 17.338245 Ave. Power Level 63.414944
	-------- Loop 12 (sock 1 consumed 8.810250, avg temp 42.500000, final temp 43 ) ------
	-------- Loop 12 (sock 2 consumed 8.527995, avg temp 36.500000, final temp 37 ) ------
Loop 13 <line-213> - Time 6.479271 Total energy consumed 430.405815 Ave. Power Level 66.428125
	-------- Loop 13 (sock 1 consumed 218.686665, avg temp 43.000000, final temp 43 ) ------
	-------- Loop 13 (sock 2 consumed 211.719150, avg temp 37.571429, final temp 37 ) ------
Loop 14 <line-99> - Time 5.937733 Total energy consumed 266.614710 Ave. Power Level 44.901769
	-------- Loop 14 (sock 1 consumed 127.977375, avg temp 42.428571, final temp 42 ) ------
	-------- Loop 14 (sock 2 consumed 138.637335, avg temp 36.142857, final temp 37 ) ------
Loop 15 <line-160> - Time 0.146242 Total energy consumed 7.067370 Ave. Power Level 48.326671
	-------- Loop 15 (sock 1 consumed 3.594885, avg temp 42.142857, final temp 42 ) ------
	-------- Loop 15 (sock 2 consumed 3.472485, avg temp 36.571429, final temp 36 ) ------
Loop 16 <line-269> - Time 4.654572 Total energy consumed 196.819065 Ave. Power Level 42.285108
	-------- Loop 16 (sock 1 consumed 97.846155, avg temp 42.000000, final temp 42 ) ------
	-------- Loop 16 (sock 2 consumed 98.972910, avg temp 36.346154, final temp 36 ) ------
Loop 17 <line-300> - Time 0.002023 Total energy consumed 0.151290 Ave. Power Level 74.780870
	-------- Loop 17 (sock 1 consumed 0.064605, avg temp 42.000000, final temp 43 ) ------
	-------- Loop 17 (sock 2 consumed 0.086685, avg temp 36.500000, final temp 37 ) ------
Loop 18 <line-148> - Time 0.000453 Total energy consumed 0.000000 Ave. Power Level 0.000000
	-------- Loop 18 (sock 1 consumed 0.000000, avg temp 42.000000, final temp 42 ) ------
	-------- Loop 18 (sock 2 consumed 0.000000, avg temp 36.000000, final temp 36 ) ------
Application(EnergyStat) - Time 39.741896 Total energy consumed 1842.750000 Ave. Power Level 46.367944 Final Temperature socket 1 : 43  socket 2 : 36 
	 ParallelApplication(EnergyStat) - Time 19.236671 Total energy consumed 1000.571640 Ave. Power Level 52.013764
Memory used: 1.32031
Loading 32-bit binary file: pnnl.bin, numvertices: 2361670, numEdges: 191402826
File read time: 2.53275
Before allocating graph
Allocated graph: 0x2111570
Processing edges for vertex: 0, range(0, 166)
Processing edges for vertex: 100000, range(58444108, 58444133)
Processing edges for vertex: 200000, range(84376057, 84376362)
Processing edges for vertex: 300000, range(106069163, 106069503)
Processing edges for vertex: 400000, range(122097114, 122097513)
Processing edges for vertex: 500000, range(135096418, 135096483)
Processing edges for vertex: 600000, range(146097008, 146097061)
Processing edges for vertex: 700000, range(155415410, 155415531)
Processing edges for vertex: 800000, range(162595900, 162595989)
Processing edges for vertex: 900000, range(168508374, 168508464)
Processing edges for vertex: 1000000, range(173203321, 173203442)
Processing edges for vertex: 1100000, range(176935100, 176935110)
Processing edges for vertex: 1200000, range(179876260, 179876270)
Processing edges for vertex: 1300000, range(182240081, 182240092)
Processing edges for vertex: 1400000, range(184224513, 184224521)
Processing edges for vertex: 1500000, range(185795161, 185795170)
Processing edges for vertex: 1600000, range(187104124, 187104130)
Processing edges for vertex: 1700000, range(188148455, 188148461)
Processing edges for vertex: 1800000, range(188997836, 188997842)
Processing edges for vertex: 1900000, range(189691532, 189691535)
Processing edges for vertex: 2000000, range(190254658, 190254660)
Processing edges for vertex: 2100000, range(190705814, 190705822)
Processing edges for vertex: 2200000, range(191052755, 191052764)
Processing edges for vertex: 2300000, range(191302662, 191302663)
Graph populate time: 13.1089
Total I/O time: 15.6417

Regional(EnergyStat) - Time 15.647142 Total energy consumed 630.797565 Ave. Power Level 40.313916 
Running on: 14 threads
Loaded graph from file: pnnl.bin
Memory used: 2949.12
Maximum degree for the graph: 5520
Iteration: 0, conflicts: 45
Iteration: 1, conflicts: 14
Iteration: 2, conflicts: 10
Iteration: 3, conflicts: 7
Iteration: 4, conflicts: 6
Iteration: 5, conflicts: 5
Iteration: 6, conflicts: 3
Iteration: 7, conflicts: 1
Iteration: 8, conflicts: 0
Total number of colors used: 1192
Total number of conflicts overall: 0
Number of rounds: 9
SUCCESS: No conflicts found
Coloring time: 1.12703
Memory used: 2949.12
Number of reordered colors: 1015
End position for large colors: 0, node count: 550694, largest: 550694
Node count cutoff: 472334
e_xx: 1.24104e+08, a2_x: 6.49039e+11, currMod: 0.648373
e_xx: 1.66949e+08, a2_x: 6.43388e+11, currMod: 0.872221
e_xx: 1.73641e+08, a2_x: 5.5136e+11, currMod: 0.907187
e_xx: 1.76201e+08, a2_x: 5.30659e+11, currMod: 0.920563
e_xx: 1.77417e+08, a2_x: 5.06193e+11, currMod: 0.926915
currMod: 0.920563, prevMod: -1
Louvain time: 11.4648
numClusters: 204007, time: 0.159316
Next phase: 2
Memory used: 2949.12
End Structure 1271650 204007 vs 2745342
Build next level time: 5.72233
Iteration time: 17.3522
Memory used: 2949.12
e_xx: 1.55236e+08, a2_x: 5.05392e+11, currMod: 0.917374
e_xx: 1.62533e+08, a2_x: 3.76132e+11, currMod: 0.960501
e_xx: 1.64056e+08, a2_x: 3.24332e+11, currMod: 0.969501
e_xx: 1.64429e+08, a2_x: 2.69974e+11, currMod: 0.971707
e_xx: 1.6446e+08, a2_x: 3.06317e+11, currMod: 0.97189
e_xx: 1.64553e+08, a2_x: 2.69262e+11, currMod: 0.972442
e_xx: 1.64513e+08, a2_x: 2.92041e+11, currMod: 0.972205
currMod: 0.972442, prevMod: 0.920563
Louvain time: 2.53387
numClusters: 54121, time: 0.024207
Next phase: 3
Memory used: 2949.12
End Structure 550927 54121 vs 1155960
Build next level time: 0.29924
Iteration time: 2.85815
Memory used: 2949.12
e_xx: 1.64553e+08, a2_x: 2.69067e+11, currMod: 0.972416
e_xx: 1.655e+08, a2_x: 1.07713e+11, currMod: 0.978015
e_xx: 1.65621e+08, a2_x: 8.76487e+10, currMod: 0.978732
e_xx: 1.65694e+08, a2_x: 8.34997e+10, currMod: 0.979164
e_xx: 1.65639e+08, a2_x: 1.10115e+11, currMod: 0.978838
currMod: 0.979164, prevMod: 0.972442
Louvain time: 0.930626
numClusters: 25823, time: 0.00837
Next phase: 4
Memory used: 2949.12
End Structure 185032 25823 vs 395887
Build next level time: 0.125463
Iteration time: 1.06497
Memory used: 2949.12
e_xx: 1.65694e+08, a2_x: 8.46361e+10, currMod: 0.97915
e_xx: 1.65877e+08, a2_x: 9.56633e+09, currMod: 0.980231
e_xx: 1.65879e+08, a2_x: 7.06205e+09, currMod: 0.980243
e_xx: 1.6588e+08, a2_x: 2.99801e+09, currMod: 0.980249
e_xx: 1.65991e+08, a2_x: 1.57027e+10, currMod: 0.980905
e_xx: 1.66006e+08, a2_x: 1.82148e+09, currMod: 0.980998
e_xx: 1.66007e+08, a2_x: 2.16195e+10, currMod: 0.981002
e_xx: 1.66007e+08, a2_x: 8.15236e+09, currMod: 0.981002
currMod: 0.981002, prevMod: 0.979164
Louvain time: 0.645811
numClusters: 22150, time: 0.005177
Next phase: 5
Memory used: 2949.12
End Structure 89463 22150 vs 201076
Build next level time: 0.053295
Iteration time: 0.704776
Memory used: 2949.12
e_xx: 1.66007e+08, a2_x: 2.05346e+10, currMod: 0.981
e_xx: 1.6601e+08, a2_x: 1.09432e+10, currMod: 0.981016
e_xx: 1.6601e+08, a2_x: 3.70087e+09, currMod: 0.981016
currMod: 0.981016, prevMod: 0.981002
Louvain time: 0.143395
numClusters: 22018, time: 0.004564
Next phase: 6
Memory used: 2949.12
End Structure 81502 22018 vs 185022
Build next level time: 0.035662
Iteration time: 0.183879
Memory used: 2949.12
e_xx: 1.6601e+08, a2_x: 1.22227e+10, currMod: 0.981016
e_xx: 1.6601e+08, a2_x: 1.27991e+10, currMod: 0.981017
currMod: 0.981016, prevMod: 0.981016
Louvain time: 0.088025
numClusters: 22018, time: 0.004527
Maximum degree for the graph: 507
Iteration: 0, conflicts: 0
Total number of colors used: 189
Total number of conflicts overall: 0
Number of rounds: 1
SUCCESS: No conflicts found
Number of reordered colors: 184
End position for large colors: 0, node count: 21557, largest: 21557
Node count cutoff: 4404
e_xx: 1.66181e+08, a2_x: -6.79859e+09, currMod: 0.98203
e_xx: 1.66179e+08, a2_x: -9.60359e+09, currMod: 0.982019
End Structure 25597 21790 vs 72984
currMod: 0.98203, prevMod: 0.981016
numClusters: 21790
Total iteration time: 22.164

Loop 0 <line-37> - Time 0.000954 Total energy consumed 0.000000 Ave. Power Level 0.000000
	-------- Loop 0 (sock 1 consumed 0.000000, avg temp 42.000000, final temp 42 ) ------
	-------- Loop 0 (sock 2 consumed 0.000000, avg temp 36.000000, final temp 36 ) ------
Loop 1 <line-54> - Time 0.000597 Total energy consumed 0.000000 Ave. Power Level 0.000000
	-------- Loop 1 (sock 1 consumed 0.000000, avg temp 42.000000, final temp 42 ) ------
	-------- Loop 1 (sock 2 consumed 0.000000, avg temp 35.500000, final temp 36 ) ------
Loop 2 <line-76> - Time 0.000564 Total energy consumed 0.000000 Ave. Power Level 0.000000
	-------- Loop 2 (sock 1 consumed 0.000000, avg temp 42.000000, final temp 42 ) ------
	-------- Loop 2 (sock 2 consumed 0.000000, avg temp 35.500000, final temp 36 ) ------
Loop 3 <line-170> - Time 0.713246 Total energy consumed 32.812575 Ave. Power Level 46.004544
	-------- Loop 3 (sock 1 consumed 15.573780, avg temp 41.100000, final temp 42 ) ------
	-------- Loop 3 (sock 2 consumed 17.238795, avg temp 36.900000, final temp 36 ) ------
Loop 4 <line-192> - Time 0.000291 Total energy consumed 0.000000 Ave. Power Level 0.000000
	-------- Loop 4 (sock 1 consumed 0.000000, avg temp 41.500000, final temp 42 ) ------
	-------- Loop 4 (sock 2 consumed 0.000000, avg temp 36.500000, final temp 36 ) ------
Loop 5 <line-222> - Time 0.268924 Total energy consumed 12.340350 Ave. Power Level 45.887853
	-------- Loop 5 (sock 1 consumed 5.837070, avg temp 41.500000, final temp 42 ) ------
	-------- Loop 5 (sock 2 consumed 6.503280, avg temp 36.500000, final temp 36 ) ------
Loop 6 <line-116> - Time 0.001970 Total energy consumed 0.000000 Ave. Power Level 0.000000
	-------- Loop 6 (sock 1 consumed 0.000000, avg temp 41.666667, final temp 42 ) ------
	-------- Loop 6 (sock 2 consumed 0.000000, avg temp 36.166667, final temp 36 ) ------
Loop 7 <line-334> - Time 0.584941 Total energy consumed 25.555185 Ave. Power Level 43.688466
	-------- Loop 7 (sock 1 consumed 13.355640, avg temp 41.714286, final temp 42 ) ------
	-------- Loop 7 (sock 2 consumed 12.199545, avg temp 36.142857, final temp 36 ) ------
Loop 8 <line-353> - Time 0.000495 Total energy consumed 0.000000 Ave. Power Level 0.000000
	-------- Loop 8 (sock 1 consumed 0.000000, avg temp 41.714286, final temp 42 ) ------
	-------- Loop 8 (sock 2 consumed 0.000000, avg temp 36.142857, final temp 36 ) ------
Loop 9 <line-375> - Time 0.000833 Total energy consumed 0.068205 Ave. Power Level 81.872461
	-------- Loop 9 (sock 1 consumed 0.035685, avg temp 41.714286, final temp 42 ) ------
	-------- Loop 9 (sock 2 consumed 0.032520, avg temp 36.142857, final temp 36 ) ------
Loop 10 <line-85> - Time 0.180805 Total energy consumed 11.469720 Ave. Power Level 63.436844
	-------- Loop 10 (sock 1 consumed 5.819925, avg temp 41.750000, final temp 42 ) ------
	-------- Loop 10 (sock 2 consumed 5.649795, avg temp 36.000000, final temp 36 ) ------
Loop 11 <line-131> - Time 0.003936 Total energy consumed 0.265200 Ave. Power Level 67.377244
	-------- Loop 11 (sock 1 consumed 0.134400, avg temp 41.500000, final temp 42 ) ------
	-------- Loop 11 (sock 2 consumed 0.130800, avg temp 36.000000, final temp 36 ) ------
Loop 12 <line-167> - Time 0.276870 Total energy consumed 17.622465 Ave. Power Level 63.648909
	-------- Loop 12 (sock 1 consumed 8.926380, avg temp 42.000000, final temp 42 ) ------
	-------- Loop 12 (sock 2 consumed 8.696085, avg temp 36.000000, final temp 36 ) ------
Loop 13 <line-213> - Time 6.466296 Total energy consumed 429.789690 Ave. Power Level 66.466130
	-------- Loop 13 (sock 1 consumed 219.180210, avg temp 42.285714, final temp 42 ) ------
	-------- Loop 13 (sock 2 consumed 210.609480, avg temp 37.428571, final temp 36 ) ------
Loop 14 <line-99> - Time 5.771821 Total energy consumed 263.040540 Ave. Power Level 45.573234
	-------- Loop 14 (sock 1 consumed 134.373225, avg temp 41.500000, final temp 41 ) ------
	-------- Loop 14 (sock 2 consumed 128.667315, avg temp 36.333333, final temp 36 ) ------
Loop 15 <line-160> - Time 0.135648 Total energy consumed 6.603675 Ave. Power Level 48.682480
	-------- Loop 15 (sock 1 consumed 3.324900, avg temp 41.666667, final temp 42 ) ------
	-------- Loop 15 (sock 2 consumed 3.278775, avg temp 36.166667, final temp 36 ) ------
Loop 16 <line-269> - Time 4.313411 Total energy consumed 182.477595 Ave. Power Level 42.304711
	-------- Loop 16 (sock 1 consumed 90.932925, avg temp 41.680000, final temp 42 ) ------
	-------- Loop 16 (sock 2 consumed 91.544670, avg temp 36.280000, final temp 36 ) ------
Loop 17 <line-300> - Time 0.001859 Total energy consumed 0.157080 Ave. Power Level 84.497405
	-------- Loop 17 (sock 1 consumed 0.075825, avg temp 41.700000, final temp 42 ) ------
	-------- Loop 17 (sock 2 consumed 0.081255, avg temp 36.250000, final temp 37 ) ------
Loop 18 <line-148> - Time 0.000422 Total energy consumed 0.053220 Ave. Power Level 126.196280
	-------- Loop 18 (sock 1 consumed 0.026100, avg temp 42.000000, final temp 42 ) ------
	-------- Loop 18 (sock 2 consumed 0.027120, avg temp 36.000000, final temp 36 ) ------
Application(EnergyStat) - Time 39.080409 Total energy consumed 1820.415840 Ave. Power Level 46.581289 Final Temperature socket 1 : 42  socket 2 : 37 
	 ParallelApplication(EnergyStat) - Time 18.723883 Total energy consumed 982.255500 Ave. Power Level 52.460031
Memory used: 1.32031
Loading 32-bit binary file: pnnl.bin, numvertices: 2361670, numEdges: 191402826
File read time: 2.49348
Before allocating graph
Allocated graph: 0x19bc570
Processing edges for vertex: 0, range(0, 166)
Processing edges for vertex: 100000, range(58444108, 58444133)
Processing edges for vertex: 200000, range(84376057, 84376362)
Processing edges for vertex: 300000, range(106069163, 106069503)
Processing edges for vertex: 400000, range(122097114, 122097513)
Processing edges for vertex: 500000, range(135096418, 135096483)
Processing edges for vertex: 600000, range(146097008, 146097061)
Processing edges for vertex: 700000, range(155415410, 155415531)
Processing edges for vertex: 800000, range(162595900, 162595989)
Processing edges for vertex: 900000, range(168508374, 168508464)
Processing edges for vertex: 1000000, range(173203321, 173203442)
Processing edges for vertex: 1100000, range(176935100, 176935110)
Processing edges for vertex: 1200000, range(179876260, 179876270)
Processing edges for vertex: 1300000, range(182240081, 182240092)
Processing edges for vertex: 1400000, range(184224513, 184224521)
Processing edges for vertex: 1500000, range(185795161, 185795170)
Processing edges for vertex: 1600000, range(187104124, 187104130)
Processing edges for vertex: 1700000, range(188148455, 188148461)
Processing edges for vertex: 1800000, range(188997836, 188997842)
Processing edges for vertex: 1900000, range(189691532, 189691535)
Processing edges for vertex: 2000000, range(190254658, 190254660)
Processing edges for vertex: 2100000, range(190705814, 190705822)
Processing edges for vertex: 2200000, range(191052755, 191052764)
Processing edges for vertex: 2300000, range(191302662, 191302663)
Graph populate time: 13.1736
Total I/O time: 15.6672

Regional(EnergyStat) - Time 15.672701 Total energy consumed 633.527745 Ave. Power Level 40.422372 
Running on: 14 threads
Loaded graph from file: pnnl.bin
Memory used: 2949.12
Maximum degree for the graph: 5520
Iteration: 0, conflicts: 40
Iteration: 1, conflicts: 8
Iteration: 2, conflicts: 4
Iteration: 3, conflicts: 2
Iteration: 4, conflicts: 0
Total number of colors used: 1192
Total number of conflicts overall: 0
Number of rounds: 5
SUCCESS: No conflicts found
Coloring time: 1.09356
Memory used: 2949.12
Number of reordered colors: 1025
End position for large colors: 0, node count: 550753, largest: 550753
Node count cutoff: 472334
e_xx: 1.24567e+08, a2_x: 6.48373e+11, currMod: 0.650792
e_xx: 1.66525e+08, a2_x: 5.82109e+11, currMod: 0.870009
e_xx: 1.73371e+08, a2_x: 5.28545e+11, currMod: 0.905779
e_xx: 1.76104e+08, a2_x: 5.30804e+11, currMod: 0.920055
e_xx: 1.77434e+08, a2_x: 5.48665e+11, currMod: 0.927002
currMod: 0.920055, prevMod: -1
Louvain time: 11.5315
numClusters: 204366, time: 0.15769
Next phase: 2
Memory used: 2949.12
End Structure 1297247 204366 vs 2797062
Build next level time: 6.37568
Iteration time: 18.071
Memory used: 2949.12
e_xx: 1.54626e+08, a2_x: 5.48993e+11, currMod: 0.917168
e_xx: 1.61751e+08, a2_x: 3.39623e+11, currMod: 0.95944
e_xx: 1.63289e+08, a2_x: 3.0705e+11, currMod: 0.968565
e_xx: 1.63671e+08, a2_x: 2.59136e+11, currMod: 0.970833
e_xx: 1.63749e+08, a2_x: 2.50752e+11, currMod: 0.971295
e_xx: 1.63886e+08, a2_x: 2.62962e+11, currMod: 0.972106
e_xx: 1.63846e+08, a2_x: 2.60565e+11, currMod: 0.971867
currMod: 0.972106, prevMod: 0.920055
Louvain time: 2.59976
numClusters: 54969, time: 0.025137
Next phase: 3
Memory used: 2949.12
End Structure 564220 54969 vs 1183400
Build next level time: 0.287624
Iteration time: 2.91338
Memory used: 2949.12
e_xx: 1.63886e+08, a2_x: 2.63666e+11, currMod: 0.972077
e_xx: 1.64903e+08, a2_x: 8.47333e+10, currMod: 0.978116
e_xx: 1.64978e+08, a2_x: 1.01667e+11, currMod: 0.978564
e_xx: 1.65084e+08, a2_x: 5.70358e+10, currMod: 0.979191
e_xx: 1.65026e+08, a2_x: 7.83555e+10, currMod: 0.978848
currMod: 0.979191, prevMod: 0.972106
Louvain time: 0.940591
numClusters: 26039, time: 0.008278
Next phase: 4
Memory used: 2949.12
End Structure 188991 26039 vs 404021
Build next level time: 0.119736
Iteration time: 1.06913
Memory used: 2949.12
e_xx: 1.65084e+08, a2_x: 5.47824e+10, currMod: 0.979177
e_xx: 1.65274e+08, a2_x: -2.10395e+10, currMod: 0.980307
e_xx: 1.6529e+08, a2_x: 1.63807e+10, currMod: 0.980403
e_xx: 1.65294e+08, a2_x: 6.88118e+09, currMod: 0.980422
e_xx: 1.65294e+08, a2_x: 2.97139e+08, currMod: 0.980424
e_xx: 1.65294e+08, a2_x: 3.33376e+09, currMod: 0.980423
currMod: 0.980424, prevMod: 0.979191
Louvain time: 0.508406
numClusters: 22180, time: 0.005211
Next phase: 5
Memory used: 2949.12
End Structure 90126 22180 vs 202432
Build next level time: 0.048039
Iteration time: 0.562096
Memory used: 2949.12
e_xx: 1.65294e+08, a2_x: 1.45189e+09, currMod: 0.980421
e_xx: 1.65297e+08, a2_x: -1.1285e+08, currMod: 0.980442
e_xx: 1.65297e+08, a2_x: 3.60409e+09, currMod: 0.980442
currMod: 0.980442, prevMod: 0.980424
Louvain time: 0.146733
numClusters: 22016, time: 0.00456
Next phase: 6
Memory used: 2949.12
End Structure 81771 22016 vs 185558
Build next level time: 0.040839
Iteration time: 0.192395
Memory used: 2949.12
e_xx: 1.65297e+08, a2_x: 1.62441e+08, currMod: 0.980442
e_xx: 1.65297e+08, a2_x: -4.52165e+09, currMod: 0.980443
currMod: 0.980442, prevMod: 0.980442
Louvain time: 0.089724
numClusters: 22016, time: 0.004513
Maximum degree for the graph: 512
Iteration: 0, conflicts: 0
Total number of colors used: 184
Total number of conflicts overall: 0
Number of rounds: 1
SUCCESS: No conflicts found
Number of reordered colors: 183
End position for large colors: 0, node count: 21554, largest: 21554
Node count cutoff: 4404
e_xx: 1.65299e+08, a2_x: 1.09984e+10, currMod: 0.980454
e_xx: 1.65417e+08, a2_x: -2.09734e+10, currMod: 0.981155
e_xx: 1.65417e+08, a2_x: -2.55507e+10, currMod: 0.981151
End Structure 25070 21777 vs 71917
currMod: 0.981155, prevMod: 0.980442
numClusters: 21777
Total iteration time: 22.808

Loop 0 <line-37> - Time 0.000839 Total energy consumed 0.047415 Ave. Power Level 56.516603
	-------- Loop 0 (sock 1 consumed 0.047415, avg temp 42.500000, final temp 43 ) ------
	-------- Loop 0 (sock 2 consumed 0.000000, avg temp 35.500000, final temp 36 ) ------
Loop 1 <line-54> - Time 0.000478 Total energy consumed 0.000000 Ave. Power Level 0.000000
	-------- Loop 1 (sock 1 consumed 0.000000, avg temp 43.000000, final temp 43 ) ------
	-------- Loop 1 (sock 2 consumed 0.000000, avg temp 36.500000, final temp 37 ) ------
Loop 2 <line-76> - Time 0.000559 Total energy consumed 0.000000 Ave. Power Level 0.000000
	-------- Loop 2 (sock 1 consumed 0.000000, avg temp 43.000000, final temp 43 ) ------
	-------- Loop 2 (sock 2 consumed 0.000000, avg temp 36.500000, final temp 37 ) ------
Loop 3 <line-170> - Time 0.685307 Total energy consumed 32.197575 Ave. Power Level 46.982700
	-------- Loop 3 (sock 1 consumed 16.130865, avg temp 42.166667, final temp 43 ) ------
	-------- Loop 3 (sock 2 consumed 16.066710, avg temp 36.166667, final temp 37 ) ------
Loop 4 <line-192> - Time 0.000298 Total energy consumed 0.000000 Ave. Power Level 0.000000
	-------- Loop 4 (sock 1 consumed 0.000000, avg temp 42.500000, final temp 43 ) ------
	-------- Loop 4 (sock 2 consumed 0.000000, avg temp 36.500000, final temp 37 ) ------
Loop 5 <line-222> - Time 0.263483 Total energy consumed 12.267135 Ave. Power Level 46.557643
	-------- Loop 5 (sock 1 consumed 6.343860, avg temp 42.500000, final temp 43 ) ------
	-------- Loop 5 (sock 2 consumed 5.923275, avg temp 36.000000, final temp 37 ) ------
Loop 6 <line-116> - Time 0.001936 Total energy consumed 0.000000 Ave. Power Level 0.000000
	-------- Loop 6 (sock 1 consumed 0.000000, avg temp 42.500000, final temp 43 ) ------
	-------- Loop 6 (sock 2 consumed 0.000000, avg temp 35.833333, final temp 36 ) ------
Loop 7 <line-334> - Time 0.589834 Total energy consumed 25.710735 Ave. Power Level 43.589767
	-------- Loop 7 (sock 1 consumed 13.218840, avg temp 42.857143, final temp 44 ) ------
	-------- Loop 7 (sock 2 consumed 12.491895, avg temp 36.142857, final temp 37 ) ------
Loop 8 <line-353> - Time 0.000539 Total energy consumed 0.000000 Ave. Power Level 0.000000
	-------- Loop 8 (sock 1 consumed 0.000000, avg temp 42.857143, final temp 44 ) ------
	-------- Loop 8 (sock 2 consumed 0.000000, avg temp 36.142857, final temp 37 ) ------
Loop 9 <line-375> - Time 0.000888 Total energy consumed 0.102660 Ave. Power Level 115.570105
	-------- Loop 9 (sock 1 consumed 0.070845, avg temp 43.000000, final temp 44 ) ------
	-------- Loop 9 (sock 2 consumed 0.031815, avg temp 36.285714, final temp 37 ) ------
Loop 10 <line-85> - Time 0.176437 Total energy consumed 11.174745 Ave. Power Level 63.335558
	-------- Loop 10 (sock 1 consumed 5.664750, avg temp 42.750000, final temp 44 ) ------
	-------- Loop 10 (sock 2 consumed 5.509995, avg temp 36.250000, final temp 37 ) ------
Loop 11 <line-131> - Time 0.003932 Total energy consumed 0.264015 Ave. Power Level 67.150154
	-------- Loop 11 (sock 1 consumed 0.134415, avg temp 42.500000, final temp 43 ) ------
	-------- Loop 11 (sock 2 consumed 0.129600, avg temp 36.500000, final temp 36 ) ------
Loop 12 <line-167> - Time 0.277895 Total energy consumed 17.685720 Ave. Power Level 63.641692
	-------- Loop 12 (sock 1 consumed 9.018975, avg temp 42.500000, final temp 43 ) ------
	-------- Loop 12 (sock 2 consumed 8.666745, avg temp 36.000000, final temp 36 ) ------
Loop 13 <line-213> - Time 6.491475 Total energy consumed 431.356335 Ave. Power Level 66.449668
	-------- Loop 13 (sock 1 consumed 217.829295, avg temp 43.500000, final temp 43 ) ------
	-------- Loop 13 (sock 2 consumed 213.527040, avg temp 37.000000, final temp 36 ) ------
Loop 14 <line-99> - Time 6.424673 Total energy consumed 288.037470 Ave. Power Level 44.833018
	-------- Loop 14 (sock 1 consumed 141.717900, avg temp 42.666667, final temp 42 ) ------
	-------- Loop 14 (sock 2 consumed 146.319570, avg temp 35.833333, final temp 36 ) ------
Loop 15 <line-160> - Time 0.128612 Total energy consumed 6.367650 Ave. Power Level 49.510709
	-------- Loop 15 (sock 1 consumed 3.288120, avg temp 42.666667, final temp 43 ) ------
	-------- Loop 15 (sock 2 consumed 3.079530, avg temp 36.000000, final temp 36 ) ------
Loop 16 <line-269> - Time 4.256548 Total energy consumed 180.241185 Ave. Power Level 42.344454
	-------- Loop 16 (sock 1 consumed 87.935550, avg temp 42.347826, final temp 43 ) ------
	-------- Loop 16 (sock 2 consumed 92.305635, avg temp 35.956522, final temp 37 ) ------
Loop 17 <line-300> - Time 0.001738 Total energy consumed 0.000000 Ave. Power Level 0.000000
	-------- Loop 17 (sock 1 consumed 0.000000, avg temp 42.333333, final temp 42 ) ------
	-------- Loop 17 (sock 2 consumed 0.000000, avg temp 35.888889, final temp 36 ) ------
Loop 18 <line-148> - Time 0.000380 Total energy consumed 0.000000 Ave. Power Level 0.000000
	-------- Loop 18 (sock 1 consumed 0.000000, avg temp 43.000000, final temp 43 ) ------
	-------- Loop 18 (sock 2 consumed 0.000000, avg temp 36.000000, final temp 36 ) ------
Application(EnergyStat) - Time 39.724126 Total energy consumed 1846.266450 Ave. Power Level 46.477207 Final Temperature socket 1 : 43  socket 2 : 36 
	 ParallelApplication(EnergyStat) - Time 19.305850 Total energy consumed 1005.452640 Ave. Power Level 52.080206
Memory used: 1.32031
Loading 32-bit binary file: pnnl.bin, numvertices: 2361670, numEdges: 191402826
File read time: 2.54896
Before allocating graph
Allocated graph: 0x1134570
Processing edges for vertex: 0, range(0, 166)
Processing edges for vertex: 100000, range(58444108, 58444133)
Processing edges for vertex: 200000, range(84376057, 84376362)
Processing edges for vertex: 300000, range(106069163, 106069503)
Processing edges for vertex: 400000, range(122097114, 122097513)
Processing edges for vertex: 500000, range(135096418, 135096483)
Processing edges for vertex: 600000, range(146097008, 146097061)
Processing edges for vertex: 700000, range(155415410, 155415531)
Processing edges for vertex: 800000, range(162595900, 162595989)
Processing edges for vertex: 900000, range(168508374, 168508464)
Processing edges for vertex: 1000000, range(173203321, 173203442)
Processing edges for vertex: 1100000, range(176935100, 176935110)
Processing edges for vertex: 1200000, range(179876260, 179876270)
Processing edges for vertex: 1300000, range(182240081, 182240092)
Processing edges for vertex: 1400000, range(184224513, 184224521)
Processing edges for vertex: 1500000, range(185795161, 185795170)
Processing edges for vertex: 1600000, range(187104124, 187104130)
Processing edges for vertex: 1700000, range(188148455, 188148461)
Processing edges for vertex: 1800000, range(188997836, 188997842)
Processing edges for vertex: 1900000, range(189691532, 189691535)
Processing edges for vertex: 2000000, range(190254658, 190254660)
Processing edges for vertex: 2100000, range(190705814, 190705822)
Processing edges for vertex: 2200000, range(191052755, 191052764)
Processing edges for vertex: 2300000, range(191302662, 191302663)
Graph populate time: 13.0666
Total I/O time: 15.6156

Regional(EnergyStat) - Time 15.620771 Total energy consumed 632.206740 Ave. Power Level 40.472186 
Running on: 14 threads
Loaded graph from file: pnnl.bin
Memory used: 2949.12
Maximum degree for the graph: 5520
Iteration: 0, conflicts: 15
Iteration: 1, conflicts: 1
Iteration: 2, conflicts: 0
Total number of colors used: 1191
Total number of conflicts overall: 0
Number of rounds: 3
SUCCESS: No conflicts found
Coloring time: 1.1925
Memory used: 2949.12
Number of reordered colors: 1022
End position for large colors: 0, node count: 550934, largest: 550934
Node count cutoff: 472334
e_xx: 1.17838e+08, a2_x: 5.77752e+11, currMod: 0.615637
e_xx: 1.63866e+08, a2_x: 6.24474e+11, currMod: 0.856112
e_xx: 1.70931e+08, a2_x: 5.39104e+11, currMod: 0.893029
e_xx: 1.73873e+08, a2_x: 5.35807e+11, currMod: 0.9084
e_xx: 1.75341e+08, a2_x: 5.0485e+11, currMod: 0.916071
currMod: 0.9084, prevMod: -1
Louvain time: 13.8481
numClusters: 204216, time: 0.160038
Next phase: 2
Memory used: 2949.12
End Structure 1298572 204216 vs 2799511
Build next level time: 5.62678
Iteration time: 19.6405
Memory used: 2949.12
e_xx: 1.5736e+08, a2_x: 5.044e+11, currMod: 0.907403
e_xx: 1.66711e+08, a2_x: 3.71941e+11, currMod: 0.96133
e_xx: 1.68311e+08, a2_x: 2.88594e+11, currMod: 0.970555
e_xx: 1.68686e+08, a2_x: 2.85291e+11, currMod: 0.972721
e_xx: 1.68756e+08, a2_x: 2.92029e+11, currMod: 0.973125
e_xx: 1.6889e+08, a2_x: 2.63414e+11, currMod: 0.973896
e_xx: 1.68851e+08, a2_x: 2.58427e+11, currMod: 0.973672
currMod: 0.973896, prevMod: 0.9084
Louvain time: 2.72437
numClusters: 55167, time: 0.024058
Next phase: 3
Memory used: 2949.12
End Structure 566811 55167 vs 1188774
Build next level time: 0.296331
Iteration time: 3.04605
Memory used: 2949.12
e_xx: 1.6889e+08, a2_x: 2.63677e+11, currMod: 0.973873
e_xx: 1.69787e+08, a2_x: 1.34245e+11, currMod: 0.979052
e_xx: 1.69835e+08, a2_x: 1.34052e+11, currMod: 0.979328
e_xx: 1.69928e+08, a2_x: 1.08888e+11, currMod: 0.979868
e_xx: 1.69859e+08, a2_x: 8.17863e+10, currMod: 0.979471
currMod: 0.979868, prevMod: 0.973896
Louvain time: 1.03343
numClusters: 26024, time: 0.008208
Next phase: 4
Memory used: 2949.12
End Structure 187778 26024 vs 401580
Build next level time: 0.132659
Iteration time: 1.17479
Memory used: 2949.12
e_xx: 1.69928e+08, a2_x: 1.08333e+11, currMod: 0.979854
e_xx: 1.70153e+08, a2_x: 4.5245e+10, currMod: 0.981153
e_xx: 1.70126e+08, a2_x: 4.3096e+10, currMod: 0.980998
currMod: 0.981153, prevMod: 0.979868
Louvain time: 0.275429
numClusters: 22720, time: 0.005173
Next phase: 5
Memory used: 2949.12
End Structure 112456 22720 vs 247632
Build next level time: 0.060127
Iteration time: 0.341196
Memory used: 2949.12
e_xx: 1.70153e+08, a2_x: 4.44586e+10, currMod: 0.981151
e_xx: 1.70164e+08, a2_x: 1.29426e+10, currMod: 0.981216
e_xx: 1.70168e+08, a2_x: -1.63985e+09, currMod: 0.981236
e_xx: 1.70167e+08, a2_x: 1.00562e+10, currMod: 0.981232
currMod: 0.981236, prevMod: 0.981153
Louvain time: 0.236753
numClusters: 22018, time: 0.004691
Next phase: 6
Memory used: 2949.12
End Structure 72128 22018 vs 166274
Build next level time: 0.04194
Iteration time: 0.283686
Memory used: 2949.12
e_xx: 1.70168e+08, a2_x: 8.14937e+08, currMod: 0.981236
e_xx: 1.70168e+08, a2_x: 6.71896e+08, currMod: 0.981239
e_xx: 1.70168e+08, a2_x: 2.19421e+08, currMod: 0.98124
currMod: 0.981239, prevMod: 0.981236
Louvain time: 0.124164
numClusters: 21955, time: 0.004556
Next phase: 7
Memory used: 2949.12
End Structure 67974 21955 vs 157903
Build next level time: 0.034539
Iteration time: 0.163493
Memory used: 2949.12
e_xx: 1.70168e+08, a2_x: 1.37326e+09, currMod: 0.981238
e_xx: 1.70168e+08, a2_x: 3.38228e+09, currMod: 0.981239
currMod: 0.981239, prevMod: 0.981239
Louvain time: 0.075325
numClusters: 21955, time: 0.004537
Maximum degree for the graph: 451
Iteration: 0, conflicts: 0
Total number of colors used: 174
Total number of conflicts overall: 0
Number of rounds: 1
SUCCESS: No conflicts found
Number of reordered colors: 171
End position for large colors: 0, node count: 21543, largest: 21543
Node count cutoff: 4391
e_xx: 1.70312e+08, a2_x: -4.29011e+08, currMod: 0.982068
e_xx: 1.70287e+08, a2_x: 9.9526e+08, currMod: 0.981927
End Structure 20663 21751 vs 63077
currMod: 0.982068, prevMod: 0.981239
numClusters: 21751
Total iteration time: 24.6498

Loop 0 <line-37> - Time 0.000896 Total energy consumed 0.040920 Ave. Power Level 45.655783
	-------- Loop 0 (sock 1 consumed 0.018960, avg temp 42.000000, final temp 42 ) ------
	-------- Loop 0 (sock 2 consumed 0.021960, avg temp 36.500000, final temp 37 ) ------
Loop 1 <line-54> - Time 0.001530 Total energy consumed 0.049710 Ave. Power Level 32.490685
	-------- Loop 1 (sock 1 consumed 0.021570, avg temp 42.000000, final temp 42 ) ------
	-------- Loop 1 (sock 2 consumed 0.028140, avg temp 35.500000, final temp 36 ) ------
Loop 2 <line-76> - Time 0.000548 Total energy consumed 0.000000 Ave. Power Level 0.000000
	-------- Loop 2 (sock 1 consumed 0.000000, avg temp 42.000000, final temp 42 ) ------
	-------- Loop 2 (sock 2 consumed 0.000000, avg temp 35.500000, final temp 36 ) ------
Loop 3 <line-170> - Time 0.784257 Total energy consumed 36.303900 Ave. Power Level 46.290801
	-------- Loop 3 (sock 1 consumed 17.525715, avg temp 42.250000, final temp 43 ) ------
	-------- Loop 3 (sock 2 consumed 18.778185, avg temp 36.250000, final temp 37 ) ------
Loop 4 <line-192> - Time 0.000266 Total energy consumed 0.000000 Ave. Power Level 0.000000
	-------- Loop 4 (sock 1 consumed 0.000000, avg temp 42.500000, final temp 43 ) ------
	-------- Loop 4 (sock 2 consumed 0.000000, avg temp 36.500000, final temp 37 ) ------
Loop 5 <line-222> - Time 0.262798 Total energy consumed 12.492255 Ave. Power Level 47.535525
	-------- Loop 5 (sock 1 consumed 6.107430, avg temp 41.500000, final temp 42 ) ------
	-------- Loop 5 (sock 2 consumed 6.384825, avg temp 36.500000, final temp 37 ) ------
Loop 6 <line-116> - Time 0.002139 Total energy consumed 0.000000 Ave. Power Level 0.000000
	-------- Loop 6 (sock 1 consumed 0.000000, avg temp 42.000000, final temp 42 ) ------
	-------- Loop 6 (sock 2 consumed 0.000000, avg temp 36.142857, final temp 37 ) ------
Loop 7 <line-334> - Time 0.591431 Total energy consumed 25.187925 Ave. Power Level 42.588127
	-------- Loop 7 (sock 1 consumed 11.690280, avg temp 42.000000, final temp 42 ) ------
	-------- Loop 7 (sock 2 consumed 13.497645, avg temp 36.375000, final temp 37 ) ------
Loop 8 <line-353> - Time 0.000521 Total energy consumed 0.021570 Ave. Power Level 41.403297
	-------- Loop 8 (sock 1 consumed 0.000000, avg temp 42.000000, final temp 42 ) ------
	-------- Loop 8 (sock 2 consumed 0.021570, avg temp 36.375000, final temp 37 ) ------
Loop 9 <line-375> - Time 0.000875 Total energy consumed 0.000000 Ave. Power Level 0.000000
	-------- Loop 9 (sock 1 consumed 0.000000, avg temp 42.000000, final temp 42 ) ------
	-------- Loop 9 (sock 2 consumed 0.000000, avg temp 36.375000, final temp 37 ) ------
Loop 10 <line-85> - Time 0.178564 Total energy consumed 11.211510 Ave. Power Level 62.786975
	-------- Loop 10 (sock 1 consumed 5.682765, avg temp 41.500000, final temp 42 ) ------
	-------- Loop 10 (sock 2 consumed 5.528745, avg temp 36.500000, final temp 37 ) ------
Loop 11 <line-131> - Time 0.003934 Total energy consumed 0.329655 Ave. Power Level 83.804464
	-------- Loop 11 (sock 1 consumed 0.166425, avg temp 41.500000, final temp 42 ) ------
	-------- Loop 11 (sock 2 consumed 0.163230, avg temp 36.500000, final temp 37 ) ------
Loop 12 <line-167> - Time 0.272440 Total energy consumed 17.340705 Ave. Power Level 63.649550
	-------- Loop 12 (sock 1 consumed 8.794620, avg temp 42.000000, final temp 42 ) ------
	-------- Loop 12 (sock 2 consumed 8.546085, avg temp 37.000000, final temp 38 ) ------
Loop 13 <line-213> - Time 8.909767 Total energy consumed 547.518180 Ave. Power Level 61.451459
	-------- Loop 13 (sock 1 consumed 276.338385, avg temp 43.000000, final temp 42 ) ------
	-------- Loop 13 (sock 2 consumed 271.179795, avg temp 36.571429, final temp 38 ) ------
Loop 14 <line-99> - Time 5.695585 Total energy consumed 254.413605 Ave. Power Level 44.668564
	-------- Loop 14 (sock 1 consumed 124.939905, avg temp 42.285714, final temp 42 ) ------
	-------- Loop 14 (sock 2 consumed 129.473700, avg temp 37.000000, final temp 37 ) ------
Loop 15 <line-160> - Time 0.152978 Total energy consumed 7.389690 Ave. Power Level 48.305487
	-------- Loop 15 (sock 1 consumed 3.627090, avg temp 42.142857, final temp 41 ) ------
	-------- Loop 15 (sock 2 consumed 3.762600, avg temp 36.571429, final temp 37 ) ------
Loop 16 <line-269> - Time 4.439783 Total energy consumed 187.772370 Ave. Power Level 42.293137
	-------- Loop 16 (sock 1 consumed 91.567200, avg temp 42.250000, final temp 42 ) ------
	-------- Loop 16 (sock 2 consumed 96.205170, avg temp 36.708333, final temp 37 ) ------
Loop 17 <line-300> - Time 0.001733 Total energy consumed 0.000000 Ave. Power Level 0.000000
	-------- Loop 17 (sock 1 consumed 0.000000, avg temp 42.166667, final temp 41 ) ------
	-------- Loop 17 (sock 2 consumed 0.000000, avg temp 36.722222, final temp 37 ) ------
Loop 18 <line-148> - Time 0.000428 Total energy consumed 0.049185 Ave. Power Level 115.005553
	-------- Loop 18 (sock 1 consumed 0.021975, avg temp 42.000000, final temp 42 ) ------
	-------- Loop 18 (sock 2 consumed 0.027210, avg temp 37.000000, final temp 37 ) ------
Application(EnergyStat) - Time 41.593024 Total energy consumed 1936.937445 Ave. Power Level 46.568806 Final Temperature socket 1 : 42  socket 2 : 37 
	 ParallelApplication(EnergyStat) - Time 21.300474 Total energy consumed 1100.121180 Ave. Power Level 51.647731
Memory used: 1.32031
Loading 32-bit binary file: pnnl.bin, numvertices: 2361670, numEdges: 191402826
File read time: 2.5231
Before allocating graph
Allocated graph: 0x1169570
Processing edges for vertex: 0, range(0, 166)
Processing edges for vertex: 100000, range(58444108, 58444133)
Processing edges for vertex: 200000, range(84376057, 84376362)
Processing edges for vertex: 300000, range(106069163, 106069503)
Processing edges for vertex: 400000, range(122097114, 122097513)
Processing edges for vertex: 500000, range(135096418, 135096483)
Processing edges for vertex: 600000, range(146097008, 146097061)
Processing edges for vertex: 700000, range(155415410, 155415531)
Processing edges for vertex: 800000, range(162595900, 162595989)
Processing edges for vertex: 900000, range(168508374, 168508464)
Processing edges for vertex: 1000000, range(173203321, 173203442)
Processing edges for vertex: 1100000, range(176935100, 176935110)
Processing edges for vertex: 1200000, range(179876260, 179876270)
Processing edges for vertex: 1300000, range(182240081, 182240092)
Processing edges for vertex: 1400000, range(184224513, 184224521)
Processing edges for vertex: 1500000, range(185795161, 185795170)
Processing edges for vertex: 1600000, range(187104124, 187104130)
Processing edges for vertex: 1700000, range(188148455, 188148461)
Processing edges for vertex: 1800000, range(188997836, 188997842)
Processing edges for vertex: 1900000, range(189691532, 189691535)
Processing edges for vertex: 2000000, range(190254658, 190254660)
Processing edges for vertex: 2100000, range(190705814, 190705822)
Processing edges for vertex: 2200000, range(191052755, 191052764)
Processing edges for vertex: 2300000, range(191302662, 191302663)
Graph populate time: 13.071
Total I/O time: 15.5942

Regional(EnergyStat) - Time 15.599793 Total energy consumed 631.974090 Ave. Power Level 40.511698 
Running on: 14 threads
Loaded graph from file: pnnl.bin
Memory used: 2949.12
Maximum degree for the graph: 5520
Iteration: 0, conflicts: 47
Iteration: 1, conflicts: 7
Iteration: 2, conflicts: 4
Iteration: 3, conflicts: 3
Iteration: 4, conflicts: 2
Iteration: 5, conflicts: 1
Iteration: 6, conflicts: 0
Total number of colors used: 1192
Total number of conflicts overall: 0
Number of rounds: 7
SUCCESS: No conflicts found
Coloring time: 1.10374
Memory used: 2949.12
Number of reordered colors: 1001
End position for large colors: 0, node count: 550790, largest: 550790
Node count cutoff: 472334
e_xx: 1.09973e+08, a2_x: 6.25128e+11, currMod: 0.574545
e_xx: 1.54305e+08, a2_x: 6.16983e+11, currMod: 0.806161
e_xx: 1.61987e+08, a2_x: 6.07001e+11, currMod: 0.846299
e_xx: 1.64863e+08, a2_x: 5.38456e+11, currMod: 0.861326
e_xx: 1.66131e+08, a2_x: 5.21037e+11, currMod: 0.867953
currMod: 0.861326, prevMod: -1
Louvain time: 11.5823
numClusters: 204509, time: 0.160174
Next phase: 2
Memory used: 2949.12
End Structure 1312766 204509 vs 2828258
Build next level time: 4.95547
Iteration time: 16.7032
Memory used: 2949.12
e_xx: 1.66131e+08, a2_x: 5.21037e+11, currMod: 0.867953
e_xx: 1.79875e+08, a2_x: 3.59037e+11, currMod: 0.939762
e_xx: 1.82551e+08, a2_x: 3.0523e+11, currMod: 0.953744
e_xx: 1.82835e+08, a2_x: 3.05566e+11, currMod: 0.955229
e_xx: 1.82939e+08, a2_x: 3.06621e+11, currMod: 0.955772
e_xx: 1.83021e+08, a2_x: 2.93372e+11, currMod: 0.956199
e_xx: 1.83022e+08, a2_x: 2.9601e+11, currMod: 0.956205
e_xx: 1.83083e+08, a2_x: 2.88879e+11, currMod: 0.956523
e_xx: 1.8307e+08, a2_x: 2.94821e+11, currMod: 0.956458
currMod: 0.956523, prevMod: 0.861326
Louvain time: 3.41322
numClusters: 54481, time: 0.024201
Next phase: 3
Memory used: 2949.12
End Structure 568413 54481 vs 1191290
Build next level time: 0.286868
Iteration time: 3.72524
Memory used: 2949.12
e_xx: 1.83083e+08, a2_x: 2.90792e+11, currMod: 0.956534
e_xx: 1.83965e+08, a2_x: 7.16029e+10, currMod: 0.961153
e_xx: 1.84145e+08, a2_x: 1.26094e+11, currMod: 0.962089
e_xx: 1.84196e+08, a2_x: 2.89312e+10, currMod: 0.962357
e_xx: 1.84195e+08, a2_x: 1.01065e+11, currMod: 0.96235
currMod: 0.962357, prevMod: 0.956523
Louvain time: 0.956679
numClusters: 26096, time: 0.008318
Next phase: 4
Memory used: 2949.12
End Structure 190429 26096 vs 406954
Build next level time: 0.111803
Iteration time: 1.07732
Memory used: 2949.12
e_xx: 1.84196e+08, a2_x: 2.95536e+10, currMod: 0.962348
e_xx: 1.84399e+08, a2_x: -8.98032e+09, currMod: 0.963409
e_xx: 1.84436e+08, a2_x: -7.74261e+09, currMod: 0.963602
e_xx: 1.84436e+08, a2_x: -2.91713e+10, currMod: 0.963607
e_xx: 1.84437e+08, a2_x: -2.24287e+10, currMod: 0.963609
e_xx: 1.84437e+08, a2_x: -1.89043e+10, currMod: 0.963607
currMod: 0.963609, prevMod: 0.962357
Louvain time: 0.493285
numClusters: 22120, time: 0.005192
Next phase: 5
Memory used: 2949.12
End Structure 84436 22120 vs 190992
Build next level time: 0.04725
Iteration time: 0.546193
Memory used: 2949.12
e_xx: 1.84437e+08, a2_x: -2.14114e+10, currMod: 0.963607
e_xx: 1.84443e+08, a2_x: -1.32809e+10, currMod: 0.96364
e_xx: 1.84443e+08, a2_x: -1.4532e+10, currMod: 0.96364
currMod: 0.96364, prevMod: 0.963609
Louvain time: 0.133222
numClusters: 21961, time: 0.004575
Next phase: 6
Memory used: 2949.12
End Structure 72021 21961 vs 166003
Build next level time: 0.038504
Iteration time: 0.176564
Memory used: 2949.12
e_xx: 1.84443e+08, a2_x: -1.32809e+10, currMod: 0.96364
e_xx: 1.84444e+08, a2_x: -1.02802e+10, currMod: 0.963641
e_xx: 1.84444e+08, a2_x: -8.6691e+09, currMod: 0.963641
currMod: 0.963641, prevMod: 0.96364
Louvain time: 0.114414
numClusters: 21931, time: 0.004531
Next phase: 7
Memory used: 2949.12
End Structure 70254 21931 vs 162439
Build next level time: 0.035467
Iteration time: 0.154642
Memory used: 2949.12
e_xx: 1.84444e+08, a2_x: -9.85586e+09, currMod: 0.963641
e_xx: 1.84444e+08, a2_x: -8.35468e+09, currMod: 0.963641
currMod: 0.963641, prevMod: 0.963641
Louvain time: 0.074257
numClusters: 21931, time: 0.004525
Maximum degree for the graph: 434
Iteration: 0, conflicts: 0
Total number of colors used: 187
Total number of conflicts overall: 0
Number of rounds: 1
SUCCESS: No conflicts found
Number of reordered colors: 185
End position for large colors: 0, node count: 21523, largest: 21523
Node count cutoff: 4387
e_xx: 1.84444e+08, a2_x: -8.35468e+09, currMod: 0.963641
End Structure 69813 21927 vs 161553
currMod: 0.963641, prevMod: 0.963641
numClusters: 21927
Total iteration time: 22.3831

Loop 0 <line-37> - Time 0.000846 Total energy consumed 0.062385 Ave. Power Level 73.723793
	-------- Loop 0 (sock 1 consumed 0.018480, avg temp 42.500000, final temp 43 ) ------
	-------- Loop 0 (sock 2 consumed 0.043905, avg temp 36.500000, final temp 37 ) ------
Loop 1 <line-54> - Time 0.000488 Total energy consumed 0.000000 Ave. Power Level 0.000000
	-------- Loop 1 (sock 1 consumed 0.000000, avg temp 42.000000, final temp 42 ) ------
	-------- Loop 1 (sock 2 consumed 0.000000, avg temp 36.000000, final temp 36 ) ------
Loop 2 <line-76> - Time 0.000563 Total energy consumed 0.000000 Ave. Power Level 0.000000
	-------- Loop 2 (sock 1 consumed 0.000000, avg temp 42.000000, final temp 42 ) ------
	-------- Loop 2 (sock 2 consumed 0.000000, avg temp 36.000000, final temp 36 ) ------
Loop 3 <line-170> - Time 0.688424 Total energy consumed 32.051130 Ave. Power Level 46.557229
	-------- Loop 3 (sock 1 consumed 15.000075, avg temp 42.000000, final temp 42 ) ------
	-------- Loop 3 (sock 2 consumed 17.051055, avg temp 36.000000, final temp 36 ) ------
Loop 4 <line-192> - Time 0.000261 Total energy consumed 0.000000 Ave. Power Level 0.000000
	-------- Loop 4 (sock 1 consumed 0.000000, avg temp 42.000000, final temp 42 ) ------
	-------- Loop 4 (sock 2 consumed 0.000000, avg temp 36.000000, final temp 36 ) ------
Loop 5 <line-222> - Time 0.270524 Total energy consumed 12.451935 Ave. Power Level 46.029013
	-------- Loop 5 (sock 1 consumed 6.259740, avg temp 42.000000, final temp 42 ) ------
	-------- Loop 5 (sock 2 consumed 6.192195, avg temp 36.500000, final temp 36 ) ------
Loop 6 <line-116> - Time 0.002180 Total energy consumed 0.080955 Ave. Power Level 37.137945
	-------- Loop 6 (sock 1 consumed 0.036630, avg temp 41.571429, final temp 41 ) ------
	-------- Loop 6 (sock 2 consumed 0.044325, avg temp 36.285714, final temp 37 ) ------
Loop 7 <line-334> - Time 0.592062 Total energy consumed 25.760940 Ave. Power Level 43.510553
	-------- Loop 7 (sock 1 consumed 11.957130, avg temp 41.875000, final temp 42 ) ------
	-------- Loop 7 (sock 2 consumed 13.803810, avg temp 36.125000, final temp 36 ) ------
Loop 8 <line-353> - Time 0.000509 Total energy consumed 0.000000 Ave. Power Level 0.000000
	-------- Loop 8 (sock 1 consumed 0.000000, avg temp 41.875000, final temp 42 ) ------
	-------- Loop 8 (sock 2 consumed 0.000000, avg temp 36.125000, final temp 36 ) ------
Loop 9 <line-375> - Time 0.000837 Total energy consumed 0.067380 Ave. Power Level 80.533159
	-------- Loop 9 (sock 1 consumed 0.032865, avg temp 41.875000, final temp 42 ) ------
	-------- Loop 9 (sock 2 consumed 0.034515, avg temp 36.125000, final temp 36 ) ------
Loop 10 <line-85> - Time 0.178187 Total energy consumed 11.258460 Ave. Power Level 63.183366
	-------- Loop 10 (sock 1 consumed 5.709285, avg temp 42.000000, final temp 42 ) ------
	-------- Loop 10 (sock 2 consumed 5.549175, avg temp 36.000000, final temp 36 ) ------
Loop 11 <line-131> - Time 0.004047 Total energy consumed 0.331875 Ave. Power Level 82.000529
	-------- Loop 11 (sock 1 consumed 0.168360, avg temp 42.000000, final temp 42 ) ------
	-------- Loop 11 (sock 2 consumed 0.163515, avg temp 36.500000, final temp 36 ) ------
Loop 12 <line-167> - Time 0.266965 Total energy consumed 17.094435 Ave. Power Level 64.032389
	-------- Loop 12 (sock 1 consumed 8.635725, avg temp 42.500000, final temp 42 ) ------
	-------- Loop 12 (sock 2 consumed 8.458710, avg temp 37.000000, final temp 37 ) ------
Loop 13 <line-213> - Time 6.726095 Total energy consumed 447.093510 Ave. Power Level 66.471483
	-------- Loop 13 (sock 1 consumed 227.310420, avg temp 43.000000, final temp 43 ) ------
	-------- Loop 13 (sock 2 consumed 219.783090, avg temp 37.666667, final temp 36 ) ------
Loop 14 <line-99> - Time 5.001772 Total energy consumed 227.764995 Ave. Power Level 45.536865
	-------- Loop 14 (sock 1 consumed 111.020085, avg temp 42.142857, final temp 42 ) ------
	-------- Loop 14 (sock 2 consumed 116.744910, avg temp 36.142857, final temp 36 ) ------
Loop 15 <line-160> - Time 0.138358 Total energy consumed 6.936990 Ave. Power Level 50.137955
	-------- Loop 15 (sock 1 consumed 3.572640, avg temp 42.000000, final temp 42 ) ------
	-------- Loop 15 (sock 2 consumed 3.364350, avg temp 36.428571, final temp 37 ) ------
Loop 16 <line-269> - Time 5.154212 Total energy consumed 217.197975 Ave. Power Level 42.139901
	-------- Loop 16 (sock 1 consumed 109.365885, avg temp 42.071429, final temp 42 ) ------
	-------- Loop 16 (sock 2 consumed 107.832090, avg temp 36.178571, final temp 36 ) ------
Loop 17 <line-300> - Time 0.002312 Total energy consumed 0.057420 Ave. Power Level 24.832880
	-------- Loop 17 (sock 1 consumed 0.020070, avg temp 42.181818, final temp 42 ) ------
	-------- Loop 17 (sock 2 consumed 0.037350, avg temp 36.090909, final temp 37 ) ------
Loop 18 <line-148> - Time 0.000436 Total energy consumed 0.000000 Ave. Power Level 0.000000
	-------- Loop 18 (sock 1 consumed 0.000000, avg temp 43.000000, final temp 43 ) ------
	-------- Loop 18 (sock 2 consumed 0.000000, avg temp 37.000000, final temp 37 ) ------
Application(EnergyStat) - Time 39.223964 Total energy consumed 1832.146605 Ave. Power Level 46.709879 Final Temperature socket 1 : 43  socket 2 : 36 
	 ParallelApplication(EnergyStat) - Time 19.029077 Total energy consumed 998.210385 Ave. Power Level 52.457109
