Memory used: 1.32031
Loading 32-bit binary file: pnnl.bin, numvertices: 2361670, numEdges: 191402826
File read time: 2.18392
Before allocating graph
Allocated graph: 0x173a570
Processing edges for vertex: 0, range(0, 166)
Processing edges for vertex: 100000, range(58444108, 58444133)
Processing edges for vertex: 200000, range(84376057, 84376362)
Processing edges for vertex: 300000, range(106069163, 106069503)
Processing edges for vertex: 400000, range(122097114, 122097513)
Processing edges for vertex: 500000, range(135096418, 135096483)
Processing edges for vertex: 600000, range(146097008, 146097061)
Processing edges for vertex: 700000, range(155415410, 155415531)
Processing edges for vertex: 800000, range(162595900, 162595989)
Processing edges for vertex: 900000, range(168508374, 168508464)
Processing edges for vertex: 1000000, range(173203321, 173203442)
Processing edges for vertex: 1100000, range(176935100, 176935110)
Processing edges for vertex: 1200000, range(179876260, 179876270)
Processing edges for vertex: 1300000, range(182240081, 182240092)
Processing edges for vertex: 1400000, range(184224513, 184224521)
Processing edges for vertex: 1500000, range(185795161, 185795170)
Processing edges for vertex: 1600000, range(187104124, 187104130)
Processing edges for vertex: 1700000, range(188148455, 188148461)
Processing edges for vertex: 1800000, range(188997836, 188997842)
Processing edges for vertex: 1900000, range(189691532, 189691535)
Processing edges for vertex: 2000000, range(190254658, 190254660)
Processing edges for vertex: 2100000, range(190705814, 190705822)
Processing edges for vertex: 2200000, range(191052755, 191052764)
Processing edges for vertex: 2300000, range(191302662, 191302663)
Graph populate time: 10.8349
Total I/O time: 13.0189

Regional(EnergyStat) - Time 13.023108 Total energy consumed 570.977715 Ave. Power Level 43.843428 
Running on: 14 threads
Loaded graph from file: pnnl.bin
Memory used: 2949.12
Maximum degree for the graph: 5520
Iteration: 0, conflicts: 32
Iteration: 1, conflicts: 5
Iteration: 2, conflicts: 1
Iteration: 3, conflicts: 0
Total number of colors used: 1188
Total number of conflicts overall: 0
Number of rounds: 4
SUCCESS: No conflicts found
Coloring time: 0.909493
Memory used: 2949.12
Number of reordered colors: 1009
End position for large colors: 0, node count: 550625, largest: 550625
Node count cutoff: 472334
e_xx: 1.10758e+08, a2_x: 6.54425e+11, currMod: 0.578646
e_xx: 1.54667e+08, a2_x: 5.98259e+11, currMod: 0.808052
e_xx: 1.61968e+08, a2_x: 5.15625e+11, currMod: 0.846199
e_xx: 1.64859e+08, a2_x: 5.26264e+11, currMod: 0.861305
e_xx: 1.66528e+08, a2_x: 5.65673e+11, currMod: 0.870022
currMod: 0.861305, prevMod: -1
Louvain time: 9.56492
numClusters: 202744, time: 0.150993
Next phase: 2
Memory used: 2949.12
End Structure 1263650 202744 vs 2728258
Build next level time: 4.18003
Iteration time: 13.9008
Memory used: 2949.12
e_xx: 1.66528e+08, a2_x: 5.65231e+11, currMod: 0.870035
e_xx: 1.79442e+08, a2_x: 3.41318e+11, currMod: 0.937515
e_xx: 1.82203e+08, a2_x: 3.21055e+11, currMod: 0.951942
e_xx: 1.83088e+08, a2_x: 3.02089e+11, currMod: 0.956566
e_xx: 1.83117e+08, a2_x: 2.86947e+11, currMod: 0.956719
e_xx: 1.83233e+08, a2_x: 2.67969e+11, currMod: 0.957322
e_xx: 1.83193e+08, a2_x: 2.61909e+11, currMod: 0.957116
currMod: 0.957322, prevMod: 0.861305
Louvain time: 2.06787
numClusters: 52034, time: 0.020455
Next phase: 3
Memory used: 2949.12
End Structure 494923 52034 vs 1041873
Build next level time: 0.258708
Iteration time: 2.34779
Memory used: 2949.12
e_xx: 1.83233e+08, a2_x: 2.66518e+11, currMod: 0.957318
e_xx: 1.84168e+08, a2_x: 8.68256e+10, currMod: 0.962211
e_xx: 1.84233e+08, a2_x: 5.18329e+10, currMod: 0.96255
e_xx: 1.84346e+08, a2_x: 3.87697e+10, currMod: 0.96314
e_xx: 1.84266e+08, a2_x: 5.99896e+10, currMod: 0.96272
currMod: 0.96314, prevMod: 0.957322
Louvain time: 0.713489
numClusters: 25380, time: 0.006655
Next phase: 4
Memory used: 2949.12
End Structure 170343 25380 vs 366065
Build next level time: 0.097386
Iteration time: 0.818023
Memory used: 2949.12
e_xx: 1.84346e+08, a2_x: 3.71084e+10, currMod: 0.963131
e_xx: 1.84581e+08, a2_x: -2.85843e+10, currMod: 0.96436
e_xx: 1.84563e+08, a2_x: -3.3485e+10, currMod: 0.964266
currMod: 0.96436, prevMod: 0.96314
Louvain time: 0.207082
numClusters: 22580, time: 0.004241
Next phase: 5
Memory used: 2949.12
End Structure 104934 22580 vs 232448
Build next level time: 0.043497
Iteration time: 0.255247
Memory used: 2949.12
e_xx: 1.84581e+08, a2_x: -2.50532e+10, currMod: 0.964359
e_xx: 1.84598e+08, a2_x: 3.96827e+09, currMod: 0.964446
e_xx: 1.846e+08, a2_x: 2.27451e+10, currMod: 0.964456
e_xx: 1.84601e+08, a2_x: 1.51116e+10, currMod: 0.964461
e_xx: 1.84602e+08, a2_x: 1.79966e+10, currMod: 0.964468
e_xx: 1.84606e+08, a2_x: 1.13634e+10, currMod: 0.964492
e_xx: 1.84606e+08, a2_x: 9.05042e+09, currMod: 0.964491
currMod: 0.964492, prevMod: 0.96436
Louvain time: 0.318835
numClusters: 21952, time: 0.003877
Next phase: 6
Memory used: 2949.12
End Structure 62087 21952 vs 146126
Build next level time: 0.031045
Iteration time: 0.354038
Memory used: 2949.12
e_xx: 1.84606e+08, a2_x: 7.91161e+09, currMod: 0.964492
e_xx: 1.84607e+08, a2_x: 1.22864e+10, currMod: 0.964494
e_xx: 1.84607e+08, a2_x: 1.11562e+10, currMod: 0.964494
currMod: 0.964494, prevMod: 0.964492
Louvain time: 0.083891
numClusters: 21916, time: 0.003771
Next phase: 7
Memory used: 2949.12
End Structure 59473 21916 vs 140862
Build next level time: 0.023664
Iteration time: 0.111531
Memory used: 2949.12
e_xx: 1.84607e+08, a2_x: 1.31296e+10, currMod: 0.964494
e_xx: 1.84607e+08, a2_x: 1.37949e+10, currMod: 0.964494
currMod: 0.964494, prevMod: 0.964494
Louvain time: 0.054033
numClusters: 21916, time: 0.00376
Maximum degree for the graph: 423
Iteration: 0, conflicts: 0
Total number of colors used: 156
Total number of conflicts overall: 0
Number of rounds: 1
SUCCESS: No conflicts found
Number of reordered colors: 154
End position for large colors: 0, node count: 21530, largest: 21530
Node count cutoff: 4384
e_xx: 1.84607e+08, a2_x: 1.21774e+10, currMod: 0.964494
End Structure 58832 21911 vs 139575
currMod: 0.964494, prevMod: 0.964494
numClusters: 21911
Total iteration time: 17.7874

Loop 0 <line-37> - Time 0.000900 Total energy consumed 0.068475 Ave. Power Level 76.110226
	-------- Loop 0 (sock 1 consumed 0.048330, avg temp 45.000000, final temp 45 ) ------
	-------- Loop 0 (sock 2 consumed 0.020145, avg temp 37.000000, final temp 37 ) ------
Loop 1 <line-54> - Time 0.000488 Total energy consumed 0.000000 Ave. Power Level 0.000000
	-------- Loop 1 (sock 1 consumed 0.000000, avg temp 45.000000, final temp 45 ) ------
	-------- Loop 1 (sock 2 consumed 0.000000, avg temp 37.000000, final temp 37 ) ------
Loop 2 <line-76> - Time 0.000493 Total energy consumed 0.000000 Ave. Power Level 0.000000
	-------- Loop 2 (sock 1 consumed 0.000000, avg temp 45.000000, final temp 45 ) ------
	-------- Loop 2 (sock 2 consumed 0.000000, avg temp 37.000000, final temp 37 ) ------
Loop 3 <line-170> - Time 0.553592 Total energy consumed 29.634900 Ave. Power Level 53.532006
	-------- Loop 3 (sock 1 consumed 15.493665, avg temp 44.200000, final temp 45 ) ------
	-------- Loop 3 (sock 2 consumed 14.141235, avg temp 37.000000, final temp 37 ) ------
Loop 4 <line-192> - Time 0.000277 Total energy consumed 0.000000 Ave. Power Level 0.000000
	-------- Loop 4 (sock 1 consumed 0.000000, avg temp 44.500000, final temp 45 ) ------
	-------- Loop 4 (sock 2 consumed 0.000000, avg temp 37.000000, final temp 37 ) ------
Loop 5 <line-222> - Time 0.233268 Total energy consumed 12.175350 Ave. Power Level 52.194592
	-------- Loop 5 (sock 1 consumed 5.688120, avg temp 44.500000, final temp 45 ) ------
	-------- Loop 5 (sock 2 consumed 6.487230, avg temp 37.000000, final temp 37 ) ------
Loop 6 <line-116> - Time 0.002148 Total energy consumed 0.133695 Ave. Power Level 62.238781
	-------- Loop 6 (sock 1 consumed 0.073890, avg temp 44.428571, final temp 45 ) ------
	-------- Loop 6 (sock 2 consumed 0.059805, avg temp 37.000000, final temp 37 ) ------
Loop 7 <line-334> - Time 0.484367 Total energy consumed 23.536425 Ave. Power Level 48.592135
	-------- Loop 7 (sock 1 consumed 12.663150, avg temp 45.000000, final temp 45 ) ------
	-------- Loop 7 (sock 2 consumed 10.873275, avg temp 37.125000, final temp 37 ) ------
Loop 8 <line-353> - Time 0.000483 Total energy consumed 0.000000 Ave. Power Level 0.000000
	-------- Loop 8 (sock 1 consumed 0.000000, avg temp 45.000000, final temp 45 ) ------
	-------- Loop 8 (sock 2 consumed 0.000000, avg temp 37.125000, final temp 37 ) ------
Loop 9 <line-375> - Time 0.000821 Total energy consumed 0.081765 Ave. Power Level 99.612587
	-------- Loop 9 (sock 1 consumed 0.044205, avg temp 44.875000, final temp 45 ) ------
	-------- Loop 9 (sock 2 consumed 0.037560, avg temp 37.125000, final temp 37 ) ------
Loop 10 <line-85> - Time 0.150139 Total energy consumed 11.356320 Ave. Power Level 75.638498
	-------- Loop 10 (sock 1 consumed 5.773140, avg temp 44.750000, final temp 45 ) ------
	-------- Loop 10 (sock 2 consumed 5.583180, avg temp 38.250000, final temp 38 ) ------
Loop 11 <line-131> - Time 0.003317 Total energy consumed 0.274680 Ave. Power Level 82.799084
	-------- Loop 11 (sock 1 consumed 0.119655, avg temp 44.500000, final temp 45 ) ------
	-------- Loop 11 (sock 2 consumed 0.155025, avg temp 38.000000, final temp 37 ) ------
Loop 12 <line-167> - Time 0.242452 Total energy consumed 18.474375 Ave. Power Level 76.198061
	-------- Loop 12 (sock 1 consumed 9.331380, avg temp 44.500000, final temp 45 ) ------
	-------- Loop 12 (sock 2 consumed 9.142995, avg temp 37.500000, final temp 37 ) ------
Loop 13 <line-213> - Time 5.514793 Total energy consumed 435.281835 Ave. Power Level 78.929864
	-------- Loop 13 (sock 1 consumed 222.406305, avg temp 45.166667, final temp 46 ) ------
	-------- Loop 13 (sock 2 consumed 212.875530, avg temp 39.666667, final temp 38 ) ------
Loop 14 <line-99> - Time 4.234183 Total energy consumed 216.034440 Ave. Power Level 51.021513
	-------- Loop 14 (sock 1 consumed 113.395815, avg temp 44.714286, final temp 46 ) ------
	-------- Loop 14 (sock 2 consumed 102.638625, avg temp 37.428571, final temp 38 ) ------
Loop 15 <line-160> - Time 0.116821 Total energy consumed 6.531195 Ave. Power Level 55.907720
	-------- Loop 15 (sock 1 consumed 3.439485, avg temp 44.857143, final temp 45 ) ------
	-------- Loop 15 (sock 2 consumed 3.091710, avg temp 37.142857, final temp 37 ) ------
Loop 16 <line-269> - Time 3.420768 Total energy consumed 158.834115 Ave. Power Level 46.432295
	-------- Loop 16 (sock 1 consumed 80.405715, avg temp 44.444444, final temp 44 ) ------
	-------- Loop 16 (sock 2 consumed 78.428400, avg temp 37.296296, final temp 37 ) ------
Loop 17 <line-300> - Time 0.001554 Total energy consumed 0.024075 Ave. Power Level 15.492836
	-------- Loop 17 (sock 1 consumed 0.000000, avg temp 44.380952, final temp 44 ) ------
	-------- Loop 17 (sock 2 consumed 0.024075, avg temp 37.333333, final temp 38 ) ------
Loop 18 <line-148> - Time 0.000395 Total energy consumed 0.000000 Ave. Power Level 0.000000
	-------- Loop 18 (sock 1 consumed 0.000000, avg temp 45.000000, final temp 45 ) ------
	-------- Loop 18 (sock 2 consumed 0.000000, avg temp 37.000000, final temp 37 ) ------
Application(EnergyStat) - Time 31.825745 Total energy consumed 1670.072370 Ave. Power Level 52.475516 Final Temperature socket 1 : 45  socket 2 : 37 
	 ParallelApplication(EnergyStat) - Time 14.961260 Total energy consumed 912.441645 Ave. Power Level 60.986953
Memory used: 1.32031
Loading 32-bit binary file: pnnl.bin, numvertices: 2361670, numEdges: 191402826
File read time: 2.17825
Before allocating graph
Allocated graph: 0xea6570
Processing edges for vertex: 0, range(0, 166)
Processing edges for vertex: 100000, range(58444108, 58444133)
Processing edges for vertex: 200000, range(84376057, 84376362)
Processing edges for vertex: 300000, range(106069163, 106069503)
Processing edges for vertex: 400000, range(122097114, 122097513)
Processing edges for vertex: 500000, range(135096418, 135096483)
Processing edges for vertex: 600000, range(146097008, 146097061)
Processing edges for vertex: 700000, range(155415410, 155415531)
Processing edges for vertex: 800000, range(162595900, 162595989)
Processing edges for vertex: 900000, range(168508374, 168508464)
Processing edges for vertex: 1000000, range(173203321, 173203442)
Processing edges for vertex: 1100000, range(176935100, 176935110)
Processing edges for vertex: 1200000, range(179876260, 179876270)
Processing edges for vertex: 1300000, range(182240081, 182240092)
Processing edges for vertex: 1400000, range(184224513, 184224521)
Processing edges for vertex: 1500000, range(185795161, 185795170)
Processing edges for vertex: 1600000, range(187104124, 187104130)
Processing edges for vertex: 1700000, range(188148455, 188148461)
Processing edges for vertex: 1800000, range(188997836, 188997842)
Processing edges for vertex: 1900000, range(189691532, 189691535)
Processing edges for vertex: 2000000, range(190254658, 190254660)
Processing edges for vertex: 2100000, range(190705814, 190705822)
Processing edges for vertex: 2200000, range(191052755, 191052764)
Processing edges for vertex: 2300000, range(191302662, 191302663)
Graph populate time: 11.0416
Total I/O time: 13.2199

Regional(EnergyStat) - Time 13.224348 Total energy consumed 578.317815 Ave. Power Level 43.731290 
Running on: 14 threads
Loaded graph from file: pnnl.bin
Memory used: 2949.12
Maximum degree for the graph: 5520
Iteration: 0, conflicts: 36
Iteration: 1, conflicts: 7
Iteration: 2, conflicts: 3
Iteration: 3, conflicts: 1
Iteration: 4, conflicts: 0
Total number of colors used: 1192
Total number of conflicts overall: 0
Number of rounds: 5
SUCCESS: No conflicts found
Coloring time: 0.96823
Memory used: 2949.12
Number of reordered colors: 1038
End position for large colors: 0, node count: 550771, largest: 550771
Node count cutoff: 472334
e_xx: 1.20647e+08, a2_x: 6.93435e+11, currMod: 0.630309
e_xx: 1.64598e+08, a2_x: 6.55762e+11, currMod: 0.859937
e_xx: 1.71615e+08, a2_x: 5.76535e+11, currMod: 0.896601
e_xx: 1.74557e+08, a2_x: 5.77221e+11, currMod: 0.911973
e_xx: 1.75971e+08, a2_x: 5.50591e+11, currMod: 0.919362
currMod: 0.911973, prevMod: -1
Louvain time: 9.6869
numClusters: 204590, time: 0.134384
Next phase: 2
Memory used: 2949.12
End Structure 1305727 204590 vs 2814163
Build next level time: 5.29978
Iteration time: 15.1267
Memory used: 2949.12
e_xx: 1.56556e+08, a2_x: 5.49076e+11, currMod: 0.910297
e_xx: 1.65203e+08, a2_x: 3.55101e+11, currMod: 0.960584
e_xx: 1.66679e+08, a2_x: 2.72056e+11, currMod: 0.969166
e_xx: 1.67099e+08, a2_x: 2.85338e+11, currMod: 0.971611
e_xx: 1.67199e+08, a2_x: 2.48928e+11, currMod: 0.972194
e_xx: 1.67339e+08, a2_x: 2.47889e+11, currMod: 0.973009
e_xx: 1.67335e+08, a2_x: 2.61581e+11, currMod: 0.972983
currMod: 0.973009, prevMod: 0.911973
Louvain time: 2.21513
numClusters: 57098, time: 0.021765
Next phase: 3
Memory used: 2949.12
End Structure 602816 57098 vs 1262720
Build next level time: 0.232097
Iteration time: 2.47014
Memory used: 2949.12
e_xx: 1.67339e+08, a2_x: 2.46077e+11, currMod: 0.972985
e_xx: 1.68308e+08, a2_x: 9.68821e+10, currMod: 0.978625
e_xx: 1.68358e+08, a2_x: 1.14317e+11, currMod: 0.978912
e_xx: 1.68472e+08, a2_x: 8.10336e+10, currMod: 0.979576
e_xx: 1.68411e+08, a2_x: 7.16923e+10, currMod: 0.979223
currMod: 0.979576, prevMod: 0.973009
Louvain time: 0.81522
numClusters: 26421, time: 0.00711
Next phase: 4
Memory used: 2949.12
End Structure 198805 26421 vs 424030
Build next level time: 0.109317
Iteration time: 0.932135
Memory used: 2949.12
e_xx: 1.68472e+08, a2_x: 8.31898e+10, currMod: 0.979561
e_xx: 1.68718e+08, a2_x: 2.97401e+10, currMod: 0.980994
e_xx: 1.68689e+08, a2_x: 2.77158e+10, currMod: 0.980825
currMod: 0.980994, prevMod: 0.979576
Louvain time: 0.225249
numClusters: 22798, time: 0.004399
Next phase: 5
Memory used: 2949.12
End Structure 114768 22798 vs 252334
Build next level time: 0.04782
Iteration time: 0.277925
Memory used: 2949.12
e_xx: 1.68718e+08, a2_x: 3.01425e+10, currMod: 0.980993
e_xx: 1.68736e+08, a2_x: -4.5346e+09, currMod: 0.981099
e_xx: 1.68738e+08, a2_x: 2.86261e+10, currMod: 0.981106
e_xx: 1.6874e+08, a2_x: 1.46899e+10, currMod: 0.981119
e_xx: 1.68747e+08, a2_x: 2.46228e+10, currMod: 0.981159
e_xx: 1.68749e+08, a2_x: 2.28467e+10, currMod: 0.98117
e_xx: 1.68748e+08, a2_x: 5.41489e+09, currMod: 0.981169
currMod: 0.98117, prevMod: 0.980994
Louvain time: 0.32697
numClusters: 21944, time: 0.003927
Next phase: 6
Memory used: 2949.12
End Structure 56000 21944 vs 133944
Build next level time: 0.02656
Iteration time: 0.357685
Memory used: 2949.12
e_xx: 1.68749e+08, a2_x: 2.14225e+10, currMod: 0.98117
e_xx: 1.68749e+08, a2_x: 2.0272e+10, currMod: 0.981172
e_xx: 1.68749e+08, a2_x: 1.92351e+10, currMod: 0.981172
currMod: 0.981172, prevMod: 0.98117
Louvain time: 0.076104
numClusters: 21907, time: 0.003805
Next phase: 7
Memory used: 2949.12
End Structure 54177 21907 vs 130261
Build next level time: 0.024185
Iteration time: 0.104315
Memory used: 2949.12
e_xx: 1.68749e+08, a2_x: 2.10101e+10, currMod: 0.981172
e_xx: 1.68749e+08, a2_x: 1.89492e+10, currMod: 0.981172
currMod: 0.981172, prevMod: 0.981172
Louvain time: 0.049459
numClusters: 21907, time: 0.003795
Maximum degree for the graph: 407
Iteration: 0, conflicts: 0
Total number of colors used: 154
Total number of conflicts overall: 0
Number of rounds: 1
SUCCESS: No conflicts found
Number of reordered colors: 152
End position for large colors: 0, node count: 21528, largest: 21528
Node count cutoff: 4382
e_xx: 1.68749e+08, a2_x: 1.94872e+10, currMod: 0.981172
End Structure 53888 21904 vs 129680
currMod: 0.981172, prevMod: 0.981172
numClusters: 21904
Total iteration time: 19.2689

Loop 0 <line-37> - Time 0.000789 Total energy consumed 0.043845 Ave. Power Level 55.600856
	-------- Loop 0 (sock 1 consumed 0.018810, avg temp 44.000000, final temp 44 ) ------
	-------- Loop 0 (sock 2 consumed 0.025035, avg temp 37.500000, final temp 38 ) ------
Loop 1 <line-54> - Time 0.000448 Total energy consumed 0.000000 Ave. Power Level 0.000000
	-------- Loop 1 (sock 1 consumed 0.000000, avg temp 43.500000, final temp 43 ) ------
	-------- Loop 1 (sock 2 consumed 0.000000, avg temp 37.500000, final temp 37 ) ------
Loop 2 <line-76> - Time 0.000459 Total energy consumed 0.000000 Ave. Power Level 0.000000
	-------- Loop 2 (sock 1 consumed 0.000000, avg temp 43.500000, final temp 43 ) ------
	-------- Loop 2 (sock 2 consumed 0.000000, avg temp 37.500000, final temp 37 ) ------
Loop 3 <line-170> - Time 0.608481 Total energy consumed 31.076130 Ave. Power Level 51.071650
	-------- Loop 3 (sock 1 consumed 14.057265, avg temp 44.000000, final temp 44 ) ------
	-------- Loop 3 (sock 2 consumed 17.018865, avg temp 38.833333, final temp 38 ) ------
Loop 4 <line-192> - Time 0.000235 Total energy consumed 0.023700 Ave. Power Level 100.844198
	-------- Loop 4 (sock 1 consumed 0.000000, avg temp 43.500000, final temp 44 ) ------
	-------- Loop 4 (sock 2 consumed 0.023700, avg temp 38.500000, final temp 38 ) ------
Loop 5 <line-222> - Time 0.236864 Total energy consumed 12.289815 Ave. Power Level 51.885540
	-------- Loop 5 (sock 1 consumed 6.810315, avg temp 44.000000, final temp 44 ) ------
	-------- Loop 5 (sock 2 consumed 5.479500, avg temp 38.000000, final temp 38 ) ------
Loop 6 <line-116> - Time 0.002380 Total energy consumed 0.116760 Ave. Power Level 49.059050
	-------- Loop 6 (sock 1 consumed 0.071715, avg temp 44.142857, final temp 44 ) ------
	-------- Loop 6 (sock 2 consumed 0.045045, avg temp 37.714286, final temp 38 ) ------
Loop 7 <line-334> - Time 0.499586 Total energy consumed 23.592195 Ave. Power Level 47.223533
	-------- Loop 7 (sock 1 consumed 10.825920, avg temp 44.000000, final temp 44 ) ------
	-------- Loop 7 (sock 2 consumed 12.766275, avg temp 37.875000, final temp 38 ) ------
Loop 8 <line-353> - Time 0.000473 Total energy consumed 0.042240 Ave. Power Level 89.229885
	-------- Loop 8 (sock 1 consumed 0.019005, avg temp 44.000000, final temp 44 ) ------
	-------- Loop 8 (sock 2 consumed 0.023235, avg temp 38.000000, final temp 38 ) ------
Loop 9 <line-375> - Time 0.000769 Total energy consumed 0.123945 Ave. Power Level 161.102273
	-------- Loop 9 (sock 1 consumed 0.038955, avg temp 43.875000, final temp 44 ) ------
	-------- Loop 9 (sock 2 consumed 0.084990, avg temp 38.000000, final temp 38 ) ------
Loop 10 <line-85> - Time 0.151113 Total energy consumed 11.168655 Ave. Power Level 73.909205
	-------- Loop 10 (sock 1 consumed 5.658750, avg temp 44.000000, final temp 44 ) ------
	-------- Loop 10 (sock 2 consumed 5.509905, avg temp 38.250000, final temp 38 ) ------
Loop 11 <line-131> - Time 0.003368 Total energy consumed 0.313410 Ave. Power Level 93.063681
	-------- Loop 11 (sock 1 consumed 0.158850, avg temp 44.000000, final temp 44 ) ------
	-------- Loop 11 (sock 2 consumed 0.154560, avg temp 38.000000, final temp 38 ) ------
Loop 12 <line-167> - Time 0.225558 Total energy consumed 17.019285 Ave. Power Level 75.454033
	-------- Loop 12 (sock 1 consumed 8.608995, avg temp 44.000000, final temp 44 ) ------
	-------- Loop 12 (sock 2 consumed 8.410290, avg temp 39.000000, final temp 39 ) ------
Loop 13 <line-213> - Time 5.480209 Total energy consumed 431.086140 Ave. Power Level 78.662347
	-------- Loop 13 (sock 1 consumed 218.231790, avg temp 44.500000, final temp 43 ) ------
	-------- Loop 13 (sock 2 consumed 212.854350, avg temp 39.833333, final temp 38 ) ------
Loop 14 <line-99> - Time 5.298816 Total energy consumed 269.454795 Ave. Power Level 50.851883
	-------- Loop 14 (sock 1 consumed 125.561550, avg temp 44.000000, final temp 44 ) ------
	-------- Loop 14 (sock 2 consumed 143.893245, avg temp 38.000000, final temp 38 ) ------
Loop 15 <line-160> - Time 0.130545 Total energy consumed 7.047960 Ave. Power Level 53.988597
	-------- Loop 15 (sock 1 consumed 3.661260, avg temp 43.857143, final temp 44 ) ------
	-------- Loop 15 (sock 2 consumed 3.386700, avg temp 38.428571, final temp 39 ) ------
Loop 16 <line-269> - Time 3.681791 Total energy consumed 170.813280 Ave. Power Level 46.394073
	-------- Loop 16 (sock 1 consumed 87.669540, avg temp 43.962963, final temp 44 ) ------
	-------- Loop 16 (sock 2 consumed 83.143740, avg temp 37.703704, final temp 37 ) ------
Loop 17 <line-300> - Time 0.001712 Total energy consumed 0.000000 Ave. Power Level 0.000000
	-------- Loop 17 (sock 1 consumed 0.000000, avg temp 44.000000, final temp 44 ) ------
	-------- Loop 17 (sock 2 consumed 0.000000, avg temp 37.571429, final temp 39 ) ------
Loop 18 <line-148> - Time 0.000403 Total energy consumed 0.000000 Ave. Power Level 0.000000
	-------- Loop 18 (sock 1 consumed 0.000000, avg temp 44.000000, final temp 44 ) ------
	-------- Loop 18 (sock 2 consumed 0.000000, avg temp 38.000000, final temp 38 ) ------
Application(EnergyStat) - Time 33.556530 Total energy consumed 1747.435380 Ave. Power Level 52.074377 Final Temperature socket 1 : 44  socket 2 : 38 
	 ParallelApplication(EnergyStat) - Time 16.324000 Total energy consumed 974.212155 Ave. Power Level 59.679746
Memory used: 1.32031
Loading 32-bit binary file: pnnl.bin, numvertices: 2361670, numEdges: 191402826
File read time: 2.18958
Before allocating graph
Allocated graph: 0x13f2570
Processing edges for vertex: 0, range(0, 166)
Processing edges for vertex: 100000, range(58444108, 58444133)
Processing edges for vertex: 200000, range(84376057, 84376362)
Processing edges for vertex: 300000, range(106069163, 106069503)
Processing edges for vertex: 400000, range(122097114, 122097513)
Processing edges for vertex: 500000, range(135096418, 135096483)
Processing edges for vertex: 600000, range(146097008, 146097061)
Processing edges for vertex: 700000, range(155415410, 155415531)
Processing edges for vertex: 800000, range(162595900, 162595989)
Processing edges for vertex: 900000, range(168508374, 168508464)
Processing edges for vertex: 1000000, range(173203321, 173203442)
Processing edges for vertex: 1100000, range(176935100, 176935110)
Processing edges for vertex: 1200000, range(179876260, 179876270)
Processing edges for vertex: 1300000, range(182240081, 182240092)
Processing edges for vertex: 1400000, range(184224513, 184224521)
Processing edges for vertex: 1500000, range(185795161, 185795170)
Processing edges for vertex: 1600000, range(187104124, 187104130)
Processing edges for vertex: 1700000, range(188148455, 188148461)
Processing edges for vertex: 1800000, range(188997836, 188997842)
Processing edges for vertex: 1900000, range(189691532, 189691535)
Processing edges for vertex: 2000000, range(190254658, 190254660)
Processing edges for vertex: 2100000, range(190705814, 190705822)
Processing edges for vertex: 2200000, range(191052755, 191052764)
Processing edges for vertex: 2300000, range(191302662, 191302663)
Graph populate time: 11.0928
Total I/O time: 13.2824

Regional(EnergyStat) - Time 13.286658 Total energy consumed 581.157000 Ave. Power Level 43.739894 
Running on: 14 threads
Loaded graph from file: pnnl.bin
Memory used: 2949.12
Maximum degree for the graph: 5520
Iteration: 0, conflicts: 33
Iteration: 1, conflicts: 7
Iteration: 2, conflicts: 6
Iteration: 3, conflicts: 5
Iteration: 4, conflicts: 4
Iteration: 5, conflicts: 3
Iteration: 6, conflicts: 2
Iteration: 7, conflicts: 1
Iteration: 8, conflicts: 0
Total number of colors used: 1190
Total number of conflicts overall: 0
Number of rounds: 9
SUCCESS: No conflicts found
Coloring time: 0.908198
Memory used: 2949.12
Number of reordered colors: 1014
End position for large colors: 0, node count: 550746, largest: 550746
Node count cutoff: 472334
e_xx: 1.0988e+08, a2_x: 6.53956e+11, currMod: 0.574058
e_xx: 1.53963e+08, a2_x: 5.88524e+11, currMod: 0.804378
e_xx: 1.62542e+08, a2_x: 5.63845e+11, currMod: 0.8492
e_xx: 1.66409e+08, a2_x: 5.07069e+11, currMod: 0.869403
e_xx: 1.69269e+08, a2_x: 5.30058e+11, currMod: 0.884348
e_xx: 1.71325e+08, a2_x: 5.36793e+11, currMod: 0.895087
e_xx: 1.72017e+08, a2_x: 4.94549e+11, currMod: 0.898704
currMod: 0.895087, prevMod: -1
Louvain time: 12.1818
numClusters: 201142, time: 0.131144
Next phase: 2
Memory used: 2949.12
End Structure 1297496 201142 vs 2795710
Build next level time: 4.5777
Iteration time: 16.8955
Memory used: 2949.12
e_xx: 1.67265e+08, a2_x: 4.9391e+11, currMod: 0.896149
e_xx: 1.78297e+08, a2_x: 3.57142e+11, currMod: 0.95526
e_xx: 1.81419e+08, a2_x: 2.7902e+11, currMod: 0.971988
e_xx: 1.81749e+08, a2_x: 2.87101e+11, currMod: 0.973752
e_xx: 1.81848e+08, a2_x: 2.77289e+11, currMod: 0.974284
e_xx: 1.82047e+08, a2_x: 2.79091e+11, currMod: 0.975354
e_xx: 1.82028e+08, a2_x: 2.78677e+11, currMod: 0.975252
currMod: 0.975354, prevMod: 0.895087
Louvain time: 2.24525
numClusters: 56848, time: 0.021629
Next phase: 3
Memory used: 2949.12
End Structure 597341 56848 vs 1251525
Build next level time: 0.236723
Iteration time: 2.50456
Memory used: 2949.12
e_xx: 1.82047e+08, a2_x: 2.77359e+11, currMod: 0.975354
e_xx: 1.82968e+08, a2_x: 5.91404e+10, currMod: 0.9803
e_xx: 1.83036e+08, a2_x: 7.97278e+10, currMod: 0.980659
e_xx: 1.83122e+08, a2_x: 6.91095e+10, currMod: 0.98112
e_xx: 1.83063e+08, a2_x: 7.11496e+10, currMod: 0.980803
currMod: 0.98112, prevMod: 0.975354
Louvain time: 0.806857
numClusters: 26242, time: 0.00703
Next phase: 4
Memory used: 2949.12
End Structure 188459 26242 vs 403160
Build next level time: 0.10679
Iteration time: 0.921153
Memory used: 2949.12
e_xx: 1.83122e+08, a2_x: 6.7424e+10, currMod: 0.981096
e_xx: 1.83398e+08, a2_x: 1.66859e+10, currMod: 0.982578
e_xx: 1.83402e+08, a2_x: 3.54387e+09, currMod: 0.982602
e_xx: 1.83405e+08, a2_x: 9.19158e+09, currMod: 0.982614
e_xx: 1.83405e+08, a2_x: -6.83047e+09, currMod: 0.982618
e_xx: 1.83405e+08, a2_x: 1.33248e+10, currMod: 0.982617
currMod: 0.982618, prevMod: 0.98112
Louvain time: 0.418844
numClusters: 22159, time: 0.004316
Next phase: 5
Memory used: 2949.12
End Structure 87160 22159 vs 196479
Build next level time: 0.044828
Iteration time: 0.468442
Memory used: 2949.12
e_xx: 1.83405e+08, a2_x: -6.90617e+09, currMod: 0.982614
e_xx: 1.83408e+08, a2_x: -4.03974e+09, currMod: 0.982627
e_xx: 1.83409e+08, a2_x: 6.2187e+09, currMod: 0.982632
e_xx: 1.83412e+08, a2_x: 2.07823e+10, currMod: 0.982648
e_xx: 1.83412e+08, a2_x: 1.26575e+10, currMod: 0.982648
currMod: 0.982648, prevMod: 0.982618
Louvain time: 0.189145
numClusters: 21947, time: 0.003793
Next phase: 6
Memory used: 2949.12
End Structure 66275 21947 vs 154497
Build next level time: 0.026672
Iteration time: 0.219854
Memory used: 2949.12
e_xx: 1.83412e+08, a2_x: 2.26743e+10, currMod: 0.982648
e_xx: 1.83412e+08, a2_x: 1.90829e+10, currMod: 0.982649
currMod: 0.982648, prevMod: 0.982648
Louvain time: 0.058711
numClusters: 21947, time: 0.003754
Maximum degree for the graph: 445
Iteration: 0, conflicts: 0
Total number of colors used: 183
Total number of conflicts overall: 0
Number of rounds: 1
SUCCESS: No conflicts found
Number of reordered colors: 180
End position for large colors: 0, node count: 21550, largest: 21550
Node count cutoff: 4390
e_xx: 1.83413e+08, a2_x: 1.87444e+10, currMod: 0.982655
e_xx: 1.83518e+08, a2_x: 2.93777e+10, currMod: 0.983216
e_xx: 1.83532e+08, a2_x: 2.69513e+10, currMod: 0.98329
e_xx: 1.84604e+08, a2_x: -8.93353e+09, currMod: 0.989036
e_xx: 1.84635e+08, a2_x: -4.94993e+09, currMod: 0.989201
e_xx: 1.84651e+08, a2_x: -2.32408e+09, currMod: 0.989285
e_xx: 1.84779e+08, a2_x: -4.91133e+08, currMod: 0.989972
e_xx: 1.84871e+08, a2_x: 3.77667e+09, currMod: 0.990469
e_xx: 1.86519e+08, a2_x: 5.04945e+09, currMod: 0.999298
e_xx: 1.86458e+08, a2_x: 8.48334e+09, currMod: 0.99897
End Structure 230 21559 vs 22019
currMod: 0.999298, prevMod: 0.982648
numClusters: 21559
Total iteration time: 21.0095

Loop 0 <line-37> - Time 0.000810 Total energy consumed 0.073845 Ave. Power Level 91.138762
	-------- Loop 0 (sock 1 consumed 0.018870, avg temp 44.000000, final temp 44 ) ------
	-------- Loop 0 (sock 2 consumed 0.054975, avg temp 38.000000, final temp 39 ) ------
Loop 1 <line-54> - Time 0.000395 Total energy consumed 0.024900 Ave. Power Level 63.048190
	-------- Loop 1 (sock 1 consumed 0.000000, avg temp 43.000000, final temp 43 ) ------
	-------- Loop 1 (sock 2 consumed 0.024900, avg temp 37.500000, final temp 38 ) ------
Loop 2 <line-76> - Time 0.000473 Total energy consumed 0.000000 Ave. Power Level 0.000000
	-------- Loop 2 (sock 1 consumed 0.000000, avg temp 43.000000, final temp 43 ) ------
	-------- Loop 2 (sock 2 consumed 0.000000, avg temp 37.500000, final temp 38 ) ------
Loop 3 <line-170> - Time 0.554147 Total energy consumed 29.029890 Ave. Power Level 52.386660
	-------- Loop 3 (sock 1 consumed 12.974205, avg temp 44.000000, final temp 44 ) ------
	-------- Loop 3 (sock 2 consumed 16.055685, avg temp 37.200000, final temp 39 ) ------
Loop 4 <line-192> - Time 0.000221 Total energy consumed 0.000000 Ave. Power Level 0.000000
	-------- Loop 4 (sock 1 consumed 0.000000, avg temp 44.000000, final temp 44 ) ------
	-------- Loop 4 (sock 2 consumed 0.000000, avg temp 38.000000, final temp 39 ) ------
Loop 5 <line-222> - Time 0.232875 Total energy consumed 12.176220 Ave. Power Level 52.286424
	-------- Loop 5 (sock 1 consumed 6.321270, avg temp 44.000000, final temp 44 ) ------
	-------- Loop 5 (sock 2 consumed 5.854950, avg temp 38.000000, final temp 39 ) ------
Loop 6 <line-116> - Time 0.002089 Total energy consumed 0.077880 Ave. Power Level 37.274376
	-------- Loop 6 (sock 1 consumed 0.039210, avg temp 44.000000, final temp 44 ) ------
	-------- Loop 6 (sock 2 consumed 0.038670, avg temp 37.833333, final temp 38 ) ------
Loop 7 <line-334> - Time 0.486761 Total energy consumed 23.377365 Ave. Power Level 48.026404
	-------- Loop 7 (sock 1 consumed 10.343325, avg temp 44.000000, final temp 43 ) ------
	-------- Loop 7 (sock 2 consumed 13.034040, avg temp 38.142857, final temp 39 ) ------
Loop 8 <line-353> - Time 0.000490 Total energy consumed 0.020025 Ave. Power Level 40.846507
	-------- Loop 8 (sock 1 consumed 0.020025, avg temp 43.857143, final temp 43 ) ------
	-------- Loop 8 (sock 2 consumed 0.000000, avg temp 38.142857, final temp 39 ) ------
Loop 9 <line-375> - Time 0.000800 Total energy consumed 0.000000 Ave. Power Level 0.000000
	-------- Loop 9 (sock 1 consumed 0.000000, avg temp 44.000000, final temp 43 ) ------
	-------- Loop 9 (sock 2 consumed 0.000000, avg temp 38.285714, final temp 39 ) ------
Loop 10 <line-85> - Time 0.153543 Total energy consumed 11.564895 Ave. Power Level 75.320102
	-------- Loop 10 (sock 1 consumed 5.852565, avg temp 44.250000, final temp 44 ) ------
	-------- Loop 10 (sock 2 consumed 5.712330, avg temp 38.500000, final temp 39 ) ------
Loop 11 <line-131> - Time 0.003333 Total energy consumed 0.274350 Ave. Power Level 82.304564
	-------- Loop 11 (sock 1 consumed 0.119325, avg temp 44.000000, final temp 44 ) ------
	-------- Loop 11 (sock 2 consumed 0.155025, avg temp 38.500000, final temp 39 ) ------
Loop 12 <line-167> - Time 0.223428 Total energy consumed 16.911255 Ave. Power Level 75.689821
	-------- Loop 12 (sock 1 consumed 8.591205, avg temp 44.500000, final temp 45 ) ------
	-------- Loop 12 (sock 2 consumed 8.320050, avg temp 38.000000, final temp 38 ) ------
Loop 13 <line-213> - Time 6.816052 Total energy consumed 538.288425 Ave. Power Level 78.973641
	-------- Loop 13 (sock 1 consumed 272.361510, avg temp 44.705882, final temp 45 ) ------
	-------- Loop 13 (sock 2 consumed 265.926915, avg temp 39.529412, final temp 39 ) ------
Loop 14 <line-99> - Time 4.568816 Total energy consumed 226.448775 Ave. Power Level 49.563999
	-------- Loop 14 (sock 1 consumed 107.086860, avg temp 44.000000, final temp 45 ) ------
	-------- Loop 14 (sock 2 consumed 119.361915, avg temp 38.000000, final temp 39 ) ------
Loop 15 <line-160> - Time 0.119691 Total energy consumed 6.507720 Ave. Power Level 54.370865
	-------- Loop 15 (sock 1 consumed 3.373905, avg temp 44.166667, final temp 45 ) ------
	-------- Loop 15 (sock 2 consumed 3.133815, avg temp 38.166667, final temp 39 ) ------
Loop 16 <line-269> - Time 3.694391 Total energy consumed 169.556100 Ave. Power Level 45.895550
	-------- Loop 16 (sock 1 consumed 83.534385, avg temp 44.320000, final temp 44 ) ------
	-------- Loop 16 (sock 2 consumed 86.021715, avg temp 37.920000, final temp 38 ) ------
Loop 17 <line-300> - Time 0.001620 Total energy consumed 0.043320 Ave. Power Level 26.740279
	-------- Loop 17 (sock 1 consumed 0.018990, avg temp 44.350000, final temp 44 ) ------
	-------- Loop 17 (sock 2 consumed 0.024330, avg temp 37.800000, final temp 38 ) ------
Loop 18 <line-148> - Time 0.000383 Total energy consumed 0.000000 Ave. Power Level 0.000000
	-------- Loop 18 (sock 1 consumed 0.000000, avg temp 44.000000, final temp 44 ) ------
	-------- Loop 18 (sock 2 consumed 0.000000, avg temp 39.000000, final temp 39 ) ------
Application(EnergyStat) - Time 35.322896 Total energy consumed 1867.996155 Ave. Power Level 52.883438 Final Temperature socket 1 : 44  socket 2 : 39 
	 ParallelApplication(EnergyStat) - Time 16.860320 Total energy consumed 1034.374965 Ave. Power Level 61.349663
Memory used: 1.32031
Loading 32-bit binary file: pnnl.bin, numvertices: 2361670, numEdges: 191402826
File read time: 2.13752
Before allocating graph
Allocated graph: 0x188f570
Processing edges for vertex: 0, range(0, 166)
Processing edges for vertex: 100000, range(58444108, 58444133)
Processing edges for vertex: 200000, range(84376057, 84376362)
Processing edges for vertex: 300000, range(106069163, 106069503)
Processing edges for vertex: 400000, range(122097114, 122097513)
Processing edges for vertex: 500000, range(135096418, 135096483)
Processing edges for vertex: 600000, range(146097008, 146097061)
Processing edges for vertex: 700000, range(155415410, 155415531)
Processing edges for vertex: 800000, range(162595900, 162595989)
Processing edges for vertex: 900000, range(168508374, 168508464)
Processing edges for vertex: 1000000, range(173203321, 173203442)
Processing edges for vertex: 1100000, range(176935100, 176935110)
Processing edges for vertex: 1200000, range(179876260, 179876270)
Processing edges for vertex: 1300000, range(182240081, 182240092)
Processing edges for vertex: 1400000, range(184224513, 184224521)
Processing edges for vertex: 1500000, range(185795161, 185795170)
Processing edges for vertex: 1600000, range(187104124, 187104130)
Processing edges for vertex: 1700000, range(188148455, 188148461)
Processing edges for vertex: 1800000, range(188997836, 188997842)
Processing edges for vertex: 1900000, range(189691532, 189691535)
Processing edges for vertex: 2000000, range(190254658, 190254660)
Processing edges for vertex: 2100000, range(190705814, 190705822)
Processing edges for vertex: 2200000, range(191052755, 191052764)
Processing edges for vertex: 2300000, range(191302662, 191302663)
Graph populate time: 10.8406
Total I/O time: 12.9782

Regional(EnergyStat) - Time 12.982416 Total energy consumed 566.725350 Ave. Power Level 43.653305 
Running on: 14 threads
Loaded graph from file: pnnl.bin
Memory used: 2949.12
Maximum degree for the graph: 5520
Iteration: 0, conflicts: 80
Iteration: 1, conflicts: 24
Iteration: 2, conflicts: 20
Iteration: 3, conflicts: 16
Iteration: 4, conflicts: 13
Iteration: 5, conflicts: 11
Iteration: 6, conflicts: 9
Iteration: 7, conflicts: 7
Iteration: 8, conflicts: 5
Iteration: 9, conflicts: 3
Iteration: 10, conflicts: 2
Iteration: 11, conflicts: 1
Iteration: 12, conflicts: 0
Total number of colors used: 1195
Total number of conflicts overall: 0
Number of rounds: 13
SUCCESS: No conflicts found
Coloring time: 0.925823
Memory used: 2949.12
Number of reordered colors: 1020
End position for large colors: 0, node count: 550589, largest: 550589
Node count cutoff: 472334
e_xx: 1.08705e+08, a2_x: 5.72307e+11, currMod: 0.567924
e_xx: 1.55526e+08, a2_x: 5.93248e+11, currMod: 0.812544
e_xx: 1.64341e+08, a2_x: 5.43571e+11, currMod: 0.858599
e_xx: 1.67969e+08, a2_x: 5.40382e+11, currMod: 0.877553
e_xx: 1.69744e+08, a2_x: 5.44667e+11, currMod: 0.886825
currMod: 0.877553, prevMod: -1
Louvain time: 9.82294
numClusters: 203885, time: 0.133556
Next phase: 2
Memory used: 2949.12
End Structure 1294754 203885 vs 2791610
Build next level time: 4.4542
Iteration time: 14.4165
Memory used: 2949.12
e_xx: 1.66565e+08, a2_x: 5.44971e+11, currMod: 0.884935
e_xx: 1.77369e+08, a2_x: 3.98308e+11, currMod: 0.942344
e_xx: 1.79392e+08, a2_x: 3.01891e+11, currMod: 0.953093
e_xx: 1.79771e+08, a2_x: 3.17497e+11, currMod: 0.955108
e_xx: 1.79907e+08, a2_x: 3.10853e+11, currMod: 0.95583
e_xx: 1.80002e+08, a2_x: 2.92985e+11, currMod: 0.956336
e_xx: 1.79985e+08, a2_x: 2.96463e+11, currMod: 0.956246
currMod: 0.956336, prevMod: 0.877553
Louvain time: 2.1992
numClusters: 54589, time: 0.022389
Next phase: 3
Memory used: 2949.12
End Structure 547636 54589 vs 1149850
Build next level time: 0.255058
Iteration time: 2.47775
Memory used: 2949.12
e_xx: 1.80002e+08, a2_x: 2.90375e+11, currMod: 0.956325
e_xx: 1.84565e+08, a2_x: 9.71828e+10, currMod: 0.980572
e_xx: 1.84654e+08, a2_x: 1.04883e+11, currMod: 0.981045
e_xx: 1.84771e+08, a2_x: 5.57251e+10, currMod: 0.981667
e_xx: 1.84705e+08, a2_x: 1.05554e+11, currMod: 0.981317
currMod: 0.981667, prevMod: 0.956336
Louvain time: 0.757036
numClusters: 25771, time: 0.00676
Next phase: 4
Memory used: 2949.12
End Structure 175979 25771 vs 377729
Build next level time: 0.108161
Iteration time: 0.872543
Memory used: 2949.12
e_xx: 1.84771e+08, a2_x: 5.60012e+10, currMod: 0.98166
e_xx: 1.85005e+08, a2_x: 1.04879e+10, currMod: 0.982901
e_xx: 1.84993e+08, a2_x: 9.87796e+09, currMod: 0.982841
currMod: 0.982901, prevMod: 0.981667
Louvain time: 0.205933
numClusters: 22609, time: 0.004333
Next phase: 5
Memory used: 2949.12
End Structure 101727 22609 vs 226063
Build next level time: 0.041871
Iteration time: 0.25259
Memory used: 2949.12
e_xx: 1.85005e+08, a2_x: 1.08792e+10, currMod: 0.982898
e_xx: 1.85029e+08, a2_x: 3.5779e+10, currMod: 0.983028
e_xx: 1.85036e+08, a2_x: 2.15139e+10, currMod: 0.983063
e_xx: 1.85037e+08, a2_x: 2.20038e+10, currMod: 0.983069
e_xx: 1.85041e+08, a2_x: 1.19028e+08, currMod: 0.983091
e_xx: 1.8504e+08, a2_x: 2.84277e+10, currMod: 0.983087
currMod: 0.983091, prevMod: 0.982901
Louvain time: 0.256256
numClusters: 21947, time: 0.003902
Next phase: 6
Memory used: 2949.12
End Structure 59378 21947 vs 140703
Build next level time: 0.030034
Iteration time: 0.290471
Memory used: 2949.12
e_xx: 1.85041e+08, a2_x: -1.29785e+09, currMod: 0.98309
e_xx: 1.85041e+08, a2_x: 3.81682e+08, currMod: 0.983092
e_xx: 1.85041e+08, a2_x: -1.41202e+09, currMod: 0.983092
currMod: 0.983092, prevMod: 0.983091
Louvain time: 0.079218
numClusters: 21910, time: 0.003784
Next phase: 7
Memory used: 2949.12
End Structure 57983 21910 vs 137876
Build next level time: 0.022799
Iteration time: 0.106036
Memory used: 2949.12
e_xx: 1.85041e+08, a2_x: 6.75735e+08, currMod: 0.983092
e_xx: 1.85041e+08, a2_x: -1.11796e+09, currMod: 0.983092
currMod: 0.983092, prevMod: 0.983092
Louvain time: 0.053232
numClusters: 21910, time: 0.003773
Maximum degree for the graph: 412
Iteration: 0, conflicts: 0
Total number of colors used: 162
Total number of conflicts overall: 0
Number of rounds: 1
SUCCESS: No conflicts found
Number of reordered colors: 158
End position for large colors: 0, node count: 21534, largest: 21534
Node count cutoff: 4382
e_xx: 1.85041e+08, a2_x: -1.11796e+09, currMod: 0.983092
End Structure 57900 21909 vs 137709
currMod: 0.983092, prevMod: 0.983092
numClusters: 21909
Total iteration time: 18.4159

Loop 0 <line-37> - Time 0.000912 Total energy consumed 0.043725 Ave. Power Level 47.965695
	-------- Loop 0 (sock 1 consumed 0.023565, avg temp 44.000000, final temp 44 ) ------
	-------- Loop 0 (sock 2 consumed 0.020160, avg temp 37.500000, final temp 38 ) ------
Loop 1 <line-54> - Time 0.000506 Total energy consumed 0.000000 Ave. Power Level 0.000000
	-------- Loop 1 (sock 1 consumed 0.000000, avg temp 44.500000, final temp 44 ) ------
	-------- Loop 1 (sock 2 consumed 0.000000, avg temp 37.000000, final temp 38 ) ------
Loop 2 <line-76> - Time 0.000491 Total energy consumed 0.000000 Ave. Power Level 0.000000
	-------- Loop 2 (sock 1 consumed 0.000000, avg temp 44.500000, final temp 44 ) ------
	-------- Loop 2 (sock 2 consumed 0.000000, avg temp 37.000000, final temp 38 ) ------
Loop 3 <line-170> - Time 0.562113 Total energy consumed 29.943825 Ave. Power Level 53.270070
	-------- Loop 3 (sock 1 consumed 16.077150, avg temp 43.285714, final temp 45 ) ------
	-------- Loop 3 (sock 2 consumed 13.866675, avg temp 37.071429, final temp 38 ) ------
Loop 4 <line-192> - Time 0.000257 Total energy consumed 0.000000 Ave. Power Level 0.000000
	-------- Loop 4 (sock 1 consumed 0.000000, avg temp 44.500000, final temp 45 ) ------
	-------- Loop 4 (sock 2 consumed 0.000000, avg temp 37.500000, final temp 38 ) ------
Loop 5 <line-222> - Time 0.240502 Total energy consumed 12.463575 Ave. Power Level 51.823218
	-------- Loop 5 (sock 1 consumed 5.287455, avg temp 45.000000, final temp 45 ) ------
	-------- Loop 5 (sock 2 consumed 7.176120, avg temp 37.500000, final temp 38 ) ------
Loop 6 <line-116> - Time 0.002510 Total energy consumed 0.117075 Ave. Power Level 46.638892
	-------- Loop 6 (sock 1 consumed 0.078900, avg temp 44.000000, final temp 44 ) ------
	-------- Loop 6 (sock 2 consumed 0.038175, avg temp 37.857143, final temp 38 ) ------
Loop 7 <line-334> - Time 0.484982 Total energy consumed 23.791320 Ave. Power Level 49.056134
	-------- Loop 7 (sock 1 consumed 12.733305, avg temp 43.750000, final temp 44 ) ------
	-------- Loop 7 (sock 2 consumed 11.058015, avg temp 37.750000, final temp 38 ) ------
Loop 8 <line-353> - Time 0.000511 Total energy consumed 0.000000 Ave. Power Level 0.000000
	-------- Loop 8 (sock 1 consumed 0.000000, avg temp 43.750000, final temp 44 ) ------
	-------- Loop 8 (sock 2 consumed 0.000000, avg temp 37.750000, final temp 38 ) ------
Loop 9 <line-375> - Time 0.000782 Total energy consumed 0.079305 Ave. Power Level 101.382706
	-------- Loop 9 (sock 1 consumed 0.042075, avg temp 43.750000, final temp 44 ) ------
	-------- Loop 9 (sock 2 consumed 0.037230, avg temp 37.750000, final temp 38 ) ------
Loop 10 <line-85> - Time 0.153523 Total energy consumed 11.425860 Ave. Power Level 74.424498
	-------- Loop 10 (sock 1 consumed 5.757510, avg temp 44.000000, final temp 44 ) ------
	-------- Loop 10 (sock 2 consumed 5.668350, avg temp 38.500000, final temp 39 ) ------
Loop 11 <line-131> - Time 0.003313 Total energy consumed 0.312330 Ave. Power Level 94.286765
	-------- Loop 11 (sock 1 consumed 0.158550, avg temp 44.500000, final temp 44 ) ------
	-------- Loop 11 (sock 2 consumed 0.153780, avg temp 38.500000, final temp 39 ) ------
Loop 12 <line-167> - Time 0.199009 Total energy consumed 15.172230 Ave. Power Level 76.239070
	-------- Loop 12 (sock 1 consumed 7.669185, avg temp 44.000000, final temp 44 ) ------
	-------- Loop 12 (sock 2 consumed 7.503045, avg temp 38.500000, final temp 39 ) ------
Loop 13 <line-213> - Time 5.775326 Total energy consumed 455.124210 Ave. Power Level 78.804936
	-------- Loop 13 (sock 1 consumed 232.694310, avg temp 44.333333, final temp 44 ) ------
	-------- Loop 13 (sock 2 consumed 222.429900, avg temp 39.833333, final temp 39 ) ------
Loop 14 <line-99> - Time 4.485639 Total energy consumed 225.373875 Ave. Power Level 50.243430
	-------- Loop 14 (sock 1 consumed 116.247570, avg temp 43.428571, final temp 43 ) ------
	-------- Loop 14 (sock 2 consumed 109.126305, avg temp 37.285714, final temp 37 ) ------
Loop 15 <line-160> - Time 0.116301 Total energy consumed 6.572730 Ave. Power Level 56.514882
	-------- Loop 15 (sock 1 consumed 3.213465, avg temp 43.857143, final temp 44 ) ------
	-------- Loop 15 (sock 2 consumed 3.359265, avg temp 37.428571, final temp 38 ) ------
Loop 16 <line-269> - Time 3.525603 Total energy consumed 162.559605 Ave. Power Level 46.108317
	-------- Loop 16 (sock 1 consumed 79.341465, avg temp 43.730769, final temp 43 ) ------
	-------- Loop 16 (sock 2 consumed 83.218140, avg temp 37.615385, final temp 39 ) ------
Loop 17 <line-300> - Time 0.001763 Total energy consumed 0.021975 Ave. Power Level 12.461107
	-------- Loop 17 (sock 1 consumed 0.021975, avg temp 43.700000, final temp 43 ) ------
	-------- Loop 17 (sock 2 consumed 0.000000, avg temp 37.700000, final temp 38 ) ------
Loop 18 <line-148> - Time 0.000498 Total energy consumed 0.000000 Ave. Power Level 0.000000
	-------- Loop 18 (sock 1 consumed 0.000000, avg temp 44.000000, final temp 44 ) ------
	-------- Loop 18 (sock 2 consumed 0.000000, avg temp 38.000000, final temp 38 ) ------
Application(EnergyStat) - Time 32.422608 Total energy consumed 1697.533950 Ave. Power Level 52.356490 Final Temperature socket 1 : 44  socket 2 : 38 
	 ParallelApplication(EnergyStat) - Time 15.554540 Total energy consumed 943.001640 Ave. Power Level 60.625492
Memory used: 1.32422
Loading 32-bit binary file: pnnl.bin, numvertices: 2361670, numEdges: 191402826
File read time: 2.21432
Before allocating graph
Allocated graph: 0x1737570
Processing edges for vertex: 0, range(0, 166)
Processing edges for vertex: 100000, range(58444108, 58444133)
Processing edges for vertex: 200000, range(84376057, 84376362)
Processing edges for vertex: 300000, range(106069163, 106069503)
Processing edges for vertex: 400000, range(122097114, 122097513)
Processing edges for vertex: 500000, range(135096418, 135096483)
Processing edges for vertex: 600000, range(146097008, 146097061)
Processing edges for vertex: 700000, range(155415410, 155415531)
Processing edges for vertex: 800000, range(162595900, 162595989)
Processing edges for vertex: 900000, range(168508374, 168508464)
Processing edges for vertex: 1000000, range(173203321, 173203442)
Processing edges for vertex: 1100000, range(176935100, 176935110)
Processing edges for vertex: 1200000, range(179876260, 179876270)
Processing edges for vertex: 1300000, range(182240081, 182240092)
Processing edges for vertex: 1400000, range(184224513, 184224521)
Processing edges for vertex: 1500000, range(185795161, 185795170)
Processing edges for vertex: 1600000, range(187104124, 187104130)
Processing edges for vertex: 1700000, range(188148455, 188148461)
Processing edges for vertex: 1800000, range(188997836, 188997842)
Processing edges for vertex: 1900000, range(189691532, 189691535)
Processing edges for vertex: 2000000, range(190254658, 190254660)
Processing edges for vertex: 2100000, range(190705814, 190705822)
Processing edges for vertex: 2200000, range(191052755, 191052764)
Processing edges for vertex: 2300000, range(191302662, 191302663)
Graph populate time: 11.1544
Total I/O time: 13.3688

Regional(EnergyStat) - Time 13.373074 Total energy consumed 571.725555 Ave. Power Level 42.751993 
Running on: 14 threads
Loaded graph from file: pnnl.bin
Memory used: 2949.12
Maximum degree for the graph: 5520
Iteration: 0, conflicts: 30
Iteration: 1, conflicts: 1
Iteration: 2, conflicts: 0
Total number of colors used: 1190
Total number of conflicts overall: 0
Number of rounds: 3
SUCCESS: No conflicts found
Coloring time: 0.9119
Memory used: 2949.12
Number of reordered colors: 1013
End position for large colors: 0, node count: 550568, largest: 550568
Node count cutoff: 472334
e_xx: 1.10878e+08, a2_x: 6.35081e+11, currMod: 0.579273
e_xx: 1.56507e+08, a2_x: 5.64795e+11, currMod: 0.817668
e_xx: 1.65026e+08, a2_x: 5.81674e+11, currMod: 0.862179
e_xx: 1.68628e+08, a2_x: 5.45049e+11, currMod: 0.880998
e_xx: 1.70314e+08, a2_x: 5.00533e+11, currMod: 0.889806
currMod: 0.880998, prevMod: -1
Louvain time: 9.73521
numClusters: 204522, time: 0.132678
Next phase: 2
Memory used: 2949.12
End Structure 1307488 204522 vs 2817632
Build next level time: 4.33197
Iteration time: 14.2046
Memory used: 2949.12
e_xx: 1.66183e+08, a2_x: 4.99632e+11, currMod: 0.887398
e_xx: 1.78009e+08, a2_x: 3.30607e+11, currMod: 0.950555
e_xx: 1.77027e+08, a2_x: 3.00189e+11, currMod: 0.945309
currMod: 0.950555, prevMod: 0.880998
Louvain time: 1.03162
numClusters: 98432, time: 0.029136
Next phase: 3
Memory used: 2949.12
End Structure 938692 98432 vs 1975658
Build next level time: 0.273087
Iteration time: 1.33468
Memory used: 2949.12
e_xx: 1.78009e+08, a2_x: 3.30604e+11, currMod: 0.950553
e_xx: 1.81772e+08, a2_x: 1.98898e+11, currMod: 0.970649
e_xx: 1.83294e+08, a2_x: 2.00077e+11, currMod: 0.978776
e_xx: 1.83433e+08, a2_x: 1.81322e+11, currMod: 0.979521
e_xx: 1.83491e+08, a2_x: 1.76983e+11, currMod: 0.979829
e_xx: 1.835e+08, a2_x: 2.00022e+11, currMod: 0.979877
e_xx: 1.83522e+08, a2_x: 1.69911e+11, currMod: 0.979998
e_xx: 1.83516e+08, a2_x: 1.94513e+11, currMod: 0.979964
currMod: 0.979998, prevMod: 0.950555
Louvain time: 1.7422
numClusters: 29617, time: 0.00977
Next phase: 4
Memory used: 2949.12
End Structure 265145 29617 vs 559906
Build next level time: 0.160909
Iteration time: 1.91341
Memory used: 2949.12
e_xx: 1.83522e+08, a2_x: 1.68928e+11, currMod: 0.979981
e_xx: 1.83894e+08, a2_x: 5.15466e+10, currMod: 0.981968
e_xx: 1.83887e+08, a2_x: 5.1778e+10, currMod: 0.981934
currMod: 0.981968, prevMod: 0.979998
Louvain time: 0.285647
numClusters: 23963, time: 0.004814
Next phase: 5
Memory used: 2949.12
End Structure 139170 23963 vs 302303
Build next level time: 0.052873
Iteration time: 0.34382
Memory used: 2949.12
e_xx: 1.83894e+08, a2_x: 5.09413e+10, currMod: 0.981963
e_xx: 1.83975e+08, a2_x: 2.91017e+10, currMod: 0.982399
e_xx: 1.84015e+08, a2_x: 2.96699e+10, currMod: 0.98261
e_xx: 1.84016e+08, a2_x: 3.29246e+10, currMod: 0.982615
e_xx: 1.84019e+08, a2_x: 1.58787e+10, currMod: 0.982634
e_xx: 1.84024e+08, a2_x: 1.63382e+10, currMod: 0.982658
e_xx: 1.84018e+08, a2_x: 2.67136e+10, currMod: 0.982627
currMod: 0.982658, prevMod: 0.981968
Louvain time: 0.385161
numClusters: 22023, time: 0.004104
Next phase: 6
Memory used: 2949.12
End Structure 64139 22023 vs 150301
Build next level time: 0.03508
Iteration time: 0.42464
Memory used: 2949.12
e_xx: 1.84024e+08, a2_x: 1.71849e+10, currMod: 0.982656
e_xx: 1.84033e+08, a2_x: 2.4536e+10, currMod: 0.982704
e_xx: 1.84033e+08, a2_x: 3.00899e+10, currMod: 0.982704
currMod: 0.982704, prevMod: 0.982658
Louvain time: 0.085333
numClusters: 21914, time: 0.003763
Next phase: 7
Memory used: 2949.12
End Structure 55670 21914 vs 133254
Build next level time: 0.025309
Iteration time: 0.114623
Memory used: 2949.12
e_xx: 1.84033e+08, a2_x: 2.48222e+10, currMod: 0.982704
e_xx: 1.84033e+08, a2_x: 1.82864e+10, currMod: 0.982705
currMod: 0.982704, prevMod: 0.982704
Louvain time: 0.050644
numClusters: 21914, time: 0.00375
Maximum degree for the graph: 412
Iteration: 0, conflicts: 0
Total number of colors used: 167
Total number of conflicts overall: 0
Number of rounds: 1
SUCCESS: No conflicts found
Number of reordered colors: 166
End position for large colors: 0, node count: 21549, largest: 21549
Node count cutoff: 4383
e_xx: 1.84034e+08, a2_x: 1.74562e+10, currMod: 0.98271
e_xx: 1.86678e+08, a2_x: 1.12026e+10, currMod: 0.996827
e_xx: 1.86681e+08, a2_x: 1.07387e+10, currMod: 0.996848
e_xx: 1.86707e+08, a2_x: 4.87024e+09, currMod: 0.996984
e_xx: 1.86715e+08, a2_x: 8.92496e+09, currMod: 0.997027
e_xx: 1.86587e+08, a2_x: 7.32798e+09, currMod: 0.996345
End Structure 475 21569 vs 22519
currMod: 0.997027, prevMod: 0.982704
numClusters: 21569
Total iteration time: 18.3358

Loop 0 <line-37> - Time 0.000824 Total energy consumed 0.070485 Ave. Power Level 85.575670
	-------- Loop 0 (sock 1 consumed 0.050340, avg temp 44.000000, final temp 44 ) ------
	-------- Loop 0 (sock 2 consumed 0.020145, avg temp 37.000000, final temp 38 ) ------
Loop 1 <line-54> - Time 0.000512 Total energy consumed 0.043710 Ave. Power Level 85.335426
	-------- Loop 1 (sock 1 consumed 0.024105, avg temp 44.000000, final temp 44 ) ------
	-------- Loop 1 (sock 2 consumed 0.019605, avg temp 37.000000, final temp 38 ) ------
Loop 2 <line-76> - Time 0.000621 Total energy consumed 0.000000 Ave. Power Level 0.000000
	-------- Loop 2 (sock 1 consumed 0.000000, avg temp 44.000000, final temp 44 ) ------
	-------- Loop 2 (sock 2 consumed 0.000000, avg temp 37.000000, final temp 38 ) ------
Loop 3 <line-170> - Time 0.553596 Total energy consumed 29.698875 Ave. Power Level 53.647219
	-------- Loop 3 (sock 1 consumed 15.480915, avg temp 44.750000, final temp 44 ) ------
	-------- Loop 3 (sock 2 consumed 14.217960, avg temp 37.000000, final temp 37 ) ------
Loop 4 <line-192> - Time 0.000256 Total energy consumed 0.000000 Ave. Power Level 0.000000
	-------- Loop 4 (sock 1 consumed 0.000000, avg temp 44.500000, final temp 44 ) ------
	-------- Loop 4 (sock 2 consumed 0.000000, avg temp 37.000000, final temp 37 ) ------
Loop 5 <line-222> - Time 0.235851 Total energy consumed 12.258780 Ave. Power Level 51.976813
	-------- Loop 5 (sock 1 consumed 5.418330, avg temp 44.000000, final temp 44 ) ------
	-------- Loop 5 (sock 2 consumed 6.840450, avg temp 36.500000, final temp 37 ) ------
Loop 6 <line-116> - Time 0.002202 Total energy consumed 0.089475 Ave. Power Level 40.626523
	-------- Loop 6 (sock 1 consumed 0.049200, avg temp 44.000000, final temp 44 ) ------
	-------- Loop 6 (sock 2 consumed 0.040275, avg temp 37.285714, final temp 37 ) ------
Loop 7 <line-334> - Time 0.488539 Total energy consumed 23.876130 Ave. Power Level 48.872535
	-------- Loop 7 (sock 1 consumed 12.486540, avg temp 44.375000, final temp 44 ) ------
	-------- Loop 7 (sock 2 consumed 11.389590, avg temp 37.500000, final temp 38 ) ------
Loop 8 <line-353> - Time 0.000511 Total energy consumed 0.000000 Ave. Power Level 0.000000
	-------- Loop 8 (sock 1 consumed 0.000000, avg temp 44.375000, final temp 44 ) ------
	-------- Loop 8 (sock 2 consumed 0.000000, avg temp 37.500000, final temp 38 ) ------
Loop 9 <line-375> - Time 0.000803 Total energy consumed 0.000000 Ave. Power Level 0.000000
	-------- Loop 9 (sock 1 consumed 0.000000, avg temp 44.375000, final temp 44 ) ------
	-------- Loop 9 (sock 2 consumed 0.000000, avg temp 37.500000, final temp 38 ) ------
Loop 10 <line-85> - Time 0.148406 Total energy consumed 11.097915 Ave. Power Level 74.780835
	-------- Loop 10 (sock 1 consumed 5.574735, avg temp 44.000000, final temp 44 ) ------
	-------- Loop 10 (sock 2 consumed 5.523180, avg temp 37.750000, final temp 38 ) ------
Loop 11 <line-131> - Time 0.003300 Total energy consumed 0.273660 Ave. Power Level 82.916041
	-------- Loop 11 (sock 1 consumed 0.158445, avg temp 44.000000, final temp 44 ) ------
	-------- Loop 11 (sock 2 consumed 0.115215, avg temp 38.000000, final temp 38 ) ------
Loop 12 <line-167> - Time 0.224858 Total energy consumed 16.991175 Ave. Power Level 75.563987
	-------- Loop 12 (sock 1 consumed 8.580165, avg temp 44.500000, final temp 45 ) ------
	-------- Loop 12 (sock 2 consumed 8.411010, avg temp 38.000000, final temp 38 ) ------
Loop 13 <line-213> - Time 5.702235 Total energy consumed 447.124050 Ave. Power Level 78.412074
	-------- Loop 13 (sock 1 consumed 228.470130, avg temp 44.272727, final temp 45 ) ------
	-------- Loop 13 (sock 2 consumed 218.653920, avg temp 39.000000, final temp 39 ) ------
Loop 14 <line-99> - Time 4.394358 Total energy consumed 224.119275 Ave. Power Level 51.001599
	-------- Loop 14 (sock 1 consumed 115.839630, avg temp 44.142857, final temp 44 ) ------
	-------- Loop 14 (sock 2 consumed 108.279645, avg temp 37.142857, final temp 38 ) ------
Loop 15 <line-160> - Time 0.130565 Total energy consumed 7.388280 Ave. Power Level 56.587102
	-------- Loop 15 (sock 1 consumed 3.828300, avg temp 44.142857, final temp 44 ) ------
	-------- Loop 15 (sock 2 consumed 3.559980, avg temp 37.571429, final temp 38 ) ------
Loop 16 <line-269> - Time 3.551535 Total energy consumed 164.471040 Ave. Power Level 46.309843
	-------- Loop 16 (sock 1 consumed 82.987845, avg temp 44.038462, final temp 44 ) ------
	-------- Loop 16 (sock 2 consumed 81.483195, avg temp 37.461538, final temp 37 ) ------
Loop 17 <line-300> - Time 0.001362 Total energy consumed 0.019830 Ave. Power Level 14.559856
	-------- Loop 17 (sock 1 consumed 0.000000, avg temp 44.050000, final temp 43 ) ------
	-------- Loop 17 (sock 2 consumed 0.019830, avg temp 37.500000, final temp 37 ) ------
Loop 18 <line-148> - Time 0.000424 Total energy consumed 0.000000 Ave. Power Level 0.000000
	-------- Loop 18 (sock 1 consumed 0.000000, avg temp 44.000000, final temp 44 ) ------
	-------- Loop 18 (sock 2 consumed 0.000000, avg temp 38.000000, final temp 38 ) ------
Application(EnergyStat) - Time 32.717817 Total energy consumed 1697.951820 Ave. Power Level 51.896855 Final Temperature socket 1 : 44  socket 2 : 38 
	 ParallelApplication(EnergyStat) - Time 15.440758 Total energy consumed 937.522680 Ave. Power Level 60.717400
