Memory used: 1.32031
Loading 32-bit binary file: pnnl.bin, numvertices: 2361670, numEdges: 191402826
File read time: 1.55462
Before allocating graph
Allocated graph: 0x1a0f570
Processing edges for vertex: 0, range(0, 166)
Processing edges for vertex: 100000, range(58444108, 58444133)
Processing edges for vertex: 200000, range(84376057, 84376362)
Processing edges for vertex: 300000, range(106069163, 106069503)
Processing edges for vertex: 400000, range(122097114, 122097513)
Processing edges for vertex: 500000, range(135096418, 135096483)
Processing edges for vertex: 600000, range(146097008, 146097061)
Processing edges for vertex: 700000, range(155415410, 155415531)
Processing edges for vertex: 800000, range(162595900, 162595989)
Processing edges for vertex: 900000, range(168508374, 168508464)
Processing edges for vertex: 1000000, range(173203321, 173203442)
Processing edges for vertex: 1100000, range(176935100, 176935110)
Processing edges for vertex: 1200000, range(179876260, 179876270)
Processing edges for vertex: 1300000, range(182240081, 182240092)
Processing edges for vertex: 1400000, range(184224513, 184224521)
Processing edges for vertex: 1500000, range(185795161, 185795170)
Processing edges for vertex: 1600000, range(187104124, 187104130)
Processing edges for vertex: 1700000, range(188148455, 188148461)
Processing edges for vertex: 1800000, range(188997836, 188997842)
Processing edges for vertex: 1900000, range(189691532, 189691535)
Processing edges for vertex: 2000000, range(190254658, 190254660)
Processing edges for vertex: 2100000, range(190705814, 190705822)
Processing edges for vertex: 2200000, range(191052755, 191052764)
Processing edges for vertex: 2300000, range(191302662, 191302663)
Graph populate time: 7.38918
Total I/O time: 8.94383

Regional(EnergyStat) - Time 8.946954 Total energy consumed 516.989205 Ave. Power Level 57.783820 
Running on: 11 threads
Loaded graph from file: pnnl.bin
Memory used: 2949.12
Maximum degree for the graph: 5520
Iteration: 0, conflicts: 24
Iteration: 1, conflicts: 3
Iteration: 2, conflicts: 1
Iteration: 3, conflicts: 0
Total number of colors used: 1185
Total number of conflicts overall: 0
Number of rounds: 4
SUCCESS: No conflicts found
Coloring time: 0.740184
Memory used: 2949.12
Number of reordered colors: 997
End position for large colors: 0, node count: 550336, largest: 550336
Node count cutoff: 472334
e_xx: 1.26751e+08, a2_x: 6.18807e+11, currMod: 0.662203
e_xx: 1.67351e+08, a2_x: 5.8101e+11, currMod: 0.874325
e_xx: 1.73341e+08, a2_x: 5.5586e+11, currMod: 0.905617
e_xx: 1.75431e+08, a2_x: 4.82693e+11, currMod: 0.916542
e_xx: 1.76635e+08, a2_x: 5.32514e+11, currMod: 0.92283
currMod: 0.916542, prevMod: -1
Louvain time: 8.0683
numClusters: 204641, time: 0.102113
Next phase: 2
Memory used: 2949.12
End Structure 1300501 204641 vs 2803963
Build next level time: 3.53373
Iteration time: 11.7078
Memory used: 2949.12
e_xx: 1.57155e+08, a2_x: 5.29915e+11, currMod: 0.914124
e_xx: 1.6525e+08, a2_x: 3.23228e+11, currMod: 0.961215
e_xx: 1.66859e+08, a2_x: 2.94309e+11, currMod: 0.970579
e_xx: 1.67249e+08, a2_x: 3.09082e+11, currMod: 0.972842
e_xx: 1.67302e+08, a2_x: 2.92755e+11, currMod: 0.973153
e_xx: 1.67411e+08, a2_x: 3.15644e+11, currMod: 0.973787
e_xx: 1.67389e+08, a2_x: 2.85716e+11, currMod: 0.973661
currMod: 0.973787, prevMod: 0.916542
Louvain time: 1.5493
numClusters: 54681, time: 0.015305
Next phase: 3
Memory used: 2949.12
End Structure 544047 54681 vs 1142759
Build next level time: 0.173289
Iteration time: 1.73861
Memory used: 2949.12
e_xx: 1.67411e+08, a2_x: 3.15839e+11, currMod: 0.97376
e_xx: 1.68312e+08, a2_x: 9.56073e+10, currMod: 0.97901
e_xx: 1.68295e+08, a2_x: 9.52913e+10, currMod: 0.978911
currMod: 0.97901, prevMod: 0.973787
Louvain time: 0.350161
numClusters: 32853, time: 0.005887
Next phase: 4
Memory used: 2949.12
End Structure 279221 32853 vs 591294
Build next level time: 0.071409
Iteration time: 0.427904
Memory used: 2949.12
e_xx: 1.68312e+08, a2_x: 9.23513e+10, currMod: 0.979001
e_xx: 1.68604e+08, a2_x: 1.2858e+09, currMod: 0.9807
e_xx: 1.68591e+08, a2_x: -2.17604e+10, currMod: 0.980627
currMod: 0.9807, prevMod: 0.97901
Louvain time: 0.195495
numClusters: 24714, time: 0.003515
Next phase: 5
Memory used: 2949.12
End Structure 146299 24714 vs 317312
Build next level time: 0.041096
Iteration time: 0.240533
Memory used: 2949.12
e_xx: 1.68604e+08, a2_x: 2.39781e+09, currMod: 0.980695
e_xx: 1.68672e+08, a2_x: -3.68898e+10, currMod: 0.981093
e_xx: 1.68678e+08, a2_x: -1.86198e+10, currMod: 0.981128
e_xx: 1.68678e+08, a2_x: -3.35207e+10, currMod: 0.981126
currMod: 0.981128, prevMod: 0.9807
Louvain time: 0.162332
numClusters: 22238, time: 0.002787
Next phase: 6
Memory used: 2949.12
End Structure 92799 22238 vs 207836
Build next level time: 0.030597
Iteration time: 0.19597
Memory used: 2949.12
e_xx: 1.68678e+08, a2_x: -1.70747e+10, currMod: 0.981127
e_xx: 1.68682e+08, a2_x: -4.72937e+10, currMod: 0.981148
e_xx: 1.68683e+08, a2_x: -2.27199e+10, currMod: 0.981153
e_xx: 1.68684e+08, a2_x: -2.51888e+10, currMod: 0.981162
e_xx: 1.68685e+08, a2_x: -2.46717e+10, currMod: 0.981168
e_xx: 1.68693e+08, a2_x: -7.38151e+09, currMod: 0.981213
e_xx: 1.68692e+08, a2_x: -5.99427e+09, currMod: 0.981205
currMod: 0.981213, prevMod: 0.981128
Louvain time: 0.185427
numClusters: 21917, time: 0.002545
Next phase: 7
Memory used: 2949.12
End Structure 56263 21917 vs 134443
Build next level time: 0.017462
Iteration time: 0.205619
Memory used: 2949.12
e_xx: 1.68693e+08, a2_x: -6.72763e+09, currMod: 0.981213
e_xx: 1.68694e+08, a2_x: -5.55794e+09, currMod: 0.981216
e_xx: 1.68694e+08, a2_x: -7.17092e+09, currMod: 0.981217
currMod: 0.981216, prevMod: 0.981213
Louvain time: 0.050626
numClusters: 21902, time: 0.00249
Next phase: 8
Memory used: 2949.12
End Structure 55033 21902 vs 131968
Build next level time: 0.015249
Iteration time: 0.068532
Memory used: 2949.12
e_xx: 1.68694e+08, a2_x: -5.88488e+09, currMod: 0.981217
e_xx: 1.68694e+08, a2_x: -5.84593e+09, currMod: 0.981217
currMod: 0.981217, prevMod: 0.981216
Louvain time: 0.033287
numClusters: 21902, time: 0.002492
Maximum degree for the graph: 399
Iteration: 0, conflicts: 0
Total number of colors used: 164
Total number of conflicts overall: 0
Number of rounds: 1
SUCCESS: No conflicts found
Number of reordered colors: 163
End position for large colors: 0, node count: 21538, largest: 21538
Node count cutoff: 4381
e_xx: 1.68694e+08, a2_x: -5.84593e+09, currMod: 0.981217
End Structure 54995 21901 vs 131891
currMod: 0.981217, prevMod: 0.981216
numClusters: 21901
Total iteration time: 14.585

Loop 0 <line-37> - Time 0.000662 Total energy consumed 0.000000 Ave. Power Level 0.000000
	-------- Loop 0 (sock 1 consumed 0.000000, avg temp 48.500000, final temp 49 ) ------
	-------- Loop 0 (sock 2 consumed 0.000000, avg temp 43.000000, final temp 44 ) ------
Loop 1 <line-54> - Time 0.000437 Total energy consumed 0.000000 Ave. Power Level 0.000000
	-------- Loop 1 (sock 1 consumed 0.000000, avg temp 48.000000, final temp 49 ) ------
	-------- Loop 1 (sock 2 consumed 0.000000, avg temp 43.000000, final temp 44 ) ------
Loop 2 <line-76> - Time 0.000431 Total energy consumed 0.000000 Ave. Power Level 0.000000
	-------- Loop 2 (sock 1 consumed 0.000000, avg temp 48.000000, final temp 49 ) ------
	-------- Loop 2 (sock 2 consumed 0.000000, avg temp 43.000000, final temp 44 ) ------
Loop 3 <line-170> - Time 0.482564 Total energy consumed 34.262820 Ave. Power Level 71.001570
	-------- Loop 3 (sock 1 consumed 15.520245, avg temp 48.200000, final temp 49 ) ------
	-------- Loop 3 (sock 2 consumed 18.742575, avg temp 41.600000, final temp 44 ) ------
Loop 4 <line-192> - Time 0.000212 Total energy consumed 0.056505 Ave. Power Level 265.924654
	-------- Loop 4 (sock 1 consumed 0.032460, avg temp 49.000000, final temp 49 ) ------
	-------- Loop 4 (sock 2 consumed 0.024045, avg temp 43.000000, final temp 44 ) ------
Loop 5 <line-222> - Time 0.173321 Total energy consumed 12.720990 Ave. Power Level 73.395566
	-------- Loop 5 (sock 1 consumed 5.938170, avg temp 48.500000, final temp 49 ) ------
	-------- Loop 5 (sock 2 consumed 6.782820, avg temp 43.000000, final temp 44 ) ------
Loop 6 <line-116> - Time 0.002156 Total energy consumed 0.210690 Ave. Power Level 97.703511
	-------- Loop 6 (sock 1 consumed 0.067725, avg temp 48.375000, final temp 48 ) ------
	-------- Loop 6 (sock 2 consumed 0.142965, avg temp 43.750000, final temp 44 ) ------
Loop 7 <line-334> - Time 0.386003 Total energy consumed 24.266700 Ave. Power Level 62.866563
	-------- Loop 7 (sock 1 consumed 9.741150, avg temp 48.555556, final temp 49 ) ------
	-------- Loop 7 (sock 2 consumed 14.525550, avg temp 43.888889, final temp 44 ) ------
Loop 8 <line-353> - Time 0.000448 Total energy consumed 0.089880 Ave. Power Level 200.473303
	-------- Loop 8 (sock 1 consumed 0.000000, avg temp 48.555556, final temp 49 ) ------
	-------- Loop 8 (sock 2 consumed 0.089880, avg temp 43.888889, final temp 44 ) ------
Loop 9 <line-375> - Time 0.000671 Total energy consumed 0.000000 Ave. Power Level 0.000000
	-------- Loop 9 (sock 1 consumed 0.000000, avg temp 48.555556, final temp 49 ) ------
	-------- Loop 9 (sock 2 consumed 0.000000, avg temp 43.888889, final temp 44 ) ------
Loop 10 <line-85> - Time 0.112420 Total energy consumed 12.340995 Ave. Power Level 109.776187
	-------- Loop 10 (sock 1 consumed 5.927190, avg temp 49.000000, final temp 49 ) ------
	-------- Loop 10 (sock 2 consumed 6.413805, avg temp 44.750000, final temp 45 ) ------
Loop 11 <line-131> - Time 0.002801 Total energy consumed 0.396840 Ave. Power Level 141.668261
	-------- Loop 11 (sock 1 consumed 0.163290, avg temp 49.000000, final temp 49 ) ------
	-------- Loop 11 (sock 2 consumed 0.233550, avg temp 44.500000, final temp 45 ) ------
Loop 12 <line-167> - Time 0.175499 Total energy consumed 19.382985 Ave. Power Level 110.445231
	-------- Loop 12 (sock 1 consumed 9.349950, avg temp 49.000000, final temp 49 ) ------
	-------- Loop 12 (sock 2 consumed 10.033035, avg temp 44.500000, final temp 44 ) ------
Loop 13 <line-213> - Time 4.715695 Total energy consumed 532.642335 Ave. Power Level 112.950982
	-------- Loop 13 (sock 1 consumed 255.636450, avg temp 50.166667, final temp 49 ) ------
	-------- Loop 13 (sock 2 consumed 277.005885, avg temp 47.333333, final temp 44 ) ------
Loop 14 <line-99> - Time 3.526871 Total energy consumed 244.142010 Ave. Power Level 69.223406
	-------- Loop 14 (sock 1 consumed 102.471615, avg temp 48.625000, final temp 48 ) ------
	-------- Loop 14 (sock 2 consumed 141.670395, avg temp 43.375000, final temp 44 ) ------
Loop 15 <line-160> - Time 0.106483 Total energy consumed 8.100045 Ave. Power Level 76.068574
	-------- Loop 15 (sock 1 consumed 3.718725, avg temp 49.000000, final temp 49 ) ------
	-------- Loop 15 (sock 2 consumed 4.381320, avg temp 44.500000, final temp 44 ) ------
Loop 16 <line-269> - Time 2.506560 Total energy consumed 155.885115 Ave. Power Level 62.190857
	-------- Loop 16 (sock 1 consumed 78.629085, avg temp 48.689655, final temp 49 ) ------
	-------- Loop 16 (sock 2 consumed 77.256030, avg temp 43.586207, final temp 43 ) ------
Loop 17 <line-300> - Time 0.001373 Total energy consumed 0.055425 Ave. Power Level 40.355669
	-------- Loop 17 (sock 1 consumed 0.031950, avg temp 48.636364, final temp 49 ) ------
	-------- Loop 17 (sock 2 consumed 0.023475, avg temp 43.454545, final temp 43 ) ------
Loop 18 <line-148> - Time 0.000378 Total energy consumed 0.000000 Ave. Power Level 0.000000
	-------- Loop 18 (sock 1 consumed 0.000000, avg temp 49.000000, final temp 49 ) ------
	-------- Loop 18 (sock 2 consumed 0.000000, avg temp 44.000000, final temp 44 ) ------
Application(EnergyStat) - Time 24.338282 Total energy consumed 1767.440085 Ave. Power Level 72.619755 Final Temperature socket 1 : 49  socket 2 : 44 
	 ParallelApplication(EnergyStat) - Time 12.194986 Total energy consumed 1044.553335 Ave. Power Level 85.654330
Memory used: 1.32031
Loading 32-bit binary file: pnnl.bin, numvertices: 2361670, numEdges: 191402826
File read time: 1.59383
Before allocating graph
Allocated graph: 0x2341570
Processing edges for vertex: 0, range(0, 166)
Processing edges for vertex: 100000, range(58444108, 58444133)
Processing edges for vertex: 200000, range(84376057, 84376362)
Processing edges for vertex: 300000, range(106069163, 106069503)
Processing edges for vertex: 400000, range(122097114, 122097513)
Processing edges for vertex: 500000, range(135096418, 135096483)
Processing edges for vertex: 600000, range(146097008, 146097061)
Processing edges for vertex: 700000, range(155415410, 155415531)
Processing edges for vertex: 800000, range(162595900, 162595989)
Processing edges for vertex: 900000, range(168508374, 168508464)
Processing edges for vertex: 1000000, range(173203321, 173203442)
Processing edges for vertex: 1100000, range(176935100, 176935110)
Processing edges for vertex: 1200000, range(179876260, 179876270)
Processing edges for vertex: 1300000, range(182240081, 182240092)
Processing edges for vertex: 1400000, range(184224513, 184224521)
Processing edges for vertex: 1500000, range(185795161, 185795170)
Processing edges for vertex: 1600000, range(187104124, 187104130)
Processing edges for vertex: 1700000, range(188148455, 188148461)
Processing edges for vertex: 1800000, range(188997836, 188997842)
Processing edges for vertex: 1900000, range(189691532, 189691535)
Processing edges for vertex: 2000000, range(190254658, 190254660)
Processing edges for vertex: 2100000, range(190705814, 190705822)
Processing edges for vertex: 2200000, range(191052755, 191052764)
Processing edges for vertex: 2300000, range(191302662, 191302663)
Graph populate time: 7.52787
Total I/O time: 9.12173

Regional(EnergyStat) - Time 9.124988 Total energy consumed 516.713400 Ave. Power Level 56.626200 
Running on: 11 threads
Loaded graph from file: pnnl.bin
Memory used: 2949.12
Maximum degree for the graph: 5520
Iteration: 0, conflicts: 10
Iteration: 1, conflicts: 0
Total number of colors used: 1187
Total number of conflicts overall: 0
Number of rounds: 2
SUCCESS: No conflicts found
Coloring time: 0.747981
Memory used: 2949.12
Number of reordered colors: 1007
End position for large colors: 0, node count: 550314, largest: 550314
Node count cutoff: 472334
e_xx: 1.21368e+08, a2_x: 6.57377e+11, currMod: 0.634081
e_xx: 1.6481e+08, a2_x: 5.86962e+11, currMod: 0.861046
e_xx: 1.71854e+08, a2_x: 5.53128e+11, currMod: 0.897848
e_xx: 1.74598e+08, a2_x: 5.60742e+11, currMod: 0.912186
e_xx: 1.75949e+08, a2_x: 5.48429e+11, currMod: 0.919243
currMod: 0.912186, prevMod: -1
Louvain time: 8.12679
numClusters: 204697, time: 0.10205
Next phase: 2
Memory used: 2949.12
End Structure 1307857 204697 vs 2818650
Build next level time: 3.57739
Iteration time: 11.8096
Memory used: 2949.12
e_xx: 1.57638e+08, a2_x: 5.49569e+11, currMod: 0.910735
e_xx: 1.66593e+08, a2_x: 3.6993e+11, currMod: 0.962477
e_xx: 1.68004e+08, a2_x: 2.73897e+11, currMod: 0.970631
e_xx: 1.68335e+08, a2_x: 2.68989e+11, currMod: 0.972544
e_xx: 1.68452e+08, a2_x: 2.71328e+11, currMod: 0.97322
e_xx: 1.68588e+08, a2_x: 2.45452e+11, currMod: 0.974004
e_xx: 1.68578e+08, a2_x: 2.75825e+11, currMod: 0.973945
currMod: 0.974004, prevMod: 0.912186
Louvain time: 1.58263
numClusters: 56765, time: 0.01518
Next phase: 3
Memory used: 2949.12
End Structure 592729 56765 vs 1242206
Build next level time: 0.171913
Iteration time: 1.77059
Memory used: 2949.12
e_xx: 1.68587e+08, a2_x: 2.44947e+11, currMod: 0.973982
e_xx: 1.69409e+08, a2_x: 1.36053e+11, currMod: 0.978734
e_xx: 1.6944e+08, a2_x: 1.08212e+11, currMod: 0.978911
e_xx: 1.69551e+08, a2_x: 4.70182e+10, currMod: 0.979558
e_xx: 1.69485e+08, a2_x: 1.06648e+11, currMod: 0.979169
currMod: 0.979558, prevMod: 0.974004
Louvain time: 0.571728
numClusters: 26523, time: 0.004854
Next phase: 4
Memory used: 2949.12
End Structure 197782 26523 vs 422086
Build next level time: 0.072945
Iteration time: 0.649964
Memory used: 2949.12
e_xx: 1.69551e+08, a2_x: 4.62661e+10, currMod: 0.979543
e_xx: 1.6977e+08, a2_x: 2.9187e+10, currMod: 0.980805
e_xx: 1.6979e+08, a2_x: 3.334e+10, currMod: 0.980921
e_xx: 1.69792e+08, a2_x: 3.60159e+10, currMod: 0.980934
e_xx: 1.69791e+08, a2_x: 3.61983e+09, currMod: 0.98093
currMod: 0.980934, prevMod: 0.979558
Louvain time: 0.246803
numClusters: 22202, time: 0.002929
Next phase: 5
Memory used: 2949.12
End Structure 93975 22202 vs 210152
Build next level time: 0.029053
Iteration time: 0.279174
Memory used: 2949.12
e_xx: 1.69792e+08, a2_x: 3.6662e+10, currMod: 0.980932
e_xx: 1.69797e+08, a2_x: 2.43582e+10, currMod: 0.980959
e_xx: 1.69798e+08, a2_x: 1.76693e+10, currMod: 0.980966
e_xx: 1.69797e+08, a2_x: 2.18084e+10, currMod: 0.980962
currMod: 0.980966, prevMod: 0.980934
Louvain time: 0.111371
numClusters: 21971, time: 0.002542
Next phase: 6
Memory used: 2949.12
End Structure 74572 21971 vs 171115
Build next level time: 0.019278
Iteration time: 0.133392
Memory used: 2949.12
e_xx: 1.69798e+08, a2_x: 1.83616e+10, currMod: 0.980965
e_xx: 1.69798e+08, a2_x: 2.21172e+10, currMod: 0.980966
currMod: 0.980966, prevMod: 0.980966
Louvain time: 0.044773
numClusters: 21971, time: 0.002508
Maximum degree for the graph: 470
Iteration: 0, conflicts: 0
Total number of colors used: 182
Total number of conflicts overall: 0
Number of rounds: 1
SUCCESS: No conflicts found
Number of reordered colors: 182
End position for large colors: 0, node count: 21537, largest: 21537
Node count cutoff: 4395
e_xx: 1.69798e+08, a2_x: 2.46953e+10, currMod: 0.980967
e_xx: 1.69798e+08, a2_x: 1.71739e+10, currMod: 0.980967
End Structure 70126 21945 vs 162197
currMod: 0.980967, prevMod: 0.980966
numClusters: 21945
Total iteration time: 14.6427

Loop 0 <line-37> - Time 0.000690 Total energy consumed 0.000000 Ave. Power Level 0.000000
	-------- Loop 0 (sock 1 consumed 0.000000, avg temp 48.000000, final temp 48 ) ------
	-------- Loop 0 (sock 2 consumed 0.000000, avg temp 44.000000, final temp 45 ) ------
Loop 1 <line-54> - Time 0.000494 Total energy consumed 0.000000 Ave. Power Level 0.000000
	-------- Loop 1 (sock 1 consumed 0.000000, avg temp 48.000000, final temp 48 ) ------
	-------- Loop 1 (sock 2 consumed 0.000000, avg temp 43.500000, final temp 45 ) ------
Loop 2 <line-76> - Time 0.000478 Total energy consumed 0.000000 Ave. Power Level 0.000000
	-------- Loop 2 (sock 1 consumed 0.000000, avg temp 48.000000, final temp 48 ) ------
	-------- Loop 2 (sock 2 consumed 0.000000, avg temp 43.500000, final temp 45 ) ------
Loop 3 <line-170> - Time 0.460283 Total energy consumed 32.560725 Ave. Power Level 70.740640
	-------- Loop 3 (sock 1 consumed 12.896250, avg temp 48.000000, final temp 48 ) ------
	-------- Loop 3 (sock 2 consumed 19.664475, avg temp 43.000000, final temp 45 ) ------
Loop 4 <line-192> - Time 0.000164 Total energy consumed 0.000000 Ave. Power Level 0.000000
	-------- Loop 4 (sock 1 consumed 0.000000, avg temp 48.000000, final temp 48 ) ------
	-------- Loop 4 (sock 2 consumed 0.000000, avg temp 43.500000, final temp 45 ) ------
Loop 5 <line-222> - Time 0.200997 Total energy consumed 14.053095 Ave. Power Level 69.916945
	-------- Loop 5 (sock 1 consumed 7.769175, avg temp 48.000000, final temp 48 ) ------
	-------- Loop 5 (sock 2 consumed 6.283920, avg temp 44.000000, final temp 45 ) ------
Loop 6 <line-116> - Time 0.001752 Total energy consumed 0.199185 Ave. Power Level 113.681828
	-------- Loop 6 (sock 1 consumed 0.091230, avg temp 48.166667, final temp 48 ) ------
	-------- Loop 6 (sock 2 consumed 0.107955, avg temp 43.666667, final temp 45 ) ------
Loop 7 <line-334> - Time 0.384258 Total energy consumed 24.150675 Ave. Power Level 62.850102
	-------- Loop 7 (sock 1 consumed 9.281235, avg temp 48.142857, final temp 48 ) ------
	-------- Loop 7 (sock 2 consumed 14.869440, avg temp 44.000000, final temp 45 ) ------
Loop 8 <line-353> - Time 0.000451 Total energy consumed 0.056460 Ave. Power Level 125.162660
	-------- Loop 8 (sock 1 consumed 0.022140, avg temp 48.142857, final temp 48 ) ------
	-------- Loop 8 (sock 2 consumed 0.034320, avg temp 43.857143, final temp 45 ) ------
Loop 9 <line-375> - Time 0.000609 Total energy consumed 0.000000 Ave. Power Level 0.000000
	-------- Loop 9 (sock 1 consumed 0.000000, avg temp 48.142857, final temp 48 ) ------
	-------- Loop 9 (sock 2 consumed 0.000000, avg temp 44.000000, final temp 45 ) ------
Loop 10 <line-85> - Time 0.113432 Total energy consumed 12.410190 Ave. Power Level 109.406200
	-------- Loop 10 (sock 1 consumed 5.973870, avg temp 48.250000, final temp 49 ) ------
	-------- Loop 10 (sock 2 consumed 6.436320, avg temp 44.500000, final temp 45 ) ------
Loop 11 <line-131> - Time 0.002831 Total energy consumed 0.389340 Ave. Power Level 137.549677
	-------- Loop 11 (sock 1 consumed 0.214665, avg temp 48.000000, final temp 48 ) ------
	-------- Loop 11 (sock 2 consumed 0.174675, avg temp 45.000000, final temp 45 ) ------
Loop 12 <line-167> - Time 0.165244 Total energy consumed 18.185640 Ave. Power Level 110.053148
	-------- Loop 12 (sock 1 consumed 8.770080, avg temp 48.500000, final temp 48 ) ------
	-------- Loop 12 (sock 2 consumed 9.415560, avg temp 45.000000, final temp 45 ) ------
Loop 13 <line-213> - Time 4.794739 Total energy consumed 541.768035 Ave. Power Level 112.992173
	-------- Loop 13 (sock 1 consumed 259.932975, avg temp 50.000000, final temp 48 ) ------
	-------- Loop 13 (sock 2 consumed 281.835060, avg temp 47.285714, final temp 45 ) ------
Loop 14 <line-99> - Time 3.538685 Total energy consumed 243.557565 Ave. Power Level 68.827137
	-------- Loop 14 (sock 1 consumed 102.606300, avg temp 48.166667, final temp 49 ) ------
	-------- Loop 14 (sock 2 consumed 140.951265, avg temp 44.000000, final temp 44 ) ------
Loop 15 <line-160> - Time 0.099672 Total energy consumed 7.486785 Ave. Power Level 75.114527
	-------- Loop 15 (sock 1 consumed 3.436590, avg temp 48.333333, final temp 48 ) ------
	-------- Loop 15 (sock 2 consumed 4.050195, avg temp 44.333333, final temp 45 ) ------
Loop 16 <line-269> - Time 2.539688 Total energy consumed 156.693600 Ave. Power Level 61.697969
	-------- Loop 16 (sock 1 consumed 74.151030, avg temp 48.347826, final temp 48 ) ------
	-------- Loop 16 (sock 2 consumed 82.542570, avg temp 44.000000, final temp 44 ) ------
Loop 17 <line-300> - Time 0.001345 Total energy consumed 0.087270 Ave. Power Level 64.898896
	-------- Loop 17 (sock 1 consumed 0.063990, avg temp 48.333333, final temp 48 ) ------
	-------- Loop 17 (sock 2 consumed 0.023280, avg temp 43.777778, final temp 44 ) ------
Loop 18 <line-148> - Time 0.000383 Total energy consumed 0.146430 Ave. Power Level 382.311781
	-------- Loop 18 (sock 1 consumed 0.085950, avg temp 48.000000, final temp 48 ) ------
	-------- Loop 18 (sock 2 consumed 0.060480, avg temp 45.000000, final temp 45 ) ------
Application(EnergyStat) - Time 24.600628 Total energy consumed 1772.984340 Ave. Power Level 72.070695 Final Temperature socket 1 : 49  socket 2 : 44 
	 ParallelApplication(EnergyStat) - Time 12.306196 Total energy consumed 1051.744995 Ave. Power Level 85.464669
Memory used: 1.32031
Loading 32-bit binary file: pnnl.bin, numvertices: 2361670, numEdges: 191402826
File read time: 1.64333
Before allocating graph
Allocated graph: 0x234a570
Processing edges for vertex: 0, range(0, 166)
Processing edges for vertex: 100000, range(58444108, 58444133)
Processing edges for vertex: 200000, range(84376057, 84376362)
Processing edges for vertex: 300000, range(106069163, 106069503)
Processing edges for vertex: 400000, range(122097114, 122097513)
Processing edges for vertex: 500000, range(135096418, 135096483)
Processing edges for vertex: 600000, range(146097008, 146097061)
Processing edges for vertex: 700000, range(155415410, 155415531)
Processing edges for vertex: 800000, range(162595900, 162595989)
Processing edges for vertex: 900000, range(168508374, 168508464)
Processing edges for vertex: 1000000, range(173203321, 173203442)
Processing edges for vertex: 1100000, range(176935100, 176935110)
Processing edges for vertex: 1200000, range(179876260, 179876270)
Processing edges for vertex: 1300000, range(182240081, 182240092)
Processing edges for vertex: 1400000, range(184224513, 184224521)
Processing edges for vertex: 1500000, range(185795161, 185795170)
Processing edges for vertex: 1600000, range(187104124, 187104130)
Processing edges for vertex: 1700000, range(188148455, 188148461)
Processing edges for vertex: 1800000, range(188997836, 188997842)
Processing edges for vertex: 1900000, range(189691532, 189691535)
Processing edges for vertex: 2000000, range(190254658, 190254660)
Processing edges for vertex: 2100000, range(190705814, 190705822)
Processing edges for vertex: 2200000, range(191052755, 191052764)
Processing edges for vertex: 2300000, range(191302662, 191302663)
Graph populate time: 7.71118
Total I/O time: 9.35455

Regional(EnergyStat) - Time 9.357810 Total energy consumed 529.444800 Ave. Power Level 56.577854 
Running on: 11 threads
Loaded graph from file: pnnl.bin
Memory used: 2949.12
Maximum degree for the graph: 5520
Iteration: 0, conflicts: 48
Iteration: 1, conflicts: 17
Iteration: 2, conflicts: 13
Iteration: 3, conflicts: 10
Iteration: 4, conflicts: 8
Iteration: 5, conflicts: 6
Iteration: 6, conflicts: 4
Iteration: 7, conflicts: 3
Iteration: 8, conflicts: 2
Iteration: 9, conflicts: 1
Iteration: 10, conflicts: 0
Total number of colors used: 1190
Total number of conflicts overall: 0
Number of rounds: 11
SUCCESS: No conflicts found
Coloring time: 0.762579
Memory used: 2949.12
Number of reordered colors: 1012
End position for large colors: 0, node count: 550460, largest: 550460
Node count cutoff: 472334
e_xx: 1.28127e+08, a2_x: 6.01182e+11, currMod: 0.669396
e_xx: 1.68291e+08, a2_x: 6.35088e+11, currMod: 0.879231
e_xx: 1.74173e+08, a2_x: 5.75469e+11, currMod: 0.909965
e_xx: 1.76364e+08, a2_x: 5.23368e+11, currMod: 0.921416
e_xx: 1.77367e+08, a2_x: 5.53708e+11, currMod: 0.926652
currMod: 0.921416, prevMod: -1
Louvain time: 7.99918
numClusters: 204154, time: 0.089739
Next phase: 2
Memory used: 2949.12
End Structure 1287134 204154 vs 2776683
Build next level time: 4.98172
Iteration time: 13.0751
Memory used: 2949.12
e_xx: 1.56873e+08, a2_x: 5.548e+11, currMod: 0.917898
e_xx: 1.64368e+08, a2_x: 3.55398e+11, currMod: 0.961757
e_xx: 1.65795e+08, a2_x: 2.92448e+11, currMod: 0.970109
e_xx: 1.66111e+08, a2_x: 2.26002e+11, currMod: 0.97196
e_xx: 1.66126e+08, a2_x: 2.52517e+11, currMod: 0.972049
e_xx: 1.66253e+08, a2_x: 2.46381e+11, currMod: 0.972792
e_xx: 1.66195e+08, a2_x: 2.69286e+11, currMod: 0.972452
currMod: 0.972792, prevMod: 0.921416
Louvain time: 1.5056
numClusters: 53736, time: 0.013703
Next phase: 3
Memory used: 2949.12
End Structure 525489 53736 vs 1104701
Build next level time: 0.173024
Iteration time: 1.69296
Memory used: 2949.12
e_xx: 1.66253e+08, a2_x: 2.43119e+11, currMod: 0.972762
e_xx: 1.67213e+08, a2_x: 7.63477e+10, currMod: 0.978386
e_xx: 1.6726e+08, a2_x: 8.11539e+10, currMod: 0.978661
e_xx: 1.67366e+08, a2_x: 3.80057e+10, currMod: 0.979283
e_xx: 1.67299e+08, a2_x: 4.9673e+10, currMod: 0.978892
currMod: 0.979283, prevMod: 0.972792
Louvain time: 0.527651
numClusters: 25822, time: 0.004626
Next phase: 4
Memory used: 2949.12
End Structure 186103 25822 vs 398027
Build next level time: 0.065474
Iteration time: 0.598187
Memory used: 2949.12
e_xx: 1.67366e+08, a2_x: 3.79366e+10, currMod: 0.97927
e_xx: 1.67602e+08, a2_x: 4.73905e+10, currMod: 0.980649
e_xx: 1.67608e+08, a2_x: 3.18062e+10, currMod: 0.980686
e_xx: 1.67609e+08, a2_x: 5.31742e+10, currMod: 0.980689
e_xx: 1.67609e+08, a2_x: 3.6499e+10, currMod: 0.980692
e_xx: 1.67609e+08, a2_x: 3.45607e+10, currMod: 0.980691
currMod: 0.980692, prevMod: 0.979283
Louvain time: 0.286275
numClusters: 22170, time: 0.002896
Next phase: 5
Memory used: 2949.12
End Structure 87836 22170 vs 197842
Build next level time: 0.031805
Iteration time: 0.321405
Memory used: 2949.12
e_xx: 1.67609e+08, a2_x: 3.79232e+10, currMod: 0.98069
e_xx: 1.67614e+08, a2_x: 4.06235e+10, currMod: 0.980718
e_xx: 1.67614e+08, a2_x: 1.8368e+10, currMod: 0.98072
e_xx: 1.67614e+08, a2_x: 1.90494e+10, currMod: 0.98072
currMod: 0.98072, prevMod: 0.980692
Louvain time: 0.104333
numClusters: 21973, time: 0.002539
Next phase: 6
Memory used: 2949.12
End Structure 72927 21973 vs 167827
Build next level time: 0.022104
Iteration time: 0.129193
Memory used: 2949.12
e_xx: 1.67614e+08, a2_x: 1.86791e+10, currMod: 0.98072
e_xx: 1.67614e+08, a2_x: 1.87986e+10, currMod: 0.98072
currMod: 0.98072, prevMod: 0.98072
Louvain time: 0.044339
numClusters: 21973, time: 0.002527
Maximum degree for the graph: 471
Iteration: 0, conflicts: 0
Total number of colors used: 174
Total number of conflicts overall: 0
Number of rounds: 1
SUCCESS: No conflicts found
Number of reordered colors: 173
End position for large colors: 0, node count: 21542, largest: 21542
Node count cutoff: 4395
e_xx: 1.67615e+08, a2_x: 1.83579e+10, currMod: 0.980723
e_xx: 1.67711e+08, a2_x: 9.08244e+09, currMod: 0.981287
e_xx: 1.69548e+08, a2_x: 2.40027e+09, currMod: 0.992036
e_xx: 1.6952e+08, a2_x: 3.10667e+09, currMod: 0.991871
End Structure 13426 21728 vs 48580
currMod: 0.992036, prevMod: 0.98072
numClusters: 21728
Total iteration time: 15.8168

Loop 0 <line-37> - Time 0.000593 Total energy consumed 0.057420 Ave. Power Level 96.861041
	-------- Loop 0 (sock 1 consumed 0.022095, avg temp 48.500000, final temp 49 ) ------
	-------- Loop 0 (sock 2 consumed 0.035325, avg temp 42.000000, final temp 42 ) ------
Loop 1 <line-54> - Time 0.000407 Total energy consumed 0.000000 Ave. Power Level 0.000000
	-------- Loop 1 (sock 1 consumed 0.000000, avg temp 48.500000, final temp 49 ) ------
	-------- Loop 1 (sock 2 consumed 0.000000, avg temp 42.500000, final temp 42 ) ------
Loop 2 <line-76> - Time 0.000395 Total energy consumed 0.000000 Ave. Power Level 0.000000
	-------- Loop 2 (sock 1 consumed 0.000000, avg temp 48.500000, final temp 49 ) ------
	-------- Loop 2 (sock 2 consumed 0.000000, avg temp 42.500000, final temp 42 ) ------
Loop 3 <line-170> - Time 0.496170 Total energy consumed 34.070325 Ave. Power Level 68.666673
	-------- Loop 3 (sock 1 consumed 13.893300, avg temp 47.916667, final temp 49 ) ------
	-------- Loop 3 (sock 2 consumed 20.177025, avg temp 42.083333, final temp 43 ) ------
Loop 4 <line-192> - Time 0.000154 Total energy consumed 0.000000 Ave. Power Level 0.000000
	-------- Loop 4 (sock 1 consumed 0.000000, avg temp 48.500000, final temp 49 ) ------
	-------- Loop 4 (sock 2 consumed 0.000000, avg temp 42.500000, final temp 43 ) ------
Loop 5 <line-222> - Time 0.182921 Total energy consumed 12.835410 Ave. Power Level 70.169034
	-------- Loop 5 (sock 1 consumed 7.771410, avg temp 49.000000, final temp 49 ) ------
	-------- Loop 5 (sock 2 consumed 5.064000, avg temp 42.500000, final temp 43 ) ------
Loop 6 <line-116> - Time 0.001788 Total energy consumed 0.112575 Ave. Power Level 62.961797
	-------- Loop 6 (sock 1 consumed 0.044235, avg temp 48.500000, final temp 49 ) ------
	-------- Loop 6 (sock 2 consumed 0.068340, avg temp 42.166667, final temp 42 ) ------
Loop 7 <line-334> - Time 0.395842 Total energy consumed 24.875250 Ave. Power Level 62.841331
	-------- Loop 7 (sock 1 consumed 9.616635, avg temp 49.142857, final temp 50 ) ------
	-------- Loop 7 (sock 2 consumed 15.258615, avg temp 42.428571, final temp 43 ) ------
Loop 8 <line-353> - Time 0.000481 Total energy consumed 0.114480 Ave. Power Level 237.900787
	-------- Loop 8 (sock 1 consumed 0.045645, avg temp 49.142857, final temp 50 ) ------
	-------- Loop 8 (sock 2 consumed 0.068835, avg temp 42.428571, final temp 43 ) ------
Loop 9 <line-375> - Time 0.000694 Total energy consumed 0.000000 Ave. Power Level 0.000000
	-------- Loop 9 (sock 1 consumed 0.000000, avg temp 49.142857, final temp 50 ) ------
	-------- Loop 9 (sock 2 consumed 0.000000, avg temp 42.428571, final temp 43 ) ------
Loop 10 <line-85> - Time 0.115048 Total energy consumed 12.699090 Ave. Power Level 110.381234
	-------- Loop 10 (sock 1 consumed 6.139860, avg temp 49.250000, final temp 49 ) ------
	-------- Loop 10 (sock 2 consumed 6.559230, avg temp 44.000000, final temp 43 ) ------
Loop 11 <line-131> - Time 0.002828 Total energy consumed 0.338115 Ave. Power Level 119.563861
	-------- Loop 11 (sock 1 consumed 0.162825, avg temp 49.000000, final temp 50 ) ------
	-------- Loop 11 (sock 2 consumed 0.175290, avg temp 43.500000, final temp 43 ) ------
Loop 12 <line-167> - Time 0.149255 Total energy consumed 16.125030 Ave. Power Level 108.036909
	-------- Loop 12 (sock 1 consumed 7.808475, avg temp 49.500000, final temp 50 ) ------
	-------- Loop 12 (sock 2 consumed 8.316555, avg temp 44.000000, final temp 43 ) ------
Loop 13 <line-213> - Time 4.685076 Total energy consumed 528.904710 Ave. Power Level 112.891384
	-------- Loop 13 (sock 1 consumed 256.684590, avg temp 50.666667, final temp 51 ) ------
	-------- Loop 13 (sock 2 consumed 272.220120, avg temp 45.777778, final temp 43 ) ------
Loop 14 <line-99> - Time 4.965790 Total energy consumed 345.827190 Ave. Power Level 69.641928
	-------- Loop 14 (sock 1 consumed 157.379220, avg temp 48.833333, final temp 50 ) ------
	-------- Loop 14 (sock 2 consumed 188.447970, avg temp 42.666667, final temp 43 ) ------
Loop 15 <line-160> - Time 0.091742 Total energy consumed 6.926985 Ave. Power Level 75.505017
	-------- Loop 15 (sock 1 consumed 3.268335, avg temp 49.333333, final temp 50 ) ------
	-------- Loop 15 (sock 2 consumed 3.658650, avg temp 42.666667, final temp 43 ) ------
Loop 16 <line-269> - Time 2.450838 Total energy consumed 149.863965 Ave. Power Level 61.148047
	-------- Loop 16 (sock 1 consumed 78.899415, avg temp 49.875000, final temp 49 ) ------
	-------- Loop 16 (sock 2 consumed 70.964550, avg temp 42.375000, final temp 43 ) ------
Loop 17 <line-300> - Time 0.001508 Total energy consumed 0.112005 Ave. Power Level 74.278207
	-------- Loop 17 (sock 1 consumed 0.054045, avg temp 49.842105, final temp 49 ) ------
	-------- Loop 17 (sock 2 consumed 0.057960, avg temp 42.368421, final temp 42 ) ------
Loop 18 <line-148> - Time 0.000371 Total energy consumed 0.108375 Ave. Power Level 291.792650
	-------- Loop 18 (sock 1 consumed 0.054570, avg temp 49.000000, final temp 49 ) ------
	-------- Loop 18 (sock 2 consumed 0.053805, avg temp 42.000000, final temp 42 ) ------
Application(EnergyStat) - Time 26.017955 Total energy consumed 1863.010185 Ave. Power Level 71.604788 Final Temperature socket 1 : 51  socket 2 : 43 
	 ParallelApplication(EnergyStat) - Time 13.541901 Total energy consumed 1132.970925 Ave. Power Level 83.664099
Memory used: 1.32422
Loading 32-bit binary file: pnnl.bin, numvertices: 2361670, numEdges: 191402826
File read time: 1.54032
Before allocating graph
Allocated graph: 0x22d5570
Processing edges for vertex: 0, range(0, 166)
Processing edges for vertex: 100000, range(58444108, 58444133)
Processing edges for vertex: 200000, range(84376057, 84376362)
Processing edges for vertex: 300000, range(106069163, 106069503)
Processing edges for vertex: 400000, range(122097114, 122097513)
Processing edges for vertex: 500000, range(135096418, 135096483)
Processing edges for vertex: 600000, range(146097008, 146097061)
Processing edges for vertex: 700000, range(155415410, 155415531)
Processing edges for vertex: 800000, range(162595900, 162595989)
Processing edges for vertex: 900000, range(168508374, 168508464)
Processing edges for vertex: 1000000, range(173203321, 173203442)
Processing edges for vertex: 1100000, range(176935100, 176935110)
Processing edges for vertex: 1200000, range(179876260, 179876270)
Processing edges for vertex: 1300000, range(182240081, 182240092)
Processing edges for vertex: 1400000, range(184224513, 184224521)
Processing edges for vertex: 1500000, range(185795161, 185795170)
Processing edges for vertex: 1600000, range(187104124, 187104130)
Processing edges for vertex: 1700000, range(188148455, 188148461)
Processing edges for vertex: 1800000, range(188997836, 188997842)
Processing edges for vertex: 1900000, range(189691532, 189691535)
Processing edges for vertex: 2000000, range(190254658, 190254660)
Processing edges for vertex: 2100000, range(190705814, 190705822)
Processing edges for vertex: 2200000, range(191052755, 191052764)
Processing edges for vertex: 2300000, range(191302662, 191302663)
Graph populate time: 7.56497
Total I/O time: 9.10532

Regional(EnergyStat) - Time 9.109401 Total energy consumed 522.372315 Ave. Power Level 57.344308 
Running on: 11 threads
Loaded graph from file: pnnl.bin
Memory used: 2949.12
Maximum degree for the graph: 5520
Iteration: 0, conflicts: 23
Iteration: 1, conflicts: 2
Iteration: 2, conflicts: 0
Total number of colors used: 1185
Total number of conflicts overall: 0
Number of rounds: 3
SUCCESS: No conflicts found
Coloring time: 0.770994
Memory used: 2949.12
Number of reordered colors: 1002
End position for large colors: 0, node count: 550381, largest: 550381
Node count cutoff: 472334
e_xx: 1.29361e+08, a2_x: 5.71403e+11, currMod: 0.675844
e_xx: 1.6873e+08, a2_x: 5.98888e+11, currMod: 0.881528
e_xx: 1.74524e+08, a2_x: 5.48824e+11, currMod: 0.911799
e_xx: 1.76766e+08, a2_x: 5.27434e+11, currMod: 0.923514
e_xx: 1.77964e+08, a2_x: 5.26785e+11, currMod: 0.929775
currMod: 0.923514, prevMod: -1
Louvain time: 8.05426
numClusters: 203760, time: 0.089232
Next phase: 2
Memory used: 2949.12
End Structure 1278836 203760 vs 2759792
Build next level time: 3.71161
Iteration time: 11.8594
Memory used: 2949.12
e_xx: 1.55219e+08, a2_x: 5.26075e+11, currMod: 0.920345
e_xx: 1.62075e+08, a2_x: 3.35345e+11, currMod: 0.961007
e_xx: 1.63542e+08, a2_x: 2.48405e+11, currMod: 0.969709
e_xx: 1.63949e+08, a2_x: 2.54606e+11, currMod: 0.972118
e_xx: 1.64018e+08, a2_x: 2.35682e+11, currMod: 0.972528
e_xx: 1.6416e+08, a2_x: 2.28959e+11, currMod: 0.973372
e_xx: 1.64111e+08, a2_x: 2.23513e+11, currMod: 0.973084
currMod: 0.973372, prevMod: 0.923514
Louvain time: 1.51745
numClusters: 55485, time: 0.01408
Next phase: 3
Memory used: 2949.12
End Structure 558954 55485 vs 1173380
Build next level time: 0.168752
Iteration time: 1.70093
Memory used: 2949.12
e_xx: 1.6416e+08, a2_x: 2.28336e+11, currMod: 0.973344
e_xx: 1.65024e+08, a2_x: 1.26405e+11, currMod: 0.978471
e_xx: 1.65068e+08, a2_x: 1.2122e+11, currMod: 0.978732
e_xx: 1.65141e+08, a2_x: 5.65006e+10, currMod: 0.979165
e_xx: 1.65098e+08, a2_x: 1.03748e+11, currMod: 0.978909
currMod: 0.979165, prevMod: 0.973372
Louvain time: 0.539411
numClusters: 26103, time: 0.004626
Next phase: 4
Memory used: 2949.12
End Structure 194327 26103 vs 414757
Build next level time: 0.065837
Iteration time: 0.610318
Memory used: 2949.12
e_xx: 1.65141e+08, a2_x: 5.73238e+10, currMod: 0.979151
e_xx: 1.65238e+08, a2_x: 3.50761e+10, currMod: 0.979728
e_xx: 1.65267e+08, a2_x: -1.01089e+10, currMod: 0.979904
e_xx: 1.65271e+08, a2_x: 7.34447e+09, currMod: 0.979924
e_xx: 1.6527e+08, a2_x: 4.67262e+09, currMod: 0.979923
currMod: 0.979924, prevMod: 0.979165
Louvain time: 0.244165
numClusters: 22226, time: 0.00288
Next phase: 5
Memory used: 2949.12
End Structure 97243 22226 vs 216712
Build next level time: 0.032852
Iteration time: 0.280309
Memory used: 2949.12
e_xx: 1.65271e+08, a2_x: 6.6515e+09, currMod: 0.979921
e_xx: 1.65412e+08, a2_x: 8.98317e+09, currMod: 0.980757
e_xx: 1.65414e+08, a2_x: 2.67713e+09, currMod: 0.980771
e_xx: 1.65414e+08, a2_x: -3.50952e+09, currMod: 0.980773
e_xx: 1.65418e+08, a2_x: 1.27406e+10, currMod: 0.980793
e_xx: 1.65417e+08, a2_x: 9.63532e+09, currMod: 0.980787
currMod: 0.980793, prevMod: 0.979924
Louvain time: 0.163906
numClusters: 21923, time: 0.00254
Next phase: 6
Memory used: 2949.12
End Structure 57234 21923 vs 136391
Build next level time: 0.019508
Iteration time: 0.186155
Memory used: 2949.12
e_xx: 1.65418e+08, a2_x: 9.54475e+09, currMod: 0.980793
e_xx: 1.65418e+08, a2_x: 1.42912e+10, currMod: 0.980797
e_xx: 1.65418e+08, a2_x: 1.03812e+10, currMod: 0.980797
currMod: 0.980797, prevMod: 0.980793
Louvain time: 0.051574
numClusters: 21910, time: 0.002509
Next phase: 7
Memory used: 2949.12
End Structure 56233 21910 vs 134376
Build next level time: 0.017093
Iteration time: 0.071363
Memory used: 2949.12
e_xx: 1.65418e+08, a2_x: 1.47033e+10, currMod: 0.980797
e_xx: 1.65418e+08, a2_x: 1.47033e+10, currMod: 0.980797
currMod: 0.980797, prevMod: 0.980797
Louvain time: 0.033838
numClusters: 21910, time: 0.002504
Maximum degree for the graph: 403
Iteration: 0, conflicts: 0
Total number of colors used: 162
Total number of conflicts overall: 0
Number of rounds: 1
SUCCESS: No conflicts found
Number of reordered colors: 161
End position for large colors: 0, node count: 21544, largest: 21544
Node count cutoff: 4382
e_xx: 1.65418e+08, a2_x: 1.47033e+10, currMod: 0.980797
End Structure 56233 21910 vs 134376
currMod: 0.980797, prevMod: 0.980797
numClusters: 21910
Total iteration time: 14.7085

Loop 0 <line-37> - Time 0.000582 Total energy consumed 0.000000 Ave. Power Level 0.000000
	-------- Loop 0 (sock 1 consumed 0.000000, avg temp 48.500000, final temp 48 ) ------
	-------- Loop 0 (sock 2 consumed 0.000000, avg temp 42.000000, final temp 43 ) ------
Loop 1 <line-54> - Time 0.000393 Total energy consumed 0.000000 Ave. Power Level 0.000000
	-------- Loop 1 (sock 1 consumed 0.000000, avg temp 49.500000, final temp 49 ) ------
	-------- Loop 1 (sock 2 consumed 0.000000, avg temp 42.000000, final temp 43 ) ------
Loop 2 <line-76> - Time 0.000422 Total energy consumed 0.000000 Ave. Power Level 0.000000
	-------- Loop 2 (sock 1 consumed 0.000000, avg temp 49.500000, final temp 49 ) ------
	-------- Loop 2 (sock 2 consumed 0.000000, avg temp 42.000000, final temp 43 ) ------
Loop 3 <line-170> - Time 0.495865 Total energy consumed 35.157480 Ave. Power Level 70.901318
	-------- Loop 3 (sock 1 consumed 20.019585, avg temp 49.750000, final temp 49 ) ------
	-------- Loop 3 (sock 2 consumed 15.137895, avg temp 42.250000, final temp 43 ) ------
Loop 4 <line-192> - Time 0.000136 Total energy consumed 0.000000 Ave. Power Level 0.000000
	-------- Loop 4 (sock 1 consumed 0.000000, avg temp 49.500000, final temp 49 ) ------
	-------- Loop 4 (sock 2 consumed 0.000000, avg temp 42.500000, final temp 43 ) ------
Loop 5 <line-222> - Time 0.191098 Total energy consumed 13.630845 Ave. Power Level 71.329085
	-------- Loop 5 (sock 1 consumed 7.070160, avg temp 49.000000, final temp 49 ) ------
	-------- Loop 5 (sock 2 consumed 6.560685, avg temp 43.000000, final temp 43 ) ------
Loop 6 <line-116> - Time 0.001857 Total energy consumed 0.169170 Ave. Power Level 91.101931
	-------- Loop 6 (sock 1 consumed 0.091845, avg temp 49.000000, final temp 49 ) ------
	-------- Loop 6 (sock 2 consumed 0.077325, avg temp 42.714286, final temp 43 ) ------
Loop 7 <line-334> - Time 0.392698 Total energy consumed 25.546185 Ave. Power Level 65.053039
	-------- Loop 7 (sock 1 consumed 14.001000, avg temp 48.875000, final temp 49 ) ------
	-------- Loop 7 (sock 2 consumed 11.545185, avg temp 43.125000, final temp 43 ) ------
Loop 8 <line-353> - Time 0.000423 Total energy consumed 0.000000 Ave. Power Level 0.000000
	-------- Loop 8 (sock 1 consumed 0.000000, avg temp 48.875000, final temp 49 ) ------
	-------- Loop 8 (sock 2 consumed 0.000000, avg temp 43.125000, final temp 43 ) ------
Loop 9 <line-375> - Time 0.000663 Total energy consumed 0.000000 Ave. Power Level 0.000000
	-------- Loop 9 (sock 1 consumed 0.000000, avg temp 48.875000, final temp 49 ) ------
	-------- Loop 9 (sock 2 consumed 0.000000, avg temp 43.125000, final temp 43 ) ------
Loop 10 <line-85> - Time 0.115353 Total energy consumed 12.948150 Ave. Power Level 112.247639
	-------- Loop 10 (sock 1 consumed 6.665400, avg temp 49.250000, final temp 49 ) ------
	-------- Loop 10 (sock 2 consumed 6.282750, avg temp 43.000000, final temp 44 ) ------
Loop 11 <line-131> - Time 0.002829 Total energy consumed 0.406815 Ave. Power Level 143.826863
	-------- Loop 11 (sock 1 consumed 0.240990, avg temp 49.000000, final temp 49 ) ------
	-------- Loop 11 (sock 2 consumed 0.165825, avg temp 43.000000, final temp 43 ) ------
Loop 12 <line-167> - Time 0.175839 Total energy consumed 19.700835 Ave. Power Level 112.039354
	-------- Loop 12 (sock 1 consumed 10.238250, avg temp 48.500000, final temp 48 ) ------
	-------- Loop 12 (sock 2 consumed 9.462585, avg temp 43.000000, final temp 43 ) ------
Loop 13 <line-213> - Time 4.698896 Total energy consumed 539.769075 Ave. Power Level 114.871458
	-------- Loop 13 (sock 1 consumed 277.627575, avg temp 51.000000, final temp 49 ) ------
	-------- Loop 13 (sock 2 consumed 262.141500, avg temp 44.166667, final temp 42 ) ------
Loop 14 <line-99> - Time 3.693737 Total energy consumed 259.061175 Ave. Power Level 70.135250
	-------- Loop 14 (sock 1 consumed 145.145190, avg temp 49.285714, final temp 49 ) ------
	-------- Loop 14 (sock 2 consumed 113.915985, avg temp 42.714286, final temp 43 ) ------
Loop 15 <line-160> - Time 0.099281 Total energy consumed 7.585410 Ave. Power Level 76.403511
	-------- Loop 15 (sock 1 consumed 3.937665, avg temp 49.285714, final temp 49 ) ------
	-------- Loop 15 (sock 2 consumed 3.647745, avg temp 43.142857, final temp 43 ) ------
Loop 16 <line-269> - Time 2.532272 Total energy consumed 157.760340 Ave. Power Level 62.299910
	-------- Loop 16 (sock 1 consumed 73.038945, avg temp 49.142857, final temp 49 ) ------
	-------- Loop 16 (sock 2 consumed 84.721395, avg temp 43.107143, final temp 43 ) ------
Loop 17 <line-300> - Time 0.001479 Total energy consumed 0.166485 Ave. Power Level 112.550627
	-------- Loop 17 (sock 1 consumed 0.065220, avg temp 49.090909, final temp 49 ) ------
	-------- Loop 17 (sock 2 consumed 0.101265, avg temp 43.181818, final temp 43 ) ------
Loop 18 <line-148> - Time 0.000374 Total energy consumed 0.000000 Ave. Power Level 0.000000
	-------- Loop 18 (sock 1 consumed 0.000000, avg temp 48.000000, final temp 48 ) ------
	-------- Loop 18 (sock 2 consumed 0.000000, avg temp 43.000000, final temp 43 ) ------
Application(EnergyStat) - Time 24.653206 Total energy consumed 1797.005250 Ave. Power Level 72.891341 Final Temperature socket 1 : 49  socket 2 : 43 
	 ParallelApplication(EnergyStat) - Time 12.404198 Total energy consumed 1071.901965 Ave. Power Level 86.414450
Memory used: 1.32422
Loading 32-bit binary file: pnnl.bin, numvertices: 2361670, numEdges: 191402826
File read time: 1.6129
Before allocating graph
Allocated graph: 0x1a6c570
Processing edges for vertex: 0, range(0, 166)
Processing edges for vertex: 100000, range(58444108, 58444133)
Processing edges for vertex: 200000, range(84376057, 84376362)
Processing edges for vertex: 300000, range(106069163, 106069503)
Processing edges for vertex: 400000, range(122097114, 122097513)
Processing edges for vertex: 500000, range(135096418, 135096483)
Processing edges for vertex: 600000, range(146097008, 146097061)
Processing edges for vertex: 700000, range(155415410, 155415531)
Processing edges for vertex: 800000, range(162595900, 162595989)
Processing edges for vertex: 900000, range(168508374, 168508464)
Processing edges for vertex: 1000000, range(173203321, 173203442)
Processing edges for vertex: 1100000, range(176935100, 176935110)
Processing edges for vertex: 1200000, range(179876260, 179876270)
Processing edges for vertex: 1300000, range(182240081, 182240092)
Processing edges for vertex: 1400000, range(184224513, 184224521)
Processing edges for vertex: 1500000, range(185795161, 185795170)
Processing edges for vertex: 1600000, range(187104124, 187104130)
Processing edges for vertex: 1700000, range(188148455, 188148461)
Processing edges for vertex: 1800000, range(188997836, 188997842)
Processing edges for vertex: 1900000, range(189691532, 189691535)
Processing edges for vertex: 2000000, range(190254658, 190254660)
Processing edges for vertex: 2100000, range(190705814, 190705822)
Processing edges for vertex: 2200000, range(191052755, 191052764)
Processing edges for vertex: 2300000, range(191302662, 191302663)
Graph populate time: 7.53133
Total I/O time: 9.14427

Regional(EnergyStat) - Time 9.147510 Total energy consumed 520.902510 Ave. Power Level 56.944730 
Running on: 11 threads
Loaded graph from file: pnnl.bin
Memory used: 2949.12
Maximum degree for the graph: 5520
Iteration: 0, conflicts: 20
Iteration: 1, conflicts: 3
Iteration: 2, conflicts: 1
Iteration: 3, conflicts: 0
Total number of colors used: 1189
Total number of conflicts overall: 0
Number of rounds: 4
SUCCESS: No conflicts found
Coloring time: 0.78062
Memory used: 2949.12
Number of reordered colors: 1013
End position for large colors: 0, node count: 550075, largest: 550075
Node count cutoff: 472334
e_xx: 1.13656e+08, a2_x: 6.16443e+11, currMod: 0.593786
e_xx: 1.58696e+08, a2_x: 6.39187e+11, currMod: 0.829105
e_xx: 1.66726e+08, a2_x: 5.49068e+11, currMod: 0.871057
e_xx: 1.69677e+08, a2_x: 5.23394e+11, currMod: 0.886477
e_xx: 1.71071e+08, a2_x: 4.87965e+11, currMod: 0.893759
currMod: 0.886477, prevMod: -1
Louvain time: 10.5328
numClusters: 204887, time: 0.102022
Next phase: 2
Memory used: 2949.12
End Structure 1310785 204887 vs 2824739
Build next level time: 3.28041
Iteration time: 13.9186
Memory used: 2949.12
e_xx: 1.66421e+08, a2_x: 4.87872e+11, currMod: 0.89114
e_xx: 1.75436e+08, a2_x: 3.74756e+11, currMod: 0.939417
e_xx: 1.80375e+08, a2_x: 2.92063e+11, currMod: 0.965865
e_xx: 1.80923e+08, a2_x: 2.79065e+11, currMod: 0.968802
e_xx: 1.81962e+08, a2_x: 3.07072e+11, currMod: 0.974363
e_xx: 1.82062e+08, a2_x: 2.72355e+11, currMod: 0.974899
e_xx: 1.82086e+08, a2_x: 2.87996e+11, currMod: 0.975025
e_xx: 1.82142e+08, a2_x: 2.70747e+11, currMod: 0.975327
e_xx: 1.82146e+08, a2_x: 2.85559e+11, currMod: 0.975351
e_xx: 1.82186e+08, a2_x: 2.74353e+11, currMod: 0.975563
e_xx: 1.82177e+08, a2_x: 2.91001e+11, currMod: 0.975516
currMod: 0.975563, prevMod: 0.886477
Louvain time: 2.87105
numClusters: 51796, time: 0.01439
Next phase: 3
Memory used: 2949.12
End Structure 507374 51796 vs 1066534
Build next level time: 0.183006
Iteration time: 3.06931
Memory used: 2949.12
e_xx: 1.82185e+08, a2_x: 2.74749e+11, currMod: 0.975557
e_xx: 1.83126e+08, a2_x: 1.19211e+11, currMod: 0.9806
e_xx: 1.83165e+08, a2_x: 1.00457e+11, currMod: 0.980809
e_xx: 1.83264e+08, a2_x: 8.48822e+10, currMod: 0.981336
e_xx: 1.83183e+08, a2_x: 1.05151e+11, currMod: 0.980903
currMod: 0.981336, prevMod: 0.975563
Louvain time: 0.554517
numClusters: 25665, time: 0.004557
Next phase: 4
Memory used: 2949.12
End Structure 175673 25665 vs 377011
Build next level time: 0.064222
Iteration time: 0.623736
Memory used: 2949.12
e_xx: 1.83264e+08, a2_x: 8.45499e+10, currMod: 0.981318
e_xx: 1.83499e+08, a2_x: 5.98566e+09, currMod: 0.982581
e_xx: 1.83523e+08, a2_x: 2.74784e+10, currMod: 0.98271
e_xx: 1.83524e+08, a2_x: 4.43804e+10, currMod: 0.982713
e_xx: 1.83523e+08, a2_x: 4.22353e+10, currMod: 0.982711
currMod: 0.982713, prevMod: 0.981336
Louvain time: 0.22962
numClusters: 22173, time: 0.002872
Next phase: 5
Memory used: 2949.12
End Structure 89306 22173 vs 200785
Build next level time: 0.02788
Iteration time: 0.260664
Memory used: 2949.12
e_xx: 1.83524e+08, a2_x: 4.45245e+10, currMod: 0.98271
e_xx: 1.8353e+08, a2_x: 4.50037e+10, currMod: 0.98274
e_xx: 1.8353e+08, a2_x: 5.35869e+10, currMod: 0.982742
e_xx: 1.8353e+08, a2_x: 5.06565e+10, currMod: 0.982744
e_xx: 1.8353e+08, a2_x: 6.01643e+10, currMod: 0.982743
currMod: 0.982744, prevMod: 0.982713
Louvain time: 0.139216
numClusters: 21973, time: 0.002533
Next phase: 6
Memory used: 2949.12
End Structure 73355 21973 vs 168683
Build next level time: 0.01981
Iteration time: 0.161754
Memory used: 2949.12
e_xx: 1.8353e+08, a2_x: 4.8054e+10, currMod: 0.982744
e_xx: 1.8353e+08, a2_x: 5.31294e+10, currMod: 0.982744
currMod: 0.982744, prevMod: 0.982744
Louvain time: 0.047763
numClusters: 21973, time: 0.00251
Maximum degree for the graph: 464
Iteration: 0, conflicts: 0
Total number of colors used: 174
Total number of conflicts overall: 0
Number of rounds: 1
SUCCESS: No conflicts found
Number of reordered colors: 171
End position for large colors: 0, node count: 21555, largest: 21555
Node count cutoff: 4395
e_xx: 1.8353e+08, a2_x: 5.31294e+10, currMod: 0.982744
End Structure 72722 21964 vs 167408
currMod: 0.982744, prevMod: 0.982744
numClusters: 21964
Total iteration time: 18.0341

Loop 0 <line-37> - Time 0.000616 Total energy consumed 0.057690 Ave. Power Level 93.628734
	-------- Loop 0 (sock 1 consumed 0.022095, avg temp 49.000000, final temp 49 ) ------
	-------- Loop 0 (sock 2 consumed 0.035595, avg temp 43.000000, final temp 44 ) ------
Loop 1 <line-54> - Time 0.000412 Total energy consumed 0.000000 Ave. Power Level 0.000000
	-------- Loop 1 (sock 1 consumed 0.000000, avg temp 49.000000, final temp 49 ) ------
	-------- Loop 1 (sock 2 consumed 0.000000, avg temp 43.500000, final temp 44 ) ------
Loop 2 <line-76> - Time 0.000401 Total energy consumed 0.021990 Ave. Power Level 54.855826
	-------- Loop 2 (sock 1 consumed 0.021990, avg temp 49.000000, final temp 49 ) ------
	-------- Loop 2 (sock 2 consumed 0.000000, avg temp 43.500000, final temp 44 ) ------
Loop 3 <line-170> - Time 0.521088 Total energy consumed 37.339320 Ave. Power Level 71.656402
	-------- Loop 3 (sock 1 consumed 16.500255, avg temp 48.200000, final temp 49 ) ------
	-------- Loop 3 (sock 2 consumed 20.839065, avg temp 43.400000, final temp 45 ) ------
Loop 4 <line-192> - Time 0.000225 Total energy consumed 0.000000 Ave. Power Level 0.000000
	-------- Loop 4 (sock 1 consumed 0.000000, avg temp 48.500000, final temp 49 ) ------
	-------- Loop 4 (sock 2 consumed 0.000000, avg temp 44.000000, final temp 45 ) ------
Loop 5 <line-222> - Time 0.176824 Total energy consumed 13.037295 Ave. Power Level 73.730545
	-------- Loop 5 (sock 1 consumed 5.959050, avg temp 49.000000, final temp 49 ) ------
	-------- Loop 5 (sock 2 consumed 7.078245, avg temp 45.500000, final temp 45 ) ------
Loop 6 <line-116> - Time 0.001764 Total energy consumed 0.085440 Ave. Power Level 48.446112
	-------- Loop 6 (sock 1 consumed 0.046605, avg temp 48.500000, final temp 48 ) ------
	-------- Loop 6 (sock 2 consumed 0.038835, avg temp 44.500000, final temp 44 ) ------
Loop 7 <line-334> - Time 0.382845 Total energy consumed 24.244815 Ave. Power Level 63.328069
	-------- Loop 7 (sock 1 consumed 9.885015, avg temp 48.857143, final temp 49 ) ------
	-------- Loop 7 (sock 2 consumed 14.359800, avg temp 44.428571, final temp 45 ) ------
Loop 8 <line-353> - Time 0.000474 Total energy consumed 0.000000 Ave. Power Level 0.000000
	-------- Loop 8 (sock 1 consumed 0.000000, avg temp 48.857143, final temp 49 ) ------
	-------- Loop 8 (sock 2 consumed 0.000000, avg temp 44.428571, final temp 45 ) ------
Loop 9 <line-375> - Time 0.000676 Total energy consumed 0.172860 Ave. Power Level 255.871304
	-------- Loop 9 (sock 1 consumed 0.059880, avg temp 48.714286, final temp 49 ) ------
	-------- Loop 9 (sock 2 consumed 0.112980, avg temp 44.571429, final temp 45 ) ------
Loop 10 <line-85> - Time 0.114095 Total energy consumed 12.510975 Ave. Power Level 109.653831
	-------- Loop 10 (sock 1 consumed 6.696420, avg temp 49.500000, final temp 50 ) ------
	-------- Loop 10 (sock 2 consumed 5.814555, avg temp 44.750000, final temp 45 ) ------
Loop 11 <line-131> - Time 0.002823 Total energy consumed 0.276915 Ave. Power Level 98.105974
	-------- Loop 11 (sock 1 consumed 0.119745, avg temp 49.500000, final temp 50 ) ------
	-------- Loop 11 (sock 2 consumed 0.157170, avg temp 44.500000, final temp 45 ) ------
Loop 12 <line-167> - Time 0.155517 Total energy consumed 16.931070 Ave. Power Level 108.869347
	-------- Loop 12 (sock 1 consumed 8.983305, avg temp 49.500000, final temp 50 ) ------
	-------- Loop 12 (sock 2 consumed 7.947765, avg temp 45.000000, final temp 45 ) ------
Loop 13 <line-213> - Time 7.308207 Total energy consumed 744.181080 Ave. Power Level 101.828135
	-------- Loop 13 (sock 1 consumed 388.849695, avg temp 50.333333, final temp 50 ) ------
	-------- Loop 13 (sock 2 consumed 355.331385, avg temp 44.166667, final temp 44 ) ------
Loop 14 <line-99> - Time 3.249814 Total energy consumed 226.490445 Ave. Power Level 69.693355
	-------- Loop 14 (sock 1 consumed 100.238070, avg temp 48.666667, final temp 48 ) ------
	-------- Loop 14 (sock 2 consumed 126.252375, avg temp 44.166667, final temp 44 ) ------
Loop 15 <line-160> - Time 0.092017 Total energy consumed 6.936165 Ave. Power Level 75.379165
	-------- Loop 15 (sock 1 consumed 3.308250, avg temp 48.833333, final temp 49 ) ------
	-------- Loop 15 (sock 2 consumed 3.627915, avg temp 44.666667, final temp 44 ) ------
Loop 16 <line-269> - Time 3.823620 Total energy consumed 258.846885 Ave. Power Level 67.696820
	-------- Loop 16 (sock 1 consumed 125.371725, avg temp 49.107143, final temp 49 ) ------
	-------- Loop 16 (sock 2 consumed 133.475160, avg temp 44.000000, final temp 44 ) ------
Loop 17 <line-300> - Time 0.002177 Total energy consumed 0.242235 Ave. Power Level 111.285739
	-------- Loop 17 (sock 1 consumed 0.103860, avg temp 49.217391, final temp 49 ) ------
	-------- Loop 17 (sock 2 consumed 0.138375, avg temp 44.130435, final temp 44 ) ------
Loop 18 <line-148> - Time 0.000399 Total energy consumed 0.143940 Ave. Power Level 361.134737
	-------- Loop 18 (sock 1 consumed 0.050430, avg temp 49.000000, final temp 49 ) ------
	-------- Loop 18 (sock 2 consumed 0.093510, avg temp 44.000000, final temp 44 ) ------
Application(EnergyStat) - Time 28.056227 Total energy consumed 2064.049380 Ave. Power Level 73.568317 Final Temperature socket 1 : 49  socket 2 : 44 
	 ParallelApplication(EnergyStat) - Time 15.833991 Total energy consumed 1341.519120 Ave. Power Level 84.724003
