Memory used: 1.32031
Loading 32-bit binary file: pnnl.bin, numvertices: 2361670, numEdges: 191402826
File read time: 1.6119
Before allocating graph
Allocated graph: 0x15d4570
Processing edges for vertex: 0, range(0, 166)
Processing edges for vertex: 100000, range(58444108, 58444133)
Processing edges for vertex: 200000, range(84376057, 84376362)
Processing edges for vertex: 300000, range(106069163, 106069503)
Processing edges for vertex: 400000, range(122097114, 122097513)
Processing edges for vertex: 500000, range(135096418, 135096483)
Processing edges for vertex: 600000, range(146097008, 146097061)
Processing edges for vertex: 700000, range(155415410, 155415531)
Processing edges for vertex: 800000, range(162595900, 162595989)
Processing edges for vertex: 900000, range(168508374, 168508464)
Processing edges for vertex: 1000000, range(173203321, 173203442)
Processing edges for vertex: 1100000, range(176935100, 176935110)
Processing edges for vertex: 1200000, range(179876260, 179876270)
Processing edges for vertex: 1300000, range(182240081, 182240092)
Processing edges for vertex: 1400000, range(184224513, 184224521)
Processing edges for vertex: 1500000, range(185795161, 185795170)
Processing edges for vertex: 1600000, range(187104124, 187104130)
Processing edges for vertex: 1700000, range(188148455, 188148461)
Processing edges for vertex: 1800000, range(188997836, 188997842)
Processing edges for vertex: 1900000, range(189691532, 189691535)
Processing edges for vertex: 2000000, range(190254658, 190254660)
Processing edges for vertex: 2100000, range(190705814, 190705822)
Processing edges for vertex: 2200000, range(191052755, 191052764)
Processing edges for vertex: 2300000, range(191302662, 191302663)
Graph populate time: 7.70946
Total I/O time: 9.32141

Regional(EnergyStat) - Time 9.324653 Total energy consumed 528.172725 Ave. Power Level 56.642616 
Running on: 10 threads
Loaded graph from file: pnnl.bin
Memory used: 2949.12
Maximum degree for the graph: 5520
Iteration: 0, conflicts: 9
Iteration: 1, conflicts: 0
Total number of colors used: 1182
Total number of conflicts overall: 0
Number of rounds: 2
SUCCESS: No conflicts found
Coloring time: 0.7976
Memory used: 2949.12
Number of reordered colors: 1001
End position for large colors: 0, node count: 550713, largest: 550713
Node count cutoff: 472334
e_xx: 1.23791e+08, a2_x: 6.27441e+11, currMod: 0.646742
e_xx: 1.63529e+08, a2_x: 5.73452e+11, currMod: 0.854355
e_xx: 1.69353e+08, a2_x: 4.84268e+11, currMod: 0.884788
e_xx: 1.71762e+08, a2_x: 4.90132e+11, currMod: 0.897374
e_xx: 1.7302e+08, a2_x: 5.09982e+11, currMod: 0.903943
currMod: 0.897374, prevMod: -1
Louvain time: 8.53567
numClusters: 203975, time: 0.101555
Next phase: 2
Memory used: 2949.12
End Structure 1297765 203975 vs 2797815
Build next level time: 3.76575
Iteration time: 12.4075
Memory used: 2949.12
e_xx: 1.67551e+08, a2_x: 5.10198e+11, currMod: 0.901147
e_xx: 1.79532e+08, a2_x: 3.46719e+11, currMod: 0.965589
e_xx: 1.80743e+08, a2_x: 2.68366e+11, currMod: 0.972102
e_xx: 1.81021e+08, a2_x: 2.7581e+11, currMod: 0.973601
e_xx: 1.81151e+08, a2_x: 2.58352e+11, currMod: 0.974296
e_xx: 1.8125e+08, a2_x: 2.35415e+11, currMod: 0.97483
e_xx: 1.81286e+08, a2_x: 2.47852e+11, currMod: 0.975025
e_xx: 1.81339e+08, a2_x: 2.32414e+11, currMod: 0.975311
e_xx: 1.81343e+08, a2_x: 2.35106e+11, currMod: 0.975333
e_xx: 1.81377e+08, a2_x: 2.2981e+11, currMod: 0.975513
e_xx: 1.81368e+08, a2_x: 2.42184e+11, currMod: 0.975466
currMod: 0.975513, prevMod: 0.897374
Louvain time: 2.38721
numClusters: 51426, time: 0.013782
Next phase: 3
Memory used: 2949.12
End Structure 500812 51426 vs 1053043
Build next level time: 0.178002
Iteration time: 2.57967
Memory used: 2949.12
e_xx: 1.81376e+08, a2_x: 2.27857e+11, currMod: 0.975504
e_xx: 1.82292e+08, a2_x: 6.69226e+10, currMod: 0.980435
e_xx: 1.82351e+08, a2_x: 6.09833e+10, currMod: 0.980751
e_xx: 1.82459e+08, a2_x: 4.48566e+10, currMod: 0.981335
e_xx: 1.8238e+08, a2_x: 4.39544e+10, currMod: 0.98091
currMod: 0.981335, prevMod: 0.975513
Louvain time: 0.511591
numClusters: 25647, time: 0.004533
Next phase: 4
Memory used: 2949.12
End Structure 172886 25647 vs 371419
Build next level time: 0.070727
Iteration time: 0.587297
Memory used: 2949.12
e_xx: 1.82459e+08, a2_x: 4.45193e+10, currMod: 0.981317
e_xx: 1.82723e+08, a2_x: -9.31533e+09, currMod: 0.982739
e_xx: 1.82728e+08, a2_x: -4.67018e+10, currMod: 0.982768
e_xx: 1.82728e+08, a2_x: -5.03193e+10, currMod: 0.982767
currMod: 0.982768, prevMod: 0.981335
Louvain time: 0.183731
numClusters: 22258, time: 0.002873
Next phase: 5
Memory used: 2949.12
End Structure 96905 22258 vs 216068
Build next level time: 0.028489
Iteration time: 0.215498
Memory used: 2949.12
e_xx: 1.82728e+08, a2_x: -4.51072e+10, currMod: 0.982764
e_xx: 1.82732e+08, a2_x: -5.76242e+10, currMod: 0.982783
e_xx: 1.82733e+08, a2_x: -5.27789e+10, currMod: 0.982788
e_xx: 1.82734e+08, a2_x: -6.42391e+10, currMod: 0.982796
e_xx: 1.82736e+08, a2_x: -6.0344e+10, currMod: 0.982807
e_xx: 1.82741e+08, a2_x: -4.75825e+10, currMod: 0.98283
e_xx: 1.8274e+08, a2_x: -4.11098e+10, currMod: 0.982824
currMod: 0.98283, prevMod: 0.982768
Louvain time: 0.193867
numClusters: 21947, time: 0.002563
Next phase: 6
Memory used: 2949.12
End Structure 61854 21947 vs 145655
Build next level time: 0.018477
Iteration time: 0.215086
Memory used: 2949.12
e_xx: 1.82741e+08, a2_x: -4.96701e+10, currMod: 0.982829
e_xx: 1.82741e+08, a2_x: -4.479e+10, currMod: 0.98283
currMod: 0.98283, prevMod: 0.98283
Louvain time: 0.037715
numClusters: 21947, time: 0.002507
Maximum degree for the graph: 442
Iteration: 0, conflicts: 0
Total number of colors used: 157
Total number of conflicts overall: 0
Number of rounds: 1
SUCCESS: No conflicts found
Number of reordered colors: 156
End position for large colors: 0, node count: 21555, largest: 21555
Node count cutoff: 4390
e_xx: 1.82793e+08, a2_x: -7.05454e+10, currMod: 0.983113
e_xx: 1.83242e+08, a2_x: -3.13429e+10, currMod: 0.985528
e_xx: 1.83898e+08, a2_x: -3.68091e+10, currMod: 0.989055
e_xx: 1.83964e+08, a2_x: -3.52218e+10, currMod: 0.989407
e_xx: 1.83931e+08, a2_x: -3.33637e+10, currMod: 0.989231
End Structure 10718 21705 vs 43141
currMod: 0.989407, prevMod: 0.98283
numClusters: 21705
Total iteration time: 16.0051

Loop 0 <line-37> - Time 0.000563 Total energy consumed 0.075360 Ave. Power Level 133.757419
	-------- Loop 0 (sock 1 consumed 0.040110, avg temp 49.000000, final temp 49 ) ------
	-------- Loop 0 (sock 2 consumed 0.035250, avg temp 42.500000, final temp 44 ) ------
Loop 1 <line-54> - Time 0.000394 Total energy consumed 0.000000 Ave. Power Level 0.000000
	-------- Loop 1 (sock 1 consumed 0.000000, avg temp 49.000000, final temp 49 ) ------
	-------- Loop 1 (sock 2 consumed 0.000000, avg temp 42.500000, final temp 44 ) ------
Loop 2 <line-76> - Time 0.000442 Total energy consumed 0.000000 Ave. Power Level 0.000000
	-------- Loop 2 (sock 1 consumed 0.000000, avg temp 49.000000, final temp 49 ) ------
	-------- Loop 2 (sock 2 consumed 0.000000, avg temp 42.500000, final temp 44 ) ------
Loop 3 <line-170> - Time 0.521902 Total energy consumed 35.141925 Ave. Power Level 67.334377
	-------- Loop 3 (sock 1 consumed 14.689140, avg temp 48.333333, final temp 49 ) ------
	-------- Loop 3 (sock 2 consumed 20.452785, avg temp 42.000000, final temp 44 ) ------
Loop 4 <line-192> - Time 0.000186 Total energy consumed 0.000000 Ave. Power Level 0.000000
	-------- Loop 4 (sock 1 consumed 0.000000, avg temp 48.500000, final temp 49 ) ------
	-------- Loop 4 (sock 2 consumed 0.000000, avg temp 42.500000, final temp 44 ) ------
Loop 5 <line-222> - Time 0.191894 Total energy consumed 13.160850 Ave. Power Level 68.584118
	-------- Loop 5 (sock 1 consumed 7.901130, avg temp 49.000000, final temp 49 ) ------
	-------- Loop 5 (sock 2 consumed 5.259720, avg temp 42.500000, final temp 44 ) ------
Loop 6 <line-116> - Time 0.001796 Total energy consumed 0.060420 Ave. Power Level 33.634047
	-------- Loop 6 (sock 1 consumed 0.023415, avg temp 49.000000, final temp 49 ) ------
	-------- Loop 6 (sock 2 consumed 0.037005, avg temp 42.333333, final temp 43 ) ------
Loop 7 <line-334> - Time 0.423731 Total energy consumed 25.703790 Ave. Power Level 60.660567
	-------- Loop 7 (sock 1 consumed 10.361430, avg temp 49.000000, final temp 49 ) ------
	-------- Loop 7 (sock 2 consumed 15.342360, avg temp 43.142857, final temp 44 ) ------
Loop 8 <line-353> - Time 0.000414 Total energy consumed 0.053535 Ave. Power Level 129.239794
	-------- Loop 8 (sock 1 consumed 0.022125, avg temp 49.000000, final temp 49 ) ------
	-------- Loop 8 (sock 2 consumed 0.031410, avg temp 43.285714, final temp 44 ) ------
Loop 9 <line-375> - Time 0.000681 Total energy consumed 0.000000 Ave. Power Level 0.000000
	-------- Loop 9 (sock 1 consumed 0.000000, avg temp 49.000000, final temp 49 ) ------
	-------- Loop 9 (sock 2 consumed 0.000000, avg temp 43.142857, final temp 44 ) ------
Loop 10 <line-85> - Time 0.099735 Total energy consumed 10.228725 Ave. Power Level 102.559014
	-------- Loop 10 (sock 1 consumed 5.152515, avg temp 49.000000, final temp 49 ) ------
	-------- Loop 10 (sock 2 consumed 5.076210, avg temp 44.000000, final temp 44 ) ------
Loop 11 <line-131> - Time 0.003127 Total energy consumed 0.374520 Ave. Power Level 119.782925
	-------- Loop 11 (sock 1 consumed 0.217170, avg temp 49.000000, final temp 49 ) ------
	-------- Loop 11 (sock 2 consumed 0.157350, avg temp 44.500000, final temp 44 ) ------
Loop 12 <line-167> - Time 0.134079 Total energy consumed 13.895250 Ave. Power Level 103.634831
	-------- Loop 12 (sock 1 consumed 7.082700, avg temp 49.000000, final temp 49 ) ------
	-------- Loop 12 (sock 2 consumed 6.812550, avg temp 43.500000, final temp 44 ) ------
Loop 13 <line-213> - Time 5.115746 Total energy consumed 550.287675 Ave. Power Level 107.567435
	-------- Loop 13 (sock 1 consumed 281.226585, avg temp 50.200000, final temp 49 ) ------
	-------- Loop 13 (sock 2 consumed 269.061090, avg temp 45.200000, final temp 45 ) ------
Loop 14 <line-99> - Time 3.723877 Total energy consumed 243.893655 Ave. Power Level 65.494553
	-------- Loop 14 (sock 1 consumed 99.030975, avg temp 49.000000, final temp 49 ) ------
	-------- Loop 14 (sock 2 consumed 144.862680, avg temp 42.666667, final temp 44 ) ------
Loop 15 <line-160> - Time 0.101820 Total energy consumed 7.206075 Ave. Power Level 70.772727
	-------- Loop 15 (sock 1 consumed 3.493320, avg temp 49.166667, final temp 49 ) ------
	-------- Loop 15 (sock 2 consumed 3.712755, avg temp 43.000000, final temp 44 ) ------
Loop 16 <line-269> - Time 3.295865 Total energy consumed 203.470290 Ave. Power Level 61.735018
	-------- Loop 16 (sock 1 consumed 99.495375, avg temp 49.068966, final temp 49 ) ------
	-------- Loop 16 (sock 2 consumed 103.974915, avg temp 42.586207, final temp 44 ) ------
Loop 17 <line-300> - Time 0.002086 Total energy consumed 0.109560 Ave. Power Level 52.516235
	-------- Loop 17 (sock 1 consumed 0.054420, avg temp 49.041667, final temp 50 ) ------
	-------- Loop 17 (sock 2 consumed 0.055140, avg temp 42.500000, final temp 43 ) ------
Loop 18 <line-148> - Time 0.000379 Total energy consumed 0.099945 Ave. Power Level 263.629218
	-------- Loop 18 (sock 1 consumed 0.048090, avg temp 49.000000, final temp 49 ) ------
	-------- Loop 18 (sock 2 consumed 0.051855, avg temp 44.000000, final temp 44 ) ------
Application(EnergyStat) - Time 26.203069 Total energy consumed 1839.303255 Ave. Power Level 70.194193 Final Temperature socket 1 : 49  socket 2 : 44 
	 ParallelApplication(EnergyStat) - Time 13.618718 Total energy consumed 1103.761575 Ave. Power Level 81.047394
Memory used: 1.32031
Loading 32-bit binary file: pnnl.bin, numvertices: 2361670, numEdges: 191402826
File read time: 1.60488
Before allocating graph
Allocated graph: 0x1399570
Processing edges for vertex: 0, range(0, 166)
Processing edges for vertex: 100000, range(58444108, 58444133)
Processing edges for vertex: 200000, range(84376057, 84376362)
Processing edges for vertex: 300000, range(106069163, 106069503)
Processing edges for vertex: 400000, range(122097114, 122097513)
Processing edges for vertex: 500000, range(135096418, 135096483)
Processing edges for vertex: 600000, range(146097008, 146097061)
Processing edges for vertex: 700000, range(155415410, 155415531)
Processing edges for vertex: 800000, range(162595900, 162595989)
Processing edges for vertex: 900000, range(168508374, 168508464)
Processing edges for vertex: 1000000, range(173203321, 173203442)
Processing edges for vertex: 1100000, range(176935100, 176935110)
Processing edges for vertex: 1200000, range(179876260, 179876270)
Processing edges for vertex: 1300000, range(182240081, 182240092)
Processing edges for vertex: 1400000, range(184224513, 184224521)
Processing edges for vertex: 1500000, range(185795161, 185795170)
Processing edges for vertex: 1600000, range(187104124, 187104130)
Processing edges for vertex: 1700000, range(188148455, 188148461)
Processing edges for vertex: 1800000, range(188997836, 188997842)
Processing edges for vertex: 1900000, range(189691532, 189691535)
Processing edges for vertex: 2000000, range(190254658, 190254660)
Processing edges for vertex: 2100000, range(190705814, 190705822)
Processing edges for vertex: 2200000, range(191052755, 191052764)
Processing edges for vertex: 2300000, range(191302662, 191302663)
Graph populate time: 7.42124
Total I/O time: 9.02616

Regional(EnergyStat) - Time 9.030264 Total energy consumed 513.798975 Ave. Power Level 56.897449 
Running on: 10 threads
Loaded graph from file: pnnl.bin
Memory used: 2949.12
Maximum degree for the graph: 5520
Iteration: 0, conflicts: 19
Iteration: 1, conflicts: 0
Total number of colors used: 1185
Total number of conflicts overall: 0
Number of rounds: 2
SUCCESS: No conflicts found
Coloring time: 0.803312
Memory used: 2949.12
Number of reordered colors: 1009
End position for large colors: 0, node count: 550688, largest: 550688
Node count cutoff: 472334
e_xx: 1.21891e+08, a2_x: 6.38443e+11, currMod: 0.636814
e_xx: 1.65553e+08, a2_x: 6.15742e+11, currMod: 0.864931
e_xx: 1.71956e+08, a2_x: 5.23351e+11, currMod: 0.898385
e_xx: 1.74522e+08, a2_x: 4.96041e+11, currMod: 0.911789
e_xx: 1.75906e+08, a2_x: 4.99445e+11, currMod: 0.919023
currMod: 0.911789, prevMod: -1
Louvain time: 8.53415
numClusters: 203437, time: 0.101355
Next phase: 2
Memory used: 2949.12
End Structure 1282919 203437 vs 2767448
Build next level time: 4.95088
Iteration time: 13.5912
Memory used: 2949.12
e_xx: 1.56501e+08, a2_x: 5.02429e+11, currMod: 0.909927
e_xx: 1.65134e+08, a2_x: 3.4764e+11, currMod: 0.960131
e_xx: 1.66736e+08, a2_x: 2.54947e+11, currMod: 0.969443
e_xx: 1.67214e+08, a2_x: 2.48548e+11, currMod: 0.972226
e_xx: 1.67306e+08, a2_x: 2.31101e+11, currMod: 0.972762
e_xx: 1.67398e+08, a2_x: 2.50456e+11, currMod: 0.973293
e_xx: 1.67406e+08, a2_x: 2.25307e+11, currMod: 0.973344
e_xx: 1.67456e+08, a2_x: 2.37029e+11, currMod: 0.973631
e_xx: 1.67439e+08, a2_x: 2.34656e+11, currMod: 0.973536
currMod: 0.973631, prevMod: 0.911789
Louvain time: 1.94205
numClusters: 50924, time: 0.013779
Next phase: 3
Memory used: 2949.12
End Structure 490256 50924 vs 1031425
Build next level time: 0.180754
Iteration time: 2.13722
Memory used: 2949.12
e_xx: 1.67456e+08, a2_x: 2.37803e+11, currMod: 0.9736
e_xx: 1.68339e+08, a2_x: 1.09923e+11, currMod: 0.978738
e_xx: 1.68447e+08, a2_x: 7.1102e+10, currMod: 0.979372
e_xx: 1.68559e+08, a2_x: 7.47306e+10, currMod: 0.98002
e_xx: 1.68472e+08, a2_x: 9.39207e+10, currMod: 0.979513
currMod: 0.98002, prevMod: 0.973631
Louvain time: 0.505287
numClusters: 25404, time: 0.004432
Next phase: 4
Memory used: 2949.12
End Structure 171887 25404 vs 369178
Build next level time: 0.071527
Iteration time: 0.581701
Memory used: 2949.12
e_xx: 1.68559e+08, a2_x: 7.41202e+10, currMod: 0.980007
e_xx: 1.6876e+08, a2_x: 1.15641e+10, currMod: 0.981177
e_xx: 1.68772e+08, a2_x: -1.53063e+10, currMod: 0.981251
e_xx: 1.68785e+08, a2_x: -2.02356e+10, currMod: 0.981326
e_xx: 1.68791e+08, a2_x: -1.33784e+10, currMod: 0.98136
e_xx: 1.68786e+08, a2_x: -2.76135e+10, currMod: 0.98133
currMod: 0.98136, prevMod: 0.98002
Louvain time: 0.267102
numClusters: 22142, time: 0.002838
Next phase: 5
Memory used: 2949.12
End Structure 89121 22142 vs 200384
Build next level time: 0.026288
Iteration time: 0.296629
Memory used: 2949.12
e_xx: 1.68791e+08, a2_x: -1.2156e+10, currMod: 0.981359
e_xx: 1.688e+08, a2_x: -1.36985e+10, currMod: 0.981412
e_xx: 1.688e+08, a2_x: -3.43176e+09, currMod: 0.981413
currMod: 0.981412, prevMod: 0.98136
Louvain time: 0.079659
numClusters: 22003, time: 0.002532
Next phase: 6
Memory used: 2949.12
End Structure 78597 22003 vs 179197
Build next level time: 0.023843
Iteration time: 0.106226
Memory used: 2949.12
e_xx: 1.688e+08, a2_x: -1.26266e+10, currMod: 0.981412
e_xx: 1.688e+08, a2_x: -2.27503e+10, currMod: 0.981414
e_xx: 1.688e+08, a2_x: -2.18761e+10, currMod: 0.981414
currMod: 0.981414, prevMod: 0.981412
Louvain time: 0.070626
numClusters: 21977, time: 0.002516
Next phase: 7
Memory used: 2949.12
End Structure 76522 21977 vs 175021
Build next level time: 0.022619
Iteration time: 0.095951
Memory used: 2949.12
e_xx: 1.688e+08, a2_x: -2.27503e+10, currMod: 0.981414
e_xx: 1.688e+08, a2_x: -2.21513e+10, currMod: 0.981414
currMod: 0.981414, prevMod: 0.981414
Louvain time: 0.046232
numClusters: 21977, time: 0.0025
Maximum degree for the graph: 471
Iteration: 0, conflicts: 0
Total number of colors used: 182
Total number of conflicts overall: 0
Number of rounds: 1
SUCCESS: No conflicts found
Number of reordered colors: 182
End position for large colors: 0, node count: 21541, largest: 21541
Node count cutoff: 4396
e_xx: 1.688e+08, a2_x: -2.21513e+10, currMod: 0.981414
End Structure 76386 21974 vs 174746
currMod: 0.981414, prevMod: 0.981414
numClusters: 21974
Total iteration time: 16.809

Loop 0 <line-37> - Time 0.000567 Total energy consumed 0.000000 Ave. Power Level 0.000000
	-------- Loop 0 (sock 1 consumed 0.000000, avg temp 49.000000, final temp 49 ) ------
	-------- Loop 0 (sock 2 consumed 0.000000, avg temp 41.500000, final temp 42 ) ------
Loop 1 <line-54> - Time 0.000382 Total energy consumed 0.000000 Ave. Power Level 0.000000
	-------- Loop 1 (sock 1 consumed 0.000000, avg temp 49.000000, final temp 49 ) ------
	-------- Loop 1 (sock 2 consumed 0.000000, avg temp 41.500000, final temp 42 ) ------
Loop 2 <line-76> - Time 0.000454 Total energy consumed 0.000000 Ave. Power Level 0.000000
	-------- Loop 2 (sock 1 consumed 0.000000, avg temp 49.000000, final temp 49 ) ------
	-------- Loop 2 (sock 2 consumed 0.000000, avg temp 41.500000, final temp 42 ) ------
Loop 3 <line-170> - Time 0.518538 Total energy consumed 36.179820 Ave. Power Level 69.772702
	-------- Loop 3 (sock 1 consumed 20.275680, avg temp 49.666667, final temp 49 ) ------
	-------- Loop 3 (sock 2 consumed 15.904140, avg temp 41.666667, final temp 43 ) ------
Loop 4 <line-192> - Time 0.000231 Total energy consumed 0.000000 Ave. Power Level 0.000000
	-------- Loop 4 (sock 1 consumed 0.000000, avg temp 49.500000, final temp 49 ) ------
	-------- Loop 4 (sock 2 consumed 0.000000, avg temp 42.000000, final temp 43 ) ------
Loop 5 <line-222> - Time 0.201117 Total energy consumed 13.952865 Ave. Power Level 69.376845
	-------- Loop 5 (sock 1 consumed 7.187730, avg temp 49.000000, final temp 49 ) ------
	-------- Loop 5 (sock 2 consumed 6.765135, avg temp 42.000000, final temp 43 ) ------
Loop 6 <line-116> - Time 0.001907 Total energy consumed 0.089370 Ave. Power Level 46.865856
	-------- Loop 6 (sock 1 consumed 0.032880, avg temp 49.142857, final temp 49 ) ------
	-------- Loop 6 (sock 2 consumed 0.056490, avg temp 41.714286, final temp 43 ) ------
Loop 7 <line-334> - Time 0.417925 Total energy consumed 26.357745 Ave. Power Level 63.068119
	-------- Loop 7 (sock 1 consumed 15.518775, avg temp 49.250000, final temp 49 ) ------
	-------- Loop 7 (sock 2 consumed 10.838970, avg temp 42.500000, final temp 43 ) ------
Loop 8 <line-353> - Time 0.000428 Total energy consumed 0.000000 Ave. Power Level 0.000000
	-------- Loop 8 (sock 1 consumed 0.000000, avg temp 49.250000, final temp 49 ) ------
	-------- Loop 8 (sock 2 consumed 0.000000, avg temp 42.500000, final temp 43 ) ------
Loop 9 <line-375> - Time 0.000673 Total energy consumed 0.111240 Ave. Power Level 165.171697
	-------- Loop 9 (sock 1 consumed 0.057990, avg temp 49.250000, final temp 49 ) ------
	-------- Loop 9 (sock 2 consumed 0.053250, avg temp 42.375000, final temp 43 ) ------
Loop 10 <line-85> - Time 0.104959 Total energy consumed 10.802940 Ave. Power Level 102.925154
	-------- Loop 10 (sock 1 consumed 5.340915, avg temp 49.250000, final temp 49 ) ------
	-------- Loop 10 (sock 2 consumed 5.462025, avg temp 42.500000, final temp 42 ) ------
Loop 11 <line-131> - Time 0.003106 Total energy consumed 0.543375 Ave. Power Level 174.942531
	-------- Loop 11 (sock 1 consumed 0.269970, avg temp 49.000000, final temp 49 ) ------
	-------- Loop 11 (sock 2 consumed 0.273405, avg temp 42.000000, final temp 42 ) ------
Loop 12 <line-167> - Time 0.116346 Total energy consumed 12.367170 Ave. Power Level 106.296511
	-------- Loop 12 (sock 1 consumed 6.153510, avg temp 49.500000, final temp 49 ) ------
	-------- Loop 12 (sock 2 consumed 6.213660, avg temp 43.500000, final temp 43 ) ------
Loop 13 <line-213> - Time 5.114197 Total energy consumed 563.497440 Ave. Power Level 110.182974
	-------- Loop 13 (sock 1 consumed 278.241315, avg temp 50.500000, final temp 49 ) ------
	-------- Loop 13 (sock 2 consumed 285.256125, avg temp 43.666667, final temp 42 ) ------
Loop 14 <line-99> - Time 4.933648 Total energy consumed 345.573525 Ave. Power Level 70.044214
	-------- Loop 14 (sock 1 consumed 179.128590, avg temp 49.142857, final temp 49 ) ------
	-------- Loop 14 (sock 2 consumed 166.444935, avg temp 41.714286, final temp 42 ) ------
Loop 15 <line-160> - Time 0.112659 Total energy consumed 8.367480 Ave. Power Level 74.272921
	-------- Loop 15 (sock 1 consumed 4.161765, avg temp 49.000000, final temp 49 ) ------
	-------- Loop 15 (sock 2 consumed 4.205715, avg temp 41.857143, final temp 42 ) ------
Loop 16 <line-269> - Time 2.892502 Total energy consumed 179.179245 Ave. Power Level 61.946120
	-------- Loop 16 (sock 1 consumed 81.928065, avg temp 48.928571, final temp 49 ) ------
	-------- Loop 16 (sock 2 consumed 97.251180, avg temp 42.250000, final temp 42 ) ------
Loop 17 <line-300> - Time 0.001780 Total energy consumed 0.122985 Ave. Power Level 69.109819
	-------- Loop 17 (sock 1 consumed 0.064350, avg temp 48.954545, final temp 49 ) ------
	-------- Loop 17 (sock 2 consumed 0.058635, avg temp 42.454545, final temp 42 ) ------
Loop 18 <line-148> - Time 0.000400 Total energy consumed 0.142845 Ave. Power Level 356.767328
	-------- Loop 18 (sock 1 consumed 0.053160, avg temp 49.000000, final temp 49 ) ------
	-------- Loop 18 (sock 2 consumed 0.089685, avg temp 42.000000, final temp 42 ) ------
Application(EnergyStat) - Time 26.730423 Total energy consumed 1921.791135 Ave. Power Level 71.895275 Final Temperature socket 1 : 49  socket 2 : 42 
	 ParallelApplication(EnergyStat) - Time 14.421821 Total energy consumed 1197.288045 Ave. Power Level 83.019203
Memory used: 1.32031
Loading 32-bit binary file: pnnl.bin, numvertices: 2361670, numEdges: 191402826
File read time: 1.61118
Before allocating graph
Allocated graph: 0x1bb4570
Processing edges for vertex: 0, range(0, 166)
Processing edges for vertex: 100000, range(58444108, 58444133)
Processing edges for vertex: 200000, range(84376057, 84376362)
Processing edges for vertex: 300000, range(106069163, 106069503)
Processing edges for vertex: 400000, range(122097114, 122097513)
Processing edges for vertex: 500000, range(135096418, 135096483)
Processing edges for vertex: 600000, range(146097008, 146097061)
Processing edges for vertex: 700000, range(155415410, 155415531)
Processing edges for vertex: 800000, range(162595900, 162595989)
Processing edges for vertex: 900000, range(168508374, 168508464)
Processing edges for vertex: 1000000, range(173203321, 173203442)
Processing edges for vertex: 1100000, range(176935100, 176935110)
Processing edges for vertex: 1200000, range(179876260, 179876270)
Processing edges for vertex: 1300000, range(182240081, 182240092)
Processing edges for vertex: 1400000, range(184224513, 184224521)
Processing edges for vertex: 1500000, range(185795161, 185795170)
Processing edges for vertex: 1600000, range(187104124, 187104130)
Processing edges for vertex: 1700000, range(188148455, 188148461)
Processing edges for vertex: 1800000, range(188997836, 188997842)
Processing edges for vertex: 1900000, range(189691532, 189691535)
Processing edges for vertex: 2000000, range(190254658, 190254660)
Processing edges for vertex: 2100000, range(190705814, 190705822)
Processing edges for vertex: 2200000, range(191052755, 191052764)
Processing edges for vertex: 2300000, range(191302662, 191302663)
Graph populate time: 7.45596
Total I/O time: 9.06718

Regional(EnergyStat) - Time 9.070389 Total energy consumed 512.176470 Ave. Power Level 56.466871 
Running on: 10 threads
Loaded graph from file: pnnl.bin
Memory used: 2949.12
Maximum degree for the graph: 5520
Iteration: 0, conflicts: 11
Iteration: 1, conflicts: 0
Total number of colors used: 1184
Total number of conflicts overall: 0
Number of rounds: 2
SUCCESS: No conflicts found
Coloring time: 0.748152
Memory used: 2949.12
Number of reordered colors: 1019
End position for large colors: 0, node count: 550675, largest: 550675
Node count cutoff: 472334
e_xx: 1.20309e+08, a2_x: 6.35655e+11, currMod: 0.628548
e_xx: 1.6373e+08, a2_x: 5.60861e+11, currMod: 0.855408
e_xx: 1.70787e+08, a2_x: 5.0308e+11, currMod: 0.892278
e_xx: 1.73279e+08, a2_x: 4.8332e+11, currMod: 0.9053
e_xx: 1.74469e+08, a2_x: 4.97138e+11, currMod: 0.911515
currMod: 0.9053, prevMod: -1
Louvain time: 8.4927
numClusters: 204106, time: 0.101543
Next phase: 2
Memory used: 2949.12
End Structure 1301738 204106 vs 2805846
Build next level time: 3.89237
Iteration time: 12.4901
Memory used: 2949.12
e_xx: 1.66234e+08, a2_x: 4.98498e+11, currMod: 0.907567
e_xx: 1.76189e+08, a2_x: 3.66198e+11, currMod: 0.961926
e_xx: 1.77734e+08, a2_x: 2.68535e+11, currMod: 0.970365
e_xx: 1.78293e+08, a2_x: 2.53797e+11, currMod: 0.973416
e_xx: 1.78431e+08, a2_x: 2.81032e+11, currMod: 0.974169
e_xx: 1.78528e+08, a2_x: 2.70594e+11, currMod: 0.974696
e_xx: 1.78559e+08, a2_x: 2.7953e+11, currMod: 0.974867
e_xx: 1.78616e+08, a2_x: 2.74519e+11, currMod: 0.975181
e_xx: 1.78626e+08, a2_x: 2.84442e+11, currMod: 0.975231
e_xx: 1.78671e+08, a2_x: 2.66926e+11, currMod: 0.975476
e_xx: 1.78663e+08, a2_x: 2.78071e+11, currMod: 0.975434
currMod: 0.975476, prevMod: 0.9053
Louvain time: 2.4267
numClusters: 51043, time: 0.014369
Next phase: 3
Memory used: 2949.12
End Structure 498130 51043 vs 1047296
Build next level time: 0.181455
Iteration time: 2.62325
Memory used: 2949.12
e_xx: 1.7867e+08, a2_x: 2.65684e+11, currMod: 0.975456
e_xx: 1.79604e+08, a2_x: 1.06956e+11, currMod: 0.980557
e_xx: 1.79665e+08, a2_x: 4.94245e+10, currMod: 0.980894
e_xx: 1.79758e+08, a2_x: 8.23064e+09, currMod: 0.981402
e_xx: 1.79686e+08, a2_x: 1.16387e+10, currMod: 0.98101
currMod: 0.981402, prevMod: 0.975476
Louvain time: 0.509511
numClusters: 25620, time: 0.004412
Next phase: 4
Memory used: 2949.12
End Structure 169663 25620 vs 364946
Build next level time: 0.068197
Iteration time: 0.582604
Memory used: 2949.12
e_xx: 1.79758e+08, a2_x: 6.83416e+09, currMod: 0.98139
e_xx: 1.79989e+08, a2_x: 2.44749e+10, currMod: 0.982649
e_xx: 1.80037e+08, a2_x: 3.57088e+10, currMod: 0.982913
e_xx: 1.8e+08, a2_x: 4.02648e+10, currMod: 0.982712
currMod: 0.982913, prevMod: 0.981402
Louvain time: 0.179408
numClusters: 22258, time: 0.002874
Next phase: 5
Memory used: 2949.12
End Structure 92204 22258 vs 206666
Build next level time: 0.026434
Iteration time: 0.209092
Memory used: 2949.12
e_xx: 1.80037e+08, a2_x: 3.59712e+10, currMod: 0.982911
e_xx: 1.80042e+08, a2_x: 2.23006e+10, currMod: 0.98294
e_xx: 1.80042e+08, a2_x: 3.69261e+10, currMod: 0.982935
currMod: 0.98294, prevMod: 0.982913
Louvain time: 0.082677
numClusters: 22054, time: 0.002535
Next phase: 6
Memory used: 2949.12
End Structure 82312 22054 vs 186678
Build next level time: 0.024509
Iteration time: 0.109933
Memory used: 2949.12
e_xx: 1.80042e+08, a2_x: 2.07722e+10, currMod: 0.982939
e_xx: 1.80043e+08, a2_x: 1.93682e+10, currMod: 0.982941
e_xx: 1.80043e+08, a2_x: 1.89997e+10, currMod: 0.982942
e_xx: 1.80043e+08, a2_x: 1.74725e+10, currMod: 0.982943
currMod: 0.982942, prevMod: 0.98294
Louvain time: 0.098535
numClusters: 21995, time: 0.002522
Next phase: 7
Memory used: 2949.12
End Structure 77640 21995 vs 177275
Build next level time: 0.018925
Iteration time: 0.120164
Memory used: 2949.12
e_xx: 1.80043e+08, a2_x: 1.87362e+10, currMod: 0.982942
e_xx: 1.80043e+08, a2_x: 7.15364e+09, currMod: 0.982943
currMod: 0.982942, prevMod: 0.982942
Louvain time: 0.048134
numClusters: 21995, time: 0.002534
Maximum degree for the graph: 486
Iteration: 0, conflicts: 0
Total number of colors used: 183
Total number of conflicts overall: 0
Number of rounds: 1
SUCCESS: No conflicts found
Number of reordered colors: 180
End position for large colors: 0, node count: 21557, largest: 21557
Node count cutoff: 4399
e_xx: 1.80044e+08, a2_x: 7.19873e+09, currMod: 0.982951
e_xx: 1.80131e+08, a2_x: 2.51545e+09, currMod: 0.983422
e_xx: 1.80132e+08, a2_x: 3.7371e+09, currMod: 0.983431
e_xx: 1.80382e+08, a2_x: -3.66758e+09, currMod: 0.984797
e_xx: 1.8107e+08, a2_x: -4.19843e+09, currMod: 0.988549
e_xx: 1.80929e+08, a2_x: -4.3374e+09, currMod: 0.987779
End Structure 3099 21633 vs 27831
currMod: 0.988549, prevMod: 0.982942
numClusters: 21633
Total iteration time: 16.1352

Loop 0 <line-37> - Time 0.000696 Total energy consumed 0.057480 Ave. Power Level 82.551929
	-------- Loop 0 (sock 1 consumed 0.033615, avg temp 49.000000, final temp 49 ) ------
	-------- Loop 0 (sock 2 consumed 0.023865, avg temp 41.000000, final temp 41 ) ------
Loop 1 <line-54> - Time 0.000494 Total energy consumed 0.000000 Ave. Power Level 0.000000
	-------- Loop 1 (sock 1 consumed 0.000000, avg temp 49.000000, final temp 49 ) ------
	-------- Loop 1 (sock 2 consumed 0.000000, avg temp 41.000000, final temp 41 ) ------
Loop 2 <line-76> - Time 0.000492 Total energy consumed 0.056400 Ave. Power Level 114.735589
	-------- Loop 2 (sock 1 consumed 0.033180, avg temp 49.000000, final temp 49 ) ------
	-------- Loop 2 (sock 2 consumed 0.023220, avg temp 40.500000, final temp 41 ) ------
Loop 3 <line-170> - Time 0.481705 Total energy consumed 34.192620 Ave. Power Level 70.982461
	-------- Loop 3 (sock 1 consumed 19.369365, avg temp 49.000000, final temp 49 ) ------
	-------- Loop 3 (sock 2 consumed 14.823255, avg temp 40.666667, final temp 42 ) ------
Loop 4 <line-192> - Time 0.000229 Total energy consumed 0.000000 Ave. Power Level 0.000000
	-------- Loop 4 (sock 1 consumed 0.000000, avg temp 49.000000, final temp 49 ) ------
	-------- Loop 4 (sock 2 consumed 0.000000, avg temp 41.000000, final temp 42 ) ------
Loop 5 <line-222> - Time 0.182059 Total energy consumed 13.169865 Ave. Power Level 72.338369
	-------- Loop 5 (sock 1 consumed 6.818850, avg temp 49.000000, final temp 49 ) ------
	-------- Loop 5 (sock 2 consumed 6.351015, avg temp 41.500000, final temp 42 ) ------
Loop 6 <line-116> - Time 0.001996 Total energy consumed 0.081030 Ave. Power Level 40.590498
	-------- Loop 6 (sock 1 consumed 0.033585, avg temp 49.142857, final temp 49 ) ------
	-------- Loop 6 (sock 2 consumed 0.047445, avg temp 41.000000, final temp 41 ) ------
Loop 7 <line-334> - Time 0.403397 Total energy consumed 25.798680 Ave. Power Level 63.953544
	-------- Loop 7 (sock 1 consumed 14.273430, avg temp 49.250000, final temp 49 ) ------
	-------- Loop 7 (sock 2 consumed 11.525250, avg temp 41.125000, final temp 42 ) ------
Loop 8 <line-353> - Time 0.000451 Total energy consumed 0.032895 Ave. Power Level 73.017247
	-------- Loop 8 (sock 1 consumed 0.032895, avg temp 49.500000, final temp 49 ) ------
	-------- Loop 8 (sock 2 consumed 0.000000, avg temp 41.125000, final temp 42 ) ------
Loop 9 <line-375> - Time 0.000686 Total energy consumed 0.226305 Ave. Power Level 330.043183
	-------- Loop 9 (sock 1 consumed 0.081435, avg temp 49.375000, final temp 49 ) ------
	-------- Loop 9 (sock 2 consumed 0.144870, avg temp 41.000000, final temp 42 ) ------
Loop 10 <line-85> - Time 0.100547 Total energy consumed 10.383285 Ave. Power Level 103.268265
	-------- Loop 10 (sock 1 consumed 5.146770, avg temp 49.000000, final temp 49 ) ------
	-------- Loop 10 (sock 2 consumed 5.236515, avg temp 41.750000, final temp 42 ) ------
Loop 11 <line-131> - Time 0.003095 Total energy consumed 0.381840 Ave. Power Level 123.388531
	-------- Loop 11 (sock 1 consumed 0.215895, avg temp 49.000000, final temp 49 ) ------
	-------- Loop 11 (sock 2 consumed 0.165945, avg temp 41.500000, final temp 42 ) ------
Loop 12 <line-167> - Time 0.136627 Total energy consumed 14.617755 Ave. Power Level 106.990021
	-------- Loop 12 (sock 1 consumed 7.291920, avg temp 49.000000, final temp 49 ) ------
	-------- Loop 12 (sock 2 consumed 7.325835, avg temp 41.000000, final temp 41 ) ------
Loop 13 <line-213> - Time 5.100841 Total energy consumed 563.781225 Ave. Power Level 110.527120
	-------- Loop 13 (sock 1 consumed 281.968035, avg temp 50.000000, final temp 49 ) ------
	-------- Loop 13 (sock 2 consumed 281.813190, avg temp 42.636364, final temp 42 ) ------
Loop 14 <line-99> - Time 3.879009 Total energy consumed 267.459495 Ave. Power Level 68.950477
	-------- Loop 14 (sock 1 consumed 137.934585, avg temp 49.142857, final temp 49 ) ------
	-------- Loop 14 (sock 2 consumed 129.524910, avg temp 41.142857, final temp 42 ) ------
Loop 15 <line-160> - Time 0.104464 Total energy consumed 7.616055 Ave. Power Level 72.905966
	-------- Loop 15 (sock 1 consumed 3.781335, avg temp 49.142857, final temp 49 ) ------
	-------- Loop 15 (sock 2 consumed 3.834720, avg temp 41.285714, final temp 42 ) ------
Loop 16 <line-269> - Time 3.325667 Total energy consumed 207.150855 Ave. Power Level 62.288506
	-------- Loop 16 (sock 1 consumed 106.073205, avg temp 49.068966, final temp 49 ) ------
	-------- Loop 16 (sock 2 consumed 101.077650, avg temp 41.000000, final temp 41 ) ------
Loop 17 <line-300> - Time 0.002011 Total energy consumed 0.111450 Ave. Power Level 55.409388
	-------- Loop 17 (sock 1 consumed 0.064650, avg temp 49.130435, final temp 49 ) ------
	-------- Loop 17 (sock 2 consumed 0.046800, avg temp 41.043478, final temp 41 ) ------
Loop 18 <line-148> - Time 0.000403 Total energy consumed 0.000000 Ave. Power Level 0.000000
	-------- Loop 18 (sock 1 consumed 0.000000, avg temp 49.000000, final temp 49 ) ------
	-------- Loop 18 (sock 2 consumed 0.000000, avg temp 41.000000, final temp 41 ) ------
Application(EnergyStat) - Time 26.045535 Total energy consumed 1866.594540 Ave. Power Level 71.666584 Final Temperature socket 1 : 50  socket 2 : 41 
	 ParallelApplication(EnergyStat) - Time 13.724868 Total energy consumed 1145.117235 Ave. Power Level 83.433752
Memory used: 1.32422
Loading 32-bit binary file: pnnl.bin, numvertices: 2361670, numEdges: 191402826
File read time: 1.61064
Before allocating graph
Allocated graph: 0x1bc2570
Processing edges for vertex: 0, range(0, 166)
Processing edges for vertex: 100000, range(58444108, 58444133)
Processing edges for vertex: 200000, range(84376057, 84376362)
Processing edges for vertex: 300000, range(106069163, 106069503)
Processing edges for vertex: 400000, range(122097114, 122097513)
Processing edges for vertex: 500000, range(135096418, 135096483)
Processing edges for vertex: 600000, range(146097008, 146097061)
Processing edges for vertex: 700000, range(155415410, 155415531)
Processing edges for vertex: 800000, range(162595900, 162595989)
Processing edges for vertex: 900000, range(168508374, 168508464)
Processing edges for vertex: 1000000, range(173203321, 173203442)
Processing edges for vertex: 1100000, range(176935100, 176935110)
Processing edges for vertex: 1200000, range(179876260, 179876270)
Processing edges for vertex: 1300000, range(182240081, 182240092)
Processing edges for vertex: 1400000, range(184224513, 184224521)
Processing edges for vertex: 1500000, range(185795161, 185795170)
Processing edges for vertex: 1600000, range(187104124, 187104130)
Processing edges for vertex: 1700000, range(188148455, 188148461)
Processing edges for vertex: 1800000, range(188997836, 188997842)
Processing edges for vertex: 1900000, range(189691532, 189691535)
Processing edges for vertex: 2000000, range(190254658, 190254660)
Processing edges for vertex: 2100000, range(190705814, 190705822)
Processing edges for vertex: 2200000, range(191052755, 191052764)
Processing edges for vertex: 2300000, range(191302662, 191302663)
Graph populate time: 7.62216
Total I/O time: 9.23283

Regional(EnergyStat) - Time 9.236797 Total energy consumed 524.739930 Ave. Power Level 56.809730 
Running on: 10 threads
Loaded graph from file: pnnl.bin
Memory used: 2949.12
Maximum degree for the graph: 5520
Iteration: 0, conflicts: 32
Iteration: 1, conflicts: 12
Iteration: 2, conflicts: 7
Iteration: 3, conflicts: 3
Iteration: 4, conflicts: 2
Iteration: 5, conflicts: 1
Iteration: 6, conflicts: 0
Total number of colors used: 1182
Total number of conflicts overall: 0
Number of rounds: 7
SUCCESS: No conflicts found
Coloring time: 0.797017
Memory used: 2949.12
Number of reordered colors: 991
End position for large colors: 0, node count: 550670, largest: 550670
Node count cutoff: 472334
e_xx: 1.29875e+08, a2_x: 5.74036e+11, currMod: 0.678525
e_xx: 1.6805e+08, a2_x: 6.05718e+11, currMod: 0.877973
e_xx: 1.73931e+08, a2_x: 5.23222e+11, currMod: 0.908702
e_xx: 1.76351e+08, a2_x: 5.18844e+11, currMod: 0.921346
e_xx: 1.77438e+08, a2_x: 5.12535e+11, currMod: 0.927027
currMod: 0.921346, prevMod: -1
Louvain time: 8.69162
numClusters: 202578, time: 0.087575
Next phase: 2
Memory used: 2949.12
End Structure 1233449 202578 vs 2667427
Build next level time: 3.66911
Iteration time: 12.4519
Memory used: 2949.12
e_xx: 1.56885e+08, a2_x: 5.15325e+11, currMod: 0.91829
e_xx: 1.6448e+08, a2_x: 3.67675e+11, currMod: 0.962753
e_xx: 1.6568e+08, a2_x: 2.67556e+11, currMod: 0.969777
e_xx: 1.65993e+08, a2_x: 2.67826e+11, currMod: 0.971609
e_xx: 1.66052e+08, a2_x: 2.32235e+11, currMod: 0.971958
e_xx: 1.66116e+08, a2_x: 2.79709e+11, currMod: 0.972332
e_xx: 1.66119e+08, a2_x: 2.4198e+11, currMod: 0.972345
e_xx: 1.66159e+08, a2_x: 2.75141e+11, currMod: 0.97258
e_xx: 1.66151e+08, a2_x: 2.51604e+11, currMod: 0.972537
currMod: 0.97258, prevMod: 0.921346
Louvain time: 1.85843
numClusters: 49884, time: 0.013908
Next phase: 3
Memory used: 2949.12
End Structure 473763 49884 vs 997401
Build next level time: 0.171197
Iteration time: 2.04413
Memory used: 2949.12
e_xx: 1.66159e+08, a2_x: 2.73066e+11, currMod: 0.972547
e_xx: 1.67251e+08, a2_x: 1.02214e+11, currMod: 0.978947
e_xx: 1.67307e+08, a2_x: 5.857e+10, currMod: 0.979277
e_xx: 1.67417e+08, a2_x: 5.4018e+10, currMod: 0.979922
e_xx: 1.67338e+08, a2_x: 4.58626e+10, currMod: 0.979458
currMod: 0.979922, prevMod: 0.97258
Louvain time: 0.496356
numClusters: 25317, time: 0.004326
Next phase: 4
Memory used: 2949.12
End Structure 168303 25317 vs 361923
Build next level time: 0.066352
Iteration time: 0.567559
Memory used: 2949.12
e_xx: 1.67417e+08, a2_x: 5.15462e+10, currMod: 0.97991
e_xx: 1.6763e+08, a2_x: 3.77813e+10, currMod: 0.981153
e_xx: 1.67634e+08, a2_x: 2.778e+10, currMod: 0.981182
e_xx: 1.67635e+08, a2_x: 2.00905e+10, currMod: 0.981186
e_xx: 1.67636e+08, a2_x: -5.62498e+09, currMod: 0.981189
e_xx: 1.67635e+08, a2_x: 1.11033e+10, currMod: 0.981188
currMod: 0.981189, prevMod: 0.979922
Louvain time: 0.269098
numClusters: 22172, time: 0.002858
Next phase: 5
Memory used: 2949.12
End Structure 87769 22172 vs 197710
Build next level time: 0.025828
Iteration time: 0.298172
Memory used: 2949.12
e_xx: 1.67636e+08, a2_x: -5.18845e+09, currMod: 0.981188
e_xx: 1.6764e+08, a2_x: 1.0997e+10, currMod: 0.981211
e_xx: 1.6764e+08, a2_x: 3.5978e+09, currMod: 0.981211
currMod: 0.981211, prevMod: 0.981189
Louvain time: 0.079672
numClusters: 22030, time: 0.002536
Next phase: 6
Memory used: 2949.12
End Structure 80053 22030 vs 182136
Build next level time: 0.020025
Iteration time: 0.102447
Memory used: 2949.12
e_xx: 1.6764e+08, a2_x: 1.20864e+10, currMod: 0.981211
e_xx: 1.6764e+08, a2_x: 9.82021e+09, currMod: 0.981212
currMod: 0.981211, prevMod: 0.981211
Louvain time: 0.048958
numClusters: 22030, time: 0.002534
Maximum degree for the graph: 517
Iteration: 0, conflicts: 0
Total number of colors used: 180
Total number of conflicts overall: 0
Number of rounds: 1
SUCCESS: No conflicts found
Number of reordered colors: 177
End position for large colors: 0, node count: 21572, largest: 21572
Node count cutoff: 4406
e_xx: 1.68118e+08, a2_x: -1.6088e+10, currMod: 0.984013
e_xx: 1.68725e+08, a2_x: -2.19779e+10, currMod: 0.987565
e_xx: 1.6883e+08, a2_x: -1.80005e+10, currMod: 0.988177
e_xx: 1.69232e+08, a2_x: -1.5921e+10, currMod: 0.990535
e_xx: 1.69404e+08, a2_x: -1.77304e+10, currMod: 0.991537
e_xx: 1.69444e+08, a2_x: -1.54225e+10, currMod: 0.991776
e_xx: 1.70611e+08, a2_x: -1.03891e+10, currMod: 0.998607
e_xx: 1.70638e+08, a2_x: -9.46253e+09, currMod: 0.998762
e_xx: 1.70628e+08, a2_x: -3.20983e+09, currMod: 0.998701
End Structure 363 21580 vs 22306
currMod: 0.998762, prevMod: 0.981211
numClusters: 21580
Total iteration time: 15.4642

Loop 0 <line-37> - Time 0.000586 Total energy consumed 0.075435 Ave. Power Level 128.668507
	-------- Loop 0 (sock 1 consumed 0.033645, avg temp 49.000000, final temp 48 ) ------
	-------- Loop 0 (sock 2 consumed 0.041790, avg temp 40.500000, final temp 41 ) ------
Loop 1 <line-54> - Time 0.000386 Total energy consumed 0.000000 Ave. Power Level 0.000000
	-------- Loop 1 (sock 1 consumed 0.000000, avg temp 49.000000, final temp 48 ) ------
	-------- Loop 1 (sock 2 consumed 0.000000, avg temp 41.000000, final temp 41 ) ------
Loop 2 <line-76> - Time 0.000432 Total energy consumed 0.000000 Ave. Power Level 0.000000
	-------- Loop 2 (sock 1 consumed 0.000000, avg temp 49.000000, final temp 48 ) ------
	-------- Loop 2 (sock 2 consumed 0.000000, avg temp 41.000000, final temp 41 ) ------
Loop 3 <line-170> - Time 0.520048 Total energy consumed 36.222285 Ave. Power Level 69.651817
	-------- Loop 3 (sock 1 consumed 20.286780, avg temp 49.875000, final temp 49 ) ------
	-------- Loop 3 (sock 2 consumed 15.935505, avg temp 40.125000, final temp 41 ) ------
Loop 4 <line-192> - Time 0.000232 Total energy consumed 0.000000 Ave. Power Level 0.000000
	-------- Loop 4 (sock 1 consumed 0.000000, avg temp 49.500000, final temp 49 ) ------
	-------- Loop 4 (sock 2 consumed 0.000000, avg temp 40.500000, final temp 41 ) ------
Loop 5 <line-222> - Time 0.193592 Total energy consumed 13.282350 Ave. Power Level 68.610075
	-------- Loop 5 (sock 1 consumed 4.933185, avg temp 49.000000, final temp 49 ) ------
	-------- Loop 5 (sock 2 consumed 8.349165, avg temp 41.000000, final temp 41 ) ------
Loop 6 <line-116> - Time 0.001841 Total energy consumed 0.060300 Ave. Power Level 32.750113
	-------- Loop 6 (sock 1 consumed 0.022920, avg temp 48.166667, final temp 49 ) ------
	-------- Loop 6 (sock 2 consumed 0.037380, avg temp 41.166667, final temp 41 ) ------
Loop 7 <line-334> - Time 0.412266 Total energy consumed 26.452155 Ave. Power Level 64.162810
	-------- Loop 7 (sock 1 consumed 14.214945, avg temp 48.571429, final temp 49 ) ------
	-------- Loop 7 (sock 2 consumed 12.237210, avg temp 41.285714, final temp 41 ) ------
Loop 8 <line-353> - Time 0.000482 Total energy consumed 0.000000 Ave. Power Level 0.000000
	-------- Loop 8 (sock 1 consumed 0.000000, avg temp 48.571429, final temp 49 ) ------
	-------- Loop 8 (sock 2 consumed 0.000000, avg temp 41.285714, final temp 41 ) ------
Loop 9 <line-375> - Time 0.000636 Total energy consumed 0.000000 Ave. Power Level 0.000000
	-------- Loop 9 (sock 1 consumed 0.000000, avg temp 48.714286, final temp 49 ) ------
	-------- Loop 9 (sock 2 consumed 0.000000, avg temp 41.142857, final temp 41 ) ------
Loop 10 <line-85> - Time 0.096629 Total energy consumed 9.978090 Ave. Power Level 103.261913
	-------- Loop 10 (sock 1 consumed 4.945290, avg temp 49.250000, final temp 49 ) ------
	-------- Loop 10 (sock 2 consumed 5.032800, avg temp 40.750000, final temp 40 ) ------
Loop 11 <line-131> - Time 0.003063 Total energy consumed 0.221400 Ave. Power Level 72.282289
	-------- Loop 11 (sock 1 consumed 0.110115, avg temp 49.000000, final temp 49 ) ------
	-------- Loop 11 (sock 2 consumed 0.111285, avg temp 41.000000, final temp 41 ) ------
Loop 12 <line-167> - Time 0.144128 Total energy consumed 15.290700 Ave. Power Level 106.091462
	-------- Loop 12 (sock 1 consumed 7.559385, avg temp 49.000000, final temp 49 ) ------
	-------- Loop 12 (sock 2 consumed 7.731315, avg temp 41.500000, final temp 41 ) ------
Loop 13 <line-213> - Time 5.239788 Total energy consumed 575.840670 Ave. Power Level 109.897702
	-------- Loop 13 (sock 1 consumed 285.389985, avg temp 49.500000, final temp 49 ) ------
	-------- Loop 13 (sock 2 consumed 290.450685, avg temp 42.000000, final temp 42 ) ------
Loop 14 <line-99> - Time 3.640491 Total energy consumed 234.208665 Ave. Power Level 64.334359
	-------- Loop 14 (sock 1 consumed 93.624390, avg temp 48.666667, final temp 49 ) ------
	-------- Loop 14 (sock 2 consumed 140.584275, avg temp 41.166667, final temp 41 ) ------
Loop 15 <line-160> - Time 0.089794 Total energy consumed 6.777195 Ave. Power Level 75.475299
	-------- Loop 15 (sock 1 consumed 3.161385, avg temp 48.500000, final temp 49 ) ------
	-------- Loop 15 (sock 2 consumed 3.615810, avg temp 41.666667, final temp 41 ) ------
Loop 16 <line-269> - Time 2.734984 Total energy consumed 169.865565 Ave. Power Level 62.108426
	-------- Loop 16 (sock 1 consumed 77.028630, avg temp 48.440000, final temp 49 ) ------
	-------- Loop 16 (sock 2 consumed 92.836935, avg temp 41.160000, final temp 40 ) ------
Loop 17 <line-300> - Time 0.001744 Total energy consumed 0.193095 Ave. Power Level 110.737135
	-------- Loop 17 (sock 1 consumed 0.054975, avg temp 48.400000, final temp 49 ) ------
	-------- Loop 17 (sock 2 consumed 0.138120, avg temp 41.250000, final temp 41 ) ------
Loop 18 <line-148> - Time 0.000405 Total energy consumed 0.106860 Ave. Power Level 263.951567
	-------- Loop 18 (sock 1 consumed 0.052155, avg temp 48.000000, final temp 48 ) ------
	-------- Loop 18 (sock 2 consumed 0.054705, avg temp 41.000000, final temp 41 ) ------
Application(EnergyStat) - Time 25.593943 Total energy consumed 1823.197515 Ave. Power Level 71.235508 Final Temperature socket 1 : 49  socket 2 : 41 
	 ParallelApplication(EnergyStat) - Time 13.081527 Total energy consumed 1088.574765 Ave. Power Level 83.214659
Memory used: 1.32031
Loading 32-bit binary file: pnnl.bin, numvertices: 2361670, numEdges: 191402826
File read time: 1.544
Before allocating graph
Allocated graph: 0x162c570
Processing edges for vertex: 0, range(0, 166)
Processing edges for vertex: 100000, range(58444108, 58444133)
Processing edges for vertex: 200000, range(84376057, 84376362)
Processing edges for vertex: 300000, range(106069163, 106069503)
Processing edges for vertex: 400000, range(122097114, 122097513)
Processing edges for vertex: 500000, range(135096418, 135096483)
Processing edges for vertex: 600000, range(146097008, 146097061)
Processing edges for vertex: 700000, range(155415410, 155415531)
Processing edges for vertex: 800000, range(162595900, 162595989)
Processing edges for vertex: 900000, range(168508374, 168508464)
Processing edges for vertex: 1000000, range(173203321, 173203442)
Processing edges for vertex: 1100000, range(176935100, 176935110)
Processing edges for vertex: 1200000, range(179876260, 179876270)
Processing edges for vertex: 1300000, range(182240081, 182240092)
Processing edges for vertex: 1400000, range(184224513, 184224521)
Processing edges for vertex: 1500000, range(185795161, 185795170)
Processing edges for vertex: 1600000, range(187104124, 187104130)
Processing edges for vertex: 1700000, range(188148455, 188148461)
Processing edges for vertex: 1800000, range(188997836, 188997842)
Processing edges for vertex: 1900000, range(189691532, 189691535)
Processing edges for vertex: 2000000, range(190254658, 190254660)
Processing edges for vertex: 2100000, range(190705814, 190705822)
Processing edges for vertex: 2200000, range(191052755, 191052764)
Processing edges for vertex: 2300000, range(191302662, 191302663)
Graph populate time: 7.66159
Total I/O time: 9.20561

Regional(EnergyStat) - Time 9.209710 Total energy consumed 530.360235 Ave. Power Level 57.587071 
Running on: 10 threads
Loaded graph from file: pnnl.bin
Memory used: 2949.12
Maximum degree for the graph: 5520
Iteration: 0, conflicts: 10
Iteration: 1, conflicts: 2
Iteration: 2, conflicts: 0
Total number of colors used: 1184
Total number of conflicts overall: 0
Number of rounds: 3
SUCCESS: No conflicts found
Coloring time: 0.804925
Memory used: 2949.12
Number of reordered colors: 1021
End position for large colors: 0, node count: 550696, largest: 550696
Node count cutoff: 472334
e_xx: 1.29314e+08, a2_x: 6.22827e+11, currMod: 0.675595
e_xx: 1.67736e+08, a2_x: 5.73275e+11, currMod: 0.876337
e_xx: 1.73294e+08, a2_x: 5.47399e+11, currMod: 0.905373
e_xx: 1.75793e+08, a2_x: 5.53575e+11, currMod: 0.918428
e_xx: 1.77044e+08, a2_x: 5.30715e+11, currMod: 0.924969
currMod: 0.918428, prevMod: -1
Louvain time: 8.61949
numClusters: 204272, time: 0.090014
Next phase: 2
Memory used: 2949.12
End Structure 1299611 204272 vs 2801770
Build next level time: 3.86484
Iteration time: 12.5789
Memory used: 2949.12
e_xx: 1.56555e+08, a2_x: 5.31653e+11, currMod: 0.916015
e_xx: 1.6435e+08, a2_x: 3.49228e+11, currMod: 0.961631
e_xx: 1.65681e+08, a2_x: 2.7916e+11, currMod: 0.969422
e_xx: 1.66088e+08, a2_x: 3.0098e+11, currMod: 0.971806
e_xx: 1.66113e+08, a2_x: 3.07863e+11, currMod: 0.971948
e_xx: 1.66258e+08, a2_x: 2.98069e+11, currMod: 0.972797
e_xx: 1.66219e+08, a2_x: 3.06868e+11, currMod: 0.972573
currMod: 0.972797, prevMod: 0.918428
Louvain time: 1.57741
numClusters: 55773, time: 0.013993
Next phase: 3
Memory used: 2949.12
End Structure 575845 55773 vs 1207451
Build next level time: 0.1719
Iteration time: 1.76399
Memory used: 2949.12
e_xx: 1.66258e+08, a2_x: 2.96697e+11, currMod: 0.972768
e_xx: 1.67172e+08, a2_x: 1.05362e+11, currMod: 0.978125
e_xx: 1.67308e+08, a2_x: 7.82604e+10, currMod: 0.978924
e_xx: 1.6738e+08, a2_x: 6.68036e+10, currMod: 0.979344
e_xx: 1.67409e+08, a2_x: 9.50257e+10, currMod: 0.979513
e_xx: 1.67429e+08, a2_x: 9.38207e+10, currMod: 0.97963
e_xx: 1.67426e+08, a2_x: 9.7808e+10, currMod: 0.979612
currMod: 0.97963, prevMod: 0.972797
Louvain time: 0.76648
numClusters: 25330, time: 0.004493
Next phase: 4
Memory used: 2949.12
End Structure 183354 25330 vs 392038
Build next level time: 0.078578
Iteration time: 0.850015
Memory used: 2949.12
e_xx: 1.67429e+08, a2_x: 9.31346e+10, currMod: 0.979616
e_xx: 1.67626e+08, a2_x: 4.82615e+10, currMod: 0.980771
e_xx: 1.67525e+08, a2_x: 4.85217e+10, currMod: 0.980176
currMod: 0.980771, prevMod: 0.97963
Louvain time: 0.14807
numClusters: 22646, time: 0.002849
Next phase: 5
Memory used: 2949.12
End Structure 111310 22646 vs 245266
Build next level time: 0.029465
Iteration time: 0.180774
Memory used: 2949.12
e_xx: 1.67626e+08, a2_x: 4.64242e+10, currMod: 0.980769
e_xx: 1.67662e+08, a2_x: 5.00654e+10, currMod: 0.98098
e_xx: 1.67664e+08, a2_x: 5.31549e+10, currMod: 0.980992
e_xx: 1.67665e+08, a2_x: 4.67441e+10, currMod: 0.980997
e_xx: 1.6767e+08, a2_x: 4.81212e+10, currMod: 0.981025
e_xx: 1.67668e+08, a2_x: 6.98766e+10, currMod: 0.981012
currMod: 0.981025, prevMod: 0.980771
Louvain time: 0.186889
numClusters: 21955, time: 0.002591
Next phase: 6
Memory used: 2949.12
End Structure 56627 21955 vs 135209
Build next level time: 0.020292
Iteration time: 0.209973
Memory used: 2949.12
e_xx: 1.6767e+08, a2_x: 5.02996e+10, currMod: 0.981025
e_xx: 1.67671e+08, a2_x: 6.22465e+10, currMod: 0.981027
e_xx: 1.67671e+08, a2_x: 6.09322e+10, currMod: 0.981027
currMod: 0.981027, prevMod: 0.981025
Louvain time: 0.051056
numClusters: 21907, time: 0.0025
Next phase: 7
Memory used: 2949.12
End Structure 54503 21907 vs 130913
Build next level time: 0.014239
Iteration time: 0.067972
Memory used: 2949.12
e_xx: 1.67671e+08, a2_x: 6.24021e+10, currMod: 0.981027
e_xx: 1.67671e+08, a2_x: 6.24021e+10, currMod: 0.981027
currMod: 0.981027, prevMod: 0.981027
Louvain time: 0.03342
numClusters: 21907, time: 0.002512
Maximum degree for the graph: 402
Iteration: 0, conflicts: 0
Total number of colors used: 164
Total number of conflicts overall: 0
Number of rounds: 1
SUCCESS: No conflicts found
Number of reordered colors: 161
End position for large colors: 0, node count: 21531, largest: 21531
Node count cutoff: 4382
e_xx: 1.67671e+08, a2_x: 6.24021e+10, currMod: 0.981027
End Structure 54503 21907 vs 130913
currMod: 0.981027, prevMod: 0.981027
numClusters: 21907
Total iteration time: 15.6516

Loop 0 <line-37> - Time 0.001359 Total energy consumed 0.131715 Ave. Power Level 96.901420
	-------- Loop 0 (sock 1 consumed 0.075150, avg temp 49.000000, final temp 49 ) ------
	-------- Loop 0 (sock 2 consumed 0.056565, avg temp 41.000000, final temp 42 ) ------
Loop 1 <line-54> - Time 0.000403 Total energy consumed 0.000000 Ave. Power Level 0.000000
	-------- Loop 1 (sock 1 consumed 0.000000, avg temp 49.000000, final temp 49 ) ------
	-------- Loop 1 (sock 2 consumed 0.000000, avg temp 41.000000, final temp 42 ) ------
Loop 2 <line-76> - Time 0.000434 Total energy consumed 0.097335 Ave. Power Level 224.387421
	-------- Loop 2 (sock 1 consumed 0.033435, avg temp 49.000000, final temp 49 ) ------
	-------- Loop 2 (sock 2 consumed 0.063900, avg temp 41.000000, final temp 42 ) ------
Loop 3 <line-170> - Time 0.525304 Total energy consumed 36.479625 Ave. Power Level 69.444834
	-------- Loop 3 (sock 1 consumed 20.835555, avg temp 49.500000, final temp 48 ) ------
	-------- Loop 3 (sock 2 consumed 15.644070, avg temp 40.500000, final temp 42 ) ------
Loop 4 <line-192> - Time 0.000148 Total energy consumed 0.000000 Ave. Power Level 0.000000
	-------- Loop 4 (sock 1 consumed 0.000000, avg temp 49.000000, final temp 48 ) ------
	-------- Loop 4 (sock 2 consumed 0.000000, avg temp 41.000000, final temp 42 ) ------
Loop 5 <line-222> - Time 0.194428 Total energy consumed 13.310295 Ave. Power Level 68.458883
	-------- Loop 5 (sock 1 consumed 4.953165, avg temp 48.500000, final temp 48 ) ------
	-------- Loop 5 (sock 2 consumed 8.357130, avg temp 42.000000, final temp 42 ) ------
Loop 6 <line-116> - Time 0.001919 Total energy consumed 0.089010 Ave. Power Level 46.383146
	-------- Loop 6 (sock 1 consumed 0.065025, avg temp 49.142857, final temp 49 ) ------
	-------- Loop 6 (sock 2 consumed 0.023985, avg temp 41.428571, final temp 42 ) ------
Loop 7 <line-334> - Time 0.415299 Total energy consumed 26.509290 Ave. Power Level 63.831833
	-------- Loop 7 (sock 1 consumed 14.998800, avg temp 49.000000, final temp 49 ) ------
	-------- Loop 7 (sock 2 consumed 11.510490, avg temp 41.750000, final temp 42 ) ------
Loop 8 <line-353> - Time 0.000477 Total energy consumed 0.111855 Ave. Power Level 234.334246
	-------- Loop 8 (sock 1 consumed 0.054225, avg temp 49.125000, final temp 49 ) ------
	-------- Loop 8 (sock 2 consumed 0.057630, avg temp 41.750000, final temp 42 ) ------
Loop 9 <line-375> - Time 0.000684 Total energy consumed 0.000000 Ave. Power Level 0.000000
	-------- Loop 9 (sock 1 consumed 0.000000, avg temp 49.125000, final temp 49 ) ------
	-------- Loop 9 (sock 2 consumed 0.000000, avg temp 41.750000, final temp 42 ) ------
Loop 10 <line-85> - Time 0.126395 Total energy consumed 13.314390 Ave. Power Level 105.339206
	-------- Loop 10 (sock 1 consumed 6.620925, avg temp 49.000000, final temp 49 ) ------
	-------- Loop 10 (sock 2 consumed 6.693465, avg temp 41.500000, final temp 42 ) ------
Loop 11 <line-131> - Time 0.003076 Total energy consumed 0.221970 Ave. Power Level 72.162016
	-------- Loop 11 (sock 1 consumed 0.111030, avg temp 49.500000, final temp 49 ) ------
	-------- Loop 11 (sock 2 consumed 0.110940, avg temp 42.000000, final temp 42 ) ------
Loop 12 <line-167> - Time 0.140022 Total energy consumed 14.826435 Ave. Power Level 105.886299
	-------- Loop 12 (sock 1 consumed 7.347870, avg temp 49.500000, final temp 49 ) ------
	-------- Loop 12 (sock 2 consumed 7.478565, avg temp 41.500000, final temp 42 ) ------
Loop 13 <line-213> - Time 5.123925 Total energy consumed 565.288065 Ave. Power Level 110.323250
	-------- Loop 13 (sock 1 consumed 281.182260, avg temp 50.333333, final temp 49 ) ------
	-------- Loop 13 (sock 2 consumed 284.105805, avg temp 43.166667, final temp 42 ) ------
Loop 14 <line-99> - Time 3.858674 Total energy consumed 266.399130 Ave. Power Level 69.039031
	-------- Loop 14 (sock 1 consumed 139.750095, avg temp 49.142857, final temp 49 ) ------
	-------- Loop 14 (sock 2 consumed 126.649035, avg temp 41.285714, final temp 41 ) ------
Loop 15 <line-160> - Time 0.098951 Total energy consumed 7.459425 Ave. Power Level 75.384858
	-------- Loop 15 (sock 1 consumed 3.870705, avg temp 49.000000, final temp 49 ) ------
	-------- Loop 15 (sock 2 consumed 3.588720, avg temp 41.428571, final temp 42 ) ------
Loop 16 <line-269> - Time 2.744471 Total energy consumed 169.704225 Ave. Power Level 61.834952
	-------- Loop 16 (sock 1 consumed 76.070190, avg temp 48.785714, final temp 49 ) ------
	-------- Loop 16 (sock 2 consumed 93.634035, avg temp 41.750000, final temp 41 ) ------
Loop 17 <line-300> - Time 0.001620 Total energy consumed 0.090420 Ave. Power Level 55.826118
	-------- Loop 17 (sock 1 consumed 0.022200, avg temp 48.818182, final temp 49 ) ------
	-------- Loop 17 (sock 2 consumed 0.068220, avg temp 41.681818, final temp 42 ) ------
Loop 18 <line-148> - Time 0.000370 Total energy consumed 0.084165 Ave. Power Level 227.361750
	-------- Loop 18 (sock 1 consumed 0.050175, avg temp 49.000000, final temp 49 ) ------
	-------- Loop 18 (sock 2 consumed 0.033990, avg temp 42.000000, final temp 42 ) ------
Application(EnergyStat) - Time 25.729718 Total energy consumed 1855.312455 Ave. Power Level 72.107766 Final Temperature socket 1 : 49  socket 2 : 41 
	 ParallelApplication(EnergyStat) - Time 13.237959 Total energy consumed 1114.117350 Ave. Power Level 84.160807
