Memory used: 1.32031
Loading 32-bit binary file: pnnl.bin, numvertices: 2361670, numEdges: 191402826
File read time: 1.70241
Before allocating graph
Allocated graph: 0x1cbc570
Processing edges for vertex: 0, range(0, 166)
Processing edges for vertex: 100000, range(58444108, 58444133)
Processing edges for vertex: 200000, range(84376057, 84376362)
Processing edges for vertex: 300000, range(106069163, 106069503)
Processing edges for vertex: 400000, range(122097114, 122097513)
Processing edges for vertex: 500000, range(135096418, 135096483)
Processing edges for vertex: 600000, range(146097008, 146097061)
Processing edges for vertex: 700000, range(155415410, 155415531)
Processing edges for vertex: 800000, range(162595900, 162595989)
Processing edges for vertex: 900000, range(168508374, 168508464)
Processing edges for vertex: 1000000, range(173203321, 173203442)
Processing edges for vertex: 1100000, range(176935100, 176935110)
Processing edges for vertex: 1200000, range(179876260, 179876270)
Processing edges for vertex: 1300000, range(182240081, 182240092)
Processing edges for vertex: 1400000, range(184224513, 184224521)
Processing edges for vertex: 1500000, range(185795161, 185795170)
Processing edges for vertex: 1600000, range(187104124, 187104130)
Processing edges for vertex: 1700000, range(188148455, 188148461)
Processing edges for vertex: 1800000, range(188997836, 188997842)
Processing edges for vertex: 1900000, range(189691532, 189691535)
Processing edges for vertex: 2000000, range(190254658, 190254660)
Processing edges for vertex: 2100000, range(190705814, 190705822)
Processing edges for vertex: 2200000, range(191052755, 191052764)
Processing edges for vertex: 2300000, range(191302662, 191302663)
Graph populate time: 8.13833
Total I/O time: 9.84078

Regional(EnergyStat) - Time 9.844051 Total energy consumed 520.425000 Ave. Power Level 52.866952 
Running on: 6 threads
Loaded graph from file: pnnl.bin
Memory used: 2949.12
Maximum degree for the graph: 5520
Iteration: 0, conflicts: 37
Iteration: 1, conflicts: 7
Iteration: 2, conflicts: 3
Iteration: 3, conflicts: 1
Iteration: 4, conflicts: 0
Total number of colors used: 1180
Total number of conflicts overall: 0
Number of rounds: 5
SUCCESS: No conflicts found
Coloring time: 1.09669
Memory used: 2949.12
Number of reordered colors: 1016
End position for large colors: 0, node count: 550972, largest: 550972
Node count cutoff: 472334
e_xx: 1.24036e+08, a2_x: 6.1849e+11, currMod: 0.64802
e_xx: 1.63299e+08, a2_x: 6.01307e+11, currMod: 0.853154
e_xx: 1.68962e+08, a2_x: 5.34861e+11, currMod: 0.882742
e_xx: 1.71108e+08, a2_x: 5.506e+11, currMod: 0.893952
e_xx: 1.7219e+08, a2_x: 5.40814e+11, currMod: 0.899605
currMod: 0.893952, prevMod: -1
Louvain time: 13.8739
numClusters: 203176, time: 0.097634
Next phase: 2
Memory used: 2949.12
End Structure 1276623 203176 vs 2754545
Build next level time: 4.79463
Iteration time: 18.7702
Memory used: 2949.12
e_xx: 1.64631e+08, a2_x: 5.42039e+11, currMod: 0.895508
e_xx: 1.77098e+08, a2_x: 3.72366e+11, currMod: 0.963325
e_xx: 1.78571e+08, a2_x: 2.8637e+11, currMod: 0.971342
e_xx: 1.78935e+08, a2_x: 2.43156e+11, currMod: 0.973326
e_xx: 1.79049e+08, a2_x: 3.02647e+11, currMod: 0.973943
e_xx: 1.79137e+08, a2_x: 2.84555e+11, currMod: 0.974422
e_xx: 1.7915e+08, a2_x: 3.15589e+11, currMod: 0.974491
e_xx: 1.79199e+08, a2_x: 3.06228e+11, currMod: 0.974758
e_xx: 1.79184e+08, a2_x: 3.20584e+11, currMod: 0.974674
currMod: 0.974758, prevMod: 0.893952
Louvain time: 2.3837
numClusters: 50614, time: 0.015202
Next phase: 3
Memory used: 2949.12
End Structure 479710 50614 vs 1010015
Build next level time: 0.194481
Iteration time: 2.59419
Memory used: 2949.12
e_xx: 1.79199e+08, a2_x: 3.06459e+11, currMod: 0.974737
e_xx: 1.80233e+08, a2_x: 1.26219e+11, currMod: 0.980368
e_xx: 1.80302e+08, a2_x: 7.75711e+10, currMod: 0.980746
e_xx: 1.80425e+08, a2_x: 4.95666e+10, currMod: 0.981416
e_xx: 1.80361e+08, a2_x: 9.63729e+10, currMod: 0.981065
currMod: 0.981416, prevMod: 0.974758
Louvain time: 0.580207
numClusters: 25380, time: 0.004706
Next phase: 4
Memory used: 2949.12
End Structure 164016 25380 vs 353412
Build next level time: 0.072975
Iteration time: 0.658465
Memory used: 2949.12
e_xx: 1.80425e+08, a2_x: 5.06984e+10, currMod: 0.981405
e_xx: 1.80659e+08, a2_x: 3.01088e+10, currMod: 0.982677
e_xx: 1.80623e+08, a2_x: 4.34803e+10, currMod: 0.982479
currMod: 0.982677, prevMod: 0.981416
Louvain time: 0.151269
numClusters: 22585, time: 0.00306
Next phase: 5
Memory used: 2949.12
End Structure 98930 22585 vs 220445
Build next level time: 0.030805
Iteration time: 0.185688
Memory used: 2949.12
e_xx: 1.80659e+08, a2_x: 3.0324e+10, currMod: 0.982676
e_xx: 1.80666e+08, a2_x: 4.20192e+10, currMod: 0.982714
e_xx: 1.80667e+08, a2_x: 3.8588e+10, currMod: 0.98272
e_xx: 1.8067e+08, a2_x: 2.68059e+10, currMod: 0.982736
e_xx: 1.80669e+08, a2_x: 1.34826e+10, currMod: 0.982731
currMod: 0.982736, prevMod: 0.982677
Louvain time: 0.155883
numClusters: 21970, time: 0.002795
Next phase: 6
Memory used: 2949.12
End Structure 59732 21970 vs 141434
Build next level time: 0.019022
Iteration time: 0.178237
Memory used: 2949.12
e_xx: 1.8067e+08, a2_x: 2.62756e+10, currMod: 0.982736
e_xx: 1.80671e+08, a2_x: 1.72649e+10, currMod: 0.982738
e_xx: 1.80671e+08, a2_x: 1.14083e+10, currMod: 0.982738
currMod: 0.982738, prevMod: 0.982736
Louvain time: 0.060681
numClusters: 21930, time: 0.002721
Next phase: 7
Memory used: 2949.12
End Structure 57714 21930 vs 137358
Build next level time: 0.016391
Iteration time: 0.080344
Memory used: 2949.12
e_xx: 1.80671e+08, a2_x: 1.84333e+10, currMod: 0.982738
e_xx: 1.80671e+08, a2_x: 1.94229e+10, currMod: 0.982738
currMod: 0.982738, prevMod: 0.982738
Louvain time: 0.038425
numClusters: 21930, time: 0.002699
Maximum degree for the graph: 423
Iteration: 0, conflicts: 0
Total number of colors used: 165
Total number of conflicts overall: 0
Number of rounds: 1
SUCCESS: No conflicts found
Number of reordered colors: 164
End position for large colors: 0, node count: 21551, largest: 21551
Node count cutoff: 4386
e_xx: 1.80672e+08, a2_x: 1.64661e+10, currMod: 0.982748
e_xx: 1.80689e+08, a2_x: 1.2301e+10, currMod: 0.982838
e_xx: 1.80688e+08, a2_x: 1.98883e+10, currMod: 0.982832
End Structure 35323 21835 vs 92481
currMod: 0.982838, prevMod: 0.982738
numClusters: 21835
Total iteration time: 22.4671

Loop 0 <line-37> - Time 0.000668 Total energy consumed 0.021045 Ave. Power Level 31.504114
	-------- Loop 0 (sock 1 consumed 0.021045, avg temp 46.500000, final temp 47 ) ------
	-------- Loop 0 (sock 2 consumed 0.000000, avg temp 38.500000, final temp 39 ) ------
Loop 1 <line-54> - Time 0.000412 Total energy consumed 0.000000 Ave. Power Level 0.000000
	-------- Loop 1 (sock 1 consumed 0.000000, avg temp 46.000000, final temp 47 ) ------
	-------- Loop 1 (sock 2 consumed 0.000000, avg temp 39.000000, final temp 39 ) ------
Loop 2 <line-76> - Time 0.000764 Total energy consumed 0.076155 Ave. Power Level 99.698372
	-------- Loop 2 (sock 1 consumed 0.043770, avg temp 46.000000, final temp 47 ) ------
	-------- Loop 2 (sock 2 consumed 0.032385, avg temp 39.000000, final temp 39 ) ------
Loop 3 <line-170> - Time 0.699449 Total energy consumed 42.065895 Ave. Power Level 60.141497
	-------- Loop 3 (sock 1 consumed 17.289270, avg temp 45.500000, final temp 48 ) ------
	-------- Loop 3 (sock 2 consumed 24.776625, avg temp 39.833333, final temp 39 ) ------
Loop 4 <line-192> - Time 0.000158 Total energy consumed 0.000000 Ave. Power Level 0.000000
	-------- Loop 4 (sock 1 consumed 0.000000, avg temp 46.500000, final temp 48 ) ------
	-------- Loop 4 (sock 2 consumed 0.000000, avg temp 39.500000, final temp 39 ) ------
Loop 5 <line-222> - Time 0.306681 Total energy consumed 17.864385 Ave. Power Level 58.250748
	-------- Loop 5 (sock 1 consumed 10.330350, avg temp 47.000000, final temp 48 ) ------
	-------- Loop 5 (sock 2 consumed 7.534035, avg temp 39.000000, final temp 39 ) ------
Loop 6 <line-116> - Time 0.003538 Total energy consumed 0.129765 Ave. Power Level 36.672733
	-------- Loop 6 (sock 1 consumed 0.062715, avg temp 46.000000, final temp 46 ) ------
	-------- Loop 6 (sock 2 consumed 0.067050, avg temp 39.285714, final temp 39 ) ------
Loop 7 <line-334> - Time 0.569552 Total energy consumed 31.427865 Ave. Power Level 55.179955
	-------- Loop 7 (sock 1 consumed 12.515820, avg temp 46.500000, final temp 48 ) ------
	-------- Loop 7 (sock 2 consumed 18.912045, avg temp 39.000000, final temp 39 ) ------
Loop 8 <line-353> - Time 0.000454 Total energy consumed 0.021300 Ave. Power Level 46.914750
	-------- Loop 8 (sock 1 consumed 0.021300, avg temp 46.500000, final temp 48 ) ------
	-------- Loop 8 (sock 2 consumed 0.000000, avg temp 39.000000, final temp 39 ) ------
Loop 9 <line-375> - Time 0.000771 Total energy consumed 0.000000 Ave. Power Level 0.000000
	-------- Loop 9 (sock 1 consumed 0.000000, avg temp 46.500000, final temp 48 ) ------
	-------- Loop 9 (sock 2 consumed 0.000000, avg temp 39.000000, final temp 39 ) ------
Loop 10 <line-85> - Time 0.145040 Total energy consumed 11.242725 Ave. Power Level 77.514646
	-------- Loop 10 (sock 1 consumed 5.539605, avg temp 46.750000, final temp 48 ) ------
	-------- Loop 10 (sock 2 consumed 5.703120, avg temp 38.750000, final temp 38 ) ------
Loop 11 <line-131> - Time 0.005582 Total energy consumed 0.475170 Ave. Power Level 85.124244
	-------- Loop 11 (sock 1 consumed 0.233700, avg temp 47.000000, final temp 48 ) ------
	-------- Loop 11 (sock 2 consumed 0.241470, avg temp 38.500000, final temp 38 ) ------
Loop 12 <line-167> - Time 0.186377 Total energy consumed 14.353380 Ave. Power Level 77.012419
	-------- Loop 12 (sock 1 consumed 7.071510, avg temp 46.500000, final temp 48 ) ------
	-------- Loop 12 (sock 2 consumed 7.281870, avg temp 38.500000, final temp 38 ) ------
Loop 13 <line-213> - Time 9.017397 Total energy consumed 714.424305 Ave. Power Level 79.227332
	-------- Loop 13 (sock 1 consumed 349.500930, avg temp 47.250000, final temp 48 ) ------
	-------- Loop 13 (sock 2 consumed 364.923375, avg temp 39.625000, final temp 39 ) ------
Loop 14 <line-99> - Time 4.766853 Total energy consumed 268.614375 Ave. Power Level 56.350462
	-------- Loop 14 (sock 1 consumed 138.162225, avg temp 46.714286, final temp 47 ) ------
	-------- Loop 14 (sock 2 consumed 130.452150, avg temp 38.857143, final temp 39 ) ------
Loop 15 <line-160> - Time 0.123618 Total energy consumed 7.571415 Ave. Power Level 61.248689
	-------- Loop 15 (sock 1 consumed 3.629070, avg temp 46.285714, final temp 47 ) ------
	-------- Loop 15 (sock 2 consumed 3.942345, avg temp 38.714286, final temp 38 ) ------
Loop 16 <line-269> - Time 3.348695 Total energy consumed 187.490670 Ave. Power Level 55.989173
	-------- Loop 16 (sock 1 consumed 94.998945, avg temp 46.481481, final temp 47 ) ------
	-------- Loop 16 (sock 2 consumed 92.491725, avg temp 38.703704, final temp 38 ) ------
Loop 17 <line-300> - Time 0.002687 Total energy consumed 0.137880 Ave. Power Level 51.308806
	-------- Loop 17 (sock 1 consumed 0.051120, avg temp 46.380952, final temp 46 ) ------
	-------- Loop 17 (sock 2 consumed 0.086760, avg temp 38.714286, final temp 39 ) ------
Loop 18 <line-148> - Time 0.000519 Total energy consumed 0.078345 Ave. Power Level 151.019810
	-------- Loop 18 (sock 1 consumed 0.038160, avg temp 47.000000, final temp 47 ) ------
	-------- Loop 18 (sock 2 consumed 0.040185, avg temp 39.000000, final temp 39 ) ------
Application(EnergyStat) - Time 33.489093 Total energy consumed 2067.584985 Ave. Power Level 61.739055 Final Temperature socket 1 : 47  socket 2 : 39 
	 ParallelApplication(EnergyStat) - Time 19.179216 Total energy consumed 1295.994675 Ave. Power Level 67.572870
Memory used: 1.32031
Loading 32-bit binary file: pnnl.bin, numvertices: 2361670, numEdges: 191402826
File read time: 1.64292
Before allocating graph
Allocated graph: 0xb67570
Processing edges for vertex: 0, range(0, 166)
Processing edges for vertex: 100000, range(58444108, 58444133)
Processing edges for vertex: 200000, range(84376057, 84376362)
Processing edges for vertex: 300000, range(106069163, 106069503)
Processing edges for vertex: 400000, range(122097114, 122097513)
Processing edges for vertex: 500000, range(135096418, 135096483)
Processing edges for vertex: 600000, range(146097008, 146097061)
Processing edges for vertex: 700000, range(155415410, 155415531)
Processing edges for vertex: 800000, range(162595900, 162595989)
Processing edges for vertex: 900000, range(168508374, 168508464)
Processing edges for vertex: 1000000, range(173203321, 173203442)
Processing edges for vertex: 1100000, range(176935100, 176935110)
Processing edges for vertex: 1200000, range(179876260, 179876270)
Processing edges for vertex: 1300000, range(182240081, 182240092)
Processing edges for vertex: 1400000, range(184224513, 184224521)
Processing edges for vertex: 1500000, range(185795161, 185795170)
Processing edges for vertex: 1600000, range(187104124, 187104130)
Processing edges for vertex: 1700000, range(188148455, 188148461)
Processing edges for vertex: 1800000, range(188997836, 188997842)
Processing edges for vertex: 1900000, range(189691532, 189691535)
Processing edges for vertex: 2000000, range(190254658, 190254660)
Processing edges for vertex: 2100000, range(190705814, 190705822)
Processing edges for vertex: 2200000, range(191052755, 191052764)
Processing edges for vertex: 2300000, range(191302662, 191302663)
Graph populate time: 8.24904
Total I/O time: 9.892

Regional(EnergyStat) - Time 9.895272 Total energy consumed 530.186745 Ave. Power Level 53.579807 
Running on: 6 threads
Loaded graph from file: pnnl.bin
Memory used: 2949.12
Maximum degree for the graph: 5520
Iteration: 0, conflicts: 13
Iteration: 1, conflicts: 6
Iteration: 2, conflicts: 5
Iteration: 3, conflicts: 4
Iteration: 4, conflicts: 3
Iteration: 5, conflicts: 2
Iteration: 6, conflicts: 1
Iteration: 7, conflicts: 0
Total number of colors used: 1181
Total number of conflicts overall: 0
Number of rounds: 8
SUCCESS: No conflicts found
Coloring time: 1.09017
Memory used: 2949.12
Number of reordered colors: 1009
End position for large colors: 0, node count: 550991, largest: 550991
Node count cutoff: 472334
e_xx: 1.26581e+08, a2_x: 5.76474e+11, currMod: 0.661316
e_xx: 1.6753e+08, a2_x: 6.26896e+11, currMod: 0.875259
e_xx: 1.73439e+08, a2_x: 5.38382e+11, currMod: 0.906131
e_xx: 1.7567e+08, a2_x: 5.38566e+11, currMod: 0.917789
e_xx: 1.7678e+08, a2_x: 5.27031e+11, currMod: 0.923588
currMod: 0.917789, prevMod: -1
Louvain time: 13.8478
numClusters: 204006, time: 0.109575
Next phase: 2
Memory used: 2949.12
End Structure 1302130 204006 vs 2806404
Build next level time: 4.75101
Iteration time: 18.7126
Memory used: 2949.12
e_xx: 1.57244e+08, a2_x: 5.26039e+11, currMod: 0.91494
e_xx: 1.65052e+08, a2_x: 3.26213e+11, currMod: 0.960377
e_xx: 1.6667e+08, a2_x: 2.54682e+11, currMod: 0.969797
e_xx: 1.67076e+08, a2_x: 2.65123e+11, currMod: 0.972156
e_xx: 1.67135e+08, a2_x: 2.72349e+11, currMod: 0.972499
e_xx: 1.67218e+08, a2_x: 2.79203e+11, currMod: 0.972987
e_xx: 1.6726e+08, a2_x: 2.76132e+11, currMod: 0.973228
e_xx: 1.67307e+08, a2_x: 2.5455e+11, currMod: 0.973501
e_xx: 1.6731e+08, a2_x: 2.64801e+11, currMod: 0.973518
e_xx: 1.67346e+08, a2_x: 2.63961e+11, currMod: 0.973731
e_xx: 1.6734e+08, a2_x: 2.62965e+11, currMod: 0.973694
currMod: 0.973731, prevMod: 0.917789
Louvain time: 2.98906
numClusters: 51305, time: 0.015201
Next phase: 3
Memory used: 2949.12
End Structure 502940 51305 vs 1057173
Build next level time: 0.210092
Iteration time: 3.2154
Memory used: 2949.12
e_xx: 1.67346e+08, a2_x: 2.63871e+11, currMod: 0.973704
e_xx: 1.68255e+08, a2_x: 7.63339e+10, currMod: 0.978999
e_xx: 1.68307e+08, a2_x: 1.27134e+11, currMod: 0.979302
e_xx: 1.68398e+08, a2_x: 5.38877e+10, currMod: 0.979834
e_xx: 1.68336e+08, a2_x: 8.67354e+10, currMod: 0.979472
currMod: 0.979834, prevMod: 0.973731
Louvain time: 0.607408
numClusters: 25626, time: 0.004854
Next phase: 4
Memory used: 2949.12
End Structure 174844 25626 vs 375314
Build next level time: 0.062462
Iteration time: 0.675276
Memory used: 2949.12
e_xx: 1.68398e+08, a2_x: 5.10172e+10, currMod: 0.979822
e_xx: 1.68607e+08, a2_x: 4.17062e+09, currMod: 0.981037
e_xx: 1.68618e+08, a2_x: -2.02158e+10, currMod: 0.981103
e_xx: 1.68621e+08, a2_x: 6.48537e+09, currMod: 0.981116
e_xx: 1.68621e+08, a2_x: -2.48879e+10, currMod: 0.981118
e_xx: 1.6862e+08, a2_x: 1.32273e+10, currMod: 0.981114
currMod: 0.981118, prevMod: 0.979834
Louvain time: 0.307712
numClusters: 22147, time: 0.003103
Next phase: 5
Memory used: 2949.12
End Structure 85125 22147 vs 192397
Build next level time: 0.028314
Iteration time: 0.339685
Memory used: 2949.12
e_xx: 1.68621e+08, a2_x: -2.56245e+10, currMod: 0.981115
e_xx: 1.68623e+08, a2_x: -1.84197e+10, currMod: 0.981128
e_xx: 1.68623e+08, a2_x: -8.41659e+09, currMod: 0.981129
e_xx: 1.68623e+08, a2_x: -1.38261e+10, currMod: 0.98113
currMod: 0.981129, prevMod: 0.981118
Louvain time: 0.111056
numClusters: 21972, time: 0.002739
Next phase: 6
Memory used: 2949.12
End Structure 71335 21972 vs 164642
Build next level time: 0.023367
Iteration time: 0.137714
Memory used: 2949.12
e_xx: 1.68623e+08, a2_x: -4.61247e+09, currMod: 0.981129
e_xx: 1.68623e+08, a2_x: -6.50401e+09, currMod: 0.98113
e_xx: 1.68623e+08, a2_x: -6.48235e+09, currMod: 0.98113
currMod: 0.98113, prevMod: 0.981129
Louvain time: 0.070744
numClusters: 21961, time: 0.002711
Next phase: 7
Memory used: 2949.12
End Structure 70245 21961 vs 162451
Build next level time: 0.022299
Iteration time: 0.096307
Memory used: 2949.12
e_xx: 1.68623e+08, a2_x: -6.99486e+09, currMod: 0.981131
e_xx: 1.68623e+08, a2_x: -6.99486e+09, currMod: 0.981131
currMod: 0.981131, prevMod: 0.98113
Louvain time: 0.046402
numClusters: 21961, time: 0.002696
Maximum degree for the graph: 450
Iteration: 0, conflicts: 0
Total number of colors used: 186
Total number of conflicts overall: 0
Number of rounds: 1
SUCCESS: No conflicts found
Number of reordered colors: 185
End position for large colors: 0, node count: 21548, largest: 21548
Node count cutoff: 4393
e_xx: 1.68623e+08, a2_x: -6.99486e+09, currMod: 0.981131
End Structure 70245 21961 vs 162451
currMod: 0.981131, prevMod: 0.98113
numClusters: 21961
Total iteration time: 23.177

Loop 0 <line-37> - Time 0.000664 Total energy consumed 0.053805 Ave. Power Level 80.978941
	-------- Loop 0 (sock 1 consumed 0.021270, avg temp 45.000000, final temp 45 ) ------
	-------- Loop 0 (sock 2 consumed 0.032535, avg temp 38.500000, final temp 39 ) ------
Loop 1 <line-54> - Time 0.000408 Total energy consumed 0.000000 Ave. Power Level 0.000000
	-------- Loop 1 (sock 1 consumed 0.000000, avg temp 45.000000, final temp 45 ) ------
	-------- Loop 1 (sock 2 consumed 0.000000, avg temp 39.000000, final temp 39 ) ------
Loop 2 <line-76> - Time 0.000761 Total energy consumed 0.053640 Ave. Power Level 70.519470
	-------- Loop 2 (sock 1 consumed 0.021165, avg temp 45.500000, final temp 45 ) ------
	-------- Loop 2 (sock 2 consumed 0.032475, avg temp 39.000000, final temp 39 ) ------
Loop 3 <line-170> - Time 0.695516 Total energy consumed 41.811405 Ave. Power Level 60.115700
	-------- Loop 3 (sock 1 consumed 17.182065, avg temp 45.000000, final temp 45 ) ------
	-------- Loop 3 (sock 2 consumed 24.629340, avg temp 39.000000, final temp 39 ) ------
Loop 4 <line-192> - Time 0.000157 Total energy consumed 0.000000 Ave. Power Level 0.000000
	-------- Loop 4 (sock 1 consumed 0.000000, avg temp 45.000000, final temp 45 ) ------
	-------- Loop 4 (sock 2 consumed 0.000000, avg temp 39.000000, final temp 39 ) ------
Loop 5 <line-222> - Time 0.305001 Total energy consumed 17.803905 Ave. Power Level 58.373184
	-------- Loop 5 (sock 1 consumed 10.238460, avg temp 45.000000, final temp 45 ) ------
	-------- Loop 5 (sock 2 consumed 7.565445, avg temp 38.500000, final temp 39 ) ------
Loop 6 <line-116> - Time 0.003604 Total energy consumed 0.254490 Ave. Power Level 70.610700
	-------- Loop 6 (sock 1 consumed 0.086895, avg temp 45.285714, final temp 45 ) ------
	-------- Loop 6 (sock 2 consumed 0.167595, avg temp 39.142857, final temp 39 ) ------
Loop 7 <line-334> - Time 0.569827 Total energy consumed 31.365120 Ave. Power Level 55.043205
	-------- Loop 7 (sock 1 consumed 12.505965, avg temp 45.000000, final temp 45 ) ------
	-------- Loop 7 (sock 2 consumed 18.859155, avg temp 39.000000, final temp 39 ) ------
Loop 8 <line-353> - Time 0.000503 Total energy consumed 0.000000 Ave. Power Level 0.000000
	-------- Loop 8 (sock 1 consumed 0.000000, avg temp 45.000000, final temp 45 ) ------
	-------- Loop 8 (sock 2 consumed 0.000000, avg temp 39.000000, final temp 39 ) ------
Loop 9 <line-375> - Time 0.000741 Total energy consumed 0.000000 Ave. Power Level 0.000000
	-------- Loop 9 (sock 1 consumed 0.000000, avg temp 45.125000, final temp 45 ) ------
	-------- Loop 9 (sock 2 consumed 0.000000, avg temp 39.125000, final temp 39 ) ------
Loop 10 <line-85> - Time 0.138237 Total energy consumed 10.524405 Ave. Power Level 76.133148
	-------- Loop 10 (sock 1 consumed 5.211960, avg temp 45.000000, final temp 45 ) ------
	-------- Loop 10 (sock 2 consumed 5.312445, avg temp 39.750000, final temp 40 ) ------
Loop 11 <line-131> - Time 0.005427 Total energy consumed 0.359505 Ave. Power Level 66.238386
	-------- Loop 11 (sock 1 consumed 0.157845, avg temp 45.000000, final temp 45 ) ------
	-------- Loop 11 (sock 2 consumed 0.201660, avg temp 39.500000, final temp 40 ) ------
Loop 12 <line-167> - Time 0.171279 Total energy consumed 13.277865 Ave. Power Level 77.522072
	-------- Loop 12 (sock 1 consumed 6.555285, avg temp 45.500000, final temp 45 ) ------
	-------- Loop 12 (sock 2 consumed 6.722580, avg temp 39.500000, final temp 39 ) ------
Loop 13 <line-213> - Time 9.043860 Total energy consumed 717.115200 Ave. Power Level 79.293047
	-------- Loop 13 (sock 1 consumed 354.105690, avg temp 47.666667, final temp 45 ) ------
	-------- Loop 13 (sock 2 consumed 363.009510, avg temp 39.500000, final temp 39 ) ------
Loop 14 <line-99> - Time 4.718572 Total energy consumed 269.262855 Ave. Power Level 57.064477
	-------- Loop 14 (sock 1 consumed 109.286130, avg temp 45.142857, final temp 45 ) ------
	-------- Loop 14 (sock 2 consumed 159.976725, avg temp 39.285714, final temp 39 ) ------
Loop 15 <line-160> - Time 0.133495 Total energy consumed 8.379465 Ave. Power Level 62.769697
	-------- Loop 15 (sock 1 consumed 4.016385, avg temp 45.285714, final temp 45 ) ------
	-------- Loop 15 (sock 2 consumed 4.363080, avg temp 38.857143, final temp 39 ) ------
Loop 16 <line-269> - Time 4.109813 Total energy consumed 229.643490 Ave. Power Level 55.876874
	-------- Loop 16 (sock 1 consumed 110.010585, avg temp 45.161290, final temp 45 ) ------
	-------- Loop 16 (sock 2 consumed 119.632905, avg temp 39.064516, final temp 39 ) ------
Loop 17 <line-300> - Time 0.003102 Total energy consumed 0.199005 Ave. Power Level 64.152882
	-------- Loop 17 (sock 1 consumed 0.111615, avg temp 45.240000, final temp 45 ) ------
	-------- Loop 17 (sock 2 consumed 0.087390, avg temp 39.200000, final temp 39 ) ------
Loop 18 <line-148> - Time 0.000516 Total energy consumed 0.069390 Ave. Power Level 134.580288
	-------- Loop 18 (sock 1 consumed 0.029730, avg temp 45.000000, final temp 45 ) ------
	-------- Loop 18 (sock 2 consumed 0.039660, avg temp 39.000000, final temp 39 ) ------
Application(EnergyStat) - Time 34.254093 Total energy consumed 2121.495195 Ave. Power Level 61.934063 Final Temperature socket 1 : 46  socket 2 : 39 
	 ParallelApplication(EnergyStat) - Time 19.901484 Total energy consumed 1340.173545 Ave. Power Level 67.340384
Memory used: 1.32031
Loading 32-bit binary file: pnnl.bin, numvertices: 2361670, numEdges: 191402826
File read time: 1.65614
Before allocating graph
Allocated graph: 0x651570
Processing edges for vertex: 0, range(0, 166)
Processing edges for vertex: 100000, range(58444108, 58444133)
Processing edges for vertex: 200000, range(84376057, 84376362)
Processing edges for vertex: 300000, range(106069163, 106069503)
Processing edges for vertex: 400000, range(122097114, 122097513)
Processing edges for vertex: 500000, range(135096418, 135096483)
Processing edges for vertex: 600000, range(146097008, 146097061)
Processing edges for vertex: 700000, range(155415410, 155415531)
Processing edges for vertex: 800000, range(162595900, 162595989)
Processing edges for vertex: 900000, range(168508374, 168508464)
Processing edges for vertex: 1000000, range(173203321, 173203442)
Processing edges for vertex: 1100000, range(176935100, 176935110)
Processing edges for vertex: 1200000, range(179876260, 179876270)
Processing edges for vertex: 1300000, range(182240081, 182240092)
Processing edges for vertex: 1400000, range(184224513, 184224521)
Processing edges for vertex: 1500000, range(185795161, 185795170)
Processing edges for vertex: 1600000, range(187104124, 187104130)
Processing edges for vertex: 1700000, range(188148455, 188148461)
Processing edges for vertex: 1800000, range(188997836, 188997842)
Processing edges for vertex: 1900000, range(189691532, 189691535)
Processing edges for vertex: 2000000, range(190254658, 190254660)
Processing edges for vertex: 2100000, range(190705814, 190705822)
Processing edges for vertex: 2200000, range(191052755, 191052764)
Processing edges for vertex: 2300000, range(191302662, 191302663)
Graph populate time: 8.11134
Total I/O time: 9.76752

Regional(EnergyStat) - Time 9.770949 Total energy consumed 522.076455 Ave. Power Level 53.431497 
Running on: 6 threads
Loaded graph from file: pnnl.bin
Memory used: 2949.12
Maximum degree for the graph: 5520
Iteration: 0, conflicts: 20
Iteration: 1, conflicts: 5
Iteration: 2, conflicts: 4
Iteration: 3, conflicts: 3
Iteration: 4, conflicts: 1
Iteration: 5, conflicts: 0
Total number of colors used: 1185
Total number of conflicts overall: 0
Number of rounds: 6
SUCCESS: No conflicts found
Coloring time: 1.05148
Memory used: 2949.12
Number of reordered colors: 1010
End position for large colors: 0, node count: 550962, largest: 550962
Node count cutoff: 472334
e_xx: 1.29376e+08, a2_x: 5.34506e+11, currMod: 0.67592
e_xx: 1.67978e+08, a2_x: 6.0112e+11, currMod: 0.877597
e_xx: 1.7353e+08, a2_x: 5.73831e+11, currMod: 0.906605
e_xx: 1.75617e+08, a2_x: 5.60587e+11, currMod: 0.917513
e_xx: 1.76546e+08, a2_x: 5.37104e+11, currMod: 0.922363
currMod: 0.917513, prevMod: -1
Louvain time: 13.8879
numClusters: 203274, time: 0.109823
Next phase: 2
Memory used: 2949.12
End Structure 1283005 203274 vs 2767542
Build next level time: 4.59059
Iteration time: 18.5922
Memory used: 2949.12
e_xx: 1.58213e+08, a2_x: 5.33027e+11, currMod: 0.914175
e_xx: 1.66588e+08, a2_x: 3.77681e+11, currMod: 0.96257
e_xx: 1.67994e+08, a2_x: 3.34966e+11, currMod: 0.970694
e_xx: 1.68405e+08, a2_x: 3.07528e+11, currMod: 0.973071
e_xx: 1.68462e+08, a2_x: 3.03461e+11, currMod: 0.973399
e_xx: 1.68568e+08, a2_x: 2.96685e+11, currMod: 0.974014
e_xx: 1.68596e+08, a2_x: 2.94291e+11, currMod: 0.974174
e_xx: 1.68668e+08, a2_x: 2.80645e+11, currMod: 0.97459
e_xx: 1.68644e+08, a2_x: 3.16259e+11, currMod: 0.974454
currMod: 0.97459, prevMod: 0.917513
Louvain time: 2.53082
numClusters: 52858, time: 0.015613
Next phase: 3
Memory used: 2949.12
End Structure 521548 52858 vs 1095950
Build next level time: 0.20071
Iteration time: 2.74805
Memory used: 2949.12
e_xx: 1.68667e+08, a2_x: 2.81626e+11, currMod: 0.974565
e_xx: 1.69492e+08, a2_x: 1.12852e+11, currMod: 0.979337
e_xx: 1.69537e+08, a2_x: 8.0166e+10, currMod: 0.979599
e_xx: 1.69641e+08, a2_x: 4.84583e+10, currMod: 0.980198
e_xx: 1.69579e+08, a2_x: 5.41026e+10, currMod: 0.979841
currMod: 0.980198, prevMod: 0.97459
Louvain time: 0.635352
numClusters: 25701, time: 0.00493
Next phase: 4
Memory used: 2949.12
End Structure 177769 25701 vs 381239
Build next level time: 0.082726
Iteration time: 0.723567
Memory used: 2949.12
e_xx: 1.69641e+08, a2_x: 4.64597e+10, currMod: 0.980185
e_xx: 1.69811e+08, a2_x: -2.14117e+09, currMod: 0.981173
e_xx: 1.69825e+08, a2_x: 2.66157e+10, currMod: 0.981247
e_xx: 1.69826e+08, a2_x: 1.80509e+10, currMod: 0.981255
e_xx: 1.69826e+08, a2_x: 3.13491e+10, currMod: 0.981254
currMod: 0.981255, prevMod: 0.980198
Louvain time: 0.268827
numClusters: 22181, time: 0.003106
Next phase: 5
Memory used: 2949.12
End Structure 92739 22181 vs 207659
Build next level time: 0.034431
Iteration time: 0.306912
Memory used: 2949.12
e_xx: 1.69826e+08, a2_x: 2.03848e+10, currMod: 0.981252
e_xx: 1.69829e+08, a2_x: -7.82022e+09, currMod: 0.981273
e_xx: 1.6983e+08, a2_x: 1.90732e+10, currMod: 0.981276
e_xx: 1.6983e+08, a2_x: 5.29766e+09, currMod: 0.981276
currMod: 0.981276, prevMod: 0.981255
Louvain time: 0.123733
numClusters: 21994, time: 0.002758
Next phase: 6
Memory used: 2949.12
End Structure 77287 21994 vs 176568
Build next level time: 0.021268
Iteration time: 0.148297
Memory used: 2949.12
e_xx: 1.6983e+08, a2_x: 1.94186e+10, currMod: 0.981276
e_xx: 1.6983e+08, a2_x: 1.50264e+10, currMod: 0.981277
currMod: 0.981276, prevMod: 0.981276
Louvain time: 0.051427
numClusters: 21994, time: 0.002716
Maximum degree for the graph: 484
Iteration: 0, conflicts: 0
Total number of colors used: 184
Total number of conflicts overall: 0
Number of rounds: 1
SUCCESS: No conflicts found
Number of reordered colors: 177
End position for large colors: 0, node count: 21554, largest: 21554
Node count cutoff: 4399
e_xx: 1.69831e+08, a2_x: 2.09535e+10, currMod: 0.98128
e_xx: 1.69949e+08, a2_x: 8.83153e+09, currMod: 0.981966
e_xx: 1.6995e+08, a2_x: 9.24056e+09, currMod: 0.98197
e_xx: 1.69951e+08, a2_x: 1.06657e+10, currMod: 0.981973
e_xx: 1.69956e+08, a2_x: 1.51536e+10, currMod: 0.982006
e_xx: 1.72497e+08, a2_x: 6.47381e+09, currMod: 0.996686
e_xx: 1.72483e+08, a2_x: 5.15324e+09, currMod: 0.996606
End Structure 2425 21624 vs 26474
currMod: 0.996686, prevMod: 0.981276
numClusters: 21624
Total iteration time: 22.519

Loop 0 <line-37> - Time 0.000644 Total energy consumed 0.053625 Ave. Power Level 83.333074
	-------- Loop 0 (sock 1 consumed 0.021360, avg temp 45.500000, final temp 46 ) ------
	-------- Loop 0 (sock 2 consumed 0.032265, avg temp 39.000000, final temp 39 ) ------
Loop 1 <line-54> - Time 0.000413 Total energy consumed 0.000000 Ave. Power Level 0.000000
	-------- Loop 1 (sock 1 consumed 0.000000, avg temp 46.000000, final temp 47 ) ------
	-------- Loop 1 (sock 2 consumed 0.000000, avg temp 39.000000, final temp 39 ) ------
Loop 2 <line-76> - Time 0.000754 Total energy consumed 0.081765 Ave. Power Level 108.413894
	-------- Loop 2 (sock 1 consumed 0.049305, avg temp 46.000000, final temp 47 ) ------
	-------- Loop 2 (sock 2 consumed 0.032460, avg temp 39.000000, final temp 39 ) ------
Loop 3 <line-170> - Time 0.698587 Total energy consumed 41.811975 Ave. Power Level 59.852248
	-------- Loop 3 (sock 1 consumed 17.137395, avg temp 45.285714, final temp 47 ) ------
	-------- Loop 3 (sock 2 consumed 24.674580, avg temp 39.000000, final temp 39 ) ------
Loop 4 <line-192> - Time 0.000160 Total energy consumed 0.000000 Ave. Power Level 0.000000
	-------- Loop 4 (sock 1 consumed 0.000000, avg temp 46.000000, final temp 47 ) ------
	-------- Loop 4 (sock 2 consumed 0.000000, avg temp 39.000000, final temp 39 ) ------
Loop 5 <line-222> - Time 0.262107 Total energy consumed 15.888840 Ave. Power Level 60.619715
	-------- Loop 5 (sock 1 consumed 6.796695, avg temp 46.000000, final temp 47 ) ------
	-------- Loop 5 (sock 2 consumed 9.092145, avg temp 39.000000, final temp 39 ) ------
Loop 6 <line-116> - Time 0.003048 Total energy consumed 0.275055 Ave. Power Level 90.242356
	-------- Loop 6 (sock 1 consumed 0.113520, avg temp 46.333333, final temp 49 ) ------
	-------- Loop 6 (sock 2 consumed 0.161535, avg temp 39.500000, final temp 40 ) ------
Loop 7 <line-334> - Time 0.568908 Total energy consumed 31.421010 Ave. Power Level 55.230407
	-------- Loop 7 (sock 1 consumed 12.506070, avg temp 46.857143, final temp 47 ) ------
	-------- Loop 7 (sock 2 consumed 18.914940, avg temp 39.571429, final temp 40 ) ------
Loop 8 <line-353> - Time 0.000460 Total energy consumed 0.083415 Ave. Power Level 181.415044
	-------- Loop 8 (sock 1 consumed 0.021075, avg temp 46.857143, final temp 47 ) ------
	-------- Loop 8 (sock 2 consumed 0.062340, avg temp 39.428571, final temp 40 ) ------
Loop 9 <line-375> - Time 0.000756 Total energy consumed 0.123675 Ave. Power Level 163.552113
	-------- Loop 9 (sock 1 consumed 0.078225, avg temp 46.857143, final temp 47 ) ------
	-------- Loop 9 (sock 2 consumed 0.045450, avg temp 39.428571, final temp 40 ) ------
Loop 10 <line-85> - Time 0.141957 Total energy consumed 10.922730 Ave. Power Level 76.944077
	-------- Loop 10 (sock 1 consumed 5.384865, avg temp 46.250000, final temp 47 ) ------
	-------- Loop 10 (sock 2 consumed 5.537865, avg temp 39.500000, final temp 39 ) ------
Loop 11 <line-131> - Time 0.005542 Total energy consumed 0.480990 Ave. Power Level 86.787258
	-------- Loop 11 (sock 1 consumed 0.240360, avg temp 46.500000, final temp 47 ) ------
	-------- Loop 11 (sock 2 consumed 0.240630, avg temp 40.000000, final temp 40 ) ------
Loop 12 <line-167> - Time 0.162405 Total energy consumed 12.379185 Ave. Power Level 76.224226
	-------- Loop 12 (sock 1 consumed 6.111540, avg temp 46.500000, final temp 47 ) ------
	-------- Loop 12 (sock 2 consumed 6.267645, avg temp 39.000000, final temp 39 ) ------
Loop 13 <line-213> - Time 9.054033 Total energy consumed 715.032525 Ave. Power Level 78.973924
	-------- Loop 13 (sock 1 consumed 354.011385, avg temp 46.916667, final temp 46 ) ------
	-------- Loop 13 (sock 2 consumed 361.021140, avg temp 39.333333, final temp 39 ) ------
Loop 14 <line-99> - Time 4.556225 Total energy consumed 263.555025 Ave. Power Level 57.845038
	-------- Loop 14 (sock 1 consumed 121.333515, avg temp 46.333333, final temp 46 ) ------
	-------- Loop 14 (sock 2 consumed 142.221510, avg temp 38.833333, final temp 39 ) ------
Loop 15 <line-160> - Time 0.128017 Total energy consumed 7.890555 Ave. Power Level 61.636801
	-------- Loop 15 (sock 1 consumed 3.601470, avg temp 47.000000, final temp 46 ) ------
	-------- Loop 15 (sock 2 consumed 4.289085, avg temp 39.166667, final temp 39 ) ------
Loop 16 <line-269> - Time 3.588932 Total energy consumed 197.331885 Ave. Power Level 54.983455
	-------- Loop 16 (sock 1 consumed 102.503310, avg temp 47.440000, final temp 46 ) ------
	-------- Loop 16 (sock 2 consumed 94.828575, avg temp 38.760000, final temp 39 ) ------
Loop 17 <line-300> - Time 0.002627 Total energy consumed 0.050760 Ave. Power Level 19.320825
	-------- Loop 17 (sock 1 consumed 0.028395, avg temp 47.350000, final temp 47 ) ------
	-------- Loop 17 (sock 2 consumed 0.022365, avg temp 38.800000, final temp 39 ) ------
Loop 18 <line-148> - Time 0.000470 Total energy consumed 0.000000 Ave. Power Level 0.000000
	-------- Loop 18 (sock 1 consumed 0.000000, avg temp 46.000000, final temp 46 ) ------
	-------- Loop 18 (sock 2 consumed 0.000000, avg temp 39.000000, final temp 39 ) ------
Application(EnergyStat) - Time 33.456139 Total energy consumed 2072.957850 Ave. Power Level 61.960463 Final Temperature socket 1 : 46  socket 2 : 38 
	 ParallelApplication(EnergyStat) - Time 19.176044 Total energy consumed 1297.383015 Ave. Power Level 67.656448
Memory used: 1.32422
Loading 32-bit binary file: pnnl.bin, numvertices: 2361670, numEdges: 191402826
File read time: 1.6365
Before allocating graph
Allocated graph: 0xc8f570
Processing edges for vertex: 0, range(0, 166)
Processing edges for vertex: 100000, range(58444108, 58444133)
Processing edges for vertex: 200000, range(84376057, 84376362)
Processing edges for vertex: 300000, range(106069163, 106069503)
Processing edges for vertex: 400000, range(122097114, 122097513)
Processing edges for vertex: 500000, range(135096418, 135096483)
Processing edges for vertex: 600000, range(146097008, 146097061)
Processing edges for vertex: 700000, range(155415410, 155415531)
Processing edges for vertex: 800000, range(162595900, 162595989)
Processing edges for vertex: 900000, range(168508374, 168508464)
Processing edges for vertex: 1000000, range(173203321, 173203442)
Processing edges for vertex: 1100000, range(176935100, 176935110)
Processing edges for vertex: 1200000, range(179876260, 179876270)
Processing edges for vertex: 1300000, range(182240081, 182240092)
Processing edges for vertex: 1400000, range(184224513, 184224521)
Processing edges for vertex: 1500000, range(185795161, 185795170)
Processing edges for vertex: 1600000, range(187104124, 187104130)
Processing edges for vertex: 1700000, range(188148455, 188148461)
Processing edges for vertex: 1800000, range(188997836, 188997842)
Processing edges for vertex: 1900000, range(189691532, 189691535)
Processing edges for vertex: 2000000, range(190254658, 190254660)
Processing edges for vertex: 2100000, range(190705814, 190705822)
Processing edges for vertex: 2200000, range(191052755, 191052764)
Processing edges for vertex: 2300000, range(191302662, 191302663)
Graph populate time: 7.93717
Total I/O time: 9.57371

Regional(EnergyStat) - Time 9.576998 Total energy consumed 513.474330 Ave. Power Level 53.615373 
Running on: 6 threads
Loaded graph from file: pnnl.bin
Memory used: 2949.12
Maximum degree for the graph: 5520
Iteration: 0, conflicts: 34
Iteration: 1, conflicts: 18
Iteration: 2, conflicts: 8
Iteration: 3, conflicts: 6
Iteration: 4, conflicts: 4
Iteration: 5, conflicts: 2
Iteration: 6, conflicts: 1
Iteration: 7, conflicts: 0
Total number of colors used: 1180
Total number of conflicts overall: 0
Number of rounds: 8
SUCCESS: No conflicts found
Coloring time: 1.0904
Memory used: 2949.12
Number of reordered colors: 1014
End position for large colors: 0, node count: 550965, largest: 550965
Node count cutoff: 472334
e_xx: 1.24571e+08, a2_x: 6.27496e+11, currMod: 0.650814
e_xx: 1.6409e+08, a2_x: 5.82923e+11, currMod: 0.857287
e_xx: 1.70258e+08, a2_x: 5.32829e+11, currMod: 0.889513
e_xx: 1.72816e+08, a2_x: 5.61049e+11, currMod: 0.902877
e_xx: 1.74008e+08, a2_x: 5.21364e+11, currMod: 0.909106
currMod: 0.902877, prevMod: -1
Louvain time: 13.9205
numClusters: 203507, time: 0.109967
Next phase: 2
Memory used: 2949.12
End Structure 1285864 203507 vs 2773364
Build next level time: 4.70292
Iteration time: 18.7374
Memory used: 2949.12
e_xx: 1.66471e+08, a2_x: 5.23637e+11, currMod: 0.905411
e_xx: 1.7718e+08, a2_x: 3.64389e+11, currMod: 0.963661
e_xx: 1.78671e+08, a2_x: 2.95082e+11, currMod: 0.971772
e_xx: 1.79033e+08, a2_x: 2.59294e+11, currMod: 0.973744
e_xx: 1.79161e+08, a2_x: 2.80103e+11, currMod: 0.974437
e_xx: 1.79242e+08, a2_x: 2.70733e+11, currMod: 0.97488
e_xx: 1.79244e+08, a2_x: 2.9871e+11, currMod: 0.974889
e_xx: 1.79296e+08, a2_x: 2.70987e+11, currMod: 0.975174
e_xx: 1.79282e+08, a2_x: 2.7335e+11, currMod: 0.975094
currMod: 0.975174, prevMod: 0.902877
Louvain time: 2.41908
numClusters: 51305, time: 0.015026
Next phase: 3
Memory used: 2949.12
End Structure 503299 51305 vs 1057892
Build next level time: 0.188672
Iteration time: 2.62356
Memory used: 2949.12
e_xx: 1.79296e+08, a2_x: 2.68118e+11, currMod: 0.975154
e_xx: 1.80212e+08, a2_x: 1.04095e+11, currMod: 0.980139
e_xx: 1.80298e+08, a2_x: 8.22542e+10, currMod: 0.980609
e_xx: 1.80402e+08, a2_x: 6.219e+10, currMod: 0.981176
e_xx: 1.80344e+08, a2_x: 1.01774e+11, currMod: 0.980858
currMod: 0.981176, prevMod: 0.975174
Louvain time: 0.604706
numClusters: 25450, time: 0.004736
Next phase: 4
Memory used: 2949.12
End Structure 170881 25450 vs 367211
Build next level time: 0.074517
Iteration time: 0.684539
Memory used: 2949.12
e_xx: 1.80402e+08, a2_x: 6.24108e+10, currMod: 0.981164
e_xx: 1.80637e+08, a2_x: 2.74299e+10, currMod: 0.982442
e_xx: 1.80648e+08, a2_x: 3.71627e+10, currMod: 0.982499
e_xx: 1.80648e+08, a2_x: 2.17201e+10, currMod: 0.982504
e_xx: 1.80649e+08, a2_x: 4.79271e+10, currMod: 0.982504
currMod: 0.982504, prevMod: 0.981176
Louvain time: 0.252654
numClusters: 22156, time: 0.003079
Next phase: 5
Memory used: 2949.12
End Structure 87578 22156 vs 197312
Build next level time: 0.028859
Iteration time: 0.285142
Memory used: 2949.12
e_xx: 1.80648e+08, a2_x: 2.42075e+10, currMod: 0.982502
e_xx: 1.80651e+08, a2_x: 5.39366e+09, currMod: 0.982518
e_xx: 1.80651e+08, a2_x: 7.33086e+09, currMod: 0.982518
currMod: 0.982518, prevMod: 0.982504
Louvain time: 0.085885
numClusters: 22013, time: 0.002736
Next phase: 6
Memory used: 2949.12
End Structure 79625 22013 vs 181263
Build next level time: 0.021637
Iteration time: 0.110808
Memory used: 2949.12
e_xx: 1.80651e+08, a2_x: 2.65302e+09, currMod: 0.982518
e_xx: 1.80652e+08, a2_x: 1.89791e+09, currMod: 0.98252
e_xx: 1.80652e+08, a2_x: 5.23051e+08, currMod: 0.98252
currMod: 0.98252, prevMod: 0.982518
Louvain time: 0.078542
numClusters: 21981, time: 0.002749
Next phase: 7
Memory used: 2949.12
End Structure 77046 21981 vs 176073
Build next level time: 0.021044
Iteration time: 0.102881
Memory used: 2949.12
e_xx: 1.80652e+08, a2_x: 2.15696e+09, currMod: 0.98252
e_xx: 1.80652e+08, a2_x: 2.04629e+09, currMod: 0.98252
currMod: 0.98252, prevMod: 0.98252
Louvain time: 0.051652
numClusters: 21981, time: 0.002709
Maximum degree for the graph: 479
Iteration: 0, conflicts: 0
Total number of colors used: 182
Total number of conflicts overall: 0
Number of rounds: 1
SUCCESS: No conflicts found
Number of reordered colors: 181
End position for large colors: 0, node count: 21542, largest: 21542
Node count cutoff: 4397
e_xx: 1.80658e+08, a2_x: -1.31287e+10, currMod: 0.982553
e_xx: 1.80743e+08, a2_x: -1.41341e+10, currMod: 0.98302
e_xx: 1.80737e+08, a2_x: -1.3596e+10, currMod: 0.982982
End Structure 29475 21794 vs 80744
currMod: 0.98302, prevMod: 0.98252
numClusters: 21794
Total iteration time: 22.5444

Loop 0 <line-37> - Time 0.000671 Total energy consumed 0.107850 Ave. Power Level 160.635931
	-------- Loop 0 (sock 1 consumed 0.043380, avg temp 45.500000, final temp 46 ) ------
	-------- Loop 0 (sock 2 consumed 0.064470, avg temp 39.500000, final temp 40 ) ------
Loop 1 <line-54> - Time 0.000441 Total energy consumed 0.000000 Ave. Power Level 0.000000
	-------- Loop 1 (sock 1 consumed 0.000000, avg temp 45.500000, final temp 46 ) ------
	-------- Loop 1 (sock 2 consumed 0.000000, avg temp 40.000000, final temp 40 ) ------
Loop 2 <line-76> - Time 0.000746 Total energy consumed 0.053265 Ave. Power Level 71.410568
	-------- Loop 2 (sock 1 consumed 0.020955, avg temp 45.500000, final temp 46 ) ------
	-------- Loop 2 (sock 2 consumed 0.032310, avg temp 39.500000, final temp 40 ) ------
Loop 3 <line-170> - Time 0.697593 Total energy consumed 42.250440 Ave. Power Level 60.566040
	-------- Loop 3 (sock 1 consumed 17.803860, avg temp 45.111111, final temp 46 ) ------
	-------- Loop 3 (sock 2 consumed 24.446580, avg temp 39.000000, final temp 39 ) ------
Loop 4 <line-192> - Time 0.000205 Total energy consumed 0.000000 Ave. Power Level 0.000000
	-------- Loop 4 (sock 1 consumed 0.000000, avg temp 45.500000, final temp 46 ) ------
	-------- Loop 4 (sock 2 consumed 0.000000, avg temp 39.000000, final temp 39 ) ------
Loop 5 <line-222> - Time 0.302537 Total energy consumed 18.100860 Ave. Power Level 59.830249
	-------- Loop 5 (sock 1 consumed 9.665115, avg temp 45.500000, final temp 46 ) ------
	-------- Loop 5 (sock 2 consumed 8.435745, avg temp 39.000000, final temp 39 ) ------
Loop 6 <line-116> - Time 0.003621 Total energy consumed 0.124260 Ave. Power Level 34.319283
	-------- Loop 6 (sock 1 consumed 0.060810, avg temp 45.857143, final temp 46 ) ------
	-------- Loop 6 (sock 2 consumed 0.063450, avg temp 39.428571, final temp 39 ) ------
Loop 7 <line-334> - Time 0.570108 Total energy consumed 31.581195 Ave. Power Level 55.395074
	-------- Loop 7 (sock 1 consumed 12.573180, avg temp 45.750000, final temp 46 ) ------
	-------- Loop 7 (sock 2 consumed 19.008015, avg temp 39.250000, final temp 40 ) ------
Loop 8 <line-353> - Time 0.000438 Total energy consumed 0.070650 Ave. Power Level 161.427416
	-------- Loop 8 (sock 1 consumed 0.039405, avg temp 45.750000, final temp 46 ) ------
	-------- Loop 8 (sock 2 consumed 0.031245, avg temp 39.250000, final temp 40 ) ------
Loop 9 <line-375> - Time 0.000752 Total energy consumed 0.000000 Ave. Power Level 0.000000
	-------- Loop 9 (sock 1 consumed 0.000000, avg temp 45.875000, final temp 46 ) ------
	-------- Loop 9 (sock 2 consumed 0.000000, avg temp 39.250000, final temp 40 ) ------
Loop 10 <line-85> - Time 0.141602 Total energy consumed 10.865790 Ave. Power Level 76.734678
	-------- Loop 10 (sock 1 consumed 5.358360, avg temp 45.750000, final temp 46 ) ------
	-------- Loop 10 (sock 2 consumed 5.507430, avg temp 39.250000, final temp 39 ) ------
Loop 11 <line-131> - Time 0.005543 Total energy consumed 0.475410 Ave. Power Level 85.762838
	-------- Loop 11 (sock 1 consumed 0.234195, avg temp 45.500000, final temp 46 ) ------
	-------- Loop 11 (sock 2 consumed 0.241215, avg temp 39.500000, final temp 40 ) ------
Loop 12 <line-167> - Time 0.184709 Total energy consumed 14.302530 Ave. Power Level 77.432643
	-------- Loop 12 (sock 1 consumed 7.027740, avg temp 46.500000, final temp 46 ) ------
	-------- Loop 12 (sock 2 consumed 7.274790, avg temp 39.500000, final temp 39 ) ------
Loop 13 <line-213> - Time 9.112498 Total energy consumed 719.930115 Ave. Power Level 79.004690
	-------- Loop 13 (sock 1 consumed 350.560620, avg temp 47.500000, final temp 47 ) ------
	-------- Loop 13 (sock 2 consumed 369.369495, avg temp 39.625000, final temp 39 ) ------
Loop 14 <line-99> - Time 4.670286 Total energy consumed 264.945390 Ave. Power Level 56.730019
	-------- Loop 14 (sock 1 consumed 130.586670, avg temp 46.428571, final temp 47 ) ------
	-------- Loop 14 (sock 2 consumed 134.358720, avg temp 39.571429, final temp 40 ) ------
Loop 15 <line-160> - Time 0.123860 Total energy consumed 7.596495 Ave. Power Level 61.331540
	-------- Loop 15 (sock 1 consumed 3.498180, avg temp 45.857143, final temp 46 ) ------
	-------- Loop 15 (sock 2 consumed 4.098315, avg temp 39.285714, final temp 40 ) ------
Loop 16 <line-269> - Time 3.470566 Total energy consumed 195.126585 Ave. Power Level 56.223269
	-------- Loop 16 (sock 1 consumed 98.514570, avg temp 46.037037, final temp 46 ) ------
	-------- Loop 16 (sock 2 consumed 96.612015, avg temp 39.148148, final temp 40 ) ------
Loop 17 <line-300> - Time 0.002608 Total energy consumed 0.162855 Ave. Power Level 62.453214
	-------- Loop 17 (sock 1 consumed 0.072075, avg temp 46.047619, final temp 46 ) ------
	-------- Loop 17 (sock 2 consumed 0.090780, avg temp 39.095238, final temp 39 ) ------
Loop 18 <line-148> - Time 0.000529 Total energy consumed 0.075255 Ave. Power Level 142.387101
	-------- Loop 18 (sock 1 consumed 0.037140, avg temp 46.000000, final temp 46 ) ------
	-------- Loop 18 (sock 2 consumed 0.038115, avg temp 40.000000, final temp 40 ) ------
Application(EnergyStat) - Time 33.309361 Total energy consumed 2070.177750 Ave. Power Level 62.150030 Final Temperature socket 1 : 47  socket 2 : 39 
	 ParallelApplication(EnergyStat) - Time 19.289312 Total energy consumed 1305.768945 Ave. Power Level 67.693911
Memory used: 1.32422
Loading 32-bit binary file: pnnl.bin, numvertices: 2361670, numEdges: 191402826
File read time: 1.70172
Before allocating graph
Allocated graph: 0x2269570
Processing edges for vertex: 0, range(0, 166)
Processing edges for vertex: 100000, range(58444108, 58444133)
Processing edges for vertex: 200000, range(84376057, 84376362)
Processing edges for vertex: 300000, range(106069163, 106069503)
Processing edges for vertex: 400000, range(122097114, 122097513)
Processing edges for vertex: 500000, range(135096418, 135096483)
Processing edges for vertex: 600000, range(146097008, 146097061)
Processing edges for vertex: 700000, range(155415410, 155415531)
Processing edges for vertex: 800000, range(162595900, 162595989)
Processing edges for vertex: 900000, range(168508374, 168508464)
Processing edges for vertex: 1000000, range(173203321, 173203442)
Processing edges for vertex: 1100000, range(176935100, 176935110)
Processing edges for vertex: 1200000, range(179876260, 179876270)
Processing edges for vertex: 1300000, range(182240081, 182240092)
Processing edges for vertex: 1400000, range(184224513, 184224521)
Processing edges for vertex: 1500000, range(185795161, 185795170)
Processing edges for vertex: 1600000, range(187104124, 187104130)
Processing edges for vertex: 1700000, range(188148455, 188148461)
Processing edges for vertex: 1800000, range(188997836, 188997842)
Processing edges for vertex: 1900000, range(189691532, 189691535)
Processing edges for vertex: 2000000, range(190254658, 190254660)
Processing edges for vertex: 2100000, range(190705814, 190705822)
Processing edges for vertex: 2200000, range(191052755, 191052764)
Processing edges for vertex: 2300000, range(191302662, 191302663)
Graph populate time: 8.10217
Total I/O time: 9.80392

Regional(EnergyStat) - Time 9.807377 Total energy consumed 522.143325 Ave. Power Level 53.239856 
Running on: 6 threads
Loaded graph from file: pnnl.bin
Memory used: 2949.12
Maximum degree for the graph: 5520
Iteration: 0, conflicts: 13
Iteration: 1, conflicts: 4
Iteration: 2, conflicts: 2
Iteration: 3, conflicts: 1
Iteration: 4, conflicts: 0
Total number of colors used: 1181
Total number of conflicts overall: 0
Number of rounds: 5
SUCCESS: No conflicts found
Coloring time: 1.09183
Memory used: 2949.12
Number of reordered colors: 1000
End position for large colors: 0, node count: 550967, largest: 550967
Node count cutoff: 472334
e_xx: 1.28131e+08, a2_x: 6.24766e+11, currMod: 0.669416
e_xx: 1.67202e+08, a2_x: 5.72833e+11, currMod: 0.873545
e_xx: 1.73025e+08, a2_x: 5.24e+11, currMod: 0.903968
e_xx: 1.7529e+08, a2_x: 5.55212e+11, currMod: 0.915801
e_xx: 1.76318e+08, a2_x: 5.05397e+11, currMod: 0.921175
currMod: 0.915801, prevMod: -1
Louvain time: 13.9913
numClusters: 203998, time: 0.097773
Next phase: 2
Memory used: 2949.12
End Structure 1293797 203998 vs 2789873
Build next level time: 4.69648
Iteration time: 18.7893
Memory used: 2949.12
e_xx: 1.57984e+08, a2_x: 5.05129e+11, currMod: 0.91286
e_xx: 1.66346e+08, a2_x: 3.30651e+11, currMod: 0.961183
e_xx: 1.67855e+08, a2_x: 3.16229e+11, currMod: 0.969905
e_xx: 1.68264e+08, a2_x: 2.75877e+11, currMod: 0.972267
e_xx: 1.68331e+08, a2_x: 3.17109e+11, currMod: 0.972655
e_xx: 1.68444e+08, a2_x: 2.95475e+11, currMod: 0.973309
e_xx: 1.6844e+08, a2_x: 3.22563e+11, currMod: 0.973284
currMod: 0.973309, prevMod: 0.915801
Louvain time: 2.02285
numClusters: 54968, time: 0.015986
Next phase: 3
Memory used: 2949.12
End Structure 551903 54968 vs 1158760
Build next level time: 0.203833
Iteration time: 2.24344
Memory used: 2949.12
e_xx: 1.68444e+08, a2_x: 2.93977e+11, currMod: 0.973285
e_xx: 1.694e+08, a2_x: 8.46354e+10, currMod: 0.978814
e_xx: 1.69438e+08, a2_x: 1.02395e+11, currMod: 0.979034
e_xx: 1.69559e+08, a2_x: 8.11802e+10, currMod: 0.979734
e_xx: 1.69468e+08, a2_x: 1.08902e+11, currMod: 0.979206
currMod: 0.979734, prevMod: 0.973309
Louvain time: 0.651333
numClusters: 25973, time: 0.004902
Next phase: 4
Memory used: 2949.12
End Structure 186555 25973 vs 399082
Build next level time: 0.082096
Iteration time: 0.738881
Memory used: 2949.12
e_xx: 1.69559e+08, a2_x: 8.10513e+10, currMod: 0.979721
e_xx: 1.69782e+08, a2_x: 1.06878e+10, currMod: 0.98101
e_xx: 1.69818e+08, a2_x: 4.35322e+10, currMod: 0.981216
e_xx: 1.69818e+08, a2_x: 3.2583e+10, currMod: 0.981221
e_xx: 1.6982e+08, a2_x: 1.64557e+10, currMod: 0.981228
e_xx: 1.69819e+08, a2_x: 2.59069e+10, currMod: 0.981224
currMod: 0.981228, prevMod: 0.979734
Louvain time: 0.326988
numClusters: 22176, time: 0.003141
Next phase: 5
Memory used: 2949.12
End Structure 91882 22176 vs 205940
Build next level time: 0.034673
Iteration time: 0.365358
Memory used: 2949.12
e_xx: 1.6982e+08, a2_x: 1.62016e+10, currMod: 0.981226
e_xx: 1.69831e+08, a2_x: 3.06546e+10, currMod: 0.981294
e_xx: 1.69823e+08, a2_x: 2.24168e+10, currMod: 0.981245
currMod: 0.981294, prevMod: 0.981228
Louvain time: 0.09094
numClusters: 22020, time: 0.002714
Next phase: 6
Memory used: 2949.12
End Structure 82022 22020 vs 186064
Build next level time: 0.02634
Iteration time: 0.120531
Memory used: 2949.12
e_xx: 1.69831e+08, a2_x: 2.75686e+10, currMod: 0.981294
e_xx: 1.69832e+08, a2_x: 3.49417e+10, currMod: 0.981295
currMod: 0.981294, prevMod: 0.981294
Louvain time: 0.054183
numClusters: 22020, time: 0.002726
Maximum degree for the graph: 509
Iteration: 0, conflicts: 0
Total number of colors used: 186
Total number of conflicts overall: 0
Number of rounds: 1
SUCCESS: No conflicts found
Number of reordered colors: 180
End position for large colors: 0, node count: 21560, largest: 21560
Node count cutoff: 4404
e_xx: 1.69856e+08, a2_x: 5.09202e+09, currMod: 0.981437
e_xx: 1.72555e+08, a2_x: -3.60714e+09, currMod: 0.997031
e_xx: 1.72756e+08, a2_x: -6.61357e+09, currMod: 0.998193
e_xx: 1.72778e+08, a2_x: -9.78151e+09, currMod: 0.998321
e_xx: 1.72914e+08, a2_x: -8.33319e+09, currMod: 0.999109
e_xx: 1.72915e+08, a2_x: -7.05626e+09, currMod: 0.99911
e_xx: 1.7293e+08, a2_x: -6.84896e+09, currMod: 0.9992
e_xx: 1.72796e+08, a2_x: -8.18694e+09, currMod: 0.998425
End Structure 314 21569 vs 22197
currMod: 0.9992, prevMod: 0.981294
numClusters: 21569
Total iteration time: 22.2575

Loop 0 <line-37> - Time 0.000681 Total energy consumed 0.000000 Ave. Power Level 0.000000
	-------- Loop 0 (sock 1 consumed 0.000000, avg temp 46.500000, final temp 47 ) ------
	-------- Loop 0 (sock 2 consumed 0.000000, avg temp 38.500000, final temp 38 ) ------
Loop 1 <line-54> - Time 0.000406 Total energy consumed 0.054135 Ave. Power Level 133.227509
	-------- Loop 1 (sock 1 consumed 0.020895, avg temp 45.000000, final temp 46 ) ------
	-------- Loop 1 (sock 2 consumed 0.033240, avg temp 38.500000, final temp 38 ) ------
Loop 2 <line-76> - Time 0.000755 Total energy consumed 0.000000 Ave. Power Level 0.000000
	-------- Loop 2 (sock 1 consumed 0.000000, avg temp 45.000000, final temp 46 ) ------
	-------- Loop 2 (sock 2 consumed 0.000000, avg temp 38.500000, final temp 38 ) ------
Loop 3 <line-170> - Time 0.699489 Total energy consumed 41.880090 Ave. Power Level 59.872392
	-------- Loop 3 (sock 1 consumed 17.157495, avg temp 44.333333, final temp 46 ) ------
	-------- Loop 3 (sock 2 consumed 24.722595, avg temp 38.166667, final temp 39 ) ------
Loop 4 <line-192> - Time 0.000159 Total energy consumed 0.000000 Ave. Power Level 0.000000
	-------- Loop 4 (sock 1 consumed 0.000000, avg temp 45.000000, final temp 46 ) ------
	-------- Loop 4 (sock 2 consumed 0.000000, avg temp 38.500000, final temp 39 ) ------
Loop 5 <line-222> - Time 0.302721 Total energy consumed 17.864190 Ave. Power Level 59.012100
	-------- Loop 5 (sock 1 consumed 9.696255, avg temp 45.000000, final temp 46 ) ------
	-------- Loop 5 (sock 2 consumed 8.167935, avg temp 39.000000, final temp 39 ) ------
Loop 6 <line-116> - Time 0.002990 Total energy consumed 0.223545 Ave. Power Level 74.774718
	-------- Loop 6 (sock 1 consumed 0.079950, avg temp 46.500000, final temp 47 ) ------
	-------- Loop 6 (sock 2 consumed 0.143595, avg temp 38.500000, final temp 38 ) ------
Loop 7 <line-334> - Time 0.570631 Total energy consumed 31.639755 Ave. Power Level 55.446975
	-------- Loop 7 (sock 1 consumed 12.635055, avg temp 46.571429, final temp 47 ) ------
	-------- Loop 7 (sock 2 consumed 19.004700, avg temp 38.714286, final temp 39 ) ------
Loop 8 <line-353> - Time 0.000415 Total energy consumed 0.000000 Ave. Power Level 0.000000
	-------- Loop 8 (sock 1 consumed 0.000000, avg temp 46.571429, final temp 47 ) ------
	-------- Loop 8 (sock 2 consumed 0.000000, avg temp 38.714286, final temp 39 ) ------
Loop 9 <line-375> - Time 0.000755 Total energy consumed 0.000000 Ave. Power Level 0.000000
	-------- Loop 9 (sock 1 consumed 0.000000, avg temp 46.714286, final temp 47 ) ------
	-------- Loop 9 (sock 2 consumed 0.000000, avg temp 38.714286, final temp 39 ) ------
Loop 10 <line-85> - Time 0.137993 Total energy consumed 10.707690 Ave. Power Level 77.595619
	-------- Loop 10 (sock 1 consumed 5.281695, avg temp 46.000000, final temp 47 ) ------
	-------- Loop 10 (sock 2 consumed 5.425995, avg temp 38.750000, final temp 39 ) ------
Loop 11 <line-131> - Time 0.005525 Total energy consumed 0.436530 Ave. Power Level 79.016934
	-------- Loop 11 (sock 1 consumed 0.195135, avg temp 46.000000, final temp 47 ) ------
	-------- Loop 11 (sock 2 consumed 0.241395, avg temp 39.000000, final temp 39 ) ------
Loop 12 <line-167> - Time 0.174305 Total energy consumed 13.417830 Ave. Power Level 76.978957
	-------- Loop 12 (sock 1 consumed 6.616500, avg temp 46.500000, final temp 47 ) ------
	-------- Loop 12 (sock 2 consumed 6.801330, avg temp 39.000000, final temp 39 ) ------
Loop 13 <line-213> - Time 9.112583 Total energy consumed 719.674005 Ave. Power Level 78.975849
	-------- Loop 13 (sock 1 consumed 353.433360, avg temp 48.384615, final temp 49 ) ------
	-------- Loop 13 (sock 2 consumed 366.240645, avg temp 38.923077, final temp 38 ) ------
Loop 14 <line-99> - Time 4.671706 Total energy consumed 267.050265 Ave. Power Level 57.163324
	-------- Loop 14 (sock 1 consumed 135.517185, avg temp 46.833333, final temp 47 ) ------
	-------- Loop 14 (sock 2 consumed 131.533080, avg temp 38.500000, final temp 39 ) ------
Loop 15 <line-160> - Time 0.128203 Total energy consumed 7.745205 Ave. Power Level 60.413641
	-------- Loop 15 (sock 1 consumed 3.640170, avg temp 47.000000, final temp 47 ) ------
	-------- Loop 15 (sock 2 consumed 4.105035, avg temp 38.666667, final temp 39 ) ------
Loop 16 <line-269> - Time 3.125164 Total energy consumed 171.568320 Ave. Power Level 54.898989
	-------- Loop 16 (sock 1 consumed 86.934945, avg temp 47.304348, final temp 46 ) ------
	-------- Loop 16 (sock 2 consumed 84.633375, avg temp 38.478261, final temp 39 ) ------
Loop 17 <line-300> - Time 0.002118 Total energy consumed 0.052410 Ave. Power Level 24.741865
	-------- Loop 17 (sock 1 consumed 0.021405, avg temp 47.277778, final temp 46 ) ------
	-------- Loop 17 (sock 2 consumed 0.031005, avg temp 38.444444, final temp 39 ) ------
Loop 18 <line-148> - Time 0.000472 Total energy consumed 0.000000 Ave. Power Level 0.000000
	-------- Loop 18 (sock 1 consumed 0.000000, avg temp 47.000000, final temp 47 ) ------
	-------- Loop 18 (sock 2 consumed 0.000000, avg temp 38.000000, final temp 38 ) ------
Application(EnergyStat) - Time 33.269991 Total energy consumed 2059.125255 Ave. Power Level 61.891367 Final Temperature socket 1 : 48  socket 2 : 38 
	 ParallelApplication(EnergyStat) - Time 18.937071 Total energy consumed 1282.313970 Ave. Power Level 67.714483
