Memory used: 1.32031
Loading 32-bit binary file: pnnl.bin, numvertices: 2361670, numEdges: 191402826
File read time: 1.59791
Before allocating graph
Allocated graph: 0x1e06570
Processing edges for vertex: 0, range(0, 166)
Processing edges for vertex: 100000, range(58444108, 58444133)
Processing edges for vertex: 200000, range(84376057, 84376362)
Processing edges for vertex: 300000, range(106069163, 106069503)
Processing edges for vertex: 400000, range(122097114, 122097513)
Processing edges for vertex: 500000, range(135096418, 135096483)
Processing edges for vertex: 600000, range(146097008, 146097061)
Processing edges for vertex: 700000, range(155415410, 155415531)
Processing edges for vertex: 800000, range(162595900, 162595989)
Processing edges for vertex: 900000, range(168508374, 168508464)
Processing edges for vertex: 1000000, range(173203321, 173203442)
Processing edges for vertex: 1100000, range(176935100, 176935110)
Processing edges for vertex: 1200000, range(179876260, 179876270)
Processing edges for vertex: 1300000, range(182240081, 182240092)
Processing edges for vertex: 1400000, range(184224513, 184224521)
Processing edges for vertex: 1500000, range(185795161, 185795170)
Processing edges for vertex: 1600000, range(187104124, 187104130)
Processing edges for vertex: 1700000, range(188148455, 188148461)
Processing edges for vertex: 1800000, range(188997836, 188997842)
Processing edges for vertex: 1900000, range(189691532, 189691535)
Processing edges for vertex: 2000000, range(190254658, 190254660)
Processing edges for vertex: 2100000, range(190705814, 190705822)
Processing edges for vertex: 2200000, range(191052755, 191052764)
Processing edges for vertex: 2300000, range(191302662, 191302663)
Graph populate time: 7.57155
Total I/O time: 9.16951

Regional(EnergyStat) - Time 9.173804 Total energy consumed 500.177775 Ave. Power Level 54.522395 
Running on: 7 threads
Loaded graph from file: pnnl.bin
Memory used: 2949.12
Maximum degree for the graph: 5520
Iteration: 0, conflicts: 2
Iteration: 1, conflicts: 0
Total number of colors used: 1181
Total number of conflicts overall: 0
Number of rounds: 2
SUCCESS: No conflicts found
Coloring time: 0.972865
Memory used: 2949.12
Number of reordered colors: 1015
End position for large colors: 0, node count: 550398, largest: 550398
Node count cutoff: 472334
e_xx: 1.1571e+08, a2_x: 6.45432e+11, currMod: 0.604518
e_xx: 1.59882e+08, a2_x: 5.7946e+11, currMod: 0.835301
e_xx: 1.6788e+08, a2_x: 5.04101e+11, currMod: 0.877092
e_xx: 1.71315e+08, a2_x: 5.20733e+11, currMod: 0.895036
e_xx: 1.72717e+08, a2_x: 4.98395e+11, currMod: 0.902359
currMod: 0.895036, prevMod: -1
Louvain time: 11.3949
numClusters: 204280, time: 0.101942
Next phase: 2
Memory used: 2949.12
End Structure 1317482 204280 vs 2837357
Build next level time: 3.98825
Iteration time: 15.4895
Memory used: 2949.12
e_xx: 1.68489e+08, a2_x: 4.97599e+11, currMod: 0.900178
e_xx: 1.79131e+08, a2_x: 3.67804e+11, currMod: 0.957041
e_xx: 1.80746e+08, a2_x: 2.97305e+11, currMod: 0.965674
e_xx: 1.8115e+08, a2_x: 2.80646e+11, currMod: 0.967832
e_xx: 1.81258e+08, a2_x: 3.06137e+11, currMod: 0.968407
e_xx: 1.81367e+08, a2_x: 2.72083e+11, currMod: 0.96899
e_xx: 1.8137e+08, a2_x: 3.04403e+11, currMod: 0.969004
e_xx: 1.81428e+08, a2_x: 2.77953e+11, currMod: 0.969318
e_xx: 1.81411e+08, a2_x: 2.99292e+11, currMod: 0.969224
currMod: 0.969318, prevMod: 0.895036
Louvain time: 2.23437
numClusters: 51836, time: 0.014071
Next phase: 3
Memory used: 2949.12
End Structure 508380 51836 vs 1068582
Build next level time: 0.201953
Iteration time: 2.45115
Memory used: 2949.12
e_xx: 1.81428e+08, a2_x: 2.76595e+11, currMod: 0.969303
e_xx: 1.83551e+08, a2_x: 1.11305e+11, currMod: 0.980651
e_xx: 1.83639e+08, a2_x: 9.08215e+10, currMod: 0.981122
e_xx: 1.83759e+08, a2_x: 6.7215e+10, currMod: 0.981762
e_xx: 1.83682e+08, a2_x: 8.2172e+10, currMod: 0.981349
currMod: 0.981762, prevMod: 0.969318
Louvain time: 0.548373
numClusters: 25535, time: 0.004532
Next phase: 4
Memory used: 2949.12
End Structure 168028 25535 vs 361590
Build next level time: 0.071427
Iteration time: 0.624821
Memory used: 2949.12
e_xx: 1.83759e+08, a2_x: 6.86851e+10, currMod: 0.981753
e_xx: 1.83983e+08, a2_x: 1.08282e+10, currMod: 0.98295
e_xx: 1.83984e+08, a2_x: 2.74395e+10, currMod: 0.982956
e_xx: 1.83986e+08, a2_x: 3.49799e+10, currMod: 0.982968
e_xx: 1.83985e+08, a2_x: 3.44483e+10, currMod: 0.982961
currMod: 0.982968, prevMod: 0.981762
Louvain time: 0.226025
numClusters: 22137, time: 0.002854
Next phase: 5
Memory used: 2949.12
End Structure 83978 22137 vs 190093
Build next level time: 0.029839
Iteration time: 0.259191
Memory used: 2949.12
e_xx: 1.83986e+08, a2_x: 3.13963e+10, currMod: 0.982965
e_xx: 1.83993e+08, a2_x: 2.26861e+10, currMod: 0.983
e_xx: 1.83996e+08, a2_x: 1.5699e+10, currMod: 0.983017
e_xx: 1.83993e+08, a2_x: 1.75295e+10, currMod: 0.983003
currMod: 0.983017, prevMod: 0.982968
Louvain time: 0.100114
numClusters: 21970, time: 0.00253
Next phase: 6
Memory used: 2949.12
End Structure 68644 21970 vs 159258
Build next level time: 0.017966
Iteration time: 0.121087
Memory used: 2949.12
e_xx: 1.83996e+08, a2_x: 1.9146e+10, currMod: 0.983016
e_xx: 1.83996e+08, a2_x: 2.08417e+10, currMod: 0.983017
currMod: 0.983017, prevMod: 0.983017
Louvain time: 0.042131
numClusters: 21970, time: 0.002502
Maximum degree for the graph: 459
Iteration: 0, conflicts: 0
Total number of colors used: 172
Total number of conflicts overall: 0
Number of rounds: 1
SUCCESS: No conflicts found
Number of reordered colors: 171
End position for large colors: 0, node count: 21555, largest: 21555
Node count cutoff: 4394
e_xx: 1.83996e+08, a2_x: 1.8716e+10, currMod: 0.983018
e_xx: 1.85145e+08, a2_x: 1.76725e+10, currMod: 0.989157
e_xx: 1.86777e+08, a2_x: -5.40406e+08, currMod: 0.997873
e_xx: 1.86775e+08, a2_x: 3.13093e+08, currMod: 0.997866
End Structure 857 21592 vs 23306
currMod: 0.997873, prevMod: 0.983017
numClusters: 21592
Total iteration time: 18.9457

Loop 0 <line-37> - Time 0.000572 Total energy consumed 0.056700 Ave. Power Level 99.079452
	-------- Loop 0 (sock 1 consumed 0.021750, avg temp 48.000000, final temp 48 ) ------
	-------- Loop 0 (sock 2 consumed 0.034950, avg temp 40.000000, final temp 40 ) ------
Loop 1 <line-54> - Time 0.000424 Total energy consumed 0.000000 Ave. Power Level 0.000000
	-------- Loop 1 (sock 1 consumed 0.000000, avg temp 48.000000, final temp 48 ) ------
	-------- Loop 1 (sock 2 consumed 0.000000, avg temp 40.000000, final temp 40 ) ------
Loop 2 <line-76> - Time 0.000613 Total energy consumed 0.000000 Ave. Power Level 0.000000
	-------- Loop 2 (sock 1 consumed 0.000000, avg temp 48.000000, final temp 48 ) ------
	-------- Loop 2 (sock 2 consumed 0.000000, avg temp 40.000000, final temp 40 ) ------
Loop 3 <line-170> - Time 0.647320 Total energy consumed 41.618055 Ave. Power Level 64.292868
	-------- Loop 3 (sock 1 consumed 16.828080, avg temp 47.666667, final temp 47 ) ------
	-------- Loop 3 (sock 2 consumed 24.789975, avg temp 40.333333, final temp 41 ) ------
Loop 4 <line-192> - Time 0.000148 Total energy consumed 0.000000 Ave. Power Level 0.000000
	-------- Loop 4 (sock 1 consumed 0.000000, avg temp 47.500000, final temp 47 ) ------
	-------- Loop 4 (sock 2 consumed 0.000000, avg temp 40.500000, final temp 41 ) ------
Loop 5 <line-222> - Time 0.240704 Total energy consumed 15.632850 Ave. Power Level 64.946268
	-------- Loop 5 (sock 1 consumed 9.194505, avg temp 48.500000, final temp 48 ) ------
	-------- Loop 5 (sock 2 consumed 6.438345, avg temp 40.500000, final temp 41 ) ------
Loop 6 <line-116> - Time 0.002670 Total energy consumed 0.074190 Ave. Power Level 27.781481
	-------- Loop 6 (sock 1 consumed 0.039960, avg temp 48.000000, final temp 48 ) ------
	-------- Loop 6 (sock 2 consumed 0.034230, avg temp 41.166667, final temp 42 ) ------
Loop 7 <line-334> - Time 0.503592 Total energy consumed 30.291855 Ave. Power Level 60.151593
	-------- Loop 7 (sock 1 consumed 11.745945, avg temp 47.714286, final temp 48 ) ------
	-------- Loop 7 (sock 2 consumed 18.545910, avg temp 41.285714, final temp 41 ) ------
Loop 8 <line-353> - Time 0.000462 Total energy consumed 0.000000 Ave. Power Level 0.000000
	-------- Loop 8 (sock 1 consumed 0.000000, avg temp 47.714286, final temp 48 ) ------
	-------- Loop 8 (sock 2 consumed 0.000000, avg temp 41.285714, final temp 41 ) ------
Loop 9 <line-375> - Time 0.000646 Total energy consumed 0.096765 Ave. Power Level 149.835091
	-------- Loop 9 (sock 1 consumed 0.041580, avg temp 47.714286, final temp 48 ) ------
	-------- Loop 9 (sock 2 consumed 0.055185, avg temp 41.285714, final temp 41 ) ------
Loop 10 <line-85> - Time 0.097858 Total energy consumed 8.670795 Ave. Power Level 88.606117
	-------- Loop 10 (sock 1 consumed 4.005210, avg temp 48.000000, final temp 48 ) ------
	-------- Loop 10 (sock 2 consumed 4.665585, avg temp 40.750000, final temp 41 ) ------
Loop 11 <line-131> - Time 0.004411 Total energy consumed 0.464625 Ave. Power Level 105.329079
	-------- Loop 11 (sock 1 consumed 0.214365, avg temp 48.000000, final temp 48 ) ------
	-------- Loop 11 (sock 2 consumed 0.250260, avg temp 40.500000, final temp 41 ) ------
Loop 12 <line-167> - Time 0.137015 Total energy consumed 12.211560 Ave. Power Level 89.125970
	-------- Loop 12 (sock 1 consumed 5.633190, avg temp 48.500000, final temp 48 ) ------
	-------- Loop 12 (sock 2 consumed 6.578370, avg temp 41.000000, final temp 41 ) ------
Loop 13 <line-213> - Time 7.314659 Total energy consumed 677.736615 Ave. Power Level 92.654577
	-------- Loop 13 (sock 1 consumed 316.790985, avg temp 49.222222, final temp 49 ) ------
	-------- Loop 13 (sock 2 consumed 360.945630, avg temp 41.333333, final temp 41 ) ------
Loop 14 <line-99> - Time 3.948651 Total energy consumed 250.407285 Ave. Power Level 63.415905
	-------- Loop 14 (sock 1 consumed 95.512005, avg temp 47.833333, final temp 48 ) ------
	-------- Loop 14 (sock 2 consumed 154.895280, avg temp 41.166667, final temp 41 ) ------
Loop 15 <line-160> - Time 0.118948 Total energy consumed 8.031195 Ave. Power Level 67.518269
	-------- Loop 15 (sock 1 consumed 3.762210, avg temp 48.000000, final temp 48 ) ------
	-------- Loop 15 (sock 2 consumed 4.268985, avg temp 40.833333, final temp 41 ) ------
Loop 16 <line-269> - Time 3.132035 Total energy consumed 189.036465 Ave. Power Level 60.355805
	-------- Loop 16 (sock 1 consumed 101.213820, avg temp 48.280000, final temp 48 ) ------
	-------- Loop 16 (sock 2 consumed 87.822645, avg temp 40.560000, final temp 41 ) ------
Loop 17 <line-300> - Time 0.002252 Total energy consumed 0.104400 Ave. Power Level 46.349366
	-------- Loop 17 (sock 1 consumed 0.032100, avg temp 48.300000, final temp 48 ) ------
	-------- Loop 17 (sock 2 consumed 0.072300, avg temp 40.600000, final temp 41 ) ------
Loop 18 <line-148> - Time 0.000437 Total energy consumed 0.087600 Ave. Power Level 200.490699
	-------- Loop 18 (sock 1 consumed 0.041475, avg temp 48.000000, final temp 48 ) ------
	-------- Loop 18 (sock 2 consumed 0.046125, avg temp 40.000000, final temp 40 ) ------
Application(EnergyStat) - Time 29.172824 Total energy consumed 1970.768250 Ave. Power Level 67.554937 Final Temperature socket 1 : 49  socket 2 : 41 
	 ParallelApplication(EnergyStat) - Time 16.153418 Total energy consumed 1234.520955 Ave. Power Level 76.424751
Memory used: 1.32031
Loading 32-bit binary file: pnnl.bin, numvertices: 2361670, numEdges: 191402826
File read time: 1.55687
Before allocating graph
Allocated graph: 0x18b3570
Processing edges for vertex: 0, range(0, 166)
Processing edges for vertex: 100000, range(58444108, 58444133)
Processing edges for vertex: 200000, range(84376057, 84376362)
Processing edges for vertex: 300000, range(106069163, 106069503)
Processing edges for vertex: 400000, range(122097114, 122097513)
Processing edges for vertex: 500000, range(135096418, 135096483)
Processing edges for vertex: 600000, range(146097008, 146097061)
Processing edges for vertex: 700000, range(155415410, 155415531)
Processing edges for vertex: 800000, range(162595900, 162595989)
Processing edges for vertex: 900000, range(168508374, 168508464)
Processing edges for vertex: 1000000, range(173203321, 173203442)
Processing edges for vertex: 1100000, range(176935100, 176935110)
Processing edges for vertex: 1200000, range(179876260, 179876270)
Processing edges for vertex: 1300000, range(182240081, 182240092)
Processing edges for vertex: 1400000, range(184224513, 184224521)
Processing edges for vertex: 1500000, range(185795161, 185795170)
Processing edges for vertex: 1600000, range(187104124, 187104130)
Processing edges for vertex: 1700000, range(188148455, 188148461)
Processing edges for vertex: 1800000, range(188997836, 188997842)
Processing edges for vertex: 1900000, range(189691532, 189691535)
Processing edges for vertex: 2000000, range(190254658, 190254660)
Processing edges for vertex: 2100000, range(190705814, 190705822)
Processing edges for vertex: 2200000, range(191052755, 191052764)
Processing edges for vertex: 2300000, range(191302662, 191302663)
Graph populate time: 7.68641
Total I/O time: 9.24332

Regional(EnergyStat) - Time 9.246540 Total energy consumed 523.965090 Ave. Power Level 56.666071 
Running on: 7 threads
Loaded graph from file: pnnl.bin
Memory used: 2949.12
Maximum degree for the graph: 5520
Iteration: 0, conflicts: 5
Iteration: 1, conflicts: 0
Total number of colors used: 1182
Total number of conflicts overall: 0
Number of rounds: 2
SUCCESS: No conflicts found
Coloring time: 0.94684
Memory used: 2949.12
Number of reordered colors: 1013
End position for large colors: 0, node count: 550420, largest: 550420
Node count cutoff: 472334
e_xx: 1.19823e+08, a2_x: 7.18781e+11, currMod: 0.626005
e_xx: 1.61396e+08, a2_x: 5.68877e+11, currMod: 0.84321
e_xx: 1.67326e+08, a2_x: 5.32907e+11, currMod: 0.874196
e_xx: 1.6969e+08, a2_x: 5.11896e+11, currMod: 0.886543
e_xx: 1.71053e+08, a2_x: 5.30828e+11, currMod: 0.893668
currMod: 0.886543, prevMod: -1
Louvain time: 11.3732
numClusters: 203657, time: 0.101841
Next phase: 2
Memory used: 2949.12
End Structure 1302465 203657 vs 2806766
Build next level time: 4.05689
Iteration time: 15.5358
Memory used: 2949.12
e_xx: 1.65395e+08, a2_x: 5.30029e+11, currMod: 0.890457
e_xx: 1.7725e+08, a2_x: 3.23786e+11, currMod: 0.954294
e_xx: 1.80616e+08, a2_x: 2.95641e+11, currMod: 0.972416
e_xx: 1.80998e+08, a2_x: 2.65485e+11, currMod: 0.974475
e_xx: 1.81144e+08, a2_x: 2.71605e+11, currMod: 0.975256
e_xx: 1.81229e+08, a2_x: 2.6792e+11, currMod: 0.975715
e_xx: 1.81242e+08, a2_x: 2.5295e+11, currMod: 0.975787
e_xx: 1.81286e+08, a2_x: 2.68625e+11, currMod: 0.976021
e_xx: 1.81283e+08, a2_x: 2.56859e+11, currMod: 0.976008
currMod: 0.976021, prevMod: 0.886543
Louvain time: 2.2239
numClusters: 51748, time: 0.014869
Next phase: 3
Memory used: 2949.12
End Structure 511506 51748 vs 1074751
Build next level time: 0.193924
Iteration time: 2.43359
Memory used: 2949.12
e_xx: 1.81285e+08, a2_x: 2.67761e+11, currMod: 0.976013
e_xx: 1.8213e+08, a2_x: 1.09892e+11, currMod: 0.980567
e_xx: 1.82195e+08, a2_x: 7.27143e+10, currMod: 0.980917
e_xx: 1.82315e+08, a2_x: 6.05872e+09, currMod: 0.981567
e_xx: 1.82253e+08, a2_x: 6.45157e+10, currMod: 0.981234
currMod: 0.981567, prevMod: 0.976021
Louvain time: 0.55226
numClusters: 25548, time: 0.004398
Next phase: 4
Memory used: 2949.12
End Structure 170775 25548 vs 367098
Build next level time: 0.061247
Iteration time: 0.618421
Memory used: 2949.12
e_xx: 1.82315e+08, a2_x: 4.41749e+09, currMod: 0.981547
e_xx: 1.82553e+08, a2_x: 2.46844e+10, currMod: 0.982826
e_xx: 1.82554e+08, a2_x: 1.90719e+10, currMod: 0.982833
e_xx: 1.82555e+08, a2_x: 2.22556e+10, currMod: 0.982838
e_xx: 1.82554e+08, a2_x: 2.12223e+10, currMod: 0.982835
currMod: 0.982838, prevMod: 0.981567
Louvain time: 0.236341
numClusters: 22180, time: 0.00288
Next phase: 5
Memory used: 2949.12
End Structure 87638 22180 vs 197456
Build next level time: 0.025776
Iteration time: 0.26548
Memory used: 2949.12
e_xx: 1.82555e+08, a2_x: 2.40483e+10, currMod: 0.982834
e_xx: 1.8256e+08, a2_x: 3.03037e+10, currMod: 0.982862
e_xx: 1.82562e+08, a2_x: 2.81553e+10, currMod: 0.982874
e_xx: 1.82561e+08, a2_x: 2.39429e+10, currMod: 0.982867
currMod: 0.982874, prevMod: 0.982838
Louvain time: 0.104785
numClusters: 21976, time: 0.002527
Next phase: 6
Memory used: 2949.12
End Structure 68658 21976 vs 159292
Build next level time: 0.018609
Iteration time: 0.126422
Memory used: 2949.12
e_xx: 1.82562e+08, a2_x: 2.64172e+10, currMod: 0.982874
e_xx: 1.82563e+08, a2_x: 2.7686e+10, currMod: 0.982875
currMod: 0.982874, prevMod: 0.982874
Louvain time: 0.042105
numClusters: 21976, time: 0.002509
Maximum degree for the graph: 467
Iteration: 0, conflicts: 0
Total number of colors used: 170
Total number of conflicts overall: 0
Number of rounds: 1
SUCCESS: No conflicts found
Number of reordered colors: 167
End position for large colors: 0, node count: 21560, largest: 21560
Node count cutoff: 4396
e_xx: 1.82595e+08, a2_x: 2.13689e+10, currMod: 0.983051
e_xx: 1.85305e+08, a2_x: 2.40815e+10, currMod: 0.99764
e_xx: 1.85519e+08, a2_x: 1.8747e+10, currMod: 0.99879
e_xx: 1.85417e+08, a2_x: 1.58824e+10, currMod: 0.998244
End Structure 675 21588 vs 22938
currMod: 0.99879, prevMod: 0.982874
numClusters: 21588
Total iteration time: 18.9798

Loop 0 <line-37> - Time 0.000619 Total energy consumed 0.057150 Ave. Power Level 92.289805
	-------- Loop 0 (sock 1 consumed 0.022170, avg temp 48.000000, final temp 49 ) ------
	-------- Loop 0 (sock 2 consumed 0.034980, avg temp 41.500000, final temp 42 ) ------
Loop 1 <line-54> - Time 0.000414 Total energy consumed 0.000000 Ave. Power Level 0.000000
	-------- Loop 1 (sock 1 consumed 0.000000, avg temp 48.000000, final temp 49 ) ------
	-------- Loop 1 (sock 2 consumed 0.000000, avg temp 41.500000, final temp 42 ) ------
Loop 2 <line-76> - Time 0.000610 Total energy consumed 0.091155 Ave. Power Level 149.360970
	-------- Loop 2 (sock 1 consumed 0.055560, avg temp 48.500000, final temp 49 ) ------
	-------- Loop 2 (sock 2 consumed 0.035595, avg temp 41.500000, final temp 42 ) ------
Loop 3 <line-170> - Time 0.597151 Total energy consumed 40.310550 Ave. Power Level 67.504780
	-------- Loop 3 (sock 1 consumed 17.506665, avg temp 47.333333, final temp 48 ) ------
	-------- Loop 3 (sock 2 consumed 22.803885, avg temp 40.333333, final temp 41 ) ------
Loop 4 <line-192> - Time 0.000219 Total energy consumed 0.000000 Ave. Power Level 0.000000
	-------- Loop 4 (sock 1 consumed 0.000000, avg temp 47.500000, final temp 48 ) ------
	-------- Loop 4 (sock 2 consumed 0.000000, avg temp 40.500000, final temp 41 ) ------
Loop 5 <line-222> - Time 0.265492 Total energy consumed 17.122740 Ave. Power Level 64.494277
	-------- Loop 5 (sock 1 consumed 10.151655, avg temp 48.000000, final temp 48 ) ------
	-------- Loop 5 (sock 2 consumed 6.971085, avg temp 40.500000, final temp 41 ) ------
Loop 6 <line-116> - Time 0.002751 Total energy consumed 0.226170 Ave. Power Level 82.200085
	-------- Loop 6 (sock 1 consumed 0.087780, avg temp 47.500000, final temp 48 ) ------
	-------- Loop 6 (sock 2 consumed 0.138390, avg temp 40.833333, final temp 41 ) ------
Loop 7 <line-334> - Time 0.489797 Total energy consumed 29.450730 Ave. Power Level 60.128426
	-------- Loop 7 (sock 1 consumed 11.652900, avg temp 47.857143, final temp 48 ) ------
	-------- Loop 7 (sock 2 consumed 17.797830, avg temp 41.428571, final temp 41 ) ------
Loop 8 <line-353> - Time 0.000500 Total energy consumed 0.000000 Ave. Power Level 0.000000
	-------- Loop 8 (sock 1 consumed 0.000000, avg temp 47.857143, final temp 48 ) ------
	-------- Loop 8 (sock 2 consumed 0.000000, avg temp 41.428571, final temp 41 ) ------
Loop 9 <line-375> - Time 0.000726 Total energy consumed 0.000000 Ave. Power Level 0.000000
	-------- Loop 9 (sock 1 consumed 0.000000, avg temp 47.857143, final temp 48 ) ------
	-------- Loop 9 (sock 2 consumed 0.000000, avg temp 41.428571, final temp 41 ) ------
Loop 10 <line-85> - Time 0.101612 Total energy consumed 8.852130 Ave. Power Level 87.116594
	-------- Loop 10 (sock 1 consumed 4.617390, avg temp 48.500000, final temp 49 ) ------
	-------- Loop 10 (sock 2 consumed 4.234740, avg temp 41.500000, final temp 42 ) ------
Loop 11 <line-131> - Time 0.004371 Total energy consumed 0.369825 Ave. Power Level 84.599456
	-------- Loop 11 (sock 1 consumed 0.193440, avg temp 48.000000, final temp 49 ) ------
	-------- Loop 11 (sock 2 consumed 0.176385, avg temp 41.500000, final temp 42 ) ------
Loop 12 <line-167> - Time 0.109797 Total energy consumed 10.011750 Ave. Power Level 91.183979
	-------- Loop 12 (sock 1 consumed 5.218980, avg temp 48.000000, final temp 48 ) ------
	-------- Loop 12 (sock 2 consumed 4.792770, avg temp 41.000000, final temp 42 ) ------
Loop 13 <line-213> - Time 7.299883 Total energy consumed 678.197790 Ave. Power Level 92.905294
	-------- Loop 13 (sock 1 consumed 352.443915, avg temp 49.333333, final temp 49 ) ------
	-------- Loop 13 (sock 2 consumed 325.753875, avg temp 41.888889, final temp 43 ) ------
Loop 14 <line-99> - Time 4.024070 Total energy consumed 262.318245 Ave. Power Level 65.187304
	-------- Loop 14 (sock 1 consumed 116.787810, avg temp 47.666667, final temp 48 ) ------
	-------- Loop 14 (sock 2 consumed 145.530435, avg temp 41.166667, final temp 43 ) ------
Loop 15 <line-160> - Time 0.110445 Total energy consumed 7.374960 Ave. Power Level 66.774982
	-------- Loop 15 (sock 1 consumed 3.626595, avg temp 48.166667, final temp 49 ) ------
	-------- Loop 15 (sock 2 consumed 3.748365, avg temp 41.833333, final temp 42 ) ------
Loop 16 <line-269> - Time 3.140206 Total energy consumed 188.583330 Ave. Power Level 60.054447
	-------- Loop 16 (sock 1 consumed 98.481315, avg temp 48.040000, final temp 48 ) ------
	-------- Loop 16 (sock 2 consumed 90.102015, avg temp 41.200000, final temp 41 ) ------
Loop 17 <line-300> - Time 0.002167 Total energy consumed 0.000000 Ave. Power Level 0.000000
	-------- Loop 17 (sock 1 consumed 0.000000, avg temp 48.050000, final temp 49 ) ------
	-------- Loop 17 (sock 2 consumed 0.000000, avg temp 41.200000, final temp 40 ) ------
Loop 18 <line-148> - Time 0.000451 Total energy consumed 0.076170 Ave. Power Level 168.995148
	-------- Loop 18 (sock 1 consumed 0.033945, avg temp 49.000000, final temp 49 ) ------
	-------- Loop 18 (sock 2 consumed 0.042225, avg temp 42.000000, final temp 42 ) ------
Application(EnergyStat) - Time 29.252945 Total energy consumed 2002.183545 Ave. Power Level 68.443829 Final Temperature socket 1 : 49  socket 2 : 42 
	 ParallelApplication(EnergyStat) - Time 16.151283 Total energy consumed 1243.042695 Ave. Power Level 76.962473
Memory used: 1.32031
Loading 32-bit binary file: pnnl.bin, numvertices: 2361670, numEdges: 191402826
File read time: 1.58424
Before allocating graph
Allocated graph: 0x2275570
Processing edges for vertex: 0, range(0, 166)
Processing edges for vertex: 100000, range(58444108, 58444133)
Processing edges for vertex: 200000, range(84376057, 84376362)
Processing edges for vertex: 300000, range(106069163, 106069503)
Processing edges for vertex: 400000, range(122097114, 122097513)
Processing edges for vertex: 500000, range(135096418, 135096483)
Processing edges for vertex: 600000, range(146097008, 146097061)
Processing edges for vertex: 700000, range(155415410, 155415531)
Processing edges for vertex: 800000, range(162595900, 162595989)
Processing edges for vertex: 900000, range(168508374, 168508464)
Processing edges for vertex: 1000000, range(173203321, 173203442)
Processing edges for vertex: 1100000, range(176935100, 176935110)
Processing edges for vertex: 1200000, range(179876260, 179876270)
Processing edges for vertex: 1300000, range(182240081, 182240092)
Processing edges for vertex: 1400000, range(184224513, 184224521)
Processing edges for vertex: 1500000, range(185795161, 185795170)
Processing edges for vertex: 1600000, range(187104124, 187104130)
Processing edges for vertex: 1700000, range(188148455, 188148461)
Processing edges for vertex: 1800000, range(188997836, 188997842)
Processing edges for vertex: 1900000, range(189691532, 189691535)
Processing edges for vertex: 2000000, range(190254658, 190254660)
Processing edges for vertex: 2100000, range(190705814, 190705822)
Processing edges for vertex: 2200000, range(191052755, 191052764)
Processing edges for vertex: 2300000, range(191302662, 191302663)
Graph populate time: 7.56368
Total I/O time: 9.14796

Regional(EnergyStat) - Time 9.152089 Total energy consumed 505.872630 Ave. Power Level 55.274008 
Running on: 7 threads
Loaded graph from file: pnnl.bin
Memory used: 2949.12
Maximum degree for the graph: 5520
Iteration: 0, conflicts: 8
Iteration: 1, conflicts: 1
Iteration: 2, conflicts: 0
Total number of colors used: 1179
Total number of conflicts overall: 0
Number of rounds: 3
SUCCESS: No conflicts found
Coloring time: 0.981567
Memory used: 2949.12
Number of reordered colors: 980
End position for large colors: 0, node count: 550428, largest: 550428
Node count cutoff: 472334
e_xx: 1.16021e+08, a2_x: 7.14345e+11, currMod: 0.606143
e_xx: 1.60617e+08, a2_x: 5.92472e+11, currMod: 0.839142
e_xx: 1.67485e+08, a2_x: 5.32347e+11, currMod: 0.875026
e_xx: 1.70046e+08, a2_x: 4.7644e+11, currMod: 0.888406
e_xx: 1.71218e+08, a2_x: 4.50017e+11, currMod: 0.894532
currMod: 0.888406, prevMod: -1
Louvain time: 11.5311
numClusters: 204406, time: 0.090592
Next phase: 2
Memory used: 2949.12
End Structure 1317141 204406 vs 2836773
Build next level time: 4.15231
Iteration time: 15.7775
Memory used: 2949.12
e_xx: 1.64409e+08, a2_x: 4.48508e+11, currMod: 0.890671
e_xx: 1.77284e+08, a2_x: 3.54023e+11, currMod: 0.960424
e_xx: 1.78262e+08, a2_x: 2.72489e+11, currMod: 0.965726
e_xx: 1.79144e+08, a2_x: 2.74132e+11, currMod: 0.970502
e_xx: 1.78709e+08, a2_x: 2.61395e+11, currMod: 0.968144
currMod: 0.970502, prevMod: 0.888406
Louvain time: 1.34119
numClusters: 61778, time: 0.015769
Next phase: 3
Memory used: 2949.12
End Structure 694548 61778 vs 1450850
Build next level time: 0.214664
Iteration time: 1.57244
Memory used: 2949.12
e_xx: 1.79144e+08, a2_x: 2.73477e+11, currMod: 0.970488
e_xx: 1.80733e+08, a2_x: 5.60094e+10, currMod: 0.979104
e_xx: 1.80976e+08, a2_x: 6.71503e+10, currMod: 0.980419
e_xx: 1.81053e+08, a2_x: 5.93916e+10, currMod: 0.980838
e_xx: 1.81077e+08, a2_x: 6.91768e+10, currMod: 0.980968
e_xx: 1.81094e+08, a2_x: 6.17989e+10, currMod: 0.981059
e_xx: 1.81093e+08, a2_x: 7.96299e+10, currMod: 0.981055
currMod: 0.981059, prevMod: 0.970502
Louvain time: 0.932721
numClusters: 25497, time: 0.00458
Next phase: 4
Memory used: 2949.12
End Structure 184893 25497 vs 395280
Build next level time: 0.08432
Iteration time: 1.02213
Memory used: 2949.12
e_xx: 1.81094e+08, a2_x: 6.06107e+10, currMod: 0.981043
e_xx: 1.81343e+08, a2_x: 2.0211e+10, currMod: 0.982394
e_xx: 1.81319e+08, a2_x: 2.48062e+10, currMod: 0.982264
currMod: 0.982394, prevMod: 0.981059
Louvain time: 0.154144
numClusters: 22694, time: 0.002849
Next phase: 5
Memory used: 2949.12
End Structure 108445 22694 vs 239584
Build next level time: 0.0316
Iteration time: 0.18908
Memory used: 2949.12
e_xx: 1.81343e+08, a2_x: 1.83402e+10, currMod: 0.982393
e_xx: 1.81376e+08, a2_x: 2.17992e+10, currMod: 0.98257
e_xx: 1.81379e+08, a2_x: 7.93863e+09, currMod: 0.982588
e_xx: 1.8138e+08, a2_x: 4.14811e+10, currMod: 0.982592
e_xx: 1.81383e+08, a2_x: 2.25463e+10, currMod: 0.982605
e_xx: 1.81384e+08, a2_x: 4.05248e+10, currMod: 0.982612
e_xx: 1.81383e+08, a2_x: 2.3485e+10, currMod: 0.982611
currMod: 0.982612, prevMod: 0.982394
Louvain time: 0.21037
numClusters: 21928, time: 0.0026
Next phase: 6
Memory used: 2949.12
End Structure 51853 21928 vs 125634
Build next level time: 0.019807
Iteration time: 0.23327
Memory used: 2949.12
e_xx: 1.81384e+08, a2_x: 4.12633e+10, currMod: 0.982612
e_xx: 1.81384e+08, a2_x: 4.95104e+10, currMod: 0.982615
e_xx: 1.81386e+08, a2_x: 5.14457e+10, currMod: 0.982622
e_xx: 1.81385e+08, a2_x: 5.22781e+10, currMod: 0.982619
currMod: 0.982622, prevMod: 0.982612
Louvain time: 0.065157
numClusters: 21870, time: 0.002513
Next phase: 7
Memory used: 2949.12
End Structure 45252 21870 vs 112374
Build next level time: 0.015063
Iteration time: 0.083219
Memory used: 2949.12
e_xx: 1.81386e+08, a2_x: 5.41512e+10, currMod: 0.982622
e_xx: 1.81386e+08, a2_x: 5.63466e+10, currMod: 0.982623
e_xx: 1.81386e+08, a2_x: 5.17108e+10, currMod: 0.982622
currMod: 0.982623, prevMod: 0.982622
Louvain time: 0.042825
numClusters: 21866, time: 0.002503
Next phase: 8
Memory used: 2949.12
End Structure 44634 21866 vs 111134
Build next level time: 0.012118
Iteration time: 0.057937
Memory used: 2949.12
e_xx: 1.81386e+08, a2_x: 5.60817e+10, currMod: 0.982623
e_xx: 1.81386e+08, a2_x: 5.60817e+10, currMod: 0.982623
currMod: 0.982623, prevMod: 0.982623
Louvain time: 0.028184
numClusters: 21866, time: 0.002484
Maximum degree for the graph: 366
Iteration: 0, conflicts: 0
Total number of colors used: 158
Total number of conflicts overall: 0
Number of rounds: 1
SUCCESS: No conflicts found
Number of reordered colors: 158
End position for large colors: 0, node count: 21540, largest: 21540
Node count cutoff: 4374
e_xx: 1.81386e+08, a2_x: 5.60817e+10, currMod: 0.982623
End Structure 44634 21866 vs 111134
currMod: 0.982623, prevMod: 0.982623
numClusters: 21866
Total iteration time: 18.9356

Loop 0 <line-37> - Time 0.000574 Total energy consumed 0.000000 Ave. Power Level 0.000000
	-------- Loop 0 (sock 1 consumed 0.000000, avg temp 48.000000, final temp 48 ) ------
	-------- Loop 0 (sock 2 consumed 0.000000, avg temp 40.500000, final temp 41 ) ------
Loop 1 <line-54> - Time 0.000405 Total energy consumed 0.000000 Ave. Power Level 0.000000
	-------- Loop 1 (sock 1 consumed 0.000000, avg temp 47.500000, final temp 48 ) ------
	-------- Loop 1 (sock 2 consumed 0.000000, avg temp 40.500000, final temp 41 ) ------
Loop 2 <line-76> - Time 0.000610 Total energy consumed 0.000000 Ave. Power Level 0.000000
	-------- Loop 2 (sock 1 consumed 0.000000, avg temp 47.500000, final temp 48 ) ------
	-------- Loop 2 (sock 2 consumed 0.000000, avg temp 40.500000, final temp 41 ) ------
Loop 3 <line-170> - Time 0.647760 Total energy consumed 42.411720 Ave. Power Level 65.474397
	-------- Loop 3 (sock 1 consumed 16.909215, avg temp 47.750000, final temp 47 ) ------
	-------- Loop 3 (sock 2 consumed 25.502505, avg temp 40.250000, final temp 41 ) ------
Loop 4 <line-192> - Time 0.000142 Total energy consumed 0.000000 Ave. Power Level 0.000000
	-------- Loop 4 (sock 1 consumed 0.000000, avg temp 47.500000, final temp 47 ) ------
	-------- Loop 4 (sock 2 consumed 0.000000, avg temp 40.500000, final temp 41 ) ------
Loop 5 <line-222> - Time 0.249539 Total energy consumed 16.394655 Ave. Power Level 65.699854
	-------- Loop 5 (sock 1 consumed 7.199370, avg temp 47.500000, final temp 47 ) ------
	-------- Loop 5 (sock 2 consumed 9.195285, avg temp 40.000000, final temp 41 ) ------
Loop 6 <line-116> - Time 0.003601 Total energy consumed 0.307395 Ave. Power Level 85.365542
	-------- Loop 6 (sock 1 consumed 0.133245, avg temp 48.000000, final temp 48 ) ------
	-------- Loop 6 (sock 2 consumed 0.174150, avg temp 40.000000, final temp 40 ) ------
Loop 7 <line-334> - Time 0.504138 Total energy consumed 30.831630 Ave. Power Level 61.157152
	-------- Loop 7 (sock 1 consumed 12.384855, avg temp 47.888889, final temp 47 ) ------
	-------- Loop 7 (sock 2 consumed 18.446775, avg temp 40.111111, final temp 41 ) ------
Loop 8 <line-353> - Time 0.000507 Total energy consumed 0.000000 Ave. Power Level 0.000000
	-------- Loop 8 (sock 1 consumed 0.000000, avg temp 47.888889, final temp 47 ) ------
	-------- Loop 8 (sock 2 consumed 0.000000, avg temp 40.111111, final temp 41 ) ------
Loop 9 <line-375> - Time 0.000720 Total energy consumed 0.043290 Ave. Power Level 60.125334
	-------- Loop 9 (sock 1 consumed 0.000000, avg temp 48.000000, final temp 48 ) ------
	-------- Loop 9 (sock 2 consumed 0.043290, avg temp 40.111111, final temp 41 ) ------
Loop 10 <line-85> - Time 0.098137 Total energy consumed 8.719815 Ave. Power Level 88.853768
	-------- Loop 10 (sock 1 consumed 4.038255, avg temp 48.250000, final temp 48 ) ------
	-------- Loop 10 (sock 2 consumed 4.681560, avg temp 40.500000, final temp 41 ) ------
Loop 11 <line-131> - Time 0.004339 Total energy consumed 0.462495 Ave. Power Level 106.578831
	-------- Loop 11 (sock 1 consumed 0.213975, avg temp 47.500000, final temp 48 ) ------
	-------- Loop 11 (sock 2 consumed 0.248520, avg temp 40.500000, final temp 41 ) ------
Loop 12 <line-167> - Time 0.146565 Total energy consumed 13.058655 Ave. Power Level 89.097937
	-------- Loop 12 (sock 1 consumed 6.022725, avg temp 48.500000, final temp 48 ) ------
	-------- Loop 12 (sock 2 consumed 7.035930, avg temp 40.500000, final temp 41 ) ------
Loop 13 <line-213> - Time 7.385978 Total energy consumed 678.246570 Ave. Power Level 91.828945
	-------- Loop 13 (sock 1 consumed 330.017985, avg temp 51.833333, final temp 48 ) ------
	-------- Loop 13 (sock 2 consumed 348.228585, avg temp 41.166667, final temp 40 ) ------
Loop 14 <line-99> - Time 4.165262 Total energy consumed 261.180150 Ave. Power Level 62.704372
	-------- Loop 14 (sock 1 consumed 124.642905, avg temp 47.875000, final temp 48 ) ------
	-------- Loop 14 (sock 2 consumed 136.537245, avg temp 40.125000, final temp 41 ) ------
Loop 15 <line-160> - Time 0.124850 Total energy consumed 8.411010 Ave. Power Level 67.368968
	-------- Loop 15 (sock 1 consumed 4.646895, avg temp 48.125000, final temp 48 ) ------
	-------- Loop 15 (sock 2 consumed 3.764115, avg temp 40.000000, final temp 40 ) ------
Loop 16 <line-269> - Time 2.753433 Total energy consumed 165.634050 Ave. Power Level 60.155474
	-------- Loop 16 (sock 1 consumed 81.173895, avg temp 47.806452, final temp 47 ) ------
	-------- Loop 16 (sock 2 consumed 84.460155, avg temp 40.064516, final temp 40 ) ------
Loop 17 <line-300> - Time 0.001649 Total energy consumed 0.111030 Ave. Power Level 67.341191
	-------- Loop 17 (sock 1 consumed 0.064740, avg temp 47.875000, final temp 48 ) ------
	-------- Loop 17 (sock 2 consumed 0.046290, avg temp 40.083333, final temp 40 ) ------
Loop 18 <line-148> - Time 0.000456 Total energy consumed 0.074970 Ave. Power Level 164.291522
	-------- Loop 18 (sock 1 consumed 0.033930, avg temp 48.000000, final temp 48 ) ------
	-------- Loop 18 (sock 2 consumed 0.041040, avg temp 41.000000, final temp 41 ) ------
Application(EnergyStat) - Time 29.126258 Total energy consumed 1966.947765 Ave. Power Level 67.531770 Final Temperature socket 1 : 48  socket 2 : 41 
	 ParallelApplication(EnergyStat) - Time 16.088666 Total energy consumed 1225.887435 Ave. Power Level 76.195719
Memory used: 1.32031
Loading 32-bit binary file: pnnl.bin, numvertices: 2361670, numEdges: 191402826
File read time: 1.58204
Before allocating graph
Allocated graph: 0x15fe570
Processing edges for vertex: 0, range(0, 166)
Processing edges for vertex: 100000, range(58444108, 58444133)
Processing edges for vertex: 200000, range(84376057, 84376362)
Processing edges for vertex: 300000, range(106069163, 106069503)
Processing edges for vertex: 400000, range(122097114, 122097513)
Processing edges for vertex: 500000, range(135096418, 135096483)
Processing edges for vertex: 600000, range(146097008, 146097061)
Processing edges for vertex: 700000, range(155415410, 155415531)
Processing edges for vertex: 800000, range(162595900, 162595989)
Processing edges for vertex: 900000, range(168508374, 168508464)
Processing edges for vertex: 1000000, range(173203321, 173203442)
Processing edges for vertex: 1100000, range(176935100, 176935110)
Processing edges for vertex: 1200000, range(179876260, 179876270)
Processing edges for vertex: 1300000, range(182240081, 182240092)
Processing edges for vertex: 1400000, range(184224513, 184224521)
Processing edges for vertex: 1500000, range(185795161, 185795170)
Processing edges for vertex: 1600000, range(187104124, 187104130)
Processing edges for vertex: 1700000, range(188148455, 188148461)
Processing edges for vertex: 1800000, range(188997836, 188997842)
Processing edges for vertex: 1900000, range(189691532, 189691535)
Processing edges for vertex: 2000000, range(190254658, 190254660)
Processing edges for vertex: 2100000, range(190705814, 190705822)
Processing edges for vertex: 2200000, range(191052755, 191052764)
Processing edges for vertex: 2300000, range(191302662, 191302663)
Graph populate time: 7.37338
Total I/O time: 8.95547

Regional(EnergyStat) - Time 8.958844 Total energy consumed 504.985710 Ave. Power Level 56.367286 
Running on: 7 threads
Loaded graph from file: pnnl.bin
Memory used: 2949.12
Maximum degree for the graph: 5520
Iteration: 0, conflicts: 17
Iteration: 1, conflicts: 2
Iteration: 2, conflicts: 0
Total number of colors used: 1179
Total number of conflicts overall: 0
Number of rounds: 3
SUCCESS: No conflicts found
Coloring time: 0.913175
Memory used: 2949.12
Number of reordered colors: 1016
End position for large colors: 0, node count: 550245, largest: 550245
Node count cutoff: 472334
e_xx: 1.20347e+08, a2_x: 6.66971e+11, currMod: 0.628745
e_xx: 1.64574e+08, a2_x: 5.78997e+11, currMod: 0.859817
e_xx: 1.71806e+08, a2_x: 5.84282e+11, currMod: 0.897601
e_xx: 1.74839e+08, a2_x: 5.39657e+11, currMod: 0.913446
e_xx: 1.76533e+08, a2_x: 5.09927e+11, currMod: 0.922295
currMod: 0.913446, prevMod: -1
Louvain time: 11.3865
numClusters: 203745, time: 0.090357
Next phase: 2
Memory used: 2949.12
End Structure 1293744 203745 vs 2789322
Build next level time: 5.32093
Iteration time: 16.8023
Memory used: 2949.12
e_xx: 1.5558e+08, a2_x: 5.09949e+11, currMod: 0.912781
e_xx: 1.63709e+08, a2_x: 3.39682e+11, currMod: 0.960484
e_xx: 1.65317e+08, a2_x: 2.85615e+11, currMod: 0.96992
e_xx: 1.65688e+08, a2_x: 3.28077e+11, currMod: 0.972095
e_xx: 1.65757e+08, a2_x: 2.96065e+11, currMod: 0.972503
e_xx: 1.65879e+08, a2_x: 2.83933e+11, currMod: 0.973213
e_xx: 1.65852e+08, a2_x: 3.02623e+11, currMod: 0.973058
currMod: 0.973213, prevMod: 0.913446
Louvain time: 1.73255
numClusters: 53764, time: 0.013729
Next phase: 3
Memory used: 2949.12
End Structure 537874 53764 vs 1129493
Build next level time: 0.188213
Iteration time: 1.93521
Memory used: 2949.12
e_xx: 1.65878e+08, a2_x: 2.83369e+11, currMod: 0.973186
e_xx: 1.66873e+08, a2_x: 7.00285e+10, currMod: 0.979027
e_xx: 1.66883e+08, a2_x: 6.52999e+10, currMod: 0.979089
e_xx: 1.67011e+08, a2_x: 4.7841e+10, currMod: 0.979837
e_xx: 1.6691e+08, a2_x: 4.6683e+10, currMod: 0.979246
currMod: 0.979837, prevMod: 0.973213
Louvain time: 0.577207
numClusters: 25728, time: 0.004557
Next phase: 4
Memory used: 2949.12
End Structure 181648 25728 vs 389023
Build next level time: 0.066982
Iteration time: 0.649237
Memory used: 2949.12
e_xx: 1.67011e+08, a2_x: 4.82952e+10, currMod: 0.979824
e_xx: 1.67192e+08, a2_x: 4.20515e+10, currMod: 0.980891
e_xx: 1.67197e+08, a2_x: 2.58565e+10, currMod: 0.980917
e_xx: 1.67197e+08, a2_x: 1.65108e+10, currMod: 0.980922
e_xx: 1.67197e+08, a2_x: 1.64312e+10, currMod: 0.980922
currMod: 0.980922, prevMod: 0.979837
Louvain time: 0.2439
numClusters: 22196, time: 0.002875
Next phase: 5
Memory used: 2949.12
End Structure 93553 22196 vs 209302
Build next level time: 0.031889
Iteration time: 0.279116
Memory used: 2949.12
e_xx: 1.67197e+08, a2_x: 1.58743e+10, currMod: 0.980919
e_xx: 1.67203e+08, a2_x: 2.83159e+10, currMod: 0.980952
e_xx: 1.67221e+08, a2_x: 1.18537e+10, currMod: 0.981055
e_xx: 1.67215e+08, a2_x: 1.50892e+10, currMod: 0.981024
currMod: 0.981055, prevMod: 0.980922
Louvain time: 0.109757
numClusters: 21963, time: 0.002537
Next phase: 6
Memory used: 2949.12
End Structure 66537 21963 vs 155037
Build next level time: 0.01829
Iteration time: 0.131032
Memory used: 2949.12
e_xx: 1.67221e+08, a2_x: 1.21572e+10, currMod: 0.981055
e_xx: 1.67221e+08, a2_x: 1.40288e+10, currMod: 0.981057
e_xx: 1.67221e+08, a2_x: 1.70444e+10, currMod: 0.981057
currMod: 0.981057, prevMod: 0.981055
Louvain time: 0.060402
numClusters: 21948, time: 0.002522
Next phase: 7
Memory used: 2949.12
End Structure 65279 21948 vs 152506
Build next level time: 0.016708
Iteration time: 0.080083
Memory used: 2949.12
e_xx: 1.67221e+08, a2_x: 1.37252e+10, currMod: 0.981057
e_xx: 1.67221e+08, a2_x: 1.37252e+10, currMod: 0.981057
currMod: 0.981057, prevMod: 0.981057
Louvain time: 0.040165
numClusters: 21948, time: 0.002536
Maximum degree for the graph: 441
Iteration: 0, conflicts: 0
Total number of colors used: 163
Total number of conflicts overall: 0
Number of rounds: 1
SUCCESS: No conflicts found
Number of reordered colors: 161
End position for large colors: 0, node count: 21544, largest: 21544
Node count cutoff: 4390
e_xx: 1.67221e+08, a2_x: 1.37252e+10, currMod: 0.981057
End Structure 65279 21948 vs 152506
currMod: 0.981057, prevMod: 0.981057
numClusters: 21948
Total iteration time: 19.877

Loop 0 <line-37> - Time 0.000580 Total energy consumed 0.000000 Ave. Power Level 0.000000
	-------- Loop 0 (sock 1 consumed 0.000000, avg temp 49.000000, final temp 49 ) ------
	-------- Loop 0 (sock 2 consumed 0.000000, avg temp 39.000000, final temp 40 ) ------
Loop 1 <line-54> - Time 0.000381 Total energy consumed 0.023490 Ave. Power Level 61.623298
	-------- Loop 1 (sock 1 consumed 0.000000, avg temp 49.000000, final temp 49 ) ------
	-------- Loop 1 (sock 2 consumed 0.023490, avg temp 39.500000, final temp 40 ) ------
Loop 2 <line-76> - Time 0.000614 Total energy consumed 0.000000 Ave. Power Level 0.000000
	-------- Loop 2 (sock 1 consumed 0.000000, avg temp 49.000000, final temp 49 ) ------
	-------- Loop 2 (sock 2 consumed 0.000000, avg temp 39.500000, final temp 40 ) ------
Loop 3 <line-170> - Time 0.601286 Total energy consumed 39.889320 Ave. Power Level 66.339997
	-------- Loop 3 (sock 1 consumed 22.517580, avg temp 49.250000, final temp 49 ) ------
	-------- Loop 3 (sock 2 consumed 17.371740, avg temp 39.500000, final temp 40 ) ------
Loop 4 <line-192> - Time 0.000180 Total energy consumed 0.000000 Ave. Power Level 0.000000
	-------- Loop 4 (sock 1 consumed 0.000000, avg temp 49.000000, final temp 49 ) ------
	-------- Loop 4 (sock 2 consumed 0.000000, avg temp 39.500000, final temp 40 ) ------
Loop 5 <line-222> - Time 0.227488 Total energy consumed 15.197100 Ave. Power Level 66.804008
	-------- Loop 5 (sock 1 consumed 8.080065, avg temp 49.000000, final temp 49 ) ------
	-------- Loop 5 (sock 2 consumed 7.117035, avg temp 40.000000, final temp 40 ) ------
Loop 6 <line-116> - Time 0.002992 Total energy consumed 0.000000 Ave. Power Level 0.000000
	-------- Loop 6 (sock 1 consumed 0.000000, avg temp 48.428571, final temp 49 ) ------
	-------- Loop 6 (sock 2 consumed 0.000000, avg temp 40.285714, final temp 40 ) ------
Loop 7 <line-334> - Time 0.503906 Total energy consumed 30.237915 Ave. Power Level 60.007009
	-------- Loop 7 (sock 1 consumed 11.838600, avg temp 48.500000, final temp 49 ) ------
	-------- Loop 7 (sock 2 consumed 18.399315, avg temp 40.250000, final temp 40 ) ------
Loop 8 <line-353> - Time 0.000450 Total energy consumed 0.000000 Ave. Power Level 0.000000
	-------- Loop 8 (sock 1 consumed 0.000000, avg temp 48.500000, final temp 49 ) ------
	-------- Loop 8 (sock 2 consumed 0.000000, avg temp 40.250000, final temp 40 ) ------
Loop 9 <line-375> - Time 0.000661 Total energy consumed 0.097425 Ave. Power Level 147.395892
	-------- Loop 9 (sock 1 consumed 0.042675, avg temp 48.500000, final temp 49 ) ------
	-------- Loop 9 (sock 2 consumed 0.054750, avg temp 40.250000, final temp 40 ) ------
Loop 10 <line-85> - Time 0.091679 Total energy consumed 8.035950 Ave. Power Level 87.652701
	-------- Loop 10 (sock 1 consumed 3.698745, avg temp 48.750000, final temp 49 ) ------
	-------- Loop 10 (sock 2 consumed 4.337205, avg temp 40.000000, final temp 40 ) ------
Loop 11 <line-131> - Time 0.004434 Total energy consumed 0.389310 Ave. Power Level 87.810014
	-------- Loop 11 (sock 1 consumed 0.189615, avg temp 48.500000, final temp 49 ) ------
	-------- Loop 11 (sock 2 consumed 0.199695, avg temp 40.000000, final temp 40 ) ------
Loop 12 <line-167> - Time 0.142348 Total energy consumed 12.712380 Ave. Power Level 89.305014
	-------- Loop 12 (sock 1 consumed 5.925165, avg temp 49.000000, final temp 49 ) ------
	-------- Loop 12 (sock 2 consumed 6.787215, avg temp 40.000000, final temp 40 ) ------
Loop 13 <line-213> - Time 7.240097 Total energy consumed 661.120230 Ave. Power Level 91.313722
	-------- Loop 13 (sock 1 consumed 325.481340, avg temp 51.833333, final temp 49 ) ------
	-------- Loop 13 (sock 2 consumed 335.638890, avg temp 41.000000, final temp 40 ) ------
Loop 14 <line-99> - Time 5.320965 Total energy consumed 343.155825 Ave. Power Level 64.491273
	-------- Loop 14 (sock 1 consumed 154.754880, avg temp 48.428571, final temp 49 ) ------
	-------- Loop 14 (sock 2 consumed 188.400945, avg temp 40.571429, final temp 41 ) ------
Loop 15 <line-160> - Time 0.110005 Total energy consumed 7.654860 Ave. Power Level 69.586428
	-------- Loop 15 (sock 1 consumed 3.542910, avg temp 48.428571, final temp 49 ) ------
	-------- Loop 15 (sock 2 consumed 4.111950, avg temp 40.428571, final temp 41 ) ------
Loop 16 <line-269> - Time 2.743978 Total energy consumed 163.587255 Ave. Power Level 59.616817
	-------- Loop 16 (sock 1 consumed 79.204365, avg temp 48.692308, final temp 48 ) ------
	-------- Loop 16 (sock 2 consumed 84.382890, avg temp 40.346154, final temp 39 ) ------
Loop 17 <line-300> - Time 0.001970 Total energy consumed 0.202200 Ave. Power Level 102.629539
	-------- Loop 17 (sock 1 consumed 0.117600, avg temp 48.700000, final temp 49 ) ------
	-------- Loop 17 (sock 2 consumed 0.084600, avg temp 40.400000, final temp 41 ) ------
Loop 18 <line-148> - Time 0.000411 Total energy consumed 0.082275 Ave. Power Level 200.314075
	-------- Loop 18 (sock 1 consumed 0.044310, avg temp 49.000000, final temp 49 ) ------
	-------- Loop 18 (sock 2 consumed 0.037965, avg temp 40.000000, final temp 40 ) ------
Application(EnergyStat) - Time 29.824466 Total energy consumed 2023.260960 Ave. Power Level 67.838968 Final Temperature socket 1 : 49  socket 2 : 41 
	 ParallelApplication(EnergyStat) - Time 16.994427 Total energy consumed 1282.385535 Ave. Power Level 75.459179
Memory used: 1.32031
Loading 32-bit binary file: pnnl.bin, numvertices: 2361670, numEdges: 191402826
File read time: 1.6012
Before allocating graph
Allocated graph: 0xaf5570
Processing edges for vertex: 0, range(0, 166)
Processing edges for vertex: 100000, range(58444108, 58444133)
Processing edges for vertex: 200000, range(84376057, 84376362)
Processing edges for vertex: 300000, range(106069163, 106069503)
Processing edges for vertex: 400000, range(122097114, 122097513)
Processing edges for vertex: 500000, range(135096418, 135096483)
Processing edges for vertex: 600000, range(146097008, 146097061)
Processing edges for vertex: 700000, range(155415410, 155415531)
Processing edges for vertex: 800000, range(162595900, 162595989)
Processing edges for vertex: 900000, range(168508374, 168508464)
Processing edges for vertex: 1000000, range(173203321, 173203442)
Processing edges for vertex: 1100000, range(176935100, 176935110)
Processing edges for vertex: 1200000, range(179876260, 179876270)
Processing edges for vertex: 1300000, range(182240081, 182240092)
Processing edges for vertex: 1400000, range(184224513, 184224521)
Processing edges for vertex: 1500000, range(185795161, 185795170)
Processing edges for vertex: 1600000, range(187104124, 187104130)
Processing edges for vertex: 1700000, range(188148455, 188148461)
Processing edges for vertex: 1800000, range(188997836, 188997842)
Processing edges for vertex: 1900000, range(189691532, 189691535)
Processing edges for vertex: 2000000, range(190254658, 190254660)
Processing edges for vertex: 2100000, range(190705814, 190705822)
Processing edges for vertex: 2200000, range(191052755, 191052764)
Processing edges for vertex: 2300000, range(191302662, 191302663)
Graph populate time: 7.65517
Total I/O time: 9.25641

Regional(EnergyStat) - Time 9.260372 Total energy consumed 525.765855 Ave. Power Level 56.775889 
Running on: 7 threads
Loaded graph from file: pnnl.bin
Memory used: 2949.12
Maximum degree for the graph: 5520
Iteration: 0, conflicts: 2
Iteration: 1, conflicts: 0
Total number of colors used: 1181
Total number of conflicts overall: 0
Number of rounds: 2
SUCCESS: No conflicts found
Coloring time: 0.941601
Memory used: 2949.12
Number of reordered colors: 987
End position for large colors: 0, node count: 550302, largest: 550302
Node count cutoff: 472334
e_xx: 1.21515e+08, a2_x: 6.3348e+11, currMod: 0.63485
e_xx: 1.63717e+08, a2_x: 5.48794e+11, currMod: 0.85534
e_xx: 1.69625e+08, a2_x: 5.12875e+11, currMod: 0.886205
e_xx: 1.71862e+08, a2_x: 4.7137e+11, currMod: 0.897892
e_xx: 1.72926e+08, a2_x: 5.21966e+11, currMod: 0.90345
currMod: 0.897892, prevMod: -1
Louvain time: 11.4002
numClusters: 203536, time: 0.101196
Next phase: 2
Memory used: 2949.12
End Structure 1291792 203536 vs 2785326
Build next level time: 3.9604
Iteration time: 15.4653
Memory used: 2949.12
e_xx: 1.68387e+08, a2_x: 5.21364e+11, currMod: 0.901132
e_xx: 1.80225e+08, a2_x: 3.29052e+11, currMod: 0.964491
e_xx: 1.8175e+08, a2_x: 2.56106e+11, currMod: 0.972656
e_xx: 1.82155e+08, a2_x: 2.4194e+11, currMod: 0.974825
e_xx: 1.82287e+08, a2_x: 2.5364e+11, currMod: 0.975528
e_xx: 1.82442e+08, a2_x: 2.72924e+11, currMod: 0.97636
e_xx: 1.82473e+08, a2_x: 2.75159e+11, currMod: 0.976523
e_xx: 1.82557e+08, a2_x: 2.89418e+11, currMod: 0.976975
e_xx: 1.82539e+08, a2_x: 2.66604e+11, currMod: 0.976879
currMod: 0.976975, prevMod: 0.897892
Louvain time: 2.13066
numClusters: 47277, time: 0.01393
Next phase: 3
Memory used: 2949.12
End Structure 414314 47277 vs 875897
Build next level time: 0.189589
Iteration time: 2.33505
Memory used: 2949.12
e_xx: 1.82557e+08, a2_x: 2.92005e+11, currMod: 0.976962
e_xx: 1.83398e+08, a2_x: 1.29254e+11, currMod: 0.98147
e_xx: 1.83525e+08, a2_x: 9.76361e+10, currMod: 0.982151
e_xx: 1.83553e+08, a2_x: 5.03362e+10, currMod: 0.982302
e_xx: 1.83552e+08, a2_x: 6.73641e+10, currMod: 0.982296
currMod: 0.982302, prevMod: 0.976975
Louvain time: 0.477787
numClusters: 24562, time: 0.004201
Next phase: 4
Memory used: 2949.12
End Structure 153718 24562 vs 331998
Build next level time: 0.066305
Iteration time: 0.548809
Memory used: 2949.12
e_xx: 1.83553e+08, a2_x: 4.92168e+10, currMod: 0.982286
e_xx: 1.8364e+08, a2_x: -1.60287e+10, currMod: 0.982755
e_xx: 1.83649e+08, a2_x: 1.87503e+10, currMod: 0.982803
e_xx: 1.8365e+08, a2_x: 1.21683e+10, currMod: 0.982807
e_xx: 1.8365e+08, a2_x: 1.11377e+10, currMod: 0.982808
e_xx: 1.83651e+08, a2_x: 9.71072e+09, currMod: 0.982811
e_xx: 1.83651e+08, a2_x: 1.29712e+10, currMod: 0.982811
currMod: 0.982811, prevMod: 0.982302
Louvain time: 0.300206
numClusters: 22152, time: 0.002779
Next phase: 5
Memory used: 2949.12
End Structure 83953 22152 vs 190058
Build next level time: 0.029671
Iteration time: 0.333142
Memory used: 2949.12
e_xx: 1.83651e+08, a2_x: 8.51408e+09, currMod: 0.982809
e_xx: 1.83654e+08, a2_x: 1.06816e+10, currMod: 0.982828
e_xx: 1.83655e+08, a2_x: 1.15719e+10, currMod: 0.982829
e_xx: 1.83655e+08, a2_x: 2.37012e+10, currMod: 0.982831
e_xx: 1.83655e+08, a2_x: 1.0956e+10, currMod: 0.98283
currMod: 0.982831, prevMod: 0.982811
Louvain time: 0.125412
numClusters: 21998, time: 0.002535
Next phase: 6
Memory used: 2949.12
End Structure 70254 21998 vs 162506
Build next level time: 0.021562
Iteration time: 0.149995
Memory used: 2949.12
e_xx: 1.83655e+08, a2_x: 2.68144e+10, currMod: 0.982831
e_xx: 1.83655e+08, a2_x: 2.47695e+10, currMod: 0.982831
currMod: 0.982831, prevMod: 0.982831
Louvain time: 0.042736
numClusters: 21998, time: 0.002521
Maximum degree for the graph: 483
Iteration: 0, conflicts: 0
Total number of colors used: 177
Total number of conflicts overall: 0
Number of rounds: 1
SUCCESS: No conflicts found
Number of reordered colors: 175
End position for large colors: 0, node count: 21583, largest: 21583
Node count cutoff: 4400
e_xx: 1.83655e+08, a2_x: 2.47695e+10, currMod: 0.982831
End Structure 70213 21997 vs 162423
currMod: 0.982831, prevMod: 0.982831
numClusters: 21997
Total iteration time: 18.8323

Loop 0 <line-37> - Time 0.000609 Total energy consumed 0.000000 Ave. Power Level 0.000000
	-------- Loop 0 (sock 1 consumed 0.000000, avg temp 48.500000, final temp 48 ) ------
	-------- Loop 0 (sock 2 consumed 0.000000, avg temp 39.500000, final temp 40 ) ------
Loop 1 <line-54> - Time 0.000412 Total energy consumed 0.058155 Ave. Power Level 141.062181
	-------- Loop 1 (sock 1 consumed 0.034830, avg temp 48.500000, final temp 48 ) ------
	-------- Loop 1 (sock 2 consumed 0.023325, avg temp 40.000000, final temp 41 ) ------
Loop 2 <line-76> - Time 0.000605 Total energy consumed 0.000000 Ave. Power Level 0.000000
	-------- Loop 2 (sock 1 consumed 0.000000, avg temp 48.500000, final temp 48 ) ------
	-------- Loop 2 (sock 2 consumed 0.000000, avg temp 40.000000, final temp 41 ) ------
Loop 3 <line-170> - Time 0.594891 Total energy consumed 39.518790 Ave. Power Level 66.430285
	-------- Loop 3 (sock 1 consumed 21.877545, avg temp 49.000000, final temp 49 ) ------
	-------- Loop 3 (sock 2 consumed 17.641245, avg temp 40.333333, final temp 41 ) ------
Loop 4 <line-192> - Time 0.000217 Total energy consumed 0.000000 Ave. Power Level 0.000000
	-------- Loop 4 (sock 1 consumed 0.000000, avg temp 49.000000, final temp 49 ) ------
	-------- Loop 4 (sock 2 consumed 0.000000, avg temp 40.500000, final temp 41 ) ------
Loop 5 <line-222> - Time 0.263430 Total energy consumed 17.080695 Ave. Power Level 64.839519
	-------- Loop 5 (sock 1 consumed 7.219665, avg temp 48.500000, final temp 49 ) ------
	-------- Loop 5 (sock 2 consumed 9.861030, avg temp 41.000000, final temp 41 ) ------
Loop 6 <line-116> - Time 0.002750 Total energy consumed 0.230685 Ave. Power Level 83.887193
	-------- Loop 6 (sock 1 consumed 0.132975, avg temp 48.500000, final temp 48 ) ------
	-------- Loop 6 (sock 2 consumed 0.097710, avg temp 40.500000, final temp 40 ) ------
Loop 7 <line-334> - Time 0.488803 Total energy consumed 29.007345 Ave. Power Level 59.343667
	-------- Loop 7 (sock 1 consumed 16.868190, avg temp 48.571429, final temp 49 ) ------
	-------- Loop 7 (sock 2 consumed 12.139155, avg temp 40.428571, final temp 41 ) ------
Loop 8 <line-353> - Time 0.000448 Total energy consumed 0.000000 Ave. Power Level 0.000000
	-------- Loop 8 (sock 1 consumed 0.000000, avg temp 48.571429, final temp 49 ) ------
	-------- Loop 8 (sock 2 consumed 0.000000, avg temp 40.428571, final temp 41 ) ------
Loop 9 <line-375> - Time 0.000718 Total energy consumed 0.000000 Ave. Power Level 0.000000
	-------- Loop 9 (sock 1 consumed 0.000000, avg temp 48.571429, final temp 49 ) ------
	-------- Loop 9 (sock 2 consumed 0.000000, avg temp 40.428571, final temp 41 ) ------
Loop 10 <line-85> - Time 0.099036 Total energy consumed 8.803125 Ave. Power Level 88.887959
	-------- Loop 10 (sock 1 consumed 4.075155, avg temp 49.000000, final temp 49 ) ------
	-------- Loop 10 (sock 2 consumed 4.727970, avg temp 40.000000, final temp 40 ) ------
Loop 11 <line-131> - Time 0.004362 Total energy consumed 0.413040 Ave. Power Level 94.695828
	-------- Loop 11 (sock 1 consumed 0.214665, avg temp 49.000000, final temp 49 ) ------
	-------- Loop 11 (sock 2 consumed 0.198375, avg temp 40.000000, final temp 40 ) ------
Loop 12 <line-167> - Time 0.143001 Total energy consumed 12.834270 Ave. Power Level 89.749385
	-------- Loop 12 (sock 1 consumed 6.013005, avg temp 48.500000, final temp 48 ) ------
	-------- Loop 12 (sock 2 consumed 6.821265, avg temp 41.000000, final temp 41 ) ------
Loop 13 <line-213> - Time 7.305930 Total energy consumed 678.292185 Ave. Power Level 92.841320
	-------- Loop 13 (sock 1 consumed 317.670060, avg temp 49.666667, final temp 49 ) ------
	-------- Loop 13 (sock 2 consumed 360.622125, avg temp 42.666667, final temp 41 ) ------
Loop 14 <line-99> - Time 3.943906 Total energy consumed 251.693310 Ave. Power Level 63.818290
	-------- Loop 14 (sock 1 consumed 142.774635, avg temp 48.833333, final temp 49 ) ------
	-------- Loop 14 (sock 2 consumed 108.918675, avg temp 40.500000, final temp 41 ) ------
Loop 15 <line-160> - Time 0.108688 Total energy consumed 7.342425 Ave. Power Level 67.554858
	-------- Loop 15 (sock 1 consumed 3.791565, avg temp 49.000000, final temp 49 ) ------
	-------- Loop 15 (sock 2 consumed 3.550860, avg temp 40.833333, final temp 41 ) ------
Loop 16 <line-269> - Time 3.058084 Total energy consumed 184.783485 Ave. Power Level 60.424591
	-------- Loop 16 (sock 1 consumed 84.378585, avg temp 48.142857, final temp 49 ) ------
	-------- Loop 16 (sock 2 consumed 100.404900, avg temp 40.857143, final temp 41 ) ------
Loop 17 <line-300> - Time 0.002302 Total energy consumed 0.077430 Ave. Power Level 33.635574
	-------- Loop 17 (sock 1 consumed 0.054090, avg temp 48.043478, final temp 49 ) ------
	-------- Loop 17 (sock 2 consumed 0.023340, avg temp 40.913043, final temp 41 ) ------
Loop 18 <line-148> - Time 0.000458 Total energy consumed 0.000000 Ave. Power Level 0.000000
	-------- Loop 18 (sock 1 consumed 0.000000, avg temp 48.000000, final temp 48 ) ------
	-------- Loop 18 (sock 2 consumed 0.000000, avg temp 40.000000, final temp 40 ) ------
Application(EnergyStat) - Time 29.115473 Total energy consumed 1992.503880 Ave. Power Level 68.434536 Final Temperature socket 1 : 48  socket 2 : 41 
	 ParallelApplication(EnergyStat) - Time 16.018651 Total energy consumed 1230.134940 Ave. Power Level 76.793914
