Memory used: 1.32031
Loading 32-bit binary file: pnnl.bin, numvertices: 2361670, numEdges: 191402826
File read time: 2.8407
Before allocating graph
Allocated graph: 0x1964570
Processing edges for vertex: 0, range(0, 166)
Processing edges for vertex: 100000, range(58444108, 58444133)
Processing edges for vertex: 200000, range(84376057, 84376362)
Processing edges for vertex: 300000, range(106069163, 106069503)
Processing edges for vertex: 400000, range(122097114, 122097513)
Processing edges for vertex: 500000, range(135096418, 135096483)
Processing edges for vertex: 600000, range(146097008, 146097061)
Processing edges for vertex: 700000, range(155415410, 155415531)
Processing edges for vertex: 800000, range(162595900, 162595989)
Processing edges for vertex: 900000, range(168508374, 168508464)
Processing edges for vertex: 1000000, range(173203321, 173203442)
Processing edges for vertex: 1100000, range(176935100, 176935110)
Processing edges for vertex: 1200000, range(179876260, 179876270)
Processing edges for vertex: 1300000, range(182240081, 182240092)
Processing edges for vertex: 1400000, range(184224513, 184224521)
Processing edges for vertex: 1500000, range(185795161, 185795170)
Processing edges for vertex: 1600000, range(187104124, 187104130)
Processing edges for vertex: 1700000, range(188148455, 188148461)
Processing edges for vertex: 1800000, range(188997836, 188997842)
Processing edges for vertex: 1900000, range(189691532, 189691535)
Processing edges for vertex: 2000000, range(190254658, 190254660)
Processing edges for vertex: 2100000, range(190705814, 190705822)
Processing edges for vertex: 2200000, range(191052755, 191052764)
Processing edges for vertex: 2300000, range(191302662, 191302663)
Graph populate time: 14.9051
Total I/O time: 17.7458

Regional(EnergyStat) - Time 17.751360 Total energy consumed 682.026825 Ave. Power Level 38.421103 
Running on: 4 threads
Loaded graph from file: pnnl.bin
Memory used: 2949.12
Maximum degree for the graph: 5520
Iteration: 0, conflicts: 2
Iteration: 1, conflicts: 0
Total number of colors used: 1185
Total number of conflicts overall: 0
Number of rounds: 2
SUCCESS: No conflicts found
Coloring time: 2.38187
Memory used: 2949.12
Number of reordered colors: 1007
End position for large colors: 0, node count: 551257, largest: 551257
Node count cutoff: 472334
e_xx: 1.27977e+08, a2_x: 6.2603e+11, currMod: 0.668611
e_xx: 1.68733e+08, a2_x: 6.34655e+11, currMod: 0.881542
e_xx: 1.74699e+08, a2_x: 5.48153e+11, currMod: 0.912717
e_xx: 1.77013e+08, a2_x: 5.24547e+11, currMod: 0.924804
e_xx: 1.7809e+08, a2_x: 5.35602e+11, currMod: 0.930429
currMod: 0.924804, prevMod: -1
Louvain time: 36.3027
numClusters: 203462, time: 0.208677
Next phase: 2
Memory used: 2949.12
End Structure 1288484 203462 vs 2778545
Build next level time: 10.359
Iteration time: 46.8775
Memory used: 2949.12
e_xx: 1.55276e+08, a2_x: 5.32494e+11, currMod: 0.921056
e_xx: 1.62071e+08, a2_x: 3.05727e+11, currMod: 0.961372
e_xx: 1.63517e+08, a2_x: 3.24244e+11, currMod: 0.969947
e_xx: 1.6387e+08, a2_x: 2.58637e+11, currMod: 0.972041
e_xx: 1.63934e+08, a2_x: 2.95499e+11, currMod: 0.972421
e_xx: 1.64053e+08, a2_x: 2.50517e+11, currMod: 0.973129
e_xx: 1.64047e+08, a2_x: 2.73102e+11, currMod: 0.973096
currMod: 0.973129, prevMod: 0.924804
Louvain time: 4.1957
numClusters: 52439, time: 0.029253
Next phase: 3
Memory used: 2949.12
End Structure 500051 52439 vs 1052531
Build next level time: 0.407205
Iteration time: 4.63364
Memory used: 2949.12
e_xx: 1.64053e+08, a2_x: 2.49763e+11, currMod: 0.973098
e_xx: 1.64963e+08, a2_x: 8.60882e+10, currMod: 0.978505
e_xx: 1.65106e+08, a2_x: 7.1805e+10, currMod: 0.97935
e_xx: 1.65169e+08, a2_x: 3.614e+10, currMod: 0.979728
e_xx: 1.65152e+08, a2_x: 3.46203e+10, currMod: 0.979626
currMod: 0.979728, prevMod: 0.973129
Louvain time: 1.23281
numClusters: 24896, time: 0.009266
Next phase: 4
Memory used: 2949.12
End Structure 165583 24896 vs 356062
Build next level time: 0.127442
Iteration time: 1.37064
Memory used: 2949.12
e_xx: 1.65169e+08, a2_x: 3.8477e+10, currMod: 0.979715
e_xx: 1.65286e+08, a2_x: 5.13308e+10, currMod: 0.980409
e_xx: 1.65304e+08, a2_x: 5.14406e+10, currMod: 0.980513
e_xx: 1.65306e+08, a2_x: 4.24119e+10, currMod: 0.980526
e_xx: 1.65309e+08, a2_x: 6.0949e+10, currMod: 0.980542
e_xx: 1.65307e+08, a2_x: 5.76166e+10, currMod: 0.98053
currMod: 0.980542, prevMod: 0.979728
Louvain time: 0.594307
numClusters: 22158, time: 0.005851
Next phase: 5
Memory used: 2949.12
End Structure 87093 22158 vs 196344
Build next level time: 0.053309
Iteration time: 0.654576
Memory used: 2949.12
e_xx: 1.65309e+08, a2_x: 6.20803e+10, currMod: 0.98054
e_xx: 1.65312e+08, a2_x: 3.40972e+10, currMod: 0.980561
e_xx: 1.65312e+08, a2_x: 3.83005e+10, currMod: 0.980562
currMod: 0.980561, prevMod: 0.980542
Louvain time: 0.169845
numClusters: 22025, time: 0.00528
Next phase: 6
Memory used: 2949.12
End Structure 79298 22025 vs 180621
Build next level time: 0.040932
Iteration time: 0.217163
Memory used: 2949.12
e_xx: 1.65312e+08, a2_x: 3.38234e+10, currMod: 0.980561
e_xx: 1.65312e+08, a2_x: 3.03954e+10, currMod: 0.980562
e_xx: 1.65312e+08, a2_x: 2.70099e+10, currMod: 0.980562
currMod: 0.980562, prevMod: 0.980561
Louvain time: 0.155055
numClusters: 22010, time: 0.005258
Next phase: 7
Memory used: 2949.12
End Structure 78311 22010 vs 178632
Build next level time: 0.040472
Iteration time: 0.201892
Memory used: 2949.12
e_xx: 1.65312e+08, a2_x: 2.99846e+10, currMod: 0.980562
e_xx: 1.65312e+08, a2_x: 2.99846e+10, currMod: 0.980562
currMod: 0.980562, prevMod: 0.980562
Louvain time: 0.102017
numClusters: 22010, time: 0.005221
Maximum degree for the graph: 499
Iteration: 0, conflicts: 0
Total number of colors used: 178
Total number of conflicts overall: 0
Number of rounds: 1
SUCCESS: No conflicts found
Number of reordered colors: 177
End position for large colors: 0, node count: 21569, largest: 21569
Node count cutoff: 4402
e_xx: 1.65312e+08, a2_x: 2.99846e+10, currMod: 0.980562
End Structure 78311 22010 vs 178632
currMod: 0.980562, prevMod: 0.980562
numClusters: 22010
Total iteration time: 53.9554

Loop 0 <line-37> - Time 0.001263 Total energy consumed 0.059640 Ave. Power Level 47.235750
	-------- Loop 0 (sock 1 consumed 0.017715, avg temp 38.500000, final temp 38 ) ------
	-------- Loop 0 (sock 2 consumed 0.041925, avg temp 34.500000, final temp 35 ) ------
Loop 1 <line-54> - Time 0.000654 Total energy consumed 0.020490 Ave. Power Level 31.320984
	-------- Loop 1 (sock 1 consumed 0.000000, avg temp 39.500000, final temp 39 ) ------
	-------- Loop 1 (sock 2 consumed 0.020490, avg temp 35.000000, final temp 35 ) ------
Loop 2 <line-76> - Time 0.002100 Total energy consumed 0.111450 Ave. Power Level 53.073021
	-------- Loop 2 (sock 1 consumed 0.042945, avg temp 39.000000, final temp 39 ) ------
	-------- Loop 2 (sock 2 consumed 0.068505, avg temp 34.500000, final temp 35 ) ------
Loop 3 <line-170> - Time 1.613523 Total energy consumed 64.203405 Ave. Power Level 39.790821
	-------- Loop 3 (sock 1 consumed 30.878610, avg temp 39.000000, final temp 39 ) ------
	-------- Loop 3 (sock 2 consumed 33.324795, avg temp 34.333333, final temp 35 ) ------
Loop 4 <line-192> - Time 0.000392 Total energy consumed 0.058635 Ave. Power Level 149.704727
	-------- Loop 4 (sock 1 consumed 0.018105, avg temp 38.500000, final temp 39 ) ------
	-------- Loop 4 (sock 2 consumed 0.040530, avg temp 34.500000, final temp 35 ) ------
Loop 5 <line-222> - Time 0.600740 Total energy consumed 23.723355 Ave. Power Level 39.490248
	-------- Loop 5 (sock 1 consumed 11.138160, avg temp 39.000000, final temp 39 ) ------
	-------- Loop 5 (sock 2 consumed 12.585195, avg temp 34.000000, final temp 35 ) ------
Loop 6 <line-116> - Time 0.007340 Total energy consumed 0.251775 Ave. Power Level 34.299561
	-------- Loop 6 (sock 1 consumed 0.132975, avg temp 39.285714, final temp 40 ) ------
	-------- Loop 6 (sock 2 consumed 0.118800, avg temp 34.285714, final temp 34 ) ------
Loop 7 <line-334> - Time 1.296778 Total energy consumed 50.060295 Ave. Power Level 38.603598
	-------- Loop 7 (sock 1 consumed 24.839310, avg temp 39.375000, final temp 39 ) ------
	-------- Loop 7 (sock 2 consumed 25.220985, avg temp 34.250000, final temp 35 ) ------
Loop 8 <line-353> - Time 0.000708 Total energy consumed 0.000000 Ave. Power Level 0.000000
	-------- Loop 8 (sock 1 consumed 0.000000, avg temp 39.375000, final temp 39 ) ------
	-------- Loop 8 (sock 2 consumed 0.000000, avg temp 34.250000, final temp 35 ) ------
Loop 9 <line-375> - Time 0.001641 Total energy consumed 0.068895 Ave. Power Level 41.988408
	-------- Loop 9 (sock 1 consumed 0.024450, avg temp 39.375000, final temp 39 ) ------
	-------- Loop 9 (sock 2 consumed 0.044445, avg temp 34.250000, final temp 35 ) ------
Loop 10 <line-85> - Time 0.211701 Total energy consumed 8.913075 Ave. Power Level 42.102154
	-------- Loop 10 (sock 1 consumed 4.669095, avg temp 39.500000, final temp 39 ) ------
	-------- Loop 10 (sock 2 consumed 4.243980, avg temp 34.500000, final temp 35 ) ------
Loop 11 <line-131> - Time 0.015731 Total energy consumed 0.638145 Ave. Power Level 40.567147
	-------- Loop 11 (sock 1 consumed 0.337290, avg temp 39.500000, final temp 39 ) ------
	-------- Loop 11 (sock 2 consumed 0.300855, avg temp 34.500000, final temp 34 ) ------
Loop 12 <line-167> - Time 0.241659 Total energy consumed 10.145265 Ave. Power Level 41.981726
	-------- Loop 12 (sock 1 consumed 5.344095, avg temp 39.000000, final temp 39 ) ------
	-------- Loop 12 (sock 2 consumed 4.801170, avg temp 34.500000, final temp 35 ) ------
Loop 13 <line-213> - Time 25.611936 Total energy consumed 1091.122875 Ave. Power Level 42.602124
	-------- Loop 13 (sock 1 consumed 546.452850, avg temp 39.500000, final temp 39 ) ------
	-------- Loop 13 (sock 2 consumed 544.670025, avg temp 35.166667, final temp 35 ) ------
Loop 14 <line-99> - Time 10.412434 Total energy consumed 404.669610 Ave. Power Level 38.864075
	-------- Loop 14 (sock 1 consumed 198.991605, avg temp 39.285714, final temp 39 ) ------
	-------- Loop 14 (sock 2 consumed 205.678005, avg temp 34.571429, final temp 35 ) ------
Loop 15 <line-160> - Time 0.228147 Total energy consumed 9.172980 Ave. Power Level 40.206445
	-------- Loop 15 (sock 1 consumed 4.572585, avg temp 38.857143, final temp 38 ) ------
	-------- Loop 15 (sock 2 consumed 4.600395, avg temp 34.428571, final temp 34 ) ------
Loop 16 <line-269> - Time 6.406868 Total energy consumed 248.030490 Ave. Power Level 38.713223
	-------- Loop 16 (sock 1 consumed 123.611940, avg temp 39.038462, final temp 39 ) ------
	-------- Loop 16 (sock 2 consumed 124.418550, avg temp 34.307692, final temp 34 ) ------
Loop 17 <line-300> - Time 0.004346 Total energy consumed 0.136155 Ave. Power Level 31.328743
	-------- Loop 17 (sock 1 consumed 0.061725, avg temp 39.050000, final temp 39 ) ------
	-------- Loop 17 (sock 2 consumed 0.074430, avg temp 34.350000, final temp 35 ) ------
Loop 18 <line-148> - Time 0.001043 Total energy consumed 0.058065 Ave. Power Level 55.667031
	-------- Loop 18 (sock 1 consumed 0.037785, avg temp 38.000000, final temp 38 ) ------
	-------- Loop 18 (sock 2 consumed 0.020280, avg temp 35.000000, final temp 35 ) ------
Application(EnergyStat) - Time 74.281198 Total energy consumed 2974.518180 Ave. Power Level 40.044025 Final Temperature socket 1 : 40  socket 2 : 34 
	 ParallelApplication(EnergyStat) - Time 46.659003 Total energy consumed 1911.444600 Ave. Power Level 40.966255
Memory used: 1.32031
Loading 32-bit binary file: pnnl.bin, numvertices: 2361670, numEdges: 191402826
File read time: 2.92174
Before allocating graph
Allocated graph: 0x17a2570
Processing edges for vertex: 0, range(0, 166)
Processing edges for vertex: 100000, range(58444108, 58444133)
Processing edges for vertex: 200000, range(84376057, 84376362)
Processing edges for vertex: 300000, range(106069163, 106069503)
Processing edges for vertex: 400000, range(122097114, 122097513)
Processing edges for vertex: 500000, range(135096418, 135096483)
Processing edges for vertex: 600000, range(146097008, 146097061)
Processing edges for vertex: 700000, range(155415410, 155415531)
Processing edges for vertex: 800000, range(162595900, 162595989)
Processing edges for vertex: 900000, range(168508374, 168508464)
Processing edges for vertex: 1000000, range(173203321, 173203442)
Processing edges for vertex: 1100000, range(176935100, 176935110)
Processing edges for vertex: 1200000, range(179876260, 179876270)
Processing edges for vertex: 1300000, range(182240081, 182240092)
Processing edges for vertex: 1400000, range(184224513, 184224521)
Processing edges for vertex: 1500000, range(185795161, 185795170)
Processing edges for vertex: 1600000, range(187104124, 187104130)
Processing edges for vertex: 1700000, range(188148455, 188148461)
Processing edges for vertex: 1800000, range(188997836, 188997842)
Processing edges for vertex: 1900000, range(189691532, 189691535)
Processing edges for vertex: 2000000, range(190254658, 190254660)
Processing edges for vertex: 2100000, range(190705814, 190705822)
Processing edges for vertex: 2200000, range(191052755, 191052764)
Processing edges for vertex: 2300000, range(191302662, 191302663)
Graph populate time: 15.0196
Total I/O time: 17.9414

Regional(EnergyStat) - Time 17.947781 Total energy consumed 685.734630 Ave. Power Level 38.207210 
Running on: 4 threads
Loaded graph from file: pnnl.bin
Memory used: 2949.12
Maximum degree for the graph: 5520
Iteration: 0, conflicts: 4
Iteration: 1, conflicts: 0
Total number of colors used: 1182
Total number of conflicts overall: 0
Number of rounds: 2
SUCCESS: No conflicts found
Coloring time: 2.38224
Memory used: 2949.12
Number of reordered colors: 997
End position for large colors: 0, node count: 551379, largest: 551379
Node count cutoff: 472334
e_xx: 1.20466e+08, a2_x: 6.45747e+11, currMod: 0.629369
e_xx: 1.62439e+08, a2_x: 5.85694e+11, currMod: 0.84866
e_xx: 1.69178e+08, a2_x: 5.50118e+11, currMod: 0.88387
e_xx: 1.71598e+08, a2_x: 5.26197e+11, currMod: 0.896514
e_xx: 1.72963e+08, a2_x: 5.46202e+11, currMod: 0.903645
currMod: 0.896514, prevMod: -1
Louvain time: 35.398
numClusters: 203528, time: 0.210018
Next phase: 2
Memory used: 2949.12
End Structure 1298264 203528 vs 2798173
Build next level time: 10.3172
Iteration time: 45.9324
Memory used: 2949.12
e_xx: 1.67564e+08, a2_x: 5.48702e+11, currMod: 0.900879
e_xx: 1.78365e+08, a2_x: 3.47549e+11, currMod: 0.958955
e_xx: 1.80659e+08, a2_x: 3.52263e+11, currMod: 0.971289
e_xx: 1.81128e+08, a2_x: 2.79831e+11, currMod: 0.973814
e_xx: 1.81296e+08, a2_x: 3.19184e+11, currMod: 0.974717
e_xx: 1.81467e+08, a2_x: 3.07603e+11, currMod: 0.975636
e_xx: 1.81495e+08, a2_x: 3.08639e+11, currMod: 0.975786
e_xx: 1.81589e+08, a2_x: 3.06242e+11, currMod: 0.976294
e_xx: 1.81568e+08, a2_x: 3.08079e+11, currMod: 0.976179
currMod: 0.976294, prevMod: 0.896514
Louvain time: 5.21448
numClusters: 46616, time: 0.026926
Next phase: 3
Memory used: 2949.12
End Structure 412397 46616 vs 871395
Build next level time: 0.356915
Iteration time: 5.59986
Memory used: 2949.12
e_xx: 1.81589e+08, a2_x: 3.03396e+11, currMod: 0.976277
e_xx: 1.82468e+08, a2_x: 9.33073e+10, currMod: 0.98101
e_xx: 1.82608e+08, a2_x: 1.02364e+11, currMod: 0.981762
e_xx: 1.82632e+08, a2_x: 3.3221e+10, currMod: 0.981892
e_xx: 1.82659e+08, a2_x: 7.83769e+10, currMod: 0.982037
e_xx: 1.82662e+08, a2_x: 1.78193e+10, currMod: 0.982059
e_xx: 1.82674e+08, a2_x: 6.81713e+10, currMod: 0.982119
e_xx: 1.82666e+08, a2_x: 1.33592e+10, currMod: 0.982076
currMod: 0.982119, prevMod: 0.976294
Louvain time: 1.69328
numClusters: 24170, time: 0.008645
Next phase: 4
Memory used: 2949.12
End Structure 148232 24170 vs 320633
Build next level time: 0.109224
Iteration time: 1.81228
Memory used: 2949.12
e_xx: 1.82674e+08, a2_x: 6.60411e+10, currMod: 0.982105
e_xx: 1.8276e+08, a2_x: 4.35364e+10, currMod: 0.982566
e_xx: 1.82755e+08, a2_x: 5.24147e+10, currMod: 0.98254
currMod: 0.982566, prevMod: 0.982119
Louvain time: 0.284387
numClusters: 22466, time: 0.005621
Next phase: 5
Memory used: 2949.12
End Structure 102032 22466 vs 226530
Build next level time: 0.056333
Iteration time: 0.34746
Memory used: 2949.12
e_xx: 1.8276e+08, a2_x: 4.56996e+10, currMod: 0.982565
e_xx: 1.82766e+08, a2_x: 2.64979e+10, currMod: 0.982598
e_xx: 1.82767e+08, a2_x: 3.6566e+10, currMod: 0.982604
e_xx: 1.82767e+08, a2_x: 4.23228e+10, currMod: 0.982602
currMod: 0.982604, prevMod: 0.982566
Louvain time: 0.25688
numClusters: 22050, time: 0.005355
Next phase: 6
Memory used: 2949.12
End Structure 74704 22050 vs 171458
Build next level time: 0.047977
Iteration time: 0.311353
Memory used: 2949.12
e_xx: 1.82767e+08, a2_x: 3.57134e+10, currMod: 0.982604
e_xx: 1.82768e+08, a2_x: 3.77956e+10, currMod: 0.982606
e_xx: 1.82768e+08, a2_x: 4.25147e+10, currMod: 0.982606
currMod: 0.982606, prevMod: 0.982604
Louvain time: 0.149706
numClusters: 22014, time: 0.005256
Next phase: 7
Memory used: 2949.12
End Structure 72251 22014 vs 166516
Build next level time: 0.041873
Iteration time: 0.197964
Memory used: 2949.12
e_xx: 1.82768e+08, a2_x: 3.66903e+10, currMod: 0.982606
e_xx: 1.82768e+08, a2_x: 3.72332e+10, currMod: 0.982606
currMod: 0.982606, prevMod: 0.982606
Louvain time: 0.097036
numClusters: 22014, time: 0.005202
Maximum degree for the graph: 495
Iteration: 0, conflicts: 0
Total number of colors used: 172
Total number of conflicts overall: 0
Number of rounds: 1
SUCCESS: No conflicts found
Number of reordered colors: 168
End position for large colors: 0, node count: 21584, largest: 21584
Node count cutoff: 4403
e_xx: 1.82768e+08, a2_x: 3.76028e+10, currMod: 0.982606
End Structure 72092 22010 vs 166194
currMod: 0.982606, prevMod: 0.982606
numClusters: 22010
Total iteration time: 54.2013

Loop 0 <line-37> - Time 0.001239 Total energy consumed 0.056565 Ave. Power Level 45.669124
	-------- Loop 0 (sock 1 consumed 0.036090, avg temp 38.500000, final temp 38 ) ------
	-------- Loop 0 (sock 2 consumed 0.020475, avg temp 34.000000, final temp 35 ) ------
Loop 1 <line-54> - Time 0.000613 Total energy consumed 0.058755 Ave. Power Level 95.880664
	-------- Loop 1 (sock 1 consumed 0.037260, avg temp 39.000000, final temp 39 ) ------
	-------- Loop 1 (sock 2 consumed 0.021495, avg temp 33.000000, final temp 34 ) ------
Loop 2 <line-76> - Time 0.002093 Total energy consumed 0.046275 Ave. Power Level 22.111663
	-------- Loop 2 (sock 1 consumed 0.022590, avg temp 39.000000, final temp 39 ) ------
	-------- Loop 2 (sock 2 consumed 0.023685, avg temp 33.500000, final temp 34 ) ------
Loop 3 <line-170> - Time 1.617030 Total energy consumed 63.977415 Ave. Power Level 39.564760
	-------- Loop 3 (sock 1 consumed 30.551250, avg temp 38.333333, final temp 39 ) ------
	-------- Loop 3 (sock 2 consumed 33.426165, avg temp 34.333333, final temp 35 ) ------
Loop 4 <line-192> - Time 0.000397 Total energy consumed 0.000000 Ave. Power Level 0.000000
	-------- Loop 4 (sock 1 consumed 0.000000, avg temp 38.500000, final temp 39 ) ------
	-------- Loop 4 (sock 2 consumed 0.000000, avg temp 34.500000, final temp 35 ) ------
Loop 5 <line-222> - Time 0.597853 Total energy consumed 23.750715 Ave. Power Level 39.726653
	-------- Loop 5 (sock 1 consumed 12.545490, avg temp 39.000000, final temp 39 ) ------
	-------- Loop 5 (sock 2 consumed 11.205225, avg temp 35.000000, final temp 35 ) ------
Loop 6 <line-116> - Time 0.007400 Total energy consumed 0.409380 Ave. Power Level 55.319237
	-------- Loop 6 (sock 1 consumed 0.201480, avg temp 38.428571, final temp 39 ) ------
	-------- Loop 6 (sock 2 consumed 0.207900, avg temp 34.428571, final temp 33 ) ------
Loop 7 <line-334> - Time 1.306798 Total energy consumed 50.176290 Ave. Power Level 38.396351
	-------- Loop 7 (sock 1 consumed 23.705730, avg temp 39.000000, final temp 39 ) ------
	-------- Loop 7 (sock 2 consumed 26.470560, avg temp 34.625000, final temp 34 ) ------
Loop 8 <line-353> - Time 0.000651 Total energy consumed 0.131385 Ave. Power Level 201.733200
	-------- Loop 8 (sock 1 consumed 0.071265, avg temp 39.000000, final temp 39 ) ------
	-------- Loop 8 (sock 2 consumed 0.060120, avg temp 34.750000, final temp 34 ) ------
Loop 9 <line-375> - Time 0.001741 Total energy consumed 0.044700 Ave. Power Level 25.678926
	-------- Loop 9 (sock 1 consumed 0.021330, avg temp 38.875000, final temp 39 ) ------
	-------- Loop 9 (sock 2 consumed 0.023370, avg temp 34.625000, final temp 34 ) ------
Loop 10 <line-85> - Time 0.195016 Total energy consumed 8.396850 Ave. Power Level 43.057307
	-------- Loop 10 (sock 1 consumed 4.124235, avg temp 38.750000, final temp 39 ) ------
	-------- Loop 10 (sock 2 consumed 4.272615, avg temp 34.000000, final temp 34 ) ------
Loop 11 <line-131> - Time 0.015447 Total energy consumed 0.669075 Ave. Power Level 43.313776
	-------- Loop 11 (sock 1 consumed 0.343200, avg temp 39.000000, final temp 39 ) ------
	-------- Loop 11 (sock 2 consumed 0.325875, avg temp 33.500000, final temp 34 ) ------
Loop 12 <line-167> - Time 0.196604 Total energy consumed 8.347785 Ave. Power Level 42.459923
	-------- Loop 12 (sock 1 consumed 4.134825, avg temp 38.500000, final temp 38 ) ------
	-------- Loop 12 (sock 2 consumed 4.212960, avg temp 34.500000, final temp 35 ) ------
Loop 13 <line-213> - Time 24.882379 Total energy consumed 1071.632400 Ave. Power Level 43.067923
	-------- Loop 13 (sock 1 consumed 532.711185, avg temp 39.333333, final temp 39 ) ------
	-------- Loop 13 (sock 2 consumed 538.921215, avg temp 34.000000, final temp 34 ) ------
Loop 14 <line-99> - Time 10.359339 Total energy consumed 403.270650 Ave. Power Level 38.928221
	-------- Loop 14 (sock 1 consumed 195.148650, avg temp 38.714286, final temp 39 ) ------
	-------- Loop 14 (sock 2 consumed 208.122000, avg temp 34.714286, final temp 34 ) ------
Loop 15 <line-160> - Time 0.219729 Total energy consumed 8.779035 Ave. Power Level 39.953867
	-------- Loop 15 (sock 1 consumed 4.227150, avg temp 38.428571, final temp 39 ) ------
	-------- Loop 15 (sock 2 consumed 4.551885, avg temp 34.428571, final temp 34 ) ------
Loop 16 <line-269> - Time 7.652429 Total energy consumed 294.604875 Ave. Power Level 38.498219
	-------- Loop 16 (sock 1 consumed 145.589475, avg temp 38.724138, final temp 39 ) ------
	-------- Loop 16 (sock 2 consumed 149.015400, avg temp 34.689655, final temp 35 ) ------
Loop 17 <line-300> - Time 0.005786 Total energy consumed 0.205605 Ave. Power Level 35.537326
	-------- Loop 17 (sock 1 consumed 0.109530, avg temp 38.869565, final temp 39 ) ------
	-------- Loop 17 (sock 2 consumed 0.096075, avg temp 34.608696, final temp 34 ) ------
Loop 18 <line-148> - Time 0.001055 Total energy consumed 0.059205 Ave. Power Level 56.142803
	-------- Loop 18 (sock 1 consumed 0.037860, avg temp 38.000000, final temp 38 ) ------
	-------- Loop 18 (sock 2 consumed 0.021345, avg temp 35.000000, final temp 35 ) ------
Application(EnergyStat) - Time 74.715160 Total energy consumed 2995.612515 Ave. Power Level 40.093771 Final Temperature socket 1 : 39  socket 2 : 35 
	 ParallelApplication(EnergyStat) - Time 47.063599 Total energy consumed 1934.616960 Ave. Power Level 41.106439
Memory used: 1.32031
Loading 32-bit binary file: pnnl.bin, numvertices: 2361670, numEdges: 191402826
File read time: 2.95254
Before allocating graph
Allocated graph: 0x1c0d570
Processing edges for vertex: 0, range(0, 166)
Processing edges for vertex: 100000, range(58444108, 58444133)
Processing edges for vertex: 200000, range(84376057, 84376362)
Processing edges for vertex: 300000, range(106069163, 106069503)
Processing edges for vertex: 400000, range(122097114, 122097513)
Processing edges for vertex: 500000, range(135096418, 135096483)
Processing edges for vertex: 600000, range(146097008, 146097061)
Processing edges for vertex: 700000, range(155415410, 155415531)
Processing edges for vertex: 800000, range(162595900, 162595989)
Processing edges for vertex: 900000, range(168508374, 168508464)
Processing edges for vertex: 1000000, range(173203321, 173203442)
Processing edges for vertex: 1100000, range(176935100, 176935110)
Processing edges for vertex: 1200000, range(179876260, 179876270)
Processing edges for vertex: 1300000, range(182240081, 182240092)
Processing edges for vertex: 1400000, range(184224513, 184224521)
Processing edges for vertex: 1500000, range(185795161, 185795170)
Processing edges for vertex: 1600000, range(187104124, 187104130)
Processing edges for vertex: 1700000, range(188148455, 188148461)
Processing edges for vertex: 1800000, range(188997836, 188997842)
Processing edges for vertex: 1900000, range(189691532, 189691535)
Processing edges for vertex: 2000000, range(190254658, 190254660)
Processing edges for vertex: 2100000, range(190705814, 190705822)
Processing edges for vertex: 2200000, range(191052755, 191052764)
Processing edges for vertex: 2300000, range(191302662, 191302663)
Graph populate time: 14.9144
Total I/O time: 17.867

Regional(EnergyStat) - Time 17.873210 Total energy consumed 684.391140 Ave. Power Level 38.291451 
Running on: 4 threads
Loaded graph from file: pnnl.bin
Memory used: 2949.12
Maximum degree for the graph: 5520
Iteration: 0, conflicts: 1
Iteration: 1, conflicts: 0
Total number of colors used: 1180
Total number of conflicts overall: 0
Number of rounds: 2
SUCCESS: No conflicts found
Coloring time: 2.40736
Memory used: 2949.12
Number of reordered colors: 1017
End position for large colors: 0, node count: 551255, largest: 551255
Node count cutoff: 472334
e_xx: 1.27617e+08, a2_x: 6.24632e+11, currMod: 0.666727
e_xx: 1.68568e+08, a2_x: 6.60627e+11, currMod: 0.880681
e_xx: 1.74891e+08, a2_x: 5.4421e+11, currMod: 0.913715
e_xx: 1.77231e+08, a2_x: 5.30877e+11, currMod: 0.925944
e_xx: 1.78301e+08, a2_x: 5.05324e+11, currMod: 0.931536
currMod: 0.925944, prevMod: -1
Louvain time: 36.0471
numClusters: 203327, time: 0.209504
Next phase: 2
Memory used: 2949.12
End Structure 1282196 203327 vs 2765788
Build next level time: 10.4217
Iteration time: 46.6853
Memory used: 2949.12
e_xx: 1.55548e+08, a2_x: 5.04294e+11, currMod: 0.92234
e_xx: 1.6224e+08, a2_x: 3.14558e+11, currMod: 0.962027
e_xx: 1.63422e+08, a2_x: 2.70167e+11, currMod: 0.969037
e_xx: 1.63792e+08, a2_x: 2.71011e+11, currMod: 0.971228
e_xx: 1.63845e+08, a2_x: 2.6838e+11, currMod: 0.971547
e_xx: 1.63963e+08, a2_x: 2.47712e+11, currMod: 0.972244
e_xx: 1.63934e+08, a2_x: 2.66497e+11, currMod: 0.972071
currMod: 0.972244, prevMod: 0.925944
Louvain time: 4.24048
numClusters: 52748, time: 0.030482
Next phase: 3
Memory used: 2949.12
End Structure 516758 52748 vs 1086248
Build next level time: 0.386204
Iteration time: 4.65863
Memory used: 2949.12
e_xx: 1.63963e+08, a2_x: 2.47161e+11, currMod: 0.972213
e_xx: 1.64876e+08, a2_x: 1.13176e+11, currMod: 0.977634
e_xx: 1.64925e+08, a2_x: 8.98638e+10, currMod: 0.977925
e_xx: 1.64927e+08, a2_x: 5.49554e+10, currMod: 0.977936
e_xx: 1.64922e+08, a2_x: 4.16504e+10, currMod: 0.977908
currMod: 0.977936, prevMod: 0.972244
Louvain time: 1.32262
numClusters: 25560, time: 0.009495
Next phase: 4
Memory used: 2949.12
End Structure 185230 25560 vs 396019
Build next level time: 0.12976
Iteration time: 1.46303
Memory used: 2949.12
e_xx: 1.64927e+08, a2_x: 5.43628e+10, currMod: 0.977924
e_xx: 1.6536e+08, a2_x: -8.36176e+09, currMod: 0.980494
e_xx: 1.6538e+08, a2_x: -8.69198e+09, currMod: 0.980613
e_xx: 1.65382e+08, a2_x: 1.71095e+10, currMod: 0.980627
e_xx: 1.65383e+08, a2_x: -1.48682e+10, currMod: 0.98063
e_xx: 1.65383e+08, a2_x: -6.36866e+08, currMod: 0.98063
currMod: 0.98063, prevMod: 0.977936
Louvain time: 0.651839
numClusters: 22165, time: 0.005945
Next phase: 5
Memory used: 2949.12
End Structure 91286 22165 vs 204737
Build next level time: 0.058296
Iteration time: 0.717212
Memory used: 2949.12
e_xx: 1.65383e+08, a2_x: -1.49214e+10, currMod: 0.980628
e_xx: 1.65387e+08, a2_x: -1.40494e+10, currMod: 0.980652
e_xx: 1.65387e+08, a2_x: -1.15484e+10, currMod: 0.980653
e_xx: 1.65387e+08, a2_x: -1.71509e+10, currMod: 0.980654
currMod: 0.980653, prevMod: 0.98063
Louvain time: 0.236502
numClusters: 21987, time: 0.005288
Next phase: 6
Memory used: 2949.12
End Structure 78365 21987 vs 178717
Build next level time: 0.042569
Iteration time: 0.285489
Memory used: 2949.12
e_xx: 1.65387e+08, a2_x: -1.19601e+10, currMod: 0.980653
e_xx: 1.65387e+08, a2_x: -6.36249e+09, currMod: 0.980655
e_xx: 1.65387e+08, a2_x: -4.60741e+09, currMod: 0.980654
currMod: 0.980655, prevMod: 0.980653
Louvain time: 0.152776
numClusters: 21969, time: 0.005241
Next phase: 7
Memory used: 2949.12
End Structure 76242 21969 vs 174453
Build next level time: 0.040536
Iteration time: 0.199682
Memory used: 2949.12
e_xx: 1.65387e+08, a2_x: -6.63697e+09, currMod: 0.980655
e_xx: 1.65387e+08, a2_x: -6.63697e+09, currMod: 0.980655
currMod: 0.980655, prevMod: 0.980655
Louvain time: 0.100611
numClusters: 21969, time: 0.005205
Maximum degree for the graph: 466
Iteration: 0, conflicts: 0
Total number of colors used: 182
Total number of conflicts overall: 0
Number of rounds: 1
SUCCESS: No conflicts found
Number of reordered colors: 181
End position for large colors: 0, node count: 21541, largest: 21541
Node count cutoff: 4394
e_xx: 1.65387e+08, a2_x: -6.63697e+09, currMod: 0.980655
End Structure 76242 21969 vs 174453
currMod: 0.980655, prevMod: 0.980655
numClusters: 21969
Total iteration time: 54.0094

Loop 0 <line-37> - Time 0.001238 Total energy consumed 0.038430 Ave. Power Level 31.041401
	-------- Loop 0 (sock 1 consumed 0.017895, avg temp 38.500000, final temp 39 ) ------
	-------- Loop 0 (sock 2 consumed 0.020535, avg temp 34.500000, final temp 36 ) ------
Loop 1 <line-54> - Time 0.000615 Total energy consumed 0.038910 Ave. Power Level 63.299891
	-------- Loop 1 (sock 1 consumed 0.017850, avg temp 39.000000, final temp 39 ) ------
	-------- Loop 1 (sock 2 consumed 0.021060, avg temp 35.000000, final temp 36 ) ------
Loop 2 <line-76> - Time 0.002095 Total energy consumed 0.067365 Ave. Power Level 32.151218
	-------- Loop 2 (sock 1 consumed 0.042960, avg temp 38.500000, final temp 39 ) ------
	-------- Loop 2 (sock 2 consumed 0.024405, avg temp 35.000000, final temp 36 ) ------
Loop 3 <line-170> - Time 1.630194 Total energy consumed 64.674255 Ave. Power Level 39.672739
	-------- Loop 3 (sock 1 consumed 30.882165, avg temp 39.666667, final temp 39 ) ------
	-------- Loop 3 (sock 2 consumed 33.792090, avg temp 34.000000, final temp 36 ) ------
Loop 4 <line-192> - Time 0.000385 Total energy consumed 0.000000 Ave. Power Level 0.000000
	-------- Loop 4 (sock 1 consumed 0.000000, avg temp 39.500000, final temp 39 ) ------
	-------- Loop 4 (sock 2 consumed 0.000000, avg temp 34.500000, final temp 36 ) ------
Loop 5 <line-222> - Time 0.607244 Total energy consumed 24.029880 Ave. Power Level 39.572015
	-------- Loop 5 (sock 1 consumed 11.484855, avg temp 39.000000, final temp 39 ) ------
	-------- Loop 5 (sock 2 consumed 12.545025, avg temp 35.000000, final temp 36 ) ------
Loop 6 <line-116> - Time 0.007409 Total energy consumed 0.293730 Ave. Power Level 39.644181
	-------- Loop 6 (sock 1 consumed 0.132615, avg temp 39.000000, final temp 39 ) ------
	-------- Loop 6 (sock 2 consumed 0.161115, avg temp 33.857143, final temp 35 ) ------
Loop 7 <line-334> - Time 1.305947 Total energy consumed 50.471640 Ave. Power Level 38.647540
	-------- Loop 7 (sock 1 consumed 24.251925, avg temp 38.750000, final temp 39 ) ------
	-------- Loop 7 (sock 2 consumed 26.219715, avg temp 34.250000, final temp 36 ) ------
Loop 8 <line-353> - Time 0.000653 Total energy consumed 0.041205 Ave. Power Level 63.077889
	-------- Loop 8 (sock 1 consumed 0.000000, avg temp 38.750000, final temp 39 ) ------
	-------- Loop 8 (sock 2 consumed 0.041205, avg temp 34.250000, final temp 36 ) ------
Loop 9 <line-375> - Time 0.001754 Total energy consumed 0.068955 Ave. Power Level 39.317706
	-------- Loop 9 (sock 1 consumed 0.021270, avg temp 38.750000, final temp 39 ) ------
	-------- Loop 9 (sock 2 consumed 0.047685, avg temp 34.375000, final temp 36 ) ------
Loop 10 <line-85> - Time 0.195454 Total energy consumed 8.307810 Ave. Power Level 42.505202
	-------- Loop 10 (sock 1 consumed 4.122735, avg temp 39.000000, final temp 39 ) ------
	-------- Loop 10 (sock 2 consumed 4.185075, avg temp 34.250000, final temp 35 ) ------
Loop 11 <line-131> - Time 0.015401 Total energy consumed 0.604320 Ave. Power Level 39.239352
	-------- Loop 11 (sock 1 consumed 0.300105, avg temp 39.000000, final temp 39 ) ------
	-------- Loop 11 (sock 2 consumed 0.304215, avg temp 34.000000, final temp 35 ) ------
Loop 12 <line-167> - Time 0.269601 Total energy consumed 11.526975 Ave. Power Level 42.755709
	-------- Loop 12 (sock 1 consumed 5.716455, avg temp 39.000000, final temp 39 ) ------
	-------- Loop 12 (sock 2 consumed 5.810520, avg temp 35.000000, final temp 36 ) ------
Loop 13 <line-213> - Time 25.186641 Total energy consumed 1079.167590 Ave. Power Level 42.846825
	-------- Loop 13 (sock 1 consumed 542.300880, avg temp 39.833333, final temp 39 ) ------
	-------- Loop 13 (sock 2 consumed 536.866710, avg temp 34.833333, final temp 36 ) ------
Loop 14 <line-99> - Time 10.459741 Total energy consumed 402.182070 Ave. Power Level 38.450480
	-------- Loop 14 (sock 1 consumed 195.667050, avg temp 38.714286, final temp 39 ) ------
	-------- Loop 14 (sock 2 consumed 206.515020, avg temp 34.285714, final temp 35 ) ------
Loop 15 <line-160> - Time 0.232365 Total energy consumed 9.067005 Ave. Power Level 39.020538
	-------- Loop 15 (sock 1 consumed 4.611435, avg temp 39.142857, final temp 39 ) ------
	-------- Loop 15 (sock 2 consumed 4.455570, avg temp 34.857143, final temp 36 ) ------
Loop 16 <line-269> - Time 6.660602 Total energy consumed 255.792615 Ave. Power Level 38.403829
	-------- Loop 16 (sock 1 consumed 127.539465, avg temp 39.037037, final temp 39 ) ------
	-------- Loop 16 (sock 2 consumed 128.253150, avg temp 34.629630, final temp 36 ) ------
Loop 17 <line-300> - Time 0.004574 Total energy consumed 0.191370 Ave. Power Level 41.840126
	-------- Loop 17 (sock 1 consumed 0.096060, avg temp 39.047619, final temp 39 ) ------
	-------- Loop 17 (sock 2 consumed 0.095310, avg temp 34.619048, final temp 35 ) ------
Loop 18 <line-148> - Time 0.001043 Total energy consumed 0.058035 Ave. Power Level 55.641151
	-------- Loop 18 (sock 1 consumed 0.037470, avg temp 39.000000, final temp 39 ) ------
	-------- Loop 18 (sock 2 consumed 0.020565, avg temp 36.000000, final temp 36 ) ------
Application(EnergyStat) - Time 74.480067 Total energy consumed 2976.590985 Ave. Power Level 39.964935 Final Temperature socket 1 : 38  socket 2 : 36 
	 ParallelApplication(EnergyStat) - Time 46.582956 Total energy consumed 1906.622160 Ave. Power Level 40.929608
Memory used: 1.32031
Loading 32-bit binary file: pnnl.bin, numvertices: 2361670, numEdges: 191402826
File read time: 2.86713
Before allocating graph
Allocated graph: 0x1d68570
Processing edges for vertex: 0, range(0, 166)
Processing edges for vertex: 100000, range(58444108, 58444133)
Processing edges for vertex: 200000, range(84376057, 84376362)
Processing edges for vertex: 300000, range(106069163, 106069503)
Processing edges for vertex: 400000, range(122097114, 122097513)
Processing edges for vertex: 500000, range(135096418, 135096483)
Processing edges for vertex: 600000, range(146097008, 146097061)
Processing edges for vertex: 700000, range(155415410, 155415531)
Processing edges for vertex: 800000, range(162595900, 162595989)
Processing edges for vertex: 900000, range(168508374, 168508464)
Processing edges for vertex: 1000000, range(173203321, 173203442)
Processing edges for vertex: 1100000, range(176935100, 176935110)
Processing edges for vertex: 1200000, range(179876260, 179876270)
Processing edges for vertex: 1300000, range(182240081, 182240092)
Processing edges for vertex: 1400000, range(184224513, 184224521)
Processing edges for vertex: 1500000, range(185795161, 185795170)
Processing edges for vertex: 1600000, range(187104124, 187104130)
Processing edges for vertex: 1700000, range(188148455, 188148461)
Processing edges for vertex: 1800000, range(188997836, 188997842)
Processing edges for vertex: 1900000, range(189691532, 189691535)
Processing edges for vertex: 2000000, range(190254658, 190254660)
Processing edges for vertex: 2100000, range(190705814, 190705822)
Processing edges for vertex: 2200000, range(191052755, 191052764)
Processing edges for vertex: 2300000, range(191302662, 191302663)
Graph populate time: 15.0208
Total I/O time: 17.888

Regional(EnergyStat) - Time 17.894074 Total energy consumed 687.045645 Ave. Power Level 38.395150 
Running on: 4 threads
Loaded graph from file: pnnl.bin
Memory used: 2949.12
Maximum degree for the graph: 5520
Iteration: 0, conflicts: 2
Iteration: 1, conflicts: 0
Total number of colors used: 1179
Total number of conflicts overall: 0
Number of rounds: 2
SUCCESS: No conflicts found
Coloring time: 2.30181
Memory used: 2949.12
Number of reordered colors: 1028
End position for large colors: 0, node count: 551340, largest: 551340
Node count cutoff: 472334
e_xx: 1.21051e+08, a2_x: 6.51277e+11, currMod: 0.632423
e_xx: 1.6536e+08, a2_x: 6.07801e+11, currMod: 0.863919
e_xx: 1.72533e+08, a2_x: 5.52809e+11, currMod: 0.9014
e_xx: 1.75405e+08, a2_x: 5.23668e+11, currMod: 0.916401
e_xx: 1.76767e+08, a2_x: 5.55334e+11, currMod: 0.923517
currMod: 0.916401, prevMod: -1
Louvain time: 35.8338
numClusters: 203825, time: 0.209865
Next phase: 2
Memory used: 2949.12
End Structure 1294714 203825 vs 2791318
Build next level time: 10.5138
Iteration time: 46.5643
Memory used: 2949.12
e_xx: 1.57565e+08, a2_x: 5.54822e+11, currMod: 0.915024
e_xx: 1.65686e+08, a2_x: 3.17337e+11, currMod: 0.962195
e_xx: 1.6689e+08, a2_x: 2.76296e+11, currMod: 0.96919
e_xx: 1.67289e+08, a2_x: 2.44669e+11, currMod: 0.97151
e_xx: 1.67302e+08, a2_x: 2.49177e+11, currMod: 0.971584
e_xx: 1.67449e+08, a2_x: 2.39693e+11, currMod: 0.972436
e_xx: 1.67386e+08, a2_x: 2.69893e+11, currMod: 0.972072
currMod: 0.972436, prevMod: 0.916401
Louvain time: 4.23236
numClusters: 53156, time: 0.029272
Next phase: 3
Memory used: 2949.12
End Structure 526039 53156 vs 1105220
Build next level time: 0.381295
Iteration time: 4.64441
Memory used: 2949.12
e_xx: 1.67449e+08, a2_x: 2.36951e+11, currMod: 0.972411
e_xx: 1.68578e+08, a2_x: 6.5243e+10, currMod: 0.978974
e_xx: 1.68597e+08, a2_x: 1.1751e+11, currMod: 0.979085
e_xx: 1.68721e+08, a2_x: 7.47226e+10, currMod: 0.979803
e_xx: 1.68613e+08, a2_x: 8.2322e+10, currMod: 0.979179
currMod: 0.979803, prevMod: 0.972436
Louvain time: 1.35143
numClusters: 25752, time: 0.009544
Next phase: 4
Memory used: 2949.12
End Structure 179860 25752 vs 385471
Build next level time: 0.127594
Iteration time: 1.48971
Memory used: 2949.12
e_xx: 1.68721e+08, a2_x: 7.57217e+10, currMod: 0.97979
e_xx: 1.68993e+08, a2_x: 1.74058e+10, currMod: 0.981375
e_xx: 1.68976e+08, a2_x: 1.70835e+10, currMod: 0.981274
currMod: 0.981375, prevMod: 0.979803
Louvain time: 0.339881
numClusters: 22653, time: 0.005996
Next phase: 5
Memory used: 2949.12
End Structure 109820 22653 vs 242293
Build next level time: 0.064115
Iteration time: 0.411119
Memory used: 2949.12
e_xx: 1.68993e+08, a2_x: 1.46717e+10, currMod: 0.981374
e_xx: 1.6901e+08, a2_x: 2.64943e+10, currMod: 0.981472
e_xx: 1.69014e+08, a2_x: 1.24282e+10, currMod: 0.981497
e_xx: 1.69014e+08, a2_x: 3.77149e+10, currMod: 0.981492
currMod: 0.981497, prevMod: 0.981375
Louvain time: 0.27708
numClusters: 22028, time: 0.005391
Next phase: 6
Memory used: 2949.12
End Structure 76110 22028 vs 174248
Build next level time: 0.045125
Iteration time: 0.328724
Memory used: 2949.12
e_xx: 1.69014e+08, a2_x: 1.16202e+10, currMod: 0.981496
e_xx: 1.69015e+08, a2_x: 2.32062e+10, currMod: 0.981499
e_xx: 1.69015e+08, a2_x: 2.53439e+10, currMod: 0.981499
currMod: 0.981499, prevMod: 0.981497
Louvain time: 0.14855
numClusters: 21967, time: 0.00525
Next phase: 7
Memory used: 2949.12
End Structure 71447 21967 vs 164861
Build next level time: 0.039086
Iteration time: 0.194006
Memory used: 2949.12
e_xx: 1.69015e+08, a2_x: 2.30402e+10, currMod: 0.981499
e_xx: 1.69015e+08, a2_x: 2.42151e+10, currMod: 0.9815
currMod: 0.981499, prevMod: 0.981499
Louvain time: 0.094125
numClusters: 21967, time: 0.005225
Maximum degree for the graph: 464
Iteration: 0, conflicts: 0
Total number of colors used: 170
Total number of conflicts overall: 0
Number of rounds: 1
SUCCESS: No conflicts found
Number of reordered colors: 167
End position for large colors: 0, node count: 21547, largest: 21547
Node count cutoff: 4394
e_xx: 1.69015e+08, a2_x: 2.42151e+10, currMod: 0.9815
End Structure 71139 21962 vs 164240
currMod: 0.981499, prevMod: 0.981499
numClusters: 21962
Total iteration time: 53.6322

Loop 0 <line-37> - Time 0.001245 Total energy consumed 0.038790 Ave. Power Level 31.160105
	-------- Loop 0 (sock 1 consumed 0.020460, avg temp 39.500000, final temp 39 ) ------
	-------- Loop 0 (sock 2 consumed 0.018330, avg temp 34.000000, final temp 35 ) ------
Loop 1 <line-54> - Time 0.000621 Total energy consumed 0.000000 Ave. Power Level 0.000000
	-------- Loop 1 (sock 1 consumed 0.000000, avg temp 39.500000, final temp 40 ) ------
	-------- Loop 1 (sock 2 consumed 0.000000, avg temp 34.500000, final temp 35 ) ------
Loop 2 <line-76> - Time 0.002082 Total energy consumed 0.105960 Ave. Power Level 50.900388
	-------- Loop 2 (sock 1 consumed 0.048210, avg temp 39.500000, final temp 40 ) ------
	-------- Loop 2 (sock 2 consumed 0.057750, avg temp 34.500000, final temp 35 ) ------
Loop 3 <line-170> - Time 1.559372 Total energy consumed 61.962330 Ave. Power Level 39.735446
	-------- Loop 3 (sock 1 consumed 32.760825, avg temp 39.333333, final temp 40 ) ------
	-------- Loop 3 (sock 2 consumed 29.201505, avg temp 34.666667, final temp 36 ) ------
Loop 4 <line-192> - Time 0.000376 Total energy consumed 0.000000 Ave. Power Level 0.000000
	-------- Loop 4 (sock 1 consumed 0.000000, avg temp 39.500000, final temp 40 ) ------
	-------- Loop 4 (sock 2 consumed 0.000000, avg temp 35.000000, final temp 36 ) ------
Loop 5 <line-222> - Time 0.573277 Total energy consumed 22.726140 Ave. Power Level 39.642478
	-------- Loop 5 (sock 1 consumed 11.954325, avg temp 39.500000, final temp 40 ) ------
	-------- Loop 5 (sock 2 consumed 10.771815, avg temp 34.500000, final temp 36 ) ------
Loop 6 <line-116> - Time 0.007309 Total energy consumed 0.177390 Ave. Power Level 24.270935
	-------- Loop 6 (sock 1 consumed 0.093930, avg temp 39.428571, final temp 40 ) ------
	-------- Loop 6 (sock 2 consumed 0.083460, avg temp 34.142857, final temp 35 ) ------
Loop 7 <line-334> - Time 1.290274 Total energy consumed 49.624515 Ave. Power Level 38.460446
	-------- Loop 7 (sock 1 consumed 25.664970, avg temp 39.000000, final temp 39 ) ------
	-------- Loop 7 (sock 2 consumed 23.959545, avg temp 35.125000, final temp 36 ) ------
Loop 8 <line-353> - Time 0.000658 Total energy consumed 0.020850 Ave. Power Level 31.664890
	-------- Loop 8 (sock 1 consumed 0.020850, avg temp 39.125000, final temp 39 ) ------
	-------- Loop 8 (sock 2 consumed 0.000000, avg temp 35.125000, final temp 36 ) ------
Loop 9 <line-375> - Time 0.001645 Total energy consumed 0.108420 Ave. Power Level 65.920155
	-------- Loop 9 (sock 1 consumed 0.067530, avg temp 39.250000, final temp 40 ) ------
	-------- Loop 9 (sock 2 consumed 0.040890, avg temp 35.000000, final temp 36 ) ------
Loop 10 <line-85> - Time 0.173002 Total energy consumed 7.344645 Ave. Power Level 42.454049
	-------- Loop 10 (sock 1 consumed 3.930300, avg temp 39.500000, final temp 40 ) ------
	-------- Loop 10 (sock 2 consumed 3.414345, avg temp 35.500000, final temp 36 ) ------
Loop 11 <line-131> - Time 0.015745 Total energy consumed 0.694725 Ave. Power Level 44.124324
	-------- Loop 11 (sock 1 consumed 0.373395, avg temp 39.500000, final temp 40 ) ------
	-------- Loop 11 (sock 2 consumed 0.321330, avg temp 36.000000, final temp 36 ) ------
Loop 12 <line-167> - Time 0.186856 Total energy consumed 7.965900 Ave. Power Level 42.631314
	-------- Loop 12 (sock 1 consumed 4.261125, avg temp 39.500000, final temp 40 ) ------
	-------- Loop 12 (sock 2 consumed 3.704775, avg temp 34.000000, final temp 35 ) ------
Loop 13 <line-213> - Time 25.177641 Total energy consumed 1076.718120 Ave. Power Level 42.764854
	-------- Loop 13 (sock 1 consumed 549.346455, avg temp 39.166667, final temp 39 ) ------
	-------- Loop 13 (sock 2 consumed 527.371665, avg temp 35.000000, final temp 36 ) ------
Loop 14 <line-99> - Time 10.565382 Total energy consumed 403.370985 Ave. Power Level 38.178553
	-------- Loop 14 (sock 1 consumed 202.369965, avg temp 39.571429, final temp 40 ) ------
	-------- Loop 14 (sock 2 consumed 201.001020, avg temp 34.571429, final temp 36 ) ------
Loop 15 <line-160> - Time 0.230702 Total energy consumed 9.366930 Ave. Power Level 40.601787
	-------- Loop 15 (sock 1 consumed 4.591110, avg temp 39.428571, final temp 40 ) ------
	-------- Loop 15 (sock 2 consumed 4.775820, avg temp 35.000000, final temp 35 ) ------
Loop 16 <line-269> - Time 6.399725 Total energy consumed 246.997560 Ave. Power Level 38.595026
	-------- Loop 16 (sock 1 consumed 123.939960, avg temp 39.375000, final temp 40 ) ------
	-------- Loop 16 (sock 2 consumed 123.057600, avg temp 34.666667, final temp 35 ) ------
Loop 17 <line-300> - Time 0.004579 Total energy consumed 0.057660 Ave. Power Level 12.593372
	-------- Loop 17 (sock 1 consumed 0.039330, avg temp 39.333333, final temp 39 ) ------
	-------- Loop 17 (sock 2 consumed 0.018330, avg temp 34.722222, final temp 36 ) ------
Loop 18 <line-148> - Time 0.001043 Total energy consumed 0.058995 Ave. Power Level 56.565999
	-------- Loop 18 (sock 1 consumed 0.017820, avg temp 39.000000, final temp 39 ) ------
	-------- Loop 18 (sock 2 consumed 0.041175, avg temp 35.000000, final temp 35 ) ------
Application(EnergyStat) - Time 74.008329 Total energy consumed 2957.149965 Ave. Power Level 39.956989 Final Temperature socket 1 : 40  socket 2 : 35 
	 ParallelApplication(EnergyStat) - Time 46.191532 Total energy consumed 1887.339915 Ave. Power Level 40.859002
Memory used: 1.32422
Loading 32-bit binary file: pnnl.bin, numvertices: 2361670, numEdges: 191402826
File read time: 2.87704
Before allocating graph
Allocated graph: 0x97e570
Processing edges for vertex: 0, range(0, 166)
Processing edges for vertex: 100000, range(58444108, 58444133)
Processing edges for vertex: 200000, range(84376057, 84376362)
Processing edges for vertex: 300000, range(106069163, 106069503)
Processing edges for vertex: 400000, range(122097114, 122097513)
Processing edges for vertex: 500000, range(135096418, 135096483)
Processing edges for vertex: 600000, range(146097008, 146097061)
Processing edges for vertex: 700000, range(155415410, 155415531)
Processing edges for vertex: 800000, range(162595900, 162595989)
Processing edges for vertex: 900000, range(168508374, 168508464)
Processing edges for vertex: 1000000, range(173203321, 173203442)
Processing edges for vertex: 1100000, range(176935100, 176935110)
Processing edges for vertex: 1200000, range(179876260, 179876270)
Processing edges for vertex: 1300000, range(182240081, 182240092)
Processing edges for vertex: 1400000, range(184224513, 184224521)
Processing edges for vertex: 1500000, range(185795161, 185795170)
Processing edges for vertex: 1600000, range(187104124, 187104130)
Processing edges for vertex: 1700000, range(188148455, 188148461)
Processing edges for vertex: 1800000, range(188997836, 188997842)
Processing edges for vertex: 1900000, range(189691532, 189691535)
Processing edges for vertex: 2000000, range(190254658, 190254660)
Processing edges for vertex: 2100000, range(190705814, 190705822)
Processing edges for vertex: 2200000, range(191052755, 191052764)
Processing edges for vertex: 2300000, range(191302662, 191302663)
Graph populate time: 15.0105
Total I/O time: 17.8876

Regional(EnergyStat) - Time 17.893486 Total energy consumed 687.018420 Ave. Power Level 38.394889 
Running on: 4 threads
Loaded graph from file: pnnl.bin
Memory used: 2949.12
Maximum degree for the graph: 5520
Iteration: 0, conflicts: 1
Iteration: 1, conflicts: 0
Total number of colors used: 1181
Total number of conflicts overall: 0
Number of rounds: 2
SUCCESS: No conflicts found
Coloring time: 2.38198
Memory used: 2949.12
Number of reordered colors: 1006
End position for large colors: 0, node count: 551378, largest: 551378
Node count cutoff: 472334
e_xx: 1.25588e+08, a2_x: 6.08283e+11, currMod: 0.656128
e_xx: 1.67246e+08, a2_x: 6.16312e+11, currMod: 0.873772
e_xx: 1.73452e+08, a2_x: 5.67523e+11, currMod: 0.9062
e_xx: 1.75776e+08, a2_x: 5.37539e+11, currMod: 0.918342
e_xx: 1.76874e+08, a2_x: 5.16449e+11, currMod: 0.924079
currMod: 0.918342, prevMod: -1
Louvain time: 36.2769
numClusters: 203544, time: 0.20922
Next phase: 2
Memory used: 2949.12
End Structure 1290218 203544 vs 2782097
Build next level time: 10.2145
Iteration time: 46.7074
Memory used: 2949.12
e_xx: 1.56394e+08, a2_x: 5.15657e+11, currMod: 0.915022
e_xx: 1.64342e+08, a2_x: 3.45033e+11, currMod: 0.961531
e_xx: 1.65622e+08, a2_x: 3.30584e+11, currMod: 0.969025
e_xx: 1.65965e+08, a2_x: 2.81945e+11, currMod: 0.97103
e_xx: 1.66031e+08, a2_x: 3.04262e+11, currMod: 0.971418
e_xx: 1.66126e+08, a2_x: 2.84724e+11, currMod: 0.971974
e_xx: 1.66124e+08, a2_x: 2.95696e+11, currMod: 0.97196
currMod: 0.971974, prevMod: 0.918342
Louvain time: 4.24615
numClusters: 53692, time: 0.029949
Next phase: 3
Memory used: 2949.12
End Structure 544761 53692 vs 1143196
Build next level time: 0.405194
Iteration time: 4.68304
Memory used: 2949.12
e_xx: 1.66126e+08, a2_x: 2.86537e+11, currMod: 0.971944
e_xx: 1.6726e+08, a2_x: 1.19755e+11, currMod: 0.978583
e_xx: 1.67446e+08, a2_x: 9.23305e+10, currMod: 0.97967
e_xx: 1.67502e+08, a2_x: 1.02804e+11, currMod: 0.979998
e_xx: 1.67513e+08, a2_x: 6.06559e+10, currMod: 0.980066
e_xx: 1.67529e+08, a2_x: 9.93142e+10, currMod: 0.98016
e_xx: 1.67523e+08, a2_x: 6.519e+10, currMod: 0.980127
currMod: 0.98016, prevMod: 0.971974
Louvain time: 1.82727
numClusters: 24474, time: 0.008889
Next phase: 4
Memory used: 2949.12
End Structure 166178 24474 vs 356830
Build next level time: 0.146964
Iteration time: 1.98428
Memory used: 2949.12
e_xx: 1.67529e+08, a2_x: 1.01753e+11, currMod: 0.980147
e_xx: 1.67611e+08, a2_x: 1.70127e+10, currMod: 0.98063
e_xx: 1.67663e+08, a2_x: 3.95138e+10, currMod: 0.980932
e_xx: 1.67628e+08, a2_x: 2.78819e+10, currMod: 0.980729
currMod: 0.980932, prevMod: 0.98016
Louvain time: 0.40777
numClusters: 22219, time: 0.005728
Next phase: 5
Memory used: 2949.12
End Structure 93850 22219 vs 209919
Build next level time: 0.061673
Iteration time: 0.476304
Memory used: 2949.12
e_xx: 1.67663e+08, a2_x: 3.82964e+10, currMod: 0.980931
e_xx: 1.67667e+08, a2_x: 1.08579e+10, currMod: 0.980952
e_xx: 1.67667e+08, a2_x: 2.36166e+10, currMod: 0.980951
currMod: 0.980952, prevMod: 0.980932
Louvain time: 0.179942
numClusters: 22035, time: 0.005239
Next phase: 6
Memory used: 2949.12
End Structure 84347 22035 vs 190729
Build next level time: 0.043446
Iteration time: 0.229755
Memory used: 2949.12
e_xx: 1.67667e+08, a2_x: 1.1169e+10, currMod: 0.980952
e_xx: 1.67667e+08, a2_x: 1.8575e+10, currMod: 0.980952
currMod: 0.980952, prevMod: 0.980952
Louvain time: 0.112775
numClusters: 22035, time: 0.005253
Maximum degree for the graph: 524
Iteration: 0, conflicts: 0
Total number of colors used: 184
Total number of conflicts overall: 0
Number of rounds: 1
SUCCESS: No conflicts found
Number of reordered colors: 183
End position for large colors: 0, node count: 21566, largest: 21566
Node count cutoff: 4407
e_xx: 1.67706e+08, a2_x: 6.20311e+09, currMod: 0.981184
e_xx: 1.68222e+08, a2_x: 9.48701e+09, currMod: 0.984201
e_xx: 1.6827e+08, a2_x: 4.56091e+09, currMod: 0.984482
e_xx: 1.68682e+08, a2_x: -1.12195e+09, currMod: 0.98689
e_xx: 1.68706e+08, a2_x: -3.3732e+09, currMod: 0.987036
e_xx: 1.70499e+08, a2_x: -1.61109e+10, currMod: 0.997522
e_xx: 1.70629e+08, a2_x: -1.39166e+10, currMod: 0.998286
e_xx: 1.70622e+08, a2_x: -1.68221e+10, currMod: 0.998244
End Structure 623 21592 vs 22838
currMod: 0.998286, prevMod: 0.980952
numClusters: 21592
Total iteration time: 54.0808

Loop 0 <line-37> - Time 0.001243 Total energy consumed 0.038850 Ave. Power Level 31.255456
	-------- Loop 0 (sock 1 consumed 0.017865, avg temp 39.500000, final temp 40 ) ------
	-------- Loop 0 (sock 2 consumed 0.020985, avg temp 34.500000, final temp 35 ) ------
Loop 1 <line-54> - Time 0.000614 Total energy consumed 0.000000 Ave. Power Level 0.000000
	-------- Loop 1 (sock 1 consumed 0.000000, avg temp 39.500000, final temp 40 ) ------
	-------- Loop 1 (sock 2 consumed 0.000000, avg temp 34.500000, final temp 35 ) ------
Loop 2 <line-76> - Time 0.002091 Total energy consumed 0.110295 Ave. Power Level 52.738208
	-------- Loop 2 (sock 1 consumed 0.042750, avg temp 39.500000, final temp 40 ) ------
	-------- Loop 2 (sock 2 consumed 0.067545, avg temp 34.500000, final temp 35 ) ------
Loop 3 <line-170> - Time 1.618300 Total energy consumed 64.360050 Ave. Power Level 39.770159
	-------- Loop 3 (sock 1 consumed 30.839850, avg temp 39.333333, final temp 40 ) ------
	-------- Loop 3 (sock 2 consumed 33.520200, avg temp 35.000000, final temp 35 ) ------
Loop 4 <line-192> - Time 0.000417 Total energy consumed 0.000000 Ave. Power Level 0.000000
	-------- Loop 4 (sock 1 consumed 0.000000, avg temp 39.500000, final temp 40 ) ------
	-------- Loop 4 (sock 2 consumed 0.000000, avg temp 35.000000, final temp 35 ) ------
Loop 5 <line-222> - Time 0.596854 Total energy consumed 23.706990 Ave. Power Level 39.719906
	-------- Loop 5 (sock 1 consumed 12.306300, avg temp 39.500000, final temp 40 ) ------
	-------- Loop 5 (sock 2 consumed 11.400690, avg temp 33.500000, final temp 34 ) ------
Loop 6 <line-116> - Time 0.006384 Total energy consumed 0.312225 Ave. Power Level 48.909869
	-------- Loop 6 (sock 1 consumed 0.165645, avg temp 39.666667, final temp 40 ) ------
	-------- Loop 6 (sock 2 consumed 0.146580, avg temp 34.833333, final temp 35 ) ------
Loop 7 <line-334> - Time 1.307854 Total energy consumed 50.343840 Ave. Power Level 38.493468
	-------- Loop 7 (sock 1 consumed 23.768445, avg temp 39.571429, final temp 40 ) ------
	-------- Loop 7 (sock 2 consumed 26.575395, avg temp 34.714286, final temp 35 ) ------
Loop 8 <line-353> - Time 0.000599 Total energy consumed 0.038760 Ave. Power Level 64.740054
	-------- Loop 8 (sock 1 consumed 0.018630, avg temp 39.571429, final temp 40 ) ------
	-------- Loop 8 (sock 2 consumed 0.020130, avg temp 34.714286, final temp 35 ) ------
Loop 9 <line-375> - Time 0.001795 Total energy consumed 0.067710 Ave. Power Level 37.714977
	-------- Loop 9 (sock 1 consumed 0.043290, avg temp 39.571429, final temp 40 ) ------
	-------- Loop 9 (sock 2 consumed 0.024420, avg temp 34.714286, final temp 35 ) ------
Loop 10 <line-85> - Time 0.197265 Total energy consumed 8.434545 Ave. Power Level 42.757368
	-------- Loop 10 (sock 1 consumed 4.160310, avg temp 39.250000, final temp 40 ) ------
	-------- Loop 10 (sock 2 consumed 4.274235, avg temp 34.250000, final temp 35 ) ------
Loop 11 <line-131> - Time 0.015402 Total energy consumed 0.669000 Ave. Power Level 43.435145
	-------- Loop 11 (sock 1 consumed 0.321600, avg temp 39.500000, final temp 40 ) ------
	-------- Loop 11 (sock 2 consumed 0.347400, avg temp 34.000000, final temp 35 ) ------
Loop 12 <line-167> - Time 0.237296 Total energy consumed 10.088445 Ave. Power Level 42.514202
	-------- Loop 12 (sock 1 consumed 4.996470, avg temp 39.500000, final temp 40 ) ------
	-------- Loop 12 (sock 2 consumed 5.091975, avg temp 34.000000, final temp 34 ) ------
Loop 13 <line-213> - Time 25.534634 Total energy consumed 1090.277055 Ave. Power Level 42.697970
	-------- Loop 13 (sock 1 consumed 536.864325, avg temp 40.307692, final temp 41 ) ------
	-------- Loop 13 (sock 2 consumed 553.412730, avg temp 34.692308, final temp 35 ) ------
Loop 14 <line-99> - Time 10.230710 Total energy consumed 395.859315 Ave. Power Level 38.693241
	-------- Loop 14 (sock 1 consumed 187.702095, avg temp 39.666667, final temp 40 ) ------
	-------- Loop 14 (sock 2 consumed 208.157220, avg temp 34.666667, final temp 35 ) ------
Loop 15 <line-160> - Time 0.243114 Total energy consumed 9.636420 Ave. Power Level 39.637396
	-------- Loop 15 (sock 1 consumed 4.708965, avg temp 39.666667, final temp 40 ) ------
	-------- Loop 15 (sock 2 consumed 4.927455, avg temp 34.500000, final temp 35 ) ------
Loop 16 <line-269> - Time 6.731810 Total energy consumed 258.670155 Ave. Power Level 38.425054
	-------- Loop 16 (sock 1 consumed 125.900895, avg temp 39.739130, final temp 40 ) ------
	-------- Loop 16 (sock 2 consumed 132.769260, avg temp 34.739130, final temp 35 ) ------
Loop 17 <line-300> - Time 0.004649 Total energy consumed 0.230295 Ave. Power Level 49.531409
	-------- Loop 17 (sock 1 consumed 0.111555, avg temp 39.666667, final temp 40 ) ------
	-------- Loop 17 (sock 2 consumed 0.118740, avg temp 34.666667, final temp 35 ) ------
Loop 18 <line-148> - Time 0.001051 Total energy consumed 0.038940 Ave. Power Level 37.033233
	-------- Loop 18 (sock 1 consumed 0.018315, avg temp 40.000000, final temp 40 ) ------
	-------- Loop 18 (sock 2 consumed 0.020625, avg temp 35.000000, final temp 35 ) ------
Application(EnergyStat) - Time 74.612855 Total energy consumed 2982.867930 Ave. Power Level 39.977936 Final Temperature socket 1 : 40  socket 2 : 35 
	 ParallelApplication(EnergyStat) - Time 46.732084 Total energy consumed 1912.882890 Ave. Power Level 40.932968
